2017-10-25 05:00:06	worker	@987genfm;2017-10-23 - 2017-10-23;submitSocial;all;arwin
2017-10-25 05:00:09	worker	@101jakfm;2017-10-23 - 2017-10-23;submitSocial;all;arwin
2017-10-25 05:00:12	worker	@prambors;2017-10-23 - 2017-10-23;submitSocial;all;arwin
2017-10-25 05:00:15	worker	@hardrockfm;2017-10-23 - 2017-10-23;submitSocial;all;arwin
2017-10-25 05:00:17	worker	@kisfmjakarta;2017-10-23 - 2017-10-23;submitSocial;all;arwin
2017-10-25 05:00:20	worker	@delta_fm;2017-10-23 - 2017-10-23;submitSocial;all;arwin
2017-10-25 05:00:22	worker	@traxfmjkt;2017-10-23 - 2017-10-23;submitSocial;all;arwin
2017-10-25 05:00:25	worker	@iradiojakarta;2017-10-23 - 2017-10-23;submitSocial;all;arwin
2017-10-25 05:00:27	worker	@indika9160fm;2017-10-23 - 2017-10-23;submitSocial;all;arwin
2017-10-25 05:00:29	worker	@shellindonesia;2017-10-23 - 2017-10-23;submitSocial;all;arwin
2017-10-25 05:00:32	worker	@vpowerfans;2017-10-23 - 2017-10-23;submitSocial;all;arwin
2017-10-25 05:00:34	worker	@pertamaxind;2017-10-23 - 2017-10-23;submitSocial;all;arwin
2017-10-25 05:00:36	worker	@ptpertamina;2017-10-23 - 2017-10-23;submitSocial;all;arwin
2017-10-25 05:00:39	worker	@OZRadioJakarta;2017-10-23 - 2017-10-23;submitSocial;all;arwin
2017-10-25 05:00:41	worker	@CosmopolitanFM;2017-10-23 - 2017-10-23;submitSocial;all;arwin
2017-10-25 05:00:44	worker	@mustang88fm;2017-10-23 - 2017-10-23;submitSocial;all;arwin
2017-10-25 05:00:46	worker	@debabaz;2017-10-23 - 2017-10-23;submitSocial;all;arwin
2017-10-25 05:00:51	worker	@detikcom;2017-10-23 - 2017-10-23;submitSocial;all;arwin
2017-10-25 05:00:54	worker	@radioelshinta;2017-10-23 - 2017-10-23;submitSocial;all;arwin
2017-10-25 05:00:56	worker	@cinema21;2017-10-23 - 2017-10-23;submitSocial;all;arwin
2017-10-25 05:00:58	worker	@OfficialRCTI;2017-10-23 - 2017-10-23;submitSocial;all;arwin
2017-10-25 05:01:01	worker	@TRANSTV_CORP;2017-10-23 - 2017-10-23;submitSocial;all;arwin
2017-10-25 05:01:03	worker	@TRANS7;2017-10-23 - 2017-10-23;submitSocial;all;arwin
2017-10-25 05:01:07	worker	@Metro_TV;2017-10-23 - 2017-10-23;submitSocial;all;arwin
2017-10-25 05:01:10	worker	@tvOneNews;2017-10-23 - 2017-10-23;submitSocial;all;arwin
2017-10-25 05:01:12	worker	@whatsonANTV;2017-10-23 - 2017-10-23;submitSocial;all;arwin
2017-10-25 05:01:15	worker	@SCTV_;2017-10-23 - 2017-10-23;submitSocial;all;arwin
2017-10-25 05:01:18	worker	@KompasTV;2017-10-23 - 2017-10-23;submitSocial;all;arwin
2017-10-25 05:01:21	worker	@netmediatama;2017-10-23 - 2017-10-23;submitSocial;all;arwin
2017-10-25 05:01:24	worker	@Globaltvseru;2017-10-23 - 2017-10-23;submitSocial;all;arwin
2017-10-25 05:01:26	worker	@JaktvCom;2017-10-23 - 2017-10-23;submitSocial;all;arwin
2017-10-25 05:01:28	worker	@TVRINasional;2017-10-23 - 2017-10-23;submitSocial;all;arwin
2017-10-25 05:01:30	worker	@ochannelupdates;2017-10-23 - 2017-10-23;submitSocial;all;arwin
2017-10-25 05:01:35	worker	@IndosiarID;2017-10-23 - 2017-10-23;submitSocial;all;arwin
2017-10-25 05:01:40	worker	@kompascom;2017-10-23 - 2017-10-23;submitSocial;all;arwin
2017-10-25 05:01:42	worker	@merdekadotcom;2017-10-23 - 2017-10-23;submitSocial;all;arwin
2017-10-25 05:01:45	worker	@MIdotcom;2017-10-23 - 2017-10-23;submitSocial;all;arwin
2017-10-25 05:01:47	worker	@tempodotco;2017-10-23 - 2017-10-23;submitSocial;all;arwin
2017-10-25 05:01:49	worker	@motion975fm;2017-10-23 - 2017-10-23;submitSocial;all;arwin
2017-10-25 05:01:52	worker	@_radiotoday;2017-10-23 - 2017-10-23;submitSocial;all;arwin
2017-10-25 05:01:54	worker	@radioinfo;2017-10-23 - 2017-10-23;submitSocial;all;arwin
2017-10-25 05:01:56	worker	@979FeMaleRadio;2017-10-23 - 2017-10-23;submitSocial;all;arwin
2017-10-25 05:01:58	worker	@WomanRadio943FM;2017-10-23 - 2017-10-23;submitSocial;all;arwin
2017-10-25 05:02:01	worker	@VRadioFM;2017-10-23 - 2017-10-23;submitSocial;all;arwin
2017-10-25 05:02:03	worker	@UFM947;2017-10-23 - 2017-10-23;submitSocial;all;arwin
2017-10-25 05:02:06	worker	@VIVAnews;2017-10-23 - 2017-10-23;submitSocial;all;arwin
2017-10-25 05:02:08	worker	@antaranews;2017-10-23 - 2017-10-23;submitSocial;all;arwin
2017-10-25 05:02:11	worker	@tribunnews;2017-10-23 - 2017-10-23;submitSocial;all;arwin
2017-10-25 05:02:14	worker	@okezonenews;2017-10-23 - 2017-10-23;submitSocial;all;arwin
2017-10-25 05:02:17	worker	@Beritasatu;2017-10-23 - 2017-10-23;submitSocial;all;arwin
2017-10-25 05:02:19	worker	@rollingstoneina;2017-10-23 - 2017-10-23;submitSocial;all;arwin
2017-10-25 05:02:21	worker	@FIMELAdotcom;2017-10-23 - 2017-10-23;submitSocial;all;arwin
2017-10-25 05:02:24	worker	@KapanLagicom;2017-10-23 - 2017-10-23;submitSocial;all;arwin
2017-10-25 05:02:26	worker	@KompasEnt ;2017-10-23 - 2017-10-23;submitSocial;all;arwin
2017-10-25 05:02:28	worker	@HaiMagazine;2017-10-23 - 2017-10-23;submitSocial;all;arwin
2017-10-25 05:02:30	worker	@JakartaVenue;2017-10-23 - 2017-10-23;submitSocial;all;arwin
2017-10-25 05:02:33	worker	@SeputarEvent;2017-10-23 - 2017-10-23;submitSocial;all;arwin
2017-10-25 05:02:35	worker	@ismayaLive;2017-10-23 - 2017-10-23;submitSocial;all;arwin
2017-10-25 05:02:37	worker	@ECEntertainment;2017-10-23 - 2017-10-23;submitSocial;all;arwin
2017-10-25 05:02:39	worker	@synergism_En;2017-10-23 - 2017-10-23;submitSocial;all;arwin
2017-10-25 05:02:41	worker	@Urbanbandung;2017-10-23 - 2017-10-23;submitSocial;all;arwin
2017-10-25 05:02:43	worker	@Urbanrkm995;2017-10-23 - 2017-10-23;submitSocial;all;arwin
2017-10-25 05:02:45	worker	@Garuda_Promo;2017-10-23 - 2017-10-23;submitSocial;all;arwin
2017-10-25 05:02:47	worker	@AirAsiaID;2017-10-23 - 2017-10-23;submitSocial;all;arwin
2017-10-25 05:02:50	worker	@KAI121;2017-10-23 - 2017-10-23;submitSocial;all;arwin
2017-10-25 05:02:52	worker	@Unilever;2017-10-23 - 2017-10-23;submitSocial;all;arwin
2017-10-25 05:02:55	worker	@Nestle;2017-10-23 - 2017-10-23;submitSocial;all;arwin
2017-10-25 05:02:59	worker	@CocaCola;2017-10-23 - 2017-10-23;submitSocial;all;arwin
2017-10-25 05:03:07	worker	@CNN;2017-10-23 - 2017-10-23;submitSocial;all;arwin
2017-10-25 05:03:10	worker	@MTV;2017-10-23 - 2017-10-23;submitSocial;all;arwin
2017-10-25 05:03:12	worker	@channelv;2017-10-23 - 2017-10-23;submitSocial;all;arwin
2017-10-25 05:03:15	worker	@iTunesMusic;2017-10-23 - 2017-10-23;submitSocial;all;arwin
2017-10-25 05:03:18	worker	@mashable;2017-10-23 - 2017-10-23;submitSocial;all;arwin
2017-10-25 05:03:20	worker	@decacaz;2017-10-23 - 2017-10-23;submitSocial;all;arwin
2017-10-25 05:03:23	worker	@radiobaru967FM;2017-10-23 - 2017-10-23;submitSocial;all;arwin
2017-10-25 05:03:25	worker	@967HitzFM;2017-10-23 - 2017-10-23;submitSocial;all;arwin
2017-10-25 05:03:27	worker	@TVGuide;2017-10-23 - 2017-10-23;submitSocial;all;arwin
2017-10-25 05:03:29	worker	@XL123;2017-10-23 - 2017-10-23;submitSocial;all;arwin
2017-10-25 05:03:32	worker	@triindonesia;2017-10-23 - 2017-10-23;submitSocial;all;arwin
2017-10-25 05:03:35	worker	@kaskus;2017-10-23 - 2017-10-23;submitSocial;all;arwin
2017-10-25 05:03:37	worker	@Studio_XXI;2017-10-23 - 2017-10-23;submitSocial;all;arwin
2017-10-25 05:03:39	worker	@blitzmegaplex;2017-10-23 - 2017-10-23;submitSocial;all;arwin
2017-10-25 05:03:41	worker	@alfamartku;2017-10-23 - 2017-10-23;submitSocial;all;arwin
2017-10-25 05:03:43	worker	@Carrefour_ID;2017-10-23 - 2017-10-23;submitSocial;all;arwin
2017-10-25 05:03:48	worker	@BBCBreaking;2017-10-23 - 2017-10-23;submitSocial;all;arwin
2017-10-25 05:03:54	worker	@Forbes;2017-10-23 - 2017-10-23;submitSocial;all;arwin
2017-10-25 05:03:56	worker	@BensRadio;2017-10-23 - 2017-10-23;submitSocial;all;arwin
2017-10-25 05:04:04	worker	@instagram;2017-10-23 - 2017-10-23;submitSocial;all;arwin
2017-10-25 05:04:07	worker	@Pinterest;2017-10-23 - 2017-10-23;submitSocial;all;arwin
2017-10-25 05:04:14	worker	@google;2017-10-23 - 2017-10-23;submitSocial;all;arwin
2017-10-25 05:04:16	worker	@Pertaminalub;2017-10-23 - 2017-10-23;submitSocial;all;arwin
2017-10-25 05:04:18	worker	@InfoLalinTol;2017-10-23 - 2017-10-23;submitSocial;all;arwin
2017-10-25 05:04:21	worker	@PTJASAMARGA;2017-10-23 - 2017-10-23;submitSocial;all;arwin
2017-10-25 05:04:23	worker	@cititransindo;2017-10-23 - 2017-10-23;submitSocial;all;arwin
2017-10-25 05:04:25	worker	#semangatpagisuperr;2017-10-23 - 2017-10-23;submitSocial;all;arwin
2017-10-25 05:04:27	worker	#genkuisinsideout;2017-10-23 - 2017-10-23;submitSocial;all;arwin
2017-10-25 05:04:29	worker	#semangatpagi;2017-10-23 - 2017-10-23;submitSocial;all;arwin
2017-10-25 05:04:31	worker	#dikamar;2017-10-23 - 2017-10-23;submitSocial;all;arwin
2017-10-25 05:04:34	worker	#kopaja;2017-10-23 - 2017-10-23;submitSocial;all;arwin
2017-10-25 05:04:35	worker	#generaksi8;2017-10-23 - 2017-10-23;submitSocial;all;arwin
2017-10-25 05:04:38	worker	#hitztsp;2017-10-23 - 2017-10-23;submitSocial;all;arwin
2017-10-25 05:04:41	worker	#np;2017-10-23 - 2017-10-23;submitSocial;all;arwin
2017-10-25 05:04:43	worker	#hitzlivestage;2017-10-23 - 2017-10-23;submitSocial;all;arwin
2017-10-25 05:04:45	worker	#thefreaks;2017-10-23 - 2017-10-23;submitSocial;all;arwin
2017-10-25 05:04:47	worker	#hitzsirkuspagi;2017-10-23 - 2017-10-23;submitSocial;all;arwin
2017-10-25 05:04:49	worker	#hitzathlon;2017-10-23 - 2017-10-23;submitSocial;all;arwin
2017-10-25 05:04:52	worker	#hitzzombie;2017-10-23 - 2017-10-23;submitSocial;all;arwin
2017-10-25 05:04:54	worker	#hitzkalong;2017-10-23 - 2017-10-23;submitSocial;all;arwin
2017-10-25 05:04:56	worker	#hitzbebas;2017-10-23 - 2017-10-23;submitSocial;all;arwin
2017-10-25 05:04:58	worker	#hitzhorehara;2017-10-23 - 2017-10-23;submitSocial;all;arwin
2017-10-25 05:05:01	worker	@ZaloraID;2017-10-23 - 2017-10-23;submitSocial;all;arwin
2017-10-25 05:05:04	worker	@OLX_Indonesia;2017-10-23 - 2017-10-23;submitSocial;all;arwin
2017-10-25 05:05:07	worker	@LazadaID;2017-10-23 - 2017-10-23;submitSocial;all;arwin
2017-10-25 05:05:09	worker	@utrippers;2017-10-23 - 2017-10-23;submitSocial;all;arwin
2017-10-25 05:05:12	worker	@GoGobot;2017-10-23 - 2017-10-23;submitSocial;all;arwin
2017-10-25 05:05:14	worker	@viatortravel;2017-10-23 - 2017-10-23;submitSocial;all;arwin
2017-10-25 05:05:17	worker	@alandakariza;2017-10-23 - 2017-10-23;submitSocial;all;arwin
2017-10-25 05:05:19	worker	@gagasmedia;2017-10-23 - 2017-10-23;submitSocial;all;arwin
2017-10-25 05:05:22	worker	@welovehonda;2017-10-23 - 2017-10-23;submitSocial;all;arwin
2017-10-25 05:05:24	worker	@SuzukiMotorID;2017-10-23 - 2017-10-23;submitSocial;all;arwin
2017-10-25 05:05:26	worker	@kawasakilovers;2017-10-23 - 2017-10-23;submitSocial;all;arwin
2017-10-25 05:05:28	worker	@yamahaindonesia;2017-10-23 - 2017-10-23;submitSocial;all;arwin
2017-10-25 05:05:31	worker	@tripanzee;2017-10-23 - 2017-10-23;submitSocial;all;arwin
2017-10-25 05:05:33	worker	@arnoldpoernomo;2017-10-23 - 2017-10-23;submitSocial;all;arwin
2017-10-25 05:05:35	worker	@nicsap;2017-10-23 - 2017-10-23;submitSocial;all;arwin
2017-10-25 05:05:37	worker	@tiket2;2017-10-23 - 2017-10-23;submitSocial;all;arwin
2017-10-25 05:05:40	worker	@traveloka;2017-10-23 - 2017-10-23;submitSocial;all;arwin
2017-10-25 05:05:43	worker	@wego;2017-10-23 - 2017-10-23;submitSocial;all;arwin
2017-10-25 05:05:45	worker	@agoda;2017-10-23 - 2017-10-23;submitSocial;all;arwin
2017-10-25 05:05:47	worker	#salahsambung;2017-10-23 - 2017-10-23;submitSocial;all;arwin
2017-10-25 05:05:50	worker	#tulalit;2017-10-23 - 2017-10-23;submitSocial;all;arwin
2017-10-25 05:05:52	worker	#pestageneraksi8;2017-10-23 - 2017-10-23;submitSocial;all;arwin
2017-10-25 05:05:54	worker	#ganaskustik;2017-10-23 - 2017-10-23;submitSocial;all;arwin
2017-10-25 05:05:56	worker	#lnhot20;2017-10-23 - 2017-10-23;submitSocial;all;arwin
2017-10-25 05:05:58	worker	@TripAdvisor;2017-10-23 - 2017-10-23;submitSocial;all;arwin
2017-10-25 05:06:06	worker	@google;2017-10-23 - 2017-10-23;submitSocial;all;arwin
2017-10-25 05:06:10	worker	@Telkomsel;2017-10-23 - 2017-10-23;submitSocial;all;arwin
2017-10-25 05:06:13	worker	@indosat;2017-10-23 - 2017-10-23;submitSocial;all;arwin
2017-10-25 05:06:16	worker	@bahanafmjkt;2017-10-23 - 2017-10-23;submitSocial;all;2017-10-25 05:06:21	worker	@sonorafm92;2017-10-23 - 2017-10-23;submitSocial;all;arwin
2017-10-25 05:06:22	worker	@litefm1058;2017-10-23 - 2017-10-23;submitSocial;all;arwin
2017-10-25 05:06:25	worker	@Bravaradio;2017-10-23 - 2017-10-23;submitSocial;all;arwin
2017-10-25 05:06:28	worker	#dgitm;2017-10-23 - 2017-10-23;submitSocial;all;arwin
2017-10-25 05:06:30	worker	#hitsalaprambors;2017-10-23 - 2017-10-23;submitSocial;all;arwin
2017-10-25 05:06:32	worker	#reqprambors;2017-10-23 - 2017-10-23;submitSocial;all;arwin
2017-10-25 05:06:34	worker	#thedandees;2017-10-23 - 2017-10-23;submitSocial;all;arwin
2017-10-25 05:06:36	worker	#pramborsquiz;2017-10-23 - 2017-10-23;submitSocial;all;arwin
2017-10-25 05:06:38	worker	#jeliprambors;2017-10-23 - 2017-10-23;submitSocial;all;arwin
2017-10-25 05:06:40	worker	#jodohinprambors;2017-10-23 - 2017-10-23;submitSocial;all;arwin
2017-10-25 05:06:42	worker	#ubahdenganbicara;2017-10-23 - 2017-10-23;submitSocial;all;arwin
2017-10-25 05:06:44	worker	#pramborschat;2017-10-23 - 2017-10-23;submitSocial;all;arwin
2017-10-25 05:06:47	worker	#tweetforduit;2017-10-23 - 2017-10-23;submitSocial;all;arwin
2017-10-25 05:06:48	worker	#joki3in1;2017-10-23 - 2017-10-23;submitSocial;all;arwin
2017-10-25 05:06:51	worker	#sarapanseru;2017-10-23 - 2017-10-23;submitSocial;all;arwin
2017-10-25 05:06:53	worker	#rawonkaneloop;2017-10-23 - 2017-10-23;submitSocial;all;arwin
2017-10-25 05:06:55	worker	#gudegkendilkeraton;2017-10-23 - 2017-10-23;submitSocial;all;arwin
2017-10-25 05:06:57	worker	#gadogadobutika;2017-10-23 - 2017-10-23;submitSocial;all;arwin
2017-10-25 05:06:59	worker	#mtvhottest;2017-10-23 - 2017-10-23;submitSocial;all;arwin
2017-10-25 05:07:01	worker	#dimsumcjdw;2017-10-23 - 2017-10-23;submitSocial;all;arwin
2017-10-25 05:07:03	worker	#pecelmadiunmbakniek;2017-10-23 - 2017-10-23;submitSocial;all;arwin
2017-10-25 05:07:06	worker	#depotarema;2017-10-23 - 2017-10-23;submitSocial;all;arwin
2017-10-25 05:07:08	worker	@BNI46;2017-10-23 - 2017-10-23;submitSocial;all;arwin
2017-10-25 05:07:10	worker	@BANKBRI_ID;2017-10-23 - 2017-10-23;submitSocial;all;arwin
2017-10-25 05:07:12	worker	#bni46;2017-10-23 - 2017-10-23;submitSocial;all;arwin
2017-10-25 05:07:18	worker	macet;2017-10-23 - 2017-10-23;submitSocial;all;arwin
2017-10-25 05:07:20	worker	#selamatpagi;2017-10-23 - 2017-10-23;submitSocial;all;arwin
2017-10-25 05:07:22	worker	#selamatmalam;2017-10-23 - 2017-10-23;submitSocial;all;arwin
2017-10-25 05:07:24	worker	@884GlobalRadio;2017-10-23 - 2017-10-23;submitSocial;all;arwin
2017-10-25 05:07:26	worker	@day_trans;2017-10-23 - 2017-10-23;submitSocial;all;arwin
2017-10-25 05:07:29	worker	@kencanavoyage;2017-10-23 - 2017-10-23;submitSocial;all;arwin
2017-10-25 05:07:31	worker	@jukebox5d;2017-10-23 - 2017-10-23;submitSocial;all;arwin
2017-10-25 05:07:33	worker	#mtvhottest;2017-10-23 - 2017-10-23;submitSocial;all;arwin
2017-10-25 05:07:35	worker	#semangatpagi;2017-10-23 - 2017-10-23;submitSocial;all;arwin
2017-10-25 05:07:37	worker	lifebuoy;2017-10-23 - 2017-10-23;submitSocial;all;arwin
2017-10-25 05:07:44	worker	jokowi;2017-10-23 - 2017-10-23;submitSocial;all;arwin
2017-10-25 05:07:52	worker	obama;2017-10-23 - 2017-10-23;submitSocial;all;arwin
2017-10-25 05:07:55	worker	starwars;2017-10-23 - 2017-10-23;submitSocial;all;arwin
2017-10-25 05:07:58	worker	jonan;2017-10-23 - 2017-10-23;submitSocial;all;arwin
2017-10-25 05:08:07	worker	pagi;2017-10-23 - 2017-10-23;submitSocial;all;arwin
2017-10-25 05:08:10	worker	sampoerna;2017-10-23 - 2017-10-23;submitSocial;all;arwin
2017-10-25 05:08:13	worker	djarum;2017-10-23 - 2017-10-23;submitSocial;all;arwin
2017-10-25 05:08:15	worker	#semangatpagi;2017-10-23 - 2017-10-23;submitSocial;all;arwin
2017-10-25 05:08:17	worker	#generaksi8;2017-10-23 - 2017-10-23;submitSocial;all;arwin
2017-10-25 05:08:19	worker	#365alasan;2017-10-23 - 2017-10-23;submitSocial;all;arwin
2017-10-25 05:08:22	worker	weew;2017-10-23 - 2017-10-23;submitSocial;all;arwin
2017-10-25 05:08:30	worker	testing;2017-10-23 - 2017-10-23;submitSocial;all;arwin
2017-10-25 05:08:33	worker	#kopaja;2017-10-23 - 2017-10-23;submitSocial;all;arwin
2017-10-25 05:08:35	worker	#genkuisinsideout;2017-10-23 - 2017-10-23;submitSocial;all;arwin
2017-10-25 05:08:37	worker	starwars;2017-10-23 - 2017-10-23;submitSocial;all;arwin
2017-10-25 05:08:40	worker	#kopaja;2017-10-23 - 2017-10-23;submitSocial;all;arwin
2017-10-25 05:08:42	worker	mldspot;2017-10-23 - 2017-10-23;submitSocial;all;arwin
2017-10-25 05:08:45	worker	PBDjarum;2017-10-23 - 2017-10-23;submitSocial;all;arwin
2017-10-25 05:08:47	worker	TemanNabati;2017-10-23 - 2017-10-23;submitSocial;all;arwin
2017-10-25 05:08:50	worker	Nextar;2017-10-23 - 2017-10-23;submitSocial;all;arwin
2017-10-25 05:08:53	worker	jokowo;2017-10-23 - 2017-10-23;submitSocial;all;arwin
2017-10-25 05:08:56	worker	prabowo;2017-10-23 - 2017-10-23;submitSocial;all;arwin
2017-10-25 05:08:58	worker	sudirman said;2017-10-23 - 2017-10-23;submitSocial;all;arwin
2017-10-25 05:09:04	worker	ahok;2017-10-23 - 2017-10-23;submitSocial;all;arwin
2017-10-25 05:09:07	worker	setyanovanto;2017-10-23 - 2017-10-23;submitSocial;all;arwin
2017-10-25 05:09:14	worker	jokowi;2017-10-23 - 2017-10-23;submitSocial;all;arwin
2017-10-25 05:09:19	worker	ahok;2017-10-23 - 2017-10-23;submitSocial;all;arwin
2017-10-25 05:09:23	worker	prabowo;2017-10-23 - 2017-10-23;submitSocial;all;arwin
2017-10-25 05:09:25	worker	sudirman said;2017-10-23 - 2017-10-23;submitSocial;all;arwin
2017-10-25 05:09:27	worker	setyanovanto;2017-10-23 - 2017-10-23;submitSocial;all;arwin
2017-10-25 05:09:31	worker	galau;2017-10-23 - 2017-10-23;submitSocial;all;arwin
2017-10-25 05:09:33	worker	#prestasiindonesia;2017-10-23 - 2017-10-23;submitSocial;all;arwin
2017-10-25 05:09:35	worker	@Tw_Debi;2017-10-23 - 2017-10-23;submitSocial;all;arwin
2017-10-25 05:09:37	worker	@OfficialFastron;2017-10-23 - 2017-10-23;submitSocial;all;arwin
2017-10-25 05:09:40	worker	@CitibankID;2017-10-23 - 2017-10-23;submitSocial;all;arwin
2017-10-25 05:09:42	worker	@jak101fm;2017-10-23 - 2017-10-23;submitSocial;all;arwin
2017-10-25 05:09:45	worker	@genfm;2017-10-23 - 2017-10-23;submitSocial;all;arwin
