2017-04-09 05:00:05	worker	@987genfm;2017-04-07 - 2017-04-07;submitSocial;all;arwin
2017-04-09 05:00:07	worker	@101jakfm;2017-04-07 - 2017-04-07;submitSocial;all;arwin
2017-04-09 05:00:10	worker	@prambors;2017-04-07 - 2017-04-07;submitSocial;all;arwin
2017-04-09 05:00:12	worker	@hardrockfm;2017-04-07 - 2017-04-07;submitSocial;all;arwin
2017-04-09 05:00:14	worker	@kisfmjakarta;2017-04-07 - 2017-04-07;submitSocial;all;arwin
2017-04-09 05:00:17	worker	@delta_fm;2017-04-07 - 2017-04-07;submitSocial;all;arwin
2017-04-09 05:00:19	worker	@traxfmjkt;2017-04-07 - 2017-04-07;submitSocial;all;arwin
2017-04-09 05:00:21	worker	@iradiojakarta;2017-04-07 - 2017-04-07;submitSocial;all;arwin
2017-04-09 05:00:24	worker	@indika9160fm;2017-04-07 - 2017-04-07;submitSocial;all;arwin
2017-04-09 05:00:26	worker	@shellindonesia;2017-04-07 - 2017-04-07;submitSocial;all;arwin
2017-04-09 05:00:28	worker	@vpowerfans;2017-04-07 - 2017-04-07;submitSocial;all;arwin
2017-04-09 05:00:30	worker	@pertamaxind;2017-04-07 - 2017-04-07;submitSocial;all;arwin
2017-04-09 05:00:33	worker	@ptpertamina;2017-04-07 - 2017-04-07;submitSocial;all;arwin
2017-04-09 05:00:35	worker	@OZRadioJakarta;2017-04-07 - 2017-04-07;submitSocial;all;arwin
2017-04-09 05:00:37	worker	@CosmopolitanFM;2017-04-07 - 2017-04-07;submitSocial;all;arwin
2017-04-09 05:00:39	worker	@mustang88fm;2017-04-07 - 2017-04-07;submitSocial;all;arwin
2017-04-09 05:00:41	worker	@debabaz;2017-04-07 - 2017-04-07;submitSocial;all;arwin
2017-04-09 05:00:45	worker	@detikcom;2017-04-07 - 2017-04-07;submitSocial;all;arwin
2017-04-09 05:00:47	worker	@radioelshinta;2017-04-07 - 2017-04-07;submitSocial;all;arwin
2017-04-09 05:00:50	worker	@cinema21;2017-04-07 - 2017-04-07;submitSocial;all;arwin
2017-04-09 05:00:52	worker	@OfficialRCTI;2017-04-07 - 2017-04-07;submitSocial;all;arwin
2017-04-09 05:00:55	worker	@TRANSTV_CORP;2017-04-07 - 2017-04-07;submitSocial;all;arwin
2017-04-09 05:00:57	worker	@TRANS7;2017-04-07 - 2017-04-07;submitSocial;all;arwin
2017-04-09 05:01:00	worker	@Metro_TV;2017-04-07 - 2017-04-07;submitSocial;all;arwin
2017-04-09 05:01:03	worker	@tvOneNews;2017-04-07 - 2017-04-07;submitSocial;all;arwin
2017-04-09 05:01:05	worker	@whatsonANTV;2017-04-07 - 2017-04-07;submitSocial;all;arwin
2017-04-09 05:01:08	worker	@SCTV_;2017-04-07 - 2017-04-07;submitSocial;all;arwin
2017-04-09 05:01:11	worker	@KompasTV;2017-04-07 - 2017-04-07;submitSocial;all;arwin
2017-04-09 05:01:14	worker	@netmediatama;2017-04-07 - 2017-04-07;submitSocial;all;arwin
2017-04-09 05:01:16	worker	@Globaltvseru;2017-04-07 - 2017-04-07;submitSocial;all;arwin
2017-04-09 05:01:19	worker	@JaktvCom;2017-04-07 - 2017-04-07;submitSocial;all;arwin
2017-04-09 05:01:21	worker	@TVRINasional;2017-04-07 - 2017-04-07;submitSocial;all;arwin
2017-04-09 05:01:23	worker	@ochannelupdates;2017-04-07 - 2017-04-07;submitSocial;all;arwin
2017-04-09 05:01:26	worker	@IndosiarID;2017-04-07 - 2017-04-07;submitSocial;all;arwin
2017-04-09 05:01:30	worker	@kompascom;2017-04-07 - 2017-04-07;submitSocial;all;arwin
2017-04-09 05:01:32	worker	@merdekadotcom;2017-04-07 - 2017-04-07;submitSocial;all;arwin
2017-04-09 05:01:35	worker	@MIdotcom;2017-04-07 - 2017-04-07;submitSocial;all;arwin
2017-04-09 05:01:37	worker	@tempodotco;2017-04-07 - 2017-04-07;submitSocial;all;arwin
2017-04-09 05:01:39	worker	@motion975fm;2017-04-07 - 2017-04-07;submitSocial;all;arwin
2017-04-09 05:01:41	worker	@_radiotoday;2017-04-07 - 2017-04-07;submitSocial;all;arwin
2017-04-09 05:01:44	worker	@radioinfo;2017-04-07 - 2017-04-07;submitSocial;all;arwin
2017-04-09 05:01:46	worker	@979FeMaleRadio;2017-04-07 - 2017-04-07;submitSocial;all;arwin
2017-04-09 05:01:48	worker	@WomanRadio943FM;2017-04-07 - 2017-04-07;submitSocial;all;arwin
2017-04-09 05:01:50	worker	@VRadioFM;2017-04-07 - 2017-04-07;submitSocial;all;arwin
2017-04-09 05:01:52	worker	@UFM947;2017-04-07 - 2017-04-07;submitSocial;all;arwin
2017-04-09 05:01:55	worker	@VIVAnews;2017-04-07 - 2017-04-07;submitSocial;all;arwin
2017-04-09 05:01:57	worker	@antaranews;2017-04-07 - 2017-04-07;submitSocial;all;arwin
2017-04-09 05:02:00	worker	@tribunnews;2017-04-07 - 2017-04-07;submitSocial;all;arwin
2017-04-09 05:02:03	worker	@okezonenews;2017-04-07 - 2017-04-07;submitSocial;all;arwin
2017-04-09 05:02:05	worker	@Beritasatu;2017-04-07 - 2017-04-07;submitSocial;all;arwin
2017-04-09 05:02:07	worker	@rollingstoneina;2017-04-07 - 2017-04-07;submitSocial;all;arwin
2017-04-09 05:02:10	worker	@FIMELAdotcom;2017-04-07 - 2017-04-07;submitSocial;all;arwin
2017-04-09 05:02:12	worker	@KapanLagicom;2017-04-07 - 2017-04-07;submitSocial;all;arwin
2017-04-09 05:02:14	worker	@KompasEnt ;2017-04-07 - 2017-04-07;submitSocial;all;arwin
2017-04-09 05:02:16	worker	@HaiMagazine;2017-04-07 - 2017-04-07;submitSocial;all;arwin
2017-04-09 05:02:19	worker	@JakartaVenue;2017-04-07 - 2017-04-07;submitSocial;all;arwin
2017-04-09 05:02:21	worker	@SeputarEvent;2017-04-07 - 2017-04-07;submitSocial;all;arwin
2017-04-09 05:02:23	worker	@ismayaLive;2017-04-07 - 2017-04-07;submitSocial;all;arwin
2017-04-09 05:02:25	worker	@ECEntertainment;2017-04-07 - 2017-04-07;submitSocial;all;arwin
2017-04-09 05:02:27	worker	@synergism_En;2017-04-07 - 2017-04-07;submitSocial;all;arwin
2017-04-09 05:02:29	worker	@Urbanbandung;2017-04-07 - 2017-04-07;submitSocial;all;arwin
2017-04-09 05:02:31	worker	@Urbanrkm995;2017-04-07 - 2017-04-07;submitSocial;all;arwin
2017-04-09 05:02:33	worker	@Garuda_Promo;2017-04-07 - 2017-04-07;submitSocial;all;arwin
2017-04-09 05:02:36	worker	@AirAsiaID;2017-04-07 - 2017-04-07;submitSocial;all;arwin
2017-04-09 05:02:38	worker	@KAI121;2017-04-07 - 2017-04-07;submitSocial;all;arwin
2017-04-09 05:02:40	worker	@Unilever;2017-04-07 - 2017-04-07;submitSocial;all;arwin
2017-04-09 05:02:43	worker	@Nestle;2017-04-07 - 2017-04-07;submitSocial;all;arwin
2017-04-09 05:02:48	worker	@CocaCola;2017-04-07 - 2017-04-07;submitSocial;all;arwin
2017-04-09 05:02:54	worker	@CNN;2017-04-07 - 2017-04-07;submitSocial;all;arwin
2017-04-09 05:03:00	worker	@MTV;2017-04-07 - 2017-04-07;submitSocial;all;arwin
2017-04-09 05:03:02	worker	@channelv;2017-04-07 - 2017-04-07;submitSocial;all;arwin
2017-04-09 05:03:04	worker	@iTunesMusic;2017-04-07 - 2017-04-07;submitSocial;all;arwin
2017-04-09 05:03:10	worker	@mashable;2017-04-07 - 2017-04-07;submitSocial;all;arwin
2017-04-09 05:03:12	worker	@decacaz;2017-04-07 - 2017-04-07;submitSocial;all;arwin
2017-04-09 05:03:14	worker	@radiobaru967FM;2017-04-07 - 2017-04-07;submitSocial;all;arwin
2017-04-09 05:03:16	worker	@967HitzFM;2017-04-07 - 2017-04-07;submitSocial;all;arwin
2017-04-09 05:03:19	worker	@TVGuide;2017-04-07 - 2017-04-07;submitSocial;all;arwin
2017-04-09 05:03:21	worker	@XL123;2017-04-07 - 2017-04-07;submitSocial;all;arwin
2017-04-09 05:03:23	worker	@triindonesia;2017-04-07 - 2017-04-07;submitSocial;all;arwin
2017-04-09 05:03:26	worker	@kaskus;2017-04-07 - 2017-04-07;submitSocial;all;arwin
2017-04-09 05:03:28	worker	@Studio_XXI;2017-04-07 - 2017-04-07;submitSocial;all;arwin
2017-04-09 05:03:30	worker	@blitzmegaplex;2017-04-07 - 2017-04-07;submitSocial;all;arwin
2017-04-09 05:03:32	worker	@alfamartku;2017-04-07 - 2017-04-07;submitSocial;all;arwin
2017-04-09 05:03:34	worker	@Carrefour_ID;2017-04-07 - 2017-04-07;submitSocial;all;arwin
2017-04-09 05:03:39	worker	@BBCBreaking;2017-04-07 - 2017-04-07;submitSocial;all;arwin
2017-04-09 05:03:46	worker	@Forbes;2017-04-07 - 2017-04-07;submitSocial;all;arwin
2017-04-09 05:03:48	worker	@BensRadio;2017-04-07 - 2017-04-07;submitSocial;all;arwin
2017-04-09 05:03:55	worker	@instagram;2017-04-07 - 2017-04-07;submitSocial;all;arwin
2017-04-09 05:03:59	worker	@Pinterest;2017-04-07 - 2017-04-07;submitSocial;all;arwin
2017-04-09 05:04:05	worker	@google;2017-04-07 - 2017-04-07;submitSocial;all;arwin
2017-04-09 05:04:07	worker	@Pertaminalub;2017-04-07 - 2017-04-07;submitSocial;all;arwin
2017-04-09 05:04:10	worker	@InfoLalinTol;2017-04-07 - 2017-04-07;submitSocial;all;arwin
2017-04-09 05:04:12	worker	@PTJASAMARGA;2017-04-07 - 2017-04-07;submitSocial;all;arwin
2017-04-09 05:04:14	worker	@cititransindo;2017-04-07 - 2017-04-07;submitSocial;all;arwin
2017-04-09 05:04:16	worker	#semangatpagisuperr;2017-04-07 - 2017-04-07;submitSocial;all;arwin
2017-04-09 05:04:18	worker	#genkuisinsideout;2017-04-07 - 2017-04-07;submitSocial;all;arwin
2017-04-09 05:04:20	worker	#semangatpagi;2017-04-07 - 2017-04-07;submitSocial;all;arwin
2017-04-09 05:04:23	worker	#dikamar;2017-04-07 - 2017-04-07;submitSocial;all;arwin
2017-04-09 05:04:25	worker	#kopaja;2017-04-07 - 2017-04-07;submitSocial;all;arwin
2017-04-09 05:04:27	worker	#generaksi8;2017-04-07 - 2017-04-07;submitSocial;all;arwin
2017-04-09 05:04:29	worker	#hitztsp;2017-04-07 - 2017-04-07;submitSocial;all;arwin
2017-04-09 05:04:32	worker	#np;2017-04-07 - 2017-04-07;submitSocial;all;arwin
2017-04-09 05:04:34	worker	#hitzlivestage;2017-04-07 - 2017-04-07;submitSocial;all;arwin
2017-04-09 05:04:37	worker	#thefreaks;2017-04-07 - 2017-04-07;submitSocial;all;arwin
2017-04-09 05:04:39	worker	#hitzsirkuspagi;2017-04-07 - 2017-04-07;submitSocial;all;arwin
2017-04-09 05:04:41	worker	#hitzathlon;2017-04-07 - 2017-04-07;submitSocial;all;arwin
2017-04-09 05:04:43	worker	#hitzzombie;2017-04-07 - 2017-04-07;submitSocial;all;arwin
2017-04-09 05:04:45	worker	#hitzkalong;2017-04-07 - 2017-04-07;submitSocial;all;arwin
2017-04-09 05:04:47	worker	#hitzbebas;2017-04-07 - 2017-04-07;submitSocial;all;arwin
2017-04-09 05:04:50	worker	#hitzhorehara;2017-04-07 - 2017-04-07;submitSocial;all;arwin
2017-04-09 05:04:52	worker	@ZaloraID;2017-04-07 - 2017-04-07;submitSocial;all;arwin
2017-04-09 05:04:54	worker	@OLX_Indonesia;2017-04-07 - 2017-04-07;submitSocial;all;arwin
2017-04-09 05:04:57	worker	@LazadaID;2017-04-07 - 2017-04-07;submitSocial;all;arwin
2017-04-09 05:04:59	worker	@utrippers;2017-04-07 - 2017-04-07;submitSocial;all;arwin
2017-04-09 05:05:01	worker	@GoGobot;2017-04-07 - 2017-04-07;submitSocial;all;arwin
2017-04-09 05:05:04	worker	@viatortravel;2017-04-07 - 2017-04-07;submitSocial;all;arwin
2017-04-09 05:05:06	worker	@alandakariza;2017-04-07 - 2017-04-07;submitSocial;all;arwin
2017-04-09 05:05:08	worker	@gagasmedia;2017-04-07 - 2017-04-07;submitSocial;all;arwin
2017-04-09 05:05:11	worker	@welovehonda;2017-04-07 - 2017-04-07;submitSocial;all;arwin
2017-04-09 05:05:13	worker	@SuzukiMotorID;2017-04-07 - 2017-04-07;submitSocial;all;arwin
2017-04-09 05:05:15	worker	@kawasakilovers;2017-04-07 - 2017-04-07;submitSocial;all;arwin
2017-04-09 05:05:17	worker	@yamahaindonesia;2017-04-07 - 2017-04-07;submitSocial;all;arwin
2017-04-09 05:05:20	worker	@tripanzee;2017-04-07 - 2017-04-07;submitSocial;all;arwin
2017-04-09 05:05:22	worker	@arnoldpoernomo;2017-04-07 - 2017-04-07;submitSocial;all;arwin
2017-04-09 05:05:24	worker	@nicsap;2017-04-07 - 2017-04-07;submitSocial;all;arwin
2017-04-09 05:05:26	worker	@tiket2;2017-04-07 - 2017-04-07;submitSocial;all;arwin
2017-04-09 05:05:29	worker	@traveloka;2017-04-07 - 2017-04-07;submitSocial;all;arwin
2017-04-09 05:05:32	worker	@wego;2017-04-07 - 2017-04-07;submitSocial;all;arwin
2017-04-09 05:05:34	worker	@agoda;2017-04-07 - 2017-04-07;submitSocial;all;arwin
2017-04-09 05:05:37	worker	#salahsambung;2017-04-07 - 2017-04-07;submitSocial;all;arwin
2017-04-09 05:05:39	worker	#tulalit;2017-04-07 - 2017-04-07;submitSocial;all;arwin
2017-04-09 05:05:41	worker	#pestageneraksi8;2017-04-07 - 2017-04-07;submitSocial;all;arwin
2017-04-09 05:05:43	worker	#ganaskustik;2017-04-07 - 2017-04-07;submitSocial;all;arwin
2017-04-09 05:05:45	worker	#lnhot20;2017-04-07 - 2017-04-07;submitSocial;all;arwin
2017-04-09 05:05:47	worker	@TripAdvisor;2017-04-07 - 2017-04-07;submitSocial;all;arwin
2017-04-09 05:05:54	worker	@google;2017-04-07 - 2017-04-07;submitSocial;all;arwin
2017-04-09 05:05:58	worker	@Telkomsel;2017-04-07 - 2017-04-07;submitSocial;all;arwin
2017-04-09 05:06:01	worker	@indosat;2017-04-07 - 2017-04-07;submitSocial;all;arwin
2017-04-09 05:06:04	worker	@bahanafmjkt;2017-04-07 - 2017-04-07;submitSocial;all;2017-04-09 05:06:08	worker	@sonorafm92;2017-04-07 - 2017-04-07;submitSocial;all;arwin
2017-04-09 05:06:10	worker	@litefm1058;2017-04-07 - 2017-04-07;submitSocial;all;arwin
2017-04-09 05:06:12	worker	@Bravaradio;2017-04-07 - 2017-04-07;submitSocial;all;arwin
2017-04-09 05:06:15	worker	#dgitm;2017-04-07 - 2017-04-07;submitSocial;all;arwin
2017-04-09 05:06:17	worker	#hitsalaprambors;2017-04-07 - 2017-04-07;submitSocial;all;arwin
2017-04-09 05:06:19	worker	#reqprambors;2017-04-07 - 2017-04-07;submitSocial;all;arwin
2017-04-09 05:06:21	worker	#thedandees;2017-04-07 - 2017-04-07;submitSocial;all;arwin
2017-04-09 05:06:23	worker	#pramborsquiz;2017-04-07 - 2017-04-07;submitSocial;all;arwin
2017-04-09 05:06:25	worker	#jeliprambors;2017-04-07 - 2017-04-07;submitSocial;all;arwin
2017-04-09 05:06:27	worker	#jodohinprambors;2017-04-07 - 2017-04-07;submitSocial;all;arwin
2017-04-09 05:06:29	worker	#ubahdenganbicara;2017-04-07 - 2017-04-07;submitSocial;all;arwin
2017-04-09 05:06:31	worker	#pramborschat;2017-04-07 - 2017-04-07;submitSocial;all;arwin
2017-04-09 05:06:33	worker	#tweetforduit;2017-04-07 - 2017-04-07;submitSocial;all;arwin
2017-04-09 05:06:35	worker	#joki3in1;2017-04-07 - 2017-04-07;submitSocial;all;arwin
2017-04-09 05:06:38	worker	#sarapanseru;2017-04-07 - 2017-04-07;submitSocial;all;arwin
2017-04-09 05:06:40	worker	#rawonkaneloop;2017-04-07 - 2017-04-07;submitSocial;all;arwin
2017-04-09 05:06:42	worker	#gudegkendilkeraton;2017-04-07 - 2017-04-07;submitSocial;all;arwin
2017-04-09 05:06:44	worker	#gadogadobutika;2017-04-07 - 2017-04-07;submitSocial;all;arwin
2017-04-09 05:06:46	worker	#mtvhottest;2017-04-07 - 2017-04-07;submitSocial;all;arwin
2017-04-09 05:06:48	worker	#dimsumcjdw;2017-04-07 - 2017-04-07;submitSocial;all;arwin
2017-04-09 05:06:50	worker	#pecelmadiunmbakniek;2017-04-07 - 2017-04-07;submitSocial;all;arwin
2017-04-09 05:06:52	worker	#depotarema;2017-04-07 - 2017-04-07;submitSocial;all;arwin
2017-04-09 05:06:54	worker	@BNI46;2017-04-07 - 2017-04-07;submitSocial;all;arwin
2017-04-09 05:06:57	worker	@BANKBRI_ID;2017-04-07 - 2017-04-07;submitSocial;all;arwin
2017-04-09 05:06:59	worker	#bni46;2017-04-07 - 2017-04-07;submitSocial;all;arwin
2017-04-09 05:07:03	worker	macet;2017-04-07 - 2017-04-07;submitSocial;all;arwin
2017-04-09 05:07:06	worker	#selamatpagi;2017-04-07 - 2017-04-07;submitSocial;all;arwin
2017-04-09 05:07:08	worker	#selamatmalam;2017-04-07 - 2017-04-07;submitSocial;all;arwin
2017-04-09 05:07:10	worker	@884GlobalRadio;2017-04-07 - 2017-04-07;submitSocial;all;arwin
2017-04-09 05:07:12	worker	@day_trans;2017-04-07 - 2017-04-07;submitSocial;all;arwin
2017-04-09 05:07:14	worker	@kencanavoyage;2017-04-07 - 2017-04-07;submitSocial;all;arwin
2017-04-09 05:07:16	worker	@jukebox5d;2017-04-07 - 2017-04-07;submitSocial;all;arwin
2017-04-09 05:07:19	worker	#mtvhottest;2017-04-07 - 2017-04-07;submitSocial;all;arwin
2017-04-09 05:07:21	worker	#semangatpagi;2017-04-07 - 2017-04-07;submitSocial;all;arwin
2017-04-09 05:07:23	worker	lifebuoy;2017-04-07 - 2017-04-07;submitSocial;all;arwin
2017-04-09 05:07:28	worker	jokowi;2017-04-07 - 2017-04-07;submitSocial;all;arwin
2017-04-09 05:07:38	worker	obama;2017-04-07 - 2017-04-07;submitSocial;all;arwin
2017-04-09 05:07:41	worker	starwars;2017-04-07 - 2017-04-07;submitSocial;all;arwin
2017-04-09 05:07:44	worker	jonan;2017-04-07 - 2017-04-07;submitSocial;all;arwin
2017-04-09 05:07:53	worker	pagi;2017-04-07 - 2017-04-07;submitSocial;all;arwin
2017-04-09 05:07:55	worker	sampoerna;2017-04-07 - 2017-04-07;submitSocial;all;arwin
2017-04-09 05:07:58	worker	djarum;2017-04-07 - 2017-04-07;submitSocial;all;arwin
2017-04-09 05:08:00	worker	#semangatpagi;2017-04-07 - 2017-04-07;submitSocial;all;arwin
2017-04-09 05:08:02	worker	#generaksi8;2017-04-07 - 2017-04-07;submitSocial;all;arwin
2017-04-09 05:08:04	worker	#365alasan;2017-04-07 - 2017-04-07;submitSocial;all;arwin
2017-04-09 05:08:07	worker	weew;2017-04-07 - 2017-04-07;submitSocial;all;arwin
2017-04-09 05:08:16	worker	testing;2017-04-07 - 2017-04-07;submitSocial;all;arwin
2017-04-09 05:08:18	worker	#kopaja;2017-04-07 - 2017-04-07;submitSocial;all;arwin
2017-04-09 05:08:20	worker	#genkuisinsideout;2017-04-07 - 2017-04-07;submitSocial;all;arwin
2017-04-09 05:08:23	worker	starwars;2017-04-07 - 2017-04-07;submitSocial;all;arwin
2017-04-09 05:08:26	worker	#kopaja;2017-04-07 - 2017-04-07;submitSocial;all;arwin
2017-04-09 05:08:28	worker	mldspot;2017-04-07 - 2017-04-07;submitSocial;all;arwin
2017-04-09 05:08:30	worker	PBDjarum;2017-04-07 - 2017-04-07;submitSocial;all;arwin
2017-04-09 05:08:33	worker	TemanNabati;2017-04-07 - 2017-04-07;submitSocial;all;arwin
2017-04-09 05:08:36	worker	Nextar;2017-04-07 - 2017-04-07;submitSocial;all;arwin
2017-04-09 05:08:39	worker	jokowo;2017-04-07 - 2017-04-07;submitSocial;all;arwin
2017-04-09 05:08:41	worker	prabowo;2017-04-07 - 2017-04-07;submitSocial;all;arwin
2017-04-09 05:08:44	worker	sudirman said;2017-04-07 - 2017-04-07;submitSocial;all;arwin
2017-04-09 05:08:51	worker	ahok;2017-04-07 - 2017-04-07;submitSocial;all;arwin
2017-04-09 05:08:53	worker	setyanovanto;2017-04-07 - 2017-04-07;submitSocial;all;arwin
2017-04-09 05:08:58	worker	jokowi;2017-04-07 - 2017-04-07;submitSocial;all;arwin
2017-04-09 05:09:05	worker	ahok;2017-04-07 - 2017-04-07;submitSocial;all;arwin
2017-04-09 05:09:08	worker	prabowo;2017-04-07 - 2017-04-07;submitSocial;all;arwin
2017-04-09 05:09:10	worker	sudirman said;2017-04-07 - 2017-04-07;submitSocial;all;arwin
2017-04-09 05:09:13	worker	setyanovanto;2017-04-07 - 2017-04-07;submitSocial;all;arwin
2017-04-09 05:09:16	worker	galau;2017-04-07 - 2017-04-07;submitSocial;all;arwin
2017-04-09 05:09:18	worker	#prestasiindonesia;2017-04-07 - 2017-04-07;submitSocial;all;arwin
2017-04-09 05:09:21	worker	@Tw_Debi;2017-04-07 - 2017-04-07;submitSocial;all;arwin
2017-04-09 05:09:23	worker	@OfficialFastron;2017-04-07 - 2017-04-07;submitSocial;all;arwin
2017-04-09 05:09:25	worker	@CitibankID;2017-04-07 - 2017-04-07;submitSocial;all;arwin
2017-04-09 05:09:27	worker	@jak101fm;2017-04-07 - 2017-04-07;submitSocial;all;arwin
2017-04-09 05:09:30	worker	@genfm;2017-04-07 - 2017-04-07;submitSocial;all;arwin
