2018-01-11 05:00:07	worker	@987genfm;2018-01-09 - 2018-01-09;submitSocial;all;arwin
2018-01-11 05:00:10	worker	@101jakfm;2018-01-09 - 2018-01-09;submitSocial;all;arwin
2018-01-11 05:00:13	worker	@prambors;2018-01-09 - 2018-01-09;submitSocial;all;arwin
2018-01-11 05:00:16	worker	@hardrockfm;2018-01-09 - 2018-01-09;submitSocial;all;arwin
2018-01-11 05:00:18	worker	@kisfmjakarta;2018-01-09 - 2018-01-09;submitSocial;all;arwin
2018-01-11 05:00:21	worker	@delta_fm;2018-01-09 - 2018-01-09;submitSocial;all;arwin
2018-01-11 05:00:23	worker	@traxfmjkt;2018-01-09 - 2018-01-09;submitSocial;all;arwin
2018-01-11 05:00:26	worker	@iradiojakarta;2018-01-09 - 2018-01-09;submitSocial;all;arwin
2018-01-11 05:00:28	worker	@indika9160fm;2018-01-09 - 2018-01-09;submitSocial;all;arwin
2018-01-11 05:00:30	worker	@shellindonesia;2018-01-09 - 2018-01-09;submitSocial;all;arwin
2018-01-11 05:00:33	worker	@vpowerfans;2018-01-09 - 2018-01-09;submitSocial;all;arwin
2018-01-11 05:00:35	worker	@pertamaxind;2018-01-09 - 2018-01-09;submitSocial;all;arwin
2018-01-11 05:00:37	worker	@ptpertamina;2018-01-09 - 2018-01-09;submitSocial;all;arwin
2018-01-11 05:00:40	worker	@OZRadioJakarta;2018-01-09 - 2018-01-09;submitSocial;all;arwin
2018-01-11 05:00:42	worker	@CosmopolitanFM;2018-01-09 - 2018-01-09;submitSocial;all;arwin
2018-01-11 05:00:44	worker	@mustang88fm;2018-01-09 - 2018-01-09;submitSocial;all;arwin
2018-01-11 05:00:46	worker	@debabaz;2018-01-09 - 2018-01-09;submitSocial;all;arwin
2018-01-11 05:00:51	worker	@detikcom;2018-01-09 - 2018-01-09;submitSocial;all;arwin
2018-01-11 05:00:54	worker	@radioelshinta;2018-01-09 - 2018-01-09;submitSocial;all;arwin
2018-01-11 05:00:56	worker	@cinema21;2018-01-09 - 2018-01-09;submitSocial;all;arwin
2018-01-11 05:00:59	worker	@OfficialRCTI;2018-01-09 - 2018-01-09;submitSocial;all;arwin
2018-01-11 05:01:01	worker	@TRANSTV_CORP;2018-01-09 - 2018-01-09;submitSocial;all;arwin
2018-01-11 05:01:04	worker	@TRANS7;2018-01-09 - 2018-01-09;submitSocial;all;arwin
2018-01-11 05:01:07	worker	@Metro_TV;2018-01-09 - 2018-01-09;submitSocial;all;arwin
2018-01-11 05:01:09	worker	@tvOneNews;2018-01-09 - 2018-01-09;submitSocial;all;arwin
2018-01-11 05:01:12	worker	@whatsonANTV;2018-01-09 - 2018-01-09;submitSocial;all;arwin
2018-01-11 05:01:15	worker	@SCTV_;2018-01-09 - 2018-01-09;submitSocial;all;arwin
2018-01-11 05:01:17	worker	@KompasTV;2018-01-09 - 2018-01-09;submitSocial;all;arwin
2018-01-11 05:01:20	worker	@netmediatama;2018-01-09 - 2018-01-09;submitSocial;all;arwin
2018-01-11 05:01:22	worker	@Globaltvseru;2018-01-09 - 2018-01-09;submitSocial;all;arwin
2018-01-11 05:01:25	worker	@JaktvCom;2018-01-09 - 2018-01-09;submitSocial;all;arwin
2018-01-11 05:01:27	worker	@TVRINasional;2018-01-09 - 2018-01-09;submitSocial;all;arwin
2018-01-11 05:01:29	worker	@ochannelupdates;2018-01-09 - 2018-01-09;submitSocial;all;arwin
2018-01-11 05:01:32	worker	@IndosiarID;2018-01-09 - 2018-01-09;submitSocial;all;arwin
2018-01-11 05:01:37	worker	@kompascom;2018-01-09 - 2018-01-09;submitSocial;all;arwin
2018-01-11 05:01:39	worker	@merdekadotcom;2018-01-09 - 2018-01-09;submitSocial;all;arwin
2018-01-11 05:01:42	worker	@MIdotcom;2018-01-09 - 2018-01-09;submitSocial;all;arwin
2018-01-11 05:01:44	worker	@tempodotco;2018-01-09 - 2018-01-09;submitSocial;all;arwin
2018-01-11 05:01:47	worker	@motion975fm;2018-01-09 - 2018-01-09;submitSocial;all;arwin
2018-01-11 05:01:49	worker	@_radiotoday;2018-01-09 - 2018-01-09;submitSocial;all;arwin
2018-01-11 05:01:51	worker	@radioinfo;2018-01-09 - 2018-01-09;submitSocial;all;arwin
2018-01-11 05:01:54	worker	@979FeMaleRadio;2018-01-09 - 2018-01-09;submitSocial;all;arwin
2018-01-11 05:01:56	worker	@WomanRadio943FM;2018-01-09 - 2018-01-09;submitSocial;all;arwin
2018-01-11 05:01:58	worker	@VRadioFM;2018-01-09 - 2018-01-09;submitSocial;all;arwin
2018-01-11 05:02:00	worker	@UFM947;2018-01-09 - 2018-01-09;submitSocial;all;arwin
2018-01-11 05:02:03	worker	@VIVAnews;2018-01-09 - 2018-01-09;submitSocial;all;arwin
2018-01-11 05:02:06	worker	@antaranews;2018-01-09 - 2018-01-09;submitSocial;all;arwin
2018-01-11 05:02:09	worker	@tribunnews;2018-01-09 - 2018-01-09;submitSocial;all;arwin
2018-01-11 05:02:11	worker	@okezonenews;2018-01-09 - 2018-01-09;submitSocial;all;arwin
2018-01-11 05:02:14	worker	@Beritasatu;2018-01-09 - 2018-01-09;submitSocial;all;arwin
2018-01-11 05:02:16	worker	@rollingstoneina;2018-01-09 - 2018-01-09;submitSocial;all;arwin
2018-01-11 05:02:18	worker	@FIMELAdotcom;2018-01-09 - 2018-01-09;submitSocial;all;arwin
2018-01-11 05:02:21	worker	@KapanLagicom;2018-01-09 - 2018-01-09;submitSocial;all;arwin
2018-01-11 05:02:23	worker	@KompasEnt ;2018-01-09 - 2018-01-09;submitSocial;all;arwin
2018-01-11 05:02:25	worker	@HaiMagazine;2018-01-09 - 2018-01-09;submitSocial;all;arwin
2018-01-11 05:02:28	worker	@JakartaVenue;2018-01-09 - 2018-01-09;submitSocial;all;arwin
2018-01-11 05:02:30	worker	@SeputarEvent;2018-01-09 - 2018-01-09;submitSocial;all;arwin
2018-01-11 05:02:32	worker	@ismayaLive;2018-01-09 - 2018-01-09;submitSocial;all;arwin
2018-01-11 05:02:35	worker	@ECEntertainment;2018-01-09 - 2018-01-09;submitSocial;all;arwin
2018-01-11 05:02:37	worker	@synergism_En;2018-01-09 - 2018-01-09;submitSocial;all;arwin
2018-01-11 05:02:39	worker	@Urbanbandung;2018-01-09 - 2018-01-09;submitSocial;all;arwin
2018-01-11 05:02:41	worker	@Urbanrkm995;2018-01-09 - 2018-01-09;submitSocial;all;arwin
2018-01-11 05:02:43	worker	@Garuda_Promo;2018-01-09 - 2018-01-09;submitSocial;all;arwin
2018-01-11 05:02:45	worker	@AirAsiaID;2018-01-09 - 2018-01-09;submitSocial;all;arwin
2018-01-11 05:02:48	worker	@KAI121;2018-01-09 - 2018-01-09;submitSocial;all;arwin
2018-01-11 05:02:50	worker	@Unilever;2018-01-09 - 2018-01-09;submitSocial;all;arwin
2018-01-11 05:02:53	worker	@Nestle;2018-01-09 - 2018-01-09;submitSocial;all;arwin
2018-01-11 05:02:56	worker	@CocaCola;2018-01-09 - 2018-01-09;submitSocial;all;arwin
2018-01-11 05:03:05	worker	@CNN;2018-01-09 - 2018-01-09;submitSocial;all;arwin
2018-01-11 05:03:08	worker	@MTV;2018-01-09 - 2018-01-09;submitSocial;all;arwin
2018-01-11 05:03:10	worker	@channelv;2018-01-09 - 2018-01-09;submitSocial;all;arwin
2018-01-11 05:03:13	worker	@iTunesMusic;2018-01-09 - 2018-01-09;submitSocial;all;arwin
2018-01-11 05:03:17	worker	@mashable;2018-01-09 - 2018-01-09;submitSocial;all;arwin
2018-01-11 05:03:19	worker	@decacaz;2018-01-09 - 2018-01-09;submitSocial;all;arwin
2018-01-11 05:03:21	worker	@radiobaru967FM;2018-01-09 - 2018-01-09;submitSocial;all;arwin
2018-01-11 05:03:23	worker	@967HitzFM;2018-01-09 - 2018-01-09;submitSocial;all;arwin
2018-01-11 05:03:26	worker	@TVGuide;2018-01-09 - 2018-01-09;submitSocial;all;arwin
2018-01-11 05:03:28	worker	@XL123;2018-01-09 - 2018-01-09;submitSocial;all;arwin
2018-01-11 05:03:31	worker	@triindonesia;2018-01-09 - 2018-01-09;submitSocial;all;arwin
2018-01-11 05:03:33	worker	@kaskus;2018-01-09 - 2018-01-09;submitSocial;all;arwin
2018-01-11 05:03:36	worker	@Studio_XXI;2018-01-09 - 2018-01-09;submitSocial;all;arwin
2018-01-11 05:03:38	worker	@blitzmegaplex;2018-01-09 - 2018-01-09;submitSocial;all;arwin
2018-01-11 05:03:40	worker	@alfamartku;2018-01-09 - 2018-01-09;submitSocial;all;arwin
2018-01-11 05:03:42	worker	@Carrefour_ID;2018-01-09 - 2018-01-09;submitSocial;all;arwin
2018-01-11 05:03:46	worker	@BBCBreaking;2018-01-09 - 2018-01-09;submitSocial;all;arwin
2018-01-11 05:03:54	worker	@Forbes;2018-01-09 - 2018-01-09;submitSocial;all;arwin
2018-01-11 05:03:56	worker	@BensRadio;2018-01-09 - 2018-01-09;submitSocial;all;arwin
2018-01-11 05:04:03	worker	@instagram;2018-01-09 - 2018-01-09;submitSocial;all;arwin
2018-01-11 05:04:06	worker	@Pinterest;2018-01-09 - 2018-01-09;submitSocial;all;arwin
2018-01-11 05:04:15	worker	@google;2018-01-09 - 2018-01-09;submitSocial;all;arwin
2018-01-11 05:04:17	worker	@Pertaminalub;2018-01-09 - 2018-01-09;submitSocial;all;arwin
2018-01-11 05:04:20	worker	@InfoLalinTol;2018-01-09 - 2018-01-09;submitSocial;all;arwin
2018-01-11 05:04:22	worker	@PTJASAMARGA;2018-01-09 - 2018-01-09;submitSocial;all;arwin
2018-01-11 05:04:24	worker	@cititransindo;2018-01-09 - 2018-01-09;submitSocial;all;arwin
2018-01-11 05:04:26	worker	#semangatpagisuperr;2018-01-09 - 2018-01-09;submitSocial;all;arwin
2018-01-11 05:04:28	worker	#genkuisinsideout;2018-01-09 - 2018-01-09;submitSocial;all;arwin
2018-01-11 05:04:31	worker	#semangatpagi;2018-01-09 - 2018-01-09;submitSocial;all;arwin
2018-01-11 05:04:33	worker	#dikamar;2018-01-09 - 2018-01-09;submitSocial;all;arwin
2018-01-11 05:04:36	worker	#kopaja;2018-01-09 - 2018-01-09;submitSocial;all;arwin
2018-01-11 05:04:38	worker	#generaksi8;2018-01-09 - 2018-01-09;submitSocial;all;arwin
2018-01-11 05:04:40	worker	#hitztsp;2018-01-09 - 2018-01-09;submitSocial;all;arwin
2018-01-11 05:04:43	worker	#np;2018-01-09 - 2018-01-09;submitSocial;all;arwin
2018-01-11 05:04:45	worker	#hitzlivestage;2018-01-09 - 2018-01-09;submitSocial;all;arwin
2018-01-11 05:04:48	worker	#thefreaks;2018-01-09 - 2018-01-09;submitSocial;all;arwin
2018-01-11 05:04:50	worker	#hitzsirkuspagi;2018-01-09 - 2018-01-09;submitSocial;all;arwin
2018-01-11 05:04:52	worker	#hitzathlon;2018-01-09 - 2018-01-09;submitSocial;all;arwin
2018-01-11 05:04:55	worker	#hitzzombie;2018-01-09 - 2018-01-09;submitSocial;all;arwin
2018-01-11 05:04:57	worker	#hitzkalong;2018-01-09 - 2018-01-09;submitSocial;all;arwin
2018-01-11 05:04:59	worker	#hitzbebas;2018-01-09 - 2018-01-09;submitSocial;all;arwin
2018-01-11 05:05:01	worker	#hitzhorehara;2018-01-09 - 2018-01-09;submitSocial;all;arwin
2018-01-11 05:05:05	worker	@ZaloraID;2018-01-09 - 2018-01-09;submitSocial;all;arwin
2018-01-11 05:05:08	worker	@OLX_Indonesia;2018-01-09 - 2018-01-09;submitSocial;all;arwin
2018-01-11 05:05:11	worker	@LazadaID;2018-01-09 - 2018-01-09;submitSocial;all;arwin
2018-01-11 05:05:13	worker	@utrippers;2018-01-09 - 2018-01-09;submitSocial;all;arwin
2018-01-11 05:05:16	worker	@GoGobot;2018-01-09 - 2018-01-09;submitSocial;all;arwin
2018-01-11 05:05:18	worker	@viatortravel;2018-01-09 - 2018-01-09;submitSocial;all;arwin
2018-01-11 05:05:20	worker	@alandakariza;2018-01-09 - 2018-01-09;submitSocial;all;arwin
2018-01-11 05:05:23	worker	@gagasmedia;2018-01-09 - 2018-01-09;submitSocial;all;arwin
2018-01-11 05:05:25	worker	@welovehonda;2018-01-09 - 2018-01-09;submitSocial;all;arwin
2018-01-11 05:05:27	worker	@SuzukiMotorID;2018-01-09 - 2018-01-09;submitSocial;all;arwin
2018-01-11 05:05:29	worker	@kawasakilovers;2018-01-09 - 2018-01-09;submitSocial;all;arwin
2018-01-11 05:05:32	worker	@yamahaindonesia;2018-01-09 - 2018-01-09;submitSocial;all;arwin
2018-01-11 05:05:34	worker	@tripanzee;2018-01-09 - 2018-01-09;submitSocial;all;arwin
2018-01-11 05:05:36	worker	@arnoldpoernomo;2018-01-09 - 2018-01-09;submitSocial;all;arwin
2018-01-11 05:05:39	worker	@nicsap;2018-01-09 - 2018-01-09;submitSocial;all;arwin
2018-01-11 05:05:41	worker	@tiket2;2018-01-09 - 2018-01-09;submitSocial;all;arwin
2018-01-11 05:05:43	worker	@traveloka;2018-01-09 - 2018-01-09;submitSocial;all;arwin
2018-01-11 05:05:47	worker	@wego;2018-01-09 - 2018-01-09;submitSocial;all;arwin
2018-01-11 05:05:50	worker	@agoda;2018-01-09 - 2018-01-09;submitSocial;all;arwin
2018-01-11 05:05:52	worker	#salahsambung;2018-01-09 - 2018-01-09;submitSocial;all;arwin
2018-01-11 05:05:54	worker	#tulalit;2018-01-09 - 2018-01-09;submitSocial;all;arwin
2018-01-11 05:05:56	worker	#pestageneraksi8;2018-01-09 - 2018-01-09;submitSocial;all;arwin
2018-01-11 05:05:58	worker	#ganaskustik;2018-01-09 - 2018-01-09;submitSocial;all;arwin
2018-01-11 05:06:00	worker	#lnhot20;2018-01-09 - 2018-01-09;submitSocial;all;arwin
2018-01-11 05:06:03	worker	@TripAdvisor;2018-01-09 - 2018-01-09;submitSocial;all;arwin
2018-01-11 05:06:12	worker	@google;2018-01-09 - 2018-01-09;submitSocial;all;arwin
2018-01-11 05:06:16	worker	@Telkomsel;2018-01-09 - 2018-01-09;submitSocial;all;arwin
2018-01-11 05:06:18	worker	@indosat;2018-01-09 - 2018-01-09;submitSocial;all;arwin
2018-01-11 05:06:22	worker	@bahanafmjkt;2018-01-09 - 2018-01-09;submitSocial;all;2018-01-11 05:06:26	worker	@sonorafm92;2018-01-09 - 2018-01-09;submitSocial;all;arwin
2018-01-11 05:06:28	worker	@litefm1058;2018-01-09 - 2018-01-09;submitSocial;all;arwin
2018-01-11 05:06:30	worker	@Bravaradio;2018-01-09 - 2018-01-09;submitSocial;all;arwin
2018-01-11 05:06:33	worker	#dgitm;2018-01-09 - 2018-01-09;submitSocial;all;arwin
2018-01-11 05:06:35	worker	#hitsalaprambors;2018-01-09 - 2018-01-09;submitSocial;all;arwin
2018-01-11 05:06:38	worker	#reqprambors;2018-01-09 - 2018-01-09;submitSocial;all;arwin
2018-01-11 05:06:40	worker	#thedandees;2018-01-09 - 2018-01-09;submitSocial;all;arwin
2018-01-11 05:06:42	worker	#pramborsquiz;2018-01-09 - 2018-01-09;submitSocial;all;arwin
2018-01-11 05:06:44	worker	#jeliprambors;2018-01-09 - 2018-01-09;submitSocial;all;arwin
2018-01-11 05:06:46	worker	#jodohinprambors;2018-01-09 - 2018-01-09;submitSocial;all;arwin
2018-01-11 05:06:48	worker	#ubahdenganbicara;2018-01-09 - 2018-01-09;submitSocial;all;arwin
2018-01-11 05:06:51	worker	#pramborschat;2018-01-09 - 2018-01-09;submitSocial;all;arwin
2018-01-11 05:06:53	worker	#tweetforduit;2018-01-09 - 2018-01-09;submitSocial;all;arwin
2018-01-11 05:06:55	worker	#joki3in1;2018-01-09 - 2018-01-09;submitSocial;all;arwin
2018-01-11 05:06:57	worker	#sarapanseru;2018-01-09 - 2018-01-09;submitSocial;all;arwin
2018-01-11 05:06:59	worker	#rawonkaneloop;2018-01-09 - 2018-01-09;submitSocial;all;arwin
2018-01-11 05:07:01	worker	#gudegkendilkeraton;2018-01-09 - 2018-01-09;submitSocial;all;arwin
2018-01-11 05:07:04	worker	#gadogadobutika;2018-01-09 - 2018-01-09;submitSocial;all;arwin
2018-01-11 05:07:06	worker	#mtvhottest;2018-01-09 - 2018-01-09;submitSocial;all;arwin
2018-01-11 05:07:08	worker	#dimsumcjdw;2018-01-09 - 2018-01-09;submitSocial;all;arwin
2018-01-11 05:07:10	worker	#pecelmadiunmbakniek;2018-01-09 - 2018-01-09;submitSocial;all;arwin
2018-01-11 05:07:13	worker	#depotarema;2018-01-09 - 2018-01-09;submitSocial;all;arwin
2018-01-11 05:07:15	worker	@BNI46;2018-01-09 - 2018-01-09;submitSocial;all;arwin
2018-01-11 05:07:17	worker	@BANKBRI_ID;2018-01-09 - 2018-01-09;submitSocial;all;arwin
2018-01-11 05:07:19	worker	#bni46;2018-01-09 - 2018-01-09;submitSocial;all;arwin
2018-01-11 05:07:23	worker	macet;2018-01-09 - 2018-01-09;submitSocial;all;arwin
2018-01-11 05:07:25	worker	#selamatpagi;2018-01-09 - 2018-01-09;submitSocial;all;arwin
2018-01-11 05:07:28	worker	#selamatmalam;2018-01-09 - 2018-01-09;submitSocial;all;arwin
2018-01-11 05:07:30	worker	@884GlobalRadio;2018-01-09 - 2018-01-09;submitSocial;all;arwin
2018-01-11 05:07:32	worker	@day_trans;2018-01-09 - 2018-01-09;submitSocial;all;arwin
2018-01-11 05:07:34	worker	@kencanavoyage;2018-01-09 - 2018-01-09;submitSocial;all;arwin
2018-01-11 05:07:37	worker	@jukebox5d;2018-01-09 - 2018-01-09;submitSocial;all;arwin
2018-01-11 05:07:39	worker	#mtvhottest;2018-01-09 - 2018-01-09;submitSocial;all;arwin
2018-01-11 05:07:41	worker	#semangatpagi;2018-01-09 - 2018-01-09;submitSocial;all;arwin
2018-01-11 05:07:43	worker	lifebuoy;2018-01-09 - 2018-01-09;submitSocial;all;arwin
2018-01-11 05:07:50	worker	jokowi;2018-01-09 - 2018-01-09;submitSocial;all;arwin
2018-01-11 05:07:57	worker	obama;2018-01-09 - 2018-01-09;submitSocial;all;arwin
2018-01-11 05:08:00	worker	starwars;2018-01-09 - 2018-01-09;submitSocial;all;arwin
2018-01-11 05:08:04	worker	jonan;2018-01-09 - 2018-01-09;submitSocial;all;arwin
2018-01-11 05:08:13	worker	pagi;2018-01-09 - 2018-01-09;submitSocial;all;arwin
2018-01-11 05:08:15	worker	sampoerna;2018-01-09 - 2018-01-09;submitSocial;all;arwin
2018-01-11 05:08:18	worker	djarum;2018-01-09 - 2018-01-09;submitSocial;all;arwin
2018-01-11 05:08:20	worker	#semangatpagi;2018-01-09 - 2018-01-09;submitSocial;all;arwin
2018-01-11 05:08:22	worker	#generaksi8;2018-01-09 - 2018-01-09;submitSocial;all;arwin
2018-01-11 05:08:25	worker	#365alasan;2018-01-09 - 2018-01-09;submitSocial;all;arwin
2018-01-11 05:08:28	worker	weew;2018-01-09 - 2018-01-09;submitSocial;all;arwin
2018-01-11 05:08:35	worker	testing;2018-01-09 - 2018-01-09;submitSocial;all;arwin
2018-01-11 05:08:37	worker	#kopaja;2018-01-09 - 2018-01-09;submitSocial;all;arwin
2018-01-11 05:08:39	worker	#genkuisinsideout;2018-01-09 - 2018-01-09;submitSocial;all;arwin
2018-01-11 05:08:42	worker	starwars;2018-01-09 - 2018-01-09;submitSocial;all;arwin
2018-01-11 05:08:45	worker	#kopaja;2018-01-09 - 2018-01-09;submitSocial;all;arwin
2018-01-11 05:08:48	worker	mldspot;2018-01-09 - 2018-01-09;submitSocial;all;arwin
2018-01-11 05:08:50	worker	PBDjarum;2018-01-09 - 2018-01-09;submitSocial;all;arwin
2018-01-11 05:08:52	worker	TemanNabati;2018-01-09 - 2018-01-09;submitSocial;all;arwin
2018-01-11 05:08:55	worker	Nextar;2018-01-09 - 2018-01-09;submitSocial;all;arwin
2018-01-11 05:08:58	worker	jokowo;2018-01-09 - 2018-01-09;submitSocial;all;arwin
2018-01-11 05:09:02	worker	prabowo;2018-01-09 - 2018-01-09;submitSocial;all;arwin
2018-01-11 05:09:05	worker	sudirman said;2018-01-09 - 2018-01-09;submitSocial;all;arwin
2018-01-11 05:09:13	worker	ahok;2018-01-09 - 2018-01-09;submitSocial;all;arwin
2018-01-11 05:09:15	worker	setyanovanto;2018-01-09 - 2018-01-09;submitSocial;all;arwin
2018-01-11 05:09:21	worker	jokowi;2018-01-09 - 2018-01-09;submitSocial;all;arwin
2018-01-11 05:09:28	worker	ahok;2018-01-09 - 2018-01-09;submitSocial;all;arwin
2018-01-11 05:09:32	worker	prabowo;2018-01-09 - 2018-01-09;submitSocial;all;arwin
2018-01-11 05:09:35	worker	sudirman said;2018-01-09 - 2018-01-09;submitSocial;all;arwin
2018-01-11 05:09:37	worker	setyanovanto;2018-01-09 - 2018-01-09;submitSocial;all;arwin
2018-01-11 05:09:42	worker	galau;2018-01-09 - 2018-01-09;submitSocial;all;arwin
2018-01-11 05:09:44	worker	#prestasiindonesia;2018-01-09 - 2018-01-09;submitSocial;all;arwin
2018-01-11 05:09:47	worker	@Tw_Debi;2018-01-09 - 2018-01-09;submitSocial;all;arwin
2018-01-11 05:09:49	worker	@OfficialFastron;2018-01-09 - 2018-01-09;submitSocial;all;arwin
2018-01-11 05:09:51	worker	@CitibankID;2018-01-09 - 2018-01-09;submitSocial;all;arwin
2018-01-11 05:09:53	worker	@jak101fm;2018-01-09 - 2018-01-09;submitSocial;all;arwin
2018-01-11 05:09:56	worker	@genfm;2018-01-09 - 2018-01-09;submitSocial;all;arwin
2018-01-11 12:43:56	worker	michael jackson;2018-01-04 - 2018-01-10;submitSocial;all;tommy5D	michael jackson;2018-01-04 - 2018-01-10;submitSocial;all;tommy5D
2018-01-11 12:43:58	done	michael jackson;2018-01-04 - 2018-01-10;submitSocial;all;tommy5D
2018-01-11 12:44:10	worker	michael learns to rock;2018-01-04 - 2018-01-10;submitSocial;all;tommy5D	michael learns to rock;2018-01-04 - 2018-01-10;submitSocial;all;tommy5D
2018-01-11 12:44:11	done	michael learns to rock;2018-01-04 - 2018-01-10;submitSocial;all;tommy5D
2018-01-11 12:44:27	report	michael jackson!michael learns to rock;01/04/2018 - 01/10/2018;tommy5D;submitSocial	{"michael jackson":{"area":70,"medium":{"2018-01-04":28,"2018-01-05":22,"2018-01-06":2,"2018-01-07":5,"2018-01-08":2,"2018-01-09":8,"2018-01-10":3},"unique_screenname":69,"dev":{"Iphone":34,"Android":23,"Web":6,"Blackberry":0},"loc":{"Jakarta":0,"Depok":0,"Bogor":0,"Tangerang":0,"Bekasi":0},"sentimen":{"goodwords":0,"badwords":0,"netral":100}},"michael learns to rock":{"area":2,"medium":{"2018-01-04":0,"2018-01-05":0,"2018-01-06":0,"2018-01-07":0,"2018-01-08":0,"2018-01-09":2,"2018-01-10":0},"unique_screenname":2,"dev":{"Iphone":0,"Android":2,"Web":0,"Blackberry":0},"loc":{"Jakarta":0,"Depok":0,"Bogor":0,"Tangerang":0,"Bekasi":0},"sentimen":{"goodwords":0,"badwords":0,"netral":100}}}
2018-01-11 12:49:42	worker	dedi mulyadi from jabar;2018-01-04 - 2018-01-10;submitAdvanced;all;tommy5D	dedi mulyadi from jabar;2018-01-04 - 2018-01-10;submitAdvanced;all;tommy5D
2018-01-11 12:49:42	done	dedi mulyadi from jabar;2018-01-04 - 2018-01-10;submitAdvanced;all;tommy5D
2018-01-11 12:49:55	worker	ridwan kamil from jabar;2018-01-04 - 2018-01-10;submitAdvanced;all;tommy5D	ridwan kamil from jabar;2018-01-04 - 2018-01-10;submitAdvanced;all;tommy5D
2018-01-11 12:49:57	done	ridwan kamil from jabar;2018-01-04 - 2018-01-10;submitAdvanced;all;tommy5D
2018-01-11 12:50:12	worker	sudrajat from jabar;2018-01-04 - 2018-01-10;submitAdvanced;all;tommy5D	sudrajat from jabar;2018-01-04 - 2018-01-10;submitAdvanced;all;tommy5D
2018-01-11 12:50:14	done	sudrajat from jabar;2018-01-04 - 2018-01-10;submitAdvanced;all;tommy5D
2018-01-11 12:51:10	report	Dedi Mulyadi From jabar!Ridwan Kamil From jabar!Sudrajat From jabar;01/04/2018 - 01/10/2018;tommy5D;submitAdvanced	{"Dedi Mulyadi From jabar":{"area":26,"medium":{"2018-01-04":1,"2018-01-05":6,"2018-01-06":6,"2018-01-07":3,"2018-01-08":3,"2018-01-09":5,"2018-01-10":2},"unique_screenname":24,"dev":{"Iphone":1,"Android":19,"Web":2,"Blackberry":0},"loc":{"Jakarta":4,"Depok":1,"Bogor":2,"Tangerang":0,"Bekasi":0},"sentimen":{"goodwords":0,"badwords":0,"netral":100}},"Ridwan Kamil From jabar":{"area":114,"medium":{"2018-01-04":3,"2018-01-05":13,"2018-01-06":64,"2018-01-07":22,"2018-01-08":1,"2018-01-09":3,"2018-01-10":8},"unique_screenname":108,"dev":{"Iphone":11,"Android":86,"Web":4,"Blackberry":0},"loc":{"Jakarta":13,"Depok":1,"Bogor":2,"Tangerang":2,"Bekasi":1},"sentimen":{"goodwords":0,"badwords":0,"netral":100}},"Sudrajat From jabar":{"area":333,"medium":{"2018-01-04":10,"2018-01-05":5,"2018-01-06":87,"2018-01-07":183,"2018-01-08":13,"2018-01-09":21,"2018-01-10":14},"unique_screenname":190,"dev":{"Iphone":33,"Android":261,"Web":9,"Blackberry":1},"loc":{"Jakarta":67,"Depok":1,"Bogor":3,"Tangerang":2,"Bekasi":2},"sentimen":{"goodwords":0.12,"badwords":0.02,"netral":99.86}}}
2018-01-11 13:02:06	worker	padi;2017-12-01 - 2017-12-30;submitSocial;all;tommy5D	padi;2017-12-01 - 2017-12-30;submitSocial;all;tommy5D
2018-01-11 13:02:07	done	padi;2017-12-01 - 2017-12-30;submitSocial;all;tommy5D
2018-01-11 13:03:28	worker	dewa 19;2017-12-01 - 2017-12-30;submitSocial;all;tommy5D	dewa 19;2017-12-01 - 2017-12-30;submitSocial;all;tommy5D
2018-01-11 13:03:30	done	dewa 19;2017-12-01 - 2017-12-30;submitSocial;all;tommy5D
2018-01-11 13:04:59	worker	slank;2017-12-01 - 2017-12-30;submitSocial;all;tommy5D	slank;2017-12-01 - 2017-12-30;submitSocial;all;tommy5D
2018-01-11 13:04:59	done	slank;2017-12-01 - 2017-12-30;submitSocial;all;tommy5D
2018-01-11 13:06:36	worker	iwan fals;2017-12-01 - 2017-12-30;submitSocial;all;tommy5D	iwan fals;2017-12-01 - 2017-12-30;submitSocial;all;tommy5D
2018-01-11 13:06:37	done	iwan fals;2017-12-01 - 2017-12-30;submitSocial;all;tommy5D
2018-01-11 13:07:58	worker	sheila on 7;2017-12-01 - 2017-12-30;submitSocial;all;tommy5D	sheila on 7;2017-12-01 - 2017-12-30;submitSocial;all;tommy5D
2018-01-11 13:08:00	done	sheila on 7;2017-12-01 - 2017-12-30;submitSocial;all;tommy5D
2018-01-11 13:13:21	report	padi!dewa 19!slank!iwan fals!sheila on 7;12/01/2017 - 12/30/2017;tommy5D;submitSocial	{"padi":{"area":326,"medium":{"2017-12-01":4,"2017-12-02":7,"2017-12-03":8,"2017-12-04":5,"2017-12-05":38,"2017-12-06":12,"2017-12-07":4,"2017-12-08":17,"2017-12-09":6,"2017-12-10":5,"2017-12-11":3,"2017-12-12":4,"2017-12-13":4,"2017-12-14":10,"2017-12-15":7,"2017-12-16":22,"2017-12-17":10,"2017-12-18":13,"2017-12-19":5,"2017-12-20":9,"2017-12-21":2,"2017-12-22":3,"2017-12-23":12,"2017-12-24":5,"2017-12-25":9,"2017-12-26":4,"2017-12-27":4,"2017-12-28":10,"2017-12-29":47,"2017-12-30":37},"unique_screenname":313,"dev":{"Iphone":18,"Android":208,"Web":32,"Blackberry":2},"loc":{"Jakarta":31,"Depok":4,"Bogor":2,"Tangerang":1,"Bekasi":4},"sentimen":{"goodwords":0.1,"badwords":0.03,"netral":99.88}},"dewa 19":{"area":8,"medium":{"2017-12-01":1,"2017-12-02":0,"2017-12-03":0,"2017-12-04":0,"2017-12-05":0,"2017-12-06":0,"2017-12-07":0,"2017-12-08":0,"2017-12-09":1,"2017-12-10":0,"2017-12-11":0,"2017-12-12":0,"2017-12-13":0,"2017-12-14":0,"2017-12-15":0,"2017-12-16":0,"2017-12-17":0,"2017-12-18":0,"2017-12-19":0,"2017-12-20":0,"2017-12-21":2,"2017-12-22":0,"2017-12-23":0,"2017-12-24":0,"2017-12-25":0,"2017-12-26":4,"2017-12-27":0,"2017-12-28":0,"2017-12-29":0,"2017-12-30":0},"unique_screenname":7,"dev":{"Iphone":1,"Android":5,"Web":1,"Blackberry":0},"loc":{"Jakarta":4,"Depok":0,"Bogor":0,"Tangerang":0,"Bekasi":0},"sentimen":{"goodwords":0.01,"badwords":0.01,"netral":99.99}},"slank":{"area":362,"medium":{"2017-12-01":3,"2017-12-02":4,"2017-12-03":0,"2017-12-04":3,"2017-12-05":7,"2017-12-06":1,"2017-12-07":0,"2017-12-08":0,"2017-12-09":2,"2017-12-10":2,"2017-12-11":0,"2017-12-12":3,"2017-12-13":3,"2017-12-14":3,"2017-12-15":88,"2017-12-16":67,"2017-12-17":14,"2017-12-18":12,"2017-12-19":10,"2017-12-20":6,"2017-12-21":2,"2017-12-22":6,"2017-12-23":3,"2017-12-24":6,"2017-12-25":1,"2017-12-26":26,"2017-12-27":64,"2017-12-28":15,"2017-12-29":4,"2017-12-30":7},"unique_screenname":307,"dev":{"Iphone":21,"Android":261,"Web":23,"Blackberry":1},"loc":{"Jakarta":59,"Depok":1,"Bogor":12,"Tangerang":8,"Bekasi":10},"sentimen":{"goodwords":0.12,"badwords":0.01,"netral":99.87}},"iwan fals":{"area":54,"medium":{"2017-12-01":1,"2017-12-02":2,"2017-12-03":0,"2017-12-04":2,"2017-12-05":2,"2017-12-06":4,"2017-12-07":1,"2017-12-08":1,"2017-12-09":0,"2017-12-10":0,"2017-12-11":0,"2017-12-12":1,"2017-12-13":1,"2017-12-14":0,"2017-12-15":2,"2017-12-16":3,"2017-12-17":2,"2017-12-18":2,"2017-12-19":7,"2017-12-20":1,"2017-12-21":4,"2017-12-22":3,"2017-12-23":1,"2017-12-24":0,"2017-12-25":1,"2017-12-26":1,"2017-12-27":0,"2017-12-28":0,"2017-12-29":2,"2017-12-30":10},"unique_screenname":52,"dev":{"Iphone":1,"Android":24,"Web":4,"Blackberry":0},"loc":{"Jakarta":14,"Depok":0,"Bogor":1,"Tangerang":2,"Bekasi":0},"sentimen":{"goodwords":0.02,"badwords":0,"netral":99.98}},"sheila on 7":{"area":50,"medium":{"2017-12-01":2,"2017-12-02":1,"2017-12-03":0,"2017-12-04":0,"2017-12-05":1,"2017-12-06":0,"2017-12-07":10,"2017-12-08":1,"2017-12-09":0,"2017-12-10":0,"2017-12-11":3,"2017-12-12":0,"2017-12-13":1,"2017-12-14":1,"2017-12-15":1,"2017-12-16":1,"2017-12-17":1,"2017-12-18":1,"2017-12-19":2,"2017-12-20":1,"2017-12-21":11,"2017-12-22":2,"2017-12-23":0,"2017-12-24":0,"2017-12-25":3,"2017-12-26":6,"2017-12-27":0,"2017-12-28":0,"2017-12-29":0,"2017-12-30":1},"unique_screenname":48,"dev":{"Iphone":2,"Android":34,"Web":6,"Blackberry":0},"loc":{"Jakarta":10,"Depok":1,"Bogor":1,"Tangerang":1,"Bekasi":0},"sentimen":{"goodwords":0.02,"badwords":0.01,"netral":99.97}}}
