2017-02-05 05:00:11	worker	@987genfm;2017-02-03 - 2017-02-03;submitSocial;all;arwin
2017-02-05 05:00:13	worker	@101jakfm;2017-02-03 - 2017-02-03;submitSocial;all;arwin
2017-02-05 05:00:16	worker	@prambors;2017-02-03 - 2017-02-03;submitSocial;all;arwin
2017-02-05 05:00:18	worker	@hardrockfm;2017-02-03 - 2017-02-03;submitSocial;all;arwin
2017-02-05 05:00:20	worker	@kisfmjakarta;2017-02-03 - 2017-02-03;submitSocial;all;arwin
2017-02-05 05:00:22	worker	@delta_fm;2017-02-03 - 2017-02-03;submitSocial;all;arwin
2017-02-05 05:00:25	worker	@traxfmjkt;2017-02-03 - 2017-02-03;submitSocial;all;arwin
2017-02-05 05:00:27	worker	@iradiojakarta;2017-02-03 - 2017-02-03;submitSocial;all;arwin
2017-02-05 05:00:29	worker	@indika9160fm;2017-02-03 - 2017-02-03;submitSocial;all;arwin
2017-02-05 05:00:31	worker	@shellindonesia;2017-02-03 - 2017-02-03;submitSocial;all;arwin
2017-02-05 05:00:33	worker	@vpowerfans;2017-02-03 - 2017-02-03;submitSocial;all;arwin
2017-02-05 05:00:35	worker	@pertamaxind;2017-02-03 - 2017-02-03;submitSocial;all;arwin
2017-02-05 05:00:38	worker	@ptpertamina;2017-02-03 - 2017-02-03;submitSocial;all;arwin
2017-02-05 05:00:40	worker	@OZRadioJakarta;2017-02-03 - 2017-02-03;submitSocial;all;arwin
2017-02-05 05:00:42	worker	@CosmopolitanFM;2017-02-03 - 2017-02-03;submitSocial;all;arwin
2017-02-05 05:00:44	worker	@mustang88fm;2017-02-03 - 2017-02-03;submitSocial;all;arwin
2017-02-05 05:00:46	worker	@debabaz;2017-02-03 - 2017-02-03;submitSocial;all;arwin
2017-02-05 05:00:49	worker	@detikcom;2017-02-03 - 2017-02-03;submitSocial;all;arwin
2017-02-05 05:00:52	worker	@radioelshinta;2017-02-03 - 2017-02-03;submitSocial;all;arwin
2017-02-05 05:00:54	worker	@cinema21;2017-02-03 - 2017-02-03;submitSocial;all;arwin
2017-02-05 05:00:57	worker	@OfficialRCTI;2017-02-03 - 2017-02-03;submitSocial;all;arwin
2017-02-05 05:00:59	worker	@TRANSTV_CORP;2017-02-03 - 2017-02-03;submitSocial;all;arwin
2017-02-05 05:01:01	worker	@TRANS7;2017-02-03 - 2017-02-03;submitSocial;all;arwin
2017-02-05 05:01:05	worker	@Metro_TV;2017-02-03 - 2017-02-03;submitSocial;all;arwin
2017-02-05 05:01:07	worker	@tvOneNews;2017-02-03 - 2017-02-03;submitSocial;all;arwin
2017-02-05 05:01:09	worker	@whatsonANTV;2017-02-03 - 2017-02-03;submitSocial;all;arwin
2017-02-05 05:01:12	worker	@SCTV_;2017-02-03 - 2017-02-03;submitSocial;all;arwin
2017-02-05 05:01:15	worker	@KompasTV;2017-02-03 - 2017-02-03;submitSocial;all;arwin
2017-02-05 05:01:18	worker	@netmediatama;2017-02-03 - 2017-02-03;submitSocial;all;arwin
2017-02-05 05:01:20	worker	@Globaltvseru;2017-02-03 - 2017-02-03;submitSocial;all;arwin
2017-02-05 05:01:22	worker	@JaktvCom;2017-02-03 - 2017-02-03;submitSocial;all;arwin
2017-02-05 05:01:24	worker	@TVRINasional;2017-02-03 - 2017-02-03;submitSocial;all;arwin
2017-02-05 05:01:26	worker	@ochannelupdates;2017-02-03 - 2017-02-03;submitSocial;all;arwin
2017-02-05 05:01:29	worker	@IndosiarID;2017-02-03 - 2017-02-03;submitSocial;all;arwin
2017-02-05 05:01:32	worker	@kompascom;2017-02-03 - 2017-02-03;submitSocial;all;arwin
2017-02-05 05:01:35	worker	@merdekadotcom;2017-02-03 - 2017-02-03;submitSocial;all;arwin
2017-02-05 05:01:37	worker	@MIdotcom;2017-02-03 - 2017-02-03;submitSocial;all;arwin
2017-02-05 05:01:39	worker	@tempodotco;2017-02-03 - 2017-02-03;submitSocial;all;arwin
2017-02-05 05:01:41	worker	@motion975fm;2017-02-03 - 2017-02-03;submitSocial;all;arwin
2017-02-05 05:01:43	worker	@_radiotoday;2017-02-03 - 2017-02-03;submitSocial;all;arwin
2017-02-05 05:01:46	worker	@radioinfo;2017-02-03 - 2017-02-03;submitSocial;all;arwin
2017-02-05 05:01:48	worker	@979FeMaleRadio;2017-02-03 - 2017-02-03;submitSocial;all;arwin
2017-02-05 05:01:50	worker	@WomanRadio943FM;2017-02-03 - 2017-02-03;submitSocial;all;arwin
2017-02-05 05:01:52	worker	@VRadioFM;2017-02-03 - 2017-02-03;submitSocial;all;arwin
2017-02-05 05:01:54	worker	@UFM947;2017-02-03 - 2017-02-03;submitSocial;all;arwin
2017-02-05 05:01:56	worker	@VIVAnews;2017-02-03 - 2017-02-03;submitSocial;all;arwin
2017-02-05 05:01:58	worker	@antaranews;2017-02-03 - 2017-02-03;submitSocial;all;arwin
2017-02-05 05:02:01	worker	@tribunnews;2017-02-03 - 2017-02-03;submitSocial;all;arwin
2017-02-05 05:02:04	worker	@okezonenews;2017-02-03 - 2017-02-03;submitSocial;all;arwin
2017-02-05 05:02:06	worker	@Beritasatu;2017-02-03 - 2017-02-03;submitSocial;all;arwin
2017-02-05 05:02:08	worker	@rollingstoneina;2017-02-03 - 2017-02-03;submitSocial;all;arwin
2017-02-05 05:02:11	worker	@FIMELAdotcom;2017-02-03 - 2017-02-03;submitSocial;all;arwin
2017-02-05 05:02:13	worker	@KapanLagicom;2017-02-03 - 2017-02-03;submitSocial;all;arwin
2017-02-05 05:02:15	worker	@KompasEnt ;2017-02-03 - 2017-02-03;submitSocial;all;arwin
2017-02-05 05:02:17	worker	@HaiMagazine;2017-02-03 - 2017-02-03;submitSocial;all;arwin
2017-02-05 05:02:19	worker	@JakartaVenue;2017-02-03 - 2017-02-03;submitSocial;all;arwin
2017-02-05 05:02:21	worker	@SeputarEvent;2017-02-03 - 2017-02-03;submitSocial;all;arwin
2017-02-05 05:02:23	worker	@ismayaLive;2017-02-03 - 2017-02-03;submitSocial;all;arwin
2017-02-05 05:02:25	worker	@ECEntertainment;2017-02-03 - 2017-02-03;submitSocial;all;arwin
2017-02-05 05:02:27	worker	@synergism_En;2017-02-03 - 2017-02-03;submitSocial;all;arwin
2017-02-05 05:02:29	worker	@Urbanbandung;2017-02-03 - 2017-02-03;submitSocial;all;arwin
2017-02-05 05:02:31	worker	@Urbanrkm995;2017-02-03 - 2017-02-03;submitSocial;all;arwin
2017-02-05 05:02:33	worker	@Garuda_Promo;2017-02-03 - 2017-02-03;submitSocial;all;arwin
2017-02-05 05:02:35	worker	@AirAsiaID;2017-02-03 - 2017-02-03;submitSocial;all;arwin
2017-02-05 05:02:38	worker	@KAI121;2017-02-03 - 2017-02-03;submitSocial;all;arwin
2017-02-05 05:02:40	worker	@Unilever;2017-02-03 - 2017-02-03;submitSocial;all;arwin
2017-02-05 05:02:43	worker	@Nestle;2017-02-03 - 2017-02-03;submitSocial;all;arwin
2017-02-05 05:02:46	worker	@CocaCola;2017-02-03 - 2017-02-03;submitSocial;all;arwin
2017-02-05 05:02:53	worker	@CNN;2017-02-03 - 2017-02-03;submitSocial;all;arwin
2017-02-05 05:02:57	worker	@MTV;2017-02-03 - 2017-02-03;submitSocial;all;arwin
2017-02-05 05:02:58	worker	@channelv;2017-02-03 - 2017-02-03;submitSocial;all;arwin
2017-02-05 05:03:01	worker	@iTunesMusic;2017-02-03 - 2017-02-03;submitSocial;all;arwin
2017-02-05 05:03:05	worker	@mashable;2017-02-03 - 2017-02-03;submitSocial;all;arwin
2017-02-05 05:03:07	worker	@decacaz;2017-02-03 - 2017-02-03;submitSocial;all;arwin
2017-02-05 05:03:09	worker	@radiobaru967FM;2017-02-03 - 2017-02-03;submitSocial;all;arwin
2017-02-05 05:03:11	worker	@967HitzFM;2017-02-03 - 2017-02-03;submitSocial;all;arwin
2017-02-05 05:03:14	worker	@TVGuide;2017-02-03 - 2017-02-03;submitSocial;all;arwin
2017-02-05 05:03:16	worker	@XL123;2017-02-03 - 2017-02-03;submitSocial;all;arwin
2017-02-05 05:03:18	worker	@triindonesia;2017-02-03 - 2017-02-03;submitSocial;all;arwin
2017-02-05 05:03:21	worker	@kaskus;2017-02-03 - 2017-02-03;submitSocial;all;arwin
2017-02-05 05:03:23	worker	@Studio_XXI;2017-02-03 - 2017-02-03;submitSocial;all;arwin
2017-02-05 05:03:25	worker	@blitzmegaplex;2017-02-03 - 2017-02-03;submitSocial;all;arwin
2017-02-05 05:03:27	worker	@alfamartku;2017-02-03 - 2017-02-03;submitSocial;all;arwin
2017-02-05 05:03:29	worker	@Carrefour_ID;2017-02-03 - 2017-02-03;submitSocial;all;arwin
2017-02-05 05:03:32	worker	@BBCBreaking;2017-02-03 - 2017-02-03;submitSocial;all;arwin
2017-02-05 05:03:40	worker	@Forbes;2017-02-03 - 2017-02-03;submitSocial;all;arwin
2017-02-05 05:03:43	worker	@BensRadio;2017-02-03 - 2017-02-03;submitSocial;all;arwin
2017-02-05 05:03:48	worker	@instagram;2017-02-03 - 2017-02-03;submitSocial;all;arwin
2017-02-05 05:03:51	worker	@Pinterest;2017-02-03 - 2017-02-03;submitSocial;all;arwin
2017-02-05 05:03:57	worker	@google;2017-02-03 - 2017-02-03;submitSocial;all;arwin
2017-02-05 05:03:59	worker	@Pertaminalub;2017-02-03 - 2017-02-03;submitSocial;all;arwin
2017-02-05 05:04:01	worker	@InfoLalinTol;2017-02-03 - 2017-02-03;submitSocial;all;arwin
2017-02-05 05:04:03	worker	@PTJASAMARGA;2017-02-03 - 2017-02-03;submitSocial;all;arwin
2017-02-05 05:04:05	worker	@cititransindo;2017-02-03 - 2017-02-03;submitSocial;all;arwin
2017-02-05 05:04:07	worker	#semangatpagisuperr;2017-02-03 - 2017-02-03;submitSocial;all;arwin
2017-02-05 05:04:09	worker	#genkuisinsideout;2017-02-03 - 2017-02-03;submitSocial;all;arwin
2017-02-05 05:04:11	worker	#semangatpagi;2017-02-03 - 2017-02-03;submitSocial;all;arwin
2017-02-05 05:04:13	worker	#dikamar;2017-02-03 - 2017-02-03;submitSocial;all;arwin
2017-02-05 05:04:16	worker	#kopaja;2017-02-03 - 2017-02-03;submitSocial;all;arwin
2017-02-05 05:04:17	worker	#generaksi8;2017-02-03 - 2017-02-03;submitSocial;all;arwin
2017-02-05 05:04:20	worker	#hitztsp;2017-02-03 - 2017-02-03;submitSocial;all;arwin
2017-02-05 05:04:23	worker	#np;2017-02-03 - 2017-02-03;submitSocial;all;arwin
2017-02-05 05:04:25	worker	#hitzlivestage;2017-02-03 - 2017-02-03;submitSocial;all;arwin
2017-02-05 05:04:27	worker	#thefreaks;2017-02-03 - 2017-02-03;submitSocial;all;arwin
2017-02-05 05:04:29	worker	#hitzsirkuspagi;2017-02-03 - 2017-02-03;submitSocial;all;arwin
2017-02-05 05:04:31	worker	#hitzathlon;2017-02-03 - 2017-02-03;submitSocial;all;arwin
2017-02-05 05:04:33	worker	#hitzzombie;2017-02-03 - 2017-02-03;submitSocial;all;arwin
2017-02-05 05:04:35	worker	#hitzkalong;2017-02-03 - 2017-02-03;submitSocial;all;arwin
2017-02-05 05:04:37	worker	#hitzbebas;2017-02-03 - 2017-02-03;submitSocial;all;arwin
2017-02-05 05:04:39	worker	#hitzhorehara;2017-02-03 - 2017-02-03;submitSocial;all;arwin
2017-02-05 05:04:42	worker	@ZaloraID;2017-02-03 - 2017-02-03;submitSocial;all;arwin
2017-02-05 05:04:44	worker	@OLX_Indonesia;2017-02-03 - 2017-02-03;submitSocial;all;arwin
2017-02-05 05:04:46	worker	@LazadaID;2017-02-03 - 2017-02-03;submitSocial;all;arwin
2017-02-05 05:04:48	worker	@utrippers;2017-02-03 - 2017-02-03;submitSocial;all;arwin
2017-02-05 05:04:50	worker	@GoGobot;2017-02-03 - 2017-02-03;submitSocial;all;arwin
2017-02-05 05:04:53	worker	@viatortravel;2017-02-03 - 2017-02-03;submitSocial;all;arwin
2017-02-05 05:04:55	worker	@alandakariza;2017-02-03 - 2017-02-03;submitSocial;all;arwin
2017-02-05 05:04:57	worker	@gagasmedia;2017-02-03 - 2017-02-03;submitSocial;all;arwin
2017-02-05 05:04:59	worker	@welovehonda;2017-02-03 - 2017-02-03;submitSocial;all;arwin
2017-02-05 05:05:01	worker	@SuzukiMotorID;2017-02-03 - 2017-02-03;submitSocial;all;arwin
2017-02-05 05:05:04	worker	@kawasakilovers;2017-02-03 - 2017-02-03;submitSocial;all;arwin
2017-02-05 05:05:06	worker	@yamahaindonesia;2017-02-03 - 2017-02-03;submitSocial;all;arwin
2017-02-05 05:05:08	worker	@tripanzee;2017-02-03 - 2017-02-03;submitSocial;all;arwin
2017-02-05 05:05:10	worker	@arnoldpoernomo;2017-02-03 - 2017-02-03;submitSocial;all;arwin
2017-02-05 05:05:13	worker	@nicsap;2017-02-03 - 2017-02-03;submitSocial;all;arwin
2017-02-05 05:05:15	worker	@tiket2;2017-02-03 - 2017-02-03;submitSocial;all;arwin
2017-02-05 05:05:17	worker	@traveloka;2017-02-03 - 2017-02-03;submitSocial;all;arwin
2017-02-05 05:05:20	worker	@wego;2017-02-03 - 2017-02-03;submitSocial;all;arwin
2017-02-05 05:05:22	worker	@agoda;2017-02-03 - 2017-02-03;submitSocial;all;arwin
2017-02-05 05:05:24	worker	#salahsambung;2017-02-03 - 2017-02-03;submitSocial;all;arwin
2017-02-05 05:05:27	worker	#tulalit;2017-02-03 - 2017-02-03;submitSocial;all;arwin
2017-02-05 05:05:28	worker	#pestageneraksi8;2017-02-03 - 2017-02-03;submitSocial;all;arwin
2017-02-05 05:05:30	worker	#ganaskustik;2017-02-03 - 2017-02-03;submitSocial;all;arwin
2017-02-05 05:05:32	worker	#lnhot20;2017-02-03 - 2017-02-03;submitSocial;all;arwin
2017-02-05 05:05:34	worker	@TripAdvisor;2017-02-03 - 2017-02-03;submitSocial;all;arwin
2017-02-05 05:05:40	worker	@google;2017-02-03 - 2017-02-03;submitSocial;all;arwin
2017-02-05 05:05:43	worker	@Telkomsel;2017-02-03 - 2017-02-03;submitSocial;all;arwin
2017-02-05 05:05:45	worker	@indosat;2017-02-03 - 2017-02-03;submitSocial;all;arwin
2017-02-05 05:05:48	worker	@bahanafmjkt;2017-02-03 - 2017-02-03;submitSocial;all;2017-02-05 05:05:52	worker	@sonorafm92;2017-02-03 - 2017-02-03;submitSocial;all;arwin
2017-02-05 05:05:54	worker	@litefm1058;2017-02-03 - 2017-02-03;submitSocial;all;arwin
2017-02-05 05:05:56	worker	@Bravaradio;2017-02-03 - 2017-02-03;submitSocial;all;arwin
2017-02-05 05:05:59	worker	#dgitm;2017-02-03 - 2017-02-03;submitSocial;all;arwin
2017-02-05 05:06:01	worker	#hitsalaprambors;2017-02-03 - 2017-02-03;submitSocial;all;arwin
2017-02-05 05:06:03	worker	#reqprambors;2017-02-03 - 2017-02-03;submitSocial;all;arwin
2017-02-05 05:06:05	worker	#thedandees;2017-02-03 - 2017-02-03;submitSocial;all;arwin
2017-02-05 05:06:07	worker	#pramborsquiz;2017-02-03 - 2017-02-03;submitSocial;all;arwin
2017-02-05 05:06:09	worker	#jeliprambors;2017-02-03 - 2017-02-03;submitSocial;all;arwin
2017-02-05 05:06:11	worker	#jodohinprambors;2017-02-03 - 2017-02-03;submitSocial;all;arwin
2017-02-05 05:06:13	worker	#ubahdenganbicara;2017-02-03 - 2017-02-03;submitSocial;all;arwin
2017-02-05 05:06:15	worker	#pramborschat;2017-02-03 - 2017-02-03;submitSocial;all;arwin
2017-02-05 05:06:17	worker	#tweetforduit;2017-02-03 - 2017-02-03;submitSocial;all;arwin
2017-02-05 05:06:19	worker	#joki3in1;2017-02-03 - 2017-02-03;submitSocial;all;arwin
2017-02-05 05:06:21	worker	#sarapanseru;2017-02-03 - 2017-02-03;submitSocial;all;arwin
2017-02-05 05:06:23	worker	#rawonkaneloop;2017-02-03 - 2017-02-03;submitSocial;all;arwin
2017-02-05 05:06:25	worker	#gudegkendilkeraton;2017-02-03 - 2017-02-03;submitSocial;all;arwin
2017-02-05 05:06:27	worker	#gadogadobutika;2017-02-03 - 2017-02-03;submitSocial;all;arwin
2017-02-05 05:06:29	worker	#mtvhottest;2017-02-03 - 2017-02-03;submitSocial;all;arwin
2017-02-05 05:06:31	worker	#dimsumcjdw;2017-02-03 - 2017-02-03;submitSocial;all;arwin
2017-02-05 05:06:33	worker	#pecelmadiunmbakniek;2017-02-03 - 2017-02-03;submitSocial;all;arwin
2017-02-05 05:06:35	worker	#depotarema;2017-02-03 - 2017-02-03;submitSocial;all;arwin
2017-02-05 05:06:37	worker	@BNI46;2017-02-03 - 2017-02-03;submitSocial;all;arwin
2017-02-05 05:06:39	worker	@BANKBRI_ID;2017-02-03 - 2017-02-03;submitSocial;all;arwin
2017-02-05 05:06:41	worker	#bni46;2017-02-03 - 2017-02-03;submitSocial;all;arwin
2017-02-05 05:06:45	worker	macet;2017-02-03 - 2017-02-03;submitSocial;all;arwin
2017-02-05 05:06:47	worker	#selamatpagi;2017-02-03 - 2017-02-03;submitSocial;all;arwin
2017-02-05 05:06:50	worker	#selamatmalam;2017-02-03 - 2017-02-03;submitSocial;all;arwin
2017-02-05 05:06:52	worker	@884GlobalRadio;2017-02-03 - 2017-02-03;submitSocial;all;arwin
2017-02-05 05:06:54	worker	@day_trans;2017-02-03 - 2017-02-03;submitSocial;all;arwin
2017-02-05 05:06:56	worker	@kencanavoyage;2017-02-03 - 2017-02-03;submitSocial;all;arwin
2017-02-05 05:06:58	worker	@jukebox5d;2017-02-03 - 2017-02-03;submitSocial;all;arwin
2017-02-05 05:07:00	worker	#mtvhottest;2017-02-03 - 2017-02-03;submitSocial;all;arwin
2017-02-05 05:07:02	worker	#semangatpagi;2017-02-03 - 2017-02-03;submitSocial;all;arwin
2017-02-05 05:07:04	worker	lifebuoy;2017-02-03 - 2017-02-03;submitSocial;all;arwin
2017-02-05 05:07:11	worker	jokowi;2017-02-03 - 2017-02-03;submitSocial;all;arwin
2017-02-05 05:07:21	worker	obama;2017-02-03 - 2017-02-03;submitSocial;all;arwin
2017-02-05 05:07:23	worker	starwars;2017-02-03 - 2017-02-03;submitSocial;all;arwin
2017-02-05 05:07:26	worker	jonan;2017-02-03 - 2017-02-03;submitSocial;all;arwin
2017-02-05 05:07:34	worker	pagi;2017-02-03 - 2017-02-03;submitSocial;all;arwin
2017-02-05 05:07:37	worker	sampoerna;2017-02-03 - 2017-02-03;submitSocial;all;arwin
2017-02-05 05:07:39	worker	djarum;2017-02-03 - 2017-02-03;submitSocial;all;arwin
2017-02-05 05:07:41	worker	#semangatpagi;2017-02-03 - 2017-02-03;submitSocial;all;arwin
2017-02-05 05:07:43	worker	#generaksi8;2017-02-03 - 2017-02-03;submitSocial;all;arwin
2017-02-05 05:07:45	worker	#365alasan;2017-02-03 - 2017-02-03;submitSocial;all;arwin
2017-02-05 05:07:48	worker	weew;2017-02-03 - 2017-02-03;submitSocial;all;arwin
2017-02-05 05:07:54	worker	testing;2017-02-03 - 2017-02-03;submitSocial;all;arwin
2017-02-05 05:07:57	worker	#kopaja;2017-02-03 - 2017-02-03;submitSocial;all;arwin
2017-02-05 05:07:59	worker	#genkuisinsideout;2017-02-03 - 2017-02-03;submitSocial;all;arwin
2017-02-05 05:08:01	worker	starwars;2017-02-03 - 2017-02-03;submitSocial;all;arwin
2017-02-05 05:08:04	worker	#kopaja;2017-02-03 - 2017-02-03;submitSocial;all;arwin
2017-02-05 05:08:06	worker	mldspot;2017-02-03 - 2017-02-03;submitSocial;all;arwin
2017-02-05 05:08:08	worker	PBDjarum;2017-02-03 - 2017-02-03;submitSocial;all;arwin
2017-02-05 05:08:10	worker	TemanNabati;2017-02-03 - 2017-02-03;submitSocial;all;arwin
2017-02-05 05:08:13	worker	Nextar;2017-02-03 - 2017-02-03;submitSocial;all;arwin
2017-02-05 05:08:16	worker	jokowo;2017-02-03 - 2017-02-03;submitSocial;all;arwin
2017-02-05 05:08:19	worker	prabowo;2017-02-03 - 2017-02-03;submitSocial;all;arwin
2017-02-05 05:08:21	worker	sudirman said;2017-02-03 - 2017-02-03;submitSocial;all;arwin
2017-02-05 05:08:28	worker	ahok;2017-02-03 - 2017-02-03;submitSocial;all;arwin
2017-02-05 05:08:30	worker	setyanovanto;2017-02-03 - 2017-02-03;submitSocial;all;arwin
2017-02-05 05:08:38	worker	jokowi;2017-02-03 - 2017-02-03;submitSocial;all;arwin
2017-02-05 05:08:45	worker	ahok;2017-02-03 - 2017-02-03;submitSocial;all;arwin
2017-02-05 05:08:49	worker	prabowo;2017-02-03 - 2017-02-03;submitSocial;all;arwin
2017-02-05 05:08:51	worker	sudirman said;2017-02-03 - 2017-02-03;submitSocial;all;arwin
2017-02-05 05:08:53	worker	setyanovanto;2017-02-03 - 2017-02-03;submitSocial;all;arwin
2017-02-05 05:08:56	worker	galau;2017-02-03 - 2017-02-03;submitSocial;all;arwin
2017-02-05 05:08:58	worker	#prestasiindonesia;2017-02-03 - 2017-02-03;submitSocial;all;arwin
2017-02-05 05:09:00	worker	@Tw_Debi;2017-02-03 - 2017-02-03;submitSocial;all;arwin
2017-02-05 05:09:02	worker	@OfficialFastron;2017-02-03 - 2017-02-03;submitSocial;all;arwin
2017-02-05 05:09:04	worker	@CitibankID;2017-02-03 - 2017-02-03;submitSocial;all;arwin
