2017-02-11 05:00:06	worker	@987genfm;2017-02-09 - 2017-02-09;submitSocial;all;arwin
2017-02-11 05:00:09	worker	@101jakfm;2017-02-09 - 2017-02-09;submitSocial;all;arwin
2017-02-11 05:00:13	worker	@prambors;2017-02-09 - 2017-02-09;submitSocial;all;arwin
2017-02-11 05:00:16	worker	@hardrockfm;2017-02-09 - 2017-02-09;submitSocial;all;arwin
2017-02-11 05:00:19	worker	@kisfmjakarta;2017-02-09 - 2017-02-09;submitSocial;all;arwin
2017-02-11 05:00:22	worker	@delta_fm;2017-02-09 - 2017-02-09;submitSocial;all;arwin
2017-02-11 05:00:25	worker	@traxfmjkt;2017-02-09 - 2017-02-09;submitSocial;all;arwin
2017-02-11 05:00:28	worker	@iradiojakarta;2017-02-09 - 2017-02-09;submitSocial;all;arwin
2017-02-11 05:00:30	worker	@indika9160fm;2017-02-09 - 2017-02-09;submitSocial;all;arwin
2017-02-11 05:00:33	worker	@shellindonesia;2017-02-09 - 2017-02-09;submitSocial;all;arwin
2017-02-11 05:00:36	worker	@vpowerfans;2017-02-09 - 2017-02-09;submitSocial;all;arwin
2017-02-11 05:00:38	worker	@pertamaxind;2017-02-09 - 2017-02-09;submitSocial;all;arwin
2017-02-11 05:00:41	worker	@ptpertamina;2017-02-09 - 2017-02-09;submitSocial;all;arwin
2017-02-11 05:00:44	worker	@OZRadioJakarta;2017-02-09 - 2017-02-09;submitSocial;all;arwin
2017-02-11 05:00:47	worker	@CosmopolitanFM;2017-02-09 - 2017-02-09;submitSocial;all;arwin
2017-02-11 05:00:50	worker	@mustang88fm;2017-02-09 - 2017-02-09;submitSocial;all;arwin
2017-02-11 05:00:52	worker	@debabaz;2017-02-09 - 2017-02-09;submitSocial;all;arwin
2017-02-11 05:00:57	worker	@detikcom;2017-02-09 - 2017-02-09;submitSocial;all;arwin
2017-02-11 05:01:00	worker	@radioelshinta;2017-02-09 - 2017-02-09;submitSocial;all;arwin
2017-02-11 05:01:03	worker	@cinema21;2017-02-09 - 2017-02-09;submitSocial;all;arwin
2017-02-11 05:01:06	worker	@OfficialRCTI;2017-02-09 - 2017-02-09;submitSocial;all;arwin
2017-02-11 05:01:09	worker	@TRANSTV_CORP;2017-02-09 - 2017-02-09;submitSocial;all;arwin
2017-02-11 05:01:12	worker	@TRANS7;2017-02-09 - 2017-02-09;submitSocial;all;arwin
2017-02-11 05:01:15	worker	@Metro_TV;2017-02-09 - 2017-02-09;submitSocial;all;arwin
2017-02-11 05:01:19	worker	@tvOneNews;2017-02-09 - 2017-02-09;submitSocial;all;arwin
2017-02-11 05:01:22	worker	@whatsonANTV;2017-02-09 - 2017-02-09;submitSocial;all;arwin
2017-02-11 05:01:25	worker	@SCTV_;2017-02-09 - 2017-02-09;submitSocial;all;arwin
2017-02-11 05:01:28	worker	@KompasTV;2017-02-09 - 2017-02-09;submitSocial;all;arwin
2017-02-11 05:01:32	worker	@netmediatama;2017-02-09 - 2017-02-09;submitSocial;all;arwin
2017-02-11 05:01:35	worker	@Globaltvseru;2017-02-09 - 2017-02-09;submitSocial;all;arwin
2017-02-11 05:01:38	worker	@JaktvCom;2017-02-09 - 2017-02-09;submitSocial;all;arwin
2017-02-11 05:01:40	worker	@TVRINasional;2017-02-09 - 2017-02-09;submitSocial;all;arwin
2017-02-11 05:01:43	worker	@ochannelupdates;2017-02-09 - 2017-02-09;submitSocial;all;arwin
2017-02-11 05:01:46	worker	@IndosiarID;2017-02-09 - 2017-02-09;submitSocial;all;arwin
2017-02-11 05:01:50	worker	@kompascom;2017-02-09 - 2017-02-09;submitSocial;all;arwin
2017-02-11 05:01:53	worker	@merdekadotcom;2017-02-09 - 2017-02-09;submitSocial;all;arwin
2017-02-11 05:01:56	worker	@MIdotcom;2017-02-09 - 2017-02-09;submitSocial;all;arwin
2017-02-11 05:01:59	worker	@tempodotco;2017-02-09 - 2017-02-09;submitSocial;all;arwin
2017-02-11 05:02:02	worker	@motion975fm;2017-02-09 - 2017-02-09;submitSocial;all;arwin
2017-02-11 05:02:05	worker	@_radiotoday;2017-02-09 - 2017-02-09;submitSocial;all;arwin
2017-02-11 05:02:08	worker	@radioinfo;2017-02-09 - 2017-02-09;submitSocial;all;arwin
2017-02-11 05:02:10	worker	@979FeMaleRadio;2017-02-09 - 2017-02-09;submitSocial;all;arwin
2017-02-11 05:02:13	worker	@WomanRadio943FM;2017-02-09 - 2017-02-09;submitSocial;all;arwin
2017-02-11 05:02:16	worker	@VRadioFM;2017-02-09 - 2017-02-09;submitSocial;all;arwin
2017-02-11 05:02:18	worker	@UFM947;2017-02-09 - 2017-02-09;submitSocial;all;arwin
2017-02-11 05:02:21	worker	@VIVAnews;2017-02-09 - 2017-02-09;submitSocial;all;arwin
2017-02-11 05:02:24	worker	@antaranews;2017-02-09 - 2017-02-09;submitSocial;all;arwin
2017-02-11 05:02:27	worker	@tribunnews;2017-02-09 - 2017-02-09;submitSocial;all;arwin
2017-02-11 05:02:31	worker	@okezonenews;2017-02-09 - 2017-02-09;submitSocial;all;arwin
2017-02-11 05:02:34	worker	@Beritasatu;2017-02-09 - 2017-02-09;submitSocial;all;arwin
2017-02-11 05:02:36	worker	@rollingstoneina;2017-02-09 - 2017-02-09;submitSocial;all;arwin
2017-02-11 05:02:39	worker	@FIMELAdotcom;2017-02-09 - 2017-02-09;submitSocial;all;arwin
2017-02-11 05:02:42	worker	@KapanLagicom;2017-02-09 - 2017-02-09;submitSocial;all;arwin
2017-02-11 05:02:45	worker	@KompasEnt ;2017-02-09 - 2017-02-09;submitSocial;all;arwin
2017-02-11 05:02:47	worker	@HaiMagazine;2017-02-09 - 2017-02-09;submitSocial;all;arwin
2017-02-11 05:02:50	worker	@JakartaVenue;2017-02-09 - 2017-02-09;submitSocial;all;arwin
2017-02-11 05:02:53	worker	@SeputarEvent;2017-02-09 - 2017-02-09;submitSocial;all;arwin
2017-02-11 05:02:55	worker	@ismayaLive;2017-02-09 - 2017-02-09;submitSocial;all;arwin
2017-02-11 05:02:58	worker	@ECEntertainment;2017-02-09 - 2017-02-09;submitSocial;all;arwin
2017-02-11 05:03:01	worker	@synergism_En;2017-02-09 - 2017-02-09;submitSocial;all;arwin
2017-02-11 05:03:04	worker	@Urbanbandung;2017-02-09 - 2017-02-09;submitSocial;all;arwin
2017-02-11 05:03:06	worker	@Urbanrkm995;2017-02-09 - 2017-02-09;submitSocial;all;arwin
2017-02-11 05:03:08	worker	@Garuda_Promo;2017-02-09 - 2017-02-09;submitSocial;all;arwin
2017-02-11 05:03:11	worker	@AirAsiaID;2017-02-09 - 2017-02-09;submitSocial;all;arwin
2017-02-11 05:03:14	worker	@KAI121;2017-02-09 - 2017-02-09;submitSocial;all;arwin
2017-02-11 05:03:17	worker	@Unilever;2017-02-09 - 2017-02-09;submitSocial;all;arwin
2017-02-11 05:03:21	worker	@Nestle;2017-02-09 - 2017-02-09;submitSocial;all;arwin
2017-02-11 05:03:24	worker	@CocaCola;2017-02-09 - 2017-02-09;submitSocial;all;arwin
2017-02-11 05:03:31	worker	@CNN;2017-02-09 - 2017-02-09;submitSocial;all;arwin
2017-02-11 05:03:36	worker	@MTV;2017-02-09 - 2017-02-09;submitSocial;all;arwin
2017-02-11 05:03:38	worker	@channelv;2017-02-09 - 2017-02-09;submitSocial;all;arwin
2017-02-11 05:03:41	worker	@iTunesMusic;2017-02-09 - 2017-02-09;submitSocial;all;arwin
2017-02-11 05:03:46	worker	@mashable;2017-02-09 - 2017-02-09;submitSocial;all;arwin
2017-02-11 05:03:48	worker	@decacaz;2017-02-09 - 2017-02-09;submitSocial;all;arwin
2017-02-11 05:03:50	worker	@radiobaru967FM;2017-02-09 - 2017-02-09;submitSocial;all;arwin
2017-02-11 05:03:53	worker	@967HitzFM;2017-02-09 - 2017-02-09;submitSocial;all;arwin
2017-02-11 05:03:56	worker	@TVGuide;2017-02-09 - 2017-02-09;submitSocial;all;arwin
2017-02-11 05:03:59	worker	@XL123;2017-02-09 - 2017-02-09;submitSocial;all;arwin
2017-02-11 05:04:02	worker	@triindonesia;2017-02-09 - 2017-02-09;submitSocial;all;arwin
2017-02-11 05:04:06	worker	@kaskus;2017-02-09 - 2017-02-09;submitSocial;all;arwin
2017-02-11 05:04:08	worker	@Studio_XXI;2017-02-09 - 2017-02-09;submitSocial;all;arwin
2017-02-11 05:04:11	worker	@blitzmegaplex;2017-02-09 - 2017-02-09;submitSocial;all;arwin
2017-02-11 05:04:13	worker	@alfamartku;2017-02-09 - 2017-02-09;submitSocial;all;arwin
2017-02-11 05:04:16	worker	@Carrefour_ID;2017-02-09 - 2017-02-09;submitSocial;all;arwin
2017-02-11 05:04:20	worker	@BBCBreaking;2017-02-09 - 2017-02-09;submitSocial;all;arwin
2017-02-11 05:04:27	worker	@Forbes;2017-02-09 - 2017-02-09;submitSocial;all;arwin
2017-02-11 05:04:30	worker	@BensRadio;2017-02-09 - 2017-02-09;submitSocial;all;arwin
2017-02-11 05:04:36	worker	@instagram;2017-02-09 - 2017-02-09;submitSocial;all;arwin
2017-02-11 05:04:40	worker	@Pinterest;2017-02-09 - 2017-02-09;submitSocial;all;arwin
2017-02-11 05:04:46	worker	@google;2017-02-09 - 2017-02-09;submitSocial;all;arwin
2017-02-11 05:04:49	worker	@Pertaminalub;2017-02-09 - 2017-02-09;submitSocial;all;arwin
2017-02-11 05:04:52	worker	@InfoLalinTol;2017-02-09 - 2017-02-09;submitSocial;all;arwin
2017-02-11 05:04:55	worker	@PTJASAMARGA;2017-02-09 - 2017-02-09;submitSocial;all;arwin
2017-02-11 05:04:58	worker	@cititransindo;2017-02-09 - 2017-02-09;submitSocial;all;arwin
2017-02-11 05:05:00	worker	#semangatpagisuperr;2017-02-09 - 2017-02-09;submitSocial;all;arwin
2017-02-11 05:05:03	worker	#genkuisinsideout;2017-02-09 - 2017-02-09;submitSocial;all;arwin
2017-02-11 05:05:05	worker	#semangatpagi;2017-02-09 - 2017-02-09;submitSocial;all;arwin
2017-02-11 05:05:08	worker	#dikamar;2017-02-09 - 2017-02-09;submitSocial;all;arwin
2017-02-11 05:05:12	worker	#kopaja;2017-02-09 - 2017-02-09;submitSocial;all;arwin
2017-02-11 05:05:14	worker	#generaksi8;2017-02-09 - 2017-02-09;submitSocial;all;arwin
2017-02-11 05:05:17	worker	#hitztsp;2017-02-09 - 2017-02-09;submitSocial;all;arwin
2017-02-11 05:05:21	worker	#np;2017-02-09 - 2017-02-09;submitSocial;all;arwin
2017-02-11 05:05:23	worker	#hitzlivestage;2017-02-09 - 2017-02-09;submitSocial;all;arwin
2017-02-11 05:05:26	worker	#thefreaks;2017-02-09 - 2017-02-09;submitSocial;all;arwin
2017-02-11 05:05:29	worker	#hitzsirkuspagi;2017-02-09 - 2017-02-09;submitSocial;all;arwin
2017-02-11 05:05:31	worker	#hitzathlon;2017-02-09 - 2017-02-09;submitSocial;all;arwin
2017-02-11 05:05:34	worker	#hitzzombie;2017-02-09 - 2017-02-09;submitSocial;all;arwin
2017-02-11 05:05:37	worker	#hitzkalong;2017-02-09 - 2017-02-09;submitSocial;all;arwin
2017-02-11 05:05:40	worker	#hitzbebas;2017-02-09 - 2017-02-09;submitSocial;all;arwin
2017-02-11 05:05:42	worker	#hitzhorehara;2017-02-09 - 2017-02-09;submitSocial;all;arwin
2017-02-11 05:05:45	worker	@ZaloraID;2017-02-09 - 2017-02-09;submitSocial;all;arwin
2017-02-11 05:05:48	worker	@OLX_Indonesia;2017-02-09 - 2017-02-09;submitSocial;all;arwin
2017-02-11 05:05:51	worker	@LazadaID;2017-02-09 - 2017-02-09;submitSocial;all;arwin
2017-02-11 05:05:54	worker	@utrippers;2017-02-09 - 2017-02-09;submitSocial;all;arwin
2017-02-11 05:05:57	worker	@GoGobot;2017-02-09 - 2017-02-09;submitSocial;all;arwin
2017-02-11 05:05:59	worker	@viatortravel;2017-02-09 - 2017-02-09;submitSocial;all;arwin
2017-02-11 05:06:02	worker	@alandakariza;2017-02-09 - 2017-02-09;submitSocial;all;arwin
2017-02-11 05:06:05	worker	@gagasmedia;2017-02-09 - 2017-02-09;submitSocial;all;arwin
2017-02-11 05:06:08	worker	@welovehonda;2017-02-09 - 2017-02-09;submitSocial;all;arwin
2017-02-11 05:06:10	worker	@SuzukiMotorID;2017-02-09 - 2017-02-09;submitSocial;all;arwin
2017-02-11 05:06:13	worker	@kawasakilovers;2017-02-09 - 2017-02-09;submitSocial;all;arwin
2017-02-11 05:06:16	worker	@yamahaindonesia;2017-02-09 - 2017-02-09;submitSocial;all;arwin
2017-02-11 05:06:19	worker	@tripanzee;2017-02-09 - 2017-02-09;submitSocial;all;arwin
2017-02-11 05:06:21	worker	@arnoldpoernomo;2017-02-09 - 2017-02-09;submitSocial;all;arwin
2017-02-11 05:06:24	worker	@nicsap;2017-02-09 - 2017-02-09;submitSocial;all;arwin
2017-02-11 05:06:27	worker	@tiket2;2017-02-09 - 2017-02-09;submitSocial;all;arwin
2017-02-11 05:06:30	worker	@traveloka;2017-02-09 - 2017-02-09;submitSocial;all;arwin
2017-02-11 05:06:34	worker	@wego;2017-02-09 - 2017-02-09;submitSocial;all;arwin
2017-02-11 05:06:37	worker	@agoda;2017-02-09 - 2017-02-09;submitSocial;all;arwin
2017-02-11 05:06:40	worker	#salahsambung;2017-02-09 - 2017-02-09;submitSocial;all;arwin
2017-02-11 05:06:43	worker	#tulalit;2017-02-09 - 2017-02-09;submitSocial;all;arwin
2017-02-11 05:06:45	worker	#pestageneraksi8;2017-02-09 - 2017-02-09;submitSocial;all;arwin
2017-02-11 05:06:48	worker	#ganaskustik;2017-02-09 - 2017-02-09;submitSocial;all;arwin
2017-02-11 05:06:50	worker	#lnhot20;2017-02-09 - 2017-02-09;submitSocial;all;arwin
2017-02-11 05:06:53	worker	@TripAdvisor;2017-02-09 - 2017-02-09;submitSocial;all;arwin
2017-02-11 05:07:00	worker	@google;2017-02-09 - 2017-02-09;submitSocial;all;arwin
2017-02-11 05:07:04	worker	@Telkomsel;2017-02-09 - 2017-02-09;submitSocial;all;arwin
2017-02-11 05:07:07	worker	@indosat;2017-02-09 - 2017-02-09;submitSocial;all;arwin
2017-02-11 05:07:11	worker	@bahanafmjkt;2017-02-09 - 2017-02-09;submitSocial;all;2017-02-11 05:07:15	worker	@sonorafm92;2017-02-09 - 2017-02-09;submitSocial;all;arwin
2017-02-11 05:07:17	worker	@litefm1058;2017-02-09 - 2017-02-09;submitSocial;all;arwin
2017-02-11 05:07:20	worker	@Bravaradio;2017-02-09 - 2017-02-09;submitSocial;all;arwin
2017-02-11 05:07:24	worker	#dgitm;2017-02-09 - 2017-02-09;submitSocial;all;arwin
2017-02-11 05:07:26	worker	#hitsalaprambors;2017-02-09 - 2017-02-09;submitSocial;all;arwin
2017-02-11 05:07:29	worker	#reqprambors;2017-02-09 - 2017-02-09;submitSocial;all;arwin
2017-02-11 05:07:32	worker	#thedandees;2017-02-09 - 2017-02-09;submitSocial;all;arwin
2017-02-11 05:07:34	worker	#pramborsquiz;2017-02-09 - 2017-02-09;submitSocial;all;arwin
2017-02-11 05:07:36	worker	#jeliprambors;2017-02-09 - 2017-02-09;submitSocial;all;arwin
2017-02-11 05:07:39	worker	#jodohinprambors;2017-02-09 - 2017-02-09;submitSocial;all;arwin
2017-02-11 05:07:41	worker	#ubahdenganbicara;2017-02-09 - 2017-02-09;submitSocial;all;arwin
2017-02-11 05:07:44	worker	#pramborschat;2017-02-09 - 2017-02-09;submitSocial;all;arwin
2017-02-11 05:07:47	worker	#tweetforduit;2017-02-09 - 2017-02-09;submitSocial;all;arwin
2017-02-11 05:07:49	worker	#joki3in1;2017-02-09 - 2017-02-09;submitSocial;all;arwin
2017-02-11 05:07:52	worker	#sarapanseru;2017-02-09 - 2017-02-09;submitSocial;all;arwin
2017-02-11 05:07:54	worker	#rawonkaneloop;2017-02-09 - 2017-02-09;submitSocial;all;arwin
2017-02-11 05:07:57	worker	#gudegkendilkeraton;2017-02-09 - 2017-02-09;submitSocial;all;arwin
2017-02-11 05:07:59	worker	#gadogadobutika;2017-02-09 - 2017-02-09;submitSocial;all;arwin
2017-02-11 05:08:02	worker	#mtvhottest;2017-02-09 - 2017-02-09;submitSocial;all;arwin
2017-02-11 05:08:04	worker	#dimsumcjdw;2017-02-09 - 2017-02-09;submitSocial;all;arwin
2017-02-11 05:08:07	worker	#pecelmadiunmbakniek;2017-02-09 - 2017-02-09;submitSocial;all;arwin
2017-02-11 05:08:10	worker	#depotarema;2017-02-09 - 2017-02-09;submitSocial;all;arwin
2017-02-11 05:08:12	worker	@BNI46;2017-02-09 - 2017-02-09;submitSocial;all;arwin
2017-02-11 05:08:15	worker	@BANKBRI_ID;2017-02-09 - 2017-02-09;submitSocial;all;arwin
2017-02-11 05:08:18	worker	#bni46;2017-02-09 - 2017-02-09;submitSocial;all;arwin
2017-02-11 05:08:23	worker	macet;2017-02-09 - 2017-02-09;submitSocial;all;arwin
2017-02-11 05:08:26	worker	#selamatpagi;2017-02-09 - 2017-02-09;submitSocial;all;arwin
2017-02-11 05:08:29	worker	#selamatmalam;2017-02-09 - 2017-02-09;submitSocial;all;arwin
2017-02-11 05:08:31	worker	@884GlobalRadio;2017-02-09 - 2017-02-09;submitSocial;all;arwin
2017-02-11 05:08:34	worker	@day_trans;2017-02-09 - 2017-02-09;submitSocial;all;arwin
2017-02-11 05:08:37	worker	@kencanavoyage;2017-02-09 - 2017-02-09;submitSocial;all;arwin
2017-02-11 05:08:40	worker	@jukebox5d;2017-02-09 - 2017-02-09;submitSocial;all;arwin
2017-02-11 05:08:42	worker	#mtvhottest;2017-02-09 - 2017-02-09;submitSocial;all;arwin
2017-02-11 05:08:45	worker	#semangatpagi;2017-02-09 - 2017-02-09;submitSocial;all;arwin
2017-02-11 05:08:48	worker	lifebuoy;2017-02-09 - 2017-02-09;submitSocial;all;arwin
2017-02-11 05:08:56	worker	jokowi;2017-02-09 - 2017-02-09;submitSocial;all;arwin
2017-02-11 05:09:05	worker	obama;2017-02-09 - 2017-02-09;submitSocial;all;arwin
2017-02-11 05:09:08	worker	starwars;2017-02-09 - 2017-02-09;submitSocial;all;arwin
2017-02-11 05:09:13	worker	jonan;2017-02-09 - 2017-02-09;submitSocial;all;arwin
2017-02-11 05:09:22	worker	pagi;2017-02-09 - 2017-02-09;submitSocial;all;arwin
2017-02-11 05:09:25	worker	sampoerna;2017-02-09 - 2017-02-09;submitSocial;all;arwin
2017-02-11 05:09:29	worker	djarum;2017-02-09 - 2017-02-09;submitSocial;all;arwin
2017-02-11 05:09:31	worker	#semangatpagi;2017-02-09 - 2017-02-09;submitSocial;all;arwin
2017-02-11 05:09:33	worker	#generaksi8;2017-02-09 - 2017-02-09;submitSocial;all;arwin
2017-02-11 05:09:36	worker	#365alasan;2017-02-09 - 2017-02-09;submitSocial;all;arwin
2017-02-11 05:09:40	worker	weew;2017-02-09 - 2017-02-09;submitSocial;all;arwin
2017-02-11 05:09:48	worker	testing;2017-02-09 - 2017-02-09;submitSocial;all;arwin
2017-02-11 05:09:51	worker	#kopaja;2017-02-09 - 2017-02-09;submitSocial;all;arwin
2017-02-11 05:09:54	worker	#genkuisinsideout;2017-02-09 - 2017-02-09;submitSocial;all;arwin
2017-02-11 05:09:57	worker	starwars;2017-02-09 - 2017-02-09;submitSocial;all;arwin
2017-02-11 05:10:00	worker	#kopaja;2017-02-09 - 2017-02-09;submitSocial;all;arwin
2017-02-11 05:10:04	worker	mldspot;2017-02-09 - 2017-02-09;submitSocial;all;arwin
2017-02-11 05:10:07	worker	PBDjarum;2017-02-09 - 2017-02-09;submitSocial;all;arwin
2017-02-11 05:10:10	worker	TemanNabati;2017-02-09 - 2017-02-09;submitSocial;all;arwin
2017-02-11 05:10:14	worker	Nextar;2017-02-09 - 2017-02-09;submitSocial;all;arwin
2017-02-11 05:10:18	worker	jokowo;2017-02-09 - 2017-02-09;submitSocial;all;arwin
2017-02-11 05:10:23	worker	prabowo;2017-02-09 - 2017-02-09;submitSocial;all;arwin
2017-02-11 05:10:26	worker	sudirman said;2017-02-09 - 2017-02-09;submitSocial;all;arwin
2017-02-11 05:10:36	worker	ahok;2017-02-09 - 2017-02-09;submitSocial;all;arwin
2017-02-11 05:10:38	worker	setyanovanto;2017-02-09 - 2017-02-09;submitSocial;all;arwin
2017-02-11 05:10:46	worker	jokowi;2017-02-09 - 2017-02-09;submitSocial;all;arwin
2017-02-11 05:10:56	worker	ahok;2017-02-09 - 2017-02-09;submitSocial;all;arwin
2017-02-11 05:11:01	worker	prabowo;2017-02-09 - 2017-02-09;submitSocial;all;arwin
2017-02-11 05:11:04	worker	sudirman said;2017-02-09 - 2017-02-09;submitSocial;all;arwin
2017-02-11 05:11:07	worker	setyanovanto;2017-02-09 - 2017-02-09;submitSocial;all;arwin
2017-02-11 05:11:13	worker	galau;2017-02-09 - 2017-02-09;submitSocial;all;arwin
2017-02-11 05:11:15	worker	#prestasiindonesia;2017-02-09 - 2017-02-09;submitSocial;all;arwin
2017-02-11 05:11:18	worker	@Tw_Debi;2017-02-09 - 2017-02-09;submitSocial;all;arwin
2017-02-11 05:11:21	worker	@OfficialFastron;2017-02-09 - 2017-02-09;submitSocial;all;arwin
2017-02-11 05:11:24	worker	@CitibankID;2017-02-09 - 2017-02-09;submitSocial;all;arwin
