2017-11-15 05:00:07	worker	@987genfm;2017-11-13 - 2017-11-13;submitSocial;all;arwin
2017-11-15 05:00:09	worker	@101jakfm;2017-11-13 - 2017-11-13;submitSocial;all;arwin
2017-11-15 05:00:13	worker	@prambors;2017-11-13 - 2017-11-13;submitSocial;all;arwin
2017-11-15 05:00:16	worker	@hardrockfm;2017-11-13 - 2017-11-13;submitSocial;all;arwin
2017-11-15 05:00:18	worker	@kisfmjakarta;2017-11-13 - 2017-11-13;submitSocial;all;arwin
2017-11-15 05:00:21	worker	@delta_fm;2017-11-13 - 2017-11-13;submitSocial;all;arwin
2017-11-15 05:00:24	worker	@traxfmjkt;2017-11-13 - 2017-11-13;submitSocial;all;arwin
2017-11-15 05:00:27	worker	@iradiojakarta;2017-11-13 - 2017-11-13;submitSocial;all;arwin
2017-11-15 05:00:29	worker	@indika9160fm;2017-11-13 - 2017-11-13;submitSocial;all;arwin
2017-11-15 05:00:32	worker	@shellindonesia;2017-11-13 - 2017-11-13;submitSocial;all;arwin
2017-11-15 05:00:34	worker	@vpowerfans;2017-11-13 - 2017-11-13;submitSocial;all;arwin
2017-11-15 05:00:37	worker	@pertamaxind;2017-11-13 - 2017-11-13;submitSocial;all;arwin
2017-11-15 05:00:40	worker	@ptpertamina;2017-11-13 - 2017-11-13;submitSocial;all;arwin
2017-11-15 05:00:43	worker	@OZRadioJakarta;2017-11-13 - 2017-11-13;submitSocial;all;arwin
2017-11-15 05:00:45	worker	@CosmopolitanFM;2017-11-13 - 2017-11-13;submitSocial;all;arwin
2017-11-15 05:00:48	worker	@mustang88fm;2017-11-13 - 2017-11-13;submitSocial;all;arwin
2017-11-15 05:00:50	worker	@debabaz;2017-11-13 - 2017-11-13;submitSocial;all;arwin
2017-11-15 05:00:55	worker	@detikcom;2017-11-13 - 2017-11-13;submitSocial;all;arwin
2017-11-15 05:00:59	worker	@radioelshinta;2017-11-13 - 2017-11-13;submitSocial;all;arwin
2017-11-15 05:01:01	worker	@cinema21;2017-11-13 - 2017-11-13;submitSocial;all;arwin
2017-11-15 05:01:05	worker	@OfficialRCTI;2017-11-13 - 2017-11-13;submitSocial;all;arwin
2017-11-15 05:01:08	worker	@TRANSTV_CORP;2017-11-13 - 2017-11-13;submitSocial;all;arwin
2017-11-15 05:01:10	worker	@TRANS7;2017-11-13 - 2017-11-13;submitSocial;all;arwin
2017-11-15 05:01:14	worker	@Metro_TV;2017-11-13 - 2017-11-13;submitSocial;all;arwin
2017-11-15 05:01:17	worker	@tvOneNews;2017-11-13 - 2017-11-13;submitSocial;all;arwin
2017-11-15 05:01:20	worker	@whatsonANTV;2017-11-13 - 2017-11-13;submitSocial;all;arwin
2017-11-15 05:01:23	worker	@SCTV_;2017-11-13 - 2017-11-13;submitSocial;all;arwin
2017-11-15 05:01:26	worker	@KompasTV;2017-11-13 - 2017-11-13;submitSocial;all;arwin
2017-11-15 05:01:29	worker	@netmediatama;2017-11-13 - 2017-11-13;submitSocial;all;arwin
2017-11-15 05:01:32	worker	@Globaltvseru;2017-11-13 - 2017-11-13;submitSocial;all;arwin
2017-11-15 05:01:35	worker	@JaktvCom;2017-11-13 - 2017-11-13;submitSocial;all;arwin
2017-11-15 05:01:38	worker	@TVRINasional;2017-11-13 - 2017-11-13;submitSocial;all;arwin
2017-11-15 05:01:40	worker	@ochannelupdates;2017-11-13 - 2017-11-13;submitSocial;all;arwin
2017-11-15 05:01:44	worker	@IndosiarID;2017-11-13 - 2017-11-13;submitSocial;all;arwin
2017-11-15 05:01:48	worker	@kompascom;2017-11-13 - 2017-11-13;submitSocial;all;arwin
2017-11-15 05:01:51	worker	@merdekadotcom;2017-11-13 - 2017-11-13;submitSocial;all;arwin
2017-11-15 05:01:54	worker	@MIdotcom;2017-11-13 - 2017-11-13;submitSocial;all;arwin
2017-11-15 05:01:57	worker	@tempodotco;2017-11-13 - 2017-11-13;submitSocial;all;arwin
2017-11-15 05:02:00	worker	@motion975fm;2017-11-13 - 2017-11-13;submitSocial;all;arwin
2017-11-15 05:02:03	worker	@_radiotoday;2017-11-13 - 2017-11-13;submitSocial;all;arwin
2017-11-15 05:02:06	worker	@radioinfo;2017-11-13 - 2017-11-13;submitSocial;all;arwin
2017-11-15 05:02:08	worker	@979FeMaleRadio;2017-11-13 - 2017-11-13;submitSocial;all;arwin
2017-11-15 05:02:10	worker	@WomanRadio943FM;2017-11-13 - 2017-11-13;submitSocial;all;arwin
2017-11-15 05:02:13	worker	@VRadioFM;2017-11-13 - 2017-11-13;submitSocial;all;arwin
2017-11-15 05:02:15	worker	@UFM947;2017-11-13 - 2017-11-13;submitSocial;all;arwin
2017-11-15 05:02:18	worker	@VIVAnews;2017-11-13 - 2017-11-13;submitSocial;all;arwin
2017-11-15 05:02:21	worker	@antaranews;2017-11-13 - 2017-11-13;submitSocial;all;arwin
2017-11-15 05:02:24	worker	@tribunnews;2017-11-13 - 2017-11-13;submitSocial;all;arwin
2017-11-15 05:02:27	worker	@okezonenews;2017-11-13 - 2017-11-13;submitSocial;all;arwin
2017-11-15 05:02:30	worker	@Beritasatu;2017-11-13 - 2017-11-13;submitSocial;all;arwin
2017-11-15 05:02:33	worker	@rollingstoneina;2017-11-13 - 2017-11-13;submitSocial;all;arwin
2017-11-15 05:02:36	worker	@FIMELAdotcom;2017-11-13 - 2017-11-13;submitSocial;all;arwin
2017-11-15 05:02:38	worker	@KapanLagicom;2017-11-13 - 2017-11-13;submitSocial;all;arwin
2017-11-15 05:02:41	worker	@KompasEnt ;2017-11-13 - 2017-11-13;submitSocial;all;arwin
2017-11-15 05:02:43	worker	@HaiMagazine;2017-11-13 - 2017-11-13;submitSocial;all;arwin
2017-11-15 05:02:46	worker	@JakartaVenue;2017-11-13 - 2017-11-13;submitSocial;all;arwin
2017-11-15 05:02:49	worker	@SeputarEvent;2017-11-13 - 2017-11-13;submitSocial;all;arwin
2017-11-15 05:02:51	worker	@ismayaLive;2017-11-13 - 2017-11-13;submitSocial;all;arwin
2017-11-15 05:02:54	worker	@ECEntertainment;2017-11-13 - 2017-11-13;submitSocial;all;arwin
2017-11-15 05:02:56	worker	@synergism_En;2017-11-13 - 2017-11-13;submitSocial;all;arwin
2017-11-15 05:02:59	worker	@Urbanbandung;2017-11-13 - 2017-11-13;submitSocial;all;arwin
2017-11-15 05:03:01	worker	@Urbanrkm995;2017-11-13 - 2017-11-13;submitSocial;all;arwin
2017-11-15 05:03:04	worker	@Garuda_Promo;2017-11-13 - 2017-11-13;submitSocial;all;arwin
2017-11-15 05:03:06	worker	@AirAsiaID;2017-11-13 - 2017-11-13;submitSocial;all;arwin
2017-11-15 05:03:10	worker	@KAI121;2017-11-13 - 2017-11-13;submitSocial;all;arwin
2017-11-15 05:03:12	worker	@Unilever;2017-11-13 - 2017-11-13;submitSocial;all;arwin
2017-11-15 05:03:16	worker	@Nestle;2017-11-13 - 2017-11-13;submitSocial;all;arwin
2017-11-15 05:03:20	worker	@CocaCola;2017-11-13 - 2017-11-13;submitSocial;all;arwin
2017-11-15 05:03:27	worker	@CNN;2017-11-13 - 2017-11-13;submitSocial;all;arwin
2017-11-15 05:03:31	worker	@MTV;2017-11-13 - 2017-11-13;submitSocial;all;arwin
2017-11-15 05:03:34	worker	@channelv;2017-11-13 - 2017-11-13;submitSocial;all;arwin
2017-11-15 05:03:36	worker	@iTunesMusic;2017-11-13 - 2017-11-13;submitSocial;all;arwin
2017-11-15 05:03:40	worker	@mashable;2017-11-13 - 2017-11-13;submitSocial;all;arwin
2017-11-15 05:03:43	worker	@decacaz;2017-11-13 - 2017-11-13;submitSocial;all;arwin
2017-11-15 05:03:45	worker	@radiobaru967FM;2017-11-13 - 2017-11-13;submitSocial;all;arwin
2017-11-15 05:03:48	worker	@967HitzFM;2017-11-13 - 2017-11-13;submitSocial;all;arwin
2017-11-15 05:03:51	worker	@TVGuide;2017-11-13 - 2017-11-13;submitSocial;all;arwin
2017-11-15 05:03:54	worker	@XL123;2017-11-13 - 2017-11-13;submitSocial;all;arwin
2017-11-15 05:03:57	worker	@triindonesia;2017-11-13 - 2017-11-13;submitSocial;all;arwin
2017-11-15 05:04:00	worker	@kaskus;2017-11-13 - 2017-11-13;submitSocial;all;arwin
2017-11-15 05:04:03	worker	@Studio_XXI;2017-11-13 - 2017-11-13;submitSocial;all;arwin
2017-11-15 05:04:05	worker	@blitzmegaplex;2017-11-13 - 2017-11-13;submitSocial;all;arwin
2017-11-15 05:04:08	worker	@alfamartku;2017-11-13 - 2017-11-13;submitSocial;all;arwin
2017-11-15 05:04:11	worker	@Carrefour_ID;2017-11-13 - 2017-11-13;submitSocial;all;arwin
2017-11-15 05:04:14	worker	@BBCBreaking;2017-11-13 - 2017-11-13;submitSocial;all;arwin
2017-11-15 05:04:20	worker	@Forbes;2017-11-13 - 2017-11-13;submitSocial;all;arwin
2017-11-15 05:04:23	worker	@BensRadio;2017-11-13 - 2017-11-13;submitSocial;all;arwin
2017-11-15 05:04:28	worker	@instagram;2017-11-13 - 2017-11-13;submitSocial;all;arwin
2017-11-15 05:04:31	worker	@Pinterest;2017-11-13 - 2017-11-13;submitSocial;all;arwin
2017-11-15 05:04:38	worker	@google;2017-11-13 - 2017-11-13;submitSocial;all;arwin
2017-11-15 05:04:40	worker	@Pertaminalub;2017-11-13 - 2017-11-13;submitSocial;all;arwin
2017-11-15 05:04:42	worker	@InfoLalinTol;2017-11-13 - 2017-11-13;submitSocial;all;arwin
2017-11-15 05:04:45	worker	@PTJASAMARGA;2017-11-13 - 2017-11-13;submitSocial;all;arwin
2017-11-15 05:04:48	worker	@cititransindo;2017-11-13 - 2017-11-13;submitSocial;all;arwin
2017-11-15 05:04:50	worker	#semangatpagisuperr;2017-11-13 - 2017-11-13;submitSocial;all;arwin
2017-11-15 05:04:52	worker	#genkuisinsideout;2017-11-13 - 2017-11-13;submitSocial;all;arwin
2017-11-15 05:04:54	worker	#semangatpagi;2017-11-13 - 2017-11-13;submitSocial;all;arwin
2017-11-15 05:04:57	worker	#dikamar;2017-11-13 - 2017-11-13;submitSocial;all;arwin
2017-11-15 05:05:00	worker	#kopaja;2017-11-13 - 2017-11-13;submitSocial;all;arwin
2017-11-15 05:05:02	worker	#generaksi8;2017-11-13 - 2017-11-13;submitSocial;all;arwin
2017-11-15 05:05:07	worker	#hitztsp;2017-11-13 - 2017-11-13;submitSocial;all;arwin
2017-11-15 05:05:11	worker	#np;2017-11-13 - 2017-11-13;submitSocial;all;arwin
2017-11-15 05:05:14	worker	#hitzlivestage;2017-11-13 - 2017-11-13;submitSocial;all;arwin
2017-11-15 05:05:16	worker	#thefreaks;2017-11-13 - 2017-11-13;submitSocial;all;arwin
2017-11-15 05:05:19	worker	#hitzsirkuspagi;2017-11-13 - 2017-11-13;submitSocial;all;arwin
2017-11-15 05:05:22	worker	#hitzathlon;2017-11-13 - 2017-11-13;submitSocial;all;arwin
2017-11-15 05:05:24	worker	#hitzzombie;2017-11-13 - 2017-11-13;submitSocial;all;arwin
2017-11-15 05:05:27	worker	#hitzkalong;2017-11-13 - 2017-11-13;submitSocial;all;arwin
2017-11-15 05:05:29	worker	#hitzbebas;2017-11-13 - 2017-11-13;submitSocial;all;arwin
2017-11-15 05:05:32	worker	#hitzhorehara;2017-11-13 - 2017-11-13;submitSocial;all;arwin
2017-11-15 05:05:35	worker	@ZaloraID;2017-11-13 - 2017-11-13;submitSocial;all;arwin
2017-11-15 05:05:37	worker	@OLX_Indonesia;2017-11-13 - 2017-11-13;submitSocial;all;arwin
2017-11-15 05:05:40	worker	@LazadaID;2017-11-13 - 2017-11-13;submitSocial;all;arwin
2017-11-15 05:05:43	worker	@utrippers;2017-11-13 - 2017-11-13;submitSocial;all;arwin
2017-11-15 05:05:46	worker	@GoGobot;2017-11-13 - 2017-11-13;submitSocial;all;arwin
2017-11-15 05:05:48	worker	@viatortravel;2017-11-13 - 2017-11-13;submitSocial;all;arwin
2017-11-15 05:05:51	worker	@alandakariza;2017-11-13 - 2017-11-13;submitSocial;all;arwin
2017-11-15 05:05:53	worker	@gagasmedia;2017-11-13 - 2017-11-13;submitSocial;all;arwin
2017-11-15 05:05:56	worker	@welovehonda;2017-11-13 - 2017-11-13;submitSocial;all;arwin
2017-11-15 05:05:58	worker	@SuzukiMotorID;2017-11-13 - 2017-11-13;submitSocial;all;arwin
2017-11-15 05:06:01	worker	@kawasakilovers;2017-11-13 - 2017-11-13;submitSocial;all;arwin
2017-11-15 05:06:03	worker	@yamahaindonesia;2017-11-13 - 2017-11-13;submitSocial;all;arwin
2017-11-15 05:06:06	worker	@tripanzee;2017-11-13 - 2017-11-13;submitSocial;all;arwin
2017-11-15 05:06:09	worker	@arnoldpoernomo;2017-11-13 - 2017-11-13;submitSocial;all;arwin
2017-11-15 05:06:12	worker	@nicsap;2017-11-13 - 2017-11-13;submitSocial;all;arwin
2017-11-15 05:06:14	worker	@tiket2;2017-11-13 - 2017-11-13;submitSocial;all;arwin
2017-11-15 05:06:17	worker	@traveloka;2017-11-13 - 2017-11-13;submitSocial;all;arwin
2017-11-15 05:06:21	worker	@wego;2017-11-13 - 2017-11-13;submitSocial;all;arwin
2017-11-15 05:06:24	worker	@agoda;2017-11-13 - 2017-11-13;submitSocial;all;arwin
2017-11-15 05:06:27	worker	#salahsambung;2017-11-13 - 2017-11-13;submitSocial;all;arwin
2017-11-15 05:06:29	worker	#tulalit;2017-11-13 - 2017-11-13;submitSocial;all;arwin
2017-11-15 05:06:31	worker	#pestageneraksi8;2017-11-13 - 2017-11-13;submitSocial;all;arwin
2017-11-15 05:06:34	worker	#ganaskustik;2017-11-13 - 2017-11-13;submitSocial;all;arwin
2017-11-15 05:06:36	worker	#lnhot20;2017-11-13 - 2017-11-13;submitSocial;all;arwin
2017-11-15 05:06:39	worker	@TripAdvisor;2017-11-13 - 2017-11-13;submitSocial;all;arwin
2017-11-15 05:06:45	worker	@google;2017-11-13 - 2017-11-13;submitSocial;all;arwin
2017-11-15 05:06:48	worker	@Telkomsel;2017-11-13 - 2017-11-13;submitSocial;all;arwin
2017-11-15 05:06:51	worker	@indosat;2017-11-13 - 2017-11-13;submitSocial;all;arwin
2017-11-15 05:06:55	worker	@bahanafmjkt;2017-11-13 - 2017-11-13;submitSocial;all;2017-11-15 05:06:59	worker	@sonorafm92;2017-11-13 - 2017-11-13;submitSocial;all;arwin
2017-11-15 05:07:02	worker	@litefm1058;2017-11-13 - 2017-11-13;submitSocial;all;arwin
2017-11-15 05:07:04	worker	@Bravaradio;2017-11-13 - 2017-11-13;submitSocial;all;arwin
2017-11-15 05:07:08	worker	#dgitm;2017-11-13 - 2017-11-13;submitSocial;all;arwin
2017-11-15 05:07:10	worker	#hitsalaprambors;2017-11-13 - 2017-11-13;submitSocial;all;arwin
2017-11-15 05:07:13	worker	#reqprambors;2017-11-13 - 2017-11-13;submitSocial;all;arwin
2017-11-15 05:07:15	worker	#thedandees;2017-11-13 - 2017-11-13;submitSocial;all;arwin
2017-11-15 05:07:18	worker	#pramborsquiz;2017-11-13 - 2017-11-13;submitSocial;all;arwin
2017-11-15 05:07:20	worker	#jeliprambors;2017-11-13 - 2017-11-13;submitSocial;all;arwin
2017-11-15 05:07:22	worker	#jodohinprambors;2017-11-13 - 2017-11-13;submitSocial;all;arwin
2017-11-15 05:07:24	worker	#ubahdenganbicara;2017-11-13 - 2017-11-13;submitSocial;all;arwin
2017-11-15 05:07:27	worker	#pramborschat;2017-11-13 - 2017-11-13;submitSocial;all;arwin
2017-11-15 05:07:29	worker	#tweetforduit;2017-11-13 - 2017-11-13;submitSocial;all;arwin
2017-11-15 05:07:31	worker	#joki3in1;2017-11-13 - 2017-11-13;submitSocial;all;arwin
2017-11-15 05:07:34	worker	#sarapanseru;2017-11-13 - 2017-11-13;submitSocial;all;arwin
2017-11-15 05:07:36	worker	#rawonkaneloop;2017-11-13 - 2017-11-13;submitSocial;all;arwin
2017-11-15 05:07:39	worker	#gudegkendilkeraton;2017-11-13 - 2017-11-13;submitSocial;all;arwin
2017-11-15 05:07:41	worker	#gadogadobutika;2017-11-13 - 2017-11-13;submitSocial;all;arwin
2017-11-15 05:07:43	worker	#mtvhottest;2017-11-13 - 2017-11-13;submitSocial;all;arwin
2017-11-15 05:07:46	worker	#dimsumcjdw;2017-11-13 - 2017-11-13;submitSocial;all;arwin
2017-11-15 05:07:48	worker	#pecelmadiunmbakniek;2017-11-13 - 2017-11-13;submitSocial;all;arwin
2017-11-15 05:07:50	worker	#depotarema;2017-11-13 - 2017-11-13;submitSocial;all;arwin
2017-11-15 05:07:53	worker	@BNI46;2017-11-13 - 2017-11-13;submitSocial;all;arwin
2017-11-15 05:07:56	worker	@BANKBRI_ID;2017-11-13 - 2017-11-13;submitSocial;all;arwin
2017-11-15 05:07:58	worker	#bni46;2017-11-13 - 2017-11-13;submitSocial;all;arwin
2017-11-15 05:08:04	worker	macet;2017-11-13 - 2017-11-13;submitSocial;all;arwin
2017-11-15 05:08:07	worker	#selamatpagi;2017-11-13 - 2017-11-13;submitSocial;all;arwin
2017-11-15 05:08:09	worker	#selamatmalam;2017-11-13 - 2017-11-13;submitSocial;all;arwin
2017-11-15 05:08:12	worker	@884GlobalRadio;2017-11-13 - 2017-11-13;submitSocial;all;arwin
2017-11-15 05:08:15	worker	@day_trans;2017-11-13 - 2017-11-13;submitSocial;all;arwin
2017-11-15 05:08:18	worker	@kencanavoyage;2017-11-13 - 2017-11-13;submitSocial;all;arwin
2017-11-15 05:08:20	worker	@jukebox5d;2017-11-13 - 2017-11-13;submitSocial;all;arwin
2017-11-15 05:08:23	worker	#mtvhottest;2017-11-13 - 2017-11-13;submitSocial;all;arwin
2017-11-15 05:08:25	worker	#semangatpagi;2017-11-13 - 2017-11-13;submitSocial;all;arwin
2017-11-15 05:08:28	worker	lifebuoy;2017-11-13 - 2017-11-13;submitSocial;all;arwin
2017-11-15 05:08:34	worker	jokowi;2017-11-13 - 2017-11-13;submitSocial;all;arwin
2017-11-15 05:08:43	worker	obama;2017-11-13 - 2017-11-13;submitSocial;all;arwin
2017-11-15 05:08:46	worker	starwars;2017-11-13 - 2017-11-13;submitSocial;all;arwin
2017-11-15 05:08:50	worker	jonan;2017-11-13 - 2017-11-13;submitSocial;all;arwin
2017-11-15 05:08:59	worker	pagi;2017-11-13 - 2017-11-13;submitSocial;all;arwin
2017-11-15 05:09:02	worker	sampoerna;2017-11-13 - 2017-11-13;submitSocial;all;arwin
2017-11-15 05:09:06	worker	djarum;2017-11-13 - 2017-11-13;submitSocial;all;arwin
2017-11-15 05:09:08	worker	#semangatpagi;2017-11-13 - 2017-11-13;submitSocial;all;arwin
2017-11-15 05:09:10	worker	#generaksi8;2017-11-13 - 2017-11-13;submitSocial;all;arwin
2017-11-15 05:09:13	worker	#365alasan;2017-11-13 - 2017-11-13;submitSocial;all;arwin
2017-11-15 05:09:17	worker	weew;2017-11-13 - 2017-11-13;submitSocial;all;arwin
2017-11-15 05:09:25	worker	testing;2017-11-13 - 2017-11-13;submitSocial;all;arwin
2017-11-15 05:09:28	worker	#kopaja;2017-11-13 - 2017-11-13;submitSocial;all;arwin
2017-11-15 05:09:30	worker	#genkuisinsideout;2017-11-13 - 2017-11-13;submitSocial;all;arwin
2017-11-15 05:09:33	worker	starwars;2017-11-13 - 2017-11-13;submitSocial;all;arwin
2017-11-15 05:09:36	worker	#kopaja;2017-11-13 - 2017-11-13;submitSocial;all;arwin
2017-11-15 05:09:39	worker	mldspot;2017-11-13 - 2017-11-13;submitSocial;all;arwin
2017-11-15 05:09:42	worker	PBDjarum;2017-11-13 - 2017-11-13;submitSocial;all;arwin
2017-11-15 05:09:44	worker	TemanNabati;2017-11-13 - 2017-11-13;submitSocial;all;arwin
2017-11-15 05:09:47	worker	Nextar;2017-11-13 - 2017-11-13;submitSocial;all;arwin
2017-11-15 05:09:51	worker	jokowo;2017-11-13 - 2017-11-13;submitSocial;all;arwin
2017-11-15 05:09:55	worker	prabowo;2017-11-13 - 2017-11-13;submitSocial;all;arwin
2017-11-15 05:09:58	worker	sudirman said;2017-11-13 - 2017-11-13;submitSocial;all;arwin
2017-11-15 05:10:08	worker	ahok;2017-11-13 - 2017-11-13;submitSocial;all;arwin
2017-11-15 05:10:11	worker	setyanovanto;2017-11-13 - 2017-11-13;submitSocial;all;arwin
2017-11-15 05:10:19	worker	jokowi;2017-11-13 - 2017-11-13;submitSocial;all;arwin
2017-11-15 05:10:28	worker	ahok;2017-11-13 - 2017-11-13;submitSocial;all;arwin
2017-11-15 05:10:32	worker	prabowo;2017-11-13 - 2017-11-13;submitSocial;all;arwin
2017-11-15 05:10:35	worker	sudirman said;2017-11-13 - 2017-11-13;submitSocial;all;arwin
2017-11-15 05:10:37	worker	setyanovanto;2017-11-13 - 2017-11-13;submitSocial;all;arwin
2017-11-15 05:10:42	worker	galau;2017-11-13 - 2017-11-13;submitSocial;all;arwin
2017-11-15 05:10:44	worker	#prestasiindonesia;2017-11-13 - 2017-11-13;submitSocial;all;arwin
2017-11-15 05:10:47	worker	@Tw_Debi;2017-11-13 - 2017-11-13;submitSocial;all;arwin
2017-11-15 05:10:50	worker	@OfficialFastron;2017-11-13 - 2017-11-13;submitSocial;all;arwin
2017-11-15 05:10:52	worker	@CitibankID;2017-11-13 - 2017-11-13;submitSocial;all;arwin
2017-11-15 05:10:55	worker	@jak101fm;2017-11-13 - 2017-11-13;submitSocial;all;arwin
2017-11-15 05:10:58	worker	@genfm;2017-11-13 - 2017-11-13;submitSocial;all;arwin
