2017-02-22 05:00:05	worker	@987genfm;2017-02-20 - 2017-02-20;submitSocial;all;arwin
2017-02-22 05:00:08	worker	@101jakfm;2017-02-20 - 2017-02-20;submitSocial;all;arwin
2017-02-22 05:00:12	worker	@prambors;2017-02-20 - 2017-02-20;submitSocial;all;arwin
2017-02-22 05:00:15	worker	@hardrockfm;2017-02-20 - 2017-02-20;submitSocial;all;arwin
2017-02-22 05:00:18	worker	@kisfmjakarta;2017-02-20 - 2017-02-20;submitSocial;all;arwin
2017-02-22 05:00:21	worker	@delta_fm;2017-02-20 - 2017-02-20;submitSocial;all;arwin
2017-02-22 05:00:24	worker	@traxfmjkt;2017-02-20 - 2017-02-20;submitSocial;all;arwin
2017-02-22 05:00:27	worker	@iradiojakarta;2017-02-20 - 2017-02-20;submitSocial;all;arwin
2017-02-22 05:00:30	worker	@indika9160fm;2017-02-20 - 2017-02-20;submitSocial;all;arwin
2017-02-22 05:00:33	worker	@shellindonesia;2017-02-20 - 2017-02-20;submitSocial;all;arwin
2017-02-22 05:00:36	worker	@vpowerfans;2017-02-20 - 2017-02-20;submitSocial;all;arwin
2017-02-22 05:00:38	worker	@pertamaxind;2017-02-20 - 2017-02-20;submitSocial;all;arwin
2017-02-22 05:00:42	worker	@ptpertamina;2017-02-20 - 2017-02-20;submitSocial;all;arwin
2017-02-22 05:00:44	worker	@OZRadioJakarta;2017-02-20 - 2017-02-20;submitSocial;all;arwin
2017-02-22 05:00:47	worker	@CosmopolitanFM;2017-02-20 - 2017-02-20;submitSocial;all;arwin
2017-02-22 05:00:50	worker	@mustang88fm;2017-02-20 - 2017-02-20;submitSocial;all;arwin
2017-02-22 05:00:52	worker	@debabaz;2017-02-20 - 2017-02-20;submitSocial;all;arwin
2017-02-22 05:00:57	worker	@detikcom;2017-02-20 - 2017-02-20;submitSocial;all;arwin
2017-02-22 05:01:00	worker	@radioelshinta;2017-02-20 - 2017-02-20;submitSocial;all;arwin
2017-02-22 05:01:03	worker	@cinema21;2017-02-20 - 2017-02-20;submitSocial;all;arwin
2017-02-22 05:01:07	worker	@OfficialRCTI;2017-02-20 - 2017-02-20;submitSocial;all;arwin
2017-02-22 05:01:10	worker	@TRANSTV_CORP;2017-02-20 - 2017-02-20;submitSocial;all;arwin
2017-02-22 05:01:12	worker	@TRANS7;2017-02-20 - 2017-02-20;submitSocial;all;arwin
2017-02-22 05:01:16	worker	@Metro_TV;2017-02-20 - 2017-02-20;submitSocial;all;arwin
2017-02-22 05:01:20	worker	@tvOneNews;2017-02-20 - 2017-02-20;submitSocial;all;arwin
2017-02-22 05:01:23	worker	@whatsonANTV;2017-02-20 - 2017-02-20;submitSocial;all;arwin
2017-02-22 05:01:27	worker	@SCTV_;2017-02-20 - 2017-02-20;submitSocial;all;arwin
2017-02-22 05:01:31	worker	@KompasTV;2017-02-20 - 2017-02-20;submitSocial;all;arwin
2017-02-22 05:01:35	worker	@netmediatama;2017-02-20 - 2017-02-20;submitSocial;all;arwin
2017-02-22 05:01:38	worker	@Globaltvseru;2017-02-20 - 2017-02-20;submitSocial;all;arwin
2017-02-22 05:01:41	worker	@JaktvCom;2017-02-20 - 2017-02-20;submitSocial;all;arwin
2017-02-22 05:01:43	worker	@TVRINasional;2017-02-20 - 2017-02-20;submitSocial;all;arwin
2017-02-22 05:01:46	worker	@ochannelupdates;2017-02-20 - 2017-02-20;submitSocial;all;arwin
2017-02-22 05:01:50	worker	@IndosiarID;2017-02-20 - 2017-02-20;submitSocial;all;arwin
2017-02-22 05:01:54	worker	@kompascom;2017-02-20 - 2017-02-20;submitSocial;all;arwin
2017-02-22 05:01:57	worker	@merdekadotcom;2017-02-20 - 2017-02-20;submitSocial;all;arwin
2017-02-22 05:02:00	worker	@MIdotcom;2017-02-20 - 2017-02-20;submitSocial;all;arwin
2017-02-22 05:02:03	worker	@tempodotco;2017-02-20 - 2017-02-20;submitSocial;all;arwin
2017-02-22 05:02:06	worker	@motion975fm;2017-02-20 - 2017-02-20;submitSocial;all;arwin
2017-02-22 05:02:09	worker	@_radiotoday;2017-02-20 - 2017-02-20;submitSocial;all;arwin
2017-02-22 05:02:12	worker	@radioinfo;2017-02-20 - 2017-02-20;submitSocial;all;arwin
2017-02-22 05:02:15	worker	@979FeMaleRadio;2017-02-20 - 2017-02-20;submitSocial;all;arwin
2017-02-22 05:02:17	worker	@WomanRadio943FM;2017-02-20 - 2017-02-20;submitSocial;all;arwin
2017-02-22 05:02:20	worker	@VRadioFM;2017-02-20 - 2017-02-20;submitSocial;all;arwin
2017-02-22 05:02:22	worker	@UFM947;2017-02-20 - 2017-02-20;submitSocial;all;arwin
2017-02-22 05:02:25	worker	@VIVAnews;2017-02-20 - 2017-02-20;submitSocial;all;arwin
2017-02-22 05:02:28	worker	@antaranews;2017-02-20 - 2017-02-20;submitSocial;all;arwin
2017-02-22 05:02:32	worker	@tribunnews;2017-02-20 - 2017-02-20;submitSocial;all;arwin
2017-02-22 05:02:35	worker	@okezonenews;2017-02-20 - 2017-02-20;submitSocial;all;arwin
2017-02-22 05:02:38	worker	@Beritasatu;2017-02-20 - 2017-02-20;submitSocial;all;arwin
2017-02-22 05:02:41	worker	@rollingstoneina;2017-02-20 - 2017-02-20;submitSocial;all;arwin
2017-02-22 05:02:44	worker	@FIMELAdotcom;2017-02-20 - 2017-02-20;submitSocial;all;arwin
2017-02-22 05:02:47	worker	@KapanLagicom;2017-02-20 - 2017-02-20;submitSocial;all;arwin
2017-02-22 05:02:49	worker	@KompasEnt ;2017-02-20 - 2017-02-20;submitSocial;all;arwin
2017-02-22 05:02:52	worker	@HaiMagazine;2017-02-20 - 2017-02-20;submitSocial;all;arwin
2017-02-22 05:02:55	worker	@JakartaVenue;2017-02-20 - 2017-02-20;submitSocial;all;arwin
2017-02-22 05:02:58	worker	@SeputarEvent;2017-02-20 - 2017-02-20;submitSocial;all;arwin
2017-02-22 05:03:00	worker	@ismayaLive;2017-02-20 - 2017-02-20;submitSocial;all;arwin
2017-02-22 05:03:03	worker	@ECEntertainment;2017-02-20 - 2017-02-20;submitSocial;all;arwin
2017-02-22 05:03:06	worker	@synergism_En;2017-02-20 - 2017-02-20;submitSocial;all;arwin
2017-02-22 05:03:09	worker	@Urbanbandung;2017-02-20 - 2017-02-20;submitSocial;all;arwin
2017-02-22 05:03:11	worker	@Urbanrkm995;2017-02-20 - 2017-02-20;submitSocial;all;arwin
2017-02-22 05:03:14	worker	@Garuda_Promo;2017-02-20 - 2017-02-20;submitSocial;all;arwin
2017-02-22 05:03:17	worker	@AirAsiaID;2017-02-20 - 2017-02-20;submitSocial;all;arwin
2017-02-22 05:03:20	worker	@KAI121;2017-02-20 - 2017-02-20;submitSocial;all;arwin
2017-02-22 05:03:23	worker	@Unilever;2017-02-20 - 2017-02-20;submitSocial;all;arwin
2017-02-22 05:03:27	worker	@Nestle;2017-02-20 - 2017-02-20;submitSocial;all;arwin
2017-02-22 05:03:31	worker	@CocaCola;2017-02-20 - 2017-02-20;submitSocial;all;arwin
2017-02-22 05:03:38	worker	@CNN;2017-02-20 - 2017-02-20;submitSocial;all;arwin
2017-02-22 05:03:42	worker	@MTV;2017-02-20 - 2017-02-20;submitSocial;all;arwin
2017-02-22 05:03:45	worker	@channelv;2017-02-20 - 2017-02-20;submitSocial;all;arwin
2017-02-22 05:03:48	worker	@iTunesMusic;2017-02-20 - 2017-02-20;submitSocial;all;arwin
2017-02-22 05:03:52	worker	@mashable;2017-02-20 - 2017-02-20;submitSocial;all;arwin
2017-02-22 05:03:54	worker	@decacaz;2017-02-20 - 2017-02-20;submitSocial;all;arwin
2017-02-22 05:03:57	worker	@radiobaru967FM;2017-02-20 - 2017-02-20;submitSocial;all;arwin
2017-02-22 05:04:00	worker	@967HitzFM;2017-02-20 - 2017-02-20;submitSocial;all;arwin
2017-02-22 05:04:03	worker	@TVGuide;2017-02-20 - 2017-02-20;submitSocial;all;arwin
2017-02-22 05:04:06	worker	@XL123;2017-02-20 - 2017-02-20;submitSocial;all;arwin
2017-02-22 05:04:09	worker	@triindonesia;2017-02-20 - 2017-02-20;submitSocial;all;arwin
2017-02-22 05:04:13	worker	@kaskus;2017-02-20 - 2017-02-20;submitSocial;all;arwin
2017-02-22 05:04:16	worker	@Studio_XXI;2017-02-20 - 2017-02-20;submitSocial;all;arwin
2017-02-22 05:04:18	worker	@blitzmegaplex;2017-02-20 - 2017-02-20;submitSocial;all;arwin
2017-02-22 05:04:21	worker	@alfamartku;2017-02-20 - 2017-02-20;submitSocial;all;arwin
2017-02-22 05:04:23	worker	@Carrefour_ID;2017-02-20 - 2017-02-20;submitSocial;all;arwin
2017-02-22 05:04:27	worker	@BBCBreaking;2017-02-20 - 2017-02-20;submitSocial;all;arwin
2017-02-22 05:04:34	worker	@Forbes;2017-02-20 - 2017-02-20;submitSocial;all;arwin
2017-02-22 05:04:37	worker	@BensRadio;2017-02-20 - 2017-02-20;submitSocial;all;arwin
2017-02-22 05:04:43	worker	@instagram;2017-02-20 - 2017-02-20;submitSocial;all;arwin
2017-02-22 05:04:46	worker	@Pinterest;2017-02-20 - 2017-02-20;submitSocial;all;arwin
2017-02-22 05:04:52	worker	@google;2017-02-20 - 2017-02-20;submitSocial;all;arwin
2017-02-22 05:04:55	worker	@Pertaminalub;2017-02-20 - 2017-02-20;submitSocial;all;arwin
2017-02-22 05:04:58	worker	@InfoLalinTol;2017-02-20 - 2017-02-20;submitSocial;all;arwin
2017-02-22 05:05:01	worker	@PTJASAMARGA;2017-02-20 - 2017-02-20;submitSocial;all;arwin
2017-02-22 05:05:04	worker	@cititransindo;2017-02-20 - 2017-02-20;submitSocial;all;arwin
2017-02-22 05:05:06	worker	#semangatpagisuperr;2017-02-20 - 2017-02-20;submitSocial;all;arwin
2017-02-22 05:05:09	worker	#genkuisinsideout;2017-02-20 - 2017-02-20;submitSocial;all;arwin
2017-02-22 05:05:12	worker	#semangatpagi;2017-02-20 - 2017-02-20;submitSocial;all;arwin
2017-02-22 05:05:15	worker	#dikamar;2017-02-20 - 2017-02-20;submitSocial;all;arwin
2017-02-22 05:05:18	worker	#kopaja;2017-02-20 - 2017-02-20;submitSocial;all;arwin
2017-02-22 05:05:21	worker	#generaksi8;2017-02-20 - 2017-02-20;submitSocial;all;arwin
2017-02-22 05:05:24	worker	#hitztsp;2017-02-20 - 2017-02-20;submitSocial;all;arwin
2017-02-22 05:05:28	worker	#np;2017-02-20 - 2017-02-20;submitSocial;all;arwin
2017-02-22 05:05:31	worker	#hitzlivestage;2017-02-20 - 2017-02-20;submitSocial;all;arwin
2017-02-22 05:05:34	worker	#thefreaks;2017-02-20 - 2017-02-20;submitSocial;all;arwin
2017-02-22 05:05:36	worker	#hitzsirkuspagi;2017-02-20 - 2017-02-20;submitSocial;all;arwin
2017-02-22 05:05:39	worker	#hitzathlon;2017-02-20 - 2017-02-20;submitSocial;all;arwin
2017-02-22 05:05:42	worker	#hitzzombie;2017-02-20 - 2017-02-20;submitSocial;all;arwin
2017-02-22 05:05:45	worker	#hitzkalong;2017-02-20 - 2017-02-20;submitSocial;all;arwin
2017-02-22 05:05:48	worker	#hitzbebas;2017-02-20 - 2017-02-20;submitSocial;all;arwin
2017-02-22 05:05:50	worker	#hitzhorehara;2017-02-20 - 2017-02-20;submitSocial;all;arwin
2017-02-22 05:05:53	worker	@ZaloraID;2017-02-20 - 2017-02-20;submitSocial;all;arwin
2017-02-22 05:05:56	worker	@OLX_Indonesia;2017-02-20 - 2017-02-20;submitSocial;all;arwin
2017-02-22 05:05:59	worker	@LazadaID;2017-02-20 - 2017-02-20;submitSocial;all;arwin
2017-02-22 05:06:02	worker	@utrippers;2017-02-20 - 2017-02-20;submitSocial;all;arwin
2017-02-22 05:06:05	worker	@GoGobot;2017-02-20 - 2017-02-20;submitSocial;all;arwin
2017-02-22 05:06:08	worker	@viatortravel;2017-02-20 - 2017-02-20;submitSocial;all;arwin
2017-02-22 05:06:11	worker	@alandakariza;2017-02-20 - 2017-02-20;submitSocial;all;arwin
2017-02-22 05:06:14	worker	@gagasmedia;2017-02-20 - 2017-02-20;submitSocial;all;arwin
2017-02-22 05:06:17	worker	@welovehonda;2017-02-20 - 2017-02-20;submitSocial;all;arwin
2017-02-22 05:06:20	worker	@SuzukiMotorID;2017-02-20 - 2017-02-20;submitSocial;all;arwin
2017-02-22 05:06:23	worker	@kawasakilovers;2017-02-20 - 2017-02-20;submitSocial;all;arwin
2017-02-22 05:06:25	worker	@yamahaindonesia;2017-02-20 - 2017-02-20;submitSocial;all;arwin
2017-02-22 05:06:28	worker	@tripanzee;2017-02-20 - 2017-02-20;submitSocial;all;arwin
2017-02-22 05:06:31	worker	@arnoldpoernomo;2017-02-20 - 2017-02-20;submitSocial;all;arwin
2017-02-22 05:06:34	worker	@nicsap;2017-02-20 - 2017-02-20;submitSocial;all;arwin
2017-02-22 05:06:37	worker	@tiket2;2017-02-20 - 2017-02-20;submitSocial;all;arwin
2017-02-22 05:06:40	worker	@traveloka;2017-02-20 - 2017-02-20;submitSocial;all;arwin
2017-02-22 05:06:44	worker	@wego;2017-02-20 - 2017-02-20;submitSocial;all;arwin
2017-02-22 05:06:48	worker	@agoda;2017-02-20 - 2017-02-20;submitSocial;all;arwin
2017-02-22 05:06:50	worker	#salahsambung;2017-02-20 - 2017-02-20;submitSocial;all;arwin
2017-02-22 05:06:53	worker	#tulalit;2017-02-20 - 2017-02-20;submitSocial;all;arwin
2017-02-22 05:06:56	worker	#pestageneraksi8;2017-02-20 - 2017-02-20;submitSocial;all;arwin
2017-02-22 05:06:58	worker	#ganaskustik;2017-02-20 - 2017-02-20;submitSocial;all;arwin
2017-02-22 05:07:01	worker	#lnhot20;2017-02-20 - 2017-02-20;submitSocial;all;arwin
2017-02-22 05:07:04	worker	@TripAdvisor;2017-02-20 - 2017-02-20;submitSocial;all;arwin
2017-02-22 05:07:10	worker	@google;2017-02-20 - 2017-02-20;submitSocial;all;arwin
2017-02-22 05:07:13	worker	@Telkomsel;2017-02-20 - 2017-02-20;submitSocial;all;arwin
2017-02-22 05:07:17	worker	@indosat;2017-02-20 - 2017-02-20;submitSocial;all;arwin
2017-02-22 05:07:21	worker	@bahanafmjkt;2017-02-20 - 2017-02-20;submitSocial;all;2017-02-22 05:07:26	worker	@sonorafm92;2017-02-20 - 2017-02-20;submitSocial;all;arwin
2017-02-22 05:07:28	worker	@litefm1058;2017-02-20 - 2017-02-20;submitSocial;all;arwin
2017-02-22 05:07:31	worker	@Bravaradio;2017-02-20 - 2017-02-20;submitSocial;all;arwin
2017-02-22 05:07:34	worker	#dgitm;2017-02-20 - 2017-02-20;submitSocial;all;arwin
2017-02-22 05:07:37	worker	#hitsalaprambors;2017-02-20 - 2017-02-20;submitSocial;all;arwin
2017-02-22 05:07:40	worker	#reqprambors;2017-02-20 - 2017-02-20;submitSocial;all;arwin
2017-02-22 05:07:43	worker	#thedandees;2017-02-20 - 2017-02-20;submitSocial;all;arwin
2017-02-22 05:07:45	worker	#pramborsquiz;2017-02-20 - 2017-02-20;submitSocial;all;arwin
2017-02-22 05:07:48	worker	#jeliprambors;2017-02-20 - 2017-02-20;submitSocial;all;arwin
2017-02-22 05:07:50	worker	#jodohinprambors;2017-02-20 - 2017-02-20;submitSocial;all;arwin
2017-02-22 05:07:53	worker	#ubahdenganbicara;2017-02-20 - 2017-02-20;submitSocial;all;arwin
2017-02-22 05:07:55	worker	#pramborschat;2017-02-20 - 2017-02-20;submitSocial;all;arwin
2017-02-22 05:07:58	worker	#tweetforduit;2017-02-20 - 2017-02-20;submitSocial;all;arwin
2017-02-22 05:08:00	worker	#joki3in1;2017-02-20 - 2017-02-20;submitSocial;all;arwin
2017-02-22 05:08:03	worker	#sarapanseru;2017-02-20 - 2017-02-20;submitSocial;all;arwin
2017-02-22 05:08:06	worker	#rawonkaneloop;2017-02-20 - 2017-02-20;submitSocial;all;arwin
2017-02-22 05:08:09	worker	#gudegkendilkeraton;2017-02-20 - 2017-02-20;submitSocial;all;arwin
2017-02-22 05:08:11	worker	#gadogadobutika;2017-02-20 - 2017-02-20;submitSocial;all;arwin
2017-02-22 05:08:14	worker	#mtvhottest;2017-02-20 - 2017-02-20;submitSocial;all;arwin
2017-02-22 05:08:17	worker	#dimsumcjdw;2017-02-20 - 2017-02-20;submitSocial;all;arwin
2017-02-22 05:08:20	worker	#pecelmadiunmbakniek;2017-02-20 - 2017-02-20;submitSocial;all;arwin
2017-02-22 05:08:22	worker	#depotarema;2017-02-20 - 2017-02-20;submitSocial;all;arwin
2017-02-22 05:08:25	worker	@BNI46;2017-02-20 - 2017-02-20;submitSocial;all;arwin
2017-02-22 05:08:28	worker	@BANKBRI_ID;2017-02-20 - 2017-02-20;submitSocial;all;arwin
2017-02-22 05:08:31	worker	#bni46;2017-02-20 - 2017-02-20;submitSocial;all;arwin
2017-02-22 05:08:38	worker	macet;2017-02-20 - 2017-02-20;submitSocial;all;arwin
2017-02-22 05:08:41	worker	#selamatpagi;2017-02-20 - 2017-02-20;submitSocial;all;arwin
2017-02-22 05:08:44	worker	#selamatmalam;2017-02-20 - 2017-02-20;submitSocial;all;arwin
2017-02-22 05:08:47	worker	@884GlobalRadio;2017-02-20 - 2017-02-20;submitSocial;all;arwin
2017-02-22 05:08:50	worker	@day_trans;2017-02-20 - 2017-02-20;submitSocial;all;arwin
2017-02-22 05:08:52	worker	@kencanavoyage;2017-02-20 - 2017-02-20;submitSocial;all;arwin
2017-02-22 05:08:55	worker	@jukebox5d;2017-02-20 - 2017-02-20;submitSocial;all;arwin
2017-02-22 05:08:58	worker	#mtvhottest;2017-02-20 - 2017-02-20;submitSocial;all;arwin
2017-02-22 05:09:01	worker	#semangatpagi;2017-02-20 - 2017-02-20;submitSocial;all;arwin
2017-02-22 05:09:03	worker	lifebuoy;2017-02-20 - 2017-02-20;submitSocial;all;arwin
2017-02-22 05:09:11	worker	jokowi;2017-02-20 - 2017-02-20;submitSocial;all;arwin
2017-02-22 05:09:21	worker	obama;2017-02-20 - 2017-02-20;submitSocial;all;arwin
2017-02-22 05:09:24	worker	starwars;2017-02-20 - 2017-02-20;submitSocial;all;arwin
2017-02-22 05:09:30	worker	jonan;2017-02-20 - 2017-02-20;submitSocial;all;arwin
2017-02-22 05:09:40	worker	pagi;2017-02-20 - 2017-02-20;submitSocial;all;arwin
2017-02-22 05:09:43	worker	sampoerna;2017-02-20 - 2017-02-20;submitSocial;all;arwin
2017-02-22 05:09:47	worker	djarum;2017-02-20 - 2017-02-20;submitSocial;all;arwin
2017-02-22 05:09:50	worker	#semangatpagi;2017-02-20 - 2017-02-20;submitSocial;all;arwin
2017-02-22 05:09:52	worker	#generaksi8;2017-02-20 - 2017-02-20;submitSocial;all;arwin
2017-02-22 05:09:55	worker	#365alasan;2017-02-20 - 2017-02-20;submitSocial;all;arwin
2017-02-22 05:09:59	worker	weew;2017-02-20 - 2017-02-20;submitSocial;all;arwin
2017-02-22 05:10:09	worker	testing;2017-02-20 - 2017-02-20;submitSocial;all;arwin
2017-02-22 05:10:12	worker	#kopaja;2017-02-20 - 2017-02-20;submitSocial;all;arwin
2017-02-22 05:10:15	worker	#genkuisinsideout;2017-02-20 - 2017-02-20;submitSocial;all;arwin
2017-02-22 05:10:18	worker	starwars;2017-02-20 - 2017-02-20;submitSocial;all;arwin
2017-02-22 05:10:22	worker	#kopaja;2017-02-20 - 2017-02-20;submitSocial;all;arwin
2017-02-22 05:10:25	worker	mldspot;2017-02-20 - 2017-02-20;submitSocial;all;arwin
2017-02-22 05:10:28	worker	PBDjarum;2017-02-20 - 2017-02-20;submitSocial;all;arwin
2017-02-22 05:10:31	worker	TemanNabati;2017-02-20 - 2017-02-20;submitSocial;all;arwin
2017-02-22 05:10:35	worker	Nextar;2017-02-20 - 2017-02-20;submitSocial;all;arwin
2017-02-22 05:10:38	worker	jokowo;2017-02-20 - 2017-02-20;submitSocial;all;arwin
2017-02-22 05:10:42	worker	prabowo;2017-02-20 - 2017-02-20;submitSocial;all;arwin
2017-02-22 05:10:45	worker	sudirman said;2017-02-20 - 2017-02-20;submitSocial;all;arwin
2017-02-22 05:10:57	worker	ahok;2017-02-20 - 2017-02-20;submitSocial;all;arwin
2017-02-22 05:11:00	worker	setyanovanto;2017-02-20 - 2017-02-20;submitSocial;all;arwin
2017-02-22 05:11:08	worker	jokowi;2017-02-20 - 2017-02-20;submitSocial;all;arwin
2017-02-22 05:11:20	worker	ahok;2017-02-20 - 2017-02-20;submitSocial;all;arwin
2017-02-22 05:11:23	worker	prabowo;2017-02-20 - 2017-02-20;submitSocial;all;arwin
2017-02-22 05:11:26	worker	sudirman said;2017-02-20 - 2017-02-20;submitSocial;all;arwin
2017-02-22 05:11:29	worker	setyanovanto;2017-02-20 - 2017-02-20;submitSocial;all;arwin
2017-02-22 05:11:36	worker	galau;2017-02-20 - 2017-02-20;submitSocial;all;arwin
2017-02-22 05:11:39	worker	#prestasiindonesia;2017-02-20 - 2017-02-20;submitSocial;all;arwin
2017-02-22 05:11:42	worker	@Tw_Debi;2017-02-20 - 2017-02-20;submitSocial;all;arwin
2017-02-22 05:11:44	worker	@OfficialFastron;2017-02-20 - 2017-02-20;submitSocial;all;arwin
2017-02-22 05:11:47	worker	@CitibankID;2017-02-20 - 2017-02-20;submitSocial;all;arwin
2017-02-22 05:11:50	worker	@jak101fm;2017-02-20 - 2017-02-20;submitSocial;all;arwin
2017-02-22 05:11:54	worker	@genfm;2017-02-20 - 2017-02-20;submitSocial;all;arwin
