2017-12-26 05:00:06	worker	@987genfm;2017-12-24 - 2017-12-24;submitSocial;all;arwin
2017-12-26 05:00:09	worker	@101jakfm;2017-12-24 - 2017-12-24;submitSocial;all;arwin
2017-12-26 05:00:11	worker	@prambors;2017-12-24 - 2017-12-24;submitSocial;all;arwin
2017-12-26 05:00:14	worker	@hardrockfm;2017-12-24 - 2017-12-24;submitSocial;all;arwin
2017-12-26 05:00:16	worker	@kisfmjakarta;2017-12-24 - 2017-12-24;submitSocial;all;arwin
2017-12-26 05:00:19	worker	@delta_fm;2017-12-24 - 2017-12-24;submitSocial;all;arwin
2017-12-26 05:00:21	worker	@traxfmjkt;2017-12-24 - 2017-12-24;submitSocial;all;arwin
2017-12-26 05:00:23	worker	@iradiojakarta;2017-12-24 - 2017-12-24;submitSocial;all;arwin
2017-12-26 05:00:25	worker	@indika9160fm;2017-12-24 - 2017-12-24;submitSocial;all;arwin
2017-12-26 05:00:28	worker	@shellindonesia;2017-12-24 - 2017-12-24;submitSocial;all;arwin
2017-12-26 05:00:30	worker	@vpowerfans;2017-12-24 - 2017-12-24;submitSocial;all;arwin
2017-12-26 05:00:32	worker	@pertamaxind;2017-12-24 - 2017-12-24;submitSocial;all;arwin
2017-12-26 05:00:35	worker	@ptpertamina;2017-12-24 - 2017-12-24;submitSocial;all;arwin
2017-12-26 05:00:37	worker	@OZRadioJakarta;2017-12-24 - 2017-12-24;submitSocial;all;arwin
2017-12-26 05:00:39	worker	@CosmopolitanFM;2017-12-24 - 2017-12-24;submitSocial;all;arwin
2017-12-26 05:00:41	worker	@mustang88fm;2017-12-24 - 2017-12-24;submitSocial;all;arwin
2017-12-26 05:00:43	worker	@debabaz;2017-12-24 - 2017-12-24;submitSocial;all;arwin
2017-12-26 05:00:46	worker	@detikcom;2017-12-24 - 2017-12-24;submitSocial;all;arwin
2017-12-26 05:00:49	worker	@radioelshinta;2017-12-24 - 2017-12-24;submitSocial;all;arwin
2017-12-26 05:00:51	worker	@cinema21;2017-12-24 - 2017-12-24;submitSocial;all;arwin
2017-12-26 05:00:54	worker	@OfficialRCTI;2017-12-24 - 2017-12-24;submitSocial;all;arwin
2017-12-26 05:00:56	worker	@TRANSTV_CORP;2017-12-24 - 2017-12-24;submitSocial;all;arwin
2017-12-26 05:00:58	worker	@TRANS7;2017-12-24 - 2017-12-24;submitSocial;all;arwin
2017-12-26 05:01:01	worker	@Metro_TV;2017-12-24 - 2017-12-24;submitSocial;all;arwin
2017-12-26 05:01:03	worker	@tvOneNews;2017-12-24 - 2017-12-24;submitSocial;all;arwin
2017-12-26 05:01:06	worker	@whatsonANTV;2017-12-24 - 2017-12-24;submitSocial;all;arwin
2017-12-26 05:01:09	worker	@SCTV_;2017-12-24 - 2017-12-24;submitSocial;all;arwin
2017-12-26 05:01:11	worker	@KompasTV;2017-12-24 - 2017-12-24;submitSocial;all;arwin
2017-12-26 05:01:14	worker	@netmediatama;2017-12-24 - 2017-12-24;submitSocial;all;arwin
2017-12-26 05:01:16	worker	@Globaltvseru;2017-12-24 - 2017-12-24;submitSocial;all;arwin
2017-12-26 05:01:19	worker	@JaktvCom;2017-12-24 - 2017-12-24;submitSocial;all;arwin
2017-12-26 05:01:21	worker	@TVRINasional;2017-12-24 - 2017-12-24;submitSocial;all;arwin
2017-12-26 05:01:24	worker	@ochannelupdates;2017-12-24 - 2017-12-24;submitSocial;all;arwin
2017-12-26 05:01:27	worker	@IndosiarID;2017-12-24 - 2017-12-24;submitSocial;all;arwin
2017-12-26 05:01:31	worker	@kompascom;2017-12-24 - 2017-12-24;submitSocial;all;arwin
2017-12-26 05:01:34	worker	@merdekadotcom;2017-12-24 - 2017-12-24;submitSocial;all;arwin
2017-12-26 05:01:36	worker	@MIdotcom;2017-12-24 - 2017-12-24;submitSocial;all;arwin
2017-12-26 05:01:39	worker	@tempodotco;2017-12-24 - 2017-12-24;submitSocial;all;arwin
2017-12-26 05:01:41	worker	@motion975fm;2017-12-24 - 2017-12-24;submitSocial;all;arwin
2017-12-26 05:01:43	worker	@_radiotoday;2017-12-24 - 2017-12-24;submitSocial;all;arwin
2017-12-26 05:01:46	worker	@radioinfo;2017-12-24 - 2017-12-24;submitSocial;all;arwin
2017-12-26 05:01:48	worker	@979FeMaleRadio;2017-12-24 - 2017-12-24;submitSocial;all;arwin
2017-12-26 05:01:50	worker	@WomanRadio943FM;2017-12-24 - 2017-12-24;submitSocial;all;arwin
2017-12-26 05:01:52	worker	@VRadioFM;2017-12-24 - 2017-12-24;submitSocial;all;arwin
2017-12-26 05:01:54	worker	@UFM947;2017-12-24 - 2017-12-24;submitSocial;all;arwin
2017-12-26 05:01:57	worker	@VIVAnews;2017-12-24 - 2017-12-24;submitSocial;all;arwin
2017-12-26 05:01:59	worker	@antaranews;2017-12-24 - 2017-12-24;submitSocial;all;arwin
2017-12-26 05:02:02	worker	@tribunnews;2017-12-24 - 2017-12-24;submitSocial;all;arwin
2017-12-26 05:02:05	worker	@okezonenews;2017-12-24 - 2017-12-24;submitSocial;all;arwin
2017-12-26 05:02:07	worker	@Beritasatu;2017-12-24 - 2017-12-24;submitSocial;all;arwin
2017-12-26 05:02:09	worker	@rollingstoneina;2017-12-24 - 2017-12-24;submitSocial;all;arwin
2017-12-26 05:02:11	worker	@FIMELAdotcom;2017-12-24 - 2017-12-24;submitSocial;all;arwin
2017-12-26 05:02:14	worker	@KapanLagicom;2017-12-24 - 2017-12-24;submitSocial;all;arwin
2017-12-26 05:02:16	worker	@KompasEnt ;2017-12-24 - 2017-12-24;submitSocial;all;arwin
2017-12-26 05:02:18	worker	@HaiMagazine;2017-12-24 - 2017-12-24;submitSocial;all;arwin
2017-12-26 05:02:21	worker	@JakartaVenue;2017-12-24 - 2017-12-24;submitSocial;all;arwin
2017-12-26 05:02:23	worker	@SeputarEvent;2017-12-24 - 2017-12-24;submitSocial;all;arwin
2017-12-26 05:02:25	worker	@ismayaLive;2017-12-24 - 2017-12-24;submitSocial;all;arwin
2017-12-26 05:02:27	worker	@ECEntertainment;2017-12-24 - 2017-12-24;submitSocial;all;arwin
2017-12-26 05:02:29	worker	@synergism_En;2017-12-24 - 2017-12-24;submitSocial;all;arwin
2017-12-26 05:02:32	worker	@Urbanbandung;2017-12-24 - 2017-12-24;submitSocial;all;arwin
2017-12-26 05:02:33	worker	@Urbanrkm995;2017-12-24 - 2017-12-24;submitSocial;all;arwin
2017-12-26 05:02:36	worker	@Garuda_Promo;2017-12-24 - 2017-12-24;submitSocial;all;arwin
2017-12-26 05:02:38	worker	@AirAsiaID;2017-12-24 - 2017-12-24;submitSocial;all;arwin
2017-12-26 05:02:40	worker	@KAI121;2017-12-24 - 2017-12-24;submitSocial;all;arwin
2017-12-26 05:02:43	worker	@Unilever;2017-12-24 - 2017-12-24;submitSocial;all;arwin
2017-12-26 05:02:46	worker	@Nestle;2017-12-24 - 2017-12-24;submitSocial;all;arwin
2017-12-26 05:02:49	worker	@CocaCola;2017-12-24 - 2017-12-24;submitSocial;all;arwin
2017-12-26 05:02:56	worker	@CNN;2017-12-24 - 2017-12-24;submitSocial;all;arwin
2017-12-26 05:02:59	worker	@MTV;2017-12-24 - 2017-12-24;submitSocial;all;arwin
2017-12-26 05:03:01	worker	@channelv;2017-12-24 - 2017-12-24;submitSocial;all;arwin
2017-12-26 05:03:04	worker	@iTunesMusic;2017-12-24 - 2017-12-24;submitSocial;all;arwin
2017-12-26 05:03:07	worker	@mashable;2017-12-24 - 2017-12-24;submitSocial;all;arwin
2017-12-26 05:03:09	worker	@decacaz;2017-12-24 - 2017-12-24;submitSocial;all;arwin
2017-12-26 05:03:12	worker	@radiobaru967FM;2017-12-24 - 2017-12-24;submitSocial;all;arwin
2017-12-26 05:03:14	worker	@967HitzFM;2017-12-24 - 2017-12-24;submitSocial;all;arwin
2017-12-26 05:03:17	worker	@TVGuide;2017-12-24 - 2017-12-24;submitSocial;all;arwin
2017-12-26 05:03:19	worker	@XL123;2017-12-24 - 2017-12-24;submitSocial;all;arwin
2017-12-26 05:03:21	worker	@triindonesia;2017-12-24 - 2017-12-24;submitSocial;all;arwin
2017-12-26 05:03:24	worker	@kaskus;2017-12-24 - 2017-12-24;submitSocial;all;arwin
2017-12-26 05:03:26	worker	@Studio_XXI;2017-12-24 - 2017-12-24;submitSocial;all;arwin
2017-12-26 05:03:28	worker	@blitzmegaplex;2017-12-24 - 2017-12-24;submitSocial;all;arwin
2017-12-26 05:03:30	worker	@alfamartku;2017-12-24 - 2017-12-24;submitSocial;all;arwin
2017-12-26 05:03:33	worker	@Carrefour_ID;2017-12-24 - 2017-12-24;submitSocial;all;arwin
2017-12-26 05:03:36	worker	@BBCBreaking;2017-12-24 - 2017-12-24;submitSocial;all;arwin
2017-12-26 05:03:42	worker	@Forbes;2017-12-24 - 2017-12-24;submitSocial;all;arwin
2017-12-26 05:03:45	worker	@BensRadio;2017-12-24 - 2017-12-24;submitSocial;all;arwin
2017-12-26 05:03:49	worker	@instagram;2017-12-24 - 2017-12-24;submitSocial;all;arwin
2017-12-26 05:03:51	worker	@Pinterest;2017-12-24 - 2017-12-24;submitSocial;all;arwin
2017-12-26 05:03:56	worker	@google;2017-12-24 - 2017-12-24;submitSocial;all;arwin
2017-12-26 05:03:58	worker	@Pertaminalub;2017-12-24 - 2017-12-24;submitSocial;all;arwin
2017-12-26 05:04:00	worker	@InfoLalinTol;2017-12-24 - 2017-12-24;submitSocial;all;arwin
2017-12-26 05:04:03	worker	@PTJASAMARGA;2017-12-24 - 2017-12-24;submitSocial;all;arwin
2017-12-26 05:04:05	worker	@cititransindo;2017-12-24 - 2017-12-24;submitSocial;all;arwin
2017-12-26 05:04:07	worker	#semangatpagisuperr;2017-12-24 - 2017-12-24;submitSocial;all;arwin
2017-12-26 05:04:09	worker	#genkuisinsideout;2017-12-24 - 2017-12-24;submitSocial;all;arwin
2017-12-26 05:04:11	worker	#semangatpagi;2017-12-24 - 2017-12-24;submitSocial;all;arwin
2017-12-26 05:04:14	worker	#dikamar;2017-12-24 - 2017-12-24;submitSocial;all;arwin
2017-12-26 05:04:16	worker	#kopaja;2017-12-24 - 2017-12-24;submitSocial;all;arwin
2017-12-26 05:04:18	worker	#generaksi8;2017-12-24 - 2017-12-24;submitSocial;all;arwin
2017-12-26 05:04:20	worker	#hitztsp;2017-12-24 - 2017-12-24;submitSocial;all;arwin
2017-12-26 05:04:23	worker	#np;2017-12-24 - 2017-12-24;submitSocial;all;arwin
2017-12-26 05:04:25	worker	#hitzlivestage;2017-12-24 - 2017-12-24;submitSocial;all;arwin
2017-12-26 05:04:28	worker	#thefreaks;2017-12-24 - 2017-12-24;submitSocial;all;arwin
2017-12-26 05:04:30	worker	#hitzsirkuspagi;2017-12-24 - 2017-12-24;submitSocial;all;arwin
2017-12-26 05:04:32	worker	#hitzathlon;2017-12-24 - 2017-12-24;submitSocial;all;arwin
2017-12-26 05:04:34	worker	#hitzzombie;2017-12-24 - 2017-12-24;submitSocial;all;arwin
2017-12-26 05:04:36	worker	#hitzkalong;2017-12-24 - 2017-12-24;submitSocial;all;arwin
2017-12-26 05:04:38	worker	#hitzbebas;2017-12-24 - 2017-12-24;submitSocial;all;arwin
2017-12-26 05:04:41	worker	#hitzhorehara;2017-12-24 - 2017-12-24;submitSocial;all;arwin
2017-12-26 05:04:43	worker	@ZaloraID;2017-12-24 - 2017-12-24;submitSocial;all;arwin
2017-12-26 05:04:45	worker	@OLX_Indonesia;2017-12-24 - 2017-12-24;submitSocial;all;arwin
2017-12-26 05:04:48	worker	@LazadaID;2017-12-24 - 2017-12-24;submitSocial;all;arwin
2017-12-26 05:04:50	worker	@utrippers;2017-12-24 - 2017-12-24;submitSocial;all;arwin
2017-12-26 05:04:52	worker	@GoGobot;2017-12-24 - 2017-12-24;submitSocial;all;arwin
2017-12-26 05:04:55	worker	@viatortravel;2017-12-24 - 2017-12-24;submitSocial;all;arwin
2017-12-26 05:04:57	worker	@alandakariza;2017-12-24 - 2017-12-24;submitSocial;all;arwin
2017-12-26 05:04:59	worker	@gagasmedia;2017-12-24 - 2017-12-24;submitSocial;all;arwin
2017-12-26 05:05:01	worker	@welovehonda;2017-12-24 - 2017-12-24;submitSocial;all;arwin
2017-12-26 05:05:04	worker	@SuzukiMotorID;2017-12-24 - 2017-12-24;submitSocial;all;arwin
2017-12-26 05:05:07	worker	@kawasakilovers;2017-12-24 - 2017-12-24;submitSocial;all;arwin
2017-12-26 05:05:09	worker	@yamahaindonesia;2017-12-24 - 2017-12-24;submitSocial;all;arwin
2017-12-26 05:05:12	worker	@tripanzee;2017-12-24 - 2017-12-24;submitSocial;all;arwin
2017-12-26 05:05:14	worker	@arnoldpoernomo;2017-12-24 - 2017-12-24;submitSocial;all;arwin
2017-12-26 05:05:17	worker	@nicsap;2017-12-24 - 2017-12-24;submitSocial;all;arwin
2017-12-26 05:05:19	worker	@tiket2;2017-12-24 - 2017-12-24;submitSocial;all;arwin
2017-12-26 05:05:21	worker	@traveloka;2017-12-24 - 2017-12-24;submitSocial;all;arwin
2017-12-26 05:05:24	worker	@wego;2017-12-24 - 2017-12-24;submitSocial;all;arwin
2017-12-26 05:05:27	worker	@agoda;2017-12-24 - 2017-12-24;submitSocial;all;arwin
2017-12-26 05:05:29	worker	#salahsambung;2017-12-24 - 2017-12-24;submitSocial;all;arwin
2017-12-26 05:05:32	worker	#tulalit;2017-12-24 - 2017-12-24;submitSocial;all;arwin
2017-12-26 05:05:33	worker	#pestageneraksi8;2017-12-24 - 2017-12-24;submitSocial;all;arwin
2017-12-26 05:05:36	worker	#ganaskustik;2017-12-24 - 2017-12-24;submitSocial;all;arwin
2017-12-26 05:05:37	worker	#lnhot20;2017-12-24 - 2017-12-24;submitSocial;all;arwin
2017-12-26 05:05:40	worker	@TripAdvisor;2017-12-24 - 2017-12-24;submitSocial;all;arwin
2017-12-26 05:05:45	worker	@google;2017-12-24 - 2017-12-24;submitSocial;all;arwin
2017-12-26 05:05:48	worker	@Telkomsel;2017-12-24 - 2017-12-24;submitSocial;all;arwin
2017-12-26 05:05:50	worker	@indosat;2017-12-24 - 2017-12-24;submitSocial;all;arwin
2017-12-26 05:05:53	worker	@bahanafmjkt;2017-12-24 - 2017-12-24;submitSocial;all;2017-12-26 05:05:57	worker	@sonorafm92;2017-12-24 - 2017-12-24;submitSocial;all;arwin
2017-12-26 05:05:59	worker	@litefm1058;2017-12-24 - 2017-12-24;submitSocial;all;arwin
2017-12-26 05:06:01	worker	@Bravaradio;2017-12-24 - 2017-12-24;submitSocial;all;arwin
2017-12-26 05:06:04	worker	#dgitm;2017-12-24 - 2017-12-24;submitSocial;all;arwin
2017-12-26 05:06:06	worker	#hitsalaprambors;2017-12-24 - 2017-12-24;submitSocial;all;arwin
2017-12-26 05:06:08	worker	#reqprambors;2017-12-24 - 2017-12-24;submitSocial;all;arwin
2017-12-26 05:06:11	worker	#thedandees;2017-12-24 - 2017-12-24;submitSocial;all;arwin
2017-12-26 05:06:13	worker	#pramborsquiz;2017-12-24 - 2017-12-24;submitSocial;all;arwin
2017-12-26 05:06:15	worker	#jeliprambors;2017-12-24 - 2017-12-24;submitSocial;all;arwin
2017-12-26 05:06:17	worker	#jodohinprambors;2017-12-24 - 2017-12-24;submitSocial;all;arwin
2017-12-26 05:06:19	worker	#ubahdenganbicara;2017-12-24 - 2017-12-24;submitSocial;all;arwin
2017-12-26 05:06:21	worker	#pramborschat;2017-12-24 - 2017-12-24;submitSocial;all;arwin
2017-12-26 05:06:23	worker	#tweetforduit;2017-12-24 - 2017-12-24;submitSocial;all;arwin
2017-12-26 05:06:25	worker	#joki3in1;2017-12-24 - 2017-12-24;submitSocial;all;arwin
2017-12-26 05:06:28	worker	#sarapanseru;2017-12-24 - 2017-12-24;submitSocial;all;arwin
2017-12-26 05:06:30	worker	#rawonkaneloop;2017-12-24 - 2017-12-24;submitSocial;all;arwin
2017-12-26 05:06:32	worker	#gudegkendilkeraton;2017-12-24 - 2017-12-24;submitSocial;all;arwin
2017-12-26 05:06:34	worker	#gadogadobutika;2017-12-24 - 2017-12-24;submitSocial;all;arwin
2017-12-26 05:06:36	worker	#mtvhottest;2017-12-24 - 2017-12-24;submitSocial;all;arwin
2017-12-26 05:06:38	worker	#dimsumcjdw;2017-12-24 - 2017-12-24;submitSocial;all;arwin
2017-12-26 05:06:40	worker	#pecelmadiunmbakniek;2017-12-24 - 2017-12-24;submitSocial;all;arwin
2017-12-26 05:06:42	worker	#depotarema;2017-12-24 - 2017-12-24;submitSocial;all;arwin
2017-12-26 05:06:45	worker	@BNI46;2017-12-24 - 2017-12-24;submitSocial;all;arwin
2017-12-26 05:06:47	worker	@BANKBRI_ID;2017-12-24 - 2017-12-24;submitSocial;all;arwin
2017-12-26 05:06:49	worker	#bni46;2017-12-24 - 2017-12-24;submitSocial;all;arwin
2017-12-26 05:06:54	worker	macet;2017-12-24 - 2017-12-24;submitSocial;all;arwin
2017-12-26 05:06:57	worker	#selamatpagi;2017-12-24 - 2017-12-24;submitSocial;all;arwin
2017-12-26 05:06:59	worker	#selamatmalam;2017-12-24 - 2017-12-24;submitSocial;all;arwin
2017-12-26 05:07:01	worker	@884GlobalRadio;2017-12-24 - 2017-12-24;submitSocial;all;arwin
2017-12-26 05:07:03	worker	@day_trans;2017-12-24 - 2017-12-24;submitSocial;all;arwin
2017-12-26 05:07:05	worker	@kencanavoyage;2017-12-24 - 2017-12-24;submitSocial;all;arwin
2017-12-26 05:07:08	worker	@jukebox5d;2017-12-24 - 2017-12-24;submitSocial;all;arwin
2017-12-26 05:07:10	worker	#mtvhottest;2017-12-24 - 2017-12-24;submitSocial;all;arwin
2017-12-26 05:07:12	worker	#semangatpagi;2017-12-24 - 2017-12-24;submitSocial;all;arwin
2017-12-26 05:07:14	worker	lifebuoy;2017-12-24 - 2017-12-24;submitSocial;all;arwin
2017-12-26 05:07:20	worker	jokowi;2017-12-24 - 2017-12-24;submitSocial;all;arwin
2017-12-26 05:07:29	worker	obama;2017-12-24 - 2017-12-24;submitSocial;all;arwin
2017-12-26 05:07:32	worker	starwars;2017-12-24 - 2017-12-24;submitSocial;all;arwin
2017-12-26 05:07:35	worker	jonan;2017-12-24 - 2017-12-24;submitSocial;all;arwin
2017-12-26 05:07:44	worker	pagi;2017-12-24 - 2017-12-24;submitSocial;all;arwin
2017-12-26 05:07:46	worker	sampoerna;2017-12-24 - 2017-12-24;submitSocial;all;arwin
2017-12-26 05:07:49	worker	djarum;2017-12-24 - 2017-12-24;submitSocial;all;arwin
2017-12-26 05:07:51	worker	#semangatpagi;2017-12-24 - 2017-12-24;submitSocial;all;arwin
2017-12-26 05:07:53	worker	#generaksi8;2017-12-24 - 2017-12-24;submitSocial;all;arwin
2017-12-26 05:07:55	worker	#365alasan;2017-12-24 - 2017-12-24;submitSocial;all;arwin
2017-12-26 05:07:58	worker	weew;2017-12-24 - 2017-12-24;submitSocial;all;arwin
2017-12-26 05:08:06	worker	testing;2017-12-24 - 2017-12-24;submitSocial;all;arwin
2017-12-26 05:08:09	worker	#kopaja;2017-12-24 - 2017-12-24;submitSocial;all;arwin
2017-12-26 05:08:11	worker	#genkuisinsideout;2017-12-24 - 2017-12-24;submitSocial;all;arwin
2017-12-26 05:08:13	worker	starwars;2017-12-24 - 2017-12-24;submitSocial;all;arwin
2017-12-26 05:08:16	worker	#kopaja;2017-12-24 - 2017-12-24;submitSocial;all;arwin
2017-12-26 05:08:19	worker	mldspot;2017-12-24 - 2017-12-24;submitSocial;all;arwin
2017-12-26 05:08:21	worker	PBDjarum;2017-12-24 - 2017-12-24;submitSocial;all;arwin
2017-12-26 05:08:24	worker	TemanNabati;2017-12-24 - 2017-12-24;submitSocial;all;arwin
2017-12-26 05:08:27	worker	Nextar;2017-12-24 - 2017-12-24;submitSocial;all;arwin
2017-12-26 05:08:30	worker	jokowo;2017-12-24 - 2017-12-24;submitSocial;all;arwin
2017-12-26 05:08:33	worker	prabowo;2017-12-24 - 2017-12-24;submitSocial;all;arwin
2017-12-26 05:08:36	worker	sudirman said;2017-12-24 - 2017-12-24;submitSocial;all;arwin
2017-12-26 05:08:42	worker	ahok;2017-12-24 - 2017-12-24;submitSocial;all;arwin
2017-12-26 05:08:44	worker	setyanovanto;2017-12-24 - 2017-12-24;submitSocial;all;arwin
2017-12-26 05:08:50	worker	jokowi;2017-12-24 - 2017-12-24;submitSocial;all;arwin
2017-12-26 05:08:56	worker	ahok;2017-12-24 - 2017-12-24;submitSocial;all;arwin
2017-12-26 05:08:59	worker	prabowo;2017-12-24 - 2017-12-24;submitSocial;all;arwin
2017-12-26 05:09:02	worker	sudirman said;2017-12-24 - 2017-12-24;submitSocial;all;arwin
2017-12-26 05:09:04	worker	setyanovanto;2017-12-24 - 2017-12-24;submitSocial;all;arwin
2017-12-26 05:09:09	worker	galau;2017-12-24 - 2017-12-24;submitSocial;all;arwin
2017-12-26 05:09:11	worker	#prestasiindonesia;2017-12-24 - 2017-12-24;submitSocial;all;arwin
2017-12-26 05:09:13	worker	@Tw_Debi;2017-12-24 - 2017-12-24;submitSocial;all;arwin
2017-12-26 05:09:16	worker	@OfficialFastron;2017-12-24 - 2017-12-24;submitSocial;all;arwin
2017-12-26 05:09:18	worker	@CitibankID;2017-12-24 - 2017-12-24;submitSocial;all;arwin
2017-12-26 05:09:20	worker	@jak101fm;2017-12-24 - 2017-12-24;submitSocial;all;arwin
2017-12-26 05:09:23	worker	@genfm;2017-12-24 - 2017-12-24;submitSocial;all;arwin
