2017-09-03 05:00:06	worker	@987genfm;2017-09-01 - 2017-09-01;submitSocial;all;arwin
2017-09-03 05:00:09	worker	@101jakfm;2017-09-01 - 2017-09-01;submitSocial;all;arwin
2017-09-03 05:00:12	worker	@prambors;2017-09-01 - 2017-09-01;submitSocial;all;arwin
2017-09-03 05:00:14	worker	@hardrockfm;2017-09-01 - 2017-09-01;submitSocial;all;arwin
2017-09-03 05:00:16	worker	@kisfmjakarta;2017-09-01 - 2017-09-01;submitSocial;all;arwin
2017-09-03 05:00:19	worker	@delta_fm;2017-09-01 - 2017-09-01;submitSocial;all;arwin
2017-09-03 05:00:22	worker	@traxfmjkt;2017-09-01 - 2017-09-01;submitSocial;all;arwin
2017-09-03 05:00:24	worker	@iradiojakarta;2017-09-01 - 2017-09-01;submitSocial;all;arwin
2017-09-03 05:00:26	worker	@indika9160fm;2017-09-01 - 2017-09-01;submitSocial;all;arwin
2017-09-03 05:00:28	worker	@shellindonesia;2017-09-01 - 2017-09-01;submitSocial;all;arwin
2017-09-03 05:00:31	worker	@vpowerfans;2017-09-01 - 2017-09-01;submitSocial;all;arwin
2017-09-03 05:00:33	worker	@pertamaxind;2017-09-01 - 2017-09-01;submitSocial;all;arwin
2017-09-03 05:00:35	worker	@ptpertamina;2017-09-01 - 2017-09-01;submitSocial;all;arwin
2017-09-03 05:00:37	worker	@OZRadioJakarta;2017-09-01 - 2017-09-01;submitSocial;all;arwin
2017-09-03 05:00:40	worker	@CosmopolitanFM;2017-09-01 - 2017-09-01;submitSocial;all;arwin
2017-09-03 05:00:42	worker	@mustang88fm;2017-09-01 - 2017-09-01;submitSocial;all;arwin
2017-09-03 05:00:44	worker	@debabaz;2017-09-01 - 2017-09-01;submitSocial;all;arwin
2017-09-03 05:00:49	worker	@detikcom;2017-09-01 - 2017-09-01;submitSocial;all;arwin
2017-09-03 05:00:52	worker	@radioelshinta;2017-09-01 - 2017-09-01;submitSocial;all;arwin
2017-09-03 05:00:54	worker	@cinema21;2017-09-01 - 2017-09-01;submitSocial;all;arwin
2017-09-03 05:00:57	worker	@OfficialRCTI;2017-09-01 - 2017-09-01;submitSocial;all;arwin
2017-09-03 05:00:59	worker	@TRANSTV_CORP;2017-09-01 - 2017-09-01;submitSocial;all;arwin
2017-09-03 05:01:01	worker	@TRANS7;2017-09-01 - 2017-09-01;submitSocial;all;arwin
2017-09-03 05:01:04	worker	@Metro_TV;2017-09-01 - 2017-09-01;submitSocial;all;arwin
2017-09-03 05:01:07	worker	@tvOneNews;2017-09-01 - 2017-09-01;submitSocial;all;arwin
2017-09-03 05:01:09	worker	@whatsonANTV;2017-09-01 - 2017-09-01;submitSocial;all;arwin
2017-09-03 05:01:13	worker	@SCTV_;2017-09-01 - 2017-09-01;submitSocial;all;arwin
2017-09-03 05:01:15	worker	@KompasTV;2017-09-01 - 2017-09-01;submitSocial;all;arwin
2017-09-03 05:01:18	worker	@netmediatama;2017-09-01 - 2017-09-01;submitSocial;all;arwin
2017-09-03 05:01:20	worker	@Globaltvseru;2017-09-01 - 2017-09-01;submitSocial;all;arwin
2017-09-03 05:01:23	worker	@JaktvCom;2017-09-01 - 2017-09-01;submitSocial;all;arwin
2017-09-03 05:01:25	worker	@TVRINasional;2017-09-01 - 2017-09-01;submitSocial;all;arwin
2017-09-03 05:01:27	worker	@ochannelupdates;2017-09-01 - 2017-09-01;submitSocial;all;arwin
2017-09-03 05:01:31	worker	@IndosiarID;2017-09-01 - 2017-09-01;submitSocial;all;arwin
2017-09-03 05:01:35	worker	@kompascom;2017-09-01 - 2017-09-01;submitSocial;all;arwin
2017-09-03 05:01:37	worker	@merdekadotcom;2017-09-01 - 2017-09-01;submitSocial;all;arwin
2017-09-03 05:01:40	worker	@MIdotcom;2017-09-01 - 2017-09-01;submitSocial;all;arwin
2017-09-03 05:01:43	worker	@tempodotco;2017-09-01 - 2017-09-01;submitSocial;all;arwin
2017-09-03 05:01:45	worker	@motion975fm;2017-09-01 - 2017-09-01;submitSocial;all;arwin
2017-09-03 05:01:47	worker	@_radiotoday;2017-09-01 - 2017-09-01;submitSocial;all;arwin
2017-09-03 05:01:49	worker	@radioinfo;2017-09-01 - 2017-09-01;submitSocial;all;arwin
2017-09-03 05:01:51	worker	@979FeMaleRadio;2017-09-01 - 2017-09-01;submitSocial;all;arwin
2017-09-03 05:01:53	worker	@WomanRadio943FM;2017-09-01 - 2017-09-01;submitSocial;all;arwin
2017-09-03 05:01:56	worker	@VRadioFM;2017-09-01 - 2017-09-01;submitSocial;all;arwin
2017-09-03 05:01:57	worker	@UFM947;2017-09-01 - 2017-09-01;submitSocial;all;arwin
2017-09-03 05:02:00	worker	@VIVAnews;2017-09-01 - 2017-09-01;submitSocial;all;arwin
2017-09-03 05:02:03	worker	@antaranews;2017-09-01 - 2017-09-01;submitSocial;all;arwin
2017-09-03 05:02:05	worker	@tribunnews;2017-09-01 - 2017-09-01;submitSocial;all;arwin
2017-09-03 05:02:08	worker	@okezonenews;2017-09-01 - 2017-09-01;submitSocial;all;arwin
2017-09-03 05:02:10	worker	@Beritasatu;2017-09-01 - 2017-09-01;submitSocial;all;arwin
2017-09-03 05:02:12	worker	@rollingstoneina;2017-09-01 - 2017-09-01;submitSocial;all;arwin
2017-09-03 05:02:15	worker	@FIMELAdotcom;2017-09-01 - 2017-09-01;submitSocial;all;arwin
2017-09-03 05:02:17	worker	@KapanLagicom;2017-09-01 - 2017-09-01;submitSocial;all;arwin
2017-09-03 05:02:19	worker	@KompasEnt ;2017-09-01 - 2017-09-01;submitSocial;all;arwin
2017-09-03 05:02:21	worker	@HaiMagazine;2017-09-01 - 2017-09-01;submitSocial;all;arwin
2017-09-03 05:02:23	worker	@JakartaVenue;2017-09-01 - 2017-09-01;submitSocial;all;arwin
2017-09-03 05:02:26	worker	@SeputarEvent;2017-09-01 - 2017-09-01;submitSocial;all;arwin
2017-09-03 05:02:28	worker	@ismayaLive;2017-09-01 - 2017-09-01;submitSocial;all;arwin
2017-09-03 05:02:30	worker	@ECEntertainment;2017-09-01 - 2017-09-01;submitSocial;all;arwin
2017-09-03 05:02:32	worker	@synergism_En;2017-09-01 - 2017-09-01;submitSocial;all;arwin
2017-09-03 05:02:34	worker	@Urbanbandung;2017-09-01 - 2017-09-01;submitSocial;all;arwin
2017-09-03 05:02:36	worker	@Urbanrkm995;2017-09-01 - 2017-09-01;submitSocial;all;arwin
2017-09-03 05:02:39	worker	@Garuda_Promo;2017-09-01 - 2017-09-01;submitSocial;all;arwin
2017-09-03 05:02:41	worker	@AirAsiaID;2017-09-01 - 2017-09-01;submitSocial;all;arwin
2017-09-03 05:02:43	worker	@KAI121;2017-09-01 - 2017-09-01;submitSocial;all;arwin
2017-09-03 05:02:46	worker	@Unilever;2017-09-01 - 2017-09-01;submitSocial;all;arwin
2017-09-03 05:02:49	worker	@Nestle;2017-09-01 - 2017-09-01;submitSocial;all;arwin
2017-09-03 05:02:53	worker	@CocaCola;2017-09-01 - 2017-09-01;submitSocial;all;arwin
2017-09-03 05:03:01	worker	@CNN;2017-09-01 - 2017-09-01;submitSocial;all;arwin
2017-09-03 05:03:07	worker	@MTV;2017-09-01 - 2017-09-01;submitSocial;all;arwin
2017-09-03 05:03:10	worker	@channelv;2017-09-01 - 2017-09-01;submitSocial;all;arwin
2017-09-03 05:03:12	worker	@iTunesMusic;2017-09-01 - 2017-09-01;submitSocial;all;arwin
2017-09-03 05:03:16	worker	@mashable;2017-09-01 - 2017-09-01;submitSocial;all;arwin
2017-09-03 05:03:18	worker	@decacaz;2017-09-01 - 2017-09-01;submitSocial;all;arwin
2017-09-03 05:03:20	worker	@radiobaru967FM;2017-09-01 - 2017-09-01;submitSocial;all;arwin
2017-09-03 05:03:22	worker	@967HitzFM;2017-09-01 - 2017-09-01;submitSocial;all;arwin
2017-09-03 05:03:25	worker	@TVGuide;2017-09-01 - 2017-09-01;submitSocial;all;arwin
2017-09-03 05:03:27	worker	@XL123;2017-09-01 - 2017-09-01;submitSocial;all;arwin
2017-09-03 05:03:30	worker	@triindonesia;2017-09-01 - 2017-09-01;submitSocial;all;arwin
2017-09-03 05:03:33	worker	@kaskus;2017-09-01 - 2017-09-01;submitSocial;all;arwin
2017-09-03 05:03:35	worker	@Studio_XXI;2017-09-01 - 2017-09-01;submitSocial;all;arwin
2017-09-03 05:03:37	worker	@blitzmegaplex;2017-09-01 - 2017-09-01;submitSocial;all;arwin
2017-09-03 05:03:39	worker	@alfamartku;2017-09-01 - 2017-09-01;submitSocial;all;arwin
2017-09-03 05:03:41	worker	@Carrefour_ID;2017-09-01 - 2017-09-01;submitSocial;all;arwin
2017-09-03 05:03:45	worker	@BBCBreaking;2017-09-01 - 2017-09-01;submitSocial;all;arwin
2017-09-03 05:03:51	worker	@Forbes;2017-09-01 - 2017-09-01;submitSocial;all;arwin
2017-09-03 05:03:53	worker	@BensRadio;2017-09-01 - 2017-09-01;submitSocial;all;arwin
2017-09-03 05:03:59	worker	@instagram;2017-09-01 - 2017-09-01;submitSocial;all;arwin
2017-09-03 05:04:02	worker	@Pinterest;2017-09-01 - 2017-09-01;submitSocial;all;arwin
2017-09-03 05:04:10	worker	@google;2017-09-01 - 2017-09-01;submitSocial;all;arwin
2017-09-03 05:04:12	worker	@Pertaminalub;2017-09-01 - 2017-09-01;submitSocial;all;arwin
2017-09-03 05:04:14	worker	@InfoLalinTol;2017-09-01 - 2017-09-01;submitSocial;all;arwin
2017-09-03 05:04:17	worker	@PTJASAMARGA;2017-09-01 - 2017-09-01;submitSocial;all;arwin
2017-09-03 05:04:19	worker	@cititransindo;2017-09-01 - 2017-09-01;submitSocial;all;arwin
2017-09-03 05:04:21	worker	#semangatpagisuperr;2017-09-01 - 2017-09-01;submitSocial;all;arwin
2017-09-03 05:04:23	worker	#genkuisinsideout;2017-09-01 - 2017-09-01;submitSocial;all;arwin
2017-09-03 05:04:25	worker	#semangatpagi;2017-09-01 - 2017-09-01;submitSocial;all;arwin
2017-09-03 05:04:27	worker	#dikamar;2017-09-01 - 2017-09-01;submitSocial;all;arwin
2017-09-03 05:04:30	worker	#kopaja;2017-09-01 - 2017-09-01;submitSocial;all;arwin
2017-09-03 05:04:32	worker	#generaksi8;2017-09-01 - 2017-09-01;submitSocial;all;arwin
2017-09-03 05:04:34	worker	#hitztsp;2017-09-01 - 2017-09-01;submitSocial;all;arwin
2017-09-03 05:04:37	worker	#np;2017-09-01 - 2017-09-01;submitSocial;all;arwin
2017-09-03 05:04:39	worker	#hitzlivestage;2017-09-01 - 2017-09-01;submitSocial;all;arwin
2017-09-03 05:04:41	worker	#thefreaks;2017-09-01 - 2017-09-01;submitSocial;all;arwin
2017-09-03 05:04:43	worker	#hitzsirkuspagi;2017-09-01 - 2017-09-01;submitSocial;all;arwin
2017-09-03 05:04:46	worker	#hitzathlon;2017-09-01 - 2017-09-01;submitSocial;all;arwin
2017-09-03 05:04:48	worker	#hitzzombie;2017-09-01 - 2017-09-01;submitSocial;all;arwin
2017-09-03 05:04:50	worker	#hitzkalong;2017-09-01 - 2017-09-01;submitSocial;all;arwin
2017-09-03 05:04:52	worker	#hitzbebas;2017-09-01 - 2017-09-01;submitSocial;all;arwin
2017-09-03 05:04:54	worker	#hitzhorehara;2017-09-01 - 2017-09-01;submitSocial;all;arwin
2017-09-03 05:04:56	worker	@ZaloraID;2017-09-01 - 2017-09-01;submitSocial;all;arwin
2017-09-03 05:04:59	worker	@OLX_Indonesia;2017-09-01 - 2017-09-01;submitSocial;all;arwin
2017-09-03 05:05:01	worker	@LazadaID;2017-09-01 - 2017-09-01;submitSocial;all;arwin
2017-09-03 05:05:04	worker	@utrippers;2017-09-01 - 2017-09-01;submitSocial;all;arwin
2017-09-03 05:05:07	worker	@GoGobot;2017-09-01 - 2017-09-01;submitSocial;all;arwin
2017-09-03 05:05:09	worker	@viatortravel;2017-09-01 - 2017-09-01;submitSocial;all;arwin
2017-09-03 05:05:12	worker	@alandakariza;2017-09-01 - 2017-09-01;submitSocial;all;arwin
2017-09-03 05:05:14	worker	@gagasmedia;2017-09-01 - 2017-09-01;submitSocial;all;arwin
2017-09-03 05:05:16	worker	@welovehonda;2017-09-01 - 2017-09-01;submitSocial;all;arwin
2017-09-03 05:05:19	worker	@SuzukiMotorID;2017-09-01 - 2017-09-01;submitSocial;all;arwin
2017-09-03 05:05:21	worker	@kawasakilovers;2017-09-01 - 2017-09-01;submitSocial;all;arwin
2017-09-03 05:05:23	worker	@yamahaindonesia;2017-09-01 - 2017-09-01;submitSocial;all;arwin
2017-09-03 05:05:26	worker	@tripanzee;2017-09-01 - 2017-09-01;submitSocial;all;arwin
2017-09-03 05:05:28	worker	@arnoldpoernomo;2017-09-01 - 2017-09-01;submitSocial;all;arwin
2017-09-03 05:05:31	worker	@nicsap;2017-09-01 - 2017-09-01;submitSocial;all;arwin
2017-09-03 05:05:33	worker	@tiket2;2017-09-01 - 2017-09-01;submitSocial;all;arwin
2017-09-03 05:05:36	worker	@traveloka;2017-09-01 - 2017-09-01;submitSocial;all;arwin
2017-09-03 05:05:39	worker	@wego;2017-09-01 - 2017-09-01;submitSocial;all;arwin
2017-09-03 05:05:42	worker	@agoda;2017-09-01 - 2017-09-01;submitSocial;all;arwin
2017-09-03 05:05:44	worker	#salahsambung;2017-09-01 - 2017-09-01;submitSocial;all;arwin
2017-09-03 05:05:46	worker	#tulalit;2017-09-01 - 2017-09-01;submitSocial;all;arwin
2017-09-03 05:05:48	worker	#pestageneraksi8;2017-09-01 - 2017-09-01;submitSocial;all;arwin
2017-09-03 05:05:50	worker	#ganaskustik;2017-09-01 - 2017-09-01;submitSocial;all;arwin
2017-09-03 05:05:52	worker	#lnhot20;2017-09-01 - 2017-09-01;submitSocial;all;arwin
2017-09-03 05:05:55	worker	@TripAdvisor;2017-09-01 - 2017-09-01;submitSocial;all;arwin
2017-09-03 05:06:03	worker	@google;2017-09-01 - 2017-09-01;submitSocial;all;arwin
2017-09-03 05:06:06	worker	@Telkomsel;2017-09-01 - 2017-09-01;submitSocial;all;arwin
2017-09-03 05:06:09	worker	@indosat;2017-09-01 - 2017-09-01;submitSocial;all;arwin
2017-09-03 05:06:12	worker	@bahanafmjkt;2017-09-01 - 2017-09-01;submitSocial;all;2017-09-03 05:06:16	worker	@sonorafm92;2017-09-01 - 2017-09-01;submitSocial;all;arwin
2017-09-03 05:06:18	worker	@litefm1058;2017-09-01 - 2017-09-01;submitSocial;all;arwin
2017-09-03 05:06:20	worker	@Bravaradio;2017-09-01 - 2017-09-01;submitSocial;all;arwin
2017-09-03 05:06:23	worker	#dgitm;2017-09-01 - 2017-09-01;submitSocial;all;arwin
2017-09-03 05:06:25	worker	#hitsalaprambors;2017-09-01 - 2017-09-01;submitSocial;all;arwin
2017-09-03 05:06:27	worker	#reqprambors;2017-09-01 - 2017-09-01;submitSocial;all;arwin
2017-09-03 05:06:29	worker	#thedandees;2017-09-01 - 2017-09-01;submitSocial;all;arwin
2017-09-03 05:06:31	worker	#pramborsquiz;2017-09-01 - 2017-09-01;submitSocial;all;arwin
2017-09-03 05:06:33	worker	#jeliprambors;2017-09-01 - 2017-09-01;submitSocial;all;arwin
2017-09-03 05:06:35	worker	#jodohinprambors;2017-09-01 - 2017-09-01;submitSocial;all;arwin
2017-09-03 05:06:37	worker	#ubahdenganbicara;2017-09-01 - 2017-09-01;submitSocial;all;arwin
2017-09-03 05:06:39	worker	#pramborschat;2017-09-01 - 2017-09-01;submitSocial;all;arwin
2017-09-03 05:06:42	worker	#tweetforduit;2017-09-01 - 2017-09-01;submitSocial;all;arwin
2017-09-03 05:06:44	worker	#joki3in1;2017-09-01 - 2017-09-01;submitSocial;all;arwin
2017-09-03 05:06:46	worker	#sarapanseru;2017-09-01 - 2017-09-01;submitSocial;all;arwin
2017-09-03 05:06:48	worker	#rawonkaneloop;2017-09-01 - 2017-09-01;submitSocial;all;arwin
2017-09-03 05:06:50	worker	#gudegkendilkeraton;2017-09-01 - 2017-09-01;submitSocial;all;arwin
2017-09-03 05:06:52	worker	#gadogadobutika;2017-09-01 - 2017-09-01;submitSocial;all;arwin
2017-09-03 05:06:54	worker	#mtvhottest;2017-09-01 - 2017-09-01;submitSocial;all;arwin
2017-09-03 05:06:56	worker	#dimsumcjdw;2017-09-01 - 2017-09-01;submitSocial;all;arwin
2017-09-03 05:06:58	worker	#pecelmadiunmbakniek;2017-09-01 - 2017-09-01;submitSocial;all;arwin
2017-09-03 05:07:00	worker	#depotarema;2017-09-01 - 2017-09-01;submitSocial;all;arwin
2017-09-03 05:07:03	worker	@BNI46;2017-09-01 - 2017-09-01;submitSocial;all;arwin
2017-09-03 05:07:05	worker	@BANKBRI_ID;2017-09-01 - 2017-09-01;submitSocial;all;arwin
2017-09-03 05:07:07	worker	#bni46;2017-09-01 - 2017-09-01;submitSocial;all;arwin
2017-09-03 05:07:11	worker	macet;2017-09-01 - 2017-09-01;submitSocial;all;arwin
2017-09-03 05:07:13	worker	#selamatpagi;2017-09-01 - 2017-09-01;submitSocial;all;arwin
2017-09-03 05:07:15	worker	#selamatmalam;2017-09-01 - 2017-09-01;submitSocial;all;arwin
2017-09-03 05:07:18	worker	@884GlobalRadio;2017-09-01 - 2017-09-01;submitSocial;all;arwin
2017-09-03 05:07:20	worker	@day_trans;2017-09-01 - 2017-09-01;submitSocial;all;arwin
2017-09-03 05:07:22	worker	@kencanavoyage;2017-09-01 - 2017-09-01;submitSocial;all;arwin
2017-09-03 05:07:25	worker	@jukebox5d;2017-09-01 - 2017-09-01;submitSocial;all;arwin
2017-09-03 05:07:27	worker	#mtvhottest;2017-09-01 - 2017-09-01;submitSocial;all;arwin
2017-09-03 05:07:29	worker	#semangatpagi;2017-09-01 - 2017-09-01;submitSocial;all;arwin
2017-09-03 05:07:32	worker	lifebuoy;2017-09-01 - 2017-09-01;submitSocial;all;arwin
2017-09-03 05:07:39	worker	jokowi;2017-09-01 - 2017-09-01;submitSocial;all;arwin
2017-09-03 05:07:47	worker	obama;2017-09-01 - 2017-09-01;submitSocial;all;arwin
2017-09-03 05:07:50	worker	starwars;2017-09-01 - 2017-09-01;submitSocial;all;arwin
2017-09-03 05:07:53	worker	jonan;2017-09-01 - 2017-09-01;submitSocial;all;arwin
2017-09-03 05:08:02	worker	pagi;2017-09-01 - 2017-09-01;submitSocial;all;arwin
2017-09-03 05:08:05	worker	sampoerna;2017-09-01 - 2017-09-01;submitSocial;all;arwin
2017-09-03 05:08:07	worker	djarum;2017-09-01 - 2017-09-01;submitSocial;all;arwin
2017-09-03 05:08:10	worker	#semangatpagi;2017-09-01 - 2017-09-01;submitSocial;all;arwin
2017-09-03 05:08:11	worker	#generaksi8;2017-09-01 - 2017-09-01;submitSocial;all;arwin
2017-09-03 05:08:14	worker	#365alasan;2017-09-01 - 2017-09-01;submitSocial;all;arwin
2017-09-03 05:08:16	worker	weew;2017-09-01 - 2017-09-01;submitSocial;all;arwin
2017-09-03 05:08:25	worker	testing;2017-09-01 - 2017-09-01;submitSocial;all;arwin
2017-09-03 05:08:27	worker	#kopaja;2017-09-01 - 2017-09-01;submitSocial;all;arwin
2017-09-03 05:08:29	worker	#genkuisinsideout;2017-09-01 - 2017-09-01;submitSocial;all;arwin
2017-09-03 05:08:32	worker	starwars;2017-09-01 - 2017-09-01;submitSocial;all;arwin
2017-09-03 05:08:34	worker	#kopaja;2017-09-01 - 2017-09-01;submitSocial;all;arwin
2017-09-03 05:08:37	worker	mldspot;2017-09-01 - 2017-09-01;submitSocial;all;arwin
2017-09-03 05:08:39	worker	PBDjarum;2017-09-01 - 2017-09-01;submitSocial;all;arwin
2017-09-03 05:08:41	worker	TemanNabati;2017-09-01 - 2017-09-01;submitSocial;all;arwin
2017-09-03 05:08:44	worker	Nextar;2017-09-01 - 2017-09-01;submitSocial;all;arwin
2017-09-03 05:08:47	worker	jokowo;2017-09-01 - 2017-09-01;submitSocial;all;arwin
2017-09-03 05:08:50	worker	prabowo;2017-09-01 - 2017-09-01;submitSocial;all;arwin
2017-09-03 05:08:52	worker	sudirman said;2017-09-01 - 2017-09-01;submitSocial;all;arwin
2017-09-03 05:08:56	worker	ahok;2017-09-01 - 2017-09-01;submitSocial;all;arwin
2017-09-03 05:08:59	worker	setyanovanto;2017-09-01 - 2017-09-01;submitSocial;all;arwin
2017-09-03 05:09:06	worker	jokowi;2017-09-01 - 2017-09-01;submitSocial;all;arwin
2017-09-03 05:09:11	worker	ahok;2017-09-01 - 2017-09-01;submitSocial;all;arwin
2017-09-03 05:09:14	worker	prabowo;2017-09-01 - 2017-09-01;submitSocial;all;arwin
2017-09-03 05:09:16	worker	sudirman said;2017-09-01 - 2017-09-01;submitSocial;all;arwin
2017-09-03 05:09:18	worker	setyanovanto;2017-09-01 - 2017-09-01;submitSocial;all;arwin
2017-09-03 05:09:24	worker	galau;2017-09-01 - 2017-09-01;submitSocial;all;arwin
2017-09-03 05:09:26	worker	#prestasiindonesia;2017-09-01 - 2017-09-01;submitSocial;all;arwin
2017-09-03 05:09:29	worker	@Tw_Debi;2017-09-01 - 2017-09-01;submitSocial;all;arwin
2017-09-03 05:09:31	worker	@OfficialFastron;2017-09-01 - 2017-09-01;submitSocial;all;arwin
2017-09-03 05:09:33	worker	@CitibankID;2017-09-01 - 2017-09-01;submitSocial;all;arwin
2017-09-03 05:09:35	worker	@jak101fm;2017-09-01 - 2017-09-01;submitSocial;all;arwin
2017-09-03 05:09:38	worker	@genfm;2017-09-01 - 2017-09-01;submitSocial;all;arwin
