2017-10-30 05:00:16	worker	@987genfm;2017-10-28 - 2017-10-28;submitSocial;all;arwin
2017-10-30 05:00:28	worker	@101jakfm;2017-10-28 - 2017-10-28;submitSocial;all;arwin
2017-10-30 05:00:39	worker	@prambors;2017-10-28 - 2017-10-28;submitSocial;all;arwin
2017-10-30 05:00:49	worker	@hardrockfm;2017-10-28 - 2017-10-28;submitSocial;all;arwin
2017-10-30 05:00:59	worker	@kisfmjakarta;2017-10-28 - 2017-10-28;submitSocial;all;arwin
2017-10-30 05:01:10	worker	@delta_fm;2017-10-28 - 2017-10-28;submitSocial;all;arwin
2017-10-30 05:01:20	worker	@traxfmjkt;2017-10-28 - 2017-10-28;submitSocial;all;arwin
2017-10-30 05:01:30	worker	@iradiojakarta;2017-10-28 - 2017-10-28;submitSocial;all;arwin
2017-10-30 05:01:40	worker	@indika9160fm;2017-10-28 - 2017-10-28;submitSocial;all;arwin
2017-10-30 05:01:50	worker	@shellindonesia;2017-10-28 - 2017-10-28;submitSocial;all;arwin
2017-10-30 05:02:01	worker	@vpowerfans;2017-10-28 - 2017-10-28;submitSocial;all;arwin
2017-10-30 05:02:11	worker	@pertamaxind;2017-10-28 - 2017-10-28;submitSocial;all;arwin
2017-10-30 05:02:22	worker	@ptpertamina;2017-10-28 - 2017-10-28;submitSocial;all;arwin
2017-10-30 05:02:32	worker	@OZRadioJakarta;2017-10-28 - 2017-10-28;submitSocial;all;arwin
2017-10-30 05:02:42	worker	@CosmopolitanFM;2017-10-28 - 2017-10-28;submitSocial;all;arwin
2017-10-30 05:02:53	worker	@mustang88fm;2017-10-28 - 2017-10-28;submitSocial;all;arwin
2017-10-30 05:03:03	worker	@debabaz;2017-10-28 - 2017-10-28;submitSocial;all;arwin
2017-10-30 05:03:16	worker	@detikcom;2017-10-28 - 2017-10-28;submitSocial;all;arwin
2017-10-30 05:03:28	worker	@radioelshinta;2017-10-28 - 2017-10-28;submitSocial;all;arwin
2017-10-30 05:03:38	worker	@cinema21;2017-10-28 - 2017-10-28;submitSocial;all;arwin
2017-10-30 05:03:49	worker	@OfficialRCTI;2017-10-28 - 2017-10-28;submitSocial;all;arwin
2017-10-30 05:03:59	worker	@TRANSTV_CORP;2017-10-28 - 2017-10-28;submitSocial;all;arwin
2017-10-30 05:04:10	worker	@TRANS7;2017-10-28 - 2017-10-28;submitSocial;all;arwin
2017-10-30 05:04:21	worker	@Metro_TV;2017-10-28 - 2017-10-28;submitSocial;all;arwin
2017-10-30 05:04:32	worker	@tvOneNews;2017-10-28 - 2017-10-28;submitSocial;all;arwin
2017-10-30 05:04:42	worker	@whatsonANTV;2017-10-28 - 2017-10-28;submitSocial;all;arwin
2017-10-30 05:04:53	worker	@SCTV_;2017-10-28 - 2017-10-28;submitSocial;all;arwin
2017-10-30 05:05:06	worker	@KompasTV;2017-10-28 - 2017-10-28;submitSocial;all;arwin
2017-10-30 05:05:18	worker	@netmediatama;2017-10-28 - 2017-10-28;submitSocial;all;arwin
2017-10-30 05:05:29	worker	@Globaltvseru;2017-10-28 - 2017-10-28;submitSocial;all;arwin
2017-10-30 05:05:39	worker	@JaktvCom;2017-10-28 - 2017-10-28;submitSocial;all;arwin
2017-10-30 05:05:49	worker	@TVRINasional;2017-10-28 - 2017-10-28;submitSocial;all;arwin
2017-10-30 05:06:00	worker	@ochannelupdates;2017-10-28 - 2017-10-28;submitSocial;all;arwin
2017-10-30 05:06:11	worker	@IndosiarID;2017-10-28 - 2017-10-28;submitSocial;all;arwin
2017-10-30 05:06:26	worker	@kompascom;2017-10-28 - 2017-10-28;submitSocial;all;arwin
2017-10-30 05:06:36	worker	@merdekadotcom;2017-10-28 - 2017-10-28;submitSocial;all;arwin
2017-10-30 05:06:47	worker	@MIdotcom;2017-10-28 - 2017-10-28;submitSocial;all;arwin
2017-10-30 05:06:58	worker	@tempodotco;2017-10-28 - 2017-10-28;submitSocial;all;arwin
2017-10-30 05:07:09	worker	@motion975fm;2017-10-28 - 2017-10-28;submitSocial;all;arwin
2017-10-30 05:07:19	worker	@_radiotoday;2017-10-28 - 2017-10-28;submitSocial;all;arwin
2017-10-30 05:07:29	worker	@radioinfo;2017-10-28 - 2017-10-28;submitSocial;all;arwin
2017-10-30 05:07:40	worker	@979FeMaleRadio;2017-10-28 - 2017-10-28;submitSocial;all;arwin
2017-10-30 05:07:49	worker	@WomanRadio943FM;2017-10-28 - 2017-10-28;submitSocial;all;arwin
2017-10-30 05:08:00	worker	@VRadioFM;2017-10-28 - 2017-10-28;submitSocial;all;arwin
2017-10-30 05:08:10	worker	@UFM947;2017-10-28 - 2017-10-28;submitSocial;all;arwin
2017-10-30 05:08:21	worker	@VIVAnews;2017-10-28 - 2017-10-28;submitSocial;all;arwin
2017-10-30 05:08:33	worker	@antaranews;2017-10-28 - 2017-10-28;submitSocial;all;arwin
2017-10-30 05:08:44	worker	@tribunnews;2017-10-28 - 2017-10-28;submitSocial;all;arwin
2017-10-30 05:08:54	worker	@okezonenews;2017-10-28 - 2017-10-28;submitSocial;all;arwin
2017-10-30 05:09:05	worker	@Beritasatu;2017-10-28 - 2017-10-28;submitSocial;all;arwin
2017-10-30 05:09:15	worker	@rollingstoneina;2017-10-28 - 2017-10-28;submitSocial;all;arwin
2017-10-30 05:09:25	worker	@FIMELAdotcom;2017-10-28 - 2017-10-28;submitSocial;all;arwin
2017-10-30 05:09:35	worker	@KapanLagicom;2017-10-28 - 2017-10-28;submitSocial;all;arwin
2017-10-30 05:09:45	worker	@KompasEnt ;2017-10-28 - 2017-10-28;submitSocial;all;arwin
2017-10-30 05:09:56	worker	@HaiMagazine;2017-10-28 - 2017-10-28;submitSocial;all;arwin
2017-10-30 05:10:07	worker	@JakartaVenue;2017-10-28 - 2017-10-28;submitSocial;all;arwin
2017-10-30 05:10:19	worker	@SeputarEvent;2017-10-28 - 2017-10-28;submitSocial;all;arwin
2017-10-30 05:10:30	worker	@ismayaLive;2017-10-28 - 2017-10-28;submitSocial;all;arwin
2017-10-30 05:10:40	worker	@ECEntertainment;2017-10-28 - 2017-10-28;submitSocial;all;arwin
2017-10-30 05:10:50	worker	@synergism_En;2017-10-28 - 2017-10-28;submitSocial;all;arwin
2017-10-30 05:11:00	worker	@Urbanbandung;2017-10-28 - 2017-10-28;submitSocial;all;arwin
2017-10-30 05:11:10	worker	@Urbanrkm995;2017-10-28 - 2017-10-28;submitSocial;all;arwin
2017-10-30 05:11:21	worker	@Garuda_Promo;2017-10-28 - 2017-10-28;submitSocial;all;arwin
2017-10-30 05:11:31	worker	@AirAsiaID;2017-10-28 - 2017-10-28;submitSocial;all;arwin
2017-10-30 05:11:42	worker	@KAI121;2017-10-28 - 2017-10-28;submitSocial;all;arwin
2017-10-30 05:11:52	worker	@Unilever;2017-10-28 - 2017-10-28;submitSocial;all;arwin
2017-10-30 05:12:03	worker	@Nestle;2017-10-28 - 2017-10-28;submitSocial;all;arwin
2017-10-30 05:12:15	worker	@CocaCola;2017-10-28 - 2017-10-28;submitSocial;all;arwin
2017-10-30 05:12:32	worker	@CNN;2017-10-28 - 2017-10-28;submitSocial;all;arwin
2017-10-30 05:12:44	worker	@MTV;2017-10-28 - 2017-10-28;submitSocial;all;arwin
2017-10-30 05:12:54	worker	@channelv;2017-10-28 - 2017-10-28;submitSocial;all;arwin
2017-10-30 05:13:05	worker	@iTunesMusic;2017-10-28 - 2017-10-28;submitSocial;all;arwin
2017-10-30 05:13:17	worker	@mashable;2017-10-28 - 2017-10-28;submitSocial;all;arwin
2017-10-30 05:13:27	worker	@decacaz;2017-10-28 - 2017-10-28;submitSocial;all;arwin
2017-10-30 05:13:37	worker	@radiobaru967FM;2017-10-28 - 2017-10-28;submitSocial;all;arwin
2017-10-30 05:13:48	worker	@967HitzFM;2017-10-28 - 2017-10-28;submitSocial;all;arwin
2017-10-30 05:13:58	worker	@TVGuide;2017-10-28 - 2017-10-28;submitSocial;all;arwin
2017-10-30 05:14:08	worker	@XL123;2017-10-28 - 2017-10-28;submitSocial;all;arwin
2017-10-30 05:14:19	worker	@triindonesia;2017-10-28 - 2017-10-28;submitSocial;all;arwin
2017-10-30 05:14:30	worker	@kaskus;2017-10-28 - 2017-10-28;submitSocial;all;arwin
2017-10-30 05:14:41	worker	@Studio_XXI;2017-10-28 - 2017-10-28;submitSocial;all;arwin
2017-10-30 05:14:50	worker	@blitzmegaplex;2017-10-28 - 2017-10-28;submitSocial;all;arwin
2017-10-30 05:15:01	worker	@alfamartku;2017-10-28 - 2017-10-28;submitSocial;all;arwin
2017-10-30 05:15:13	worker	@Carrefour_ID;2017-10-28 - 2017-10-28;submitSocial;all;arwin
2017-10-30 05:15:26	worker	@BBCBreaking;2017-10-28 - 2017-10-28;submitSocial;all;arwin
2017-10-30 05:15:41	worker	@Forbes;2017-10-28 - 2017-10-28;submitSocial;all;arwin
2017-10-30 05:15:51	worker	@BensRadio;2017-10-28 - 2017-10-28;submitSocial;all;arwin
2017-10-30 05:16:04	worker	@instagram;2017-10-28 - 2017-10-28;submitSocial;all;arwin
2017-10-30 05:16:15	worker	@Pinterest;2017-10-28 - 2017-10-28;submitSocial;all;arwin
2017-10-30 05:16:28	worker	@google;2017-10-28 - 2017-10-28;submitSocial;all;arwin
2017-10-30 05:16:38	worker	@Pertaminalub;2017-10-28 - 2017-10-28;submitSocial;all;arwin
2017-10-30 05:16:49	worker	@InfoLalinTol;2017-10-28 - 2017-10-28;submitSocial;all;arwin
2017-10-30 05:16:59	worker	@PTJASAMARGA;2017-10-28 - 2017-10-28;submitSocial;all;arwin
2017-10-30 05:17:09	worker	@cititransindo;2017-10-28 - 2017-10-28;submitSocial;all;arwin
2017-10-30 05:17:19	worker	#semangatpagisuperr;2017-10-28 - 2017-10-28;submitSocial;all;arwin
2017-10-30 05:17:29	worker	#genkuisinsideout;2017-10-28 - 2017-10-28;submitSocial;all;arwin
2017-10-30 05:17:39	worker	#semangatpagi;2017-10-28 - 2017-10-28;submitSocial;all;arwin
2017-10-30 05:17:49	worker	#dikamar;2017-10-28 - 2017-10-28;submitSocial;all;arwin
2017-10-30 05:18:00	worker	#kopaja;2017-10-28 - 2017-10-28;submitSocial;all;arwin
2017-10-30 05:18:10	worker	#generaksi8;2017-10-28 - 2017-10-28;submitSocial;all;arwin
2017-10-30 05:18:21	worker	#hitztsp;2017-10-28 - 2017-10-28;submitSocial;all;arwin
2017-10-30 05:18:32	worker	#np;2017-10-28 - 2017-10-28;submitSocial;all;arwin
2017-10-30 05:18:42	worker	#hitzlivestage;2017-10-28 - 2017-10-28;submitSocial;all;arwin
2017-10-30 05:18:52	worker	#thefreaks;2017-10-28 - 2017-10-28;submitSocial;all;arwin
2017-10-30 05:19:02	worker	#hitzsirkuspagi;2017-10-28 - 2017-10-28;submitSocial;all;arwin
2017-10-30 05:19:12	worker	#hitzathlon;2017-10-28 - 2017-10-28;submitSocial;all;arwin
2017-10-30 05:19:22	worker	#hitzzombie;2017-10-28 - 2017-10-28;submitSocial;all;arwin
2017-10-30 05:19:33	worker	#hitzkalong;2017-10-28 - 2017-10-28;submitSocial;all;arwin
2017-10-30 05:19:43	worker	#hitzbebas;2017-10-28 - 2017-10-28;submitSocial;all;arwin
2017-10-30 05:19:53	worker	#hitzhorehara;2017-10-28 - 2017-10-28;submitSocial;all;arwin
2017-10-30 05:20:04	worker	@ZaloraID;2017-10-28 - 2017-10-28;submitSocial;all;arwin
2017-10-30 05:20:15	worker	@OLX_Indonesia;2017-10-28 - 2017-10-28;submitSocial;all;arwin
2017-10-30 05:20:26	worker	@LazadaID;2017-10-28 - 2017-10-28;submitSocial;all;arwin
2017-10-30 05:20:37	worker	@utrippers;2017-10-28 - 2017-10-28;submitSocial;all;arwin
2017-10-30 05:20:47	worker	@GoGobot;2017-10-28 - 2017-10-28;submitSocial;all;arwin
2017-10-30 05:20:57	worker	@viatortravel;2017-10-28 - 2017-10-28;submitSocial;all;arwin
2017-10-30 05:21:07	worker	@alandakariza;2017-10-28 - 2017-10-28;submitSocial;all;arwin
2017-10-30 05:21:18	worker	@gagasmedia;2017-10-28 - 2017-10-28;submitSocial;all;arwin
2017-10-30 05:21:28	worker	@welovehonda;2017-10-28 - 2017-10-28;submitSocial;all;arwin
2017-10-30 05:21:38	worker	@SuzukiMotorID;2017-10-28 - 2017-10-28;submitSocial;all;arwin
2017-10-30 05:21:48	worker	@kawasakilovers;2017-10-28 - 2017-10-28;submitSocial;all;arwin
2017-10-30 05:21:58	worker	@yamahaindonesia;2017-10-28 - 2017-10-28;submitSocial;all;arwin
2017-10-30 05:22:09	worker	@tripanzee;2017-10-28 - 2017-10-28;submitSocial;all;arwin
2017-10-30 05:22:20	worker	@arnoldpoernomo;2017-10-28 - 2017-10-28;submitSocial;all;arwin
2017-10-30 05:22:30	worker	@nicsap;2017-10-28 - 2017-10-28;submitSocial;all;arwin
2017-10-30 05:22:40	worker	@tiket2;2017-10-28 - 2017-10-28;submitSocial;all;arwin
2017-10-30 05:22:51	worker	@traveloka;2017-10-28 - 2017-10-28;submitSocial;all;arwin
2017-10-30 05:23:03	worker	@wego;2017-10-28 - 2017-10-28;submitSocial;all;arwin
2017-10-30 05:23:13	worker	@agoda;2017-10-28 - 2017-10-28;submitSocial;all;arwin
2017-10-30 05:23:23	worker	#salahsambung;2017-10-28 - 2017-10-28;submitSocial;all;arwin
2017-10-30 05:23:34	worker	#tulalit;2017-10-28 - 2017-10-28;submitSocial;all;arwin
2017-10-30 05:23:43	worker	#pestageneraksi8;2017-10-28 - 2017-10-28;submitSocial;all;arwin
2017-10-30 05:23:53	worker	#ganaskustik;2017-10-28 - 2017-10-28;submitSocial;all;arwin
2017-10-30 05:24:04	worker	#lnhot20;2017-10-28 - 2017-10-28;submitSocial;all;arwin
2017-10-30 05:24:15	worker	@TripAdvisor;2017-10-28 - 2017-10-28;submitSocial;all;arwin
2017-10-30 05:24:28	worker	@google;2017-10-28 - 2017-10-28;submitSocial;all;arwin
2017-10-30 05:24:39	worker	@Telkomsel;2017-10-28 - 2017-10-28;submitSocial;all;arwin
2017-10-30 05:24:50	worker	@indosat;2017-10-28 - 2017-10-28;submitSocial;all;arwin
2017-10-30 05:25:08	worker	@bahanafmjkt;2017-10-28 - 2017-10-28;submitSocial;all;2017-10-30 05:25:20	worker	@sonorafm92;2017-10-28 - 2017-10-28;submitSocial;all;arwin
2017-10-30 05:25:30	worker	@litefm1058;2017-10-28 - 2017-10-28;submitSocial;all;arwin
2017-10-30 05:25:41	worker	@Bravaradio;2017-10-28 - 2017-10-28;submitSocial;all;arwin
2017-10-30 05:25:51	worker	#dgitm;2017-10-28 - 2017-10-28;submitSocial;all;arwin
2017-10-30 05:26:01	worker	#hitsalaprambors;2017-10-28 - 2017-10-28;submitSocial;all;arwin
2017-10-30 05:26:12	worker	#reqprambors;2017-10-28 - 2017-10-28;submitSocial;all;arwin
2017-10-30 05:26:23	worker	#thedandees;2017-10-28 - 2017-10-28;submitSocial;all;arwin
2017-10-30 05:26:32	worker	#pramborsquiz;2017-10-28 - 2017-10-28;submitSocial;all;arwin
2017-10-30 05:26:42	worker	#jeliprambors;2017-10-28 - 2017-10-28;submitSocial;all;arwin
2017-10-30 05:26:52	worker	#jodohinprambors;2017-10-28 - 2017-10-28;submitSocial;all;arwin
2017-10-30 05:27:02	worker	#ubahdenganbicara;2017-10-28 - 2017-10-28;submitSocial;all;arwin
2017-10-30 05:27:13	worker	#pramborschat;2017-10-28 - 2017-10-28;submitSocial;all;arwin
2017-10-30 05:27:23	worker	#tweetforduit;2017-10-28 - 2017-10-28;submitSocial;all;arwin
2017-10-30 05:27:33	worker	#joki3in1;2017-10-28 - 2017-10-28;submitSocial;all;arwin
2017-10-30 05:27:43	worker	#sarapanseru;2017-10-28 - 2017-10-28;submitSocial;all;arwin
2017-10-30 05:27:53	worker	#rawonkaneloop;2017-10-28 - 2017-10-28;submitSocial;all;arwin
2017-10-30 05:28:03	worker	#gudegkendilkeraton;2017-10-28 - 2017-10-28;submitSocial;all;arwin
2017-10-30 05:28:13	worker	#gadogadobutika;2017-10-28 - 2017-10-28;submitSocial;all;arwin
2017-10-30 05:28:24	worker	#mtvhottest;2017-10-28 - 2017-10-28;submitSocial;all;arwin
2017-10-30 05:28:34	worker	#dimsumcjdw;2017-10-28 - 2017-10-28;submitSocial;all;arwin
2017-10-30 05:28:44	worker	#pecelmadiunmbakniek;2017-10-28 - 2017-10-28;submitSocial;all;arwin
2017-10-30 05:28:54	worker	#depotarema;2017-10-28 - 2017-10-28;submitSocial;all;arwin
2017-10-30 05:29:05	worker	@BNI46;2017-10-28 - 2017-10-28;submitSocial;all;arwin
2017-10-30 05:29:15	worker	@BANKBRI_ID;2017-10-28 - 2017-10-28;submitSocial;all;arwin
2017-10-30 05:29:25	worker	#bni46;2017-10-28 - 2017-10-28;submitSocial;all;arwin
2017-10-30 05:29:38	worker	macet;2017-10-28 - 2017-10-28;submitSocial;all;arwin
2017-10-30 05:29:48	worker	#selamatpagi;2017-10-28 - 2017-10-28;submitSocial;all;arwin
2017-10-30 05:29:58	worker	#selamatmalam;2017-10-28 - 2017-10-28;submitSocial;all;arwin
2017-10-30 05:30:10	worker	@884GlobalRadio;2017-10-28 - 2017-10-28;submitSocial;all;arwin
2017-10-30 05:30:22	worker	@day_trans;2017-10-28 - 2017-10-28;submitSocial;all;arwin
2017-10-30 05:30:33	worker	@kencanavoyage;2017-10-28 - 2017-10-28;submitSocial;all;arwin
2017-10-30 05:30:43	worker	@jukebox5d;2017-10-28 - 2017-10-28;submitSocial;all;arwin
2017-10-30 05:30:53	worker	#mtvhottest;2017-10-28 - 2017-10-28;submitSocial;all;arwin
2017-10-30 05:31:03	worker	#semangatpagi;2017-10-28 - 2017-10-28;submitSocial;all;arwin
2017-10-30 05:31:14	worker	lifebuoy;2017-10-28 - 2017-10-28;submitSocial;all;arwin
2017-10-30 05:31:27	worker	jokowi;2017-10-28 - 2017-10-28;submitSocial;all;arwin
2017-10-30 05:31:43	worker	obama;2017-10-28 - 2017-10-28;submitSocial;all;arwin
2017-10-30 05:31:54	worker	starwars;2017-10-28 - 2017-10-28;submitSocial;all;arwin
2017-10-30 05:32:05	worker	jonan;2017-10-28 - 2017-10-28;submitSocial;all;arwin
2017-10-30 05:32:22	worker	pagi;2017-10-28 - 2017-10-28;submitSocial;all;arwin
2017-10-30 05:32:33	worker	sampoerna;2017-10-28 - 2017-10-28;submitSocial;all;arwin
2017-10-30 05:32:43	worker	djarum;2017-10-28 - 2017-10-28;submitSocial;all;arwin
2017-10-30 05:32:54	worker	#semangatpagi;2017-10-28 - 2017-10-28;submitSocial;all;arwin
2017-10-30 05:33:03	worker	#generaksi8;2017-10-28 - 2017-10-28;submitSocial;all;arwin
2017-10-30 05:33:14	worker	#365alasan;2017-10-28 - 2017-10-28;submitSocial;all;arwin
2017-10-30 05:33:24	worker	weew;2017-10-28 - 2017-10-28;submitSocial;all;arwin
2017-10-30 05:33:40	worker	testing;2017-10-28 - 2017-10-28;submitSocial;all;arwin
2017-10-30 05:33:50	worker	#kopaja;2017-10-28 - 2017-10-28;submitSocial;all;arwin
2017-10-30 05:34:00	worker	#genkuisinsideout;2017-10-28 - 2017-10-28;submitSocial;all;arwin
2017-10-30 05:34:11	worker	starwars;2017-10-28 - 2017-10-28;submitSocial;all;arwin
2017-10-30 05:34:22	worker	#kopaja;2017-10-28 - 2017-10-28;submitSocial;all;arwin
2017-10-30 05:34:32	worker	mldspot;2017-10-28 - 2017-10-28;submitSocial;all;arwin
2017-10-30 05:34:42	worker	PBDjarum;2017-10-28 - 2017-10-28;submitSocial;all;arwin
2017-10-30 05:34:53	worker	TemanNabati;2017-10-28 - 2017-10-28;submitSocial;all;arwin
2017-10-30 05:35:04	worker	Nextar;2017-10-28 - 2017-10-28;submitSocial;all;arwin
2017-10-30 05:35:16	worker	jokowo;2017-10-28 - 2017-10-28;submitSocial;all;arwin
2017-10-30 05:35:27	worker	prabowo;2017-10-28 - 2017-10-28;submitSocial;all;arwin
2017-10-30 05:35:37	worker	sudirman said;2017-10-28 - 2017-10-28;submitSocial;all;arwin
2017-10-30 05:35:52	worker	ahok;2017-10-28 - 2017-10-28;submitSocial;all;arwin
2017-10-30 05:36:02	worker	setyanovanto;2017-10-28 - 2017-10-28;submitSocial;all;arwin
2017-10-30 05:36:17	worker	jokowi;2017-10-28 - 2017-10-28;submitSocial;all;arwin
2017-10-30 05:36:32	worker	ahok;2017-10-28 - 2017-10-28;submitSocial;all;arwin
2017-10-30 05:36:43	worker	prabowo;2017-10-28 - 2017-10-28;submitSocial;all;arwin
2017-10-30 05:36:53	worker	sudirman said;2017-10-28 - 2017-10-28;submitSocial;all;arwin
2017-10-30 05:37:03	worker	setyanovanto;2017-10-28 - 2017-10-28;submitSocial;all;arwin
2017-10-30 05:37:15	worker	galau;2017-10-28 - 2017-10-28;submitSocial;all;arwin
2017-10-30 05:37:25	worker	#prestasiindonesia;2017-10-28 - 2017-10-28;submitSocial;all;arwin
2017-10-30 05:37:35	worker	@Tw_Debi;2017-10-28 - 2017-10-28;submitSocial;all;arwin
2017-10-30 05:37:45	worker	@OfficialFastron;2017-10-28 - 2017-10-28;submitSocial;all;arwin
2017-10-30 05:37:55	worker	@CitibankID;2017-10-28 - 2017-10-28;submitSocial;all;arwin
2017-10-30 05:38:06	worker	@jak101fm;2017-10-28 - 2017-10-28;submitSocial;all;arwin
2017-10-30 05:38:17	worker	@genfm;2017-10-28 - 2017-10-28;submitSocial;all;arwin
