2017-12-05 05:00:08	worker	@987genfm;2017-12-03 - 2017-12-03;submitSocial;all;arwin
2017-12-05 05:00:11	worker	@101jakfm;2017-12-03 - 2017-12-03;submitSocial;all;arwin
2017-12-05 05:00:14	worker	@prambors;2017-12-03 - 2017-12-03;submitSocial;all;arwin
2017-12-05 05:00:17	worker	@hardrockfm;2017-12-03 - 2017-12-03;submitSocial;all;arwin
2017-12-05 05:00:20	worker	@kisfmjakarta;2017-12-03 - 2017-12-03;submitSocial;all;arwin
2017-12-05 05:00:22	worker	@delta_fm;2017-12-03 - 2017-12-03;submitSocial;all;arwin
2017-12-05 05:00:25	worker	@traxfmjkt;2017-12-03 - 2017-12-03;submitSocial;all;arwin
2017-12-05 05:00:28	worker	@iradiojakarta;2017-12-03 - 2017-12-03;submitSocial;all;arwin
2017-12-05 05:00:30	worker	@indika9160fm;2017-12-03 - 2017-12-03;submitSocial;all;arwin
2017-12-05 05:00:32	worker	@shellindonesia;2017-12-03 - 2017-12-03;submitSocial;all;arwin
2017-12-05 05:00:35	worker	@vpowerfans;2017-12-03 - 2017-12-03;submitSocial;all;arwin
2017-12-05 05:00:37	worker	@pertamaxind;2017-12-03 - 2017-12-03;submitSocial;all;arwin
2017-12-05 05:00:40	worker	@ptpertamina;2017-12-03 - 2017-12-03;submitSocial;all;arwin
2017-12-05 05:00:42	worker	@OZRadioJakarta;2017-12-03 - 2017-12-03;submitSocial;all;arwin
2017-12-05 05:00:45	worker	@CosmopolitanFM;2017-12-03 - 2017-12-03;submitSocial;all;arwin
2017-12-05 05:00:48	worker	@mustang88fm;2017-12-03 - 2017-12-03;submitSocial;all;arwin
2017-12-05 05:00:50	worker	@debabaz;2017-12-03 - 2017-12-03;submitSocial;all;arwin
2017-12-05 05:00:54	worker	@detikcom;2017-12-03 - 2017-12-03;submitSocial;all;arwin
2017-12-05 05:00:57	worker	@radioelshinta;2017-12-03 - 2017-12-03;submitSocial;all;arwin
2017-12-05 05:01:00	worker	@cinema21;2017-12-03 - 2017-12-03;submitSocial;all;arwin
2017-12-05 05:01:03	worker	@OfficialRCTI;2017-12-03 - 2017-12-03;submitSocial;all;arwin
2017-12-05 05:01:06	worker	@TRANSTV_CORP;2017-12-03 - 2017-12-03;submitSocial;all;arwin
2017-12-05 05:01:08	worker	@TRANS7;2017-12-03 - 2017-12-03;submitSocial;all;arwin
2017-12-05 05:01:14	worker	@Metro_TV;2017-12-03 - 2017-12-03;submitSocial;all;arwin
2017-12-05 05:01:17	worker	@tvOneNews;2017-12-03 - 2017-12-03;submitSocial;all;arwin
2017-12-05 05:01:19	worker	@whatsonANTV;2017-12-03 - 2017-12-03;submitSocial;all;arwin
2017-12-05 05:01:23	worker	@SCTV_;2017-12-03 - 2017-12-03;submitSocial;all;arwin
2017-12-05 05:01:26	worker	@KompasTV;2017-12-03 - 2017-12-03;submitSocial;all;arwin
2017-12-05 05:01:29	worker	@netmediatama;2017-12-03 - 2017-12-03;submitSocial;all;arwin
2017-12-05 05:01:31	worker	@Globaltvseru;2017-12-03 - 2017-12-03;submitSocial;all;arwin
2017-12-05 05:01:34	worker	@JaktvCom;2017-12-03 - 2017-12-03;submitSocial;all;arwin
2017-12-05 05:01:37	worker	@TVRINasional;2017-12-03 - 2017-12-03;submitSocial;all;arwin
2017-12-05 05:01:39	worker	@ochannelupdates;2017-12-03 - 2017-12-03;submitSocial;all;arwin
2017-12-05 05:01:43	worker	@IndosiarID;2017-12-03 - 2017-12-03;submitSocial;all;arwin
2017-12-05 05:01:47	worker	@kompascom;2017-12-03 - 2017-12-03;submitSocial;all;arwin
2017-12-05 05:01:49	worker	@merdekadotcom;2017-12-03 - 2017-12-03;submitSocial;all;arwin
2017-12-05 05:01:52	worker	@MIdotcom;2017-12-03 - 2017-12-03;submitSocial;all;arwin
2017-12-05 05:01:55	worker	@tempodotco;2017-12-03 - 2017-12-03;submitSocial;all;arwin
2017-12-05 05:01:58	worker	@motion975fm;2017-12-03 - 2017-12-03;submitSocial;all;arwin
2017-12-05 05:02:00	worker	@_radiotoday;2017-12-03 - 2017-12-03;submitSocial;all;arwin
2017-12-05 05:02:03	worker	@radioinfo;2017-12-03 - 2017-12-03;submitSocial;all;arwin
2017-12-05 05:02:06	worker	@979FeMaleRadio;2017-12-03 - 2017-12-03;submitSocial;all;arwin
2017-12-05 05:02:08	worker	@WomanRadio943FM;2017-12-03 - 2017-12-03;submitSocial;all;arwin
2017-12-05 05:02:11	worker	@VRadioFM;2017-12-03 - 2017-12-03;submitSocial;all;arwin
2017-12-05 05:02:13	worker	@UFM947;2017-12-03 - 2017-12-03;submitSocial;all;arwin
2017-12-05 05:02:16	worker	@VIVAnews;2017-12-03 - 2017-12-03;submitSocial;all;arwin
2017-12-05 05:02:18	worker	@antaranews;2017-12-03 - 2017-12-03;submitSocial;all;arwin
2017-12-05 05:02:22	worker	@tribunnews;2017-12-03 - 2017-12-03;submitSocial;all;arwin
2017-12-05 05:02:24	worker	@okezonenews;2017-12-03 - 2017-12-03;submitSocial;all;arwin
2017-12-05 05:02:27	worker	@Beritasatu;2017-12-03 - 2017-12-03;submitSocial;all;arwin
2017-12-05 05:02:30	worker	@rollingstoneina;2017-12-03 - 2017-12-03;submitSocial;all;arwin
2017-12-05 05:02:32	worker	@FIMELAdotcom;2017-12-03 - 2017-12-03;submitSocial;all;arwin
2017-12-05 05:02:35	worker	@KapanLagicom;2017-12-03 - 2017-12-03;submitSocial;all;arwin
2017-12-05 05:02:37	worker	@KompasEnt ;2017-12-03 - 2017-12-03;submitSocial;all;arwin
2017-12-05 05:02:40	worker	@HaiMagazine;2017-12-03 - 2017-12-03;submitSocial;all;arwin
2017-12-05 05:02:42	worker	@JakartaVenue;2017-12-03 - 2017-12-03;submitSocial;all;arwin
2017-12-05 05:02:44	worker	@SeputarEvent;2017-12-03 - 2017-12-03;submitSocial;all;arwin
2017-12-05 05:02:47	worker	@ismayaLive;2017-12-03 - 2017-12-03;submitSocial;all;arwin
2017-12-05 05:02:49	worker	@ECEntertainment;2017-12-03 - 2017-12-03;submitSocial;all;arwin
2017-12-05 05:02:52	worker	@synergism_En;2017-12-03 - 2017-12-03;submitSocial;all;arwin
2017-12-05 05:02:54	worker	@Urbanbandung;2017-12-03 - 2017-12-03;submitSocial;all;arwin
2017-12-05 05:02:56	worker	@Urbanrkm995;2017-12-03 - 2017-12-03;submitSocial;all;arwin
2017-12-05 05:02:58	worker	@Garuda_Promo;2017-12-03 - 2017-12-03;submitSocial;all;arwin
2017-12-05 05:03:01	worker	@AirAsiaID;2017-12-03 - 2017-12-03;submitSocial;all;arwin
2017-12-05 05:03:04	worker	@KAI121;2017-12-03 - 2017-12-03;submitSocial;all;arwin
2017-12-05 05:03:06	worker	@Unilever;2017-12-03 - 2017-12-03;submitSocial;all;arwin
2017-12-05 05:03:09	worker	@Nestle;2017-12-03 - 2017-12-03;submitSocial;all;arwin
2017-12-05 05:03:14	worker	@CocaCola;2017-12-03 - 2017-12-03;submitSocial;all;arwin
2017-12-05 05:03:20	worker	@CNN;2017-12-03 - 2017-12-03;submitSocial;all;arwin
2017-12-05 05:03:24	worker	@MTV;2017-12-03 - 2017-12-03;submitSocial;all;arwin
2017-12-05 05:03:26	worker	@channelv;2017-12-03 - 2017-12-03;submitSocial;all;arwin
2017-12-05 05:03:29	worker	@iTunesMusic;2017-12-03 - 2017-12-03;submitSocial;all;arwin
2017-12-05 05:03:32	worker	@mashable;2017-12-03 - 2017-12-03;submitSocial;all;arwin
2017-12-05 05:03:34	worker	@decacaz;2017-12-03 - 2017-12-03;submitSocial;all;arwin
2017-12-05 05:03:37	worker	@radiobaru967FM;2017-12-03 - 2017-12-03;submitSocial;all;arwin
2017-12-05 05:03:39	worker	@967HitzFM;2017-12-03 - 2017-12-03;submitSocial;all;arwin
2017-12-05 05:03:42	worker	@TVGuide;2017-12-03 - 2017-12-03;submitSocial;all;arwin
2017-12-05 05:03:45	worker	@XL123;2017-12-03 - 2017-12-03;submitSocial;all;arwin
2017-12-05 05:03:47	worker	@triindonesia;2017-12-03 - 2017-12-03;submitSocial;all;arwin
2017-12-05 05:03:50	worker	@kaskus;2017-12-03 - 2017-12-03;submitSocial;all;arwin
2017-12-05 05:03:53	worker	@Studio_XXI;2017-12-03 - 2017-12-03;submitSocial;all;arwin
2017-12-05 05:03:55	worker	@blitzmegaplex;2017-12-03 - 2017-12-03;submitSocial;all;arwin
2017-12-05 05:03:57	worker	@alfamartku;2017-12-03 - 2017-12-03;submitSocial;all;arwin
2017-12-05 05:04:00	worker	@Carrefour_ID;2017-12-03 - 2017-12-03;submitSocial;all;arwin
2017-12-05 05:04:04	worker	@BBCBreaking;2017-12-03 - 2017-12-03;submitSocial;all;arwin
2017-12-05 05:04:10	worker	@Forbes;2017-12-03 - 2017-12-03;submitSocial;all;arwin
2017-12-05 05:04:12	worker	@BensRadio;2017-12-03 - 2017-12-03;submitSocial;all;arwin
2017-12-05 05:04:18	worker	@instagram;2017-12-03 - 2017-12-03;submitSocial;all;arwin
2017-12-05 05:04:21	worker	@Pinterest;2017-12-03 - 2017-12-03;submitSocial;all;arwin
2017-12-05 05:04:27	worker	@google;2017-12-03 - 2017-12-03;submitSocial;all;arwin
2017-12-05 05:04:29	worker	@Pertaminalub;2017-12-03 - 2017-12-03;submitSocial;all;arwin
2017-12-05 05:04:31	worker	@InfoLalinTol;2017-12-03 - 2017-12-03;submitSocial;all;arwin
2017-12-05 05:04:34	worker	@PTJASAMARGA;2017-12-03 - 2017-12-03;submitSocial;all;arwin
2017-12-05 05:04:36	worker	@cititransindo;2017-12-03 - 2017-12-03;submitSocial;all;arwin
2017-12-05 05:04:38	worker	#semangatpagisuperr;2017-12-03 - 2017-12-03;submitSocial;all;arwin
2017-12-05 05:04:40	worker	#genkuisinsideout;2017-12-03 - 2017-12-03;submitSocial;all;arwin
2017-12-05 05:04:43	worker	#semangatpagi;2017-12-03 - 2017-12-03;submitSocial;all;arwin
2017-12-05 05:04:45	worker	#dikamar;2017-12-03 - 2017-12-03;submitSocial;all;arwin
2017-12-05 05:04:48	worker	#kopaja;2017-12-03 - 2017-12-03;submitSocial;all;arwin
2017-12-05 05:04:50	worker	#generaksi8;2017-12-03 - 2017-12-03;submitSocial;all;arwin
2017-12-05 05:04:53	worker	#hitztsp;2017-12-03 - 2017-12-03;submitSocial;all;arwin
2017-12-05 05:04:56	worker	#np;2017-12-03 - 2017-12-03;submitSocial;all;arwin
2017-12-05 05:04:58	worker	#hitzlivestage;2017-12-03 - 2017-12-03;submitSocial;all;arwin
2017-12-05 05:05:01	worker	#thefreaks;2017-12-03 - 2017-12-03;submitSocial;all;arwin
2017-12-05 05:05:04	worker	#hitzsirkuspagi;2017-12-03 - 2017-12-03;submitSocial;all;arwin
2017-12-05 05:05:07	worker	#hitzathlon;2017-12-03 - 2017-12-03;submitSocial;all;arwin
2017-12-05 05:05:09	worker	#hitzzombie;2017-12-03 - 2017-12-03;submitSocial;all;arwin
2017-12-05 05:05:12	worker	#hitzkalong;2017-12-03 - 2017-12-03;submitSocial;all;arwin
2017-12-05 05:05:14	worker	#hitzbebas;2017-12-03 - 2017-12-03;submitSocial;all;arwin
2017-12-05 05:05:17	worker	#hitzhorehara;2017-12-03 - 2017-12-03;submitSocial;all;arwin
2017-12-05 05:05:19	worker	@ZaloraID;2017-12-03 - 2017-12-03;submitSocial;all;arwin
2017-12-05 05:05:22	worker	@OLX_Indonesia;2017-12-03 - 2017-12-03;submitSocial;all;arwin
2017-12-05 05:05:25	worker	@LazadaID;2017-12-03 - 2017-12-03;submitSocial;all;arwin
2017-12-05 05:05:27	worker	@utrippers;2017-12-03 - 2017-12-03;submitSocial;all;arwin
2017-12-05 05:05:30	worker	@GoGobot;2017-12-03 - 2017-12-03;submitSocial;all;arwin
2017-12-05 05:05:33	worker	@viatortravel;2017-12-03 - 2017-12-03;submitSocial;all;arwin
2017-12-05 05:05:35	worker	@alandakariza;2017-12-03 - 2017-12-03;submitSocial;all;arwin
2017-12-05 05:05:38	worker	@gagasmedia;2017-12-03 - 2017-12-03;submitSocial;all;arwin
2017-12-05 05:05:40	worker	@welovehonda;2017-12-03 - 2017-12-03;submitSocial;all;arwin
2017-12-05 05:05:42	worker	@SuzukiMotorID;2017-12-03 - 2017-12-03;submitSocial;all;arwin
2017-12-05 05:05:45	worker	@kawasakilovers;2017-12-03 - 2017-12-03;submitSocial;all;arwin
2017-12-05 05:05:47	worker	@yamahaindonesia;2017-12-03 - 2017-12-03;submitSocial;all;arwin
2017-12-05 05:05:50	worker	@tripanzee;2017-12-03 - 2017-12-03;submitSocial;all;arwin
2017-12-05 05:05:52	worker	@arnoldpoernomo;2017-12-03 - 2017-12-03;submitSocial;all;arwin
2017-12-05 05:05:55	worker	@nicsap;2017-12-03 - 2017-12-03;submitSocial;all;arwin
2017-12-05 05:05:57	worker	@tiket2;2017-12-03 - 2017-12-03;submitSocial;all;arwin
2017-12-05 05:06:00	worker	@traveloka;2017-12-03 - 2017-12-03;submitSocial;all;arwin
2017-12-05 05:06:04	worker	@wego;2017-12-03 - 2017-12-03;submitSocial;all;arwin
2017-12-05 05:06:08	worker	@agoda;2017-12-03 - 2017-12-03;submitSocial;all;arwin
2017-12-05 05:06:10	worker	#salahsambung;2017-12-03 - 2017-12-03;submitSocial;all;arwin
2017-12-05 05:06:13	worker	#tulalit;2017-12-03 - 2017-12-03;submitSocial;all;arwin
2017-12-05 05:06:15	worker	#pestageneraksi8;2017-12-03 - 2017-12-03;submitSocial;all;arwin
2017-12-05 05:06:17	worker	#ganaskustik;2017-12-03 - 2017-12-03;submitSocial;all;arwin
2017-12-05 05:06:19	worker	#lnhot20;2017-12-03 - 2017-12-03;submitSocial;all;arwin
2017-12-05 05:06:22	worker	@TripAdvisor;2017-12-03 - 2017-12-03;submitSocial;all;arwin
2017-12-05 05:06:27	worker	@google;2017-12-03 - 2017-12-03;submitSocial;all;arwin
2017-12-05 05:06:31	worker	@Telkomsel;2017-12-03 - 2017-12-03;submitSocial;all;arwin
2017-12-05 05:06:34	worker	@indosat;2017-12-03 - 2017-12-03;submitSocial;all;arwin
2017-12-05 05:06:37	worker	@bahanafmjkt;2017-12-03 - 2017-12-03;submitSocial;all;2017-12-05 05:06:41	worker	@sonorafm92;2017-12-03 - 2017-12-03;submitSocial;all;arwin
2017-12-05 05:06:43	worker	@litefm1058;2017-12-03 - 2017-12-03;submitSocial;all;arwin
2017-12-05 05:06:46	worker	@Bravaradio;2017-12-03 - 2017-12-03;submitSocial;all;arwin
2017-12-05 05:06:49	worker	#dgitm;2017-12-03 - 2017-12-03;submitSocial;all;arwin
2017-12-05 05:06:51	worker	#hitsalaprambors;2017-12-03 - 2017-12-03;submitSocial;all;arwin
2017-12-05 05:06:54	worker	#reqprambors;2017-12-03 - 2017-12-03;submitSocial;all;arwin
2017-12-05 05:06:56	worker	#thedandees;2017-12-03 - 2017-12-03;submitSocial;all;arwin
2017-12-05 05:06:58	worker	#pramborsquiz;2017-12-03 - 2017-12-03;submitSocial;all;arwin
2017-12-05 05:07:00	worker	#jeliprambors;2017-12-03 - 2017-12-03;submitSocial;all;arwin
2017-12-05 05:07:03	worker	#jodohinprambors;2017-12-03 - 2017-12-03;submitSocial;all;arwin
2017-12-05 05:07:05	worker	#ubahdenganbicara;2017-12-03 - 2017-12-03;submitSocial;all;arwin
2017-12-05 05:07:07	worker	#pramborschat;2017-12-03 - 2017-12-03;submitSocial;all;arwin
2017-12-05 05:07:10	worker	#tweetforduit;2017-12-03 - 2017-12-03;submitSocial;all;arwin
2017-12-05 05:07:12	worker	#joki3in1;2017-12-03 - 2017-12-03;submitSocial;all;arwin
2017-12-05 05:07:14	worker	#sarapanseru;2017-12-03 - 2017-12-03;submitSocial;all;arwin
2017-12-05 05:07:17	worker	#rawonkaneloop;2017-12-03 - 2017-12-03;submitSocial;all;arwin
2017-12-05 05:07:19	worker	#gudegkendilkeraton;2017-12-03 - 2017-12-03;submitSocial;all;arwin
2017-12-05 05:07:21	worker	#gadogadobutika;2017-12-03 - 2017-12-03;submitSocial;all;arwin
2017-12-05 05:07:24	worker	#mtvhottest;2017-12-03 - 2017-12-03;submitSocial;all;arwin
2017-12-05 05:07:26	worker	#dimsumcjdw;2017-12-03 - 2017-12-03;submitSocial;all;arwin
2017-12-05 05:07:28	worker	#pecelmadiunmbakniek;2017-12-03 - 2017-12-03;submitSocial;all;arwin
2017-12-05 05:07:31	worker	#depotarema;2017-12-03 - 2017-12-03;submitSocial;all;arwin
2017-12-05 05:07:33	worker	@BNI46;2017-12-03 - 2017-12-03;submitSocial;all;arwin
2017-12-05 05:07:36	worker	@BANKBRI_ID;2017-12-03 - 2017-12-03;submitSocial;all;arwin
2017-12-05 05:07:38	worker	#bni46;2017-12-03 - 2017-12-03;submitSocial;all;arwin
2017-12-05 05:07:42	worker	macet;2017-12-03 - 2017-12-03;submitSocial;all;arwin
2017-12-05 05:07:44	worker	#selamatpagi;2017-12-03 - 2017-12-03;submitSocial;all;arwin
2017-12-05 05:07:47	worker	#selamatmalam;2017-12-03 - 2017-12-03;submitSocial;all;arwin
2017-12-05 05:07:49	worker	@884GlobalRadio;2017-12-03 - 2017-12-03;submitSocial;all;arwin
2017-12-05 05:07:52	worker	@day_trans;2017-12-03 - 2017-12-03;submitSocial;all;arwin
2017-12-05 05:07:54	worker	@kencanavoyage;2017-12-03 - 2017-12-03;submitSocial;all;arwin
2017-12-05 05:07:57	worker	@jukebox5d;2017-12-03 - 2017-12-03;submitSocial;all;arwin
2017-12-05 05:08:00	worker	#mtvhottest;2017-12-03 - 2017-12-03;submitSocial;all;arwin
2017-12-05 05:08:02	worker	#semangatpagi;2017-12-03 - 2017-12-03;submitSocial;all;arwin
2017-12-05 05:08:05	worker	lifebuoy;2017-12-03 - 2017-12-03;submitSocial;all;arwin
2017-12-05 05:08:13	worker	jokowi;2017-12-03 - 2017-12-03;submitSocial;all;arwin
2017-12-05 05:08:22	worker	obama;2017-12-03 - 2017-12-03;submitSocial;all;arwin
2017-12-05 05:08:25	worker	starwars;2017-12-03 - 2017-12-03;submitSocial;all;arwin
2017-12-05 05:08:29	worker	jonan;2017-12-03 - 2017-12-03;submitSocial;all;arwin
2017-12-05 05:08:38	worker	pagi;2017-12-03 - 2017-12-03;submitSocial;all;arwin
2017-12-05 05:08:41	worker	sampoerna;2017-12-03 - 2017-12-03;submitSocial;all;arwin
2017-12-05 05:08:44	worker	djarum;2017-12-03 - 2017-12-03;submitSocial;all;arwin
2017-12-05 05:08:47	worker	#semangatpagi;2017-12-03 - 2017-12-03;submitSocial;all;arwin
2017-12-05 05:08:49	worker	#generaksi8;2017-12-03 - 2017-12-03;submitSocial;all;arwin
2017-12-05 05:08:51	worker	#365alasan;2017-12-03 - 2017-12-03;submitSocial;all;arwin
2017-12-05 05:08:55	worker	weew;2017-12-03 - 2017-12-03;submitSocial;all;arwin
2017-12-05 05:09:03	worker	testing;2017-12-03 - 2017-12-03;submitSocial;all;arwin
2017-12-05 05:09:06	worker	#kopaja;2017-12-03 - 2017-12-03;submitSocial;all;arwin
2017-12-05 05:09:08	worker	#genkuisinsideout;2017-12-03 - 2017-12-03;submitSocial;all;arwin
2017-12-05 05:09:11	worker	starwars;2017-12-03 - 2017-12-03;submitSocial;all;arwin
2017-12-05 05:09:14	worker	#kopaja;2017-12-03 - 2017-12-03;submitSocial;all;arwin
2017-12-05 05:09:16	worker	mldspot;2017-12-03 - 2017-12-03;submitSocial;all;arwin
2017-12-05 05:09:19	worker	PBDjarum;2017-12-03 - 2017-12-03;submitSocial;all;arwin
2017-12-05 05:09:22	worker	TemanNabati;2017-12-03 - 2017-12-03;submitSocial;all;arwin
2017-12-05 05:09:25	worker	Nextar;2017-12-03 - 2017-12-03;submitSocial;all;arwin
2017-12-05 05:09:28	worker	jokowo;2017-12-03 - 2017-12-03;submitSocial;all;arwin
2017-12-05 05:09:33	worker	prabowo;2017-12-03 - 2017-12-03;submitSocial;all;arwin
2017-12-05 05:09:35	worker	sudirman said;2017-12-03 - 2017-12-03;submitSocial;all;arwin
2017-12-05 05:09:40	worker	ahok;2017-12-03 - 2017-12-03;submitSocial;all;arwin
2017-12-05 05:09:43	worker	setyanovanto;2017-12-03 - 2017-12-03;submitSocial;all;arwin
2017-12-05 05:09:50	worker	jokowi;2017-12-03 - 2017-12-03;submitSocial;all;arwin
2017-12-05 05:09:56	worker	ahok;2017-12-03 - 2017-12-03;submitSocial;all;arwin
2017-12-05 05:10:00	worker	prabowo;2017-12-03 - 2017-12-03;submitSocial;all;arwin
2017-12-05 05:10:04	worker	sudirman said;2017-12-03 - 2017-12-03;submitSocial;all;arwin
2017-12-05 05:10:07	worker	setyanovanto;2017-12-03 - 2017-12-03;submitSocial;all;arwin
2017-12-05 05:10:13	worker	galau;2017-12-03 - 2017-12-03;submitSocial;all;arwin
2017-12-05 05:10:16	worker	#prestasiindonesia;2017-12-03 - 2017-12-03;submitSocial;all;arwin
2017-12-05 05:10:18	worker	@Tw_Debi;2017-12-03 - 2017-12-03;submitSocial;all;arwin
2017-12-05 05:10:21	worker	@OfficialFastron;2017-12-03 - 2017-12-03;submitSocial;all;arwin
2017-12-05 05:10:23	worker	@CitibankID;2017-12-03 - 2017-12-03;submitSocial;all;arwin
2017-12-05 05:10:26	worker	@jak101fm;2017-12-03 - 2017-12-03;submitSocial;all;arwin
2017-12-05 05:10:29	worker	@genfm;2017-12-03 - 2017-12-03;submitSocial;all;arwin
