2017-12-30 05:00:07	worker	@987genfm;2017-12-28 - 2017-12-28;submitSocial;all;arwin
2017-12-30 05:00:09	worker	@101jakfm;2017-12-28 - 2017-12-28;submitSocial;all;arwin
2017-12-30 05:00:13	worker	@prambors;2017-12-28 - 2017-12-28;submitSocial;all;arwin
2017-12-30 05:00:15	worker	@hardrockfm;2017-12-28 - 2017-12-28;submitSocial;all;arwin
2017-12-30 05:00:18	worker	@kisfmjakarta;2017-12-28 - 2017-12-28;submitSocial;all;arwin
2017-12-30 05:00:20	worker	@delta_fm;2017-12-28 - 2017-12-28;submitSocial;all;arwin
2017-12-30 05:00:23	worker	@traxfmjkt;2017-12-28 - 2017-12-28;submitSocial;all;arwin
2017-12-30 05:00:26	worker	@iradiojakarta;2017-12-28 - 2017-12-28;submitSocial;all;arwin
2017-12-30 05:00:28	worker	@indika9160fm;2017-12-28 - 2017-12-28;submitSocial;all;arwin
2017-12-30 05:00:30	worker	@shellindonesia;2017-12-28 - 2017-12-28;submitSocial;all;arwin
2017-12-30 05:00:33	worker	@vpowerfans;2017-12-28 - 2017-12-28;submitSocial;all;arwin
2017-12-30 05:00:35	worker	@pertamaxind;2017-12-28 - 2017-12-28;submitSocial;all;arwin
2017-12-30 05:00:38	worker	@ptpertamina;2017-12-28 - 2017-12-28;submitSocial;all;arwin
2017-12-30 05:00:40	worker	@OZRadioJakarta;2017-12-28 - 2017-12-28;submitSocial;all;arwin
2017-12-30 05:00:42	worker	@CosmopolitanFM;2017-12-28 - 2017-12-28;submitSocial;all;arwin
2017-12-30 05:00:45	worker	@mustang88fm;2017-12-28 - 2017-12-28;submitSocial;all;arwin
2017-12-30 05:00:47	worker	@debabaz;2017-12-28 - 2017-12-28;submitSocial;all;arwin
2017-12-30 05:00:50	worker	@detikcom;2017-12-28 - 2017-12-28;submitSocial;all;arwin
2017-12-30 05:00:53	worker	@radioelshinta;2017-12-28 - 2017-12-28;submitSocial;all;arwin
2017-12-30 05:00:56	worker	@cinema21;2017-12-28 - 2017-12-28;submitSocial;all;arwin
2017-12-30 05:00:58	worker	@OfficialRCTI;2017-12-28 - 2017-12-28;submitSocial;all;arwin
2017-12-30 05:01:01	worker	@TRANSTV_CORP;2017-12-28 - 2017-12-28;submitSocial;all;arwin
2017-12-30 05:01:03	worker	@TRANS7;2017-12-28 - 2017-12-28;submitSocial;all;arwin
2017-12-30 05:01:06	worker	@Metro_TV;2017-12-28 - 2017-12-28;submitSocial;all;arwin
2017-12-30 05:01:08	worker	@tvOneNews;2017-12-28 - 2017-12-28;submitSocial;all;arwin
2017-12-30 05:01:11	worker	@whatsonANTV;2017-12-28 - 2017-12-28;submitSocial;all;arwin
2017-12-30 05:01:14	worker	@SCTV_;2017-12-28 - 2017-12-28;submitSocial;all;arwin
2017-12-30 05:01:16	worker	@KompasTV;2017-12-28 - 2017-12-28;submitSocial;all;arwin
2017-12-30 05:01:19	worker	@netmediatama;2017-12-28 - 2017-12-28;submitSocial;all;arwin
2017-12-30 05:01:22	worker	@Globaltvseru;2017-12-28 - 2017-12-28;submitSocial;all;arwin
2017-12-30 05:01:24	worker	@JaktvCom;2017-12-28 - 2017-12-28;submitSocial;all;arwin
2017-12-30 05:01:27	worker	@TVRINasional;2017-12-28 - 2017-12-28;submitSocial;all;arwin
2017-12-30 05:01:29	worker	@ochannelupdates;2017-12-28 - 2017-12-28;submitSocial;all;arwin
2017-12-30 05:01:33	worker	@IndosiarID;2017-12-28 - 2017-12-28;submitSocial;all;arwin
2017-12-30 05:01:37	worker	@kompascom;2017-12-28 - 2017-12-28;submitSocial;all;arwin
2017-12-30 05:01:39	worker	@merdekadotcom;2017-12-28 - 2017-12-28;submitSocial;all;arwin
2017-12-30 05:01:42	worker	@MIdotcom;2017-12-28 - 2017-12-28;submitSocial;all;arwin
2017-12-30 05:01:44	worker	@tempodotco;2017-12-28 - 2017-12-28;submitSocial;all;arwin
2017-12-30 05:01:47	worker	@motion975fm;2017-12-28 - 2017-12-28;submitSocial;all;arwin
2017-12-30 05:01:49	worker	@_radiotoday;2017-12-28 - 2017-12-28;submitSocial;all;arwin
2017-12-30 05:01:51	worker	@radioinfo;2017-12-28 - 2017-12-28;submitSocial;all;arwin
2017-12-30 05:01:54	worker	@979FeMaleRadio;2017-12-28 - 2017-12-28;submitSocial;all;arwin
2017-12-30 05:01:56	worker	@WomanRadio943FM;2017-12-28 - 2017-12-28;submitSocial;all;arwin
2017-12-30 05:01:58	worker	@VRadioFM;2017-12-28 - 2017-12-28;submitSocial;all;arwin
2017-12-30 05:02:00	worker	@UFM947;2017-12-28 - 2017-12-28;submitSocial;all;arwin
2017-12-30 05:02:03	worker	@VIVAnews;2017-12-28 - 2017-12-28;submitSocial;all;arwin
2017-12-30 05:02:05	worker	@antaranews;2017-12-28 - 2017-12-28;submitSocial;all;arwin
2017-12-30 05:02:08	worker	@tribunnews;2017-12-28 - 2017-12-28;submitSocial;all;arwin
2017-12-30 05:02:11	worker	@okezonenews;2017-12-28 - 2017-12-28;submitSocial;all;arwin
2017-12-30 05:02:13	worker	@Beritasatu;2017-12-28 - 2017-12-28;submitSocial;all;arwin
2017-12-30 05:02:15	worker	@rollingstoneina;2017-12-28 - 2017-12-28;submitSocial;all;arwin
2017-12-30 05:02:18	worker	@FIMELAdotcom;2017-12-28 - 2017-12-28;submitSocial;all;arwin
2017-12-30 05:02:20	worker	@KapanLagicom;2017-12-28 - 2017-12-28;submitSocial;all;arwin
2017-12-30 05:02:23	worker	@KompasEnt ;2017-12-28 - 2017-12-28;submitSocial;all;arwin
2017-12-30 05:02:25	worker	@HaiMagazine;2017-12-28 - 2017-12-28;submitSocial;all;arwin
2017-12-30 05:02:27	worker	@JakartaVenue;2017-12-28 - 2017-12-28;submitSocial;all;arwin
2017-12-30 05:02:29	worker	@SeputarEvent;2017-12-28 - 2017-12-28;submitSocial;all;arwin
2017-12-30 05:02:32	worker	@ismayaLive;2017-12-28 - 2017-12-28;submitSocial;all;arwin
2017-12-30 05:02:34	worker	@ECEntertainment;2017-12-28 - 2017-12-28;submitSocial;all;arwin
2017-12-30 05:02:36	worker	@synergism_En;2017-12-28 - 2017-12-28;submitSocial;all;arwin
2017-12-30 05:02:38	worker	@Urbanbandung;2017-12-28 - 2017-12-28;submitSocial;all;arwin
2017-12-30 05:02:40	worker	@Urbanrkm995;2017-12-28 - 2017-12-28;submitSocial;all;arwin
2017-12-30 05:02:42	worker	@Garuda_Promo;2017-12-28 - 2017-12-28;submitSocial;all;arwin
2017-12-30 05:02:45	worker	@AirAsiaID;2017-12-28 - 2017-12-28;submitSocial;all;arwin
2017-12-30 05:02:47	worker	@KAI121;2017-12-28 - 2017-12-28;submitSocial;all;arwin
2017-12-30 05:02:50	worker	@Unilever;2017-12-28 - 2017-12-28;submitSocial;all;arwin
2017-12-30 05:02:53	worker	@Nestle;2017-12-28 - 2017-12-28;submitSocial;all;arwin
2017-12-30 05:02:56	worker	@CocaCola;2017-12-28 - 2017-12-28;submitSocial;all;arwin
2017-12-30 05:03:03	worker	@CNN;2017-12-28 - 2017-12-28;submitSocial;all;arwin
2017-12-30 05:03:07	worker	@MTV;2017-12-28 - 2017-12-28;submitSocial;all;arwin
2017-12-30 05:03:09	worker	@channelv;2017-12-28 - 2017-12-28;submitSocial;all;arwin
2017-12-30 05:03:11	worker	@iTunesMusic;2017-12-28 - 2017-12-28;submitSocial;all;arwin
2017-12-30 05:03:15	worker	@mashable;2017-12-28 - 2017-12-28;submitSocial;all;arwin
2017-12-30 05:03:17	worker	@decacaz;2017-12-28 - 2017-12-28;submitSocial;all;arwin
2017-12-30 05:03:20	worker	@radiobaru967FM;2017-12-28 - 2017-12-28;submitSocial;all;arwin
2017-12-30 05:03:22	worker	@967HitzFM;2017-12-28 - 2017-12-28;submitSocial;all;arwin
2017-12-30 05:03:25	worker	@TVGuide;2017-12-28 - 2017-12-28;submitSocial;all;arwin
2017-12-30 05:03:27	worker	@XL123;2017-12-28 - 2017-12-28;submitSocial;all;arwin
2017-12-30 05:03:30	worker	@triindonesia;2017-12-28 - 2017-12-28;submitSocial;all;arwin
2017-12-30 05:03:32	worker	@kaskus;2017-12-28 - 2017-12-28;submitSocial;all;arwin
2017-12-30 05:03:35	worker	@Studio_XXI;2017-12-28 - 2017-12-28;submitSocial;all;arwin
2017-12-30 05:03:37	worker	@blitzmegaplex;2017-12-28 - 2017-12-28;submitSocial;all;arwin
2017-12-30 05:03:39	worker	@alfamartku;2017-12-28 - 2017-12-28;submitSocial;all;arwin
2017-12-30 05:03:41	worker	@Carrefour_ID;2017-12-28 - 2017-12-28;submitSocial;all;arwin
2017-12-30 05:03:44	worker	@BBCBreaking;2017-12-28 - 2017-12-28;submitSocial;all;arwin
2017-12-30 05:03:51	worker	@Forbes;2017-12-28 - 2017-12-28;submitSocial;all;arwin
2017-12-30 05:03:53	worker	@BensRadio;2017-12-28 - 2017-12-28;submitSocial;all;arwin
2017-12-30 05:03:59	worker	@instagram;2017-12-28 - 2017-12-28;submitSocial;all;arwin
2017-12-30 05:04:02	worker	@Pinterest;2017-12-28 - 2017-12-28;submitSocial;all;arwin
2017-12-30 05:04:08	worker	@google;2017-12-28 - 2017-12-28;submitSocial;all;arwin
2017-12-30 05:04:10	worker	@Pertaminalub;2017-12-28 - 2017-12-28;submitSocial;all;arwin
2017-12-30 05:04:12	worker	@InfoLalinTol;2017-12-28 - 2017-12-28;submitSocial;all;arwin
2017-12-30 05:04:15	worker	@PTJASAMARGA;2017-12-28 - 2017-12-28;submitSocial;all;arwin
2017-12-30 05:04:17	worker	@cititransindo;2017-12-28 - 2017-12-28;submitSocial;all;arwin
2017-12-30 05:04:19	worker	#semangatpagisuperr;2017-12-28 - 2017-12-28;submitSocial;all;arwin
2017-12-30 05:04:21	worker	#genkuisinsideout;2017-12-28 - 2017-12-28;submitSocial;all;arwin
2017-12-30 05:04:23	worker	#semangatpagi;2017-12-28 - 2017-12-28;submitSocial;all;arwin
2017-12-30 05:04:26	worker	#dikamar;2017-12-28 - 2017-12-28;submitSocial;all;arwin
2017-12-30 05:04:28	worker	#kopaja;2017-12-28 - 2017-12-28;submitSocial;all;arwin
2017-12-30 05:04:30	worker	#generaksi8;2017-12-28 - 2017-12-28;submitSocial;all;arwin
2017-12-30 05:04:33	worker	#hitztsp;2017-12-28 - 2017-12-28;submitSocial;all;arwin
2017-12-30 05:04:36	worker	#np;2017-12-28 - 2017-12-28;submitSocial;all;arwin
2017-12-30 05:04:38	worker	#hitzlivestage;2017-12-28 - 2017-12-28;submitSocial;all;arwin
2017-12-30 05:04:40	worker	#thefreaks;2017-12-28 - 2017-12-28;submitSocial;all;arwin
2017-12-30 05:04:42	worker	#hitzsirkuspagi;2017-12-28 - 2017-12-28;submitSocial;all;arwin
2017-12-30 05:04:45	worker	#hitzathlon;2017-12-28 - 2017-12-28;submitSocial;all;arwin
2017-12-30 05:04:47	worker	#hitzzombie;2017-12-28 - 2017-12-28;submitSocial;all;arwin
2017-12-30 05:04:49	worker	#hitzkalong;2017-12-28 - 2017-12-28;submitSocial;all;arwin
2017-12-30 05:04:51	worker	#hitzbebas;2017-12-28 - 2017-12-28;submitSocial;all;arwin
2017-12-30 05:04:54	worker	#hitzhorehara;2017-12-28 - 2017-12-28;submitSocial;all;arwin
2017-12-30 05:04:56	worker	@ZaloraID;2017-12-28 - 2017-12-28;submitSocial;all;arwin
2017-12-30 05:04:58	worker	@OLX_Indonesia;2017-12-28 - 2017-12-28;submitSocial;all;arwin
2017-12-30 05:05:01	worker	@LazadaID;2017-12-28 - 2017-12-28;submitSocial;all;arwin
2017-12-30 05:05:04	worker	@utrippers;2017-12-28 - 2017-12-28;submitSocial;all;arwin
2017-12-30 05:05:07	worker	@GoGobot;2017-12-28 - 2017-12-28;submitSocial;all;arwin
2017-12-30 05:05:09	worker	@viatortravel;2017-12-28 - 2017-12-28;submitSocial;all;arwin
2017-12-30 05:05:12	worker	@alandakariza;2017-12-28 - 2017-12-28;submitSocial;all;arwin
2017-12-30 05:05:14	worker	@gagasmedia;2017-12-28 - 2017-12-28;submitSocial;all;arwin
2017-12-30 05:05:16	worker	@welovehonda;2017-12-28 - 2017-12-28;submitSocial;all;arwin
2017-12-30 05:05:19	worker	@SuzukiMotorID;2017-12-28 - 2017-12-28;submitSocial;all;arwin
2017-12-30 05:05:21	worker	@kawasakilovers;2017-12-28 - 2017-12-28;submitSocial;all;arwin
2017-12-30 05:05:23	worker	@yamahaindonesia;2017-12-28 - 2017-12-28;submitSocial;all;arwin
2017-12-30 05:05:26	worker	@tripanzee;2017-12-28 - 2017-12-28;submitSocial;all;arwin
2017-12-30 05:05:28	worker	@arnoldpoernomo;2017-12-28 - 2017-12-28;submitSocial;all;arwin
2017-12-30 05:05:31	worker	@nicsap;2017-12-28 - 2017-12-28;submitSocial;all;arwin
2017-12-30 05:05:33	worker	@tiket2;2017-12-28 - 2017-12-28;submitSocial;all;arwin
2017-12-30 05:05:35	worker	@traveloka;2017-12-28 - 2017-12-28;submitSocial;all;arwin
2017-12-30 05:05:39	worker	@wego;2017-12-28 - 2017-12-28;submitSocial;all;arwin
2017-12-30 05:05:42	worker	@agoda;2017-12-28 - 2017-12-28;submitSocial;all;arwin
2017-12-30 05:05:44	worker	#salahsambung;2017-12-28 - 2017-12-28;submitSocial;all;arwin
2017-12-30 05:05:46	worker	#tulalit;2017-12-28 - 2017-12-28;submitSocial;all;arwin
2017-12-30 05:05:48	worker	#pestageneraksi8;2017-12-28 - 2017-12-28;submitSocial;all;arwin
2017-12-30 05:05:50	worker	#ganaskustik;2017-12-28 - 2017-12-28;submitSocial;all;arwin
2017-12-30 05:05:52	worker	#lnhot20;2017-12-28 - 2017-12-28;submitSocial;all;arwin
2017-12-30 05:05:55	worker	@TripAdvisor;2017-12-28 - 2017-12-28;submitSocial;all;arwin
2017-12-30 05:06:00	worker	@google;2017-12-28 - 2017-12-28;submitSocial;all;arwin
2017-12-30 05:06:03	worker	@Telkomsel;2017-12-28 - 2017-12-28;submitSocial;all;arwin
2017-12-30 05:06:06	worker	@indosat;2017-12-28 - 2017-12-28;submitSocial;all;arwin
2017-12-30 05:06:09	worker	@bahanafmjkt;2017-12-28 - 2017-12-28;submitSocial;all;2017-12-30 05:06:13	worker	@sonorafm92;2017-12-28 - 2017-12-28;submitSocial;all;arwin
2017-12-30 05:06:15	worker	@litefm1058;2017-12-28 - 2017-12-28;submitSocial;all;arwin
2017-12-30 05:06:17	worker	@Bravaradio;2017-12-28 - 2017-12-28;submitSocial;all;arwin
2017-12-30 05:06:20	worker	#dgitm;2017-12-28 - 2017-12-28;submitSocial;all;arwin
2017-12-30 05:06:22	worker	#hitsalaprambors;2017-12-28 - 2017-12-28;submitSocial;all;arwin
2017-12-30 05:06:24	worker	#reqprambors;2017-12-28 - 2017-12-28;submitSocial;all;arwin
2017-12-30 05:06:27	worker	#thedandees;2017-12-28 - 2017-12-28;submitSocial;all;arwin
2017-12-30 05:06:28	worker	#pramborsquiz;2017-12-28 - 2017-12-28;submitSocial;all;arwin
2017-12-30 05:06:31	worker	#jeliprambors;2017-12-28 - 2017-12-28;submitSocial;all;arwin
2017-12-30 05:06:33	worker	#jodohinprambors;2017-12-28 - 2017-12-28;submitSocial;all;arwin
2017-12-30 05:06:35	worker	#ubahdenganbicara;2017-12-28 - 2017-12-28;submitSocial;all;arwin
2017-12-30 05:06:37	worker	#pramborschat;2017-12-28 - 2017-12-28;submitSocial;all;arwin
2017-12-30 05:06:39	worker	#tweetforduit;2017-12-28 - 2017-12-28;submitSocial;all;arwin
2017-12-30 05:06:41	worker	#joki3in1;2017-12-28 - 2017-12-28;submitSocial;all;arwin
2017-12-30 05:06:43	worker	#sarapanseru;2017-12-28 - 2017-12-28;submitSocial;all;arwin
2017-12-30 05:06:46	worker	#rawonkaneloop;2017-12-28 - 2017-12-28;submitSocial;all;arwin
2017-12-30 05:06:48	worker	#gudegkendilkeraton;2017-12-28 - 2017-12-28;submitSocial;all;arwin
2017-12-30 05:06:50	worker	#gadogadobutika;2017-12-28 - 2017-12-28;submitSocial;all;arwin
2017-12-30 05:06:52	worker	#mtvhottest;2017-12-28 - 2017-12-28;submitSocial;all;arwin
2017-12-30 05:06:54	worker	#dimsumcjdw;2017-12-28 - 2017-12-28;submitSocial;all;arwin
2017-12-30 05:06:56	worker	#pecelmadiunmbakniek;2017-12-28 - 2017-12-28;submitSocial;all;arwin
2017-12-30 05:06:59	worker	#depotarema;2017-12-28 - 2017-12-28;submitSocial;all;arwin
2017-12-30 05:07:01	worker	@BNI46;2017-12-28 - 2017-12-28;submitSocial;all;arwin
2017-12-30 05:07:03	worker	@BANKBRI_ID;2017-12-28 - 2017-12-28;submitSocial;all;arwin
2017-12-30 05:07:06	worker	#bni46;2017-12-28 - 2017-12-28;submitSocial;all;arwin
2017-12-30 05:07:10	worker	macet;2017-12-28 - 2017-12-28;submitSocial;all;arwin
2017-12-30 05:07:12	worker	#selamatpagi;2017-12-28 - 2017-12-28;submitSocial;all;arwin
2017-12-30 05:07:14	worker	#selamatmalam;2017-12-28 - 2017-12-28;submitSocial;all;arwin
2017-12-30 05:07:17	worker	@884GlobalRadio;2017-12-28 - 2017-12-28;submitSocial;all;arwin
2017-12-30 05:07:19	worker	@day_trans;2017-12-28 - 2017-12-28;submitSocial;all;arwin
2017-12-30 05:07:21	worker	@kencanavoyage;2017-12-28 - 2017-12-28;submitSocial;all;arwin
2017-12-30 05:07:24	worker	@jukebox5d;2017-12-28 - 2017-12-28;submitSocial;all;arwin
2017-12-30 05:07:26	worker	#mtvhottest;2017-12-28 - 2017-12-28;submitSocial;all;arwin
2017-12-30 05:07:28	worker	#semangatpagi;2017-12-28 - 2017-12-28;submitSocial;all;arwin
2017-12-30 05:07:31	worker	lifebuoy;2017-12-28 - 2017-12-28;submitSocial;all;arwin
2017-12-30 05:07:37	worker	jokowi;2017-12-28 - 2017-12-28;submitSocial;all;arwin
2017-12-30 05:07:45	worker	obama;2017-12-28 - 2017-12-28;submitSocial;all;arwin
2017-12-30 05:07:48	worker	starwars;2017-12-28 - 2017-12-28;submitSocial;all;arwin
2017-12-30 05:07:51	worker	jonan;2017-12-28 - 2017-12-28;submitSocial;all;arwin
2017-12-30 05:07:59	worker	pagi;2017-12-28 - 2017-12-28;submitSocial;all;arwin
2017-12-30 05:08:02	worker	sampoerna;2017-12-28 - 2017-12-28;submitSocial;all;arwin
2017-12-30 05:08:05	worker	djarum;2017-12-28 - 2017-12-28;submitSocial;all;arwin
2017-12-30 05:08:07	worker	#semangatpagi;2017-12-28 - 2017-12-28;submitSocial;all;arwin
2017-12-30 05:08:09	worker	#generaksi8;2017-12-28 - 2017-12-28;submitSocial;all;arwin
2017-12-30 05:08:11	worker	#365alasan;2017-12-28 - 2017-12-28;submitSocial;all;arwin
2017-12-30 05:08:14	worker	weew;2017-12-28 - 2017-12-28;submitSocial;all;arwin
2017-12-30 05:08:21	worker	testing;2017-12-28 - 2017-12-28;submitSocial;all;arwin
2017-12-30 05:08:24	worker	#kopaja;2017-12-28 - 2017-12-28;submitSocial;all;arwin
2017-12-30 05:08:26	worker	#genkuisinsideout;2017-12-28 - 2017-12-28;submitSocial;all;arwin
2017-12-30 05:08:29	worker	starwars;2017-12-28 - 2017-12-28;submitSocial;all;arwin
2017-12-30 05:08:31	worker	#kopaja;2017-12-28 - 2017-12-28;submitSocial;all;arwin
2017-12-30 05:08:34	worker	mldspot;2017-12-28 - 2017-12-28;submitSocial;all;arwin
2017-12-30 05:08:36	worker	PBDjarum;2017-12-28 - 2017-12-28;submitSocial;all;arwin
2017-12-30 05:08:39	worker	TemanNabati;2017-12-28 - 2017-12-28;submitSocial;all;arwin
2017-12-30 05:08:42	worker	Nextar;2017-12-28 - 2017-12-28;submitSocial;all;arwin
2017-12-30 05:08:45	worker	jokowo;2017-12-28 - 2017-12-28;submitSocial;all;arwin
2017-12-30 05:08:49	worker	prabowo;2017-12-28 - 2017-12-28;submitSocial;all;arwin
2017-12-30 05:08:51	worker	sudirman said;2017-12-28 - 2017-12-28;submitSocial;all;arwin
2017-12-30 05:08:56	worker	ahok;2017-12-28 - 2017-12-28;submitSocial;all;arwin
2017-12-30 05:08:59	worker	setyanovanto;2017-12-28 - 2017-12-28;submitSocial;all;arwin
2017-12-30 05:09:05	worker	jokowi;2017-12-28 - 2017-12-28;submitSocial;all;arwin
2017-12-30 05:09:10	worker	ahok;2017-12-28 - 2017-12-28;submitSocial;all;arwin
2017-12-30 05:09:14	worker	prabowo;2017-12-28 - 2017-12-28;submitSocial;all;arwin
2017-12-30 05:09:16	worker	sudirman said;2017-12-28 - 2017-12-28;submitSocial;all;arwin
2017-12-30 05:09:19	worker	setyanovanto;2017-12-28 - 2017-12-28;submitSocial;all;arwin
2017-12-30 05:09:23	worker	galau;2017-12-28 - 2017-12-28;submitSocial;all;arwin
2017-12-30 05:09:25	worker	#prestasiindonesia;2017-12-28 - 2017-12-28;submitSocial;all;arwin
2017-12-30 05:09:28	worker	@Tw_Debi;2017-12-28 - 2017-12-28;submitSocial;all;arwin
2017-12-30 05:09:30	worker	@OfficialFastron;2017-12-28 - 2017-12-28;submitSocial;all;arwin
2017-12-30 05:09:32	worker	@CitibankID;2017-12-28 - 2017-12-28;submitSocial;all;arwin
2017-12-30 05:09:35	worker	@jak101fm;2017-12-28 - 2017-12-28;submitSocial;all;arwin
2017-12-30 05:09:38	worker	@genfm;2017-12-28 - 2017-12-28;submitSocial;all;arwin
