2017-09-16 05:00:06	worker	@987genfm;2017-09-14 - 2017-09-14;submitSocial;all;arwin
2017-09-16 05:00:09	worker	@101jakfm;2017-09-14 - 2017-09-14;submitSocial;all;arwin
2017-09-16 05:00:12	worker	@prambors;2017-09-14 - 2017-09-14;submitSocial;all;arwin
2017-09-16 05:00:14	worker	@hardrockfm;2017-09-14 - 2017-09-14;submitSocial;all;arwin
2017-09-16 05:00:17	worker	@kisfmjakarta;2017-09-14 - 2017-09-14;submitSocial;all;arwin
2017-09-16 05:00:19	worker	@delta_fm;2017-09-14 - 2017-09-14;submitSocial;all;arwin
2017-09-16 05:00:22	worker	@traxfmjkt;2017-09-14 - 2017-09-14;submitSocial;all;arwin
2017-09-16 05:00:24	worker	@iradiojakarta;2017-09-14 - 2017-09-14;submitSocial;all;arwin
2017-09-16 05:00:27	worker	@indika9160fm;2017-09-14 - 2017-09-14;submitSocial;all;arwin
2017-09-16 05:00:29	worker	@shellindonesia;2017-09-14 - 2017-09-14;submitSocial;all;arwin
2017-09-16 05:00:31	worker	@vpowerfans;2017-09-14 - 2017-09-14;submitSocial;all;arwin
2017-09-16 05:00:34	worker	@pertamaxind;2017-09-14 - 2017-09-14;submitSocial;all;arwin
2017-09-16 05:00:36	worker	@ptpertamina;2017-09-14 - 2017-09-14;submitSocial;all;arwin
2017-09-16 05:00:39	worker	@OZRadioJakarta;2017-09-14 - 2017-09-14;submitSocial;all;arwin
2017-09-16 05:00:41	worker	@CosmopolitanFM;2017-09-14 - 2017-09-14;submitSocial;all;arwin
2017-09-16 05:00:43	worker	@mustang88fm;2017-09-14 - 2017-09-14;submitSocial;all;arwin
2017-09-16 05:00:46	worker	@debabaz;2017-09-14 - 2017-09-14;submitSocial;all;arwin
2017-09-16 05:00:50	worker	@detikcom;2017-09-14 - 2017-09-14;submitSocial;all;arwin
2017-09-16 05:00:53	worker	@radioelshinta;2017-09-14 - 2017-09-14;submitSocial;all;arwin
2017-09-16 05:00:55	worker	@cinema21;2017-09-14 - 2017-09-14;submitSocial;all;arwin
2017-09-16 05:00:58	worker	@OfficialRCTI;2017-09-14 - 2017-09-14;submitSocial;all;arwin
2017-09-16 05:01:01	worker	@TRANSTV_CORP;2017-09-14 - 2017-09-14;submitSocial;all;arwin
2017-09-16 05:01:03	worker	@TRANS7;2017-09-14 - 2017-09-14;submitSocial;all;arwin
2017-09-16 05:01:06	worker	@Metro_TV;2017-09-14 - 2017-09-14;submitSocial;all;arwin
2017-09-16 05:01:10	worker	@tvOneNews;2017-09-14 - 2017-09-14;submitSocial;all;arwin
2017-09-16 05:01:13	worker	@whatsonANTV;2017-09-14 - 2017-09-14;submitSocial;all;arwin
2017-09-16 05:01:16	worker	@SCTV_;2017-09-14 - 2017-09-14;submitSocial;all;arwin
2017-09-16 05:01:19	worker	@KompasTV;2017-09-14 - 2017-09-14;submitSocial;all;arwin
2017-09-16 05:01:22	worker	@netmediatama;2017-09-14 - 2017-09-14;submitSocial;all;arwin
2017-09-16 05:01:24	worker	@Globaltvseru;2017-09-14 - 2017-09-14;submitSocial;all;arwin
2017-09-16 05:01:27	worker	@JaktvCom;2017-09-14 - 2017-09-14;submitSocial;all;arwin
2017-09-16 05:01:29	worker	@TVRINasional;2017-09-14 - 2017-09-14;submitSocial;all;arwin
2017-09-16 05:01:31	worker	@ochannelupdates;2017-09-14 - 2017-09-14;submitSocial;all;arwin
2017-09-16 05:01:34	worker	@IndosiarID;2017-09-14 - 2017-09-14;submitSocial;all;arwin
2017-09-16 05:01:38	worker	@kompascom;2017-09-14 - 2017-09-14;submitSocial;all;arwin
2017-09-16 05:01:41	worker	@merdekadotcom;2017-09-14 - 2017-09-14;submitSocial;all;arwin
2017-09-16 05:01:43	worker	@MIdotcom;2017-09-14 - 2017-09-14;submitSocial;all;arwin
2017-09-16 05:01:46	worker	@tempodotco;2017-09-14 - 2017-09-14;submitSocial;all;arwin
2017-09-16 05:01:49	worker	@motion975fm;2017-09-14 - 2017-09-14;submitSocial;all;arwin
2017-09-16 05:01:51	worker	@_radiotoday;2017-09-14 - 2017-09-14;submitSocial;all;arwin
2017-09-16 05:01:53	worker	@radioinfo;2017-09-14 - 2017-09-14;submitSocial;all;arwin
2017-09-16 05:01:56	worker	@979FeMaleRadio;2017-09-14 - 2017-09-14;submitSocial;all;arwin
2017-09-16 05:01:58	worker	@WomanRadio943FM;2017-09-14 - 2017-09-14;submitSocial;all;arwin
2017-09-16 05:02:00	worker	@VRadioFM;2017-09-14 - 2017-09-14;submitSocial;all;arwin
2017-09-16 05:02:02	worker	@UFM947;2017-09-14 - 2017-09-14;submitSocial;all;arwin
2017-09-16 05:02:05	worker	@VIVAnews;2017-09-14 - 2017-09-14;submitSocial;all;arwin
2017-09-16 05:02:07	worker	@antaranews;2017-09-14 - 2017-09-14;submitSocial;all;arwin
2017-09-16 05:02:10	worker	@tribunnews;2017-09-14 - 2017-09-14;submitSocial;all;arwin
2017-09-16 05:02:13	worker	@okezonenews;2017-09-14 - 2017-09-14;submitSocial;all;arwin
2017-09-16 05:02:15	worker	@Beritasatu;2017-09-14 - 2017-09-14;submitSocial;all;arwin
2017-09-16 05:02:18	worker	@rollingstoneina;2017-09-14 - 2017-09-14;submitSocial;all;arwin
2017-09-16 05:02:20	worker	@FIMELAdotcom;2017-09-14 - 2017-09-14;submitSocial;all;arwin
2017-09-16 05:02:22	worker	@KapanLagicom;2017-09-14 - 2017-09-14;submitSocial;all;arwin
2017-09-16 05:02:25	worker	@KompasEnt ;2017-09-14 - 2017-09-14;submitSocial;all;arwin
2017-09-16 05:02:27	worker	@HaiMagazine;2017-09-14 - 2017-09-14;submitSocial;all;arwin
2017-09-16 05:02:30	worker	@JakartaVenue;2017-09-14 - 2017-09-14;submitSocial;all;arwin
2017-09-16 05:02:32	worker	@SeputarEvent;2017-09-14 - 2017-09-14;submitSocial;all;arwin
2017-09-16 05:02:34	worker	@ismayaLive;2017-09-14 - 2017-09-14;submitSocial;all;arwin
2017-09-16 05:02:37	worker	@ECEntertainment;2017-09-14 - 2017-09-14;submitSocial;all;arwin
2017-09-16 05:02:39	worker	@synergism_En;2017-09-14 - 2017-09-14;submitSocial;all;arwin
2017-09-16 05:02:41	worker	@Urbanbandung;2017-09-14 - 2017-09-14;submitSocial;all;arwin
2017-09-16 05:02:43	worker	@Urbanrkm995;2017-09-14 - 2017-09-14;submitSocial;all;arwin
2017-09-16 05:02:46	worker	@Garuda_Promo;2017-09-14 - 2017-09-14;submitSocial;all;arwin
2017-09-16 05:02:48	worker	@AirAsiaID;2017-09-14 - 2017-09-14;submitSocial;all;arwin
2017-09-16 05:02:50	worker	@KAI121;2017-09-14 - 2017-09-14;submitSocial;all;arwin
2017-09-16 05:02:53	worker	@Unilever;2017-09-14 - 2017-09-14;submitSocial;all;arwin
2017-09-16 05:02:56	worker	@Nestle;2017-09-14 - 2017-09-14;submitSocial;all;arwin
2017-09-16 05:02:59	worker	@CocaCola;2017-09-14 - 2017-09-14;submitSocial;all;arwin
2017-09-16 05:03:08	worker	@CNN;2017-09-14 - 2017-09-14;submitSocial;all;arwin
2017-09-16 05:03:12	worker	@MTV;2017-09-14 - 2017-09-14;submitSocial;all;arwin
2017-09-16 05:03:14	worker	@channelv;2017-09-14 - 2017-09-14;submitSocial;all;arwin
2017-09-16 05:03:17	worker	@iTunesMusic;2017-09-14 - 2017-09-14;submitSocial;all;arwin
2017-09-16 05:03:22	worker	@mashable;2017-09-14 - 2017-09-14;submitSocial;all;arwin
2017-09-16 05:03:24	worker	@decacaz;2017-09-14 - 2017-09-14;submitSocial;all;arwin
2017-09-16 05:03:26	worker	@radiobaru967FM;2017-09-14 - 2017-09-14;submitSocial;all;arwin
2017-09-16 05:03:29	worker	@967HitzFM;2017-09-14 - 2017-09-14;submitSocial;all;arwin
2017-09-16 05:03:31	worker	@TVGuide;2017-09-14 - 2017-09-14;submitSocial;all;arwin
2017-09-16 05:03:34	worker	@XL123;2017-09-14 - 2017-09-14;submitSocial;all;arwin
2017-09-16 05:03:36	worker	@triindonesia;2017-09-14 - 2017-09-14;submitSocial;all;arwin
2017-09-16 05:03:40	worker	@kaskus;2017-09-14 - 2017-09-14;submitSocial;all;arwin
2017-09-16 05:03:42	worker	@Studio_XXI;2017-09-14 - 2017-09-14;submitSocial;all;arwin
2017-09-16 05:03:44	worker	@blitzmegaplex;2017-09-14 - 2017-09-14;submitSocial;all;arwin
2017-09-16 05:03:46	worker	@alfamartku;2017-09-14 - 2017-09-14;submitSocial;all;arwin
2017-09-16 05:03:48	worker	@Carrefour_ID;2017-09-14 - 2017-09-14;submitSocial;all;arwin
2017-09-16 05:03:53	worker	@BBCBreaking;2017-09-14 - 2017-09-14;submitSocial;all;arwin
2017-09-16 05:04:00	worker	@Forbes;2017-09-14 - 2017-09-14;submitSocial;all;arwin
2017-09-16 05:04:02	worker	@BensRadio;2017-09-14 - 2017-09-14;submitSocial;all;arwin
2017-09-16 05:04:09	worker	@instagram;2017-09-14 - 2017-09-14;submitSocial;all;arwin
2017-09-16 05:04:12	worker	@Pinterest;2017-09-14 - 2017-09-14;submitSocial;all;arwin
2017-09-16 05:04:20	worker	@google;2017-09-14 - 2017-09-14;submitSocial;all;arwin
2017-09-16 05:04:22	worker	@Pertaminalub;2017-09-14 - 2017-09-14;submitSocial;all;arwin
2017-09-16 05:04:25	worker	@InfoLalinTol;2017-09-14 - 2017-09-14;submitSocial;all;arwin
2017-09-16 05:04:27	worker	@PTJASAMARGA;2017-09-14 - 2017-09-14;submitSocial;all;arwin
2017-09-16 05:04:29	worker	@cititransindo;2017-09-14 - 2017-09-14;submitSocial;all;arwin
2017-09-16 05:04:31	worker	#semangatpagisuperr;2017-09-14 - 2017-09-14;submitSocial;all;arwin
2017-09-16 05:04:33	worker	#genkuisinsideout;2017-09-14 - 2017-09-14;submitSocial;all;arwin
2017-09-16 05:04:36	worker	#semangatpagi;2017-09-14 - 2017-09-14;submitSocial;all;arwin
2017-09-16 05:04:38	worker	#dikamar;2017-09-14 - 2017-09-14;submitSocial;all;arwin
2017-09-16 05:04:41	worker	#kopaja;2017-09-14 - 2017-09-14;submitSocial;all;arwin
2017-09-16 05:04:42	worker	#generaksi8;2017-09-14 - 2017-09-14;submitSocial;all;arwin
2017-09-16 05:04:45	worker	#hitztsp;2017-09-14 - 2017-09-14;submitSocial;all;arwin
2017-09-16 05:04:48	worker	#np;2017-09-14 - 2017-09-14;submitSocial;all;arwin
2017-09-16 05:04:50	worker	#hitzlivestage;2017-09-14 - 2017-09-14;submitSocial;all;arwin
2017-09-16 05:04:53	worker	#thefreaks;2017-09-14 - 2017-09-14;submitSocial;all;arwin
2017-09-16 05:04:55	worker	#hitzsirkuspagi;2017-09-14 - 2017-09-14;submitSocial;all;arwin
2017-09-16 05:04:57	worker	#hitzathlon;2017-09-14 - 2017-09-14;submitSocial;all;arwin
2017-09-16 05:04:59	worker	#hitzzombie;2017-09-14 - 2017-09-14;submitSocial;all;arwin
2017-09-16 05:05:02	worker	#hitzkalong;2017-09-14 - 2017-09-14;submitSocial;all;arwin
2017-09-16 05:05:05	worker	#hitzbebas;2017-09-14 - 2017-09-14;submitSocial;all;arwin
2017-09-16 05:05:07	worker	#hitzhorehara;2017-09-14 - 2017-09-14;submitSocial;all;arwin
2017-09-16 05:05:10	worker	@ZaloraID;2017-09-14 - 2017-09-14;submitSocial;all;arwin
2017-09-16 05:05:12	worker	@OLX_Indonesia;2017-09-14 - 2017-09-14;submitSocial;all;arwin
2017-09-16 05:05:15	worker	@LazadaID;2017-09-14 - 2017-09-14;submitSocial;all;arwin
2017-09-16 05:05:17	worker	@utrippers;2017-09-14 - 2017-09-14;submitSocial;all;arwin
2017-09-16 05:05:20	worker	@GoGobot;2017-09-14 - 2017-09-14;submitSocial;all;arwin
2017-09-16 05:05:22	worker	@viatortravel;2017-09-14 - 2017-09-14;submitSocial;all;arwin
2017-09-16 05:05:25	worker	@alandakariza;2017-09-14 - 2017-09-14;submitSocial;all;arwin
2017-09-16 05:05:27	worker	@gagasmedia;2017-09-14 - 2017-09-14;submitSocial;all;arwin
2017-09-16 05:05:29	worker	@welovehonda;2017-09-14 - 2017-09-14;submitSocial;all;arwin
2017-09-16 05:05:32	worker	@SuzukiMotorID;2017-09-14 - 2017-09-14;submitSocial;all;arwin
2017-09-16 05:05:34	worker	@kawasakilovers;2017-09-14 - 2017-09-14;submitSocial;all;arwin
2017-09-16 05:05:36	worker	@yamahaindonesia;2017-09-14 - 2017-09-14;submitSocial;all;arwin
2017-09-16 05:05:38	worker	@tripanzee;2017-09-14 - 2017-09-14;submitSocial;all;arwin
2017-09-16 05:05:41	worker	@arnoldpoernomo;2017-09-14 - 2017-09-14;submitSocial;all;arwin
2017-09-16 05:05:43	worker	@nicsap;2017-09-14 - 2017-09-14;submitSocial;all;arwin
2017-09-16 05:05:45	worker	@tiket2;2017-09-14 - 2017-09-14;submitSocial;all;arwin
2017-09-16 05:05:48	worker	@traveloka;2017-09-14 - 2017-09-14;submitSocial;all;arwin
2017-09-16 05:05:51	worker	@wego;2017-09-14 - 2017-09-14;submitSocial;all;arwin
2017-09-16 05:05:54	worker	@agoda;2017-09-14 - 2017-09-14;submitSocial;all;arwin
2017-09-16 05:05:56	worker	#salahsambung;2017-09-14 - 2017-09-14;submitSocial;all;arwin
2017-09-16 05:05:58	worker	#tulalit;2017-09-14 - 2017-09-14;submitSocial;all;arwin
2017-09-16 05:06:00	worker	#pestageneraksi8;2017-09-14 - 2017-09-14;submitSocial;all;arwin
2017-09-16 05:06:03	worker	#ganaskustik;2017-09-14 - 2017-09-14;submitSocial;all;arwin
2017-09-16 05:06:05	worker	#lnhot20;2017-09-14 - 2017-09-14;submitSocial;all;arwin
2017-09-16 05:06:07	worker	@TripAdvisor;2017-09-14 - 2017-09-14;submitSocial;all;arwin
2017-09-16 05:06:15	worker	@google;2017-09-14 - 2017-09-14;submitSocial;all;arwin
2017-09-16 05:06:18	worker	@Telkomsel;2017-09-14 - 2017-09-14;submitSocial;all;arwin
2017-09-16 05:06:21	worker	@indosat;2017-09-14 - 2017-09-14;submitSocial;all;arwin
2017-09-16 05:06:24	worker	@bahanafmjkt;2017-09-14 - 2017-09-14;submitSocial;all;2017-09-16 05:06:29	worker	@sonorafm92;2017-09-14 - 2017-09-14;submitSocial;all;arwin
2017-09-16 05:06:30	worker	@litefm1058;2017-09-14 - 2017-09-14;submitSocial;all;arwin
2017-09-16 05:06:33	worker	@Bravaradio;2017-09-14 - 2017-09-14;submitSocial;all;arwin
2017-09-16 05:06:36	worker	#dgitm;2017-09-14 - 2017-09-14;submitSocial;all;arwin
2017-09-16 05:06:38	worker	#hitsalaprambors;2017-09-14 - 2017-09-14;submitSocial;all;arwin
2017-09-16 05:06:40	worker	#reqprambors;2017-09-14 - 2017-09-14;submitSocial;all;arwin
2017-09-16 05:06:43	worker	#thedandees;2017-09-14 - 2017-09-14;submitSocial;all;arwin
2017-09-16 05:06:45	worker	#pramborsquiz;2017-09-14 - 2017-09-14;submitSocial;all;arwin
2017-09-16 05:06:47	worker	#jeliprambors;2017-09-14 - 2017-09-14;submitSocial;all;arwin
2017-09-16 05:06:50	worker	#jodohinprambors;2017-09-14 - 2017-09-14;submitSocial;all;arwin
2017-09-16 05:06:52	worker	#ubahdenganbicara;2017-09-14 - 2017-09-14;submitSocial;all;arwin
2017-09-16 05:06:54	worker	#pramborschat;2017-09-14 - 2017-09-14;submitSocial;all;arwin
2017-09-16 05:06:56	worker	#tweetforduit;2017-09-14 - 2017-09-14;submitSocial;all;arwin
2017-09-16 05:06:58	worker	#joki3in1;2017-09-14 - 2017-09-14;submitSocial;all;arwin
2017-09-16 05:07:01	worker	#sarapanseru;2017-09-14 - 2017-09-14;submitSocial;all;arwin
2017-09-16 05:07:03	worker	#rawonkaneloop;2017-09-14 - 2017-09-14;submitSocial;all;arwin
2017-09-16 05:07:05	worker	#gudegkendilkeraton;2017-09-14 - 2017-09-14;submitSocial;all;arwin
2017-09-16 05:07:08	worker	#gadogadobutika;2017-09-14 - 2017-09-14;submitSocial;all;arwin
2017-09-16 05:07:10	worker	#mtvhottest;2017-09-14 - 2017-09-14;submitSocial;all;arwin
2017-09-16 05:07:12	worker	#dimsumcjdw;2017-09-14 - 2017-09-14;submitSocial;all;arwin
2017-09-16 05:07:14	worker	#pecelmadiunmbakniek;2017-09-14 - 2017-09-14;submitSocial;all;arwin
2017-09-16 05:07:16	worker	#depotarema;2017-09-14 - 2017-09-14;submitSocial;all;arwin
2017-09-16 05:07:19	worker	@BNI46;2017-09-14 - 2017-09-14;submitSocial;all;arwin
2017-09-16 05:07:22	worker	@BANKBRI_ID;2017-09-14 - 2017-09-14;submitSocial;all;arwin
2017-09-16 05:07:24	worker	#bni46;2017-09-14 - 2017-09-14;submitSocial;all;arwin
2017-09-16 05:07:28	worker	macet;2017-09-14 - 2017-09-14;submitSocial;all;arwin
2017-09-16 05:07:30	worker	#selamatpagi;2017-09-14 - 2017-09-14;submitSocial;all;arwin
2017-09-16 05:07:32	worker	#selamatmalam;2017-09-14 - 2017-09-14;submitSocial;all;arwin
2017-09-16 05:07:35	worker	@884GlobalRadio;2017-09-14 - 2017-09-14;submitSocial;all;arwin
2017-09-16 05:07:37	worker	@day_trans;2017-09-14 - 2017-09-14;submitSocial;all;arwin
2017-09-16 05:07:39	worker	@kencanavoyage;2017-09-14 - 2017-09-14;submitSocial;all;arwin
2017-09-16 05:07:42	worker	@jukebox5d;2017-09-14 - 2017-09-14;submitSocial;all;arwin
2017-09-16 05:07:44	worker	#mtvhottest;2017-09-14 - 2017-09-14;submitSocial;all;arwin
2017-09-16 05:07:46	worker	#semangatpagi;2017-09-14 - 2017-09-14;submitSocial;all;arwin
2017-09-16 05:07:48	worker	lifebuoy;2017-09-14 - 2017-09-14;submitSocial;all;arwin
2017-09-16 05:07:56	worker	jokowi;2017-09-14 - 2017-09-14;submitSocial;all;arwin
2017-09-16 05:08:03	worker	obama;2017-09-14 - 2017-09-14;submitSocial;all;arwin
2017-09-16 05:08:06	worker	starwars;2017-09-14 - 2017-09-14;submitSocial;all;arwin
2017-09-16 05:08:10	worker	jonan;2017-09-14 - 2017-09-14;submitSocial;all;arwin
2017-09-16 05:08:19	worker	pagi;2017-09-14 - 2017-09-14;submitSocial;all;arwin
2017-09-16 05:08:22	worker	sampoerna;2017-09-14 - 2017-09-14;submitSocial;all;arwin
2017-09-16 05:08:25	worker	djarum;2017-09-14 - 2017-09-14;submitSocial;all;arwin
2017-09-16 05:08:27	worker	#semangatpagi;2017-09-14 - 2017-09-14;submitSocial;all;arwin
2017-09-16 05:08:29	worker	#generaksi8;2017-09-14 - 2017-09-14;submitSocial;all;arwin
2017-09-16 05:08:32	worker	#365alasan;2017-09-14 - 2017-09-14;submitSocial;all;arwin
2017-09-16 05:08:35	worker	weew;2017-09-14 - 2017-09-14;submitSocial;all;arwin
2017-09-16 05:08:43	worker	testing;2017-09-14 - 2017-09-14;submitSocial;all;arwin
2017-09-16 05:08:46	worker	#kopaja;2017-09-14 - 2017-09-14;submitSocial;all;arwin
2017-09-16 05:08:48	worker	#genkuisinsideout;2017-09-14 - 2017-09-14;submitSocial;all;arwin
2017-09-16 05:08:51	worker	starwars;2017-09-14 - 2017-09-14;submitSocial;all;arwin
2017-09-16 05:08:53	worker	#kopaja;2017-09-14 - 2017-09-14;submitSocial;all;arwin
2017-09-16 05:08:56	worker	mldspot;2017-09-14 - 2017-09-14;submitSocial;all;arwin
2017-09-16 05:08:58	worker	PBDjarum;2017-09-14 - 2017-09-14;submitSocial;all;arwin
2017-09-16 05:09:01	worker	TemanNabati;2017-09-14 - 2017-09-14;submitSocial;all;arwin
2017-09-16 05:09:04	worker	Nextar;2017-09-14 - 2017-09-14;submitSocial;all;arwin
2017-09-16 05:09:07	worker	jokowo;2017-09-14 - 2017-09-14;submitSocial;all;arwin
2017-09-16 05:09:11	worker	prabowo;2017-09-14 - 2017-09-14;submitSocial;all;arwin
2017-09-16 05:09:13	worker	sudirman said;2017-09-14 - 2017-09-14;submitSocial;all;arwin
2017-09-16 05:09:19	worker	ahok;2017-09-14 - 2017-09-14;submitSocial;all;arwin
2017-09-16 05:09:22	worker	setyanovanto;2017-09-14 - 2017-09-14;submitSocial;all;arwin
2017-09-16 05:09:30	worker	jokowi;2017-09-14 - 2017-09-14;submitSocial;all;arwin
2017-09-16 05:09:36	worker	ahok;2017-09-14 - 2017-09-14;submitSocial;all;arwin
2017-09-16 05:09:40	worker	prabowo;2017-09-14 - 2017-09-14;submitSocial;all;arwin
2017-09-16 05:09:42	worker	sudirman said;2017-09-14 - 2017-09-14;submitSocial;all;arwin
2017-09-16 05:09:44	worker	setyanovanto;2017-09-14 - 2017-09-14;submitSocial;all;arwin
2017-09-16 05:09:48	worker	galau;2017-09-14 - 2017-09-14;submitSocial;all;arwin
2017-09-16 05:09:51	worker	#prestasiindonesia;2017-09-14 - 2017-09-14;submitSocial;all;arwin
2017-09-16 05:09:53	worker	@Tw_Debi;2017-09-14 - 2017-09-14;submitSocial;all;arwin
2017-09-16 05:09:56	worker	@OfficialFastron;2017-09-14 - 2017-09-14;submitSocial;all;arwin
2017-09-16 05:09:58	worker	@CitibankID;2017-09-14 - 2017-09-14;submitSocial;all;arwin
2017-09-16 05:10:00	worker	@jak101fm;2017-09-14 - 2017-09-14;submitSocial;all;arwin
2017-09-16 05:10:04	worker	@genfm;2017-09-14 - 2017-09-14;submitSocial;all;arwin
