2017-07-22 05:00:08	worker	@987genfm;2017-07-20 - 2017-07-20;submitSocial;all;arwin
2017-07-22 05:00:11	worker	@101jakfm;2017-07-20 - 2017-07-20;submitSocial;all;arwin
2017-07-22 05:00:14	worker	@prambors;2017-07-20 - 2017-07-20;submitSocial;all;arwin
2017-07-22 05:00:17	worker	@hardrockfm;2017-07-20 - 2017-07-20;submitSocial;all;arwin
2017-07-22 05:00:19	worker	@kisfmjakarta;2017-07-20 - 2017-07-20;submitSocial;all;arwin
2017-07-22 05:00:22	worker	@delta_fm;2017-07-20 - 2017-07-20;submitSocial;all;arwin
2017-07-22 05:00:25	worker	@traxfmjkt;2017-07-20 - 2017-07-20;submitSocial;all;arwin
2017-07-22 05:00:27	worker	@iradiojakarta;2017-07-20 - 2017-07-20;submitSocial;all;arwin
2017-07-22 05:00:30	worker	@indika9160fm;2017-07-20 - 2017-07-20;submitSocial;all;arwin
2017-07-22 05:00:32	worker	@shellindonesia;2017-07-20 - 2017-07-20;submitSocial;all;arwin
2017-07-22 05:00:34	worker	@vpowerfans;2017-07-20 - 2017-07-20;submitSocial;all;arwin
2017-07-22 05:00:37	worker	@pertamaxind;2017-07-20 - 2017-07-20;submitSocial;all;arwin
2017-07-22 05:00:39	worker	@ptpertamina;2017-07-20 - 2017-07-20;submitSocial;all;arwin
2017-07-22 05:00:42	worker	@OZRadioJakarta;2017-07-20 - 2017-07-20;submitSocial;all;arwin
2017-07-22 05:00:45	worker	@CosmopolitanFM;2017-07-20 - 2017-07-20;submitSocial;all;arwin
2017-07-22 05:00:47	worker	@mustang88fm;2017-07-20 - 2017-07-20;submitSocial;all;arwin
2017-07-22 05:00:49	worker	@debabaz;2017-07-20 - 2017-07-20;submitSocial;all;arwin
2017-07-22 05:00:53	worker	@detikcom;2017-07-20 - 2017-07-20;submitSocial;all;arwin
2017-07-22 05:00:56	worker	@radioelshinta;2017-07-20 - 2017-07-20;submitSocial;all;arwin
2017-07-22 05:00:58	worker	@cinema21;2017-07-20 - 2017-07-20;submitSocial;all;arwin
2017-07-22 05:01:01	worker	@OfficialRCTI;2017-07-20 - 2017-07-20;submitSocial;all;arwin
2017-07-22 05:01:04	worker	@TRANSTV_CORP;2017-07-20 - 2017-07-20;submitSocial;all;arwin
2017-07-22 05:01:07	worker	@TRANS7;2017-07-20 - 2017-07-20;submitSocial;all;arwin
2017-07-22 05:01:10	worker	@Metro_TV;2017-07-20 - 2017-07-20;submitSocial;all;arwin
2017-07-22 05:01:13	worker	@tvOneNews;2017-07-20 - 2017-07-20;submitSocial;all;arwin
2017-07-22 05:01:16	worker	@whatsonANTV;2017-07-20 - 2017-07-20;submitSocial;all;arwin
2017-07-22 05:01:19	worker	@SCTV_;2017-07-20 - 2017-07-20;submitSocial;all;arwin
2017-07-22 05:01:22	worker	@KompasTV;2017-07-20 - 2017-07-20;submitSocial;all;arwin
2017-07-22 05:01:25	worker	@netmediatama;2017-07-20 - 2017-07-20;submitSocial;all;arwin
2017-07-22 05:01:27	worker	@Globaltvseru;2017-07-20 - 2017-07-20;submitSocial;all;arwin
2017-07-22 05:01:30	worker	@JaktvCom;2017-07-20 - 2017-07-20;submitSocial;all;arwin
2017-07-22 05:01:32	worker	@TVRINasional;2017-07-20 - 2017-07-20;submitSocial;all;arwin
2017-07-22 05:01:35	worker	@ochannelupdates;2017-07-20 - 2017-07-20;submitSocial;all;arwin
2017-07-22 05:01:39	worker	@IndosiarID;2017-07-20 - 2017-07-20;submitSocial;all;arwin
2017-07-22 05:01:42	worker	@kompascom;2017-07-20 - 2017-07-20;submitSocial;all;arwin
2017-07-22 05:01:45	worker	@merdekadotcom;2017-07-20 - 2017-07-20;submitSocial;all;arwin
2017-07-22 05:01:47	worker	@MIdotcom;2017-07-20 - 2017-07-20;submitSocial;all;arwin
2017-07-22 05:01:51	worker	@tempodotco;2017-07-20 - 2017-07-20;submitSocial;all;arwin
2017-07-22 05:01:54	worker	@motion975fm;2017-07-20 - 2017-07-20;submitSocial;all;arwin
2017-07-22 05:01:56	worker	@_radiotoday;2017-07-20 - 2017-07-20;submitSocial;all;arwin
2017-07-22 05:01:59	worker	@radioinfo;2017-07-20 - 2017-07-20;submitSocial;all;arwin
2017-07-22 05:02:01	worker	@979FeMaleRadio;2017-07-20 - 2017-07-20;submitSocial;all;arwin
2017-07-22 05:02:03	worker	@WomanRadio943FM;2017-07-20 - 2017-07-20;submitSocial;all;arwin
2017-07-22 05:02:06	worker	@VRadioFM;2017-07-20 - 2017-07-20;submitSocial;all;arwin
2017-07-22 05:02:08	worker	@UFM947;2017-07-20 - 2017-07-20;submitSocial;all;arwin
2017-07-22 05:02:10	worker	@VIVAnews;2017-07-20 - 2017-07-20;submitSocial;all;arwin
2017-07-22 05:02:13	worker	@antaranews;2017-07-20 - 2017-07-20;submitSocial;all;arwin
2017-07-22 05:02:16	worker	@tribunnews;2017-07-20 - 2017-07-20;submitSocial;all;arwin
2017-07-22 05:02:18	worker	@okezonenews;2017-07-20 - 2017-07-20;submitSocial;all;arwin
2017-07-22 05:02:21	worker	@Beritasatu;2017-07-20 - 2017-07-20;submitSocial;all;arwin
2017-07-22 05:02:24	worker	@rollingstoneina;2017-07-20 - 2017-07-20;submitSocial;all;arwin
2017-07-22 05:02:27	worker	@FIMELAdotcom;2017-07-20 - 2017-07-20;submitSocial;all;arwin
2017-07-22 05:02:29	worker	@KapanLagicom;2017-07-20 - 2017-07-20;submitSocial;all;arwin
2017-07-22 05:02:31	worker	@KompasEnt ;2017-07-20 - 2017-07-20;submitSocial;all;arwin
2017-07-22 05:02:34	worker	@HaiMagazine;2017-07-20 - 2017-07-20;submitSocial;all;arwin
2017-07-22 05:02:36	worker	@JakartaVenue;2017-07-20 - 2017-07-20;submitSocial;all;arwin
2017-07-22 05:02:39	worker	@SeputarEvent;2017-07-20 - 2017-07-20;submitSocial;all;arwin
2017-07-22 05:02:41	worker	@ismayaLive;2017-07-20 - 2017-07-20;submitSocial;all;arwin
2017-07-22 05:02:44	worker	@ECEntertainment;2017-07-20 - 2017-07-20;submitSocial;all;arwin
2017-07-22 05:02:46	worker	@synergism_En;2017-07-20 - 2017-07-20;submitSocial;all;arwin
2017-07-22 05:02:48	worker	@Urbanbandung;2017-07-20 - 2017-07-20;submitSocial;all;arwin
2017-07-22 05:02:50	worker	@Urbanrkm995;2017-07-20 - 2017-07-20;submitSocial;all;arwin
2017-07-22 05:02:52	worker	@Garuda_Promo;2017-07-20 - 2017-07-20;submitSocial;all;arwin
2017-07-22 05:02:55	worker	@AirAsiaID;2017-07-20 - 2017-07-20;submitSocial;all;arwin
2017-07-22 05:02:58	worker	@KAI121;2017-07-20 - 2017-07-20;submitSocial;all;arwin
2017-07-22 05:03:00	worker	@Unilever;2017-07-20 - 2017-07-20;submitSocial;all;arwin
2017-07-22 05:03:04	worker	@Nestle;2017-07-20 - 2017-07-20;submitSocial;all;arwin
2017-07-22 05:03:07	worker	@CocaCola;2017-07-20 - 2017-07-20;submitSocial;all;arwin
2017-07-22 05:03:16	worker	@CNN;2017-07-20 - 2017-07-20;submitSocial;all;arwin
2017-07-22 05:03:24	worker	@MTV;2017-07-20 - 2017-07-20;submitSocial;all;arwin
2017-07-22 05:03:26	worker	@channelv;2017-07-20 - 2017-07-20;submitSocial;all;arwin
2017-07-22 05:03:28	worker	@iTunesMusic;2017-07-20 - 2017-07-20;submitSocial;all;arwin
2017-07-22 05:03:32	worker	@mashable;2017-07-20 - 2017-07-20;submitSocial;all;arwin
2017-07-22 05:03:35	worker	@decacaz;2017-07-20 - 2017-07-20;submitSocial;all;arwin
2017-07-22 05:03:37	worker	@radiobaru967FM;2017-07-20 - 2017-07-20;submitSocial;all;arwin
2017-07-22 05:03:39	worker	@967HitzFM;2017-07-20 - 2017-07-20;submitSocial;all;arwin
2017-07-22 05:03:42	worker	@TVGuide;2017-07-20 - 2017-07-20;submitSocial;all;arwin
2017-07-22 05:03:45	worker	@XL123;2017-07-20 - 2017-07-20;submitSocial;all;arwin
2017-07-22 05:03:47	worker	@triindonesia;2017-07-20 - 2017-07-20;submitSocial;all;arwin
2017-07-22 05:03:50	worker	@kaskus;2017-07-20 - 2017-07-20;submitSocial;all;arwin
2017-07-22 05:03:53	worker	@Studio_XXI;2017-07-20 - 2017-07-20;submitSocial;all;arwin
2017-07-22 05:03:55	worker	@blitzmegaplex;2017-07-20 - 2017-07-20;submitSocial;all;arwin
2017-07-22 05:03:57	worker	@alfamartku;2017-07-20 - 2017-07-20;submitSocial;all;arwin
2017-07-22 05:04:00	worker	@Carrefour_ID;2017-07-20 - 2017-07-20;submitSocial;all;arwin
2017-07-22 05:04:04	worker	@BBCBreaking;2017-07-20 - 2017-07-20;submitSocial;all;arwin
2017-07-22 05:04:11	worker	@Forbes;2017-07-20 - 2017-07-20;submitSocial;all;arwin
2017-07-22 05:04:13	worker	@BensRadio;2017-07-20 - 2017-07-20;submitSocial;all;arwin
2017-07-22 05:04:20	worker	@instagram;2017-07-20 - 2017-07-20;submitSocial;all;arwin
2017-07-22 05:04:23	worker	@Pinterest;2017-07-20 - 2017-07-20;submitSocial;all;arwin
2017-07-22 05:04:29	worker	@google;2017-07-20 - 2017-07-20;submitSocial;all;arwin
2017-07-22 05:04:32	worker	@Pertaminalub;2017-07-20 - 2017-07-20;submitSocial;all;arwin
2017-07-22 05:04:34	worker	@InfoLalinTol;2017-07-20 - 2017-07-20;submitSocial;all;arwin
2017-07-22 05:04:37	worker	@PTJASAMARGA;2017-07-20 - 2017-07-20;submitSocial;all;arwin
2017-07-22 05:04:39	worker	@cititransindo;2017-07-20 - 2017-07-20;submitSocial;all;arwin
2017-07-22 05:04:41	worker	#semangatpagisuperr;2017-07-20 - 2017-07-20;submitSocial;all;arwin
2017-07-22 05:04:43	worker	#genkuisinsideout;2017-07-20 - 2017-07-20;submitSocial;all;arwin
2017-07-22 05:04:46	worker	#semangatpagi;2017-07-20 - 2017-07-20;submitSocial;all;arwin
2017-07-22 05:04:48	worker	#dikamar;2017-07-20 - 2017-07-20;submitSocial;all;arwin
2017-07-22 05:04:51	worker	#kopaja;2017-07-20 - 2017-07-20;submitSocial;all;arwin
2017-07-22 05:04:53	worker	#generaksi8;2017-07-20 - 2017-07-20;submitSocial;all;arwin
2017-07-22 05:04:55	worker	#hitztsp;2017-07-20 - 2017-07-20;submitSocial;all;arwin
2017-07-22 05:04:58	worker	#np;2017-07-20 - 2017-07-20;submitSocial;all;arwin
2017-07-22 05:05:01	worker	#hitzlivestage;2017-07-20 - 2017-07-20;submitSocial;all;arwin
2017-07-22 05:05:04	worker	#thefreaks;2017-07-20 - 2017-07-20;submitSocial;all;arwin
2017-07-22 05:05:06	worker	#hitzsirkuspagi;2017-07-20 - 2017-07-20;submitSocial;all;arwin
2017-07-22 05:05:09	worker	#hitzathlon;2017-07-20 - 2017-07-20;submitSocial;all;arwin
2017-07-22 05:05:11	worker	#hitzzombie;2017-07-20 - 2017-07-20;submitSocial;all;arwin
2017-07-22 05:05:14	worker	#hitzkalong;2017-07-20 - 2017-07-20;submitSocial;all;arwin
2017-07-22 05:05:17	worker	#hitzbebas;2017-07-20 - 2017-07-20;submitSocial;all;arwin
2017-07-22 05:05:19	worker	#hitzhorehara;2017-07-20 - 2017-07-20;submitSocial;all;arwin
2017-07-22 05:05:22	worker	@ZaloraID;2017-07-20 - 2017-07-20;submitSocial;all;arwin
2017-07-22 05:05:24	worker	@OLX_Indonesia;2017-07-20 - 2017-07-20;submitSocial;all;arwin
2017-07-22 05:05:27	worker	@LazadaID;2017-07-20 - 2017-07-20;submitSocial;all;arwin
2017-07-22 05:05:29	worker	@utrippers;2017-07-20 - 2017-07-20;submitSocial;all;arwin
2017-07-22 05:05:32	worker	@GoGobot;2017-07-20 - 2017-07-20;submitSocial;all;arwin
2017-07-22 05:05:35	worker	@viatortravel;2017-07-20 - 2017-07-20;submitSocial;all;arwin
2017-07-22 05:05:37	worker	@alandakariza;2017-07-20 - 2017-07-20;submitSocial;all;arwin
2017-07-22 05:05:40	worker	@gagasmedia;2017-07-20 - 2017-07-20;submitSocial;all;arwin
2017-07-22 05:05:42	worker	@welovehonda;2017-07-20 - 2017-07-20;submitSocial;all;arwin
2017-07-22 05:05:44	worker	@SuzukiMotorID;2017-07-20 - 2017-07-20;submitSocial;all;arwin
2017-07-22 05:05:47	worker	@kawasakilovers;2017-07-20 - 2017-07-20;submitSocial;all;arwin
2017-07-22 05:05:49	worker	@yamahaindonesia;2017-07-20 - 2017-07-20;submitSocial;all;arwin
2017-07-22 05:05:51	worker	@tripanzee;2017-07-20 - 2017-07-20;submitSocial;all;arwin
2017-07-22 05:05:54	worker	@arnoldpoernomo;2017-07-20 - 2017-07-20;submitSocial;all;arwin
2017-07-22 05:05:56	worker	@nicsap;2017-07-20 - 2017-07-20;submitSocial;all;arwin
2017-07-22 05:05:59	worker	@tiket2;2017-07-20 - 2017-07-20;submitSocial;all;arwin
2017-07-22 05:06:01	worker	@traveloka;2017-07-20 - 2017-07-20;submitSocial;all;arwin
2017-07-22 05:06:05	worker	@wego;2017-07-20 - 2017-07-20;submitSocial;all;arwin
2017-07-22 05:06:08	worker	@agoda;2017-07-20 - 2017-07-20;submitSocial;all;arwin
2017-07-22 05:06:10	worker	#salahsambung;2017-07-20 - 2017-07-20;submitSocial;all;arwin
2017-07-22 05:06:12	worker	#tulalit;2017-07-20 - 2017-07-20;submitSocial;all;arwin
2017-07-22 05:06:14	worker	#pestageneraksi8;2017-07-20 - 2017-07-20;submitSocial;all;arwin
2017-07-22 05:06:17	worker	#ganaskustik;2017-07-20 - 2017-07-20;submitSocial;all;arwin
2017-07-22 05:06:19	worker	#lnhot20;2017-07-20 - 2017-07-20;submitSocial;all;arwin
2017-07-22 05:06:21	worker	@TripAdvisor;2017-07-20 - 2017-07-20;submitSocial;all;arwin
2017-07-22 05:06:28	worker	@google;2017-07-20 - 2017-07-20;submitSocial;all;arwin
2017-07-22 05:06:32	worker	@Telkomsel;2017-07-20 - 2017-07-20;submitSocial;all;arwin
2017-07-22 05:06:34	worker	@indosat;2017-07-20 - 2017-07-20;submitSocial;all;arwin
2017-07-22 05:06:38	worker	@bahanafmjkt;2017-07-20 - 2017-07-20;submitSocial;all;2017-07-22 05:06:42	worker	@sonorafm92;2017-07-20 - 2017-07-20;submitSocial;all;arwin
2017-07-22 05:06:44	worker	@litefm1058;2017-07-20 - 2017-07-20;submitSocial;all;arwin
2017-07-22 05:06:46	worker	@Bravaradio;2017-07-20 - 2017-07-20;submitSocial;all;arwin
2017-07-22 05:06:49	worker	#dgitm;2017-07-20 - 2017-07-20;submitSocial;all;arwin
2017-07-22 05:06:51	worker	#hitsalaprambors;2017-07-20 - 2017-07-20;submitSocial;all;arwin
2017-07-22 05:06:54	worker	#reqprambors;2017-07-20 - 2017-07-20;submitSocial;all;arwin
2017-07-22 05:06:56	worker	#thedandees;2017-07-20 - 2017-07-20;submitSocial;all;arwin
2017-07-22 05:06:58	worker	#pramborsquiz;2017-07-20 - 2017-07-20;submitSocial;all;arwin
2017-07-22 05:07:00	worker	#jeliprambors;2017-07-20 - 2017-07-20;submitSocial;all;arwin
2017-07-22 05:07:03	worker	#jodohinprambors;2017-07-20 - 2017-07-20;submitSocial;all;arwin
2017-07-22 05:07:05	worker	#ubahdenganbicara;2017-07-20 - 2017-07-20;submitSocial;all;arwin
2017-07-22 05:07:07	worker	#pramborschat;2017-07-20 - 2017-07-20;submitSocial;all;arwin
2017-07-22 05:07:09	worker	#tweetforduit;2017-07-20 - 2017-07-20;submitSocial;all;arwin
2017-07-22 05:07:11	worker	#joki3in1;2017-07-20 - 2017-07-20;submitSocial;all;arwin
2017-07-22 05:07:14	worker	#sarapanseru;2017-07-20 - 2017-07-20;submitSocial;all;arwin
2017-07-22 05:07:16	worker	#rawonkaneloop;2017-07-20 - 2017-07-20;submitSocial;all;arwin
2017-07-22 05:07:19	worker	#gudegkendilkeraton;2017-07-20 - 2017-07-20;submitSocial;all;arwin
2017-07-22 05:07:21	worker	#gadogadobutika;2017-07-20 - 2017-07-20;submitSocial;all;arwin
2017-07-22 05:07:23	worker	#mtvhottest;2017-07-20 - 2017-07-20;submitSocial;all;arwin
2017-07-22 05:07:26	worker	#dimsumcjdw;2017-07-20 - 2017-07-20;submitSocial;all;arwin
2017-07-22 05:07:28	worker	#pecelmadiunmbakniek;2017-07-20 - 2017-07-20;submitSocial;all;arwin
2017-07-22 05:07:30	worker	#depotarema;2017-07-20 - 2017-07-20;submitSocial;all;arwin
2017-07-22 05:07:32	worker	@BNI46;2017-07-20 - 2017-07-20;submitSocial;all;arwin
2017-07-22 05:07:35	worker	@BANKBRI_ID;2017-07-20 - 2017-07-20;submitSocial;all;arwin
2017-07-22 05:07:37	worker	#bni46;2017-07-20 - 2017-07-20;submitSocial;all;arwin
2017-07-22 05:07:41	worker	macet;2017-07-20 - 2017-07-20;submitSocial;all;arwin
2017-07-22 05:07:44	worker	#selamatpagi;2017-07-20 - 2017-07-20;submitSocial;all;arwin
2017-07-22 05:07:46	worker	#selamatmalam;2017-07-20 - 2017-07-20;submitSocial;all;arwin
2017-07-22 05:07:48	worker	@884GlobalRadio;2017-07-20 - 2017-07-20;submitSocial;all;arwin
2017-07-22 05:07:51	worker	@day_trans;2017-07-20 - 2017-07-20;submitSocial;all;arwin
2017-07-22 05:07:53	worker	@kencanavoyage;2017-07-20 - 2017-07-20;submitSocial;all;arwin
2017-07-22 05:07:55	worker	@jukebox5d;2017-07-20 - 2017-07-20;submitSocial;all;arwin
2017-07-22 05:07:58	worker	#mtvhottest;2017-07-20 - 2017-07-20;submitSocial;all;arwin
2017-07-22 05:08:00	worker	#semangatpagi;2017-07-20 - 2017-07-20;submitSocial;all;arwin
2017-07-22 05:08:03	worker	lifebuoy;2017-07-20 - 2017-07-20;submitSocial;all;arwin
2017-07-22 05:08:10	worker	jokowi;2017-07-20 - 2017-07-20;submitSocial;all;arwin
2017-07-22 05:08:19	worker	obama;2017-07-20 - 2017-07-20;submitSocial;all;arwin
2017-07-22 05:08:22	worker	starwars;2017-07-20 - 2017-07-20;submitSocial;all;arwin
2017-07-22 05:08:25	worker	jonan;2017-07-20 - 2017-07-20;submitSocial;all;arwin
2017-07-22 05:08:34	worker	pagi;2017-07-20 - 2017-07-20;submitSocial;all;arwin
2017-07-22 05:08:37	worker	sampoerna;2017-07-20 - 2017-07-20;submitSocial;all;arwin
2017-07-22 05:08:40	worker	djarum;2017-07-20 - 2017-07-20;submitSocial;all;arwin
2017-07-22 05:08:42	worker	#semangatpagi;2017-07-20 - 2017-07-20;submitSocial;all;arwin
2017-07-22 05:08:44	worker	#generaksi8;2017-07-20 - 2017-07-20;submitSocial;all;arwin
2017-07-22 05:08:46	worker	#365alasan;2017-07-20 - 2017-07-20;submitSocial;all;arwin
2017-07-22 05:08:50	worker	weew;2017-07-20 - 2017-07-20;submitSocial;all;arwin
2017-07-22 05:08:58	worker	testing;2017-07-20 - 2017-07-20;submitSocial;all;arwin
2017-07-22 05:09:01	worker	#kopaja;2017-07-20 - 2017-07-20;submitSocial;all;arwin
2017-07-22 05:09:03	worker	#genkuisinsideout;2017-07-20 - 2017-07-20;submitSocial;all;arwin
2017-07-22 05:09:06	worker	starwars;2017-07-20 - 2017-07-20;submitSocial;all;arwin
2017-07-22 05:09:09	worker	#kopaja;2017-07-20 - 2017-07-20;submitSocial;all;arwin
2017-07-22 05:09:11	worker	mldspot;2017-07-20 - 2017-07-20;submitSocial;all;arwin
2017-07-22 05:09:14	worker	PBDjarum;2017-07-20 - 2017-07-20;submitSocial;all;arwin
2017-07-22 05:09:17	worker	TemanNabati;2017-07-20 - 2017-07-20;submitSocial;all;arwin
2017-07-22 05:09:20	worker	Nextar;2017-07-20 - 2017-07-20;submitSocial;all;arwin
2017-07-22 05:09:23	worker	jokowo;2017-07-20 - 2017-07-20;submitSocial;all;arwin
2017-07-22 05:09:26	worker	prabowo;2017-07-20 - 2017-07-20;submitSocial;all;arwin
2017-07-22 05:09:29	worker	sudirman said;2017-07-20 - 2017-07-20;submitSocial;all;arwin
2017-07-22 05:09:36	worker	ahok;2017-07-20 - 2017-07-20;submitSocial;all;arwin
2017-07-22 05:09:38	worker	setyanovanto;2017-07-20 - 2017-07-20;submitSocial;all;arwin
2017-07-22 05:09:45	worker	jokowi;2017-07-20 - 2017-07-20;submitSocial;all;arwin
2017-07-22 05:09:53	worker	ahok;2017-07-20 - 2017-07-20;submitSocial;all;arwin
2017-07-22 05:09:56	worker	prabowo;2017-07-20 - 2017-07-20;submitSocial;all;arwin
2017-07-22 05:09:58	worker	sudirman said;2017-07-20 - 2017-07-20;submitSocial;all;arwin
2017-07-22 05:10:01	worker	setyanovanto;2017-07-20 - 2017-07-20;submitSocial;all;arwin
2017-07-22 05:10:06	worker	galau;2017-07-20 - 2017-07-20;submitSocial;all;arwin
2017-07-22 05:10:08	worker	#prestasiindonesia;2017-07-20 - 2017-07-20;submitSocial;all;arwin
2017-07-22 05:10:11	worker	@Tw_Debi;2017-07-20 - 2017-07-20;submitSocial;all;arwin
2017-07-22 05:10:13	worker	@OfficialFastron;2017-07-20 - 2017-07-20;submitSocial;all;arwin
2017-07-22 05:10:16	worker	@CitibankID;2017-07-20 - 2017-07-20;submitSocial;all;arwin
2017-07-22 05:10:18	worker	@jak101fm;2017-07-20 - 2017-07-20;submitSocial;all;arwin
2017-07-22 05:10:21	worker	@genfm;2017-07-20 - 2017-07-20;submitSocial;all;arwin
