2017-03-07 05:00:05	worker	@987genfm;2017-03-05 - 2017-03-05;submitSocial;all;arwin
2017-03-07 05:00:08	worker	@101jakfm;2017-03-05 - 2017-03-05;submitSocial;all;arwin
2017-03-07 05:00:11	worker	@prambors;2017-03-05 - 2017-03-05;submitSocial;all;arwin
2017-03-07 05:00:13	worker	@hardrockfm;2017-03-05 - 2017-03-05;submitSocial;all;arwin
2017-03-07 05:00:16	worker	@kisfmjakarta;2017-03-05 - 2017-03-05;submitSocial;all;arwin
2017-03-07 05:00:18	worker	@delta_fm;2017-03-05 - 2017-03-05;submitSocial;all;arwin
2017-03-07 05:00:21	worker	@traxfmjkt;2017-03-05 - 2017-03-05;submitSocial;all;arwin
2017-03-07 05:00:23	worker	@iradiojakarta;2017-03-05 - 2017-03-05;submitSocial;all;arwin
2017-03-07 05:00:25	worker	@indika9160fm;2017-03-05 - 2017-03-05;submitSocial;all;arwin
2017-03-07 05:00:28	worker	@shellindonesia;2017-03-05 - 2017-03-05;submitSocial;all;arwin
2017-03-07 05:00:30	worker	@vpowerfans;2017-03-05 - 2017-03-05;submitSocial;all;arwin
2017-03-07 05:00:32	worker	@pertamaxind;2017-03-05 - 2017-03-05;submitSocial;all;arwin
2017-03-07 05:00:35	worker	@ptpertamina;2017-03-05 - 2017-03-05;submitSocial;all;arwin
2017-03-07 05:00:37	worker	@OZRadioJakarta;2017-03-05 - 2017-03-05;submitSocial;all;arwin
2017-03-07 05:00:40	worker	@CosmopolitanFM;2017-03-05 - 2017-03-05;submitSocial;all;arwin
2017-03-07 05:00:42	worker	@mustang88fm;2017-03-05 - 2017-03-05;submitSocial;all;arwin
2017-03-07 05:00:44	worker	@debabaz;2017-03-05 - 2017-03-05;submitSocial;all;arwin
2017-03-07 05:00:47	worker	@detikcom;2017-03-05 - 2017-03-05;submitSocial;all;arwin
2017-03-07 05:00:50	worker	@radioelshinta;2017-03-05 - 2017-03-05;submitSocial;all;arwin
2017-03-07 05:00:52	worker	@cinema21;2017-03-05 - 2017-03-05;submitSocial;all;arwin
2017-03-07 05:00:55	worker	@OfficialRCTI;2017-03-05 - 2017-03-05;submitSocial;all;arwin
2017-03-07 05:00:57	worker	@TRANSTV_CORP;2017-03-05 - 2017-03-05;submitSocial;all;arwin
2017-03-07 05:01:00	worker	@TRANS7;2017-03-05 - 2017-03-05;submitSocial;all;arwin
2017-03-07 05:01:03	worker	@Metro_TV;2017-03-05 - 2017-03-05;submitSocial;all;arwin
2017-03-07 05:01:06	worker	@tvOneNews;2017-03-05 - 2017-03-05;submitSocial;all;arwin
2017-03-07 05:01:08	worker	@whatsonANTV;2017-03-05 - 2017-03-05;submitSocial;all;arwin
2017-03-07 05:01:12	worker	@SCTV_;2017-03-05 - 2017-03-05;submitSocial;all;arwin
2017-03-07 05:01:14	worker	@KompasTV;2017-03-05 - 2017-03-05;submitSocial;all;arwin
2017-03-07 05:01:17	worker	@netmediatama;2017-03-05 - 2017-03-05;submitSocial;all;arwin
2017-03-07 05:01:20	worker	@Globaltvseru;2017-03-05 - 2017-03-05;submitSocial;all;arwin
2017-03-07 05:01:22	worker	@JaktvCom;2017-03-05 - 2017-03-05;submitSocial;all;arwin
2017-03-07 05:01:25	worker	@TVRINasional;2017-03-05 - 2017-03-05;submitSocial;all;arwin
2017-03-07 05:01:27	worker	@ochannelupdates;2017-03-05 - 2017-03-05;submitSocial;all;arwin
2017-03-07 05:01:30	worker	@IndosiarID;2017-03-05 - 2017-03-05;submitSocial;all;arwin
2017-03-07 05:01:34	worker	@kompascom;2017-03-05 - 2017-03-05;submitSocial;all;arwin
2017-03-07 05:01:37	worker	@merdekadotcom;2017-03-05 - 2017-03-05;submitSocial;all;arwin
2017-03-07 05:01:39	worker	@MIdotcom;2017-03-05 - 2017-03-05;submitSocial;all;arwin
2017-03-07 05:01:42	worker	@tempodotco;2017-03-05 - 2017-03-05;submitSocial;all;arwin
2017-03-07 05:01:44	worker	@motion975fm;2017-03-05 - 2017-03-05;submitSocial;all;arwin
2017-03-07 05:01:46	worker	@_radiotoday;2017-03-05 - 2017-03-05;submitSocial;all;arwin
2017-03-07 05:01:49	worker	@radioinfo;2017-03-05 - 2017-03-05;submitSocial;all;arwin
2017-03-07 05:01:51	worker	@979FeMaleRadio;2017-03-05 - 2017-03-05;submitSocial;all;arwin
2017-03-07 05:01:53	worker	@WomanRadio943FM;2017-03-05 - 2017-03-05;submitSocial;all;arwin
2017-03-07 05:01:55	worker	@VRadioFM;2017-03-05 - 2017-03-05;submitSocial;all;arwin
2017-03-07 05:01:57	worker	@UFM947;2017-03-05 - 2017-03-05;submitSocial;all;arwin
2017-03-07 05:02:00	worker	@VIVAnews;2017-03-05 - 2017-03-05;submitSocial;all;arwin
2017-03-07 05:02:03	worker	@antaranews;2017-03-05 - 2017-03-05;submitSocial;all;arwin
2017-03-07 05:02:06	worker	@tribunnews;2017-03-05 - 2017-03-05;submitSocial;all;arwin
2017-03-07 05:02:08	worker	@okezonenews;2017-03-05 - 2017-03-05;submitSocial;all;arwin
2017-03-07 05:02:11	worker	@Beritasatu;2017-03-05 - 2017-03-05;submitSocial;all;arwin
2017-03-07 05:02:13	worker	@rollingstoneina;2017-03-05 - 2017-03-05;submitSocial;all;arwin
2017-03-07 05:02:16	worker	@FIMELAdotcom;2017-03-05 - 2017-03-05;submitSocial;all;arwin
2017-03-07 05:02:18	worker	@KapanLagicom;2017-03-05 - 2017-03-05;submitSocial;all;arwin
2017-03-07 05:02:21	worker	@KompasEnt ;2017-03-05 - 2017-03-05;submitSocial;all;arwin
2017-03-07 05:02:23	worker	@HaiMagazine;2017-03-05 - 2017-03-05;submitSocial;all;arwin
2017-03-07 05:02:25	worker	@JakartaVenue;2017-03-05 - 2017-03-05;submitSocial;all;arwin
2017-03-07 05:02:28	worker	@SeputarEvent;2017-03-05 - 2017-03-05;submitSocial;all;arwin
2017-03-07 05:02:30	worker	@ismayaLive;2017-03-05 - 2017-03-05;submitSocial;all;arwin
2017-03-07 05:02:32	worker	@ECEntertainment;2017-03-05 - 2017-03-05;submitSocial;all;arwin
2017-03-07 05:02:35	worker	@synergism_En;2017-03-05 - 2017-03-05;submitSocial;all;arwin
2017-03-07 05:02:37	worker	@Urbanbandung;2017-03-05 - 2017-03-05;submitSocial;all;arwin
2017-03-07 05:02:39	worker	@Urbanrkm995;2017-03-05 - 2017-03-05;submitSocial;all;arwin
2017-03-07 05:02:41	worker	@Garuda_Promo;2017-03-05 - 2017-03-05;submitSocial;all;arwin
2017-03-07 05:02:44	worker	@AirAsiaID;2017-03-05 - 2017-03-05;submitSocial;all;arwin
2017-03-07 05:02:46	worker	@KAI121;2017-03-05 - 2017-03-05;submitSocial;all;arwin
2017-03-07 05:02:49	worker	@Unilever;2017-03-05 - 2017-03-05;submitSocial;all;arwin
2017-03-07 05:02:52	worker	@Nestle;2017-03-05 - 2017-03-05;submitSocial;all;arwin
2017-03-07 05:02:55	worker	@CocaCola;2017-03-05 - 2017-03-05;submitSocial;all;arwin
2017-03-07 05:03:03	worker	@CNN;2017-03-05 - 2017-03-05;submitSocial;all;arwin
2017-03-07 05:03:07	worker	@MTV;2017-03-05 - 2017-03-05;submitSocial;all;arwin
2017-03-07 05:03:09	worker	@channelv;2017-03-05 - 2017-03-05;submitSocial;all;arwin
2017-03-07 05:03:12	worker	@iTunesMusic;2017-03-05 - 2017-03-05;submitSocial;all;arwin
2017-03-07 05:03:16	worker	@mashable;2017-03-05 - 2017-03-05;submitSocial;all;arwin
2017-03-07 05:03:18	worker	@decacaz;2017-03-05 - 2017-03-05;submitSocial;all;arwin
2017-03-07 05:03:20	worker	@radiobaru967FM;2017-03-05 - 2017-03-05;submitSocial;all;arwin
2017-03-07 05:03:22	worker	@967HitzFM;2017-03-05 - 2017-03-05;submitSocial;all;arwin
2017-03-07 05:03:25	worker	@TVGuide;2017-03-05 - 2017-03-05;submitSocial;all;arwin
2017-03-07 05:03:28	worker	@XL123;2017-03-05 - 2017-03-05;submitSocial;all;arwin
2017-03-07 05:03:30	worker	@triindonesia;2017-03-05 - 2017-03-05;submitSocial;all;arwin
2017-03-07 05:03:33	worker	@kaskus;2017-03-05 - 2017-03-05;submitSocial;all;arwin
2017-03-07 05:03:35	worker	@Studio_XXI;2017-03-05 - 2017-03-05;submitSocial;all;arwin
2017-03-07 05:03:37	worker	@blitzmegaplex;2017-03-05 - 2017-03-05;submitSocial;all;arwin
2017-03-07 05:03:40	worker	@alfamartku;2017-03-05 - 2017-03-05;submitSocial;all;arwin
2017-03-07 05:03:42	worker	@Carrefour_ID;2017-03-05 - 2017-03-05;submitSocial;all;arwin
2017-03-07 05:03:45	worker	@BBCBreaking;2017-03-05 - 2017-03-05;submitSocial;all;arwin
2017-03-07 05:03:52	worker	@Forbes;2017-03-05 - 2017-03-05;submitSocial;all;arwin
2017-03-07 05:03:55	worker	@BensRadio;2017-03-05 - 2017-03-05;submitSocial;all;arwin
2017-03-07 05:03:59	worker	@instagram;2017-03-05 - 2017-03-05;submitSocial;all;arwin
2017-03-07 05:04:02	worker	@Pinterest;2017-03-05 - 2017-03-05;submitSocial;all;arwin
2017-03-07 05:04:08	worker	@google;2017-03-05 - 2017-03-05;submitSocial;all;arwin
2017-03-07 05:04:10	worker	@Pertaminalub;2017-03-05 - 2017-03-05;submitSocial;all;arwin
2017-03-07 05:04:13	worker	@InfoLalinTol;2017-03-05 - 2017-03-05;submitSocial;all;arwin
2017-03-07 05:04:15	worker	@PTJASAMARGA;2017-03-05 - 2017-03-05;submitSocial;all;arwin
2017-03-07 05:04:17	worker	@cititransindo;2017-03-05 - 2017-03-05;submitSocial;all;arwin
2017-03-07 05:04:19	worker	#semangatpagisuperr;2017-03-05 - 2017-03-05;submitSocial;all;arwin
2017-03-07 05:04:21	worker	#genkuisinsideout;2017-03-05 - 2017-03-05;submitSocial;all;arwin
2017-03-07 05:04:24	worker	#semangatpagi;2017-03-05 - 2017-03-05;submitSocial;all;arwin
2017-03-07 05:04:26	worker	#dikamar;2017-03-05 - 2017-03-05;submitSocial;all;arwin
2017-03-07 05:04:29	worker	#kopaja;2017-03-05 - 2017-03-05;submitSocial;all;arwin
2017-03-07 05:04:31	worker	#generaksi8;2017-03-05 - 2017-03-05;submitSocial;all;arwin
2017-03-07 05:04:33	worker	#hitztsp;2017-03-05 - 2017-03-05;submitSocial;all;arwin
2017-03-07 05:04:36	worker	#np;2017-03-05 - 2017-03-05;submitSocial;all;arwin
2017-03-07 05:04:39	worker	#hitzlivestage;2017-03-05 - 2017-03-05;submitSocial;all;arwin
2017-03-07 05:04:41	worker	#thefreaks;2017-03-05 - 2017-03-05;submitSocial;all;arwin
2017-03-07 05:04:43	worker	#hitzsirkuspagi;2017-03-05 - 2017-03-05;submitSocial;all;arwin
2017-03-07 05:04:45	worker	#hitzathlon;2017-03-05 - 2017-03-05;submitSocial;all;arwin
2017-03-07 05:04:48	worker	#hitzzombie;2017-03-05 - 2017-03-05;submitSocial;all;arwin
2017-03-07 05:04:50	worker	#hitzkalong;2017-03-05 - 2017-03-05;submitSocial;all;arwin
2017-03-07 05:04:52	worker	#hitzbebas;2017-03-05 - 2017-03-05;submitSocial;all;arwin
2017-03-07 05:04:55	worker	#hitzhorehara;2017-03-05 - 2017-03-05;submitSocial;all;arwin
2017-03-07 05:04:57	worker	@ZaloraID;2017-03-05 - 2017-03-05;submitSocial;all;arwin
2017-03-07 05:04:59	worker	@OLX_Indonesia;2017-03-05 - 2017-03-05;submitSocial;all;arwin
2017-03-07 05:05:02	worker	@LazadaID;2017-03-05 - 2017-03-05;submitSocial;all;arwin
2017-03-07 05:05:04	worker	@utrippers;2017-03-05 - 2017-03-05;submitSocial;all;arwin
2017-03-07 05:05:07	worker	@GoGobot;2017-03-05 - 2017-03-05;submitSocial;all;arwin
2017-03-07 05:05:09	worker	@viatortravel;2017-03-05 - 2017-03-05;submitSocial;all;arwin
2017-03-07 05:05:12	worker	@alandakariza;2017-03-05 - 2017-03-05;submitSocial;all;arwin
2017-03-07 05:05:14	worker	@gagasmedia;2017-03-05 - 2017-03-05;submitSocial;all;arwin
2017-03-07 05:05:17	worker	@welovehonda;2017-03-05 - 2017-03-05;submitSocial;all;arwin
2017-03-07 05:05:19	worker	@SuzukiMotorID;2017-03-05 - 2017-03-05;submitSocial;all;arwin
2017-03-07 05:05:21	worker	@kawasakilovers;2017-03-05 - 2017-03-05;submitSocial;all;arwin
2017-03-07 05:05:23	worker	@yamahaindonesia;2017-03-05 - 2017-03-05;submitSocial;all;arwin
2017-03-07 05:05:26	worker	@tripanzee;2017-03-05 - 2017-03-05;submitSocial;all;arwin
2017-03-07 05:05:28	worker	@arnoldpoernomo;2017-03-05 - 2017-03-05;submitSocial;all;arwin
2017-03-07 05:05:31	worker	@nicsap;2017-03-05 - 2017-03-05;submitSocial;all;arwin
2017-03-07 05:05:33	worker	@tiket2;2017-03-05 - 2017-03-05;submitSocial;all;arwin
2017-03-07 05:05:35	worker	@traveloka;2017-03-05 - 2017-03-05;submitSocial;all;arwin
2017-03-07 05:05:38	worker	@wego;2017-03-05 - 2017-03-05;submitSocial;all;arwin
2017-03-07 05:05:41	worker	@agoda;2017-03-05 - 2017-03-05;submitSocial;all;arwin
2017-03-07 05:05:44	worker	#salahsambung;2017-03-05 - 2017-03-05;submitSocial;all;arwin
2017-03-07 05:05:46	worker	#tulalit;2017-03-05 - 2017-03-05;submitSocial;all;arwin
2017-03-07 05:05:48	worker	#pestageneraksi8;2017-03-05 - 2017-03-05;submitSocial;all;arwin
2017-03-07 05:05:50	worker	#ganaskustik;2017-03-05 - 2017-03-05;submitSocial;all;arwin
2017-03-07 05:05:52	worker	#lnhot20;2017-03-05 - 2017-03-05;submitSocial;all;arwin
2017-03-07 05:05:55	worker	@TripAdvisor;2017-03-05 - 2017-03-05;submitSocial;all;arwin
2017-03-07 05:06:00	worker	@google;2017-03-05 - 2017-03-05;submitSocial;all;arwin
2017-03-07 05:06:03	worker	@Telkomsel;2017-03-05 - 2017-03-05;submitSocial;all;arwin
2017-03-07 05:06:06	worker	@indosat;2017-03-05 - 2017-03-05;submitSocial;all;arwin
2017-03-07 05:06:09	worker	@bahanafmjkt;2017-03-05 - 2017-03-05;submitSocial;all;2017-03-07 05:06:13	worker	@sonorafm92;2017-03-05 - 2017-03-05;submitSocial;all;arwin
2017-03-07 05:06:15	worker	@litefm1058;2017-03-05 - 2017-03-05;submitSocial;all;arwin
2017-03-07 05:06:18	worker	@Bravaradio;2017-03-05 - 2017-03-05;submitSocial;all;arwin
2017-03-07 05:06:21	worker	#dgitm;2017-03-05 - 2017-03-05;submitSocial;all;arwin
2017-03-07 05:06:23	worker	#hitsalaprambors;2017-03-05 - 2017-03-05;submitSocial;all;arwin
2017-03-07 05:06:25	worker	#reqprambors;2017-03-05 - 2017-03-05;submitSocial;all;arwin
2017-03-07 05:06:27	worker	#thedandees;2017-03-05 - 2017-03-05;submitSocial;all;arwin
2017-03-07 05:06:29	worker	#pramborsquiz;2017-03-05 - 2017-03-05;submitSocial;all;arwin
2017-03-07 05:06:32	worker	#jeliprambors;2017-03-05 - 2017-03-05;submitSocial;all;arwin
2017-03-07 05:06:34	worker	#jodohinprambors;2017-03-05 - 2017-03-05;submitSocial;all;arwin
2017-03-07 05:06:36	worker	#ubahdenganbicara;2017-03-05 - 2017-03-05;submitSocial;all;arwin
2017-03-07 05:06:38	worker	#pramborschat;2017-03-05 - 2017-03-05;submitSocial;all;arwin
2017-03-07 05:06:40	worker	#tweetforduit;2017-03-05 - 2017-03-05;submitSocial;all;arwin
2017-03-07 05:06:42	worker	#joki3in1;2017-03-05 - 2017-03-05;submitSocial;all;arwin
2017-03-07 05:06:45	worker	#sarapanseru;2017-03-05 - 2017-03-05;submitSocial;all;arwin
2017-03-07 05:06:47	worker	#rawonkaneloop;2017-03-05 - 2017-03-05;submitSocial;all;arwin
2017-03-07 05:06:49	worker	#gudegkendilkeraton;2017-03-05 - 2017-03-05;submitSocial;all;arwin
2017-03-07 05:06:51	worker	#gadogadobutika;2017-03-05 - 2017-03-05;submitSocial;all;arwin
2017-03-07 05:06:53	worker	#mtvhottest;2017-03-05 - 2017-03-05;submitSocial;all;arwin
2017-03-07 05:06:56	worker	#dimsumcjdw;2017-03-05 - 2017-03-05;submitSocial;all;arwin
2017-03-07 05:06:58	worker	#pecelmadiunmbakniek;2017-03-05 - 2017-03-05;submitSocial;all;arwin
2017-03-07 05:07:00	worker	#depotarema;2017-03-05 - 2017-03-05;submitSocial;all;arwin
2017-03-07 05:07:02	worker	@BNI46;2017-03-05 - 2017-03-05;submitSocial;all;arwin
2017-03-07 05:07:05	worker	@BANKBRI_ID;2017-03-05 - 2017-03-05;submitSocial;all;arwin
2017-03-07 05:07:07	worker	#bni46;2017-03-05 - 2017-03-05;submitSocial;all;arwin
2017-03-07 05:07:11	worker	macet;2017-03-05 - 2017-03-05;submitSocial;all;arwin
2017-03-07 05:07:13	worker	#selamatpagi;2017-03-05 - 2017-03-05;submitSocial;all;arwin
2017-03-07 05:07:16	worker	#selamatmalam;2017-03-05 - 2017-03-05;submitSocial;all;arwin
2017-03-07 05:07:18	worker	@884GlobalRadio;2017-03-05 - 2017-03-05;submitSocial;all;arwin
2017-03-07 05:07:20	worker	@day_trans;2017-03-05 - 2017-03-05;submitSocial;all;arwin
2017-03-07 05:07:22	worker	@kencanavoyage;2017-03-05 - 2017-03-05;submitSocial;all;arwin
2017-03-07 05:07:25	worker	@jukebox5d;2017-03-05 - 2017-03-05;submitSocial;all;arwin
2017-03-07 05:07:27	worker	#mtvhottest;2017-03-05 - 2017-03-05;submitSocial;all;arwin
2017-03-07 05:07:29	worker	#semangatpagi;2017-03-05 - 2017-03-05;submitSocial;all;arwin
2017-03-07 05:07:32	worker	lifebuoy;2017-03-05 - 2017-03-05;submitSocial;all;arwin
2017-03-07 05:07:38	worker	jokowi;2017-03-05 - 2017-03-05;submitSocial;all;arwin
2017-03-07 05:07:49	worker	obama;2017-03-05 - 2017-03-05;submitSocial;all;arwin
2017-03-07 05:07:52	worker	starwars;2017-03-05 - 2017-03-05;submitSocial;all;arwin
2017-03-07 05:07:55	worker	jonan;2017-03-05 - 2017-03-05;submitSocial;all;arwin
2017-03-07 05:08:04	worker	pagi;2017-03-05 - 2017-03-05;submitSocial;all;arwin
2017-03-07 05:08:07	worker	sampoerna;2017-03-05 - 2017-03-05;submitSocial;all;arwin
2017-03-07 05:08:10	worker	djarum;2017-03-05 - 2017-03-05;submitSocial;all;arwin
2017-03-07 05:08:13	worker	#semangatpagi;2017-03-05 - 2017-03-05;submitSocial;all;arwin
2017-03-07 05:08:14	worker	#generaksi8;2017-03-05 - 2017-03-05;submitSocial;all;arwin
2017-03-07 05:08:17	worker	#365alasan;2017-03-05 - 2017-03-05;submitSocial;all;arwin
2017-03-07 05:08:20	worker	weew;2017-03-05 - 2017-03-05;submitSocial;all;arwin
2017-03-07 05:08:27	worker	testing;2017-03-05 - 2017-03-05;submitSocial;all;arwin
2017-03-07 05:08:30	worker	#kopaja;2017-03-05 - 2017-03-05;submitSocial;all;arwin
2017-03-07 05:08:32	worker	#genkuisinsideout;2017-03-05 - 2017-03-05;submitSocial;all;arwin
2017-03-07 05:08:35	worker	starwars;2017-03-05 - 2017-03-05;submitSocial;all;arwin
2017-03-07 05:08:38	worker	#kopaja;2017-03-05 - 2017-03-05;submitSocial;all;arwin
2017-03-07 05:08:40	worker	mldspot;2017-03-05 - 2017-03-05;submitSocial;all;arwin
2017-03-07 05:08:43	worker	PBDjarum;2017-03-05 - 2017-03-05;submitSocial;all;arwin
2017-03-07 05:08:45	worker	TemanNabati;2017-03-05 - 2017-03-05;submitSocial;all;arwin
2017-03-07 05:08:48	worker	Nextar;2017-03-05 - 2017-03-05;submitSocial;all;arwin
2017-03-07 05:08:51	worker	jokowo;2017-03-05 - 2017-03-05;submitSocial;all;arwin
2017-03-07 05:08:55	worker	prabowo;2017-03-05 - 2017-03-05;submitSocial;all;arwin
2017-03-07 05:08:57	worker	sudirman said;2017-03-05 - 2017-03-05;submitSocial;all;arwin
2017-03-07 05:09:06	worker	ahok;2017-03-05 - 2017-03-05;submitSocial;all;arwin
2017-03-07 05:09:08	worker	setyanovanto;2017-03-05 - 2017-03-05;submitSocial;all;arwin
2017-03-07 05:09:14	worker	jokowi;2017-03-05 - 2017-03-05;submitSocial;all;arwin
2017-03-07 05:09:23	worker	ahok;2017-03-05 - 2017-03-05;submitSocial;all;arwin
2017-03-07 05:09:26	worker	prabowo;2017-03-05 - 2017-03-05;submitSocial;all;arwin
2017-03-07 05:09:28	worker	sudirman said;2017-03-05 - 2017-03-05;submitSocial;all;arwin
2017-03-07 05:09:31	worker	setyanovanto;2017-03-05 - 2017-03-05;submitSocial;all;arwin
2017-03-07 05:09:35	worker	galau;2017-03-05 - 2017-03-05;submitSocial;all;arwin
2017-03-07 05:09:37	worker	#prestasiindonesia;2017-03-05 - 2017-03-05;submitSocial;all;arwin
2017-03-07 05:09:40	worker	@Tw_Debi;2017-03-05 - 2017-03-05;submitSocial;all;arwin
2017-03-07 05:09:42	worker	@OfficialFastron;2017-03-05 - 2017-03-05;submitSocial;all;arwin
2017-03-07 05:09:44	worker	@CitibankID;2017-03-05 - 2017-03-05;submitSocial;all;arwin
2017-03-07 05:09:47	worker	@jak101fm;2017-03-05 - 2017-03-05;submitSocial;all;arwin
2017-03-07 05:09:50	worker	@genfm;2017-03-05 - 2017-03-05;submitSocial;all;arwin
