2017-09-23 05:00:08	worker	@987genfm;2017-09-21 - 2017-09-21;submitSocial;all;arwin
2017-09-23 05:00:10	worker	@101jakfm;2017-09-21 - 2017-09-21;submitSocial;all;arwin
2017-09-23 05:00:13	worker	@prambors;2017-09-21 - 2017-09-21;submitSocial;all;arwin
2017-09-23 05:00:16	worker	@hardrockfm;2017-09-21 - 2017-09-21;submitSocial;all;arwin
2017-09-23 05:00:18	worker	@kisfmjakarta;2017-09-21 - 2017-09-21;submitSocial;all;arwin
2017-09-23 05:00:20	worker	@delta_fm;2017-09-21 - 2017-09-21;submitSocial;all;arwin
2017-09-23 05:00:23	worker	@traxfmjkt;2017-09-21 - 2017-09-21;submitSocial;all;arwin
2017-09-23 05:00:25	worker	@iradiojakarta;2017-09-21 - 2017-09-21;submitSocial;all;arwin
2017-09-23 05:00:27	worker	@indika9160fm;2017-09-21 - 2017-09-21;submitSocial;all;arwin
2017-09-23 05:00:29	worker	@shellindonesia;2017-09-21 - 2017-09-21;submitSocial;all;arwin
2017-09-23 05:00:32	worker	@vpowerfans;2017-09-21 - 2017-09-21;submitSocial;all;arwin
2017-09-23 05:00:34	worker	@pertamaxind;2017-09-21 - 2017-09-21;submitSocial;all;arwin
2017-09-23 05:00:37	worker	@ptpertamina;2017-09-21 - 2017-09-21;submitSocial;all;arwin
2017-09-23 05:00:39	worker	@OZRadioJakarta;2017-09-21 - 2017-09-21;submitSocial;all;arwin
2017-09-23 05:00:41	worker	@CosmopolitanFM;2017-09-21 - 2017-09-21;submitSocial;all;arwin
2017-09-23 05:00:44	worker	@mustang88fm;2017-09-21 - 2017-09-21;submitSocial;all;arwin
2017-09-23 05:00:46	worker	@debabaz;2017-09-21 - 2017-09-21;submitSocial;all;arwin
2017-09-23 05:00:49	worker	@detikcom;2017-09-21 - 2017-09-21;submitSocial;all;arwin
2017-09-23 05:00:52	worker	@radioelshinta;2017-09-21 - 2017-09-21;submitSocial;all;arwin
2017-09-23 05:00:54	worker	@cinema21;2017-09-21 - 2017-09-21;submitSocial;all;arwin
2017-09-23 05:00:56	worker	@OfficialRCTI;2017-09-21 - 2017-09-21;submitSocial;all;arwin
2017-09-23 05:00:59	worker	@TRANSTV_CORP;2017-09-21 - 2017-09-21;submitSocial;all;arwin
2017-09-23 05:01:01	worker	@TRANS7;2017-09-21 - 2017-09-21;submitSocial;all;arwin
2017-09-23 05:01:05	worker	@Metro_TV;2017-09-21 - 2017-09-21;submitSocial;all;arwin
2017-09-23 05:01:08	worker	@tvOneNews;2017-09-21 - 2017-09-21;submitSocial;all;arwin
2017-09-23 05:01:10	worker	@whatsonANTV;2017-09-21 - 2017-09-21;submitSocial;all;arwin
2017-09-23 05:01:13	worker	@SCTV_;2017-09-21 - 2017-09-21;submitSocial;all;arwin
2017-09-23 05:01:16	worker	@KompasTV;2017-09-21 - 2017-09-21;submitSocial;all;arwin
2017-09-23 05:01:19	worker	@netmediatama;2017-09-21 - 2017-09-21;submitSocial;all;arwin
2017-09-23 05:01:22	worker	@Globaltvseru;2017-09-21 - 2017-09-21;submitSocial;all;arwin
2017-09-23 05:01:24	worker	@JaktvCom;2017-09-21 - 2017-09-21;submitSocial;all;arwin
2017-09-23 05:01:27	worker	@TVRINasional;2017-09-21 - 2017-09-21;submitSocial;all;arwin
2017-09-23 05:01:30	worker	@ochannelupdates;2017-09-21 - 2017-09-21;submitSocial;all;arwin
2017-09-23 05:01:32	worker	@IndosiarID;2017-09-21 - 2017-09-21;submitSocial;all;arwin
2017-09-23 05:01:36	worker	@kompascom;2017-09-21 - 2017-09-21;submitSocial;all;arwin
2017-09-23 05:01:38	worker	@merdekadotcom;2017-09-21 - 2017-09-21;submitSocial;all;arwin
2017-09-23 05:01:41	worker	@MIdotcom;2017-09-21 - 2017-09-21;submitSocial;all;arwin
2017-09-23 05:01:43	worker	@tempodotco;2017-09-21 - 2017-09-21;submitSocial;all;arwin
2017-09-23 05:01:45	worker	@motion975fm;2017-09-21 - 2017-09-21;submitSocial;all;arwin
2017-09-23 05:01:48	worker	@_radiotoday;2017-09-21 - 2017-09-21;submitSocial;all;arwin
2017-09-23 05:01:50	worker	@radioinfo;2017-09-21 - 2017-09-21;submitSocial;all;arwin
2017-09-23 05:01:52	worker	@979FeMaleRadio;2017-09-21 - 2017-09-21;submitSocial;all;arwin
2017-09-23 05:01:54	worker	@WomanRadio943FM;2017-09-21 - 2017-09-21;submitSocial;all;arwin
2017-09-23 05:01:57	worker	@VRadioFM;2017-09-21 - 2017-09-21;submitSocial;all;arwin
2017-09-23 05:01:59	worker	@UFM947;2017-09-21 - 2017-09-21;submitSocial;all;arwin
2017-09-23 05:02:01	worker	@VIVAnews;2017-09-21 - 2017-09-21;submitSocial;all;arwin
2017-09-23 05:02:04	worker	@antaranews;2017-09-21 - 2017-09-21;submitSocial;all;arwin
2017-09-23 05:02:06	worker	@tribunnews;2017-09-21 - 2017-09-21;submitSocial;all;arwin
2017-09-23 05:02:09	worker	@okezonenews;2017-09-21 - 2017-09-21;submitSocial;all;arwin
2017-09-23 05:02:12	worker	@Beritasatu;2017-09-21 - 2017-09-21;submitSocial;all;arwin
2017-09-23 05:02:14	worker	@rollingstoneina;2017-09-21 - 2017-09-21;submitSocial;all;arwin
2017-09-23 05:02:17	worker	@FIMELAdotcom;2017-09-21 - 2017-09-21;submitSocial;all;arwin
2017-09-23 05:02:19	worker	@KapanLagicom;2017-09-21 - 2017-09-21;submitSocial;all;arwin
2017-09-23 05:02:21	worker	@KompasEnt ;2017-09-21 - 2017-09-21;submitSocial;all;arwin
2017-09-23 05:02:23	worker	@HaiMagazine;2017-09-21 - 2017-09-21;submitSocial;all;arwin
2017-09-23 05:02:26	worker	@JakartaVenue;2017-09-21 - 2017-09-21;submitSocial;all;arwin
2017-09-23 05:02:28	worker	@SeputarEvent;2017-09-21 - 2017-09-21;submitSocial;all;arwin
2017-09-23 05:02:30	worker	@ismayaLive;2017-09-21 - 2017-09-21;submitSocial;all;arwin
2017-09-23 05:02:32	worker	@ECEntertainment;2017-09-21 - 2017-09-21;submitSocial;all;arwin
2017-09-23 05:02:35	worker	@synergism_En;2017-09-21 - 2017-09-21;submitSocial;all;arwin
2017-09-23 05:02:37	worker	@Urbanbandung;2017-09-21 - 2017-09-21;submitSocial;all;arwin
2017-09-23 05:02:39	worker	@Urbanrkm995;2017-09-21 - 2017-09-21;submitSocial;all;arwin
2017-09-23 05:02:41	worker	@Garuda_Promo;2017-09-21 - 2017-09-21;submitSocial;all;arwin
2017-09-23 05:02:44	worker	@AirAsiaID;2017-09-21 - 2017-09-21;submitSocial;all;arwin
2017-09-23 05:02:46	worker	@KAI121;2017-09-21 - 2017-09-21;submitSocial;all;arwin
2017-09-23 05:02:49	worker	@Unilever;2017-09-21 - 2017-09-21;submitSocial;all;arwin
2017-09-23 05:02:52	worker	@Nestle;2017-09-21 - 2017-09-21;submitSocial;all;arwin
2017-09-23 05:02:58	worker	@CocaCola;2017-09-21 - 2017-09-21;submitSocial;all;arwin
2017-09-23 05:03:06	worker	@CNN;2017-09-21 - 2017-09-21;submitSocial;all;arwin
2017-09-23 05:03:11	worker	@MTV;2017-09-21 - 2017-09-21;submitSocial;all;arwin
2017-09-23 05:03:13	worker	@channelv;2017-09-21 - 2017-09-21;submitSocial;all;arwin
2017-09-23 05:03:16	worker	@iTunesMusic;2017-09-21 - 2017-09-21;submitSocial;all;arwin
2017-09-23 05:03:21	worker	@mashable;2017-09-21 - 2017-09-21;submitSocial;all;arwin
2017-09-23 05:03:23	worker	@decacaz;2017-09-21 - 2017-09-21;submitSocial;all;arwin
2017-09-23 05:03:25	worker	@radiobaru967FM;2017-09-21 - 2017-09-21;submitSocial;all;arwin
2017-09-23 05:03:28	worker	@967HitzFM;2017-09-21 - 2017-09-21;submitSocial;all;arwin
2017-09-23 05:03:30	worker	@TVGuide;2017-09-21 - 2017-09-21;submitSocial;all;arwin
2017-09-23 05:03:33	worker	@XL123;2017-09-21 - 2017-09-21;submitSocial;all;arwin
2017-09-23 05:03:35	worker	@triindonesia;2017-09-21 - 2017-09-21;submitSocial;all;arwin
2017-09-23 05:03:38	worker	@kaskus;2017-09-21 - 2017-09-21;submitSocial;all;arwin
2017-09-23 05:03:40	worker	@Studio_XXI;2017-09-21 - 2017-09-21;submitSocial;all;arwin
2017-09-23 05:03:42	worker	@blitzmegaplex;2017-09-21 - 2017-09-21;submitSocial;all;arwin
2017-09-23 05:03:44	worker	@alfamartku;2017-09-21 - 2017-09-21;submitSocial;all;arwin
2017-09-23 05:03:46	worker	@Carrefour_ID;2017-09-21 - 2017-09-21;submitSocial;all;arwin
2017-09-23 05:03:50	worker	@BBCBreaking;2017-09-21 - 2017-09-21;submitSocial;all;arwin
2017-09-23 05:03:58	worker	@Forbes;2017-09-21 - 2017-09-21;submitSocial;all;arwin
2017-09-23 05:04:01	worker	@BensRadio;2017-09-21 - 2017-09-21;submitSocial;all;arwin
2017-09-23 05:04:08	worker	@instagram;2017-09-21 - 2017-09-21;submitSocial;all;arwin
2017-09-23 05:04:11	worker	@Pinterest;2017-09-21 - 2017-09-21;submitSocial;all;arwin
2017-09-23 05:04:20	worker	@google;2017-09-21 - 2017-09-21;submitSocial;all;arwin
2017-09-23 05:04:22	worker	@Pertaminalub;2017-09-21 - 2017-09-21;submitSocial;all;arwin
2017-09-23 05:04:24	worker	@InfoLalinTol;2017-09-21 - 2017-09-21;submitSocial;all;arwin
2017-09-23 05:04:27	worker	@PTJASAMARGA;2017-09-21 - 2017-09-21;submitSocial;all;arwin
2017-09-23 05:04:29	worker	@cititransindo;2017-09-21 - 2017-09-21;submitSocial;all;arwin
2017-09-23 05:04:31	worker	#semangatpagisuperr;2017-09-21 - 2017-09-21;submitSocial;all;arwin
2017-09-23 05:04:33	worker	#genkuisinsideout;2017-09-21 - 2017-09-21;submitSocial;all;arwin
2017-09-23 05:04:35	worker	#semangatpagi;2017-09-21 - 2017-09-21;submitSocial;all;arwin
2017-09-23 05:04:38	worker	#dikamar;2017-09-21 - 2017-09-21;submitSocial;all;arwin
2017-09-23 05:04:40	worker	#kopaja;2017-09-21 - 2017-09-21;submitSocial;all;arwin
2017-09-23 05:04:42	worker	#generaksi8;2017-09-21 - 2017-09-21;submitSocial;all;arwin
2017-09-23 05:04:44	worker	#hitztsp;2017-09-21 - 2017-09-21;submitSocial;all;arwin
2017-09-23 05:04:47	worker	#np;2017-09-21 - 2017-09-21;submitSocial;all;arwin
2017-09-23 05:04:50	worker	#hitzlivestage;2017-09-21 - 2017-09-21;submitSocial;all;arwin
2017-09-23 05:04:52	worker	#thefreaks;2017-09-21 - 2017-09-21;submitSocial;all;arwin
2017-09-23 05:04:54	worker	#hitzsirkuspagi;2017-09-21 - 2017-09-21;submitSocial;all;arwin
2017-09-23 05:04:56	worker	#hitzathlon;2017-09-21 - 2017-09-21;submitSocial;all;arwin
2017-09-23 05:04:58	worker	#hitzzombie;2017-09-21 - 2017-09-21;submitSocial;all;arwin
2017-09-23 05:05:01	worker	#hitzkalong;2017-09-21 - 2017-09-21;submitSocial;all;arwin
2017-09-23 05:05:04	worker	#hitzbebas;2017-09-21 - 2017-09-21;submitSocial;all;arwin
2017-09-23 05:05:07	worker	#hitzhorehara;2017-09-21 - 2017-09-21;submitSocial;all;arwin
2017-09-23 05:05:09	worker	@ZaloraID;2017-09-21 - 2017-09-21;submitSocial;all;arwin
2017-09-23 05:05:12	worker	@OLX_Indonesia;2017-09-21 - 2017-09-21;submitSocial;all;arwin
2017-09-23 05:05:14	worker	@LazadaID;2017-09-21 - 2017-09-21;submitSocial;all;arwin
2017-09-23 05:05:17	worker	@utrippers;2017-09-21 - 2017-09-21;submitSocial;all;arwin
2017-09-23 05:05:19	worker	@GoGobot;2017-09-21 - 2017-09-21;submitSocial;all;arwin
2017-09-23 05:05:22	worker	@viatortravel;2017-09-21 - 2017-09-21;submitSocial;all;arwin
2017-09-23 05:05:24	worker	@alandakariza;2017-09-21 - 2017-09-21;submitSocial;all;arwin
2017-09-23 05:05:27	worker	@gagasmedia;2017-09-21 - 2017-09-21;submitSocial;all;arwin
2017-09-23 05:05:29	worker	@welovehonda;2017-09-21 - 2017-09-21;submitSocial;all;arwin
2017-09-23 05:05:31	worker	@SuzukiMotorID;2017-09-21 - 2017-09-21;submitSocial;all;arwin
2017-09-23 05:05:33	worker	@kawasakilovers;2017-09-21 - 2017-09-21;submitSocial;all;arwin
2017-09-23 05:05:35	worker	@yamahaindonesia;2017-09-21 - 2017-09-21;submitSocial;all;arwin
2017-09-23 05:05:38	worker	@tripanzee;2017-09-21 - 2017-09-21;submitSocial;all;arwin
2017-09-23 05:05:41	worker	@arnoldpoernomo;2017-09-21 - 2017-09-21;submitSocial;all;arwin
2017-09-23 05:05:43	worker	@nicsap;2017-09-21 - 2017-09-21;submitSocial;all;arwin
2017-09-23 05:05:45	worker	@tiket2;2017-09-21 - 2017-09-21;submitSocial;all;arwin
2017-09-23 05:05:48	worker	@traveloka;2017-09-21 - 2017-09-21;submitSocial;all;arwin
2017-09-23 05:05:51	worker	@wego;2017-09-21 - 2017-09-21;submitSocial;all;arwin
2017-09-23 05:05:54	worker	@agoda;2017-09-21 - 2017-09-21;submitSocial;all;arwin
2017-09-23 05:05:56	worker	#salahsambung;2017-09-21 - 2017-09-21;submitSocial;all;arwin
2017-09-23 05:05:58	worker	#tulalit;2017-09-21 - 2017-09-21;submitSocial;all;arwin
2017-09-23 05:06:00	worker	#pestageneraksi8;2017-09-21 - 2017-09-21;submitSocial;all;arwin
2017-09-23 05:06:02	worker	#ganaskustik;2017-09-21 - 2017-09-21;submitSocial;all;arwin
2017-09-23 05:06:04	worker	#lnhot20;2017-09-21 - 2017-09-21;submitSocial;all;arwin
2017-09-23 05:06:07	worker	@TripAdvisor;2017-09-21 - 2017-09-21;submitSocial;all;arwin
2017-09-23 05:06:16	worker	@google;2017-09-21 - 2017-09-21;submitSocial;all;arwin
2017-09-23 05:06:19	worker	@Telkomsel;2017-09-21 - 2017-09-21;submitSocial;all;arwin
2017-09-23 05:06:22	worker	@indosat;2017-09-21 - 2017-09-21;submitSocial;all;arwin
2017-09-23 05:06:25	worker	@bahanafmjkt;2017-09-21 - 2017-09-21;submitSocial;all;2017-09-23 05:06:29	worker	@sonorafm92;2017-09-21 - 2017-09-21;submitSocial;all;arwin
2017-09-23 05:06:31	worker	@litefm1058;2017-09-21 - 2017-09-21;submitSocial;all;arwin
2017-09-23 05:06:33	worker	@Bravaradio;2017-09-21 - 2017-09-21;submitSocial;all;arwin
2017-09-23 05:06:36	worker	#dgitm;2017-09-21 - 2017-09-21;submitSocial;all;arwin
2017-09-23 05:06:38	worker	#hitsalaprambors;2017-09-21 - 2017-09-21;submitSocial;all;arwin
2017-09-23 05:06:41	worker	#reqprambors;2017-09-21 - 2017-09-21;submitSocial;all;arwin
2017-09-23 05:06:43	worker	#thedandees;2017-09-21 - 2017-09-21;submitSocial;all;arwin
2017-09-23 05:06:45	worker	#pramborsquiz;2017-09-21 - 2017-09-21;submitSocial;all;arwin
2017-09-23 05:06:47	worker	#jeliprambors;2017-09-21 - 2017-09-21;submitSocial;all;arwin
2017-09-23 05:06:49	worker	#jodohinprambors;2017-09-21 - 2017-09-21;submitSocial;all;arwin
2017-09-23 05:06:51	worker	#ubahdenganbicara;2017-09-21 - 2017-09-21;submitSocial;all;arwin
2017-09-23 05:06:53	worker	#pramborschat;2017-09-21 - 2017-09-21;submitSocial;all;arwin
2017-09-23 05:06:55	worker	#tweetforduit;2017-09-21 - 2017-09-21;submitSocial;all;arwin
2017-09-23 05:06:57	worker	#joki3in1;2017-09-21 - 2017-09-21;submitSocial;all;arwin
2017-09-23 05:06:59	worker	#sarapanseru;2017-09-21 - 2017-09-21;submitSocial;all;arwin
2017-09-23 05:07:01	worker	#rawonkaneloop;2017-09-21 - 2017-09-21;submitSocial;all;arwin
2017-09-23 05:07:04	worker	#gudegkendilkeraton;2017-09-21 - 2017-09-21;submitSocial;all;arwin
2017-09-23 05:07:06	worker	#gadogadobutika;2017-09-21 - 2017-09-21;submitSocial;all;arwin
2017-09-23 05:07:08	worker	#mtvhottest;2017-09-21 - 2017-09-21;submitSocial;all;arwin
2017-09-23 05:07:10	worker	#dimsumcjdw;2017-09-21 - 2017-09-21;submitSocial;all;arwin
2017-09-23 05:07:12	worker	#pecelmadiunmbakniek;2017-09-21 - 2017-09-21;submitSocial;all;arwin
2017-09-23 05:07:15	worker	#depotarema;2017-09-21 - 2017-09-21;submitSocial;all;arwin
2017-09-23 05:07:17	worker	@BNI46;2017-09-21 - 2017-09-21;submitSocial;all;arwin
2017-09-23 05:07:19	worker	@BANKBRI_ID;2017-09-21 - 2017-09-21;submitSocial;all;arwin
2017-09-23 05:07:22	worker	#bni46;2017-09-21 - 2017-09-21;submitSocial;all;arwin
2017-09-23 05:07:26	worker	macet;2017-09-21 - 2017-09-21;submitSocial;all;arwin
2017-09-23 05:07:28	worker	#selamatpagi;2017-09-21 - 2017-09-21;submitSocial;all;arwin
2017-09-23 05:07:30	worker	#selamatmalam;2017-09-21 - 2017-09-21;submitSocial;all;arwin
2017-09-23 05:07:32	worker	@884GlobalRadio;2017-09-21 - 2017-09-21;submitSocial;all;arwin
2017-09-23 05:07:34	worker	@day_trans;2017-09-21 - 2017-09-21;submitSocial;all;arwin
2017-09-23 05:07:36	worker	@kencanavoyage;2017-09-21 - 2017-09-21;submitSocial;all;arwin
2017-09-23 05:07:39	worker	@jukebox5d;2017-09-21 - 2017-09-21;submitSocial;all;arwin
2017-09-23 05:07:41	worker	#mtvhottest;2017-09-21 - 2017-09-21;submitSocial;all;arwin
2017-09-23 05:07:43	worker	#semangatpagi;2017-09-21 - 2017-09-21;submitSocial;all;arwin
2017-09-23 05:07:45	worker	lifebuoy;2017-09-21 - 2017-09-21;submitSocial;all;arwin
2017-09-23 05:07:52	worker	jokowi;2017-09-21 - 2017-09-21;submitSocial;all;arwin
2017-09-23 05:08:01	worker	obama;2017-09-21 - 2017-09-21;submitSocial;all;arwin
2017-09-23 05:08:04	worker	starwars;2017-09-21 - 2017-09-21;submitSocial;all;arwin
2017-09-23 05:08:08	worker	jonan;2017-09-21 - 2017-09-21;submitSocial;all;arwin
2017-09-23 05:08:16	worker	pagi;2017-09-21 - 2017-09-21;submitSocial;all;arwin
2017-09-23 05:08:19	worker	sampoerna;2017-09-21 - 2017-09-21;submitSocial;all;arwin
2017-09-23 05:08:22	worker	djarum;2017-09-21 - 2017-09-21;submitSocial;all;arwin
2017-09-23 05:08:24	worker	#semangatpagi;2017-09-21 - 2017-09-21;submitSocial;all;arwin
2017-09-23 05:08:26	worker	#generaksi8;2017-09-21 - 2017-09-21;submitSocial;all;arwin
2017-09-23 05:08:28	worker	#365alasan;2017-09-21 - 2017-09-21;submitSocial;all;arwin
2017-09-23 05:08:31	worker	weew;2017-09-21 - 2017-09-21;submitSocial;all;arwin
2017-09-23 05:08:39	worker	testing;2017-09-21 - 2017-09-21;submitSocial;all;arwin
2017-09-23 05:08:41	worker	#kopaja;2017-09-21 - 2017-09-21;submitSocial;all;arwin
2017-09-23 05:08:43	worker	#genkuisinsideout;2017-09-21 - 2017-09-21;submitSocial;all;arwin
2017-09-23 05:08:46	worker	starwars;2017-09-21 - 2017-09-21;submitSocial;all;arwin
2017-09-23 05:08:49	worker	#kopaja;2017-09-21 - 2017-09-21;submitSocial;all;arwin
2017-09-23 05:08:51	worker	mldspot;2017-09-21 - 2017-09-21;submitSocial;all;arwin
2017-09-23 05:08:54	worker	PBDjarum;2017-09-21 - 2017-09-21;submitSocial;all;arwin
2017-09-23 05:08:56	worker	TemanNabati;2017-09-21 - 2017-09-21;submitSocial;all;arwin
2017-09-23 05:08:59	worker	Nextar;2017-09-21 - 2017-09-21;submitSocial;all;arwin
2017-09-23 05:09:02	worker	jokowo;2017-09-21 - 2017-09-21;submitSocial;all;arwin
2017-09-23 05:09:06	worker	prabowo;2017-09-21 - 2017-09-21;submitSocial;all;arwin
2017-09-23 05:09:08	worker	sudirman said;2017-09-21 - 2017-09-21;submitSocial;all;arwin
2017-09-23 05:09:12	worker	ahok;2017-09-21 - 2017-09-21;submitSocial;all;arwin
2017-09-23 05:09:15	worker	setyanovanto;2017-09-21 - 2017-09-21;submitSocial;all;arwin
2017-09-23 05:09:21	worker	jokowi;2017-09-21 - 2017-09-21;submitSocial;all;arwin
2017-09-23 05:09:26	worker	ahok;2017-09-21 - 2017-09-21;submitSocial;all;arwin
2017-09-23 05:09:30	worker	prabowo;2017-09-21 - 2017-09-21;submitSocial;all;arwin
2017-09-23 05:09:32	worker	sudirman said;2017-09-21 - 2017-09-21;submitSocial;all;arwin
2017-09-23 05:09:34	worker	setyanovanto;2017-09-21 - 2017-09-21;submitSocial;all;arwin
2017-09-23 05:09:38	worker	galau;2017-09-21 - 2017-09-21;submitSocial;all;arwin
2017-09-23 05:09:40	worker	#prestasiindonesia;2017-09-21 - 2017-09-21;submitSocial;all;arwin
2017-09-23 05:09:42	worker	@Tw_Debi;2017-09-21 - 2017-09-21;submitSocial;all;arwin
2017-09-23 05:09:45	worker	@OfficialFastron;2017-09-21 - 2017-09-21;submitSocial;all;arwin
2017-09-23 05:09:47	worker	@CitibankID;2017-09-21 - 2017-09-21;submitSocial;all;arwin
2017-09-23 05:09:49	worker	@jak101fm;2017-09-21 - 2017-09-21;submitSocial;all;arwin
2017-09-23 05:09:52	worker	@genfm;2017-09-21 - 2017-09-21;submitSocial;all;arwin
