2017-07-14 05:00:06	worker	@987genfm;2017-07-12 - 2017-07-12;submitSocial;all;arwin
2017-07-14 05:00:09	worker	@101jakfm;2017-07-12 - 2017-07-12;submitSocial;all;arwin
2017-07-14 05:00:12	worker	@prambors;2017-07-12 - 2017-07-12;submitSocial;all;arwin
2017-07-14 05:00:14	worker	@hardrockfm;2017-07-12 - 2017-07-12;submitSocial;all;arwin
2017-07-14 05:00:17	worker	@kisfmjakarta;2017-07-12 - 2017-07-12;submitSocial;all;arwin
2017-07-14 05:00:19	worker	@delta_fm;2017-07-12 - 2017-07-12;submitSocial;all;arwin
2017-07-14 05:00:22	worker	@traxfmjkt;2017-07-12 - 2017-07-12;submitSocial;all;arwin
2017-07-14 05:00:24	worker	@iradiojakarta;2017-07-12 - 2017-07-12;submitSocial;all;arwin
2017-07-14 05:00:26	worker	@indika9160fm;2017-07-12 - 2017-07-12;submitSocial;all;arwin
2017-07-14 05:00:28	worker	@shellindonesia;2017-07-12 - 2017-07-12;submitSocial;all;arwin
2017-07-14 05:00:31	worker	@vpowerfans;2017-07-12 - 2017-07-12;submitSocial;all;arwin
2017-07-14 05:00:33	worker	@pertamaxind;2017-07-12 - 2017-07-12;submitSocial;all;arwin
2017-07-14 05:00:35	worker	@ptpertamina;2017-07-12 - 2017-07-12;submitSocial;all;arwin
2017-07-14 05:00:38	worker	@OZRadioJakarta;2017-07-12 - 2017-07-12;submitSocial;all;arwin
2017-07-14 05:00:40	worker	@CosmopolitanFM;2017-07-12 - 2017-07-12;submitSocial;all;arwin
2017-07-14 05:00:42	worker	@mustang88fm;2017-07-12 - 2017-07-12;submitSocial;all;arwin
2017-07-14 05:00:44	worker	@debabaz;2017-07-12 - 2017-07-12;submitSocial;all;arwin
2017-07-14 05:00:48	worker	@detikcom;2017-07-12 - 2017-07-12;submitSocial;all;arwin
2017-07-14 05:00:51	worker	@radioelshinta;2017-07-12 - 2017-07-12;submitSocial;all;arwin
2017-07-14 05:00:54	worker	@cinema21;2017-07-12 - 2017-07-12;submitSocial;all;arwin
2017-07-14 05:00:56	worker	@OfficialRCTI;2017-07-12 - 2017-07-12;submitSocial;all;arwin
2017-07-14 05:00:58	worker	@TRANSTV_CORP;2017-07-12 - 2017-07-12;submitSocial;all;arwin
2017-07-14 05:01:01	worker	@TRANS7;2017-07-12 - 2017-07-12;submitSocial;all;arwin
2017-07-14 05:01:04	worker	@Metro_TV;2017-07-12 - 2017-07-12;submitSocial;all;arwin
2017-07-14 05:01:07	worker	@tvOneNews;2017-07-12 - 2017-07-12;submitSocial;all;arwin
2017-07-14 05:01:10	worker	@whatsonANTV;2017-07-12 - 2017-07-12;submitSocial;all;arwin
2017-07-14 05:01:13	worker	@SCTV_;2017-07-12 - 2017-07-12;submitSocial;all;arwin
2017-07-14 05:01:16	worker	@KompasTV;2017-07-12 - 2017-07-12;submitSocial;all;arwin
2017-07-14 05:01:19	worker	@netmediatama;2017-07-12 - 2017-07-12;submitSocial;all;arwin
2017-07-14 05:01:21	worker	@Globaltvseru;2017-07-12 - 2017-07-12;submitSocial;all;arwin
2017-07-14 05:01:24	worker	@JaktvCom;2017-07-12 - 2017-07-12;submitSocial;all;arwin
2017-07-14 05:01:26	worker	@TVRINasional;2017-07-12 - 2017-07-12;submitSocial;all;arwin
2017-07-14 05:01:28	worker	@ochannelupdates;2017-07-12 - 2017-07-12;submitSocial;all;arwin
2017-07-14 05:01:32	worker	@IndosiarID;2017-07-12 - 2017-07-12;submitSocial;all;arwin
2017-07-14 05:01:36	worker	@kompascom;2017-07-12 - 2017-07-12;submitSocial;all;arwin
2017-07-14 05:01:39	worker	@merdekadotcom;2017-07-12 - 2017-07-12;submitSocial;all;arwin
2017-07-14 05:01:41	worker	@MIdotcom;2017-07-12 - 2017-07-12;submitSocial;all;arwin
2017-07-14 05:01:44	worker	@tempodotco;2017-07-12 - 2017-07-12;submitSocial;all;arwin
2017-07-14 05:01:46	worker	@motion975fm;2017-07-12 - 2017-07-12;submitSocial;all;arwin
2017-07-14 05:01:49	worker	@_radiotoday;2017-07-12 - 2017-07-12;submitSocial;all;arwin
2017-07-14 05:01:51	worker	@radioinfo;2017-07-12 - 2017-07-12;submitSocial;all;arwin
2017-07-14 05:01:53	worker	@979FeMaleRadio;2017-07-12 - 2017-07-12;submitSocial;all;arwin
2017-07-14 05:01:55	worker	@WomanRadio943FM;2017-07-12 - 2017-07-12;submitSocial;all;arwin
2017-07-14 05:01:57	worker	@VRadioFM;2017-07-12 - 2017-07-12;submitSocial;all;arwin
2017-07-14 05:01:59	worker	@UFM947;2017-07-12 - 2017-07-12;submitSocial;all;arwin
2017-07-14 05:02:02	worker	@VIVAnews;2017-07-12 - 2017-07-12;submitSocial;all;arwin
2017-07-14 05:02:04	worker	@antaranews;2017-07-12 - 2017-07-12;submitSocial;all;arwin
2017-07-14 05:02:07	worker	@tribunnews;2017-07-12 - 2017-07-12;submitSocial;all;arwin
2017-07-14 05:02:09	worker	@okezonenews;2017-07-12 - 2017-07-12;submitSocial;all;arwin
2017-07-14 05:02:12	worker	@Beritasatu;2017-07-12 - 2017-07-12;submitSocial;all;arwin
2017-07-14 05:02:14	worker	@rollingstoneina;2017-07-12 - 2017-07-12;submitSocial;all;arwin
2017-07-14 05:02:16	worker	@FIMELAdotcom;2017-07-12 - 2017-07-12;submitSocial;all;arwin
2017-07-14 05:02:18	worker	@KapanLagicom;2017-07-12 - 2017-07-12;submitSocial;all;arwin
2017-07-14 05:02:21	worker	@KompasEnt ;2017-07-12 - 2017-07-12;submitSocial;all;arwin
2017-07-14 05:02:23	worker	@HaiMagazine;2017-07-12 - 2017-07-12;submitSocial;all;arwin
2017-07-14 05:02:25	worker	@JakartaVenue;2017-07-12 - 2017-07-12;submitSocial;all;arwin
2017-07-14 05:02:28	worker	@SeputarEvent;2017-07-12 - 2017-07-12;submitSocial;all;arwin
2017-07-14 05:02:30	worker	@ismayaLive;2017-07-12 - 2017-07-12;submitSocial;all;arwin
2017-07-14 05:02:32	worker	@ECEntertainment;2017-07-12 - 2017-07-12;submitSocial;all;arwin
2017-07-14 05:02:34	worker	@synergism_En;2017-07-12 - 2017-07-12;submitSocial;all;arwin
2017-07-14 05:02:36	worker	@Urbanbandung;2017-07-12 - 2017-07-12;submitSocial;all;arwin
2017-07-14 05:02:38	worker	@Urbanrkm995;2017-07-12 - 2017-07-12;submitSocial;all;arwin
2017-07-14 05:02:40	worker	@Garuda_Promo;2017-07-12 - 2017-07-12;submitSocial;all;arwin
2017-07-14 05:02:42	worker	@AirAsiaID;2017-07-12 - 2017-07-12;submitSocial;all;arwin
2017-07-14 05:02:45	worker	@KAI121;2017-07-12 - 2017-07-12;submitSocial;all;arwin
2017-07-14 05:02:48	worker	@Unilever;2017-07-12 - 2017-07-12;submitSocial;all;arwin
2017-07-14 05:02:51	worker	@Nestle;2017-07-12 - 2017-07-12;submitSocial;all;arwin
2017-07-14 05:02:55	worker	@CocaCola;2017-07-12 - 2017-07-12;submitSocial;all;arwin
2017-07-14 05:03:05	worker	@CNN;2017-07-12 - 2017-07-12;submitSocial;all;arwin
2017-07-14 05:03:15	worker	@MTV;2017-07-12 - 2017-07-12;submitSocial;all;arwin
2017-07-14 05:03:17	worker	@channelv;2017-07-12 - 2017-07-12;submitSocial;all;arwin
2017-07-14 05:03:19	worker	@iTunesMusic;2017-07-12 - 2017-07-12;submitSocial;all;arwin
2017-07-14 05:03:23	worker	@mashable;2017-07-12 - 2017-07-12;submitSocial;all;arwin
2017-07-14 05:03:25	worker	@decacaz;2017-07-12 - 2017-07-12;submitSocial;all;arwin
2017-07-14 05:03:27	worker	@radiobaru967FM;2017-07-12 - 2017-07-12;submitSocial;all;arwin
2017-07-14 05:03:30	worker	@967HitzFM;2017-07-12 - 2017-07-12;submitSocial;all;arwin
2017-07-14 05:03:32	worker	@TVGuide;2017-07-12 - 2017-07-12;submitSocial;all;arwin
2017-07-14 05:03:35	worker	@XL123;2017-07-12 - 2017-07-12;submitSocial;all;arwin
2017-07-14 05:03:37	worker	@triindonesia;2017-07-12 - 2017-07-12;submitSocial;all;arwin
2017-07-14 05:03:40	worker	@kaskus;2017-07-12 - 2017-07-12;submitSocial;all;arwin
2017-07-14 05:03:43	worker	@Studio_XXI;2017-07-12 - 2017-07-12;submitSocial;all;arwin
2017-07-14 05:03:44	worker	@blitzmegaplex;2017-07-12 - 2017-07-12;submitSocial;all;arwin
2017-07-14 05:03:47	worker	@alfamartku;2017-07-12 - 2017-07-12;submitSocial;all;arwin
2017-07-14 05:03:49	worker	@Carrefour_ID;2017-07-12 - 2017-07-12;submitSocial;all;arwin
2017-07-14 05:03:52	worker	@BBCBreaking;2017-07-12 - 2017-07-12;submitSocial;all;arwin
2017-07-14 05:04:01	worker	@Forbes;2017-07-12 - 2017-07-12;submitSocial;all;arwin
2017-07-14 05:04:04	worker	@BensRadio;2017-07-12 - 2017-07-12;submitSocial;all;arwin
2017-07-14 05:04:11	worker	@instagram;2017-07-12 - 2017-07-12;submitSocial;all;arwin
2017-07-14 05:04:14	worker	@Pinterest;2017-07-12 - 2017-07-12;submitSocial;all;arwin
2017-07-14 05:04:20	worker	@google;2017-07-12 - 2017-07-12;submitSocial;all;arwin
2017-07-14 05:04:23	worker	@Pertaminalub;2017-07-12 - 2017-07-12;submitSocial;all;arwin
2017-07-14 05:04:25	worker	@InfoLalinTol;2017-07-12 - 2017-07-12;submitSocial;all;arwin
2017-07-14 05:04:27	worker	@PTJASAMARGA;2017-07-12 - 2017-07-12;submitSocial;all;arwin
2017-07-14 05:04:29	worker	@cititransindo;2017-07-12 - 2017-07-12;submitSocial;all;arwin
2017-07-14 05:04:31	worker	#semangatpagisuperr;2017-07-12 - 2017-07-12;submitSocial;all;arwin
2017-07-14 05:04:33	worker	#genkuisinsideout;2017-07-12 - 2017-07-12;submitSocial;all;arwin
2017-07-14 05:04:35	worker	#semangatpagi;2017-07-12 - 2017-07-12;submitSocial;all;arwin
2017-07-14 05:04:38	worker	#dikamar;2017-07-12 - 2017-07-12;submitSocial;all;arwin
2017-07-14 05:04:40	worker	#kopaja;2017-07-12 - 2017-07-12;submitSocial;all;arwin
2017-07-14 05:04:42	worker	#generaksi8;2017-07-12 - 2017-07-12;submitSocial;all;arwin
2017-07-14 05:04:44	worker	#hitztsp;2017-07-12 - 2017-07-12;submitSocial;all;arwin
2017-07-14 05:04:47	worker	#np;2017-07-12 - 2017-07-12;submitSocial;all;arwin
2017-07-14 05:04:50	worker	#hitzlivestage;2017-07-12 - 2017-07-12;submitSocial;all;arwin
2017-07-14 05:04:52	worker	#thefreaks;2017-07-12 - 2017-07-12;submitSocial;all;arwin
2017-07-14 05:04:54	worker	#hitzsirkuspagi;2017-07-12 - 2017-07-12;submitSocial;all;arwin
2017-07-14 05:04:56	worker	#hitzathlon;2017-07-12 - 2017-07-12;submitSocial;all;arwin
2017-07-14 05:04:58	worker	#hitzzombie;2017-07-12 - 2017-07-12;submitSocial;all;arwin
2017-07-14 05:05:00	worker	#hitzkalong;2017-07-12 - 2017-07-12;submitSocial;all;arwin
2017-07-14 05:05:03	worker	#hitzbebas;2017-07-12 - 2017-07-12;submitSocial;all;arwin
2017-07-14 05:05:06	worker	#hitzhorehara;2017-07-12 - 2017-07-12;submitSocial;all;arwin
2017-07-14 05:05:08	worker	@ZaloraID;2017-07-12 - 2017-07-12;submitSocial;all;arwin
2017-07-14 05:05:10	worker	@OLX_Indonesia;2017-07-12 - 2017-07-12;submitSocial;all;arwin
2017-07-14 05:05:13	worker	@LazadaID;2017-07-12 - 2017-07-12;submitSocial;all;arwin
2017-07-14 05:05:16	worker	@utrippers;2017-07-12 - 2017-07-12;submitSocial;all;arwin
2017-07-14 05:05:18	worker	@GoGobot;2017-07-12 - 2017-07-12;submitSocial;all;arwin
2017-07-14 05:05:20	worker	@viatortravel;2017-07-12 - 2017-07-12;submitSocial;all;arwin
2017-07-14 05:05:22	worker	@alandakariza;2017-07-12 - 2017-07-12;submitSocial;all;arwin
2017-07-14 05:05:25	worker	@gagasmedia;2017-07-12 - 2017-07-12;submitSocial;all;arwin
2017-07-14 05:05:27	worker	@welovehonda;2017-07-12 - 2017-07-12;submitSocial;all;arwin
2017-07-14 05:05:29	worker	@SuzukiMotorID;2017-07-12 - 2017-07-12;submitSocial;all;arwin
2017-07-14 05:05:31	worker	@kawasakilovers;2017-07-12 - 2017-07-12;submitSocial;all;arwin
2017-07-14 05:05:34	worker	@yamahaindonesia;2017-07-12 - 2017-07-12;submitSocial;all;arwin
2017-07-14 05:05:36	worker	@tripanzee;2017-07-12 - 2017-07-12;submitSocial;all;arwin
2017-07-14 05:05:38	worker	@arnoldpoernomo;2017-07-12 - 2017-07-12;submitSocial;all;arwin
2017-07-14 05:05:41	worker	@nicsap;2017-07-12 - 2017-07-12;submitSocial;all;arwin
2017-07-14 05:05:43	worker	@tiket2;2017-07-12 - 2017-07-12;submitSocial;all;arwin
2017-07-14 05:05:45	worker	@traveloka;2017-07-12 - 2017-07-12;submitSocial;all;arwin
2017-07-14 05:05:48	worker	@wego;2017-07-12 - 2017-07-12;submitSocial;all;arwin
2017-07-14 05:05:51	worker	@agoda;2017-07-12 - 2017-07-12;submitSocial;all;arwin
2017-07-14 05:05:53	worker	#salahsambung;2017-07-12 - 2017-07-12;submitSocial;all;arwin
2017-07-14 05:05:55	worker	#tulalit;2017-07-12 - 2017-07-12;submitSocial;all;arwin
2017-07-14 05:05:57	worker	#pestageneraksi8;2017-07-12 - 2017-07-12;submitSocial;all;arwin
2017-07-14 05:05:59	worker	#ganaskustik;2017-07-12 - 2017-07-12;submitSocial;all;arwin
2017-07-14 05:06:01	worker	#lnhot20;2017-07-12 - 2017-07-12;submitSocial;all;arwin
2017-07-14 05:06:03	worker	@TripAdvisor;2017-07-12 - 2017-07-12;submitSocial;all;arwin
2017-07-14 05:06:09	worker	@google;2017-07-12 - 2017-07-12;submitSocial;all;arwin
2017-07-14 05:06:13	worker	@Telkomsel;2017-07-12 - 2017-07-12;submitSocial;all;arwin
2017-07-14 05:06:15	worker	@indosat;2017-07-12 - 2017-07-12;submitSocial;all;arwin
2017-07-14 05:06:18	worker	@bahanafmjkt;2017-07-12 - 2017-07-12;submitSocial;all;2017-07-14 05:06:22	worker	@sonorafm92;2017-07-12 - 2017-07-12;submitSocial;all;arwin
2017-07-14 05:06:24	worker	@litefm1058;2017-07-12 - 2017-07-12;submitSocial;all;arwin
2017-07-14 05:06:26	worker	@Bravaradio;2017-07-12 - 2017-07-12;submitSocial;all;arwin
2017-07-14 05:06:29	worker	#dgitm;2017-07-12 - 2017-07-12;submitSocial;all;arwin
2017-07-14 05:06:31	worker	#hitsalaprambors;2017-07-12 - 2017-07-12;submitSocial;all;arwin
2017-07-14 05:06:33	worker	#reqprambors;2017-07-12 - 2017-07-12;submitSocial;all;arwin
2017-07-14 05:06:35	worker	#thedandees;2017-07-12 - 2017-07-12;submitSocial;all;arwin
2017-07-14 05:06:37	worker	#pramborsquiz;2017-07-12 - 2017-07-12;submitSocial;all;arwin
2017-07-14 05:06:39	worker	#jeliprambors;2017-07-12 - 2017-07-12;submitSocial;all;arwin
2017-07-14 05:06:41	worker	#jodohinprambors;2017-07-12 - 2017-07-12;submitSocial;all;arwin
2017-07-14 05:06:43	worker	#ubahdenganbicara;2017-07-12 - 2017-07-12;submitSocial;all;arwin
2017-07-14 05:06:45	worker	#pramborschat;2017-07-12 - 2017-07-12;submitSocial;all;arwin
2017-07-14 05:06:48	worker	#tweetforduit;2017-07-12 - 2017-07-12;submitSocial;all;arwin
2017-07-14 05:06:50	worker	#joki3in1;2017-07-12 - 2017-07-12;submitSocial;all;arwin
2017-07-14 05:06:52	worker	#sarapanseru;2017-07-12 - 2017-07-12;submitSocial;all;arwin
2017-07-14 05:06:54	worker	#rawonkaneloop;2017-07-12 - 2017-07-12;submitSocial;all;arwin
2017-07-14 05:06:56	worker	#gudegkendilkeraton;2017-07-12 - 2017-07-12;submitSocial;all;arwin
2017-07-14 05:06:58	worker	#gadogadobutika;2017-07-12 - 2017-07-12;submitSocial;all;arwin
2017-07-14 05:07:00	worker	#mtvhottest;2017-07-12 - 2017-07-12;submitSocial;all;arwin
2017-07-14 05:07:02	worker	#dimsumcjdw;2017-07-12 - 2017-07-12;submitSocial;all;arwin
2017-07-14 05:07:04	worker	#pecelmadiunmbakniek;2017-07-12 - 2017-07-12;submitSocial;all;arwin
2017-07-14 05:07:07	worker	#depotarema;2017-07-12 - 2017-07-12;submitSocial;all;arwin
2017-07-14 05:07:09	worker	@BNI46;2017-07-12 - 2017-07-12;submitSocial;all;arwin
2017-07-14 05:07:11	worker	@BANKBRI_ID;2017-07-12 - 2017-07-12;submitSocial;all;arwin
2017-07-14 05:07:13	worker	#bni46;2017-07-12 - 2017-07-12;submitSocial;all;arwin
2017-07-14 05:07:17	worker	macet;2017-07-12 - 2017-07-12;submitSocial;all;arwin
2017-07-14 05:07:20	worker	#selamatpagi;2017-07-12 - 2017-07-12;submitSocial;all;arwin
2017-07-14 05:07:22	worker	#selamatmalam;2017-07-12 - 2017-07-12;submitSocial;all;arwin
2017-07-14 05:07:24	worker	@884GlobalRadio;2017-07-12 - 2017-07-12;submitSocial;all;arwin
2017-07-14 05:07:26	worker	@day_trans;2017-07-12 - 2017-07-12;submitSocial;all;arwin
2017-07-14 05:07:28	worker	@kencanavoyage;2017-07-12 - 2017-07-12;submitSocial;all;arwin
2017-07-14 05:07:31	worker	@jukebox5d;2017-07-12 - 2017-07-12;submitSocial;all;arwin
2017-07-14 05:07:33	worker	#mtvhottest;2017-07-12 - 2017-07-12;submitSocial;all;arwin
2017-07-14 05:07:35	worker	#semangatpagi;2017-07-12 - 2017-07-12;submitSocial;all;arwin
2017-07-14 05:07:37	worker	lifebuoy;2017-07-12 - 2017-07-12;submitSocial;all;arwin
2017-07-14 05:07:43	worker	jokowi;2017-07-12 - 2017-07-12;submitSocial;all;arwin
2017-07-14 05:07:52	worker	obama;2017-07-12 - 2017-07-12;submitSocial;all;arwin
2017-07-14 05:07:55	worker	starwars;2017-07-12 - 2017-07-12;submitSocial;all;arwin
2017-07-14 05:07:58	worker	jonan;2017-07-12 - 2017-07-12;submitSocial;all;arwin
2017-07-14 05:08:07	worker	pagi;2017-07-12 - 2017-07-12;submitSocial;all;arwin
2017-07-14 05:08:09	worker	sampoerna;2017-07-12 - 2017-07-12;submitSocial;all;arwin
2017-07-14 05:08:12	worker	djarum;2017-07-12 - 2017-07-12;submitSocial;all;arwin
2017-07-14 05:08:14	worker	#semangatpagi;2017-07-12 - 2017-07-12;submitSocial;all;arwin
2017-07-14 05:08:16	worker	#generaksi8;2017-07-12 - 2017-07-12;submitSocial;all;arwin
2017-07-14 05:08:18	worker	#365alasan;2017-07-12 - 2017-07-12;submitSocial;all;arwin
2017-07-14 05:08:21	worker	weew;2017-07-12 - 2017-07-12;submitSocial;all;arwin
2017-07-14 05:08:27	worker	testing;2017-07-12 - 2017-07-12;submitSocial;all;arwin
2017-07-14 05:08:30	worker	#kopaja;2017-07-12 - 2017-07-12;submitSocial;all;arwin
2017-07-14 05:08:33	worker	#genkuisinsideout;2017-07-12 - 2017-07-12;submitSocial;all;arwin
2017-07-14 05:08:36	worker	starwars;2017-07-12 - 2017-07-12;submitSocial;all;arwin
2017-07-14 05:08:39	worker	#kopaja;2017-07-12 - 2017-07-12;submitSocial;all;arwin
2017-07-14 05:08:42	worker	mldspot;2017-07-12 - 2017-07-12;submitSocial;all;arwin
2017-07-14 05:08:45	worker	PBDjarum;2017-07-12 - 2017-07-12;submitSocial;all;arwin
2017-07-14 05:08:47	worker	TemanNabati;2017-07-12 - 2017-07-12;submitSocial;all;arwin
2017-07-14 05:08:51	worker	Nextar;2017-07-12 - 2017-07-12;submitSocial;all;arwin
2017-07-14 05:08:54	worker	jokowo;2017-07-12 - 2017-07-12;submitSocial;all;arwin
2017-07-14 05:08:57	worker	prabowo;2017-07-12 - 2017-07-12;submitSocial;all;arwin
2017-07-14 05:08:59	worker	sudirman said;2017-07-12 - 2017-07-12;submitSocial;all;arwin
2017-07-14 05:09:03	worker	ahok;2017-07-12 - 2017-07-12;submitSocial;all;arwin
2017-07-14 05:09:06	worker	setyanovanto;2017-07-12 - 2017-07-12;submitSocial;all;arwin
2017-07-14 05:09:12	worker	jokowi;2017-07-12 - 2017-07-12;submitSocial;all;arwin
2017-07-14 05:09:16	worker	ahok;2017-07-12 - 2017-07-12;submitSocial;all;arwin
2017-07-14 05:09:19	worker	prabowo;2017-07-12 - 2017-07-12;submitSocial;all;arwin
2017-07-14 05:09:21	worker	sudirman said;2017-07-12 - 2017-07-12;submitSocial;all;arwin
2017-07-14 05:09:24	worker	setyanovanto;2017-07-12 - 2017-07-12;submitSocial;all;arwin
2017-07-14 05:09:27	worker	galau;2017-07-12 - 2017-07-12;submitSocial;all;arwin
2017-07-14 05:09:29	worker	#prestasiindonesia;2017-07-12 - 2017-07-12;submitSocial;all;arwin
2017-07-14 05:09:32	worker	@Tw_Debi;2017-07-12 - 2017-07-12;submitSocial;all;arwin
2017-07-14 05:09:34	worker	@OfficialFastron;2017-07-12 - 2017-07-12;submitSocial;all;arwin
2017-07-14 05:09:36	worker	@CitibankID;2017-07-12 - 2017-07-12;submitSocial;all;arwin
2017-07-14 05:09:38	worker	@jak101fm;2017-07-12 - 2017-07-12;submitSocial;all;arwin
2017-07-14 05:09:41	worker	@genfm;2017-07-12 - 2017-07-12;submitSocial;all;arwin
2017-07-14 20:05:43	worker	@987genfm;2017-07-13 - 2017-07-13;submitSocial;all;alanmr	@987genfm;2017-07-07 - 2017-07-13;submitSocial;all;alanmr
2017-07-14 20:05:44	done	@987genfm;2017-07-07 - 2017-07-13;submitSocial;all;alanmr
2017-07-14 20:05:45	worker	@101jakfm;2017-07-13 - 2017-07-13;submitSocial;all;alanmr	@101jakfm;2017-07-07 - 2017-07-13;submitSocial;all;alanmr
2017-07-14 20:05:47	done	@101jakfm;2017-07-07 - 2017-07-13;submitSocial;all;alanmr
2017-07-14 20:06:10	report	@987genfm!@101jakfm;07/07/2017 - 07/13/2017;alanmr;submitSocial	{"@987genfm":{"area":24,"medium":{"2017-07-07":4,"2017-07-08":5,"2017-07-09":1,"2017-07-10":13,"2017-07-11":0,"2017-07-12":1,"2017-07-13":0},"unique_screenname":15,"dev":{"Iphone":0,"Android":1,"Web":3,"Blackberry":0},"loc":{"Jakarta":10,"Depok":0,"Bogor":0,"Tangerang":0,"Bekasi":0},"sentimen":{"goodwords":0.05,"badwords":0,"netral":99.95},"ER":0,"ER_daily":{"2017-07-07":0,"2017-07-08":0,"2017-07-09":0,"2017-07-10":0,"2017-07-11":0,"2017-07-12":0,"2017-07-13":0}},"@101jakfm":{"area":0,"medium":{"2017-07-07":0,"2017-07-08":0,"2017-07-09":0,"2017-07-10":0,"2017-07-11":0,"2017-07-12":0,"2017-07-13":0},"unique_screenname":0,"dev":{"Iphone":0,"Android":0,"Web":0,"Blackberry":0},"loc":{"Jakarta":0,"Depok":0,"Bogor":0,"Tangerang":0,"Bekasi":0},"sentimen":{"goodwords":0,"badwords":0,"netral":100},"ER":0,"ER_daily":{"2017-07-07":0,"2017-07-08":0,"2017-07-09":0,"2017-07-10":0,"2017-07-11":0,"2017-07-12":0,"2017-07-13":0}}}
2017-07-14 20:18:36	worker	@agoda;2017-07-07 - 2017-07-13;submitOthers;all;alanmr	@agoda;2017-07-07 - 2017-07-13;submitOthers;all;alanmr
2017-07-14 20:18:36	done	@agoda;2017-07-07 - 2017-07-13;submitOthers;all;alanmr
2017-07-14 20:18:51	worker	@telkomsel;2017-07-07 - 2017-07-13;submitOthers;all;alanmr	@telkomsel;2017-07-07 - 2017-07-13;submitOthers;all;alanmr
2017-07-14 20:18:52	done	@telkomsel;2017-07-07 - 2017-07-13;submitOthers;all;alanmr
2017-07-14 20:19:06	worker	@bni46;2017-07-07 - 2017-07-13;submitOthers;all;alanmr	@bni46;2017-07-07 - 2017-07-13;submitOthers;all;alanmr
2017-07-14 20:19:07	done	@bni46;2017-07-07 - 2017-07-13;submitOthers;all;alanmr
2017-07-14 20:19:10	report	@agoda!@Telkomsel!@BNI46!@day_trans!@jukebox5d;07/07/2017 - 07/13/2017;alanmr;submitOthers	{"@agoda":{"area":55,"medium":{"2017-07-07":11,"2017-07-08":7,"2017-07-09":10,"2017-07-10":12,"2017-07-11":5,"2017-07-12":6,"2017-07-13":4},"unique_screenname":39,"dev":{"Iphone":17,"Android":10,"Web":14,"Blackberry":0},"loc":{"Jakarta":1,"Depok":0,"Bogor":0,"Tangerang":0,"Bekasi":0},"sentimen":{"goodwords":0.15,"badwords":0.1,"netral":99.76},"ER":0.04,"ER_daily":{"2017-07-07":0.06,"2017-07-08":0.04,"2017-07-09":0.05,"2017-07-10":0.06,"2017-07-11":0.03,"2017-07-12":0.03,"2017-07-13":0.02}},"@Telkomsel":{"area":55,"medium":{"2017-07-07":11,"2017-07-08":7,"2017-07-09":10,"2017-07-10":12,"2017-07-11":5,"2017-07-12":6,"2017-07-13":4},"unique_screenname":39,"dev":{"Iphone":17,"Android":10,"Web":14,"Blackberry":0},"loc":{"Jakarta":1,"Depok":0,"Bogor":0,"Tangerang":0,"Bekasi":0},"sentimen":{"goodwords":0.15,"badwords":0.1,"netral":99.76},"ER":0.04,"ER_daily":{"2017-07-07":0.06,"2017-07-08":0.04,"2017-07-09":0.05,"2017-07-10":0.06,"2017-07-11":0.03,"2017-07-12":0.03,"2017-07-13":0.02}},"@BNI46":{"area":55,"medium":{"2017-07-07":11,"2017-07-08":7,"2017-07-09":10,"2017-07-10":12,"2017-07-11":5,"2017-07-12":6,"2017-07-13":4},"unique_screenname":39,"dev":{"Iphone":17,"Android":10,"Web":14,"Blackberry":0},"loc":{"Jakarta":1,"Depok":0,"Bogor":0,"Tangerang":0,"Bekasi":0},"sentimen":{"goodwords":0.15,"badwords":0.1,"netral":99.76},"ER":0.04,"ER_daily":{"2017-07-07":0.06,"2017-07-08":0.04,"2017-07-09":0.05,"2017-07-10":0.06,"2017-07-11":0.03,"2017-07-12":0.03,"2017-07-13":0.02}},"@day_trans":{"area":55,"medium":{"2017-07-07":11,"2017-07-08":7,"2017-07-09":10,"2017-07-10":12,"2017-07-11":5,"2017-07-12":6,"2017-07-13":4},"unique_screenname":39,"dev":{"Iphone":17,"Android":10,"Web":14,"Blackberry":0},"loc":{"Jakarta":1,"Depok":0,"Bogor":0,"Tangerang":0,"Bekasi":0},"sentimen":{"goodwords":0.15,"badwords":0.1,"netral":99.76},"ER":0.04,"ER_daily":{"2017-07-07":0.06,"2017-07-08":0.04,"2017-07-09":0.05,"2017-07-10":0.06,"2017-07-11":0.03,"2017-07-12":0.03,"2017-07-13":0.02}},"@jukebox5d":{"area":55,"medium":{"2017-07-07":11,"2017-07-08":7,"2017-07-09":10,"2017-07-10":12,"2017-07-11":5,"2017-07-12":6,"2017-07-13":4},"unique_screenname":39,"dev":{"Iphone":17,"Android":10,"Web":14,"Blackberry":0},"loc":{"Jakarta":1,"Depok":0,"Bogor":0,"Tangerang":0,"Bekasi":0},"sentimen":{"goodwords":0.15,"badwords":0.1,"netral":99.76},"ER":0.04,"ER_daily":{"2017-07-07":0.06,"2017-07-08":0.04,"2017-07-09":0.05,"2017-07-10":0.06,"2017-07-11":0.03,"2017-07-12":0.03,"2017-07-13":0.02}}}
2017-07-14 20:19:20	worker	@day_trans;2017-07-07 - 2017-07-13;submitOthers;all;alanmr	@day_trans;2017-07-07 - 2017-07-13;submitOthers;all;alanmr
2017-07-14 20:19:22	done	@day_trans;2017-07-07 - 2017-07-13;submitOthers;all;alanmr
2017-07-14 20:19:33	worker	@jukebox5d;2017-07-07 - 2017-07-13;submitOthers;all;alanmr	@jukebox5d;2017-07-07 - 2017-07-13;submitOthers;all;alanmr
2017-07-14 20:19:35	done	@jukebox5d;2017-07-07 - 2017-07-13;submitOthers;all;alanmr
2017-07-14 20:19:49	worker	@agoda;2017-07-07 - 2017-07-13;submitOthers;all;alanmr	@agoda;2017-07-07 - 2017-07-13;submitOthers;all;alanmr
2017-07-14 20:19:50	done	@agoda;2017-07-07 - 2017-07-13;submitOthers;all;alanmr
2017-07-14 20:20:04	worker	@telkomsel;2017-07-07 - 2017-07-13;submitOthers;all;alanmr	@telkomsel;2017-07-07 - 2017-07-13;submitOthers;all;alanmr
2017-07-14 20:20:05	done	@telkomsel;2017-07-07 - 2017-07-13;submitOthers;all;alanmr
2017-07-14 20:20:18	worker	@bni46;2017-07-07 - 2017-07-13;submitOthers;all;alanmr	@bni46;2017-07-07 - 2017-07-13;submitOthers;all;alanmr
2017-07-14 20:20:20	done	@bni46;2017-07-07 - 2017-07-13;submitOthers;all;alanmr
2017-07-14 20:20:31	worker	@day_trans;2017-07-07 - 2017-07-13;submitOthers;all;alanmr	@day_trans;2017-07-07 - 2017-07-13;submitOthers;all;alanmr
2017-07-14 20:20:33	done	@day_trans;2017-07-07 - 2017-07-13;submitOthers;all;alanmr
2017-07-14 20:20:44	worker	@jukebox5d;2017-07-07 - 2017-07-13;submitOthers;all;alanmr	@jukebox5d;2017-07-07 - 2017-07-13;submitOthers;all;alanmr
2017-07-14 20:20:46	done	@jukebox5d;2017-07-07 - 2017-07-13;submitOthers;all;alanmr
2017-07-14 20:23:02	worker	@telkomsel;2017-07-13 - 2017-07-13;submitSocial;all;alanmr	@telkomsel;2017-07-07 - 2017-07-13;submitSocial;all;alanmr
2017-07-14 20:23:03	done	@telkomsel;2017-07-07 - 2017-07-13;submitSocial;all;alanmr
2017-07-14 20:23:20	report	@Telkomsel!@987genfm;07/07/2017 - 07/13/2017;alanmr;submitSocial	{"@Telkomsel":{"area":8627,"medium":{"2017-07-07":1143,"2017-07-08":1023,"2017-07-09":1319,"2017-07-10":1863,"2017-07-11":1083,"2017-07-12":1163,"2017-07-13":1033},"unique_screenname":4282,"dev":{"Iphone":1168,"Android":4630,"Web":1127,"Blackberry":113},"loc":{"Jakarta":798,"Depok":79,"Bogor":96,"Tangerang":127,"Bekasi":121},"sentimen":{"goodwords":4.13,"badwords":2.62,"netral":93.25},"ER":0.1,"ER_daily":{"2017-07-07":0.09,"2017-07-08":0.08,"2017-07-09":0.11,"2017-07-10":0.15,"2017-07-11":0.09,"2017-07-12":0.09,"2017-07-13":0.08}},"@987genfm":{"area":24,"medium":{"2017-07-07":4,"2017-07-08":5,"2017-07-09":1,"2017-07-10":13,"2017-07-11":0,"2017-07-12":1,"2017-07-13":0},"unique_screenname":15,"dev":{"Iphone":0,"Android":1,"Web":3,"Blackberry":0},"loc":{"Jakarta":10,"Depok":0,"Bogor":0,"Tangerang":0,"Bekasi":0},"sentimen":{"goodwords":0.05,"badwords":0,"netral":99.95},"ER":0,"ER_daily":{"2017-07-07":0,"2017-07-08":0,"2017-07-09":0,"2017-07-10":0,"2017-07-11":0,"2017-07-12":0,"2017-07-13":0}}}
2017-07-14 20:28:06	done	@telkomsel;2017-07-07 - 2017-07-13;submitOthers;all;alanmr
2017-07-14 20:28:09	done	@telkomsel;2017-07-07 - 2017-07-13;submitOthers;all;alanmr
2017-07-14 20:28:12	done	@telkomsel;2017-07-07 - 2017-07-13;submitOthers;all;alanmr
2017-07-14 20:28:19	done	@telkomsel;2017-07-07 - 2017-07-13;submitOthers;all;alanmr
2017-07-14 20:28:21	worker	@wego;2017-07-07 - 2017-07-13;submitOthers;all;alanmr	@wego;2017-07-07 - 2017-07-13;submitOthers;all;alanmr
2017-07-14 20:28:22	done	@wego;2017-07-07 - 2017-07-13;submitOthers;all;alanmr
2017-07-14 20:28:23	done	@wego;2017-07-07 - 2017-07-13;submitOthers;all;alanmr
2017-07-14 20:28:24	done	@telkomsel;2017-07-07 - 2017-07-13;submitOthers;all;alanmr
2017-07-14 20:28:34	worker	@tripadvisor;2017-07-07 - 2017-07-13;submitOthers;all;alanmr	@tripadvisor;2017-07-07 - 2017-07-13;submitOthers;all;alanmr
2017-07-14 20:28:35	done	@tripadvisor;2017-07-07 - 2017-07-13;submitOthers;all;alanmr
2017-07-14 20:28:51	worker	@wego;2017-07-07 - 2017-07-13;submitOthers;all;alanmr	@wego;2017-07-07 - 2017-07-13;submitOthers;all;alanmr
2017-07-14 20:28:52	done	@wego;2017-07-07 - 2017-07-13;submitOthers;all;alanmr
2017-07-14 20:28:57	report	@wego!@agoda!@TripAdvisor!@Telkomsel;07/07/2017 - 07/13/2017;alanmr;submitOthers	{"undefined":{"area":55,"medium":{"2017-07-07":11,"2017-07-08":7,"2017-07-09":10,"2017-07-10":12,"2017-07-11":5,"2017-07-12":6,"2017-07-13":4},"unique_screenname":39,"dev":{"Iphone":17,"Android":10,"Web":14,"Blackberry":0},"loc":{"Jakarta":1,"Depok":0,"Bogor":0,"Tangerang":0,"Bekasi":0},"sentimen":{"goodwords":0.15,"badwords":0.1,"netral":99.76},"ER":0.04,"ER_daily":{"2017-07-07":0.06,"2017-07-08":0.04,"2017-07-09":0.05,"2017-07-10":0.06,"2017-07-11":0.03,"2017-07-12":0.03,"2017-07-13":0.02}},"@wego":{"area":29,"medium":{"2017-07-07":7,"2017-07-08":2,"2017-07-09":9,"2017-07-10":3,"2017-07-11":4,"2017-07-12":3,"2017-07-13":1},"unique_screenname":24,"dev":{"Iphone":12,"Android":10,"Web":4,"Blackberry":0},"loc":{"Jakarta":1,"Depok":0,"Bogor":0,"Tangerang":0,"Bekasi":0},"sentimen":{"goodwords":0,"badwords":0,"netral":100},"ER":0.02,"ER_daily":{"2017-07-07":0.04,"2017-07-08":0.01,"2017-07-09":0.05,"2017-07-10":0.02,"2017-07-11":0.02,"2017-07-12":0.02,"2017-07-13":0.01}},"@agoda":{"area":29,"medium":{"2017-07-07":7,"2017-07-08":2,"2017-07-09":9,"2017-07-10":3,"2017-07-11":4,"2017-07-12":3,"2017-07-13":1},"unique_screenname":24,"dev":{"Iphone":12,"Android":10,"Web":4,"Blackberry":0},"loc":{"Jakarta":1,"Depok":0,"Bogor":0,"Tangerang":0,"Bekasi":0},"sentimen":{"goodwords":0,"badwords":0,"netral":100},"ER":0.02,"ER_daily":{"2017-07-07":0.04,"2017-07-08":0.01,"2017-07-09":0.05,"2017-07-10":0.02,"2017-07-11":0.02,"2017-07-12":0.02,"2017-07-13":0.01}},"@TripAdvisor":{"area":29,"medium":{"2017-07-07":7,"2017-07-08":2,"2017-07-09":9,"2017-07-10":3,"2017-07-11":4,"2017-07-12":3,"2017-07-13":1},"unique_screenname":24,"dev":{"Iphone":12,"Android":10,"Web":4,"Blackberry":0},"loc":{"Jakarta":1,"Depok":0,"Bogor":0,"Tangerang":0,"Bekasi":0},"sentimen":{"goodwords":0,"badwords":0,"netral":100},"ER":0.02,"ER_daily":{"2017-07-07":0.04,"2017-07-08":0.01,"2017-07-09":0.05,"2017-07-10":0.02,"2017-07-11":0.02,"2017-07-12":0.02,"2017-07-13":0.01}},"@Telkomsel":{"area":8627,"medium":{"2017-07-07":1143,"2017-07-08":1023,"2017-07-09":1319,"2017-07-10":1863,"2017-07-11":1083,"2017-07-12":1163,"2017-07-13":1033},"unique_screenname":4282,"dev":{"Iphone":1168,"Android":4630,"Web":1127,"Blackberry":113},"loc":{"Jakarta":798,"Depok":79,"Bogor":96,"Tangerang":127,"Bekasi":121},"sentimen":{"goodwords":4.13,"badwords":2.62,"netral":93.25},"ER":0.1,"ER_daily":{"2017-07-07":0.09,"2017-07-08":0.08,"2017-07-09":0.11,"2017-07-10":0.15,"2017-07-11":0.09,"2017-07-12":0.09,"2017-07-13":0.08}}}
2017-07-14 20:29:06	worker	@tripadvisor;2017-07-07 - 2017-07-13;submitOthers;all;alanmr	@tripadvisor;2017-07-07 - 2017-07-13;submitOthers;all;alanmr
2017-07-14 20:29:07	done	@tripadvisor;2017-07-07 - 2017-07-13;submitOthers;all;alanmr
2017-07-14 20:29:16	report	@wego!@agoda!@TripAdvisor!@Telkomsel;07/07/2017 - 07/13/2017;alanmr;submitOthers	{"undefined":{"area":55,"medium":{"2017-07-07":11,"2017-07-08":7,"2017-07-09":10,"2017-07-10":12,"2017-07-11":5,"2017-07-12":6,"2017-07-13":4},"unique_screenname":39,"dev":{"Iphone":17,"Android":10,"Web":14,"Blackberry":0},"loc":{"Jakarta":1,"Depok":0,"Bogor":0,"Tangerang":0,"Bekasi":0},"sentimen":{"goodwords":0.15,"badwords":0.1,"netral":99.76},"ER":0.04,"ER_daily":{"2017-07-07":0.06,"2017-07-08":0.04,"2017-07-09":0.05,"2017-07-10":0.06,"2017-07-11":0.03,"2017-07-12":0.03,"2017-07-13":0.02}},"@wego":{"area":29,"medium":{"2017-07-07":7,"2017-07-08":2,"2017-07-09":9,"2017-07-10":3,"2017-07-11":4,"2017-07-12":3,"2017-07-13":1},"unique_screenname":24,"dev":{"Iphone":12,"Android":10,"Web":4,"Blackberry":0},"loc":{"Jakarta":1,"Depok":0,"Bogor":0,"Tangerang":0,"Bekasi":0},"sentimen":{"goodwords":0,"badwords":0,"netral":100},"ER":0.02,"ER_daily":{"2017-07-07":0.04,"2017-07-08":0.01,"2017-07-09":0.05,"2017-07-10":0.02,"2017-07-11":0.02,"2017-07-12":0.02,"2017-07-13":0.01}},"@agoda":{"area":29,"medium":{"2017-07-07":7,"2017-07-08":2,"2017-07-09":9,"2017-07-10":3,"2017-07-11":4,"2017-07-12":3,"2017-07-13":1},"unique_screenname":24,"dev":{"Iphone":12,"Android":10,"Web":4,"Blackberry":0},"loc":{"Jakarta":1,"Depok":0,"Bogor":0,"Tangerang":0,"Bekasi":0},"sentimen":{"goodwords":0,"badwords":0,"netral":100},"ER":0.02,"ER_daily":{"2017-07-07":0.04,"2017-07-08":0.01,"2017-07-09":0.05,"2017-07-10":0.02,"2017-07-11":0.02,"2017-07-12":0.02,"2017-07-13":0.01}},"@TripAdvisor":{"area":29,"medium":{"2017-07-07":7,"2017-07-08":2,"2017-07-09":9,"2017-07-10":3,"2017-07-11":4,"2017-07-12":3,"2017-07-13":1},"unique_screenname":24,"dev":{"Iphone":12,"Android":10,"Web":4,"Blackberry":0},"loc":{"Jakarta":1,"Depok":0,"Bogor":0,"Tangerang":0,"Bekasi":0},"sentimen":{"goodwords":0,"badwords":0,"netral":100},"ER":0.02,"ER_daily":{"2017-07-07":0.04,"2017-07-08":0.01,"2017-07-09":0.05,"2017-07-10":0.02,"2017-07-11":0.02,"2017-07-12":0.02,"2017-07-13":0.01}},"@Telkomsel":{"area":29,"medium":{"2017-07-07":7,"2017-07-08":2,"2017-07-09":9,"2017-07-10":3,"2017-07-11":4,"2017-07-12":3,"2017-07-13":1},"unique_screenname":24,"dev":{"Iphone":12,"Android":10,"Web":4,"Blackberry":0},"loc":{"Jakarta":1,"Depok":0,"Bogor":0,"Tangerang":0,"Bekasi":0},"sentimen":{"goodwords":0,"badwords":0,"netral":100},"ER":0.02,"ER_daily":{"2017-07-07":0.04,"2017-07-08":0.01,"2017-07-09":0.05,"2017-07-10":0.02,"2017-07-11":0.02,"2017-07-12":0.02,"2017-07-13":0.01}}}
2017-07-14 20:29:20	worker	@tripadvisor;2017-07-07 - 2017-07-13;submitOthers;all;alanmr	@tripadvisor;2017-07-07 - 2017-07-13;submitOthers;all;alanmr
2017-07-14 20:29:22	worker	lanmr
2017-07-14 20:29:23	done	@tripadvisor;2017-07-07 - 2017-07-13;submitOthers;all;alanmr
2017-07-14 20:29:35	worker	@jakartavenue;2017-07-07 - 2017-07-13;submitOthers;all;alanmr	@jakartavenue;2017-07-07 - 2017-07-13;submitOthers;all;alanmr
2017-07-14 20:29:36	done	@jakartavenue;2017-07-07 - 2017-07-13;submitOthers;all;alanmr
2017-07-14 20:29:48	worker	@synergism_en;2017-07-07 - 2017-07-13;submitOthers;all;alanmr	@synergism_en;2017-07-07 - 2017-07-13;submitOthers;all;alanmr
2017-07-14 20:29:49	done	@synergism_en;2017-07-07 - 2017-07-13;submitOthers;all;alanmr
2017-07-14 20:30:01	worker	@airasiaid;2017-07-07 - 2017-07-13;submitOthers;all;alanmr	@airasiaid;2017-07-07 - 2017-07-13;submitOthers;all;alanmr
2017-07-14 20:30:02	done	@airasiaid;2017-07-07 - 2017-07-13;submitOthers;all;alanmr
2017-07-14 20:30:05	done	@telkomsel;2017-07-07 - 2017-07-13;submitOthers;all;alanmr
2017-07-14 20:30:06	done	@jakartavenue;2017-07-07 - 2017-07-13;submitOthers;all;alanmr
2017-07-14 20:30:07	done	@synergism_en;2017-07-07 - 2017-07-13;submitOthers;all;alanmr
2017-07-14 20:30:08	done	@airasiaid;2017-07-07 - 2017-07-13;submitOthers;all;alanmr
2017-07-14 20:30:11	done	@telkomsel;2017-07-07 - 2017-07-13;submitOthers;all;alanmr
2017-07-14 20:30:12	done	@jakartavenue;2017-07-07 - 2017-07-13;submitOthers;all;alanmr
2017-07-14 20:30:13	done	@synergism_en;2017-07-07 - 2017-07-13;submitOthers;all;alanmr
2017-07-14 20:30:14	done	@airasiaid;2017-07-07 - 2017-07-13;submitOthers;all;alanmr
2017-07-14 20:30:18	worker	@debabaz;2017-07-07 - 2017-07-13;submitOthers;all;alanmr	@debabaz;2017-07-07 - 2017-07-13;submitOthers;all;alanmr
2017-07-14 20:30:19	done	@debabaz;2017-07-07 - 2017-07-13;submitOthers;all;alanmr
2017-07-14 20:30:24	done	@telkomsel;2017-07-07 - 2017-07-13;submitOthers;all;alanmr
2017-07-14 20:30:25	done	@jakartavenue;2017-07-07 - 2017-07-13;submitOthers;all;alanmr
2017-07-14 20:30:26	done	@synergism_en;2017-07-07 - 2017-07-13;submitOthers;all;alanmr
2017-07-14 20:30:27	done	@airasiaid;2017-07-07 - 2017-07-13;submitOthers;all;alanmr
2017-07-14 20:30:28	done	@telkomsel;2017-07-07 - 2017-07-13;submitOthers;all;alanmr
2017-07-14 20:30:29	done	@jakartavenue;2017-07-07 - 2017-07-13;submitOthers;all;alanmr
2017-07-14 20:30:30	done	@synergism_en;2017-07-07 - 2017-07-13;submitOthers;all;alanmr
2017-07-14 20:30:31	done	@airasiaid;2017-07-07 - 2017-07-13;submitOthers;all;alanmr
2017-07-14 20:30:31	worker	@jakartavenue;2017-07-07 - 2017-07-13;submitOthers;all;alanmr	@jakartavenue;2017-07-07 - 2017-07-13;submitOthers;all;alanmr
2017-07-14 20:30:34	done	@telkomsel;2017-07-07 - 2017-07-13;submitOthers;all;alanmr
2017-07-14 20:30:35	done	@jakartavenue;2017-07-07 - 2017-07-13;submitOthers;all;alanmr
2017-07-14 20:30:36	done	@synergism_en;2017-07-07 - 2017-07-13;submitOthers;all;alanmr
2017-07-14 20:30:37	done	@airasiaid;2017-07-07 - 2017-07-13;submitOthers;all;alanmr
2017-07-14 20:30:38	done	@jakartavenue;2017-07-07 - 2017-07-13;submitOthers;all;alanmr
2017-07-14 20:30:45	worker	@synergism_en;2017-07-07 - 2017-07-13;submitOthers;all;alanmr	@synergism_en;2017-07-07 - 2017-07-13;submitOthers;all;alanmr
2017-07-14 20:30:45	done	@synergism_en;2017-07-07 - 2017-07-13;submitOthers;all;alanmr
2017-07-14 20:30:50	report	@Telkomsel!@JakartaVenue!@synergism_En!@AirAsiaID;07/07/2017 - 07/13/2017;alanmr;submitOthers	{"undefined":{"area":55,"medium":{"2017-07-07":11,"2017-07-08":7,"2017-07-09":10,"2017-07-10":12,"2017-07-11":5,"2017-07-12":6,"2017-07-13":4},"unique_screenname":39,"dev":{"Iphone":17,"Android":10,"Web":14,"Blackberry":0},"loc":{"Jakarta":1,"Depok":0,"Bogor":0,"Tangerang":0,"Bekasi":0},"sentimen":{"goodwords":0.15,"badwords":0.1,"netral":99.76},"ER":0.04,"ER_daily":{"2017-07-07":0.06,"2017-07-08":0.04,"2017-07-09":0.05,"2017-07-10":0.06,"2017-07-11":0.03,"2017-07-12":0.03,"2017-07-13":0.02}},"@Telkomsel":{"area":8627,"medium":{"2017-07-07":1143,"2017-07-08":1023,"2017-07-09":1319,"2017-07-10":1863,"2017-07-11":1083,"2017-07-12":1163,"2017-07-13":1033},"unique_screenname":4282,"dev":{"Iphone":1168,"Android":4630,"Web":1127,"Blackberry":113},"loc":{"Jakarta":798,"Depok":79,"Bogor":96,"Tangerang":127,"Bekasi":121},"sentimen":{"goodwords":4.13,"badwords":2.62,"netral":93.25},"ER":0.1,"ER_daily":{"2017-07-07":0.09,"2017-07-08":0.08,"2017-07-09":0.11,"2017-07-10":0.15,"2017-07-11":0.09,"2017-07-12":0.09,"2017-07-13":0.08}},"@JakartaVenue":{"area":8627,"medium":{"2017-07-07":1143,"2017-07-08":1023,"2017-07-09":1319,"2017-07-10":1863,"2017-07-11":1083,"2017-07-12":1163,"2017-07-13":1033},"unique_screenname":4282,"dev":{"Iphone":1168,"Android":4630,"Web":1127,"Blackberry":113},"loc":{"Jakarta":798,"Depok":79,"Bogor":96,"Tangerang":127,"Bekasi":121},"sentimen":{"goodwords":4.13,"badwords":2.62,"netral":93.25},"ER":0.1,"ER_daily":{"2017-07-07":0.09,"2017-07-08":0.08,"2017-07-09":0.11,"2017-07-10":0.15,"2017-07-11":0.09,"2017-07-12":0.09,"2017-07-13":0.08}},"@synergism_En":{"area":8627,"medium":{"2017-07-07":1143,"2017-07-08":1023,"2017-07-09":1319,"2017-07-10":1863,"2017-07-11":1083,"2017-07-12":1163,"2017-07-13":1033},"unique_screenname":4282,"dev":{"Iphone":1168,"Android":4630,"Web":1127,"Blackberry":113},"loc":{"Jakarta":798,"Depok":79,"Bogor":96,"Tangerang":127,"Bekasi":121},"sentimen":{"goodwords":4.13,"badwords":2.62,"netral":93.25},"ER":0.1,"ER_daily":{"2017-07-07":0.09,"2017-07-08":0.08,"2017-07-09":0.11,"2017-07-10":0.15,"2017-07-11":0.09,"2017-07-12":0.09,"2017-07-13":0.08}},"@AirAsiaID":{"area":8627,"medium":{"2017-07-07":1143,"2017-07-08":1023,"2017-07-09":1319,"2017-07-10":1863,"2017-07-11":1083,"2017-07-12":1163,"2017-07-13":1033},"unique_screenname":4282,"dev":{"Iphone":1168,"Android":4630,"Web":1127,"Blackberry":113},"loc":{"Jakarta":798,"Depok":79,"Bogor":96,"Tangerang":127,"Bekasi":121},"sentimen":{"goodwords":4.13,"badwords":2.62,"netral":93.25},"ER":0.1,"ER_daily":{"2017-07-07":0.09,"2017-07-08":0.08,"2017-07-09":0.11,"2017-07-10":0.15,"2017-07-11":0.09,"2017-07-12":0.09,"2017-07-13":0.08}}}
2017-07-14 20:31:00	worker	@airasiaid;2017-07-07 - 2017-07-13;submitOthers;all;alanmr	@airasiaid;2017-07-07 - 2017-07-13;submitOthers;all;alanmr
2017-07-14 20:31:00	done	@airasiaid;2017-07-07 - 2017-07-13;submitOthers;all;alanmr
2017-07-14 20:31:19	done	@telkomsel;2017-07-07 - 2017-07-13;submitOthers;all;alanmr
2017-07-14 20:31:22	done	@telkomsel;2017-07-07 - 2017-07-13;submitOthers;all;alanmr
2017-07-14 20:32:08	worker	@987genfm;2017-07-07 - 2017-07-13;submitRadio;all;alanmr	@987genfm;2017-07-07 - 2017-07-13;submitRadio;all;alanmr
2017-07-14 20:32:09	done	@987genfm;2017-07-07 - 2017-07-13;submitRadio;all;alanmr
2017-07-14 20:32:22	worker	@prambors;2017-07-07 - 2017-07-13;submitRadio;all;alanmr	@prambors;2017-07-07 - 2017-07-13;submitRadio;all;alanmr
2017-07-14 20:32:22	done	@prambors;2017-07-07 - 2017-07-13;submitRadio;all;alanmr
