2017-02-06 05:00:18	worker	@987genfm;2017-02-04 - 2017-02-04;submitSocial;all;arwin
2017-02-06 05:00:34	worker	@101jakfm;2017-02-04 - 2017-02-04;submitSocial;all;arwin
2017-02-06 05:00:50	worker	@prambors;2017-02-04 - 2017-02-04;submitSocial;all;arwin
2017-02-06 05:01:05	worker	@hardrockfm;2017-02-04 - 2017-02-04;submitSocial;all;arwin
2017-02-06 05:01:20	worker	@kisfmjakarta;2017-02-04 - 2017-02-04;submitSocial;all;arwin
2017-02-06 05:01:36	worker	@delta_fm;2017-02-04 - 2017-02-04;submitSocial;all;arwin
2017-02-06 05:01:51	worker	@traxfmjkt;2017-02-04 - 2017-02-04;submitSocial;all;arwin
2017-02-06 05:02:06	worker	@iradiojakarta;2017-02-04 - 2017-02-04;submitSocial;all;arwin
2017-02-06 05:02:21	worker	@indika9160fm;2017-02-04 - 2017-02-04;submitSocial;all;arwin
2017-02-06 05:02:35	worker	@shellindonesia;2017-02-04 - 2017-02-04;submitSocial;all;arwin
2017-02-06 05:02:51	worker	@vpowerfans;2017-02-04 - 2017-02-04;submitSocial;all;arwin
2017-02-06 05:03:06	worker	@pertamaxind;2017-02-04 - 2017-02-04;submitSocial;all;arwin
2017-02-06 05:03:21	worker	@ptpertamina;2017-02-04 - 2017-02-04;submitSocial;all;arwin
2017-02-06 05:03:35	worker	@OZRadioJakarta;2017-02-04 - 2017-02-04;submitSocial;all;arwin
2017-02-06 05:03:50	worker	@CosmopolitanFM;2017-02-04 - 2017-02-04;submitSocial;all;arwin
2017-02-06 05:04:05	worker	@mustang88fm;2017-02-04 - 2017-02-04;submitSocial;all;arwin
2017-02-06 05:04:19	worker	@debabaz;2017-02-04 - 2017-02-04;submitSocial;all;arwin
2017-02-06 05:04:35	worker	@detikcom;2017-02-04 - 2017-02-04;submitSocial;all;arwin
2017-02-06 05:04:50	worker	@radioelshinta;2017-02-04 - 2017-02-04;submitSocial;all;arwin
2017-02-06 05:05:06	worker	@cinema21;2017-02-04 - 2017-02-04;submitSocial;all;arwin
2017-02-06 05:05:22	worker	@OfficialRCTI;2017-02-04 - 2017-02-04;submitSocial;all;arwin
2017-02-06 05:05:38	worker	@TRANSTV_CORP;2017-02-04 - 2017-02-04;submitSocial;all;arwin
2017-02-06 05:05:53	worker	@TRANS7;2017-02-04 - 2017-02-04;submitSocial;all;arwin
2017-02-06 05:06:09	worker	@Metro_TV;2017-02-04 - 2017-02-04;submitSocial;all;arwin
2017-02-06 05:06:24	worker	@tvOneNews;2017-02-04 - 2017-02-04;submitSocial;all;arwin
2017-02-06 05:06:38	worker	@whatsonANTV;2017-02-04 - 2017-02-04;submitSocial;all;arwin
2017-02-06 05:06:55	worker	@SCTV_;2017-02-04 - 2017-02-04;submitSocial;all;arwin
2017-02-06 05:07:09	worker	@KompasTV;2017-02-04 - 2017-02-04;submitSocial;all;arwin
2017-02-06 05:07:25	worker	@netmediatama;2017-02-04 - 2017-02-04;submitSocial;all;arwin
2017-02-06 05:07:40	worker	@Globaltvseru;2017-02-04 - 2017-02-04;submitSocial;all;arwin
2017-02-06 05:07:55	worker	@JaktvCom;2017-02-04 - 2017-02-04;submitSocial;all;arwin
2017-02-06 05:08:10	worker	@TVRINasional;2017-02-04 - 2017-02-04;submitSocial;all;arwin
2017-02-06 05:08:25	worker	@ochannelupdates;2017-02-04 - 2017-02-04;submitSocial;all;arwin
2017-02-06 05:08:40	worker	@IndosiarID;2017-02-04 - 2017-02-04;submitSocial;all;arwin
2017-02-06 05:08:57	worker	@kompascom;2017-02-04 - 2017-02-04;submitSocial;all;arwin
2017-02-06 05:09:12	worker	@merdekadotcom;2017-02-04 - 2017-02-04;submitSocial;all;arwin
2017-02-06 05:09:27	worker	@MIdotcom;2017-02-04 - 2017-02-04;submitSocial;all;arwin
2017-02-06 05:09:42	worker	@tempodotco;2017-02-04 - 2017-02-04;submitSocial;all;arwin
2017-02-06 05:09:57	worker	@motion975fm;2017-02-04 - 2017-02-04;submitSocial;all;arwin
2017-02-06 05:10:13	worker	@_radiotoday;2017-02-04 - 2017-02-04;submitSocial;all;arwin
2017-02-06 05:10:29	worker	@radioinfo;2017-02-04 - 2017-02-04;submitSocial;all;arwin
2017-02-06 05:10:44	worker	@979FeMaleRadio;2017-02-04 - 2017-02-04;submitSocial;all;arwin
2017-02-06 05:10:59	worker	@WomanRadio943FM;2017-02-04 - 2017-02-04;submitSocial;all;arwin
2017-02-06 05:11:15	worker	@VRadioFM;2017-02-04 - 2017-02-04;submitSocial;all;arwin
2017-02-06 05:11:30	worker	@UFM947;2017-02-04 - 2017-02-04;submitSocial;all;arwin
2017-02-06 05:11:45	worker	@VIVAnews;2017-02-04 - 2017-02-04;submitSocial;all;arwin
2017-02-06 05:12:00	worker	@antaranews;2017-02-04 - 2017-02-04;submitSocial;all;arwin
2017-02-06 05:12:16	worker	@tribunnews;2017-02-04 - 2017-02-04;submitSocial;all;arwin
2017-02-06 05:12:32	worker	@okezonenews;2017-02-04 - 2017-02-04;submitSocial;all;arwin
2017-02-06 05:12:48	worker	@Beritasatu;2017-02-04 - 2017-02-04;submitSocial;all;arwin
2017-02-06 05:13:03	worker	@rollingstoneina;2017-02-04 - 2017-02-04;submitSocial;all;arwin
2017-02-06 05:13:18	worker	@FIMELAdotcom;2017-02-04 - 2017-02-04;submitSocial;all;arwin
2017-02-06 05:13:32	worker	@KapanLagicom;2017-02-04 - 2017-02-04;submitSocial;all;arwin
2017-02-06 05:13:47	worker	@KompasEnt ;2017-02-04 - 2017-02-04;submitSocial;all;arwin
2017-02-06 05:14:02	worker	@HaiMagazine;2017-02-04 - 2017-02-04;submitSocial;all;arwin
2017-02-06 05:14:16	worker	@JakartaVenue;2017-02-04 - 2017-02-04;submitSocial;all;arwin
2017-02-06 05:14:31	worker	@SeputarEvent;2017-02-04 - 2017-02-04;submitSocial;all;arwin
2017-02-06 05:14:46	worker	@ismayaLive;2017-02-04 - 2017-02-04;submitSocial;all;arwin
2017-02-06 05:15:01	worker	@ECEntertainment;2017-02-04 - 2017-02-04;submitSocial;all;arwin
2017-02-06 05:15:16	worker	@synergism_En;2017-02-04 - 2017-02-04;submitSocial;all;arwin
2017-02-06 05:15:31	worker	@Urbanbandung;2017-02-04 - 2017-02-04;submitSocial;all;arwin
2017-02-06 05:15:45	worker	@Urbanrkm995;2017-02-04 - 2017-02-04;submitSocial;all;arwin
2017-02-06 05:16:00	worker	@Garuda_Promo;2017-02-04 - 2017-02-04;submitSocial;all;arwin
2017-02-06 05:16:15	worker	@AirAsiaID;2017-02-04 - 2017-02-04;submitSocial;all;arwin
2017-02-06 05:16:29	worker	@KAI121;2017-02-04 - 2017-02-04;submitSocial;all;arwin
2017-02-06 05:16:45	worker	@Unilever;2017-02-04 - 2017-02-04;submitSocial;all;arwin
2017-02-06 05:17:00	worker	@Nestle;2017-02-04 - 2017-02-04;submitSocial;all;arwin
2017-02-06 05:17:16	worker	@CocaCola;2017-02-04 - 2017-02-04;submitSocial;all;arwin
2017-02-06 05:17:34	worker	@CNN;2017-02-04 - 2017-02-04;submitSocial;all;arwin
2017-02-06 05:17:51	worker	@MTV;2017-02-04 - 2017-02-04;submitSocial;all;arwin
2017-02-06 05:18:05	worker	@channelv;2017-02-04 - 2017-02-04;submitSocial;all;arwin
2017-02-06 05:18:20	worker	@iTunesMusic;2017-02-04 - 2017-02-04;submitSocial;all;arwin
2017-02-06 05:18:37	worker	@mashable;2017-02-04 - 2017-02-04;submitSocial;all;arwin
2017-02-06 05:18:52	worker	@decacaz;2017-02-04 - 2017-02-04;submitSocial;all;arwin
2017-02-06 05:19:07	worker	@radiobaru967FM;2017-02-04 - 2017-02-04;submitSocial;all;arwin
2017-02-06 05:19:21	worker	@967HitzFM;2017-02-04 - 2017-02-04;submitSocial;all;arwin
2017-02-06 05:19:36	worker	@TVGuide;2017-02-04 - 2017-02-04;submitSocial;all;arwin
2017-02-06 05:19:51	worker	@XL123;2017-02-04 - 2017-02-04;submitSocial;all;arwin
2017-02-06 05:20:07	worker	@triindonesia;2017-02-04 - 2017-02-04;submitSocial;all;arwin
2017-02-06 05:20:23	worker	@kaskus;2017-02-04 - 2017-02-04;submitSocial;all;arwin
2017-02-06 05:20:37	worker	@Studio_XXI;2017-02-04 - 2017-02-04;submitSocial;all;arwin
2017-02-06 05:20:52	worker	@blitzmegaplex;2017-02-04 - 2017-02-04;submitSocial;all;arwin
2017-02-06 05:21:07	worker	@alfamartku;2017-02-04 - 2017-02-04;submitSocial;all;arwin
2017-02-06 05:21:22	worker	@Carrefour_ID;2017-02-04 - 2017-02-04;submitSocial;all;arwin
2017-02-06 05:21:38	worker	@BBCBreaking;2017-02-04 - 2017-02-04;submitSocial;all;arwin
2017-02-06 05:21:58	worker	@Forbes;2017-02-04 - 2017-02-04;submitSocial;all;arwin
2017-02-06 05:22:13	worker	@BensRadio;2017-02-04 - 2017-02-04;submitSocial;all;arwin
2017-02-06 05:22:30	worker	@instagram;2017-02-04 - 2017-02-04;submitSocial;all;arwin
2017-02-06 05:22:46	worker	@Pinterest;2017-02-04 - 2017-02-04;submitSocial;all;arwin
2017-02-06 05:23:05	worker	@google;2017-02-04 - 2017-02-04;submitSocial;all;arwin
2017-02-06 05:23:20	worker	@Pertaminalub;2017-02-04 - 2017-02-04;submitSocial;all;arwin
2017-02-06 05:23:34	worker	@InfoLalinTol;2017-02-04 - 2017-02-04;submitSocial;all;arwin
2017-02-06 05:23:49	worker	@PTJASAMARGA;2017-02-04 - 2017-02-04;submitSocial;all;arwin
2017-02-06 05:24:04	worker	@cititransindo;2017-02-04 - 2017-02-04;submitSocial;all;arwin
2017-02-06 05:24:18	worker	#semangatpagisuperr;2017-02-04 - 2017-02-04;submitSocial;all;arwin
2017-02-06 05:24:33	worker	#genkuisinsideout;2017-02-04 - 2017-02-04;submitSocial;all;arwin
2017-02-06 05:24:48	worker	#semangatpagi;2017-02-04 - 2017-02-04;submitSocial;all;arwin
2017-02-06 05:25:04	worker	#dikamar;2017-02-04 - 2017-02-04;submitSocial;all;arwin
2017-02-06 05:25:20	worker	#kopaja;2017-02-04 - 2017-02-04;submitSocial;all;arwin
2017-02-06 05:25:34	worker	#generaksi8;2017-02-04 - 2017-02-04;submitSocial;all;arwin
2017-02-06 05:25:49	worker	#hitztsp;2017-02-04 - 2017-02-04;submitSocial;all;arwin
2017-02-06 05:26:05	worker	#np;2017-02-04 - 2017-02-04;submitSocial;all;arwin
2017-02-06 05:26:20	worker	#hitzlivestage;2017-02-04 - 2017-02-04;submitSocial;all;arwin
2017-02-06 05:26:35	worker	#thefreaks;2017-02-04 - 2017-02-04;submitSocial;all;arwin
2017-02-06 05:26:50	worker	#hitzsirkuspagi;2017-02-04 - 2017-02-04;submitSocial;all;arwin
2017-02-06 05:27:04	worker	#hitzathlon;2017-02-04 - 2017-02-04;submitSocial;all;arwin
2017-02-06 05:27:19	worker	#hitzzombie;2017-02-04 - 2017-02-04;submitSocial;all;arwin
2017-02-06 05:27:34	worker	#hitzkalong;2017-02-04 - 2017-02-04;submitSocial;all;arwin
2017-02-06 05:27:49	worker	#hitzbebas;2017-02-04 - 2017-02-04;submitSocial;all;arwin
2017-02-06 05:28:04	worker	#hitzhorehara;2017-02-04 - 2017-02-04;submitSocial;all;arwin
2017-02-06 05:28:18	worker	@ZaloraID;2017-02-04 - 2017-02-04;submitSocial;all;arwin
2017-02-06 05:28:33	worker	@OLX_Indonesia;2017-02-04 - 2017-02-04;submitSocial;all;arwin
2017-02-06 05:28:48	worker	@LazadaID;2017-02-04 - 2017-02-04;submitSocial;all;arwin
2017-02-06 05:29:03	worker	@utrippers;2017-02-04 - 2017-02-04;submitSocial;all;arwin
2017-02-06 05:29:18	worker	@GoGobot;2017-02-04 - 2017-02-04;submitSocial;all;arwin
2017-02-06 05:29:33	worker	@viatortravel;2017-02-04 - 2017-02-04;submitSocial;all;arwin
2017-02-06 05:29:48	worker	@alandakariza;2017-02-04 - 2017-02-04;submitSocial;all;arwin
2017-02-06 05:30:03	worker	@gagasmedia;2017-02-04 - 2017-02-04;submitSocial;all;arwin
2017-02-06 05:30:18	worker	@welovehonda;2017-02-04 - 2017-02-04;submitSocial;all;arwin
2017-02-06 05:30:33	worker	@SuzukiMotorID;2017-02-04 - 2017-02-04;submitSocial;all;arwin
2017-02-06 05:30:49	worker	@kawasakilovers;2017-02-04 - 2017-02-04;submitSocial;all;arwin
2017-02-06 05:31:03	worker	@yamahaindonesia;2017-02-04 - 2017-02-04;submitSocial;all;arwin
2017-02-06 05:31:18	worker	@tripanzee;2017-02-04 - 2017-02-04;submitSocial;all;arwin
2017-02-06 05:31:33	worker	@arnoldpoernomo;2017-02-04 - 2017-02-04;submitSocial;all;arwin
2017-02-06 05:31:47	worker	@nicsap;2017-02-04 - 2017-02-04;submitSocial;all;arwin
2017-02-06 05:32:02	worker	@tiket2;2017-02-04 - 2017-02-04;submitSocial;all;arwin
2017-02-06 05:32:16	worker	@traveloka;2017-02-04 - 2017-02-04;submitSocial;all;arwin
2017-02-06 05:32:32	worker	@wego;2017-02-04 - 2017-02-04;submitSocial;all;arwin
2017-02-06 05:32:48	worker	@agoda;2017-02-04 - 2017-02-04;submitSocial;all;arwin
2017-02-06 05:33:03	worker	#salahsambung;2017-02-04 - 2017-02-04;submitSocial;all;arwin
2017-02-06 05:33:17	worker	#tulalit;2017-02-04 - 2017-02-04;submitSocial;all;arwin
2017-02-06 05:33:31	worker	#pestageneraksi8;2017-02-04 - 2017-02-04;submitSocial;all;arwin
2017-02-06 05:33:46	worker	#ganaskustik;2017-02-04 - 2017-02-04;submitSocial;all;arwin
2017-02-06 05:34:00	worker	#lnhot20;2017-02-04 - 2017-02-04;submitSocial;all;arwin
2017-02-06 05:34:15	worker	@TripAdvisor;2017-02-04 - 2017-02-04;submitSocial;all;arwin
2017-02-06 05:34:33	worker	@google;2017-02-04 - 2017-02-04;submitSocial;all;arwin
2017-02-06 05:34:49	worker	@Telkomsel;2017-02-04 - 2017-02-04;submitSocial;all;arwin
2017-02-06 05:35:04	worker	@indosat;2017-02-04 - 2017-02-04;submitSocial;all;arwin
2017-02-06 05:35:29	worker	@bahanafmjkt;2017-02-04 - 2017-02-04;submitSocial;all;2017-02-06 05:35:46	worker	@sonorafm92;2017-02-04 - 2017-02-04;submitSocial;all;arwin
2017-02-06 05:36:00	worker	@litefm1058;2017-02-04 - 2017-02-04;submitSocial;all;arwin
2017-02-06 05:36:14	worker	@Bravaradio;2017-02-04 - 2017-02-04;submitSocial;all;arwin
2017-02-06 05:36:29	worker	#dgitm;2017-02-04 - 2017-02-04;submitSocial;all;arwin
2017-02-06 05:36:44	worker	#hitsalaprambors;2017-02-04 - 2017-02-04;submitSocial;all;arwin
2017-02-06 05:36:59	worker	#reqprambors;2017-02-04 - 2017-02-04;submitSocial;all;arwin
2017-02-06 05:37:13	worker	#thedandees;2017-02-04 - 2017-02-04;submitSocial;all;arwin
2017-02-06 05:37:28	worker	#pramborsquiz;2017-02-04 - 2017-02-04;submitSocial;all;arwin
2017-02-06 05:37:42	worker	#jeliprambors;2017-02-04 - 2017-02-04;submitSocial;all;arwin
2017-02-06 05:37:56	worker	#jodohinprambors;2017-02-04 - 2017-02-04;submitSocial;all;arwin
2017-02-06 05:38:11	worker	#ubahdenganbicara;2017-02-04 - 2017-02-04;submitSocial;all;arwin
2017-02-06 05:38:26	worker	#pramborschat;2017-02-04 - 2017-02-04;submitSocial;all;arwin
2017-02-06 05:38:41	worker	#tweetforduit;2017-02-04 - 2017-02-04;submitSocial;all;arwin
2017-02-06 05:38:56	worker	#joki3in1;2017-02-04 - 2017-02-04;submitSocial;all;arwin
2017-02-06 05:39:11	worker	#sarapanseru;2017-02-04 - 2017-02-04;submitSocial;all;arwin
2017-02-06 05:39:26	worker	#rawonkaneloop;2017-02-04 - 2017-02-04;submitSocial;all;arwin
2017-02-06 05:39:40	worker	#gudegkendilkeraton;2017-02-04 - 2017-02-04;submitSocial;all;arwin
2017-02-06 05:39:54	worker	#gadogadobutika;2017-02-04 - 2017-02-04;submitSocial;all;arwin
2017-02-06 05:40:10	worker	#mtvhottest;2017-02-04 - 2017-02-04;submitSocial;all;arwin
2017-02-06 05:40:25	worker	#dimsumcjdw;2017-02-04 - 2017-02-04;submitSocial;all;arwin
2017-02-06 05:40:39	worker	#pecelmadiunmbakniek;2017-02-04 - 2017-02-04;submitSocial;all;arwin
2017-02-06 05:40:55	worker	#depotarema;2017-02-04 - 2017-02-04;submitSocial;all;arwin
2017-02-06 05:41:10	worker	@BNI46;2017-02-04 - 2017-02-04;submitSocial;all;arwin
2017-02-06 05:41:25	worker	@BANKBRI_ID;2017-02-04 - 2017-02-04;submitSocial;all;arwin
2017-02-06 05:41:40	worker	#bni46;2017-02-04 - 2017-02-04;submitSocial;all;arwin
2017-02-06 05:41:57	worker	macet;2017-02-04 - 2017-02-04;submitSocial;all;arwin
2017-02-06 05:42:12	worker	#selamatpagi;2017-02-04 - 2017-02-04;submitSocial;all;arwin
2017-02-06 05:42:27	worker	#selamatmalam;2017-02-04 - 2017-02-04;submitSocial;all;arwin
2017-02-06 05:42:42	worker	@884GlobalRadio;2017-02-04 - 2017-02-04;submitSocial;all;arwin
2017-02-06 05:42:57	worker	@day_trans;2017-02-04 - 2017-02-04;submitSocial;all;arwin
2017-02-06 05:43:12	worker	@kencanavoyage;2017-02-04 - 2017-02-04;submitSocial;all;arwin
2017-02-06 05:43:26	worker	@jukebox5d;2017-02-04 - 2017-02-04;submitSocial;all;arwin
2017-02-06 05:43:41	worker	#mtvhottest;2017-02-04 - 2017-02-04;submitSocial;all;arwin
2017-02-06 05:43:56	worker	#semangatpagi;2017-02-04 - 2017-02-04;submitSocial;all;arwin
2017-02-06 05:44:11	worker	lifebuoy;2017-02-04 - 2017-02-04;submitSocial;all;arwin
2017-02-06 05:44:31	worker	jokowi;2017-02-04 - 2017-02-04;submitSocial;all;arwin
2017-02-06 05:44:54	worker	obama;2017-02-04 - 2017-02-04;submitSocial;all;arwin
2017-02-06 05:45:10	worker	starwars;2017-02-04 - 2017-02-04;submitSocial;all;arwin
2017-02-06 05:45:27	worker	jonan;2017-02-04 - 2017-02-04;submitSocial;all;arwin
2017-02-06 05:45:48	worker	pagi;2017-02-04 - 2017-02-04;submitSocial;all;arwin
2017-02-06 05:46:03	worker	sampoerna;2017-02-04 - 2017-02-04;submitSocial;all;arwin
2017-02-06 05:46:19	worker	djarum;2017-02-04 - 2017-02-04;submitSocial;all;arwin
2017-02-06 05:46:34	worker	#semangatpagi;2017-02-04 - 2017-02-04;submitSocial;all;arwin
2017-02-06 05:46:48	worker	#generaksi8;2017-02-04 - 2017-02-04;submitSocial;all;arwin
2017-02-06 05:47:03	worker	#365alasan;2017-02-04 - 2017-02-04;submitSocial;all;arwin
2017-02-06 05:47:19	worker	weew;2017-02-04 - 2017-02-04;submitSocial;all;arwin
2017-02-06 05:47:40	worker	testing;2017-02-04 - 2017-02-04;submitSocial;all;arwin
2017-02-06 05:47:55	worker	#kopaja;2017-02-04 - 2017-02-04;submitSocial;all;arwin
2017-02-06 05:48:09	worker	#genkuisinsideout;2017-02-04 - 2017-02-04;submitSocial;all;arwin
2017-02-06 05:48:24	worker	starwars;2017-02-04 - 2017-02-04;submitSocial;all;arwin
2017-02-06 05:48:39	worker	#kopaja;2017-02-04 - 2017-02-04;submitSocial;all;arwin
2017-02-06 05:48:54	worker	mldspot;2017-02-04 - 2017-02-04;submitSocial;all;arwin
2017-02-06 05:49:09	worker	PBDjarum;2017-02-04 - 2017-02-04;submitSocial;all;arwin
2017-02-06 05:49:24	worker	TemanNabati;2017-02-04 - 2017-02-04;submitSocial;all;arwin
2017-02-06 05:49:44	worker	Nextar;2017-02-04 - 2017-02-04;submitSocial;all;arwin
2017-02-06 05:50:00	worker	jokowo;2017-02-04 - 2017-02-04;submitSocial;all;arwin
2017-02-06 05:50:16	worker	prabowo;2017-02-04 - 2017-02-04;submitSocial;all;arwin
2017-02-06 05:50:31	worker	sudirman said;2017-02-04 - 2017-02-04;submitSocial;all;arwin
2017-02-06 05:50:53	worker	ahok;2017-02-04 - 2017-02-04;submitSocial;all;arwin
2017-02-06 05:51:08	worker	setyanovanto;2017-02-04 - 2017-02-04;submitSocial;all;arwin
2017-02-06 05:51:28	worker	jokowi;2017-02-04 - 2017-02-04;submitSocial;all;arwin
2017-02-06 05:51:50	worker	ahok;2017-02-04 - 2017-02-04;submitSocial;all;arwin
2017-02-06 05:52:06	worker	prabowo;2017-02-04 - 2017-02-04;submitSocial;all;arwin
2017-02-06 05:52:21	worker	sudirman said;2017-02-04 - 2017-02-04;submitSocial;all;arwin
2017-02-06 05:52:36	worker	setyanovanto;2017-02-04 - 2017-02-04;submitSocial;all;arwin
2017-02-06 05:52:53	worker	galau;2017-02-04 - 2017-02-04;submitSocial;all;arwin
2017-02-06 05:53:08	worker	#prestasiindonesia;2017-02-04 - 2017-02-04;submitSocial;all;arwin
2017-02-06 05:53:23	worker	@Tw_Debi;2017-02-04 - 2017-02-04;submitSocial;all;arwin
2017-02-06 05:53:37	worker	@OfficialFastron;2017-02-04 - 2017-02-04;submitSocial;all;arwin
2017-02-06 05:53:52	worker	@CitibankID;2017-02-04 - 2017-02-04;submitSocial;all;arwin
