2017-11-02 05:00:07	worker	@987genfm;2017-10-31 - 2017-10-31;submitSocial;all;arwin
2017-11-02 05:00:10	worker	@101jakfm;2017-10-31 - 2017-10-31;submitSocial;all;arwin
2017-11-02 05:00:13	worker	@prambors;2017-10-31 - 2017-10-31;submitSocial;all;arwin
2017-11-02 05:00:16	worker	@hardrockfm;2017-10-31 - 2017-10-31;submitSocial;all;arwin
2017-11-02 05:00:19	worker	@kisfmjakarta;2017-10-31 - 2017-10-31;submitSocial;all;arwin
2017-11-02 05:00:22	worker	@delta_fm;2017-10-31 - 2017-10-31;submitSocial;all;arwin
2017-11-02 05:00:25	worker	@traxfmjkt;2017-10-31 - 2017-10-31;submitSocial;all;arwin
2017-11-02 05:00:28	worker	@iradiojakarta;2017-10-31 - 2017-10-31;submitSocial;all;arwin
2017-11-02 05:00:31	worker	@indika9160fm;2017-10-31 - 2017-10-31;submitSocial;all;arwin
2017-11-02 05:00:33	worker	@shellindonesia;2017-10-31 - 2017-10-31;submitSocial;all;arwin
2017-11-02 05:00:36	worker	@vpowerfans;2017-10-31 - 2017-10-31;submitSocial;all;arwin
2017-11-02 05:00:39	worker	@pertamaxind;2017-10-31 - 2017-10-31;submitSocial;all;arwin
2017-11-02 05:00:42	worker	@ptpertamina;2017-10-31 - 2017-10-31;submitSocial;all;arwin
2017-11-02 05:00:45	worker	@OZRadioJakarta;2017-10-31 - 2017-10-31;submitSocial;all;arwin
2017-11-02 05:00:47	worker	@CosmopolitanFM;2017-10-31 - 2017-10-31;submitSocial;all;arwin
2017-11-02 05:00:50	worker	@mustang88fm;2017-10-31 - 2017-10-31;submitSocial;all;arwin
2017-11-02 05:00:52	worker	@debabaz;2017-10-31 - 2017-10-31;submitSocial;all;arwin
2017-11-02 05:00:57	worker	@detikcom;2017-10-31 - 2017-10-31;submitSocial;all;arwin
2017-11-02 05:01:00	worker	@radioelshinta;2017-10-31 - 2017-10-31;submitSocial;all;arwin
2017-11-02 05:01:03	worker	@cinema21;2017-10-31 - 2017-10-31;submitSocial;all;arwin
2017-11-02 05:01:06	worker	@OfficialRCTI;2017-10-31 - 2017-10-31;submitSocial;all;arwin
2017-11-02 05:01:09	worker	@TRANSTV_CORP;2017-10-31 - 2017-10-31;submitSocial;all;arwin
2017-11-02 05:01:11	worker	@TRANS7;2017-10-31 - 2017-10-31;submitSocial;all;arwin
2017-11-02 05:01:14	worker	@Metro_TV;2017-10-31 - 2017-10-31;submitSocial;all;arwin
2017-11-02 05:01:17	worker	@tvOneNews;2017-10-31 - 2017-10-31;submitSocial;all;arwin
2017-11-02 05:01:20	worker	@whatsonANTV;2017-10-31 - 2017-10-31;submitSocial;all;arwin
2017-11-02 05:01:24	worker	@SCTV_;2017-10-31 - 2017-10-31;submitSocial;all;arwin
2017-11-02 05:01:27	worker	@KompasTV;2017-10-31 - 2017-10-31;submitSocial;all;arwin
2017-11-02 05:01:30	worker	@netmediatama;2017-10-31 - 2017-10-31;submitSocial;all;arwin
2017-11-02 05:01:32	worker	@Globaltvseru;2017-10-31 - 2017-10-31;submitSocial;all;arwin
2017-11-02 05:01:35	worker	@JaktvCom;2017-10-31 - 2017-10-31;submitSocial;all;arwin
2017-11-02 05:01:38	worker	@TVRINasional;2017-10-31 - 2017-10-31;submitSocial;all;arwin
2017-11-02 05:01:41	worker	@ochannelupdates;2017-10-31 - 2017-10-31;submitSocial;all;arwin
2017-11-02 05:01:43	worker	@IndosiarID;2017-10-31 - 2017-10-31;submitSocial;all;arwin
2017-11-02 05:01:48	worker	@kompascom;2017-10-31 - 2017-10-31;submitSocial;all;arwin
2017-11-02 05:01:51	worker	@merdekadotcom;2017-10-31 - 2017-10-31;submitSocial;all;arwin
2017-11-02 05:01:53	worker	@MIdotcom;2017-10-31 - 2017-10-31;submitSocial;all;arwin
2017-11-02 05:01:57	worker	@tempodotco;2017-10-31 - 2017-10-31;submitSocial;all;arwin
2017-11-02 05:01:59	worker	@motion975fm;2017-10-31 - 2017-10-31;submitSocial;all;arwin
2017-11-02 05:02:02	worker	@_radiotoday;2017-10-31 - 2017-10-31;submitSocial;all;arwin
2017-11-02 05:02:04	worker	@radioinfo;2017-10-31 - 2017-10-31;submitSocial;all;arwin
2017-11-02 05:02:07	worker	@979FeMaleRadio;2017-10-31 - 2017-10-31;submitSocial;all;arwin
2017-11-02 05:02:09	worker	@WomanRadio943FM;2017-10-31 - 2017-10-31;submitSocial;all;arwin
2017-11-02 05:02:12	worker	@VRadioFM;2017-10-31 - 2017-10-31;submitSocial;all;arwin
2017-11-02 05:02:14	worker	@UFM947;2017-10-31 - 2017-10-31;submitSocial;all;arwin
2017-11-02 05:02:17	worker	@VIVAnews;2017-10-31 - 2017-10-31;submitSocial;all;arwin
2017-11-02 05:02:20	worker	@antaranews;2017-10-31 - 2017-10-31;submitSocial;all;arwin
2017-11-02 05:02:24	worker	@tribunnews;2017-10-31 - 2017-10-31;submitSocial;all;arwin
2017-11-02 05:02:27	worker	@okezonenews;2017-10-31 - 2017-10-31;submitSocial;all;arwin
2017-11-02 05:02:30	worker	@Beritasatu;2017-10-31 - 2017-10-31;submitSocial;all;arwin
2017-11-02 05:02:32	worker	@rollingstoneina;2017-10-31 - 2017-10-31;submitSocial;all;arwin
2017-11-02 05:02:35	worker	@FIMELAdotcom;2017-10-31 - 2017-10-31;submitSocial;all;arwin
2017-11-02 05:02:37	worker	@KapanLagicom;2017-10-31 - 2017-10-31;submitSocial;all;arwin
2017-11-02 05:02:40	worker	@KompasEnt ;2017-10-31 - 2017-10-31;submitSocial;all;arwin
2017-11-02 05:02:43	worker	@HaiMagazine;2017-10-31 - 2017-10-31;submitSocial;all;arwin
2017-11-02 05:02:45	worker	@JakartaVenue;2017-10-31 - 2017-10-31;submitSocial;all;arwin
2017-11-02 05:02:48	worker	@SeputarEvent;2017-10-31 - 2017-10-31;submitSocial;all;arwin
2017-11-02 05:02:51	worker	@ismayaLive;2017-10-31 - 2017-10-31;submitSocial;all;arwin
2017-11-02 05:02:53	worker	@ECEntertainment;2017-10-31 - 2017-10-31;submitSocial;all;arwin
2017-11-02 05:02:56	worker	@synergism_En;2017-10-31 - 2017-10-31;submitSocial;all;arwin
2017-11-02 05:02:58	worker	@Urbanbandung;2017-10-31 - 2017-10-31;submitSocial;all;arwin
2017-11-02 05:03:00	worker	@Urbanrkm995;2017-10-31 - 2017-10-31;submitSocial;all;arwin
2017-11-02 05:03:03	worker	@Garuda_Promo;2017-10-31 - 2017-10-31;submitSocial;all;arwin
2017-11-02 05:03:05	worker	@AirAsiaID;2017-10-31 - 2017-10-31;submitSocial;all;arwin
2017-11-02 05:03:08	worker	@KAI121;2017-10-31 - 2017-10-31;submitSocial;all;arwin
2017-11-02 05:03:11	worker	@Unilever;2017-10-31 - 2017-10-31;submitSocial;all;arwin
2017-11-02 05:03:15	worker	@Nestle;2017-10-31 - 2017-10-31;submitSocial;all;arwin
2017-11-02 05:03:18	worker	@CocaCola;2017-10-31 - 2017-10-31;submitSocial;all;arwin
2017-11-02 05:03:25	worker	@CNN;2017-10-31 - 2017-10-31;submitSocial;all;arwin
2017-11-02 05:03:29	worker	@MTV;2017-10-31 - 2017-10-31;submitSocial;all;arwin
2017-11-02 05:03:31	worker	@channelv;2017-10-31 - 2017-10-31;submitSocial;all;arwin
2017-11-02 05:03:34	worker	@iTunesMusic;2017-10-31 - 2017-10-31;submitSocial;all;arwin
2017-11-02 05:03:38	worker	@mashable;2017-10-31 - 2017-10-31;submitSocial;all;arwin
2017-11-02 05:03:40	worker	@decacaz;2017-10-31 - 2017-10-31;submitSocial;all;arwin
2017-11-02 05:03:42	worker	@radiobaru967FM;2017-10-31 - 2017-10-31;submitSocial;all;arwin
2017-11-02 05:03:45	worker	@967HitzFM;2017-10-31 - 2017-10-31;submitSocial;all;arwin
2017-11-02 05:03:48	worker	@TVGuide;2017-10-31 - 2017-10-31;submitSocial;all;arwin
2017-11-02 05:03:51	worker	@XL123;2017-10-31 - 2017-10-31;submitSocial;all;arwin
2017-11-02 05:03:54	worker	@triindonesia;2017-10-31 - 2017-10-31;submitSocial;all;arwin
2017-11-02 05:03:57	worker	@kaskus;2017-10-31 - 2017-10-31;submitSocial;all;arwin
2017-11-02 05:03:59	worker	@Studio_XXI;2017-10-31 - 2017-10-31;submitSocial;all;arwin
2017-11-02 05:04:02	worker	@blitzmegaplex;2017-10-31 - 2017-10-31;submitSocial;all;arwin
2017-11-02 05:04:04	worker	@alfamartku;2017-10-31 - 2017-10-31;submitSocial;all;arwin
2017-11-02 05:04:07	worker	@Carrefour_ID;2017-10-31 - 2017-10-31;submitSocial;all;arwin
2017-11-02 05:04:11	worker	@BBCBreaking;2017-10-31 - 2017-10-31;submitSocial;all;arwin
2017-11-02 05:04:18	worker	@Forbes;2017-10-31 - 2017-10-31;submitSocial;all;arwin
2017-11-02 05:04:21	worker	@BensRadio;2017-10-31 - 2017-10-31;submitSocial;all;arwin
2017-11-02 05:04:26	worker	@instagram;2017-10-31 - 2017-10-31;submitSocial;all;arwin
2017-11-02 05:04:30	worker	@Pinterest;2017-10-31 - 2017-10-31;submitSocial;all;arwin
2017-11-02 05:04:38	worker	@google;2017-10-31 - 2017-10-31;submitSocial;all;arwin
2017-11-02 05:04:40	worker	@Pertaminalub;2017-10-31 - 2017-10-31;submitSocial;all;arwin
2017-11-02 05:04:43	worker	@InfoLalinTol;2017-10-31 - 2017-10-31;submitSocial;all;arwin
2017-11-02 05:04:46	worker	@PTJASAMARGA;2017-10-31 - 2017-10-31;submitSocial;all;arwin
2017-11-02 05:04:48	worker	@cititransindo;2017-10-31 - 2017-10-31;submitSocial;all;arwin
2017-11-02 05:04:50	worker	#semangatpagisuperr;2017-10-31 - 2017-10-31;submitSocial;all;arwin
2017-11-02 05:04:53	worker	#genkuisinsideout;2017-10-31 - 2017-10-31;submitSocial;all;arwin
2017-11-02 05:04:55	worker	#semangatpagi;2017-10-31 - 2017-10-31;submitSocial;all;arwin
2017-11-02 05:04:58	worker	#dikamar;2017-10-31 - 2017-10-31;submitSocial;all;arwin
2017-11-02 05:05:01	worker	#kopaja;2017-10-31 - 2017-10-31;submitSocial;all;arwin
2017-11-02 05:05:04	worker	#generaksi8;2017-10-31 - 2017-10-31;submitSocial;all;arwin
2017-11-02 05:05:07	worker	#hitztsp;2017-10-31 - 2017-10-31;submitSocial;all;arwin
2017-11-02 05:05:11	worker	#np;2017-10-31 - 2017-10-31;submitSocial;all;arwin
2017-11-02 05:05:14	worker	#hitzlivestage;2017-10-31 - 2017-10-31;submitSocial;all;arwin
2017-11-02 05:05:17	worker	#thefreaks;2017-10-31 - 2017-10-31;submitSocial;all;arwin
2017-11-02 05:05:19	worker	#hitzsirkuspagi;2017-10-31 - 2017-10-31;submitSocial;all;arwin
2017-11-02 05:05:22	worker	#hitzathlon;2017-10-31 - 2017-10-31;submitSocial;all;arwin
2017-11-02 05:05:24	worker	#hitzzombie;2017-10-31 - 2017-10-31;submitSocial;all;arwin
2017-11-02 05:05:27	worker	#hitzkalong;2017-10-31 - 2017-10-31;submitSocial;all;arwin
2017-11-02 05:05:30	worker	#hitzbebas;2017-10-31 - 2017-10-31;submitSocial;all;arwin
2017-11-02 05:05:32	worker	#hitzhorehara;2017-10-31 - 2017-10-31;submitSocial;all;arwin
2017-11-02 05:05:35	worker	@ZaloraID;2017-10-31 - 2017-10-31;submitSocial;all;arwin
2017-11-02 05:05:38	worker	@OLX_Indonesia;2017-10-31 - 2017-10-31;submitSocial;all;arwin
2017-11-02 05:05:41	worker	@LazadaID;2017-10-31 - 2017-10-31;submitSocial;all;arwin
2017-11-02 05:05:43	worker	@utrippers;2017-10-31 - 2017-10-31;submitSocial;all;arwin
2017-11-02 05:05:46	worker	@GoGobot;2017-10-31 - 2017-10-31;submitSocial;all;arwin
2017-11-02 05:05:49	worker	@viatortravel;2017-10-31 - 2017-10-31;submitSocial;all;arwin
2017-11-02 05:05:51	worker	@alandakariza;2017-10-31 - 2017-10-31;submitSocial;all;arwin
2017-11-02 05:05:54	worker	@gagasmedia;2017-10-31 - 2017-10-31;submitSocial;all;arwin
2017-11-02 05:05:57	worker	@welovehonda;2017-10-31 - 2017-10-31;submitSocial;all;arwin
2017-11-02 05:05:59	worker	@SuzukiMotorID;2017-10-31 - 2017-10-31;submitSocial;all;arwin
2017-11-02 05:06:02	worker	@kawasakilovers;2017-10-31 - 2017-10-31;submitSocial;all;arwin
2017-11-02 05:06:05	worker	@yamahaindonesia;2017-10-31 - 2017-10-31;submitSocial;all;arwin
2017-11-02 05:06:07	worker	@tripanzee;2017-10-31 - 2017-10-31;submitSocial;all;arwin
2017-11-02 05:06:10	worker	@arnoldpoernomo;2017-10-31 - 2017-10-31;submitSocial;all;arwin
2017-11-02 05:06:13	worker	@nicsap;2017-10-31 - 2017-10-31;submitSocial;all;arwin
2017-11-02 05:06:15	worker	@tiket2;2017-10-31 - 2017-10-31;submitSocial;all;arwin
2017-11-02 05:06:18	worker	@traveloka;2017-10-31 - 2017-10-31;submitSocial;all;arwin
2017-11-02 05:06:22	worker	@wego;2017-10-31 - 2017-10-31;submitSocial;all;arwin
2017-11-02 05:06:25	worker	@agoda;2017-10-31 - 2017-10-31;submitSocial;all;arwin
2017-11-02 05:06:28	worker	#salahsambung;2017-10-31 - 2017-10-31;submitSocial;all;arwin
2017-11-02 05:06:31	worker	#tulalit;2017-10-31 - 2017-10-31;submitSocial;all;arwin
2017-11-02 05:06:33	worker	#pestageneraksi8;2017-10-31 - 2017-10-31;submitSocial;all;arwin
2017-11-02 05:06:35	worker	#ganaskustik;2017-10-31 - 2017-10-31;submitSocial;all;arwin
2017-11-02 05:06:37	worker	#lnhot20;2017-10-31 - 2017-10-31;submitSocial;all;arwin
2017-11-02 05:06:40	worker	@TripAdvisor;2017-10-31 - 2017-10-31;submitSocial;all;arwin
2017-11-02 05:06:48	worker	@google;2017-10-31 - 2017-10-31;submitSocial;all;arwin
2017-11-02 05:06:53	worker	@Telkomsel;2017-10-31 - 2017-10-31;submitSocial;all;arwin
2017-11-02 05:06:56	worker	@indosat;2017-10-31 - 2017-10-31;submitSocial;all;arwin
2017-11-02 05:07:00	worker	@bahanafmjkt;2017-10-31 - 2017-10-31;submitSocial;all;2017-11-02 05:07:05	worker	@sonorafm92;2017-10-31 - 2017-10-31;submitSocial;all;arwin
2017-11-02 05:07:07	worker	@litefm1058;2017-10-31 - 2017-10-31;submitSocial;all;arwin
2017-11-02 05:07:09	worker	@Bravaradio;2017-10-31 - 2017-10-31;submitSocial;all;arwin
2017-11-02 05:07:13	worker	#dgitm;2017-10-31 - 2017-10-31;submitSocial;all;arwin
2017-11-02 05:07:15	worker	#hitsalaprambors;2017-10-31 - 2017-10-31;submitSocial;all;arwin
2017-11-02 05:07:18	worker	#reqprambors;2017-10-31 - 2017-10-31;submitSocial;all;arwin
2017-11-02 05:07:20	worker	#thedandees;2017-10-31 - 2017-10-31;submitSocial;all;arwin
2017-11-02 05:07:22	worker	#pramborsquiz;2017-10-31 - 2017-10-31;submitSocial;all;arwin
2017-11-02 05:07:25	worker	#jeliprambors;2017-10-31 - 2017-10-31;submitSocial;all;arwin
2017-11-02 05:07:27	worker	#jodohinprambors;2017-10-31 - 2017-10-31;submitSocial;all;arwin
2017-11-02 05:07:30	worker	#ubahdenganbicara;2017-10-31 - 2017-10-31;submitSocial;all;arwin
2017-11-02 05:07:32	worker	#pramborschat;2017-10-31 - 2017-10-31;submitSocial;all;arwin
2017-11-02 05:07:35	worker	#tweetforduit;2017-10-31 - 2017-10-31;submitSocial;all;arwin
2017-11-02 05:07:37	worker	#joki3in1;2017-10-31 - 2017-10-31;submitSocial;all;arwin
2017-11-02 05:07:39	worker	#sarapanseru;2017-10-31 - 2017-10-31;submitSocial;all;arwin
2017-11-02 05:07:42	worker	#rawonkaneloop;2017-10-31 - 2017-10-31;submitSocial;all;arwin
2017-11-02 05:07:44	worker	#gudegkendilkeraton;2017-10-31 - 2017-10-31;submitSocial;all;arwin
2017-11-02 05:07:47	worker	#gadogadobutika;2017-10-31 - 2017-10-31;submitSocial;all;arwin
2017-11-02 05:07:49	worker	#mtvhottest;2017-10-31 - 2017-10-31;submitSocial;all;arwin
2017-11-02 05:07:52	worker	#dimsumcjdw;2017-10-31 - 2017-10-31;submitSocial;all;arwin
2017-11-02 05:07:54	worker	#pecelmadiunmbakniek;2017-10-31 - 2017-10-31;submitSocial;all;arwin
2017-11-02 05:07:57	worker	#depotarema;2017-10-31 - 2017-10-31;submitSocial;all;arwin
2017-11-02 05:07:59	worker	@BNI46;2017-10-31 - 2017-10-31;submitSocial;all;arwin
2017-11-02 05:08:02	worker	@BANKBRI_ID;2017-10-31 - 2017-10-31;submitSocial;all;arwin
2017-11-02 05:08:05	worker	#bni46;2017-10-31 - 2017-10-31;submitSocial;all;arwin
2017-11-02 05:08:10	worker	macet;2017-10-31 - 2017-10-31;submitSocial;all;arwin
2017-11-02 05:08:13	worker	#selamatpagi;2017-10-31 - 2017-10-31;submitSocial;all;arwin
2017-11-02 05:08:15	worker	#selamatmalam;2017-10-31 - 2017-10-31;submitSocial;all;arwin
2017-11-02 05:08:18	worker	@884GlobalRadio;2017-10-31 - 2017-10-31;submitSocial;all;arwin
2017-11-02 05:08:21	worker	@day_trans;2017-10-31 - 2017-10-31;submitSocial;all;arwin
2017-11-02 05:08:23	worker	@kencanavoyage;2017-10-31 - 2017-10-31;submitSocial;all;arwin
2017-11-02 05:08:26	worker	@jukebox5d;2017-10-31 - 2017-10-31;submitSocial;all;arwin
2017-11-02 05:08:29	worker	#mtvhottest;2017-10-31 - 2017-10-31;submitSocial;all;arwin
2017-11-02 05:08:31	worker	#semangatpagi;2017-10-31 - 2017-10-31;submitSocial;all;arwin
2017-11-02 05:08:34	worker	lifebuoy;2017-10-31 - 2017-10-31;submitSocial;all;arwin
2017-11-02 05:08:41	worker	jokowi;2017-10-31 - 2017-10-31;submitSocial;all;arwin
2017-11-02 05:08:49	worker	obama;2017-10-31 - 2017-10-31;submitSocial;all;arwin
2017-11-02 05:08:52	worker	starwars;2017-10-31 - 2017-10-31;submitSocial;all;arwin
2017-11-02 05:08:57	worker	jonan;2017-10-31 - 2017-10-31;submitSocial;all;arwin
2017-11-02 05:09:07	worker	pagi;2017-10-31 - 2017-10-31;submitSocial;all;arwin
2017-11-02 05:09:10	worker	sampoerna;2017-10-31 - 2017-10-31;submitSocial;all;arwin
2017-11-02 05:09:13	worker	djarum;2017-10-31 - 2017-10-31;submitSocial;all;arwin
2017-11-02 05:09:16	worker	#semangatpagi;2017-10-31 - 2017-10-31;submitSocial;all;arwin
2017-11-02 05:09:18	worker	#generaksi8;2017-10-31 - 2017-10-31;submitSocial;all;arwin
2017-11-02 05:09:20	worker	#365alasan;2017-10-31 - 2017-10-31;submitSocial;all;arwin
2017-11-02 05:09:24	worker	weew;2017-10-31 - 2017-10-31;submitSocial;all;arwin
2017-11-02 05:09:32	worker	testing;2017-10-31 - 2017-10-31;submitSocial;all;arwin
2017-11-02 05:09:36	worker	#kopaja;2017-10-31 - 2017-10-31;submitSocial;all;arwin
2017-11-02 05:09:38	worker	#genkuisinsideout;2017-10-31 - 2017-10-31;submitSocial;all;arwin
2017-11-02 05:09:41	worker	starwars;2017-10-31 - 2017-10-31;submitSocial;all;arwin
2017-11-02 05:09:44	worker	#kopaja;2017-10-31 - 2017-10-31;submitSocial;all;arwin
2017-11-02 05:09:47	worker	mldspot;2017-10-31 - 2017-10-31;submitSocial;all;arwin
2017-11-02 05:09:50	worker	PBDjarum;2017-10-31 - 2017-10-31;submitSocial;all;arwin
2017-11-02 05:09:53	worker	TemanNabati;2017-10-31 - 2017-10-31;submitSocial;all;arwin
2017-11-02 05:09:56	worker	Nextar;2017-10-31 - 2017-10-31;submitSocial;all;arwin
2017-11-02 05:09:59	worker	jokowo;2017-10-31 - 2017-10-31;submitSocial;all;arwin
2017-11-02 05:10:04	worker	prabowo;2017-10-31 - 2017-10-31;submitSocial;all;arwin
2017-11-02 05:10:07	worker	sudirman said;2017-10-31 - 2017-10-31;submitSocial;all;arwin
2017-11-02 05:10:16	worker	ahok;2017-10-31 - 2017-10-31;submitSocial;all;arwin
2017-11-02 05:10:19	worker	setyanovanto;2017-10-31 - 2017-10-31;submitSocial;all;arwin
2017-11-02 05:10:26	worker	jokowi;2017-10-31 - 2017-10-31;submitSocial;all;arwin
2017-11-02 05:10:35	worker	ahok;2017-10-31 - 2017-10-31;submitSocial;all;arwin
2017-11-02 05:10:39	worker	prabowo;2017-10-31 - 2017-10-31;submitSocial;all;arwin
2017-11-02 05:10:42	worker	sudirman said;2017-10-31 - 2017-10-31;submitSocial;all;arwin
2017-11-02 05:10:44	worker	setyanovanto;2017-10-31 - 2017-10-31;submitSocial;all;arwin
2017-11-02 05:10:50	worker	galau;2017-10-31 - 2017-10-31;submitSocial;all;arwin
2017-11-02 05:10:52	worker	#prestasiindonesia;2017-10-31 - 2017-10-31;submitSocial;all;arwin
2017-11-02 05:10:55	worker	@Tw_Debi;2017-10-31 - 2017-10-31;submitSocial;all;arwin
2017-11-02 05:10:57	worker	@OfficialFastron;2017-10-31 - 2017-10-31;submitSocial;all;arwin
2017-11-02 05:11:00	worker	@CitibankID;2017-10-31 - 2017-10-31;submitSocial;all;arwin
2017-11-02 05:11:03	worker	@jak101fm;2017-10-31 - 2017-10-31;submitSocial;all;arwin
2017-11-02 05:11:06	worker	@genfm;2017-10-31 - 2017-10-31;submitSocial;all;arwin
