2017-04-25 05:00:06	worker	@987genfm;2017-04-23 - 2017-04-23;submitSocial;all;arwin
2017-04-25 05:00:09	worker	@101jakfm;2017-04-23 - 2017-04-23;submitSocial;all;arwin
2017-04-25 05:00:12	worker	@prambors;2017-04-23 - 2017-04-23;submitSocial;all;arwin
2017-04-25 05:00:15	worker	@hardrockfm;2017-04-23 - 2017-04-23;submitSocial;all;arwin
2017-04-25 05:00:17	worker	@kisfmjakarta;2017-04-23 - 2017-04-23;submitSocial;all;arwin
2017-04-25 05:00:20	worker	@delta_fm;2017-04-23 - 2017-04-23;submitSocial;all;arwin
2017-04-25 05:00:23	worker	@traxfmjkt;2017-04-23 - 2017-04-23;submitSocial;all;arwin
2017-04-25 05:00:26	worker	@iradiojakarta;2017-04-23 - 2017-04-23;submitSocial;all;arwin
2017-04-25 05:00:28	worker	@indika9160fm;2017-04-23 - 2017-04-23;submitSocial;all;arwin
2017-04-25 05:00:31	worker	@shellindonesia;2017-04-23 - 2017-04-23;submitSocial;all;arwin
2017-04-25 05:00:34	worker	@vpowerfans;2017-04-23 - 2017-04-23;submitSocial;all;arwin
2017-04-25 05:00:37	worker	@pertamaxind;2017-04-23 - 2017-04-23;submitSocial;all;arwin
2017-04-25 05:00:40	worker	@ptpertamina;2017-04-23 - 2017-04-23;submitSocial;all;arwin
2017-04-25 05:00:42	worker	@OZRadioJakarta;2017-04-23 - 2017-04-23;submitSocial;all;arwin
2017-04-25 05:00:45	worker	@CosmopolitanFM;2017-04-23 - 2017-04-23;submitSocial;all;arwin
2017-04-25 05:00:48	worker	@mustang88fm;2017-04-23 - 2017-04-23;submitSocial;all;arwin
2017-04-25 05:00:50	worker	@debabaz;2017-04-23 - 2017-04-23;submitSocial;all;arwin
2017-04-25 05:00:55	worker	@detikcom;2017-04-23 - 2017-04-23;submitSocial;all;arwin
2017-04-25 05:00:58	worker	@radioelshinta;2017-04-23 - 2017-04-23;submitSocial;all;arwin
2017-04-25 05:01:01	worker	@cinema21;2017-04-23 - 2017-04-23;submitSocial;all;arwin
2017-04-25 05:01:04	worker	@OfficialRCTI;2017-04-23 - 2017-04-23;submitSocial;all;arwin
2017-04-25 05:01:07	worker	@TRANSTV_CORP;2017-04-23 - 2017-04-23;submitSocial;all;arwin
2017-04-25 05:01:10	worker	@TRANS7;2017-04-23 - 2017-04-23;submitSocial;all;arwin
2017-04-25 05:01:13	worker	@Metro_TV;2017-04-23 - 2017-04-23;submitSocial;all;arwin
2017-04-25 05:01:17	worker	@tvOneNews;2017-04-23 - 2017-04-23;submitSocial;all;arwin
2017-04-25 05:01:20	worker	@whatsonANTV;2017-04-23 - 2017-04-23;submitSocial;all;arwin
2017-04-25 05:01:23	worker	@SCTV_;2017-04-23 - 2017-04-23;submitSocial;all;arwin
2017-04-25 05:01:26	worker	@KompasTV;2017-04-23 - 2017-04-23;submitSocial;all;arwin
2017-04-25 05:01:29	worker	@netmediatama;2017-04-23 - 2017-04-23;submitSocial;all;arwin
2017-04-25 05:01:32	worker	@Globaltvseru;2017-04-23 - 2017-04-23;submitSocial;all;arwin
2017-04-25 05:01:35	worker	@JaktvCom;2017-04-23 - 2017-04-23;submitSocial;all;arwin
2017-04-25 05:01:38	worker	@TVRINasional;2017-04-23 - 2017-04-23;submitSocial;all;arwin
2017-04-25 05:01:40	worker	@ochannelupdates;2017-04-23 - 2017-04-23;submitSocial;all;arwin
2017-04-25 05:01:44	worker	@IndosiarID;2017-04-23 - 2017-04-23;submitSocial;all;arwin
2017-04-25 05:01:48	worker	@kompascom;2017-04-23 - 2017-04-23;submitSocial;all;arwin
2017-04-25 05:01:51	worker	@merdekadotcom;2017-04-23 - 2017-04-23;submitSocial;all;arwin
2017-04-25 05:01:54	worker	@MIdotcom;2017-04-23 - 2017-04-23;submitSocial;all;arwin
2017-04-25 05:01:57	worker	@tempodotco;2017-04-23 - 2017-04-23;submitSocial;all;arwin
2017-04-25 05:01:59	worker	@motion975fm;2017-04-23 - 2017-04-23;submitSocial;all;arwin
2017-04-25 05:02:02	worker	@_radiotoday;2017-04-23 - 2017-04-23;submitSocial;all;arwin
2017-04-25 05:02:05	worker	@radioinfo;2017-04-23 - 2017-04-23;submitSocial;all;arwin
2017-04-25 05:02:07	worker	@979FeMaleRadio;2017-04-23 - 2017-04-23;submitSocial;all;arwin
2017-04-25 05:02:10	worker	@WomanRadio943FM;2017-04-23 - 2017-04-23;submitSocial;all;arwin
2017-04-25 05:02:13	worker	@VRadioFM;2017-04-23 - 2017-04-23;submitSocial;all;arwin
2017-04-25 05:02:15	worker	@UFM947;2017-04-23 - 2017-04-23;submitSocial;all;arwin
2017-04-25 05:02:18	worker	@VIVAnews;2017-04-23 - 2017-04-23;submitSocial;all;arwin
2017-04-25 05:02:21	worker	@antaranews;2017-04-23 - 2017-04-23;submitSocial;all;arwin
2017-04-25 05:02:24	worker	@tribunnews;2017-04-23 - 2017-04-23;submitSocial;all;arwin
2017-04-25 05:02:27	worker	@okezonenews;2017-04-23 - 2017-04-23;submitSocial;all;arwin
2017-04-25 05:02:30	worker	@Beritasatu;2017-04-23 - 2017-04-23;submitSocial;all;arwin
2017-04-25 05:02:32	worker	@rollingstoneina;2017-04-23 - 2017-04-23;submitSocial;all;arwin
2017-04-25 05:02:35	worker	@FIMELAdotcom;2017-04-23 - 2017-04-23;submitSocial;all;arwin
2017-04-25 05:02:38	worker	@KapanLagicom;2017-04-23 - 2017-04-23;submitSocial;all;arwin
2017-04-25 05:02:40	worker	@KompasEnt ;2017-04-23 - 2017-04-23;submitSocial;all;arwin
2017-04-25 05:02:43	worker	@HaiMagazine;2017-04-23 - 2017-04-23;submitSocial;all;arwin
2017-04-25 05:02:46	worker	@JakartaVenue;2017-04-23 - 2017-04-23;submitSocial;all;arwin
2017-04-25 05:02:49	worker	@SeputarEvent;2017-04-23 - 2017-04-23;submitSocial;all;arwin
2017-04-25 05:02:52	worker	@ismayaLive;2017-04-23 - 2017-04-23;submitSocial;all;arwin
2017-04-25 05:02:54	worker	@ECEntertainment;2017-04-23 - 2017-04-23;submitSocial;all;arwin
2017-04-25 05:02:57	worker	@synergism_En;2017-04-23 - 2017-04-23;submitSocial;all;arwin
2017-04-25 05:03:00	worker	@Urbanbandung;2017-04-23 - 2017-04-23;submitSocial;all;arwin
2017-04-25 05:03:02	worker	@Urbanrkm995;2017-04-23 - 2017-04-23;submitSocial;all;arwin
2017-04-25 05:03:04	worker	@Garuda_Promo;2017-04-23 - 2017-04-23;submitSocial;all;arwin
2017-04-25 05:03:07	worker	@AirAsiaID;2017-04-23 - 2017-04-23;submitSocial;all;arwin
2017-04-25 05:03:10	worker	@KAI121;2017-04-23 - 2017-04-23;submitSocial;all;arwin
2017-04-25 05:03:13	worker	@Unilever;2017-04-23 - 2017-04-23;submitSocial;all;arwin
2017-04-25 05:03:17	worker	@Nestle;2017-04-23 - 2017-04-23;submitSocial;all;arwin
2017-04-25 05:03:20	worker	@CocaCola;2017-04-23 - 2017-04-23;submitSocial;all;arwin
2017-04-25 05:03:26	worker	@CNN;2017-04-23 - 2017-04-23;submitSocial;all;arwin
2017-04-25 05:03:31	worker	@MTV;2017-04-23 - 2017-04-23;submitSocial;all;arwin
2017-04-25 05:03:34	worker	@channelv;2017-04-23 - 2017-04-23;submitSocial;all;arwin
2017-04-25 05:03:36	worker	@iTunesMusic;2017-04-23 - 2017-04-23;submitSocial;all;arwin
2017-04-25 05:03:40	worker	@mashable;2017-04-23 - 2017-04-23;submitSocial;all;arwin
2017-04-25 05:03:43	worker	@decacaz;2017-04-23 - 2017-04-23;submitSocial;all;arwin
2017-04-25 05:03:45	worker	@radiobaru967FM;2017-04-23 - 2017-04-23;submitSocial;all;arwin
2017-04-25 05:03:48	worker	@967HitzFM;2017-04-23 - 2017-04-23;submitSocial;all;arwin
2017-04-25 05:03:52	worker	@TVGuide;2017-04-23 - 2017-04-23;submitSocial;all;arwin
2017-04-25 05:03:55	worker	@XL123;2017-04-23 - 2017-04-23;submitSocial;all;arwin
2017-04-25 05:03:58	worker	@triindonesia;2017-04-23 - 2017-04-23;submitSocial;all;arwin
2017-04-25 05:04:01	worker	@kaskus;2017-04-23 - 2017-04-23;submitSocial;all;arwin
2017-04-25 05:04:04	worker	@Studio_XXI;2017-04-23 - 2017-04-23;submitSocial;all;arwin
2017-04-25 05:04:06	worker	@blitzmegaplex;2017-04-23 - 2017-04-23;submitSocial;all;arwin
2017-04-25 05:04:09	worker	@alfamartku;2017-04-23 - 2017-04-23;submitSocial;all;arwin
2017-04-25 05:04:12	worker	@Carrefour_ID;2017-04-23 - 2017-04-23;submitSocial;all;arwin
2017-04-25 05:04:15	worker	@BBCBreaking;2017-04-23 - 2017-04-23;submitSocial;all;arwin
2017-04-25 05:04:21	worker	@Forbes;2017-04-23 - 2017-04-23;submitSocial;all;arwin
2017-04-25 05:04:24	worker	@BensRadio;2017-04-23 - 2017-04-23;submitSocial;all;arwin
2017-04-25 05:04:29	worker	@instagram;2017-04-23 - 2017-04-23;submitSocial;all;arwin
2017-04-25 05:04:32	worker	@Pinterest;2017-04-23 - 2017-04-23;submitSocial;all;arwin
2017-04-25 05:04:38	worker	@google;2017-04-23 - 2017-04-23;submitSocial;all;arwin
2017-04-25 05:04:40	worker	@Pertaminalub;2017-04-23 - 2017-04-23;submitSocial;all;arwin
2017-04-25 05:04:43	worker	@InfoLalinTol;2017-04-23 - 2017-04-23;submitSocial;all;arwin
2017-04-25 05:04:46	worker	@PTJASAMARGA;2017-04-23 - 2017-04-23;submitSocial;all;arwin
2017-04-25 05:04:49	worker	@cititransindo;2017-04-23 - 2017-04-23;submitSocial;all;arwin
2017-04-25 05:04:51	worker	#semangatpagisuperr;2017-04-23 - 2017-04-23;submitSocial;all;arwin
2017-04-25 05:04:54	worker	#genkuisinsideout;2017-04-23 - 2017-04-23;submitSocial;all;arwin
2017-04-25 05:04:56	worker	#semangatpagi;2017-04-23 - 2017-04-23;submitSocial;all;arwin
2017-04-25 05:04:59	worker	#dikamar;2017-04-23 - 2017-04-23;submitSocial;all;arwin
2017-04-25 05:05:02	worker	#kopaja;2017-04-23 - 2017-04-23;submitSocial;all;arwin
2017-04-25 05:05:05	worker	#generaksi8;2017-04-23 - 2017-04-23;submitSocial;all;arwin
2017-04-25 05:05:08	worker	#hitztsp;2017-04-23 - 2017-04-23;submitSocial;all;arwin
2017-04-25 05:05:12	worker	#np;2017-04-23 - 2017-04-23;submitSocial;all;arwin
2017-04-25 05:05:14	worker	#hitzlivestage;2017-04-23 - 2017-04-23;submitSocial;all;arwin
2017-04-25 05:05:17	worker	#thefreaks;2017-04-23 - 2017-04-23;submitSocial;all;arwin
2017-04-25 05:05:19	worker	#hitzsirkuspagi;2017-04-23 - 2017-04-23;submitSocial;all;arwin
2017-04-25 05:05:22	worker	#hitzathlon;2017-04-23 - 2017-04-23;submitSocial;all;arwin
2017-04-25 05:05:25	worker	#hitzzombie;2017-04-23 - 2017-04-23;submitSocial;all;arwin
2017-04-25 05:05:27	worker	#hitzkalong;2017-04-23 - 2017-04-23;submitSocial;all;arwin
2017-04-25 05:05:30	worker	#hitzbebas;2017-04-23 - 2017-04-23;submitSocial;all;arwin
2017-04-25 05:05:32	worker	#hitzhorehara;2017-04-23 - 2017-04-23;submitSocial;all;arwin
2017-04-25 05:05:35	worker	@ZaloraID;2017-04-23 - 2017-04-23;submitSocial;all;arwin
2017-04-25 05:05:38	worker	@OLX_Indonesia;2017-04-23 - 2017-04-23;submitSocial;all;arwin
2017-04-25 05:05:40	worker	@LazadaID;2017-04-23 - 2017-04-23;submitSocial;all;arwin
2017-04-25 05:05:43	worker	@utrippers;2017-04-23 - 2017-04-23;submitSocial;all;arwin
2017-04-25 05:05:46	worker	@GoGobot;2017-04-23 - 2017-04-23;submitSocial;all;arwin
2017-04-25 05:05:49	worker	@viatortravel;2017-04-23 - 2017-04-23;submitSocial;all;arwin
2017-04-25 05:05:51	worker	@alandakariza;2017-04-23 - 2017-04-23;submitSocial;all;arwin
2017-04-25 05:05:54	worker	@gagasmedia;2017-04-23 - 2017-04-23;submitSocial;all;arwin
2017-04-25 05:05:57	worker	@welovehonda;2017-04-23 - 2017-04-23;submitSocial;all;arwin
2017-04-25 05:06:00	worker	@SuzukiMotorID;2017-04-23 - 2017-04-23;submitSocial;all;arwin
2017-04-25 05:06:02	worker	@kawasakilovers;2017-04-23 - 2017-04-23;submitSocial;all;arwin
2017-04-25 05:06:05	worker	@yamahaindonesia;2017-04-23 - 2017-04-23;submitSocial;all;arwin
2017-04-25 05:06:08	worker	@tripanzee;2017-04-23 - 2017-04-23;submitSocial;all;arwin
2017-04-25 05:06:11	worker	@arnoldpoernomo;2017-04-23 - 2017-04-23;submitSocial;all;arwin
2017-04-25 05:06:14	worker	@nicsap;2017-04-23 - 2017-04-23;submitSocial;all;arwin
2017-04-25 05:06:16	worker	@tiket2;2017-04-23 - 2017-04-23;submitSocial;all;arwin
2017-04-25 05:06:19	worker	@traveloka;2017-04-23 - 2017-04-23;submitSocial;all;arwin
2017-04-25 05:06:23	worker	@wego;2017-04-23 - 2017-04-23;submitSocial;all;arwin
2017-04-25 05:06:26	worker	@agoda;2017-04-23 - 2017-04-23;submitSocial;all;arwin
2017-04-25 05:06:29	worker	#salahsambung;2017-04-23 - 2017-04-23;submitSocial;all;arwin
2017-04-25 05:06:32	worker	#tulalit;2017-04-23 - 2017-04-23;submitSocial;all;arwin
2017-04-25 05:06:34	worker	#pestageneraksi8;2017-04-23 - 2017-04-23;submitSocial;all;arwin
2017-04-25 05:06:36	worker	#ganaskustik;2017-04-23 - 2017-04-23;submitSocial;all;arwin
2017-04-25 05:06:38	worker	#lnhot20;2017-04-23 - 2017-04-23;submitSocial;all;arwin
2017-04-25 05:06:41	worker	@TripAdvisor;2017-04-23 - 2017-04-23;submitSocial;all;arwin
2017-04-25 05:06:48	worker	@google;2017-04-23 - 2017-04-23;submitSocial;all;arwin
2017-04-25 05:06:52	worker	@Telkomsel;2017-04-23 - 2017-04-23;submitSocial;all;arwin
2017-04-25 05:06:55	worker	@indosat;2017-04-23 - 2017-04-23;submitSocial;all;arwin
2017-04-25 05:06:59	worker	@bahanafmjkt;2017-04-23 - 2017-04-23;submitSocial;all;2017-04-25 05:07:04	worker	@sonorafm92;2017-04-23 - 2017-04-23;submitSocial;all;arwin
2017-04-25 05:07:06	worker	@litefm1058;2017-04-23 - 2017-04-23;submitSocial;all;arwin
2017-04-25 05:07:09	worker	@Bravaradio;2017-04-23 - 2017-04-23;submitSocial;all;arwin
2017-04-25 05:07:12	worker	#dgitm;2017-04-23 - 2017-04-23;submitSocial;all;arwin
2017-04-25 05:07:14	worker	#hitsalaprambors;2017-04-23 - 2017-04-23;submitSocial;all;arwin
2017-04-25 05:07:17	worker	#reqprambors;2017-04-23 - 2017-04-23;submitSocial;all;arwin
2017-04-25 05:07:20	worker	#thedandees;2017-04-23 - 2017-04-23;submitSocial;all;arwin
2017-04-25 05:07:22	worker	#pramborsquiz;2017-04-23 - 2017-04-23;submitSocial;all;arwin
2017-04-25 05:07:24	worker	#jeliprambors;2017-04-23 - 2017-04-23;submitSocial;all;arwin
2017-04-25 05:07:27	worker	#jodohinprambors;2017-04-23 - 2017-04-23;submitSocial;all;arwin
2017-04-25 05:07:29	worker	#ubahdenganbicara;2017-04-23 - 2017-04-23;submitSocial;all;arwin
2017-04-25 05:07:32	worker	#pramborschat;2017-04-23 - 2017-04-23;submitSocial;all;arwin
2017-04-25 05:07:34	worker	#tweetforduit;2017-04-23 - 2017-04-23;submitSocial;all;arwin
2017-04-25 05:07:36	worker	#joki3in1;2017-04-23 - 2017-04-23;submitSocial;all;arwin
2017-04-25 05:07:39	worker	#sarapanseru;2017-04-23 - 2017-04-23;submitSocial;all;arwin
2017-04-25 05:07:41	worker	#rawonkaneloop;2017-04-23 - 2017-04-23;submitSocial;all;arwin
2017-04-25 05:07:44	worker	#gudegkendilkeraton;2017-04-23 - 2017-04-23;submitSocial;all;arwin
2017-04-25 05:07:46	worker	#gadogadobutika;2017-04-23 - 2017-04-23;submitSocial;all;arwin
2017-04-25 05:07:49	worker	#mtvhottest;2017-04-23 - 2017-04-23;submitSocial;all;arwin
2017-04-25 05:07:51	worker	#dimsumcjdw;2017-04-23 - 2017-04-23;submitSocial;all;arwin
2017-04-25 05:07:54	worker	#pecelmadiunmbakniek;2017-04-23 - 2017-04-23;submitSocial;all;arwin
2017-04-25 05:07:57	worker	#depotarema;2017-04-23 - 2017-04-23;submitSocial;all;arwin
2017-04-25 05:07:59	worker	@BNI46;2017-04-23 - 2017-04-23;submitSocial;all;arwin
2017-04-25 05:08:02	worker	@BANKBRI_ID;2017-04-23 - 2017-04-23;submitSocial;all;arwin
2017-04-25 05:08:05	worker	#bni46;2017-04-23 - 2017-04-23;submitSocial;all;arwin
2017-04-25 05:08:11	worker	macet;2017-04-23 - 2017-04-23;submitSocial;all;arwin
2017-04-25 05:08:13	worker	#selamatpagi;2017-04-23 - 2017-04-23;submitSocial;all;arwin
2017-04-25 05:08:16	worker	#selamatmalam;2017-04-23 - 2017-04-23;submitSocial;all;arwin
2017-04-25 05:08:19	worker	@884GlobalRadio;2017-04-23 - 2017-04-23;submitSocial;all;arwin
2017-04-25 05:08:21	worker	@day_trans;2017-04-23 - 2017-04-23;submitSocial;all;arwin
2017-04-25 05:08:24	worker	@kencanavoyage;2017-04-23 - 2017-04-23;submitSocial;all;arwin
2017-04-25 05:08:27	worker	@jukebox5d;2017-04-23 - 2017-04-23;submitSocial;all;arwin
2017-04-25 05:08:30	worker	#mtvhottest;2017-04-23 - 2017-04-23;submitSocial;all;arwin
2017-04-25 05:08:33	worker	#semangatpagi;2017-04-23 - 2017-04-23;submitSocial;all;arwin
2017-04-25 05:08:35	worker	lifebuoy;2017-04-23 - 2017-04-23;submitSocial;all;arwin
2017-04-25 05:08:44	worker	jokowi;2017-04-23 - 2017-04-23;submitSocial;all;arwin
2017-04-25 05:08:54	worker	obama;2017-04-23 - 2017-04-23;submitSocial;all;arwin
2017-04-25 05:08:57	worker	starwars;2017-04-23 - 2017-04-23;submitSocial;all;arwin
2017-04-25 05:09:01	worker	jonan;2017-04-23 - 2017-04-23;submitSocial;all;arwin
2017-04-25 05:09:11	worker	pagi;2017-04-23 - 2017-04-23;submitSocial;all;arwin
2017-04-25 05:09:14	worker	sampoerna;2017-04-23 - 2017-04-23;submitSocial;all;arwin
2017-04-25 05:09:17	worker	djarum;2017-04-23 - 2017-04-23;submitSocial;all;arwin
2017-04-25 05:09:20	worker	#semangatpagi;2017-04-23 - 2017-04-23;submitSocial;all;arwin
2017-04-25 05:09:22	worker	#generaksi8;2017-04-23 - 2017-04-23;submitSocial;all;arwin
2017-04-25 05:09:24	worker	#365alasan;2017-04-23 - 2017-04-23;submitSocial;all;arwin
2017-04-25 05:09:28	worker	weew;2017-04-23 - 2017-04-23;submitSocial;all;arwin
2017-04-25 05:09:35	worker	testing;2017-04-23 - 2017-04-23;submitSocial;all;arwin
2017-04-25 05:09:38	worker	#kopaja;2017-04-23 - 2017-04-23;submitSocial;all;arwin
2017-04-25 05:09:41	worker	#genkuisinsideout;2017-04-23 - 2017-04-23;submitSocial;all;arwin
2017-04-25 05:09:44	worker	starwars;2017-04-23 - 2017-04-23;submitSocial;all;arwin
2017-04-25 05:09:47	worker	#kopaja;2017-04-23 - 2017-04-23;submitSocial;all;arwin
2017-04-25 05:09:50	worker	mldspot;2017-04-23 - 2017-04-23;submitSocial;all;arwin
2017-04-25 05:09:53	worker	PBDjarum;2017-04-23 - 2017-04-23;submitSocial;all;arwin
2017-04-25 05:09:55	worker	TemanNabati;2017-04-23 - 2017-04-23;submitSocial;all;arwin
2017-04-25 05:09:59	worker	Nextar;2017-04-23 - 2017-04-23;submitSocial;all;arwin
2017-04-25 05:10:03	worker	jokowo;2017-04-23 - 2017-04-23;submitSocial;all;arwin
2017-04-25 05:10:08	worker	prabowo;2017-04-23 - 2017-04-23;submitSocial;all;arwin
2017-04-25 05:10:11	worker	sudirman said;2017-04-23 - 2017-04-23;submitSocial;all;arwin
2017-04-25 05:10:22	worker	ahok;2017-04-23 - 2017-04-23;submitSocial;all;arwin
2017-04-25 05:10:25	worker	setyanovanto;2017-04-23 - 2017-04-23;submitSocial;all;arwin
2017-04-25 05:10:33	worker	jokowi;2017-04-23 - 2017-04-23;submitSocial;all;arwin
2017-04-25 05:10:44	worker	ahok;2017-04-23 - 2017-04-23;submitSocial;all;arwin
2017-04-25 05:10:49	worker	prabowo;2017-04-23 - 2017-04-23;submitSocial;all;arwin
2017-04-25 05:10:52	worker	sudirman said;2017-04-23 - 2017-04-23;submitSocial;all;arwin
2017-04-25 05:10:55	worker	setyanovanto;2017-04-23 - 2017-04-23;submitSocial;all;arwin
2017-04-25 05:11:00	worker	galau;2017-04-23 - 2017-04-23;submitSocial;all;arwin
2017-04-25 05:11:03	worker	#prestasiindonesia;2017-04-23 - 2017-04-23;submitSocial;all;arwin
2017-04-25 05:11:06	worker	@Tw_Debi;2017-04-23 - 2017-04-23;submitSocial;all;arwin
2017-04-25 05:11:08	worker	@OfficialFastron;2017-04-23 - 2017-04-23;submitSocial;all;arwin
2017-04-25 05:11:11	worker	@CitibankID;2017-04-23 - 2017-04-23;submitSocial;all;arwin
2017-04-25 05:11:14	worker	@jak101fm;2017-04-23 - 2017-04-23;submitSocial;all;arwin
2017-04-25 05:11:17	worker	@genfm;2017-04-23 - 2017-04-23;submitSocial;all;arwin
