2017-09-28 05:00:08	worker	@987genfm;2017-09-26 - 2017-09-26;submitSocial;all;arwin
2017-09-28 05:00:11	worker	@101jakfm;2017-09-26 - 2017-09-26;submitSocial;all;arwin
2017-09-28 05:00:14	worker	@prambors;2017-09-26 - 2017-09-26;submitSocial;all;arwin
2017-09-28 05:00:17	worker	@hardrockfm;2017-09-26 - 2017-09-26;submitSocial;all;arwin
2017-09-28 05:00:20	worker	@kisfmjakarta;2017-09-26 - 2017-09-26;submitSocial;all;arwin
2017-09-28 05:00:22	worker	@delta_fm;2017-09-26 - 2017-09-26;submitSocial;all;arwin
2017-09-28 05:00:25	worker	@traxfmjkt;2017-09-26 - 2017-09-26;submitSocial;all;arwin
2017-09-28 05:00:28	worker	@iradiojakarta;2017-09-26 - 2017-09-26;submitSocial;all;arwin
2017-09-28 05:00:30	worker	@indika9160fm;2017-09-26 - 2017-09-26;submitSocial;all;arwin
2017-09-28 05:00:32	worker	@shellindonesia;2017-09-26 - 2017-09-26;submitSocial;all;arwin
2017-09-28 05:00:35	worker	@vpowerfans;2017-09-26 - 2017-09-26;submitSocial;all;arwin
2017-09-28 05:00:37	worker	@pertamaxind;2017-09-26 - 2017-09-26;submitSocial;all;arwin
2017-09-28 05:00:40	worker	@ptpertamina;2017-09-26 - 2017-09-26;submitSocial;all;arwin
2017-09-28 05:00:43	worker	@OZRadioJakarta;2017-09-26 - 2017-09-26;submitSocial;all;arwin
2017-09-28 05:00:45	worker	@CosmopolitanFM;2017-09-26 - 2017-09-26;submitSocial;all;arwin
2017-09-28 05:00:47	worker	@mustang88fm;2017-09-26 - 2017-09-26;submitSocial;all;arwin
2017-09-28 05:00:49	worker	@debabaz;2017-09-26 - 2017-09-26;submitSocial;all;arwin
2017-09-28 05:00:53	worker	@detikcom;2017-09-26 - 2017-09-26;submitSocial;all;arwin
2017-09-28 05:00:56	worker	@radioelshinta;2017-09-26 - 2017-09-26;submitSocial;all;arwin
2017-09-28 05:00:58	worker	@cinema21;2017-09-26 - 2017-09-26;submitSocial;all;arwin
2017-09-28 05:01:01	worker	@OfficialRCTI;2017-09-26 - 2017-09-26;submitSocial;all;arwin
2017-09-28 05:01:04	worker	@TRANSTV_CORP;2017-09-26 - 2017-09-26;submitSocial;all;arwin
2017-09-28 05:01:06	worker	@TRANS7;2017-09-26 - 2017-09-26;submitSocial;all;arwin
2017-09-28 05:01:13	worker	@Metro_TV;2017-09-26 - 2017-09-26;submitSocial;all;arwin
2017-09-28 05:01:19	worker	@tvOneNews;2017-09-26 - 2017-09-26;submitSocial;all;arwin
2017-09-28 05:01:22	worker	@whatsonANTV;2017-09-26 - 2017-09-26;submitSocial;all;arwin
2017-09-28 05:01:25	worker	@SCTV_;2017-09-26 - 2017-09-26;submitSocial;all;arwin
2017-09-28 05:01:28	worker	@KompasTV;2017-09-26 - 2017-09-26;submitSocial;all;arwin
2017-09-28 05:01:31	worker	@netmediatama;2017-09-26 - 2017-09-26;submitSocial;all;arwin
2017-09-28 05:01:34	worker	@Globaltvseru;2017-09-26 - 2017-09-26;submitSocial;all;arwin
2017-09-28 05:01:36	worker	@JaktvCom;2017-09-26 - 2017-09-26;submitSocial;all;arwin
2017-09-28 05:01:41	worker	@TVRINasional;2017-09-26 - 2017-09-26;submitSocial;all;arwin
2017-09-28 05:01:43	worker	@ochannelupdates;2017-09-26 - 2017-09-26;submitSocial;all;arwin
2017-09-28 05:01:46	worker	@IndosiarID;2017-09-26 - 2017-09-26;submitSocial;all;arwin
2017-09-28 05:01:51	worker	@kompascom;2017-09-26 - 2017-09-26;submitSocial;all;arwin
2017-09-28 05:01:54	worker	@merdekadotcom;2017-09-26 - 2017-09-26;submitSocial;all;arwin
2017-09-28 05:01:56	worker	@MIdotcom;2017-09-26 - 2017-09-26;submitSocial;all;arwin
2017-09-28 05:01:59	worker	@tempodotco;2017-09-26 - 2017-09-26;submitSocial;all;arwin
2017-09-28 05:02:01	worker	@motion975fm;2017-09-26 - 2017-09-26;submitSocial;all;arwin
2017-09-28 05:02:04	worker	@_radiotoday;2017-09-26 - 2017-09-26;submitSocial;all;arwin
2017-09-28 05:02:07	worker	@radioinfo;2017-09-26 - 2017-09-26;submitSocial;all;arwin
2017-09-28 05:02:09	worker	@979FeMaleRadio;2017-09-26 - 2017-09-26;submitSocial;all;arwin
2017-09-28 05:02:11	worker	@WomanRadio943FM;2017-09-26 - 2017-09-26;submitSocial;all;arwin
2017-09-28 05:02:14	worker	@VRadioFM;2017-09-26 - 2017-09-26;submitSocial;all;arwin
2017-09-28 05:02:16	worker	@UFM947;2017-09-26 - 2017-09-26;submitSocial;all;arwin
2017-09-28 05:02:18	worker	@VIVAnews;2017-09-26 - 2017-09-26;submitSocial;all;arwin
2017-09-28 05:02:21	worker	@antaranews;2017-09-26 - 2017-09-26;submitSocial;all;arwin
2017-09-28 05:02:24	worker	@tribunnews;2017-09-26 - 2017-09-26;submitSocial;all;arwin
2017-09-28 05:02:26	worker	@okezonenews;2017-09-26 - 2017-09-26;submitSocial;all;arwin
2017-09-28 05:02:29	worker	@Beritasatu;2017-09-26 - 2017-09-26;submitSocial;all;arwin
2017-09-28 05:02:31	worker	@rollingstoneina;2017-09-26 - 2017-09-26;submitSocial;all;arwin
2017-09-28 05:02:34	worker	@FIMELAdotcom;2017-09-26 - 2017-09-26;submitSocial;all;arwin
2017-09-28 05:02:36	worker	@KapanLagicom;2017-09-26 - 2017-09-26;submitSocial;all;arwin
2017-09-28 05:02:39	worker	@KompasEnt ;2017-09-26 - 2017-09-26;submitSocial;all;arwin
2017-09-28 05:02:41	worker	@HaiMagazine;2017-09-26 - 2017-09-26;submitSocial;all;arwin
2017-09-28 05:02:44	worker	@JakartaVenue;2017-09-26 - 2017-09-26;submitSocial;all;arwin
2017-09-28 05:02:46	worker	@SeputarEvent;2017-09-26 - 2017-09-26;submitSocial;all;arwin
2017-09-28 05:02:48	worker	@ismayaLive;2017-09-26 - 2017-09-26;submitSocial;all;arwin
2017-09-28 05:02:51	worker	@ECEntertainment;2017-09-26 - 2017-09-26;submitSocial;all;arwin
2017-09-28 05:02:53	worker	@synergism_En;2017-09-26 - 2017-09-26;submitSocial;all;arwin
2017-09-28 05:02:55	worker	@Urbanbandung;2017-09-26 - 2017-09-26;submitSocial;all;arwin
2017-09-28 05:02:57	worker	@Urbanrkm995;2017-09-26 - 2017-09-26;submitSocial;all;arwin
2017-09-28 05:02:59	worker	@Garuda_Promo;2017-09-26 - 2017-09-26;submitSocial;all;arwin
2017-09-28 05:03:02	worker	@AirAsiaID;2017-09-26 - 2017-09-26;submitSocial;all;arwin
2017-09-28 05:03:04	worker	@KAI121;2017-09-26 - 2017-09-26;submitSocial;all;arwin
2017-09-28 05:03:07	worker	@Unilever;2017-09-26 - 2017-09-26;submitSocial;all;arwin
2017-09-28 05:03:10	worker	@Nestle;2017-09-26 - 2017-09-26;submitSocial;all;arwin
2017-09-28 05:03:14	worker	@CocaCola;2017-09-26 - 2017-09-26;submitSocial;all;arwin
2017-09-28 05:03:22	worker	@CNN;2017-09-26 - 2017-09-26;submitSocial;all;arwin
2017-09-28 05:03:26	worker	@MTV;2017-09-26 - 2017-09-26;submitSocial;all;arwin
2017-09-28 05:03:29	worker	@channelv;2017-09-26 - 2017-09-26;submitSocial;all;arwin
2017-09-28 05:03:31	worker	@iTunesMusic;2017-09-26 - 2017-09-26;submitSocial;all;arwin
2017-09-28 05:03:36	worker	@mashable;2017-09-26 - 2017-09-26;submitSocial;all;arwin
2017-09-28 05:03:38	worker	@decacaz;2017-09-26 - 2017-09-26;submitSocial;all;arwin
2017-09-28 05:03:40	worker	@radiobaru967FM;2017-09-26 - 2017-09-26;submitSocial;all;arwin
2017-09-28 05:03:42	worker	@967HitzFM;2017-09-26 - 2017-09-26;submitSocial;all;arwin
2017-09-28 05:03:45	worker	@TVGuide;2017-09-26 - 2017-09-26;submitSocial;all;arwin
2017-09-28 05:03:47	worker	@XL123;2017-09-26 - 2017-09-26;submitSocial;all;arwin
2017-09-28 05:03:50	worker	@triindonesia;2017-09-26 - 2017-09-26;submitSocial;all;arwin
2017-09-28 05:03:53	worker	@kaskus;2017-09-26 - 2017-09-26;submitSocial;all;arwin
2017-09-28 05:03:55	worker	@Studio_XXI;2017-09-26 - 2017-09-26;submitSocial;all;arwin
2017-09-28 05:03:57	worker	@blitzmegaplex;2017-09-26 - 2017-09-26;submitSocial;all;arwin
2017-09-28 05:03:59	worker	@alfamartku;2017-09-26 - 2017-09-26;submitSocial;all;arwin
2017-09-28 05:04:02	worker	@Carrefour_ID;2017-09-26 - 2017-09-26;submitSocial;all;arwin
2017-09-28 05:04:07	worker	@BBCBreaking;2017-09-26 - 2017-09-26;submitSocial;all;arwin
2017-09-28 05:04:13	worker	@Forbes;2017-09-26 - 2017-09-26;submitSocial;all;arwin
2017-09-28 05:04:15	worker	@BensRadio;2017-09-26 - 2017-09-26;submitSocial;all;arwin
2017-09-28 05:04:21	worker	@instagram;2017-09-26 - 2017-09-26;submitSocial;all;arwin
2017-09-28 05:04:24	worker	@Pinterest;2017-09-26 - 2017-09-26;submitSocial;all;arwin
2017-09-28 05:04:31	worker	@google;2017-09-26 - 2017-09-26;submitSocial;all;arwin
2017-09-28 05:04:33	worker	@Pertaminalub;2017-09-26 - 2017-09-26;submitSocial;all;arwin
2017-09-28 05:04:36	worker	@InfoLalinTol;2017-09-26 - 2017-09-26;submitSocial;all;arwin
2017-09-28 05:04:39	worker	@PTJASAMARGA;2017-09-26 - 2017-09-26;submitSocial;all;arwin
2017-09-28 05:04:41	worker	@cititransindo;2017-09-26 - 2017-09-26;submitSocial;all;arwin
2017-09-28 05:04:44	worker	#semangatpagisuperr;2017-09-26 - 2017-09-26;submitSocial;all;arwin
2017-09-28 05:04:46	worker	#genkuisinsideout;2017-09-26 - 2017-09-26;submitSocial;all;arwin
2017-09-28 05:04:48	worker	#semangatpagi;2017-09-26 - 2017-09-26;submitSocial;all;arwin
2017-09-28 05:04:51	worker	#dikamar;2017-09-26 - 2017-09-26;submitSocial;all;arwin
2017-09-28 05:04:53	worker	#kopaja;2017-09-26 - 2017-09-26;submitSocial;all;arwin
2017-09-28 05:04:55	worker	#generaksi8;2017-09-26 - 2017-09-26;submitSocial;all;arwin
2017-09-28 05:04:58	worker	#hitztsp;2017-09-26 - 2017-09-26;submitSocial;all;arwin
2017-09-28 05:05:01	worker	#np;2017-09-26 - 2017-09-26;submitSocial;all;arwin
2017-09-28 05:05:05	worker	#hitzlivestage;2017-09-26 - 2017-09-26;submitSocial;all;arwin
2017-09-28 05:05:08	worker	#thefreaks;2017-09-26 - 2017-09-26;submitSocial;all;arwin
2017-09-28 05:05:10	worker	#hitzsirkuspagi;2017-09-26 - 2017-09-26;submitSocial;all;arwin
2017-09-28 05:05:13	worker	#hitzathlon;2017-09-26 - 2017-09-26;submitSocial;all;arwin
2017-09-28 05:05:15	worker	#hitzzombie;2017-09-26 - 2017-09-26;submitSocial;all;arwin
2017-09-28 05:05:18	worker	#hitzkalong;2017-09-26 - 2017-09-26;submitSocial;all;arwin
2017-09-28 05:05:20	worker	#hitzbebas;2017-09-26 - 2017-09-26;submitSocial;all;arwin
2017-09-28 05:05:23	worker	#hitzhorehara;2017-09-26 - 2017-09-26;submitSocial;all;arwin
2017-09-28 05:05:25	worker	@ZaloraID;2017-09-26 - 2017-09-26;submitSocial;all;arwin
2017-09-28 05:05:27	worker	@OLX_Indonesia;2017-09-26 - 2017-09-26;submitSocial;all;arwin
2017-09-28 05:05:30	worker	@LazadaID;2017-09-26 - 2017-09-26;submitSocial;all;arwin
2017-09-28 05:05:32	worker	@utrippers;2017-09-26 - 2017-09-26;submitSocial;all;arwin
2017-09-28 05:05:35	worker	@GoGobot;2017-09-26 - 2017-09-26;submitSocial;all;arwin
2017-09-28 05:05:37	worker	@viatortravel;2017-09-26 - 2017-09-26;submitSocial;all;arwin
2017-09-28 05:05:40	worker	@alandakariza;2017-09-26 - 2017-09-26;submitSocial;all;arwin
2017-09-28 05:05:42	worker	@gagasmedia;2017-09-26 - 2017-09-26;submitSocial;all;arwin
2017-09-28 05:05:44	worker	@welovehonda;2017-09-26 - 2017-09-26;submitSocial;all;arwin
2017-09-28 05:05:47	worker	@SuzukiMotorID;2017-09-26 - 2017-09-26;submitSocial;all;arwin
2017-09-28 05:05:49	worker	@kawasakilovers;2017-09-26 - 2017-09-26;submitSocial;all;arwin
2017-09-28 05:05:51	worker	@yamahaindonesia;2017-09-26 - 2017-09-26;submitSocial;all;arwin
2017-09-28 05:05:54	worker	@tripanzee;2017-09-26 - 2017-09-26;submitSocial;all;arwin
2017-09-28 05:05:56	worker	@arnoldpoernomo;2017-09-26 - 2017-09-26;submitSocial;all;arwin
2017-09-28 05:05:59	worker	@nicsap;2017-09-26 - 2017-09-26;submitSocial;all;arwin
2017-09-28 05:06:01	worker	@tiket2;2017-09-26 - 2017-09-26;submitSocial;all;arwin
2017-09-28 05:06:04	worker	@traveloka;2017-09-26 - 2017-09-26;submitSocial;all;arwin
2017-09-28 05:06:07	worker	@wego;2017-09-26 - 2017-09-26;submitSocial;all;arwin
2017-09-28 05:06:10	worker	@agoda;2017-09-26 - 2017-09-26;submitSocial;all;arwin
2017-09-28 05:06:13	worker	#salahsambung;2017-09-26 - 2017-09-26;submitSocial;all;arwin
2017-09-28 05:06:15	worker	#tulalit;2017-09-26 - 2017-09-26;submitSocial;all;arwin
2017-09-28 05:06:17	worker	#pestageneraksi8;2017-09-26 - 2017-09-26;submitSocial;all;arwin
2017-09-28 05:06:19	worker	#ganaskustik;2017-09-26 - 2017-09-26;submitSocial;all;arwin
2017-09-28 05:06:21	worker	#lnhot20;2017-09-26 - 2017-09-26;submitSocial;all;arwin
2017-09-28 05:06:24	worker	@TripAdvisor;2017-09-26 - 2017-09-26;submitSocial;all;arwin
2017-09-28 05:06:31	worker	@google;2017-09-26 - 2017-09-26;submitSocial;all;arwin
2017-09-28 05:06:35	worker	@Telkomsel;2017-09-26 - 2017-09-26;submitSocial;all;arwin
2017-09-28 05:06:38	worker	@indosat;2017-09-26 - 2017-09-26;submitSocial;all;arwin
2017-09-28 05:06:41	worker	@bahanafmjkt;2017-09-26 - 2017-09-26;submitSocial;all;2017-09-28 05:06:46	worker	@sonorafm92;2017-09-26 - 2017-09-26;submitSocial;all;arwin
2017-09-28 05:06:48	worker	@litefm1058;2017-09-26 - 2017-09-26;submitSocial;all;arwin
2017-09-28 05:06:50	worker	@Bravaradio;2017-09-26 - 2017-09-26;submitSocial;all;arwin
2017-09-28 05:06:53	worker	#dgitm;2017-09-26 - 2017-09-26;submitSocial;all;arwin
2017-09-28 05:06:55	worker	#hitsalaprambors;2017-09-26 - 2017-09-26;submitSocial;all;arwin
2017-09-28 05:06:57	worker	#reqprambors;2017-09-26 - 2017-09-26;submitSocial;all;arwin
2017-09-28 05:07:00	worker	#thedandees;2017-09-26 - 2017-09-26;submitSocial;all;arwin
2017-09-28 05:07:02	worker	#pramborsquiz;2017-09-26 - 2017-09-26;submitSocial;all;arwin
2017-09-28 05:07:04	worker	#jeliprambors;2017-09-26 - 2017-09-26;submitSocial;all;arwin
2017-09-28 05:07:06	worker	#jodohinprambors;2017-09-26 - 2017-09-26;submitSocial;all;arwin
2017-09-28 05:07:08	worker	#ubahdenganbicara;2017-09-26 - 2017-09-26;submitSocial;all;arwin
2017-09-28 05:07:11	worker	#pramborschat;2017-09-26 - 2017-09-26;submitSocial;all;arwin
2017-09-28 05:07:13	worker	#tweetforduit;2017-09-26 - 2017-09-26;submitSocial;all;arwin
2017-09-28 05:07:15	worker	#joki3in1;2017-09-26 - 2017-09-26;submitSocial;all;arwin
2017-09-28 05:07:17	worker	#sarapanseru;2017-09-26 - 2017-09-26;submitSocial;all;arwin
2017-09-28 05:07:20	worker	#rawonkaneloop;2017-09-26 - 2017-09-26;submitSocial;all;arwin
2017-09-28 05:07:22	worker	#gudegkendilkeraton;2017-09-26 - 2017-09-26;submitSocial;all;arwin
2017-09-28 05:07:24	worker	#gadogadobutika;2017-09-26 - 2017-09-26;submitSocial;all;arwin
2017-09-28 05:07:26	worker	#mtvhottest;2017-09-26 - 2017-09-26;submitSocial;all;arwin
2017-09-28 05:07:29	worker	#dimsumcjdw;2017-09-26 - 2017-09-26;submitSocial;all;arwin
2017-09-28 05:07:31	worker	#pecelmadiunmbakniek;2017-09-26 - 2017-09-26;submitSocial;all;arwin
2017-09-28 05:07:33	worker	#depotarema;2017-09-26 - 2017-09-26;submitSocial;all;arwin
2017-09-28 05:07:35	worker	@BNI46;2017-09-26 - 2017-09-26;submitSocial;all;arwin
2017-09-28 05:07:38	worker	@BANKBRI_ID;2017-09-26 - 2017-09-26;submitSocial;all;arwin
2017-09-28 05:07:40	worker	#bni46;2017-09-26 - 2017-09-26;submitSocial;all;arwin
2017-09-28 05:07:45	worker	macet;2017-09-26 - 2017-09-26;submitSocial;all;arwin
2017-09-28 05:07:47	worker	#selamatpagi;2017-09-26 - 2017-09-26;submitSocial;all;arwin
2017-09-28 05:07:49	worker	#selamatmalam;2017-09-26 - 2017-09-26;submitSocial;all;arwin
2017-09-28 05:07:52	worker	@884GlobalRadio;2017-09-26 - 2017-09-26;submitSocial;all;arwin
2017-09-28 05:07:54	worker	@day_trans;2017-09-26 - 2017-09-26;submitSocial;all;arwin
2017-09-28 05:07:56	worker	@kencanavoyage;2017-09-26 - 2017-09-26;submitSocial;all;arwin
2017-09-28 05:07:59	worker	@jukebox5d;2017-09-26 - 2017-09-26;submitSocial;all;arwin
2017-09-28 05:08:01	worker	#mtvhottest;2017-09-26 - 2017-09-26;submitSocial;all;arwin
2017-09-28 05:08:04	worker	#semangatpagi;2017-09-26 - 2017-09-26;submitSocial;all;arwin
2017-09-28 05:08:07	worker	lifebuoy;2017-09-26 - 2017-09-26;submitSocial;all;arwin
2017-09-28 05:08:14	worker	jokowi;2017-09-26 - 2017-09-26;submitSocial;all;arwin
2017-09-28 05:08:24	worker	obama;2017-09-26 - 2017-09-26;submitSocial;all;arwin
2017-09-28 05:08:27	worker	starwars;2017-09-26 - 2017-09-26;submitSocial;all;arwin
2017-09-28 05:08:31	worker	jonan;2017-09-26 - 2017-09-26;submitSocial;all;arwin
2017-09-28 05:08:41	worker	pagi;2017-09-26 - 2017-09-26;submitSocial;all;arwin
2017-09-28 05:08:44	worker	sampoerna;2017-09-26 - 2017-09-26;submitSocial;all;arwin
2017-09-28 05:08:47	worker	djarum;2017-09-26 - 2017-09-26;submitSocial;all;arwin
2017-09-28 05:08:49	worker	#semangatpagi;2017-09-26 - 2017-09-26;submitSocial;all;arwin
2017-09-28 05:08:51	worker	#generaksi8;2017-09-26 - 2017-09-26;submitSocial;all;arwin
2017-09-28 05:08:53	worker	#365alasan;2017-09-26 - 2017-09-26;submitSocial;all;arwin
2017-09-28 05:08:57	worker	weew;2017-09-26 - 2017-09-26;submitSocial;all;arwin
2017-09-28 05:09:06	worker	testing;2017-09-26 - 2017-09-26;submitSocial;all;arwin
2017-09-28 05:09:09	worker	#kopaja;2017-09-26 - 2017-09-26;submitSocial;all;arwin
2017-09-28 05:09:11	worker	#genkuisinsideout;2017-09-26 - 2017-09-26;submitSocial;all;arwin
2017-09-28 05:09:14	worker	starwars;2017-09-26 - 2017-09-26;submitSocial;all;arwin
2017-09-28 05:09:17	worker	#kopaja;2017-09-26 - 2017-09-26;submitSocial;all;arwin
2017-09-28 05:09:20	worker	mldspot;2017-09-26 - 2017-09-26;submitSocial;all;arwin
2017-09-28 05:09:22	worker	PBDjarum;2017-09-26 - 2017-09-26;submitSocial;all;arwin
2017-09-28 05:09:25	worker	TemanNabati;2017-09-26 - 2017-09-26;submitSocial;all;arwin
2017-09-28 05:09:28	worker	Nextar;2017-09-26 - 2017-09-26;submitSocial;all;arwin
2017-09-28 05:09:31	worker	jokowo;2017-09-26 - 2017-09-26;submitSocial;all;arwin
2017-09-28 05:09:35	worker	prabowo;2017-09-26 - 2017-09-26;submitSocial;all;arwin
2017-09-28 05:09:37	worker	sudirman said;2017-09-26 - 2017-09-26;submitSocial;all;arwin
2017-09-28 05:09:41	worker	ahok;2017-09-26 - 2017-09-26;submitSocial;all;arwin
2017-09-28 05:09:44	worker	setyanovanto;2017-09-26 - 2017-09-26;submitSocial;all;arwin
2017-09-28 05:09:50	worker	jokowi;2017-09-26 - 2017-09-26;submitSocial;all;arwin
2017-09-28 05:09:54	worker	ahok;2017-09-26 - 2017-09-26;submitSocial;all;arwin
2017-09-28 05:09:58	worker	prabowo;2017-09-26 - 2017-09-26;submitSocial;all;arwin
2017-09-28 05:10:00	worker	sudirman said;2017-09-26 - 2017-09-26;submitSocial;all;arwin
2017-09-28 05:10:03	worker	setyanovanto;2017-09-26 - 2017-09-26;submitSocial;all;arwin
2017-09-28 05:10:08	worker	galau;2017-09-26 - 2017-09-26;submitSocial;all;arwin
2017-09-28 05:10:11	worker	#prestasiindonesia;2017-09-26 - 2017-09-26;submitSocial;all;arwin
2017-09-28 05:10:13	worker	@Tw_Debi;2017-09-26 - 2017-09-26;submitSocial;all;arwin
2017-09-28 05:10:16	worker	@OfficialFastron;2017-09-26 - 2017-09-26;submitSocial;all;arwin
2017-09-28 05:10:19	worker	@CitibankID;2017-09-26 - 2017-09-26;submitSocial;all;arwin
2017-09-28 05:10:21	worker	@jak101fm;2017-09-26 - 2017-09-26;submitSocial;all;arwin
2017-09-28 05:10:24	worker	@genfm;2017-09-26 - 2017-09-26;submitSocial;all;arwin
2017-09-28 13:43:21	worker	look what you made me do from taylor13;2017-09-21 - 2017-09-27;submitAdvanced;all;admin	look what you made me do from taylor13;2017-09-21 - 2017-09-27;submitAdvanced;all;admin
2017-09-28 13:43:23	done	look what you made me do from taylor13;2017-09-21 - 2017-09-27;submitAdvanced;all;admin
2017-09-28 13:43:38	worker	there's nothing holding back from shawnmendes;2017-09-21 - 2017-09-27;submitAdvanced;all;admin	there's nothing holding back from shawnmendes;2017-09-21 - 2017-09-27;submitAdvanced;all;admin
2017-09-28 13:43:38	done	there's nothing holding back from shawnmendes;2017-09-21 - 2017-09-27;submitAdvanced;all;admin
2017-09-28 13:43:52	worker	feels from calvinharris;2017-09-21 - 2017-09-27;submitAdvanced;all;admin	feels from calvinharris;2017-09-21 - 2017-09-27;submitAdvanced;all;admin
2017-09-28 13:43:53	done	feels from calvinharris;2017-09-21 - 2017-09-27;submitAdvanced;all;admin
2017-09-28 13:46:20	worker	look what you made me do;2017-09-21 - 2017-09-27;submitSocial;all;admin	look what you made me do;2017-09-21 - 2017-09-27;submitSocial;all;admin
2017-09-28 13:46:20	done	look what you made me do;2017-09-21 - 2017-09-27;submitSocial;all;admin
2017-09-28 13:46:21	worker	there's nothing holding back;2017-09-21 - 2017-09-27;submitSocial;all;admin	there's nothing holding back;2017-09-21 - 2017-09-27;submitSocial;all;admin
2017-09-28 13:46:23	done	there's nothing holding back;2017-09-21 - 2017-09-27;submitSocial;all;admin
2017-09-28 13:47:53	worker	dusk till dawn;2017-09-21 - 2017-09-27;submitSocial;all;admin	dusk till dawn;2017-09-21 - 2017-09-27;submitSocial;all;admin
2017-09-28 13:47:54	done	dusk till dawn;2017-09-21 - 2017-09-27;submitSocial;all;admin
2017-09-28 13:48:06	report	look what you made me do!dusk till dawn;09/21/2017 - 09/27/2017;admin;submitSocial	{"look what you made me do":{"area":18,"medium":{"2017-09-21":2,"2017-09-22":3,"2017-09-23":3,"2017-09-24":2,"2017-09-25":1,"2017-09-26":4,"2017-09-27":3},"unique_screenname":15,"dev":{"Iphone":4,"Android":11,"Web":3,"Blackberry":0},"loc":{"Jakarta":1,"Depok":0,"Bogor":0,"Tangerang":2,"Bekasi":0},"sentimen":{"goodwords":0.05,"badwords":0,"netral":99.95}},"dusk till dawn":{"area":102,"medium":{"2017-09-21":8,"2017-09-22":2,"2017-09-23":8,"2017-09-24":11,"2017-09-25":29,"2017-09-26":29,"2017-09-27":15},"unique_screenname":96,"dev":{"Iphone":15,"Android":64,"Web":13,"Blackberry":0},"loc":{"Jakarta":2,"Depok":0,"Bogor":6,"Tangerang":3,"Bekasi":4},"sentimen":{"goodwords":0.07,"badwords":0.07,"netral":99.85}}}
2017-09-28 13:56:47	worker	look what you made me do from taylor swift;2017-09-07 - 2017-09-27;submitAdvanced;all;admin	look what you made me do from taylor swift;2017-09-07 - 2017-09-27;submitAdvanced;all;admin
2017-09-28 13:56:49	done	look what you made me do from taylor swift;2017-09-07 - 2017-09-27;submitAdvanced;all;admin
2017-09-28 13:57:40	worker	dusk till dawn from zayn malik;2017-09-07 - 2017-09-27;submitAdvanced;all;admin	dusk till dawn from zayn malik;2017-09-07 - 2017-09-27;submitAdvanced;all;admin
2017-09-28 13:57:40	done	dusk till dawn from zayn malik;2017-09-07 - 2017-09-27;submitAdvanced;all;admin
2017-09-28 13:58:14	report	look what you made me do From taylor swift!dusk till dawn From zayn malik;09/07/2017 - 09/27/2017;admin;submitAdvanced	{"look what you made me do From taylor swift":{"area":61,"medium":{"2017-09-07":2,"2017-09-08":2,"2017-09-09":0,"2017-09-10":1,"2017-09-11":39,"2017-09-12":10,"2017-09-13":0,"2017-09-14":0,"2017-09-15":0,"2017-09-16":0,"2017-09-17":3,"2017-09-18":0,"2017-09-19":1,"2017-09-20":0,"2017-09-21":1,"2017-09-22":0,"2017-09-23":2,"2017-09-24":0,"2017-09-25":0,"2017-09-26":0,"2017-09-27":0},"unique_screenname":57,"dev":{"Iphone":9,"Android":31,"Web":9,"Blackberry":1},"loc":{"Jakarta":1,"Depok":1,"Bogor":0,"Tangerang":1,"Bekasi":0},"sentimen":{"goodwords":0.01,"badwords":0,"netral":99.99}},"dusk till dawn From zayn malik":{"area":11,"medium":{"2017-09-07":0,"2017-09-08":2,"2017-09-09":3,"2017-09-10":1,"2017-09-11":0,"2017-09-12":0,"2017-09-13":0,"2017-09-14":0,"2017-09-15":0,"2017-09-16":0,"2017-09-17":1,"2017-09-18":0,"2017-09-19":0,"2017-09-20":0,"2017-09-21":0,"2017-09-22":1,"2017-09-23":0,"2017-09-24":0,"2017-09-25":2,"2017-09-26":0,"2017-09-27":1},"unique_screenname":11,"dev":{"Iphone":0,"Android":5,"Web":2,"Blackberry":2},"loc":{"Jakarta":2,"Depok":0,"Bogor":2,"Tangerang":0,"Bekasi":0},"sentimen":{"goodwords":0,"badwords":0,"netral":100}}}
2017-09-28 14:03:37	worker	look what you made me do from taylor;2017-09-07 - 2017-09-27;submitAdvanced;all;admin	look what you made me do from taylor;2017-09-07 - 2017-09-27;submitAdvanced;all;admin
2017-09-28 14:03:37	done	look what you made me do from taylor;2017-09-07 - 2017-09-27;submitAdvanced;all;admin
2017-09-28 14:04:30	worker	dusk till dawn from zayn;2017-09-07 - 2017-09-27;submitAdvanced;all;admin	dusk till dawn from zayn;2017-09-07 - 2017-09-27;submitAdvanced;all;admin
2017-09-28 14:04:30	done	dusk till dawn from zayn;2017-09-07 - 2017-09-27;submitAdvanced;all;admin
2017-09-28 14:05:23	report	look what you made me do From taylor!dusk till dawn From zayn;09/07/2017 - 09/27/2017;admin;submitAdvanced	{"look what you made me do From taylor":{"area":66,"medium":{"2017-09-07":2,"2017-09-08":2,"2017-09-09":0,"2017-09-10":2,"2017-09-11":39,"2017-09-12":11,"2017-09-13":0,"2017-09-14":0,"2017-09-15":0,"2017-09-16":0,"2017-09-17":3,"2017-09-18":0,"2017-09-19":1,"2017-09-20":0,"2017-09-21":2,"2017-09-22":0,"2017-09-23":2,"2017-09-24":0,"2017-09-25":0,"2017-09-26":2,"2017-09-27":0},"unique_screenname":61,"dev":{"Iphone":9,"Android":34,"Web":10,"Blackberry":1},"loc":{"Jakarta":2,"Depok":1,"Bogor":0,"Tangerang":1,"Bekasi":0},"sentimen":{"goodwords":0.01,"badwords":0,"netral":99.99}},"dusk till dawn From zayn":{"area":115,"medium":{"2017-09-07":8,"2017-09-08":15,"2017-09-09":7,"2017-09-10":2,"2017-09-11":18,"2017-09-12":9,"2017-09-13":2,"2017-09-14":1,"2017-09-15":4,"2017-09-16":2,"2017-09-17":2,"2017-09-18":2,"2017-09-19":1,"2017-09-20":1,"2017-09-21":3,"2017-09-22":2,"2017-09-23":0,"2017-09-24":1,"2017-09-25":3,"2017-09-26":27,"2017-09-27":5},"unique_screenname":100,"dev":{"Iphone":14,"Android":62,"Web":25,"Blackberry":4},"loc":{"Jakarta":9,"Depok":1,"Bogor":8,"Tangerang":0,"Bekasi":2},"sentimen":{"goodwords":0.02,"badwords":0,"netral":99.98}}}
2017-09-28 14:16:21	worker	look what you made me do from swift;2017-09-21 - 2017-09-27;submitAdvanced;all;admin	look what you made me do from swift;2017-09-21 - 2017-09-27;submitAdvanced;all;admin
2017-09-28 14:16:22	done	look what you made me do from swift;2017-09-21 - 2017-09-27;submitAdvanced;all;admin
2017-09-28 14:16:36	worker	dusk till dawn from sia;2017-09-21 - 2017-09-27;submitAdvanced;all;admin	dusk till dawn from sia;2017-09-21 - 2017-09-27;submitAdvanced;all;admin
2017-09-28 14:16:37	done	dusk till dawn from sia;2017-09-21 - 2017-09-27;submitAdvanced;all;admin
2017-09-28 14:17:31	worker	look what you made me do from swift;2017-09-07 - 2017-09-20;submitAdvanced;all;admin	look what you made me do from swift;2017-09-07 - 2017-09-27;submitAdvanced;all;admin
2017-09-28 14:17:32	done	look what you made me do from swift;2017-09-07 - 2017-09-27;submitAdvanced;all;admin
2017-09-28 14:18:13	worker	dusk till dawn from sia;2017-09-07 - 2017-09-20;submitAdvanced;all;admin	dusk till dawn from sia;2017-09-07 - 2017-09-27;submitAdvanced;all;admin
2017-09-28 14:18:13	done	dusk till dawn from sia;2017-09-07 - 2017-09-27;submitAdvanced;all;admin
2017-09-28 14:18:47	report	look what you made me do From swift!dusk till dawn From sia;09/07/2017 - 09/27/2017;admin;submitAdvanced	{"look what you made me do From swift":{"area":62,"medium":{"2017-09-07":2,"2017-09-08":2,"2017-09-09":0,"2017-09-10":1,"2017-09-11":39,"2017-09-12":10,"2017-09-13":0,"2017-09-14":0,"2017-09-15":0,"2017-09-16":0,"2017-09-17":3,"2017-09-18":0,"2017-09-19":1,"2017-09-20":0,"2017-09-21":1,"2017-09-22":0,"2017-09-23":2,"2017-09-24":0,"2017-09-25":1,"2017-09-26":0,"2017-09-27":0},"unique_screenname":58,"dev":{"Iphone":9,"Android":32,"Web":9,"Blackberry":1},"loc":{"Jakarta":1,"Depok":1,"Bogor":0,"Tangerang":1,"Bekasi":0},"sentimen":{"goodwords":0.01,"badwords":0,"netral":99.99}},"dusk till dawn From sia":{"area":78,"medium":{"2017-09-07":0,"2017-09-08":8,"2017-09-09":2,"2017-09-10":1,"2017-09-11":18,"2017-09-12":2,"2017-09-13":0,"2017-09-14":1,"2017-09-15":3,"2017-09-16":0,"2017-09-17":0,"2017-09-18":1,"2017-09-19":0,"2017-09-20":0,"2017-09-21":0,"2017-09-22":1,"2017-09-23":0,"2017-09-24":0,"2017-09-25":13,"2017-09-26":24,"2017-09-27":4},"unique_screenname":72,"dev":{"Iphone":8,"Android":41,"Web":16,"Blackberry":3},"loc":{"Jakarta":5,"Depok":0,"Bogor":5,"Tangerang":1,"Bekasi":3},"sentimen":{"goodwords":0.02,"badwords":0,"netral":99.98}}}
2017-09-28 14:28:18	worker	look what you made me do from swiftie;2017-09-07 - 2017-09-27;submitAdvanced;all;admin	look what you made me do from swiftie;2017-09-07 - 2017-09-27;submitAdvanced;all;admin
2017-09-28 14:28:20	done	look what you made me do from swiftie;2017-09-07 - 2017-09-27;submitAdvanced;all;admin
2017-09-28 14:29:13	worker	dusk till dawn from zquad;2017-09-07 - 2017-09-27;submitAdvanced;all;admin	dusk till dawn from zquad;2017-09-07 - 2017-09-27;submitAdvanced;all;admin
2017-09-28 14:29:13	done	dusk till dawn from zquad;2017-09-07 - 2017-09-27;submitAdvanced;all;admin
2017-09-28 14:29:44	report	look what you made me do From swiftie!dusk till dawn From zquad;09/07/2017 - 09/27/2017;admin;submitAdvanced	{"look what you made me do From swiftie":{"area":0,"medium":{"2017-09-07":0,"2017-09-08":0,"2017-09-09":0,"2017-09-10":0,"2017-09-11":0,"2017-09-12":0,"2017-09-13":0,"2017-09-14":0,"2017-09-15":0,"2017-09-16":0,"2017-09-17":0,"2017-09-18":0,"2017-09-19":0,"2017-09-20":0,"2017-09-21":0,"2017-09-22":0,"2017-09-23":0,"2017-09-24":0,"2017-09-25":0,"2017-09-26":0,"2017-09-27":0},"unique_screenname":0,"dev":{"Iphone":0,"Android":0,"Web":0,"Blackberry":0},"loc":{"Jakarta":0,"Depok":0,"Bogor":0,"Tangerang":0,"Bekasi":0},"sentimen":{"goodwords":0,"badwords":0,"netral":100}},"dusk till dawn From zquad":{"area":1,"medium":{"2017-09-07":0,"2017-09-08":0,"2017-09-09":0,"2017-09-10":0,"2017-09-11":0,"2017-09-12":0,"2017-09-13":0,"2017-09-14":0,"2017-09-15":0,"2017-09-16":0,"2017-09-17":0,"2017-09-18":0,"2017-09-19":0,"2017-09-20":0,"2017-09-21":0,"2017-09-22":0,"2017-09-23":0,"2017-09-24":0,"2017-09-25":0,"2017-09-26":1,"2017-09-27":0},"unique_screenname":1,"dev":{"Iphone":0,"Android":1,"Web":0,"Blackberry":0},"loc":{"Jakarta":0,"Depok":0,"Bogor":0,"Tangerang":0,"Bekasi":0},"sentimen":{"goodwords":0,"badwords":0,"netral":100}}}
2017-09-28 14:32:46	worker	look what you made me do from taylorswift13;2017-09-07 - 2017-09-27;submitAdvanced;all;admin	look what you made me do from taylorswift13;2017-09-07 - 2017-09-27;submitAdvanced;all;admin
2017-09-28 14:32:46	done	look what you made me do from taylorswift13;2017-09-07 - 2017-09-27;submitAdvanced;all;admin
2017-09-28 14:33:39	worker	dusk till dawn from zaynmalik;2017-09-07 - 2017-09-27;submitAdvanced;all;admin	dusk till dawn from zaynmalik;2017-09-07 - 2017-09-27;submitAdvanced;all;admin
2017-09-28 14:33:39	done	dusk till dawn from zaynmalik;2017-09-07 - 2017-09-27;submitAdvanced;all;admin
2017-09-28 14:34:10	report	look what you made me do From taylorswift13!dusk till dawn From zaynmalik;09/07/2017 - 09/27/2017;admin;submitAdvanced	{"look what you made me do From taylorswift13":{"area":0,"medium":{"2017-09-07":0,"2017-09-08":0,"2017-09-09":0,"2017-09-10":0,"2017-09-11":0,"2017-09-12":0,"2017-09-13":0,"2017-09-14":0,"2017-09-15":0,"2017-09-16":0,"2017-09-17":0,"2017-09-18":0,"2017-09-19":0,"2017-09-20":0,"2017-09-21":0,"2017-09-22":0,"2017-09-23":0,"2017-09-24":0,"2017-09-25":0,"2017-09-26":0,"2017-09-27":0},"unique_screenname":0,"dev":{"Iphone":0,"Android":0,"Web":0,"Blackberry":0},"loc":{"Jakarta":0,"Depok":0,"Bogor":0,"Tangerang":0,"Bekasi":0},"sentimen":{"goodwords":0,"badwords":0,"netral":100}},"dusk till dawn From zaynmalik":{"area":0,"medium":{"2017-09-07":0,"2017-09-08":0,"2017-09-09":0,"2017-09-10":0,"2017-09-11":0,"2017-09-12":0,"2017-09-13":0,"2017-09-14":0,"2017-09-15":0,"2017-09-16":0,"2017-09-17":0,"2017-09-18":0,"2017-09-19":0,"2017-09-20":0,"2017-09-21":0,"2017-09-22":0,"2017-09-23":0,"2017-09-24":0,"2017-09-25":0,"2017-09-26":0,"2017-09-27":0},"unique_screenname":0,"dev":{"Iphone":0,"Android":0,"Web":0,"Blackberry":0},"loc":{"Jakarta":0,"Depok":0,"Bogor":0,"Tangerang":0,"Bekasi":0},"sentimen":{"goodwords":0,"badwords":0,"netral":100}}}
2017-09-28 14:35:30	worker	look what you made me do from @taylorswift13;2017-09-07 - 2017-09-27;submitAdvanced;all;admin	look what you made me do from @taylorswift13;2017-09-07 - 2017-09-27;submitAdvanced;all;admin
2017-09-28 14:35:30	done	look what you made me do from @taylorswift13;2017-09-07 - 2017-09-27;submitAdvanced;all;admin
2017-09-28 14:36:24	worker	dusk till dawn from @zaynmalik;2017-09-07 - 2017-09-27;submitAdvanced;all;admin	dusk till dawn from @zaynmalik;2017-09-07 - 2017-09-27;submitAdvanced;all;admin
2017-09-28 14:36:25	done	dusk till dawn from @zaynmalik;2017-09-07 - 2017-09-27;submitAdvanced;all;admin
2017-09-28 14:36:58	report	look what you made me do From @taylorswift13!dusk till dawn From @zaynmalik;09/07/2017 - 09/27/2017;admin;submitAdvanced	{"look what you made me do From @taylorswift13":{"area":10,"medium":{"2017-09-07":1,"2017-09-08":0,"2017-09-09":0,"2017-09-10":0,"2017-09-11":0,"2017-09-12":1,"2017-09-13":0,"2017-09-14":0,"2017-09-15":0,"2017-09-16":2,"2017-09-17":2,"2017-09-18":0,"2017-09-19":0,"2017-09-20":1,"2017-09-21":1,"2017-09-22":0,"2017-09-23":0,"2017-09-24":0,"2017-09-25":1,"2017-09-26":0,"2017-09-27":1},"unique_screenname":9,"dev":{"Iphone":0,"Android":8,"Web":2,"Blackberry":0},"loc":{"Jakarta":0,"Depok":1,"Bogor":0,"Tangerang":0,"Bekasi":0},"sentimen":{"goodwords":0,"badwords":0,"netral":100},"ER":0,"ER_daily":{"2017-09-07":0,"2017-09-08":0,"2017-09-09":0,"2017-09-10":0,"2017-09-11":0,"2017-09-12":0,"2017-09-13":0,"2017-09-14":0,"2017-09-15":0,"2017-09-16":0,"2017-09-17":0,"2017-09-18":0,"2017-09-19":0,"2017-09-20":0,"2017-09-21":0,"2017-09-22":0,"2017-09-23":0,"2017-09-24":0,"2017-09-25":0,"2017-09-26":0,"2017-09-27":0}},"dusk till dawn From @zaynmalik":{"area":24,"medium":{"2017-09-07":2,"2017-09-08":0,"2017-09-09":0,"2017-09-10":0,"2017-09-11":1,"2017-09-12":3,"2017-09-13":0,"2017-09-14":0,"2017-09-15":0,"2017-09-16":3,"2017-09-17":1,"2017-09-18":1,"2017-09-19":1,"2017-09-20":0,"2017-09-21":0,"2017-09-22":0,"2017-09-23":0,"2017-09-24":0,"2017-09-25":2,"2017-09-26":2,"2017-09-27":8},"unique_screenname":23,"dev":{"Iphone":1,"Android":19,"Web":3,"Blackberry":0},"loc":{"Jakarta":2,"Depok":0,"Bogor":0,"Tangerang":0,"Bekasi":0},"sentimen":{"goodwords":0,"badwords":0.01,"netral":99.99},"ER":0,"ER_daily":{"2017-09-07":0,"2017-09-08":0,"2017-09-09":0,"2017-09-10":0,"2017-09-11":0,"2017-09-12":0,"2017-09-13":0,"2017-09-14":0,"2017-09-15":0,"2017-09-16":0,"2017-09-17":0,"2017-09-18":0,"2017-09-19":0,"2017-09-20":0,"2017-09-21":0,"2017-09-22":0,"2017-09-23":0,"2017-09-24":0,"2017-09-25":0,"2017-09-26":0,"2017-09-27":0}}}
