2017-10-20 05:00:07	worker	@987genfm;2017-10-18 - 2017-10-18;submitSocial;all;arwin
2017-10-20 05:00:09	worker	@101jakfm;2017-10-18 - 2017-10-18;submitSocial;all;arwin
2017-10-20 05:00:12	worker	@prambors;2017-10-18 - 2017-10-18;submitSocial;all;arwin
2017-10-20 05:00:14	worker	@hardrockfm;2017-10-18 - 2017-10-18;submitSocial;all;arwin
2017-10-20 05:00:17	worker	@kisfmjakarta;2017-10-18 - 2017-10-18;submitSocial;all;arwin
2017-10-20 05:00:19	worker	@delta_fm;2017-10-18 - 2017-10-18;submitSocial;all;arwin
2017-10-20 05:00:21	worker	@traxfmjkt;2017-10-18 - 2017-10-18;submitSocial;all;arwin
2017-10-20 05:00:24	worker	@iradiojakarta;2017-10-18 - 2017-10-18;submitSocial;all;arwin
2017-10-20 05:00:26	worker	@indika9160fm;2017-10-18 - 2017-10-18;submitSocial;all;arwin
2017-10-20 05:00:28	worker	@shellindonesia;2017-10-18 - 2017-10-18;submitSocial;all;arwin
2017-10-20 05:00:30	worker	@vpowerfans;2017-10-18 - 2017-10-18;submitSocial;all;arwin
2017-10-20 05:00:32	worker	@pertamaxind;2017-10-18 - 2017-10-18;submitSocial;all;arwin
2017-10-20 05:00:35	worker	@ptpertamina;2017-10-18 - 2017-10-18;submitSocial;all;arwin
2017-10-20 05:00:37	worker	@OZRadioJakarta;2017-10-18 - 2017-10-18;submitSocial;all;arwin
2017-10-20 05:00:39	worker	@CosmopolitanFM;2017-10-18 - 2017-10-18;submitSocial;all;arwin
2017-10-20 05:00:41	worker	@mustang88fm;2017-10-18 - 2017-10-18;submitSocial;all;arwin
2017-10-20 05:00:43	worker	@debabaz;2017-10-18 - 2017-10-18;submitSocial;all;arwin
2017-10-20 05:00:49	worker	@detikcom;2017-10-18 - 2017-10-18;submitSocial;all;arwin
2017-10-20 05:00:52	worker	@radioelshinta;2017-10-18 - 2017-10-18;submitSocial;all;arwin
2017-10-20 05:00:54	worker	@cinema21;2017-10-18 - 2017-10-18;submitSocial;all;arwin
2017-10-20 05:00:56	worker	@OfficialRCTI;2017-10-18 - 2017-10-18;submitSocial;all;arwin
2017-10-20 05:00:59	worker	@TRANSTV_CORP;2017-10-18 - 2017-10-18;submitSocial;all;arwin
2017-10-20 05:01:01	worker	@TRANS7;2017-10-18 - 2017-10-18;submitSocial;all;arwin
2017-10-20 05:01:06	worker	@Metro_TV;2017-10-18 - 2017-10-18;submitSocial;all;arwin
2017-10-20 05:01:09	worker	@tvOneNews;2017-10-18 - 2017-10-18;submitSocial;all;arwin
2017-10-20 05:01:11	worker	@whatsonANTV;2017-10-18 - 2017-10-18;submitSocial;all;arwin
2017-10-20 05:01:14	worker	@SCTV_;2017-10-18 - 2017-10-18;submitSocial;all;arwin
2017-10-20 05:01:16	worker	@KompasTV;2017-10-18 - 2017-10-18;submitSocial;all;arwin
2017-10-20 05:01:20	worker	@netmediatama;2017-10-18 - 2017-10-18;submitSocial;all;arwin
2017-10-20 05:01:22	worker	@Globaltvseru;2017-10-18 - 2017-10-18;submitSocial;all;arwin
2017-10-20 05:01:25	worker	@JaktvCom;2017-10-18 - 2017-10-18;submitSocial;all;arwin
2017-10-20 05:01:27	worker	@TVRINasional;2017-10-18 - 2017-10-18;submitSocial;all;arwin
2017-10-20 05:01:29	worker	@ochannelupdates;2017-10-18 - 2017-10-18;submitSocial;all;arwin
2017-10-20 05:01:32	worker	@IndosiarID;2017-10-18 - 2017-10-18;submitSocial;all;arwin
2017-10-20 05:01:38	worker	@kompascom;2017-10-18 - 2017-10-18;submitSocial;all;arwin
2017-10-20 05:01:40	worker	@merdekadotcom;2017-10-18 - 2017-10-18;submitSocial;all;arwin
2017-10-20 05:01:42	worker	@MIdotcom;2017-10-18 - 2017-10-18;submitSocial;all;arwin
2017-10-20 05:01:45	worker	@tempodotco;2017-10-18 - 2017-10-18;submitSocial;all;arwin
2017-10-20 05:01:48	worker	@motion975fm;2017-10-18 - 2017-10-18;submitSocial;all;arwin
2017-10-20 05:01:50	worker	@_radiotoday;2017-10-18 - 2017-10-18;submitSocial;all;arwin
2017-10-20 05:01:52	worker	@radioinfo;2017-10-18 - 2017-10-18;submitSocial;all;arwin
2017-10-20 05:01:54	worker	@979FeMaleRadio;2017-10-18 - 2017-10-18;submitSocial;all;arwin
2017-10-20 05:01:57	worker	@WomanRadio943FM;2017-10-18 - 2017-10-18;submitSocial;all;arwin
2017-10-20 05:01:59	worker	@VRadioFM;2017-10-18 - 2017-10-18;submitSocial;all;arwin
2017-10-20 05:02:01	worker	@UFM947;2017-10-18 - 2017-10-18;submitSocial;all;arwin
2017-10-20 05:02:04	worker	@VIVAnews;2017-10-18 - 2017-10-18;submitSocial;all;arwin
2017-10-20 05:02:06	worker	@antaranews;2017-10-18 - 2017-10-18;submitSocial;all;arwin
2017-10-20 05:02:09	worker	@tribunnews;2017-10-18 - 2017-10-18;submitSocial;all;arwin
2017-10-20 05:02:12	worker	@okezonenews;2017-10-18 - 2017-10-18;submitSocial;all;arwin
2017-10-20 05:02:14	worker	@Beritasatu;2017-10-18 - 2017-10-18;submitSocial;all;arwin
2017-10-20 05:02:16	worker	@rollingstoneina;2017-10-18 - 2017-10-18;submitSocial;all;arwin
2017-10-20 05:02:19	worker	@FIMELAdotcom;2017-10-18 - 2017-10-18;submitSocial;all;arwin
2017-10-20 05:02:21	worker	@KapanLagicom;2017-10-18 - 2017-10-18;submitSocial;all;arwin
2017-10-20 05:02:23	worker	@KompasEnt ;2017-10-18 - 2017-10-18;submitSocial;all;arwin
2017-10-20 05:02:25	worker	@HaiMagazine;2017-10-18 - 2017-10-18;submitSocial;all;arwin
2017-10-20 05:02:27	worker	@JakartaVenue;2017-10-18 - 2017-10-18;submitSocial;all;arwin
2017-10-20 05:02:29	worker	@SeputarEvent;2017-10-18 - 2017-10-18;submitSocial;all;arwin
2017-10-20 05:02:32	worker	@ismayaLive;2017-10-18 - 2017-10-18;submitSocial;all;arwin
2017-10-20 05:02:34	worker	@ECEntertainment;2017-10-18 - 2017-10-18;submitSocial;all;arwin
2017-10-20 05:02:36	worker	@synergism_En;2017-10-18 - 2017-10-18;submitSocial;all;arwin
2017-10-20 05:02:38	worker	@Urbanbandung;2017-10-18 - 2017-10-18;submitSocial;all;arwin
2017-10-20 05:02:40	worker	@Urbanrkm995;2017-10-18 - 2017-10-18;submitSocial;all;arwin
2017-10-20 05:02:42	worker	@Garuda_Promo;2017-10-18 - 2017-10-18;submitSocial;all;arwin
2017-10-20 05:02:44	worker	@AirAsiaID;2017-10-18 - 2017-10-18;submitSocial;all;arwin
2017-10-20 05:02:46	worker	@KAI121;2017-10-18 - 2017-10-18;submitSocial;all;arwin
2017-10-20 05:02:49	worker	@Unilever;2017-10-18 - 2017-10-18;submitSocial;all;arwin
2017-10-20 05:02:53	worker	@Nestle;2017-10-18 - 2017-10-18;submitSocial;all;arwin
2017-10-20 05:02:56	worker	@CocaCola;2017-10-18 - 2017-10-18;submitSocial;all;arwin
2017-10-20 05:03:05	worker	@CNN;2017-10-18 - 2017-10-18;submitSocial;all;arwin
2017-10-20 05:03:10	worker	@MTV;2017-10-18 - 2017-10-18;submitSocial;all;arwin
2017-10-20 05:03:12	worker	@channelv;2017-10-18 - 2017-10-18;submitSocial;all;arwin
2017-10-20 05:03:15	worker	@iTunesMusic;2017-10-18 - 2017-10-18;submitSocial;all;arwin
2017-10-20 05:03:19	worker	@mashable;2017-10-18 - 2017-10-18;submitSocial;all;arwin
2017-10-20 05:03:21	worker	@decacaz;2017-10-18 - 2017-10-18;submitSocial;all;arwin
2017-10-20 05:03:23	worker	@radiobaru967FM;2017-10-18 - 2017-10-18;submitSocial;all;arwin
2017-10-20 05:03:25	worker	@967HitzFM;2017-10-18 - 2017-10-18;submitSocial;all;arwin
2017-10-20 05:03:27	worker	@TVGuide;2017-10-18 - 2017-10-18;submitSocial;all;arwin
2017-10-20 05:03:30	worker	@XL123;2017-10-18 - 2017-10-18;submitSocial;all;arwin
2017-10-20 05:03:32	worker	@triindonesia;2017-10-18 - 2017-10-18;submitSocial;all;arwin
2017-10-20 05:03:35	worker	@kaskus;2017-10-18 - 2017-10-18;submitSocial;all;arwin
2017-10-20 05:03:37	worker	@Studio_XXI;2017-10-18 - 2017-10-18;submitSocial;all;arwin
2017-10-20 05:03:39	worker	@blitzmegaplex;2017-10-18 - 2017-10-18;submitSocial;all;arwin
2017-10-20 05:03:41	worker	@alfamartku;2017-10-18 - 2017-10-18;submitSocial;all;arwin
2017-10-20 05:03:43	worker	@Carrefour_ID;2017-10-18 - 2017-10-18;submitSocial;all;arwin
2017-10-20 05:03:48	worker	@BBCBreaking;2017-10-18 - 2017-10-18;submitSocial;all;arwin
2017-10-20 05:03:56	worker	@Forbes;2017-10-18 - 2017-10-18;submitSocial;all;arwin
2017-10-20 05:03:58	worker	@BensRadio;2017-10-18 - 2017-10-18;submitSocial;all;arwin
2017-10-20 05:04:04	worker	@instagram;2017-10-18 - 2017-10-18;submitSocial;all;arwin
2017-10-20 05:04:07	worker	@Pinterest;2017-10-18 - 2017-10-18;submitSocial;all;arwin
2017-10-20 05:04:20	worker	@google;2017-10-18 - 2017-10-18;submitSocial;all;arwin
2017-10-20 05:04:22	worker	@Pertaminalub;2017-10-18 - 2017-10-18;submitSocial;all;arwin
2017-10-20 05:04:24	worker	@InfoLalinTol;2017-10-18 - 2017-10-18;submitSocial;all;arwin
2017-10-20 05:04:26	worker	@PTJASAMARGA;2017-10-18 - 2017-10-18;submitSocial;all;arwin
2017-10-20 05:04:29	worker	@cititransindo;2017-10-18 - 2017-10-18;submitSocial;all;arwin
2017-10-20 05:04:30	worker	#semangatpagisuperr;2017-10-18 - 2017-10-18;submitSocial;all;arwin
2017-10-20 05:04:32	worker	#genkuisinsideout;2017-10-18 - 2017-10-18;submitSocial;all;arwin
2017-10-20 05:04:35	worker	#semangatpagi;2017-10-18 - 2017-10-18;submitSocial;all;arwin
2017-10-20 05:04:37	worker	#dikamar;2017-10-18 - 2017-10-18;submitSocial;all;arwin
2017-10-20 05:04:39	worker	#kopaja;2017-10-18 - 2017-10-18;submitSocial;all;arwin
2017-10-20 05:04:41	worker	#generaksi8;2017-10-18 - 2017-10-18;submitSocial;all;arwin
2017-10-20 05:04:44	worker	#hitztsp;2017-10-18 - 2017-10-18;submitSocial;all;arwin
2017-10-20 05:04:46	worker	#np;2017-10-18 - 2017-10-18;submitSocial;all;arwin
2017-10-20 05:04:49	worker	#hitzlivestage;2017-10-18 - 2017-10-18;submitSocial;all;arwin
2017-10-20 05:04:51	worker	#thefreaks;2017-10-18 - 2017-10-18;submitSocial;all;arwin
2017-10-20 05:04:53	worker	#hitzsirkuspagi;2017-10-18 - 2017-10-18;submitSocial;all;arwin
2017-10-20 05:04:55	worker	#hitzathlon;2017-10-18 - 2017-10-18;submitSocial;all;arwin
2017-10-20 05:04:57	worker	#hitzzombie;2017-10-18 - 2017-10-18;submitSocial;all;arwin
2017-10-20 05:04:59	worker	#hitzkalong;2017-10-18 - 2017-10-18;submitSocial;all;arwin
2017-10-20 05:05:01	worker	#hitzbebas;2017-10-18 - 2017-10-18;submitSocial;all;arwin
2017-10-20 05:05:04	worker	#hitzhorehara;2017-10-18 - 2017-10-18;submitSocial;all;arwin
2017-10-20 05:05:07	worker	@ZaloraID;2017-10-18 - 2017-10-18;submitSocial;all;arwin
2017-10-20 05:05:09	worker	@OLX_Indonesia;2017-10-18 - 2017-10-18;submitSocial;all;arwin
2017-10-20 05:05:12	worker	@LazadaID;2017-10-18 - 2017-10-18;submitSocial;all;arwin
2017-10-20 05:05:14	worker	@utrippers;2017-10-18 - 2017-10-18;submitSocial;all;arwin
2017-10-20 05:05:17	worker	@GoGobot;2017-10-18 - 2017-10-18;submitSocial;all;arwin
2017-10-20 05:05:19	worker	@viatortravel;2017-10-18 - 2017-10-18;submitSocial;all;arwin
2017-10-20 05:05:21	worker	@alandakariza;2017-10-18 - 2017-10-18;submitSocial;all;arwin
2017-10-20 05:05:23	worker	@gagasmedia;2017-10-18 - 2017-10-18;submitSocial;all;arwin
2017-10-20 05:05:26	worker	@welovehonda;2017-10-18 - 2017-10-18;submitSocial;all;arwin
2017-10-20 05:05:28	worker	@SuzukiMotorID;2017-10-18 - 2017-10-18;submitSocial;all;arwin
2017-10-20 05:05:30	worker	@kawasakilovers;2017-10-18 - 2017-10-18;submitSocial;all;arwin
2017-10-20 05:05:32	worker	@yamahaindonesia;2017-10-18 - 2017-10-18;submitSocial;all;arwin
2017-10-20 05:05:34	worker	@tripanzee;2017-10-18 - 2017-10-18;submitSocial;all;arwin
2017-10-20 05:05:36	worker	@arnoldpoernomo;2017-10-18 - 2017-10-18;submitSocial;all;arwin
2017-10-20 05:05:39	worker	@nicsap;2017-10-18 - 2017-10-18;submitSocial;all;arwin
2017-10-20 05:05:41	worker	@tiket2;2017-10-18 - 2017-10-18;submitSocial;all;arwin
2017-10-20 05:05:44	worker	@traveloka;2017-10-18 - 2017-10-18;submitSocial;all;arwin
2017-10-20 05:05:47	worker	@wego;2017-10-18 - 2017-10-18;submitSocial;all;arwin
2017-10-20 05:05:50	worker	@agoda;2017-10-18 - 2017-10-18;submitSocial;all;arwin
2017-10-20 05:05:52	worker	#salahsambung;2017-10-18 - 2017-10-18;submitSocial;all;arwin
2017-10-20 05:05:54	worker	#tulalit;2017-10-18 - 2017-10-18;submitSocial;all;arwin
2017-10-20 05:05:56	worker	#pestageneraksi8;2017-10-18 - 2017-10-18;submitSocial;all;arwin
2017-10-20 05:05:58	worker	#ganaskustik;2017-10-18 - 2017-10-18;submitSocial;all;arwin
2017-10-20 05:06:00	worker	#lnhot20;2017-10-18 - 2017-10-18;submitSocial;all;arwin
2017-10-20 05:06:02	worker	@TripAdvisor;2017-10-18 - 2017-10-18;submitSocial;all;arwin
2017-10-20 05:06:14	worker	@google;2017-10-18 - 2017-10-18;submitSocial;all;arwin
2017-10-20 05:06:17	worker	@Telkomsel;2017-10-18 - 2017-10-18;submitSocial;all;arwin
2017-10-20 05:06:19	worker	@indosat;2017-10-18 - 2017-10-18;submitSocial;all;arwin
2017-10-20 05:06:22	worker	@bahanafmjkt;2017-10-18 - 2017-10-18;submitSocial;all;2017-10-20 05:06:27	worker	@sonorafm92;2017-10-18 - 2017-10-18;submitSocial;all;arwin
2017-10-20 05:06:28	worker	@litefm1058;2017-10-18 - 2017-10-18;submitSocial;all;arwin
2017-10-20 05:06:30	worker	@Bravaradio;2017-10-18 - 2017-10-18;submitSocial;all;arwin
2017-10-20 05:06:33	worker	#dgitm;2017-10-18 - 2017-10-18;submitSocial;all;arwin
2017-10-20 05:06:35	worker	#hitsalaprambors;2017-10-18 - 2017-10-18;submitSocial;all;arwin
2017-10-20 05:06:37	worker	#reqprambors;2017-10-18 - 2017-10-18;submitSocial;all;arwin
2017-10-20 05:06:39	worker	#thedandees;2017-10-18 - 2017-10-18;submitSocial;all;arwin
2017-10-20 05:06:41	worker	#pramborsquiz;2017-10-18 - 2017-10-18;submitSocial;all;arwin
2017-10-20 05:06:43	worker	#jeliprambors;2017-10-18 - 2017-10-18;submitSocial;all;arwin
2017-10-20 05:06:45	worker	#jodohinprambors;2017-10-18 - 2017-10-18;submitSocial;all;arwin
2017-10-20 05:06:47	worker	#ubahdenganbicara;2017-10-18 - 2017-10-18;submitSocial;all;arwin
2017-10-20 05:06:49	worker	#pramborschat;2017-10-18 - 2017-10-18;submitSocial;all;arwin
2017-10-20 05:06:51	worker	#tweetforduit;2017-10-18 - 2017-10-18;submitSocial;all;arwin
2017-10-20 05:06:53	worker	#joki3in1;2017-10-18 - 2017-10-18;submitSocial;all;arwin
2017-10-20 05:06:55	worker	#sarapanseru;2017-10-18 - 2017-10-18;submitSocial;all;arwin
2017-10-20 05:06:57	worker	#rawonkaneloop;2017-10-18 - 2017-10-18;submitSocial;all;arwin
2017-10-20 05:06:59	worker	#gudegkendilkeraton;2017-10-18 - 2017-10-18;submitSocial;all;arwin
2017-10-20 05:07:01	worker	#gadogadobutika;2017-10-18 - 2017-10-18;submitSocial;all;arwin
2017-10-20 05:07:04	worker	#mtvhottest;2017-10-18 - 2017-10-18;submitSocial;all;arwin
2017-10-20 05:07:06	worker	#dimsumcjdw;2017-10-18 - 2017-10-18;submitSocial;all;arwin
2017-10-20 05:07:08	worker	#pecelmadiunmbakniek;2017-10-18 - 2017-10-18;submitSocial;all;arwin
2017-10-20 05:07:10	worker	#depotarema;2017-10-18 - 2017-10-18;submitSocial;all;arwin
2017-10-20 05:07:12	worker	@BNI46;2017-10-18 - 2017-10-18;submitSocial;all;arwin
2017-10-20 05:07:15	worker	@BANKBRI_ID;2017-10-18 - 2017-10-18;submitSocial;all;arwin
2017-10-20 05:07:17	worker	#bni46;2017-10-18 - 2017-10-18;submitSocial;all;arwin
2017-10-20 05:07:21	worker	macet;2017-10-18 - 2017-10-18;submitSocial;all;arwin
2017-10-20 05:07:23	worker	#selamatpagi;2017-10-18 - 2017-10-18;submitSocial;all;arwin
2017-10-20 05:07:25	worker	#selamatmalam;2017-10-18 - 2017-10-18;submitSocial;all;arwin
2017-10-20 05:07:28	worker	@884GlobalRadio;2017-10-18 - 2017-10-18;submitSocial;all;arwin
2017-10-20 05:07:30	worker	@day_trans;2017-10-18 - 2017-10-18;submitSocial;all;arwin
2017-10-20 05:07:32	worker	@kencanavoyage;2017-10-18 - 2017-10-18;submitSocial;all;arwin
2017-10-20 05:07:35	worker	@jukebox5d;2017-10-18 - 2017-10-18;submitSocial;all;arwin
2017-10-20 05:07:37	worker	#mtvhottest;2017-10-18 - 2017-10-18;submitSocial;all;arwin
2017-10-20 05:07:39	worker	#semangatpagi;2017-10-18 - 2017-10-18;submitSocial;all;arwin
2017-10-20 05:07:42	worker	lifebuoy;2017-10-18 - 2017-10-18;submitSocial;all;arwin
2017-10-20 05:07:48	worker	jokowi;2017-10-18 - 2017-10-18;submitSocial;all;arwin
2017-10-20 05:07:57	worker	obama;2017-10-18 - 2017-10-18;submitSocial;all;arwin
2017-10-20 05:08:00	worker	starwars;2017-10-18 - 2017-10-18;submitSocial;all;arwin
2017-10-20 05:08:03	worker	jonan;2017-10-18 - 2017-10-18;submitSocial;all;arwin
2017-10-20 05:08:13	worker	pagi;2017-10-18 - 2017-10-18;submitSocial;all;arwin
2017-10-20 05:08:15	worker	sampoerna;2017-10-18 - 2017-10-18;submitSocial;all;arwin
2017-10-20 05:08:18	worker	djarum;2017-10-18 - 2017-10-18;submitSocial;all;arwin
2017-10-20 05:08:20	worker	#semangatpagi;2017-10-18 - 2017-10-18;submitSocial;all;arwin
2017-10-20 05:08:22	worker	#generaksi8;2017-10-18 - 2017-10-18;submitSocial;all;arwin
2017-10-20 05:08:24	worker	#365alasan;2017-10-18 - 2017-10-18;submitSocial;all;arwin
2017-10-20 05:08:27	worker	weew;2017-10-18 - 2017-10-18;submitSocial;all;arwin
2017-10-20 05:08:35	worker	testing;2017-10-18 - 2017-10-18;submitSocial;all;arwin
2017-10-20 05:08:37	worker	#kopaja;2017-10-18 - 2017-10-18;submitSocial;all;arwin
2017-10-20 05:08:39	worker	#genkuisinsideout;2017-10-18 - 2017-10-18;submitSocial;all;arwin
2017-10-20 05:08:42	worker	starwars;2017-10-18 - 2017-10-18;submitSocial;all;arwin
2017-10-20 05:08:44	worker	#kopaja;2017-10-18 - 2017-10-18;submitSocial;all;arwin
2017-10-20 05:08:46	worker	mldspot;2017-10-18 - 2017-10-18;submitSocial;all;arwin
2017-10-20 05:08:49	worker	PBDjarum;2017-10-18 - 2017-10-18;submitSocial;all;arwin
2017-10-20 05:08:51	worker	TemanNabati;2017-10-18 - 2017-10-18;submitSocial;all;arwin
2017-10-20 05:08:53	worker	Nextar;2017-10-18 - 2017-10-18;submitSocial;all;arwin
2017-10-20 05:08:56	worker	jokowo;2017-10-18 - 2017-10-18;submitSocial;all;arwin
2017-10-20 05:08:59	worker	prabowo;2017-10-18 - 2017-10-18;submitSocial;all;arwin
2017-10-20 05:09:01	worker	sudirman said;2017-10-18 - 2017-10-18;submitSocial;all;arwin
2017-10-20 05:09:07	worker	ahok;2017-10-18 - 2017-10-18;submitSocial;all;arwin
2017-10-20 05:09:09	worker	setyanovanto;2017-10-18 - 2017-10-18;submitSocial;all;arwin
2017-10-20 05:09:15	worker	jokowi;2017-10-18 - 2017-10-18;submitSocial;all;arwin
2017-10-20 05:09:20	worker	ahok;2017-10-18 - 2017-10-18;submitSocial;all;arwin
2017-10-20 05:09:23	worker	prabowo;2017-10-18 - 2017-10-18;submitSocial;all;arwin
2017-10-20 05:09:26	worker	sudirman said;2017-10-18 - 2017-10-18;submitSocial;all;arwin
2017-10-20 05:09:28	worker	setyanovanto;2017-10-18 - 2017-10-18;submitSocial;all;arwin
2017-10-20 05:09:31	worker	galau;2017-10-18 - 2017-10-18;submitSocial;all;arwin
2017-10-20 05:09:33	worker	#prestasiindonesia;2017-10-18 - 2017-10-18;submitSocial;all;arwin
2017-10-20 05:09:36	worker	@Tw_Debi;2017-10-18 - 2017-10-18;submitSocial;all;arwin
2017-10-20 05:09:38	worker	@OfficialFastron;2017-10-18 - 2017-10-18;submitSocial;all;arwin
2017-10-20 05:09:40	worker	@CitibankID;2017-10-18 - 2017-10-18;submitSocial;all;arwin
2017-10-20 05:09:42	worker	@jak101fm;2017-10-18 - 2017-10-18;submitSocial;all;arwin
2017-10-20 05:09:45	worker	@genfm;2017-10-18 - 2017-10-18;submitSocial;all;arwin
