2018-01-08 05:00:17	worker	@987genfm;2018-01-06 - 2018-01-06;submitSocial;all;arwin
2018-01-08 05:00:31	worker	@101jakfm;2018-01-06 - 2018-01-06;submitSocial;all;arwin
2018-01-08 05:00:44	worker	@prambors;2018-01-06 - 2018-01-06;submitSocial;all;arwin
2018-01-08 05:00:56	worker	@hardrockfm;2018-01-06 - 2018-01-06;submitSocial;all;arwin
2018-01-08 05:01:09	worker	@kisfmjakarta;2018-01-06 - 2018-01-06;submitSocial;all;arwin
2018-01-08 05:01:22	worker	@delta_fm;2018-01-06 - 2018-01-06;submitSocial;all;arwin
2018-01-08 05:01:35	worker	@traxfmjkt;2018-01-06 - 2018-01-06;submitSocial;all;arwin
2018-01-08 05:01:48	worker	@iradiojakarta;2018-01-06 - 2018-01-06;submitSocial;all;arwin
2018-01-08 05:02:01	worker	@indika9160fm;2018-01-06 - 2018-01-06;submitSocial;all;arwin
2018-01-08 05:02:13	worker	@shellindonesia;2018-01-06 - 2018-01-06;submitSocial;all;arwin
2018-01-08 05:02:26	worker	@vpowerfans;2018-01-06 - 2018-01-06;submitSocial;all;arwin
2018-01-08 05:02:39	worker	@pertamaxind;2018-01-06 - 2018-01-06;submitSocial;all;arwin
2018-01-08 05:02:51	worker	@ptpertamina;2018-01-06 - 2018-01-06;submitSocial;all;arwin
2018-01-08 05:03:04	worker	@OZRadioJakarta;2018-01-06 - 2018-01-06;submitSocial;all;arwin
2018-01-08 05:03:16	worker	@CosmopolitanFM;2018-01-06 - 2018-01-06;submitSocial;all;arwin
2018-01-08 05:03:29	worker	@mustang88fm;2018-01-06 - 2018-01-06;submitSocial;all;arwin
2018-01-08 05:03:41	worker	@debabaz;2018-01-06 - 2018-01-06;submitSocial;all;arwin
2018-01-08 05:03:56	worker	@detikcom;2018-01-06 - 2018-01-06;submitSocial;all;arwin
2018-01-08 05:04:10	worker	@radioelshinta;2018-01-06 - 2018-01-06;submitSocial;all;arwin
2018-01-08 05:04:22	worker	@cinema21;2018-01-06 - 2018-01-06;submitSocial;all;arwin
2018-01-08 05:04:35	worker	@OfficialRCTI;2018-01-06 - 2018-01-06;submitSocial;all;arwin
2018-01-08 05:04:48	worker	@TRANSTV_CORP;2018-01-06 - 2018-01-06;submitSocial;all;arwin
2018-01-08 05:05:00	worker	@TRANS7;2018-01-06 - 2018-01-06;submitSocial;all;arwin
2018-01-08 05:05:15	worker	@Metro_TV;2018-01-06 - 2018-01-06;submitSocial;all;arwin
2018-01-08 05:05:28	worker	@tvOneNews;2018-01-06 - 2018-01-06;submitSocial;all;arwin
2018-01-08 05:05:41	worker	@whatsonANTV;2018-01-06 - 2018-01-06;submitSocial;all;arwin
2018-01-08 05:05:54	worker	@SCTV_;2018-01-06 - 2018-01-06;submitSocial;all;arwin
2018-01-08 05:06:08	worker	@KompasTV;2018-01-06 - 2018-01-06;submitSocial;all;arwin
2018-01-08 05:06:21	worker	@netmediatama;2018-01-06 - 2018-01-06;submitSocial;all;arwin
2018-01-08 05:06:33	worker	@Globaltvseru;2018-01-06 - 2018-01-06;submitSocial;all;arwin
2018-01-08 05:06:46	worker	@JaktvCom;2018-01-06 - 2018-01-06;submitSocial;all;arwin
2018-01-08 05:06:59	worker	@TVRINasional;2018-01-06 - 2018-01-06;submitSocial;all;arwin
2018-01-08 05:07:11	worker	@ochannelupdates;2018-01-06 - 2018-01-06;submitSocial;all;arwin
2018-01-08 05:07:25	worker	@IndosiarID;2018-01-06 - 2018-01-06;submitSocial;all;arwin
2018-01-08 05:07:41	worker	@kompascom;2018-01-06 - 2018-01-06;submitSocial;all;arwin
2018-01-08 05:07:54	worker	@merdekadotcom;2018-01-06 - 2018-01-06;submitSocial;all;arwin
2018-01-08 05:08:07	worker	@MIdotcom;2018-01-06 - 2018-01-06;submitSocial;all;arwin
2018-01-08 05:08:21	worker	@tempodotco;2018-01-06 - 2018-01-06;submitSocial;all;arwin
2018-01-08 05:08:34	worker	@motion975fm;2018-01-06 - 2018-01-06;submitSocial;all;arwin
2018-01-08 05:08:46	worker	@_radiotoday;2018-01-06 - 2018-01-06;submitSocial;all;arwin
2018-01-08 05:08:59	worker	@radioinfo;2018-01-06 - 2018-01-06;submitSocial;all;arwin
2018-01-08 05:09:12	worker	@979FeMaleRadio;2018-01-06 - 2018-01-06;submitSocial;all;arwin
2018-01-08 05:09:25	worker	@WomanRadio943FM;2018-01-06 - 2018-01-06;submitSocial;all;arwin
2018-01-08 05:09:38	worker	@VRadioFM;2018-01-06 - 2018-01-06;submitSocial;all;arwin
2018-01-08 05:09:51	worker	@UFM947;2018-01-06 - 2018-01-06;submitSocial;all;arwin
2018-01-08 05:10:06	worker	@VIVAnews;2018-01-06 - 2018-01-06;submitSocial;all;arwin
2018-01-08 05:10:19	worker	@antaranews;2018-01-06 - 2018-01-06;submitSocial;all;arwin
2018-01-08 05:10:32	worker	@tribunnews;2018-01-06 - 2018-01-06;submitSocial;all;arwin
2018-01-08 05:10:45	worker	@okezonenews;2018-01-06 - 2018-01-06;submitSocial;all;arwin
2018-01-08 05:10:58	worker	@Beritasatu;2018-01-06 - 2018-01-06;submitSocial;all;arwin
2018-01-08 05:11:11	worker	@rollingstoneina;2018-01-06 - 2018-01-06;submitSocial;all;arwin
2018-01-08 05:11:23	worker	@FIMELAdotcom;2018-01-06 - 2018-01-06;submitSocial;all;arwin
2018-01-08 05:11:36	worker	@KapanLagicom;2018-01-06 - 2018-01-06;submitSocial;all;arwin
2018-01-08 05:11:49	worker	@KompasEnt ;2018-01-06 - 2018-01-06;submitSocial;all;arwin
2018-01-08 05:12:02	worker	@HaiMagazine;2018-01-06 - 2018-01-06;submitSocial;all;arwin
2018-01-08 05:12:15	worker	@JakartaVenue;2018-01-06 - 2018-01-06;submitSocial;all;arwin
2018-01-08 05:12:28	worker	@SeputarEvent;2018-01-06 - 2018-01-06;submitSocial;all;arwin
2018-01-08 05:12:40	worker	@ismayaLive;2018-01-06 - 2018-01-06;submitSocial;all;arwin
2018-01-08 05:12:53	worker	@ECEntertainment;2018-01-06 - 2018-01-06;submitSocial;all;arwin
2018-01-08 05:13:05	worker	@synergism_En;2018-01-06 - 2018-01-06;submitSocial;all;arwin
2018-01-08 05:13:18	worker	@Urbanbandung;2018-01-06 - 2018-01-06;submitSocial;all;arwin
2018-01-08 05:13:30	worker	@Urbanrkm995;2018-01-06 - 2018-01-06;submitSocial;all;arwin
2018-01-08 05:13:43	worker	@Garuda_Promo;2018-01-06 - 2018-01-06;submitSocial;all;arwin
2018-01-08 05:13:56	worker	@AirAsiaID;2018-01-06 - 2018-01-06;submitSocial;all;arwin
2018-01-08 05:14:09	worker	@KAI121;2018-01-06 - 2018-01-06;submitSocial;all;arwin
2018-01-08 05:14:22	worker	@Unilever;2018-01-06 - 2018-01-06;submitSocial;all;arwin
2018-01-08 05:14:35	worker	@Nestle;2018-01-06 - 2018-01-06;submitSocial;all;arwin
2018-01-08 05:14:48	worker	@CocaCola;2018-01-06 - 2018-01-06;submitSocial;all;arwin
2018-01-08 05:15:06	worker	@CNN;2018-01-06 - 2018-01-06;submitSocial;all;arwin
2018-01-08 05:15:20	worker	@MTV;2018-01-06 - 2018-01-06;submitSocial;all;arwin
2018-01-08 05:15:32	worker	@channelv;2018-01-06 - 2018-01-06;submitSocial;all;arwin
2018-01-08 05:15:45	worker	@iTunesMusic;2018-01-06 - 2018-01-06;submitSocial;all;arwin
2018-01-08 05:15:59	worker	@mashable;2018-01-06 - 2018-01-06;submitSocial;all;arwin
2018-01-08 05:16:12	worker	@decacaz;2018-01-06 - 2018-01-06;submitSocial;all;arwin
2018-01-08 05:16:24	worker	@radiobaru967FM;2018-01-06 - 2018-01-06;submitSocial;all;arwin
2018-01-08 05:16:37	worker	@967HitzFM;2018-01-06 - 2018-01-06;submitSocial;all;arwin
2018-01-08 05:16:50	worker	@TVGuide;2018-01-06 - 2018-01-06;submitSocial;all;arwin
2018-01-08 05:17:02	worker	@XL123;2018-01-06 - 2018-01-06;submitSocial;all;arwin
2018-01-08 05:17:15	worker	@triindonesia;2018-01-06 - 2018-01-06;submitSocial;all;arwin
2018-01-08 05:17:28	worker	@kaskus;2018-01-06 - 2018-01-06;submitSocial;all;arwin
2018-01-08 05:17:40	worker	@Studio_XXI;2018-01-06 - 2018-01-06;submitSocial;all;arwin
2018-01-08 05:17:53	worker	@blitzmegaplex;2018-01-06 - 2018-01-06;submitSocial;all;arwin
2018-01-08 05:18:05	worker	@alfamartku;2018-01-06 - 2018-01-06;submitSocial;all;arwin
2018-01-08 05:18:18	worker	@Carrefour_ID;2018-01-06 - 2018-01-06;submitSocial;all;arwin
2018-01-08 05:18:32	worker	@BBCBreaking;2018-01-06 - 2018-01-06;submitSocial;all;arwin
2018-01-08 05:18:47	worker	@Forbes;2018-01-06 - 2018-01-06;submitSocial;all;arwin
2018-01-08 05:19:00	worker	@BensRadio;2018-01-06 - 2018-01-06;submitSocial;all;arwin
2018-01-08 05:19:15	worker	@instagram;2018-01-06 - 2018-01-06;submitSocial;all;arwin
2018-01-08 05:19:29	worker	@Pinterest;2018-01-06 - 2018-01-06;submitSocial;all;arwin
2018-01-08 05:19:45	worker	@google;2018-01-06 - 2018-01-06;submitSocial;all;arwin
2018-01-08 05:19:58	worker	@Pertaminalub;2018-01-06 - 2018-01-06;submitSocial;all;arwin
2018-01-08 05:20:12	worker	@InfoLalinTol;2018-01-06 - 2018-01-06;submitSocial;all;arwin
2018-01-08 05:20:26	worker	@PTJASAMARGA;2018-01-06 - 2018-01-06;submitSocial;all;arwin
2018-01-08 05:20:38	worker	@cititransindo;2018-01-06 - 2018-01-06;submitSocial;all;arwin
2018-01-08 05:20:51	worker	#semangatpagisuperr;2018-01-06 - 2018-01-06;submitSocial;all;arwin
2018-01-08 05:21:03	worker	#genkuisinsideout;2018-01-06 - 2018-01-06;submitSocial;all;arwin
2018-01-08 05:21:16	worker	#semangatpagi;2018-01-06 - 2018-01-06;submitSocial;all;arwin
2018-01-08 05:21:29	worker	#dikamar;2018-01-06 - 2018-01-06;submitSocial;all;arwin
2018-01-08 05:21:42	worker	#kopaja;2018-01-06 - 2018-01-06;submitSocial;all;arwin
2018-01-08 05:21:54	worker	#generaksi8;2018-01-06 - 2018-01-06;submitSocial;all;arwin
2018-01-08 05:22:07	worker	#hitztsp;2018-01-06 - 2018-01-06;submitSocial;all;arwin
2018-01-08 05:22:21	worker	#np;2018-01-06 - 2018-01-06;submitSocial;all;arwin
2018-01-08 05:22:34	worker	#hitzlivestage;2018-01-06 - 2018-01-06;submitSocial;all;arwin
2018-01-08 05:22:46	worker	#thefreaks;2018-01-06 - 2018-01-06;submitSocial;all;arwin
2018-01-08 05:22:59	worker	#hitzsirkuspagi;2018-01-06 - 2018-01-06;submitSocial;all;arwin
2018-01-08 05:23:11	worker	#hitzathlon;2018-01-06 - 2018-01-06;submitSocial;all;arwin
2018-01-08 05:23:24	worker	#hitzzombie;2018-01-06 - 2018-01-06;submitSocial;all;arwin
2018-01-08 05:23:37	worker	#hitzkalong;2018-01-06 - 2018-01-06;submitSocial;all;arwin
2018-01-08 05:23:49	worker	#hitzbebas;2018-01-06 - 2018-01-06;submitSocial;all;arwin
2018-01-08 05:24:02	worker	#hitzhorehara;2018-01-06 - 2018-01-06;submitSocial;all;arwin
2018-01-08 05:24:15	worker	@ZaloraID;2018-01-06 - 2018-01-06;submitSocial;all;arwin
2018-01-08 05:24:28	worker	@OLX_Indonesia;2018-01-06 - 2018-01-06;submitSocial;all;arwin
2018-01-08 05:24:41	worker	@LazadaID;2018-01-06 - 2018-01-06;submitSocial;all;arwin
2018-01-08 05:24:53	worker	@utrippers;2018-01-06 - 2018-01-06;submitSocial;all;arwin
2018-01-08 05:25:07	worker	@GoGobot;2018-01-06 - 2018-01-06;submitSocial;all;arwin
2018-01-08 05:25:20	worker	@viatortravel;2018-01-06 - 2018-01-06;submitSocial;all;arwin
2018-01-08 05:25:33	worker	@alandakariza;2018-01-06 - 2018-01-06;submitSocial;all;arwin
2018-01-08 05:25:45	worker	@gagasmedia;2018-01-06 - 2018-01-06;submitSocial;all;arwin
2018-01-08 05:25:58	worker	@welovehonda;2018-01-06 - 2018-01-06;submitSocial;all;arwin
2018-01-08 05:26:11	worker	@SuzukiMotorID;2018-01-06 - 2018-01-06;submitSocial;all;arwin
2018-01-08 05:26:24	worker	@kawasakilovers;2018-01-06 - 2018-01-06;submitSocial;all;arwin
2018-01-08 05:26:37	worker	@yamahaindonesia;2018-01-06 - 2018-01-06;submitSocial;all;arwin
2018-01-08 05:26:50	worker	@tripanzee;2018-01-06 - 2018-01-06;submitSocial;all;arwin
2018-01-08 05:27:02	worker	@arnoldpoernomo;2018-01-06 - 2018-01-06;submitSocial;all;arwin
2018-01-08 05:27:15	worker	@nicsap;2018-01-06 - 2018-01-06;submitSocial;all;arwin
2018-01-08 05:27:27	worker	@tiket2;2018-01-06 - 2018-01-06;submitSocial;all;arwin
2018-01-08 05:27:40	worker	@traveloka;2018-01-06 - 2018-01-06;submitSocial;all;arwin
2018-01-08 05:27:53	worker	@wego;2018-01-06 - 2018-01-06;submitSocial;all;arwin
2018-01-08 05:28:07	worker	@agoda;2018-01-06 - 2018-01-06;submitSocial;all;arwin
2018-01-08 05:28:19	worker	#salahsambung;2018-01-06 - 2018-01-06;submitSocial;all;arwin
2018-01-08 05:28:32	worker	#tulalit;2018-01-06 - 2018-01-06;submitSocial;all;arwin
2018-01-08 05:28:44	worker	#pestageneraksi8;2018-01-06 - 2018-01-06;submitSocial;all;arwin
2018-01-08 05:28:56	worker	#ganaskustik;2018-01-06 - 2018-01-06;submitSocial;all;arwin
2018-01-08 05:29:08	worker	#lnhot20;2018-01-06 - 2018-01-06;submitSocial;all;arwin
2018-01-08 05:29:22	worker	@TripAdvisor;2018-01-06 - 2018-01-06;submitSocial;all;arwin
2018-01-08 05:29:38	worker	@google;2018-01-06 - 2018-01-06;submitSocial;all;arwin
2018-01-08 05:29:52	worker	@Telkomsel;2018-01-06 - 2018-01-06;submitSocial;all;arwin
2018-01-08 05:30:07	worker	@indosat;2018-01-06 - 2018-01-06;submitSocial;all;arwin
2018-01-08 05:30:29	worker	@bahanafmjkt;2018-01-06 - 2018-01-06;submitSocial;all;2018-01-08 05:30:43	worker	@sonorafm92;2018-01-06 - 2018-01-06;submitSocial;all;arwin
2018-01-08 05:30:55	worker	@litefm1058;2018-01-06 - 2018-01-06;submitSocial;all;arwin
2018-01-08 05:31:08	worker	@Bravaradio;2018-01-06 - 2018-01-06;submitSocial;all;arwin
2018-01-08 05:31:21	worker	#dgitm;2018-01-06 - 2018-01-06;submitSocial;all;arwin
2018-01-08 05:31:33	worker	#hitsalaprambors;2018-01-06 - 2018-01-06;submitSocial;all;arwin
2018-01-08 05:31:46	worker	#reqprambors;2018-01-06 - 2018-01-06;submitSocial;all;arwin
2018-01-08 05:31:59	worker	#thedandees;2018-01-06 - 2018-01-06;submitSocial;all;arwin
2018-01-08 05:32:12	worker	#pramborsquiz;2018-01-06 - 2018-01-06;submitSocial;all;arwin
2018-01-08 05:32:24	worker	#jeliprambors;2018-01-06 - 2018-01-06;submitSocial;all;arwin
2018-01-08 05:32:36	worker	#jodohinprambors;2018-01-06 - 2018-01-06;submitSocial;all;arwin
2018-01-08 05:32:49	worker	#ubahdenganbicara;2018-01-06 - 2018-01-06;submitSocial;all;arwin
2018-01-08 05:33:01	worker	#pramborschat;2018-01-06 - 2018-01-06;submitSocial;all;arwin
2018-01-08 05:33:14	worker	#tweetforduit;2018-01-06 - 2018-01-06;submitSocial;all;arwin
2018-01-08 05:33:26	worker	#joki3in1;2018-01-06 - 2018-01-06;submitSocial;all;arwin
2018-01-08 05:33:38	worker	#sarapanseru;2018-01-06 - 2018-01-06;submitSocial;all;arwin
2018-01-08 05:33:51	worker	#rawonkaneloop;2018-01-06 - 2018-01-06;submitSocial;all;arwin
2018-01-08 05:34:03	worker	#gudegkendilkeraton;2018-01-06 - 2018-01-06;submitSocial;all;arwin
2018-01-08 05:34:16	worker	#gadogadobutika;2018-01-06 - 2018-01-06;submitSocial;all;arwin
2018-01-08 05:34:28	worker	#mtvhottest;2018-01-06 - 2018-01-06;submitSocial;all;arwin
2018-01-08 05:34:41	worker	#dimsumcjdw;2018-01-06 - 2018-01-06;submitSocial;all;arwin
2018-01-08 05:34:53	worker	#pecelmadiunmbakniek;2018-01-06 - 2018-01-06;submitSocial;all;arwin
2018-01-08 05:35:06	worker	#depotarema;2018-01-06 - 2018-01-06;submitSocial;all;arwin
2018-01-08 05:35:19	worker	@BNI46;2018-01-06 - 2018-01-06;submitSocial;all;arwin
2018-01-08 05:35:32	worker	@BANKBRI_ID;2018-01-06 - 2018-01-06;submitSocial;all;arwin
2018-01-08 05:35:45	worker	#bni46;2018-01-06 - 2018-01-06;submitSocial;all;arwin
2018-01-08 05:35:59	worker	macet;2018-01-06 - 2018-01-06;submitSocial;all;arwin
2018-01-08 05:36:12	worker	#selamatpagi;2018-01-06 - 2018-01-06;submitSocial;all;arwin
2018-01-08 05:36:24	worker	#selamatmalam;2018-01-06 - 2018-01-06;submitSocial;all;arwin
2018-01-08 05:36:37	worker	@884GlobalRadio;2018-01-06 - 2018-01-06;submitSocial;all;arwin
2018-01-08 05:36:49	worker	@day_trans;2018-01-06 - 2018-01-06;submitSocial;all;arwin
2018-01-08 05:37:02	worker	@kencanavoyage;2018-01-06 - 2018-01-06;submitSocial;all;arwin
2018-01-08 05:37:14	worker	@jukebox5d;2018-01-06 - 2018-01-06;submitSocial;all;arwin
2018-01-08 05:37:27	worker	#mtvhottest;2018-01-06 - 2018-01-06;submitSocial;all;arwin
2018-01-08 05:37:39	worker	#semangatpagi;2018-01-06 - 2018-01-06;submitSocial;all;arwin
2018-01-08 05:37:52	worker	lifebuoy;2018-01-06 - 2018-01-06;submitSocial;all;arwin
2018-01-08 05:38:10	worker	jokowi;2018-01-06 - 2018-01-06;submitSocial;all;arwin
2018-01-08 05:38:28	worker	obama;2018-01-06 - 2018-01-06;submitSocial;all;arwin
2018-01-08 05:38:41	worker	starwars;2018-01-06 - 2018-01-06;submitSocial;all;arwin
2018-01-08 05:38:54	worker	jonan;2018-01-06 - 2018-01-06;submitSocial;all;arwin
2018-01-08 05:39:13	worker	pagi;2018-01-06 - 2018-01-06;submitSocial;all;arwin
2018-01-08 05:39:26	worker	sampoerna;2018-01-06 - 2018-01-06;submitSocial;all;arwin
2018-01-08 05:39:39	worker	djarum;2018-01-06 - 2018-01-06;submitSocial;all;arwin
2018-01-08 05:39:52	worker	#semangatpagi;2018-01-06 - 2018-01-06;submitSocial;all;arwin
2018-01-08 05:40:05	worker	#generaksi8;2018-01-06 - 2018-01-06;submitSocial;all;arwin
2018-01-08 05:40:19	worker	#365alasan;2018-01-06 - 2018-01-06;submitSocial;all;arwin
2018-01-08 05:40:32	worker	weew;2018-01-06 - 2018-01-06;submitSocial;all;arwin
2018-01-08 05:40:50	worker	testing;2018-01-06 - 2018-01-06;submitSocial;all;arwin
2018-01-08 05:41:02	worker	#kopaja;2018-01-06 - 2018-01-06;submitSocial;all;arwin
2018-01-08 05:41:15	worker	#genkuisinsideout;2018-01-06 - 2018-01-06;submitSocial;all;arwin
2018-01-08 05:41:28	worker	starwars;2018-01-06 - 2018-01-06;submitSocial;all;arwin
2018-01-08 05:41:41	worker	#kopaja;2018-01-06 - 2018-01-06;submitSocial;all;arwin
2018-01-08 05:41:54	worker	mldspot;2018-01-06 - 2018-01-06;submitSocial;all;arwin
2018-01-08 05:42:07	worker	PBDjarum;2018-01-06 - 2018-01-06;submitSocial;all;arwin
2018-01-08 05:42:19	worker	TemanNabati;2018-01-06 - 2018-01-06;submitSocial;all;arwin
2018-01-08 05:42:33	worker	Nextar;2018-01-06 - 2018-01-06;submitSocial;all;arwin
2018-01-08 05:42:46	worker	jokowo;2018-01-06 - 2018-01-06;submitSocial;all;arwin
2018-01-08 05:42:59	worker	prabowo;2018-01-06 - 2018-01-06;submitSocial;all;arwin
2018-01-08 05:43:12	worker	sudirman said;2018-01-06 - 2018-01-06;submitSocial;all;arwin
2018-01-08 05:43:31	worker	ahok;2018-01-06 - 2018-01-06;submitSocial;all;arwin
2018-01-08 05:43:44	worker	setyanovanto;2018-01-06 - 2018-01-06;submitSocial;all;arwin
2018-01-08 05:44:02	worker	jokowi;2018-01-06 - 2018-01-06;submitSocial;all;arwin
2018-01-08 05:44:20	worker	ahok;2018-01-06 - 2018-01-06;submitSocial;all;arwin
2018-01-08 05:44:33	worker	prabowo;2018-01-06 - 2018-01-06;submitSocial;all;arwin
2018-01-08 05:44:46	worker	sudirman said;2018-01-06 - 2018-01-06;submitSocial;all;arwin
2018-01-08 05:44:59	worker	setyanovanto;2018-01-06 - 2018-01-06;submitSocial;all;arwin
2018-01-08 05:45:15	worker	galau;2018-01-06 - 2018-01-06;submitSocial;all;arwin
2018-01-08 05:45:28	worker	#prestasiindonesia;2018-01-06 - 2018-01-06;submitSocial;all;arwin
2018-01-08 05:45:41	worker	@Tw_Debi;2018-01-06 - 2018-01-06;submitSocial;all;arwin
2018-01-08 05:45:53	worker	@OfficialFastron;2018-01-06 - 2018-01-06;submitSocial;all;arwin
2018-01-08 05:46:06	worker	@CitibankID;2018-01-06 - 2018-01-06;submitSocial;all;arwin
2018-01-08 05:46:19	worker	@jak101fm;2018-01-06 - 2018-01-06;submitSocial;all;arwin
2018-01-08 05:46:32	worker	@genfm;2018-01-06 - 2018-01-06;submitSocial;all;arwin
