2017-11-28 05:00:06	worker	@987genfm;2017-11-26 - 2017-11-26;submitSocial;all;arwin
2017-11-28 05:00:09	worker	@101jakfm;2017-11-26 - 2017-11-26;submitSocial;all;arwin
2017-11-28 05:00:12	worker	@prambors;2017-11-26 - 2017-11-26;submitSocial;all;arwin
2017-11-28 05:00:15	worker	@hardrockfm;2017-11-26 - 2017-11-26;submitSocial;all;arwin
2017-11-28 05:00:17	worker	@kisfmjakarta;2017-11-26 - 2017-11-26;submitSocial;all;arwin
2017-11-28 05:00:20	worker	@delta_fm;2017-11-26 - 2017-11-26;submitSocial;all;arwin
2017-11-28 05:00:22	worker	@traxfmjkt;2017-11-26 - 2017-11-26;submitSocial;all;arwin
2017-11-28 05:00:25	worker	@iradiojakarta;2017-11-26 - 2017-11-26;submitSocial;all;arwin
2017-11-28 05:00:27	worker	@indika9160fm;2017-11-26 - 2017-11-26;submitSocial;all;arwin
2017-11-28 05:00:29	worker	@shellindonesia;2017-11-26 - 2017-11-26;submitSocial;all;arwin
2017-11-28 05:00:32	worker	@vpowerfans;2017-11-26 - 2017-11-26;submitSocial;all;arwin
2017-11-28 05:00:34	worker	@pertamaxind;2017-11-26 - 2017-11-26;submitSocial;all;arwin
2017-11-28 05:00:37	worker	@ptpertamina;2017-11-26 - 2017-11-26;submitSocial;all;arwin
2017-11-28 05:00:39	worker	@OZRadioJakarta;2017-11-26 - 2017-11-26;submitSocial;all;arwin
2017-11-28 05:00:42	worker	@CosmopolitanFM;2017-11-26 - 2017-11-26;submitSocial;all;arwin
2017-11-28 05:00:44	worker	@mustang88fm;2017-11-26 - 2017-11-26;submitSocial;all;arwin
2017-11-28 05:00:46	worker	@debabaz;2017-11-26 - 2017-11-26;submitSocial;all;arwin
2017-11-28 05:00:50	worker	@detikcom;2017-11-26 - 2017-11-26;submitSocial;all;arwin
2017-11-28 05:00:53	worker	@radioelshinta;2017-11-26 - 2017-11-26;submitSocial;all;arwin
2017-11-28 05:00:55	worker	@cinema21;2017-11-26 - 2017-11-26;submitSocial;all;arwin
2017-11-28 05:00:58	worker	@OfficialRCTI;2017-11-26 - 2017-11-26;submitSocial;all;arwin
2017-11-28 05:01:00	worker	@TRANSTV_CORP;2017-11-26 - 2017-11-26;submitSocial;all;arwin
2017-11-28 05:01:03	worker	@TRANS7;2017-11-26 - 2017-11-26;submitSocial;all;arwin
2017-11-28 05:01:07	worker	@Metro_TV;2017-11-26 - 2017-11-26;submitSocial;all;arwin
2017-11-28 05:01:09	worker	@tvOneNews;2017-11-26 - 2017-11-26;submitSocial;all;arwin
2017-11-28 05:01:12	worker	@whatsonANTV;2017-11-26 - 2017-11-26;submitSocial;all;arwin
2017-11-28 05:01:15	worker	@SCTV_;2017-11-26 - 2017-11-26;submitSocial;all;arwin
2017-11-28 05:01:20	worker	@KompasTV;2017-11-26 - 2017-11-26;submitSocial;all;arwin
2017-11-28 05:01:23	worker	@netmediatama;2017-11-26 - 2017-11-26;submitSocial;all;arwin
2017-11-28 05:01:26	worker	@Globaltvseru;2017-11-26 - 2017-11-26;submitSocial;all;arwin
2017-11-28 05:01:28	worker	@JaktvCom;2017-11-26 - 2017-11-26;submitSocial;all;arwin
2017-11-28 05:01:31	worker	@TVRINasional;2017-11-26 - 2017-11-26;submitSocial;all;arwin
2017-11-28 05:01:33	worker	@ochannelupdates;2017-11-26 - 2017-11-26;submitSocial;all;arwin
2017-11-28 05:01:38	worker	@IndosiarID;2017-11-26 - 2017-11-26;submitSocial;all;arwin
2017-11-28 05:01:42	worker	@kompascom;2017-11-26 - 2017-11-26;submitSocial;all;arwin
2017-11-28 05:01:45	worker	@merdekadotcom;2017-11-26 - 2017-11-26;submitSocial;all;arwin
2017-11-28 05:01:47	worker	@MIdotcom;2017-11-26 - 2017-11-26;submitSocial;all;arwin
2017-11-28 05:01:50	worker	@tempodotco;2017-11-26 - 2017-11-26;submitSocial;all;arwin
2017-11-28 05:01:53	worker	@motion975fm;2017-11-26 - 2017-11-26;submitSocial;all;arwin
2017-11-28 05:01:55	worker	@_radiotoday;2017-11-26 - 2017-11-26;submitSocial;all;arwin
2017-11-28 05:01:58	worker	@radioinfo;2017-11-26 - 2017-11-26;submitSocial;all;arwin
2017-11-28 05:02:00	worker	@979FeMaleRadio;2017-11-26 - 2017-11-26;submitSocial;all;arwin
2017-11-28 05:02:03	worker	@WomanRadio943FM;2017-11-26 - 2017-11-26;submitSocial;all;arwin
2017-11-28 05:02:05	worker	@VRadioFM;2017-11-26 - 2017-11-26;submitSocial;all;arwin
2017-11-28 05:02:07	worker	@UFM947;2017-11-26 - 2017-11-26;submitSocial;all;arwin
2017-11-28 05:02:10	worker	@VIVAnews;2017-11-26 - 2017-11-26;submitSocial;all;arwin
2017-11-28 05:02:13	worker	@antaranews;2017-11-26 - 2017-11-26;submitSocial;all;arwin
2017-11-28 05:02:15	worker	@tribunnews;2017-11-26 - 2017-11-26;submitSocial;all;arwin
2017-11-28 05:02:18	worker	@okezonenews;2017-11-26 - 2017-11-26;submitSocial;all;arwin
2017-11-28 05:02:21	worker	@Beritasatu;2017-11-26 - 2017-11-26;submitSocial;all;arwin
2017-11-28 05:02:23	worker	@rollingstoneina;2017-11-26 - 2017-11-26;submitSocial;all;arwin
2017-11-28 05:02:25	worker	@FIMELAdotcom;2017-11-26 - 2017-11-26;submitSocial;all;arwin
2017-11-28 05:02:28	worker	@KapanLagicom;2017-11-26 - 2017-11-26;submitSocial;all;arwin
2017-11-28 05:02:30	worker	@KompasEnt ;2017-11-26 - 2017-11-26;submitSocial;all;arwin
2017-11-28 05:02:32	worker	@HaiMagazine;2017-11-26 - 2017-11-26;submitSocial;all;arwin
2017-11-28 05:02:35	worker	@JakartaVenue;2017-11-26 - 2017-11-26;submitSocial;all;arwin
2017-11-28 05:02:37	worker	@SeputarEvent;2017-11-26 - 2017-11-26;submitSocial;all;arwin
2017-11-28 05:02:40	worker	@ismayaLive;2017-11-26 - 2017-11-26;submitSocial;all;arwin
2017-11-28 05:02:42	worker	@ECEntertainment;2017-11-26 - 2017-11-26;submitSocial;all;arwin
2017-11-28 05:02:44	worker	@synergism_En;2017-11-26 - 2017-11-26;submitSocial;all;arwin
2017-11-28 05:02:46	worker	@Urbanbandung;2017-11-26 - 2017-11-26;submitSocial;all;arwin
2017-11-28 05:02:48	worker	@Urbanrkm995;2017-11-26 - 2017-11-26;submitSocial;all;arwin
2017-11-28 05:02:50	worker	@Garuda_Promo;2017-11-26 - 2017-11-26;submitSocial;all;arwin
2017-11-28 05:02:53	worker	@AirAsiaID;2017-11-26 - 2017-11-26;submitSocial;all;arwin
2017-11-28 05:02:56	worker	@KAI121;2017-11-26 - 2017-11-26;submitSocial;all;arwin
2017-11-28 05:02:58	worker	@Unilever;2017-11-26 - 2017-11-26;submitSocial;all;arwin
2017-11-28 05:03:02	worker	@Nestle;2017-11-26 - 2017-11-26;submitSocial;all;arwin
2017-11-28 05:03:07	worker	@CocaCola;2017-11-26 - 2017-11-26;submitSocial;all;arwin
2017-11-28 05:03:14	worker	@CNN;2017-11-26 - 2017-11-26;submitSocial;all;arwin
2017-11-28 05:03:17	worker	@MTV;2017-11-26 - 2017-11-26;submitSocial;all;arwin
2017-11-28 05:03:19	worker	@channelv;2017-11-26 - 2017-11-26;submitSocial;all;arwin
2017-11-28 05:03:22	worker	@iTunesMusic;2017-11-26 - 2017-11-26;submitSocial;all;arwin
2017-11-28 05:03:25	worker	@mashable;2017-11-26 - 2017-11-26;submitSocial;all;arwin
2017-11-28 05:03:27	worker	@decacaz;2017-11-26 - 2017-11-26;submitSocial;all;arwin
2017-11-28 05:03:29	worker	@radiobaru967FM;2017-11-26 - 2017-11-26;submitSocial;all;arwin
2017-11-28 05:03:32	worker	@967HitzFM;2017-11-26 - 2017-11-26;submitSocial;all;arwin
2017-11-28 05:03:35	worker	@TVGuide;2017-11-26 - 2017-11-26;submitSocial;all;arwin
2017-11-28 05:03:37	worker	@XL123;2017-11-26 - 2017-11-26;submitSocial;all;arwin
2017-11-28 05:03:40	worker	@triindonesia;2017-11-26 - 2017-11-26;submitSocial;all;arwin
2017-11-28 05:03:42	worker	@kaskus;2017-11-26 - 2017-11-26;submitSocial;all;arwin
2017-11-28 05:03:45	worker	@Studio_XXI;2017-11-26 - 2017-11-26;submitSocial;all;arwin
2017-11-28 05:03:47	worker	@blitzmegaplex;2017-11-26 - 2017-11-26;submitSocial;all;arwin
2017-11-28 05:03:49	worker	@alfamartku;2017-11-26 - 2017-11-26;submitSocial;all;arwin
2017-11-28 05:03:52	worker	@Carrefour_ID;2017-11-26 - 2017-11-26;submitSocial;all;arwin
2017-11-28 05:03:55	worker	@BBCBreaking;2017-11-26 - 2017-11-26;submitSocial;all;arwin
2017-11-28 05:04:01	worker	@Forbes;2017-11-26 - 2017-11-26;submitSocial;all;arwin
2017-11-28 05:04:04	worker	@BensRadio;2017-11-26 - 2017-11-26;submitSocial;all;arwin
2017-11-28 05:04:08	worker	@instagram;2017-11-26 - 2017-11-26;submitSocial;all;arwin
2017-11-28 05:04:11	worker	@Pinterest;2017-11-26 - 2017-11-26;submitSocial;all;arwin
2017-11-28 05:04:17	worker	@google;2017-11-26 - 2017-11-26;submitSocial;all;arwin
2017-11-28 05:04:19	worker	@Pertaminalub;2017-11-26 - 2017-11-26;submitSocial;all;arwin
2017-11-28 05:04:22	worker	@InfoLalinTol;2017-11-26 - 2017-11-26;submitSocial;all;arwin
2017-11-28 05:04:24	worker	@PTJASAMARGA;2017-11-26 - 2017-11-26;submitSocial;all;arwin
2017-11-28 05:04:26	worker	@cititransindo;2017-11-26 - 2017-11-26;submitSocial;all;arwin
2017-11-28 05:04:28	worker	#semangatpagisuperr;2017-11-26 - 2017-11-26;submitSocial;all;arwin
2017-11-28 05:04:31	worker	#genkuisinsideout;2017-11-26 - 2017-11-26;submitSocial;all;arwin
2017-11-28 05:04:33	worker	#semangatpagi;2017-11-26 - 2017-11-26;submitSocial;all;arwin
2017-11-28 05:04:35	worker	#dikamar;2017-11-26 - 2017-11-26;submitSocial;all;arwin
2017-11-28 05:04:38	worker	#kopaja;2017-11-26 - 2017-11-26;submitSocial;all;arwin
2017-11-28 05:04:40	worker	#generaksi8;2017-11-26 - 2017-11-26;submitSocial;all;arwin
2017-11-28 05:04:42	worker	#hitztsp;2017-11-26 - 2017-11-26;submitSocial;all;arwin
2017-11-28 05:04:46	worker	#np;2017-11-26 - 2017-11-26;submitSocial;all;arwin
2017-11-28 05:04:48	worker	#hitzlivestage;2017-11-26 - 2017-11-26;submitSocial;all;arwin
2017-11-28 05:04:50	worker	#thefreaks;2017-11-26 - 2017-11-26;submitSocial;all;arwin
2017-11-28 05:04:53	worker	#hitzsirkuspagi;2017-11-26 - 2017-11-26;submitSocial;all;arwin
2017-11-28 05:04:55	worker	#hitzathlon;2017-11-26 - 2017-11-26;submitSocial;all;arwin
2017-11-28 05:04:57	worker	#hitzzombie;2017-11-26 - 2017-11-26;submitSocial;all;arwin
2017-11-28 05:05:00	worker	#hitzkalong;2017-11-26 - 2017-11-26;submitSocial;all;arwin
2017-11-28 05:05:02	worker	#hitzbebas;2017-11-26 - 2017-11-26;submitSocial;all;arwin
2017-11-28 05:05:05	worker	#hitzhorehara;2017-11-26 - 2017-11-26;submitSocial;all;arwin
2017-11-28 05:05:08	worker	@ZaloraID;2017-11-26 - 2017-11-26;submitSocial;all;arwin
2017-11-28 05:05:10	worker	@OLX_Indonesia;2017-11-26 - 2017-11-26;submitSocial;all;arwin
2017-11-28 05:05:13	worker	@LazadaID;2017-11-26 - 2017-11-26;submitSocial;all;arwin
2017-11-28 05:05:15	worker	@utrippers;2017-11-26 - 2017-11-26;submitSocial;all;arwin
2017-11-28 05:05:18	worker	@GoGobot;2017-11-26 - 2017-11-26;submitSocial;all;arwin
2017-11-28 05:05:20	worker	@viatortravel;2017-11-26 - 2017-11-26;submitSocial;all;arwin
2017-11-28 05:05:23	worker	@alandakariza;2017-11-26 - 2017-11-26;submitSocial;all;arwin
2017-11-28 05:05:25	worker	@gagasmedia;2017-11-26 - 2017-11-26;submitSocial;all;arwin
2017-11-28 05:05:28	worker	@welovehonda;2017-11-26 - 2017-11-26;submitSocial;all;arwin
2017-11-28 05:05:30	worker	@SuzukiMotorID;2017-11-26 - 2017-11-26;submitSocial;all;arwin
2017-11-28 05:05:33	worker	@kawasakilovers;2017-11-26 - 2017-11-26;submitSocial;all;arwin
2017-11-28 05:05:35	worker	@yamahaindonesia;2017-11-26 - 2017-11-26;submitSocial;all;arwin
2017-11-28 05:05:37	worker	@tripanzee;2017-11-26 - 2017-11-26;submitSocial;all;arwin
2017-11-28 05:05:40	worker	@arnoldpoernomo;2017-11-26 - 2017-11-26;submitSocial;all;arwin
2017-11-28 05:05:42	worker	@nicsap;2017-11-26 - 2017-11-26;submitSocial;all;arwin
2017-11-28 05:05:45	worker	@tiket2;2017-11-26 - 2017-11-26;submitSocial;all;arwin
2017-11-28 05:05:47	worker	@traveloka;2017-11-26 - 2017-11-26;submitSocial;all;arwin
2017-11-28 05:05:51	worker	@wego;2017-11-26 - 2017-11-26;submitSocial;all;arwin
2017-11-28 05:05:54	worker	@agoda;2017-11-26 - 2017-11-26;submitSocial;all;arwin
2017-11-28 05:05:56	worker	#salahsambung;2017-11-26 - 2017-11-26;submitSocial;all;arwin
2017-11-28 05:05:59	worker	#tulalit;2017-11-26 - 2017-11-26;submitSocial;all;arwin
2017-11-28 05:06:01	worker	#pestageneraksi8;2017-11-26 - 2017-11-26;submitSocial;all;arwin
2017-11-28 05:06:03	worker	#ganaskustik;2017-11-26 - 2017-11-26;submitSocial;all;arwin
2017-11-28 05:06:05	worker	#lnhot20;2017-11-26 - 2017-11-26;submitSocial;all;arwin
2017-11-28 05:06:07	worker	@TripAdvisor;2017-11-26 - 2017-11-26;submitSocial;all;arwin
2017-11-28 05:06:13	worker	@google;2017-11-26 - 2017-11-26;submitSocial;all;arwin
2017-11-28 05:06:16	worker	@Telkomsel;2017-11-26 - 2017-11-26;submitSocial;all;arwin
2017-11-28 05:06:18	worker	@indosat;2017-11-26 - 2017-11-26;submitSocial;all;arwin
2017-11-28 05:06:22	worker	@bahanafmjkt;2017-11-26 - 2017-11-26;submitSocial;all;2017-11-28 05:06:26	worker	@sonorafm92;2017-11-26 - 2017-11-26;submitSocial;all;arwin
2017-11-28 05:06:28	worker	@litefm1058;2017-11-26 - 2017-11-26;submitSocial;all;arwin
2017-11-28 05:06:30	worker	@Bravaradio;2017-11-26 - 2017-11-26;submitSocial;all;arwin
2017-11-28 05:06:33	worker	#dgitm;2017-11-26 - 2017-11-26;submitSocial;all;arwin
2017-11-28 05:06:35	worker	#hitsalaprambors;2017-11-26 - 2017-11-26;submitSocial;all;arwin
2017-11-28 05:06:38	worker	#reqprambors;2017-11-26 - 2017-11-26;submitSocial;all;arwin
2017-11-28 05:06:40	worker	#thedandees;2017-11-26 - 2017-11-26;submitSocial;all;arwin
2017-11-28 05:06:42	worker	#pramborsquiz;2017-11-26 - 2017-11-26;submitSocial;all;arwin
2017-11-28 05:06:44	worker	#jeliprambors;2017-11-26 - 2017-11-26;submitSocial;all;arwin
2017-11-28 05:06:47	worker	#jodohinprambors;2017-11-26 - 2017-11-26;submitSocial;all;arwin
2017-11-28 05:06:49	worker	#ubahdenganbicara;2017-11-26 - 2017-11-26;submitSocial;all;arwin
2017-11-28 05:06:51	worker	#pramborschat;2017-11-26 - 2017-11-26;submitSocial;all;arwin
2017-11-28 05:06:53	worker	#tweetforduit;2017-11-26 - 2017-11-26;submitSocial;all;arwin
2017-11-28 05:06:55	worker	#joki3in1;2017-11-26 - 2017-11-26;submitSocial;all;arwin
2017-11-28 05:06:58	worker	#sarapanseru;2017-11-26 - 2017-11-26;submitSocial;all;arwin
2017-11-28 05:07:00	worker	#rawonkaneloop;2017-11-26 - 2017-11-26;submitSocial;all;arwin
2017-11-28 05:07:02	worker	#gudegkendilkeraton;2017-11-26 - 2017-11-26;submitSocial;all;arwin
2017-11-28 05:07:04	worker	#gadogadobutika;2017-11-26 - 2017-11-26;submitSocial;all;arwin
2017-11-28 05:07:07	worker	#mtvhottest;2017-11-26 - 2017-11-26;submitSocial;all;arwin
2017-11-28 05:07:09	worker	#dimsumcjdw;2017-11-26 - 2017-11-26;submitSocial;all;arwin
2017-11-28 05:07:11	worker	#pecelmadiunmbakniek;2017-11-26 - 2017-11-26;submitSocial;all;arwin
2017-11-28 05:07:13	worker	#depotarema;2017-11-26 - 2017-11-26;submitSocial;all;arwin
2017-11-28 05:07:16	worker	@BNI46;2017-11-26 - 2017-11-26;submitSocial;all;arwin
2017-11-28 05:07:18	worker	@BANKBRI_ID;2017-11-26 - 2017-11-26;submitSocial;all;arwin
2017-11-28 05:07:21	worker	#bni46;2017-11-26 - 2017-11-26;submitSocial;all;arwin
2017-11-28 05:07:25	worker	macet;2017-11-26 - 2017-11-26;submitSocial;all;arwin
2017-11-28 05:07:27	worker	#selamatpagi;2017-11-26 - 2017-11-26;submitSocial;all;arwin
2017-11-28 05:07:29	worker	#selamatmalam;2017-11-26 - 2017-11-26;submitSocial;all;arwin
2017-11-28 05:07:31	worker	@884GlobalRadio;2017-11-26 - 2017-11-26;submitSocial;all;arwin
2017-11-28 05:07:34	worker	@day_trans;2017-11-26 - 2017-11-26;submitSocial;all;arwin
2017-11-28 05:07:36	worker	@kencanavoyage;2017-11-26 - 2017-11-26;submitSocial;all;arwin
2017-11-28 05:07:39	worker	@jukebox5d;2017-11-26 - 2017-11-26;submitSocial;all;arwin
2017-11-28 05:07:41	worker	#mtvhottest;2017-11-26 - 2017-11-26;submitSocial;all;arwin
2017-11-28 05:07:43	worker	#semangatpagi;2017-11-26 - 2017-11-26;submitSocial;all;arwin
2017-11-28 05:07:46	worker	lifebuoy;2017-11-26 - 2017-11-26;submitSocial;all;arwin
2017-11-28 05:07:52	worker	jokowi;2017-11-26 - 2017-11-26;submitSocial;all;arwin
2017-11-28 05:08:03	worker	obama;2017-11-26 - 2017-11-26;submitSocial;all;arwin
2017-11-28 05:08:06	worker	starwars;2017-11-26 - 2017-11-26;submitSocial;all;arwin
2017-11-28 05:08:09	worker	jonan;2017-11-26 - 2017-11-26;submitSocial;all;arwin
2017-11-28 05:08:18	worker	pagi;2017-11-26 - 2017-11-26;submitSocial;all;arwin
2017-11-28 05:08:20	worker	sampoerna;2017-11-26 - 2017-11-26;submitSocial;all;arwin
2017-11-28 05:08:23	worker	djarum;2017-11-26 - 2017-11-26;submitSocial;all;arwin
2017-11-28 05:08:26	worker	#semangatpagi;2017-11-26 - 2017-11-26;submitSocial;all;arwin
2017-11-28 05:08:27	worker	#generaksi8;2017-11-26 - 2017-11-26;submitSocial;all;arwin
2017-11-28 05:08:30	worker	#365alasan;2017-11-26 - 2017-11-26;submitSocial;all;arwin
2017-11-28 05:08:33	worker	weew;2017-11-26 - 2017-11-26;submitSocial;all;arwin
2017-11-28 05:08:41	worker	testing;2017-11-26 - 2017-11-26;submitSocial;all;arwin
2017-11-28 05:08:44	worker	#kopaja;2017-11-26 - 2017-11-26;submitSocial;all;arwin
2017-11-28 05:08:46	worker	#genkuisinsideout;2017-11-26 - 2017-11-26;submitSocial;all;arwin
2017-11-28 05:08:49	worker	starwars;2017-11-26 - 2017-11-26;submitSocial;all;arwin
2017-11-28 05:08:52	worker	#kopaja;2017-11-26 - 2017-11-26;submitSocial;all;arwin
2017-11-28 05:08:54	worker	mldspot;2017-11-26 - 2017-11-26;submitSocial;all;arwin
2017-11-28 05:08:57	worker	PBDjarum;2017-11-26 - 2017-11-26;submitSocial;all;arwin
2017-11-28 05:08:59	worker	TemanNabati;2017-11-26 - 2017-11-26;submitSocial;all;arwin
2017-11-28 05:09:03	worker	Nextar;2017-11-26 - 2017-11-26;submitSocial;all;arwin
2017-11-28 05:09:06	worker	jokowo;2017-11-26 - 2017-11-26;submitSocial;all;arwin
2017-11-28 05:09:09	worker	prabowo;2017-11-26 - 2017-11-26;submitSocial;all;arwin
2017-11-28 05:09:12	worker	sudirman said;2017-11-26 - 2017-11-26;submitSocial;all;arwin
2017-11-28 05:09:19	worker	ahok;2017-11-26 - 2017-11-26;submitSocial;all;arwin
2017-11-28 05:09:22	worker	setyanovanto;2017-11-26 - 2017-11-26;submitSocial;all;arwin
2017-11-28 05:09:27	worker	jokowi;2017-11-26 - 2017-11-26;submitSocial;all;arwin
2017-11-28 05:09:35	worker	ahok;2017-11-26 - 2017-11-26;submitSocial;all;arwin
2017-11-28 05:09:38	worker	prabowo;2017-11-26 - 2017-11-26;submitSocial;all;arwin
2017-11-28 05:09:41	worker	sudirman said;2017-11-26 - 2017-11-26;submitSocial;all;arwin
2017-11-28 05:09:43	worker	setyanovanto;2017-11-26 - 2017-11-26;submitSocial;all;arwin
2017-11-28 05:09:48	worker	galau;2017-11-26 - 2017-11-26;submitSocial;all;arwin
2017-11-28 05:09:51	worker	#prestasiindonesia;2017-11-26 - 2017-11-26;submitSocial;all;arwin
2017-11-28 05:09:53	worker	@Tw_Debi;2017-11-26 - 2017-11-26;submitSocial;all;arwin
2017-11-28 05:09:55	worker	@OfficialFastron;2017-11-26 - 2017-11-26;submitSocial;all;arwin
2017-11-28 05:09:58	worker	@CitibankID;2017-11-26 - 2017-11-26;submitSocial;all;arwin
2017-11-28 05:10:00	worker	@jak101fm;2017-11-26 - 2017-11-26;submitSocial;all;arwin
2017-11-28 05:10:04	worker	@genfm;2017-11-26 - 2017-11-26;submitSocial;all;arwin
