2017-05-01 05:00:15	worker	@987genfm;2017-04-29 - 2017-04-29;submitSocial;all;arwin
2017-05-01 05:00:25	worker	@101jakfm;2017-04-29 - 2017-04-29;submitSocial;all;arwin
2017-05-01 05:00:36	worker	@prambors;2017-04-29 - 2017-04-29;submitSocial;all;arwin
2017-05-01 05:00:46	worker	@hardrockfm;2017-04-29 - 2017-04-29;submitSocial;all;arwin
2017-05-01 05:00:57	worker	@kisfmjakarta;2017-04-29 - 2017-04-29;submitSocial;all;arwin
2017-05-01 05:01:08	worker	@delta_fm;2017-04-29 - 2017-04-29;submitSocial;all;arwin
2017-05-01 05:01:19	worker	@traxfmjkt;2017-04-29 - 2017-04-29;submitSocial;all;arwin
2017-05-01 05:01:30	worker	@iradiojakarta;2017-04-29 - 2017-04-29;submitSocial;all;arwin
2017-05-01 05:01:40	worker	@indika9160fm;2017-04-29 - 2017-04-29;submitSocial;all;arwin
2017-05-01 05:01:50	worker	@shellindonesia;2017-04-29 - 2017-04-29;submitSocial;all;arwin
2017-05-01 05:02:00	worker	@vpowerfans;2017-04-29 - 2017-04-29;submitSocial;all;arwin
2017-05-01 05:02:11	worker	@pertamaxind;2017-04-29 - 2017-04-29;submitSocial;all;arwin
2017-05-01 05:02:21	worker	@ptpertamina;2017-04-29 - 2017-04-29;submitSocial;all;arwin
2017-05-01 05:02:31	worker	@OZRadioJakarta;2017-04-29 - 2017-04-29;submitSocial;all;arwin
2017-05-01 05:02:41	worker	@CosmopolitanFM;2017-04-29 - 2017-04-29;submitSocial;all;arwin
2017-05-01 05:02:52	worker	@mustang88fm;2017-04-29 - 2017-04-29;submitSocial;all;arwin
2017-05-01 05:03:02	worker	@debabaz;2017-04-29 - 2017-04-29;submitSocial;all;arwin
2017-05-01 05:03:14	worker	@detikcom;2017-04-29 - 2017-04-29;submitSocial;all;arwin
2017-05-01 05:03:25	worker	@radioelshinta;2017-04-29 - 2017-04-29;submitSocial;all;arwin
2017-05-01 05:03:35	worker	@cinema21;2017-04-29 - 2017-04-29;submitSocial;all;arwin
2017-05-01 05:03:46	worker	@OfficialRCTI;2017-04-29 - 2017-04-29;submitSocial;all;arwin
2017-05-01 05:03:56	worker	@TRANSTV_CORP;2017-04-29 - 2017-04-29;submitSocial;all;arwin
2017-05-01 05:04:07	worker	@TRANS7;2017-04-29 - 2017-04-29;submitSocial;all;arwin
2017-05-01 05:04:18	worker	@Metro_TV;2017-04-29 - 2017-04-29;submitSocial;all;arwin
2017-05-01 05:04:29	worker	@tvOneNews;2017-04-29 - 2017-04-29;submitSocial;all;arwin
2017-05-01 05:04:39	worker	@whatsonANTV;2017-04-29 - 2017-04-29;submitSocial;all;arwin
2017-05-01 05:04:51	worker	@SCTV_;2017-04-29 - 2017-04-29;submitSocial;all;arwin
2017-05-01 05:05:01	worker	@KompasTV;2017-04-29 - 2017-04-29;submitSocial;all;arwin
2017-05-01 05:05:15	worker	@netmediatama;2017-04-29 - 2017-04-29;submitSocial;all;arwin
2017-05-01 05:05:26	worker	@Globaltvseru;2017-04-29 - 2017-04-29;submitSocial;all;arwin
2017-05-01 05:05:36	worker	@JaktvCom;2017-04-29 - 2017-04-29;submitSocial;all;arwin
2017-05-01 05:05:46	worker	@TVRINasional;2017-04-29 - 2017-04-29;submitSocial;all;arwin
2017-05-01 05:05:56	worker	@ochannelupdates;2017-04-29 - 2017-04-29;submitSocial;all;arwin
2017-05-01 05:06:09	worker	@IndosiarID;2017-04-29 - 2017-04-29;submitSocial;all;arwin
2017-05-01 05:06:21	worker	@kompascom;2017-04-29 - 2017-04-29;submitSocial;all;arwin
2017-05-01 05:06:31	worker	@merdekadotcom;2017-04-29 - 2017-04-29;submitSocial;all;arwin
2017-05-01 05:06:42	worker	@MIdotcom;2017-04-29 - 2017-04-29;submitSocial;all;arwin
2017-05-01 05:06:52	worker	@tempodotco;2017-04-29 - 2017-04-29;submitSocial;all;arwin
2017-05-01 05:07:03	worker	@motion975fm;2017-04-29 - 2017-04-29;submitSocial;all;arwin
2017-05-01 05:07:14	worker	@_radiotoday;2017-04-29 - 2017-04-29;submitSocial;all;arwin
2017-05-01 05:07:24	worker	@radioinfo;2017-04-29 - 2017-04-29;submitSocial;all;arwin
2017-05-01 05:07:34	worker	@979FeMaleRadio;2017-04-29 - 2017-04-29;submitSocial;all;arwin
2017-05-01 05:07:44	worker	@WomanRadio943FM;2017-04-29 - 2017-04-29;submitSocial;all;arwin
2017-05-01 05:07:55	worker	@VRadioFM;2017-04-29 - 2017-04-29;submitSocial;all;arwin
2017-05-01 05:08:05	worker	@UFM947;2017-04-29 - 2017-04-29;submitSocial;all;arwin
2017-05-01 05:08:16	worker	@VIVAnews;2017-04-29 - 2017-04-29;submitSocial;all;arwin
2017-05-01 05:08:26	worker	@antaranews;2017-04-29 - 2017-04-29;submitSocial;all;arwin
2017-05-01 05:08:38	worker	@tribunnews;2017-04-29 - 2017-04-29;submitSocial;all;arwin
2017-05-01 05:08:48	worker	@okezonenews;2017-04-29 - 2017-04-29;submitSocial;all;arwin
2017-05-01 05:08:59	worker	@Beritasatu;2017-04-29 - 2017-04-29;submitSocial;all;arwin
2017-05-01 05:09:11	worker	@rollingstoneina;2017-04-29 - 2017-04-29;submitSocial;all;arwin
2017-05-01 05:09:22	worker	@FIMELAdotcom;2017-04-29 - 2017-04-29;submitSocial;all;arwin
2017-05-01 05:09:33	worker	@KapanLagicom;2017-04-29 - 2017-04-29;submitSocial;all;arwin
2017-05-01 05:09:43	worker	@KompasEnt ;2017-04-29 - 2017-04-29;submitSocial;all;arwin
2017-05-01 05:09:54	worker	@HaiMagazine;2017-04-29 - 2017-04-29;submitSocial;all;arwin
2017-05-01 05:10:05	worker	@JakartaVenue;2017-04-29 - 2017-04-29;submitSocial;all;arwin
2017-05-01 05:10:16	worker	@SeputarEvent;2017-04-29 - 2017-04-29;submitSocial;all;arwin
2017-05-01 05:10:26	worker	@ismayaLive;2017-04-29 - 2017-04-29;submitSocial;all;arwin
2017-05-01 05:10:37	worker	@ECEntertainment;2017-04-29 - 2017-04-29;submitSocial;all;arwin
2017-05-01 05:10:47	worker	@synergism_En;2017-04-29 - 2017-04-29;submitSocial;all;arwin
2017-05-01 05:10:57	worker	@Urbanbandung;2017-04-29 - 2017-04-29;submitSocial;all;arwin
2017-05-01 05:11:08	worker	@Urbanrkm995;2017-04-29 - 2017-04-29;submitSocial;all;arwin
2017-05-01 05:11:19	worker	@Garuda_Promo;2017-04-29 - 2017-04-29;submitSocial;all;arwin
2017-05-01 05:11:29	worker	@AirAsiaID;2017-04-29 - 2017-04-29;submitSocial;all;arwin
2017-05-01 05:11:40	worker	@KAI121;2017-04-29 - 2017-04-29;submitSocial;all;arwin
2017-05-01 05:11:51	worker	@Unilever;2017-04-29 - 2017-04-29;submitSocial;all;arwin
2017-05-01 05:12:01	worker	@Nestle;2017-04-29 - 2017-04-29;submitSocial;all;arwin
2017-05-01 05:12:13	worker	@CocaCola;2017-04-29 - 2017-04-29;submitSocial;all;arwin
2017-05-01 05:12:28	worker	@CNN;2017-04-29 - 2017-04-29;submitSocial;all;arwin
2017-05-01 05:12:43	worker	@MTV;2017-04-29 - 2017-04-29;submitSocial;all;arwin
2017-05-01 05:12:53	worker	@channelv;2017-04-29 - 2017-04-29;submitSocial;all;arwin
2017-05-01 05:13:04	worker	@iTunesMusic;2017-04-29 - 2017-04-29;submitSocial;all;arwin
2017-05-01 05:13:17	worker	@mashable;2017-04-29 - 2017-04-29;submitSocial;all;arwin
2017-05-01 05:13:28	worker	@decacaz;2017-04-29 - 2017-04-29;submitSocial;all;arwin
2017-05-01 05:13:38	worker	@radiobaru967FM;2017-04-29 - 2017-04-29;submitSocial;all;arwin
2017-05-01 05:13:48	worker	@967HitzFM;2017-04-29 - 2017-04-29;submitSocial;all;arwin
2017-05-01 05:13:59	worker	@TVGuide;2017-04-29 - 2017-04-29;submitSocial;all;arwin
2017-05-01 05:14:10	worker	@XL123;2017-04-29 - 2017-04-29;submitSocial;all;arwin
2017-05-01 05:14:20	worker	@triindonesia;2017-04-29 - 2017-04-29;submitSocial;all;arwin
2017-05-01 05:14:31	worker	@kaskus;2017-04-29 - 2017-04-29;submitSocial;all;arwin
2017-05-01 05:14:41	worker	@Studio_XXI;2017-04-29 - 2017-04-29;submitSocial;all;arwin
2017-05-01 05:14:51	worker	@blitzmegaplex;2017-04-29 - 2017-04-29;submitSocial;all;arwin
2017-05-01 05:15:02	worker	@alfamartku;2017-04-29 - 2017-04-29;submitSocial;all;arwin
2017-05-01 05:15:14	worker	@Carrefour_ID;2017-04-29 - 2017-04-29;submitSocial;all;arwin
2017-05-01 05:15:26	worker	@BBCBreaking;2017-04-29 - 2017-04-29;submitSocial;all;arwin
2017-05-01 05:15:42	worker	@Forbes;2017-04-29 - 2017-04-29;submitSocial;all;arwin
2017-05-01 05:15:52	worker	@BensRadio;2017-04-29 - 2017-04-29;submitSocial;all;arwin
2017-05-01 05:16:06	worker	@instagram;2017-04-29 - 2017-04-29;submitSocial;all;arwin
2017-05-01 05:16:17	worker	@Pinterest;2017-04-29 - 2017-04-29;submitSocial;all;arwin
2017-05-01 05:16:32	worker	@google;2017-04-29 - 2017-04-29;submitSocial;all;arwin
2017-05-01 05:16:42	worker	@Pertaminalub;2017-04-29 - 2017-04-29;submitSocial;all;arwin
2017-05-01 05:16:52	worker	@InfoLalinTol;2017-04-29 - 2017-04-29;submitSocial;all;arwin
2017-05-01 05:17:04	worker	@PTJASAMARGA;2017-04-29 - 2017-04-29;submitSocial;all;arwin
2017-05-01 05:17:14	worker	@cititransindo;2017-04-29 - 2017-04-29;submitSocial;all;arwin
2017-05-01 05:17:24	worker	#semangatpagisuperr;2017-04-29 - 2017-04-29;submitSocial;all;arwin
2017-05-01 05:17:34	worker	#genkuisinsideout;2017-04-29 - 2017-04-29;submitSocial;all;arwin
2017-05-01 05:17:44	worker	#semangatpagi;2017-04-29 - 2017-04-29;submitSocial;all;arwin
2017-05-01 05:17:55	worker	#dikamar;2017-04-29 - 2017-04-29;submitSocial;all;arwin
2017-05-01 05:18:06	worker	#kopaja;2017-04-29 - 2017-04-29;submitSocial;all;arwin
2017-05-01 05:18:15	worker	#generaksi8;2017-04-29 - 2017-04-29;submitSocial;all;arwin
2017-05-01 05:18:26	worker	#hitztsp;2017-04-29 - 2017-04-29;submitSocial;all;arwin
2017-05-01 05:18:37	worker	#np;2017-04-29 - 2017-04-29;submitSocial;all;arwin
2017-05-01 05:18:47	worker	#hitzlivestage;2017-04-29 - 2017-04-29;submitSocial;all;arwin
2017-05-01 05:18:58	worker	#thefreaks;2017-04-29 - 2017-04-29;submitSocial;all;arwin
2017-05-01 05:19:08	worker	#hitzsirkuspagi;2017-04-29 - 2017-04-29;submitSocial;all;arwin
2017-05-01 05:19:19	worker	#hitzathlon;2017-04-29 - 2017-04-29;submitSocial;all;arwin
2017-05-01 05:19:29	worker	#hitzzombie;2017-04-29 - 2017-04-29;submitSocial;all;arwin
2017-05-01 05:19:39	worker	#hitzkalong;2017-04-29 - 2017-04-29;submitSocial;all;arwin
2017-05-01 05:19:49	worker	#hitzbebas;2017-04-29 - 2017-04-29;submitSocial;all;arwin
2017-05-01 05:19:59	worker	#hitzhorehara;2017-04-29 - 2017-04-29;submitSocial;all;arwin
2017-05-01 05:20:10	worker	@ZaloraID;2017-04-29 - 2017-04-29;submitSocial;all;arwin
2017-05-01 05:20:21	worker	@OLX_Indonesia;2017-04-29 - 2017-04-29;submitSocial;all;arwin
2017-05-01 05:20:31	worker	@LazadaID;2017-04-29 - 2017-04-29;submitSocial;all;arwin
2017-05-01 05:20:42	worker	@utrippers;2017-04-29 - 2017-04-29;submitSocial;all;arwin
2017-05-01 05:20:52	worker	@GoGobot;2017-04-29 - 2017-04-29;submitSocial;all;arwin
2017-05-01 05:21:03	worker	@viatortravel;2017-04-29 - 2017-04-29;submitSocial;all;arwin
2017-05-01 05:21:13	worker	@alandakariza;2017-04-29 - 2017-04-29;submitSocial;all;arwin
2017-05-01 05:21:24	worker	@gagasmedia;2017-04-29 - 2017-04-29;submitSocial;all;arwin
2017-05-01 05:21:35	worker	@welovehonda;2017-04-29 - 2017-04-29;submitSocial;all;arwin
2017-05-01 05:21:45	worker	@SuzukiMotorID;2017-04-29 - 2017-04-29;submitSocial;all;arwin
2017-05-01 05:21:55	worker	@kawasakilovers;2017-04-29 - 2017-04-29;submitSocial;all;arwin
2017-05-01 05:22:05	worker	@yamahaindonesia;2017-04-29 - 2017-04-29;submitSocial;all;arwin
2017-05-01 05:22:16	worker	@tripanzee;2017-04-29 - 2017-04-29;submitSocial;all;arwin
2017-05-01 05:22:26	worker	@arnoldpoernomo;2017-04-29 - 2017-04-29;submitSocial;all;arwin
2017-05-01 05:22:37	worker	@nicsap;2017-04-29 - 2017-04-29;submitSocial;all;arwin
2017-05-01 05:22:47	worker	@tiket2;2017-04-29 - 2017-04-29;submitSocial;all;arwin
2017-05-01 05:22:57	worker	@traveloka;2017-04-29 - 2017-04-29;submitSocial;all;arwin
2017-05-01 05:23:09	worker	@wego;2017-04-29 - 2017-04-29;submitSocial;all;arwin
2017-05-01 05:23:20	worker	@agoda;2017-04-29 - 2017-04-29;submitSocial;all;arwin
2017-05-01 05:23:30	worker	#salahsambung;2017-04-29 - 2017-04-29;submitSocial;all;arwin
2017-05-01 05:23:40	worker	#tulalit;2017-04-29 - 2017-04-29;submitSocial;all;arwin
2017-05-01 05:23:50	worker	#pestageneraksi8;2017-04-29 - 2017-04-29;submitSocial;all;arwin
2017-05-01 05:24:00	worker	#ganaskustik;2017-04-29 - 2017-04-29;submitSocial;all;arwin
2017-05-01 05:24:11	worker	#lnhot20;2017-04-29 - 2017-04-29;submitSocial;all;arwin
2017-05-01 05:24:22	worker	@TripAdvisor;2017-04-29 - 2017-04-29;submitSocial;all;arwin
2017-05-01 05:24:37	worker	@google;2017-04-29 - 2017-04-29;submitSocial;all;arwin
2017-05-01 05:24:50	worker	@Telkomsel;2017-04-29 - 2017-04-29;submitSocial;all;arwin
2017-05-01 05:25:01	worker	@indosat;2017-04-29 - 2017-04-29;submitSocial;all;arwin
2017-05-01 05:25:20	worker	@bahanafmjkt;2017-04-29 - 2017-04-29;submitSocial;all;2017-05-01 05:25:33	worker	@sonorafm92;2017-04-29 - 2017-04-29;submitSocial;all;arwin
2017-05-01 05:25:43	worker	@litefm1058;2017-04-29 - 2017-04-29;submitSocial;all;arwin
2017-05-01 05:25:53	worker	@Bravaradio;2017-04-29 - 2017-04-29;submitSocial;all;arwin
2017-05-01 05:26:04	worker	#dgitm;2017-04-29 - 2017-04-29;submitSocial;all;arwin
2017-05-01 05:26:14	worker	#hitsalaprambors;2017-04-29 - 2017-04-29;submitSocial;all;arwin
2017-05-01 05:26:24	worker	#reqprambors;2017-04-29 - 2017-04-29;submitSocial;all;arwin
2017-05-01 05:26:34	worker	#thedandees;2017-04-29 - 2017-04-29;submitSocial;all;arwin
2017-05-01 05:26:44	worker	#pramborsquiz;2017-04-29 - 2017-04-29;submitSocial;all;arwin
2017-05-01 05:26:55	worker	#jeliprambors;2017-04-29 - 2017-04-29;submitSocial;all;arwin
2017-05-01 05:27:06	worker	#jodohinprambors;2017-04-29 - 2017-04-29;submitSocial;all;arwin
2017-05-01 05:27:16	worker	#ubahdenganbicara;2017-04-29 - 2017-04-29;submitSocial;all;arwin
2017-05-01 05:27:26	worker	#pramborschat;2017-04-29 - 2017-04-29;submitSocial;all;arwin
2017-05-01 05:27:36	worker	#tweetforduit;2017-04-29 - 2017-04-29;submitSocial;all;arwin
2017-05-01 05:27:47	worker	#joki3in1;2017-04-29 - 2017-04-29;submitSocial;all;arwin
2017-05-01 05:27:57	worker	#sarapanseru;2017-04-29 - 2017-04-29;submitSocial;all;arwin
2017-05-01 05:28:07	worker	#rawonkaneloop;2017-04-29 - 2017-04-29;submitSocial;all;arwin
2017-05-01 05:28:17	worker	#gudegkendilkeraton;2017-04-29 - 2017-04-29;submitSocial;all;arwin
2017-05-01 05:28:28	worker	#gadogadobutika;2017-04-29 - 2017-04-29;submitSocial;all;arwin
2017-05-01 05:28:38	worker	#mtvhottest;2017-04-29 - 2017-04-29;submitSocial;all;arwin
2017-05-01 05:28:49	worker	#dimsumcjdw;2017-04-29 - 2017-04-29;submitSocial;all;arwin
2017-05-01 05:28:59	worker	#pecelmadiunmbakniek;2017-04-29 - 2017-04-29;submitSocial;all;arwin
2017-05-01 05:29:10	worker	#depotarema;2017-04-29 - 2017-04-29;submitSocial;all;arwin
2017-05-01 05:29:20	worker	@BNI46;2017-04-29 - 2017-04-29;submitSocial;all;arwin
2017-05-01 05:29:31	worker	@BANKBRI_ID;2017-04-29 - 2017-04-29;submitSocial;all;arwin
2017-05-01 05:29:41	worker	#bni46;2017-04-29 - 2017-04-29;submitSocial;all;arwin
2017-05-01 05:29:53	worker	macet;2017-04-29 - 2017-04-29;submitSocial;all;arwin
2017-05-01 05:30:04	worker	#selamatpagi;2017-04-29 - 2017-04-29;submitSocial;all;arwin
2017-05-01 05:30:16	worker	#selamatmalam;2017-04-29 - 2017-04-29;submitSocial;all;arwin
2017-05-01 05:30:26	worker	@884GlobalRadio;2017-04-29 - 2017-04-29;submitSocial;all;arwin
2017-05-01 05:30:37	worker	@day_trans;2017-04-29 - 2017-04-29;submitSocial;all;arwin
2017-05-01 05:30:47	worker	@kencanavoyage;2017-04-29 - 2017-04-29;submitSocial;all;arwin
2017-05-01 05:30:58	worker	@jukebox5d;2017-04-29 - 2017-04-29;submitSocial;all;arwin
2017-05-01 05:31:09	worker	#mtvhottest;2017-04-29 - 2017-04-29;submitSocial;all;arwin
2017-05-01 05:31:19	worker	#semangatpagi;2017-04-29 - 2017-04-29;submitSocial;all;arwin
2017-05-01 05:31:29	worker	lifebuoy;2017-04-29 - 2017-04-29;submitSocial;all;arwin
2017-05-01 05:31:43	worker	jokowi;2017-04-29 - 2017-04-29;submitSocial;all;arwin
2017-05-01 05:32:00	worker	obama;2017-04-29 - 2017-04-29;submitSocial;all;arwin
2017-05-01 05:32:11	worker	starwars;2017-04-29 - 2017-04-29;submitSocial;all;arwin
2017-05-01 05:32:22	worker	jonan;2017-04-29 - 2017-04-29;submitSocial;all;arwin
2017-05-01 05:32:39	worker	pagi;2017-04-29 - 2017-04-29;submitSocial;all;arwin
2017-05-01 05:32:49	worker	sampoerna;2017-04-29 - 2017-04-29;submitSocial;all;arwin
2017-05-01 05:33:01	worker	djarum;2017-04-29 - 2017-04-29;submitSocial;all;arwin
2017-05-01 05:33:12	worker	#semangatpagi;2017-04-29 - 2017-04-29;submitSocial;all;arwin
2017-05-01 05:33:22	worker	#generaksi8;2017-04-29 - 2017-04-29;submitSocial;all;arwin
2017-05-01 05:33:32	worker	#365alasan;2017-04-29 - 2017-04-29;submitSocial;all;arwin
2017-05-01 05:33:43	worker	weew;2017-04-29 - 2017-04-29;submitSocial;all;arwin
2017-05-01 05:33:58	worker	testing;2017-04-29 - 2017-04-29;submitSocial;all;arwin
2017-05-01 05:34:09	worker	#kopaja;2017-04-29 - 2017-04-29;submitSocial;all;arwin
2017-05-01 05:34:19	worker	#genkuisinsideout;2017-04-29 - 2017-04-29;submitSocial;all;arwin
2017-05-01 05:34:29	worker	starwars;2017-04-29 - 2017-04-29;submitSocial;all;arwin
2017-05-01 05:34:40	worker	#kopaja;2017-04-29 - 2017-04-29;submitSocial;all;arwin
2017-05-01 05:34:50	worker	mldspot;2017-04-29 - 2017-04-29;submitSocial;all;arwin
2017-05-01 05:35:01	worker	PBDjarum;2017-04-29 - 2017-04-29;submitSocial;all;arwin
2017-05-01 05:35:13	worker	TemanNabati;2017-04-29 - 2017-04-29;submitSocial;all;arwin
2017-05-01 05:35:24	worker	Nextar;2017-04-29 - 2017-04-29;submitSocial;all;arwin
2017-05-01 05:35:35	worker	jokowo;2017-04-29 - 2017-04-29;submitSocial;all;arwin
2017-05-01 05:35:46	worker	prabowo;2017-04-29 - 2017-04-29;submitSocial;all;arwin
2017-05-01 05:35:56	worker	sudirman said;2017-04-29 - 2017-04-29;submitSocial;all;arwin
2017-05-01 05:36:11	worker	ahok;2017-04-29 - 2017-04-29;submitSocial;all;arwin
2017-05-01 05:36:21	worker	setyanovanto;2017-04-29 - 2017-04-29;submitSocial;all;arwin
2017-05-01 05:36:36	worker	jokowi;2017-04-29 - 2017-04-29;submitSocial;all;arwin
2017-05-01 05:36:51	worker	ahok;2017-04-29 - 2017-04-29;submitSocial;all;arwin
2017-05-01 05:37:03	worker	prabowo;2017-04-29 - 2017-04-29;submitSocial;all;arwin
2017-05-01 05:37:14	worker	sudirman said;2017-04-29 - 2017-04-29;submitSocial;all;arwin
2017-05-01 05:37:24	worker	setyanovanto;2017-04-29 - 2017-04-29;submitSocial;all;arwin
2017-05-01 05:37:36	worker	galau;2017-04-29 - 2017-04-29;submitSocial;all;arwin
2017-05-01 05:37:46	worker	#prestasiindonesia;2017-04-29 - 2017-04-29;submitSocial;all;arwin
2017-05-01 05:37:56	worker	@Tw_Debi;2017-04-29 - 2017-04-29;submitSocial;all;arwin
2017-05-01 05:38:07	worker	@OfficialFastron;2017-04-29 - 2017-04-29;submitSocial;all;arwin
2017-05-01 05:38:17	worker	@CitibankID;2017-04-29 - 2017-04-29;submitSocial;all;arwin
2017-05-01 05:38:27	worker	@jak101fm;2017-04-29 - 2017-04-29;submitSocial;all;arwin
2017-05-01 05:38:38	worker	@genfm;2017-04-29 - 2017-04-29;submitSocial;all;arwin
