2017-11-06 05:00:17	worker	@987genfm;2017-11-04 - 2017-11-04;submitSocial;all;arwin
2017-11-06 05:00:29	worker	@101jakfm;2017-11-04 - 2017-11-04;submitSocial;all;arwin
2017-11-06 05:00:42	worker	@prambors;2017-11-04 - 2017-11-04;submitSocial;all;arwin
2017-11-06 05:00:54	worker	@hardrockfm;2017-11-04 - 2017-11-04;submitSocial;all;arwin
2017-11-06 05:01:06	worker	@kisfmjakarta;2017-11-04 - 2017-11-04;submitSocial;all;arwin
2017-11-06 05:01:18	worker	@delta_fm;2017-11-04 - 2017-11-04;submitSocial;all;arwin
2017-11-06 05:01:30	worker	@traxfmjkt;2017-11-04 - 2017-11-04;submitSocial;all;arwin
2017-11-06 05:01:42	worker	@iradiojakarta;2017-11-04 - 2017-11-04;submitSocial;all;arwin
2017-11-06 05:01:53	worker	@indika9160fm;2017-11-04 - 2017-11-04;submitSocial;all;arwin
2017-11-06 05:02:05	worker	@shellindonesia;2017-11-04 - 2017-11-04;submitSocial;all;arwin
2017-11-06 05:02:17	worker	@vpowerfans;2017-11-04 - 2017-11-04;submitSocial;all;arwin
2017-11-06 05:02:28	worker	@pertamaxind;2017-11-04 - 2017-11-04;submitSocial;all;arwin
2017-11-06 05:02:40	worker	@ptpertamina;2017-11-04 - 2017-11-04;submitSocial;all;arwin
2017-11-06 05:02:52	worker	@OZRadioJakarta;2017-11-04 - 2017-11-04;submitSocial;all;arwin
2017-11-06 05:03:04	worker	@CosmopolitanFM;2017-11-04 - 2017-11-04;submitSocial;all;arwin
2017-11-06 05:03:16	worker	@mustang88fm;2017-11-04 - 2017-11-04;submitSocial;all;arwin
2017-11-06 05:03:27	worker	@debabaz;2017-11-04 - 2017-11-04;submitSocial;all;arwin
2017-11-06 05:03:40	worker	@detikcom;2017-11-04 - 2017-11-04;submitSocial;all;arwin
2017-11-06 05:03:52	worker	@radioelshinta;2017-11-04 - 2017-11-04;submitSocial;all;arwin
2017-11-06 05:04:04	worker	@cinema21;2017-11-04 - 2017-11-04;submitSocial;all;arwin
2017-11-06 05:04:16	worker	@OfficialRCTI;2017-11-04 - 2017-11-04;submitSocial;all;arwin
2017-11-06 05:04:28	worker	@TRANSTV_CORP;2017-11-04 - 2017-11-04;submitSocial;all;arwin
2017-11-06 05:04:40	worker	@TRANS7;2017-11-04 - 2017-11-04;submitSocial;all;arwin
2017-11-06 05:04:53	worker	@Metro_TV;2017-11-04 - 2017-11-04;submitSocial;all;arwin
2017-11-06 05:05:06	worker	@tvOneNews;2017-11-04 - 2017-11-04;submitSocial;all;arwin
2017-11-06 05:05:19	worker	@whatsonANTV;2017-11-04 - 2017-11-04;submitSocial;all;arwin
2017-11-06 05:05:31	worker	@SCTV_;2017-11-04 - 2017-11-04;submitSocial;all;arwin
2017-11-06 05:05:43	worker	@KompasTV;2017-11-04 - 2017-11-04;submitSocial;all;arwin
2017-11-06 05:05:55	worker	@netmediatama;2017-11-04 - 2017-11-04;submitSocial;all;arwin
2017-11-06 05:06:07	worker	@Globaltvseru;2017-11-04 - 2017-11-04;submitSocial;all;arwin
2017-11-06 05:06:19	worker	@JaktvCom;2017-11-04 - 2017-11-04;submitSocial;all;arwin
2017-11-06 05:06:31	worker	@TVRINasional;2017-11-04 - 2017-11-04;submitSocial;all;arwin
2017-11-06 05:06:43	worker	@ochannelupdates;2017-11-04 - 2017-11-04;submitSocial;all;arwin
2017-11-06 05:06:55	worker	@IndosiarID;2017-11-04 - 2017-11-04;submitSocial;all;arwin
2017-11-06 05:07:09	worker	@kompascom;2017-11-04 - 2017-11-04;submitSocial;all;arwin
2017-11-06 05:07:21	worker	@merdekadotcom;2017-11-04 - 2017-11-04;submitSocial;all;arwin
2017-11-06 05:07:33	worker	@MIdotcom;2017-11-04 - 2017-11-04;submitSocial;all;arwin
2017-11-06 05:07:45	worker	@tempodotco;2017-11-04 - 2017-11-04;submitSocial;all;arwin
2017-11-06 05:07:57	worker	@motion975fm;2017-11-04 - 2017-11-04;submitSocial;all;arwin
2017-11-06 05:08:08	worker	@_radiotoday;2017-11-04 - 2017-11-04;submitSocial;all;arwin
2017-11-06 05:08:20	worker	@radioinfo;2017-11-04 - 2017-11-04;submitSocial;all;arwin
2017-11-06 05:08:32	worker	@979FeMaleRadio;2017-11-04 - 2017-11-04;submitSocial;all;arwin
2017-11-06 05:08:45	worker	@WomanRadio943FM;2017-11-04 - 2017-11-04;submitSocial;all;arwin
2017-11-06 05:08:57	worker	@VRadioFM;2017-11-04 - 2017-11-04;submitSocial;all;arwin
2017-11-06 05:09:08	worker	@UFM947;2017-11-04 - 2017-11-04;submitSocial;all;arwin
2017-11-06 05:09:20	worker	@VIVAnews;2017-11-04 - 2017-11-04;submitSocial;all;arwin
2017-11-06 05:09:32	worker	@antaranews;2017-11-04 - 2017-11-04;submitSocial;all;arwin
2017-11-06 05:09:45	worker	@tribunnews;2017-11-04 - 2017-11-04;submitSocial;all;arwin
2017-11-06 05:09:57	worker	@okezonenews;2017-11-04 - 2017-11-04;submitSocial;all;arwin
2017-11-06 05:10:10	worker	@Beritasatu;2017-11-04 - 2017-11-04;submitSocial;all;arwin
2017-11-06 05:10:22	worker	@rollingstoneina;2017-11-04 - 2017-11-04;submitSocial;all;arwin
2017-11-06 05:10:34	worker	@FIMELAdotcom;2017-11-04 - 2017-11-04;submitSocial;all;arwin
2017-11-06 05:10:46	worker	@KapanLagicom;2017-11-04 - 2017-11-04;submitSocial;all;arwin
2017-11-06 05:10:58	worker	@KompasEnt ;2017-11-04 - 2017-11-04;submitSocial;all;arwin
2017-11-06 05:11:10	worker	@HaiMagazine;2017-11-04 - 2017-11-04;submitSocial;all;arwin
2017-11-06 05:11:22	worker	@JakartaVenue;2017-11-04 - 2017-11-04;submitSocial;all;arwin
2017-11-06 05:11:33	worker	@SeputarEvent;2017-11-04 - 2017-11-04;submitSocial;all;arwin
2017-11-06 05:11:45	worker	@ismayaLive;2017-11-04 - 2017-11-04;submitSocial;all;arwin
2017-11-06 05:11:57	worker	@ECEntertainment;2017-11-04 - 2017-11-04;submitSocial;all;arwin
2017-11-06 05:12:09	worker	@synergism_En;2017-11-04 - 2017-11-04;submitSocial;all;arwin
2017-11-06 05:12:21	worker	@Urbanbandung;2017-11-04 - 2017-11-04;submitSocial;all;arwin
2017-11-06 05:12:32	worker	@Urbanrkm995;2017-11-04 - 2017-11-04;submitSocial;all;arwin
2017-11-06 05:12:44	worker	@Garuda_Promo;2017-11-04 - 2017-11-04;submitSocial;all;arwin
2017-11-06 05:12:56	worker	@AirAsiaID;2017-11-04 - 2017-11-04;submitSocial;all;arwin
2017-11-06 05:13:08	worker	@KAI121;2017-11-04 - 2017-11-04;submitSocial;all;arwin
2017-11-06 05:13:20	worker	@Unilever;2017-11-04 - 2017-11-04;submitSocial;all;arwin
2017-11-06 05:13:32	worker	@Nestle;2017-11-04 - 2017-11-04;submitSocial;all;arwin
2017-11-06 05:13:45	worker	@CocaCola;2017-11-04 - 2017-11-04;submitSocial;all;arwin
2017-11-06 05:14:02	worker	@CNN;2017-11-04 - 2017-11-04;submitSocial;all;arwin
2017-11-06 05:14:19	worker	@MTV;2017-11-04 - 2017-11-04;submitSocial;all;arwin
2017-11-06 05:14:30	worker	@channelv;2017-11-04 - 2017-11-04;submitSocial;all;arwin
2017-11-06 05:14:42	worker	@iTunesMusic;2017-11-04 - 2017-11-04;submitSocial;all;arwin
2017-11-06 05:14:55	worker	@mashable;2017-11-04 - 2017-11-04;submitSocial;all;arwin
2017-11-06 05:15:08	worker	@decacaz;2017-11-04 - 2017-11-04;submitSocial;all;arwin
2017-11-06 05:15:20	worker	@radiobaru967FM;2017-11-04 - 2017-11-04;submitSocial;all;arwin
2017-11-06 05:15:32	worker	@967HitzFM;2017-11-04 - 2017-11-04;submitSocial;all;arwin
2017-11-06 05:15:44	worker	@TVGuide;2017-11-04 - 2017-11-04;submitSocial;all;arwin
2017-11-06 05:15:56	worker	@XL123;2017-11-04 - 2017-11-04;submitSocial;all;arwin
2017-11-06 05:16:08	worker	@triindonesia;2017-11-04 - 2017-11-04;submitSocial;all;arwin
2017-11-06 05:16:20	worker	@kaskus;2017-11-04 - 2017-11-04;submitSocial;all;arwin
2017-11-06 05:16:32	worker	@Studio_XXI;2017-11-04 - 2017-11-04;submitSocial;all;arwin
2017-11-06 05:16:44	worker	@blitzmegaplex;2017-11-04 - 2017-11-04;submitSocial;all;arwin
2017-11-06 05:16:55	worker	@alfamartku;2017-11-04 - 2017-11-04;submitSocial;all;arwin
2017-11-06 05:17:07	worker	@Carrefour_ID;2017-11-04 - 2017-11-04;submitSocial;all;arwin
2017-11-06 05:17:21	worker	@BBCBreaking;2017-11-04 - 2017-11-04;submitSocial;all;arwin
2017-11-06 05:17:35	worker	@Forbes;2017-11-04 - 2017-11-04;submitSocial;all;arwin
2017-11-06 05:17:47	worker	@BensRadio;2017-11-04 - 2017-11-04;submitSocial;all;arwin
2017-11-06 05:18:00	worker	@instagram;2017-11-04 - 2017-11-04;submitSocial;all;arwin
2017-11-06 05:18:13	worker	@Pinterest;2017-11-04 - 2017-11-04;submitSocial;all;arwin
2017-11-06 05:18:28	worker	@google;2017-11-04 - 2017-11-04;submitSocial;all;arwin
2017-11-06 05:18:40	worker	@Pertaminalub;2017-11-04 - 2017-11-04;submitSocial;all;arwin
2017-11-06 05:18:52	worker	@InfoLalinTol;2017-11-04 - 2017-11-04;submitSocial;all;arwin
2017-11-06 05:19:03	worker	@PTJASAMARGA;2017-11-04 - 2017-11-04;submitSocial;all;arwin
2017-11-06 05:19:15	worker	@cititransindo;2017-11-04 - 2017-11-04;submitSocial;all;arwin
2017-11-06 05:19:26	worker	#semangatpagisuperr;2017-11-04 - 2017-11-04;submitSocial;all;arwin
2017-11-06 05:19:37	worker	#genkuisinsideout;2017-11-04 - 2017-11-04;submitSocial;all;arwin
2017-11-06 05:19:48	worker	#semangatpagi;2017-11-04 - 2017-11-04;submitSocial;all;arwin
2017-11-06 05:20:00	worker	#dikamar;2017-11-04 - 2017-11-04;submitSocial;all;arwin
2017-11-06 05:20:14	worker	#kopaja;2017-11-04 - 2017-11-04;submitSocial;all;arwin
2017-11-06 05:20:25	worker	#generaksi8;2017-11-04 - 2017-11-04;submitSocial;all;arwin
2017-11-06 05:20:37	worker	#hitztsp;2017-11-04 - 2017-11-04;submitSocial;all;arwin
2017-11-06 05:20:50	worker	#np;2017-11-04 - 2017-11-04;submitSocial;all;arwin
2017-11-06 05:21:01	worker	#hitzlivestage;2017-11-04 - 2017-11-04;submitSocial;all;arwin
2017-11-06 05:21:13	worker	#thefreaks;2017-11-04 - 2017-11-04;submitSocial;all;arwin
2017-11-06 05:21:24	worker	#hitzsirkuspagi;2017-11-04 - 2017-11-04;submitSocial;all;arwin
2017-11-06 05:21:36	worker	#hitzathlon;2017-11-04 - 2017-11-04;submitSocial;all;arwin
2017-11-06 05:21:47	worker	#hitzzombie;2017-11-04 - 2017-11-04;submitSocial;all;arwin
2017-11-06 05:21:58	worker	#hitzkalong;2017-11-04 - 2017-11-04;submitSocial;all;arwin
2017-11-06 05:22:10	worker	#hitzbebas;2017-11-04 - 2017-11-04;submitSocial;all;arwin
2017-11-06 05:22:22	worker	#hitzhorehara;2017-11-04 - 2017-11-04;submitSocial;all;arwin
2017-11-06 05:22:34	worker	@ZaloraID;2017-11-04 - 2017-11-04;submitSocial;all;arwin
2017-11-06 05:22:45	worker	@OLX_Indonesia;2017-11-04 - 2017-11-04;submitSocial;all;arwin
2017-11-06 05:22:58	worker	@LazadaID;2017-11-04 - 2017-11-04;submitSocial;all;arwin
2017-11-06 05:23:10	worker	@utrippers;2017-11-04 - 2017-11-04;submitSocial;all;arwin
2017-11-06 05:23:21	worker	@GoGobot;2017-11-04 - 2017-11-04;submitSocial;all;arwin
2017-11-06 05:23:33	worker	@viatortravel;2017-11-04 - 2017-11-04;submitSocial;all;arwin
2017-11-06 05:23:45	worker	@alandakariza;2017-11-04 - 2017-11-04;submitSocial;all;arwin
2017-11-06 05:23:56	worker	@gagasmedia;2017-11-04 - 2017-11-04;submitSocial;all;arwin
2017-11-06 05:24:08	worker	@welovehonda;2017-11-04 - 2017-11-04;submitSocial;all;arwin
2017-11-06 05:24:20	worker	@SuzukiMotorID;2017-11-04 - 2017-11-04;submitSocial;all;arwin
2017-11-06 05:24:31	worker	@kawasakilovers;2017-11-04 - 2017-11-04;submitSocial;all;arwin
2017-11-06 05:24:43	worker	@yamahaindonesia;2017-11-04 - 2017-11-04;submitSocial;all;arwin
2017-11-06 05:24:55	worker	@tripanzee;2017-11-04 - 2017-11-04;submitSocial;all;arwin
2017-11-06 05:25:08	worker	@arnoldpoernomo;2017-11-04 - 2017-11-04;submitSocial;all;arwin
2017-11-06 05:25:21	worker	@nicsap;2017-11-04 - 2017-11-04;submitSocial;all;arwin
2017-11-06 05:25:32	worker	@tiket2;2017-11-04 - 2017-11-04;submitSocial;all;arwin
2017-11-06 05:25:44	worker	@traveloka;2017-11-04 - 2017-11-04;submitSocial;all;arwin
2017-11-06 05:25:57	worker	@wego;2017-11-04 - 2017-11-04;submitSocial;all;arwin
2017-11-06 05:26:09	worker	@agoda;2017-11-04 - 2017-11-04;submitSocial;all;arwin
2017-11-06 05:26:20	worker	#salahsambung;2017-11-04 - 2017-11-04;submitSocial;all;arwin
2017-11-06 05:26:32	worker	#tulalit;2017-11-04 - 2017-11-04;submitSocial;all;arwin
2017-11-06 05:26:44	worker	#pestageneraksi8;2017-11-04 - 2017-11-04;submitSocial;all;arwin
2017-11-06 05:26:55	worker	#ganaskustik;2017-11-04 - 2017-11-04;submitSocial;all;arwin
2017-11-06 05:27:07	worker	#lnhot20;2017-11-04 - 2017-11-04;submitSocial;all;arwin
2017-11-06 05:27:19	worker	@TripAdvisor;2017-11-04 - 2017-11-04;submitSocial;all;arwin
2017-11-06 05:27:34	worker	@google;2017-11-04 - 2017-11-04;submitSocial;all;arwin
2017-11-06 05:27:47	worker	@Telkomsel;2017-11-04 - 2017-11-04;submitSocial;all;arwin
2017-11-06 05:27:59	worker	@indosat;2017-11-04 - 2017-11-04;submitSocial;all;arwin
2017-11-06 05:28:19	worker	@bahanafmjkt;2017-11-04 - 2017-11-04;submitSocial;all;2017-11-06 05:28:32	worker	@sonorafm92;2017-11-04 - 2017-11-04;submitSocial;all;arwin
2017-11-06 05:28:44	worker	@litefm1058;2017-11-04 - 2017-11-04;submitSocial;all;arwin
2017-11-06 05:28:56	worker	@Bravaradio;2017-11-04 - 2017-11-04;submitSocial;all;arwin
2017-11-06 05:29:08	worker	#dgitm;2017-11-04 - 2017-11-04;submitSocial;all;arwin
2017-11-06 05:29:20	worker	#hitsalaprambors;2017-11-04 - 2017-11-04;submitSocial;all;arwin
2017-11-06 05:29:31	worker	#reqprambors;2017-11-04 - 2017-11-04;submitSocial;all;arwin
2017-11-06 05:29:43	worker	#thedandees;2017-11-04 - 2017-11-04;submitSocial;all;arwin
2017-11-06 05:29:54	worker	#pramborsquiz;2017-11-04 - 2017-11-04;submitSocial;all;arwin
2017-11-06 05:30:07	worker	#jeliprambors;2017-11-04 - 2017-11-04;submitSocial;all;arwin
2017-11-06 05:30:20	worker	#jodohinprambors;2017-11-04 - 2017-11-04;submitSocial;all;arwin
2017-11-06 05:30:31	worker	#ubahdenganbicara;2017-11-04 - 2017-11-04;submitSocial;all;arwin
2017-11-06 05:30:44	worker	#pramborschat;2017-11-04 - 2017-11-04;submitSocial;all;arwin
2017-11-06 05:30:56	worker	#tweetforduit;2017-11-04 - 2017-11-04;submitSocial;all;arwin
2017-11-06 05:31:07	worker	#joki3in1;2017-11-04 - 2017-11-04;submitSocial;all;arwin
2017-11-06 05:31:19	worker	#sarapanseru;2017-11-04 - 2017-11-04;submitSocial;all;arwin
2017-11-06 05:31:30	worker	#rawonkaneloop;2017-11-04 - 2017-11-04;submitSocial;all;arwin
2017-11-06 05:31:42	worker	#gudegkendilkeraton;2017-11-04 - 2017-11-04;submitSocial;all;arwin
2017-11-06 05:31:53	worker	#gadogadobutika;2017-11-04 - 2017-11-04;submitSocial;all;arwin
2017-11-06 05:32:05	worker	#mtvhottest;2017-11-04 - 2017-11-04;submitSocial;all;arwin
2017-11-06 05:32:16	worker	#dimsumcjdw;2017-11-04 - 2017-11-04;submitSocial;all;arwin
2017-11-06 05:32:28	worker	#pecelmadiunmbakniek;2017-11-04 - 2017-11-04;submitSocial;all;arwin
2017-11-06 05:32:40	worker	#depotarema;2017-11-04 - 2017-11-04;submitSocial;all;arwin
2017-11-06 05:32:51	worker	@BNI46;2017-11-04 - 2017-11-04;submitSocial;all;arwin
2017-11-06 05:33:03	worker	@BANKBRI_ID;2017-11-04 - 2017-11-04;submitSocial;all;arwin
2017-11-06 05:33:15	worker	#bni46;2017-11-04 - 2017-11-04;submitSocial;all;arwin
2017-11-06 05:33:29	worker	macet;2017-11-04 - 2017-11-04;submitSocial;all;arwin
2017-11-06 05:33:40	worker	#selamatpagi;2017-11-04 - 2017-11-04;submitSocial;all;arwin
2017-11-06 05:33:52	worker	#selamatmalam;2017-11-04 - 2017-11-04;submitSocial;all;arwin
2017-11-06 05:34:03	worker	@884GlobalRadio;2017-11-04 - 2017-11-04;submitSocial;all;arwin
2017-11-06 05:34:15	worker	@day_trans;2017-11-04 - 2017-11-04;submitSocial;all;arwin
2017-11-06 05:34:26	worker	@kencanavoyage;2017-11-04 - 2017-11-04;submitSocial;all;arwin
2017-11-06 05:34:39	worker	@jukebox5d;2017-11-04 - 2017-11-04;submitSocial;all;arwin
2017-11-06 05:34:51	worker	#mtvhottest;2017-11-04 - 2017-11-04;submitSocial;all;arwin
2017-11-06 05:35:02	worker	#semangatpagi;2017-11-04 - 2017-11-04;submitSocial;all;arwin
2017-11-06 05:35:15	worker	lifebuoy;2017-11-04 - 2017-11-04;submitSocial;all;arwin
2017-11-06 05:35:32	worker	jokowi;2017-11-04 - 2017-11-04;submitSocial;all;arwin
2017-11-06 05:35:50	worker	obama;2017-11-04 - 2017-11-04;submitSocial;all;arwin
2017-11-06 05:36:02	worker	starwars;2017-11-04 - 2017-11-04;submitSocial;all;arwin
2017-11-06 05:36:15	worker	jonan;2017-11-04 - 2017-11-04;submitSocial;all;arwin
2017-11-06 05:36:33	worker	pagi;2017-11-04 - 2017-11-04;submitSocial;all;arwin
2017-11-06 05:36:45	worker	sampoerna;2017-11-04 - 2017-11-04;submitSocial;all;arwin
2017-11-06 05:36:57	worker	djarum;2017-11-04 - 2017-11-04;submitSocial;all;arwin
2017-11-06 05:37:09	worker	#semangatpagi;2017-11-04 - 2017-11-04;submitSocial;all;arwin
2017-11-06 05:37:20	worker	#generaksi8;2017-11-04 - 2017-11-04;submitSocial;all;arwin
2017-11-06 05:37:32	worker	#365alasan;2017-11-04 - 2017-11-04;submitSocial;all;arwin
2017-11-06 05:37:44	worker	weew;2017-11-04 - 2017-11-04;submitSocial;all;arwin
2017-11-06 05:38:02	worker	testing;2017-11-04 - 2017-11-04;submitSocial;all;arwin
2017-11-06 05:38:13	worker	#kopaja;2017-11-04 - 2017-11-04;submitSocial;all;arwin
2017-11-06 05:38:25	worker	#genkuisinsideout;2017-11-04 - 2017-11-04;submitSocial;all;arwin
2017-11-06 05:38:37	worker	starwars;2017-11-04 - 2017-11-04;submitSocial;all;arwin
2017-11-06 05:38:49	worker	#kopaja;2017-11-04 - 2017-11-04;submitSocial;all;arwin
2017-11-06 05:39:01	worker	mldspot;2017-11-04 - 2017-11-04;submitSocial;all;arwin
2017-11-06 05:39:13	worker	PBDjarum;2017-11-04 - 2017-11-04;submitSocial;all;arwin
2017-11-06 05:39:25	worker	TemanNabati;2017-11-04 - 2017-11-04;submitSocial;all;arwin
2017-11-06 05:39:37	worker	Nextar;2017-11-04 - 2017-11-04;submitSocial;all;arwin
2017-11-06 05:39:49	worker	jokowo;2017-11-04 - 2017-11-04;submitSocial;all;arwin
2017-11-06 05:40:02	worker	prabowo;2017-11-04 - 2017-11-04;submitSocial;all;arwin
2017-11-06 05:40:15	worker	sudirman said;2017-11-04 - 2017-11-04;submitSocial;all;arwin
2017-11-06 05:40:30	worker	ahok;2017-11-04 - 2017-11-04;submitSocial;all;arwin
2017-11-06 05:40:43	worker	setyanovanto;2017-11-04 - 2017-11-04;submitSocial;all;arwin
2017-11-06 05:41:00	worker	jokowi;2017-11-04 - 2017-11-04;submitSocial;all;arwin
2017-11-06 05:41:16	worker	ahok;2017-11-04 - 2017-11-04;submitSocial;all;arwin
2017-11-06 05:41:28	worker	prabowo;2017-11-04 - 2017-11-04;submitSocial;all;arwin
2017-11-06 05:41:41	worker	sudirman said;2017-11-04 - 2017-11-04;submitSocial;all;arwin
2017-11-06 05:41:53	worker	setyanovanto;2017-11-04 - 2017-11-04;submitSocial;all;arwin
2017-11-06 05:42:06	worker	galau;2017-11-04 - 2017-11-04;submitSocial;all;arwin
2017-11-06 05:42:17	worker	#prestasiindonesia;2017-11-04 - 2017-11-04;submitSocial;all;arwin
2017-11-06 05:42:29	worker	@Tw_Debi;2017-11-04 - 2017-11-04;submitSocial;all;arwin
2017-11-06 05:42:41	worker	@OfficialFastron;2017-11-04 - 2017-11-04;submitSocial;all;arwin
2017-11-06 05:42:53	worker	@CitibankID;2017-11-04 - 2017-11-04;submitSocial;all;arwin
2017-11-06 05:43:04	worker	@jak101fm;2017-11-04 - 2017-11-04;submitSocial;all;arwin
2017-11-06 05:43:17	worker	@genfm;2017-11-04 - 2017-11-04;submitSocial;all;arwin
