2017-12-27 05:00:06	worker	@987genfm;2017-12-25 - 2017-12-25;submitSocial;all;arwin
2017-12-27 05:00:09	worker	@101jakfm;2017-12-25 - 2017-12-25;submitSocial;all;arwin
2017-12-27 05:00:11	worker	@prambors;2017-12-25 - 2017-12-25;submitSocial;all;arwin
2017-12-27 05:00:14	worker	@hardrockfm;2017-12-25 - 2017-12-25;submitSocial;all;arwin
2017-12-27 05:00:16	worker	@kisfmjakarta;2017-12-25 - 2017-12-25;submitSocial;all;arwin
2017-12-27 05:00:19	worker	@delta_fm;2017-12-25 - 2017-12-25;submitSocial;all;arwin
2017-12-27 05:00:21	worker	@traxfmjkt;2017-12-25 - 2017-12-25;submitSocial;all;arwin
2017-12-27 05:00:23	worker	@iradiojakarta;2017-12-25 - 2017-12-25;submitSocial;all;arwin
2017-12-27 05:00:26	worker	@indika9160fm;2017-12-25 - 2017-12-25;submitSocial;all;arwin
2017-12-27 05:00:28	worker	@shellindonesia;2017-12-25 - 2017-12-25;submitSocial;all;arwin
2017-12-27 05:00:30	worker	@vpowerfans;2017-12-25 - 2017-12-25;submitSocial;all;arwin
2017-12-27 05:00:32	worker	@pertamaxind;2017-12-25 - 2017-12-25;submitSocial;all;arwin
2017-12-27 05:00:35	worker	@ptpertamina;2017-12-25 - 2017-12-25;submitSocial;all;arwin
2017-12-27 05:00:37	worker	@OZRadioJakarta;2017-12-25 - 2017-12-25;submitSocial;all;arwin
2017-12-27 05:00:39	worker	@CosmopolitanFM;2017-12-25 - 2017-12-25;submitSocial;all;arwin
2017-12-27 05:00:42	worker	@mustang88fm;2017-12-25 - 2017-12-25;submitSocial;all;arwin
2017-12-27 05:00:44	worker	@debabaz;2017-12-25 - 2017-12-25;submitSocial;all;arwin
2017-12-27 05:00:49	worker	@detikcom;2017-12-25 - 2017-12-25;submitSocial;all;arwin
2017-12-27 05:00:52	worker	@radioelshinta;2017-12-25 - 2017-12-25;submitSocial;all;arwin
2017-12-27 05:00:54	worker	@cinema21;2017-12-25 - 2017-12-25;submitSocial;all;arwin
2017-12-27 05:00:57	worker	@OfficialRCTI;2017-12-25 - 2017-12-25;submitSocial;all;arwin
2017-12-27 05:00:59	worker	@TRANSTV_CORP;2017-12-25 - 2017-12-25;submitSocial;all;arwin
2017-12-27 05:01:01	worker	@TRANS7;2017-12-25 - 2017-12-25;submitSocial;all;arwin
2017-12-27 05:01:04	worker	@Metro_TV;2017-12-25 - 2017-12-25;submitSocial;all;arwin
2017-12-27 05:01:07	worker	@tvOneNews;2017-12-25 - 2017-12-25;submitSocial;all;arwin
2017-12-27 05:01:09	worker	@whatsonANTV;2017-12-25 - 2017-12-25;submitSocial;all;arwin
2017-12-27 05:01:12	worker	@SCTV_;2017-12-25 - 2017-12-25;submitSocial;all;arwin
2017-12-27 05:01:14	worker	@KompasTV;2017-12-25 - 2017-12-25;submitSocial;all;arwin
2017-12-27 05:01:17	worker	@netmediatama;2017-12-25 - 2017-12-25;submitSocial;all;arwin
2017-12-27 05:01:19	worker	@Globaltvseru;2017-12-25 - 2017-12-25;submitSocial;all;arwin
2017-12-27 05:01:22	worker	@JaktvCom;2017-12-25 - 2017-12-25;submitSocial;all;arwin
2017-12-27 05:01:24	worker	@TVRINasional;2017-12-25 - 2017-12-25;submitSocial;all;arwin
2017-12-27 05:01:27	worker	@ochannelupdates;2017-12-25 - 2017-12-25;submitSocial;all;arwin
2017-12-27 05:01:31	worker	@IndosiarID;2017-12-25 - 2017-12-25;submitSocial;all;arwin
2017-12-27 05:01:35	worker	@kompascom;2017-12-25 - 2017-12-25;submitSocial;all;arwin
2017-12-27 05:01:37	worker	@merdekadotcom;2017-12-25 - 2017-12-25;submitSocial;all;arwin
2017-12-27 05:01:40	worker	@MIdotcom;2017-12-25 - 2017-12-25;submitSocial;all;arwin
2017-12-27 05:01:43	worker	@tempodotco;2017-12-25 - 2017-12-25;submitSocial;all;arwin
2017-12-27 05:01:45	worker	@motion975fm;2017-12-25 - 2017-12-25;submitSocial;all;arwin
2017-12-27 05:01:47	worker	@_radiotoday;2017-12-25 - 2017-12-25;submitSocial;all;arwin
2017-12-27 05:01:50	worker	@radioinfo;2017-12-25 - 2017-12-25;submitSocial;all;arwin
2017-12-27 05:01:52	worker	@979FeMaleRadio;2017-12-25 - 2017-12-25;submitSocial;all;arwin
2017-12-27 05:01:54	worker	@WomanRadio943FM;2017-12-25 - 2017-12-25;submitSocial;all;arwin
2017-12-27 05:01:56	worker	@VRadioFM;2017-12-25 - 2017-12-25;submitSocial;all;arwin
2017-12-27 05:01:58	worker	@UFM947;2017-12-25 - 2017-12-25;submitSocial;all;arwin
2017-12-27 05:02:01	worker	@VIVAnews;2017-12-25 - 2017-12-25;submitSocial;all;arwin
2017-12-27 05:02:03	worker	@antaranews;2017-12-25 - 2017-12-25;submitSocial;all;arwin
2017-12-27 05:02:07	worker	@tribunnews;2017-12-25 - 2017-12-25;submitSocial;all;arwin
2017-12-27 05:02:09	worker	@okezonenews;2017-12-25 - 2017-12-25;submitSocial;all;arwin
2017-12-27 05:02:12	worker	@Beritasatu;2017-12-25 - 2017-12-25;submitSocial;all;arwin
2017-12-27 05:02:14	worker	@rollingstoneina;2017-12-25 - 2017-12-25;submitSocial;all;arwin
2017-12-27 05:02:16	worker	@FIMELAdotcom;2017-12-25 - 2017-12-25;submitSocial;all;arwin
2017-12-27 05:02:18	worker	@KapanLagicom;2017-12-25 - 2017-12-25;submitSocial;all;arwin
2017-12-27 05:02:21	worker	@KompasEnt ;2017-12-25 - 2017-12-25;submitSocial;all;arwin
2017-12-27 05:02:23	worker	@HaiMagazine;2017-12-25 - 2017-12-25;submitSocial;all;arwin
2017-12-27 05:02:26	worker	@JakartaVenue;2017-12-25 - 2017-12-25;submitSocial;all;arwin
2017-12-27 05:02:28	worker	@SeputarEvent;2017-12-25 - 2017-12-25;submitSocial;all;arwin
2017-12-27 05:02:30	worker	@ismayaLive;2017-12-25 - 2017-12-25;submitSocial;all;arwin
2017-12-27 05:02:32	worker	@ECEntertainment;2017-12-25 - 2017-12-25;submitSocial;all;arwin
2017-12-27 05:02:35	worker	@synergism_En;2017-12-25 - 2017-12-25;submitSocial;all;arwin
2017-12-27 05:02:37	worker	@Urbanbandung;2017-12-25 - 2017-12-25;submitSocial;all;arwin
2017-12-27 05:02:38	worker	@Urbanrkm995;2017-12-25 - 2017-12-25;submitSocial;all;arwin
2017-12-27 05:02:41	worker	@Garuda_Promo;2017-12-25 - 2017-12-25;submitSocial;all;arwin
2017-12-27 05:02:43	worker	@AirAsiaID;2017-12-25 - 2017-12-25;submitSocial;all;arwin
2017-12-27 05:02:46	worker	@KAI121;2017-12-25 - 2017-12-25;submitSocial;all;arwin
2017-12-27 05:02:48	worker	@Unilever;2017-12-25 - 2017-12-25;submitSocial;all;arwin
2017-12-27 05:02:51	worker	@Nestle;2017-12-25 - 2017-12-25;submitSocial;all;arwin
2017-12-27 05:02:54	worker	@CocaCola;2017-12-25 - 2017-12-25;submitSocial;all;arwin
2017-12-27 05:02:59	worker	@CNN;2017-12-25 - 2017-12-25;submitSocial;all;arwin
2017-12-27 05:03:03	worker	@MTV;2017-12-25 - 2017-12-25;submitSocial;all;arwin
2017-12-27 05:03:05	worker	@channelv;2017-12-25 - 2017-12-25;submitSocial;all;arwin
2017-12-27 05:03:07	worker	@iTunesMusic;2017-12-25 - 2017-12-25;submitSocial;all;arwin
2017-12-27 05:03:10	worker	@mashable;2017-12-25 - 2017-12-25;submitSocial;all;arwin
2017-12-27 05:03:12	worker	@decacaz;2017-12-25 - 2017-12-25;submitSocial;all;arwin
2017-12-27 05:03:15	worker	@radiobaru967FM;2017-12-25 - 2017-12-25;submitSocial;all;arwin
2017-12-27 05:03:17	worker	@967HitzFM;2017-12-25 - 2017-12-25;submitSocial;all;arwin
2017-12-27 05:03:20	worker	@TVGuide;2017-12-25 - 2017-12-25;submitSocial;all;arwin
2017-12-27 05:03:22	worker	@XL123;2017-12-25 - 2017-12-25;submitSocial;all;arwin
2017-12-27 05:03:25	worker	@triindonesia;2017-12-25 - 2017-12-25;submitSocial;all;arwin
2017-12-27 05:03:27	worker	@kaskus;2017-12-25 - 2017-12-25;submitSocial;all;arwin
2017-12-27 05:03:30	worker	@Studio_XXI;2017-12-25 - 2017-12-25;submitSocial;all;arwin
2017-12-27 05:03:32	worker	@blitzmegaplex;2017-12-25 - 2017-12-25;submitSocial;all;arwin
2017-12-27 05:03:34	worker	@alfamartku;2017-12-25 - 2017-12-25;submitSocial;all;arwin
2017-12-27 05:03:36	worker	@Carrefour_ID;2017-12-25 - 2017-12-25;submitSocial;all;arwin
2017-12-27 05:03:39	worker	@BBCBreaking;2017-12-25 - 2017-12-25;submitSocial;all;arwin
2017-12-27 05:03:44	worker	@Forbes;2017-12-25 - 2017-12-25;submitSocial;all;arwin
2017-12-27 05:03:46	worker	@BensRadio;2017-12-25 - 2017-12-25;submitSocial;all;arwin
2017-12-27 05:03:50	worker	@instagram;2017-12-25 - 2017-12-25;submitSocial;all;arwin
2017-12-27 05:03:53	worker	@Pinterest;2017-12-25 - 2017-12-25;submitSocial;all;arwin
2017-12-27 05:03:58	worker	@google;2017-12-25 - 2017-12-25;submitSocial;all;arwin
2017-12-27 05:04:00	worker	@Pertaminalub;2017-12-25 - 2017-12-25;submitSocial;all;arwin
2017-12-27 05:04:02	worker	@InfoLalinTol;2017-12-25 - 2017-12-25;submitSocial;all;arwin
2017-12-27 05:04:05	worker	@PTJASAMARGA;2017-12-25 - 2017-12-25;submitSocial;all;arwin
2017-12-27 05:04:07	worker	@cititransindo;2017-12-25 - 2017-12-25;submitSocial;all;arwin
2017-12-27 05:04:09	worker	#semangatpagisuperr;2017-12-25 - 2017-12-25;submitSocial;all;arwin
2017-12-27 05:04:11	worker	#genkuisinsideout;2017-12-25 - 2017-12-25;submitSocial;all;arwin
2017-12-27 05:04:13	worker	#semangatpagi;2017-12-25 - 2017-12-25;submitSocial;all;arwin
2017-12-27 05:04:16	worker	#dikamar;2017-12-25 - 2017-12-25;submitSocial;all;arwin
2017-12-27 05:04:18	worker	#kopaja;2017-12-25 - 2017-12-25;submitSocial;all;arwin
2017-12-27 05:04:20	worker	#generaksi8;2017-12-25 - 2017-12-25;submitSocial;all;arwin
2017-12-27 05:04:22	worker	#hitztsp;2017-12-25 - 2017-12-25;submitSocial;all;arwin
2017-12-27 05:04:25	worker	#np;2017-12-25 - 2017-12-25;submitSocial;all;arwin
2017-12-27 05:04:28	worker	#hitzlivestage;2017-12-25 - 2017-12-25;submitSocial;all;arwin
2017-12-27 05:04:30	worker	#thefreaks;2017-12-25 - 2017-12-25;submitSocial;all;arwin
2017-12-27 05:04:32	worker	#hitzsirkuspagi;2017-12-25 - 2017-12-25;submitSocial;all;arwin
2017-12-27 05:04:34	worker	#hitzathlon;2017-12-25 - 2017-12-25;submitSocial;all;arwin
2017-12-27 05:04:36	worker	#hitzzombie;2017-12-25 - 2017-12-25;submitSocial;all;arwin
2017-12-27 05:04:39	worker	#hitzkalong;2017-12-25 - 2017-12-25;submitSocial;all;arwin
2017-12-27 05:04:41	worker	#hitzbebas;2017-12-25 - 2017-12-25;submitSocial;all;arwin
2017-12-27 05:04:43	worker	#hitzhorehara;2017-12-25 - 2017-12-25;submitSocial;all;arwin
2017-12-27 05:04:45	worker	@ZaloraID;2017-12-25 - 2017-12-25;submitSocial;all;arwin
2017-12-27 05:04:48	worker	@OLX_Indonesia;2017-12-25 - 2017-12-25;submitSocial;all;arwin
2017-12-27 05:04:50	worker	@LazadaID;2017-12-25 - 2017-12-25;submitSocial;all;arwin
2017-12-27 05:04:53	worker	@utrippers;2017-12-25 - 2017-12-25;submitSocial;all;arwin
2017-12-27 05:04:55	worker	@GoGobot;2017-12-25 - 2017-12-25;submitSocial;all;arwin
2017-12-27 05:04:57	worker	@viatortravel;2017-12-25 - 2017-12-25;submitSocial;all;arwin
2017-12-27 05:04:59	worker	@alandakariza;2017-12-25 - 2017-12-25;submitSocial;all;arwin
2017-12-27 05:05:02	worker	@gagasmedia;2017-12-25 - 2017-12-25;submitSocial;all;arwin
2017-12-27 05:05:04	worker	@welovehonda;2017-12-25 - 2017-12-25;submitSocial;all;arwin
2017-12-27 05:05:07	worker	@SuzukiMotorID;2017-12-25 - 2017-12-25;submitSocial;all;arwin
2017-12-27 05:05:09	worker	@kawasakilovers;2017-12-25 - 2017-12-25;submitSocial;all;arwin
2017-12-27 05:05:11	worker	@yamahaindonesia;2017-12-25 - 2017-12-25;submitSocial;all;arwin
2017-12-27 05:05:14	worker	@tripanzee;2017-12-25 - 2017-12-25;submitSocial;all;arwin
2017-12-27 05:05:16	worker	@arnoldpoernomo;2017-12-25 - 2017-12-25;submitSocial;all;arwin
2017-12-27 05:05:19	worker	@nicsap;2017-12-25 - 2017-12-25;submitSocial;all;arwin
2017-12-27 05:05:21	worker	@tiket2;2017-12-25 - 2017-12-25;submitSocial;all;arwin
2017-12-27 05:05:24	worker	@traveloka;2017-12-25 - 2017-12-25;submitSocial;all;arwin
2017-12-27 05:05:27	worker	@wego;2017-12-25 - 2017-12-25;submitSocial;all;arwin
2017-12-27 05:05:30	worker	@agoda;2017-12-25 - 2017-12-25;submitSocial;all;arwin
2017-12-27 05:05:32	worker	#salahsambung;2017-12-25 - 2017-12-25;submitSocial;all;arwin
2017-12-27 05:05:35	worker	#tulalit;2017-12-25 - 2017-12-25;submitSocial;all;arwin
2017-12-27 05:05:36	worker	#pestageneraksi8;2017-12-25 - 2017-12-25;submitSocial;all;arwin
2017-12-27 05:05:38	worker	#ganaskustik;2017-12-25 - 2017-12-25;submitSocial;all;arwin
2017-12-27 05:05:40	worker	#lnhot20;2017-12-25 - 2017-12-25;submitSocial;all;arwin
2017-12-27 05:05:43	worker	@TripAdvisor;2017-12-25 - 2017-12-25;submitSocial;all;arwin
2017-12-27 05:05:47	worker	@google;2017-12-25 - 2017-12-25;submitSocial;all;arwin
2017-12-27 05:05:50	worker	@Telkomsel;2017-12-25 - 2017-12-25;submitSocial;all;arwin
2017-12-27 05:05:53	worker	@indosat;2017-12-25 - 2017-12-25;submitSocial;all;arwin
2017-12-27 05:05:56	worker	@bahanafmjkt;2017-12-25 - 2017-12-25;submitSocial;all;2017-12-27 05:06:00	worker	@sonorafm92;2017-12-25 - 2017-12-25;submitSocial;all;arwin
2017-12-27 05:06:02	worker	@litefm1058;2017-12-25 - 2017-12-25;submitSocial;all;arwin
2017-12-27 05:06:04	worker	@Bravaradio;2017-12-25 - 2017-12-25;submitSocial;all;arwin
2017-12-27 05:06:07	worker	#dgitm;2017-12-25 - 2017-12-25;submitSocial;all;arwin
2017-12-27 05:06:09	worker	#hitsalaprambors;2017-12-25 - 2017-12-25;submitSocial;all;arwin
2017-12-27 05:06:11	worker	#reqprambors;2017-12-25 - 2017-12-25;submitSocial;all;arwin
2017-12-27 05:06:14	worker	#thedandees;2017-12-25 - 2017-12-25;submitSocial;all;arwin
2017-12-27 05:06:16	worker	#pramborsquiz;2017-12-25 - 2017-12-25;submitSocial;all;arwin
2017-12-27 05:06:18	worker	#jeliprambors;2017-12-25 - 2017-12-25;submitSocial;all;arwin
2017-12-27 05:06:20	worker	#jodohinprambors;2017-12-25 - 2017-12-25;submitSocial;all;arwin
2017-12-27 05:06:22	worker	#ubahdenganbicara;2017-12-25 - 2017-12-25;submitSocial;all;arwin
2017-12-27 05:06:24	worker	#pramborschat;2017-12-25 - 2017-12-25;submitSocial;all;arwin
2017-12-27 05:06:26	worker	#tweetforduit;2017-12-25 - 2017-12-25;submitSocial;all;arwin
2017-12-27 05:06:28	worker	#joki3in1;2017-12-25 - 2017-12-25;submitSocial;all;arwin
2017-12-27 05:06:30	worker	#sarapanseru;2017-12-25 - 2017-12-25;submitSocial;all;arwin
2017-12-27 05:06:33	worker	#rawonkaneloop;2017-12-25 - 2017-12-25;submitSocial;all;arwin
2017-12-27 05:06:35	worker	#gudegkendilkeraton;2017-12-25 - 2017-12-25;submitSocial;all;arwin
2017-12-27 05:06:37	worker	#gadogadobutika;2017-12-25 - 2017-12-25;submitSocial;all;arwin
2017-12-27 05:06:39	worker	#mtvhottest;2017-12-25 - 2017-12-25;submitSocial;all;arwin
2017-12-27 05:06:41	worker	#dimsumcjdw;2017-12-25 - 2017-12-25;submitSocial;all;arwin
2017-12-27 05:06:43	worker	#pecelmadiunmbakniek;2017-12-25 - 2017-12-25;submitSocial;all;arwin
2017-12-27 05:06:45	worker	#depotarema;2017-12-25 - 2017-12-25;submitSocial;all;arwin
2017-12-27 05:06:48	worker	@BNI46;2017-12-25 - 2017-12-25;submitSocial;all;arwin
2017-12-27 05:06:50	worker	@BANKBRI_ID;2017-12-25 - 2017-12-25;submitSocial;all;arwin
2017-12-27 05:06:52	worker	#bni46;2017-12-25 - 2017-12-25;submitSocial;all;arwin
2017-12-27 05:06:57	worker	macet;2017-12-25 - 2017-12-25;submitSocial;all;arwin
2017-12-27 05:06:59	worker	#selamatpagi;2017-12-25 - 2017-12-25;submitSocial;all;arwin
2017-12-27 05:07:01	worker	#selamatmalam;2017-12-25 - 2017-12-25;submitSocial;all;arwin
2017-12-27 05:07:04	worker	@884GlobalRadio;2017-12-25 - 2017-12-25;submitSocial;all;arwin
2017-12-27 05:07:06	worker	@day_trans;2017-12-25 - 2017-12-25;submitSocial;all;arwin
2017-12-27 05:07:09	worker	@kencanavoyage;2017-12-25 - 2017-12-25;submitSocial;all;arwin
2017-12-27 05:07:11	worker	@jukebox5d;2017-12-25 - 2017-12-25;submitSocial;all;arwin
2017-12-27 05:07:13	worker	#mtvhottest;2017-12-25 - 2017-12-25;submitSocial;all;arwin
2017-12-27 05:07:16	worker	#semangatpagi;2017-12-25 - 2017-12-25;submitSocial;all;arwin
2017-12-27 05:07:18	worker	lifebuoy;2017-12-25 - 2017-12-25;submitSocial;all;arwin
2017-12-27 05:07:25	worker	jokowi;2017-12-25 - 2017-12-25;submitSocial;all;arwin
2017-12-27 05:07:33	worker	obama;2017-12-25 - 2017-12-25;submitSocial;all;arwin
2017-12-27 05:07:36	worker	starwars;2017-12-25 - 2017-12-25;submitSocial;all;arwin
2017-12-27 05:07:39	worker	jonan;2017-12-25 - 2017-12-25;submitSocial;all;arwin
2017-12-27 05:07:47	worker	pagi;2017-12-25 - 2017-12-25;submitSocial;all;arwin
2017-12-27 05:07:49	worker	sampoerna;2017-12-25 - 2017-12-25;submitSocial;all;arwin
2017-12-27 05:07:52	worker	djarum;2017-12-25 - 2017-12-25;submitSocial;all;arwin
2017-12-27 05:07:54	worker	#semangatpagi;2017-12-25 - 2017-12-25;submitSocial;all;arwin
2017-12-27 05:07:56	worker	#generaksi8;2017-12-25 - 2017-12-25;submitSocial;all;arwin
2017-12-27 05:07:58	worker	#365alasan;2017-12-25 - 2017-12-25;submitSocial;all;arwin
2017-12-27 05:08:01	worker	weew;2017-12-25 - 2017-12-25;submitSocial;all;arwin
2017-12-27 05:08:08	worker	testing;2017-12-25 - 2017-12-25;submitSocial;all;arwin
2017-12-27 05:08:11	worker	#kopaja;2017-12-25 - 2017-12-25;submitSocial;all;arwin
2017-12-27 05:08:13	worker	#genkuisinsideout;2017-12-25 - 2017-12-25;submitSocial;all;arwin
2017-12-27 05:08:15	worker	starwars;2017-12-25 - 2017-12-25;submitSocial;all;arwin
2017-12-27 05:08:18	worker	#kopaja;2017-12-25 - 2017-12-25;submitSocial;all;arwin
2017-12-27 05:08:21	worker	mldspot;2017-12-25 - 2017-12-25;submitSocial;all;arwin
2017-12-27 05:08:23	worker	PBDjarum;2017-12-25 - 2017-12-25;submitSocial;all;arwin
2017-12-27 05:08:26	worker	TemanNabati;2017-12-25 - 2017-12-25;submitSocial;all;arwin
2017-12-27 05:08:28	worker	Nextar;2017-12-25 - 2017-12-25;submitSocial;all;arwin
2017-12-27 05:08:31	worker	jokowo;2017-12-25 - 2017-12-25;submitSocial;all;arwin
2017-12-27 05:08:35	worker	prabowo;2017-12-25 - 2017-12-25;submitSocial;all;arwin
2017-12-27 05:08:37	worker	sudirman said;2017-12-25 - 2017-12-25;submitSocial;all;arwin
2017-12-27 05:08:44	worker	ahok;2017-12-25 - 2017-12-25;submitSocial;all;arwin
2017-12-27 05:08:46	worker	setyanovanto;2017-12-25 - 2017-12-25;submitSocial;all;arwin
2017-12-27 05:08:52	worker	jokowi;2017-12-25 - 2017-12-25;submitSocial;all;arwin
2017-12-27 05:08:59	worker	ahok;2017-12-25 - 2017-12-25;submitSocial;all;arwin
2017-12-27 05:09:03	worker	prabowo;2017-12-25 - 2017-12-25;submitSocial;all;arwin
2017-12-27 05:09:05	worker	sudirman said;2017-12-25 - 2017-12-25;submitSocial;all;arwin
2017-12-27 05:09:07	worker	setyanovanto;2017-12-25 - 2017-12-25;submitSocial;all;arwin
2017-12-27 05:09:12	worker	galau;2017-12-25 - 2017-12-25;submitSocial;all;arwin
2017-12-27 05:09:15	worker	#prestasiindonesia;2017-12-25 - 2017-12-25;submitSocial;all;arwin
2017-12-27 05:09:17	worker	@Tw_Debi;2017-12-25 - 2017-12-25;submitSocial;all;arwin
2017-12-27 05:09:20	worker	@OfficialFastron;2017-12-25 - 2017-12-25;submitSocial;all;arwin
2017-12-27 05:09:22	worker	@CitibankID;2017-12-25 - 2017-12-25;submitSocial;all;arwin
2017-12-27 05:09:24	worker	@jak101fm;2017-12-25 - 2017-12-25;submitSocial;all;arwin
2017-12-27 05:09:27	worker	@genfm;2017-12-25 - 2017-12-25;submitSocial;all;arwin
