2017-09-18 05:00:20	worker	@987genfm;2017-09-16 - 2017-09-16;submitSocial;all;arwin
2017-09-18 05:00:33	worker	@101jakfm;2017-09-16 - 2017-09-16;submitSocial;all;arwin
2017-09-18 05:00:47	worker	@prambors;2017-09-16 - 2017-09-16;submitSocial;all;arwin
2017-09-18 05:01:01	worker	@hardrockfm;2017-09-16 - 2017-09-16;submitSocial;all;arwin
2017-09-18 05:01:14	worker	@kisfmjakarta;2017-09-16 - 2017-09-16;submitSocial;all;arwin
2017-09-18 05:01:27	worker	@delta_fm;2017-09-16 - 2017-09-16;submitSocial;all;arwin
2017-09-18 05:01:41	worker	@traxfmjkt;2017-09-16 - 2017-09-16;submitSocial;all;arwin
2017-09-18 05:01:54	worker	@iradiojakarta;2017-09-16 - 2017-09-16;submitSocial;all;arwin
2017-09-18 05:02:08	worker	@indika9160fm;2017-09-16 - 2017-09-16;submitSocial;all;arwin
2017-09-18 05:02:21	worker	@shellindonesia;2017-09-16 - 2017-09-16;submitSocial;all;arwin
2017-09-18 05:02:34	worker	@vpowerfans;2017-09-16 - 2017-09-16;submitSocial;all;arwin
2017-09-18 05:02:47	worker	@pertamaxind;2017-09-16 - 2017-09-16;submitSocial;all;arwin
2017-09-18 05:03:00	worker	@ptpertamina;2017-09-16 - 2017-09-16;submitSocial;all;arwin
2017-09-18 05:03:14	worker	@OZRadioJakarta;2017-09-16 - 2017-09-16;submitSocial;all;arwin
2017-09-18 05:03:27	worker	@CosmopolitanFM;2017-09-16 - 2017-09-16;submitSocial;all;arwin
2017-09-18 05:03:40	worker	@mustang88fm;2017-09-16 - 2017-09-16;submitSocial;all;arwin
2017-09-18 05:03:53	worker	@debabaz;2017-09-16 - 2017-09-16;submitSocial;all;arwin
2017-09-18 05:04:07	worker	@detikcom;2017-09-16 - 2017-09-16;submitSocial;all;arwin
2017-09-18 05:04:21	worker	@radioelshinta;2017-09-16 - 2017-09-16;submitSocial;all;arwin
2017-09-18 05:04:34	worker	@cinema21;2017-09-16 - 2017-09-16;submitSocial;all;arwin
2017-09-18 05:04:49	worker	@OfficialRCTI;2017-09-16 - 2017-09-16;submitSocial;all;arwin
2017-09-18 05:05:06	worker	@TRANSTV_CORP;2017-09-16 - 2017-09-16;submitSocial;all;arwin
2017-09-18 05:05:21	worker	@TRANS7;2017-09-16 - 2017-09-16;submitSocial;all;arwin
2017-09-18 05:05:34	worker	@Metro_TV;2017-09-16 - 2017-09-16;submitSocial;all;arwin
2017-09-18 05:05:49	worker	@tvOneNews;2017-09-16 - 2017-09-16;submitSocial;all;arwin
2017-09-18 05:06:02	worker	@whatsonANTV;2017-09-16 - 2017-09-16;submitSocial;all;arwin
2017-09-18 05:06:16	worker	@SCTV_;2017-09-16 - 2017-09-16;submitSocial;all;arwin
2017-09-18 05:06:30	worker	@KompasTV;2017-09-16 - 2017-09-16;submitSocial;all;arwin
2017-09-18 05:06:45	worker	@netmediatama;2017-09-16 - 2017-09-16;submitSocial;all;arwin
2017-09-18 05:06:58	worker	@Globaltvseru;2017-09-16 - 2017-09-16;submitSocial;all;arwin
2017-09-18 05:07:11	worker	@JaktvCom;2017-09-16 - 2017-09-16;submitSocial;all;arwin
2017-09-18 05:07:25	worker	@TVRINasional;2017-09-16 - 2017-09-16;submitSocial;all;arwin
2017-09-18 05:07:38	worker	@ochannelupdates;2017-09-16 - 2017-09-16;submitSocial;all;arwin
2017-09-18 05:07:52	worker	@IndosiarID;2017-09-16 - 2017-09-16;submitSocial;all;arwin
2017-09-18 05:08:08	worker	@kompascom;2017-09-16 - 2017-09-16;submitSocial;all;arwin
2017-09-18 05:08:21	worker	@merdekadotcom;2017-09-16 - 2017-09-16;submitSocial;all;arwin
2017-09-18 05:08:34	worker	@MIdotcom;2017-09-16 - 2017-09-16;submitSocial;all;arwin
2017-09-18 05:08:48	worker	@tempodotco;2017-09-16 - 2017-09-16;submitSocial;all;arwin
2017-09-18 05:09:02	worker	@motion975fm;2017-09-16 - 2017-09-16;submitSocial;all;arwin
2017-09-18 05:09:15	worker	@_radiotoday;2017-09-16 - 2017-09-16;submitSocial;all;arwin
2017-09-18 05:09:28	worker	@radioinfo;2017-09-16 - 2017-09-16;submitSocial;all;arwin
2017-09-18 05:09:41	worker	@979FeMaleRadio;2017-09-16 - 2017-09-16;submitSocial;all;arwin
2017-09-18 05:09:55	worker	@WomanRadio943FM;2017-09-16 - 2017-09-16;submitSocial;all;arwin
2017-09-18 05:10:10	worker	@VRadioFM;2017-09-16 - 2017-09-16;submitSocial;all;arwin
2017-09-18 05:10:24	worker	@UFM947;2017-09-16 - 2017-09-16;submitSocial;all;arwin
2017-09-18 05:10:37	worker	@VIVAnews;2017-09-16 - 2017-09-16;submitSocial;all;arwin
2017-09-18 05:10:51	worker	@antaranews;2017-09-16 - 2017-09-16;submitSocial;all;arwin
2017-09-18 05:11:05	worker	@tribunnews;2017-09-16 - 2017-09-16;submitSocial;all;arwin
2017-09-18 05:11:18	worker	@okezonenews;2017-09-16 - 2017-09-16;submitSocial;all;arwin
2017-09-18 05:11:32	worker	@Beritasatu;2017-09-16 - 2017-09-16;submitSocial;all;arwin
2017-09-18 05:11:45	worker	@rollingstoneina;2017-09-16 - 2017-09-16;submitSocial;all;arwin
2017-09-18 05:11:58	worker	@FIMELAdotcom;2017-09-16 - 2017-09-16;submitSocial;all;arwin
2017-09-18 05:12:12	worker	@KapanLagicom;2017-09-16 - 2017-09-16;submitSocial;all;arwin
2017-09-18 05:12:26	worker	@KompasEnt ;2017-09-16 - 2017-09-16;submitSocial;all;arwin
2017-09-18 05:12:39	worker	@HaiMagazine;2017-09-16 - 2017-09-16;submitSocial;all;arwin
2017-09-18 05:12:53	worker	@JakartaVenue;2017-09-16 - 2017-09-16;submitSocial;all;arwin
2017-09-18 05:13:06	worker	@SeputarEvent;2017-09-16 - 2017-09-16;submitSocial;all;arwin
2017-09-18 05:13:19	worker	@ismayaLive;2017-09-16 - 2017-09-16;submitSocial;all;arwin
2017-09-18 05:13:32	worker	@ECEntertainment;2017-09-16 - 2017-09-16;submitSocial;all;arwin
2017-09-18 05:13:45	worker	@synergism_En;2017-09-16 - 2017-09-16;submitSocial;all;arwin
2017-09-18 05:13:58	worker	@Urbanbandung;2017-09-16 - 2017-09-16;submitSocial;all;arwin
2017-09-18 05:14:10	worker	@Urbanrkm995;2017-09-16 - 2017-09-16;submitSocial;all;arwin
2017-09-18 05:14:24	worker	@Garuda_Promo;2017-09-16 - 2017-09-16;submitSocial;all;arwin
2017-09-18 05:14:37	worker	@AirAsiaID;2017-09-16 - 2017-09-16;submitSocial;all;arwin
2017-09-18 05:14:51	worker	@KAI121;2017-09-16 - 2017-09-16;submitSocial;all;arwin
2017-09-18 05:15:06	worker	@Unilever;2017-09-16 - 2017-09-16;submitSocial;all;arwin
2017-09-18 05:15:20	worker	@Nestle;2017-09-16 - 2017-09-16;submitSocial;all;arwin
2017-09-18 05:15:35	worker	@CocaCola;2017-09-16 - 2017-09-16;submitSocial;all;arwin
2017-09-18 05:15:54	worker	@CNN;2017-09-16 - 2017-09-16;submitSocial;all;arwin
2017-09-18 05:16:09	worker	@MTV;2017-09-16 - 2017-09-16;submitSocial;all;arwin
2017-09-18 05:16:22	worker	@channelv;2017-09-16 - 2017-09-16;submitSocial;all;arwin
2017-09-18 05:16:35	worker	@iTunesMusic;2017-09-16 - 2017-09-16;submitSocial;all;arwin
2017-09-18 05:16:50	worker	@mashable;2017-09-16 - 2017-09-16;submitSocial;all;arwin
2017-09-18 05:17:03	worker	@decacaz;2017-09-16 - 2017-09-16;submitSocial;all;arwin
2017-09-18 05:17:16	worker	@radiobaru967FM;2017-09-16 - 2017-09-16;submitSocial;all;arwin
2017-09-18 05:17:29	worker	@967HitzFM;2017-09-16 - 2017-09-16;submitSocial;all;arwin
2017-09-18 05:17:43	worker	@TVGuide;2017-09-16 - 2017-09-16;submitSocial;all;arwin
2017-09-18 05:17:56	worker	@XL123;2017-09-16 - 2017-09-16;submitSocial;all;arwin
2017-09-18 05:18:09	worker	@triindonesia;2017-09-16 - 2017-09-16;submitSocial;all;arwin
2017-09-18 05:18:23	worker	@kaskus;2017-09-16 - 2017-09-16;submitSocial;all;arwin
2017-09-18 05:18:36	worker	@Studio_XXI;2017-09-16 - 2017-09-16;submitSocial;all;arwin
2017-09-18 05:18:48	worker	@blitzmegaplex;2017-09-16 - 2017-09-16;submitSocial;all;arwin
2017-09-18 05:19:02	worker	@alfamartku;2017-09-16 - 2017-09-16;submitSocial;all;arwin
2017-09-18 05:19:15	worker	@Carrefour_ID;2017-09-16 - 2017-09-16;submitSocial;all;arwin
2017-09-18 05:19:30	worker	@BBCBreaking;2017-09-16 - 2017-09-16;submitSocial;all;arwin
2017-09-18 05:19:47	worker	@Forbes;2017-09-16 - 2017-09-16;submitSocial;all;arwin
2017-09-18 05:20:01	worker	@BensRadio;2017-09-16 - 2017-09-16;submitSocial;all;arwin
2017-09-18 05:20:21	worker	@instagram;2017-09-16 - 2017-09-16;submitSocial;all;arwin
2017-09-18 05:20:35	worker	@Pinterest;2017-09-16 - 2017-09-16;submitSocial;all;arwin
2017-09-18 05:20:52	worker	@google;2017-09-16 - 2017-09-16;submitSocial;all;arwin
2017-09-18 05:21:06	worker	@Pertaminalub;2017-09-16 - 2017-09-16;submitSocial;all;arwin
2017-09-18 05:21:19	worker	@InfoLalinTol;2017-09-16 - 2017-09-16;submitSocial;all;arwin
2017-09-18 05:21:32	worker	@PTJASAMARGA;2017-09-16 - 2017-09-16;submitSocial;all;arwin
2017-09-18 05:21:45	worker	@cititransindo;2017-09-16 - 2017-09-16;submitSocial;all;arwin
2017-09-18 05:21:57	worker	#semangatpagisuperr;2017-09-16 - 2017-09-16;submitSocial;all;arwin
2017-09-18 05:22:10	worker	#genkuisinsideout;2017-09-16 - 2017-09-16;submitSocial;all;arwin
2017-09-18 05:22:23	worker	#semangatpagi;2017-09-16 - 2017-09-16;submitSocial;all;arwin
2017-09-18 05:22:37	worker	#dikamar;2017-09-16 - 2017-09-16;submitSocial;all;arwin
2017-09-18 05:22:50	worker	#kopaja;2017-09-16 - 2017-09-16;submitSocial;all;arwin
2017-09-18 05:23:03	worker	#generaksi8;2017-09-16 - 2017-09-16;submitSocial;all;arwin
2017-09-18 05:23:16	worker	#hitztsp;2017-09-16 - 2017-09-16;submitSocial;all;arwin
2017-09-18 05:23:30	worker	#np;2017-09-16 - 2017-09-16;submitSocial;all;arwin
2017-09-18 05:23:43	worker	#hitzlivestage;2017-09-16 - 2017-09-16;submitSocial;all;arwin
2017-09-18 05:23:56	worker	#thefreaks;2017-09-16 - 2017-09-16;submitSocial;all;arwin
2017-09-18 05:24:09	worker	#hitzsirkuspagi;2017-09-16 - 2017-09-16;submitSocial;all;arwin
2017-09-18 05:24:22	worker	#hitzathlon;2017-09-16 - 2017-09-16;submitSocial;all;arwin
2017-09-18 05:24:34	worker	#hitzzombie;2017-09-16 - 2017-09-16;submitSocial;all;arwin
2017-09-18 05:24:47	worker	#hitzkalong;2017-09-16 - 2017-09-16;submitSocial;all;arwin
2017-09-18 05:25:00	worker	#hitzbebas;2017-09-16 - 2017-09-16;submitSocial;all;arwin
2017-09-18 05:25:15	worker	#hitzhorehara;2017-09-16 - 2017-09-16;submitSocial;all;arwin
2017-09-18 05:25:28	worker	@ZaloraID;2017-09-16 - 2017-09-16;submitSocial;all;arwin
2017-09-18 05:25:41	worker	@OLX_Indonesia;2017-09-16 - 2017-09-16;submitSocial;all;arwin
2017-09-18 05:25:54	worker	@LazadaID;2017-09-16 - 2017-09-16;submitSocial;all;arwin
2017-09-18 05:26:08	worker	@utrippers;2017-09-16 - 2017-09-16;submitSocial;all;arwin
2017-09-18 05:26:21	worker	@GoGobot;2017-09-16 - 2017-09-16;submitSocial;all;arwin
2017-09-18 05:26:34	worker	@viatortravel;2017-09-16 - 2017-09-16;submitSocial;all;arwin
2017-09-18 05:26:47	worker	@alandakariza;2017-09-16 - 2017-09-16;submitSocial;all;arwin
2017-09-18 05:27:00	worker	@gagasmedia;2017-09-16 - 2017-09-16;submitSocial;all;arwin
2017-09-18 05:27:14	worker	@welovehonda;2017-09-16 - 2017-09-16;submitSocial;all;arwin
2017-09-18 05:27:27	worker	@SuzukiMotorID;2017-09-16 - 2017-09-16;submitSocial;all;arwin
2017-09-18 05:27:40	worker	@kawasakilovers;2017-09-16 - 2017-09-16;submitSocial;all;arwin
2017-09-18 05:27:53	worker	@yamahaindonesia;2017-09-16 - 2017-09-16;submitSocial;all;arwin
2017-09-18 05:28:06	worker	@tripanzee;2017-09-16 - 2017-09-16;submitSocial;all;arwin
2017-09-18 05:28:19	worker	@arnoldpoernomo;2017-09-16 - 2017-09-16;submitSocial;all;arwin
2017-09-18 05:28:32	worker	@nicsap;2017-09-16 - 2017-09-16;submitSocial;all;arwin
2017-09-18 05:28:45	worker	@tiket2;2017-09-16 - 2017-09-16;submitSocial;all;arwin
2017-09-18 05:28:58	worker	@traveloka;2017-09-16 - 2017-09-16;submitSocial;all;arwin
2017-09-18 05:29:12	worker	@wego;2017-09-16 - 2017-09-16;submitSocial;all;arwin
2017-09-18 05:29:26	worker	@agoda;2017-09-16 - 2017-09-16;submitSocial;all;arwin
2017-09-18 05:29:39	worker	#salahsambung;2017-09-16 - 2017-09-16;submitSocial;all;arwin
2017-09-18 05:29:52	worker	#tulalit;2017-09-16 - 2017-09-16;submitSocial;all;arwin
2017-09-18 05:30:05	worker	#pestageneraksi8;2017-09-16 - 2017-09-16;submitSocial;all;arwin
2017-09-18 05:30:20	worker	#ganaskustik;2017-09-16 - 2017-09-16;submitSocial;all;arwin
2017-09-18 05:30:32	worker	#lnhot20;2017-09-16 - 2017-09-16;submitSocial;all;arwin
2017-09-18 05:30:46	worker	@TripAdvisor;2017-09-16 - 2017-09-16;submitSocial;all;arwin
2017-09-18 05:31:03	worker	@google;2017-09-16 - 2017-09-16;submitSocial;all;arwin
2017-09-18 05:31:16	worker	@Telkomsel;2017-09-16 - 2017-09-16;submitSocial;all;arwin
2017-09-18 05:31:30	worker	@indosat;2017-09-16 - 2017-09-16;submitSocial;all;arwin
2017-09-18 05:31:52	worker	@bahanafmjkt;2017-09-16 - 2017-09-16;submitSocial;all;2017-09-18 05:32:07	worker	@sonorafm92;2017-09-16 - 2017-09-16;submitSocial;all;arwin
2017-09-18 05:32:19	worker	@litefm1058;2017-09-16 - 2017-09-16;submitSocial;all;arwin
2017-09-18 05:32:32	worker	@Bravaradio;2017-09-16 - 2017-09-16;submitSocial;all;arwin
2017-09-18 05:32:46	worker	#dgitm;2017-09-16 - 2017-09-16;submitSocial;all;arwin
2017-09-18 05:32:58	worker	#hitsalaprambors;2017-09-16 - 2017-09-16;submitSocial;all;arwin
2017-09-18 05:33:12	worker	#reqprambors;2017-09-16 - 2017-09-16;submitSocial;all;arwin
2017-09-18 05:33:25	worker	#thedandees;2017-09-16 - 2017-09-16;submitSocial;all;arwin
2017-09-18 05:33:37	worker	#pramborsquiz;2017-09-16 - 2017-09-16;submitSocial;all;arwin
2017-09-18 05:33:50	worker	#jeliprambors;2017-09-16 - 2017-09-16;submitSocial;all;arwin
2017-09-18 05:34:02	worker	#jodohinprambors;2017-09-16 - 2017-09-16;submitSocial;all;arwin
2017-09-18 05:34:16	worker	#ubahdenganbicara;2017-09-16 - 2017-09-16;submitSocial;all;arwin
2017-09-18 05:34:29	worker	#pramborschat;2017-09-16 - 2017-09-16;submitSocial;all;arwin
2017-09-18 05:34:42	worker	#tweetforduit;2017-09-16 - 2017-09-16;submitSocial;all;arwin
2017-09-18 05:34:54	worker	#joki3in1;2017-09-16 - 2017-09-16;submitSocial;all;arwin
2017-09-18 05:35:08	worker	#sarapanseru;2017-09-16 - 2017-09-16;submitSocial;all;arwin
2017-09-18 05:35:22	worker	#rawonkaneloop;2017-09-16 - 2017-09-16;submitSocial;all;arwin
2017-09-18 05:35:35	worker	#gudegkendilkeraton;2017-09-16 - 2017-09-16;submitSocial;all;arwin
2017-09-18 05:35:47	worker	#gadogadobutika;2017-09-16 - 2017-09-16;submitSocial;all;arwin
2017-09-18 05:36:00	worker	#mtvhottest;2017-09-16 - 2017-09-16;submitSocial;all;arwin
2017-09-18 05:36:13	worker	#dimsumcjdw;2017-09-16 - 2017-09-16;submitSocial;all;arwin
2017-09-18 05:36:26	worker	#pecelmadiunmbakniek;2017-09-16 - 2017-09-16;submitSocial;all;arwin
2017-09-18 05:36:39	worker	#depotarema;2017-09-16 - 2017-09-16;submitSocial;all;arwin
2017-09-18 05:36:52	worker	@BNI46;2017-09-16 - 2017-09-16;submitSocial;all;arwin
2017-09-18 05:37:05	worker	@BANKBRI_ID;2017-09-16 - 2017-09-16;submitSocial;all;arwin
2017-09-18 05:37:18	worker	#bni46;2017-09-16 - 2017-09-16;submitSocial;all;arwin
2017-09-18 05:37:33	worker	macet;2017-09-16 - 2017-09-16;submitSocial;all;arwin
2017-09-18 05:37:45	worker	#selamatpagi;2017-09-16 - 2017-09-16;submitSocial;all;arwin
2017-09-18 05:37:58	worker	#selamatmalam;2017-09-16 - 2017-09-16;submitSocial;all;arwin
2017-09-18 05:38:12	worker	@884GlobalRadio;2017-09-16 - 2017-09-16;submitSocial;all;arwin
2017-09-18 05:38:25	worker	@day_trans;2017-09-16 - 2017-09-16;submitSocial;all;arwin
2017-09-18 05:38:38	worker	@kencanavoyage;2017-09-16 - 2017-09-16;submitSocial;all;arwin
2017-09-18 05:38:51	worker	@jukebox5d;2017-09-16 - 2017-09-16;submitSocial;all;arwin
2017-09-18 05:39:04	worker	#mtvhottest;2017-09-16 - 2017-09-16;submitSocial;all;arwin
2017-09-18 05:39:17	worker	#semangatpagi;2017-09-16 - 2017-09-16;submitSocial;all;arwin
2017-09-18 05:39:29	worker	lifebuoy;2017-09-16 - 2017-09-16;submitSocial;all;arwin
2017-09-18 05:39:47	worker	jokowi;2017-09-16 - 2017-09-16;submitSocial;all;arwin
2017-09-18 05:40:08	worker	obama;2017-09-16 - 2017-09-16;submitSocial;all;arwin
2017-09-18 05:40:22	worker	starwars;2017-09-16 - 2017-09-16;submitSocial;all;arwin
2017-09-18 05:40:36	worker	jonan;2017-09-16 - 2017-09-16;submitSocial;all;arwin
2017-09-18 05:40:54	worker	pagi;2017-09-16 - 2017-09-16;submitSocial;all;arwin
2017-09-18 05:41:08	worker	sampoerna;2017-09-16 - 2017-09-16;submitSocial;all;arwin
2017-09-18 05:41:21	worker	djarum;2017-09-16 - 2017-09-16;submitSocial;all;arwin
2017-09-18 05:41:34	worker	#semangatpagi;2017-09-16 - 2017-09-16;submitSocial;all;arwin
2017-09-18 05:41:47	worker	#generaksi8;2017-09-16 - 2017-09-16;submitSocial;all;arwin
2017-09-18 05:42:00	worker	#365alasan;2017-09-16 - 2017-09-16;submitSocial;all;arwin
2017-09-18 05:42:14	worker	weew;2017-09-16 - 2017-09-16;submitSocial;all;arwin
2017-09-18 05:42:33	worker	testing;2017-09-16 - 2017-09-16;submitSocial;all;arwin
2017-09-18 05:42:46	worker	#kopaja;2017-09-16 - 2017-09-16;submitSocial;all;arwin
2017-09-18 05:42:59	worker	#genkuisinsideout;2017-09-16 - 2017-09-16;submitSocial;all;arwin
2017-09-18 05:43:12	worker	starwars;2017-09-16 - 2017-09-16;submitSocial;all;arwin
2017-09-18 05:43:25	worker	#kopaja;2017-09-16 - 2017-09-16;submitSocial;all;arwin
2017-09-18 05:43:39	worker	mldspot;2017-09-16 - 2017-09-16;submitSocial;all;arwin
2017-09-18 05:43:52	worker	PBDjarum;2017-09-16 - 2017-09-16;submitSocial;all;arwin
2017-09-18 05:44:05	worker	TemanNabati;2017-09-16 - 2017-09-16;submitSocial;all;arwin
2017-09-18 05:44:18	worker	Nextar;2017-09-16 - 2017-09-16;submitSocial;all;arwin
2017-09-18 05:44:32	worker	jokowo;2017-09-16 - 2017-09-16;submitSocial;all;arwin
2017-09-18 05:44:47	worker	prabowo;2017-09-16 - 2017-09-16;submitSocial;all;arwin
2017-09-18 05:45:00	worker	sudirman said;2017-09-16 - 2017-09-16;submitSocial;all;arwin
2017-09-18 05:45:18	worker	ahok;2017-09-16 - 2017-09-16;submitSocial;all;arwin
2017-09-18 05:45:31	worker	setyanovanto;2017-09-16 - 2017-09-16;submitSocial;all;arwin
2017-09-18 05:45:49	worker	jokowi;2017-09-16 - 2017-09-16;submitSocial;all;arwin
2017-09-18 05:46:05	worker	ahok;2017-09-16 - 2017-09-16;submitSocial;all;arwin
2017-09-18 05:46:21	worker	prabowo;2017-09-16 - 2017-09-16;submitSocial;all;arwin
2017-09-18 05:46:34	worker	sudirman said;2017-09-16 - 2017-09-16;submitSocial;all;arwin
2017-09-18 05:46:47	worker	setyanovanto;2017-09-16 - 2017-09-16;submitSocial;all;arwin
2017-09-18 05:47:03	worker	galau;2017-09-16 - 2017-09-16;submitSocial;all;arwin
2017-09-18 05:47:16	worker	#prestasiindonesia;2017-09-16 - 2017-09-16;submitSocial;all;arwin
2017-09-18 05:47:29	worker	@Tw_Debi;2017-09-16 - 2017-09-16;submitSocial;all;arwin
2017-09-18 05:47:42	worker	@OfficialFastron;2017-09-16 - 2017-09-16;submitSocial;all;arwin
2017-09-18 05:47:54	worker	@CitibankID;2017-09-16 - 2017-09-16;submitSocial;all;arwin
2017-09-18 05:48:08	worker	@jak101fm;2017-09-16 - 2017-09-16;submitSocial;all;arwin
2017-09-18 05:48:22	worker	@genfm;2017-09-16 - 2017-09-16;submitSocial;all;arwin
