2017-11-01 05:00:06	worker	@987genfm;2017-10-30 - 2017-10-30;submitSocial;all;arwin
2017-11-01 05:00:08	worker	@101jakfm;2017-10-30 - 2017-10-30;submitSocial;all;arwin
2017-11-01 05:00:11	worker	@prambors;2017-10-30 - 2017-10-30;submitSocial;all;arwin
2017-11-01 05:00:14	worker	@hardrockfm;2017-10-30 - 2017-10-30;submitSocial;all;arwin
2017-11-01 05:00:16	worker	@kisfmjakarta;2017-10-30 - 2017-10-30;submitSocial;all;arwin
2017-11-01 05:00:19	worker	@delta_fm;2017-10-30 - 2017-10-30;submitSocial;all;arwin
2017-11-01 05:00:21	worker	@traxfmjkt;2017-10-30 - 2017-10-30;submitSocial;all;arwin
2017-11-01 05:00:24	worker	@iradiojakarta;2017-10-30 - 2017-10-30;submitSocial;all;arwin
2017-11-01 05:00:26	worker	@indika9160fm;2017-10-30 - 2017-10-30;submitSocial;all;arwin
2017-11-01 05:00:29	worker	@shellindonesia;2017-10-30 - 2017-10-30;submitSocial;all;arwin
2017-11-01 05:00:31	worker	@vpowerfans;2017-10-30 - 2017-10-30;submitSocial;all;arwin
2017-11-01 05:00:33	worker	@pertamaxind;2017-10-30 - 2017-10-30;submitSocial;all;arwin
2017-11-01 05:00:36	worker	@ptpertamina;2017-10-30 - 2017-10-30;submitSocial;all;arwin
2017-11-01 05:00:38	worker	@OZRadioJakarta;2017-10-30 - 2017-10-30;submitSocial;all;arwin
2017-11-01 05:00:40	worker	@CosmopolitanFM;2017-10-30 - 2017-10-30;submitSocial;all;arwin
2017-11-01 05:00:42	worker	@mustang88fm;2017-10-30 - 2017-10-30;submitSocial;all;arwin
2017-11-01 05:00:44	worker	@debabaz;2017-10-30 - 2017-10-30;submitSocial;all;arwin
2017-11-01 05:00:47	worker	@detikcom;2017-10-30 - 2017-10-30;submitSocial;all;arwin
2017-11-01 05:00:50	worker	@radioelshinta;2017-10-30 - 2017-10-30;submitSocial;all;arwin
2017-11-01 05:00:52	worker	@cinema21;2017-10-30 - 2017-10-30;submitSocial;all;arwin
2017-11-01 05:00:54	worker	@OfficialRCTI;2017-10-30 - 2017-10-30;submitSocial;all;arwin
2017-11-01 05:00:56	worker	@TRANSTV_CORP;2017-10-30 - 2017-10-30;submitSocial;all;arwin
2017-11-01 05:00:58	worker	@TRANS7;2017-10-30 - 2017-10-30;submitSocial;all;arwin
2017-11-01 05:01:01	worker	@Metro_TV;2017-10-30 - 2017-10-30;submitSocial;all;arwin
2017-11-01 05:01:04	worker	@tvOneNews;2017-10-30 - 2017-10-30;submitSocial;all;arwin
2017-11-01 05:01:06	worker	@whatsonANTV;2017-10-30 - 2017-10-30;submitSocial;all;arwin
2017-11-01 05:01:09	worker	@SCTV_;2017-10-30 - 2017-10-30;submitSocial;all;arwin
2017-11-01 05:01:12	worker	@KompasTV;2017-10-30 - 2017-10-30;submitSocial;all;arwin
2017-11-01 05:01:15	worker	@netmediatama;2017-10-30 - 2017-10-30;submitSocial;all;arwin
2017-11-01 05:01:17	worker	@Globaltvseru;2017-10-30 - 2017-10-30;submitSocial;all;arwin
2017-11-01 05:01:19	worker	@JaktvCom;2017-10-30 - 2017-10-30;submitSocial;all;arwin
2017-11-01 05:01:22	worker	@TVRINasional;2017-10-30 - 2017-10-30;submitSocial;all;arwin
2017-11-01 05:01:24	worker	@ochannelupdates;2017-10-30 - 2017-10-30;submitSocial;all;arwin
2017-11-01 05:01:26	worker	@IndosiarID;2017-10-30 - 2017-10-30;submitSocial;all;arwin
2017-11-01 05:01:30	worker	@kompascom;2017-10-30 - 2017-10-30;submitSocial;all;arwin
2017-11-01 05:01:32	worker	@merdekadotcom;2017-10-30 - 2017-10-30;submitSocial;all;arwin
2017-11-01 05:01:35	worker	@MIdotcom;2017-10-30 - 2017-10-30;submitSocial;all;arwin
2017-11-01 05:01:38	worker	@tempodotco;2017-10-30 - 2017-10-30;submitSocial;all;arwin
2017-11-01 05:01:40	worker	@motion975fm;2017-10-30 - 2017-10-30;submitSocial;all;arwin
2017-11-01 05:01:42	worker	@_radiotoday;2017-10-30 - 2017-10-30;submitSocial;all;arwin
2017-11-01 05:01:44	worker	@radioinfo;2017-10-30 - 2017-10-30;submitSocial;all;arwin
2017-11-01 05:01:46	worker	@979FeMaleRadio;2017-10-30 - 2017-10-30;submitSocial;all;arwin
2017-11-01 05:01:48	worker	@WomanRadio943FM;2017-10-30 - 2017-10-30;submitSocial;all;arwin
2017-11-01 05:01:51	worker	@VRadioFM;2017-10-30 - 2017-10-30;submitSocial;all;arwin
2017-11-01 05:01:52	worker	@UFM947;2017-10-30 - 2017-10-30;submitSocial;all;arwin
2017-11-01 05:01:55	worker	@VIVAnews;2017-10-30 - 2017-10-30;submitSocial;all;arwin
2017-11-01 05:01:57	worker	@antaranews;2017-10-30 - 2017-10-30;submitSocial;all;arwin
2017-11-01 05:02:00	worker	@tribunnews;2017-10-30 - 2017-10-30;submitSocial;all;arwin
2017-11-01 05:02:02	worker	@okezonenews;2017-10-30 - 2017-10-30;submitSocial;all;arwin
2017-11-01 05:02:05	worker	@Beritasatu;2017-10-30 - 2017-10-30;submitSocial;all;arwin
2017-11-01 05:02:07	worker	@rollingstoneina;2017-10-30 - 2017-10-30;submitSocial;all;arwin
2017-11-01 05:02:09	worker	@FIMELAdotcom;2017-10-30 - 2017-10-30;submitSocial;all;arwin
2017-11-01 05:02:11	worker	@KapanLagicom;2017-10-30 - 2017-10-30;submitSocial;all;arwin
2017-11-01 05:02:13	worker	@KompasEnt ;2017-10-30 - 2017-10-30;submitSocial;all;arwin
2017-11-01 05:02:16	worker	@HaiMagazine;2017-10-30 - 2017-10-30;submitSocial;all;arwin
2017-11-01 05:02:18	worker	@JakartaVenue;2017-10-30 - 2017-10-30;submitSocial;all;arwin
2017-11-01 05:02:20	worker	@SeputarEvent;2017-10-30 - 2017-10-30;submitSocial;all;arwin
2017-11-01 05:02:23	worker	@ismayaLive;2017-10-30 - 2017-10-30;submitSocial;all;arwin
2017-11-01 05:02:25	worker	@ECEntertainment;2017-10-30 - 2017-10-30;submitSocial;all;arwin
2017-11-01 05:02:27	worker	@synergism_En;2017-10-30 - 2017-10-30;submitSocial;all;arwin
2017-11-01 05:02:29	worker	@Urbanbandung;2017-10-30 - 2017-10-30;submitSocial;all;arwin
2017-11-01 05:02:31	worker	@Urbanrkm995;2017-10-30 - 2017-10-30;submitSocial;all;arwin
2017-11-01 05:02:33	worker	@Garuda_Promo;2017-10-30 - 2017-10-30;submitSocial;all;arwin
2017-11-01 05:02:36	worker	@AirAsiaID;2017-10-30 - 2017-10-30;submitSocial;all;arwin
2017-11-01 05:02:38	worker	@KAI121;2017-10-30 - 2017-10-30;submitSocial;all;arwin
2017-11-01 05:02:41	worker	@Unilever;2017-10-30 - 2017-10-30;submitSocial;all;arwin
2017-11-01 05:02:43	worker	@Nestle;2017-10-30 - 2017-10-30;submitSocial;all;arwin
2017-11-01 05:02:46	worker	@CocaCola;2017-10-30 - 2017-10-30;submitSocial;all;arwin
2017-11-01 05:02:54	worker	@CNN;2017-10-30 - 2017-10-30;submitSocial;all;arwin
2017-11-01 05:02:58	worker	@MTV;2017-10-30 - 2017-10-30;submitSocial;all;arwin
2017-11-01 05:02:59	worker	@channelv;2017-10-30 - 2017-10-30;submitSocial;all;arwin
2017-11-01 05:03:02	worker	@iTunesMusic;2017-10-30 - 2017-10-30;submitSocial;all;arwin
2017-11-01 05:03:06	worker	@mashable;2017-10-30 - 2017-10-30;submitSocial;all;arwin
2017-11-01 05:03:08	worker	@decacaz;2017-10-30 - 2017-10-30;submitSocial;all;arwin
2017-11-01 05:03:10	worker	@radiobaru967FM;2017-10-30 - 2017-10-30;submitSocial;all;arwin
2017-11-01 05:03:12	worker	@967HitzFM;2017-10-30 - 2017-10-30;submitSocial;all;arwin
2017-11-01 05:03:15	worker	@TVGuide;2017-10-30 - 2017-10-30;submitSocial;all;arwin
2017-11-01 05:03:17	worker	@XL123;2017-10-30 - 2017-10-30;submitSocial;all;arwin
2017-11-01 05:03:20	worker	@triindonesia;2017-10-30 - 2017-10-30;submitSocial;all;arwin
2017-11-01 05:03:22	worker	@kaskus;2017-10-30 - 2017-10-30;submitSocial;all;arwin
2017-11-01 05:03:24	worker	@Studio_XXI;2017-10-30 - 2017-10-30;submitSocial;all;arwin
2017-11-01 05:03:26	worker	@blitzmegaplex;2017-10-30 - 2017-10-30;submitSocial;all;arwin
2017-11-01 05:03:28	worker	@alfamartku;2017-10-30 - 2017-10-30;submitSocial;all;arwin
2017-11-01 05:03:30	worker	@Carrefour_ID;2017-10-30 - 2017-10-30;submitSocial;all;arwin
2017-11-01 05:03:35	worker	@BBCBreaking;2017-10-30 - 2017-10-30;submitSocial;all;arwin
2017-11-01 05:03:42	worker	@Forbes;2017-10-30 - 2017-10-30;submitSocial;all;arwin
2017-11-01 05:03:44	worker	@BensRadio;2017-10-30 - 2017-10-30;submitSocial;all;arwin
2017-11-01 05:03:50	worker	@instagram;2017-10-30 - 2017-10-30;submitSocial;all;arwin
2017-11-01 05:03:52	worker	@Pinterest;2017-10-30 - 2017-10-30;submitSocial;all;arwin
2017-11-01 05:03:58	worker	@google;2017-10-30 - 2017-10-30;submitSocial;all;arwin
2017-11-01 05:04:00	worker	@Pertaminalub;2017-10-30 - 2017-10-30;submitSocial;all;arwin
2017-11-01 05:04:02	worker	@InfoLalinTol;2017-10-30 - 2017-10-30;submitSocial;all;arwin
2017-11-01 05:04:04	worker	@PTJASAMARGA;2017-10-30 - 2017-10-30;submitSocial;all;arwin
2017-11-01 05:04:06	worker	@cititransindo;2017-10-30 - 2017-10-30;submitSocial;all;arwin
2017-11-01 05:04:08	worker	#semangatpagisuperr;2017-10-30 - 2017-10-30;submitSocial;all;arwin
2017-11-01 05:04:10	worker	#genkuisinsideout;2017-10-30 - 2017-10-30;submitSocial;all;arwin
2017-11-01 05:04:12	worker	#semangatpagi;2017-10-30 - 2017-10-30;submitSocial;all;arwin
2017-11-01 05:04:15	worker	#dikamar;2017-10-30 - 2017-10-30;submitSocial;all;arwin
2017-11-01 05:04:17	worker	#kopaja;2017-10-30 - 2017-10-30;submitSocial;all;arwin
2017-11-01 05:04:19	worker	#generaksi8;2017-10-30 - 2017-10-30;submitSocial;all;arwin
2017-11-01 05:04:21	worker	#hitztsp;2017-10-30 - 2017-10-30;submitSocial;all;arwin
2017-11-01 05:04:24	worker	#np;2017-10-30 - 2017-10-30;submitSocial;all;arwin
2017-11-01 05:04:26	worker	#hitzlivestage;2017-10-30 - 2017-10-30;submitSocial;all;arwin
2017-11-01 05:04:28	worker	#thefreaks;2017-10-30 - 2017-10-30;submitSocial;all;arwin
2017-11-01 05:04:31	worker	#hitzsirkuspagi;2017-10-30 - 2017-10-30;submitSocial;all;arwin
2017-11-01 05:04:33	worker	#hitzathlon;2017-10-30 - 2017-10-30;submitSocial;all;arwin
2017-11-01 05:04:35	worker	#hitzzombie;2017-10-30 - 2017-10-30;submitSocial;all;arwin
2017-11-01 05:04:37	worker	#hitzkalong;2017-10-30 - 2017-10-30;submitSocial;all;arwin
2017-11-01 05:04:39	worker	#hitzbebas;2017-10-30 - 2017-10-30;submitSocial;all;arwin
2017-11-01 05:04:42	worker	#hitzhorehara;2017-10-30 - 2017-10-30;submitSocial;all;arwin
2017-11-01 05:04:44	worker	@ZaloraID;2017-10-30 - 2017-10-30;submitSocial;all;arwin
2017-11-01 05:04:46	worker	@OLX_Indonesia;2017-10-30 - 2017-10-30;submitSocial;all;arwin
2017-11-01 05:04:49	worker	@LazadaID;2017-10-30 - 2017-10-30;submitSocial;all;arwin
2017-11-01 05:04:51	worker	@utrippers;2017-10-30 - 2017-10-30;submitSocial;all;arwin
2017-11-01 05:04:53	worker	@GoGobot;2017-10-30 - 2017-10-30;submitSocial;all;arwin
2017-11-01 05:04:55	worker	@viatortravel;2017-10-30 - 2017-10-30;submitSocial;all;arwin
2017-11-01 05:04:57	worker	@alandakariza;2017-10-30 - 2017-10-30;submitSocial;all;arwin
2017-11-01 05:05:00	worker	@gagasmedia;2017-10-30 - 2017-10-30;submitSocial;all;arwin
2017-11-01 05:05:02	worker	@welovehonda;2017-10-30 - 2017-10-30;submitSocial;all;arwin
2017-11-01 05:05:05	worker	@SuzukiMotorID;2017-10-30 - 2017-10-30;submitSocial;all;arwin
2017-11-01 05:05:07	worker	@kawasakilovers;2017-10-30 - 2017-10-30;submitSocial;all;arwin
2017-11-01 05:05:09	worker	@yamahaindonesia;2017-10-30 - 2017-10-30;submitSocial;all;arwin
2017-11-01 05:05:12	worker	@tripanzee;2017-10-30 - 2017-10-30;submitSocial;all;arwin
2017-11-01 05:05:14	worker	@arnoldpoernomo;2017-10-30 - 2017-10-30;submitSocial;all;arwin
2017-11-01 05:05:16	worker	@nicsap;2017-10-30 - 2017-10-30;submitSocial;all;arwin
2017-11-01 05:05:18	worker	@tiket2;2017-10-30 - 2017-10-30;submitSocial;all;arwin
2017-11-01 05:05:21	worker	@traveloka;2017-10-30 - 2017-10-30;submitSocial;all;arwin
2017-11-01 05:05:24	worker	@wego;2017-10-30 - 2017-10-30;submitSocial;all;arwin
2017-11-01 05:05:26	worker	@agoda;2017-10-30 - 2017-10-30;submitSocial;all;arwin
2017-11-01 05:05:28	worker	#salahsambung;2017-10-30 - 2017-10-30;submitSocial;all;arwin
2017-11-01 05:05:31	worker	#tulalit;2017-10-30 - 2017-10-30;submitSocial;all;arwin
2017-11-01 05:05:32	worker	#pestageneraksi8;2017-10-30 - 2017-10-30;submitSocial;all;arwin
2017-11-01 05:05:34	worker	#ganaskustik;2017-10-30 - 2017-10-30;submitSocial;all;arwin
2017-11-01 05:05:36	worker	#lnhot20;2017-10-30 - 2017-10-30;submitSocial;all;arwin
2017-11-01 05:05:38	worker	@TripAdvisor;2017-10-30 - 2017-10-30;submitSocial;all;arwin
2017-11-01 05:05:44	worker	@google;2017-10-30 - 2017-10-30;submitSocial;all;arwin
2017-11-01 05:05:47	worker	@Telkomsel;2017-10-30 - 2017-10-30;submitSocial;all;arwin
2017-11-01 05:05:50	worker	@indosat;2017-10-30 - 2017-10-30;submitSocial;all;arwin
2017-11-01 05:05:53	worker	@bahanafmjkt;2017-10-30 - 2017-10-30;submitSocial;all;2017-11-01 05:05:57	worker	@sonorafm92;2017-10-30 - 2017-10-30;submitSocial;all;arwin
2017-11-01 05:05:58	worker	@litefm1058;2017-10-30 - 2017-10-30;submitSocial;all;arwin
2017-11-01 05:06:01	worker	@Bravaradio;2017-10-30 - 2017-10-30;submitSocial;all;arwin
2017-11-01 05:06:03	worker	#dgitm;2017-10-30 - 2017-10-30;submitSocial;all;arwin
2017-11-01 05:06:05	worker	#hitsalaprambors;2017-10-30 - 2017-10-30;submitSocial;all;arwin
2017-11-01 05:06:07	worker	#reqprambors;2017-10-30 - 2017-10-30;submitSocial;all;arwin
2017-11-01 05:06:10	worker	#thedandees;2017-10-30 - 2017-10-30;submitSocial;all;arwin
2017-11-01 05:06:11	worker	#pramborsquiz;2017-10-30 - 2017-10-30;submitSocial;all;arwin
2017-11-01 05:06:13	worker	#jeliprambors;2017-10-30 - 2017-10-30;submitSocial;all;arwin
2017-11-01 05:06:15	worker	#jodohinprambors;2017-10-30 - 2017-10-30;submitSocial;all;arwin
2017-11-01 05:06:17	worker	#ubahdenganbicara;2017-10-30 - 2017-10-30;submitSocial;all;arwin
2017-11-01 05:06:19	worker	#pramborschat;2017-10-30 - 2017-10-30;submitSocial;all;arwin
2017-11-01 05:06:22	worker	#tweetforduit;2017-10-30 - 2017-10-30;submitSocial;all;arwin
2017-11-01 05:06:23	worker	#joki3in1;2017-10-30 - 2017-10-30;submitSocial;all;arwin
2017-11-01 05:06:26	worker	#sarapanseru;2017-10-30 - 2017-10-30;submitSocial;all;arwin
2017-11-01 05:06:28	worker	#rawonkaneloop;2017-10-30 - 2017-10-30;submitSocial;all;arwin
2017-11-01 05:06:30	worker	#gudegkendilkeraton;2017-10-30 - 2017-10-30;submitSocial;all;arwin
2017-11-01 05:06:32	worker	#gadogadobutika;2017-10-30 - 2017-10-30;submitSocial;all;arwin
2017-11-01 05:06:34	worker	#mtvhottest;2017-10-30 - 2017-10-30;submitSocial;all;arwin
2017-11-01 05:06:36	worker	#dimsumcjdw;2017-10-30 - 2017-10-30;submitSocial;all;arwin
2017-11-01 05:06:38	worker	#pecelmadiunmbakniek;2017-10-30 - 2017-10-30;submitSocial;all;arwin
2017-11-01 05:06:40	worker	#depotarema;2017-10-30 - 2017-10-30;submitSocial;all;arwin
2017-11-01 05:06:42	worker	@BNI46;2017-10-30 - 2017-10-30;submitSocial;all;arwin
2017-11-01 05:06:44	worker	@BANKBRI_ID;2017-10-30 - 2017-10-30;submitSocial;all;arwin
2017-11-01 05:06:46	worker	#bni46;2017-10-30 - 2017-10-30;submitSocial;all;arwin
2017-11-01 05:06:50	worker	macet;2017-10-30 - 2017-10-30;submitSocial;all;arwin
2017-11-01 05:06:52	worker	#selamatpagi;2017-10-30 - 2017-10-30;submitSocial;all;arwin
2017-11-01 05:06:54	worker	#selamatmalam;2017-10-30 - 2017-10-30;submitSocial;all;arwin
2017-11-01 05:06:57	worker	@884GlobalRadio;2017-10-30 - 2017-10-30;submitSocial;all;arwin
2017-11-01 05:06:59	worker	@day_trans;2017-10-30 - 2017-10-30;submitSocial;all;arwin
2017-11-01 05:07:01	worker	@kencanavoyage;2017-10-30 - 2017-10-30;submitSocial;all;arwin
2017-11-01 05:07:03	worker	@jukebox5d;2017-10-30 - 2017-10-30;submitSocial;all;arwin
2017-11-01 05:07:05	worker	#mtvhottest;2017-10-30 - 2017-10-30;submitSocial;all;arwin
2017-11-01 05:07:07	worker	#semangatpagi;2017-10-30 - 2017-10-30;submitSocial;all;arwin
2017-11-01 05:07:09	worker	lifebuoy;2017-10-30 - 2017-10-30;submitSocial;all;arwin
2017-11-01 05:07:15	worker	jokowi;2017-10-30 - 2017-10-30;submitSocial;all;arwin
2017-11-01 05:07:23	worker	obama;2017-10-30 - 2017-10-30;submitSocial;all;arwin
2017-11-01 05:07:26	worker	starwars;2017-10-30 - 2017-10-30;submitSocial;all;arwin
2017-11-01 05:07:29	worker	jonan;2017-10-30 - 2017-10-30;submitSocial;all;arwin
2017-11-01 05:07:38	worker	pagi;2017-10-30 - 2017-10-30;submitSocial;all;arwin
2017-11-01 05:07:41	worker	sampoerna;2017-10-30 - 2017-10-30;submitSocial;all;arwin
2017-11-01 05:07:43	worker	djarum;2017-10-30 - 2017-10-30;submitSocial;all;arwin
2017-11-01 05:07:45	worker	#semangatpagi;2017-10-30 - 2017-10-30;submitSocial;all;arwin
2017-11-01 05:07:47	worker	#generaksi8;2017-10-30 - 2017-10-30;submitSocial;all;arwin
2017-11-01 05:07:49	worker	#365alasan;2017-10-30 - 2017-10-30;submitSocial;all;arwin
2017-11-01 05:07:52	worker	weew;2017-10-30 - 2017-10-30;submitSocial;all;arwin
2017-11-01 05:08:00	worker	testing;2017-10-30 - 2017-10-30;submitSocial;all;arwin
2017-11-01 05:08:02	worker	#kopaja;2017-10-30 - 2017-10-30;submitSocial;all;arwin
2017-11-01 05:08:04	worker	#genkuisinsideout;2017-10-30 - 2017-10-30;submitSocial;all;arwin
2017-11-01 05:08:07	worker	starwars;2017-10-30 - 2017-10-30;submitSocial;all;arwin
2017-11-01 05:08:09	worker	#kopaja;2017-10-30 - 2017-10-30;submitSocial;all;arwin
2017-11-01 05:08:12	worker	mldspot;2017-10-30 - 2017-10-30;submitSocial;all;arwin
2017-11-01 05:08:14	worker	PBDjarum;2017-10-30 - 2017-10-30;submitSocial;all;arwin
2017-11-01 05:08:16	worker	TemanNabati;2017-10-30 - 2017-10-30;submitSocial;all;arwin
2017-11-01 05:08:19	worker	Nextar;2017-10-30 - 2017-10-30;submitSocial;all;arwin
2017-11-01 05:08:22	worker	jokowo;2017-10-30 - 2017-10-30;submitSocial;all;arwin
2017-11-01 05:08:25	worker	prabowo;2017-10-30 - 2017-10-30;submitSocial;all;arwin
2017-11-01 05:08:27	worker	sudirman said;2017-10-30 - 2017-10-30;submitSocial;all;arwin
2017-11-01 05:08:35	worker	ahok;2017-10-30 - 2017-10-30;submitSocial;all;arwin
2017-11-01 05:08:37	worker	setyanovanto;2017-10-30 - 2017-10-30;submitSocial;all;arwin
2017-11-01 05:08:43	worker	jokowi;2017-10-30 - 2017-10-30;submitSocial;all;arwin
2017-11-01 05:08:50	worker	ahok;2017-10-30 - 2017-10-30;submitSocial;all;arwin
2017-11-01 05:08:53	worker	prabowo;2017-10-30 - 2017-10-30;submitSocial;all;arwin
2017-11-01 05:08:55	worker	sudirman said;2017-10-30 - 2017-10-30;submitSocial;all;arwin
2017-11-01 05:08:57	worker	setyanovanto;2017-10-30 - 2017-10-30;submitSocial;all;arwin
2017-11-01 05:09:02	worker	galau;2017-10-30 - 2017-10-30;submitSocial;all;arwin
2017-11-01 05:09:04	worker	#prestasiindonesia;2017-10-30 - 2017-10-30;submitSocial;all;arwin
2017-11-01 05:09:06	worker	@Tw_Debi;2017-10-30 - 2017-10-30;submitSocial;all;arwin
2017-11-01 05:09:08	worker	@OfficialFastron;2017-10-30 - 2017-10-30;submitSocial;all;arwin
2017-11-01 05:09:11	worker	@CitibankID;2017-10-30 - 2017-10-30;submitSocial;all;arwin
2017-11-01 05:09:13	worker	@jak101fm;2017-10-30 - 2017-10-30;submitSocial;all;arwin
2017-11-01 05:09:15	worker	@genfm;2017-10-30 - 2017-10-30;submitSocial;all;arwin
