2017-11-16 05:00:06	worker	@987genfm;2017-11-14 - 2017-11-14;submitSocial;all;arwin
2017-11-16 05:00:09	worker	@101jakfm;2017-11-14 - 2017-11-14;submitSocial;all;arwin
2017-11-16 05:00:11	worker	@prambors;2017-11-14 - 2017-11-14;submitSocial;all;arwin
2017-11-16 05:00:14	worker	@hardrockfm;2017-11-14 - 2017-11-14;submitSocial;all;arwin
2017-11-16 05:00:16	worker	@kisfmjakarta;2017-11-14 - 2017-11-14;submitSocial;all;arwin
2017-11-16 05:00:19	worker	@delta_fm;2017-11-14 - 2017-11-14;submitSocial;all;arwin
2017-11-16 05:00:21	worker	@traxfmjkt;2017-11-14 - 2017-11-14;submitSocial;all;arwin
2017-11-16 05:00:23	worker	@iradiojakarta;2017-11-14 - 2017-11-14;submitSocial;all;arwin
2017-11-16 05:00:26	worker	@indika9160fm;2017-11-14 - 2017-11-14;submitSocial;all;arwin
2017-11-16 05:00:28	worker	@shellindonesia;2017-11-14 - 2017-11-14;submitSocial;all;arwin
2017-11-16 05:00:30	worker	@vpowerfans;2017-11-14 - 2017-11-14;submitSocial;all;arwin
2017-11-16 05:00:32	worker	@pertamaxind;2017-11-14 - 2017-11-14;submitSocial;all;arwin
2017-11-16 05:00:34	worker	@ptpertamina;2017-11-14 - 2017-11-14;submitSocial;all;arwin
2017-11-16 05:00:37	worker	@OZRadioJakarta;2017-11-14 - 2017-11-14;submitSocial;all;arwin
2017-11-16 05:00:39	worker	@CosmopolitanFM;2017-11-14 - 2017-11-14;submitSocial;all;arwin
2017-11-16 05:00:41	worker	@mustang88fm;2017-11-14 - 2017-11-14;submitSocial;all;arwin
2017-11-16 05:00:43	worker	@debabaz;2017-11-14 - 2017-11-14;submitSocial;all;arwin
2017-11-16 05:00:48	worker	@detikcom;2017-11-14 - 2017-11-14;submitSocial;all;arwin
2017-11-16 05:00:51	worker	@radioelshinta;2017-11-14 - 2017-11-14;submitSocial;all;arwin
2017-11-16 05:00:53	worker	@cinema21;2017-11-14 - 2017-11-14;submitSocial;all;arwin
2017-11-16 05:00:55	worker	@OfficialRCTI;2017-11-14 - 2017-11-14;submitSocial;all;arwin
2017-11-16 05:00:58	worker	@TRANSTV_CORP;2017-11-14 - 2017-11-14;submitSocial;all;arwin
2017-11-16 05:01:00	worker	@TRANS7;2017-11-14 - 2017-11-14;submitSocial;all;arwin
2017-11-16 05:01:04	worker	@Metro_TV;2017-11-14 - 2017-11-14;submitSocial;all;arwin
2017-11-16 05:01:07	worker	@tvOneNews;2017-11-14 - 2017-11-14;submitSocial;all;arwin
2017-11-16 05:01:09	worker	@whatsonANTV;2017-11-14 - 2017-11-14;submitSocial;all;arwin
2017-11-16 05:01:13	worker	@SCTV_;2017-11-14 - 2017-11-14;submitSocial;all;arwin
2017-11-16 05:01:15	worker	@KompasTV;2017-11-14 - 2017-11-14;submitSocial;all;arwin
2017-11-16 05:01:18	worker	@netmediatama;2017-11-14 - 2017-11-14;submitSocial;all;arwin
2017-11-16 05:01:20	worker	@Globaltvseru;2017-11-14 - 2017-11-14;submitSocial;all;arwin
2017-11-16 05:01:22	worker	@JaktvCom;2017-11-14 - 2017-11-14;submitSocial;all;arwin
2017-11-16 05:01:24	worker	@TVRINasional;2017-11-14 - 2017-11-14;submitSocial;all;arwin
2017-11-16 05:01:26	worker	@ochannelupdates;2017-11-14 - 2017-11-14;submitSocial;all;arwin
2017-11-16 05:01:29	worker	@IndosiarID;2017-11-14 - 2017-11-14;submitSocial;all;arwin
2017-11-16 05:01:35	worker	@kompascom;2017-11-14 - 2017-11-14;submitSocial;all;arwin
2017-11-16 05:01:38	worker	@merdekadotcom;2017-11-14 - 2017-11-14;submitSocial;all;arwin
2017-11-16 05:01:40	worker	@MIdotcom;2017-11-14 - 2017-11-14;submitSocial;all;arwin
2017-11-16 05:01:43	worker	@tempodotco;2017-11-14 - 2017-11-14;submitSocial;all;arwin
2017-11-16 05:01:45	worker	@motion975fm;2017-11-14 - 2017-11-14;submitSocial;all;arwin
2017-11-16 05:01:47	worker	@_radiotoday;2017-11-14 - 2017-11-14;submitSocial;all;arwin
2017-11-16 05:01:49	worker	@radioinfo;2017-11-14 - 2017-11-14;submitSocial;all;arwin
2017-11-16 05:01:51	worker	@979FeMaleRadio;2017-11-14 - 2017-11-14;submitSocial;all;arwin
2017-11-16 05:01:53	worker	@WomanRadio943FM;2017-11-14 - 2017-11-14;submitSocial;all;arwin
2017-11-16 05:01:55	worker	@VRadioFM;2017-11-14 - 2017-11-14;submitSocial;all;arwin
2017-11-16 05:01:57	worker	@UFM947;2017-11-14 - 2017-11-14;submitSocial;all;arwin
2017-11-16 05:01:59	worker	@VIVAnews;2017-11-14 - 2017-11-14;submitSocial;all;arwin
2017-11-16 05:02:02	worker	@antaranews;2017-11-14 - 2017-11-14;submitSocial;all;arwin
2017-11-16 05:02:05	worker	@tribunnews;2017-11-14 - 2017-11-14;submitSocial;all;arwin
2017-11-16 05:02:07	worker	@okezonenews;2017-11-14 - 2017-11-14;submitSocial;all;arwin
2017-11-16 05:02:09	worker	@Beritasatu;2017-11-14 - 2017-11-14;submitSocial;all;arwin
2017-11-16 05:02:11	worker	@rollingstoneina;2017-11-14 - 2017-11-14;submitSocial;all;arwin
2017-11-16 05:02:14	worker	@FIMELAdotcom;2017-11-14 - 2017-11-14;submitSocial;all;arwin
2017-11-16 05:02:16	worker	@KapanLagicom;2017-11-14 - 2017-11-14;submitSocial;all;arwin
2017-11-16 05:02:18	worker	@KompasEnt ;2017-11-14 - 2017-11-14;submitSocial;all;arwin
2017-11-16 05:02:20	worker	@HaiMagazine;2017-11-14 - 2017-11-14;submitSocial;all;arwin
2017-11-16 05:02:22	worker	@JakartaVenue;2017-11-14 - 2017-11-14;submitSocial;all;arwin
2017-11-16 05:02:25	worker	@SeputarEvent;2017-11-14 - 2017-11-14;submitSocial;all;arwin
2017-11-16 05:02:27	worker	@ismayaLive;2017-11-14 - 2017-11-14;submitSocial;all;arwin
2017-11-16 05:02:29	worker	@ECEntertainment;2017-11-14 - 2017-11-14;submitSocial;all;arwin
2017-11-16 05:02:31	worker	@synergism_En;2017-11-14 - 2017-11-14;submitSocial;all;arwin
2017-11-16 05:02:33	worker	@Urbanbandung;2017-11-14 - 2017-11-14;submitSocial;all;arwin
2017-11-16 05:02:34	worker	@Urbanrkm995;2017-11-14 - 2017-11-14;submitSocial;all;arwin
2017-11-16 05:02:37	worker	@Garuda_Promo;2017-11-14 - 2017-11-14;submitSocial;all;arwin
2017-11-16 05:02:39	worker	@AirAsiaID;2017-11-14 - 2017-11-14;submitSocial;all;arwin
2017-11-16 05:02:41	worker	@KAI121;2017-11-14 - 2017-11-14;submitSocial;all;arwin
2017-11-16 05:02:44	worker	@Unilever;2017-11-14 - 2017-11-14;submitSocial;all;arwin
2017-11-16 05:02:46	worker	@Nestle;2017-11-14 - 2017-11-14;submitSocial;all;arwin
2017-11-16 05:02:49	worker	@CocaCola;2017-11-14 - 2017-11-14;submitSocial;all;arwin
2017-11-16 05:02:57	worker	@CNN;2017-11-14 - 2017-11-14;submitSocial;all;arwin
2017-11-16 05:03:02	worker	@MTV;2017-11-14 - 2017-11-14;submitSocial;all;arwin
2017-11-16 05:03:04	worker	@channelv;2017-11-14 - 2017-11-14;submitSocial;all;arwin
2017-11-16 05:03:06	worker	@iTunesMusic;2017-11-14 - 2017-11-14;submitSocial;all;arwin
2017-11-16 05:03:11	worker	@mashable;2017-11-14 - 2017-11-14;submitSocial;all;arwin
2017-11-16 05:03:13	worker	@decacaz;2017-11-14 - 2017-11-14;submitSocial;all;arwin
2017-11-16 05:03:15	worker	@radiobaru967FM;2017-11-14 - 2017-11-14;submitSocial;all;arwin
2017-11-16 05:03:17	worker	@967HitzFM;2017-11-14 - 2017-11-14;submitSocial;all;arwin
2017-11-16 05:03:19	worker	@TVGuide;2017-11-14 - 2017-11-14;submitSocial;all;arwin
2017-11-16 05:03:22	worker	@XL123;2017-11-14 - 2017-11-14;submitSocial;all;arwin
2017-11-16 05:03:24	worker	@triindonesia;2017-11-14 - 2017-11-14;submitSocial;all;arwin
2017-11-16 05:03:27	worker	@kaskus;2017-11-14 - 2017-11-14;submitSocial;all;arwin
2017-11-16 05:03:29	worker	@Studio_XXI;2017-11-14 - 2017-11-14;submitSocial;all;arwin
2017-11-16 05:03:31	worker	@blitzmegaplex;2017-11-14 - 2017-11-14;submitSocial;all;arwin
2017-11-16 05:03:33	worker	@alfamartku;2017-11-14 - 2017-11-14;submitSocial;all;arwin
2017-11-16 05:03:35	worker	@Carrefour_ID;2017-11-14 - 2017-11-14;submitSocial;all;arwin
2017-11-16 05:03:38	worker	@BBCBreaking;2017-11-14 - 2017-11-14;submitSocial;all;arwin
2017-11-16 05:03:46	worker	@Forbes;2017-11-14 - 2017-11-14;submitSocial;all;arwin
2017-11-16 05:03:48	worker	@BensRadio;2017-11-14 - 2017-11-14;submitSocial;all;arwin
2017-11-16 05:03:53	worker	@instagram;2017-11-14 - 2017-11-14;submitSocial;all;arwin
2017-11-16 05:03:56	worker	@Pinterest;2017-11-14 - 2017-11-14;submitSocial;all;arwin
2017-11-16 05:04:02	worker	@google;2017-11-14 - 2017-11-14;submitSocial;all;arwin
2017-11-16 05:04:04	worker	@Pertaminalub;2017-11-14 - 2017-11-14;submitSocial;all;arwin
2017-11-16 05:04:06	worker	@InfoLalinTol;2017-11-14 - 2017-11-14;submitSocial;all;arwin
2017-11-16 05:04:09	worker	@PTJASAMARGA;2017-11-14 - 2017-11-14;submitSocial;all;arwin
2017-11-16 05:04:11	worker	@cititransindo;2017-11-14 - 2017-11-14;submitSocial;all;arwin
2017-11-16 05:04:13	worker	#semangatpagisuperr;2017-11-14 - 2017-11-14;submitSocial;all;arwin
2017-11-16 05:04:14	worker	#genkuisinsideout;2017-11-14 - 2017-11-14;submitSocial;all;arwin
2017-11-16 05:04:16	worker	#semangatpagi;2017-11-14 - 2017-11-14;submitSocial;all;arwin
2017-11-16 05:04:19	worker	#dikamar;2017-11-14 - 2017-11-14;submitSocial;all;arwin
2017-11-16 05:04:21	worker	#kopaja;2017-11-14 - 2017-11-14;submitSocial;all;arwin
2017-11-16 05:04:23	worker	#generaksi8;2017-11-14 - 2017-11-14;submitSocial;all;arwin
2017-11-16 05:04:25	worker	#hitztsp;2017-11-14 - 2017-11-14;submitSocial;all;arwin
2017-11-16 05:04:28	worker	#np;2017-11-14 - 2017-11-14;submitSocial;all;arwin
2017-11-16 05:04:30	worker	#hitzlivestage;2017-11-14 - 2017-11-14;submitSocial;all;arwin
2017-11-16 05:04:32	worker	#thefreaks;2017-11-14 - 2017-11-14;submitSocial;all;arwin
2017-11-16 05:04:34	worker	#hitzsirkuspagi;2017-11-14 - 2017-11-14;submitSocial;all;arwin
2017-11-16 05:04:36	worker	#hitzathlon;2017-11-14 - 2017-11-14;submitSocial;all;arwin
2017-11-16 05:04:38	worker	#hitzzombie;2017-11-14 - 2017-11-14;submitSocial;all;arwin
2017-11-16 05:04:40	worker	#hitzkalong;2017-11-14 - 2017-11-14;submitSocial;all;arwin
2017-11-16 05:04:42	worker	#hitzbebas;2017-11-14 - 2017-11-14;submitSocial;all;arwin
2017-11-16 05:04:44	worker	#hitzhorehara;2017-11-14 - 2017-11-14;submitSocial;all;arwin
2017-11-16 05:04:46	worker	@ZaloraID;2017-11-14 - 2017-11-14;submitSocial;all;arwin
2017-11-16 05:04:48	worker	@OLX_Indonesia;2017-11-14 - 2017-11-14;submitSocial;all;arwin
2017-11-16 05:04:51	worker	@LazadaID;2017-11-14 - 2017-11-14;submitSocial;all;arwin
2017-11-16 05:04:53	worker	@utrippers;2017-11-14 - 2017-11-14;submitSocial;all;arwin
2017-11-16 05:04:55	worker	@GoGobot;2017-11-14 - 2017-11-14;submitSocial;all;arwin
2017-11-16 05:04:58	worker	@viatortravel;2017-11-14 - 2017-11-14;submitSocial;all;arwin
2017-11-16 05:05:00	worker	@alandakariza;2017-11-14 - 2017-11-14;submitSocial;all;arwin
2017-11-16 05:05:02	worker	@gagasmedia;2017-11-14 - 2017-11-14;submitSocial;all;arwin
2017-11-16 05:05:05	worker	@welovehonda;2017-11-14 - 2017-11-14;submitSocial;all;arwin
2017-11-16 05:05:07	worker	@SuzukiMotorID;2017-11-14 - 2017-11-14;submitSocial;all;arwin
2017-11-16 05:05:09	worker	@kawasakilovers;2017-11-14 - 2017-11-14;submitSocial;all;arwin
2017-11-16 05:05:12	worker	@yamahaindonesia;2017-11-14 - 2017-11-14;submitSocial;all;arwin
2017-11-16 05:05:14	worker	@tripanzee;2017-11-14 - 2017-11-14;submitSocial;all;arwin
2017-11-16 05:05:16	worker	@arnoldpoernomo;2017-11-14 - 2017-11-14;submitSocial;all;arwin
2017-11-16 05:05:19	worker	@nicsap;2017-11-14 - 2017-11-14;submitSocial;all;arwin
2017-11-16 05:05:21	worker	@tiket2;2017-11-14 - 2017-11-14;submitSocial;all;arwin
2017-11-16 05:05:26	worker	@traveloka;2017-11-14 - 2017-11-14;submitSocial;all;arwin
2017-11-16 05:05:29	worker	@wego;2017-11-14 - 2017-11-14;submitSocial;all;arwin
2017-11-16 05:05:32	worker	@agoda;2017-11-14 - 2017-11-14;submitSocial;all;arwin
2017-11-16 05:05:34	worker	#salahsambung;2017-11-14 - 2017-11-14;submitSocial;all;arwin
2017-11-16 05:05:36	worker	#tulalit;2017-11-14 - 2017-11-14;submitSocial;all;arwin
2017-11-16 05:05:38	worker	#pestageneraksi8;2017-11-14 - 2017-11-14;submitSocial;all;arwin
2017-11-16 05:05:40	worker	#ganaskustik;2017-11-14 - 2017-11-14;submitSocial;all;arwin
2017-11-16 05:05:41	worker	#lnhot20;2017-11-14 - 2017-11-14;submitSocial;all;arwin
2017-11-16 05:05:44	worker	@TripAdvisor;2017-11-14 - 2017-11-14;submitSocial;all;arwin
2017-11-16 05:05:51	worker	@google;2017-11-14 - 2017-11-14;submitSocial;all;arwin
2017-11-16 05:05:54	worker	@Telkomsel;2017-11-14 - 2017-11-14;submitSocial;all;arwin
2017-11-16 05:05:56	worker	@indosat;2017-11-14 - 2017-11-14;submitSocial;all;arwin
2017-11-16 05:05:59	worker	@bahanafmjkt;2017-11-14 - 2017-11-14;submitSocial;all;2017-11-16 05:06:03	worker	@sonorafm92;2017-11-14 - 2017-11-14;submitSocial;all;arwin
2017-11-16 05:06:05	worker	@litefm1058;2017-11-14 - 2017-11-14;submitSocial;all;arwin
2017-11-16 05:06:07	worker	@Bravaradio;2017-11-14 - 2017-11-14;submitSocial;all;arwin
2017-11-16 05:06:10	worker	#dgitm;2017-11-14 - 2017-11-14;submitSocial;all;arwin
2017-11-16 05:06:12	worker	#hitsalaprambors;2017-11-14 - 2017-11-14;submitSocial;all;arwin
2017-11-16 05:06:14	worker	#reqprambors;2017-11-14 - 2017-11-14;submitSocial;all;arwin
2017-11-16 05:06:16	worker	#thedandees;2017-11-14 - 2017-11-14;submitSocial;all;arwin
2017-11-16 05:06:18	worker	#pramborsquiz;2017-11-14 - 2017-11-14;submitSocial;all;arwin
2017-11-16 05:06:20	worker	#jeliprambors;2017-11-14 - 2017-11-14;submitSocial;all;arwin
2017-11-16 05:06:22	worker	#jodohinprambors;2017-11-14 - 2017-11-14;submitSocial;all;arwin
2017-11-16 05:06:23	worker	#ubahdenganbicara;2017-11-14 - 2017-11-14;submitSocial;all;arwin
2017-11-16 05:06:26	worker	#pramborschat;2017-11-14 - 2017-11-14;submitSocial;all;arwin
2017-11-16 05:06:28	worker	#tweetforduit;2017-11-14 - 2017-11-14;submitSocial;all;arwin
2017-11-16 05:06:29	worker	#joki3in1;2017-11-14 - 2017-11-14;submitSocial;all;arwin
2017-11-16 05:06:32	worker	#sarapanseru;2017-11-14 - 2017-11-14;submitSocial;all;arwin
2017-11-16 05:06:34	worker	#rawonkaneloop;2017-11-14 - 2017-11-14;submitSocial;all;arwin
2017-11-16 05:06:36	worker	#gudegkendilkeraton;2017-11-14 - 2017-11-14;submitSocial;all;arwin
2017-11-16 05:06:38	worker	#gadogadobutika;2017-11-14 - 2017-11-14;submitSocial;all;arwin
2017-11-16 05:06:40	worker	#mtvhottest;2017-11-14 - 2017-11-14;submitSocial;all;arwin
2017-11-16 05:06:42	worker	#dimsumcjdw;2017-11-14 - 2017-11-14;submitSocial;all;arwin
2017-11-16 05:06:44	worker	#pecelmadiunmbakniek;2017-11-14 - 2017-11-14;submitSocial;all;arwin
2017-11-16 05:06:46	worker	#depotarema;2017-11-14 - 2017-11-14;submitSocial;all;arwin
2017-11-16 05:06:48	worker	@BNI46;2017-11-14 - 2017-11-14;submitSocial;all;arwin
2017-11-16 05:06:50	worker	@BANKBRI_ID;2017-11-14 - 2017-11-14;submitSocial;all;arwin
2017-11-16 05:06:52	worker	#bni46;2017-11-14 - 2017-11-14;submitSocial;all;arwin
2017-11-16 05:06:56	worker	macet;2017-11-14 - 2017-11-14;submitSocial;all;arwin
2017-11-16 05:06:58	worker	#selamatpagi;2017-11-14 - 2017-11-14;submitSocial;all;arwin
2017-11-16 05:07:00	worker	#selamatmalam;2017-11-14 - 2017-11-14;submitSocial;all;arwin
2017-11-16 05:07:02	worker	@884GlobalRadio;2017-11-14 - 2017-11-14;submitSocial;all;arwin
2017-11-16 05:07:04	worker	@day_trans;2017-11-14 - 2017-11-14;submitSocial;all;arwin
2017-11-16 05:07:07	worker	@kencanavoyage;2017-11-14 - 2017-11-14;submitSocial;all;arwin
2017-11-16 05:07:09	worker	@jukebox5d;2017-11-14 - 2017-11-14;submitSocial;all;arwin
2017-11-16 05:07:11	worker	#mtvhottest;2017-11-14 - 2017-11-14;submitSocial;all;arwin
2017-11-16 05:07:13	worker	#semangatpagi;2017-11-14 - 2017-11-14;submitSocial;all;arwin
2017-11-16 05:07:16	worker	lifebuoy;2017-11-14 - 2017-11-14;submitSocial;all;arwin
2017-11-16 05:07:23	worker	jokowi;2017-11-14 - 2017-11-14;submitSocial;all;arwin
2017-11-16 05:07:31	worker	obama;2017-11-14 - 2017-11-14;submitSocial;all;arwin
2017-11-16 05:07:33	worker	starwars;2017-11-14 - 2017-11-14;submitSocial;all;arwin
2017-11-16 05:07:37	worker	jonan;2017-11-14 - 2017-11-14;submitSocial;all;arwin
2017-11-16 05:07:45	worker	pagi;2017-11-14 - 2017-11-14;submitSocial;all;arwin
2017-11-16 05:07:48	worker	sampoerna;2017-11-14 - 2017-11-14;submitSocial;all;arwin
2017-11-16 05:07:50	worker	djarum;2017-11-14 - 2017-11-14;submitSocial;all;arwin
2017-11-16 05:07:52	worker	#semangatpagi;2017-11-14 - 2017-11-14;submitSocial;all;arwin
2017-11-16 05:07:54	worker	#generaksi8;2017-11-14 - 2017-11-14;submitSocial;all;arwin
2017-11-16 05:07:56	worker	#365alasan;2017-11-14 - 2017-11-14;submitSocial;all;arwin
2017-11-16 05:07:59	worker	weew;2017-11-14 - 2017-11-14;submitSocial;all;arwin
2017-11-16 05:08:06	worker	testing;2017-11-14 - 2017-11-14;submitSocial;all;arwin
2017-11-16 05:08:08	worker	#kopaja;2017-11-14 - 2017-11-14;submitSocial;all;arwin
2017-11-16 05:08:10	worker	#genkuisinsideout;2017-11-14 - 2017-11-14;submitSocial;all;arwin
2017-11-16 05:08:13	worker	starwars;2017-11-14 - 2017-11-14;submitSocial;all;arwin
2017-11-16 05:08:15	worker	#kopaja;2017-11-14 - 2017-11-14;submitSocial;all;arwin
2017-11-16 05:08:18	worker	mldspot;2017-11-14 - 2017-11-14;submitSocial;all;arwin
2017-11-16 05:08:20	worker	PBDjarum;2017-11-14 - 2017-11-14;submitSocial;all;arwin
2017-11-16 05:08:22	worker	TemanNabati;2017-11-14 - 2017-11-14;submitSocial;all;arwin
2017-11-16 05:08:25	worker	Nextar;2017-11-14 - 2017-11-14;submitSocial;all;arwin
2017-11-16 05:08:28	worker	jokowo;2017-11-14 - 2017-11-14;submitSocial;all;arwin
2017-11-16 05:08:30	worker	prabowo;2017-11-14 - 2017-11-14;submitSocial;all;arwin
2017-11-16 05:08:33	worker	sudirman said;2017-11-14 - 2017-11-14;submitSocial;all;arwin
2017-11-16 05:08:37	worker	ahok;2017-11-14 - 2017-11-14;submitSocial;all;arwin
2017-11-16 05:08:40	worker	setyanovanto;2017-11-14 - 2017-11-14;submitSocial;all;arwin
2017-11-16 05:08:46	worker	jokowi;2017-11-14 - 2017-11-14;submitSocial;all;arwin
2017-11-16 05:08:51	worker	ahok;2017-11-14 - 2017-11-14;submitSocial;all;arwin
2017-11-16 05:08:53	worker	prabowo;2017-11-14 - 2017-11-14;submitSocial;all;arwin
2017-11-16 05:08:56	worker	sudirman said;2017-11-14 - 2017-11-14;submitSocial;all;arwin
2017-11-16 05:08:58	worker	setyanovanto;2017-11-14 - 2017-11-14;submitSocial;all;arwin
2017-11-16 05:09:01	worker	galau;2017-11-14 - 2017-11-14;submitSocial;all;arwin
2017-11-16 05:09:03	worker	#prestasiindonesia;2017-11-14 - 2017-11-14;submitSocial;all;arwin
2017-11-16 05:09:05	worker	@Tw_Debi;2017-11-14 - 2017-11-14;submitSocial;all;arwin
2017-11-16 05:09:08	worker	@OfficialFastron;2017-11-14 - 2017-11-14;submitSocial;all;arwin
2017-11-16 05:09:10	worker	@CitibankID;2017-11-14 - 2017-11-14;submitSocial;all;arwin
2017-11-16 05:09:12	worker	@jak101fm;2017-11-14 - 2017-11-14;submitSocial;all;arwin
2017-11-16 05:09:15	worker	@genfm;2017-11-14 - 2017-11-14;submitSocial;all;arwin
