2017-08-17 05:00:07	worker	@987genfm;2017-08-15 - 2017-08-15;submitSocial;all;arwin
2017-08-17 05:00:10	worker	@101jakfm;2017-08-15 - 2017-08-15;submitSocial;all;arwin
2017-08-17 05:00:13	worker	@prambors;2017-08-15 - 2017-08-15;submitSocial;all;arwin
2017-08-17 05:00:16	worker	@hardrockfm;2017-08-15 - 2017-08-15;submitSocial;all;arwin
2017-08-17 05:00:19	worker	@kisfmjakarta;2017-08-15 - 2017-08-15;submitSocial;all;arwin
2017-08-17 05:00:21	worker	@delta_fm;2017-08-15 - 2017-08-15;submitSocial;all;arwin
2017-08-17 05:00:24	worker	@traxfmjkt;2017-08-15 - 2017-08-15;submitSocial;all;arwin
2017-08-17 05:00:26	worker	@iradiojakarta;2017-08-15 - 2017-08-15;submitSocial;all;arwin
2017-08-17 05:00:28	worker	@indika9160fm;2017-08-15 - 2017-08-15;submitSocial;all;arwin
2017-08-17 05:00:31	worker	@shellindonesia;2017-08-15 - 2017-08-15;submitSocial;all;arwin
2017-08-17 05:00:33	worker	@vpowerfans;2017-08-15 - 2017-08-15;submitSocial;all;arwin
2017-08-17 05:00:36	worker	@pertamaxind;2017-08-15 - 2017-08-15;submitSocial;all;arwin
2017-08-17 05:00:39	worker	@ptpertamina;2017-08-15 - 2017-08-15;submitSocial;all;arwin
2017-08-17 05:00:41	worker	@OZRadioJakarta;2017-08-15 - 2017-08-15;submitSocial;all;arwin
2017-08-17 05:00:44	worker	@CosmopolitanFM;2017-08-15 - 2017-08-15;submitSocial;all;arwin
2017-08-17 05:00:46	worker	@mustang88fm;2017-08-15 - 2017-08-15;submitSocial;all;arwin
2017-08-17 05:00:48	worker	@debabaz;2017-08-15 - 2017-08-15;submitSocial;all;arwin
2017-08-17 05:00:54	worker	@detikcom;2017-08-15 - 2017-08-15;submitSocial;all;arwin
2017-08-17 05:00:57	worker	@radioelshinta;2017-08-15 - 2017-08-15;submitSocial;all;arwin
2017-08-17 05:00:59	worker	@cinema21;2017-08-15 - 2017-08-15;submitSocial;all;arwin
2017-08-17 05:01:02	worker	@OfficialRCTI;2017-08-15 - 2017-08-15;submitSocial;all;arwin
2017-08-17 05:01:04	worker	@TRANSTV_CORP;2017-08-15 - 2017-08-15;submitSocial;all;arwin
2017-08-17 05:01:06	worker	@TRANS7;2017-08-15 - 2017-08-15;submitSocial;all;arwin
2017-08-17 05:01:11	worker	@Metro_TV;2017-08-15 - 2017-08-15;submitSocial;all;arwin
2017-08-17 05:01:14	worker	@tvOneNews;2017-08-15 - 2017-08-15;submitSocial;all;arwin
2017-08-17 05:01:17	worker	@whatsonANTV;2017-08-15 - 2017-08-15;submitSocial;all;arwin
2017-08-17 05:01:20	worker	@SCTV_;2017-08-15 - 2017-08-15;submitSocial;all;arwin
2017-08-17 05:01:23	worker	@KompasTV;2017-08-15 - 2017-08-15;submitSocial;all;arwin
2017-08-17 05:01:26	worker	@netmediatama;2017-08-15 - 2017-08-15;submitSocial;all;arwin
2017-08-17 05:01:29	worker	@Globaltvseru;2017-08-15 - 2017-08-15;submitSocial;all;arwin
2017-08-17 05:01:31	worker	@JaktvCom;2017-08-15 - 2017-08-15;submitSocial;all;arwin
2017-08-17 05:01:34	worker	@TVRINasional;2017-08-15 - 2017-08-15;submitSocial;all;arwin
2017-08-17 05:01:36	worker	@ochannelupdates;2017-08-15 - 2017-08-15;submitSocial;all;arwin
2017-08-17 05:01:39	worker	@IndosiarID;2017-08-15 - 2017-08-15;submitSocial;all;arwin
2017-08-17 05:01:44	worker	@kompascom;2017-08-15 - 2017-08-15;submitSocial;all;arwin
2017-08-17 05:01:46	worker	@merdekadotcom;2017-08-15 - 2017-08-15;submitSocial;all;arwin
2017-08-17 05:01:49	worker	@MIdotcom;2017-08-15 - 2017-08-15;submitSocial;all;arwin
2017-08-17 05:01:52	worker	@tempodotco;2017-08-15 - 2017-08-15;submitSocial;all;arwin
2017-08-17 05:01:54	worker	@motion975fm;2017-08-15 - 2017-08-15;submitSocial;all;arwin
2017-08-17 05:01:56	worker	@_radiotoday;2017-08-15 - 2017-08-15;submitSocial;all;arwin
2017-08-17 05:01:59	worker	@radioinfo;2017-08-15 - 2017-08-15;submitSocial;all;arwin
2017-08-17 05:02:01	worker	@979FeMaleRadio;2017-08-15 - 2017-08-15;submitSocial;all;arwin
2017-08-17 05:02:04	worker	@WomanRadio943FM;2017-08-15 - 2017-08-15;submitSocial;all;arwin
2017-08-17 05:02:06	worker	@VRadioFM;2017-08-15 - 2017-08-15;submitSocial;all;arwin
2017-08-17 05:02:08	worker	@UFM947;2017-08-15 - 2017-08-15;submitSocial;all;arwin
2017-08-17 05:02:11	worker	@VIVAnews;2017-08-15 - 2017-08-15;submitSocial;all;arwin
2017-08-17 05:02:13	worker	@antaranews;2017-08-15 - 2017-08-15;submitSocial;all;arwin
2017-08-17 05:02:17	worker	@tribunnews;2017-08-15 - 2017-08-15;submitSocial;all;arwin
2017-08-17 05:02:19	worker	@okezonenews;2017-08-15 - 2017-08-15;submitSocial;all;arwin
2017-08-17 05:02:22	worker	@Beritasatu;2017-08-15 - 2017-08-15;submitSocial;all;arwin
2017-08-17 05:02:24	worker	@rollingstoneina;2017-08-15 - 2017-08-15;submitSocial;all;arwin
2017-08-17 05:02:26	worker	@FIMELAdotcom;2017-08-15 - 2017-08-15;submitSocial;all;arwin
2017-08-17 05:02:29	worker	@KapanLagicom;2017-08-15 - 2017-08-15;submitSocial;all;arwin
2017-08-17 05:02:31	worker	@KompasEnt ;2017-08-15 - 2017-08-15;submitSocial;all;arwin
2017-08-17 05:02:34	worker	@HaiMagazine;2017-08-15 - 2017-08-15;submitSocial;all;arwin
2017-08-17 05:02:37	worker	@JakartaVenue;2017-08-15 - 2017-08-15;submitSocial;all;arwin
2017-08-17 05:02:40	worker	@SeputarEvent;2017-08-15 - 2017-08-15;submitSocial;all;arwin
2017-08-17 05:02:43	worker	@ismayaLive;2017-08-15 - 2017-08-15;submitSocial;all;arwin
2017-08-17 05:02:45	worker	@ECEntertainment;2017-08-15 - 2017-08-15;submitSocial;all;arwin
2017-08-17 05:02:48	worker	@synergism_En;2017-08-15 - 2017-08-15;submitSocial;all;arwin
2017-08-17 05:02:50	worker	@Urbanbandung;2017-08-15 - 2017-08-15;submitSocial;all;arwin
2017-08-17 05:02:52	worker	@Urbanrkm995;2017-08-15 - 2017-08-15;submitSocial;all;arwin
2017-08-17 05:02:55	worker	@Garuda_Promo;2017-08-15 - 2017-08-15;submitSocial;all;arwin
2017-08-17 05:02:57	worker	@AirAsiaID;2017-08-15 - 2017-08-15;submitSocial;all;arwin
2017-08-17 05:03:00	worker	@KAI121;2017-08-15 - 2017-08-15;submitSocial;all;arwin
2017-08-17 05:03:03	worker	@Unilever;2017-08-15 - 2017-08-15;submitSocial;all;arwin
2017-08-17 05:03:06	worker	@Nestle;2017-08-15 - 2017-08-15;submitSocial;all;arwin
2017-08-17 05:03:09	worker	@CocaCola;2017-08-15 - 2017-08-15;submitSocial;all;arwin
2017-08-17 05:03:18	worker	@CNN;2017-08-15 - 2017-08-15;submitSocial;all;arwin
2017-08-17 05:03:24	worker	@MTV;2017-08-15 - 2017-08-15;submitSocial;all;arwin
2017-08-17 05:03:26	worker	@channelv;2017-08-15 - 2017-08-15;submitSocial;all;arwin
2017-08-17 05:03:29	worker	@iTunesMusic;2017-08-15 - 2017-08-15;submitSocial;all;arwin
2017-08-17 05:03:33	worker	@mashable;2017-08-15 - 2017-08-15;submitSocial;all;arwin
2017-08-17 05:03:35	worker	@decacaz;2017-08-15 - 2017-08-15;submitSocial;all;arwin
2017-08-17 05:03:37	worker	@radiobaru967FM;2017-08-15 - 2017-08-15;submitSocial;all;arwin
2017-08-17 05:03:40	worker	@967HitzFM;2017-08-15 - 2017-08-15;submitSocial;all;arwin
2017-08-17 05:03:43	worker	@TVGuide;2017-08-15 - 2017-08-15;submitSocial;all;arwin
2017-08-17 05:03:45	worker	@XL123;2017-08-15 - 2017-08-15;submitSocial;all;arwin
2017-08-17 05:03:48	worker	@triindonesia;2017-08-15 - 2017-08-15;submitSocial;all;arwin
2017-08-17 05:03:51	worker	@kaskus;2017-08-15 - 2017-08-15;submitSocial;all;arwin
2017-08-17 05:03:53	worker	@Studio_XXI;2017-08-15 - 2017-08-15;submitSocial;all;arwin
2017-08-17 05:03:56	worker	@blitzmegaplex;2017-08-15 - 2017-08-15;submitSocial;all;arwin
2017-08-17 05:03:58	worker	@alfamartku;2017-08-15 - 2017-08-15;submitSocial;all;arwin
2017-08-17 05:04:01	worker	@Carrefour_ID;2017-08-15 - 2017-08-15;submitSocial;all;arwin
2017-08-17 05:04:06	worker	@BBCBreaking;2017-08-15 - 2017-08-15;submitSocial;all;arwin
2017-08-17 05:04:14	worker	@Forbes;2017-08-15 - 2017-08-15;submitSocial;all;arwin
2017-08-17 05:04:16	worker	@BensRadio;2017-08-15 - 2017-08-15;submitSocial;all;arwin
2017-08-17 05:04:24	worker	@instagram;2017-08-15 - 2017-08-15;submitSocial;all;arwin
2017-08-17 05:04:27	worker	@Pinterest;2017-08-15 - 2017-08-15;submitSocial;all;arwin
2017-08-17 05:04:38	worker	@google;2017-08-15 - 2017-08-15;submitSocial;all;arwin
2017-08-17 05:04:40	worker	@Pertaminalub;2017-08-15 - 2017-08-15;submitSocial;all;arwin
2017-08-17 05:04:43	worker	@InfoLalinTol;2017-08-15 - 2017-08-15;submitSocial;all;arwin
2017-08-17 05:04:45	worker	@PTJASAMARGA;2017-08-15 - 2017-08-15;submitSocial;all;arwin
2017-08-17 05:04:47	worker	@cititransindo;2017-08-15 - 2017-08-15;submitSocial;all;arwin
2017-08-17 05:04:50	worker	#semangatpagisuperr;2017-08-15 - 2017-08-15;submitSocial;all;arwin
2017-08-17 05:04:52	worker	#genkuisinsideout;2017-08-15 - 2017-08-15;submitSocial;all;arwin
2017-08-17 05:04:54	worker	#semangatpagi;2017-08-15 - 2017-08-15;submitSocial;all;arwin
2017-08-17 05:04:56	worker	#dikamar;2017-08-15 - 2017-08-15;submitSocial;all;arwin
2017-08-17 05:04:59	worker	#kopaja;2017-08-15 - 2017-08-15;submitSocial;all;arwin
2017-08-17 05:05:01	worker	#generaksi8;2017-08-15 - 2017-08-15;submitSocial;all;arwin
2017-08-17 05:05:04	worker	#hitztsp;2017-08-15 - 2017-08-15;submitSocial;all;arwin
2017-08-17 05:05:07	worker	#np;2017-08-15 - 2017-08-15;submitSocial;all;arwin
2017-08-17 05:05:10	worker	#hitzlivestage;2017-08-15 - 2017-08-15;submitSocial;all;arwin
2017-08-17 05:05:12	worker	#thefreaks;2017-08-15 - 2017-08-15;submitSocial;all;arwin
2017-08-17 05:05:14	worker	#hitzsirkuspagi;2017-08-15 - 2017-08-15;submitSocial;all;arwin
2017-08-17 05:05:17	worker	#hitzathlon;2017-08-15 - 2017-08-15;submitSocial;all;arwin
2017-08-17 05:05:19	worker	#hitzzombie;2017-08-15 - 2017-08-15;submitSocial;all;arwin
2017-08-17 05:05:21	worker	#hitzkalong;2017-08-15 - 2017-08-15;submitSocial;all;arwin
2017-08-17 05:05:24	worker	#hitzbebas;2017-08-15 - 2017-08-15;submitSocial;all;arwin
2017-08-17 05:05:26	worker	#hitzhorehara;2017-08-15 - 2017-08-15;submitSocial;all;arwin
2017-08-17 05:05:28	worker	@ZaloraID;2017-08-15 - 2017-08-15;submitSocial;all;arwin
2017-08-17 05:05:31	worker	@OLX_Indonesia;2017-08-15 - 2017-08-15;submitSocial;all;arwin
2017-08-17 05:05:34	worker	@LazadaID;2017-08-15 - 2017-08-15;submitSocial;all;arwin
2017-08-17 05:05:37	worker	@utrippers;2017-08-15 - 2017-08-15;submitSocial;all;arwin
2017-08-17 05:05:39	worker	@GoGobot;2017-08-15 - 2017-08-15;submitSocial;all;arwin
2017-08-17 05:05:42	worker	@viatortravel;2017-08-15 - 2017-08-15;submitSocial;all;arwin
2017-08-17 05:05:44	worker	@alandakariza;2017-08-15 - 2017-08-15;submitSocial;all;arwin
2017-08-17 05:05:46	worker	@gagasmedia;2017-08-15 - 2017-08-15;submitSocial;all;arwin
2017-08-17 05:05:49	worker	@welovehonda;2017-08-15 - 2017-08-15;submitSocial;all;arwin
2017-08-17 05:05:51	worker	@SuzukiMotorID;2017-08-15 - 2017-08-15;submitSocial;all;arwin
2017-08-17 05:05:54	worker	@kawasakilovers;2017-08-15 - 2017-08-15;submitSocial;all;arwin
2017-08-17 05:05:56	worker	@yamahaindonesia;2017-08-15 - 2017-08-15;submitSocial;all;arwin
2017-08-17 05:05:58	worker	@tripanzee;2017-08-15 - 2017-08-15;submitSocial;all;arwin
2017-08-17 05:06:01	worker	@arnoldpoernomo;2017-08-15 - 2017-08-15;submitSocial;all;arwin
2017-08-17 05:06:04	worker	@nicsap;2017-08-15 - 2017-08-15;submitSocial;all;arwin
2017-08-17 05:06:06	worker	@tiket2;2017-08-15 - 2017-08-15;submitSocial;all;arwin
2017-08-17 05:06:08	worker	@traveloka;2017-08-15 - 2017-08-15;submitSocial;all;arwin
2017-08-17 05:06:12	worker	@wego;2017-08-15 - 2017-08-15;submitSocial;all;arwin
2017-08-17 05:06:15	worker	@agoda;2017-08-15 - 2017-08-15;submitSocial;all;arwin
2017-08-17 05:06:17	worker	#salahsambung;2017-08-15 - 2017-08-15;submitSocial;all;arwin
2017-08-17 05:06:20	worker	#tulalit;2017-08-15 - 2017-08-15;submitSocial;all;arwin
2017-08-17 05:06:22	worker	#pestageneraksi8;2017-08-15 - 2017-08-15;submitSocial;all;arwin
2017-08-17 05:06:24	worker	#ganaskustik;2017-08-15 - 2017-08-15;submitSocial;all;arwin
2017-08-17 05:06:26	worker	#lnhot20;2017-08-15 - 2017-08-15;submitSocial;all;arwin
2017-08-17 05:06:29	worker	@TripAdvisor;2017-08-15 - 2017-08-15;submitSocial;all;arwin
2017-08-17 05:06:40	worker	@google;2017-08-15 - 2017-08-15;submitSocial;all;arwin
2017-08-17 05:06:43	worker	@Telkomsel;2017-08-15 - 2017-08-15;submitSocial;all;arwin
2017-08-17 05:06:46	worker	@indosat;2017-08-15 - 2017-08-15;submitSocial;all;arwin
2017-08-17 05:06:49	worker	@bahanafmjkt;2017-08-15 - 2017-08-15;submitSocial;all;2017-08-17 05:06:54	worker	@sonorafm92;2017-08-15 - 2017-08-15;submitSocial;all;arwin
2017-08-17 05:06:56	worker	@litefm1058;2017-08-15 - 2017-08-15;submitSocial;all;arwin
2017-08-17 05:06:58	worker	@Bravaradio;2017-08-15 - 2017-08-15;submitSocial;all;arwin
2017-08-17 05:07:01	worker	#dgitm;2017-08-15 - 2017-08-15;submitSocial;all;arwin
2017-08-17 05:07:03	worker	#hitsalaprambors;2017-08-15 - 2017-08-15;submitSocial;all;arwin
2017-08-17 05:07:06	worker	#reqprambors;2017-08-15 - 2017-08-15;submitSocial;all;arwin
2017-08-17 05:07:08	worker	#thedandees;2017-08-15 - 2017-08-15;submitSocial;all;arwin
2017-08-17 05:07:10	worker	#pramborsquiz;2017-08-15 - 2017-08-15;submitSocial;all;arwin
2017-08-17 05:07:12	worker	#jeliprambors;2017-08-15 - 2017-08-15;submitSocial;all;arwin
2017-08-17 05:07:14	worker	#jodohinprambors;2017-08-15 - 2017-08-15;submitSocial;all;arwin
2017-08-17 05:07:16	worker	#ubahdenganbicara;2017-08-15 - 2017-08-15;submitSocial;all;arwin
2017-08-17 05:07:19	worker	#pramborschat;2017-08-15 - 2017-08-15;submitSocial;all;arwin
2017-08-17 05:07:21	worker	#tweetforduit;2017-08-15 - 2017-08-15;submitSocial;all;arwin
2017-08-17 05:07:23	worker	#joki3in1;2017-08-15 - 2017-08-15;submitSocial;all;arwin
2017-08-17 05:07:26	worker	#sarapanseru;2017-08-15 - 2017-08-15;submitSocial;all;arwin
2017-08-17 05:07:28	worker	#rawonkaneloop;2017-08-15 - 2017-08-15;submitSocial;all;arwin
2017-08-17 05:07:30	worker	#gudegkendilkeraton;2017-08-15 - 2017-08-15;submitSocial;all;arwin
2017-08-17 05:07:32	worker	#gadogadobutika;2017-08-15 - 2017-08-15;submitSocial;all;arwin
2017-08-17 05:07:35	worker	#mtvhottest;2017-08-15 - 2017-08-15;submitSocial;all;arwin
2017-08-17 05:07:37	worker	#dimsumcjdw;2017-08-15 - 2017-08-15;submitSocial;all;arwin
2017-08-17 05:07:39	worker	#pecelmadiunmbakniek;2017-08-15 - 2017-08-15;submitSocial;all;arwin
2017-08-17 05:07:42	worker	#depotarema;2017-08-15 - 2017-08-15;submitSocial;all;arwin
2017-08-17 05:07:44	worker	@BNI46;2017-08-15 - 2017-08-15;submitSocial;all;arwin
2017-08-17 05:07:47	worker	@BANKBRI_ID;2017-08-15 - 2017-08-15;submitSocial;all;arwin
2017-08-17 05:07:49	worker	#bni46;2017-08-15 - 2017-08-15;submitSocial;all;arwin
2017-08-17 05:07:53	worker	macet;2017-08-15 - 2017-08-15;submitSocial;all;arwin
2017-08-17 05:07:55	worker	#selamatpagi;2017-08-15 - 2017-08-15;submitSocial;all;arwin
2017-08-17 05:07:57	worker	#selamatmalam;2017-08-15 - 2017-08-15;submitSocial;all;arwin
2017-08-17 05:08:00	worker	@884GlobalRadio;2017-08-15 - 2017-08-15;submitSocial;all;arwin
2017-08-17 05:08:02	worker	@day_trans;2017-08-15 - 2017-08-15;submitSocial;all;arwin
2017-08-17 05:08:05	worker	@kencanavoyage;2017-08-15 - 2017-08-15;submitSocial;all;arwin
2017-08-17 05:08:07	worker	@jukebox5d;2017-08-15 - 2017-08-15;submitSocial;all;arwin
2017-08-17 05:08:09	worker	#mtvhottest;2017-08-15 - 2017-08-15;submitSocial;all;arwin
2017-08-17 05:08:11	worker	#semangatpagi;2017-08-15 - 2017-08-15;submitSocial;all;arwin
2017-08-17 05:08:14	worker	lifebuoy;2017-08-15 - 2017-08-15;submitSocial;all;arwin
2017-08-17 05:08:20	worker	jokowi;2017-08-15 - 2017-08-15;submitSocial;all;arwin
2017-08-17 05:08:29	worker	obama;2017-08-15 - 2017-08-15;submitSocial;all;arwin
2017-08-17 05:08:32	worker	starwars;2017-08-15 - 2017-08-15;submitSocial;all;arwin
2017-08-17 05:08:36	worker	jonan;2017-08-15 - 2017-08-15;submitSocial;all;arwin
2017-08-17 05:08:45	worker	pagi;2017-08-15 - 2017-08-15;submitSocial;all;arwin
2017-08-17 05:08:47	worker	sampoerna;2017-08-15 - 2017-08-15;submitSocial;all;arwin
2017-08-17 05:08:50	worker	djarum;2017-08-15 - 2017-08-15;submitSocial;all;arwin
2017-08-17 05:08:52	worker	#semangatpagi;2017-08-15 - 2017-08-15;submitSocial;all;arwin
2017-08-17 05:08:55	worker	#generaksi8;2017-08-15 - 2017-08-15;submitSocial;all;arwin
2017-08-17 05:08:57	worker	#365alasan;2017-08-15 - 2017-08-15;submitSocial;all;arwin
2017-08-17 05:09:00	worker	weew;2017-08-15 - 2017-08-15;submitSocial;all;arwin
2017-08-17 05:09:09	worker	testing;2017-08-15 - 2017-08-15;submitSocial;all;arwin
2017-08-17 05:09:12	worker	#kopaja;2017-08-15 - 2017-08-15;submitSocial;all;arwin
2017-08-17 05:09:14	worker	#genkuisinsideout;2017-08-15 - 2017-08-15;submitSocial;all;arwin
2017-08-17 05:09:17	worker	starwars;2017-08-15 - 2017-08-15;submitSocial;all;arwin
2017-08-17 05:09:20	worker	#kopaja;2017-08-15 - 2017-08-15;submitSocial;all;arwin
2017-08-17 05:09:22	worker	mldspot;2017-08-15 - 2017-08-15;submitSocial;all;arwin
2017-08-17 05:09:25	worker	PBDjarum;2017-08-15 - 2017-08-15;submitSocial;all;arwin
2017-08-17 05:09:28	worker	TemanNabati;2017-08-15 - 2017-08-15;submitSocial;all;arwin
2017-08-17 05:09:31	worker	Nextar;2017-08-15 - 2017-08-15;submitSocial;all;arwin
2017-08-17 05:09:34	worker	jokowo;2017-08-15 - 2017-08-15;submitSocial;all;arwin
2017-08-17 05:09:39	worker	prabowo;2017-08-15 - 2017-08-15;submitSocial;all;arwin
2017-08-17 05:09:41	worker	sudirman said;2017-08-15 - 2017-08-15;submitSocial;all;arwin
2017-08-17 05:09:48	worker	ahok;2017-08-15 - 2017-08-15;submitSocial;all;arwin
2017-08-17 05:09:51	worker	setyanovanto;2017-08-15 - 2017-08-15;submitSocial;all;arwin
2017-08-17 05:09:57	worker	jokowi;2017-08-15 - 2017-08-15;submitSocial;all;arwin
2017-08-17 05:10:05	worker	ahok;2017-08-15 - 2017-08-15;submitSocial;all;arwin
2017-08-17 05:10:08	worker	prabowo;2017-08-15 - 2017-08-15;submitSocial;all;arwin
2017-08-17 05:10:11	worker	sudirman said;2017-08-15 - 2017-08-15;submitSocial;all;arwin
2017-08-17 05:10:13	worker	setyanovanto;2017-08-15 - 2017-08-15;submitSocial;all;arwin
2017-08-17 05:10:22	worker	galau;2017-08-15 - 2017-08-15;submitSocial;all;arwin
2017-08-17 05:10:24	worker	#prestasiindonesia;2017-08-15 - 2017-08-15;submitSocial;all;arwin
2017-08-17 05:10:27	worker	@Tw_Debi;2017-08-15 - 2017-08-15;submitSocial;all;arwin
2017-08-17 05:10:29	worker	@OfficialFastron;2017-08-15 - 2017-08-15;submitSocial;all;arwin
2017-08-17 05:10:34	worker	@CitibankID;2017-08-15 - 2017-08-15;submitSocial;all;arwin
2017-08-17 05:10:37	worker	@jak101fm;2017-08-15 - 2017-08-15;submitSocial;all;arwin
2017-08-17 05:10:40	worker	@genfm;2017-08-15 - 2017-08-15;submitSocial;all;arwin
