2017-04-04 05:00:05	worker	@987genfm;2017-04-02 - 2017-04-02;submitSocial;all;arwin
2017-04-04 05:00:08	worker	@101jakfm;2017-04-02 - 2017-04-02;submitSocial;all;arwin
2017-04-04 05:00:11	worker	@prambors;2017-04-02 - 2017-04-02;submitSocial;all;arwin
2017-04-04 05:00:14	worker	@hardrockfm;2017-04-02 - 2017-04-02;submitSocial;all;arwin
2017-04-04 05:00:17	worker	@kisfmjakarta;2017-04-02 - 2017-04-02;submitSocial;all;arwin
2017-04-04 05:00:20	worker	@delta_fm;2017-04-02 - 2017-04-02;submitSocial;all;arwin
2017-04-04 05:00:22	worker	@traxfmjkt;2017-04-02 - 2017-04-02;submitSocial;all;arwin
2017-04-04 05:00:25	worker	@iradiojakarta;2017-04-02 - 2017-04-02;submitSocial;all;arwin
2017-04-04 05:00:28	worker	@indika9160fm;2017-04-02 - 2017-04-02;submitSocial;all;arwin
2017-04-04 05:00:30	worker	@shellindonesia;2017-04-02 - 2017-04-02;submitSocial;all;arwin
2017-04-04 05:00:33	worker	@vpowerfans;2017-04-02 - 2017-04-02;submitSocial;all;arwin
2017-04-04 05:00:35	worker	@pertamaxind;2017-04-02 - 2017-04-02;submitSocial;all;arwin
2017-04-04 05:00:38	worker	@ptpertamina;2017-04-02 - 2017-04-02;submitSocial;all;arwin
2017-04-04 05:00:41	worker	@OZRadioJakarta;2017-04-02 - 2017-04-02;submitSocial;all;arwin
2017-04-04 05:00:43	worker	@CosmopolitanFM;2017-04-02 - 2017-04-02;submitSocial;all;arwin
2017-04-04 05:00:46	worker	@mustang88fm;2017-04-02 - 2017-04-02;submitSocial;all;arwin
2017-04-04 05:00:48	worker	@debabaz;2017-04-02 - 2017-04-02;submitSocial;all;arwin
2017-04-04 05:00:52	worker	@detikcom;2017-04-02 - 2017-04-02;submitSocial;all;arwin
2017-04-04 05:00:55	worker	@radioelshinta;2017-04-02 - 2017-04-02;submitSocial;all;arwin
2017-04-04 05:00:58	worker	@cinema21;2017-04-02 - 2017-04-02;submitSocial;all;arwin
2017-04-04 05:01:01	worker	@OfficialRCTI;2017-04-02 - 2017-04-02;submitSocial;all;arwin
2017-04-04 05:01:04	worker	@TRANSTV_CORP;2017-04-02 - 2017-04-02;submitSocial;all;arwin
2017-04-04 05:01:07	worker	@TRANS7;2017-04-02 - 2017-04-02;submitSocial;all;arwin
2017-04-04 05:01:11	worker	@Metro_TV;2017-04-02 - 2017-04-02;submitSocial;all;arwin
2017-04-04 05:01:14	worker	@tvOneNews;2017-04-02 - 2017-04-02;submitSocial;all;arwin
2017-04-04 05:01:17	worker	@whatsonANTV;2017-04-02 - 2017-04-02;submitSocial;all;arwin
2017-04-04 05:01:21	worker	@SCTV_;2017-04-02 - 2017-04-02;submitSocial;all;arwin
2017-04-04 05:01:25	worker	@KompasTV;2017-04-02 - 2017-04-02;submitSocial;all;arwin
2017-04-04 05:01:28	worker	@netmediatama;2017-04-02 - 2017-04-02;submitSocial;all;arwin
2017-04-04 05:01:31	worker	@Globaltvseru;2017-04-02 - 2017-04-02;submitSocial;all;arwin
2017-04-04 05:01:34	worker	@JaktvCom;2017-04-02 - 2017-04-02;submitSocial;all;arwin
2017-04-04 05:01:36	worker	@TVRINasional;2017-04-02 - 2017-04-02;submitSocial;all;arwin
2017-04-04 05:01:39	worker	@ochannelupdates;2017-04-02 - 2017-04-02;submitSocial;all;arwin
2017-04-04 05:01:43	worker	@IndosiarID;2017-04-02 - 2017-04-02;submitSocial;all;arwin
2017-04-04 05:01:47	worker	@kompascom;2017-04-02 - 2017-04-02;submitSocial;all;arwin
2017-04-04 05:01:49	worker	@merdekadotcom;2017-04-02 - 2017-04-02;submitSocial;all;arwin
2017-04-04 05:01:52	worker	@MIdotcom;2017-04-02 - 2017-04-02;submitSocial;all;arwin
2017-04-04 05:01:55	worker	@tempodotco;2017-04-02 - 2017-04-02;submitSocial;all;arwin
2017-04-04 05:01:58	worker	@motion975fm;2017-04-02 - 2017-04-02;submitSocial;all;arwin
2017-04-04 05:02:00	worker	@_radiotoday;2017-04-02 - 2017-04-02;submitSocial;all;arwin
2017-04-04 05:02:03	worker	@radioinfo;2017-04-02 - 2017-04-02;submitSocial;all;arwin
2017-04-04 05:02:06	worker	@979FeMaleRadio;2017-04-02 - 2017-04-02;submitSocial;all;arwin
2017-04-04 05:02:08	worker	@WomanRadio943FM;2017-04-02 - 2017-04-02;submitSocial;all;arwin
2017-04-04 05:02:11	worker	@VRadioFM;2017-04-02 - 2017-04-02;submitSocial;all;arwin
2017-04-04 05:02:13	worker	@UFM947;2017-04-02 - 2017-04-02;submitSocial;all;arwin
2017-04-04 05:02:16	worker	@VIVAnews;2017-04-02 - 2017-04-02;submitSocial;all;arwin
2017-04-04 05:02:19	worker	@antaranews;2017-04-02 - 2017-04-02;submitSocial;all;arwin
2017-04-04 05:02:22	worker	@tribunnews;2017-04-02 - 2017-04-02;submitSocial;all;arwin
2017-04-04 05:02:25	worker	@okezonenews;2017-04-02 - 2017-04-02;submitSocial;all;arwin
2017-04-04 05:02:27	worker	@Beritasatu;2017-04-02 - 2017-04-02;submitSocial;all;arwin
2017-04-04 05:02:30	worker	@rollingstoneina;2017-04-02 - 2017-04-02;submitSocial;all;arwin
2017-04-04 05:02:32	worker	@FIMELAdotcom;2017-04-02 - 2017-04-02;submitSocial;all;arwin
2017-04-04 05:02:35	worker	@KapanLagicom;2017-04-02 - 2017-04-02;submitSocial;all;arwin
2017-04-04 05:02:38	worker	@KompasEnt ;2017-04-02 - 2017-04-02;submitSocial;all;arwin
2017-04-04 05:02:40	worker	@HaiMagazine;2017-04-02 - 2017-04-02;submitSocial;all;arwin
2017-04-04 05:02:43	worker	@JakartaVenue;2017-04-02 - 2017-04-02;submitSocial;all;arwin
2017-04-04 05:02:46	worker	@SeputarEvent;2017-04-02 - 2017-04-02;submitSocial;all;arwin
2017-04-04 05:02:48	worker	@ismayaLive;2017-04-02 - 2017-04-02;submitSocial;all;arwin
2017-04-04 05:02:50	worker	@ECEntertainment;2017-04-02 - 2017-04-02;submitSocial;all;arwin
2017-04-04 05:02:53	worker	@synergism_En;2017-04-02 - 2017-04-02;submitSocial;all;arwin
2017-04-04 05:02:55	worker	@Urbanbandung;2017-04-02 - 2017-04-02;submitSocial;all;arwin
2017-04-04 05:02:57	worker	@Urbanrkm995;2017-04-02 - 2017-04-02;submitSocial;all;arwin
2017-04-04 05:03:00	worker	@Garuda_Promo;2017-04-02 - 2017-04-02;submitSocial;all;arwin
2017-04-04 05:03:03	worker	@AirAsiaID;2017-04-02 - 2017-04-02;submitSocial;all;arwin
2017-04-04 05:03:06	worker	@KAI121;2017-04-02 - 2017-04-02;submitSocial;all;arwin
2017-04-04 05:03:09	worker	@Unilever;2017-04-02 - 2017-04-02;submitSocial;all;arwin
2017-04-04 05:03:12	worker	@Nestle;2017-04-02 - 2017-04-02;submitSocial;all;arwin
2017-04-04 05:03:16	worker	@CocaCola;2017-04-02 - 2017-04-02;submitSocial;all;arwin
2017-04-04 05:03:22	worker	@CNN;2017-04-02 - 2017-04-02;submitSocial;all;arwin
2017-04-04 05:03:26	worker	@MTV;2017-04-02 - 2017-04-02;submitSocial;all;arwin
2017-04-04 05:03:28	worker	@channelv;2017-04-02 - 2017-04-02;submitSocial;all;arwin
2017-04-04 05:03:31	worker	@iTunesMusic;2017-04-02 - 2017-04-02;submitSocial;all;arwin
2017-04-04 05:03:35	worker	@mashable;2017-04-02 - 2017-04-02;submitSocial;all;arwin
2017-04-04 05:03:38	worker	@decacaz;2017-04-02 - 2017-04-02;submitSocial;all;arwin
2017-04-04 05:03:40	worker	@radiobaru967FM;2017-04-02 - 2017-04-02;submitSocial;all;arwin
2017-04-04 05:03:43	worker	@967HitzFM;2017-04-02 - 2017-04-02;submitSocial;all;arwin
2017-04-04 05:03:46	worker	@TVGuide;2017-04-02 - 2017-04-02;submitSocial;all;arwin
2017-04-04 05:03:49	worker	@XL123;2017-04-02 - 2017-04-02;submitSocial;all;arwin
2017-04-04 05:03:52	worker	@triindonesia;2017-04-02 - 2017-04-02;submitSocial;all;arwin
2017-04-04 05:03:55	worker	@kaskus;2017-04-02 - 2017-04-02;submitSocial;all;arwin
2017-04-04 05:03:58	worker	@Studio_XXI;2017-04-02 - 2017-04-02;submitSocial;all;arwin
2017-04-04 05:04:00	worker	@blitzmegaplex;2017-04-02 - 2017-04-02;submitSocial;all;arwin
2017-04-04 05:04:02	worker	@alfamartku;2017-04-02 - 2017-04-02;submitSocial;all;arwin
2017-04-04 05:04:05	worker	@Carrefour_ID;2017-04-02 - 2017-04-02;submitSocial;all;arwin
2017-04-04 05:04:09	worker	@BBCBreaking;2017-04-02 - 2017-04-02;submitSocial;all;arwin
2017-04-04 05:04:14	worker	@Forbes;2017-04-02 - 2017-04-02;submitSocial;all;arwin
2017-04-04 05:04:17	worker	@BensRadio;2017-04-02 - 2017-04-02;submitSocial;all;arwin
2017-04-04 05:04:22	worker	@instagram;2017-04-02 - 2017-04-02;submitSocial;all;arwin
2017-04-04 05:04:25	worker	@Pinterest;2017-04-02 - 2017-04-02;submitSocial;all;arwin
2017-04-04 05:04:32	worker	@google;2017-04-02 - 2017-04-02;submitSocial;all;arwin
2017-04-04 05:04:34	worker	@Pertaminalub;2017-04-02 - 2017-04-02;submitSocial;all;arwin
2017-04-04 05:04:37	worker	@InfoLalinTol;2017-04-02 - 2017-04-02;submitSocial;all;arwin
2017-04-04 05:04:40	worker	@PTJASAMARGA;2017-04-02 - 2017-04-02;submitSocial;all;arwin
2017-04-04 05:04:42	worker	@cititransindo;2017-04-02 - 2017-04-02;submitSocial;all;arwin
2017-04-04 05:04:44	worker	#semangatpagisuperr;2017-04-02 - 2017-04-02;submitSocial;all;arwin
2017-04-04 05:04:47	worker	#genkuisinsideout;2017-04-02 - 2017-04-02;submitSocial;all;arwin
2017-04-04 05:04:49	worker	#semangatpagi;2017-04-02 - 2017-04-02;submitSocial;all;arwin
2017-04-04 05:04:52	worker	#dikamar;2017-04-02 - 2017-04-02;submitSocial;all;arwin
2017-04-04 05:04:55	worker	#kopaja;2017-04-02 - 2017-04-02;submitSocial;all;arwin
2017-04-04 05:04:57	worker	#generaksi8;2017-04-02 - 2017-04-02;submitSocial;all;arwin
2017-04-04 05:05:00	worker	#hitztsp;2017-04-02 - 2017-04-02;submitSocial;all;arwin
2017-04-04 05:05:04	worker	#np;2017-04-02 - 2017-04-02;submitSocial;all;arwin
2017-04-04 05:05:06	worker	#hitzlivestage;2017-04-02 - 2017-04-02;submitSocial;all;arwin
2017-04-04 05:05:09	worker	#thefreaks;2017-04-02 - 2017-04-02;submitSocial;all;arwin
2017-04-04 05:05:12	worker	#hitzsirkuspagi;2017-04-02 - 2017-04-02;submitSocial;all;arwin
2017-04-04 05:05:14	worker	#hitzathlon;2017-04-02 - 2017-04-02;submitSocial;all;arwin
2017-04-04 05:05:17	worker	#hitzzombie;2017-04-02 - 2017-04-02;submitSocial;all;arwin
2017-04-04 05:05:19	worker	#hitzkalong;2017-04-02 - 2017-04-02;submitSocial;all;arwin
2017-04-04 05:05:22	worker	#hitzbebas;2017-04-02 - 2017-04-02;submitSocial;all;arwin
2017-04-04 05:05:25	worker	#hitzhorehara;2017-04-02 - 2017-04-02;submitSocial;all;arwin
2017-04-04 05:05:27	worker	@ZaloraID;2017-04-02 - 2017-04-02;submitSocial;all;arwin
2017-04-04 05:05:30	worker	@OLX_Indonesia;2017-04-02 - 2017-04-02;submitSocial;all;arwin
2017-04-04 05:05:33	worker	@LazadaID;2017-04-02 - 2017-04-02;submitSocial;all;arwin
2017-04-04 05:05:35	worker	@utrippers;2017-04-02 - 2017-04-02;submitSocial;all;arwin
2017-04-04 05:05:38	worker	@GoGobot;2017-04-02 - 2017-04-02;submitSocial;all;arwin
2017-04-04 05:05:41	worker	@viatortravel;2017-04-02 - 2017-04-02;submitSocial;all;arwin
2017-04-04 05:05:43	worker	@alandakariza;2017-04-02 - 2017-04-02;submitSocial;all;arwin
2017-04-04 05:05:46	worker	@gagasmedia;2017-04-02 - 2017-04-02;submitSocial;all;arwin
2017-04-04 05:05:49	worker	@welovehonda;2017-04-02 - 2017-04-02;submitSocial;all;arwin
2017-04-04 05:05:52	worker	@SuzukiMotorID;2017-04-02 - 2017-04-02;submitSocial;all;arwin
2017-04-04 05:05:54	worker	@kawasakilovers;2017-04-02 - 2017-04-02;submitSocial;all;arwin
2017-04-04 05:05:57	worker	@yamahaindonesia;2017-04-02 - 2017-04-02;submitSocial;all;arwin
2017-04-04 05:05:59	worker	@tripanzee;2017-04-02 - 2017-04-02;submitSocial;all;arwin
2017-04-04 05:06:02	worker	@arnoldpoernomo;2017-04-02 - 2017-04-02;submitSocial;all;arwin
2017-04-04 05:06:05	worker	@nicsap;2017-04-02 - 2017-04-02;submitSocial;all;arwin
2017-04-04 05:06:07	worker	@tiket2;2017-04-02 - 2017-04-02;submitSocial;all;arwin
2017-04-04 05:06:10	worker	@traveloka;2017-04-02 - 2017-04-02;submitSocial;all;arwin
2017-04-04 05:06:14	worker	@wego;2017-04-02 - 2017-04-02;submitSocial;all;arwin
2017-04-04 05:06:17	worker	@agoda;2017-04-02 - 2017-04-02;submitSocial;all;arwin
2017-04-04 05:06:19	worker	#salahsambung;2017-04-02 - 2017-04-02;submitSocial;all;arwin
2017-04-04 05:06:22	worker	#tulalit;2017-04-02 - 2017-04-02;submitSocial;all;arwin
2017-04-04 05:06:24	worker	#pestageneraksi8;2017-04-02 - 2017-04-02;submitSocial;all;arwin
2017-04-04 05:06:27	worker	#ganaskustik;2017-04-02 - 2017-04-02;submitSocial;all;arwin
2017-04-04 05:06:29	worker	#lnhot20;2017-04-02 - 2017-04-02;submitSocial;all;arwin
2017-04-04 05:06:32	worker	@TripAdvisor;2017-04-02 - 2017-04-02;submitSocial;all;arwin
2017-04-04 05:06:38	worker	@google;2017-04-02 - 2017-04-02;submitSocial;all;arwin
2017-04-04 05:06:42	worker	@Telkomsel;2017-04-02 - 2017-04-02;submitSocial;all;arwin
2017-04-04 05:06:45	worker	@indosat;2017-04-02 - 2017-04-02;submitSocial;all;arwin
2017-04-04 05:06:49	worker	@bahanafmjkt;2017-04-02 - 2017-04-02;submitSocial;all;2017-04-04 05:06:53	worker	@sonorafm92;2017-04-02 - 2017-04-02;submitSocial;all;arwin
2017-04-04 05:06:55	worker	@litefm1058;2017-04-02 - 2017-04-02;submitSocial;all;arwin
2017-04-04 05:06:57	worker	@Bravaradio;2017-04-02 - 2017-04-02;submitSocial;all;arwin
2017-04-04 05:07:01	worker	#dgitm;2017-04-02 - 2017-04-02;submitSocial;all;arwin
2017-04-04 05:07:03	worker	#hitsalaprambors;2017-04-02 - 2017-04-02;submitSocial;all;arwin
2017-04-04 05:07:06	worker	#reqprambors;2017-04-02 - 2017-04-02;submitSocial;all;arwin
2017-04-04 05:07:08	worker	#thedandees;2017-04-02 - 2017-04-02;submitSocial;all;arwin
2017-04-04 05:07:10	worker	#pramborsquiz;2017-04-02 - 2017-04-02;submitSocial;all;arwin
2017-04-04 05:07:13	worker	#jeliprambors;2017-04-02 - 2017-04-02;submitSocial;all;arwin
2017-04-04 05:07:15	worker	#jodohinprambors;2017-04-02 - 2017-04-02;submitSocial;all;arwin
2017-04-04 05:07:17	worker	#ubahdenganbicara;2017-04-02 - 2017-04-02;submitSocial;all;arwin
2017-04-04 05:07:20	worker	#pramborschat;2017-04-02 - 2017-04-02;submitSocial;all;arwin
2017-04-04 05:07:22	worker	#tweetforduit;2017-04-02 - 2017-04-02;submitSocial;all;arwin
2017-04-04 05:07:25	worker	#joki3in1;2017-04-02 - 2017-04-02;submitSocial;all;arwin
2017-04-04 05:07:27	worker	#sarapanseru;2017-04-02 - 2017-04-02;submitSocial;all;arwin
2017-04-04 05:07:30	worker	#rawonkaneloop;2017-04-02 - 2017-04-02;submitSocial;all;arwin
2017-04-04 05:07:32	worker	#gudegkendilkeraton;2017-04-02 - 2017-04-02;submitSocial;all;arwin
2017-04-04 05:07:34	worker	#gadogadobutika;2017-04-02 - 2017-04-02;submitSocial;all;arwin
2017-04-04 05:07:37	worker	#mtvhottest;2017-04-02 - 2017-04-02;submitSocial;all;arwin
2017-04-04 05:07:40	worker	#dimsumcjdw;2017-04-02 - 2017-04-02;submitSocial;all;arwin
2017-04-04 05:07:42	worker	#pecelmadiunmbakniek;2017-04-02 - 2017-04-02;submitSocial;all;arwin
2017-04-04 05:07:45	worker	#depotarema;2017-04-02 - 2017-04-02;submitSocial;all;arwin
2017-04-04 05:07:48	worker	@BNI46;2017-04-02 - 2017-04-02;submitSocial;all;arwin
2017-04-04 05:07:50	worker	@BANKBRI_ID;2017-04-02 - 2017-04-02;submitSocial;all;arwin
2017-04-04 05:07:53	worker	#bni46;2017-04-02 - 2017-04-02;submitSocial;all;arwin
2017-04-04 05:07:58	worker	macet;2017-04-02 - 2017-04-02;submitSocial;all;arwin
2017-04-04 05:08:00	worker	#selamatpagi;2017-04-02 - 2017-04-02;submitSocial;all;arwin
2017-04-04 05:08:03	worker	#selamatmalam;2017-04-02 - 2017-04-02;submitSocial;all;arwin
2017-04-04 05:08:05	worker	@884GlobalRadio;2017-04-02 - 2017-04-02;submitSocial;all;arwin
2017-04-04 05:08:08	worker	@day_trans;2017-04-02 - 2017-04-02;submitSocial;all;arwin
2017-04-04 05:08:10	worker	@kencanavoyage;2017-04-02 - 2017-04-02;submitSocial;all;arwin
2017-04-04 05:08:13	worker	@jukebox5d;2017-04-02 - 2017-04-02;submitSocial;all;arwin
2017-04-04 05:08:15	worker	#mtvhottest;2017-04-02 - 2017-04-02;submitSocial;all;arwin
2017-04-04 05:08:18	worker	#semangatpagi;2017-04-02 - 2017-04-02;submitSocial;all;arwin
2017-04-04 05:08:21	worker	lifebuoy;2017-04-02 - 2017-04-02;submitSocial;all;arwin
2017-04-04 05:08:28	worker	jokowi;2017-04-02 - 2017-04-02;submitSocial;all;arwin
2017-04-04 05:08:38	worker	obama;2017-04-02 - 2017-04-02;submitSocial;all;arwin
2017-04-04 05:08:41	worker	starwars;2017-04-02 - 2017-04-02;submitSocial;all;arwin
2017-04-04 05:08:45	worker	jonan;2017-04-02 - 2017-04-02;submitSocial;all;arwin
2017-04-04 05:08:54	worker	pagi;2017-04-02 - 2017-04-02;submitSocial;all;arwin
2017-04-04 05:08:57	worker	sampoerna;2017-04-02 - 2017-04-02;submitSocial;all;arwin
2017-04-04 05:09:00	worker	djarum;2017-04-02 - 2017-04-02;submitSocial;all;arwin
2017-04-04 05:09:02	worker	#semangatpagi;2017-04-02 - 2017-04-02;submitSocial;all;arwin
2017-04-04 05:09:04	worker	#generaksi8;2017-04-02 - 2017-04-02;submitSocial;all;arwin
2017-04-04 05:09:07	worker	#365alasan;2017-04-02 - 2017-04-02;submitSocial;all;arwin
2017-04-04 05:09:11	worker	weew;2017-04-02 - 2017-04-02;submitSocial;all;arwin
2017-04-04 05:09:20	worker	testing;2017-04-02 - 2017-04-02;submitSocial;all;arwin
2017-04-04 05:09:23	worker	#kopaja;2017-04-02 - 2017-04-02;submitSocial;all;arwin
2017-04-04 05:09:25	worker	#genkuisinsideout;2017-04-02 - 2017-04-02;submitSocial;all;arwin
2017-04-04 05:09:28	worker	starwars;2017-04-02 - 2017-04-02;submitSocial;all;arwin
2017-04-04 05:09:32	worker	#kopaja;2017-04-02 - 2017-04-02;submitSocial;all;arwin
2017-04-04 05:09:34	worker	mldspot;2017-04-02 - 2017-04-02;submitSocial;all;arwin
2017-04-04 05:09:37	worker	PBDjarum;2017-04-02 - 2017-04-02;submitSocial;all;arwin
2017-04-04 05:09:40	worker	TemanNabati;2017-04-02 - 2017-04-02;submitSocial;all;arwin
2017-04-04 05:09:44	worker	Nextar;2017-04-02 - 2017-04-02;submitSocial;all;arwin
2017-04-04 05:09:47	worker	jokowo;2017-04-02 - 2017-04-02;submitSocial;all;arwin
2017-04-04 05:09:51	worker	prabowo;2017-04-02 - 2017-04-02;submitSocial;all;arwin
2017-04-04 05:09:54	worker	sudirman said;2017-04-02 - 2017-04-02;submitSocial;all;arwin
2017-04-04 05:10:05	worker	ahok;2017-04-02 - 2017-04-02;submitSocial;all;arwin
2017-04-04 05:10:08	worker	setyanovanto;2017-04-02 - 2017-04-02;submitSocial;all;arwin
2017-04-04 05:10:16	worker	jokowi;2017-04-02 - 2017-04-02;submitSocial;all;arwin
2017-04-04 05:10:26	worker	ahok;2017-04-02 - 2017-04-02;submitSocial;all;arwin
2017-04-04 05:10:30	worker	prabowo;2017-04-02 - 2017-04-02;submitSocial;all;arwin
2017-04-04 05:10:33	worker	sudirman said;2017-04-02 - 2017-04-02;submitSocial;all;arwin
2017-04-04 05:10:36	worker	setyanovanto;2017-04-02 - 2017-04-02;submitSocial;all;arwin
2017-04-04 05:10:42	worker	galau;2017-04-02 - 2017-04-02;submitSocial;all;arwin
2017-04-04 05:10:44	worker	#prestasiindonesia;2017-04-02 - 2017-04-02;submitSocial;all;arwin
2017-04-04 05:10:47	worker	@Tw_Debi;2017-04-02 - 2017-04-02;submitSocial;all;arwin
2017-04-04 05:10:49	worker	@OfficialFastron;2017-04-02 - 2017-04-02;submitSocial;all;arwin
2017-04-04 05:10:52	worker	@CitibankID;2017-04-02 - 2017-04-02;submitSocial;all;arwin
2017-04-04 05:10:54	worker	@jak101fm;2017-04-02 - 2017-04-02;submitSocial;all;arwin
2017-04-04 05:10:58	worker	@genfm;2017-04-02 - 2017-04-02;submitSocial;all;arwin
