2017-03-11 05:00:05	worker	@987genfm;2017-03-09 - 2017-03-09;submitSocial;all;arwin
2017-03-11 05:00:08	worker	@101jakfm;2017-03-09 - 2017-03-09;submitSocial;all;arwin
2017-03-11 05:00:12	worker	@prambors;2017-03-09 - 2017-03-09;submitSocial;all;arwin
2017-03-11 05:00:14	worker	@hardrockfm;2017-03-09 - 2017-03-09;submitSocial;all;arwin
2017-03-11 05:00:17	worker	@kisfmjakarta;2017-03-09 - 2017-03-09;submitSocial;all;arwin
2017-03-11 05:00:20	worker	@delta_fm;2017-03-09 - 2017-03-09;submitSocial;all;arwin
2017-03-11 05:00:24	worker	@traxfmjkt;2017-03-09 - 2017-03-09;submitSocial;all;arwin
2017-03-11 05:00:27	worker	@iradiojakarta;2017-03-09 - 2017-03-09;submitSocial;all;arwin
2017-03-11 05:00:29	worker	@indika9160fm;2017-03-09 - 2017-03-09;submitSocial;all;arwin
2017-03-11 05:00:32	worker	@shellindonesia;2017-03-09 - 2017-03-09;submitSocial;all;arwin
2017-03-11 05:00:34	worker	@vpowerfans;2017-03-09 - 2017-03-09;submitSocial;all;arwin
2017-03-11 05:00:37	worker	@pertamaxind;2017-03-09 - 2017-03-09;submitSocial;all;arwin
2017-03-11 05:00:40	worker	@ptpertamina;2017-03-09 - 2017-03-09;submitSocial;all;arwin
2017-03-11 05:00:42	worker	@OZRadioJakarta;2017-03-09 - 2017-03-09;submitSocial;all;arwin
2017-03-11 05:00:45	worker	@CosmopolitanFM;2017-03-09 - 2017-03-09;submitSocial;all;arwin
2017-03-11 05:00:48	worker	@mustang88fm;2017-03-09 - 2017-03-09;submitSocial;all;arwin
2017-03-11 05:00:50	worker	@debabaz;2017-03-09 - 2017-03-09;submitSocial;all;arwin
2017-03-11 05:00:53	worker	@detikcom;2017-03-09 - 2017-03-09;submitSocial;all;arwin
2017-03-11 05:00:56	worker	@radioelshinta;2017-03-09 - 2017-03-09;submitSocial;all;arwin
2017-03-11 05:00:59	worker	@cinema21;2017-03-09 - 2017-03-09;submitSocial;all;arwin
2017-03-11 05:01:02	worker	@OfficialRCTI;2017-03-09 - 2017-03-09;submitSocial;all;arwin
2017-03-11 05:01:05	worker	@TRANSTV_CORP;2017-03-09 - 2017-03-09;submitSocial;all;arwin
2017-03-11 05:01:07	worker	@TRANS7;2017-03-09 - 2017-03-09;submitSocial;all;arwin
2017-03-11 05:01:10	worker	@Metro_TV;2017-03-09 - 2017-03-09;submitSocial;all;arwin
2017-03-11 05:01:13	worker	@tvOneNews;2017-03-09 - 2017-03-09;submitSocial;all;arwin
2017-03-11 05:01:17	worker	@whatsonANTV;2017-03-09 - 2017-03-09;submitSocial;all;arwin
2017-03-11 05:01:20	worker	@SCTV_;2017-03-09 - 2017-03-09;submitSocial;all;arwin
2017-03-11 05:01:23	worker	@KompasTV;2017-03-09 - 2017-03-09;submitSocial;all;arwin
2017-03-11 05:01:27	worker	@netmediatama;2017-03-09 - 2017-03-09;submitSocial;all;arwin
2017-03-11 05:01:30	worker	@Globaltvseru;2017-03-09 - 2017-03-09;submitSocial;all;arwin
2017-03-11 05:01:33	worker	@JaktvCom;2017-03-09 - 2017-03-09;submitSocial;all;arwin
2017-03-11 05:01:35	worker	@TVRINasional;2017-03-09 - 2017-03-09;submitSocial;all;arwin
2017-03-11 05:01:38	worker	@ochannelupdates;2017-03-09 - 2017-03-09;submitSocial;all;arwin
2017-03-11 05:01:41	worker	@IndosiarID;2017-03-09 - 2017-03-09;submitSocial;all;arwin
2017-03-11 05:01:45	worker	@kompascom;2017-03-09 - 2017-03-09;submitSocial;all;arwin
2017-03-11 05:01:47	worker	@merdekadotcom;2017-03-09 - 2017-03-09;submitSocial;all;arwin
2017-03-11 05:01:50	worker	@MIdotcom;2017-03-09 - 2017-03-09;submitSocial;all;arwin
2017-03-11 05:01:53	worker	@tempodotco;2017-03-09 - 2017-03-09;submitSocial;all;arwin
2017-03-11 05:01:56	worker	@motion975fm;2017-03-09 - 2017-03-09;submitSocial;all;arwin
2017-03-11 05:01:58	worker	@_radiotoday;2017-03-09 - 2017-03-09;submitSocial;all;arwin
2017-03-11 05:02:01	worker	@radioinfo;2017-03-09 - 2017-03-09;submitSocial;all;arwin
2017-03-11 05:02:04	worker	@979FeMaleRadio;2017-03-09 - 2017-03-09;submitSocial;all;arwin
2017-03-11 05:02:06	worker	@WomanRadio943FM;2017-03-09 - 2017-03-09;submitSocial;all;arwin
2017-03-11 05:02:09	worker	@VRadioFM;2017-03-09 - 2017-03-09;submitSocial;all;arwin
2017-03-11 05:02:11	worker	@UFM947;2017-03-09 - 2017-03-09;submitSocial;all;arwin
2017-03-11 05:02:14	worker	@VIVAnews;2017-03-09 - 2017-03-09;submitSocial;all;arwin
2017-03-11 05:02:17	worker	@antaranews;2017-03-09 - 2017-03-09;submitSocial;all;arwin
2017-03-11 05:02:20	worker	@tribunnews;2017-03-09 - 2017-03-09;submitSocial;all;arwin
2017-03-11 05:02:23	worker	@okezonenews;2017-03-09 - 2017-03-09;submitSocial;all;arwin
2017-03-11 05:02:26	worker	@Beritasatu;2017-03-09 - 2017-03-09;submitSocial;all;arwin
2017-03-11 05:02:29	worker	@rollingstoneina;2017-03-09 - 2017-03-09;submitSocial;all;arwin
2017-03-11 05:02:31	worker	@FIMELAdotcom;2017-03-09 - 2017-03-09;submitSocial;all;arwin
2017-03-11 05:02:34	worker	@KapanLagicom;2017-03-09 - 2017-03-09;submitSocial;all;arwin
2017-03-11 05:02:37	worker	@KompasEnt ;2017-03-09 - 2017-03-09;submitSocial;all;arwin
2017-03-11 05:02:39	worker	@HaiMagazine;2017-03-09 - 2017-03-09;submitSocial;all;arwin
2017-03-11 05:02:42	worker	@JakartaVenue;2017-03-09 - 2017-03-09;submitSocial;all;arwin
2017-03-11 05:02:44	worker	@SeputarEvent;2017-03-09 - 2017-03-09;submitSocial;all;arwin
2017-03-11 05:02:47	worker	@ismayaLive;2017-03-09 - 2017-03-09;submitSocial;all;arwin
2017-03-11 05:02:49	worker	@ECEntertainment;2017-03-09 - 2017-03-09;submitSocial;all;arwin
2017-03-11 05:02:52	worker	@synergism_En;2017-03-09 - 2017-03-09;submitSocial;all;arwin
2017-03-11 05:02:54	worker	@Urbanbandung;2017-03-09 - 2017-03-09;submitSocial;all;arwin
2017-03-11 05:02:56	worker	@Urbanrkm995;2017-03-09 - 2017-03-09;submitSocial;all;arwin
2017-03-11 05:02:59	worker	@Garuda_Promo;2017-03-09 - 2017-03-09;submitSocial;all;arwin
2017-03-11 05:03:01	worker	@AirAsiaID;2017-03-09 - 2017-03-09;submitSocial;all;arwin
2017-03-11 05:03:04	worker	@KAI121;2017-03-09 - 2017-03-09;submitSocial;all;arwin
2017-03-11 05:03:07	worker	@Unilever;2017-03-09 - 2017-03-09;submitSocial;all;arwin
2017-03-11 05:03:10	worker	@Nestle;2017-03-09 - 2017-03-09;submitSocial;all;arwin
2017-03-11 05:03:13	worker	@CocaCola;2017-03-09 - 2017-03-09;submitSocial;all;arwin
2017-03-11 05:03:21	worker	@CNN;2017-03-09 - 2017-03-09;submitSocial;all;arwin
2017-03-11 05:03:25	worker	@MTV;2017-03-09 - 2017-03-09;submitSocial;all;arwin
2017-03-11 05:03:28	worker	@channelv;2017-03-09 - 2017-03-09;submitSocial;all;arwin
2017-03-11 05:03:30	worker	@iTunesMusic;2017-03-09 - 2017-03-09;submitSocial;all;arwin
2017-03-11 05:03:35	worker	@mashable;2017-03-09 - 2017-03-09;submitSocial;all;arwin
2017-03-11 05:03:37	worker	@decacaz;2017-03-09 - 2017-03-09;submitSocial;all;arwin
2017-03-11 05:03:39	worker	@radiobaru967FM;2017-03-09 - 2017-03-09;submitSocial;all;arwin
2017-03-11 05:03:42	worker	@967HitzFM;2017-03-09 - 2017-03-09;submitSocial;all;arwin
2017-03-11 05:03:46	worker	@TVGuide;2017-03-09 - 2017-03-09;submitSocial;all;arwin
2017-03-11 05:03:48	worker	@XL123;2017-03-09 - 2017-03-09;submitSocial;all;arwin
2017-03-11 05:03:51	worker	@triindonesia;2017-03-09 - 2017-03-09;submitSocial;all;arwin
2017-03-11 05:03:54	worker	@kaskus;2017-03-09 - 2017-03-09;submitSocial;all;arwin
2017-03-11 05:03:56	worker	@Studio_XXI;2017-03-09 - 2017-03-09;submitSocial;all;arwin
2017-03-11 05:03:59	worker	@blitzmegaplex;2017-03-09 - 2017-03-09;submitSocial;all;arwin
2017-03-11 05:04:01	worker	@alfamartku;2017-03-09 - 2017-03-09;submitSocial;all;arwin
2017-03-11 05:04:04	worker	@Carrefour_ID;2017-03-09 - 2017-03-09;submitSocial;all;arwin
2017-03-11 05:04:07	worker	@BBCBreaking;2017-03-09 - 2017-03-09;submitSocial;all;arwin
2017-03-11 05:04:17	worker	@Forbes;2017-03-09 - 2017-03-09;submitSocial;all;arwin
2017-03-11 05:04:19	worker	@BensRadio;2017-03-09 - 2017-03-09;submitSocial;all;arwin
2017-03-11 05:04:25	worker	@instagram;2017-03-09 - 2017-03-09;submitSocial;all;arwin
2017-03-11 05:04:29	worker	@Pinterest;2017-03-09 - 2017-03-09;submitSocial;all;arwin
2017-03-11 05:04:35	worker	@google;2017-03-09 - 2017-03-09;submitSocial;all;arwin
2017-03-11 05:04:38	worker	@Pertaminalub;2017-03-09 - 2017-03-09;submitSocial;all;arwin
2017-03-11 05:04:40	worker	@InfoLalinTol;2017-03-09 - 2017-03-09;submitSocial;all;arwin
2017-03-11 05:04:43	worker	@PTJASAMARGA;2017-03-09 - 2017-03-09;submitSocial;all;arwin
2017-03-11 05:04:45	worker	@cititransindo;2017-03-09 - 2017-03-09;submitSocial;all;arwin
2017-03-11 05:04:48	worker	#semangatpagisuperr;2017-03-09 - 2017-03-09;submitSocial;all;arwin
2017-03-11 05:04:50	worker	#genkuisinsideout;2017-03-09 - 2017-03-09;submitSocial;all;arwin
2017-03-11 05:04:52	worker	#semangatpagi;2017-03-09 - 2017-03-09;submitSocial;all;arwin
2017-03-11 05:04:55	worker	#dikamar;2017-03-09 - 2017-03-09;submitSocial;all;arwin
2017-03-11 05:04:58	worker	#kopaja;2017-03-09 - 2017-03-09;submitSocial;all;arwin
2017-03-11 05:05:00	worker	#generaksi8;2017-03-09 - 2017-03-09;submitSocial;all;arwin
2017-03-11 05:05:03	worker	#hitztsp;2017-03-09 - 2017-03-09;submitSocial;all;arwin
2017-03-11 05:05:07	worker	#np;2017-03-09 - 2017-03-09;submitSocial;all;arwin
2017-03-11 05:05:09	worker	#hitzlivestage;2017-03-09 - 2017-03-09;submitSocial;all;arwin
2017-03-11 05:05:12	worker	#thefreaks;2017-03-09 - 2017-03-09;submitSocial;all;arwin
2017-03-11 05:05:14	worker	#hitzsirkuspagi;2017-03-09 - 2017-03-09;submitSocial;all;arwin
2017-03-11 05:05:17	worker	#hitzathlon;2017-03-09 - 2017-03-09;submitSocial;all;arwin
2017-03-11 05:05:20	worker	#hitzzombie;2017-03-09 - 2017-03-09;submitSocial;all;arwin
2017-03-11 05:05:22	worker	#hitzkalong;2017-03-09 - 2017-03-09;submitSocial;all;arwin
2017-03-11 05:05:25	worker	#hitzbebas;2017-03-09 - 2017-03-09;submitSocial;all;arwin
2017-03-11 05:05:27	worker	#hitzhorehara;2017-03-09 - 2017-03-09;submitSocial;all;arwin
2017-03-11 05:05:30	worker	@ZaloraID;2017-03-09 - 2017-03-09;submitSocial;all;arwin
2017-03-11 05:05:32	worker	@OLX_Indonesia;2017-03-09 - 2017-03-09;submitSocial;all;arwin
2017-03-11 05:05:35	worker	@LazadaID;2017-03-09 - 2017-03-09;submitSocial;all;arwin
2017-03-11 05:05:38	worker	@utrippers;2017-03-09 - 2017-03-09;submitSocial;all;arwin
2017-03-11 05:05:41	worker	@GoGobot;2017-03-09 - 2017-03-09;submitSocial;all;arwin
2017-03-11 05:05:43	worker	@viatortravel;2017-03-09 - 2017-03-09;submitSocial;all;arwin
2017-03-11 05:05:46	worker	@alandakariza;2017-03-09 - 2017-03-09;submitSocial;all;arwin
2017-03-11 05:05:48	worker	@gagasmedia;2017-03-09 - 2017-03-09;submitSocial;all;arwin
2017-03-11 05:05:51	worker	@welovehonda;2017-03-09 - 2017-03-09;submitSocial;all;arwin
2017-03-11 05:05:53	worker	@SuzukiMotorID;2017-03-09 - 2017-03-09;submitSocial;all;arwin
2017-03-11 05:05:56	worker	@kawasakilovers;2017-03-09 - 2017-03-09;submitSocial;all;arwin
2017-03-11 05:05:58	worker	@yamahaindonesia;2017-03-09 - 2017-03-09;submitSocial;all;arwin
2017-03-11 05:06:01	worker	@tripanzee;2017-03-09 - 2017-03-09;submitSocial;all;arwin
2017-03-11 05:06:03	worker	@arnoldpoernomo;2017-03-09 - 2017-03-09;submitSocial;all;arwin
2017-03-11 05:06:06	worker	@nicsap;2017-03-09 - 2017-03-09;submitSocial;all;arwin
2017-03-11 05:06:08	worker	@tiket2;2017-03-09 - 2017-03-09;submitSocial;all;arwin
2017-03-11 05:06:11	worker	@traveloka;2017-03-09 - 2017-03-09;submitSocial;all;arwin
2017-03-11 05:06:15	worker	@wego;2017-03-09 - 2017-03-09;submitSocial;all;arwin
2017-03-11 05:06:18	worker	@agoda;2017-03-09 - 2017-03-09;submitSocial;all;arwin
2017-03-11 05:06:21	worker	#salahsambung;2017-03-09 - 2017-03-09;submitSocial;all;arwin
2017-03-11 05:06:24	worker	#tulalit;2017-03-09 - 2017-03-09;submitSocial;all;arwin
2017-03-11 05:06:25	worker	#pestageneraksi8;2017-03-09 - 2017-03-09;submitSocial;all;arwin
2017-03-11 05:06:28	worker	#ganaskustik;2017-03-09 - 2017-03-09;submitSocial;all;arwin
2017-03-11 05:06:30	worker	#lnhot20;2017-03-09 - 2017-03-09;submitSocial;all;arwin
2017-03-11 05:06:33	worker	@TripAdvisor;2017-03-09 - 2017-03-09;submitSocial;all;arwin
2017-03-11 05:06:39	worker	@google;2017-03-09 - 2017-03-09;submitSocial;all;arwin
2017-03-11 05:06:44	worker	@Telkomsel;2017-03-09 - 2017-03-09;submitSocial;all;arwin
2017-03-11 05:06:47	worker	@indosat;2017-03-09 - 2017-03-09;submitSocial;all;arwin
2017-03-11 05:06:50	worker	@bahanafmjkt;2017-03-09 - 2017-03-09;submitSocial;all;2017-03-11 05:06:55	worker	@sonorafm92;2017-03-09 - 2017-03-09;submitSocial;all;arwin
2017-03-11 05:06:57	worker	@litefm1058;2017-03-09 - 2017-03-09;submitSocial;all;arwin
2017-03-11 05:06:59	worker	@Bravaradio;2017-03-09 - 2017-03-09;submitSocial;all;arwin
2017-03-11 05:07:03	worker	#dgitm;2017-03-09 - 2017-03-09;submitSocial;all;arwin
2017-03-11 05:07:05	worker	#hitsalaprambors;2017-03-09 - 2017-03-09;submitSocial;all;arwin
2017-03-11 05:07:08	worker	#reqprambors;2017-03-09 - 2017-03-09;submitSocial;all;arwin
2017-03-11 05:07:10	worker	#thedandees;2017-03-09 - 2017-03-09;submitSocial;all;arwin
2017-03-11 05:07:12	worker	#pramborsquiz;2017-03-09 - 2017-03-09;submitSocial;all;arwin
2017-03-11 05:07:15	worker	#jeliprambors;2017-03-09 - 2017-03-09;submitSocial;all;arwin
2017-03-11 05:07:17	worker	#jodohinprambors;2017-03-09 - 2017-03-09;submitSocial;all;arwin
2017-03-11 05:07:19	worker	#ubahdenganbicara;2017-03-09 - 2017-03-09;submitSocial;all;arwin
2017-03-11 05:07:22	worker	#pramborschat;2017-03-09 - 2017-03-09;submitSocial;all;arwin
2017-03-11 05:07:24	worker	#tweetforduit;2017-03-09 - 2017-03-09;submitSocial;all;arwin
2017-03-11 05:07:27	worker	#joki3in1;2017-03-09 - 2017-03-09;submitSocial;all;arwin
2017-03-11 05:07:29	worker	#sarapanseru;2017-03-09 - 2017-03-09;submitSocial;all;arwin
2017-03-11 05:07:31	worker	#rawonkaneloop;2017-03-09 - 2017-03-09;submitSocial;all;arwin
2017-03-11 05:07:34	worker	#gudegkendilkeraton;2017-03-09 - 2017-03-09;submitSocial;all;arwin
2017-03-11 05:07:36	worker	#gadogadobutika;2017-03-09 - 2017-03-09;submitSocial;all;arwin
2017-03-11 05:07:39	worker	#mtvhottest;2017-03-09 - 2017-03-09;submitSocial;all;arwin
2017-03-11 05:07:41	worker	#dimsumcjdw;2017-03-09 - 2017-03-09;submitSocial;all;arwin
2017-03-11 05:07:43	worker	#pecelmadiunmbakniek;2017-03-09 - 2017-03-09;submitSocial;all;arwin
2017-03-11 05:07:46	worker	#depotarema;2017-03-09 - 2017-03-09;submitSocial;all;arwin
2017-03-11 05:07:48	worker	@BNI46;2017-03-09 - 2017-03-09;submitSocial;all;arwin
2017-03-11 05:07:51	worker	@BANKBRI_ID;2017-03-09 - 2017-03-09;submitSocial;all;arwin
2017-03-11 05:07:54	worker	#bni46;2017-03-09 - 2017-03-09;submitSocial;all;arwin
2017-03-11 05:07:59	worker	macet;2017-03-09 - 2017-03-09;submitSocial;all;arwin
2017-03-11 05:08:01	worker	#selamatpagi;2017-03-09 - 2017-03-09;submitSocial;all;arwin
2017-03-11 05:08:04	worker	#selamatmalam;2017-03-09 - 2017-03-09;submitSocial;all;arwin
2017-03-11 05:08:07	worker	@884GlobalRadio;2017-03-09 - 2017-03-09;submitSocial;all;arwin
2017-03-11 05:08:09	worker	@day_trans;2017-03-09 - 2017-03-09;submitSocial;all;arwin
2017-03-11 05:08:12	worker	@kencanavoyage;2017-03-09 - 2017-03-09;submitSocial;all;arwin
2017-03-11 05:08:14	worker	@jukebox5d;2017-03-09 - 2017-03-09;submitSocial;all;arwin
2017-03-11 05:08:17	worker	#mtvhottest;2017-03-09 - 2017-03-09;submitSocial;all;arwin
2017-03-11 05:08:20	worker	#semangatpagi;2017-03-09 - 2017-03-09;submitSocial;all;arwin
2017-03-11 05:08:23	worker	lifebuoy;2017-03-09 - 2017-03-09;submitSocial;all;arwin
2017-03-11 05:08:30	worker	jokowi;2017-03-09 - 2017-03-09;submitSocial;all;arwin
2017-03-11 05:08:40	worker	obama;2017-03-09 - 2017-03-09;submitSocial;all;arwin
2017-03-11 05:08:43	worker	starwars;2017-03-09 - 2017-03-09;submitSocial;all;arwin
2017-03-11 05:08:47	worker	jonan;2017-03-09 - 2017-03-09;submitSocial;all;arwin
2017-03-11 05:08:57	worker	pagi;2017-03-09 - 2017-03-09;submitSocial;all;arwin
2017-03-11 05:09:00	worker	sampoerna;2017-03-09 - 2017-03-09;submitSocial;all;arwin
2017-03-11 05:09:03	worker	djarum;2017-03-09 - 2017-03-09;submitSocial;all;arwin
2017-03-11 05:09:06	worker	#semangatpagi;2017-03-09 - 2017-03-09;submitSocial;all;arwin
2017-03-11 05:09:08	worker	#generaksi8;2017-03-09 - 2017-03-09;submitSocial;all;arwin
2017-03-11 05:09:10	worker	#365alasan;2017-03-09 - 2017-03-09;submitSocial;all;arwin
2017-03-11 05:09:14	worker	weew;2017-03-09 - 2017-03-09;submitSocial;all;arwin
2017-03-11 05:09:21	worker	testing;2017-03-09 - 2017-03-09;submitSocial;all;arwin
2017-03-11 05:09:24	worker	#kopaja;2017-03-09 - 2017-03-09;submitSocial;all;arwin
2017-03-11 05:09:27	worker	#genkuisinsideout;2017-03-09 - 2017-03-09;submitSocial;all;arwin
2017-03-11 05:09:30	worker	starwars;2017-03-09 - 2017-03-09;submitSocial;all;arwin
2017-03-11 05:09:33	worker	#kopaja;2017-03-09 - 2017-03-09;submitSocial;all;arwin
2017-03-11 05:09:36	worker	mldspot;2017-03-09 - 2017-03-09;submitSocial;all;arwin
2017-03-11 05:09:38	worker	PBDjarum;2017-03-09 - 2017-03-09;submitSocial;all;arwin
2017-03-11 05:09:41	worker	TemanNabati;2017-03-09 - 2017-03-09;submitSocial;all;arwin
2017-03-11 05:09:45	worker	Nextar;2017-03-09 - 2017-03-09;submitSocial;all;arwin
2017-03-11 05:09:48	worker	jokowo;2017-03-09 - 2017-03-09;submitSocial;all;arwin
2017-03-11 05:09:51	worker	prabowo;2017-03-09 - 2017-03-09;submitSocial;all;arwin
2017-03-11 05:09:54	worker	sudirman said;2017-03-09 - 2017-03-09;submitSocial;all;arwin
2017-03-11 05:10:03	worker	ahok;2017-03-09 - 2017-03-09;submitSocial;all;arwin
2017-03-11 05:10:06	worker	setyanovanto;2017-03-09 - 2017-03-09;submitSocial;all;arwin
2017-03-11 05:10:14	worker	jokowi;2017-03-09 - 2017-03-09;submitSocial;all;arwin
2017-03-11 05:10:24	worker	ahok;2017-03-09 - 2017-03-09;submitSocial;all;arwin
2017-03-11 05:10:28	worker	prabowo;2017-03-09 - 2017-03-09;submitSocial;all;arwin
2017-03-11 05:10:30	worker	sudirman said;2017-03-09 - 2017-03-09;submitSocial;all;arwin
2017-03-11 05:10:33	worker	setyanovanto;2017-03-09 - 2017-03-09;submitSocial;all;arwin
2017-03-11 05:10:38	worker	galau;2017-03-09 - 2017-03-09;submitSocial;all;arwin
2017-03-11 05:10:40	worker	#prestasiindonesia;2017-03-09 - 2017-03-09;submitSocial;all;arwin
2017-03-11 05:10:43	worker	@Tw_Debi;2017-03-09 - 2017-03-09;submitSocial;all;arwin
2017-03-11 05:10:46	worker	@OfficialFastron;2017-03-09 - 2017-03-09;submitSocial;all;arwin
2017-03-11 05:10:48	worker	@CitibankID;2017-03-09 - 2017-03-09;submitSocial;all;arwin
2017-03-11 05:10:51	worker	@jak101fm;2017-03-09 - 2017-03-09;submitSocial;all;arwin
2017-03-11 05:10:54	worker	@genfm;2017-03-09 - 2017-03-09;submitSocial;all;arwin
