2017-03-25 05:00:05	worker	@987genfm;2017-03-23 - 2017-03-23;submitSocial;all;arwin
2017-03-25 05:00:08	worker	@101jakfm;2017-03-23 - 2017-03-23;submitSocial;all;arwin
2017-03-25 05:00:11	worker	@prambors;2017-03-23 - 2017-03-23;submitSocial;all;arwin
2017-03-25 05:00:13	worker	@hardrockfm;2017-03-23 - 2017-03-23;submitSocial;all;arwin
2017-03-25 05:00:16	worker	@kisfmjakarta;2017-03-23 - 2017-03-23;submitSocial;all;arwin
2017-03-25 05:00:19	worker	@delta_fm;2017-03-23 - 2017-03-23;submitSocial;all;arwin
2017-03-25 05:00:21	worker	@traxfmjkt;2017-03-23 - 2017-03-23;submitSocial;all;arwin
2017-03-25 05:00:24	worker	@iradiojakarta;2017-03-23 - 2017-03-23;submitSocial;all;arwin
2017-03-25 05:00:26	worker	@indika9160fm;2017-03-23 - 2017-03-23;submitSocial;all;arwin
2017-03-25 05:00:29	worker	@shellindonesia;2017-03-23 - 2017-03-23;submitSocial;all;arwin
2017-03-25 05:00:31	worker	@vpowerfans;2017-03-23 - 2017-03-23;submitSocial;all;arwin
2017-03-25 05:00:33	worker	@pertamaxind;2017-03-23 - 2017-03-23;submitSocial;all;arwin
2017-03-25 05:00:36	worker	@ptpertamina;2017-03-23 - 2017-03-23;submitSocial;all;arwin
2017-03-25 05:00:38	worker	@OZRadioJakarta;2017-03-23 - 2017-03-23;submitSocial;all;arwin
2017-03-25 05:00:41	worker	@CosmopolitanFM;2017-03-23 - 2017-03-23;submitSocial;all;arwin
2017-03-25 05:00:43	worker	@mustang88fm;2017-03-23 - 2017-03-23;submitSocial;all;arwin
2017-03-25 05:00:45	worker	@debabaz;2017-03-23 - 2017-03-23;submitSocial;all;arwin
2017-03-25 05:00:49	worker	@detikcom;2017-03-23 - 2017-03-23;submitSocial;all;arwin
2017-03-25 05:00:52	worker	@radioelshinta;2017-03-23 - 2017-03-23;submitSocial;all;arwin
2017-03-25 05:00:54	worker	@cinema21;2017-03-23 - 2017-03-23;submitSocial;all;arwin
2017-03-25 05:00:57	worker	@OfficialRCTI;2017-03-23 - 2017-03-23;submitSocial;all;arwin
2017-03-25 05:01:00	worker	@TRANSTV_CORP;2017-03-23 - 2017-03-23;submitSocial;all;arwin
2017-03-25 05:01:02	worker	@TRANS7;2017-03-23 - 2017-03-23;submitSocial;all;arwin
2017-03-25 05:01:06	worker	@Metro_TV;2017-03-23 - 2017-03-23;submitSocial;all;arwin
2017-03-25 05:01:09	worker	@tvOneNews;2017-03-23 - 2017-03-23;submitSocial;all;arwin
2017-03-25 05:01:13	worker	@whatsonANTV;2017-03-23 - 2017-03-23;submitSocial;all;arwin
2017-03-25 05:01:16	worker	@SCTV_;2017-03-23 - 2017-03-23;submitSocial;all;arwin
2017-03-25 05:01:19	worker	@KompasTV;2017-03-23 - 2017-03-23;submitSocial;all;arwin
2017-03-25 05:01:22	worker	@netmediatama;2017-03-23 - 2017-03-23;submitSocial;all;arwin
2017-03-25 05:01:25	worker	@Globaltvseru;2017-03-23 - 2017-03-23;submitSocial;all;arwin
2017-03-25 05:01:27	worker	@JaktvCom;2017-03-23 - 2017-03-23;submitSocial;all;arwin
2017-03-25 05:01:29	worker	@TVRINasional;2017-03-23 - 2017-03-23;submitSocial;all;arwin
2017-03-25 05:01:32	worker	@ochannelupdates;2017-03-23 - 2017-03-23;submitSocial;all;arwin
2017-03-25 05:01:36	worker	@IndosiarID;2017-03-23 - 2017-03-23;submitSocial;all;arwin
2017-03-25 05:01:40	worker	@kompascom;2017-03-23 - 2017-03-23;submitSocial;all;arwin
2017-03-25 05:01:42	worker	@merdekadotcom;2017-03-23 - 2017-03-23;submitSocial;all;arwin
2017-03-25 05:01:45	worker	@MIdotcom;2017-03-23 - 2017-03-23;submitSocial;all;arwin
2017-03-25 05:01:47	worker	@tempodotco;2017-03-23 - 2017-03-23;submitSocial;all;arwin
2017-03-25 05:01:49	worker	@motion975fm;2017-03-23 - 2017-03-23;submitSocial;all;arwin
2017-03-25 05:01:52	worker	@_radiotoday;2017-03-23 - 2017-03-23;submitSocial;all;arwin
2017-03-25 05:01:54	worker	@radioinfo;2017-03-23 - 2017-03-23;submitSocial;all;arwin
2017-03-25 05:01:56	worker	@979FeMaleRadio;2017-03-23 - 2017-03-23;submitSocial;all;arwin
2017-03-25 05:01:58	worker	@WomanRadio943FM;2017-03-23 - 2017-03-23;submitSocial;all;arwin
2017-03-25 05:02:01	worker	@VRadioFM;2017-03-23 - 2017-03-23;submitSocial;all;arwin
2017-03-25 05:02:03	worker	@UFM947;2017-03-23 - 2017-03-23;submitSocial;all;arwin
2017-03-25 05:02:06	worker	@VIVAnews;2017-03-23 - 2017-03-23;submitSocial;all;arwin
2017-03-25 05:02:08	worker	@antaranews;2017-03-23 - 2017-03-23;submitSocial;all;arwin
2017-03-25 05:02:11	worker	@tribunnews;2017-03-23 - 2017-03-23;submitSocial;all;arwin
2017-03-25 05:02:14	worker	@okezonenews;2017-03-23 - 2017-03-23;submitSocial;all;arwin
2017-03-25 05:02:17	worker	@Beritasatu;2017-03-23 - 2017-03-23;submitSocial;all;arwin
2017-03-25 05:02:19	worker	@rollingstoneina;2017-03-23 - 2017-03-23;submitSocial;all;arwin
2017-03-25 05:02:21	worker	@FIMELAdotcom;2017-03-23 - 2017-03-23;submitSocial;all;arwin
2017-03-25 05:02:24	worker	@KapanLagicom;2017-03-23 - 2017-03-23;submitSocial;all;arwin
2017-03-25 05:02:26	worker	@KompasEnt ;2017-03-23 - 2017-03-23;submitSocial;all;arwin
2017-03-25 05:02:28	worker	@HaiMagazine;2017-03-23 - 2017-03-23;submitSocial;all;arwin
2017-03-25 05:02:31	worker	@JakartaVenue;2017-03-23 - 2017-03-23;submitSocial;all;arwin
2017-03-25 05:02:33	worker	@SeputarEvent;2017-03-23 - 2017-03-23;submitSocial;all;arwin
2017-03-25 05:02:35	worker	@ismayaLive;2017-03-23 - 2017-03-23;submitSocial;all;arwin
2017-03-25 05:02:38	worker	@ECEntertainment;2017-03-23 - 2017-03-23;submitSocial;all;arwin
2017-03-25 05:02:40	worker	@synergism_En;2017-03-23 - 2017-03-23;submitSocial;all;arwin
2017-03-25 05:02:42	worker	@Urbanbandung;2017-03-23 - 2017-03-23;submitSocial;all;arwin
2017-03-25 05:02:44	worker	@Urbanrkm995;2017-03-23 - 2017-03-23;submitSocial;all;arwin
2017-03-25 05:02:46	worker	@Garuda_Promo;2017-03-23 - 2017-03-23;submitSocial;all;arwin
2017-03-25 05:02:49	worker	@AirAsiaID;2017-03-23 - 2017-03-23;submitSocial;all;arwin
2017-03-25 05:02:51	worker	@KAI121;2017-03-23 - 2017-03-23;submitSocial;all;arwin
2017-03-25 05:02:54	worker	@Unilever;2017-03-23 - 2017-03-23;submitSocial;all;arwin
2017-03-25 05:02:57	worker	@Nestle;2017-03-23 - 2017-03-23;submitSocial;all;arwin
2017-03-25 05:03:00	worker	@CocaCola;2017-03-23 - 2017-03-23;submitSocial;all;arwin
2017-03-25 05:03:08	worker	@CNN;2017-03-23 - 2017-03-23;submitSocial;all;arwin
2017-03-25 05:03:13	worker	@MTV;2017-03-23 - 2017-03-23;submitSocial;all;arwin
2017-03-25 05:03:15	worker	@channelv;2017-03-23 - 2017-03-23;submitSocial;all;arwin
2017-03-25 05:03:17	worker	@iTunesMusic;2017-03-23 - 2017-03-23;submitSocial;all;arwin
2017-03-25 05:03:22	worker	@mashable;2017-03-23 - 2017-03-23;submitSocial;all;arwin
2017-03-25 05:03:24	worker	@decacaz;2017-03-23 - 2017-03-23;submitSocial;all;arwin
2017-03-25 05:03:26	worker	@radiobaru967FM;2017-03-23 - 2017-03-23;submitSocial;all;arwin
2017-03-25 05:03:29	worker	@967HitzFM;2017-03-23 - 2017-03-23;submitSocial;all;arwin
2017-03-25 05:03:32	worker	@TVGuide;2017-03-23 - 2017-03-23;submitSocial;all;arwin
2017-03-25 05:03:34	worker	@XL123;2017-03-23 - 2017-03-23;submitSocial;all;arwin
2017-03-25 05:03:37	worker	@triindonesia;2017-03-23 - 2017-03-23;submitSocial;all;arwin
2017-03-25 05:03:39	worker	@kaskus;2017-03-23 - 2017-03-23;submitSocial;all;arwin
2017-03-25 05:03:42	worker	@Studio_XXI;2017-03-23 - 2017-03-23;submitSocial;all;arwin
2017-03-25 05:03:44	worker	@blitzmegaplex;2017-03-23 - 2017-03-23;submitSocial;all;arwin
2017-03-25 05:03:46	worker	@alfamartku;2017-03-23 - 2017-03-23;submitSocial;all;arwin
2017-03-25 05:03:48	worker	@Carrefour_ID;2017-03-23 - 2017-03-23;submitSocial;all;arwin
2017-03-25 05:03:52	worker	@BBCBreaking;2017-03-23 - 2017-03-23;submitSocial;all;arwin
2017-03-25 05:04:00	worker	@Forbes;2017-03-23 - 2017-03-23;submitSocial;all;arwin
2017-03-25 05:04:03	worker	@BensRadio;2017-03-23 - 2017-03-23;submitSocial;all;arwin
2017-03-25 05:04:09	worker	@instagram;2017-03-23 - 2017-03-23;submitSocial;all;arwin
2017-03-25 05:04:13	worker	@Pinterest;2017-03-23 - 2017-03-23;submitSocial;all;arwin
2017-03-25 05:04:23	worker	@google;2017-03-23 - 2017-03-23;submitSocial;all;arwin
2017-03-25 05:04:25	worker	@Pertaminalub;2017-03-23 - 2017-03-23;submitSocial;all;arwin
2017-03-25 05:04:27	worker	@InfoLalinTol;2017-03-23 - 2017-03-23;submitSocial;all;arwin
2017-03-25 05:04:30	worker	@PTJASAMARGA;2017-03-23 - 2017-03-23;submitSocial;all;arwin
2017-03-25 05:04:32	worker	@cititransindo;2017-03-23 - 2017-03-23;submitSocial;all;arwin
2017-03-25 05:04:34	worker	#semangatpagisuperr;2017-03-23 - 2017-03-23;submitSocial;all;arwin
2017-03-25 05:04:36	worker	#genkuisinsideout;2017-03-23 - 2017-03-23;submitSocial;all;arwin
2017-03-25 05:04:38	worker	#semangatpagi;2017-03-23 - 2017-03-23;submitSocial;all;arwin
2017-03-25 05:04:41	worker	#dikamar;2017-03-23 - 2017-03-23;submitSocial;all;arwin
2017-03-25 05:04:44	worker	#kopaja;2017-03-23 - 2017-03-23;submitSocial;all;arwin
2017-03-25 05:04:45	worker	#generaksi8;2017-03-23 - 2017-03-23;submitSocial;all;arwin
2017-03-25 05:04:48	worker	#hitztsp;2017-03-23 - 2017-03-23;submitSocial;all;arwin
2017-03-25 05:04:51	worker	#np;2017-03-23 - 2017-03-23;submitSocial;all;arwin
2017-03-25 05:04:53	worker	#hitzlivestage;2017-03-23 - 2017-03-23;submitSocial;all;arwin
2017-03-25 05:04:56	worker	#thefreaks;2017-03-23 - 2017-03-23;submitSocial;all;arwin
2017-03-25 05:04:58	worker	#hitzsirkuspagi;2017-03-23 - 2017-03-23;submitSocial;all;arwin
2017-03-25 05:05:01	worker	#hitzathlon;2017-03-23 - 2017-03-23;submitSocial;all;arwin
2017-03-25 05:05:04	worker	#hitzzombie;2017-03-23 - 2017-03-23;submitSocial;all;arwin
2017-03-25 05:05:06	worker	#hitzkalong;2017-03-23 - 2017-03-23;submitSocial;all;arwin
2017-03-25 05:05:09	worker	#hitzbebas;2017-03-23 - 2017-03-23;submitSocial;all;arwin
2017-03-25 05:05:12	worker	#hitzhorehara;2017-03-23 - 2017-03-23;submitSocial;all;arwin
2017-03-25 05:05:14	worker	@ZaloraID;2017-03-23 - 2017-03-23;submitSocial;all;arwin
2017-03-25 05:05:17	worker	@OLX_Indonesia;2017-03-23 - 2017-03-23;submitSocial;all;arwin
2017-03-25 05:05:20	worker	@LazadaID;2017-03-23 - 2017-03-23;submitSocial;all;arwin
2017-03-25 05:05:22	worker	@utrippers;2017-03-23 - 2017-03-23;submitSocial;all;arwin
2017-03-25 05:05:25	worker	@GoGobot;2017-03-23 - 2017-03-23;submitSocial;all;arwin
2017-03-25 05:05:27	worker	@viatortravel;2017-03-23 - 2017-03-23;submitSocial;all;arwin
2017-03-25 05:05:29	worker	@alandakariza;2017-03-23 - 2017-03-23;submitSocial;all;arwin
2017-03-25 05:05:32	worker	@gagasmedia;2017-03-23 - 2017-03-23;submitSocial;all;arwin
2017-03-25 05:05:34	worker	@welovehonda;2017-03-23 - 2017-03-23;submitSocial;all;arwin
2017-03-25 05:05:36	worker	@SuzukiMotorID;2017-03-23 - 2017-03-23;submitSocial;all;arwin
2017-03-25 05:05:39	worker	@kawasakilovers;2017-03-23 - 2017-03-23;submitSocial;all;arwin
2017-03-25 05:05:41	worker	@yamahaindonesia;2017-03-23 - 2017-03-23;submitSocial;all;arwin
2017-03-25 05:05:43	worker	@tripanzee;2017-03-23 - 2017-03-23;submitSocial;all;arwin
2017-03-25 05:05:46	worker	@arnoldpoernomo;2017-03-23 - 2017-03-23;submitSocial;all;arwin
2017-03-25 05:05:48	worker	@nicsap;2017-03-23 - 2017-03-23;submitSocial;all;arwin
2017-03-25 05:05:50	worker	@tiket2;2017-03-23 - 2017-03-23;submitSocial;all;arwin
2017-03-25 05:05:53	worker	@traveloka;2017-03-23 - 2017-03-23;submitSocial;all;arwin
2017-03-25 05:05:56	worker	@wego;2017-03-23 - 2017-03-23;submitSocial;all;arwin
2017-03-25 05:05:59	worker	@agoda;2017-03-23 - 2017-03-23;submitSocial;all;arwin
2017-03-25 05:06:02	worker	#salahsambung;2017-03-23 - 2017-03-23;submitSocial;all;arwin
2017-03-25 05:06:04	worker	#tulalit;2017-03-23 - 2017-03-23;submitSocial;all;arwin
2017-03-25 05:06:06	worker	#pestageneraksi8;2017-03-23 - 2017-03-23;submitSocial;all;arwin
2017-03-25 05:06:08	worker	#ganaskustik;2017-03-23 - 2017-03-23;submitSocial;all;arwin
2017-03-25 05:06:11	worker	#lnhot20;2017-03-23 - 2017-03-23;submitSocial;all;arwin
2017-03-25 05:06:13	worker	@TripAdvisor;2017-03-23 - 2017-03-23;submitSocial;all;arwin
2017-03-25 05:06:23	worker	@google;2017-03-23 - 2017-03-23;submitSocial;all;arwin
2017-03-25 05:06:26	worker	@Telkomsel;2017-03-23 - 2017-03-23;submitSocial;all;arwin
2017-03-25 05:06:29	worker	@indosat;2017-03-23 - 2017-03-23;submitSocial;all;arwin
2017-03-25 05:06:33	worker	@bahanafmjkt;2017-03-23 - 2017-03-23;submitSocial;all;2017-03-25 05:06:37	worker	@sonorafm92;2017-03-23 - 2017-03-23;submitSocial;all;arwin
2017-03-25 05:06:39	worker	@litefm1058;2017-03-23 - 2017-03-23;submitSocial;all;arwin
2017-03-25 05:06:41	worker	@Bravaradio;2017-03-23 - 2017-03-23;submitSocial;all;arwin
2017-03-25 05:06:44	worker	#dgitm;2017-03-23 - 2017-03-23;submitSocial;all;arwin
2017-03-25 05:06:46	worker	#hitsalaprambors;2017-03-23 - 2017-03-23;submitSocial;all;arwin
2017-03-25 05:06:49	worker	#reqprambors;2017-03-23 - 2017-03-23;submitSocial;all;arwin
2017-03-25 05:06:51	worker	#thedandees;2017-03-23 - 2017-03-23;submitSocial;all;arwin
2017-03-25 05:06:53	worker	#pramborsquiz;2017-03-23 - 2017-03-23;submitSocial;all;arwin
2017-03-25 05:06:55	worker	#jeliprambors;2017-03-23 - 2017-03-23;submitSocial;all;arwin
2017-03-25 05:06:58	worker	#jodohinprambors;2017-03-23 - 2017-03-23;submitSocial;all;arwin
2017-03-25 05:07:00	worker	#ubahdenganbicara;2017-03-23 - 2017-03-23;submitSocial;all;arwin
2017-03-25 05:07:02	worker	#pramborschat;2017-03-23 - 2017-03-23;submitSocial;all;arwin
2017-03-25 05:07:05	worker	#tweetforduit;2017-03-23 - 2017-03-23;submitSocial;all;arwin
2017-03-25 05:07:07	worker	#joki3in1;2017-03-23 - 2017-03-23;submitSocial;all;arwin
2017-03-25 05:07:09	worker	#sarapanseru;2017-03-23 - 2017-03-23;submitSocial;all;arwin
2017-03-25 05:07:12	worker	#rawonkaneloop;2017-03-23 - 2017-03-23;submitSocial;all;arwin
2017-03-25 05:07:14	worker	#gudegkendilkeraton;2017-03-23 - 2017-03-23;submitSocial;all;arwin
2017-03-25 05:07:16	worker	#gadogadobutika;2017-03-23 - 2017-03-23;submitSocial;all;arwin
2017-03-25 05:07:19	worker	#mtvhottest;2017-03-23 - 2017-03-23;submitSocial;all;arwin
2017-03-25 05:07:21	worker	#dimsumcjdw;2017-03-23 - 2017-03-23;submitSocial;all;arwin
2017-03-25 05:07:23	worker	#pecelmadiunmbakniek;2017-03-23 - 2017-03-23;submitSocial;all;arwin
2017-03-25 05:07:25	worker	#depotarema;2017-03-23 - 2017-03-23;submitSocial;all;arwin
2017-03-25 05:07:28	worker	@BNI46;2017-03-23 - 2017-03-23;submitSocial;all;arwin
2017-03-25 05:07:30	worker	@BANKBRI_ID;2017-03-23 - 2017-03-23;submitSocial;all;arwin
2017-03-25 05:07:32	worker	#bni46;2017-03-23 - 2017-03-23;submitSocial;all;arwin
2017-03-25 05:07:37	worker	macet;2017-03-23 - 2017-03-23;submitSocial;all;arwin
2017-03-25 05:07:40	worker	#selamatpagi;2017-03-23 - 2017-03-23;submitSocial;all;arwin
2017-03-25 05:07:42	worker	#selamatmalam;2017-03-23 - 2017-03-23;submitSocial;all;arwin
2017-03-25 05:07:44	worker	@884GlobalRadio;2017-03-23 - 2017-03-23;submitSocial;all;arwin
2017-03-25 05:07:46	worker	@day_trans;2017-03-23 - 2017-03-23;submitSocial;all;arwin
2017-03-25 05:07:49	worker	@kencanavoyage;2017-03-23 - 2017-03-23;submitSocial;all;arwin
2017-03-25 05:07:51	worker	@jukebox5d;2017-03-23 - 2017-03-23;submitSocial;all;arwin
2017-03-25 05:07:53	worker	#mtvhottest;2017-03-23 - 2017-03-23;submitSocial;all;arwin
2017-03-25 05:07:56	worker	#semangatpagi;2017-03-23 - 2017-03-23;submitSocial;all;arwin
2017-03-25 05:07:58	worker	lifebuoy;2017-03-23 - 2017-03-23;submitSocial;all;arwin
2017-03-25 05:08:06	worker	jokowi;2017-03-23 - 2017-03-23;submitSocial;all;arwin
2017-03-25 05:08:16	worker	obama;2017-03-23 - 2017-03-23;submitSocial;all;arwin
2017-03-25 05:08:19	worker	starwars;2017-03-23 - 2017-03-23;submitSocial;all;arwin
2017-03-25 05:08:23	worker	jonan;2017-03-23 - 2017-03-23;submitSocial;all;arwin
2017-03-25 05:08:32	worker	pagi;2017-03-23 - 2017-03-23;submitSocial;all;arwin
2017-03-25 05:08:35	worker	sampoerna;2017-03-23 - 2017-03-23;submitSocial;all;arwin
2017-03-25 05:08:38	worker	djarum;2017-03-23 - 2017-03-23;submitSocial;all;arwin
2017-03-25 05:08:40	worker	#semangatpagi;2017-03-23 - 2017-03-23;submitSocial;all;arwin
2017-03-25 05:08:42	worker	#generaksi8;2017-03-23 - 2017-03-23;submitSocial;all;arwin
2017-03-25 05:08:45	worker	#365alasan;2017-03-23 - 2017-03-23;submitSocial;all;arwin
2017-03-25 05:08:48	worker	weew;2017-03-23 - 2017-03-23;submitSocial;all;arwin
2017-03-25 05:08:56	worker	testing;2017-03-23 - 2017-03-23;submitSocial;all;arwin
2017-03-25 05:08:59	worker	#kopaja;2017-03-23 - 2017-03-23;submitSocial;all;arwin
2017-03-25 05:09:01	worker	#genkuisinsideout;2017-03-23 - 2017-03-23;submitSocial;all;arwin
2017-03-25 05:09:04	worker	starwars;2017-03-23 - 2017-03-23;submitSocial;all;arwin
2017-03-25 05:09:07	worker	#kopaja;2017-03-23 - 2017-03-23;submitSocial;all;arwin
2017-03-25 05:09:10	worker	mldspot;2017-03-23 - 2017-03-23;submitSocial;all;arwin
2017-03-25 05:09:13	worker	PBDjarum;2017-03-23 - 2017-03-23;submitSocial;all;arwin
2017-03-25 05:09:15	worker	TemanNabati;2017-03-23 - 2017-03-23;submitSocial;all;arwin
2017-03-25 05:09:18	worker	Nextar;2017-03-23 - 2017-03-23;submitSocial;all;arwin
2017-03-25 05:09:22	worker	jokowo;2017-03-23 - 2017-03-23;submitSocial;all;arwin
2017-03-25 05:09:25	worker	prabowo;2017-03-23 - 2017-03-23;submitSocial;all;arwin
2017-03-25 05:09:27	worker	sudirman said;2017-03-23 - 2017-03-23;submitSocial;all;arwin
2017-03-25 05:09:34	worker	ahok;2017-03-23 - 2017-03-23;submitSocial;all;arwin
2017-03-25 05:09:37	worker	setyanovanto;2017-03-23 - 2017-03-23;submitSocial;all;arwin
2017-03-25 05:09:44	worker	jokowi;2017-03-23 - 2017-03-23;submitSocial;all;arwin
2017-03-25 05:09:51	worker	ahok;2017-03-23 - 2017-03-23;submitSocial;all;arwin
2017-03-25 05:09:54	worker	prabowo;2017-03-23 - 2017-03-23;submitSocial;all;arwin
2017-03-25 05:09:57	worker	sudirman said;2017-03-23 - 2017-03-23;submitSocial;all;arwin
2017-03-25 05:09:59	worker	setyanovanto;2017-03-23 - 2017-03-23;submitSocial;all;arwin
2017-03-25 05:10:04	worker	galau;2017-03-23 - 2017-03-23;submitSocial;all;arwin
2017-03-25 05:10:06	worker	#prestasiindonesia;2017-03-23 - 2017-03-23;submitSocial;all;arwin
2017-03-25 05:10:09	worker	@Tw_Debi;2017-03-23 - 2017-03-23;submitSocial;all;arwin
2017-03-25 05:10:11	worker	@OfficialFastron;2017-03-23 - 2017-03-23;submitSocial;all;arwin
2017-03-25 05:10:14	worker	@CitibankID;2017-03-23 - 2017-03-23;submitSocial;all;arwin
2017-03-25 05:10:16	worker	@jak101fm;2017-03-23 - 2017-03-23;submitSocial;all;arwin
2017-03-25 05:10:19	worker	@genfm;2017-03-23 - 2017-03-23;submitSocial;all;arwin
