2017-06-23 05:00:05	worker	@987genfm;2017-06-21 - 2017-06-21;submitSocial;all;arwin
2017-06-23 05:00:08	worker	@101jakfm;2017-06-21 - 2017-06-21;submitSocial;all;arwin
2017-06-23 05:00:11	worker	@prambors;2017-06-21 - 2017-06-21;submitSocial;all;arwin
2017-06-23 05:00:14	worker	@hardrockfm;2017-06-21 - 2017-06-21;submitSocial;all;arwin
2017-06-23 05:00:17	worker	@kisfmjakarta;2017-06-21 - 2017-06-21;submitSocial;all;arwin
2017-06-23 05:00:20	worker	@delta_fm;2017-06-21 - 2017-06-21;submitSocial;all;arwin
2017-06-23 05:00:22	worker	@traxfmjkt;2017-06-21 - 2017-06-21;submitSocial;all;arwin
2017-06-23 05:00:25	worker	@iradiojakarta;2017-06-21 - 2017-06-21;submitSocial;all;arwin
2017-06-23 05:00:28	worker	@indika9160fm;2017-06-21 - 2017-06-21;submitSocial;all;arwin
2017-06-23 05:00:30	worker	@shellindonesia;2017-06-21 - 2017-06-21;submitSocial;all;arwin
2017-06-23 05:00:32	worker	@vpowerfans;2017-06-21 - 2017-06-21;submitSocial;all;arwin
2017-06-23 05:00:35	worker	@pertamaxind;2017-06-21 - 2017-06-21;submitSocial;all;arwin
2017-06-23 05:00:38	worker	@ptpertamina;2017-06-21 - 2017-06-21;submitSocial;all;arwin
2017-06-23 05:00:40	worker	@OZRadioJakarta;2017-06-21 - 2017-06-21;submitSocial;all;arwin
2017-06-23 05:00:43	worker	@CosmopolitanFM;2017-06-21 - 2017-06-21;submitSocial;all;arwin
2017-06-23 05:00:45	worker	@mustang88fm;2017-06-21 - 2017-06-21;submitSocial;all;arwin
2017-06-23 05:00:47	worker	@debabaz;2017-06-21 - 2017-06-21;submitSocial;all;arwin
2017-06-23 05:00:52	worker	@detikcom;2017-06-21 - 2017-06-21;submitSocial;all;arwin
2017-06-23 05:00:55	worker	@radioelshinta;2017-06-21 - 2017-06-21;submitSocial;all;arwin
2017-06-23 05:00:58	worker	@cinema21;2017-06-21 - 2017-06-21;submitSocial;all;arwin
2017-06-23 05:01:00	worker	@OfficialRCTI;2017-06-21 - 2017-06-21;submitSocial;all;arwin
2017-06-23 05:01:03	worker	@TRANSTV_CORP;2017-06-21 - 2017-06-21;submitSocial;all;arwin
2017-06-23 05:01:06	worker	@TRANS7;2017-06-21 - 2017-06-21;submitSocial;all;arwin
2017-06-23 05:01:09	worker	@Metro_TV;2017-06-21 - 2017-06-21;submitSocial;all;arwin
2017-06-23 05:01:12	worker	@tvOneNews;2017-06-21 - 2017-06-21;submitSocial;all;arwin
2017-06-23 05:01:16	worker	@whatsonANTV;2017-06-21 - 2017-06-21;submitSocial;all;arwin
2017-06-23 05:01:19	worker	@SCTV_;2017-06-21 - 2017-06-21;submitSocial;all;arwin
2017-06-23 05:01:22	worker	@KompasTV;2017-06-21 - 2017-06-21;submitSocial;all;arwin
2017-06-23 05:01:25	worker	@netmediatama;2017-06-21 - 2017-06-21;submitSocial;all;arwin
2017-06-23 05:01:27	worker	@Globaltvseru;2017-06-21 - 2017-06-21;submitSocial;all;arwin
2017-06-23 05:01:30	worker	@JaktvCom;2017-06-21 - 2017-06-21;submitSocial;all;arwin
2017-06-23 05:01:32	worker	@TVRINasional;2017-06-21 - 2017-06-21;submitSocial;all;arwin
2017-06-23 05:01:35	worker	@ochannelupdates;2017-06-21 - 2017-06-21;submitSocial;all;arwin
2017-06-23 05:01:38	worker	@IndosiarID;2017-06-21 - 2017-06-21;submitSocial;all;arwin
2017-06-23 05:01:43	worker	@kompascom;2017-06-21 - 2017-06-21;submitSocial;all;arwin
2017-06-23 05:01:45	worker	@merdekadotcom;2017-06-21 - 2017-06-21;submitSocial;all;arwin
2017-06-23 05:01:48	worker	@MIdotcom;2017-06-21 - 2017-06-21;submitSocial;all;arwin
2017-06-23 05:01:51	worker	@tempodotco;2017-06-21 - 2017-06-21;submitSocial;all;arwin
2017-06-23 05:01:54	worker	@motion975fm;2017-06-21 - 2017-06-21;submitSocial;all;arwin
2017-06-23 05:01:56	worker	@_radiotoday;2017-06-21 - 2017-06-21;submitSocial;all;arwin
2017-06-23 05:01:59	worker	@radioinfo;2017-06-21 - 2017-06-21;submitSocial;all;arwin
2017-06-23 05:02:01	worker	@979FeMaleRadio;2017-06-21 - 2017-06-21;submitSocial;all;arwin
2017-06-23 05:02:04	worker	@WomanRadio943FM;2017-06-21 - 2017-06-21;submitSocial;all;arwin
2017-06-23 05:02:06	worker	@VRadioFM;2017-06-21 - 2017-06-21;submitSocial;all;arwin
2017-06-23 05:02:09	worker	@UFM947;2017-06-21 - 2017-06-21;submitSocial;all;arwin
2017-06-23 05:02:12	worker	@VIVAnews;2017-06-21 - 2017-06-21;submitSocial;all;arwin
2017-06-23 05:02:14	worker	@antaranews;2017-06-21 - 2017-06-21;submitSocial;all;arwin
2017-06-23 05:02:17	worker	@tribunnews;2017-06-21 - 2017-06-21;submitSocial;all;arwin
2017-06-23 05:02:20	worker	@okezonenews;2017-06-21 - 2017-06-21;submitSocial;all;arwin
2017-06-23 05:02:23	worker	@Beritasatu;2017-06-21 - 2017-06-21;submitSocial;all;arwin
2017-06-23 05:02:25	worker	@rollingstoneina;2017-06-21 - 2017-06-21;submitSocial;all;arwin
2017-06-23 05:02:27	worker	@FIMELAdotcom;2017-06-21 - 2017-06-21;submitSocial;all;arwin
2017-06-23 05:02:30	worker	@KapanLagicom;2017-06-21 - 2017-06-21;submitSocial;all;arwin
2017-06-23 05:02:32	worker	@KompasEnt ;2017-06-21 - 2017-06-21;submitSocial;all;arwin
2017-06-23 05:02:35	worker	@HaiMagazine;2017-06-21 - 2017-06-21;submitSocial;all;arwin
2017-06-23 05:02:37	worker	@JakartaVenue;2017-06-21 - 2017-06-21;submitSocial;all;arwin
2017-06-23 05:02:39	worker	@SeputarEvent;2017-06-21 - 2017-06-21;submitSocial;all;arwin
2017-06-23 05:02:42	worker	@ismayaLive;2017-06-21 - 2017-06-21;submitSocial;all;arwin
2017-06-23 05:02:44	worker	@ECEntertainment;2017-06-21 - 2017-06-21;submitSocial;all;arwin
2017-06-23 05:02:47	worker	@synergism_En;2017-06-21 - 2017-06-21;submitSocial;all;arwin
2017-06-23 05:02:49	worker	@Urbanbandung;2017-06-21 - 2017-06-21;submitSocial;all;arwin
2017-06-23 05:02:51	worker	@Urbanrkm995;2017-06-21 - 2017-06-21;submitSocial;all;arwin
2017-06-23 05:02:53	worker	@Garuda_Promo;2017-06-21 - 2017-06-21;submitSocial;all;arwin
2017-06-23 05:02:55	worker	@AirAsiaID;2017-06-21 - 2017-06-21;submitSocial;all;arwin
2017-06-23 05:02:58	worker	@KAI121;2017-06-21 - 2017-06-21;submitSocial;all;arwin
2017-06-23 05:03:01	worker	@Unilever;2017-06-21 - 2017-06-21;submitSocial;all;arwin
2017-06-23 05:03:04	worker	@Nestle;2017-06-21 - 2017-06-21;submitSocial;all;arwin
2017-06-23 05:03:08	worker	@CocaCola;2017-06-21 - 2017-06-21;submitSocial;all;arwin
2017-06-23 05:03:16	worker	@CNN;2017-06-21 - 2017-06-21;submitSocial;all;arwin
2017-06-23 05:03:23	worker	@MTV;2017-06-21 - 2017-06-21;submitSocial;all;arwin
2017-06-23 05:03:25	worker	@channelv;2017-06-21 - 2017-06-21;submitSocial;all;arwin
2017-06-23 05:03:27	worker	@iTunesMusic;2017-06-21 - 2017-06-21;submitSocial;all;arwin
2017-06-23 05:03:31	worker	@mashable;2017-06-21 - 2017-06-21;submitSocial;all;arwin
2017-06-23 05:03:33	worker	@decacaz;2017-06-21 - 2017-06-21;submitSocial;all;arwin
2017-06-23 05:03:35	worker	@radiobaru967FM;2017-06-21 - 2017-06-21;submitSocial;all;arwin
2017-06-23 05:03:38	worker	@967HitzFM;2017-06-21 - 2017-06-21;submitSocial;all;arwin
2017-06-23 05:03:40	worker	@TVGuide;2017-06-21 - 2017-06-21;submitSocial;all;arwin
2017-06-23 05:03:43	worker	@XL123;2017-06-21 - 2017-06-21;submitSocial;all;arwin
2017-06-23 05:03:46	worker	@triindonesia;2017-06-21 - 2017-06-21;submitSocial;all;arwin
2017-06-23 05:03:49	worker	@kaskus;2017-06-21 - 2017-06-21;submitSocial;all;arwin
2017-06-23 05:03:51	worker	@Studio_XXI;2017-06-21 - 2017-06-21;submitSocial;all;arwin
2017-06-23 05:03:53	worker	@blitzmegaplex;2017-06-21 - 2017-06-21;submitSocial;all;arwin
2017-06-23 05:03:55	worker	@alfamartku;2017-06-21 - 2017-06-21;submitSocial;all;arwin
2017-06-23 05:03:58	worker	@Carrefour_ID;2017-06-21 - 2017-06-21;submitSocial;all;arwin
2017-06-23 05:04:02	worker	@BBCBreaking;2017-06-21 - 2017-06-21;submitSocial;all;arwin
2017-06-23 05:04:11	worker	@Forbes;2017-06-21 - 2017-06-21;submitSocial;all;arwin
2017-06-23 05:04:14	worker	@BensRadio;2017-06-21 - 2017-06-21;submitSocial;all;arwin
2017-06-23 05:04:20	worker	@instagram;2017-06-21 - 2017-06-21;submitSocial;all;arwin
2017-06-23 05:04:23	worker	@Pinterest;2017-06-21 - 2017-06-21;submitSocial;all;arwin
2017-06-23 05:04:31	worker	@google;2017-06-21 - 2017-06-21;submitSocial;all;arwin
2017-06-23 05:04:33	worker	@Pertaminalub;2017-06-21 - 2017-06-21;submitSocial;all;arwin
2017-06-23 05:04:35	worker	@InfoLalinTol;2017-06-21 - 2017-06-21;submitSocial;all;arwin
2017-06-23 05:04:38	worker	@PTJASAMARGA;2017-06-21 - 2017-06-21;submitSocial;all;arwin
2017-06-23 05:04:40	worker	@cititransindo;2017-06-21 - 2017-06-21;submitSocial;all;arwin
2017-06-23 05:04:42	worker	#semangatpagisuperr;2017-06-21 - 2017-06-21;submitSocial;all;arwin
2017-06-23 05:04:44	worker	#genkuisinsideout;2017-06-21 - 2017-06-21;submitSocial;all;arwin
2017-06-23 05:04:46	worker	#semangatpagi;2017-06-21 - 2017-06-21;submitSocial;all;arwin
2017-06-23 05:04:49	worker	#dikamar;2017-06-21 - 2017-06-21;submitSocial;all;arwin
2017-06-23 05:04:52	worker	#kopaja;2017-06-21 - 2017-06-21;submitSocial;all;arwin
2017-06-23 05:04:53	worker	#generaksi8;2017-06-21 - 2017-06-21;submitSocial;all;arwin
2017-06-23 05:04:56	worker	#hitztsp;2017-06-21 - 2017-06-21;submitSocial;all;arwin
2017-06-23 05:04:59	worker	#np;2017-06-21 - 2017-06-21;submitSocial;all;arwin
2017-06-23 05:05:01	worker	#hitzlivestage;2017-06-21 - 2017-06-21;submitSocial;all;arwin
2017-06-23 05:05:04	worker	#thefreaks;2017-06-21 - 2017-06-21;submitSocial;all;arwin
2017-06-23 05:05:07	worker	#hitzsirkuspagi;2017-06-21 - 2017-06-21;submitSocial;all;arwin
2017-06-23 05:05:09	worker	#hitzathlon;2017-06-21 - 2017-06-21;submitSocial;all;arwin
2017-06-23 05:05:12	worker	#hitzzombie;2017-06-21 - 2017-06-21;submitSocial;all;arwin
2017-06-23 05:05:14	worker	#hitzkalong;2017-06-21 - 2017-06-21;submitSocial;all;arwin
2017-06-23 05:05:17	worker	#hitzbebas;2017-06-21 - 2017-06-21;submitSocial;all;arwin
2017-06-23 05:05:19	worker	#hitzhorehara;2017-06-21 - 2017-06-21;submitSocial;all;arwin
2017-06-23 05:05:21	worker	@ZaloraID;2017-06-21 - 2017-06-21;submitSocial;all;arwin
2017-06-23 05:05:24	worker	@OLX_Indonesia;2017-06-21 - 2017-06-21;submitSocial;all;arwin
2017-06-23 05:05:27	worker	@LazadaID;2017-06-21 - 2017-06-21;submitSocial;all;arwin
2017-06-23 05:05:29	worker	@utrippers;2017-06-21 - 2017-06-21;submitSocial;all;arwin
2017-06-23 05:05:31	worker	@GoGobot;2017-06-21 - 2017-06-21;submitSocial;all;arwin
2017-06-23 05:05:34	worker	@viatortravel;2017-06-21 - 2017-06-21;submitSocial;all;arwin
2017-06-23 05:05:36	worker	@alandakariza;2017-06-21 - 2017-06-21;submitSocial;all;arwin
2017-06-23 05:05:39	worker	@gagasmedia;2017-06-21 - 2017-06-21;submitSocial;all;arwin
2017-06-23 05:05:41	worker	@welovehonda;2017-06-21 - 2017-06-21;submitSocial;all;arwin
2017-06-23 05:05:44	worker	@SuzukiMotorID;2017-06-21 - 2017-06-21;submitSocial;all;arwin
2017-06-23 05:05:46	worker	@kawasakilovers;2017-06-21 - 2017-06-21;submitSocial;all;arwin
2017-06-23 05:05:48	worker	@yamahaindonesia;2017-06-21 - 2017-06-21;submitSocial;all;arwin
2017-06-23 05:05:51	worker	@tripanzee;2017-06-21 - 2017-06-21;submitSocial;all;arwin
2017-06-23 05:05:53	worker	@arnoldpoernomo;2017-06-21 - 2017-06-21;submitSocial;all;arwin
2017-06-23 05:05:56	worker	@nicsap;2017-06-21 - 2017-06-21;submitSocial;all;arwin
2017-06-23 05:05:58	worker	@tiket2;2017-06-21 - 2017-06-21;submitSocial;all;arwin
2017-06-23 05:06:00	worker	@traveloka;2017-06-21 - 2017-06-21;submitSocial;all;arwin
2017-06-23 05:06:04	worker	@wego;2017-06-21 - 2017-06-21;submitSocial;all;arwin
2017-06-23 05:06:07	worker	@agoda;2017-06-21 - 2017-06-21;submitSocial;all;arwin
2017-06-23 05:06:09	worker	#salahsambung;2017-06-21 - 2017-06-21;submitSocial;all;arwin
2017-06-23 05:06:12	worker	#tulalit;2017-06-21 - 2017-06-21;submitSocial;all;arwin
2017-06-23 05:06:14	worker	#pestageneraksi8;2017-06-21 - 2017-06-21;submitSocial;all;arwin
2017-06-23 05:06:16	worker	#ganaskustik;2017-06-21 - 2017-06-21;submitSocial;all;arwin
2017-06-23 05:06:18	worker	#lnhot20;2017-06-21 - 2017-06-21;submitSocial;all;arwin
2017-06-23 05:06:21	worker	@TripAdvisor;2017-06-21 - 2017-06-21;submitSocial;all;arwin
2017-06-23 05:06:29	worker	@google;2017-06-21 - 2017-06-21;submitSocial;all;arwin
2017-06-23 05:06:33	worker	@Telkomsel;2017-06-21 - 2017-06-21;submitSocial;all;arwin
2017-06-23 05:06:35	worker	@indosat;2017-06-21 - 2017-06-21;submitSocial;all;arwin
2017-06-23 05:06:39	worker	@bahanafmjkt;2017-06-21 - 2017-06-21;submitSocial;all;2017-06-23 05:06:43	worker	@sonorafm92;2017-06-21 - 2017-06-21;submitSocial;all;arwin
2017-06-23 05:06:45	worker	@litefm1058;2017-06-21 - 2017-06-21;submitSocial;all;arwin
2017-06-23 05:06:47	worker	@Bravaradio;2017-06-21 - 2017-06-21;submitSocial;all;arwin
2017-06-23 05:06:50	worker	#dgitm;2017-06-21 - 2017-06-21;submitSocial;all;arwin
2017-06-23 05:06:52	worker	#hitsalaprambors;2017-06-21 - 2017-06-21;submitSocial;all;arwin
2017-06-23 05:06:54	worker	#reqprambors;2017-06-21 - 2017-06-21;submitSocial;all;arwin
2017-06-23 05:06:57	worker	#thedandees;2017-06-21 - 2017-06-21;submitSocial;all;arwin
2017-06-23 05:06:59	worker	#pramborsquiz;2017-06-21 - 2017-06-21;submitSocial;all;arwin
2017-06-23 05:07:01	worker	#jeliprambors;2017-06-21 - 2017-06-21;submitSocial;all;arwin
2017-06-23 05:07:03	worker	#jodohinprambors;2017-06-21 - 2017-06-21;submitSocial;all;arwin
2017-06-23 05:07:05	worker	#ubahdenganbicara;2017-06-21 - 2017-06-21;submitSocial;all;arwin
2017-06-23 05:07:08	worker	#pramborschat;2017-06-21 - 2017-06-21;submitSocial;all;arwin
2017-06-23 05:07:10	worker	#tweetforduit;2017-06-21 - 2017-06-21;submitSocial;all;arwin
2017-06-23 05:07:12	worker	#joki3in1;2017-06-21 - 2017-06-21;submitSocial;all;arwin
2017-06-23 05:07:14	worker	#sarapanseru;2017-06-21 - 2017-06-21;submitSocial;all;arwin
2017-06-23 05:07:17	worker	#rawonkaneloop;2017-06-21 - 2017-06-21;submitSocial;all;arwin
2017-06-23 05:07:19	worker	#gudegkendilkeraton;2017-06-21 - 2017-06-21;submitSocial;all;arwin
2017-06-23 05:07:21	worker	#gadogadobutika;2017-06-21 - 2017-06-21;submitSocial;all;arwin
2017-06-23 05:07:23	worker	#mtvhottest;2017-06-21 - 2017-06-21;submitSocial;all;arwin
2017-06-23 05:07:26	worker	#dimsumcjdw;2017-06-21 - 2017-06-21;submitSocial;all;arwin
2017-06-23 05:07:28	worker	#pecelmadiunmbakniek;2017-06-21 - 2017-06-21;submitSocial;all;arwin
2017-06-23 05:07:30	worker	#depotarema;2017-06-21 - 2017-06-21;submitSocial;all;arwin
2017-06-23 05:07:33	worker	@BNI46;2017-06-21 - 2017-06-21;submitSocial;all;arwin
2017-06-23 05:07:35	worker	@BANKBRI_ID;2017-06-21 - 2017-06-21;submitSocial;all;arwin
2017-06-23 05:07:38	worker	#bni46;2017-06-21 - 2017-06-21;submitSocial;all;arwin
2017-06-23 05:07:43	worker	macet;2017-06-21 - 2017-06-21;submitSocial;all;arwin
2017-06-23 05:07:46	worker	#selamatpagi;2017-06-21 - 2017-06-21;submitSocial;all;arwin
2017-06-23 05:07:48	worker	#selamatmalam;2017-06-21 - 2017-06-21;submitSocial;all;arwin
2017-06-23 05:07:50	worker	@884GlobalRadio;2017-06-21 - 2017-06-21;submitSocial;all;arwin
2017-06-23 05:07:53	worker	@day_trans;2017-06-21 - 2017-06-21;submitSocial;all;arwin
2017-06-23 05:07:55	worker	@kencanavoyage;2017-06-21 - 2017-06-21;submitSocial;all;arwin
2017-06-23 05:07:58	worker	@jukebox5d;2017-06-21 - 2017-06-21;submitSocial;all;arwin
2017-06-23 05:08:00	worker	#mtvhottest;2017-06-21 - 2017-06-21;submitSocial;all;arwin
2017-06-23 05:08:02	worker	#semangatpagi;2017-06-21 - 2017-06-21;submitSocial;all;arwin
2017-06-23 05:08:05	worker	lifebuoy;2017-06-21 - 2017-06-21;submitSocial;all;arwin
2017-06-23 05:08:11	worker	jokowi;2017-06-21 - 2017-06-21;submitSocial;all;arwin
2017-06-23 05:08:21	worker	obama;2017-06-21 - 2017-06-21;submitSocial;all;arwin
2017-06-23 05:08:24	worker	starwars;2017-06-21 - 2017-06-21;submitSocial;all;arwin
2017-06-23 05:08:28	worker	jonan;2017-06-21 - 2017-06-21;submitSocial;all;arwin
2017-06-23 05:08:38	worker	pagi;2017-06-21 - 2017-06-21;submitSocial;all;arwin
2017-06-23 05:08:40	worker	sampoerna;2017-06-21 - 2017-06-21;submitSocial;all;arwin
2017-06-23 05:08:44	worker	djarum;2017-06-21 - 2017-06-21;submitSocial;all;arwin
2017-06-23 05:08:46	worker	#semangatpagi;2017-06-21 - 2017-06-21;submitSocial;all;arwin
2017-06-23 05:08:48	worker	#generaksi8;2017-06-21 - 2017-06-21;submitSocial;all;arwin
2017-06-23 05:08:50	worker	#365alasan;2017-06-21 - 2017-06-21;submitSocial;all;arwin
2017-06-23 05:08:53	worker	weew;2017-06-21 - 2017-06-21;submitSocial;all;arwin
2017-06-23 05:09:00	worker	testing;2017-06-21 - 2017-06-21;submitSocial;all;arwin
2017-06-23 05:09:03	worker	#kopaja;2017-06-21 - 2017-06-21;submitSocial;all;arwin
2017-06-23 05:09:05	worker	#genkuisinsideout;2017-06-21 - 2017-06-21;submitSocial;all;arwin
2017-06-23 05:09:08	worker	starwars;2017-06-21 - 2017-06-21;submitSocial;all;arwin
2017-06-23 05:09:11	worker	#kopaja;2017-06-21 - 2017-06-21;submitSocial;all;arwin
2017-06-23 05:09:14	worker	mldspot;2017-06-21 - 2017-06-21;submitSocial;all;arwin
2017-06-23 05:09:17	worker	PBDjarum;2017-06-21 - 2017-06-21;submitSocial;all;arwin
2017-06-23 05:09:19	worker	TemanNabati;2017-06-21 - 2017-06-21;submitSocial;all;arwin
2017-06-23 05:09:22	worker	Nextar;2017-06-21 - 2017-06-21;submitSocial;all;arwin
2017-06-23 05:09:26	worker	jokowo;2017-06-21 - 2017-06-21;submitSocial;all;arwin
2017-06-23 05:09:29	worker	prabowo;2017-06-21 - 2017-06-21;submitSocial;all;arwin
2017-06-23 05:09:31	worker	sudirman said;2017-06-21 - 2017-06-21;submitSocial;all;arwin
2017-06-23 05:09:36	worker	ahok;2017-06-21 - 2017-06-21;submitSocial;all;arwin
2017-06-23 05:09:39	worker	setyanovanto;2017-06-21 - 2017-06-21;submitSocial;all;arwin
2017-06-23 05:09:45	worker	jokowi;2017-06-21 - 2017-06-21;submitSocial;all;arwin
2017-06-23 05:09:51	worker	ahok;2017-06-21 - 2017-06-21;submitSocial;all;arwin
2017-06-23 05:09:54	worker	prabowo;2017-06-21 - 2017-06-21;submitSocial;all;arwin
2017-06-23 05:09:56	worker	sudirman said;2017-06-21 - 2017-06-21;submitSocial;all;arwin
2017-06-23 05:09:59	worker	setyanovanto;2017-06-21 - 2017-06-21;submitSocial;all;arwin
2017-06-23 05:10:04	worker	galau;2017-06-21 - 2017-06-21;submitSocial;all;arwin
2017-06-23 05:10:06	worker	#prestasiindonesia;2017-06-21 - 2017-06-21;submitSocial;all;arwin
2017-06-23 05:10:09	worker	@Tw_Debi;2017-06-21 - 2017-06-21;submitSocial;all;arwin
2017-06-23 05:10:11	worker	@OfficialFastron;2017-06-21 - 2017-06-21;submitSocial;all;arwin
2017-06-23 05:10:14	worker	@CitibankID;2017-06-21 - 2017-06-21;submitSocial;all;arwin
2017-06-23 05:10:16	worker	@jak101fm;2017-06-21 - 2017-06-21;submitSocial;all;arwin
2017-06-23 05:10:19	worker	@genfm;2017-06-21 - 2017-06-21;submitSocial;all;arwin
