2017-03-20 05:00:13	worker	@987genfm;2017-03-18 - 2017-03-18;submitSocial;all;arwin
2017-03-20 05:00:23	worker	@101jakfm;2017-03-18 - 2017-03-18;submitSocial;all;arwin
2017-03-20 05:00:33	worker	@prambors;2017-03-18 - 2017-03-18;submitSocial;all;arwin
2017-03-20 05:00:42	worker	@hardrockfm;2017-03-18 - 2017-03-18;submitSocial;all;arwin
2017-03-20 05:00:52	worker	@kisfmjakarta;2017-03-18 - 2017-03-18;submitSocial;all;arwin
2017-03-20 05:01:01	worker	@delta_fm;2017-03-18 - 2017-03-18;submitSocial;all;arwin
2017-03-20 05:01:11	worker	@traxfmjkt;2017-03-18 - 2017-03-18;submitSocial;all;arwin
2017-03-20 05:01:20	worker	@iradiojakarta;2017-03-18 - 2017-03-18;submitSocial;all;arwin
2017-03-20 05:01:30	worker	@indika9160fm;2017-03-18 - 2017-03-18;submitSocial;all;arwin
2017-03-20 05:01:39	worker	@shellindonesia;2017-03-18 - 2017-03-18;submitSocial;all;arwin
2017-03-20 05:01:48	worker	@vpowerfans;2017-03-18 - 2017-03-18;submitSocial;all;arwin
2017-03-20 05:01:57	worker	@pertamaxind;2017-03-18 - 2017-03-18;submitSocial;all;arwin
2017-03-20 05:02:07	worker	@ptpertamina;2017-03-18 - 2017-03-18;submitSocial;all;arwin
2017-03-20 05:02:16	worker	@OZRadioJakarta;2017-03-18 - 2017-03-18;submitSocial;all;arwin
2017-03-20 05:02:25	worker	@CosmopolitanFM;2017-03-18 - 2017-03-18;submitSocial;all;arwin
2017-03-20 05:02:35	worker	@mustang88fm;2017-03-18 - 2017-03-18;submitSocial;all;arwin
2017-03-20 05:02:44	worker	@debabaz;2017-03-18 - 2017-03-18;submitSocial;all;arwin
2017-03-20 05:02:54	worker	@detikcom;2017-03-18 - 2017-03-18;submitSocial;all;arwin
2017-03-20 05:03:04	worker	@radioelshinta;2017-03-18 - 2017-03-18;submitSocial;all;arwin
2017-03-20 05:03:13	worker	@cinema21;2017-03-18 - 2017-03-18;submitSocial;all;arwin
2017-03-20 05:03:23	worker	@OfficialRCTI;2017-03-18 - 2017-03-18;submitSocial;all;arwin
2017-03-20 05:03:33	worker	@TRANSTV_CORP;2017-03-18 - 2017-03-18;submitSocial;all;arwin
2017-03-20 05:03:42	worker	@TRANS7;2017-03-18 - 2017-03-18;submitSocial;all;arwin
2017-03-20 05:03:52	worker	@Metro_TV;2017-03-18 - 2017-03-18;submitSocial;all;arwin
2017-03-20 05:04:01	worker	@tvOneNews;2017-03-18 - 2017-03-18;submitSocial;all;arwin
2017-03-20 05:04:11	worker	@whatsonANTV;2017-03-18 - 2017-03-18;submitSocial;all;arwin
2017-03-20 05:04:21	worker	@SCTV_;2017-03-18 - 2017-03-18;submitSocial;all;arwin
2017-03-20 05:04:31	worker	@KompasTV;2017-03-18 - 2017-03-18;submitSocial;all;arwin
2017-03-20 05:04:40	worker	@netmediatama;2017-03-18 - 2017-03-18;submitSocial;all;arwin
2017-03-20 05:04:50	worker	@Globaltvseru;2017-03-18 - 2017-03-18;submitSocial;all;arwin
2017-03-20 05:04:59	worker	@JaktvCom;2017-03-18 - 2017-03-18;submitSocial;all;arwin
2017-03-20 05:05:10	worker	@TVRINasional;2017-03-18 - 2017-03-18;submitSocial;all;arwin
2017-03-20 05:05:19	worker	@ochannelupdates;2017-03-18 - 2017-03-18;submitSocial;all;arwin
2017-03-20 05:05:29	worker	@IndosiarID;2017-03-18 - 2017-03-18;submitSocial;all;arwin
2017-03-20 05:05:40	worker	@kompascom;2017-03-18 - 2017-03-18;submitSocial;all;arwin
2017-03-20 05:05:49	worker	@merdekadotcom;2017-03-18 - 2017-03-18;submitSocial;all;arwin
2017-03-20 05:05:58	worker	@MIdotcom;2017-03-18 - 2017-03-18;submitSocial;all;arwin
2017-03-20 05:06:08	worker	@tempodotco;2017-03-18 - 2017-03-18;submitSocial;all;arwin
2017-03-20 05:06:17	worker	@motion975fm;2017-03-18 - 2017-03-18;submitSocial;all;arwin
2017-03-20 05:06:26	worker	@_radiotoday;2017-03-18 - 2017-03-18;submitSocial;all;arwin
2017-03-20 05:06:35	worker	@radioinfo;2017-03-18 - 2017-03-18;submitSocial;all;arwin
2017-03-20 05:06:45	worker	@979FeMaleRadio;2017-03-18 - 2017-03-18;submitSocial;all;arwin
2017-03-20 05:06:54	worker	@WomanRadio943FM;2017-03-18 - 2017-03-18;submitSocial;all;arwin
2017-03-20 05:07:03	worker	@VRadioFM;2017-03-18 - 2017-03-18;submitSocial;all;arwin
2017-03-20 05:07:12	worker	@UFM947;2017-03-18 - 2017-03-18;submitSocial;all;arwin
2017-03-20 05:07:22	worker	@VIVAnews;2017-03-18 - 2017-03-18;submitSocial;all;arwin
2017-03-20 05:07:31	worker	@antaranews;2017-03-18 - 2017-03-18;submitSocial;all;arwin
2017-03-20 05:07:41	worker	@tribunnews;2017-03-18 - 2017-03-18;submitSocial;all;arwin
2017-03-20 05:07:50	worker	@okezonenews;2017-03-18 - 2017-03-18;submitSocial;all;arwin
2017-03-20 05:08:00	worker	@Beritasatu;2017-03-18 - 2017-03-18;submitSocial;all;arwin
2017-03-20 05:08:09	worker	@rollingstoneina;2017-03-18 - 2017-03-18;submitSocial;all;arwin
2017-03-20 05:08:19	worker	@FIMELAdotcom;2017-03-18 - 2017-03-18;submitSocial;all;arwin
2017-03-20 05:08:28	worker	@KapanLagicom;2017-03-18 - 2017-03-18;submitSocial;all;arwin
2017-03-20 05:08:37	worker	@KompasEnt ;2017-03-18 - 2017-03-18;submitSocial;all;arwin
2017-03-20 05:08:47	worker	@HaiMagazine;2017-03-18 - 2017-03-18;submitSocial;all;arwin
2017-03-20 05:08:57	worker	@JakartaVenue;2017-03-18 - 2017-03-18;submitSocial;all;arwin
2017-03-20 05:09:06	worker	@SeputarEvent;2017-03-18 - 2017-03-18;submitSocial;all;arwin
2017-03-20 05:09:16	worker	@ismayaLive;2017-03-18 - 2017-03-18;submitSocial;all;arwin
2017-03-20 05:09:25	worker	@ECEntertainment;2017-03-18 - 2017-03-18;submitSocial;all;arwin
2017-03-20 05:09:34	worker	@synergism_En;2017-03-18 - 2017-03-18;submitSocial;all;arwin
2017-03-20 05:09:43	worker	@Urbanbandung;2017-03-18 - 2017-03-18;submitSocial;all;arwin
2017-03-20 05:09:52	worker	@Urbanrkm995;2017-03-18 - 2017-03-18;submitSocial;all;arwin
2017-03-20 05:10:02	worker	@Garuda_Promo;2017-03-18 - 2017-03-18;submitSocial;all;arwin
2017-03-20 05:10:12	worker	@AirAsiaID;2017-03-18 - 2017-03-18;submitSocial;all;arwin
2017-03-20 05:10:21	worker	@KAI121;2017-03-18 - 2017-03-18;submitSocial;all;arwin
2017-03-20 05:10:31	worker	@Unilever;2017-03-18 - 2017-03-18;submitSocial;all;arwin
2017-03-20 05:10:41	worker	@Nestle;2017-03-18 - 2017-03-18;submitSocial;all;arwin
2017-03-20 05:10:52	worker	@CocaCola;2017-03-18 - 2017-03-18;submitSocial;all;arwin
2017-03-20 05:11:07	worker	@CNN;2017-03-18 - 2017-03-18;submitSocial;all;arwin
2017-03-20 05:11:19	worker	@MTV;2017-03-18 - 2017-03-18;submitSocial;all;arwin
2017-03-20 05:11:28	worker	@channelv;2017-03-18 - 2017-03-18;submitSocial;all;arwin
2017-03-20 05:11:38	worker	@iTunesMusic;2017-03-18 - 2017-03-18;submitSocial;all;arwin
2017-03-20 05:11:49	worker	@mashable;2017-03-18 - 2017-03-18;submitSocial;all;arwin
2017-03-20 05:11:58	worker	@decacaz;2017-03-18 - 2017-03-18;submitSocial;all;arwin
2017-03-20 05:12:07	worker	@radiobaru967FM;2017-03-18 - 2017-03-18;submitSocial;all;arwin
2017-03-20 05:12:17	worker	@967HitzFM;2017-03-18 - 2017-03-18;submitSocial;all;arwin
2017-03-20 05:12:26	worker	@TVGuide;2017-03-18 - 2017-03-18;submitSocial;all;arwin
2017-03-20 05:12:36	worker	@XL123;2017-03-18 - 2017-03-18;submitSocial;all;arwin
2017-03-20 05:12:45	worker	@triindonesia;2017-03-18 - 2017-03-18;submitSocial;all;arwin
2017-03-20 05:12:55	worker	@kaskus;2017-03-18 - 2017-03-18;submitSocial;all;arwin
2017-03-20 05:13:05	worker	@Studio_XXI;2017-03-18 - 2017-03-18;submitSocial;all;arwin
2017-03-20 05:13:14	worker	@blitzmegaplex;2017-03-18 - 2017-03-18;submitSocial;all;arwin
2017-03-20 05:13:23	worker	@alfamartku;2017-03-18 - 2017-03-18;submitSocial;all;arwin
2017-03-20 05:13:32	worker	@Carrefour_ID;2017-03-18 - 2017-03-18;submitSocial;all;arwin
2017-03-20 05:13:43	worker	@BBCBreaking;2017-03-18 - 2017-03-18;submitSocial;all;arwin
2017-03-20 05:13:56	worker	@Forbes;2017-03-18 - 2017-03-18;submitSocial;all;arwin
2017-03-20 05:14:05	worker	@BensRadio;2017-03-18 - 2017-03-18;submitSocial;all;arwin
2017-03-20 05:14:17	worker	@instagram;2017-03-18 - 2017-03-18;submitSocial;all;arwin
2017-03-20 05:14:26	worker	@Pinterest;2017-03-18 - 2017-03-18;submitSocial;all;arwin
2017-03-20 05:14:38	worker	@google;2017-03-18 - 2017-03-18;submitSocial;all;arwin
2017-03-20 05:14:48	worker	@Pertaminalub;2017-03-18 - 2017-03-18;submitSocial;all;arwin
2017-03-20 05:14:57	worker	@InfoLalinTol;2017-03-18 - 2017-03-18;submitSocial;all;arwin
2017-03-20 05:15:07	worker	@PTJASAMARGA;2017-03-18 - 2017-03-18;submitSocial;all;arwin
2017-03-20 05:15:16	worker	@cititransindo;2017-03-18 - 2017-03-18;submitSocial;all;arwin
2017-03-20 05:15:25	worker	#semangatpagisuperr;2017-03-18 - 2017-03-18;submitSocial;all;arwin
2017-03-20 05:15:34	worker	#genkuisinsideout;2017-03-18 - 2017-03-18;submitSocial;all;arwin
2017-03-20 05:15:44	worker	#semangatpagi;2017-03-18 - 2017-03-18;submitSocial;all;arwin
2017-03-20 05:15:53	worker	#dikamar;2017-03-18 - 2017-03-18;submitSocial;all;arwin
2017-03-20 05:16:03	worker	#kopaja;2017-03-18 - 2017-03-18;submitSocial;all;arwin
2017-03-20 05:16:12	worker	#generaksi8;2017-03-18 - 2017-03-18;submitSocial;all;arwin
2017-03-20 05:16:21	worker	#hitztsp;2017-03-18 - 2017-03-18;submitSocial;all;arwin
2017-03-20 05:16:31	worker	#np;2017-03-18 - 2017-03-18;submitSocial;all;arwin
2017-03-20 05:16:40	worker	#hitzlivestage;2017-03-18 - 2017-03-18;submitSocial;all;arwin
2017-03-20 05:16:49	worker	#thefreaks;2017-03-18 - 2017-03-18;submitSocial;all;arwin
2017-03-20 05:16:59	worker	#hitzsirkuspagi;2017-03-18 - 2017-03-18;submitSocial;all;arwin
2017-03-20 05:17:08	worker	#hitzathlon;2017-03-18 - 2017-03-18;submitSocial;all;arwin
2017-03-20 05:17:17	worker	#hitzzombie;2017-03-18 - 2017-03-18;submitSocial;all;arwin
2017-03-20 05:17:26	worker	#hitzkalong;2017-03-18 - 2017-03-18;submitSocial;all;arwin
2017-03-20 05:17:36	worker	#hitzbebas;2017-03-18 - 2017-03-18;submitSocial;all;arwin
2017-03-20 05:17:45	worker	#hitzhorehara;2017-03-18 - 2017-03-18;submitSocial;all;arwin
2017-03-20 05:17:54	worker	@ZaloraID;2017-03-18 - 2017-03-18;submitSocial;all;arwin
2017-03-20 05:18:04	worker	@OLX_Indonesia;2017-03-18 - 2017-03-18;submitSocial;all;arwin
2017-03-20 05:18:13	worker	@LazadaID;2017-03-18 - 2017-03-18;submitSocial;all;arwin
2017-03-20 05:18:22	worker	@utrippers;2017-03-18 - 2017-03-18;submitSocial;all;arwin
2017-03-20 05:18:32	worker	@GoGobot;2017-03-18 - 2017-03-18;submitSocial;all;arwin
2017-03-20 05:18:41	worker	@viatortravel;2017-03-18 - 2017-03-18;submitSocial;all;arwin
2017-03-20 05:18:51	worker	@alandakariza;2017-03-18 - 2017-03-18;submitSocial;all;arwin
2017-03-20 05:19:00	worker	@gagasmedia;2017-03-18 - 2017-03-18;submitSocial;all;arwin
2017-03-20 05:19:10	worker	@welovehonda;2017-03-18 - 2017-03-18;submitSocial;all;arwin
2017-03-20 05:19:19	worker	@SuzukiMotorID;2017-03-18 - 2017-03-18;submitSocial;all;arwin
2017-03-20 05:19:28	worker	@kawasakilovers;2017-03-18 - 2017-03-18;submitSocial;all;arwin
2017-03-20 05:19:37	worker	@yamahaindonesia;2017-03-18 - 2017-03-18;submitSocial;all;arwin
2017-03-20 05:19:47	worker	@tripanzee;2017-03-18 - 2017-03-18;submitSocial;all;arwin
2017-03-20 05:19:56	worker	@arnoldpoernomo;2017-03-18 - 2017-03-18;submitSocial;all;arwin
2017-03-20 05:20:06	worker	@nicsap;2017-03-18 - 2017-03-18;submitSocial;all;arwin
2017-03-20 05:20:15	worker	@tiket2;2017-03-18 - 2017-03-18;submitSocial;all;arwin
2017-03-20 05:20:25	worker	@traveloka;2017-03-18 - 2017-03-18;submitSocial;all;arwin
2017-03-20 05:20:35	worker	@wego;2017-03-18 - 2017-03-18;submitSocial;all;arwin
2017-03-20 05:20:45	worker	@agoda;2017-03-18 - 2017-03-18;submitSocial;all;arwin
2017-03-20 05:20:55	worker	#salahsambung;2017-03-18 - 2017-03-18;submitSocial;all;arwin
2017-03-20 05:21:04	worker	#tulalit;2017-03-18 - 2017-03-18;submitSocial;all;arwin
2017-03-20 05:21:13	worker	#pestageneraksi8;2017-03-18 - 2017-03-18;submitSocial;all;arwin
2017-03-20 05:21:23	worker	#ganaskustik;2017-03-18 - 2017-03-18;submitSocial;all;arwin
2017-03-20 05:21:32	worker	#lnhot20;2017-03-18 - 2017-03-18;submitSocial;all;arwin
2017-03-20 05:21:41	worker	@TripAdvisor;2017-03-18 - 2017-03-18;submitSocial;all;arwin
2017-03-20 05:21:53	worker	@google;2017-03-18 - 2017-03-18;submitSocial;all;arwin
2017-03-20 05:22:03	worker	@Telkomsel;2017-03-18 - 2017-03-18;submitSocial;all;arwin
2017-03-20 05:22:13	worker	@indosat;2017-03-18 - 2017-03-18;submitSocial;all;arwin
2017-03-20 05:22:29	worker	@bahanafmjkt;2017-03-18 - 2017-03-18;submitSocial;all;2017-03-20 05:22:40	worker	@sonorafm92;2017-03-18 - 2017-03-18;submitSocial;all;arwin
2017-03-20 05:22:50	worker	@litefm1058;2017-03-18 - 2017-03-18;submitSocial;all;arwin
2017-03-20 05:22:59	worker	@Bravaradio;2017-03-18 - 2017-03-18;submitSocial;all;arwin
2017-03-20 05:23:09	worker	#dgitm;2017-03-18 - 2017-03-18;submitSocial;all;arwin
2017-03-20 05:23:18	worker	#hitsalaprambors;2017-03-18 - 2017-03-18;submitSocial;all;arwin
2017-03-20 05:23:27	worker	#reqprambors;2017-03-18 - 2017-03-18;submitSocial;all;arwin
2017-03-20 05:23:37	worker	#thedandees;2017-03-18 - 2017-03-18;submitSocial;all;arwin
2017-03-20 05:23:46	worker	#pramborsquiz;2017-03-18 - 2017-03-18;submitSocial;all;arwin
2017-03-20 05:23:55	worker	#jeliprambors;2017-03-18 - 2017-03-18;submitSocial;all;arwin
2017-03-20 05:24:04	worker	#jodohinprambors;2017-03-18 - 2017-03-18;submitSocial;all;arwin
2017-03-20 05:24:13	worker	#ubahdenganbicara;2017-03-18 - 2017-03-18;submitSocial;all;arwin
2017-03-20 05:24:22	worker	#pramborschat;2017-03-18 - 2017-03-18;submitSocial;all;arwin
2017-03-20 05:24:32	worker	#tweetforduit;2017-03-18 - 2017-03-18;submitSocial;all;arwin
2017-03-20 05:24:41	worker	#joki3in1;2017-03-18 - 2017-03-18;submitSocial;all;arwin
2017-03-20 05:24:50	worker	#sarapanseru;2017-03-18 - 2017-03-18;submitSocial;all;arwin
2017-03-20 05:24:59	worker	#rawonkaneloop;2017-03-18 - 2017-03-18;submitSocial;all;arwin
2017-03-20 05:25:09	worker	#gudegkendilkeraton;2017-03-18 - 2017-03-18;submitSocial;all;arwin
2017-03-20 05:25:18	worker	#gadogadobutika;2017-03-18 - 2017-03-18;submitSocial;all;arwin
2017-03-20 05:25:28	worker	#mtvhottest;2017-03-18 - 2017-03-18;submitSocial;all;arwin
2017-03-20 05:25:37	worker	#dimsumcjdw;2017-03-18 - 2017-03-18;submitSocial;all;arwin
2017-03-20 05:25:46	worker	#pecelmadiunmbakniek;2017-03-18 - 2017-03-18;submitSocial;all;arwin
2017-03-20 05:25:55	worker	#depotarema;2017-03-18 - 2017-03-18;submitSocial;all;arwin
2017-03-20 05:26:05	worker	@BNI46;2017-03-18 - 2017-03-18;submitSocial;all;arwin
2017-03-20 05:26:14	worker	@BANKBRI_ID;2017-03-18 - 2017-03-18;submitSocial;all;arwin
2017-03-20 05:26:23	worker	#bni46;2017-03-18 - 2017-03-18;submitSocial;all;arwin
2017-03-20 05:26:35	worker	macet;2017-03-18 - 2017-03-18;submitSocial;all;arwin
2017-03-20 05:26:44	worker	#selamatpagi;2017-03-18 - 2017-03-18;submitSocial;all;arwin
2017-03-20 05:26:53	worker	#selamatmalam;2017-03-18 - 2017-03-18;submitSocial;all;arwin
2017-03-20 05:27:03	worker	@884GlobalRadio;2017-03-18 - 2017-03-18;submitSocial;all;arwin
2017-03-20 05:27:12	worker	@day_trans;2017-03-18 - 2017-03-18;submitSocial;all;arwin
2017-03-20 05:27:21	worker	@kencanavoyage;2017-03-18 - 2017-03-18;submitSocial;all;arwin
2017-03-20 05:27:31	worker	@jukebox5d;2017-03-18 - 2017-03-18;submitSocial;all;arwin
2017-03-20 05:27:40	worker	#mtvhottest;2017-03-18 - 2017-03-18;submitSocial;all;arwin
2017-03-20 05:27:49	worker	#semangatpagi;2017-03-18 - 2017-03-18;submitSocial;all;arwin
2017-03-20 05:27:58	worker	lifebuoy;2017-03-18 - 2017-03-18;submitSocial;all;arwin
2017-03-20 05:28:10	worker	jokowi;2017-03-18 - 2017-03-18;submitSocial;all;arwin
2017-03-20 05:28:26	worker	obama;2017-03-18 - 2017-03-18;submitSocial;all;arwin
2017-03-20 05:28:36	worker	starwars;2017-03-18 - 2017-03-18;submitSocial;all;arwin
2017-03-20 05:28:46	worker	jonan;2017-03-18 - 2017-03-18;submitSocial;all;arwin
2017-03-20 05:29:02	worker	pagi;2017-03-18 - 2017-03-18;submitSocial;all;arwin
2017-03-20 05:29:12	worker	sampoerna;2017-03-18 - 2017-03-18;submitSocial;all;arwin
2017-03-20 05:29:21	worker	djarum;2017-03-18 - 2017-03-18;submitSocial;all;arwin
2017-03-20 05:29:31	worker	#semangatpagi;2017-03-18 - 2017-03-18;submitSocial;all;arwin
2017-03-20 05:29:40	worker	#generaksi8;2017-03-18 - 2017-03-18;submitSocial;all;arwin
2017-03-20 05:29:49	worker	#365alasan;2017-03-18 - 2017-03-18;submitSocial;all;arwin
2017-03-20 05:29:59	worker	weew;2017-03-18 - 2017-03-18;submitSocial;all;arwin
2017-03-20 05:30:13	worker	testing;2017-03-18 - 2017-03-18;submitSocial;all;arwin
2017-03-20 05:30:23	worker	#kopaja;2017-03-18 - 2017-03-18;submitSocial;all;arwin
2017-03-20 05:30:32	worker	#genkuisinsideout;2017-03-18 - 2017-03-18;submitSocial;all;arwin
2017-03-20 05:30:42	worker	starwars;2017-03-18 - 2017-03-18;submitSocial;all;arwin
2017-03-20 05:30:51	worker	#kopaja;2017-03-18 - 2017-03-18;submitSocial;all;arwin
2017-03-20 05:31:01	worker	mldspot;2017-03-18 - 2017-03-18;submitSocial;all;arwin
2017-03-20 05:31:10	worker	PBDjarum;2017-03-18 - 2017-03-18;submitSocial;all;arwin
2017-03-20 05:31:20	worker	TemanNabati;2017-03-18 - 2017-03-18;submitSocial;all;arwin
2017-03-20 05:31:29	worker	Nextar;2017-03-18 - 2017-03-18;submitSocial;all;arwin
2017-03-20 05:31:39	worker	jokowo;2017-03-18 - 2017-03-18;submitSocial;all;arwin
2017-03-20 05:31:49	worker	prabowo;2017-03-18 - 2017-03-18;submitSocial;all;arwin
2017-03-20 05:31:58	worker	sudirman said;2017-03-18 - 2017-03-18;submitSocial;all;arwin
2017-03-20 05:32:10	worker	ahok;2017-03-18 - 2017-03-18;submitSocial;all;arwin
2017-03-20 05:32:19	worker	setyanovanto;2017-03-18 - 2017-03-18;submitSocial;all;arwin
2017-03-20 05:32:31	worker	jokowi;2017-03-18 - 2017-03-18;submitSocial;all;arwin
2017-03-20 05:32:43	worker	ahok;2017-03-18 - 2017-03-18;submitSocial;all;arwin
2017-03-20 05:32:53	worker	prabowo;2017-03-18 - 2017-03-18;submitSocial;all;arwin
2017-03-20 05:33:02	worker	sudirman said;2017-03-18 - 2017-03-18;submitSocial;all;arwin
2017-03-20 05:33:11	worker	setyanovanto;2017-03-18 - 2017-03-18;submitSocial;all;arwin
2017-03-20 05:33:21	worker	galau;2017-03-18 - 2017-03-18;submitSocial;all;arwin
2017-03-20 05:33:30	worker	#prestasiindonesia;2017-03-18 - 2017-03-18;submitSocial;all;arwin
2017-03-20 05:33:40	worker	@Tw_Debi;2017-03-18 - 2017-03-18;submitSocial;all;arwin
2017-03-20 05:33:49	worker	@OfficialFastron;2017-03-18 - 2017-03-18;submitSocial;all;arwin
2017-03-20 05:33:58	worker	@CitibankID;2017-03-18 - 2017-03-18;submitSocial;all;arwin
2017-03-20 05:34:07	worker	@jak101fm;2017-03-18 - 2017-03-18;submitSocial;all;arwin
2017-03-20 05:34:17	worker	@genfm;2017-03-18 - 2017-03-18;submitSocial;all;arwin
2017-03-20 15:23:12	worker	anies;2017-03-13 - 2017-03-19;submitSocial;all;tommy5D	anies;2017-03-13 - 2017-03-19;submitSocial;all;tommy5D
2017-03-20 15:23:14	done	anies;2017-03-13 - 2017-03-19;submitSocial;all;tommy5D
2017-03-20 15:23:21	worker	ahok;2017-03-19 - 2017-03-19;submitSocial;all;tommy5D	ahok;2017-03-13 - 2017-03-19;submitSocial;all;tommy5D
2017-03-20 15:23:21	done	ahok;2017-03-13 - 2017-03-19;submitSocial;all;tommy5D
2017-03-20 15:23:58	report	Anies!ahok;03/13/2017 - 03/19/2017;tommy5D;submitSocial	{"Anies":{"area":4608,"medium":{"2017-03-13":606,"2017-03-14":1196,"2017-03-15":679,"2017-03-16":419,"2017-03-17":425,"2017-03-18":488,"2017-03-19":795},"unique_screenname":3766,"dev":{"Iphone":566,"Android":2731,"Web":434,"Blackberry":83},"loc":{"Jakarta":1106,"Depok":22,"Bogor":42,"Tangerang":40,"Bekasi":38},"sentimen":{"goodwords":3.02,"badwords":1.63,"netral":95.34}},"ahok":{"area":31442,"medium":{"2017-03-13":3323,"2017-03-14":5688,"2017-03-15":3561,"2017-03-16":4668,"2017-03-17":5558,"2017-03-18":2808,"2017-03-19":5836},"unique_screenname":18066,"dev":{"Iphone":3027,"Android":17957,"Web":2896,"Blackberry":577},"loc":{"Jakarta":7406,"Depok":151,"Bogor":316,"Tangerang":241,"Bekasi":285},"sentimen":{"goodwords":8.14,"badwords":4.61,"netral":87.25}}}
