2017-05-14 05:00:07	worker	@987genfm;2017-05-12 - 2017-05-12;submitSocial;all;arwin
2017-05-14 05:00:10	worker	@101jakfm;2017-05-12 - 2017-05-12;submitSocial;all;arwin
2017-05-14 05:00:13	worker	@prambors;2017-05-12 - 2017-05-12;submitSocial;all;arwin
2017-05-14 05:00:15	worker	@hardrockfm;2017-05-12 - 2017-05-12;submitSocial;all;arwin
2017-05-14 05:00:18	worker	@kisfmjakarta;2017-05-12 - 2017-05-12;submitSocial;all;arwin
2017-05-14 05:00:20	worker	@delta_fm;2017-05-12 - 2017-05-12;submitSocial;all;arwin
2017-05-14 05:00:23	worker	@traxfmjkt;2017-05-12 - 2017-05-12;submitSocial;all;arwin
2017-05-14 05:00:25	worker	@iradiojakarta;2017-05-12 - 2017-05-12;submitSocial;all;arwin
2017-05-14 05:00:27	worker	@indika9160fm;2017-05-12 - 2017-05-12;submitSocial;all;arwin
2017-05-14 05:00:29	worker	@shellindonesia;2017-05-12 - 2017-05-12;submitSocial;all;arwin
2017-05-14 05:00:32	worker	@vpowerfans;2017-05-12 - 2017-05-12;submitSocial;all;arwin
2017-05-14 05:00:34	worker	@pertamaxind;2017-05-12 - 2017-05-12;submitSocial;all;arwin
2017-05-14 05:00:37	worker	@ptpertamina;2017-05-12 - 2017-05-12;submitSocial;all;arwin
2017-05-14 05:00:39	worker	@OZRadioJakarta;2017-05-12 - 2017-05-12;submitSocial;all;arwin
2017-05-14 05:00:41	worker	@CosmopolitanFM;2017-05-12 - 2017-05-12;submitSocial;all;arwin
2017-05-14 05:00:43	worker	@mustang88fm;2017-05-12 - 2017-05-12;submitSocial;all;arwin
2017-05-14 05:00:45	worker	@debabaz;2017-05-12 - 2017-05-12;submitSocial;all;arwin
2017-05-14 05:00:49	worker	@detikcom;2017-05-12 - 2017-05-12;submitSocial;all;arwin
2017-05-14 05:00:52	worker	@radioelshinta;2017-05-12 - 2017-05-12;submitSocial;all;arwin
2017-05-14 05:00:54	worker	@cinema21;2017-05-12 - 2017-05-12;submitSocial;all;arwin
2017-05-14 05:00:57	worker	@OfficialRCTI;2017-05-12 - 2017-05-12;submitSocial;all;arwin
2017-05-14 05:01:00	worker	@TRANSTV_CORP;2017-05-12 - 2017-05-12;submitSocial;all;arwin
2017-05-14 05:01:02	worker	@TRANS7;2017-05-12 - 2017-05-12;submitSocial;all;arwin
2017-05-14 05:01:08	worker	@Metro_TV;2017-05-12 - 2017-05-12;submitSocial;all;arwin
2017-05-14 05:01:10	worker	@tvOneNews;2017-05-12 - 2017-05-12;submitSocial;all;arwin
2017-05-14 05:01:13	worker	@whatsonANTV;2017-05-12 - 2017-05-12;submitSocial;all;arwin
2017-05-14 05:01:17	worker	@SCTV_;2017-05-12 - 2017-05-12;submitSocial;all;arwin
2017-05-14 05:01:20	worker	@KompasTV;2017-05-12 - 2017-05-12;submitSocial;all;arwin
2017-05-14 05:01:23	worker	@netmediatama;2017-05-12 - 2017-05-12;submitSocial;all;arwin
2017-05-14 05:01:26	worker	@Globaltvseru;2017-05-12 - 2017-05-12;submitSocial;all;arwin
2017-05-14 05:01:28	worker	@JaktvCom;2017-05-12 - 2017-05-12;submitSocial;all;arwin
2017-05-14 05:01:30	worker	@TVRINasional;2017-05-12 - 2017-05-12;submitSocial;all;arwin
2017-05-14 05:01:33	worker	@ochannelupdates;2017-05-12 - 2017-05-12;submitSocial;all;arwin
2017-05-14 05:01:36	worker	@IndosiarID;2017-05-12 - 2017-05-12;submitSocial;all;arwin
2017-05-14 05:01:42	worker	@kompascom;2017-05-12 - 2017-05-12;submitSocial;all;arwin
2017-05-14 05:01:44	worker	@merdekadotcom;2017-05-12 - 2017-05-12;submitSocial;all;arwin
2017-05-14 05:01:47	worker	@MIdotcom;2017-05-12 - 2017-05-12;submitSocial;all;arwin
2017-05-14 05:01:50	worker	@tempodotco;2017-05-12 - 2017-05-12;submitSocial;all;arwin
2017-05-14 05:01:52	worker	@motion975fm;2017-05-12 - 2017-05-12;submitSocial;all;arwin
2017-05-14 05:01:55	worker	@_radiotoday;2017-05-12 - 2017-05-12;submitSocial;all;arwin
2017-05-14 05:01:57	worker	@radioinfo;2017-05-12 - 2017-05-12;submitSocial;all;arwin
2017-05-14 05:02:00	worker	@979FeMaleRadio;2017-05-12 - 2017-05-12;submitSocial;all;arwin
2017-05-14 05:02:02	worker	@WomanRadio943FM;2017-05-12 - 2017-05-12;submitSocial;all;arwin
2017-05-14 05:02:05	worker	@VRadioFM;2017-05-12 - 2017-05-12;submitSocial;all;arwin
2017-05-14 05:02:07	worker	@UFM947;2017-05-12 - 2017-05-12;submitSocial;all;arwin
2017-05-14 05:02:09	worker	@VIVAnews;2017-05-12 - 2017-05-12;submitSocial;all;arwin
2017-05-14 05:02:12	worker	@antaranews;2017-05-12 - 2017-05-12;submitSocial;all;arwin
2017-05-14 05:02:16	worker	@tribunnews;2017-05-12 - 2017-05-12;submitSocial;all;arwin
2017-05-14 05:02:19	worker	@okezonenews;2017-05-12 - 2017-05-12;submitSocial;all;arwin
2017-05-14 05:02:22	worker	@Beritasatu;2017-05-12 - 2017-05-12;submitSocial;all;arwin
2017-05-14 05:02:24	worker	@rollingstoneina;2017-05-12 - 2017-05-12;submitSocial;all;arwin
2017-05-14 05:02:27	worker	@FIMELAdotcom;2017-05-12 - 2017-05-12;submitSocial;all;arwin
2017-05-14 05:02:29	worker	@KapanLagicom;2017-05-12 - 2017-05-12;submitSocial;all;arwin
2017-05-14 05:02:31	worker	@KompasEnt ;2017-05-12 - 2017-05-12;submitSocial;all;arwin
2017-05-14 05:02:34	worker	@HaiMagazine;2017-05-12 - 2017-05-12;submitSocial;all;arwin
2017-05-14 05:02:36	worker	@JakartaVenue;2017-05-12 - 2017-05-12;submitSocial;all;arwin
2017-05-14 05:02:38	worker	@SeputarEvent;2017-05-12 - 2017-05-12;submitSocial;all;arwin
2017-05-14 05:02:41	worker	@ismayaLive;2017-05-12 - 2017-05-12;submitSocial;all;arwin
2017-05-14 05:02:43	worker	@ECEntertainment;2017-05-12 - 2017-05-12;submitSocial;all;arwin
2017-05-14 05:02:45	worker	@synergism_En;2017-05-12 - 2017-05-12;submitSocial;all;arwin
2017-05-14 05:02:47	worker	@Urbanbandung;2017-05-12 - 2017-05-12;submitSocial;all;arwin
2017-05-14 05:02:49	worker	@Urbanrkm995;2017-05-12 - 2017-05-12;submitSocial;all;arwin
2017-05-14 05:02:51	worker	@Garuda_Promo;2017-05-12 - 2017-05-12;submitSocial;all;arwin
2017-05-14 05:02:54	worker	@AirAsiaID;2017-05-12 - 2017-05-12;submitSocial;all;arwin
2017-05-14 05:02:56	worker	@KAI121;2017-05-12 - 2017-05-12;submitSocial;all;arwin
2017-05-14 05:02:59	worker	@Unilever;2017-05-12 - 2017-05-12;submitSocial;all;arwin
2017-05-14 05:03:02	worker	@Nestle;2017-05-12 - 2017-05-12;submitSocial;all;arwin
2017-05-14 05:03:05	worker	@CocaCola;2017-05-12 - 2017-05-12;submitSocial;all;arwin
2017-05-14 05:03:13	worker	@CNN;2017-05-12 - 2017-05-12;submitSocial;all;arwin
2017-05-14 05:03:17	worker	@MTV;2017-05-12 - 2017-05-12;submitSocial;all;arwin
2017-05-14 05:03:19	worker	@channelv;2017-05-12 - 2017-05-12;submitSocial;all;arwin
2017-05-14 05:03:22	worker	@iTunesMusic;2017-05-12 - 2017-05-12;submitSocial;all;arwin
2017-05-14 05:03:27	worker	@mashable;2017-05-12 - 2017-05-12;submitSocial;all;arwin
2017-05-14 05:03:29	worker	@decacaz;2017-05-12 - 2017-05-12;submitSocial;all;arwin
2017-05-14 05:03:31	worker	@radiobaru967FM;2017-05-12 - 2017-05-12;submitSocial;all;arwin
2017-05-14 05:03:33	worker	@967HitzFM;2017-05-12 - 2017-05-12;submitSocial;all;arwin
2017-05-14 05:03:36	worker	@TVGuide;2017-05-12 - 2017-05-12;submitSocial;all;arwin
2017-05-14 05:03:39	worker	@XL123;2017-05-12 - 2017-05-12;submitSocial;all;arwin
2017-05-14 05:03:41	worker	@triindonesia;2017-05-12 - 2017-05-12;submitSocial;all;arwin
2017-05-14 05:03:44	worker	@kaskus;2017-05-12 - 2017-05-12;submitSocial;all;arwin
2017-05-14 05:03:47	worker	@Studio_XXI;2017-05-12 - 2017-05-12;submitSocial;all;arwin
2017-05-14 05:03:49	worker	@blitzmegaplex;2017-05-12 - 2017-05-12;submitSocial;all;arwin
2017-05-14 05:03:51	worker	@alfamartku;2017-05-12 - 2017-05-12;submitSocial;all;arwin
2017-05-14 05:03:53	worker	@Carrefour_ID;2017-05-12 - 2017-05-12;submitSocial;all;arwin
2017-05-14 05:03:57	worker	@BBCBreaking;2017-05-12 - 2017-05-12;submitSocial;all;arwin
2017-05-14 05:04:04	worker	@Forbes;2017-05-12 - 2017-05-12;submitSocial;all;arwin
2017-05-14 05:04:07	worker	@BensRadio;2017-05-12 - 2017-05-12;submitSocial;all;arwin
2017-05-14 05:04:13	worker	@instagram;2017-05-12 - 2017-05-12;submitSocial;all;arwin
2017-05-14 05:04:16	worker	@Pinterest;2017-05-12 - 2017-05-12;submitSocial;all;arwin
2017-05-14 05:04:22	worker	@google;2017-05-12 - 2017-05-12;submitSocial;all;arwin
2017-05-14 05:04:24	worker	@Pertaminalub;2017-05-12 - 2017-05-12;submitSocial;all;arwin
2017-05-14 05:04:26	worker	@InfoLalinTol;2017-05-12 - 2017-05-12;submitSocial;all;arwin
2017-05-14 05:04:29	worker	@PTJASAMARGA;2017-05-12 - 2017-05-12;submitSocial;all;arwin
2017-05-14 05:04:31	worker	@cititransindo;2017-05-12 - 2017-05-12;submitSocial;all;arwin
2017-05-14 05:04:33	worker	#semangatpagisuperr;2017-05-12 - 2017-05-12;submitSocial;all;arwin
2017-05-14 05:04:35	worker	#genkuisinsideout;2017-05-12 - 2017-05-12;submitSocial;all;arwin
2017-05-14 05:04:37	worker	#semangatpagi;2017-05-12 - 2017-05-12;submitSocial;all;arwin
2017-05-14 05:04:40	worker	#dikamar;2017-05-12 - 2017-05-12;submitSocial;all;arwin
2017-05-14 05:04:42	worker	#kopaja;2017-05-12 - 2017-05-12;submitSocial;all;arwin
2017-05-14 05:04:44	worker	#generaksi8;2017-05-12 - 2017-05-12;submitSocial;all;arwin
2017-05-14 05:04:46	worker	#hitztsp;2017-05-12 - 2017-05-12;submitSocial;all;arwin
2017-05-14 05:04:49	worker	#np;2017-05-12 - 2017-05-12;submitSocial;all;arwin
2017-05-14 05:04:52	worker	#hitzlivestage;2017-05-12 - 2017-05-12;submitSocial;all;arwin
2017-05-14 05:04:54	worker	#thefreaks;2017-05-12 - 2017-05-12;submitSocial;all;arwin
2017-05-14 05:04:56	worker	#hitzsirkuspagi;2017-05-12 - 2017-05-12;submitSocial;all;arwin
2017-05-14 05:04:58	worker	#hitzathlon;2017-05-12 - 2017-05-12;submitSocial;all;arwin
2017-05-14 05:05:01	worker	#hitzzombie;2017-05-12 - 2017-05-12;submitSocial;all;arwin
2017-05-14 05:05:04	worker	#hitzkalong;2017-05-12 - 2017-05-12;submitSocial;all;arwin
2017-05-14 05:05:06	worker	#hitzbebas;2017-05-12 - 2017-05-12;submitSocial;all;arwin
2017-05-14 05:05:09	worker	#hitzhorehara;2017-05-12 - 2017-05-12;submitSocial;all;arwin
2017-05-14 05:05:11	worker	@ZaloraID;2017-05-12 - 2017-05-12;submitSocial;all;arwin
2017-05-14 05:05:14	worker	@OLX_Indonesia;2017-05-12 - 2017-05-12;submitSocial;all;arwin
2017-05-14 05:05:16	worker	@LazadaID;2017-05-12 - 2017-05-12;submitSocial;all;arwin
2017-05-14 05:05:19	worker	@utrippers;2017-05-12 - 2017-05-12;submitSocial;all;arwin
2017-05-14 05:05:21	worker	@GoGobot;2017-05-12 - 2017-05-12;submitSocial;all;arwin
2017-05-14 05:05:23	worker	@viatortravel;2017-05-12 - 2017-05-12;submitSocial;all;arwin
2017-05-14 05:05:26	worker	@alandakariza;2017-05-12 - 2017-05-12;submitSocial;all;arwin
2017-05-14 05:05:28	worker	@gagasmedia;2017-05-12 - 2017-05-12;submitSocial;all;arwin
2017-05-14 05:05:31	worker	@welovehonda;2017-05-12 - 2017-05-12;submitSocial;all;arwin
2017-05-14 05:05:33	worker	@SuzukiMotorID;2017-05-12 - 2017-05-12;submitSocial;all;arwin
2017-05-14 05:05:35	worker	@kawasakilovers;2017-05-12 - 2017-05-12;submitSocial;all;arwin
2017-05-14 05:05:37	worker	@yamahaindonesia;2017-05-12 - 2017-05-12;submitSocial;all;arwin
2017-05-14 05:05:40	worker	@tripanzee;2017-05-12 - 2017-05-12;submitSocial;all;arwin
2017-05-14 05:05:42	worker	@arnoldpoernomo;2017-05-12 - 2017-05-12;submitSocial;all;arwin
2017-05-14 05:05:45	worker	@nicsap;2017-05-12 - 2017-05-12;submitSocial;all;arwin
2017-05-14 05:05:47	worker	@tiket2;2017-05-12 - 2017-05-12;submitSocial;all;arwin
2017-05-14 05:05:50	worker	@traveloka;2017-05-12 - 2017-05-12;submitSocial;all;arwin
2017-05-14 05:05:53	worker	@wego;2017-05-12 - 2017-05-12;submitSocial;all;arwin
2017-05-14 05:05:56	worker	@agoda;2017-05-12 - 2017-05-12;submitSocial;all;arwin
2017-05-14 05:05:58	worker	#salahsambung;2017-05-12 - 2017-05-12;submitSocial;all;arwin
2017-05-14 05:06:01	worker	#tulalit;2017-05-12 - 2017-05-12;submitSocial;all;arwin
2017-05-14 05:06:03	worker	#pestageneraksi8;2017-05-12 - 2017-05-12;submitSocial;all;arwin
2017-05-14 05:06:05	worker	#ganaskustik;2017-05-12 - 2017-05-12;submitSocial;all;arwin
2017-05-14 05:06:07	worker	#lnhot20;2017-05-12 - 2017-05-12;submitSocial;all;arwin
2017-05-14 05:06:10	worker	@TripAdvisor;2017-05-12 - 2017-05-12;submitSocial;all;arwin
2017-05-14 05:06:15	worker	@google;2017-05-12 - 2017-05-12;submitSocial;all;arwin
2017-05-14 05:06:19	worker	@Telkomsel;2017-05-12 - 2017-05-12;submitSocial;all;arwin
2017-05-14 05:06:21	worker	@indosat;2017-05-12 - 2017-05-12;submitSocial;all;arwin
2017-05-14 05:06:25	worker	@bahanafmjkt;2017-05-12 - 2017-05-12;submitSocial;all;2017-05-14 05:06:29	worker	@sonorafm92;2017-05-12 - 2017-05-12;submitSocial;all;arwin
2017-05-14 05:06:31	worker	@litefm1058;2017-05-12 - 2017-05-12;submitSocial;all;arwin
2017-05-14 05:06:33	worker	@Bravaradio;2017-05-12 - 2017-05-12;submitSocial;all;arwin
2017-05-14 05:06:36	worker	#dgitm;2017-05-12 - 2017-05-12;submitSocial;all;arwin
2017-05-14 05:06:38	worker	#hitsalaprambors;2017-05-12 - 2017-05-12;submitSocial;all;arwin
2017-05-14 05:06:41	worker	#reqprambors;2017-05-12 - 2017-05-12;submitSocial;all;arwin
2017-05-14 05:06:43	worker	#thedandees;2017-05-12 - 2017-05-12;submitSocial;all;arwin
2017-05-14 05:06:45	worker	#pramborsquiz;2017-05-12 - 2017-05-12;submitSocial;all;arwin
2017-05-14 05:06:47	worker	#jeliprambors;2017-05-12 - 2017-05-12;submitSocial;all;arwin
2017-05-14 05:06:50	worker	#jodohinprambors;2017-05-12 - 2017-05-12;submitSocial;all;arwin
2017-05-14 05:06:52	worker	#ubahdenganbicara;2017-05-12 - 2017-05-12;submitSocial;all;arwin
2017-05-14 05:06:54	worker	#pramborschat;2017-05-12 - 2017-05-12;submitSocial;all;arwin
2017-05-14 05:06:56	worker	#tweetforduit;2017-05-12 - 2017-05-12;submitSocial;all;arwin
2017-05-14 05:06:58	worker	#joki3in1;2017-05-12 - 2017-05-12;submitSocial;all;arwin
2017-05-14 05:07:00	worker	#sarapanseru;2017-05-12 - 2017-05-12;submitSocial;all;arwin
2017-05-14 05:07:03	worker	#rawonkaneloop;2017-05-12 - 2017-05-12;submitSocial;all;arwin
2017-05-14 05:07:05	worker	#gudegkendilkeraton;2017-05-12 - 2017-05-12;submitSocial;all;arwin
2017-05-14 05:07:07	worker	#gadogadobutika;2017-05-12 - 2017-05-12;submitSocial;all;arwin
2017-05-14 05:07:09	worker	#mtvhottest;2017-05-12 - 2017-05-12;submitSocial;all;arwin
2017-05-14 05:07:12	worker	#dimsumcjdw;2017-05-12 - 2017-05-12;submitSocial;all;arwin
2017-05-14 05:07:14	worker	#pecelmadiunmbakniek;2017-05-12 - 2017-05-12;submitSocial;all;arwin
2017-05-14 05:07:16	worker	#depotarema;2017-05-12 - 2017-05-12;submitSocial;all;arwin
2017-05-14 05:07:18	worker	@BNI46;2017-05-12 - 2017-05-12;submitSocial;all;arwin
2017-05-14 05:07:21	worker	@BANKBRI_ID;2017-05-12 - 2017-05-12;submitSocial;all;arwin
2017-05-14 05:07:23	worker	#bni46;2017-05-12 - 2017-05-12;submitSocial;all;arwin
2017-05-14 05:07:27	worker	macet;2017-05-12 - 2017-05-12;submitSocial;all;arwin
2017-05-14 05:07:30	worker	#selamatpagi;2017-05-12 - 2017-05-12;submitSocial;all;arwin
2017-05-14 05:07:32	worker	#selamatmalam;2017-05-12 - 2017-05-12;submitSocial;all;arwin
2017-05-14 05:07:34	worker	@884GlobalRadio;2017-05-12 - 2017-05-12;submitSocial;all;arwin
2017-05-14 05:07:36	worker	@day_trans;2017-05-12 - 2017-05-12;submitSocial;all;arwin
2017-05-14 05:07:39	worker	@kencanavoyage;2017-05-12 - 2017-05-12;submitSocial;all;arwin
2017-05-14 05:07:41	worker	@jukebox5d;2017-05-12 - 2017-05-12;submitSocial;all;arwin
2017-05-14 05:07:44	worker	#mtvhottest;2017-05-12 - 2017-05-12;submitSocial;all;arwin
2017-05-14 05:07:46	worker	#semangatpagi;2017-05-12 - 2017-05-12;submitSocial;all;arwin
2017-05-14 05:07:48	worker	lifebuoy;2017-05-12 - 2017-05-12;submitSocial;all;arwin
2017-05-14 05:07:55	worker	jokowi;2017-05-12 - 2017-05-12;submitSocial;all;arwin
2017-05-14 05:08:04	worker	obama;2017-05-12 - 2017-05-12;submitSocial;all;arwin
2017-05-14 05:08:07	worker	starwars;2017-05-12 - 2017-05-12;submitSocial;all;arwin
2017-05-14 05:08:11	worker	jonan;2017-05-12 - 2017-05-12;submitSocial;all;arwin
2017-05-14 05:08:19	worker	pagi;2017-05-12 - 2017-05-12;submitSocial;all;arwin
2017-05-14 05:08:21	worker	sampoerna;2017-05-12 - 2017-05-12;submitSocial;all;arwin
2017-05-14 05:08:24	worker	djarum;2017-05-12 - 2017-05-12;submitSocial;all;arwin
2017-05-14 05:08:27	worker	#semangatpagi;2017-05-12 - 2017-05-12;submitSocial;all;arwin
2017-05-14 05:08:28	worker	#generaksi8;2017-05-12 - 2017-05-12;submitSocial;all;arwin
2017-05-14 05:08:31	worker	#365alasan;2017-05-12 - 2017-05-12;submitSocial;all;arwin
2017-05-14 05:08:34	worker	weew;2017-05-12 - 2017-05-12;submitSocial;all;arwin
2017-05-14 05:08:42	worker	testing;2017-05-12 - 2017-05-12;submitSocial;all;arwin
2017-05-14 05:08:45	worker	#kopaja;2017-05-12 - 2017-05-12;submitSocial;all;arwin
2017-05-14 05:08:47	worker	#genkuisinsideout;2017-05-12 - 2017-05-12;submitSocial;all;arwin
2017-05-14 05:08:50	worker	starwars;2017-05-12 - 2017-05-12;submitSocial;all;arwin
2017-05-14 05:08:52	worker	#kopaja;2017-05-12 - 2017-05-12;submitSocial;all;arwin
2017-05-14 05:08:55	worker	mldspot;2017-05-12 - 2017-05-12;submitSocial;all;arwin
2017-05-14 05:08:57	worker	PBDjarum;2017-05-12 - 2017-05-12;submitSocial;all;arwin
2017-05-14 05:09:00	worker	TemanNabati;2017-05-12 - 2017-05-12;submitSocial;all;arwin
2017-05-14 05:09:03	worker	Nextar;2017-05-12 - 2017-05-12;submitSocial;all;arwin
2017-05-14 05:09:06	worker	jokowo;2017-05-12 - 2017-05-12;submitSocial;all;arwin
2017-05-14 05:09:10	worker	prabowo;2017-05-12 - 2017-05-12;submitSocial;all;arwin
2017-05-14 05:09:12	worker	sudirman said;2017-05-12 - 2017-05-12;submitSocial;all;arwin
2017-05-14 05:09:25	worker	ahok;2017-05-12 - 2017-05-12;submitSocial;all;arwin
2017-05-14 05:09:28	worker	setyanovanto;2017-05-12 - 2017-05-12;submitSocial;all;arwin
2017-05-14 05:09:35	worker	jokowi;2017-05-12 - 2017-05-12;submitSocial;all;arwin
2017-05-14 05:09:50	worker	ahok;2017-05-12 - 2017-05-12;submitSocial;all;arwin
2017-05-14 05:09:53	worker	prabowo;2017-05-12 - 2017-05-12;submitSocial;all;arwin
2017-05-14 05:09:56	worker	sudirman said;2017-05-12 - 2017-05-12;submitSocial;all;arwin
2017-05-14 05:09:58	worker	setyanovanto;2017-05-12 - 2017-05-12;submitSocial;all;arwin
2017-05-14 05:10:02	worker	galau;2017-05-12 - 2017-05-12;submitSocial;all;arwin
2017-05-14 05:10:05	worker	#prestasiindonesia;2017-05-12 - 2017-05-12;submitSocial;all;arwin
2017-05-14 05:10:08	worker	@Tw_Debi;2017-05-12 - 2017-05-12;submitSocial;all;arwin
2017-05-14 05:10:10	worker	@OfficialFastron;2017-05-12 - 2017-05-12;submitSocial;all;arwin
2017-05-14 05:10:12	worker	@CitibankID;2017-05-12 - 2017-05-12;submitSocial;all;arwin
2017-05-14 05:10:15	worker	@jak101fm;2017-05-12 - 2017-05-12;submitSocial;all;arwin
2017-05-14 05:10:18	worker	@genfm;2017-05-12 - 2017-05-12;submitSocial;all;arwin
