2017-08-01 05:00:07	worker	@987genfm;2017-07-30 - 2017-07-30;submitSocial;all;arwin
2017-08-01 05:00:09	worker	@101jakfm;2017-07-30 - 2017-07-30;submitSocial;all;arwin
2017-08-01 05:00:12	worker	@prambors;2017-07-30 - 2017-07-30;submitSocial;all;arwin
2017-08-01 05:00:15	worker	@hardrockfm;2017-07-30 - 2017-07-30;submitSocial;all;arwin
2017-08-01 05:00:17	worker	@kisfmjakarta;2017-07-30 - 2017-07-30;submitSocial;all;arwin
2017-08-01 05:00:20	worker	@delta_fm;2017-07-30 - 2017-07-30;submitSocial;all;arwin
2017-08-01 05:00:22	worker	@traxfmjkt;2017-07-30 - 2017-07-30;submitSocial;all;arwin
2017-08-01 05:00:25	worker	@iradiojakarta;2017-07-30 - 2017-07-30;submitSocial;all;arwin
2017-08-01 05:00:27	worker	@indika9160fm;2017-07-30 - 2017-07-30;submitSocial;all;arwin
2017-08-01 05:00:29	worker	@shellindonesia;2017-07-30 - 2017-07-30;submitSocial;all;arwin
2017-08-01 05:00:32	worker	@vpowerfans;2017-07-30 - 2017-07-30;submitSocial;all;arwin
2017-08-01 05:00:34	worker	@pertamaxind;2017-07-30 - 2017-07-30;submitSocial;all;arwin
2017-08-01 05:00:37	worker	@ptpertamina;2017-07-30 - 2017-07-30;submitSocial;all;arwin
2017-08-01 05:00:39	worker	@OZRadioJakarta;2017-07-30 - 2017-07-30;submitSocial;all;arwin
2017-08-01 05:00:41	worker	@CosmopolitanFM;2017-07-30 - 2017-07-30;submitSocial;all;arwin
2017-08-01 05:00:43	worker	@mustang88fm;2017-07-30 - 2017-07-30;submitSocial;all;arwin
2017-08-01 05:00:46	worker	@debabaz;2017-07-30 - 2017-07-30;submitSocial;all;arwin
2017-08-01 05:00:49	worker	@detikcom;2017-07-30 - 2017-07-30;submitSocial;all;arwin
2017-08-01 05:00:52	worker	@radioelshinta;2017-07-30 - 2017-07-30;submitSocial;all;arwin
2017-08-01 05:00:54	worker	@cinema21;2017-07-30 - 2017-07-30;submitSocial;all;arwin
2017-08-01 05:00:57	worker	@OfficialRCTI;2017-07-30 - 2017-07-30;submitSocial;all;arwin
2017-08-01 05:01:00	worker	@TRANSTV_CORP;2017-07-30 - 2017-07-30;submitSocial;all;arwin
2017-08-01 05:01:02	worker	@TRANS7;2017-07-30 - 2017-07-30;submitSocial;all;arwin
2017-08-01 05:01:05	worker	@Metro_TV;2017-07-30 - 2017-07-30;submitSocial;all;arwin
2017-08-01 05:01:08	worker	@tvOneNews;2017-07-30 - 2017-07-30;submitSocial;all;arwin
2017-08-01 05:01:11	worker	@whatsonANTV;2017-07-30 - 2017-07-30;submitSocial;all;arwin
2017-08-01 05:01:13	worker	@SCTV_;2017-07-30 - 2017-07-30;submitSocial;all;arwin
2017-08-01 05:01:16	worker	@KompasTV;2017-07-30 - 2017-07-30;submitSocial;all;arwin
2017-08-01 05:01:19	worker	@netmediatama;2017-07-30 - 2017-07-30;submitSocial;all;arwin
2017-08-01 05:01:21	worker	@Globaltvseru;2017-07-30 - 2017-07-30;submitSocial;all;arwin
2017-08-01 05:01:24	worker	@JaktvCom;2017-07-30 - 2017-07-30;submitSocial;all;arwin
2017-08-01 05:01:26	worker	@TVRINasional;2017-07-30 - 2017-07-30;submitSocial;all;arwin
2017-08-01 05:01:28	worker	@ochannelupdates;2017-07-30 - 2017-07-30;submitSocial;all;arwin
2017-08-01 05:01:31	worker	@IndosiarID;2017-07-30 - 2017-07-30;submitSocial;all;arwin
2017-08-01 05:01:35	worker	@kompascom;2017-07-30 - 2017-07-30;submitSocial;all;arwin
2017-08-01 05:01:38	worker	@merdekadotcom;2017-07-30 - 2017-07-30;submitSocial;all;arwin
2017-08-01 05:01:40	worker	@MIdotcom;2017-07-30 - 2017-07-30;submitSocial;all;arwin
2017-08-01 05:01:44	worker	@tempodotco;2017-07-30 - 2017-07-30;submitSocial;all;arwin
2017-08-01 05:01:47	worker	@motion975fm;2017-07-30 - 2017-07-30;submitSocial;all;arwin
2017-08-01 05:01:49	worker	@_radiotoday;2017-07-30 - 2017-07-30;submitSocial;all;arwin
2017-08-01 05:01:51	worker	@radioinfo;2017-07-30 - 2017-07-30;submitSocial;all;arwin
2017-08-01 05:01:53	worker	@979FeMaleRadio;2017-07-30 - 2017-07-30;submitSocial;all;arwin
2017-08-01 05:01:55	worker	@WomanRadio943FM;2017-07-30 - 2017-07-30;submitSocial;all;arwin
2017-08-01 05:01:58	worker	@VRadioFM;2017-07-30 - 2017-07-30;submitSocial;all;arwin
2017-08-01 05:02:00	worker	@UFM947;2017-07-30 - 2017-07-30;submitSocial;all;arwin
2017-08-01 05:02:03	worker	@VIVAnews;2017-07-30 - 2017-07-30;submitSocial;all;arwin
2017-08-01 05:02:05	worker	@antaranews;2017-07-30 - 2017-07-30;submitSocial;all;arwin
2017-08-01 05:02:08	worker	@tribunnews;2017-07-30 - 2017-07-30;submitSocial;all;arwin
2017-08-01 05:02:11	worker	@okezonenews;2017-07-30 - 2017-07-30;submitSocial;all;arwin
2017-08-01 05:02:14	worker	@Beritasatu;2017-07-30 - 2017-07-30;submitSocial;all;arwin
2017-08-01 05:02:16	worker	@rollingstoneina;2017-07-30 - 2017-07-30;submitSocial;all;arwin
2017-08-01 05:02:18	worker	@FIMELAdotcom;2017-07-30 - 2017-07-30;submitSocial;all;arwin
2017-08-01 05:02:21	worker	@KapanLagicom;2017-07-30 - 2017-07-30;submitSocial;all;arwin
2017-08-01 05:02:23	worker	@KompasEnt ;2017-07-30 - 2017-07-30;submitSocial;all;arwin
2017-08-01 05:02:25	worker	@HaiMagazine;2017-07-30 - 2017-07-30;submitSocial;all;arwin
2017-08-01 05:02:28	worker	@JakartaVenue;2017-07-30 - 2017-07-30;submitSocial;all;arwin
2017-08-01 05:02:30	worker	@SeputarEvent;2017-07-30 - 2017-07-30;submitSocial;all;arwin
2017-08-01 05:02:32	worker	@ismayaLive;2017-07-30 - 2017-07-30;submitSocial;all;arwin
2017-08-01 05:02:35	worker	@ECEntertainment;2017-07-30 - 2017-07-30;submitSocial;all;arwin
2017-08-01 05:02:37	worker	@synergism_En;2017-07-30 - 2017-07-30;submitSocial;all;arwin
2017-08-01 05:02:39	worker	@Urbanbandung;2017-07-30 - 2017-07-30;submitSocial;all;arwin
2017-08-01 05:02:41	worker	@Urbanrkm995;2017-07-30 - 2017-07-30;submitSocial;all;arwin
2017-08-01 05:02:43	worker	@Garuda_Promo;2017-07-30 - 2017-07-30;submitSocial;all;arwin
2017-08-01 05:02:45	worker	@AirAsiaID;2017-07-30 - 2017-07-30;submitSocial;all;arwin
2017-08-01 05:02:48	worker	@KAI121;2017-07-30 - 2017-07-30;submitSocial;all;arwin
2017-08-01 05:02:51	worker	@Unilever;2017-07-30 - 2017-07-30;submitSocial;all;arwin
2017-08-01 05:02:54	worker	@Nestle;2017-07-30 - 2017-07-30;submitSocial;all;arwin
2017-08-01 05:02:57	worker	@CocaCola;2017-07-30 - 2017-07-30;submitSocial;all;arwin
2017-08-01 05:03:04	worker	@CNN;2017-07-30 - 2017-07-30;submitSocial;all;arwin
2017-08-01 05:03:11	worker	@MTV;2017-07-30 - 2017-07-30;submitSocial;all;arwin
2017-08-01 05:03:13	worker	@channelv;2017-07-30 - 2017-07-30;submitSocial;all;arwin
2017-08-01 05:03:16	worker	@iTunesMusic;2017-07-30 - 2017-07-30;submitSocial;all;arwin
2017-08-01 05:03:20	worker	@mashable;2017-07-30 - 2017-07-30;submitSocial;all;arwin
2017-08-01 05:03:22	worker	@decacaz;2017-07-30 - 2017-07-30;submitSocial;all;arwin
2017-08-01 05:03:24	worker	@radiobaru967FM;2017-07-30 - 2017-07-30;submitSocial;all;arwin
2017-08-01 05:03:27	worker	@967HitzFM;2017-07-30 - 2017-07-30;submitSocial;all;arwin
2017-08-01 05:03:29	worker	@TVGuide;2017-07-30 - 2017-07-30;submitSocial;all;arwin
2017-08-01 05:03:32	worker	@XL123;2017-07-30 - 2017-07-30;submitSocial;all;arwin
2017-08-01 05:03:34	worker	@triindonesia;2017-07-30 - 2017-07-30;submitSocial;all;arwin
2017-08-01 05:03:37	worker	@kaskus;2017-07-30 - 2017-07-30;submitSocial;all;arwin
2017-08-01 05:03:40	worker	@Studio_XXI;2017-07-30 - 2017-07-30;submitSocial;all;arwin
2017-08-01 05:03:42	worker	@blitzmegaplex;2017-07-30 - 2017-07-30;submitSocial;all;arwin
2017-08-01 05:03:44	worker	@alfamartku;2017-07-30 - 2017-07-30;submitSocial;all;arwin
2017-08-01 05:03:46	worker	@Carrefour_ID;2017-07-30 - 2017-07-30;submitSocial;all;arwin
2017-08-01 05:03:50	worker	@BBCBreaking;2017-07-30 - 2017-07-30;submitSocial;all;arwin
2017-08-01 05:03:56	worker	@Forbes;2017-07-30 - 2017-07-30;submitSocial;all;arwin
2017-08-01 05:03:58	worker	@BensRadio;2017-07-30 - 2017-07-30;submitSocial;all;arwin
2017-08-01 05:04:04	worker	@instagram;2017-07-30 - 2017-07-30;submitSocial;all;arwin
2017-08-01 05:04:07	worker	@Pinterest;2017-07-30 - 2017-07-30;submitSocial;all;arwin
2017-08-01 05:04:12	worker	@google;2017-07-30 - 2017-07-30;submitSocial;all;arwin
2017-08-01 05:04:15	worker	@Pertaminalub;2017-07-30 - 2017-07-30;submitSocial;all;arwin
2017-08-01 05:04:17	worker	@InfoLalinTol;2017-07-30 - 2017-07-30;submitSocial;all;arwin
2017-08-01 05:04:19	worker	@PTJASAMARGA;2017-07-30 - 2017-07-30;submitSocial;all;arwin
2017-08-01 05:04:22	worker	@cititransindo;2017-07-30 - 2017-07-30;submitSocial;all;arwin
2017-08-01 05:04:24	worker	#semangatpagisuperr;2017-07-30 - 2017-07-30;submitSocial;all;arwin
2017-08-01 05:04:26	worker	#genkuisinsideout;2017-07-30 - 2017-07-30;submitSocial;all;arwin
2017-08-01 05:04:28	worker	#semangatpagi;2017-07-30 - 2017-07-30;submitSocial;all;arwin
2017-08-01 05:04:31	worker	#dikamar;2017-07-30 - 2017-07-30;submitSocial;all;arwin
2017-08-01 05:04:33	worker	#kopaja;2017-07-30 - 2017-07-30;submitSocial;all;arwin
2017-08-01 05:04:35	worker	#generaksi8;2017-07-30 - 2017-07-30;submitSocial;all;arwin
2017-08-01 05:04:37	worker	#hitztsp;2017-07-30 - 2017-07-30;submitSocial;all;arwin
2017-08-01 05:04:41	worker	#np;2017-07-30 - 2017-07-30;submitSocial;all;arwin
2017-08-01 05:04:43	worker	#hitzlivestage;2017-07-30 - 2017-07-30;submitSocial;all;arwin
2017-08-01 05:04:46	worker	#thefreaks;2017-07-30 - 2017-07-30;submitSocial;all;arwin
2017-08-01 05:04:48	worker	#hitzsirkuspagi;2017-07-30 - 2017-07-30;submitSocial;all;arwin
2017-08-01 05:04:50	worker	#hitzathlon;2017-07-30 - 2017-07-30;submitSocial;all;arwin
2017-08-01 05:04:52	worker	#hitzzombie;2017-07-30 - 2017-07-30;submitSocial;all;arwin
2017-08-01 05:04:55	worker	#hitzkalong;2017-07-30 - 2017-07-30;submitSocial;all;arwin
2017-08-01 05:04:57	worker	#hitzbebas;2017-07-30 - 2017-07-30;submitSocial;all;arwin
2017-08-01 05:05:00	worker	#hitzhorehara;2017-07-30 - 2017-07-30;submitSocial;all;arwin
2017-08-01 05:05:03	worker	@ZaloraID;2017-07-30 - 2017-07-30;submitSocial;all;arwin
2017-08-01 05:05:05	worker	@OLX_Indonesia;2017-07-30 - 2017-07-30;submitSocial;all;arwin
2017-08-01 05:05:08	worker	@LazadaID;2017-07-30 - 2017-07-30;submitSocial;all;arwin
2017-08-01 05:05:10	worker	@utrippers;2017-07-30 - 2017-07-30;submitSocial;all;arwin
2017-08-01 05:05:13	worker	@GoGobot;2017-07-30 - 2017-07-30;submitSocial;all;arwin
2017-08-01 05:05:15	worker	@viatortravel;2017-07-30 - 2017-07-30;submitSocial;all;arwin
2017-08-01 05:05:18	worker	@alandakariza;2017-07-30 - 2017-07-30;submitSocial;all;arwin
2017-08-01 05:05:21	worker	@gagasmedia;2017-07-30 - 2017-07-30;submitSocial;all;arwin
2017-08-01 05:05:23	worker	@welovehonda;2017-07-30 - 2017-07-30;submitSocial;all;arwin
2017-08-01 05:05:25	worker	@SuzukiMotorID;2017-07-30 - 2017-07-30;submitSocial;all;arwin
2017-08-01 05:05:28	worker	@kawasakilovers;2017-07-30 - 2017-07-30;submitSocial;all;arwin
2017-08-01 05:05:30	worker	@yamahaindonesia;2017-07-30 - 2017-07-30;submitSocial;all;arwin
2017-08-01 05:05:32	worker	@tripanzee;2017-07-30 - 2017-07-30;submitSocial;all;arwin
2017-08-01 05:05:35	worker	@arnoldpoernomo;2017-07-30 - 2017-07-30;submitSocial;all;arwin
2017-08-01 05:05:37	worker	@nicsap;2017-07-30 - 2017-07-30;submitSocial;all;arwin
2017-08-01 05:05:39	worker	@tiket2;2017-07-30 - 2017-07-30;submitSocial;all;arwin
2017-08-01 05:05:42	worker	@traveloka;2017-07-30 - 2017-07-30;submitSocial;all;arwin
2017-08-01 05:05:45	worker	@wego;2017-07-30 - 2017-07-30;submitSocial;all;arwin
2017-08-01 05:05:49	worker	@agoda;2017-07-30 - 2017-07-30;submitSocial;all;arwin
2017-08-01 05:05:51	worker	#salahsambung;2017-07-30 - 2017-07-30;submitSocial;all;arwin
2017-08-01 05:05:53	worker	#tulalit;2017-07-30 - 2017-07-30;submitSocial;all;arwin
2017-08-01 05:05:55	worker	#pestageneraksi8;2017-07-30 - 2017-07-30;submitSocial;all;arwin
2017-08-01 05:05:57	worker	#ganaskustik;2017-07-30 - 2017-07-30;submitSocial;all;arwin
2017-08-01 05:05:59	worker	#lnhot20;2017-07-30 - 2017-07-30;submitSocial;all;arwin
2017-08-01 05:06:02	worker	@TripAdvisor;2017-07-30 - 2017-07-30;submitSocial;all;arwin
2017-08-01 05:06:07	worker	@google;2017-07-30 - 2017-07-30;submitSocial;all;arwin
2017-08-01 05:06:10	worker	@Telkomsel;2017-07-30 - 2017-07-30;submitSocial;all;arwin
2017-08-01 05:06:13	worker	@indosat;2017-07-30 - 2017-07-30;submitSocial;all;arwin
2017-08-01 05:06:16	worker	@bahanafmjkt;2017-07-30 - 2017-07-30;submitSocial;all;2017-08-01 05:06:20	worker	@sonorafm92;2017-07-30 - 2017-07-30;submitSocial;all;arwin
2017-08-01 05:06:22	worker	@litefm1058;2017-07-30 - 2017-07-30;submitSocial;all;arwin
2017-08-01 05:06:24	worker	@Bravaradio;2017-07-30 - 2017-07-30;submitSocial;all;arwin
2017-08-01 05:06:27	worker	#dgitm;2017-07-30 - 2017-07-30;submitSocial;all;arwin
2017-08-01 05:06:29	worker	#hitsalaprambors;2017-07-30 - 2017-07-30;submitSocial;all;arwin
2017-08-01 05:06:31	worker	#reqprambors;2017-07-30 - 2017-07-30;submitSocial;all;arwin
2017-08-01 05:06:34	worker	#thedandees;2017-07-30 - 2017-07-30;submitSocial;all;arwin
2017-08-01 05:06:36	worker	#pramborsquiz;2017-07-30 - 2017-07-30;submitSocial;all;arwin
2017-08-01 05:06:38	worker	#jeliprambors;2017-07-30 - 2017-07-30;submitSocial;all;arwin
2017-08-01 05:06:40	worker	#jodohinprambors;2017-07-30 - 2017-07-30;submitSocial;all;arwin
2017-08-01 05:06:43	worker	#ubahdenganbicara;2017-07-30 - 2017-07-30;submitSocial;all;arwin
2017-08-01 05:06:45	worker	#pramborschat;2017-07-30 - 2017-07-30;submitSocial;all;arwin
2017-08-01 05:06:47	worker	#tweetforduit;2017-07-30 - 2017-07-30;submitSocial;all;arwin
2017-08-01 05:06:49	worker	#joki3in1;2017-07-30 - 2017-07-30;submitSocial;all;arwin
2017-08-01 05:06:52	worker	#sarapanseru;2017-07-30 - 2017-07-30;submitSocial;all;arwin
2017-08-01 05:06:54	worker	#rawonkaneloop;2017-07-30 - 2017-07-30;submitSocial;all;arwin
2017-08-01 05:06:56	worker	#gudegkendilkeraton;2017-07-30 - 2017-07-30;submitSocial;all;arwin
2017-08-01 05:06:58	worker	#gadogadobutika;2017-07-30 - 2017-07-30;submitSocial;all;arwin
2017-08-01 05:07:01	worker	#mtvhottest;2017-07-30 - 2017-07-30;submitSocial;all;arwin
2017-08-01 05:07:03	worker	#dimsumcjdw;2017-07-30 - 2017-07-30;submitSocial;all;arwin
2017-08-01 05:07:05	worker	#pecelmadiunmbakniek;2017-07-30 - 2017-07-30;submitSocial;all;arwin
2017-08-01 05:07:08	worker	#depotarema;2017-07-30 - 2017-07-30;submitSocial;all;arwin
2017-08-01 05:07:10	worker	@BNI46;2017-07-30 - 2017-07-30;submitSocial;all;arwin
2017-08-01 05:07:12	worker	@BANKBRI_ID;2017-07-30 - 2017-07-30;submitSocial;all;arwin
2017-08-01 05:07:15	worker	#bni46;2017-07-30 - 2017-07-30;submitSocial;all;arwin
2017-08-01 05:07:19	worker	macet;2017-07-30 - 2017-07-30;submitSocial;all;arwin
2017-08-01 05:07:21	worker	#selamatpagi;2017-07-30 - 2017-07-30;submitSocial;all;arwin
2017-08-01 05:07:23	worker	#selamatmalam;2017-07-30 - 2017-07-30;submitSocial;all;arwin
2017-08-01 05:07:25	worker	@884GlobalRadio;2017-07-30 - 2017-07-30;submitSocial;all;arwin
2017-08-01 05:07:28	worker	@day_trans;2017-07-30 - 2017-07-30;submitSocial;all;arwin
2017-08-01 05:07:30	worker	@kencanavoyage;2017-07-30 - 2017-07-30;submitSocial;all;arwin
2017-08-01 05:07:32	worker	@jukebox5d;2017-07-30 - 2017-07-30;submitSocial;all;arwin
2017-08-01 05:07:35	worker	#mtvhottest;2017-07-30 - 2017-07-30;submitSocial;all;arwin
2017-08-01 05:07:37	worker	#semangatpagi;2017-07-30 - 2017-07-30;submitSocial;all;arwin
2017-08-01 05:07:39	worker	lifebuoy;2017-07-30 - 2017-07-30;submitSocial;all;arwin
2017-08-01 05:07:48	worker	jokowi;2017-07-30 - 2017-07-30;submitSocial;all;arwin
2017-08-01 05:07:56	worker	obama;2017-07-30 - 2017-07-30;submitSocial;all;arwin
2017-08-01 05:07:59	worker	starwars;2017-07-30 - 2017-07-30;submitSocial;all;arwin
2017-08-01 05:08:03	worker	jonan;2017-07-30 - 2017-07-30;submitSocial;all;arwin
2017-08-01 05:08:12	worker	pagi;2017-07-30 - 2017-07-30;submitSocial;all;arwin
2017-08-01 05:08:14	worker	sampoerna;2017-07-30 - 2017-07-30;submitSocial;all;arwin
2017-08-01 05:08:17	worker	djarum;2017-07-30 - 2017-07-30;submitSocial;all;arwin
2017-08-01 05:08:20	worker	#semangatpagi;2017-07-30 - 2017-07-30;submitSocial;all;arwin
2017-08-01 05:08:21	worker	#generaksi8;2017-07-30 - 2017-07-30;submitSocial;all;arwin
2017-08-01 05:08:24	worker	#365alasan;2017-07-30 - 2017-07-30;submitSocial;all;arwin
2017-08-01 05:08:27	worker	weew;2017-07-30 - 2017-07-30;submitSocial;all;arwin
2017-08-01 05:08:36	worker	testing;2017-07-30 - 2017-07-30;submitSocial;all;arwin
2017-08-01 05:08:39	worker	#kopaja;2017-07-30 - 2017-07-30;submitSocial;all;arwin
2017-08-01 05:08:41	worker	#genkuisinsideout;2017-07-30 - 2017-07-30;submitSocial;all;arwin
2017-08-01 05:08:44	worker	starwars;2017-07-30 - 2017-07-30;submitSocial;all;arwin
2017-08-01 05:08:46	worker	#kopaja;2017-07-30 - 2017-07-30;submitSocial;all;arwin
2017-08-01 05:08:49	worker	mldspot;2017-07-30 - 2017-07-30;submitSocial;all;arwin
2017-08-01 05:08:52	worker	PBDjarum;2017-07-30 - 2017-07-30;submitSocial;all;arwin
2017-08-01 05:08:54	worker	TemanNabati;2017-07-30 - 2017-07-30;submitSocial;all;arwin
2017-08-01 05:08:57	worker	Nextar;2017-07-30 - 2017-07-30;submitSocial;all;arwin
2017-08-01 05:09:00	worker	jokowo;2017-07-30 - 2017-07-30;submitSocial;all;arwin
2017-08-01 05:09:05	worker	prabowo;2017-07-30 - 2017-07-30;submitSocial;all;arwin
2017-08-01 05:09:07	worker	sudirman said;2017-07-30 - 2017-07-30;submitSocial;all;arwin
2017-08-01 05:09:14	worker	ahok;2017-07-30 - 2017-07-30;submitSocial;all;arwin
2017-08-01 05:09:16	worker	setyanovanto;2017-07-30 - 2017-07-30;submitSocial;all;arwin
2017-08-01 05:09:24	worker	jokowi;2017-07-30 - 2017-07-30;submitSocial;all;arwin
2017-08-01 05:09:30	worker	ahok;2017-07-30 - 2017-07-30;submitSocial;all;arwin
2017-08-01 05:09:35	worker	prabowo;2017-07-30 - 2017-07-30;submitSocial;all;arwin
2017-08-01 05:09:37	worker	sudirman said;2017-07-30 - 2017-07-30;submitSocial;all;arwin
2017-08-01 05:09:40	worker	setyanovanto;2017-07-30 - 2017-07-30;submitSocial;all;arwin
2017-08-01 05:09:44	worker	galau;2017-07-30 - 2017-07-30;submitSocial;all;arwin
2017-08-01 05:09:46	worker	#prestasiindonesia;2017-07-30 - 2017-07-30;submitSocial;all;arwin
2017-08-01 05:09:49	worker	@Tw_Debi;2017-07-30 - 2017-07-30;submitSocial;all;arwin
2017-08-01 05:09:51	worker	@OfficialFastron;2017-07-30 - 2017-07-30;submitSocial;all;arwin
2017-08-01 05:09:54	worker	@CitibankID;2017-07-30 - 2017-07-30;submitSocial;all;arwin
2017-08-01 05:09:56	worker	@jak101fm;2017-07-30 - 2017-07-30;submitSocial;all;arwin
2017-08-01 05:09:59	worker	@genfm;2017-07-30 - 2017-07-30;submitSocial;all;arwin
