2017-11-21 05:00:13	worker	@987genfm;2017-11-19 - 2017-11-19;submitSocial;all;arwin
2017-11-21 05:00:17	worker	@101jakfm;2017-11-19 - 2017-11-19;submitSocial;all;arwin
2017-11-21 05:00:20	worker	@prambors;2017-11-19 - 2017-11-19;submitSocial;all;arwin
2017-11-21 05:00:22	worker	@hardrockfm;2017-11-19 - 2017-11-19;submitSocial;all;arwin
2017-11-21 05:00:25	worker	@kisfmjakarta;2017-11-19 - 2017-11-19;submitSocial;all;arwin
2017-11-21 05:00:27	worker	@delta_fm;2017-11-19 - 2017-11-19;submitSocial;all;arwin
2017-11-21 05:00:30	worker	@traxfmjkt;2017-11-19 - 2017-11-19;submitSocial;all;arwin
2017-11-21 05:00:33	worker	@iradiojakarta;2017-11-19 - 2017-11-19;submitSocial;all;arwin
2017-11-21 05:00:35	worker	@indika9160fm;2017-11-19 - 2017-11-19;submitSocial;all;arwin
2017-11-21 05:00:37	worker	@shellindonesia;2017-11-19 - 2017-11-19;submitSocial;all;arwin
2017-11-21 05:00:40	worker	@vpowerfans;2017-11-19 - 2017-11-19;submitSocial;all;arwin
2017-11-21 05:00:42	worker	@pertamaxind;2017-11-19 - 2017-11-19;submitSocial;all;arwin
2017-11-21 05:00:45	worker	@ptpertamina;2017-11-19 - 2017-11-19;submitSocial;all;arwin
2017-11-21 05:00:47	worker	@OZRadioJakarta;2017-11-19 - 2017-11-19;submitSocial;all;arwin
2017-11-21 05:00:49	worker	@CosmopolitanFM;2017-11-19 - 2017-11-19;submitSocial;all;arwin
2017-11-21 05:00:52	worker	@mustang88fm;2017-11-19 - 2017-11-19;submitSocial;all;arwin
2017-11-21 05:00:54	worker	@debabaz;2017-11-19 - 2017-11-19;submitSocial;all;arwin
2017-11-21 05:00:57	worker	@detikcom;2017-11-19 - 2017-11-19;submitSocial;all;arwin
2017-11-21 05:01:00	worker	@radioelshinta;2017-11-19 - 2017-11-19;submitSocial;all;arwin
2017-11-21 05:01:03	worker	@cinema21;2017-11-19 - 2017-11-19;submitSocial;all;arwin
2017-11-21 05:01:05	worker	@OfficialRCTI;2017-11-19 - 2017-11-19;submitSocial;all;arwin
2017-11-21 05:01:08	worker	@TRANSTV_CORP;2017-11-19 - 2017-11-19;submitSocial;all;arwin
2017-11-21 05:01:10	worker	@TRANS7;2017-11-19 - 2017-11-19;submitSocial;all;arwin
2017-11-21 05:01:13	worker	@Metro_TV;2017-11-19 - 2017-11-19;submitSocial;all;arwin
2017-11-21 05:01:16	worker	@tvOneNews;2017-11-19 - 2017-11-19;submitSocial;all;arwin
2017-11-21 05:01:18	worker	@whatsonANTV;2017-11-19 - 2017-11-19;submitSocial;all;arwin
2017-11-21 05:01:21	worker	@SCTV_;2017-11-19 - 2017-11-19;submitSocial;all;arwin
2017-11-21 05:01:25	worker	@KompasTV;2017-11-19 - 2017-11-19;submitSocial;all;arwin
2017-11-21 05:01:28	worker	@netmediatama;2017-11-19 - 2017-11-19;submitSocial;all;arwin
2017-11-21 05:01:30	worker	@Globaltvseru;2017-11-19 - 2017-11-19;submitSocial;all;arwin
2017-11-21 05:01:33	worker	@JaktvCom;2017-11-19 - 2017-11-19;submitSocial;all;arwin
2017-11-21 05:01:36	worker	@TVRINasional;2017-11-19 - 2017-11-19;submitSocial;all;arwin
2017-11-21 05:01:38	worker	@ochannelupdates;2017-11-19 - 2017-11-19;submitSocial;all;arwin
2017-11-21 05:01:41	worker	@IndosiarID;2017-11-19 - 2017-11-19;submitSocial;all;arwin
2017-11-21 05:01:45	worker	@kompascom;2017-11-19 - 2017-11-19;submitSocial;all;arwin
2017-11-21 05:01:48	worker	@merdekadotcom;2017-11-19 - 2017-11-19;submitSocial;all;arwin
2017-11-21 05:01:50	worker	@MIdotcom;2017-11-19 - 2017-11-19;submitSocial;all;arwin
2017-11-21 05:01:53	worker	@tempodotco;2017-11-19 - 2017-11-19;submitSocial;all;arwin
2017-11-21 05:01:56	worker	@motion975fm;2017-11-19 - 2017-11-19;submitSocial;all;arwin
2017-11-21 05:01:58	worker	@_radiotoday;2017-11-19 - 2017-11-19;submitSocial;all;arwin
2017-11-21 05:02:00	worker	@radioinfo;2017-11-19 - 2017-11-19;submitSocial;all;arwin
2017-11-21 05:02:03	worker	@979FeMaleRadio;2017-11-19 - 2017-11-19;submitSocial;all;arwin
2017-11-21 05:02:05	worker	@WomanRadio943FM;2017-11-19 - 2017-11-19;submitSocial;all;arwin
2017-11-21 05:02:07	worker	@VRadioFM;2017-11-19 - 2017-11-19;submitSocial;all;arwin
2017-11-21 05:02:10	worker	@UFM947;2017-11-19 - 2017-11-19;submitSocial;all;arwin
2017-11-21 05:02:12	worker	@VIVAnews;2017-11-19 - 2017-11-19;submitSocial;all;arwin
2017-11-21 05:02:14	worker	@antaranews;2017-11-19 - 2017-11-19;submitSocial;all;arwin
2017-11-21 05:02:17	worker	@tribunnews;2017-11-19 - 2017-11-19;submitSocial;all;arwin
2017-11-21 05:02:20	worker	@okezonenews;2017-11-19 - 2017-11-19;submitSocial;all;arwin
2017-11-21 05:02:23	worker	@Beritasatu;2017-11-19 - 2017-11-19;submitSocial;all;arwin
2017-11-21 05:02:25	worker	@rollingstoneina;2017-11-19 - 2017-11-19;submitSocial;all;arwin
2017-11-21 05:02:27	worker	@FIMELAdotcom;2017-11-19 - 2017-11-19;submitSocial;all;arwin
2017-11-21 05:02:29	worker	@KapanLagicom;2017-11-19 - 2017-11-19;submitSocial;all;arwin
2017-11-21 05:02:32	worker	@KompasEnt ;2017-11-19 - 2017-11-19;submitSocial;all;arwin
2017-11-21 05:02:34	worker	@HaiMagazine;2017-11-19 - 2017-11-19;submitSocial;all;arwin
2017-11-21 05:02:36	worker	@JakartaVenue;2017-11-19 - 2017-11-19;submitSocial;all;arwin
2017-11-21 05:02:39	worker	@SeputarEvent;2017-11-19 - 2017-11-19;submitSocial;all;arwin
2017-11-21 05:02:41	worker	@ismayaLive;2017-11-19 - 2017-11-19;submitSocial;all;arwin
2017-11-21 05:02:43	worker	@ECEntertainment;2017-11-19 - 2017-11-19;submitSocial;all;arwin
2017-11-21 05:02:45	worker	@synergism_En;2017-11-19 - 2017-11-19;submitSocial;all;arwin
2017-11-21 05:02:48	worker	@Urbanbandung;2017-11-19 - 2017-11-19;submitSocial;all;arwin
2017-11-21 05:02:49	worker	@Urbanrkm995;2017-11-19 - 2017-11-19;submitSocial;all;arwin
2017-11-21 05:02:52	worker	@Garuda_Promo;2017-11-19 - 2017-11-19;submitSocial;all;arwin
2017-11-21 05:02:54	worker	@AirAsiaID;2017-11-19 - 2017-11-19;submitSocial;all;arwin
2017-11-21 05:02:56	worker	@KAI121;2017-11-19 - 2017-11-19;submitSocial;all;arwin
2017-11-21 05:02:59	worker	@Unilever;2017-11-19 - 2017-11-19;submitSocial;all;arwin
2017-11-21 05:03:02	worker	@Nestle;2017-11-19 - 2017-11-19;submitSocial;all;arwin
2017-11-21 05:03:07	worker	@CocaCola;2017-11-19 - 2017-11-19;submitSocial;all;arwin
2017-11-21 05:03:15	worker	@CNN;2017-11-19 - 2017-11-19;submitSocial;all;arwin
2017-11-21 05:03:19	worker	@MTV;2017-11-19 - 2017-11-19;submitSocial;all;arwin
2017-11-21 05:03:22	worker	@channelv;2017-11-19 - 2017-11-19;submitSocial;all;arwin
2017-11-21 05:03:24	worker	@iTunesMusic;2017-11-19 - 2017-11-19;submitSocial;all;arwin
2017-11-21 05:03:29	worker	@mashable;2017-11-19 - 2017-11-19;submitSocial;all;arwin
2017-11-21 05:03:31	worker	@decacaz;2017-11-19 - 2017-11-19;submitSocial;all;arwin
2017-11-21 05:03:33	worker	@radiobaru967FM;2017-11-19 - 2017-11-19;submitSocial;all;arwin
2017-11-21 05:03:35	worker	@967HitzFM;2017-11-19 - 2017-11-19;submitSocial;all;arwin
2017-11-21 05:03:38	worker	@TVGuide;2017-11-19 - 2017-11-19;submitSocial;all;arwin
2017-11-21 05:03:40	worker	@XL123;2017-11-19 - 2017-11-19;submitSocial;all;arwin
2017-11-21 05:03:43	worker	@triindonesia;2017-11-19 - 2017-11-19;submitSocial;all;arwin
2017-11-21 05:03:45	worker	@kaskus;2017-11-19 - 2017-11-19;submitSocial;all;arwin
2017-11-21 05:03:47	worker	@Studio_XXI;2017-11-19 - 2017-11-19;submitSocial;all;arwin
2017-11-21 05:03:49	worker	@blitzmegaplex;2017-11-19 - 2017-11-19;submitSocial;all;arwin
2017-11-21 05:03:52	worker	@alfamartku;2017-11-19 - 2017-11-19;submitSocial;all;arwin
2017-11-21 05:03:55	worker	@Carrefour_ID;2017-11-19 - 2017-11-19;submitSocial;all;arwin
2017-11-21 05:03:58	worker	@BBCBreaking;2017-11-19 - 2017-11-19;submitSocial;all;arwin
2017-11-21 05:04:06	worker	@Forbes;2017-11-19 - 2017-11-19;submitSocial;all;arwin
2017-11-21 05:04:09	worker	@BensRadio;2017-11-19 - 2017-11-19;submitSocial;all;arwin
2017-11-21 05:04:14	worker	@instagram;2017-11-19 - 2017-11-19;submitSocial;all;arwin
2017-11-21 05:04:17	worker	@Pinterest;2017-11-19 - 2017-11-19;submitSocial;all;arwin
2017-11-21 05:04:22	worker	@google;2017-11-19 - 2017-11-19;submitSocial;all;arwin
2017-11-21 05:04:24	worker	@Pertaminalub;2017-11-19 - 2017-11-19;submitSocial;all;arwin
2017-11-21 05:04:27	worker	@InfoLalinTol;2017-11-19 - 2017-11-19;submitSocial;all;arwin
2017-11-21 05:04:29	worker	@PTJASAMARGA;2017-11-19 - 2017-11-19;submitSocial;all;arwin
2017-11-21 05:04:31	worker	@cititransindo;2017-11-19 - 2017-11-19;submitSocial;all;arwin
2017-11-21 05:04:33	worker	#semangatpagisuperr;2017-11-19 - 2017-11-19;submitSocial;all;arwin
2017-11-21 05:04:35	worker	#genkuisinsideout;2017-11-19 - 2017-11-19;submitSocial;all;arwin
2017-11-21 05:04:37	worker	#semangatpagi;2017-11-19 - 2017-11-19;submitSocial;all;arwin
2017-11-21 05:04:40	worker	#dikamar;2017-11-19 - 2017-11-19;submitSocial;all;arwin
2017-11-21 05:04:42	worker	#kopaja;2017-11-19 - 2017-11-19;submitSocial;all;arwin
2017-11-21 05:04:44	worker	#generaksi8;2017-11-19 - 2017-11-19;submitSocial;all;arwin
2017-11-21 05:04:46	worker	#hitztsp;2017-11-19 - 2017-11-19;submitSocial;all;arwin
2017-11-21 05:04:49	worker	#np;2017-11-19 - 2017-11-19;submitSocial;all;arwin
2017-11-21 05:04:52	worker	#hitzlivestage;2017-11-19 - 2017-11-19;submitSocial;all;arwin
2017-11-21 05:04:54	worker	#thefreaks;2017-11-19 - 2017-11-19;submitSocial;all;arwin
2017-11-21 05:04:56	worker	#hitzsirkuspagi;2017-11-19 - 2017-11-19;submitSocial;all;arwin
2017-11-21 05:04:58	worker	#hitzathlon;2017-11-19 - 2017-11-19;submitSocial;all;arwin
2017-11-21 05:05:00	worker	#hitzzombie;2017-11-19 - 2017-11-19;submitSocial;all;arwin
2017-11-21 05:05:03	worker	#hitzkalong;2017-11-19 - 2017-11-19;submitSocial;all;arwin
2017-11-21 05:05:06	worker	#hitzbebas;2017-11-19 - 2017-11-19;submitSocial;all;arwin
2017-11-21 05:05:08	worker	#hitzhorehara;2017-11-19 - 2017-11-19;submitSocial;all;arwin
2017-11-21 05:05:11	worker	@ZaloraID;2017-11-19 - 2017-11-19;submitSocial;all;arwin
2017-11-21 05:05:13	worker	@OLX_Indonesia;2017-11-19 - 2017-11-19;submitSocial;all;arwin
2017-11-21 05:05:15	worker	@LazadaID;2017-11-19 - 2017-11-19;submitSocial;all;arwin
2017-11-21 05:05:18	worker	@utrippers;2017-11-19 - 2017-11-19;submitSocial;all;arwin
2017-11-21 05:05:20	worker	@GoGobot;2017-11-19 - 2017-11-19;submitSocial;all;arwin
2017-11-21 05:05:23	worker	@viatortravel;2017-11-19 - 2017-11-19;submitSocial;all;arwin
2017-11-21 05:05:25	worker	@alandakariza;2017-11-19 - 2017-11-19;submitSocial;all;arwin
2017-11-21 05:05:28	worker	@gagasmedia;2017-11-19 - 2017-11-19;submitSocial;all;arwin
2017-11-21 05:05:30	worker	@welovehonda;2017-11-19 - 2017-11-19;submitSocial;all;arwin
2017-11-21 05:05:32	worker	@SuzukiMotorID;2017-11-19 - 2017-11-19;submitSocial;all;arwin
2017-11-21 05:05:35	worker	@kawasakilovers;2017-11-19 - 2017-11-19;submitSocial;all;arwin
2017-11-21 05:05:37	worker	@yamahaindonesia;2017-11-19 - 2017-11-19;submitSocial;all;arwin
2017-11-21 05:05:39	worker	@tripanzee;2017-11-19 - 2017-11-19;submitSocial;all;arwin
2017-11-21 05:05:41	worker	@arnoldpoernomo;2017-11-19 - 2017-11-19;submitSocial;all;arwin
2017-11-21 05:05:44	worker	@nicsap;2017-11-19 - 2017-11-19;submitSocial;all;arwin
2017-11-21 05:05:46	worker	@tiket2;2017-11-19 - 2017-11-19;submitSocial;all;arwin
2017-11-21 05:05:48	worker	@traveloka;2017-11-19 - 2017-11-19;submitSocial;all;arwin
2017-11-21 05:05:51	worker	@wego;2017-11-19 - 2017-11-19;submitSocial;all;arwin
2017-11-21 05:05:54	worker	@agoda;2017-11-19 - 2017-11-19;submitSocial;all;arwin
2017-11-21 05:05:56	worker	#salahsambung;2017-11-19 - 2017-11-19;submitSocial;all;arwin
2017-11-21 05:05:59	worker	#tulalit;2017-11-19 - 2017-11-19;submitSocial;all;arwin
2017-11-21 05:06:01	worker	#pestageneraksi8;2017-11-19 - 2017-11-19;submitSocial;all;arwin
2017-11-21 05:06:03	worker	#ganaskustik;2017-11-19 - 2017-11-19;submitSocial;all;arwin
2017-11-21 05:06:05	worker	#lnhot20;2017-11-19 - 2017-11-19;submitSocial;all;arwin
2017-11-21 05:06:07	worker	@TripAdvisor;2017-11-19 - 2017-11-19;submitSocial;all;arwin
2017-11-21 05:06:13	worker	@google;2017-11-19 - 2017-11-19;submitSocial;all;arwin
2017-11-21 05:06:16	worker	@Telkomsel;2017-11-19 - 2017-11-19;submitSocial;all;arwin
2017-11-21 05:06:18	worker	@indosat;2017-11-19 - 2017-11-19;submitSocial;all;arwin
2017-11-21 05:06:21	worker	@bahanafmjkt;2017-11-19 - 2017-11-19;submitSocial;all;2017-11-21 05:06:25	worker	@sonorafm92;2017-11-19 - 2017-11-19;submitSocial;all;arwin
2017-11-21 05:06:27	worker	@litefm1058;2017-11-19 - 2017-11-19;submitSocial;all;arwin
2017-11-21 05:06:29	worker	@Bravaradio;2017-11-19 - 2017-11-19;submitSocial;all;arwin
2017-11-21 05:06:32	worker	#dgitm;2017-11-19 - 2017-11-19;submitSocial;all;arwin
2017-11-21 05:06:34	worker	#hitsalaprambors;2017-11-19 - 2017-11-19;submitSocial;all;arwin
2017-11-21 05:06:37	worker	#reqprambors;2017-11-19 - 2017-11-19;submitSocial;all;arwin
2017-11-21 05:06:39	worker	#thedandees;2017-11-19 - 2017-11-19;submitSocial;all;arwin
2017-11-21 05:06:41	worker	#pramborsquiz;2017-11-19 - 2017-11-19;submitSocial;all;arwin
2017-11-21 05:06:43	worker	#jeliprambors;2017-11-19 - 2017-11-19;submitSocial;all;arwin
2017-11-21 05:06:45	worker	#jodohinprambors;2017-11-19 - 2017-11-19;submitSocial;all;arwin
2017-11-21 05:06:47	worker	#ubahdenganbicara;2017-11-19 - 2017-11-19;submitSocial;all;arwin
2017-11-21 05:06:49	worker	#pramborschat;2017-11-19 - 2017-11-19;submitSocial;all;arwin
2017-11-21 05:06:51	worker	#tweetforduit;2017-11-19 - 2017-11-19;submitSocial;all;arwin
2017-11-21 05:06:53	worker	#joki3in1;2017-11-19 - 2017-11-19;submitSocial;all;arwin
2017-11-21 05:06:55	worker	#sarapanseru;2017-11-19 - 2017-11-19;submitSocial;all;arwin
2017-11-21 05:06:57	worker	#rawonkaneloop;2017-11-19 - 2017-11-19;submitSocial;all;arwin
2017-11-21 05:07:00	worker	#gudegkendilkeraton;2017-11-19 - 2017-11-19;submitSocial;all;arwin
2017-11-21 05:07:02	worker	#gadogadobutika;2017-11-19 - 2017-11-19;submitSocial;all;arwin
2017-11-21 05:07:04	worker	#mtvhottest;2017-11-19 - 2017-11-19;submitSocial;all;arwin
2017-11-21 05:07:06	worker	#dimsumcjdw;2017-11-19 - 2017-11-19;submitSocial;all;arwin
2017-11-21 05:07:08	worker	#pecelmadiunmbakniek;2017-11-19 - 2017-11-19;submitSocial;all;arwin
2017-11-21 05:07:10	worker	#depotarema;2017-11-19 - 2017-11-19;submitSocial;all;arwin
2017-11-21 05:07:13	worker	@BNI46;2017-11-19 - 2017-11-19;submitSocial;all;arwin
2017-11-21 05:07:15	worker	@BANKBRI_ID;2017-11-19 - 2017-11-19;submitSocial;all;arwin
2017-11-21 05:07:17	worker	#bni46;2017-11-19 - 2017-11-19;submitSocial;all;arwin
2017-11-21 05:07:21	worker	macet;2017-11-19 - 2017-11-19;submitSocial;all;arwin
2017-11-21 05:07:24	worker	#selamatpagi;2017-11-19 - 2017-11-19;submitSocial;all;arwin
2017-11-21 05:07:26	worker	#selamatmalam;2017-11-19 - 2017-11-19;submitSocial;all;arwin
2017-11-21 05:07:28	worker	@884GlobalRadio;2017-11-19 - 2017-11-19;submitSocial;all;arwin
2017-11-21 05:07:31	worker	@day_trans;2017-11-19 - 2017-11-19;submitSocial;all;arwin
2017-11-21 05:07:33	worker	@kencanavoyage;2017-11-19 - 2017-11-19;submitSocial;all;arwin
2017-11-21 05:07:35	worker	@jukebox5d;2017-11-19 - 2017-11-19;submitSocial;all;arwin
2017-11-21 05:07:37	worker	#mtvhottest;2017-11-19 - 2017-11-19;submitSocial;all;arwin
2017-11-21 05:07:39	worker	#semangatpagi;2017-11-19 - 2017-11-19;submitSocial;all;arwin
2017-11-21 05:07:42	worker	lifebuoy;2017-11-19 - 2017-11-19;submitSocial;all;arwin
2017-11-21 05:07:47	worker	jokowi;2017-11-19 - 2017-11-19;submitSocial;all;arwin
2017-11-21 05:07:55	worker	obama;2017-11-19 - 2017-11-19;submitSocial;all;arwin
2017-11-21 05:07:57	worker	starwars;2017-11-19 - 2017-11-19;submitSocial;all;arwin
2017-11-21 05:08:01	worker	jonan;2017-11-19 - 2017-11-19;submitSocial;all;arwin
2017-11-21 05:08:09	worker	pagi;2017-11-19 - 2017-11-19;submitSocial;all;arwin
2017-11-21 05:08:11	worker	sampoerna;2017-11-19 - 2017-11-19;submitSocial;all;arwin
2017-11-21 05:08:14	worker	djarum;2017-11-19 - 2017-11-19;submitSocial;all;arwin
2017-11-21 05:08:16	worker	#semangatpagi;2017-11-19 - 2017-11-19;submitSocial;all;arwin
2017-11-21 05:08:18	worker	#generaksi8;2017-11-19 - 2017-11-19;submitSocial;all;arwin
2017-11-21 05:08:21	worker	#365alasan;2017-11-19 - 2017-11-19;submitSocial;all;arwin
2017-11-21 05:08:23	worker	weew;2017-11-19 - 2017-11-19;submitSocial;all;arwin
2017-11-21 05:08:31	worker	testing;2017-11-19 - 2017-11-19;submitSocial;all;arwin
2017-11-21 05:08:33	worker	#kopaja;2017-11-19 - 2017-11-19;submitSocial;all;arwin
2017-11-21 05:08:36	worker	#genkuisinsideout;2017-11-19 - 2017-11-19;submitSocial;all;arwin
2017-11-21 05:08:39	worker	starwars;2017-11-19 - 2017-11-19;submitSocial;all;arwin
2017-11-21 05:08:41	worker	#kopaja;2017-11-19 - 2017-11-19;submitSocial;all;arwin
2017-11-21 05:08:44	worker	mldspot;2017-11-19 - 2017-11-19;submitSocial;all;arwin
2017-11-21 05:08:46	worker	PBDjarum;2017-11-19 - 2017-11-19;submitSocial;all;arwin
2017-11-21 05:08:48	worker	TemanNabati;2017-11-19 - 2017-11-19;submitSocial;all;arwin
2017-11-21 05:08:51	worker	Nextar;2017-11-19 - 2017-11-19;submitSocial;all;arwin
2017-11-21 05:08:54	worker	jokowo;2017-11-19 - 2017-11-19;submitSocial;all;arwin
2017-11-21 05:08:57	worker	prabowo;2017-11-19 - 2017-11-19;submitSocial;all;arwin
2017-11-21 05:08:59	worker	sudirman said;2017-11-19 - 2017-11-19;submitSocial;all;arwin
2017-11-21 05:09:06	worker	ahok;2017-11-19 - 2017-11-19;submitSocial;all;arwin
2017-11-21 05:09:08	worker	setyanovanto;2017-11-19 - 2017-11-19;submitSocial;all;arwin
2017-11-21 05:09:13	worker	jokowi;2017-11-19 - 2017-11-19;submitSocial;all;arwin
2017-11-21 05:09:19	worker	ahok;2017-11-19 - 2017-11-19;submitSocial;all;arwin
2017-11-21 05:09:23	worker	prabowo;2017-11-19 - 2017-11-19;submitSocial;all;arwin
2017-11-21 05:09:25	worker	sudirman said;2017-11-19 - 2017-11-19;submitSocial;all;arwin
2017-11-21 05:09:27	worker	setyanovanto;2017-11-19 - 2017-11-19;submitSocial;all;arwin
2017-11-21 05:09:32	worker	galau;2017-11-19 - 2017-11-19;submitSocial;all;arwin
2017-11-21 05:09:34	worker	#prestasiindonesia;2017-11-19 - 2017-11-19;submitSocial;all;arwin
2017-11-21 05:09:37	worker	@Tw_Debi;2017-11-19 - 2017-11-19;submitSocial;all;arwin
2017-11-21 05:09:39	worker	@OfficialFastron;2017-11-19 - 2017-11-19;submitSocial;all;arwin
2017-11-21 05:09:41	worker	@CitibankID;2017-11-19 - 2017-11-19;submitSocial;all;arwin
2017-11-21 05:09:43	worker	@jak101fm;2017-11-19 - 2017-11-19;submitSocial;all;arwin
2017-11-21 05:09:46	worker	@genfm;2017-11-19 - 2017-11-19;submitSocial;all;arwin
