2017-09-30 05:00:07	worker	@987genfm;2017-09-28 - 2017-09-28;submitSocial;all;arwin
2017-09-30 05:00:10	worker	@101jakfm;2017-09-28 - 2017-09-28;submitSocial;all;arwin
2017-09-30 05:00:13	worker	@prambors;2017-09-28 - 2017-09-28;submitSocial;all;arwin
2017-09-30 05:00:16	worker	@hardrockfm;2017-09-28 - 2017-09-28;submitSocial;all;arwin
2017-09-30 05:00:19	worker	@kisfmjakarta;2017-09-28 - 2017-09-28;submitSocial;all;arwin
2017-09-30 05:00:22	worker	@delta_fm;2017-09-28 - 2017-09-28;submitSocial;all;arwin
2017-09-30 05:00:25	worker	@traxfmjkt;2017-09-28 - 2017-09-28;submitSocial;all;arwin
2017-09-30 05:00:28	worker	@iradiojakarta;2017-09-28 - 2017-09-28;submitSocial;all;arwin
2017-09-30 05:00:30	worker	@indika9160fm;2017-09-28 - 2017-09-28;submitSocial;all;arwin
2017-09-30 05:00:33	worker	@shellindonesia;2017-09-28 - 2017-09-28;submitSocial;all;arwin
2017-09-30 05:00:35	worker	@vpowerfans;2017-09-28 - 2017-09-28;submitSocial;all;arwin
2017-09-30 05:00:38	worker	@pertamaxind;2017-09-28 - 2017-09-28;submitSocial;all;arwin
2017-09-30 05:00:41	worker	@ptpertamina;2017-09-28 - 2017-09-28;submitSocial;all;arwin
2017-09-30 05:00:44	worker	@OZRadioJakarta;2017-09-28 - 2017-09-28;submitSocial;all;arwin
2017-09-30 05:00:46	worker	@CosmopolitanFM;2017-09-28 - 2017-09-28;submitSocial;all;arwin
2017-09-30 05:00:49	worker	@mustang88fm;2017-09-28 - 2017-09-28;submitSocial;all;arwin
2017-09-30 05:00:51	worker	@debabaz;2017-09-28 - 2017-09-28;submitSocial;all;arwin
2017-09-30 05:00:55	worker	@detikcom;2017-09-28 - 2017-09-28;submitSocial;all;arwin
2017-09-30 05:00:59	worker	@radioelshinta;2017-09-28 - 2017-09-28;submitSocial;all;arwin
2017-09-30 05:01:01	worker	@cinema21;2017-09-28 - 2017-09-28;submitSocial;all;arwin
2017-09-30 05:01:04	worker	@OfficialRCTI;2017-09-28 - 2017-09-28;submitSocial;all;arwin
2017-09-30 05:01:07	worker	@TRANSTV_CORP;2017-09-28 - 2017-09-28;submitSocial;all;arwin
2017-09-30 05:01:10	worker	@TRANS7;2017-09-28 - 2017-09-28;submitSocial;all;arwin
2017-09-30 05:01:13	worker	@Metro_TV;2017-09-28 - 2017-09-28;submitSocial;all;arwin
2017-09-30 05:01:16	worker	@tvOneNews;2017-09-28 - 2017-09-28;submitSocial;all;arwin
2017-09-30 05:01:19	worker	@whatsonANTV;2017-09-28 - 2017-09-28;submitSocial;all;arwin
2017-09-30 05:01:22	worker	@SCTV_;2017-09-28 - 2017-09-28;submitSocial;all;arwin
2017-09-30 05:01:25	worker	@KompasTV;2017-09-28 - 2017-09-28;submitSocial;all;arwin
2017-09-30 05:01:29	worker	@netmediatama;2017-09-28 - 2017-09-28;submitSocial;all;arwin
2017-09-30 05:01:32	worker	@Globaltvseru;2017-09-28 - 2017-09-28;submitSocial;all;arwin
2017-09-30 05:01:34	worker	@JaktvCom;2017-09-28 - 2017-09-28;submitSocial;all;arwin
2017-09-30 05:01:37	worker	@TVRINasional;2017-09-28 - 2017-09-28;submitSocial;all;arwin
2017-09-30 05:01:39	worker	@ochannelupdates;2017-09-28 - 2017-09-28;submitSocial;all;arwin
2017-09-30 05:01:42	worker	@IndosiarID;2017-09-28 - 2017-09-28;submitSocial;all;arwin
2017-09-30 05:01:46	worker	@kompascom;2017-09-28 - 2017-09-28;submitSocial;all;arwin
2017-09-30 05:01:49	worker	@merdekadotcom;2017-09-28 - 2017-09-28;submitSocial;all;arwin
2017-09-30 05:01:51	worker	@MIdotcom;2017-09-28 - 2017-09-28;submitSocial;all;arwin
2017-09-30 05:01:54	worker	@tempodotco;2017-09-28 - 2017-09-28;submitSocial;all;arwin
2017-09-30 05:01:57	worker	@motion975fm;2017-09-28 - 2017-09-28;submitSocial;all;arwin
2017-09-30 05:01:59	worker	@_radiotoday;2017-09-28 - 2017-09-28;submitSocial;all;arwin
2017-09-30 05:02:02	worker	@radioinfo;2017-09-28 - 2017-09-28;submitSocial;all;arwin
2017-09-30 05:02:05	worker	@979FeMaleRadio;2017-09-28 - 2017-09-28;submitSocial;all;arwin
2017-09-30 05:02:07	worker	@WomanRadio943FM;2017-09-28 - 2017-09-28;submitSocial;all;arwin
2017-09-30 05:02:10	worker	@VRadioFM;2017-09-28 - 2017-09-28;submitSocial;all;arwin
2017-09-30 05:02:12	worker	@UFM947;2017-09-28 - 2017-09-28;submitSocial;all;arwin
2017-09-30 05:02:15	worker	@VIVAnews;2017-09-28 - 2017-09-28;submitSocial;all;arwin
2017-09-30 05:02:17	worker	@antaranews;2017-09-28 - 2017-09-28;submitSocial;all;arwin
2017-09-30 05:02:21	worker	@tribunnews;2017-09-28 - 2017-09-28;submitSocial;all;arwin
2017-09-30 05:02:23	worker	@okezonenews;2017-09-28 - 2017-09-28;submitSocial;all;arwin
2017-09-30 05:02:26	worker	@Beritasatu;2017-09-28 - 2017-09-28;submitSocial;all;arwin
2017-09-30 05:02:28	worker	@rollingstoneina;2017-09-28 - 2017-09-28;submitSocial;all;arwin
2017-09-30 05:02:31	worker	@FIMELAdotcom;2017-09-28 - 2017-09-28;submitSocial;all;arwin
2017-09-30 05:02:33	worker	@KapanLagicom;2017-09-28 - 2017-09-28;submitSocial;all;arwin
2017-09-30 05:02:36	worker	@KompasEnt ;2017-09-28 - 2017-09-28;submitSocial;all;arwin
2017-09-30 05:02:39	worker	@HaiMagazine;2017-09-28 - 2017-09-28;submitSocial;all;arwin
2017-09-30 05:02:41	worker	@JakartaVenue;2017-09-28 - 2017-09-28;submitSocial;all;arwin
2017-09-30 05:02:44	worker	@SeputarEvent;2017-09-28 - 2017-09-28;submitSocial;all;arwin
2017-09-30 05:02:47	worker	@ismayaLive;2017-09-28 - 2017-09-28;submitSocial;all;arwin
2017-09-30 05:02:49	worker	@ECEntertainment;2017-09-28 - 2017-09-28;submitSocial;all;arwin
2017-09-30 05:02:51	worker	@synergism_En;2017-09-28 - 2017-09-28;submitSocial;all;arwin
2017-09-30 05:02:54	worker	@Urbanbandung;2017-09-28 - 2017-09-28;submitSocial;all;arwin
2017-09-30 05:02:56	worker	@Urbanrkm995;2017-09-28 - 2017-09-28;submitSocial;all;arwin
2017-09-30 05:02:58	worker	@Garuda_Promo;2017-09-28 - 2017-09-28;submitSocial;all;arwin
2017-09-30 05:03:01	worker	@AirAsiaID;2017-09-28 - 2017-09-28;submitSocial;all;arwin
2017-09-30 05:03:05	worker	@KAI121;2017-09-28 - 2017-09-28;submitSocial;all;arwin
2017-09-30 05:03:09	worker	@Unilever;2017-09-28 - 2017-09-28;submitSocial;all;arwin
2017-09-30 05:03:12	worker	@Nestle;2017-09-28 - 2017-09-28;submitSocial;all;arwin
2017-09-30 05:03:16	worker	@CocaCola;2017-09-28 - 2017-09-28;submitSocial;all;arwin
2017-09-30 05:03:24	worker	@CNN;2017-09-28 - 2017-09-28;submitSocial;all;arwin
2017-09-30 05:03:30	worker	@MTV;2017-09-28 - 2017-09-28;submitSocial;all;arwin
2017-09-30 05:03:32	worker	@channelv;2017-09-28 - 2017-09-28;submitSocial;all;arwin
2017-09-30 05:03:35	worker	@iTunesMusic;2017-09-28 - 2017-09-28;submitSocial;all;arwin
2017-09-30 05:03:39	worker	@mashable;2017-09-28 - 2017-09-28;submitSocial;all;arwin
2017-09-30 05:03:41	worker	@decacaz;2017-09-28 - 2017-09-28;submitSocial;all;arwin
2017-09-30 05:03:44	worker	@radiobaru967FM;2017-09-28 - 2017-09-28;submitSocial;all;arwin
2017-09-30 05:03:46	worker	@967HitzFM;2017-09-28 - 2017-09-28;submitSocial;all;arwin
2017-09-30 05:03:49	worker	@TVGuide;2017-09-28 - 2017-09-28;submitSocial;all;arwin
2017-09-30 05:03:52	worker	@XL123;2017-09-28 - 2017-09-28;submitSocial;all;arwin
2017-09-30 05:03:54	worker	@triindonesia;2017-09-28 - 2017-09-28;submitSocial;all;arwin
2017-09-30 05:03:57	worker	@kaskus;2017-09-28 - 2017-09-28;submitSocial;all;arwin
2017-09-30 05:04:00	worker	@Studio_XXI;2017-09-28 - 2017-09-28;submitSocial;all;arwin
2017-09-30 05:04:02	worker	@blitzmegaplex;2017-09-28 - 2017-09-28;submitSocial;all;arwin
2017-09-30 05:04:05	worker	@alfamartku;2017-09-28 - 2017-09-28;submitSocial;all;arwin
2017-09-30 05:04:07	worker	@Carrefour_ID;2017-09-28 - 2017-09-28;submitSocial;all;arwin
2017-09-30 05:04:12	worker	@BBCBreaking;2017-09-28 - 2017-09-28;submitSocial;all;arwin
2017-09-30 05:04:19	worker	@Forbes;2017-09-28 - 2017-09-28;submitSocial;all;arwin
2017-09-30 05:04:22	worker	@BensRadio;2017-09-28 - 2017-09-28;submitSocial;all;arwin
2017-09-30 05:04:28	worker	@instagram;2017-09-28 - 2017-09-28;submitSocial;all;arwin
2017-09-30 05:04:31	worker	@Pinterest;2017-09-28 - 2017-09-28;submitSocial;all;arwin
2017-09-30 05:04:39	worker	@google;2017-09-28 - 2017-09-28;submitSocial;all;arwin
2017-09-30 05:04:42	worker	@Pertaminalub;2017-09-28 - 2017-09-28;submitSocial;all;arwin
2017-09-30 05:04:44	worker	@InfoLalinTol;2017-09-28 - 2017-09-28;submitSocial;all;arwin
2017-09-30 05:04:47	worker	@PTJASAMARGA;2017-09-28 - 2017-09-28;submitSocial;all;arwin
2017-09-30 05:04:49	worker	@cititransindo;2017-09-28 - 2017-09-28;submitSocial;all;arwin
2017-09-30 05:04:52	worker	#semangatpagisuperr;2017-09-28 - 2017-09-28;submitSocial;all;arwin
2017-09-30 05:04:54	worker	#genkuisinsideout;2017-09-28 - 2017-09-28;submitSocial;all;arwin
2017-09-30 05:04:57	worker	#semangatpagi;2017-09-28 - 2017-09-28;submitSocial;all;arwin
2017-09-30 05:04:59	worker	#dikamar;2017-09-28 - 2017-09-28;submitSocial;all;arwin
2017-09-30 05:05:03	worker	#kopaja;2017-09-28 - 2017-09-28;submitSocial;all;arwin
2017-09-30 05:05:06	worker	#generaksi8;2017-09-28 - 2017-09-28;submitSocial;all;arwin
2017-09-30 05:05:09	worker	#hitztsp;2017-09-28 - 2017-09-28;submitSocial;all;arwin
2017-09-30 05:05:13	worker	#np;2017-09-28 - 2017-09-28;submitSocial;all;arwin
2017-09-30 05:05:15	worker	#hitzlivestage;2017-09-28 - 2017-09-28;submitSocial;all;arwin
2017-09-30 05:05:18	worker	#thefreaks;2017-09-28 - 2017-09-28;submitSocial;all;arwin
2017-09-30 05:05:20	worker	#hitzsirkuspagi;2017-09-28 - 2017-09-28;submitSocial;all;arwin
2017-09-30 05:05:23	worker	#hitzathlon;2017-09-28 - 2017-09-28;submitSocial;all;arwin
2017-09-30 05:05:26	worker	#hitzzombie;2017-09-28 - 2017-09-28;submitSocial;all;arwin
2017-09-30 05:05:28	worker	#hitzkalong;2017-09-28 - 2017-09-28;submitSocial;all;arwin
2017-09-30 05:05:31	worker	#hitzbebas;2017-09-28 - 2017-09-28;submitSocial;all;arwin
2017-09-30 05:05:33	worker	#hitzhorehara;2017-09-28 - 2017-09-28;submitSocial;all;arwin
2017-09-30 05:05:36	worker	@ZaloraID;2017-09-28 - 2017-09-28;submitSocial;all;arwin
2017-09-30 05:05:38	worker	@OLX_Indonesia;2017-09-28 - 2017-09-28;submitSocial;all;arwin
2017-09-30 05:05:41	worker	@LazadaID;2017-09-28 - 2017-09-28;submitSocial;all;arwin
2017-09-30 05:05:44	worker	@utrippers;2017-09-28 - 2017-09-28;submitSocial;all;arwin
2017-09-30 05:05:46	worker	@GoGobot;2017-09-28 - 2017-09-28;submitSocial;all;arwin
2017-09-30 05:05:49	worker	@viatortravel;2017-09-28 - 2017-09-28;submitSocial;all;arwin
2017-09-30 05:05:51	worker	@alandakariza;2017-09-28 - 2017-09-28;submitSocial;all;arwin
2017-09-30 05:05:54	worker	@gagasmedia;2017-09-28 - 2017-09-28;submitSocial;all;arwin
2017-09-30 05:05:57	worker	@welovehonda;2017-09-28 - 2017-09-28;submitSocial;all;arwin
2017-09-30 05:05:59	worker	@SuzukiMotorID;2017-09-28 - 2017-09-28;submitSocial;all;arwin
2017-09-30 05:06:01	worker	@kawasakilovers;2017-09-28 - 2017-09-28;submitSocial;all;arwin
2017-09-30 05:06:04	worker	@yamahaindonesia;2017-09-28 - 2017-09-28;submitSocial;all;arwin
2017-09-30 05:06:07	worker	@tripanzee;2017-09-28 - 2017-09-28;submitSocial;all;arwin
2017-09-30 05:06:09	worker	@arnoldpoernomo;2017-09-28 - 2017-09-28;submitSocial;all;arwin
2017-09-30 05:06:12	worker	@nicsap;2017-09-28 - 2017-09-28;submitSocial;all;arwin
2017-09-30 05:06:14	worker	@tiket2;2017-09-28 - 2017-09-28;submitSocial;all;arwin
2017-09-30 05:06:17	worker	@traveloka;2017-09-28 - 2017-09-28;submitSocial;all;arwin
2017-09-30 05:06:21	worker	@wego;2017-09-28 - 2017-09-28;submitSocial;all;arwin
2017-09-30 05:06:24	worker	@agoda;2017-09-28 - 2017-09-28;submitSocial;all;arwin
2017-09-30 05:06:26	worker	#salahsambung;2017-09-28 - 2017-09-28;submitSocial;all;arwin
2017-09-30 05:06:29	worker	#tulalit;2017-09-28 - 2017-09-28;submitSocial;all;arwin
2017-09-30 05:06:31	worker	#pestageneraksi8;2017-09-28 - 2017-09-28;submitSocial;all;arwin
2017-09-30 05:06:33	worker	#ganaskustik;2017-09-28 - 2017-09-28;submitSocial;all;arwin
2017-09-30 05:06:36	worker	#lnhot20;2017-09-28 - 2017-09-28;submitSocial;all;arwin
2017-09-30 05:06:39	worker	@TripAdvisor;2017-09-28 - 2017-09-28;submitSocial;all;arwin
2017-09-30 05:06:47	worker	@google;2017-09-28 - 2017-09-28;submitSocial;all;arwin
2017-09-30 05:06:51	worker	@Telkomsel;2017-09-28 - 2017-09-28;submitSocial;all;arwin
2017-09-30 05:06:53	worker	@indosat;2017-09-28 - 2017-09-28;submitSocial;all;arwin
2017-09-30 05:06:57	worker	@bahanafmjkt;2017-09-28 - 2017-09-28;submitSocial;all;2017-09-30 05:07:01	worker	@sonorafm92;2017-09-28 - 2017-09-28;submitSocial;all;arwin
2017-09-30 05:07:03	worker	@litefm1058;2017-09-28 - 2017-09-28;submitSocial;all;arwin
2017-09-30 05:07:06	worker	@Bravaradio;2017-09-28 - 2017-09-28;submitSocial;all;arwin
2017-09-30 05:07:09	worker	#dgitm;2017-09-28 - 2017-09-28;submitSocial;all;arwin
2017-09-30 05:07:12	worker	#hitsalaprambors;2017-09-28 - 2017-09-28;submitSocial;all;arwin
2017-09-30 05:07:14	worker	#reqprambors;2017-09-28 - 2017-09-28;submitSocial;all;arwin
2017-09-30 05:07:17	worker	#thedandees;2017-09-28 - 2017-09-28;submitSocial;all;arwin
2017-09-30 05:07:19	worker	#pramborsquiz;2017-09-28 - 2017-09-28;submitSocial;all;arwin
2017-09-30 05:07:21	worker	#jeliprambors;2017-09-28 - 2017-09-28;submitSocial;all;arwin
2017-09-30 05:07:23	worker	#jodohinprambors;2017-09-28 - 2017-09-28;submitSocial;all;arwin
2017-09-30 05:07:26	worker	#ubahdenganbicara;2017-09-28 - 2017-09-28;submitSocial;all;arwin
2017-09-30 05:07:28	worker	#pramborschat;2017-09-28 - 2017-09-28;submitSocial;all;arwin
2017-09-30 05:07:30	worker	#tweetforduit;2017-09-28 - 2017-09-28;submitSocial;all;arwin
2017-09-30 05:07:33	worker	#joki3in1;2017-09-28 - 2017-09-28;submitSocial;all;arwin
2017-09-30 05:07:35	worker	#sarapanseru;2017-09-28 - 2017-09-28;submitSocial;all;arwin
2017-09-30 05:07:37	worker	#rawonkaneloop;2017-09-28 - 2017-09-28;submitSocial;all;arwin
2017-09-30 05:07:40	worker	#gudegkendilkeraton;2017-09-28 - 2017-09-28;submitSocial;all;arwin
2017-09-30 05:07:42	worker	#gadogadobutika;2017-09-28 - 2017-09-28;submitSocial;all;arwin
2017-09-30 05:07:45	worker	#mtvhottest;2017-09-28 - 2017-09-28;submitSocial;all;arwin
2017-09-30 05:07:47	worker	#dimsumcjdw;2017-09-28 - 2017-09-28;submitSocial;all;arwin
2017-09-30 05:07:49	worker	#pecelmadiunmbakniek;2017-09-28 - 2017-09-28;submitSocial;all;arwin
2017-09-30 05:07:52	worker	#depotarema;2017-09-28 - 2017-09-28;submitSocial;all;arwin
2017-09-30 05:07:54	worker	@BNI46;2017-09-28 - 2017-09-28;submitSocial;all;arwin
2017-09-30 05:07:57	worker	@BANKBRI_ID;2017-09-28 - 2017-09-28;submitSocial;all;arwin
2017-09-30 05:07:59	worker	#bni46;2017-09-28 - 2017-09-28;submitSocial;all;arwin
2017-09-30 05:08:04	worker	macet;2017-09-28 - 2017-09-28;submitSocial;all;arwin
2017-09-30 05:08:07	worker	#selamatpagi;2017-09-28 - 2017-09-28;submitSocial;all;arwin
2017-09-30 05:08:09	worker	#selamatmalam;2017-09-28 - 2017-09-28;submitSocial;all;arwin
2017-09-30 05:08:12	worker	@884GlobalRadio;2017-09-28 - 2017-09-28;submitSocial;all;arwin
2017-09-30 05:08:14	worker	@day_trans;2017-09-28 - 2017-09-28;submitSocial;all;arwin
2017-09-30 05:08:17	worker	@kencanavoyage;2017-09-28 - 2017-09-28;submitSocial;all;arwin
2017-09-30 05:08:19	worker	@jukebox5d;2017-09-28 - 2017-09-28;submitSocial;all;arwin
2017-09-30 05:08:22	worker	#mtvhottest;2017-09-28 - 2017-09-28;submitSocial;all;arwin
2017-09-30 05:08:24	worker	#semangatpagi;2017-09-28 - 2017-09-28;submitSocial;all;arwin
2017-09-30 05:08:27	worker	lifebuoy;2017-09-28 - 2017-09-28;submitSocial;all;arwin
2017-09-30 05:08:33	worker	jokowi;2017-09-28 - 2017-09-28;submitSocial;all;arwin
2017-09-30 05:08:43	worker	obama;2017-09-28 - 2017-09-28;submitSocial;all;arwin
2017-09-30 05:08:47	worker	starwars;2017-09-28 - 2017-09-28;submitSocial;all;arwin
2017-09-30 05:08:51	worker	jonan;2017-09-28 - 2017-09-28;submitSocial;all;arwin
2017-09-30 05:09:00	worker	pagi;2017-09-28 - 2017-09-28;submitSocial;all;arwin
2017-09-30 05:09:03	worker	sampoerna;2017-09-28 - 2017-09-28;submitSocial;all;arwin
2017-09-30 05:09:06	worker	djarum;2017-09-28 - 2017-09-28;submitSocial;all;arwin
2017-09-30 05:09:09	worker	#semangatpagi;2017-09-28 - 2017-09-28;submitSocial;all;arwin
2017-09-30 05:09:11	worker	#generaksi8;2017-09-28 - 2017-09-28;submitSocial;all;arwin
2017-09-30 05:09:13	worker	#365alasan;2017-09-28 - 2017-09-28;submitSocial;all;arwin
2017-09-30 05:09:17	worker	weew;2017-09-28 - 2017-09-28;submitSocial;all;arwin
2017-09-30 05:09:25	worker	testing;2017-09-28 - 2017-09-28;submitSocial;all;arwin
2017-09-30 05:09:28	worker	#kopaja;2017-09-28 - 2017-09-28;submitSocial;all;arwin
2017-09-30 05:09:30	worker	#genkuisinsideout;2017-09-28 - 2017-09-28;submitSocial;all;arwin
2017-09-30 05:09:34	worker	starwars;2017-09-28 - 2017-09-28;submitSocial;all;arwin
2017-09-30 05:09:36	worker	#kopaja;2017-09-28 - 2017-09-28;submitSocial;all;arwin
2017-09-30 05:09:39	worker	mldspot;2017-09-28 - 2017-09-28;submitSocial;all;arwin
2017-09-30 05:09:42	worker	PBDjarum;2017-09-28 - 2017-09-28;submitSocial;all;arwin
2017-09-30 05:09:44	worker	TemanNabati;2017-09-28 - 2017-09-28;submitSocial;all;arwin
2017-09-30 05:09:48	worker	Nextar;2017-09-28 - 2017-09-28;submitSocial;all;arwin
2017-09-30 05:09:51	worker	jokowo;2017-09-28 - 2017-09-28;submitSocial;all;arwin
2017-09-30 05:09:55	worker	prabowo;2017-09-28 - 2017-09-28;submitSocial;all;arwin
2017-09-30 05:09:57	worker	sudirman said;2017-09-28 - 2017-09-28;submitSocial;all;arwin
2017-09-30 05:10:02	worker	ahok;2017-09-28 - 2017-09-28;submitSocial;all;arwin
2017-09-30 05:10:05	worker	setyanovanto;2017-09-28 - 2017-09-28;submitSocial;all;arwin
2017-09-30 05:10:13	worker	jokowi;2017-09-28 - 2017-09-28;submitSocial;all;arwin
2017-09-30 05:10:18	worker	ahok;2017-09-28 - 2017-09-28;submitSocial;all;arwin
2017-09-30 05:10:22	worker	prabowo;2017-09-28 - 2017-09-28;submitSocial;all;arwin
2017-09-30 05:10:24	worker	sudirman said;2017-09-28 - 2017-09-28;submitSocial;all;arwin
2017-09-30 05:10:27	worker	setyanovanto;2017-09-28 - 2017-09-28;submitSocial;all;arwin
2017-09-30 05:10:32	worker	galau;2017-09-28 - 2017-09-28;submitSocial;all;arwin
2017-09-30 05:10:34	worker	#prestasiindonesia;2017-09-28 - 2017-09-28;submitSocial;all;arwin
2017-09-30 05:10:37	worker	@Tw_Debi;2017-09-28 - 2017-09-28;submitSocial;all;arwin
2017-09-30 05:10:39	worker	@OfficialFastron;2017-09-28 - 2017-09-28;submitSocial;all;arwin
2017-09-30 05:10:42	worker	@CitibankID;2017-09-28 - 2017-09-28;submitSocial;all;arwin
2017-09-30 05:10:45	worker	@jak101fm;2017-09-28 - 2017-09-28;submitSocial;all;arwin
2017-09-30 05:10:48	worker	@genfm;2017-09-28 - 2017-09-28;submitSocial;all;arwin
