2017-03-06 05:00:16	worker	@987genfm;2017-03-04 - 2017-03-04;submitSocial;all;arwin
2017-03-06 05:00:28	worker	@101jakfm;2017-03-04 - 2017-03-04;submitSocial;all;arwin
2017-03-06 05:00:41	worker	@prambors;2017-03-04 - 2017-03-04;submitSocial;all;arwin
2017-03-06 05:00:53	worker	@hardrockfm;2017-03-04 - 2017-03-04;submitSocial;all;arwin
2017-03-06 05:01:05	worker	@kisfmjakarta;2017-03-04 - 2017-03-04;submitSocial;all;arwin
2017-03-06 05:01:17	worker	@delta_fm;2017-03-04 - 2017-03-04;submitSocial;all;arwin
2017-03-06 05:01:29	worker	@traxfmjkt;2017-03-04 - 2017-03-04;submitSocial;all;arwin
2017-03-06 05:01:41	worker	@iradiojakarta;2017-03-04 - 2017-03-04;submitSocial;all;arwin
2017-03-06 05:01:53	worker	@indika9160fm;2017-03-04 - 2017-03-04;submitSocial;all;arwin
2017-03-06 05:02:05	worker	@shellindonesia;2017-03-04 - 2017-03-04;submitSocial;all;arwin
2017-03-06 05:02:18	worker	@vpowerfans;2017-03-04 - 2017-03-04;submitSocial;all;arwin
2017-03-06 05:02:30	worker	@pertamaxind;2017-03-04 - 2017-03-04;submitSocial;all;arwin
2017-03-06 05:02:42	worker	@ptpertamina;2017-03-04 - 2017-03-04;submitSocial;all;arwin
2017-03-06 05:02:54	worker	@OZRadioJakarta;2017-03-04 - 2017-03-04;submitSocial;all;arwin
2017-03-06 05:03:06	worker	@CosmopolitanFM;2017-03-04 - 2017-03-04;submitSocial;all;arwin
2017-03-06 05:03:18	worker	@mustang88fm;2017-03-04 - 2017-03-04;submitSocial;all;arwin
2017-03-06 05:03:29	worker	@debabaz;2017-03-04 - 2017-03-04;submitSocial;all;arwin
2017-03-06 05:03:42	worker	@detikcom;2017-03-04 - 2017-03-04;submitSocial;all;arwin
2017-03-06 05:03:55	worker	@radioelshinta;2017-03-04 - 2017-03-04;submitSocial;all;arwin
2017-03-06 05:04:07	worker	@cinema21;2017-03-04 - 2017-03-04;submitSocial;all;arwin
2017-03-06 05:04:20	worker	@OfficialRCTI;2017-03-04 - 2017-03-04;submitSocial;all;arwin
2017-03-06 05:04:32	worker	@TRANSTV_CORP;2017-03-04 - 2017-03-04;submitSocial;all;arwin
2017-03-06 05:04:44	worker	@TRANS7;2017-03-04 - 2017-03-04;submitSocial;all;arwin
2017-03-06 05:04:57	worker	@Metro_TV;2017-03-04 - 2017-03-04;submitSocial;all;arwin
2017-03-06 05:05:10	worker	@tvOneNews;2017-03-04 - 2017-03-04;submitSocial;all;arwin
2017-03-06 05:05:22	worker	@whatsonANTV;2017-03-04 - 2017-03-04;submitSocial;all;arwin
2017-03-06 05:05:35	worker	@SCTV_;2017-03-04 - 2017-03-04;submitSocial;all;arwin
2017-03-06 05:05:48	worker	@KompasTV;2017-03-04 - 2017-03-04;submitSocial;all;arwin
2017-03-06 05:06:00	worker	@netmediatama;2017-03-04 - 2017-03-04;submitSocial;all;arwin
2017-03-06 05:06:14	worker	@Globaltvseru;2017-03-04 - 2017-03-04;submitSocial;all;arwin
2017-03-06 05:06:26	worker	@JaktvCom;2017-03-04 - 2017-03-04;submitSocial;all;arwin
2017-03-06 05:06:37	worker	@TVRINasional;2017-03-04 - 2017-03-04;submitSocial;all;arwin
2017-03-06 05:06:49	worker	@ochannelupdates;2017-03-04 - 2017-03-04;submitSocial;all;arwin
2017-03-06 05:07:02	worker	@IndosiarID;2017-03-04 - 2017-03-04;submitSocial;all;arwin
2017-03-06 05:07:16	worker	@kompascom;2017-03-04 - 2017-03-04;submitSocial;all;arwin
2017-03-06 05:07:28	worker	nelv;2017-03-04 - 2017-03-04;submitSocial;all;arwin
2017-03-06 05:07:40	worker	@iTunesMusic;2017-03-04 - 2017-03-04;submitSocial;all;arwin
2017-03-06 05:07:54	worker	@mashable;2017-03-04 - 2017-03-04;submitSocial;all;arwin
2017-03-06 05:08:07	worker	@decacaz;2017-03-04 - 2017-03-04;submitSocial;all;arwin
2017-03-06 05:08:19	worker	@radiobaru967FM;2017-03-04 - 2017-03-04;submitSocial;all;arwin
2017-03-06 05:08:31	worker	@967HitzFM;2017-03-04 - 2017-03-04;submitSocial;all;arwin
2017-03-06 05:08:44	worker	@TVGuide;2017-03-04 - 2017-03-04;submitSocial;all;arwin
2017-03-06 05:08:57	worker	@XL123;2017-03-04 - 2017-03-04;submitSocial;all;arwin
2017-03-06 05:09:10	worker	@triindonesia;2017-03-04 - 2017-03-04;submitSocial;all;arwin
2017-03-06 05:09:23	worker	@kaskus;2017-03-04 - 2017-03-04;submitSocial;all;arwin
2017-03-06 05:09:35	worker	@Studio_XXI;2017-03-04 - 2017-03-04;submitSocial;all;arwin
2017-03-06 05:09:46	worker	@blitzmegaplex;2017-03-04 - 2017-03-04;submitSocial;all;arwin
2017-03-06 05:09:58	worker	@alfamartku;2017-03-04 - 2017-03-04;submitSocial;all;arwin
2017-03-06 05:10:13	worker	@Carrefour_ID;2017-03-04 - 2017-03-04;submitSocial;all;arwin
2017-03-06 05:10:26	worker	@BBCBreaking;2017-03-04 - 2017-03-04;submitSocial;all;arwin
2017-03-06 05:10:41	worker	@Forbes;2017-03-04 - 2017-03-04;submitSocial;all;arwin
2017-03-06 05:10:53	worker	@BensRadio;2017-03-04 - 2017-03-04;submitSocial;all;arwin
2017-03-06 05:11:08	worker	@instagram;2017-03-04 - 2017-03-04;submitSocial;all;arwin
2017-03-06 05:11:20	worker	@Pinterest;2017-03-04 - 2017-03-04;submitSocial;all;arwin
2017-03-06 05:11:35	worker	@google;2017-03-04 - 2017-03-04;submitSocial;all;arwin
2017-03-06 05:11:47	worker	@Pertaminalub;2017-03-04 - 2017-03-04;submitSocial;all;arwin
2017-03-06 05:11:59	worker	@InfoLalinTol;2017-03-04 - 2017-03-04;submitSocial;all;arwin
2017-03-06 05:12:12	worker	@PTJASAMARGA;2017-03-04 - 2017-03-04;submitSocial;all;arwin
2017-03-06 05:12:24	worker	@cititransindo;2017-03-04 - 2017-03-04;submitSocial;all;arwin
2017-03-06 05:12:36	worker	#semangatpagisuperr;2017-03-04 - 2017-03-04;submitSocial;all;arwin
2017-03-06 05:12:48	worker	#genkuisinsideout;2017-03-04 - 2017-03-04;submitSocial;all;arwin
2017-03-06 05:13:00	worker	#semangatpagi;2017-03-04 - 2017-03-04;submitSocial;all;arwin
2017-03-06 05:13:12	worker	#dikamar;2017-03-04 - 2017-03-04;submitSocial;all;arwin
2017-03-06 05:13:24	worker	#kopaja;2017-03-04 - 2017-03-04;submitSocial;all;arwin
2017-03-06 05:13:36	worker	#generaksi8;2017-03-04 - 2017-03-04;submitSocial;all;arwin
2017-03-06 05:13:48	worker	#hitztsp;2017-03-04 - 2017-03-04;submitSocial;all;arwin
2017-03-06 05:14:01	worker	#np;2017-03-04 - 2017-03-04;submitSocial;all;arwin
2017-03-06 05:14:13	worker	#hitzlivestage;2017-03-04 - 2017-03-04;submitSocial;all;arwin
2017-03-06 05:14:25	worker	#thefreaks;2017-03-04 - 2017-03-04;submitSocial;all;arwin
2017-03-06 05:14:37	worker	#hitzsirkuspagi;2017-03-04 - 2017-03-04;submitSocial;all;arwin
2017-03-06 05:14:49	worker	#hitzathlon;2017-03-04 - 2017-03-04;submitSocial;all;arwin
2017-03-06 05:15:01	worker	#hitzzombie;2017-03-04 - 2017-03-04;submitSocial;all;arwin
2017-03-06 05:15:13	worker	#hitzkalong;2017-03-04 - 2017-03-04;submitSocial;all;arwin
2017-03-06 05:15:26	worker	#hitzbebas;2017-03-04 - 2017-03-04;submitSocial;all;arwin
2017-03-06 05:15:38	worker	#hitzhorehara;2017-03-04 - 2017-03-04;submitSocial;all;arwin
2017-03-06 05:15:50	worker	@ZaloraID;2017-03-04 - 2017-03-04;submitSocial;all;arwin
2017-03-06 05:16:02	worker	@OLX_Indonesia;2017-03-04 - 2017-03-04;submitSocial;all;arwin
2017-03-06 05:16:14	worker	@LazadaID;2017-03-04 - 2017-03-04;submitSocial;all;arwin
2017-03-06 05:16:26	worker	@utrippers;2017-03-04 - 2017-03-04;submitSocial;all;arwin
2017-03-06 05:16:38	worker	@GoGobot;2017-03-04 - 2017-03-04;submitSocial;all;arwin
2017-03-06 05:16:50	worker	@viatortravel;2017-03-04 - 2017-03-04;submitSocial;all;arwin
2017-03-06 05:17:02	worker	@alandakariza;2017-03-04 - 2017-03-04;submitSocial;all;arwin
2017-03-06 05:17:15	worker	@gagasmedia;2017-03-04 - 2017-03-04;submitSocial;all;arwin
2017-03-06 05:17:27	worker	@welovehonda;2017-03-04 - 2017-03-04;submitSocial;all;arwin
2017-03-06 05:17:38	worker	@SuzukiMotorID;2017-03-04 - 2017-03-04;submitSocial;all;arwin
2017-03-06 05:17:50	worker	@kawasakilovers;2017-03-04 - 2017-03-04;submitSocial;all;arwin
2017-03-06 05:18:02	worker	@yamahaindonesia;2017-03-04 - 2017-03-04;submitSocial;all;arwin
2017-03-06 05:18:15	worker	@tripanzee;2017-03-04 - 2017-03-04;submitSocial;all;arwin
2017-03-06 05:18:27	worker	@arnoldpoernomo;2017-03-04 - 2017-03-04;submitSocial;all;arwin
2017-03-06 05:18:39	worker	@nicsap;2017-03-04 - 2017-03-04;submitSocial;all;arwin
2017-03-06 05:18:51	worker	@tiket2;2017-03-04 - 2017-03-04;submitSocial;all;arwin
2017-03-06 05:19:03	worker	@traveloka;2017-03-04 - 2017-03-04;submitSocial;all;arwin
2017-03-06 05:19:16	worker	@wego;2017-03-04 - 2017-03-04;submitSocial;all;arwin
2017-03-06 05:19:29	worker	@agoda;2017-03-04 - 2017-03-04;submitSocial;all;arwin
2017-03-06 05:19:40	worker	#salahsambung;2017-03-04 - 2017-03-04;submitSocial;all;arwin
2017-03-06 05:19:52	worker	#tulalit;2017-03-04 - 2017-03-04;submitSocial;all;arwin
2017-03-06 05:20:05	worker	#pestageneraksi8;2017-03-04 - 2017-03-04;submitSocial;all;arwin
2017-03-06 05:20:17	worker	#ganaskustik;2017-03-04 - 2017-03-04;submitSocial;all;arwin
2017-03-06 05:20:29	worker	#lnhot20;2017-03-04 - 2017-03-04;submitSocial;all;arwin
2017-03-06 05:20:42	worker	@TripAdvisor;2017-03-04 - 2017-03-04;submitSocial;all;arwin
2017-03-06 05:20:56	worker	@google;2017-03-04 - 2017-03-04;submitSocial;all;arwin
2017-03-06 05:21:09	worker	@Telkomsel;2017-03-04 - 2017-03-04;submitSocial;all;arwin
2017-03-06 05:21:21	worker	@indosat;2017-03-04 - 2017-03-04;submitSocial;all;arwin
2017-03-06 05:21:33	worker	@bahanafmjkt;2017-03-04 - 2017-03-04;submitSocial;all;arwin
2017-03-06 05:21:45	worker	@sonorafm92;2017-03-04 - 2017-03-04;submitSocial;all;arwin
2017-03-06 05:21:57	worker	@litefm1058;2017-03-04 - 2017-03-04;submitSocial;all;arwin
2017-03-06 05:22:10	worker	@Bravaradio;2017-03-04 - 2017-03-04;submitSocial;all;arwin
2017-03-06 05:22:22	worker	#dgitm;2017-03-04 - 2017-03-04;submitSocial;all;arwin
2017-03-06 05:22:34	worker	#hitsalaprambors;2017-03-04 - 2017-03-04;submitSocial;all;arwin
2017-03-06 05:22:46	worker	#reqprambors;2017-03-04 - 2017-03-04;submitSocial;all;arwin
2017-03-06 05:22:58	worker	#thedandees;2017-03-04 - 2017-03-04;submitSocial;all;arwin
2017-03-06 05:23:10	worker	#pramborsquiz;2017-03-04 - 2017-03-04;submitSocial;all;arwin
2017-03-06 05:23:22	worker	#jeliprambors;2017-03-04 - 2017-03-04;submitSocial;all;arwin
2017-03-06 05:23:34	worker	#jodohinprambors;2017-03-04 - 2017-03-04;submitSocial;all;arwin
2017-03-06 05:23:46	worker	#ubahdenganbicara;2017-03-04 - 2017-03-04;submitSocial;all;arwin
2017-03-06 05:23:58	worker	#pramborschat;2017-03-04 - 2017-03-04;submitSocial;all;arwin
2017-03-06 05:24:11	worker	#tweetforduit;2017-03-04 - 2017-03-04;submitSocial;all;arwin
2017-03-06 05:24:23	worker	#joki3in1;2017-03-04 - 2017-03-04;submitSocial;all;arwin
2017-03-06 05:24:35	worker	#sarapanseru;2017-03-04 - 2017-03-04;submitSocial;all;arwin
2017-03-06 05:24:47	worker	#rawonkaneloop;2017-03-04 - 2017-03-04;submitSocial;all;arwin
2017-03-06 05:24:58	worker	#gudegkendilkeraton;2017-03-04 - 2017-03-04;submitSocial;all;arwin
2017-03-06 05:25:11	worker	#gadogadobutika;2017-03-04 - 2017-03-04;submitSocial;all;arwin
2017-03-06 05:25:23	worker	#mtvhottest;2017-03-04 - 2017-03-04;submitSocial;all;arwin
2017-03-06 05:25:35	worker	#dimsumcjdw;2017-03-04 - 2017-03-04;submitSocial;all;arwin
2017-03-06 05:25:47	worker	#pecelmadiunmbakniek;2017-03-04 - 2017-03-04;submitSocial;all;arwin
2017-03-06 05:25:59	worker	#depotarema;2017-03-04 - 2017-03-04;submitSocial;all;arwin
2017-03-06 05:26:12	worker	@BNI46;2017-03-04 - 2017-03-04;submitSocial;all;arwin
2017-03-06 05:26:24	worker	@BANKBRI_ID;2017-03-04 - 2017-03-04;submitSocial;all;arwin
2017-03-06 05:26:36	worker	#bni46;2017-03-04 - 2017-03-04;submitSocial;all;arwin
2017-03-06 05:26:50	worker	macet;2017-03-04 - 2017-03-04;submitSocial;all;arwin
2017-03-06 05:27:03	worker	#selamatpagi;2017-03-04 - 2017-03-04;submitSocial;all;arwin
2017-03-06 05:27:15	worker	#selamatmalam;2017-03-04 - 2017-03-04;submitSocial;all;arwin
2017-03-06 05:27:27	worker	@884GlobalRadio;2017-03-04 - 2017-03-04;submitSocial;all;arwin
2017-03-06 05:27:39	worker	@day_trans;2017-03-04 - 2017-03-04;submitSocial;all;arwin
2017-03-06 05:27:51	worker	@kencanavoyage;2017-03-04 - 2017-03-04;submitSocial;all;arwin
2017-03-06 05:28:03	worker	@jukebox5d;2017-03-04 - 2017-03-04;submitSocial;all;arwin
2017-03-06 05:28:16	worker	#mtvhottest;2017-03-04 - 2017-03-04;submitSocial;all;arwin
2017-03-06 05:28:27	worker	#semangatpagi;2017-03-04 - 2017-03-04;submitSocial;all;arwin
2017-03-06 05:28:39	worker	lifebuoy;2017-03-04 - 2017-03-04;submitSocial;all;arwin
2017-03-06 05:28:55	worker	jokowi;2017-03-04 - 2017-03-04;submitSocial;all;arwin
2017-03-06 05:29:15	worker	obama;2017-03-04 - 2017-03-04;submitSocial;all;arwin
2017-03-06 05:29:27	worker	starwars;2017-03-04 - 2017-03-04;submitSocial;all;arwin
2017-03-06 05:29:40	worker	jonan;2017-03-04 - 2017-03-04;submitSocial;all;arwin
2017-03-06 05:29:58	worker	pagi;2017-03-04 - 2017-03-04;submitSocial;all;arwin
2017-03-06 05:30:13	worker	sampoerna;2017-03-04 - 2017-03-04;submitSocial;all;arwin
2017-03-06 05:30:26	worker	djarum;2017-03-04 - 2017-03-04;submitSocial;all;arwin
2017-03-06 05:30:38	worker	#semangatpagi;2017-03-04 - 2017-03-04;submitSocial;all;arwin
2017-03-06 05:30:49	worker	#generaksi8;2017-03-04 - 2017-03-04;submitSocial;all;arwin
2017-03-06 05:31:01	worker	#365alasan;2017-03-04 - 2017-03-04;submitSocial;all;arwin
2017-03-06 05:31:14	worker	weew;2017-03-04 - 2017-03-04;submitSocial;all;arwin
2017-03-06 05:31:31	worker	testing;2017-03-04 - 2017-03-04;submitSocial;all;arwin
2017-03-06 05:31:43	worker	#kopaja;2017-03-04 - 2017-03-04;submitSocial;all;arwin
2017-03-06 05:31:55	worker	#genkuisinsideout;2017-03-04 - 2017-03-04;submitSocial;all;arwin
2017-03-06 05:32:08	worker	starwars;2017-03-04 - 2017-03-04;submitSocial;all;arwin
2017-03-06 05:32:21	worker	#kopaja;2017-03-04 - 2017-03-04;submitSocial;all;arwin
2017-03-06 05:32:33	worker	mldspot;2017-03-04 - 2017-03-04;submitSocial;all;arwin
2017-03-06 05:32:45	worker	PBDjarum;2017-03-04 - 2017-03-04;submitSocial;all;arwin
2017-03-06 05:32:57	worker	TemanNabati;2017-03-04 - 2017-03-04;submitSocial;all;arwin
2017-03-06 05:33:10	worker	Nextar;2017-03-04 - 2017-03-04;submitSocial;all;arwin
2017-03-06 05:33:22	worker	jokowo;2017-03-04 - 2017-03-04;submitSocial;all;arwin
2017-03-06 05:33:35	worker	prabowo;2017-03-04 - 2017-03-04;submitSocial;all;arwin
2017-03-06 05:33:47	worker	sudirman said;2017-03-04 - 2017-03-04;submitSocial;all;arwin
2017-03-06 05:34:07	worker	ahok;2017-03-04 - 2017-03-04;submitSocial;all;arwin
2017-03-06 05:34:19	worker	setyanovanto;2017-03-04 - 2017-03-04;submitSocial;all;arwin
2017-03-06 05:34:35	worker	jokowi;2017-03-04 - 2017-03-04;submitSocial;all;arwin
2017-03-06 05:34:54	worker	ahok;2017-03-04 - 2017-03-04;submitSocial;all;arwin
2017-03-06 05:35:07	worker	prabowo;2017-03-04 - 2017-03-04;submitSocial;all;arwin
2017-03-06 05:35:19	worker	sudirman said;2017-03-04 - 2017-03-04;submitSocial;all;arwin
2017-03-06 05:35:31	worker	setyanovanto;2017-03-04 - 2017-03-04;submitSocial;all;arwin
2017-03-06 05:35:46	worker	galau;2017-03-04 - 2017-03-04;submitSocial;all;arwin
2017-03-06 05:35:57	worker	#prestasiindonesia;2017-03-04 - 2017-03-04;submitSocial;all;arwin
2017-03-06 05:36:10	worker	@Tw_Debi;2017-03-04 - 2017-03-04;submitSocial;all;arwin
2017-03-06 05:36:22	worker	@OfficialFastron;2017-03-04 - 2017-03-04;submitSocial;all;arwin
2017-03-06 05:36:34	worker	@CitibankID;2017-03-04 - 2017-03-04;submitSocial;all;arwin
2017-03-06 05:36:46	worker	@jak101fm;2017-03-04 - 2017-03-04;submitSocial;all;arwin
2017-03-06 05:36:47	worker	@ge2017-03-06 05:37:02	worker	starwars;2017-03-04 - 2017-03-04;submitSocial;all;arwin
2017-03-06 05:37:15	worker	jonan;2017-03-04 - 2017-03-04;submitSocial;all;arwin
2017-03-06 05:37:33	worker	pagi;2017-03-04 - 2017-03-04;submitSocial;all;arwin
2017-03-06 05:37:45	worker	sampoerna;2017-03-04 - 2017-03-04;submitSocial;all;arwin
2017-03-06 05:37:58	worker	djarum;2017-03-04 - 2017-03-04;submitSocial;all;arwin
2017-03-06 05:38:10	worker	#semangatpagi;2017-03-04 - 2017-03-04;submitSocial;all;arwin
2017-03-06 05:38:22	worker	#generaksi8;2017-03-04 - 2017-03-04;submitSocial;all;arwin
2017-03-06 05:38:34	worker	#365alasan;2017-03-04 - 2017-03-04;submitSocial;all;arwin
2017-03-06 05:38:46	worker	weew;2017-03-04 - 2017-03-04;submitSocial;all;arwin
2017-03-06 05:39:04	worker	testing;2017-03-04 - 2017-03-04;submitSocial;all;arwin
2017-03-06 05:39:16	worker	#kopaja;2017-03-04 - 2017-03-04;submitSocial;all;arwin
2017-03-06 05:39:28	worker	#genkuisinsideout;2017-03-04 - 2017-03-04;submitSocial;all;arwin
2017-03-06 05:39:40	worker	starwars;2017-03-04 - 2017-03-04;submitSocial;all;arwin
2017-03-06 05:39:53	worker	#kopaja;2017-03-04 - 2017-03-04;submitSocial;all;arwin
2017-03-06 05:40:06	worker	mldspot;2017-03-04 - 2017-03-04;submitSocial;all;arwin
2017-03-06 05:40:18	worker	PBDjarum;2017-03-04 - 2017-03-04;submitSocial;all;arwin
2017-03-06 05:40:30	worker	TemanNabati;2017-03-04 - 2017-03-04;submitSocial;all;arwin
2017-03-06 05:40:43	worker	Nextar;2017-03-04 - 2017-03-04;submitSocial;all;arwin
2017-03-06 05:40:56	worker	jokowo;2017-03-04 - 2017-03-04;submitSocial;all;arwin
2017-03-06 05:41:09	worker	prabowo;2017-03-04 - 2017-03-04;submitSocial;all;arwin
2017-03-06 05:41:20	worker	sudirman said;2017-03-04 - 2017-03-04;submitSocial;all;arwin
2017-03-06 05:41:40	worker	ahok;2017-03-04 - 2017-03-04;submitSocial;all;arwin
2017-03-06 05:41:52	worker	setyanovanto;2017-03-04 - 2017-03-04;submitSocial;all;arwin
2017-03-06 05:42:08	worker	jokowi;2017-03-04 - 2017-03-04;submitSocial;all;arwin
2017-03-06 05:42:27	worker	ahok;2017-03-04 - 2017-03-04;submitSocial;all;arwin
2017-03-06 05:42:40	worker	prabowo;2017-03-04 - 2017-03-04;submitSocial;all;arwin
2017-03-06 05:42:52	worker	sudirman said;2017-03-04 - 2017-03-04;submitSocial;all;arwin
2017-03-06 05:43:04	worker	setyanovanto;2017-03-04 - 2017-03-04;submitSocial;all;arwin
2017-03-06 05:43:18	worker	galau;2017-03-04 - 2017-03-04;submitSocial;all;arwin
2017-03-06 05:43:30	worker	#prestasiindonesia;2017-03-04 - 2017-03-04;submitSocial;all;arwin
2017-03-06 05:43:42	worker	@Tw_Debi;2017-03-04 - 2017-03-04;submitSocial;all;arwin
2017-03-06 05:43:54	worker	@OfficialFastron;2017-03-04 - 2017-03-04;submitSocial;all;arwin
2017-03-06 05:44:06	worker	@CitibankID;2017-03-04 - 2017-03-04;submitSocial;all;arwin
2017-03-06 05:44:18	worker	@jak101fm;2017-03-04 - 2017-03-04;submitSocial;all;arwin
2017-03-06 05:44:31	worker	@genfm;2017-03-04 - 2017-03-04;submitSocial;all;arwin
2017-03-06 13:38:27	worker	ahok;2017-03-05 - 2017-03-05;submitSocial;all;arwin	ahok;2017-02-27 - 2017-03-05;submitSocial;all;arwin
2017-03-06 13:38:27	done	ahok;2017-02-27 - 2017-03-05;submitSocial;all;arwin
2017-03-06 13:38:52	worker	anies;2017-02-27 - 2017-03-05;submitSocial;all;arwin	anies;2017-02-27 - 2017-03-05;submitSocial;all;arwin
2017-03-06 13:38:54	done	anies;2017-02-27 - 2017-03-05;submitSocial;all;arwin
2017-03-06 13:39:31	report	ahok!anies;02/27/2017 - 03/05/2017;arwin;submitSocial	{"ahok":{"area":43987,"medium":{"2017-02-27":4232,"2017-02-28":7158,"2017-03-01":6513,"2017-03-02":5103,"2017-03-03":7036,"2017-03-04":8155,"2017-03-05":5790},"unique_screenname":24199,"dev":{"Iphone":4297,"Android":26357,"Web":4427,"Blackberry":1006},"loc":{"Jakarta":10348,"Depok":255,"Bogor":471,"Tangerang":393,"Bekasi":356},"sentimen":{"goodwords":8.86,"badwords":5.55,"netral":85.59}},"anies":{"area":3979,"medium":{"2017-02-27":633,"2017-02-28":532,"2017-03-01":311,"2017-03-02":636,"2017-03-03":570,"2017-03-04":851,"2017-03-05":446},"unique_screenname":3022,"dev":{"Iphone":406,"Android":2603,"Web":382,"Blackberry":97},"loc":{"Jakarta":977,"Depok":24,"Bogor":29,"Tangerang":30,"Bekasi":25},"sentimen":{"goodwords":3.07,"badwords":1.18,"netral":95.75}}}
