2017-10-19 05:00:09	worker	@987genfm;2017-10-17 - 2017-10-17;submitSocial;all;arwin
2017-10-19 05:00:12	worker	@101jakfm;2017-10-17 - 2017-10-17;submitSocial;all;arwin
2017-10-19 05:00:16	worker	@prambors;2017-10-17 - 2017-10-17;submitSocial;all;arwin
2017-10-19 05:00:18	worker	@hardrockfm;2017-10-17 - 2017-10-17;submitSocial;all;arwin
2017-10-19 05:00:21	worker	@kisfmjakarta;2017-10-17 - 2017-10-17;submitSocial;all;arwin
2017-10-19 05:00:24	worker	@delta_fm;2017-10-17 - 2017-10-17;submitSocial;all;arwin
2017-10-19 05:00:27	worker	@traxfmjkt;2017-10-17 - 2017-10-17;submitSocial;all;arwin
2017-10-19 05:00:30	worker	@iradiojakarta;2017-10-17 - 2017-10-17;submitSocial;all;arwin
2017-10-19 05:00:33	worker	@indika9160fm;2017-10-17 - 2017-10-17;submitSocial;all;arwin
2017-10-19 05:00:35	worker	@shellindonesia;2017-10-17 - 2017-10-17;submitSocial;all;arwin
2017-10-19 05:00:38	worker	@vpowerfans;2017-10-17 - 2017-10-17;submitSocial;all;arwin
2017-10-19 05:00:41	worker	@pertamaxind;2017-10-17 - 2017-10-17;submitSocial;all;arwin
2017-10-19 05:00:43	worker	@ptpertamina;2017-10-17 - 2017-10-17;submitSocial;all;arwin
2017-10-19 05:00:46	worker	@OZRadioJakarta;2017-10-17 - 2017-10-17;submitSocial;all;arwin
2017-10-19 05:00:49	worker	@CosmopolitanFM;2017-10-17 - 2017-10-17;submitSocial;all;arwin
2017-10-19 05:00:52	worker	@mustang88fm;2017-10-17 - 2017-10-17;submitSocial;all;arwin
2017-10-19 05:00:54	worker	@debabaz;2017-10-17 - 2017-10-17;submitSocial;all;arwin
2017-10-19 05:01:00	worker	@detikcom;2017-10-17 - 2017-10-17;submitSocial;all;arwin
2017-10-19 05:01:03	worker	@radioelshinta;2017-10-17 - 2017-10-17;submitSocial;all;arwin
2017-10-19 05:01:06	worker	@cinema21;2017-10-17 - 2017-10-17;submitSocial;all;arwin
2017-10-19 05:01:09	worker	@OfficialRCTI;2017-10-17 - 2017-10-17;submitSocial;all;arwin
2017-10-19 05:01:12	worker	@TRANSTV_CORP;2017-10-17 - 2017-10-17;submitSocial;all;arwin
2017-10-19 05:01:14	worker	@TRANS7;2017-10-17 - 2017-10-17;submitSocial;all;arwin
2017-10-19 05:01:19	worker	@Metro_TV;2017-10-17 - 2017-10-17;submitSocial;all;arwin
2017-10-19 05:01:22	worker	@tvOneNews;2017-10-17 - 2017-10-17;submitSocial;all;arwin
2017-10-19 05:01:25	worker	@whatsonANTV;2017-10-17 - 2017-10-17;submitSocial;all;arwin
2017-10-19 05:01:28	worker	@SCTV_;2017-10-17 - 2017-10-17;submitSocial;all;arwin
2017-10-19 05:01:31	worker	@KompasTV;2017-10-17 - 2017-10-17;submitSocial;all;arwin
2017-10-19 05:01:35	worker	@netmediatama;2017-10-17 - 2017-10-17;submitSocial;all;arwin
2017-10-19 05:01:37	worker	@Globaltvseru;2017-10-17 - 2017-10-17;submitSocial;all;arwin
2017-10-19 05:01:40	worker	@JaktvCom;2017-10-17 - 2017-10-17;submitSocial;all;arwin
2017-10-19 05:01:43	worker	@TVRINasional;2017-10-17 - 2017-10-17;submitSocial;all;arwin
2017-10-19 05:01:45	worker	@ochannelupdates;2017-10-17 - 2017-10-17;submitSocial;all;arwin
2017-10-19 05:01:49	worker	@IndosiarID;2017-10-17 - 2017-10-17;submitSocial;all;arwin
2017-10-19 05:01:53	worker	@kompascom;2017-10-17 - 2017-10-17;submitSocial;all;arwin
2017-10-19 05:01:56	worker	@merdekadotcom;2017-10-17 - 2017-10-17;submitSocial;all;arwin
2017-10-19 05:01:59	worker	@MIdotcom;2017-10-17 - 2017-10-17;submitSocial;all;arwin
2017-10-19 05:02:03	worker	@tempodotco;2017-10-17 - 2017-10-17;submitSocial;all;arwin
2017-10-19 05:02:06	worker	@motion975fm;2017-10-17 - 2017-10-17;submitSocial;all;arwin
2017-10-19 05:02:09	worker	@_radiotoday;2017-10-17 - 2017-10-17;submitSocial;all;arwin
2017-10-19 05:02:11	worker	@radioinfo;2017-10-17 - 2017-10-17;submitSocial;all;arwin
2017-10-19 05:02:14	worker	@979FeMaleRadio;2017-10-17 - 2017-10-17;submitSocial;all;arwin
2017-10-19 05:02:16	worker	@WomanRadio943FM;2017-10-17 - 2017-10-17;submitSocial;all;arwin
2017-10-19 05:02:19	worker	@VRadioFM;2017-10-17 - 2017-10-17;submitSocial;all;arwin
2017-10-19 05:02:21	worker	@UFM947;2017-10-17 - 2017-10-17;submitSocial;all;arwin
2017-10-19 05:02:24	worker	@VIVAnews;2017-10-17 - 2017-10-17;submitSocial;all;arwin
2017-10-19 05:02:27	worker	@antaranews;2017-10-17 - 2017-10-17;submitSocial;all;arwin
2017-10-19 05:02:30	worker	@tribunnews;2017-10-17 - 2017-10-17;submitSocial;all;arwin
2017-10-19 05:02:33	worker	@okezonenews;2017-10-17 - 2017-10-17;submitSocial;all;arwin
2017-10-19 05:02:36	worker	@Beritasatu;2017-10-17 - 2017-10-17;submitSocial;all;arwin
2017-10-19 05:02:39	worker	@rollingstoneina;2017-10-17 - 2017-10-17;submitSocial;all;arwin
2017-10-19 05:02:41	worker	@FIMELAdotcom;2017-10-17 - 2017-10-17;submitSocial;all;arwin
2017-10-19 05:02:44	worker	@KapanLagicom;2017-10-17 - 2017-10-17;submitSocial;all;arwin
2017-10-19 05:02:46	worker	@KompasEnt ;2017-10-17 - 2017-10-17;submitSocial;all;arwin
2017-10-19 05:02:49	worker	@HaiMagazine;2017-10-17 - 2017-10-17;submitSocial;all;arwin
2017-10-19 05:02:52	worker	@JakartaVenue;2017-10-17 - 2017-10-17;submitSocial;all;arwin
2017-10-19 05:02:54	worker	@SeputarEvent;2017-10-17 - 2017-10-17;submitSocial;all;arwin
2017-10-19 05:02:57	worker	@ismayaLive;2017-10-17 - 2017-10-17;submitSocial;all;arwin
2017-10-19 05:02:59	worker	@ECEntertainment;2017-10-17 - 2017-10-17;submitSocial;all;arwin
2017-10-19 05:03:02	worker	@synergism_En;2017-10-17 - 2017-10-17;submitSocial;all;arwin
2017-10-19 05:03:05	worker	@Urbanbandung;2017-10-17 - 2017-10-17;submitSocial;all;arwin
2017-10-19 05:03:07	worker	@Urbanrkm995;2017-10-17 - 2017-10-17;submitSocial;all;arwin
2017-10-19 05:03:10	worker	@Garuda_Promo;2017-10-17 - 2017-10-17;submitSocial;all;arwin
2017-10-19 05:03:13	worker	@AirAsiaID;2017-10-17 - 2017-10-17;submitSocial;all;arwin
2017-10-19 05:03:16	worker	@KAI121;2017-10-17 - 2017-10-17;submitSocial;all;arwin
2017-10-19 05:03:19	worker	@Unilever;2017-10-17 - 2017-10-17;submitSocial;all;arwin
2017-10-19 05:03:24	worker	@Nestle;2017-10-17 - 2017-10-17;submitSocial;all;arwin
2017-10-19 05:03:28	worker	@CocaCola;2017-10-17 - 2017-10-17;submitSocial;all;arwin
2017-10-19 05:03:36	worker	@CNN;2017-10-17 - 2017-10-17;submitSocial;all;arwin
2017-10-19 05:03:43	worker	@MTV;2017-10-17 - 2017-10-17;submitSocial;all;arwin
2017-10-19 05:03:46	worker	@channelv;2017-10-17 - 2017-10-17;submitSocial;all;arwin
2017-10-19 05:03:49	worker	@iTunesMusic;2017-10-17 - 2017-10-17;submitSocial;all;arwin
2017-10-19 05:03:53	worker	@mashable;2017-10-17 - 2017-10-17;submitSocial;all;arwin
2017-10-19 05:03:55	worker	@decacaz;2017-10-17 - 2017-10-17;submitSocial;all;arwin
2017-10-19 05:03:58	worker	@radiobaru967FM;2017-10-17 - 2017-10-17;submitSocial;all;arwin
2017-10-19 05:04:00	worker	@967HitzFM;2017-10-17 - 2017-10-17;submitSocial;all;arwin
2017-10-19 05:04:04	worker	@TVGuide;2017-10-17 - 2017-10-17;submitSocial;all;arwin
2017-10-19 05:04:06	worker	@XL123;2017-10-17 - 2017-10-17;submitSocial;all;arwin
2017-10-19 05:04:09	worker	@triindonesia;2017-10-17 - 2017-10-17;submitSocial;all;arwin
2017-10-19 05:04:13	worker	@kaskus;2017-10-17 - 2017-10-17;submitSocial;all;arwin
2017-10-19 05:04:15	worker	@Studio_XXI;2017-10-17 - 2017-10-17;submitSocial;all;arwin
2017-10-19 05:04:17	worker	@blitzmegaplex;2017-10-17 - 2017-10-17;submitSocial;all;arwin
2017-10-19 05:04:20	worker	@alfamartku;2017-10-17 - 2017-10-17;submitSocial;all;arwin
2017-10-19 05:04:23	worker	@Carrefour_ID;2017-10-17 - 2017-10-17;submitSocial;all;arwin
2017-10-19 05:04:28	worker	@BBCBreaking;2017-10-17 - 2017-10-17;submitSocial;all;arwin
2017-10-19 05:04:35	worker	@Forbes;2017-10-17 - 2017-10-17;submitSocial;all;arwin
2017-10-19 05:04:37	worker	@BensRadio;2017-10-17 - 2017-10-17;submitSocial;all;arwin
2017-10-19 05:04:43	worker	@instagram;2017-10-17 - 2017-10-17;submitSocial;all;arwin
2017-10-19 05:04:46	worker	@Pinterest;2017-10-17 - 2017-10-17;submitSocial;all;arwin
2017-10-19 05:04:57	worker	@google;2017-10-17 - 2017-10-17;submitSocial;all;arwin
2017-10-19 05:05:00	worker	@Pertaminalub;2017-10-17 - 2017-10-17;submitSocial;all;arwin
2017-10-19 05:05:02	worker	@InfoLalinTol;2017-10-17 - 2017-10-17;submitSocial;all;arwin
2017-10-19 05:05:06	worker	@PTJASAMARGA;2017-10-17 - 2017-10-17;submitSocial;all;arwin
2017-10-19 05:05:09	worker	@cititransindo;2017-10-17 - 2017-10-17;submitSocial;all;arwin
2017-10-19 05:05:11	worker	#semangatpagisuperr;2017-10-17 - 2017-10-17;submitSocial;all;arwin
2017-10-19 05:05:14	worker	#genkuisinsideout;2017-10-17 - 2017-10-17;submitSocial;all;arwin
2017-10-19 05:05:16	worker	#semangatpagi;2017-10-17 - 2017-10-17;submitSocial;all;arwin
2017-10-19 05:05:19	worker	#dikamar;2017-10-17 - 2017-10-17;submitSocial;all;arwin
2017-10-19 05:05:23	worker	#kopaja;2017-10-17 - 2017-10-17;submitSocial;all;arwin
2017-10-19 05:05:24	worker	#generaksi8;2017-10-17 - 2017-10-17;submitSocial;all;arwin
2017-10-19 05:05:27	worker	#hitztsp;2017-10-17 - 2017-10-17;submitSocial;all;arwin
2017-10-19 05:05:31	worker	#np;2017-10-17 - 2017-10-17;submitSocial;all;arwin
2017-10-19 05:05:34	worker	#hitzlivestage;2017-10-17 - 2017-10-17;submitSocial;all;arwin
2017-10-19 05:05:36	worker	#thefreaks;2017-10-17 - 2017-10-17;submitSocial;all;arwin
2017-10-19 05:05:39	worker	#hitzsirkuspagi;2017-10-17 - 2017-10-17;submitSocial;all;arwin
2017-10-19 05:05:41	worker	#hitzathlon;2017-10-17 - 2017-10-17;submitSocial;all;arwin
2017-10-19 05:05:44	worker	#hitzzombie;2017-10-17 - 2017-10-17;submitSocial;all;arwin
2017-10-19 05:05:47	worker	#hitzkalong;2017-10-17 - 2017-10-17;submitSocial;all;arwin
2017-10-19 05:05:49	worker	#hitzbebas;2017-10-17 - 2017-10-17;submitSocial;all;arwin
2017-10-19 05:05:52	worker	#hitzhorehara;2017-10-17 - 2017-10-17;submitSocial;all;arwin
2017-10-19 05:05:55	worker	@ZaloraID;2017-10-17 - 2017-10-17;submitSocial;all;arwin
2017-10-19 05:05:57	worker	@OLX_Indonesia;2017-10-17 - 2017-10-17;submitSocial;all;arwin
2017-10-19 05:06:00	worker	@LazadaID;2017-10-17 - 2017-10-17;submitSocial;all;arwin
2017-10-19 05:06:03	worker	@utrippers;2017-10-17 - 2017-10-17;submitSocial;all;arwin
2017-10-19 05:06:06	worker	@GoGobot;2017-10-17 - 2017-10-17;submitSocial;all;arwin
2017-10-19 05:06:09	worker	@viatortravel;2017-10-17 - 2017-10-17;submitSocial;all;arwin
2017-10-19 05:06:11	worker	@alandakariza;2017-10-17 - 2017-10-17;submitSocial;all;arwin
2017-10-19 05:06:14	worker	@gagasmedia;2017-10-17 - 2017-10-17;submitSocial;all;arwin
2017-10-19 05:06:16	worker	@welovehonda;2017-10-17 - 2017-10-17;submitSocial;all;arwin
2017-10-19 05:06:19	worker	@SuzukiMotorID;2017-10-17 - 2017-10-17;submitSocial;all;arwin
2017-10-19 05:06:21	worker	@kawasakilovers;2017-10-17 - 2017-10-17;submitSocial;all;arwin
2017-10-19 05:06:24	worker	@yamahaindonesia;2017-10-17 - 2017-10-17;submitSocial;all;arwin
2017-10-19 05:06:26	worker	@tripanzee;2017-10-17 - 2017-10-17;submitSocial;all;arwin
2017-10-19 05:06:29	worker	@arnoldpoernomo;2017-10-17 - 2017-10-17;submitSocial;all;arwin
2017-10-19 05:06:32	worker	@nicsap;2017-10-17 - 2017-10-17;submitSocial;all;arwin
2017-10-19 05:06:34	worker	@tiket2;2017-10-17 - 2017-10-17;submitSocial;all;arwin
2017-10-19 05:06:37	worker	@traveloka;2017-10-17 - 2017-10-17;submitSocial;all;arwin
2017-10-19 05:06:41	worker	@wego;2017-10-17 - 2017-10-17;submitSocial;all;arwin
2017-10-19 05:06:44	worker	@agoda;2017-10-17 - 2017-10-17;submitSocial;all;arwin
2017-10-19 05:06:46	worker	#salahsambung;2017-10-17 - 2017-10-17;submitSocial;all;arwin
2017-10-19 05:06:49	worker	#tulalit;2017-10-17 - 2017-10-17;submitSocial;all;arwin
2017-10-19 05:06:51	worker	#pestageneraksi8;2017-10-17 - 2017-10-17;submitSocial;all;arwin
2017-10-19 05:06:53	worker	#ganaskustik;2017-10-17 - 2017-10-17;submitSocial;all;arwin
2017-10-19 05:06:56	worker	#lnhot20;2017-10-17 - 2017-10-17;submitSocial;all;arwin
2017-10-19 05:06:58	worker	@TripAdvisor;2017-10-17 - 2017-10-17;submitSocial;all;arwin
2017-10-19 05:07:10	worker	@google;2017-10-17 - 2017-10-17;submitSocial;all;arwin
2017-10-19 05:07:14	worker	@Telkomsel;2017-10-17 - 2017-10-17;submitSocial;all;arwin
2017-10-19 05:07:17	worker	@indosat;2017-10-17 - 2017-10-17;submitSocial;all;arwin
2017-10-19 05:07:20	worker	@bahanafmjkt;2017-10-17 - 2017-10-17;submitSocial;all;2017-10-19 05:07:25	worker	@sonorafm92;2017-10-17 - 2017-10-17;submitSocial;all;arwin
2017-10-19 05:07:27	worker	@litefm1058;2017-10-17 - 2017-10-17;submitSocial;all;arwin
2017-10-19 05:07:30	worker	@Bravaradio;2017-10-17 - 2017-10-17;submitSocial;all;arwin
2017-10-19 05:07:33	worker	#dgitm;2017-10-17 - 2017-10-17;submitSocial;all;arwin
2017-10-19 05:07:35	worker	#hitsalaprambors;2017-10-17 - 2017-10-17;submitSocial;all;arwin
2017-10-19 05:07:38	worker	#reqprambors;2017-10-17 - 2017-10-17;submitSocial;all;arwin
2017-10-19 05:07:41	worker	#thedandees;2017-10-17 - 2017-10-17;submitSocial;all;arwin
2017-10-19 05:07:43	worker	#pramborsquiz;2017-10-17 - 2017-10-17;submitSocial;all;arwin
2017-10-19 05:07:46	worker	#jeliprambors;2017-10-17 - 2017-10-17;submitSocial;all;arwin
2017-10-19 05:07:48	worker	#jodohinprambors;2017-10-17 - 2017-10-17;submitSocial;all;arwin
2017-10-19 05:07:50	worker	#ubahdenganbicara;2017-10-17 - 2017-10-17;submitSocial;all;arwin
2017-10-19 05:07:53	worker	#pramborschat;2017-10-17 - 2017-10-17;submitSocial;all;arwin
2017-10-19 05:07:56	worker	#tweetforduit;2017-10-17 - 2017-10-17;submitSocial;all;arwin
2017-10-19 05:07:58	worker	#joki3in1;2017-10-17 - 2017-10-17;submitSocial;all;arwin
2017-10-19 05:08:00	worker	#sarapanseru;2017-10-17 - 2017-10-17;submitSocial;all;arwin
2017-10-19 05:08:03	worker	#rawonkaneloop;2017-10-17 - 2017-10-17;submitSocial;all;arwin
2017-10-19 05:08:05	worker	#gudegkendilkeraton;2017-10-17 - 2017-10-17;submitSocial;all;arwin
2017-10-19 05:08:08	worker	#gadogadobutika;2017-10-17 - 2017-10-17;submitSocial;all;arwin
2017-10-19 05:08:10	worker	#mtvhottest;2017-10-17 - 2017-10-17;submitSocial;all;arwin
2017-10-19 05:08:13	worker	#dimsumcjdw;2017-10-17 - 2017-10-17;submitSocial;all;arwin
2017-10-19 05:08:15	worker	#pecelmadiunmbakniek;2017-10-17 - 2017-10-17;submitSocial;all;arwin
2017-10-19 05:08:18	worker	#depotarema;2017-10-17 - 2017-10-17;submitSocial;all;arwin
2017-10-19 05:08:21	worker	@BNI46;2017-10-17 - 2017-10-17;submitSocial;all;arwin
2017-10-19 05:08:23	worker	@BANKBRI_ID;2017-10-17 - 2017-10-17;submitSocial;all;arwin
2017-10-19 05:08:26	worker	#bni46;2017-10-17 - 2017-10-17;submitSocial;all;arwin
2017-10-19 05:08:31	worker	macet;2017-10-17 - 2017-10-17;submitSocial;all;arwin
2017-10-19 05:08:33	worker	#selamatpagi;2017-10-17 - 2017-10-17;submitSocial;all;arwin
2017-10-19 05:08:36	worker	#selamatmalam;2017-10-17 - 2017-10-17;submitSocial;all;arwin
2017-10-19 05:08:38	worker	@884GlobalRadio;2017-10-17 - 2017-10-17;submitSocial;all;arwin
2017-10-19 05:08:41	worker	@day_trans;2017-10-17 - 2017-10-17;submitSocial;all;arwin
2017-10-19 05:08:44	worker	@kencanavoyage;2017-10-17 - 2017-10-17;submitSocial;all;arwin
2017-10-19 05:08:46	worker	@jukebox5d;2017-10-17 - 2017-10-17;submitSocial;all;arwin
2017-10-19 05:08:49	worker	#mtvhottest;2017-10-17 - 2017-10-17;submitSocial;all;arwin
2017-10-19 05:08:51	worker	#semangatpagi;2017-10-17 - 2017-10-17;submitSocial;all;arwin
2017-10-19 05:08:54	worker	lifebuoy;2017-10-17 - 2017-10-17;submitSocial;all;arwin
2017-10-19 05:09:01	worker	jokowi;2017-10-17 - 2017-10-17;submitSocial;all;arwin
2017-10-19 05:09:12	worker	obama;2017-10-17 - 2017-10-17;submitSocial;all;arwin
2017-10-19 05:09:16	worker	starwars;2017-10-17 - 2017-10-17;submitSocial;all;arwin
2017-10-19 05:09:19	worker	jonan;2017-10-17 - 2017-10-17;submitSocial;all;arwin
2017-10-19 05:09:29	worker	pagi;2017-10-17 - 2017-10-17;submitSocial;all;arwin
2017-10-19 05:09:32	worker	sampoerna;2017-10-17 - 2017-10-17;submitSocial;all;arwin
2017-10-19 05:09:36	worker	djarum;2017-10-17 - 2017-10-17;submitSocial;all;arwin
2017-10-19 05:09:38	worker	#semangatpagi;2017-10-17 - 2017-10-17;submitSocial;all;arwin
2017-10-19 05:09:40	worker	#generaksi8;2017-10-17 - 2017-10-17;submitSocial;all;arwin
2017-10-19 05:09:43	worker	#365alasan;2017-10-17 - 2017-10-17;submitSocial;all;arwin
2017-10-19 05:09:46	worker	weew;2017-10-17 - 2017-10-17;submitSocial;all;arwin
2017-10-19 05:09:56	worker	testing;2017-10-17 - 2017-10-17;submitSocial;all;arwin
2017-10-19 05:09:59	worker	#kopaja;2017-10-17 - 2017-10-17;submitSocial;all;arwin
2017-10-19 05:10:01	worker	#genkuisinsideout;2017-10-17 - 2017-10-17;submitSocial;all;arwin
2017-10-19 05:10:05	worker	starwars;2017-10-17 - 2017-10-17;submitSocial;all;arwin
2017-10-19 05:10:09	worker	#kopaja;2017-10-17 - 2017-10-17;submitSocial;all;arwin
2017-10-19 05:10:12	worker	mldspot;2017-10-17 - 2017-10-17;submitSocial;all;arwin
2017-10-19 05:10:15	worker	PBDjarum;2017-10-17 - 2017-10-17;submitSocial;all;arwin
2017-10-19 05:10:18	worker	TemanNabati;2017-10-17 - 2017-10-17;submitSocial;all;arwin
2017-10-19 05:10:21	worker	Nextar;2017-10-17 - 2017-10-17;submitSocial;all;arwin
2017-10-19 05:10:25	worker	jokowo;2017-10-17 - 2017-10-17;submitSocial;all;arwin
2017-10-19 05:10:31	worker	prabowo;2017-10-17 - 2017-10-17;submitSocial;all;arwin
2017-10-19 05:10:34	worker	sudirman said;2017-10-17 - 2017-10-17;submitSocial;all;arwin
2017-10-19 05:10:43	worker	ahok;2017-10-17 - 2017-10-17;submitSocial;all;arwin
2017-10-19 05:10:45	worker	setyanovanto;2017-10-17 - 2017-10-17;submitSocial;all;arwin
2017-10-19 05:10:53	worker	jokowi;2017-10-17 - 2017-10-17;submitSocial;all;arwin
2017-10-19 05:11:02	worker	ahok;2017-10-17 - 2017-10-17;submitSocial;all;arwin
2017-10-19 05:11:08	worker	prabowo;2017-10-17 - 2017-10-17;submitSocial;all;arwin
2017-10-19 05:11:10	worker	sudirman said;2017-10-17 - 2017-10-17;submitSocial;all;arwin
2017-10-19 05:11:13	worker	setyanovanto;2017-10-17 - 2017-10-17;submitSocial;all;arwin
2017-10-19 05:11:18	worker	galau;2017-10-17 - 2017-10-17;submitSocial;all;arwin
2017-10-19 05:11:20	worker	#prestasiindonesia;2017-10-17 - 2017-10-17;submitSocial;all;arwin
2017-10-19 05:11:23	worker	@Tw_Debi;2017-10-17 - 2017-10-17;submitSocial;all;arwin
2017-10-19 05:11:26	worker	@OfficialFastron;2017-10-17 - 2017-10-17;submitSocial;all;arwin
2017-10-19 05:11:28	worker	@CitibankID;2017-10-17 - 2017-10-17;submitSocial;all;arwin
2017-10-19 05:11:31	worker	@jak101fm;2017-10-17 - 2017-10-17;submitSocial;all;arwin
2017-10-19 05:11:34	worker	@genfm;2017-10-17 - 2017-10-17;submitSocial;all;arwin
