2017-12-12 05:00:07	worker	@987genfm;2017-12-10 - 2017-12-10;submitSocial;all;arwin
2017-12-12 05:00:09	worker	@101jakfm;2017-12-10 - 2017-12-10;submitSocial;all;arwin
2017-12-12 05:00:12	worker	@prambors;2017-12-10 - 2017-12-10;submitSocial;all;arwin
2017-12-12 05:00:15	worker	@hardrockfm;2017-12-10 - 2017-12-10;submitSocial;all;arwin
2017-12-12 05:00:17	worker	@kisfmjakarta;2017-12-10 - 2017-12-10;submitSocial;all;arwin
2017-12-12 05:00:19	worker	@delta_fm;2017-12-10 - 2017-12-10;submitSocial;all;arwin
2017-12-12 05:00:21	worker	@traxfmjkt;2017-12-10 - 2017-12-10;submitSocial;all;arwin
2017-12-12 05:00:24	worker	@iradiojakarta;2017-12-10 - 2017-12-10;submitSocial;all;arwin
2017-12-12 05:00:26	worker	@indika9160fm;2017-12-10 - 2017-12-10;submitSocial;all;arwin
2017-12-12 05:00:28	worker	@shellindonesia;2017-12-10 - 2017-12-10;submitSocial;all;arwin
2017-12-12 05:00:30	worker	@vpowerfans;2017-12-10 - 2017-12-10;submitSocial;all;arwin
2017-12-12 05:00:32	worker	@pertamaxind;2017-12-10 - 2017-12-10;submitSocial;all;arwin
2017-12-12 05:00:35	worker	@ptpertamina;2017-12-10 - 2017-12-10;submitSocial;all;arwin
2017-12-12 05:00:37	worker	@OZRadioJakarta;2017-12-10 - 2017-12-10;submitSocial;all;arwin
2017-12-12 05:00:39	worker	@CosmopolitanFM;2017-12-10 - 2017-12-10;submitSocial;all;arwin
2017-12-12 05:00:41	worker	@mustang88fm;2017-12-10 - 2017-12-10;submitSocial;all;arwin
2017-12-12 05:00:43	worker	@debabaz;2017-12-10 - 2017-12-10;submitSocial;all;arwin
2017-12-12 05:00:47	worker	@detikcom;2017-12-10 - 2017-12-10;submitSocial;all;arwin
2017-12-12 05:00:49	worker	@radioelshinta;2017-12-10 - 2017-12-10;submitSocial;all;arwin
2017-12-12 05:00:51	worker	@cinema21;2017-12-10 - 2017-12-10;submitSocial;all;arwin
2017-12-12 05:00:54	worker	@OfficialRCTI;2017-12-10 - 2017-12-10;submitSocial;all;arwin
2017-12-12 05:00:56	worker	@TRANSTV_CORP;2017-12-10 - 2017-12-10;submitSocial;all;arwin
2017-12-12 05:00:58	worker	@TRANS7;2017-12-10 - 2017-12-10;submitSocial;all;arwin
2017-12-12 05:01:00	worker	@Metro_TV;2017-12-10 - 2017-12-10;submitSocial;all;arwin
2017-12-12 05:01:03	worker	@tvOneNews;2017-12-10 - 2017-12-10;submitSocial;all;arwin
2017-12-12 05:01:05	worker	@whatsonANTV;2017-12-10 - 2017-12-10;submitSocial;all;arwin
2017-12-12 05:01:08	worker	@SCTV_;2017-12-10 - 2017-12-10;submitSocial;all;arwin
2017-12-12 05:01:10	worker	@KompasTV;2017-12-10 - 2017-12-10;submitSocial;all;arwin
2017-12-12 05:01:12	worker	@netmediatama;2017-12-10 - 2017-12-10;submitSocial;all;arwin
2017-12-12 05:01:14	worker	@Globaltvseru;2017-12-10 - 2017-12-10;submitSocial;all;arwin
2017-12-12 05:01:17	worker	@JaktvCom;2017-12-10 - 2017-12-10;submitSocial;all;arwin
2017-12-12 05:01:19	worker	@TVRINasional;2017-12-10 - 2017-12-10;submitSocial;all;arwin
2017-12-12 05:01:21	worker	@ochannelupdates;2017-12-10 - 2017-12-10;submitSocial;all;arwin
2017-12-12 05:01:23	worker	@IndosiarID;2017-12-10 - 2017-12-10;submitSocial;all;arwin
2017-12-12 05:01:28	worker	@kompascom;2017-12-10 - 2017-12-10;submitSocial;all;arwin
2017-12-12 05:01:30	worker	@merdekadotcom;2017-12-10 - 2017-12-10;submitSocial;all;arwin
2017-12-12 05:01:32	worker	@MIdotcom;2017-12-10 - 2017-12-10;submitSocial;all;arwin
2017-12-12 05:01:35	worker	@tempodotco;2017-12-10 - 2017-12-10;submitSocial;all;arwin
2017-12-12 05:01:37	worker	@motion975fm;2017-12-10 - 2017-12-10;submitSocial;all;arwin
2017-12-12 05:01:39	worker	@_radiotoday;2017-12-10 - 2017-12-10;submitSocial;all;arwin
2017-12-12 05:01:41	worker	@radioinfo;2017-12-10 - 2017-12-10;submitSocial;all;arwin
2017-12-12 05:01:43	worker	@979FeMaleRadio;2017-12-10 - 2017-12-10;submitSocial;all;arwin
2017-12-12 05:01:45	worker	@WomanRadio943FM;2017-12-10 - 2017-12-10;submitSocial;all;arwin
2017-12-12 05:01:47	worker	@VRadioFM;2017-12-10 - 2017-12-10;submitSocial;all;arwin
2017-12-12 05:01:49	worker	@UFM947;2017-12-10 - 2017-12-10;submitSocial;all;arwin
2017-12-12 05:01:51	worker	@VIVAnews;2017-12-10 - 2017-12-10;submitSocial;all;arwin
2017-12-12 05:01:53	worker	@antaranews;2017-12-10 - 2017-12-10;submitSocial;all;arwin
2017-12-12 05:01:56	worker	@tribunnews;2017-12-10 - 2017-12-10;submitSocial;all;arwin
2017-12-12 05:01:58	worker	@okezonenews;2017-12-10 - 2017-12-10;submitSocial;all;arwin
2017-12-12 05:02:00	worker	@Beritasatu;2017-12-10 - 2017-12-10;submitSocial;all;arwin
2017-12-12 05:02:02	worker	@rollingstoneina;2017-12-10 - 2017-12-10;submitSocial;all;arwin
2017-12-12 05:02:04	worker	@FIMELAdotcom;2017-12-10 - 2017-12-10;submitSocial;all;arwin
2017-12-12 05:02:06	worker	@KapanLagicom;2017-12-10 - 2017-12-10;submitSocial;all;arwin
2017-12-12 05:02:09	worker	@KompasEnt ;2017-12-10 - 2017-12-10;submitSocial;all;arwin
2017-12-12 05:02:11	worker	@HaiMagazine;2017-12-10 - 2017-12-10;submitSocial;all;arwin
2017-12-12 05:02:13	worker	@JakartaVenue;2017-12-10 - 2017-12-10;submitSocial;all;arwin
2017-12-12 05:02:15	worker	@SeputarEvent;2017-12-10 - 2017-12-10;submitSocial;all;arwin
2017-12-12 05:02:17	worker	@ismayaLive;2017-12-10 - 2017-12-10;submitSocial;all;arwin
2017-12-12 05:02:19	worker	@ECEntertainment;2017-12-10 - 2017-12-10;submitSocial;all;arwin
2017-12-12 05:02:22	worker	@synergism_En;2017-12-10 - 2017-12-10;submitSocial;all;arwin
2017-12-12 05:02:24	worker	@Urbanbandung;2017-12-10 - 2017-12-10;submitSocial;all;arwin
2017-12-12 05:02:25	worker	@Urbanrkm995;2017-12-10 - 2017-12-10;submitSocial;all;arwin
2017-12-12 05:02:28	worker	@Garuda_Promo;2017-12-10 - 2017-12-10;submitSocial;all;arwin
2017-12-12 05:02:30	worker	@AirAsiaID;2017-12-10 - 2017-12-10;submitSocial;all;arwin
2017-12-12 05:02:32	worker	@KAI121;2017-12-10 - 2017-12-10;submitSocial;all;arwin
2017-12-12 05:02:34	worker	@Unilever;2017-12-10 - 2017-12-10;submitSocial;all;arwin
2017-12-12 05:02:37	worker	@Nestle;2017-12-10 - 2017-12-10;submitSocial;all;arwin
2017-12-12 05:02:41	worker	@CocaCola;2017-12-10 - 2017-12-10;submitSocial;all;arwin
2017-12-12 05:02:49	worker	@CNN;2017-12-10 - 2017-12-10;submitSocial;all;arwin
2017-12-12 05:02:52	worker	@MTV;2017-12-10 - 2017-12-10;submitSocial;all;arwin
2017-12-12 05:02:54	worker	@channelv;2017-12-10 - 2017-12-10;submitSocial;all;arwin
2017-12-12 05:02:56	worker	@iTunesMusic;2017-12-10 - 2017-12-10;submitSocial;all;arwin
2017-12-12 05:02:59	worker	@mashable;2017-12-10 - 2017-12-10;submitSocial;all;arwin
2017-12-12 05:03:02	worker	@decacaz;2017-12-10 - 2017-12-10;submitSocial;all;arwin
2017-12-12 05:03:04	worker	@radiobaru967FM;2017-12-10 - 2017-12-10;submitSocial;all;arwin
2017-12-12 05:03:06	worker	@967HitzFM;2017-12-10 - 2017-12-10;submitSocial;all;arwin
2017-12-12 05:03:08	worker	@TVGuide;2017-12-10 - 2017-12-10;submitSocial;all;arwin
2017-12-12 05:03:11	worker	@XL123;2017-12-10 - 2017-12-10;submitSocial;all;arwin
2017-12-12 05:03:13	worker	@triindonesia;2017-12-10 - 2017-12-10;submitSocial;all;arwin
2017-12-12 05:03:16	worker	@kaskus;2017-12-10 - 2017-12-10;submitSocial;all;arwin
2017-12-12 05:03:18	worker	@Studio_XXI;2017-12-10 - 2017-12-10;submitSocial;all;arwin
2017-12-12 05:03:20	worker	@blitzmegaplex;2017-12-10 - 2017-12-10;submitSocial;all;arwin
2017-12-12 05:03:22	worker	@alfamartku;2017-12-10 - 2017-12-10;submitSocial;all;arwin
2017-12-12 05:03:24	worker	@Carrefour_ID;2017-12-10 - 2017-12-10;submitSocial;all;arwin
2017-12-12 05:03:28	worker	@BBCBreaking;2017-12-10 - 2017-12-10;submitSocial;all;arwin
2017-12-12 05:03:33	worker	@Forbes;2017-12-10 - 2017-12-10;submitSocial;all;arwin
2017-12-12 05:03:35	worker	@BensRadio;2017-12-10 - 2017-12-10;submitSocial;all;arwin
2017-12-12 05:03:41	worker	@instagram;2017-12-10 - 2017-12-10;submitSocial;all;arwin
2017-12-12 05:03:44	worker	@Pinterest;2017-12-10 - 2017-12-10;submitSocial;all;arwin
2017-12-12 05:03:52	worker	@google;2017-12-10 - 2017-12-10;submitSocial;all;arwin
2017-12-12 05:03:54	worker	@Pertaminalub;2017-12-10 - 2017-12-10;submitSocial;all;arwin
2017-12-12 05:03:56	worker	@InfoLalinTol;2017-12-10 - 2017-12-10;submitSocial;all;arwin
2017-12-12 05:03:59	worker	@PTJASAMARGA;2017-12-10 - 2017-12-10;submitSocial;all;arwin
2017-12-12 05:04:01	worker	@cititransindo;2017-12-10 - 2017-12-10;submitSocial;all;arwin
2017-12-12 05:04:03	worker	#semangatpagisuperr;2017-12-10 - 2017-12-10;submitSocial;all;arwin
2017-12-12 05:04:05	worker	#genkuisinsideout;2017-12-10 - 2017-12-10;submitSocial;all;arwin
2017-12-12 05:04:07	worker	#semangatpagi;2017-12-10 - 2017-12-10;submitSocial;all;arwin
2017-12-12 05:04:09	worker	#dikamar;2017-12-10 - 2017-12-10;submitSocial;all;arwin
2017-12-12 05:04:11	worker	#kopaja;2017-12-10 - 2017-12-10;submitSocial;all;arwin
2017-12-12 05:04:13	worker	#generaksi8;2017-12-10 - 2017-12-10;submitSocial;all;arwin
2017-12-12 05:04:15	worker	#hitztsp;2017-12-10 - 2017-12-10;submitSocial;all;arwin
2017-12-12 05:04:18	worker	#np;2017-12-10 - 2017-12-10;submitSocial;all;arwin
2017-12-12 05:04:20	worker	#hitzlivestage;2017-12-10 - 2017-12-10;submitSocial;all;arwin
2017-12-12 05:04:22	worker	#thefreaks;2017-12-10 - 2017-12-10;submitSocial;all;arwin
2017-12-12 05:04:24	worker	#hitzsirkuspagi;2017-12-10 - 2017-12-10;submitSocial;all;arwin
2017-12-12 05:04:26	worker	#hitzathlon;2017-12-10 - 2017-12-10;submitSocial;all;arwin
2017-12-12 05:04:28	worker	#hitzzombie;2017-12-10 - 2017-12-10;submitSocial;all;arwin
2017-12-12 05:04:30	worker	#hitzkalong;2017-12-10 - 2017-12-10;submitSocial;all;arwin
2017-12-12 05:04:33	worker	#hitzbebas;2017-12-10 - 2017-12-10;submitSocial;all;arwin
2017-12-12 05:04:35	worker	#hitzhorehara;2017-12-10 - 2017-12-10;submitSocial;all;arwin
2017-12-12 05:04:37	worker	@ZaloraID;2017-12-10 - 2017-12-10;submitSocial;all;arwin
2017-12-12 05:04:39	worker	@OLX_Indonesia;2017-12-10 - 2017-12-10;submitSocial;all;arwin
2017-12-12 05:04:42	worker	@LazadaID;2017-12-10 - 2017-12-10;submitSocial;all;arwin
2017-12-12 05:04:44	worker	@utrippers;2017-12-10 - 2017-12-10;submitSocial;all;arwin
2017-12-12 05:04:46	worker	@GoGobot;2017-12-10 - 2017-12-10;submitSocial;all;arwin
2017-12-12 05:04:48	worker	@viatortravel;2017-12-10 - 2017-12-10;submitSocial;all;arwin
2017-12-12 05:04:50	worker	@alandakariza;2017-12-10 - 2017-12-10;submitSocial;all;arwin
2017-12-12 05:04:52	worker	@gagasmedia;2017-12-10 - 2017-12-10;submitSocial;all;arwin
2017-12-12 05:04:55	worker	@welovehonda;2017-12-10 - 2017-12-10;submitSocial;all;arwin
2017-12-12 05:04:57	worker	@SuzukiMotorID;2017-12-10 - 2017-12-10;submitSocial;all;arwin
2017-12-12 05:04:59	worker	@kawasakilovers;2017-12-10 - 2017-12-10;submitSocial;all;arwin
2017-12-12 05:05:01	worker	@yamahaindonesia;2017-12-10 - 2017-12-10;submitSocial;all;arwin
2017-12-12 05:05:04	worker	@tripanzee;2017-12-10 - 2017-12-10;submitSocial;all;arwin
2017-12-12 05:05:06	worker	@arnoldpoernomo;2017-12-10 - 2017-12-10;submitSocial;all;arwin
2017-12-12 05:05:08	worker	@nicsap;2017-12-10 - 2017-12-10;submitSocial;all;arwin
2017-12-12 05:05:10	worker	@tiket2;2017-12-10 - 2017-12-10;submitSocial;all;arwin
2017-12-12 05:05:13	worker	@traveloka;2017-12-10 - 2017-12-10;submitSocial;all;arwin
2017-12-12 05:05:16	worker	@wego;2017-12-10 - 2017-12-10;submitSocial;all;arwin
2017-12-12 05:05:18	worker	@agoda;2017-12-10 - 2017-12-10;submitSocial;all;arwin
2017-12-12 05:05:20	worker	#salahsambung;2017-12-10 - 2017-12-10;submitSocial;all;arwin
2017-12-12 05:05:23	worker	#tulalit;2017-12-10 - 2017-12-10;submitSocial;all;arwin
2017-12-12 05:05:24	worker	#pestageneraksi8;2017-12-10 - 2017-12-10;submitSocial;all;arwin
2017-12-12 05:05:26	worker	#ganaskustik;2017-12-10 - 2017-12-10;submitSocial;all;arwin
2017-12-12 05:05:28	worker	#lnhot20;2017-12-10 - 2017-12-10;submitSocial;all;arwin
2017-12-12 05:05:31	worker	@TripAdvisor;2017-12-10 - 2017-12-10;submitSocial;all;arwin
2017-12-12 05:05:39	worker	@google;2017-12-10 - 2017-12-10;submitSocial;all;arwin
2017-12-12 05:05:42	worker	@Telkomsel;2017-12-10 - 2017-12-10;submitSocial;all;arwin
2017-12-12 05:05:44	worker	@indosat;2017-12-10 - 2017-12-10;submitSocial;all;arwin
2017-12-12 05:05:47	worker	@bahanafmjkt;2017-12-10 - 2017-12-10;submitSocial;all;2017-12-12 05:05:51	worker	@sonorafm92;2017-12-10 - 2017-12-10;submitSocial;all;arwin
2017-12-12 05:05:53	worker	@litefm1058;2017-12-10 - 2017-12-10;submitSocial;all;arwin
2017-12-12 05:05:55	worker	@Bravaradio;2017-12-10 - 2017-12-10;submitSocial;all;arwin
2017-12-12 05:05:58	worker	#dgitm;2017-12-10 - 2017-12-10;submitSocial;all;arwin
2017-12-12 05:06:00	worker	#hitsalaprambors;2017-12-10 - 2017-12-10;submitSocial;all;arwin
2017-12-12 05:06:02	worker	#reqprambors;2017-12-10 - 2017-12-10;submitSocial;all;arwin
2017-12-12 05:06:04	worker	#thedandees;2017-12-10 - 2017-12-10;submitSocial;all;arwin
2017-12-12 05:06:06	worker	#pramborsquiz;2017-12-10 - 2017-12-10;submitSocial;all;arwin
2017-12-12 05:06:08	worker	#jeliprambors;2017-12-10 - 2017-12-10;submitSocial;all;arwin
2017-12-12 05:06:10	worker	#jodohinprambors;2017-12-10 - 2017-12-10;submitSocial;all;arwin
2017-12-12 05:06:11	worker	#ubahdenganbicara;2017-12-10 - 2017-12-10;submitSocial;all;arwin
2017-12-12 05:06:13	worker	#pramborschat;2017-12-10 - 2017-12-10;submitSocial;all;arwin
2017-12-12 05:06:16	worker	#tweetforduit;2017-12-10 - 2017-12-10;submitSocial;all;arwin
2017-12-12 05:06:17	worker	#joki3in1;2017-12-10 - 2017-12-10;submitSocial;all;arwin
2017-12-12 05:06:19	worker	#sarapanseru;2017-12-10 - 2017-12-10;submitSocial;all;arwin
2017-12-12 05:06:21	worker	#rawonkaneloop;2017-12-10 - 2017-12-10;submitSocial;all;arwin
2017-12-12 05:06:23	worker	#gudegkendilkeraton;2017-12-10 - 2017-12-10;submitSocial;all;arwin
2017-12-12 05:06:25	worker	#gadogadobutika;2017-12-10 - 2017-12-10;submitSocial;all;arwin
2017-12-12 05:06:27	worker	#mtvhottest;2017-12-10 - 2017-12-10;submitSocial;all;arwin
2017-12-12 05:06:30	worker	#dimsumcjdw;2017-12-10 - 2017-12-10;submitSocial;all;arwin
2017-12-12 05:06:31	worker	#pecelmadiunmbakniek;2017-12-10 - 2017-12-10;submitSocial;all;arwin
2017-12-12 05:06:34	worker	#depotarema;2017-12-10 - 2017-12-10;submitSocial;all;arwin
2017-12-12 05:06:36	worker	@BNI46;2017-12-10 - 2017-12-10;submitSocial;all;arwin
2017-12-12 05:06:38	worker	@BANKBRI_ID;2017-12-10 - 2017-12-10;submitSocial;all;arwin
2017-12-12 05:06:40	worker	#bni46;2017-12-10 - 2017-12-10;submitSocial;all;arwin
2017-12-12 05:06:44	worker	macet;2017-12-10 - 2017-12-10;submitSocial;all;arwin
2017-12-12 05:06:46	worker	#selamatpagi;2017-12-10 - 2017-12-10;submitSocial;all;arwin
2017-12-12 05:06:48	worker	#selamatmalam;2017-12-10 - 2017-12-10;submitSocial;all;arwin
2017-12-12 05:06:50	worker	@884GlobalRadio;2017-12-10 - 2017-12-10;submitSocial;all;arwin
2017-12-12 05:06:52	worker	@day_trans;2017-12-10 - 2017-12-10;submitSocial;all;arwin
2017-12-12 05:06:55	worker	@kencanavoyage;2017-12-10 - 2017-12-10;submitSocial;all;arwin
2017-12-12 05:06:57	worker	@jukebox5d;2017-12-10 - 2017-12-10;submitSocial;all;arwin
2017-12-12 05:06:59	worker	#mtvhottest;2017-12-10 - 2017-12-10;submitSocial;all;arwin
2017-12-12 05:07:01	worker	#semangatpagi;2017-12-10 - 2017-12-10;submitSocial;all;arwin
2017-12-12 05:07:03	worker	lifebuoy;2017-12-10 - 2017-12-10;submitSocial;all;arwin
2017-12-12 05:07:09	worker	jokowi;2017-12-10 - 2017-12-10;submitSocial;all;arwin
2017-12-12 05:07:18	worker	obama;2017-12-10 - 2017-12-10;submitSocial;all;arwin
2017-12-12 05:07:21	worker	starwars;2017-12-10 - 2017-12-10;submitSocial;all;arwin
2017-12-12 05:07:24	worker	jonan;2017-12-10 - 2017-12-10;submitSocial;all;arwin
2017-12-12 05:07:31	worker	pagi;2017-12-10 - 2017-12-10;submitSocial;all;arwin
2017-12-12 05:07:34	worker	sampoerna;2017-12-10 - 2017-12-10;submitSocial;all;arwin
2017-12-12 05:07:36	worker	djarum;2017-12-10 - 2017-12-10;submitSocial;all;arwin
2017-12-12 05:07:38	worker	#semangatpagi;2017-12-10 - 2017-12-10;submitSocial;all;arwin
2017-12-12 05:07:40	worker	#generaksi8;2017-12-10 - 2017-12-10;submitSocial;all;arwin
2017-12-12 05:07:42	worker	#365alasan;2017-12-10 - 2017-12-10;submitSocial;all;arwin
2017-12-12 05:07:45	worker	weew;2017-12-10 - 2017-12-10;submitSocial;all;arwin
2017-12-12 05:07:52	worker	testing;2017-12-10 - 2017-12-10;submitSocial;all;arwin
2017-12-12 05:07:54	worker	#kopaja;2017-12-10 - 2017-12-10;submitSocial;all;arwin
2017-12-12 05:07:56	worker	#genkuisinsideout;2017-12-10 - 2017-12-10;submitSocial;all;arwin
2017-12-12 05:07:59	worker	starwars;2017-12-10 - 2017-12-10;submitSocial;all;arwin
2017-12-12 05:08:01	worker	#kopaja;2017-12-10 - 2017-12-10;submitSocial;all;arwin
2017-12-12 05:08:04	worker	mldspot;2017-12-10 - 2017-12-10;submitSocial;all;arwin
2017-12-12 05:08:06	worker	PBDjarum;2017-12-10 - 2017-12-10;submitSocial;all;arwin
2017-12-12 05:08:08	worker	TemanNabati;2017-12-10 - 2017-12-10;submitSocial;all;arwin
2017-12-12 05:08:11	worker	Nextar;2017-12-10 - 2017-12-10;submitSocial;all;arwin
2017-12-12 05:08:13	worker	jokowo;2017-12-10 - 2017-12-10;submitSocial;all;arwin
2017-12-12 05:08:16	worker	prabowo;2017-12-10 - 2017-12-10;submitSocial;all;arwin
2017-12-12 05:08:19	worker	sudirman said;2017-12-10 - 2017-12-10;submitSocial;all;arwin
2017-12-12 05:08:23	worker	ahok;2017-12-10 - 2017-12-10;submitSocial;all;arwin
2017-12-12 05:08:27	worker	setyanovanto;2017-12-10 - 2017-12-10;submitSocial;all;arwin
2017-12-12 05:08:34	worker	jokowi;2017-12-10 - 2017-12-10;submitSocial;all;arwin
2017-12-12 05:08:39	worker	ahok;2017-12-10 - 2017-12-10;submitSocial;all;arwin
2017-12-12 05:08:42	worker	prabowo;2017-12-10 - 2017-12-10;submitSocial;all;arwin
2017-12-12 05:08:44	worker	sudirman said;2017-12-10 - 2017-12-10;submitSocial;all;arwin
2017-12-12 05:08:46	worker	setyanovanto;2017-12-10 - 2017-12-10;submitSocial;all;arwin
2017-12-12 05:08:50	worker	galau;2017-12-10 - 2017-12-10;submitSocial;all;arwin
2017-12-12 05:08:52	worker	#prestasiindonesia;2017-12-10 - 2017-12-10;submitSocial;all;arwin
2017-12-12 05:08:54	worker	@Tw_Debi;2017-12-10 - 2017-12-10;submitSocial;all;arwin
2017-12-12 05:08:56	worker	@OfficialFastron;2017-12-10 - 2017-12-10;submitSocial;all;arwin
2017-12-12 05:08:58	worker	@CitibankID;2017-12-10 - 2017-12-10;submitSocial;all;arwin
2017-12-12 05:09:00	worker	@jak101fm;2017-12-10 - 2017-12-10;submitSocial;all;arwin
2017-12-12 05:09:03	worker	@genfm;2017-12-10 - 2017-12-10;submitSocial;all;arwin
