2018-01-01 05:00:17	worker	@987genfm;2017-12-30 - 2017-12-30;submitSocial;all;arwin
2018-01-01 05:00:30	worker	@101jakfm;2017-12-30 - 2017-12-30;submitSocial;all;arwin
2018-01-01 05:00:43	worker	@prambors;2017-12-30 - 2017-12-30;submitSocial;all;arwin
2018-01-01 05:00:55	worker	@hardrockfm;2017-12-30 - 2017-12-30;submitSocial;all;arwin
2018-01-01 05:01:08	worker	@kisfmjakarta;2017-12-30 - 2017-12-30;submitSocial;all;arwin
2018-01-01 05:01:21	worker	@delta_fm;2017-12-30 - 2017-12-30;submitSocial;all;arwin
2018-01-01 05:01:34	worker	@traxfmjkt;2017-12-30 - 2017-12-30;submitSocial;all;arwin
2018-01-01 05:01:47	worker	@iradiojakarta;2017-12-30 - 2017-12-30;submitSocial;all;arwin
2018-01-01 05:02:00	worker	@indika9160fm;2017-12-30 - 2017-12-30;submitSocial;all;arwin
2018-01-01 05:02:12	worker	@shellindonesia;2017-12-30 - 2017-12-30;submitSocial;all;arwin
2018-01-01 05:02:25	worker	@vpowerfans;2017-12-30 - 2017-12-30;submitSocial;all;arwin
2018-01-01 05:02:38	worker	@pertamaxind;2017-12-30 - 2017-12-30;submitSocial;all;arwin
2018-01-01 05:02:50	worker	@ptpertamina;2017-12-30 - 2017-12-30;submitSocial;all;arwin
2018-01-01 05:03:03	worker	@OZRadioJakarta;2017-12-30 - 2017-12-30;submitSocial;all;arwin
2018-01-01 05:03:15	worker	@CosmopolitanFM;2017-12-30 - 2017-12-30;submitSocial;all;arwin
2018-01-01 05:03:28	worker	@mustang88fm;2017-12-30 - 2017-12-30;submitSocial;all;arwin
2018-01-01 05:03:41	worker	@debabaz;2017-12-30 - 2017-12-30;submitSocial;all;arwin
2018-01-01 05:03:55	worker	@detikcom;2017-12-30 - 2017-12-30;submitSocial;all;arwin
2018-01-01 05:04:09	worker	@radioelshinta;2017-12-30 - 2017-12-30;submitSocial;all;arwin
2018-01-01 05:04:21	worker	@cinema21;2017-12-30 - 2017-12-30;submitSocial;all;arwin
2018-01-01 05:04:34	worker	@OfficialRCTI;2017-12-30 - 2017-12-30;submitSocial;all;arwin
2018-01-01 05:04:47	worker	@TRANSTV_CORP;2017-12-30 - 2017-12-30;submitSocial;all;arwin
2018-01-01 05:04:59	worker	@TRANS7;2017-12-30 - 2017-12-30;submitSocial;all;arwin
2018-01-01 05:05:16	worker	@Metro_TV;2017-12-30 - 2017-12-30;submitSocial;all;arwin
2018-01-01 05:05:29	worker	@tvOneNews;2017-12-30 - 2017-12-30;submitSocial;all;arwin
2018-01-01 05:05:42	worker	@whatsonANTV;2017-12-30 - 2017-12-30;submitSocial;all;arwin
2018-01-01 05:05:56	worker	@SCTV_;2017-12-30 - 2017-12-30;submitSocial;all;arwin
2018-01-01 05:06:09	worker	@KompasTV;2017-12-30 - 2017-12-30;submitSocial;all;arwin
2018-01-01 05:06:22	worker	@netmediatama;2017-12-30 - 2017-12-30;submitSocial;all;arwin
2018-01-01 05:06:35	worker	@Globaltvseru;2017-12-30 - 2017-12-30;submitSocial;all;arwin
2018-01-01 05:06:47	worker	@JaktvCom;2017-12-30 - 2017-12-30;submitSocial;all;arwin
2018-01-01 05:07:00	worker	@TVRINasional;2017-12-30 - 2017-12-30;submitSocial;all;arwin
2018-01-01 05:07:12	worker	@ochannelupdates;2017-12-30 - 2017-12-30;submitSocial;all;arwin
2018-01-01 05:07:26	worker	@IndosiarID;2017-12-30 - 2017-12-30;submitSocial;all;arwin
2018-01-01 05:07:41	worker	@kompascom;2017-12-30 - 2017-12-30;submitSocial;all;arwin
2018-01-01 05:07:53	worker	@merdekadotcom;2017-12-30 - 2017-12-30;submitSocial;all;arwin
2018-01-01 05:08:06	worker	@MIdotcom;2017-12-30 - 2017-12-30;submitSocial;all;arwin
2018-01-01 05:08:19	worker	@tempodotco;2017-12-30 - 2017-12-30;submitSocial;all;arwin
2018-01-01 05:08:32	worker	@motion975fm;2017-12-30 - 2017-12-30;submitSocial;all;arwin
2018-01-01 05:08:45	worker	@_radiotoday;2017-12-30 - 2017-12-30;submitSocial;all;arwin
2018-01-01 05:08:57	worker	@radioinfo;2017-12-30 - 2017-12-30;submitSocial;all;arwin
2018-01-01 05:09:10	worker	@979FeMaleRadio;2017-12-30 - 2017-12-30;submitSocial;all;arwin
2018-01-01 05:09:22	worker	@WomanRadio943FM;2017-12-30 - 2017-12-30;submitSocial;all;arwin
2018-01-01 05:09:36	worker	@VRadioFM;2017-12-30 - 2017-12-30;submitSocial;all;arwin
2018-01-01 05:09:48	worker	@UFM947;2017-12-30 - 2017-12-30;submitSocial;all;arwin
2018-01-01 05:10:01	worker	@VIVAnews;2017-12-30 - 2017-12-30;submitSocial;all;arwin
2018-01-01 05:10:15	worker	@antaranews;2017-12-30 - 2017-12-30;submitSocial;all;arwin
2018-01-01 05:10:30	worker	@tribunnews;2017-12-30 - 2017-12-30;submitSocial;all;arwin
2018-01-01 05:10:42	worker	@okezonenews;2017-12-30 - 2017-12-30;submitSocial;all;arwin
2018-01-01 05:10:55	worker	@Beritasatu;2017-12-30 - 2017-12-30;submitSocial;all;arwin
2018-01-01 05:11:08	worker	@rollingstoneina;2017-12-30 - 2017-12-30;submitSocial;all;arwin
2018-01-01 05:11:21	worker	@FIMELAdotcom;2017-12-30 - 2017-12-30;submitSocial;all;arwin
2018-01-01 05:11:34	worker	@KapanLagicom;2017-12-30 - 2017-12-30;submitSocial;all;arwin
2018-01-01 05:11:47	worker	@KompasEnt ;2017-12-30 - 2017-12-30;submitSocial;all;arwin
2018-01-01 05:11:59	worker	@HaiMagazine;2017-12-30 - 2017-12-30;submitSocial;all;arwin
2018-01-01 05:12:12	worker	@JakartaVenue;2017-12-30 - 2017-12-30;submitSocial;all;arwin
2018-01-01 05:12:25	worker	@SeputarEvent;2017-12-30 - 2017-12-30;submitSocial;all;arwin
2018-01-01 05:12:37	worker	@ismayaLive;2017-12-30 - 2017-12-30;submitSocial;all;arwin
2018-01-01 05:12:50	worker	@ECEntertainment;2017-12-30 - 2017-12-30;submitSocial;all;arwin
2018-01-01 05:13:02	worker	@synergism_En;2017-12-30 - 2017-12-30;submitSocial;all;arwin
2018-01-01 05:13:15	worker	@Urbanbandung;2017-12-30 - 2017-12-30;submitSocial;all;arwin
2018-01-01 05:13:27	worker	@Urbanrkm995;2017-12-30 - 2017-12-30;submitSocial;all;arwin
2018-01-01 05:13:40	worker	@Garuda_Promo;2017-12-30 - 2017-12-30;submitSocial;all;arwin
2018-01-01 05:13:52	worker	@AirAsiaID;2017-12-30 - 2017-12-30;submitSocial;all;arwin
2018-01-01 05:14:05	worker	@KAI121;2017-12-30 - 2017-12-30;submitSocial;all;arwin
2018-01-01 05:14:18	worker	@Unilever;2017-12-30 - 2017-12-30;submitSocial;all;arwin
2018-01-01 05:14:31	worker	@Nestle;2017-12-30 - 2017-12-30;submitSocial;all;arwin
2018-01-01 05:14:44	worker	@CocaCola;2017-12-30 - 2017-12-30;submitSocial;all;arwin
2018-01-01 05:15:01	worker	@CNN;2017-12-30 - 2017-12-30;submitSocial;all;arwin
2018-01-01 05:15:16	worker	@MTV;2017-12-30 - 2017-12-30;submitSocial;all;arwin
2018-01-01 05:15:28	worker	@channelv;2017-12-30 - 2017-12-30;submitSocial;all;arwin
2018-01-01 05:15:42	worker	@iTunesMusic;2017-12-30 - 2017-12-30;submitSocial;all;arwin
2018-01-01 05:15:55	worker	@mashable;2017-12-30 - 2017-12-30;submitSocial;all;arwin
2018-01-01 05:16:08	worker	@decacaz;2017-12-30 - 2017-12-30;submitSocial;all;arwin
2018-01-01 05:16:20	worker	@radiobaru967FM;2017-12-30 - 2017-12-30;submitSocial;all;arwin
2018-01-01 05:16:33	worker	@967HitzFM;2017-12-30 - 2017-12-30;submitSocial;all;arwin
2018-01-01 05:16:45	worker	@TVGuide;2017-12-30 - 2017-12-30;submitSocial;all;arwin
2018-01-01 05:16:58	worker	@XL123;2017-12-30 - 2017-12-30;submitSocial;all;arwin
2018-01-01 05:17:11	worker	@triindonesia;2017-12-30 - 2017-12-30;submitSocial;all;arwin
2018-01-01 05:17:24	worker	@kaskus;2017-12-30 - 2017-12-30;submitSocial;all;arwin
2018-01-01 05:17:36	worker	@Studio_XXI;2017-12-30 - 2017-12-30;submitSocial;all;arwin
2018-01-01 05:17:49	worker	@blitzmegaplex;2017-12-30 - 2017-12-30;submitSocial;all;arwin
2018-01-01 05:18:01	worker	@alfamartku;2017-12-30 - 2017-12-30;submitSocial;all;arwin
2018-01-01 05:18:14	worker	@Carrefour_ID;2017-12-30 - 2017-12-30;submitSocial;all;arwin
2018-01-01 05:18:27	worker	@BBCBreaking;2017-12-30 - 2017-12-30;submitSocial;all;arwin
2018-01-01 05:18:44	worker	@Forbes;2017-12-30 - 2017-12-30;submitSocial;all;arwin
2018-01-01 05:18:56	worker	@BensRadio;2017-12-30 - 2017-12-30;submitSocial;all;arwin
2018-01-01 05:19:11	worker	@instagram;2017-12-30 - 2017-12-30;submitSocial;all;arwin
2018-01-01 05:19:24	worker	@Pinterest;2017-12-30 - 2017-12-30;submitSocial;all;arwin
2018-01-01 05:19:41	worker	@google;2017-12-30 - 2017-12-30;submitSocial;all;arwin
2018-01-01 05:19:53	worker	@Pertaminalub;2017-12-30 - 2017-12-30;submitSocial;all;arwin
2018-01-01 05:20:07	worker	@InfoLalinTol;2017-12-30 - 2017-12-30;submitSocial;all;arwin
2018-01-01 05:20:20	worker	@PTJASAMARGA;2017-12-30 - 2017-12-30;submitSocial;all;arwin
2018-01-01 05:20:33	worker	@cititransindo;2017-12-30 - 2017-12-30;submitSocial;all;arwin
2018-01-01 05:20:45	worker	#semangatpagisuperr;2017-12-30 - 2017-12-30;submitSocial;all;arwin
2018-01-01 05:20:57	worker	#genkuisinsideout;2017-12-30 - 2017-12-30;submitSocial;all;arwin
2018-01-01 05:21:10	worker	#semangatpagi;2017-12-30 - 2017-12-30;submitSocial;all;arwin
2018-01-01 05:21:23	worker	#dikamar;2017-12-30 - 2017-12-30;submitSocial;all;arwin
2018-01-01 05:21:36	worker	#kopaja;2017-12-30 - 2017-12-30;submitSocial;all;arwin
2018-01-01 05:21:48	worker	#generaksi8;2017-12-30 - 2017-12-30;submitSocial;all;arwin
2018-01-01 05:22:01	worker	#hitztsp;2017-12-30 - 2017-12-30;submitSocial;all;arwin
2018-01-01 05:22:15	worker	#np;2017-12-30 - 2017-12-30;submitSocial;all;arwin
2018-01-01 05:22:27	worker	#hitzlivestage;2017-12-30 - 2017-12-30;submitSocial;all;arwin
2018-01-01 05:22:39	worker	#thefreaks;2017-12-30 - 2017-12-30;submitSocial;all;arwin
2018-01-01 05:22:52	worker	#hitzsirkuspagi;2017-12-30 - 2017-12-30;submitSocial;all;arwin
2018-01-01 05:23:04	worker	#hitzathlon;2017-12-30 - 2017-12-30;submitSocial;all;arwin
2018-01-01 05:23:17	worker	#hitzzombie;2017-12-30 - 2017-12-30;submitSocial;all;arwin
2018-01-01 05:23:29	worker	#hitzkalong;2017-12-30 - 2017-12-30;submitSocial;all;arwin
2018-01-01 05:23:42	worker	#hitzbebas;2017-12-30 - 2017-12-30;submitSocial;all;arwin
2018-01-01 05:23:54	worker	#hitzhorehara;2017-12-30 - 2017-12-30;submitSocial;all;arwin
2018-01-01 05:24:07	worker	@ZaloraID;2017-12-30 - 2017-12-30;submitSocial;all;arwin
2018-01-01 05:24:20	worker	@OLX_Indonesia;2017-12-30 - 2017-12-30;submitSocial;all;arwin
2018-01-01 05:24:33	worker	@LazadaID;2017-12-30 - 2017-12-30;submitSocial;all;arwin
2018-01-01 05:24:45	worker	@utrippers;2017-12-30 - 2017-12-30;submitSocial;all;arwin
2018-01-01 05:24:58	worker	@GoGobot;2017-12-30 - 2017-12-30;submitSocial;all;arwin
2018-01-01 05:25:12	worker	@viatortravel;2017-12-30 - 2017-12-30;submitSocial;all;arwin
2018-01-01 05:25:24	worker	@alandakariza;2017-12-30 - 2017-12-30;submitSocial;all;arwin
2018-01-01 05:25:37	worker	@gagasmedia;2017-12-30 - 2017-12-30;submitSocial;all;arwin
2018-01-01 05:25:50	worker	@welovehonda;2017-12-30 - 2017-12-30;submitSocial;all;arwin
2018-01-01 05:26:02	worker	@SuzukiMotorID;2017-12-30 - 2017-12-30;submitSocial;all;arwin
2018-01-01 05:26:15	worker	@kawasakilovers;2017-12-30 - 2017-12-30;submitSocial;all;arwin
2018-01-01 05:26:27	worker	@yamahaindonesia;2017-12-30 - 2017-12-30;submitSocial;all;arwin
2018-01-01 05:26:40	worker	@tripanzee;2017-12-30 - 2017-12-30;submitSocial;all;arwin
2018-01-01 05:26:52	worker	@arnoldpoernomo;2017-12-30 - 2017-12-30;submitSocial;all;arwin
2018-01-01 05:27:05	worker	@nicsap;2017-12-30 - 2017-12-30;submitSocial;all;arwin
2018-01-01 05:27:18	worker	@tiket2;2017-12-30 - 2017-12-30;submitSocial;all;arwin
2018-01-01 05:27:30	worker	@traveloka;2017-12-30 - 2017-12-30;submitSocial;all;arwin
2018-01-01 05:27:44	worker	@wego;2017-12-30 - 2017-12-30;submitSocial;all;arwin
2018-01-01 05:27:58	worker	@agoda;2017-12-30 - 2017-12-30;submitSocial;all;arwin
2018-01-01 05:28:10	worker	#salahsambung;2017-12-30 - 2017-12-30;submitSocial;all;arwin
2018-01-01 05:28:23	worker	#tulalit;2017-12-30 - 2017-12-30;submitSocial;all;arwin
2018-01-01 05:28:35	worker	#pestageneraksi8;2017-12-30 - 2017-12-30;submitSocial;all;arwin
2018-01-01 05:28:47	worker	#ganaskustik;2017-12-30 - 2017-12-30;submitSocial;all;arwin
2018-01-01 05:29:00	worker	#lnhot20;2017-12-30 - 2017-12-30;submitSocial;all;arwin
2018-01-01 05:29:13	worker	@TripAdvisor;2017-12-30 - 2017-12-30;submitSocial;all;arwin
2018-01-01 05:29:29	worker	@google;2017-12-30 - 2017-12-30;submitSocial;all;arwin
2018-01-01 05:29:43	worker	@Telkomsel;2017-12-30 - 2017-12-30;submitSocial;all;arwin
2018-01-01 05:29:56	worker	@indosat;2017-12-30 - 2017-12-30;submitSocial;all;arwin
2018-01-01 05:30:19	worker	@bahanafmjkt;2017-12-30 - 2017-12-30;submitSocial;all;2018-01-01 05:30:34	worker	@sonorafm92;2017-12-30 - 2017-12-30;submitSocial;all;arwin
2018-01-01 05:30:46	worker	@litefm1058;2017-12-30 - 2017-12-30;submitSocial;all;arwin
2018-01-01 05:30:58	worker	@Bravaradio;2017-12-30 - 2017-12-30;submitSocial;all;arwin
2018-01-01 05:31:12	worker	#dgitm;2017-12-30 - 2017-12-30;submitSocial;all;arwin
2018-01-01 05:31:24	worker	#hitsalaprambors;2017-12-30 - 2017-12-30;submitSocial;all;arwin
2018-01-01 05:31:37	worker	#reqprambors;2017-12-30 - 2017-12-30;submitSocial;all;arwin
2018-01-01 05:31:49	worker	#thedandees;2017-12-30 - 2017-12-30;submitSocial;all;arwin
2018-01-01 05:32:02	worker	#pramborsquiz;2017-12-30 - 2017-12-30;submitSocial;all;arwin
2018-01-01 05:32:14	worker	#jeliprambors;2017-12-30 - 2017-12-30;submitSocial;all;arwin
2018-01-01 05:32:26	worker	#jodohinprambors;2017-12-30 - 2017-12-30;submitSocial;all;arwin
2018-01-01 05:32:38	worker	#ubahdenganbicara;2017-12-30 - 2017-12-30;submitSocial;all;arwin
2018-01-01 05:32:51	worker	#pramborschat;2017-12-30 - 2017-12-30;submitSocial;all;arwin
2018-01-01 05:33:03	worker	#tweetforduit;2017-12-30 - 2017-12-30;submitSocial;all;arwin
2018-01-01 05:33:16	worker	#joki3in1;2017-12-30 - 2017-12-30;submitSocial;all;arwin
2018-01-01 05:33:28	worker	#sarapanseru;2017-12-30 - 2017-12-30;submitSocial;all;arwin
2018-01-01 05:33:41	worker	#rawonkaneloop;2017-12-30 - 2017-12-30;submitSocial;all;arwin
2018-01-01 05:33:53	worker	#gudegkendilkeraton;2017-12-30 - 2017-12-30;submitSocial;all;arwin
2018-01-01 05:34:06	worker	#gadogadobutika;2017-12-30 - 2017-12-30;submitSocial;all;arwin
2018-01-01 05:34:18	worker	#mtvhottest;2017-12-30 - 2017-12-30;submitSocial;all;arwin
2018-01-01 05:34:31	worker	#dimsumcjdw;2017-12-30 - 2017-12-30;submitSocial;all;arwin
2018-01-01 05:34:43	worker	#pecelmadiunmbakniek;2017-12-30 - 2017-12-30;submitSocial;all;arwin
2018-01-01 05:34:55	worker	#depotarema;2017-12-30 - 2017-12-30;submitSocial;all;arwin
2018-01-01 05:35:09	worker	@BNI46;2017-12-30 - 2017-12-30;submitSocial;all;arwin
2018-01-01 05:35:22	worker	@BANKBRI_ID;2017-12-30 - 2017-12-30;submitSocial;all;arwin
2018-01-01 05:35:35	worker	#bni46;2017-12-30 - 2017-12-30;submitSocial;all;arwin
2018-01-01 05:35:50	worker	macet;2017-12-30 - 2017-12-30;submitSocial;all;arwin
2018-01-01 05:36:02	worker	#selamatpagi;2017-12-30 - 2017-12-30;submitSocial;all;arwin
2018-01-01 05:36:15	worker	#selamatmalam;2017-12-30 - 2017-12-30;submitSocial;all;arwin
2018-01-01 05:36:27	worker	@884GlobalRadio;2017-12-30 - 2017-12-30;submitSocial;all;arwin
2018-01-01 05:36:40	worker	@day_trans;2017-12-30 - 2017-12-30;submitSocial;all;arwin
2018-01-01 05:36:52	worker	@kencanavoyage;2017-12-30 - 2017-12-30;submitSocial;all;arwin
2018-01-01 05:37:05	worker	@jukebox5d;2017-12-30 - 2017-12-30;submitSocial;all;arwin
2018-01-01 05:37:17	worker	#mtvhottest;2017-12-30 - 2017-12-30;submitSocial;all;arwin
2018-01-01 05:37:30	worker	#semangatpagi;2017-12-30 - 2017-12-30;submitSocial;all;arwin
2018-01-01 05:37:42	worker	lifebuoy;2017-12-30 - 2017-12-30;submitSocial;all;arwin
2018-01-01 05:37:58	worker	jokowi;2017-12-30 - 2017-12-30;submitSocial;all;arwin
2018-01-01 05:38:18	worker	obama;2017-12-30 - 2017-12-30;submitSocial;all;arwin
2018-01-01 05:38:31	worker	starwars;2017-12-30 - 2017-12-30;submitSocial;all;arwin
2018-01-01 05:38:45	worker	jonan;2017-12-30 - 2017-12-30;submitSocial;all;arwin
2018-01-01 05:39:04	worker	pagi;2017-12-30 - 2017-12-30;submitSocial;all;arwin
2018-01-01 05:39:16	worker	sampoerna;2017-12-30 - 2017-12-30;submitSocial;all;arwin
2018-01-01 05:39:30	worker	djarum;2017-12-30 - 2017-12-30;submitSocial;all;arwin
2018-01-01 05:39:43	worker	#semangatpagi;2017-12-30 - 2017-12-30;submitSocial;all;arwin
2018-01-01 05:39:55	worker	#generaksi8;2017-12-30 - 2017-12-30;submitSocial;all;arwin
2018-01-01 05:40:09	worker	#365alasan;2017-12-30 - 2017-12-30;submitSocial;all;arwin
2018-01-01 05:40:23	worker	weew;2017-12-30 - 2017-12-30;submitSocial;all;arwin
2018-01-01 05:40:41	worker	testing;2017-12-30 - 2017-12-30;submitSocial;all;arwin
2018-01-01 05:40:53	worker	#kopaja;2017-12-30 - 2017-12-30;submitSocial;all;arwin
2018-01-01 05:41:06	worker	#genkuisinsideout;2017-12-30 - 2017-12-30;submitSocial;all;arwin
2018-01-01 05:41:19	worker	starwars;2017-12-30 - 2017-12-30;submitSocial;all;arwin
2018-01-01 05:41:32	worker	#kopaja;2017-12-30 - 2017-12-30;submitSocial;all;arwin
2018-01-01 05:41:45	worker	mldspot;2017-12-30 - 2017-12-30;submitSocial;all;arwin
2018-01-01 05:41:58	worker	PBDjarum;2017-12-30 - 2017-12-30;submitSocial;all;arwin
2018-01-01 05:42:11	worker	TemanNabati;2017-12-30 - 2017-12-30;submitSocial;all;arwin
2018-01-01 05:42:24	worker	Nextar;2017-12-30 - 2017-12-30;submitSocial;all;arwin
2018-01-01 05:42:37	worker	jokowo;2017-12-30 - 2017-12-30;submitSocial;all;arwin
2018-01-01 05:42:50	worker	prabowo;2017-12-30 - 2017-12-30;submitSocial;all;arwin
2018-01-01 05:43:03	worker	sudirman said;2017-12-30 - 2017-12-30;submitSocial;all;arwin
2018-01-01 05:43:19	worker	ahok;2017-12-30 - 2017-12-30;submitSocial;all;arwin
2018-01-01 05:43:32	worker	setyanovanto;2017-12-30 - 2017-12-30;submitSocial;all;arwin
2018-01-01 05:43:48	worker	jokowi;2017-12-30 - 2017-12-30;submitSocial;all;arwin
2018-01-01 05:44:05	worker	ahok;2017-12-30 - 2017-12-30;submitSocial;all;arwin
2018-01-01 05:44:18	worker	prabowo;2017-12-30 - 2017-12-30;submitSocial;all;arwin
2018-01-01 05:44:31	worker	sudirman said;2017-12-30 - 2017-12-30;submitSocial;all;arwin
2018-01-01 05:44:43	worker	setyanovanto;2017-12-30 - 2017-12-30;submitSocial;all;arwin
2018-01-01 05:44:58	worker	galau;2017-12-30 - 2017-12-30;submitSocial;all;arwin
2018-01-01 05:45:11	worker	#prestasiindonesia;2017-12-30 - 2017-12-30;submitSocial;all;arwin
2018-01-01 05:45:24	worker	@Tw_Debi;2017-12-30 - 2017-12-30;submitSocial;all;arwin
2018-01-01 05:45:37	worker	@OfficialFastron;2017-12-30 - 2017-12-30;submitSocial;all;arwin
2018-01-01 05:45:50	worker	@CitibankID;2017-12-30 - 2017-12-30;submitSocial;all;arwin
2018-01-01 05:46:03	worker	@jak101fm;2017-12-30 - 2017-12-30;submitSocial;all;arwin
2018-01-01 05:46:16	worker	@genfm;2017-12-30 - 2017-12-30;submitSocial;all;arwin
