2017-11-26 05:00:06	worker	@987genfm;2017-11-24 - 2017-11-24;submitSocial;all;arwin
2017-11-26 05:00:09	worker	@101jakfm;2017-11-24 - 2017-11-24;submitSocial;all;arwin
2017-11-26 05:00:12	worker	@prambors;2017-11-24 - 2017-11-24;submitSocial;all;arwin
2017-11-26 05:00:15	worker	@hardrockfm;2017-11-24 - 2017-11-24;submitSocial;all;arwin
2017-11-26 05:00:17	worker	@kisfmjakarta;2017-11-24 - 2017-11-24;submitSocial;all;arwin
2017-11-26 05:00:20	worker	@delta_fm;2017-11-24 - 2017-11-24;submitSocial;all;arwin
2017-11-26 05:00:23	worker	@traxfmjkt;2017-11-24 - 2017-11-24;submitSocial;all;arwin
2017-11-26 05:00:25	worker	@iradiojakarta;2017-11-24 - 2017-11-24;submitSocial;all;arwin
2017-11-26 05:00:27	worker	@indika9160fm;2017-11-24 - 2017-11-24;submitSocial;all;arwin
2017-11-26 05:00:30	worker	@shellindonesia;2017-11-24 - 2017-11-24;submitSocial;all;arwin
2017-11-26 05:00:32	worker	@vpowerfans;2017-11-24 - 2017-11-24;submitSocial;all;arwin
2017-11-26 05:00:35	worker	@pertamaxind;2017-11-24 - 2017-11-24;submitSocial;all;arwin
2017-11-26 05:00:37	worker	@ptpertamina;2017-11-24 - 2017-11-24;submitSocial;all;arwin
2017-11-26 05:00:40	worker	@OZRadioJakarta;2017-11-24 - 2017-11-24;submitSocial;all;arwin
2017-11-26 05:00:42	worker	@CosmopolitanFM;2017-11-24 - 2017-11-24;submitSocial;all;arwin
2017-11-26 05:00:45	worker	@mustang88fm;2017-11-24 - 2017-11-24;submitSocial;all;arwin
2017-11-26 05:00:47	worker	@debabaz;2017-11-24 - 2017-11-24;submitSocial;all;arwin
2017-11-26 05:00:51	worker	@detikcom;2017-11-24 - 2017-11-24;submitSocial;all;arwin
2017-11-26 05:00:54	worker	@radioelshinta;2017-11-24 - 2017-11-24;submitSocial;all;arwin
2017-11-26 05:00:57	worker	@cinema21;2017-11-24 - 2017-11-24;submitSocial;all;arwin
2017-11-26 05:00:59	worker	@OfficialRCTI;2017-11-24 - 2017-11-24;submitSocial;all;arwin
2017-11-26 05:01:02	worker	@TRANSTV_CORP;2017-11-24 - 2017-11-24;submitSocial;all;arwin
2017-11-26 05:01:04	worker	@TRANS7;2017-11-24 - 2017-11-24;submitSocial;all;arwin
2017-11-26 05:01:09	worker	@Metro_TV;2017-11-24 - 2017-11-24;submitSocial;all;arwin
2017-11-26 05:01:12	worker	@tvOneNews;2017-11-24 - 2017-11-24;submitSocial;all;arwin
2017-11-26 05:01:14	worker	@whatsonANTV;2017-11-24 - 2017-11-24;submitSocial;all;arwin
2017-11-26 05:01:18	worker	@SCTV_;2017-11-24 - 2017-11-24;submitSocial;all;arwin
2017-11-26 05:01:22	worker	@KompasTV;2017-11-24 - 2017-11-24;submitSocial;all;arwin
2017-11-26 05:01:25	worker	@netmediatama;2017-11-24 - 2017-11-24;submitSocial;all;arwin
2017-11-26 05:01:28	worker	@Globaltvseru;2017-11-24 - 2017-11-24;submitSocial;all;arwin
2017-11-26 05:01:30	worker	@JaktvCom;2017-11-24 - 2017-11-24;submitSocial;all;arwin
2017-11-26 05:01:33	worker	@TVRINasional;2017-11-24 - 2017-11-24;submitSocial;all;arwin
2017-11-26 05:01:35	worker	@ochannelupdates;2017-11-24 - 2017-11-24;submitSocial;all;arwin
2017-11-26 05:01:38	worker	@IndosiarID;2017-11-24 - 2017-11-24;submitSocial;all;arwin
2017-11-26 05:01:45	worker	@kompascom;2017-11-24 - 2017-11-24;submitSocial;all;arwin
2017-11-26 05:01:47	worker	@merdekadotcom;2017-11-24 - 2017-11-24;submitSocial;all;arwin
2017-11-26 05:01:50	worker	@MIdotcom;2017-11-24 - 2017-11-24;submitSocial;all;arwin
2017-11-26 05:01:54	worker	@tempodotco;2017-11-24 - 2017-11-24;submitSocial;all;arwin
2017-11-26 05:01:56	worker	@motion975fm;2017-11-24 - 2017-11-24;submitSocial;all;arwin
2017-11-26 05:01:59	worker	@_radiotoday;2017-11-24 - 2017-11-24;submitSocial;all;arwin
2017-11-26 05:02:01	worker	@radioinfo;2017-11-24 - 2017-11-24;submitSocial;all;arwin
2017-11-26 05:02:04	worker	@979FeMaleRadio;2017-11-24 - 2017-11-24;submitSocial;all;arwin
2017-11-26 05:02:06	worker	@WomanRadio943FM;2017-11-24 - 2017-11-24;submitSocial;all;arwin
2017-11-26 05:02:09	worker	@VRadioFM;2017-11-24 - 2017-11-24;submitSocial;all;arwin
2017-11-26 05:02:11	worker	@UFM947;2017-11-24 - 2017-11-24;submitSocial;all;arwin
2017-11-26 05:02:13	worker	@VIVAnews;2017-11-24 - 2017-11-24;submitSocial;all;arwin
2017-11-26 05:02:16	worker	@antaranews;2017-11-24 - 2017-11-24;submitSocial;all;arwin
2017-11-26 05:02:19	worker	@tribunnews;2017-11-24 - 2017-11-24;submitSocial;all;arwin
2017-11-26 05:02:22	worker	@okezonenews;2017-11-24 - 2017-11-24;submitSocial;all;arwin
2017-11-26 05:02:25	worker	@Beritasatu;2017-11-24 - 2017-11-24;submitSocial;all;arwin
2017-11-26 05:02:27	worker	@rollingstoneina;2017-11-24 - 2017-11-24;submitSocial;all;arwin
2017-11-26 05:02:30	worker	@FIMELAdotcom;2017-11-24 - 2017-11-24;submitSocial;all;arwin
2017-11-26 05:02:32	worker	@KapanLagicom;2017-11-24 - 2017-11-24;submitSocial;all;arwin
2017-11-26 05:02:35	worker	@KompasEnt ;2017-11-24 - 2017-11-24;submitSocial;all;arwin
2017-11-26 05:02:37	worker	@HaiMagazine;2017-11-24 - 2017-11-24;submitSocial;all;arwin
2017-11-26 05:02:40	worker	@JakartaVenue;2017-11-24 - 2017-11-24;submitSocial;all;arwin
2017-11-26 05:02:43	worker	@SeputarEvent;2017-11-24 - 2017-11-24;submitSocial;all;arwin
2017-11-26 05:02:45	worker	@ismayaLive;2017-11-24 - 2017-11-24;submitSocial;all;arwin
2017-11-26 05:02:48	worker	@ECEntertainment;2017-11-24 - 2017-11-24;submitSocial;all;arwin
2017-11-26 05:02:50	worker	@synergism_En;2017-11-24 - 2017-11-24;submitSocial;all;arwin
2017-11-26 05:02:52	worker	@Urbanbandung;2017-11-24 - 2017-11-24;submitSocial;all;arwin
2017-11-26 05:02:56	worker	@Urbanrkm995;2017-11-24 - 2017-11-24;submitSocial;all;arwin
2017-11-26 05:02:58	worker	@Garuda_Promo;2017-11-24 - 2017-11-24;submitSocial;all;arwin
2017-11-26 05:03:00	worker	@AirAsiaID;2017-11-24 - 2017-11-24;submitSocial;all;arwin
2017-11-26 05:03:04	worker	@KAI121;2017-11-24 - 2017-11-24;submitSocial;all;arwin
2017-11-26 05:03:07	worker	@Unilever;2017-11-24 - 2017-11-24;submitSocial;all;arwin
2017-11-26 05:03:10	worker	@Nestle;2017-11-24 - 2017-11-24;submitSocial;all;arwin
2017-11-26 05:03:13	worker	@CocaCola;2017-11-24 - 2017-11-24;submitSocial;all;arwin
2017-11-26 05:03:18	worker	@CNN;2017-11-24 - 2017-11-24;submitSocial;all;arwin
2017-11-26 05:03:22	worker	@MTV;2017-11-24 - 2017-11-24;submitSocial;all;arwin
2017-11-26 05:03:24	worker	@channelv;2017-11-24 - 2017-11-24;submitSocial;all;arwin
2017-11-26 05:03:26	worker	@iTunesMusic;2017-11-24 - 2017-11-24;submitSocial;all;arwin
2017-11-26 05:03:30	worker	@mashable;2017-11-24 - 2017-11-24;submitSocial;all;arwin
2017-11-26 05:03:32	worker	@decacaz;2017-11-24 - 2017-11-24;submitSocial;all;arwin
2017-11-26 05:03:34	worker	@radiobaru967FM;2017-11-24 - 2017-11-24;submitSocial;all;arwin
2017-11-26 05:03:36	worker	@967HitzFM;2017-11-24 - 2017-11-24;submitSocial;all;arwin
2017-11-26 05:03:39	worker	@TVGuide;2017-11-24 - 2017-11-24;submitSocial;all;arwin
2017-11-26 05:03:42	worker	@XL123;2017-11-24 - 2017-11-24;submitSocial;all;arwin
2017-11-26 05:03:45	worker	@triindonesia;2017-11-24 - 2017-11-24;submitSocial;all;arwin
2017-11-26 05:03:48	worker	@kaskus;2017-11-24 - 2017-11-24;submitSocial;all;arwin
2017-11-26 05:03:50	worker	@Studio_XXI;2017-11-24 - 2017-11-24;submitSocial;all;arwin
2017-11-26 05:03:52	worker	@blitzmegaplex;2017-11-24 - 2017-11-24;submitSocial;all;arwin
2017-11-26 05:03:55	worker	@alfamartku;2017-11-24 - 2017-11-24;submitSocial;all;arwin
2017-11-26 05:03:57	worker	@Carrefour_ID;2017-11-24 - 2017-11-24;submitSocial;all;arwin
2017-11-26 05:04:00	worker	@BBCBreaking;2017-11-24 - 2017-11-24;submitSocial;all;arwin
2017-11-26 05:04:05	worker	@Forbes;2017-11-24 - 2017-11-24;submitSocial;all;arwin
2017-11-26 05:04:08	worker	@BensRadio;2017-11-24 - 2017-11-24;submitSocial;all;arwin
2017-11-26 05:04:12	worker	@instagram;2017-11-24 - 2017-11-24;submitSocial;all;arwin
2017-11-26 05:04:15	worker	@Pinterest;2017-11-24 - 2017-11-24;submitSocial;all;arwin
2017-11-26 05:04:22	worker	@google;2017-11-24 - 2017-11-24;submitSocial;all;arwin
2017-11-26 05:04:24	worker	@Pertaminalub;2017-11-24 - 2017-11-24;submitSocial;all;arwin
2017-11-26 05:04:26	worker	@InfoLalinTol;2017-11-24 - 2017-11-24;submitSocial;all;arwin
2017-11-26 05:04:29	worker	@PTJASAMARGA;2017-11-24 - 2017-11-24;submitSocial;all;arwin
2017-11-26 05:04:31	worker	@cititransindo;2017-11-24 - 2017-11-24;submitSocial;all;arwin
2017-11-26 05:04:33	worker	#semangatpagisuperr;2017-11-24 - 2017-11-24;submitSocial;all;arwin
2017-11-26 05:04:35	worker	#genkuisinsideout;2017-11-24 - 2017-11-24;submitSocial;all;arwin
2017-11-26 05:04:38	worker	#semangatpagi;2017-11-24 - 2017-11-24;submitSocial;all;arwin
2017-11-26 05:04:40	worker	#dikamar;2017-11-24 - 2017-11-24;submitSocial;all;arwin
2017-11-26 05:04:43	worker	#kopaja;2017-11-24 - 2017-11-24;submitSocial;all;arwin
2017-11-26 05:04:45	worker	#generaksi8;2017-11-24 - 2017-11-24;submitSocial;all;arwin
2017-11-26 05:04:47	worker	#hitztsp;2017-11-24 - 2017-11-24;submitSocial;all;arwin
2017-11-26 05:04:51	worker	#np;2017-11-24 - 2017-11-24;submitSocial;all;arwin
2017-11-26 05:04:53	worker	#hitzlivestage;2017-11-24 - 2017-11-24;submitSocial;all;arwin
2017-11-26 05:04:56	worker	#thefreaks;2017-11-24 - 2017-11-24;submitSocial;all;arwin
2017-11-26 05:04:58	worker	#hitzsirkuspagi;2017-11-24 - 2017-11-24;submitSocial;all;arwin
2017-11-26 05:05:00	worker	#hitzathlon;2017-11-24 - 2017-11-24;submitSocial;all;arwin
2017-11-26 05:05:03	worker	#hitzzombie;2017-11-24 - 2017-11-24;submitSocial;all;arwin
2017-11-26 05:05:06	worker	#hitzkalong;2017-11-24 - 2017-11-24;submitSocial;all;arwin
2017-11-26 05:05:08	worker	#hitzbebas;2017-11-24 - 2017-11-24;submitSocial;all;arwin
2017-11-26 05:05:11	worker	#hitzhorehara;2017-11-24 - 2017-11-24;submitSocial;all;arwin
2017-11-26 05:05:13	worker	@ZaloraID;2017-11-24 - 2017-11-24;submitSocial;all;arwin
2017-11-26 05:05:16	worker	@OLX_Indonesia;2017-11-24 - 2017-11-24;submitSocial;all;arwin
2017-11-26 05:05:19	worker	@LazadaID;2017-11-24 - 2017-11-24;submitSocial;all;arwin
2017-11-26 05:05:21	worker	@utrippers;2017-11-24 - 2017-11-24;submitSocial;all;arwin
2017-11-26 05:05:24	worker	@GoGobot;2017-11-24 - 2017-11-24;submitSocial;all;arwin
2017-11-26 05:05:26	worker	@viatortravel;2017-11-24 - 2017-11-24;submitSocial;all;arwin
2017-11-26 05:05:29	worker	@alandakariza;2017-11-24 - 2017-11-24;submitSocial;all;arwin
2017-11-26 05:05:32	worker	@gagasmedia;2017-11-24 - 2017-11-24;submitSocial;all;arwin
2017-11-26 05:05:34	worker	@welovehonda;2017-11-24 - 2017-11-24;submitSocial;all;arwin
2017-11-26 05:05:37	worker	@SuzukiMotorID;2017-11-24 - 2017-11-24;submitSocial;all;arwin
2017-11-26 05:05:39	worker	@kawasakilovers;2017-11-24 - 2017-11-24;submitSocial;all;arwin
2017-11-26 05:05:41	worker	@yamahaindonesia;2017-11-24 - 2017-11-24;submitSocial;all;arwin
2017-11-26 05:05:44	worker	@tripanzee;2017-11-24 - 2017-11-24;submitSocial;all;arwin
2017-11-26 05:05:47	worker	@arnoldpoernomo;2017-11-24 - 2017-11-24;submitSocial;all;arwin
2017-11-26 05:05:49	worker	@nicsap;2017-11-24 - 2017-11-24;submitSocial;all;arwin
2017-11-26 05:05:51	worker	@tiket2;2017-11-24 - 2017-11-24;submitSocial;all;arwin
2017-11-26 05:05:54	worker	@traveloka;2017-11-24 - 2017-11-24;submitSocial;all;arwin
2017-11-26 05:05:58	worker	@wego;2017-11-24 - 2017-11-24;submitSocial;all;arwin
2017-11-26 05:06:01	worker	@agoda;2017-11-24 - 2017-11-24;submitSocial;all;arwin
2017-11-26 05:06:03	worker	#salahsambung;2017-11-24 - 2017-11-24;submitSocial;all;arwin
2017-11-26 05:06:06	worker	#tulalit;2017-11-24 - 2017-11-24;submitSocial;all;arwin
2017-11-26 05:06:08	worker	#pestageneraksi8;2017-11-24 - 2017-11-24;submitSocial;all;arwin
2017-11-26 05:06:10	worker	#ganaskustik;2017-11-24 - 2017-11-24;submitSocial;all;arwin
2017-11-26 05:06:12	worker	#lnhot20;2017-11-24 - 2017-11-24;submitSocial;all;arwin
2017-11-26 05:06:15	worker	@TripAdvisor;2017-11-24 - 2017-11-24;submitSocial;all;arwin
2017-11-26 05:06:21	worker	@google;2017-11-24 - 2017-11-24;submitSocial;all;arwin
2017-11-26 05:06:25	worker	@Telkomsel;2017-11-24 - 2017-11-24;submitSocial;all;arwin
2017-11-26 05:06:28	worker	@indosat;2017-11-24 - 2017-11-24;submitSocial;all;arwin
2017-11-26 05:06:31	worker	@bahanafmjkt;2017-11-24 - 2017-11-24;submitSocial;all;2017-11-26 05:06:36	worker	@sonorafm92;2017-11-24 - 2017-11-24;submitSocial;all;arwin
2017-11-26 05:06:37	worker	@litefm1058;2017-11-24 - 2017-11-24;submitSocial;all;arwin
2017-11-26 05:06:40	worker	@Bravaradio;2017-11-24 - 2017-11-24;submitSocial;all;arwin
2017-11-26 05:06:43	worker	#dgitm;2017-11-24 - 2017-11-24;submitSocial;all;arwin
2017-11-26 05:06:45	worker	#hitsalaprambors;2017-11-24 - 2017-11-24;submitSocial;all;arwin
2017-11-26 05:06:48	worker	#reqprambors;2017-11-24 - 2017-11-24;submitSocial;all;arwin
2017-11-26 05:06:50	worker	#thedandees;2017-11-24 - 2017-11-24;submitSocial;all;arwin
2017-11-26 05:06:52	worker	#pramborsquiz;2017-11-24 - 2017-11-24;submitSocial;all;arwin
2017-11-26 05:06:54	worker	#jeliprambors;2017-11-24 - 2017-11-24;submitSocial;all;arwin
2017-11-26 05:06:57	worker	#jodohinprambors;2017-11-24 - 2017-11-24;submitSocial;all;arwin
2017-11-26 05:06:59	worker	#ubahdenganbicara;2017-11-24 - 2017-11-24;submitSocial;all;arwin
2017-11-26 05:07:01	worker	#pramborschat;2017-11-24 - 2017-11-24;submitSocial;all;arwin
2017-11-26 05:07:04	worker	#tweetforduit;2017-11-24 - 2017-11-24;submitSocial;all;arwin
2017-11-26 05:07:06	worker	#joki3in1;2017-11-24 - 2017-11-24;submitSocial;all;arwin
2017-11-26 05:07:08	worker	#sarapanseru;2017-11-24 - 2017-11-24;submitSocial;all;arwin
2017-11-26 05:07:10	worker	#rawonkaneloop;2017-11-24 - 2017-11-24;submitSocial;all;arwin
2017-11-26 05:07:13	worker	#gudegkendilkeraton;2017-11-24 - 2017-11-24;submitSocial;all;arwin
2017-11-26 05:07:15	worker	#gadogadobutika;2017-11-24 - 2017-11-24;submitSocial;all;arwin
2017-11-26 05:07:17	worker	#mtvhottest;2017-11-24 - 2017-11-24;submitSocial;all;arwin
2017-11-26 05:07:20	worker	#dimsumcjdw;2017-11-24 - 2017-11-24;submitSocial;all;arwin
2017-11-26 05:07:22	worker	#pecelmadiunmbakniek;2017-11-24 - 2017-11-24;submitSocial;all;arwin
2017-11-26 05:07:24	worker	#depotarema;2017-11-24 - 2017-11-24;submitSocial;all;arwin
2017-11-26 05:07:27	worker	@BNI46;2017-11-24 - 2017-11-24;submitSocial;all;arwin
2017-11-26 05:07:29	worker	@BANKBRI_ID;2017-11-24 - 2017-11-24;submitSocial;all;arwin
2017-11-26 05:07:31	worker	#bni46;2017-11-24 - 2017-11-24;submitSocial;all;arwin
2017-11-26 05:07:36	worker	macet;2017-11-24 - 2017-11-24;submitSocial;all;arwin
2017-11-26 05:07:38	worker	#selamatpagi;2017-11-24 - 2017-11-24;submitSocial;all;arwin
2017-11-26 05:07:41	worker	#selamatmalam;2017-11-24 - 2017-11-24;submitSocial;all;arwin
2017-11-26 05:07:43	worker	@884GlobalRadio;2017-11-24 - 2017-11-24;submitSocial;all;arwin
2017-11-26 05:07:46	worker	@day_trans;2017-11-24 - 2017-11-24;submitSocial;all;arwin
2017-11-26 05:07:48	worker	@kencanavoyage;2017-11-24 - 2017-11-24;submitSocial;all;arwin
2017-11-26 05:07:50	worker	@jukebox5d;2017-11-24 - 2017-11-24;submitSocial;all;arwin
2017-11-26 05:07:53	worker	#mtvhottest;2017-11-24 - 2017-11-24;submitSocial;all;arwin
2017-11-26 05:07:55	worker	#semangatpagi;2017-11-24 - 2017-11-24;submitSocial;all;arwin
2017-11-26 05:07:58	worker	lifebuoy;2017-11-24 - 2017-11-24;submitSocial;all;arwin
2017-11-26 05:08:04	worker	jokowi;2017-11-24 - 2017-11-24;submitSocial;all;arwin
2017-11-26 05:08:14	worker	obama;2017-11-24 - 2017-11-24;submitSocial;all;arwin
2017-11-26 05:08:17	worker	starwars;2017-11-24 - 2017-11-24;submitSocial;all;arwin
2017-11-26 05:08:20	worker	jonan;2017-11-24 - 2017-11-24;submitSocial;all;arwin
2017-11-26 05:08:28	worker	pagi;2017-11-24 - 2017-11-24;submitSocial;all;arwin
2017-11-26 05:08:31	worker	sampoerna;2017-11-24 - 2017-11-24;submitSocial;all;arwin
2017-11-26 05:08:34	worker	djarum;2017-11-24 - 2017-11-24;submitSocial;all;arwin
2017-11-26 05:08:36	worker	#semangatpagi;2017-11-24 - 2017-11-24;submitSocial;all;arwin
2017-11-26 05:08:38	worker	#generaksi8;2017-11-24 - 2017-11-24;submitSocial;all;arwin
2017-11-26 05:08:41	worker	#365alasan;2017-11-24 - 2017-11-24;submitSocial;all;arwin
2017-11-26 05:08:44	worker	weew;2017-11-24 - 2017-11-24;submitSocial;all;arwin
2017-11-26 05:08:51	worker	testing;2017-11-24 - 2017-11-24;submitSocial;all;arwin
2017-11-26 05:08:54	worker	#kopaja;2017-11-24 - 2017-11-24;submitSocial;all;arwin
2017-11-26 05:08:56	worker	#genkuisinsideout;2017-11-24 - 2017-11-24;submitSocial;all;arwin
2017-11-26 05:08:59	worker	starwars;2017-11-24 - 2017-11-24;submitSocial;all;arwin
2017-11-26 05:09:02	worker	#kopaja;2017-11-24 - 2017-11-24;submitSocial;all;arwin
2017-11-26 05:09:05	worker	mldspot;2017-11-24 - 2017-11-24;submitSocial;all;arwin
2017-11-26 05:09:08	worker	PBDjarum;2017-11-24 - 2017-11-24;submitSocial;all;arwin
2017-11-26 05:09:10	worker	TemanNabati;2017-11-24 - 2017-11-24;submitSocial;all;arwin
2017-11-26 05:09:14	worker	Nextar;2017-11-24 - 2017-11-24;submitSocial;all;arwin
2017-11-26 05:09:17	worker	jokowo;2017-11-24 - 2017-11-24;submitSocial;all;arwin
2017-11-26 05:09:20	worker	prabowo;2017-11-24 - 2017-11-24;submitSocial;all;arwin
2017-11-26 05:09:22	worker	sudirman said;2017-11-24 - 2017-11-24;submitSocial;all;arwin
2017-11-26 05:09:30	worker	ahok;2017-11-24 - 2017-11-24;submitSocial;all;arwin
2017-11-26 05:09:32	worker	setyanovanto;2017-11-24 - 2017-11-24;submitSocial;all;arwin
2017-11-26 05:09:39	worker	jokowi;2017-11-24 - 2017-11-24;submitSocial;all;arwin
2017-11-26 05:09:46	worker	ahok;2017-11-24 - 2017-11-24;submitSocial;all;arwin
2017-11-26 05:09:50	worker	prabowo;2017-11-24 - 2017-11-24;submitSocial;all;arwin
2017-11-26 05:09:52	worker	sudirman said;2017-11-24 - 2017-11-24;submitSocial;all;arwin
2017-11-26 05:09:55	worker	setyanovanto;2017-11-24 - 2017-11-24;submitSocial;all;arwin
2017-11-26 05:09:59	worker	galau;2017-11-24 - 2017-11-24;submitSocial;all;arwin
2017-11-26 05:10:02	worker	#prestasiindonesia;2017-11-24 - 2017-11-24;submitSocial;all;arwin
2017-11-26 05:10:05	worker	@Tw_Debi;2017-11-24 - 2017-11-24;submitSocial;all;arwin
2017-11-26 05:10:07	worker	@OfficialFastron;2017-11-24 - 2017-11-24;submitSocial;all;arwin
2017-11-26 05:10:10	worker	@CitibankID;2017-11-24 - 2017-11-24;submitSocial;all;arwin
2017-11-26 05:10:13	worker	@jak101fm;2017-11-24 - 2017-11-24;submitSocial;all;arwin
2017-11-26 05:10:16	worker	@genfm;2017-11-24 - 2017-11-24;submitSocial;all;arwin
2017-11-26 14:49:15	worker	@987genfm;2017-05-22 - 2017-09-03;submitSocial;all;eyesightlab	@987genfm;2017-01-01 - 2017-11-21;submitSocial;all;eyesightlab
2017-11-26 14:49:22	done	@987genfm;2017-01-01 - 2017-11-21;submitSocial;all;eyesightlab
2017-11-26 14:54:33	worker	@987genfm;2017-05-22 - 2017-09-03;submitSocial;all;eyesightlab	@987genfm;2017-01-01 - 2017-11-21;submitSocial;all;eyesightlab
2017-11-26 14:54:35	done	@987genfm;2017-01-01 - 2017-11-21;submitSocial;all;eyesightlab
2017-11-26 15:01:53	report	@987genfm!@987genfm;01/01/2017 - 11/21/2017;eyesightlab;submitSocial	{"@987genfm":{"area":3653,"medium":{"2017-01-01":18,"2017-01-02":20,"2017-01-03":60,"2017-01-04":34,"2017-01-05":48,"2017-01-06":117,"2017-01-07":56,"2017-01-08":33,"2017-01-09":63,"2017-01-10":45,"2017-01-11":74,"2017-01-12":68,"2017-01-13":74,"2017-01-14":66,"2017-01-15":50,"2017-01-16":123,"2017-01-17":85,"2017-01-18":99,"2017-01-19":145,"2017-01-20":78,"2017-01-21":38,"2017-01-22":38,"2017-01-23":43,"2017-01-24":123,"2017-01-25":125,"2017-01-26":162,"2017-01-27":105,"2017-01-28":76,"2017-01-29":27,"2017-01-30":202,"2017-01-31":105,"2017-02-01":165,"2017-02-02":113,"2017-02-03":38,"2017-02-04":9,"2017-02-05":8,"2017-02-06":0,"2017-02-07":3,"2017-02-08":3,"2017-02-09":1,"2017-02-10":3,"2017-02-11":0,"2017-02-12":2,"2017-02-13":4,"2017-02-14":0,"2017-02-15":1,"2017-02-16":1,"2017-02-17":1,"2017-02-18":0,"2017-02-19":0,"2017-02-20":4,"2017-02-21":0,"2017-02-22":0,"2017-02-23":1,"2017-02-24":0,"2017-02-25":0,"2017-02-26":0,"2017-02-27":0,"2017-02-28":1,"2017-03-01":0,"2017-03-02":7,"2017-03-03":0,"2017-03-04":0,"2017-03-05":0,"2017-03-06":0,"2017-03-07":1,"2017-03-08":0,"2017-03-09":0,"2017-03-10":0,"2017-03-11":0,"2017-03-12":1,"2017-03-13":0,"2017-03-14":0,"2017-03-15":1,"2017-03-16":0,"2017-03-17":0,"2017-03-18":0,"2017-03-19":0,"2017-03-20":1,"2017-03-21":0,"2017-03-22":0,"2017-03-23":4,"2017-03-24":0,"2017-03-25":0,"2017-03-26":3,"2017-03-27":10,"2017-03-28":0,"2017-03-29":3,"2017-03-30":4,"2017-03-31":2,"2017-04-01":8,"2017-04-02":2,"2017-04-03":54,"2017-04-04":39,"2017-04-05":13,"2017-04-06":10,"2017-04-07":2,"2017-04-08":6,"2017-04-09":0,"2017-04-10":9,"2017-04-11":2,"2017-04-12":1,"2017-04-13":0,"2017-04-14":2,"2017-04-15":2,"2017-04-16":0,"2017-04-17":5,"2017-04-18":1,"2017-04-19":1,"2017-04-20":1,"2017-04-21":2,"2017-04-22":2,"2017-04-23":0,"2017-04-24":2,"2017-04-25":3,"2017-04-26":4,"2017-04-27":3,"2017-04-28":2,"2017-04-29":2,"2017-04-30":0,"2017-05-01":4,"2017-05-02":1,"2017-05-03":0,"2017-05-04":0,"2017-05-05":2,"2017-05-06":6,"2017-05-07":0,"2017-05-08":4,"2017-05-09":0,"2017-05-10":0,"2017-05-11":0,"2017-05-12":0,"2017-05-13":3,"2017-05-14":3,"2017-05-15":4,"2017-05-16":1,"2017-05-17":0,"2017-05-18":0,"2017-05-19":0,"2017-05-20":5,"2017-05-21":1,"2017-05-22":12,"2017-05-23":0,"2017-05-24":5,"2017-05-25":5,"2017-05-26":3,"2017-05-27":4,"2017-05-28":0,"2017-05-29":6,"2017-05-30":2,"2017-05-31":1,"2017-06-01":1,"2017-06-02":2,"2017-06-03":4,"2017-06-04":1,"2017-06-05":6,"2017-06-06":4,"2017-06-07":17,"2017-06-08":1,"2017-06-09":2,"2017-06-10":2,"2017-06-11":4,"2017-06-12":10,"2017-06-13":2,"2017-06-14":8,"2017-06-15":7,"2017-06-16":9,"2017-06-17":8,"2017-06-18":11,"2017-06-19":16,"2017-06-20":9,"2017-06-21":11,"2017-06-22":17,"2017-06-23":11,"2017-06-24":11,"2017-06-25":2,"2017-06-26":6,"2017-06-27":3,"2017-06-28":7,"2017-06-29":3,"2017-06-30":3,"2017-07-01":7,"2017-07-02":3,"2017-07-03":7,"2017-07-04":5,"2017-07-05":6,"2017-07-06":7,"2017-07-07":4,"2017-07-08":5,"2017-07-09":1,"2017-07-10":13,"2017-07-11":0,"2017-07-12":1,"2017-07-13":0,"2017-07-14":1,"2017-07-15":4,"2017-07-16":0,"2017-07-17":15,"2017-07-18":1,"2017-07-19":0,"2017-07-20":4,"2017-07-21":2,"2017-07-22":3,"2017-07-23":0,"2017-07-24":9,"2017-07-25":5,"2017-07-26":0,"2017-07-27":2,"2017-07-28":2,"2017-07-29":4,"2017-07-30":8,"2017-07-31":5,"2017-08-01":0,"2017-08-02":0,"2017-08-03":1,"2017-08-04":3,"2017-08-05":2,"2017-08-06":0,"2017-08-07":8,"2017-08-08":7,"2017-08-09":9,"2017-08-10":0,"2017-08-11":0,"2017-08-12":2,"2017-08-13":2,"2017-08-14":7,"2017-08-15":4,"2017-08-16":5,"2017-08-17":2,"2017-08-18":3,"2017-08-19":2,"2017-08-20":0,"2017-08-21":12,"2017-08-22":0,"2017-08-23":6,"2017-08-24":0,"2017-08-25":2,"2017-08-26":7,"2017-08-27":1,"2017-08-28":6,"2017-08-29":3,"2017-08-30":0,"2017-08-31":4,"2017-09-01":0,"2017-09-02":0,"2017-09-03":0,"2017-09-04":4,"2017-09-05":3,"2017-09-06":5,"2017-09-07":0,"2017-09-08":0,"2017-09-09":22,"2017-09-10":0,"2017-09-11":5,"2017-09-12":3,"2017-09-13":0,"2017-09-14":4,"2017-09-15":1,"2017-09-16":5,"2017-09-17":2,"2017-09-18":4,"2017-09-19":1,"2017-09-20":0,"2017-09-21":3,"2017-09-22":0,"2017-09-23":6,"2017-09-24":0,"2017-09-25":4,"2017-09-26":1,"2017-09-27":3,"2017-09-28":0,"2017-09-29":3,"2017-09-30":4,"2017-10-01":0,"2017-10-02":4,"2017-10-03":2,"2017-10-04":2,"2017-10-05":0,"2017-10-06":0,"2017-10-07":2,"2017-10-08":0,"2017-10-09":4,"2017-10-10":4,"2017-10-11":0,"2017-10-12":2,"2017-10-13":0,"2017-10-14":6,"2017-10-15":0,"2017-10-16":4,"2017-10-17":5,"2017-10-18":2,"2017-10-19":1,"2017-10-20":2,"2017-10-21":1,"2017-10-22":0,"2017-10-23":3,"2017-10-24":0,"2017-10-25":0,"2017-10-26":1,"2017-10-27":11,"2017-10-28":1,"2017-10-29":0,"2017-10-30":4,"2017-10-31":1,"2017-11-01":2,"2017-11-02":0,"2017-11-03":3,"2017-11-04":3,"2017-11-05":0,"2017-11-06":2,"2017-11-07":0,"2017-11-08":0,"2017-11-09":3,"2017-11-10":4,"2017-11-11":7,"2017-11-12":0,"2017-11-13":5,"2017-11-14":4,"2017-11-15":1,"2017-11-16":2,"2017-11-17":0,"2017-11-18":2,"2017-11-19":1,"2017-11-20":2,"2017-11-21":2},"unique_screenname":2447,"dev":{"Iphone":389,"Android":1568,"Web":575,"Blackberry":79},"loc":{"Jakarta":1148,"Depok":27,"Bogor":56,"Tangerang":55,"Bekasi":72},"sentimen":{"goodwords":0.12,"badwords":0.01,"netral":99.87},"ER":0,"ER_daily":{"2017-01-01":0,"2017-01-02":0,"2017-01-03":0,"2017-01-04":0,"2017-01-05":0,"2017-01-06":0,"2017-01-07":0,"2017-01-08":0,"2017-01-09":0,"2017-01-10":0,"2017-01-11":0,"2017-01-12":0,"2017-01-13":0,"2017-01-14":0,"2017-01-15":0,"2017-01-16":0,"2017-01-17":0,"2017-01-18":0,"2017-01-19":0,"2017-01-20":0,"2017-01-21":0,"2017-01-22":0,"2017-01-23":0,"2017-01-24":0,"2017-01-25":0,"2017-01-26":0,"2017-01-27":0,"2017-01-28":0,"2017-01-29":0,"2017-01-30":0.01,"2017-01-31":0,"2017-02-01":0,"2017-02-02":0,"2017-02-03":0,"2017-02-04":0,"2017-02-05":0,"2017-02-06":0,"2017-02-07":0,"2017-02-08":0,"2017-02-09":0,"2017-02-10":0,"2017-02-11":0,"2017-02-12":0,"2017-02-13":0,"2017-02-14":0,"2017-02-15":0,"2017-02-16":0,"2017-02-17":0,"2017-02-18":0,"2017-02-19":0,"2017-02-20":0,"2017-02-21":0,"2017-02-22":0,"2017-02-23":0,"2017-02-24":0,"2017-02-25":0,"2017-02-26":0,"2017-02-27":0,"2017-02-28":0,"2017-03-01":0,"2017-03-02":0,"2017-03-03":0,"2017-03-04":0,"2017-03-05":0,"2017-03-06":0,"2017-03-07":0,"2017-03-08":0,"2017-03-09":0,"2017-03-10":0,"2017-03-11":0,"2017-03-12":0,"2017-03-13":0,"2017-03-14":0,"2017-03-15":0,"2017-03-16":0,"2017-03-17":0,"2017-03-18":0,"2017-03-19":0,"2017-03-20":0,"2017-03-21":0,"2017-03-22":0,"2017-03-23":0,"2017-03-24":0,"2017-03-25":0,"2017-03-26":0,"2017-03-27":0,"2017-03-28":0,"2017-03-29":0,"2017-03-30":0,"2017-03-31":0,"2017-04-01":0,"2017-04-02":0,"2017-04-03":0,"2017-04-04":0,"2017-04-05":0,"2017-04-06":0,"2017-04-07":0,"2017-04-08":0,"2017-04-09":0,"2017-04-10":0,"2017-04-11":0,"2017-04-12":0,"2017-04-13":0,"2017-04-14":0,"2017-04-15":0,"2017-04-16":0,"2017-04-17":0,"2017-04-18":0,"2017-04-19":0,"2017-04-20":0,"2017-04-21":0,"2017-04-22":0,"2017-04-23":0,"2017-04-24":0,"2017-04-25":0,"2017-04-26":0,"2017-04-27":0,"2017-04-28":0,"2017-04-29":0,"2017-04-30":0,"2017-05-01":0,"2017-05-02":0,"2017-05-03":0,"2017-05-04":0,"2017-05-05":0,"2017-05-06":0,"2017-05-07":0,"2017-05-08":0,"2017-05-09":0,"2017-05-10":0,"2017-05-11":0,"2017-05-12":0,"2017-05-13":0,"2017-05-14":0,"2017-05-15":0,"2017-05-16":0,"2017-05-17":0,"2017-05-18":0,"2017-05-19":0,"2017-05-20":0,"2017-05-21":0,"2017-05-22":0,"2017-05-23":0,"2017-05-24":0,"2017-05-25":0,"2017-05-26":0,"2017-05-27":0,"2017-05-28":0,"2017-05-29":0,"2017-05-30":0,"2017-05-31":0,"2017-06-01":0,"2017-06-02":0,"2017-06-03":0,"2017-06-04":0,"2017-06-05":0,"2017-06-06":0,"2017-06-07":0,"2017-06-08":0,"2017-06-09":0,"2017-06-10":0,"2017-06-11":0,"2017-06-12":0,"2017-06-13":0,"2017-06-14":0,"2017-06-15":0,"2017-06-16":0,"2017-06-17":0,"2017-06-18":0,"2017-06-19":0,"2017-06-20":0,"2017-06-21":0,"2017-06-22":0,"2017-06-23":0,"2017-06-24":0,"2017-06-25":0,"2017-06-26":0,"2017-06-27":0,"2017-06-28":0,"2017-06-29":0,"2017-06-30":0,"2017-07-01":0,"2017-07-02":0,"2017-07-03":0,"2017-07-04":0,"2017-07-05":0,"2017-07-06":0,"2017-07-07":0,"2017-07-08":0,"2017-07-09":0,"2017-07-10":0,"2017-07-11":0,"2017-07-12":0,"2017-07-13":0,"2017-07-14":0,"2017-07-15":0,"2017-07-16":0,"2017-07-17":0,"2017-07-18":0,"2017-07-19":0,"2017-07-20":0,"2017-07-21":0,"2017-07-22":0,"2017-07-23":0,"2017-07-24":0,"2017-07-25":0,"2017-07-26":0,"2017-07-27":0,"2017-07-28":0,"2017-07-29":0,"2017-07-30":0,"2017-07-31":0,"2017-08-01":0,"2017-08-02":0,"2017-08-03":0,"2017-08-04":0,"2017-08-05":0,"2017-08-06":0,"2017-08-07":0,"2017-08-08":0,"2017-08-09":0,"2017-08-10":0,"2017-08-11":0,"2017-08-12":0,"2017-08-13":0,"2017-08-14":0,"2017-08-15":0,"2017-08-16":0,"2017-08-17":0,"2017-08-18":0,"2017-08-19":0,"2017-08-20":0,"2017-08-21":0,"2017-08-22":0,"2017-08-23":0,"2017-08-24":0,"2017-08-25":0,"2017-08-26":0,"2017-08-27":0,"2017-08-28":0,"2017-08-29":0,"2017-08-30":0,"2017-08-31":0,"2017-09-01":0,"2017-09-02":0,"2017-09-03":0,"2017-09-04":0,"2017-09-05":0,"2017-09-06":0,"2017-09-07":0,"2017-09-08":0,"2017-09-09":0,"2017-09-10":0,"2017-09-11":0,"2017-09-12":0,"2017-09-13":0,"2017-09-14":0,"2017-09-15":0,"2017-09-16":0,"2017-09-17":0,"2017-09-18":0,"2017-09-19":0,"2017-09-20":0,"2017-09-21":0,"2017-09-22":0,"2017-09-23":0,"2017-09-24":0,"2017-09-25":0,"2017-09-26":0,"2017-09-27":0,"2017-09-28":0,"2017-09-29":0,"2017-09-30":0,"2017-10-01":0,"2017-10-02":0,"2017-10-03":0,"2017-10-04":0,"2017-10-05":0,"2017-10-06":0,"2017-10-07":0,"2017-10-08":0,"2017-10-09":0,"2017-10-10":0,"2017-10-11":0,"2017-10-12":0,"2017-10-13":0,"2017-10-14":0,"2017-10-15":0,"2017-10-16":0,"2017-10-17":0,"2017-10-18":0,"2017-10-19":0,"2017-10-20":0,"2017-10-21":0,"2017-10-22":0,"2017-10-23":0,"2017-10-24":0,"2017-10-25":0,"2017-10-26":0,"2017-10-27":0,"2017-10-28":0,"2017-10-29":0,"2017-10-30":0,"2017-10-31":0,"2017-11-01":0,"2017-11-02":0,"2017-11-03":0,"2017-11-04":0,"2017-11-05":0,"2017-11-06":0,"2017-11-07":0,"2017-11-08":0,"2017-11-09":0,"2017-11-10":0,"2017-11-11":0,"2017-11-12":0,"2017-11-13":0,"2017-11-14":0,"2017-11-15":0,"2017-11-16":0,"2017-11-17":0,"2017-11-18":0,"2017-11-19":0,"2017-11-20":0,"2017-11-21":0}}}
2017-11-26 15:11:58	report	@987genfm!@987genfm;01/01/2017 - 11/21/2017;eyesightlab;submitSocial	{"@987genfm":{"area":3653,"medium":{"2017-01-01":18,"2017-01-02":20,"2017-01-03":60,"2017-01-04":34,"2017-01-05":48,"2017-01-06":117,"2017-01-07":56,"2017-01-08":33,"2017-01-09":63,"2017-01-10":45,"2017-01-11":74,"2017-01-12":68,"2017-01-13":74,"2017-01-14":66,"2017-01-15":50,"2017-01-16":123,"2017-01-17":85,"2017-01-18":99,"2017-01-19":145,"2017-01-20":78,"2017-01-21":38,"2017-01-22":38,"2017-01-23":43,"2017-01-24":123,"2017-01-25":125,"2017-01-26":162,"2017-01-27":105,"2017-01-28":76,"2017-01-29":27,"2017-01-30":202,"2017-01-31":105,"2017-02-01":165,"2017-02-02":113,"2017-02-03":38,"2017-02-04":9,"2017-02-05":8,"2017-02-06":0,"2017-02-07":3,"2017-02-08":3,"2017-02-09":1,"2017-02-10":3,"2017-02-11":0,"2017-02-12":2,"2017-02-13":4,"2017-02-14":0,"2017-02-15":1,"2017-02-16":1,"2017-02-17":1,"2017-02-18":0,"2017-02-19":0,"2017-02-20":4,"2017-02-21":0,"2017-02-22":0,"2017-02-23":1,"2017-02-24":0,"2017-02-25":0,"2017-02-26":0,"2017-02-27":0,"2017-02-28":1,"2017-03-01":0,"2017-03-02":7,"2017-03-03":0,"2017-03-04":0,"2017-03-05":0,"2017-03-06":0,"2017-03-07":1,"2017-03-08":0,"2017-03-09":0,"2017-03-10":0,"2017-03-11":0,"2017-03-12":1,"2017-03-13":0,"2017-03-14":0,"2017-03-15":1,"2017-03-16":0,"2017-03-17":0,"2017-03-18":0,"2017-03-19":0,"2017-03-20":1,"2017-03-21":0,"2017-03-22":0,"2017-03-23":4,"2017-03-24":0,"2017-03-25":0,"2017-03-26":3,"2017-03-27":10,"2017-03-28":0,"2017-03-29":3,"2017-03-30":4,"2017-03-31":2,"2017-04-01":8,"2017-04-02":2,"2017-04-03":54,"2017-04-04":39,"2017-04-05":13,"2017-04-06":10,"2017-04-07":2,"2017-04-08":6,"2017-04-09":0,"2017-04-10":9,"2017-04-11":2,"2017-04-12":1,"2017-04-13":0,"2017-04-14":2,"2017-04-15":2,"2017-04-16":0,"2017-04-17":5,"2017-04-18":1,"2017-04-19":1,"2017-04-20":1,"2017-04-21":2,"2017-04-22":2,"2017-04-23":0,"2017-04-24":2,"2017-04-25":3,"2017-04-26":4,"2017-04-27":3,"2017-04-28":2,"2017-04-29":2,"2017-04-30":0,"2017-05-01":4,"2017-05-02":1,"2017-05-03":0,"2017-05-04":0,"2017-05-05":2,"2017-05-06":6,"2017-05-07":0,"2017-05-08":4,"2017-05-09":0,"2017-05-10":0,"2017-05-11":0,"2017-05-12":0,"2017-05-13":3,"2017-05-14":3,"2017-05-15":4,"2017-05-16":1,"2017-05-17":0,"2017-05-18":0,"2017-05-19":0,"2017-05-20":5,"2017-05-21":1,"2017-05-22":12,"2017-05-23":0,"2017-05-24":5,"2017-05-25":5,"2017-05-26":3,"2017-05-27":4,"2017-05-28":0,"2017-05-29":6,"2017-05-30":2,"2017-05-31":1,"2017-06-01":1,"2017-06-02":2,"2017-06-03":4,"2017-06-04":1,"2017-06-05":6,"2017-06-06":4,"2017-06-07":17,"2017-06-08":1,"2017-06-09":2,"2017-06-10":2,"2017-06-11":4,"2017-06-12":10,"2017-06-13":2,"2017-06-14":8,"2017-06-15":7,"2017-06-16":9,"2017-06-17":8,"2017-06-18":11,"2017-06-19":16,"2017-06-20":9,"2017-06-21":11,"2017-06-22":17,"2017-06-23":11,"2017-06-24":11,"2017-06-25":2,"2017-06-26":6,"2017-06-27":3,"2017-06-28":7,"2017-06-29":3,"2017-06-30":3,"2017-07-01":7,"2017-07-02":3,"2017-07-03":7,"2017-07-04":5,"2017-07-05":6,"2017-07-06":7,"2017-07-07":4,"2017-07-08":5,"2017-07-09":1,"2017-07-10":13,"2017-07-11":0,"2017-07-12":1,"2017-07-13":0,"2017-07-14":1,"2017-07-15":4,"2017-07-16":0,"2017-07-17":15,"2017-07-18":1,"2017-07-19":0,"2017-07-20":4,"2017-07-21":2,"2017-07-22":3,"2017-07-23":0,"2017-07-24":9,"2017-07-25":5,"2017-07-26":0,"2017-07-27":2,"2017-07-28":2,"2017-07-29":4,"2017-07-30":8,"2017-07-31":5,"2017-08-01":0,"2017-08-02":0,"2017-08-03":1,"2017-08-04":3,"2017-08-05":2,"2017-08-06":0,"2017-08-07":8,"2017-08-08":7,"2017-08-09":9,"2017-08-10":0,"2017-08-11":0,"2017-08-12":2,"2017-08-13":2,"2017-08-14":7,"2017-08-15":4,"2017-08-16":5,"2017-08-17":2,"2017-08-18":3,"2017-08-19":2,"2017-08-20":0,"2017-08-21":12,"2017-08-22":0,"2017-08-23":6,"2017-08-24":0,"2017-08-25":2,"2017-08-26":7,"2017-08-27":1,"2017-08-28":6,"2017-08-29":3,"2017-08-30":0,"2017-08-31":4,"2017-09-01":0,"2017-09-02":0,"2017-09-03":0,"2017-09-04":4,"2017-09-05":3,"2017-09-06":5,"2017-09-07":0,"2017-09-08":0,"2017-09-09":22,"2017-09-10":0,"2017-09-11":5,"2017-09-12":3,"2017-09-13":0,"2017-09-14":4,"2017-09-15":1,"2017-09-16":5,"2017-09-17":2,"2017-09-18":4,"2017-09-19":1,"2017-09-20":0,"2017-09-21":3,"2017-09-22":0,"2017-09-23":6,"2017-09-24":0,"2017-09-25":4,"2017-09-26":1,"2017-09-27":3,"2017-09-28":0,"2017-09-29":3,"2017-09-30":4,"2017-10-01":0,"2017-10-02":4,"2017-10-03":2,"2017-10-04":2,"2017-10-05":0,"2017-10-06":0,"2017-10-07":2,"2017-10-08":0,"2017-10-09":4,"2017-10-10":4,"2017-10-11":0,"2017-10-12":2,"2017-10-13":0,"2017-10-14":6,"2017-10-15":0,"2017-10-16":4,"2017-10-17":5,"2017-10-18":2,"2017-10-19":1,"2017-10-20":2,"2017-10-21":1,"2017-10-22":0,"2017-10-23":3,"2017-10-24":0,"2017-10-25":0,"2017-10-26":1,"2017-10-27":11,"2017-10-28":1,"2017-10-29":0,"2017-10-30":4,"2017-10-31":1,"2017-11-01":2,"2017-11-02":0,"2017-11-03":3,"2017-11-04":3,"2017-11-05":0,"2017-11-06":2,"2017-11-07":0,"2017-11-08":0,"2017-11-09":3,"2017-11-10":4,"2017-11-11":7,"2017-11-12":0,"2017-11-13":5,"2017-11-14":4,"2017-11-15":1,"2017-11-16":2,"2017-11-17":0,"2017-11-18":2,"2017-11-19":1,"2017-11-20":2,"2017-11-21":2},"unique_screenname":2447,"dev":{"Iphone":389,"Android":1568,"Web":575,"Blackberry":79},"loc":{"Jakarta":1148,"Depok":27,"Bogor":56,"Tangerang":55,"Bekasi":72},"sentimen":{"goodwords":0.12,"badwords":0.01,"netral":99.87},"ER":0,"ER_daily":{"2017-01-01":0,"2017-01-02":0,"2017-01-03":0,"2017-01-04":0,"2017-01-05":0,"2017-01-06":0,"2017-01-07":0,"2017-01-08":0,"2017-01-09":0,"2017-01-10":0,"2017-01-11":0,"2017-01-12":0,"2017-01-13":0,"2017-01-14":0,"2017-01-15":0,"2017-01-16":0,"2017-01-17":0,"2017-01-18":0,"2017-01-19":0,"2017-01-20":0,"2017-01-21":0,"2017-01-22":0,"2017-01-23":0,"2017-01-24":0,"2017-01-25":0,"2017-01-26":0,"2017-01-27":0,"2017-01-28":0,"2017-01-29":0,"2017-01-30":0.01,"2017-01-31":0,"2017-02-01":0,"2017-02-02":0,"2017-02-03":0,"2017-02-04":0,"2017-02-05":0,"2017-02-06":0,"2017-02-07":0,"2017-02-08":0,"2017-02-09":0,"2017-02-10":0,"2017-02-11":0,"2017-02-12":0,"2017-02-13":0,"2017-02-14":0,"2017-02-15":0,"2017-02-16":0,"2017-02-17":0,"2017-02-18":0,"2017-02-19":0,"2017-02-20":0,"2017-02-21":0,"2017-02-22":0,"2017-02-23":0,"2017-02-24":0,"2017-02-25":0,"2017-02-26":0,"2017-02-27":0,"2017-02-28":0,"2017-03-01":0,"2017-03-02":0,"2017-03-03":0,"2017-03-04":0,"2017-03-05":0,"2017-03-06":0,"2017-03-07":0,"2017-03-08":0,"2017-03-09":0,"2017-03-10":0,"2017-03-11":0,"2017-03-12":0,"2017-03-13":0,"2017-03-14":0,"2017-03-15":0,"2017-03-16":0,"2017-03-17":0,"2017-03-18":0,"2017-03-19":0,"2017-03-20":0,"2017-03-21":0,"2017-03-22":0,"2017-03-23":0,"2017-03-24":0,"2017-03-25":0,"2017-03-26":0,"2017-03-27":0,"2017-03-28":0,"2017-03-29":0,"2017-03-30":0,"2017-03-31":0,"2017-04-01":0,"2017-04-02":0,"2017-04-03":0,"2017-04-04":0,"2017-04-05":0,"2017-04-06":0,"2017-04-07":0,"2017-04-08":0,"2017-04-09":0,"2017-04-10":0,"2017-04-11":0,"2017-04-12":0,"2017-04-13":0,"2017-04-14":0,"2017-04-15":0,"2017-04-16":0,"2017-04-17":0,"2017-04-18":0,"2017-04-19":0,"2017-04-20":0,"2017-04-21":0,"2017-04-22":0,"2017-04-23":0,"2017-04-24":0,"2017-04-25":0,"2017-04-26":0,"2017-04-27":0,"2017-04-28":0,"2017-04-29":0,"2017-04-30":0,"2017-05-01":0,"2017-05-02":0,"2017-05-03":0,"2017-05-04":0,"2017-05-05":0,"2017-05-06":0,"2017-05-07":0,"2017-05-08":0,"2017-05-09":0,"2017-05-10":0,"2017-05-11":0,"2017-05-12":0,"2017-05-13":0,"2017-05-14":0,"2017-05-15":0,"2017-05-16":0,"2017-05-17":0,"2017-05-18":0,"2017-05-19":0,"2017-05-20":0,"2017-05-21":0,"2017-05-22":0,"2017-05-23":0,"2017-05-24":0,"2017-05-25":0,"2017-05-26":0,"2017-05-27":0,"2017-05-28":0,"2017-05-29":0,"2017-05-30":0,"2017-05-31":0,"2017-06-01":0,"2017-06-02":0,"2017-06-03":0,"2017-06-04":0,"2017-06-05":0,"2017-06-06":0,"2017-06-07":0,"2017-06-08":0,"2017-06-09":0,"2017-06-10":0,"2017-06-11":0,"2017-06-12":0,"2017-06-13":0,"2017-06-14":0,"2017-06-15":0,"2017-06-16":0,"2017-06-17":0,"2017-06-18":0,"2017-06-19":0,"2017-06-20":0,"2017-06-21":0,"2017-06-22":0,"2017-06-23":0,"2017-06-24":0,"2017-06-25":0,"2017-06-26":0,"2017-06-27":0,"2017-06-28":0,"2017-06-29":0,"2017-06-30":0,"2017-07-01":0,"2017-07-02":0,"2017-07-03":0,"2017-07-04":0,"2017-07-05":0,"2017-07-06":0,"2017-07-07":0,"2017-07-08":0,"2017-07-09":0,"2017-07-10":0,"2017-07-11":0,"2017-07-12":0,"2017-07-13":0,"2017-07-14":0,"2017-07-15":0,"2017-07-16":0,"2017-07-17":0,"2017-07-18":0,"2017-07-19":0,"2017-07-20":0,"2017-07-21":0,"2017-07-22":0,"2017-07-23":0,"2017-07-24":0,"2017-07-25":0,"2017-07-26":0,"2017-07-27":0,"2017-07-28":0,"2017-07-29":0,"2017-07-30":0,"2017-07-31":0,"2017-08-01":0,"2017-08-02":0,"2017-08-03":0,"2017-08-04":0,"2017-08-05":0,"2017-08-06":0,"2017-08-07":0,"2017-08-08":0,"2017-08-09":0,"2017-08-10":0,"2017-08-11":0,"2017-08-12":0,"2017-08-13":0,"2017-08-14":0,"2017-08-15":0,"2017-08-16":0,"2017-08-17":0,"2017-08-18":0,"2017-08-19":0,"2017-08-20":0,"2017-08-21":0,"2017-08-22":0,"2017-08-23":0,"2017-08-24":0,"2017-08-25":0,"2017-08-26":0,"2017-08-27":0,"2017-08-28":0,"2017-08-29":0,"2017-08-30":0,"2017-08-31":0,"2017-09-01":0,"2017-09-02":0,"2017-09-03":0,"2017-09-04":0,"2017-09-05":0,"2017-09-06":0,"2017-09-07":0,"2017-09-08":0,"2017-09-09":0,"2017-09-10":0,"2017-09-11":0,"2017-09-12":0,"2017-09-13":0,"2017-09-14":0,"2017-09-15":0,"2017-09-16":0,"2017-09-17":0,"2017-09-18":0,"2017-09-19":0,"2017-09-20":0,"2017-09-21":0,"2017-09-22":0,"2017-09-23":0,"2017-09-24":0,"2017-09-25":0,"2017-09-26":0,"2017-09-27":0,"2017-09-28":0,"2017-09-29":0,"2017-09-30":0,"2017-10-01":0,"2017-10-02":0,"2017-10-03":0,"2017-10-04":0,"2017-10-05":0,"2017-10-06":0,"2017-10-07":0,"2017-10-08":0,"2017-10-09":0,"2017-10-10":0,"2017-10-11":0,"2017-10-12":0,"2017-10-13":0,"2017-10-14":0,"2017-10-15":0,"2017-10-16":0,"2017-10-17":0,"2017-10-18":0,"2017-10-19":0,"2017-10-20":0,"2017-10-21":0,"2017-10-22":0,"2017-10-23":0,"2017-10-24":0,"2017-10-25":0,"2017-10-26":0,"2017-10-27":0,"2017-10-28":0,"2017-10-29":0,"2017-10-30":0,"2017-10-31":0,"2017-11-01":0,"2017-11-02":0,"2017-11-03":0,"2017-11-04":0,"2017-11-05":0,"2017-11-06":0,"2017-11-07":0,"2017-11-08":0,"2017-11-09":0,"2017-11-10":0,"2017-11-11":0,"2017-11-12":0,"2017-11-13":0,"2017-11-14":0,"2017-11-15":0,"2017-11-16":0,"2017-11-17":0,"2017-11-18":0,"2017-11-19":0,"2017-11-20":0,"2017-11-21":0}}}
2017-11-26 15:13:09	worker	@gen987fm;2017-01-01 - 2017-11-21;submitSocial;all;eyesightlab	@gen987fm;2017-01-01 - 2017-11-21;submitSocial;all;eyesightlab
2017-11-26 15:13:14	done	@gen987fm;2017-01-01 - 2017-11-21;submitSocial;all;eyesightlab
2017-11-26 15:23:35	report	@987genfm!@gen987fm;01/01/2017 - 11/21/2017;eyesightlab;submitSocial	{"@987genfm":{"area":3653,"medium":{"2017-01-01":18,"2017-01-02":20,"2017-01-03":60,"2017-01-04":34,"2017-01-05":48,"2017-01-06":117,"2017-01-07":56,"2017-01-08":33,"2017-01-09":63,"2017-01-10":45,"2017-01-11":74,"2017-01-12":68,"2017-01-13":74,"2017-01-14":66,"2017-01-15":50,"2017-01-16":123,"2017-01-17":85,"2017-01-18":99,"2017-01-19":145,"2017-01-20":78,"2017-01-21":38,"2017-01-22":38,"2017-01-23":43,"2017-01-24":123,"2017-01-25":125,"2017-01-26":162,"2017-01-27":105,"2017-01-28":76,"2017-01-29":27,"2017-01-30":202,"2017-01-31":105,"2017-02-01":165,"2017-02-02":113,"2017-02-03":38,"2017-02-04":9,"2017-02-05":8,"2017-02-06":0,"2017-02-07":3,"2017-02-08":3,"2017-02-09":1,"2017-02-10":3,"2017-02-11":0,"2017-02-12":2,"2017-02-13":4,"2017-02-14":0,"2017-02-15":1,"2017-02-16":1,"2017-02-17":1,"2017-02-18":0,"2017-02-19":0,"2017-02-20":4,"2017-02-21":0,"2017-02-22":0,"2017-02-23":1,"2017-02-24":0,"2017-02-25":0,"2017-02-26":0,"2017-02-27":0,"2017-02-28":1,"2017-03-01":0,"2017-03-02":7,"2017-03-03":0,"2017-03-04":0,"2017-03-05":0,"2017-03-06":0,"2017-03-07":1,"2017-03-08":0,"2017-03-09":0,"2017-03-10":0,"2017-03-11":0,"2017-03-12":1,"2017-03-13":0,"2017-03-14":0,"2017-03-15":1,"2017-03-16":0,"2017-03-17":0,"2017-03-18":0,"2017-03-19":0,"2017-03-20":1,"2017-03-21":0,"2017-03-22":0,"2017-03-23":4,"2017-03-24":0,"2017-03-25":0,"2017-03-26":3,"2017-03-27":10,"2017-03-28":0,"2017-03-29":3,"2017-03-30":4,"2017-03-31":2,"2017-04-01":8,"2017-04-02":2,"2017-04-03":54,"2017-04-04":39,"2017-04-05":13,"2017-04-06":10,"2017-04-07":2,"2017-04-08":6,"2017-04-09":0,"2017-04-10":9,"2017-04-11":2,"2017-04-12":1,"2017-04-13":0,"2017-04-14":2,"2017-04-15":2,"2017-04-16":0,"2017-04-17":5,"2017-04-18":1,"2017-04-19":1,"2017-04-20":1,"2017-04-21":2,"2017-04-22":2,"2017-04-23":0,"2017-04-24":2,"2017-04-25":3,"2017-04-26":4,"2017-04-27":3,"2017-04-28":2,"2017-04-29":2,"2017-04-30":0,"2017-05-01":4,"2017-05-02":1,"2017-05-03":0,"2017-05-04":0,"2017-05-05":2,"2017-05-06":6,"2017-05-07":0,"2017-05-08":4,"2017-05-09":0,"2017-05-10":0,"2017-05-11":0,"2017-05-12":0,"2017-05-13":3,"2017-05-14":3,"2017-05-15":4,"2017-05-16":1,"2017-05-17":0,"2017-05-18":0,"2017-05-19":0,"2017-05-20":5,"2017-05-21":1,"2017-05-22":12,"2017-05-23":0,"2017-05-24":5,"2017-05-25":5,"2017-05-26":3,"2017-05-27":4,"2017-05-28":0,"2017-05-29":6,"2017-05-30":2,"2017-05-31":1,"2017-06-01":1,"2017-06-02":2,"2017-06-03":4,"2017-06-04":1,"2017-06-05":6,"2017-06-06":4,"2017-06-07":17,"2017-06-08":1,"2017-06-09":2,"2017-06-10":2,"2017-06-11":4,"2017-06-12":10,"2017-06-13":2,"2017-06-14":8,"2017-06-15":7,"2017-06-16":9,"2017-06-17":8,"2017-06-18":11,"2017-06-19":16,"2017-06-20":9,"2017-06-21":11,"2017-06-22":17,"2017-06-23":11,"2017-06-24":11,"2017-06-25":2,"2017-06-26":6,"2017-06-27":3,"2017-06-28":7,"2017-06-29":3,"2017-06-30":3,"2017-07-01":7,"2017-07-02":3,"2017-07-03":7,"2017-07-04":5,"2017-07-05":6,"2017-07-06":7,"2017-07-07":4,"2017-07-08":5,"2017-07-09":1,"2017-07-10":13,"2017-07-11":0,"2017-07-12":1,"2017-07-13":0,"2017-07-14":1,"2017-07-15":4,"2017-07-16":0,"2017-07-17":15,"2017-07-18":1,"2017-07-19":0,"2017-07-20":4,"2017-07-21":2,"2017-07-22":3,"2017-07-23":0,"2017-07-24":9,"2017-07-25":5,"2017-07-26":0,"2017-07-27":2,"2017-07-28":2,"2017-07-29":4,"2017-07-30":8,"2017-07-31":5,"2017-08-01":0,"2017-08-02":0,"2017-08-03":1,"2017-08-04":3,"2017-08-05":2,"2017-08-06":0,"2017-08-07":8,"2017-08-08":7,"2017-08-09":9,"2017-08-10":0,"2017-08-11":0,"2017-08-12":2,"2017-08-13":2,"2017-08-14":7,"2017-08-15":4,"2017-08-16":5,"2017-08-17":2,"2017-08-18":3,"2017-08-19":2,"2017-08-20":0,"2017-08-21":12,"2017-08-22":0,"2017-08-23":6,"2017-08-24":0,"2017-08-25":2,"2017-08-26":7,"2017-08-27":1,"2017-08-28":6,"2017-08-29":3,"2017-08-30":0,"2017-08-31":4,"2017-09-01":0,"2017-09-02":0,"2017-09-03":0,"2017-09-04":4,"2017-09-05":3,"2017-09-06":5,"2017-09-07":0,"2017-09-08":0,"2017-09-09":22,"2017-09-10":0,"2017-09-11":5,"2017-09-12":3,"2017-09-13":0,"2017-09-14":4,"2017-09-15":1,"2017-09-16":5,"2017-09-17":2,"2017-09-18":4,"2017-09-19":1,"2017-09-20":0,"2017-09-21":3,"2017-09-22":0,"2017-09-23":6,"2017-09-24":0,"2017-09-25":4,"2017-09-26":1,"2017-09-27":3,"2017-09-28":0,"2017-09-29":3,"2017-09-30":4,"2017-10-01":0,"2017-10-02":4,"2017-10-03":2,"2017-10-04":2,"2017-10-05":0,"2017-10-06":0,"2017-10-07":2,"2017-10-08":0,"2017-10-09":4,"2017-10-10":4,"2017-10-11":0,"2017-10-12":2,"2017-10-13":0,"2017-10-14":6,"2017-10-15":0,"2017-10-16":4,"2017-10-17":5,"2017-10-18":2,"2017-10-19":1,"2017-10-20":2,"2017-10-21":1,"2017-10-22":0,"2017-10-23":3,"2017-10-24":0,"2017-10-25":0,"2017-10-26":1,"2017-10-27":11,"2017-10-28":1,"2017-10-29":0,"2017-10-30":4,"2017-10-31":1,"2017-11-01":2,"2017-11-02":0,"2017-11-03":3,"2017-11-04":3,"2017-11-05":0,"2017-11-06":2,"2017-11-07":0,"2017-11-08":0,"2017-11-09":3,"2017-11-10":4,"2017-11-11":7,"2017-11-12":0,"2017-11-13":5,"2017-11-14":4,"2017-11-15":1,"2017-11-16":2,"2017-11-17":0,"2017-11-18":2,"2017-11-19":1,"2017-11-20":2,"2017-11-21":2},"unique_screenname":2447,"dev":{"Iphone":389,"Android":1568,"Web":575,"Blackberry":79},"loc":{"Jakarta":1148,"Depok":27,"Bogor":56,"Tangerang":55,"Bekasi":72},"sentimen":{"goodwords":0.12,"badwords":0.01,"netral":99.87},"ER":0,"ER_daily":{"2017-01-01":0,"2017-01-02":0,"2017-01-03":0,"2017-01-04":0,"2017-01-05":0,"2017-01-06":0,"2017-01-07":0,"2017-01-08":0,"2017-01-09":0,"2017-01-10":0,"2017-01-11":0,"2017-01-12":0,"2017-01-13":0,"2017-01-14":0,"2017-01-15":0,"2017-01-16":0,"2017-01-17":0,"2017-01-18":0,"2017-01-19":0,"2017-01-20":0,"2017-01-21":0,"2017-01-22":0,"2017-01-23":0,"2017-01-24":0,"2017-01-25":0,"2017-01-26":0,"2017-01-27":0,"2017-01-28":0,"2017-01-29":0,"2017-01-30":0.01,"2017-01-31":0,"2017-02-01":0,"2017-02-02":0,"2017-02-03":0,"2017-02-04":0,"2017-02-05":0,"2017-02-06":0,"2017-02-07":0,"2017-02-08":0,"2017-02-09":0,"2017-02-10":0,"2017-02-11":0,"2017-02-12":0,"2017-02-13":0,"2017-02-14":0,"2017-02-15":0,"2017-02-16":0,"2017-02-17":0,"2017-02-18":0,"2017-02-19":0,"2017-02-20":0,"2017-02-21":0,"2017-02-22":0,"2017-02-23":0,"2017-02-24":0,"2017-02-25":0,"2017-02-26":0,"2017-02-27":0,"2017-02-28":0,"2017-03-01":0,"2017-03-02":0,"2017-03-03":0,"2017-03-04":0,"2017-03-05":0,"2017-03-06":0,"2017-03-07":0,"2017-03-08":0,"2017-03-09":0,"2017-03-10":0,"2017-03-11":0,"2017-03-12":0,"2017-03-13":0,"2017-03-14":0,"2017-03-15":0,"2017-03-16":0,"2017-03-17":0,"2017-03-18":0,"2017-03-19":0,"2017-03-20":0,"2017-03-21":0,"2017-03-22":0,"2017-03-23":0,"2017-03-24":0,"2017-03-25":0,"2017-03-26":0,"2017-03-27":0,"2017-03-28":0,"2017-03-29":0,"2017-03-30":0,"2017-03-31":0,"2017-04-01":0,"2017-04-02":0,"2017-04-03":0,"2017-04-04":0,"2017-04-05":0,"2017-04-06":0,"2017-04-07":0,"2017-04-08":0,"2017-04-09":0,"2017-04-10":0,"2017-04-11":0,"2017-04-12":0,"2017-04-13":0,"2017-04-14":0,"2017-04-15":0,"2017-04-16":0,"2017-04-17":0,"2017-04-18":0,"2017-04-19":0,"2017-04-20":0,"2017-04-21":0,"2017-04-22":0,"2017-04-23":0,"2017-04-24":0,"2017-04-25":0,"2017-04-26":0,"2017-04-27":0,"2017-04-28":0,"2017-04-29":0,"2017-04-30":0,"2017-05-01":0,"2017-05-02":0,"2017-05-03":0,"2017-05-04":0,"2017-05-05":0,"2017-05-06":0,"2017-05-07":0,"2017-05-08":0,"2017-05-09":0,"2017-05-10":0,"2017-05-11":0,"2017-05-12":0,"2017-05-13":0,"2017-05-14":0,"2017-05-15":0,"2017-05-16":0,"2017-05-17":0,"2017-05-18":0,"2017-05-19":0,"2017-05-20":0,"2017-05-21":0,"2017-05-22":0,"2017-05-23":0,"2017-05-24":0,"2017-05-25":0,"2017-05-26":0,"2017-05-27":0,"2017-05-28":0,"2017-05-29":0,"2017-05-30":0,"2017-05-31":0,"2017-06-01":0,"2017-06-02":0,"2017-06-03":0,"2017-06-04":0,"2017-06-05":0,"2017-06-06":0,"2017-06-07":0,"2017-06-08":0,"2017-06-09":0,"2017-06-10":0,"2017-06-11":0,"2017-06-12":0,"2017-06-13":0,"2017-06-14":0,"2017-06-15":0,"2017-06-16":0,"2017-06-17":0,"2017-06-18":0,"2017-06-19":0,"2017-06-20":0,"2017-06-21":0,"2017-06-22":0,"2017-06-23":0,"2017-06-24":0,"2017-06-25":0,"2017-06-26":0,"2017-06-27":0,"2017-06-28":0,"2017-06-29":0,"2017-06-30":0,"2017-07-01":0,"2017-07-02":0,"2017-07-03":0,"2017-07-04":0,"2017-07-05":0,"2017-07-06":0,"2017-07-07":0,"2017-07-08":0,"2017-07-09":0,"2017-07-10":0,"2017-07-11":0,"2017-07-12":0,"2017-07-13":0,"2017-07-14":0,"2017-07-15":0,"2017-07-16":0,"2017-07-17":0,"2017-07-18":0,"2017-07-19":0,"2017-07-20":0,"2017-07-21":0,"2017-07-22":0,"2017-07-23":0,"2017-07-24":0,"2017-07-25":0,"2017-07-26":0,"2017-07-27":0,"2017-07-28":0,"2017-07-29":0,"2017-07-30":0,"2017-07-31":0,"2017-08-01":0,"2017-08-02":0,"2017-08-03":0,"2017-08-04":0,"2017-08-05":0,"2017-08-06":0,"2017-08-07":0,"2017-08-08":0,"2017-08-09":0,"2017-08-10":0,"2017-08-11":0,"2017-08-12":0,"2017-08-13":0,"2017-08-14":0,"2017-08-15":0,"2017-08-16":0,"2017-08-17":0,"2017-08-18":0,"2017-08-19":0,"2017-08-20":0,"2017-08-21":0,"2017-08-22":0,"2017-08-23":0,"2017-08-24":0,"2017-08-25":0,"2017-08-26":0,"2017-08-27":0,"2017-08-28":0,"2017-08-29":0,"2017-08-30":0,"2017-08-31":0,"2017-09-01":0,"2017-09-02":0,"2017-09-03":0,"2017-09-04":0,"2017-09-05":0,"2017-09-06":0,"2017-09-07":0,"2017-09-08":0,"2017-09-09":0,"2017-09-10":0,"2017-09-11":0,"2017-09-12":0,"2017-09-13":0,"2017-09-14":0,"2017-09-15":0,"2017-09-16":0,"2017-09-17":0,"2017-09-18":0,"2017-09-19":0,"2017-09-20":0,"2017-09-21":0,"2017-09-22":0,"2017-09-23":0,"2017-09-24":0,"2017-09-25":0,"2017-09-26":0,"2017-09-27":0,"2017-09-28":0,"2017-09-29":0,"2017-09-30":0,"2017-10-01":0,"2017-10-02":0,"2017-10-03":0,"2017-10-04":0,"2017-10-05":0,"2017-10-06":0,"2017-10-07":0,"2017-10-08":0,"2017-10-09":0,"2017-10-10":0,"2017-10-11":0,"2017-10-12":0,"2017-10-13":0,"2017-10-14":0,"2017-10-15":0,"2017-10-16":0,"2017-10-17":0,"2017-10-18":0,"2017-10-19":0,"2017-10-20":0,"2017-10-21":0,"2017-10-22":0,"2017-10-23":0,"2017-10-24":0,"2017-10-25":0,"2017-10-26":0,"2017-10-27":0,"2017-10-28":0,"2017-10-29":0,"2017-10-30":0,"2017-10-31":0,"2017-11-01":0,"2017-11-02":0,"2017-11-03":0,"2017-11-04":0,"2017-11-05":0,"2017-11-06":0,"2017-11-07":0,"2017-11-08":0,"2017-11-09":0,"2017-11-10":0,"2017-11-11":0,"2017-11-12":0,"2017-11-13":0,"2017-11-14":0,"2017-11-15":0,"2017-11-16":0,"2017-11-17":0,"2017-11-18":0,"2017-11-19":0,"2017-11-20":0,"2017-11-21":0}},"@gen987fm":{"area":1359,"medium":{"2017-01-01":0,"2017-01-02":0,"2017-01-03":0,"2017-01-04":0,"2017-01-05":0,"2017-01-06":0,"2017-01-07":0,"2017-01-08":0,"2017-01-09":0,"2017-01-10":0,"2017-01-11":0,"2017-01-12":0,"2017-01-13":0,"2017-01-14":0,"2017-01-15":0,"2017-01-16":0,"2017-01-17":0,"2017-01-18":0,"2017-01-19":0,"2017-01-20":0,"2017-01-21":0,"2017-01-22":0,"2017-01-23":0,"2017-01-24":0,"2017-01-25":0,"2017-01-26":0,"2017-01-27":0,"2017-01-28":0,"2017-01-29":0,"2017-01-30":0,"2017-01-31":0,"2017-02-01":0,"2017-02-02":0,"2017-02-03":0,"2017-02-04":0,"2017-02-05":1,"2017-02-06":4,"2017-02-07":10,"2017-02-08":7,"2017-02-09":6,"2017-02-10":3,"2017-02-11":28,"2017-02-12":18,"2017-02-13":16,"2017-02-14":37,"2017-02-15":0,"2017-02-16":8,"2017-02-17":12,"2017-02-18":1,"2017-02-19":0,"2017-02-20":2,"2017-02-21":6,"2017-02-22":5,"2017-02-23":1,"2017-02-24":14,"2017-02-25":26,"2017-02-26":0,"2017-02-27":1,"2017-02-28":19,"2017-03-01":9,"2017-03-02":1,"2017-03-03":2,"2017-03-04":0,"2017-03-05":5,"2017-03-06":4,"2017-03-07":3,"2017-03-08":1,"2017-03-09":5,"2017-03-10":5,"2017-03-11":3,"2017-03-12":7,"2017-03-13":3,"2017-03-14":4,"2017-03-15":1,"2017-03-16":4,"2017-03-17":3,"2017-03-18":0,"2017-03-19":5,"2017-03-20":2,"2017-03-21":6,"2017-03-22":17,"2017-03-23":3,"2017-03-24":4,"2017-03-25":1,"2017-03-26":0,"2017-03-27":53,"2017-03-28":5,"2017-03-29":2,"2017-03-30":3,"2017-03-31":2,"2017-04-01":0,"2017-04-02":4,"2017-04-03":0,"2017-04-04":1,"2017-04-05":2,"2017-04-06":1,"2017-04-07":4,"2017-04-08":0,"2017-04-09":1,"2017-04-10":2,"2017-04-11":6,"2017-04-12":6,"2017-04-13":14,"2017-04-14":3,"2017-04-15":11,"2017-04-16":10,"2017-04-17":43,"2017-04-18":4,"2017-04-19":2,"2017-04-20":4,"2017-04-21":11,"2017-04-22":11,"2017-04-23":5,"2017-04-24":0,"2017-04-25":3,"2017-04-26":5,"2017-04-27":3,"2017-04-28":5,"2017-04-29":2,"2017-04-30":3,"2017-05-01":0,"2017-05-02":0,"2017-05-03":1,"2017-05-04":0,"2017-05-05":1,"2017-05-06":3,"2017-05-07":0,"2017-05-08":5,"2017-05-09":0,"2017-05-10":8,"2017-05-11":5,"2017-05-12":0,"2017-05-13":0,"2017-05-14":0,"2017-05-15":1,"2017-05-16":0,"2017-05-17":1,"2017-05-18":3,"2017-05-19":4,"2017-05-20":1,"2017-05-21":1,"2017-05-22":6,"2017-05-23":0,"2017-05-24":0,"2017-05-25":2,"2017-05-26":0,"2017-05-27":0,"2017-05-28":0,"2017-05-29":0,"2017-05-30":0,"2017-05-31":7,"2017-06-01":0,"2017-06-02":5,"2017-06-03":0,"2017-06-04":5,"2017-06-05":13,"2017-06-06":2,"2017-06-07":7,"2017-06-08":16,"2017-06-09":7,"2017-06-10":2,"2017-06-11":1,"2017-06-12":1,"2017-06-13":4,"2017-06-14":0,"2017-06-15":1,"2017-06-16":1,"2017-06-17":0,"2017-06-18":0,"2017-06-19":14,"2017-06-20":1,"2017-06-21":24,"2017-06-22":18,"2017-06-23":5,"2017-06-24":3,"2017-06-25":0,"2017-06-26":1,"2017-06-27":0,"2017-06-28":0,"2017-06-29":0,"2017-06-30":0,"2017-07-01":0,"2017-07-02":1,"2017-07-03":2,"2017-07-04":0,"2017-07-05":0,"2017-07-06":5,"2017-07-07":0,"2017-07-08":3,"2017-07-09":1,"2017-07-10":2,"2017-07-11":0,"2017-07-12":3,"2017-07-13":3,"2017-07-14":2,"2017-07-15":4,"2017-07-16":1,"2017-07-17":6,"2017-07-18":14,"2017-07-19":5,"2017-07-20":23,"2017-07-21":8,"2017-07-22":3,"2017-07-23":2,"2017-07-24":6,"2017-07-25":4,"2017-07-26":4,"2017-07-27":6,"2017-07-28":4,"2017-07-29":4,"2017-07-30":0,"2017-07-31":0,"2017-08-01":0,"2017-08-02":1,"2017-08-03":1,"2017-08-04":0,"2017-08-05":1,"2017-08-06":6,"2017-08-07":1,"2017-08-08":40,"2017-08-09":1,"2017-08-10":1,"2017-08-11":6,"2017-08-12":0,"2017-08-13":1,"2017-08-14":3,"2017-08-15":6,"2017-08-16":10,"2017-08-17":3,"2017-08-18":7,"2017-08-19":5,"2017-08-20":8,"2017-08-21":1,"2017-08-22":2,"2017-08-23":2,"2017-08-24":2,"2017-08-25":2,"2017-08-26":4,"2017-08-27":4,"2017-08-28":0,"2017-08-29":1,"2017-08-30":1,"2017-08-31":1,"2017-09-01":0,"2017-09-02":2,"2017-09-03":0,"2017-09-04":0,"2017-09-05":15,"2017-09-06":2,"2017-09-07":0,"2017-09-08":0,"2017-09-09":3,"2017-09-10":0,"2017-09-11":19,"2017-09-12":0,"2017-09-13":1,"2017-09-14":10,"2017-09-15":3,"2017-09-16":3,"2017-09-17":8,"2017-09-18":0,"2017-09-19":0,"2017-09-20":1,"2017-09-21":0,"2017-09-22":2,"2017-09-23":0,"2017-09-24":48,"2017-09-25":0,"2017-09-26":1,"2017-09-27":1,"2017-09-28":4,"2017-09-29":31,"2017-09-30":0,"2017-10-01":0,"2017-10-02":2,"2017-10-03":47,"2017-10-04":0,"2017-10-05":22,"2017-10-06":0,"2017-10-07":2,"2017-10-08":1,"2017-10-09":1,"2017-10-10":0,"2017-10-11":0,"2017-10-12":0,"2017-10-13":2,"2017-10-14":0,"2017-10-15":0,"2017-10-16":0,"2017-10-17":0,"2017-10-18":35,"2017-10-19":14,"2017-10-20":4,"2017-10-21":2,"2017-10-22":5,"2017-10-23":1,"2017-10-24":0,"2017-10-25":0,"2017-10-26":2,"2017-10-27":4,"2017-10-28":12,"2017-10-29":6,"2017-10-30":1,"2017-10-31":2,"2017-11-01":3,"2017-11-02":5,"2017-11-03":1,"2017-11-04":0,"2017-11-05":1,"2017-11-06":15,"2017-11-07":4,"2017-11-08":0,"2017-11-09":0,"2017-11-10":0,"2017-11-11":6,"2017-11-12":0,"2017-11-13":8,"2017-11-14":0,"2017-11-15":0,"2017-11-16":1,"2017-11-17":1,"2017-11-18":20,"2017-11-19":0,"2017-11-20":0,"2017-11-21":4},"unique_screenname":731,"dev":{"Iphone":113,"Android":598,"Web":236,"Blackberry":9},"loc":{"Jakarta":361,"Depok":23,"Bogor":1,"Tangerang":34,"Bekasi":42},"sentimen":{"goodwords":0.02,"badwords":0,"netral":99.97},"ER":0,"ER_daily":{"2017-01-01":0,"2017-01-02":0,"2017-01-03":0,"2017-01-04":0,"2017-01-05":0,"2017-01-06":0,"2017-01-07":0,"2017-01-08":0,"2017-01-09":0,"2017-01-10":0,"2017-01-11":0,"2017-01-12":0,"2017-01-13":0,"2017-01-14":0,"2017-01-15":0,"2017-01-16":0,"2017-01-17":0,"2017-01-18":0,"2017-01-19":0,"2017-01-20":0,"2017-01-21":0,"2017-01-22":0,"2017-01-23":0,"2017-01-24":0,"2017-01-25":0,"2017-01-26":0,"2017-01-27":0,"2017-01-28":0,"2017-01-29":0,"2017-01-30":0,"2017-01-31":0,"2017-02-01":0,"2017-02-02":0,"2017-02-03":0,"2017-02-04":0,"2017-02-05":0,"2017-02-06":0,"2017-02-07":0,"2017-02-08":0,"2017-02-09":0,"2017-02-10":0,"2017-02-11":0,"2017-02-12":0,"2017-02-13":0,"2017-02-14":0,"2017-02-15":0,"2017-02-16":0,"2017-02-17":0,"2017-02-18":0,"2017-02-19":0,"2017-02-20":0,"2017-02-21":0,"2017-02-22":0,"2017-02-23":0,"2017-02-24":0,"2017-02-25":0,"2017-02-26":0,"2017-02-27":0,"2017-02-28":0,"2017-03-01":0,"2017-03-02":0,"2017-03-03":0,"2017-03-04":0,"2017-03-05":0,"2017-03-06":0,"2017-03-07":0,"2017-03-08":0,"2017-03-09":0,"2017-03-10":0,"2017-03-11":0,"2017-03-12":0,"2017-03-13":0,"2017-03-14":0,"2017-03-15":0,"2017-03-16":0,"2017-03-17":0,"2017-03-18":0,"2017-03-19":0,"2017-03-20":0,"2017-03-21":0,"2017-03-22":0,"2017-03-23":0,"2017-03-24":0,"2017-03-25":0,"2017-03-26":0,"2017-03-27":0,"2017-03-28":0,"2017-03-29":0,"2017-03-30":0,"2017-03-31":0,"2017-04-01":0,"2017-04-02":0,"2017-04-03":0,"2017-04-04":0,"2017-04-05":0,"2017-04-06":0,"2017-04-07":0,"2017-04-08":0,"2017-04-09":0,"2017-04-10":0,"2017-04-11":0,"2017-04-12":0,"2017-04-13":0,"2017-04-14":0,"2017-04-15":0,"2017-04-16":0,"2017-04-17":0,"2017-04-18":0,"2017-04-19":0,"2017-04-20":0,"2017-04-21":0,"2017-04-22":0,"2017-04-23":0,"2017-04-24":0,"2017-04-25":0,"2017-04-26":0,"2017-04-27":0,"2017-04-28":0,"2017-04-29":0,"2017-04-30":0,"2017-05-01":0,"2017-05-02":0,"2017-05-03":0,"2017-05-04":0,"2017-05-05":0,"2017-05-06":0,"2017-05-07":0,"2017-05-08":0,"2017-05-09":0,"2017-05-10":0,"2017-05-11":0,"2017-05-12":0,"2017-05-13":0,"2017-05-14":0,"2017-05-15":0,"2017-05-16":0,"2017-05-17":0,"2017-05-18":0,"2017-05-19":0,"2017-05-20":0,"2017-05-21":0,"2017-05-22":0,"2017-05-23":0,"2017-05-24":0,"2017-05-25":0,"2017-05-26":0,"2017-05-27":0,"2017-05-28":0,"2017-05-29":0,"2017-05-30":0,"2017-05-31":0,"2017-06-01":0,"2017-06-02":0,"2017-06-03":0,"2017-06-04":0,"2017-06-05":0,"2017-06-06":0,"2017-06-07":0,"2017-06-08":0,"2017-06-09":0,"2017-06-10":0,"2017-06-11":0,"2017-06-12":0,"2017-06-13":0,"2017-06-14":0,"2017-06-15":0,"2017-06-16":0,"2017-06-17":0,"2017-06-18":0,"2017-06-19":0,"2017-06-20":0,"2017-06-21":0,"2017-06-22":0,"2017-06-23":0,"2017-06-24":0,"2017-06-25":0,"2017-06-26":0,"2017-06-27":0,"2017-06-28":0,"2017-06-29":0,"2017-06-30":0,"2017-07-01":0,"2017-07-02":0,"2017-07-03":0,"2017-07-04":0,"2017-07-05":0,"2017-07-06":0,"2017-07-07":0,"2017-07-08":0,"2017-07-09":0,"2017-07-10":0,"2017-07-11":0,"2017-07-12":0,"2017-07-13":0,"2017-07-14":0,"2017-07-15":0,"2017-07-16":0,"2017-07-17":0,"2017-07-18":0,"2017-07-19":0,"2017-07-20":0,"2017-07-21":0,"2017-07-22":0,"2017-07-23":0,"2017-07-24":0,"2017-07-25":0,"2017-07-26":0,"2017-07-27":0,"2017-07-28":0,"2017-07-29":0,"2017-07-30":0,"2017-07-31":0,"2017-08-01":0,"2017-08-02":0,"2017-08-03":0,"2017-08-04":0,"2017-08-05":0,"2017-08-06":0,"2017-08-07":0,"2017-08-08":0,"2017-08-09":0,"2017-08-10":0,"2017-08-11":0,"2017-08-12":0,"2017-08-13":0,"2017-08-14":0,"2017-08-15":0,"2017-08-16":0,"2017-08-17":0,"2017-08-18":0,"2017-08-19":0,"2017-08-20":0,"2017-08-21":0,"2017-08-22":0,"2017-08-23":0,"2017-08-24":0,"2017-08-25":0,"2017-08-26":0,"2017-08-27":0,"2017-08-28":0,"2017-08-29":0,"2017-08-30":0,"2017-08-31":0,"2017-09-01":0,"2017-09-02":0,"2017-09-03":0,"2017-09-04":0,"2017-09-05":0,"2017-09-06":0,"2017-09-07":0,"2017-09-08":0,"2017-09-09":0,"2017-09-10":0,"2017-09-11":0,"2017-09-12":0,"2017-09-13":0,"2017-09-14":0,"2017-09-15":0,"2017-09-16":0,"2017-09-17":0,"2017-09-18":0,"2017-09-19":0,"2017-09-20":0,"2017-09-21":0,"2017-09-22":0,"2017-09-23":0,"2017-09-24":0,"2017-09-25":0,"2017-09-26":0,"2017-09-27":0,"2017-09-28":0,"2017-09-29":0,"2017-09-30":0,"2017-10-01":0,"2017-10-02":0,"2017-10-03":0,"2017-10-04":0,"2017-10-05":0,"2017-10-06":0,"2017-10-07":0,"2017-10-08":0,"2017-10-09":0,"2017-10-10":0,"2017-10-11":0,"2017-10-12":0,"2017-10-13":0,"2017-10-14":0,"2017-10-15":0,"2017-10-16":0,"2017-10-17":0,"2017-10-18":0,"2017-10-19":0,"2017-10-20":0,"2017-10-21":0,"2017-10-22":0,"2017-10-23":0,"2017-10-24":0,"2017-10-25":0,"2017-10-26":0,"2017-10-27":0,"2017-10-28":0,"2017-10-29":0,"2017-10-30":0,"2017-10-31":0,"2017-11-01":0,"2017-11-02":0,"2017-11-03":0,"2017-11-04":0,"2017-11-05":0,"2017-11-06":0,"2017-11-07":0,"2017-11-08":0,"2017-11-09":0,"2017-11-10":0,"2017-11-11":0,"2017-11-12":0,"2017-11-13":0,"2017-11-14":0,"2017-11-15":0,"2017-11-16":0,"2017-11-17":0,"2017-11-18":0,"2017-11-19":0,"2017-11-20":0,"2017-11-21":0}}}
