2017-09-22 05:00:08	worker	@987genfm;2017-09-20 - 2017-09-20;submitSocial;all;arwin
2017-09-22 05:00:10	worker	@101jakfm;2017-09-20 - 2017-09-20;submitSocial;all;arwin
2017-09-22 05:00:13	worker	@prambors;2017-09-20 - 2017-09-20;submitSocial;all;arwin
2017-09-22 05:00:16	worker	@hardrockfm;2017-09-20 - 2017-09-20;submitSocial;all;arwin
2017-09-22 05:00:18	worker	@kisfmjakarta;2017-09-20 - 2017-09-20;submitSocial;all;arwin
2017-09-22 05:00:21	worker	@delta_fm;2017-09-20 - 2017-09-20;submitSocial;all;arwin
2017-09-22 05:00:23	worker	@traxfmjkt;2017-09-20 - 2017-09-20;submitSocial;all;arwin
2017-09-22 05:00:25	worker	@iradiojakarta;2017-09-20 - 2017-09-20;submitSocial;all;arwin
2017-09-22 05:00:28	worker	@indika9160fm;2017-09-20 - 2017-09-20;submitSocial;all;arwin
2017-09-22 05:00:30	worker	@shellindonesia;2017-09-20 - 2017-09-20;submitSocial;all;arwin
2017-09-22 05:00:32	worker	@vpowerfans;2017-09-20 - 2017-09-20;submitSocial;all;arwin
2017-09-22 05:00:34	worker	@pertamaxind;2017-09-20 - 2017-09-20;submitSocial;all;arwin
2017-09-22 05:00:37	worker	@ptpertamina;2017-09-20 - 2017-09-20;submitSocial;all;arwin
2017-09-22 05:00:39	worker	@OZRadioJakarta;2017-09-20 - 2017-09-20;submitSocial;all;arwin
2017-09-22 05:00:41	worker	@CosmopolitanFM;2017-09-20 - 2017-09-20;submitSocial;all;arwin
2017-09-22 05:00:44	worker	@mustang88fm;2017-09-20 - 2017-09-20;submitSocial;all;arwin
2017-09-22 05:00:46	worker	@debabaz;2017-09-20 - 2017-09-20;submitSocial;all;arwin
2017-09-22 05:00:49	worker	@detikcom;2017-09-20 - 2017-09-20;submitSocial;all;arwin
2017-09-22 05:00:52	worker	@radioelshinta;2017-09-20 - 2017-09-20;submitSocial;all;arwin
2017-09-22 05:00:54	worker	@cinema21;2017-09-20 - 2017-09-20;submitSocial;all;arwin
2017-09-22 05:00:58	worker	@OfficialRCTI;2017-09-20 - 2017-09-20;submitSocial;all;arwin
2017-09-22 05:01:01	worker	@TRANSTV_CORP;2017-09-20 - 2017-09-20;submitSocial;all;arwin
2017-09-22 05:01:03	worker	@TRANS7;2017-09-20 - 2017-09-20;submitSocial;all;arwin
2017-09-22 05:01:06	worker	@Metro_TV;2017-09-20 - 2017-09-20;submitSocial;all;arwin
2017-09-22 05:01:09	worker	@tvOneNews;2017-09-20 - 2017-09-20;submitSocial;all;arwin
2017-09-22 05:01:12	worker	@whatsonANTV;2017-09-20 - 2017-09-20;submitSocial;all;arwin
2017-09-22 05:01:14	worker	@SCTV_;2017-09-20 - 2017-09-20;submitSocial;all;arwin
2017-09-22 05:01:18	worker	@KompasTV;2017-09-20 - 2017-09-20;submitSocial;all;arwin
2017-09-22 05:01:20	worker	@netmediatama;2017-09-20 - 2017-09-20;submitSocial;all;arwin
2017-09-22 05:01:23	worker	@Globaltvseru;2017-09-20 - 2017-09-20;submitSocial;all;arwin
2017-09-22 05:01:25	worker	@JaktvCom;2017-09-20 - 2017-09-20;submitSocial;all;arwin
2017-09-22 05:01:29	worker	@TVRINasional;2017-09-20 - 2017-09-20;submitSocial;all;arwin
2017-09-22 05:01:31	worker	@ochannelupdates;2017-09-20 - 2017-09-20;submitSocial;all;arwin
2017-09-22 05:01:34	worker	@IndosiarID;2017-09-20 - 2017-09-20;submitSocial;all;arwin
2017-09-22 05:01:38	worker	@kompascom;2017-09-20 - 2017-09-20;submitSocial;all;arwin
2017-09-22 05:01:40	worker	@merdekadotcom;2017-09-20 - 2017-09-20;submitSocial;all;arwin
2017-09-22 05:01:43	worker	@MIdotcom;2017-09-20 - 2017-09-20;submitSocial;all;arwin
2017-09-22 05:01:45	worker	@tempodotco;2017-09-20 - 2017-09-20;submitSocial;all;arwin
2017-09-22 05:01:47	worker	@motion975fm;2017-09-20 - 2017-09-20;submitSocial;all;arwin
2017-09-22 05:01:50	worker	@_radiotoday;2017-09-20 - 2017-09-20;submitSocial;all;arwin
2017-09-22 05:01:52	worker	@radioinfo;2017-09-20 - 2017-09-20;submitSocial;all;arwin
2017-09-22 05:01:54	worker	@979FeMaleRadio;2017-09-20 - 2017-09-20;submitSocial;all;arwin
2017-09-22 05:01:56	worker	@WomanRadio943FM;2017-09-20 - 2017-09-20;submitSocial;all;arwin
2017-09-22 05:01:58	worker	@VRadioFM;2017-09-20 - 2017-09-20;submitSocial;all;arwin
2017-09-22 05:02:00	worker	@UFM947;2017-09-20 - 2017-09-20;submitSocial;all;arwin
2017-09-22 05:02:02	worker	@VIVAnews;2017-09-20 - 2017-09-20;submitSocial;all;arwin
2017-09-22 05:02:05	worker	@antaranews;2017-09-20 - 2017-09-20;submitSocial;all;arwin
2017-09-22 05:02:07	worker	@tribunnews;2017-09-20 - 2017-09-20;submitSocial;all;arwin
2017-09-22 05:02:10	worker	@okezonenews;2017-09-20 - 2017-09-20;submitSocial;all;arwin
2017-09-22 05:02:13	worker	@Beritasatu;2017-09-20 - 2017-09-20;submitSocial;all;arwin
2017-09-22 05:02:15	worker	@rollingstoneina;2017-09-20 - 2017-09-20;submitSocial;all;arwin
2017-09-22 05:02:17	worker	@FIMELAdotcom;2017-09-20 - 2017-09-20;submitSocial;all;arwin
2017-09-22 05:02:20	worker	@KapanLagicom;2017-09-20 - 2017-09-20;submitSocial;all;arwin
2017-09-22 05:02:22	worker	@KompasEnt ;2017-09-20 - 2017-09-20;submitSocial;all;arwin
2017-09-22 05:02:24	worker	@HaiMagazine;2017-09-20 - 2017-09-20;submitSocial;all;arwin
2017-09-22 05:02:26	worker	@JakartaVenue;2017-09-20 - 2017-09-20;submitSocial;all;arwin
2017-09-22 05:02:28	worker	@SeputarEvent;2017-09-20 - 2017-09-20;submitSocial;all;arwin
2017-09-22 05:02:31	worker	@ismayaLive;2017-09-20 - 2017-09-20;submitSocial;all;arwin
2017-09-22 05:02:33	worker	@ECEntertainment;2017-09-20 - 2017-09-20;submitSocial;all;arwin
2017-09-22 05:02:35	worker	@synergism_En;2017-09-20 - 2017-09-20;submitSocial;all;arwin
2017-09-22 05:02:37	worker	@Urbanbandung;2017-09-20 - 2017-09-20;submitSocial;all;arwin
2017-09-22 05:02:39	worker	@Urbanrkm995;2017-09-20 - 2017-09-20;submitSocial;all;arwin
2017-09-22 05:02:41	worker	@Garuda_Promo;2017-09-20 - 2017-09-20;submitSocial;all;arwin
2017-09-22 05:02:43	worker	@AirAsiaID;2017-09-20 - 2017-09-20;submitSocial;all;arwin
2017-09-22 05:02:46	worker	@KAI121;2017-09-20 - 2017-09-20;submitSocial;all;arwin
2017-09-22 05:02:48	worker	@Unilever;2017-09-20 - 2017-09-20;submitSocial;all;arwin
2017-09-22 05:02:52	worker	@Nestle;2017-09-20 - 2017-09-20;submitSocial;all;arwin
2017-09-22 05:02:55	worker	@CocaCola;2017-09-20 - 2017-09-20;submitSocial;all;arwin
2017-09-22 05:03:02	worker	@CNN;2017-09-20 - 2017-09-20;submitSocial;all;arwin
2017-09-22 05:03:07	worker	@MTV;2017-09-20 - 2017-09-20;submitSocial;all;arwin
2017-09-22 05:03:09	worker	@channelv;2017-09-20 - 2017-09-20;submitSocial;all;arwin
2017-09-22 05:03:12	worker	@iTunesMusic;2017-09-20 - 2017-09-20;submitSocial;all;arwin
2017-09-22 05:03:16	worker	@mashable;2017-09-20 - 2017-09-20;submitSocial;all;arwin
2017-09-22 05:03:18	worker	@decacaz;2017-09-20 - 2017-09-20;submitSocial;all;arwin
2017-09-22 05:03:20	worker	@radiobaru967FM;2017-09-20 - 2017-09-20;submitSocial;all;arwin
2017-09-22 05:03:22	worker	@967HitzFM;2017-09-20 - 2017-09-20;submitSocial;all;arwin
2017-09-22 05:03:25	worker	@TVGuide;2017-09-20 - 2017-09-20;submitSocial;all;arwin
2017-09-22 05:03:27	worker	@XL123;2017-09-20 - 2017-09-20;submitSocial;all;arwin
2017-09-22 05:03:29	worker	@triindonesia;2017-09-20 - 2017-09-20;submitSocial;all;arwin
2017-09-22 05:03:32	worker	@kaskus;2017-09-20 - 2017-09-20;submitSocial;all;arwin
2017-09-22 05:03:34	worker	@Studio_XXI;2017-09-20 - 2017-09-20;submitSocial;all;arwin
2017-09-22 05:03:36	worker	@blitzmegaplex;2017-09-20 - 2017-09-20;submitSocial;all;arwin
2017-09-22 05:03:38	worker	@alfamartku;2017-09-20 - 2017-09-20;submitSocial;all;arwin
2017-09-22 05:03:40	worker	@Carrefour_ID;2017-09-20 - 2017-09-20;submitSocial;all;arwin
2017-09-22 05:03:44	worker	@BBCBreaking;2017-09-20 - 2017-09-20;submitSocial;all;arwin
2017-09-22 05:03:52	worker	@Forbes;2017-09-20 - 2017-09-20;submitSocial;all;arwin
2017-09-22 05:03:55	worker	@BensRadio;2017-09-20 - 2017-09-20;submitSocial;all;arwin
2017-09-22 05:04:01	worker	@instagram;2017-09-20 - 2017-09-20;submitSocial;all;arwin
2017-09-22 05:04:04	worker	@Pinterest;2017-09-20 - 2017-09-20;submitSocial;all;arwin
2017-09-22 05:04:13	worker	@google;2017-09-20 - 2017-09-20;submitSocial;all;arwin
2017-09-22 05:04:15	worker	@Pertaminalub;2017-09-20 - 2017-09-20;submitSocial;all;arwin
2017-09-22 05:04:17	worker	@InfoLalinTol;2017-09-20 - 2017-09-20;submitSocial;all;arwin
2017-09-22 05:04:20	worker	@PTJASAMARGA;2017-09-20 - 2017-09-20;submitSocial;all;arwin
2017-09-22 05:04:22	worker	@cititransindo;2017-09-20 - 2017-09-20;submitSocial;all;arwin
2017-09-22 05:04:24	worker	#semangatpagisuperr;2017-09-20 - 2017-09-20;submitSocial;all;arwin
2017-09-22 05:04:26	worker	#genkuisinsideout;2017-09-20 - 2017-09-20;submitSocial;all;arwin
2017-09-22 05:04:28	worker	#semangatpagi;2017-09-20 - 2017-09-20;submitSocial;all;arwin
2017-09-22 05:04:30	worker	#dikamar;2017-09-20 - 2017-09-20;submitSocial;all;arwin
2017-09-22 05:04:33	worker	#kopaja;2017-09-20 - 2017-09-20;submitSocial;all;arwin
2017-09-22 05:04:34	worker	#generaksi8;2017-09-20 - 2017-09-20;submitSocial;all;arwin
2017-09-22 05:04:37	worker	#hitztsp;2017-09-20 - 2017-09-20;submitSocial;all;arwin
2017-09-22 05:04:40	worker	#np;2017-09-20 - 2017-09-20;submitSocial;all;arwin
2017-09-22 05:04:42	worker	#hitzlivestage;2017-09-20 - 2017-09-20;submitSocial;all;arwin
2017-09-22 05:04:44	worker	#thefreaks;2017-09-20 - 2017-09-20;submitSocial;all;arwin
2017-09-22 05:04:46	worker	#hitzsirkuspagi;2017-09-20 - 2017-09-20;submitSocial;all;arwin
2017-09-22 05:04:48	worker	#hitzathlon;2017-09-20 - 2017-09-20;submitSocial;all;arwin
2017-09-22 05:04:51	worker	#hitzzombie;2017-09-20 - 2017-09-20;submitSocial;all;arwin
2017-09-22 05:04:53	worker	#hitzkalong;2017-09-20 - 2017-09-20;submitSocial;all;arwin
2017-09-22 05:04:55	worker	#hitzbebas;2017-09-20 - 2017-09-20;submitSocial;all;arwin
2017-09-22 05:04:57	worker	#hitzhorehara;2017-09-20 - 2017-09-20;submitSocial;all;arwin
2017-09-22 05:04:59	worker	@ZaloraID;2017-09-20 - 2017-09-20;submitSocial;all;arwin
2017-09-22 05:05:01	worker	@OLX_Indonesia;2017-09-20 - 2017-09-20;submitSocial;all;arwin
2017-09-22 05:05:05	worker	@LazadaID;2017-09-20 - 2017-09-20;submitSocial;all;arwin
2017-09-22 05:05:08	worker	@utrippers;2017-09-20 - 2017-09-20;submitSocial;all;arwin
2017-09-22 05:05:10	worker	@GoGobot;2017-09-20 - 2017-09-20;submitSocial;all;arwin
2017-09-22 05:05:13	worker	@viatortravel;2017-09-20 - 2017-09-20;submitSocial;all;arwin
2017-09-22 05:05:15	worker	@alandakariza;2017-09-20 - 2017-09-20;submitSocial;all;arwin
2017-09-22 05:05:17	worker	@gagasmedia;2017-09-20 - 2017-09-20;submitSocial;all;arwin
2017-09-22 05:05:20	worker	@welovehonda;2017-09-20 - 2017-09-20;submitSocial;all;arwin
2017-09-22 05:05:22	worker	@SuzukiMotorID;2017-09-20 - 2017-09-20;submitSocial;all;arwin
2017-09-22 05:05:24	worker	@kawasakilovers;2017-09-20 - 2017-09-20;submitSocial;all;arwin
2017-09-22 05:05:26	worker	@yamahaindonesia;2017-09-20 - 2017-09-20;submitSocial;all;arwin
2017-09-22 05:05:29	worker	@tripanzee;2017-09-20 - 2017-09-20;submitSocial;all;arwin
2017-09-22 05:05:31	worker	@arnoldpoernomo;2017-09-20 - 2017-09-20;submitSocial;all;arwin
2017-09-22 05:05:33	worker	@nicsap;2017-09-20 - 2017-09-20;submitSocial;all;arwin
2017-09-22 05:05:35	worker	@tiket2;2017-09-20 - 2017-09-20;submitSocial;all;arwin
2017-09-22 05:05:38	worker	@traveloka;2017-09-20 - 2017-09-20;submitSocial;all;arwin
2017-09-22 05:05:41	worker	@wego;2017-09-20 - 2017-09-20;submitSocial;all;arwin
2017-09-22 05:05:43	worker	@agoda;2017-09-20 - 2017-09-20;submitSocial;all;arwin
2017-09-22 05:05:45	worker	#salahsambung;2017-09-20 - 2017-09-20;submitSocial;all;arwin
2017-09-22 05:05:48	worker	#tulalit;2017-09-20 - 2017-09-20;submitSocial;all;arwin
2017-09-22 05:05:50	worker	#pestageneraksi8;2017-09-20 - 2017-09-20;submitSocial;all;arwin
2017-09-22 05:05:52	worker	#ganaskustik;2017-09-20 - 2017-09-20;submitSocial;all;arwin
2017-09-22 05:05:54	worker	#lnhot20;2017-09-20 - 2017-09-20;submitSocial;all;arwin
2017-09-22 05:05:56	worker	@TripAdvisor;2017-09-20 - 2017-09-20;submitSocial;all;arwin
2017-09-22 05:06:05	worker	@google;2017-09-20 - 2017-09-20;submitSocial;all;arwin
2017-09-22 05:06:08	worker	@Telkomsel;2017-09-20 - 2017-09-20;submitSocial;all;arwin
2017-09-22 05:06:10	worker	@indosat;2017-09-20 - 2017-09-20;submitSocial;all;arwin
2017-09-22 05:06:13	worker	@bahanafmjkt;2017-09-20 - 2017-09-20;submitSocial;all;2017-09-22 05:06:17	worker	@sonorafm92;2017-09-20 - 2017-09-20;submitSocial;all;arwin
2017-09-22 05:06:19	worker	@litefm1058;2017-09-20 - 2017-09-20;submitSocial;all;arwin
2017-09-22 05:06:21	worker	@Bravaradio;2017-09-20 - 2017-09-20;submitSocial;all;arwin
2017-09-22 05:06:24	worker	#dgitm;2017-09-20 - 2017-09-20;submitSocial;all;arwin
2017-09-22 05:06:26	worker	#hitsalaprambors;2017-09-20 - 2017-09-20;submitSocial;all;arwin
2017-09-22 05:06:28	worker	#reqprambors;2017-09-20 - 2017-09-20;submitSocial;all;arwin
2017-09-22 05:06:30	worker	#thedandees;2017-09-20 - 2017-09-20;submitSocial;all;arwin
2017-09-22 05:06:32	worker	#pramborsquiz;2017-09-20 - 2017-09-20;submitSocial;all;arwin
2017-09-22 05:06:34	worker	#jeliprambors;2017-09-20 - 2017-09-20;submitSocial;all;arwin
2017-09-22 05:06:36	worker	#jodohinprambors;2017-09-20 - 2017-09-20;submitSocial;all;arwin
2017-09-22 05:06:38	worker	#ubahdenganbicara;2017-09-20 - 2017-09-20;submitSocial;all;arwin
2017-09-22 05:06:40	worker	#pramborschat;2017-09-20 - 2017-09-20;submitSocial;all;arwin
2017-09-22 05:06:42	worker	#tweetforduit;2017-09-20 - 2017-09-20;submitSocial;all;arwin
2017-09-22 05:06:44	worker	#joki3in1;2017-09-20 - 2017-09-20;submitSocial;all;arwin
2017-09-22 05:06:46	worker	#sarapanseru;2017-09-20 - 2017-09-20;submitSocial;all;arwin
2017-09-22 05:06:48	worker	#rawonkaneloop;2017-09-20 - 2017-09-20;submitSocial;all;arwin
2017-09-22 05:06:50	worker	#gudegkendilkeraton;2017-09-20 - 2017-09-20;submitSocial;all;arwin
2017-09-22 05:06:52	worker	#gadogadobutika;2017-09-20 - 2017-09-20;submitSocial;all;arwin
2017-09-22 05:06:54	worker	#mtvhottest;2017-09-20 - 2017-09-20;submitSocial;all;arwin
2017-09-22 05:06:56	worker	#dimsumcjdw;2017-09-20 - 2017-09-20;submitSocial;all;arwin
2017-09-22 05:06:58	worker	#pecelmadiunmbakniek;2017-09-20 - 2017-09-20;submitSocial;all;arwin
2017-09-22 05:07:00	worker	#depotarema;2017-09-20 - 2017-09-20;submitSocial;all;arwin
2017-09-22 05:07:02	worker	@BNI46;2017-09-20 - 2017-09-20;submitSocial;all;arwin
2017-09-22 05:07:05	worker	@BANKBRI_ID;2017-09-20 - 2017-09-20;submitSocial;all;arwin
2017-09-22 05:07:07	worker	#bni46;2017-09-20 - 2017-09-20;submitSocial;all;arwin
2017-09-22 05:07:12	worker	macet;2017-09-20 - 2017-09-20;submitSocial;all;arwin
2017-09-22 05:07:15	worker	#selamatpagi;2017-09-20 - 2017-09-20;submitSocial;all;arwin
2017-09-22 05:07:17	worker	#selamatmalam;2017-09-20 - 2017-09-20;submitSocial;all;arwin
2017-09-22 05:07:19	worker	@884GlobalRadio;2017-09-20 - 2017-09-20;submitSocial;all;arwin
2017-09-22 05:07:21	worker	@day_trans;2017-09-20 - 2017-09-20;submitSocial;all;arwin
2017-09-22 05:07:23	worker	@kencanavoyage;2017-09-20 - 2017-09-20;submitSocial;all;arwin
2017-09-22 05:07:26	worker	@jukebox5d;2017-09-20 - 2017-09-20;submitSocial;all;arwin
2017-09-22 05:07:28	worker	#mtvhottest;2017-09-20 - 2017-09-20;submitSocial;all;arwin
2017-09-22 05:07:30	worker	#semangatpagi;2017-09-20 - 2017-09-20;submitSocial;all;arwin
2017-09-22 05:07:32	worker	lifebuoy;2017-09-20 - 2017-09-20;submitSocial;all;arwin
2017-09-22 05:07:38	worker	jokowi;2017-09-20 - 2017-09-20;submitSocial;all;arwin
2017-09-22 05:07:48	worker	obama;2017-09-20 - 2017-09-20;submitSocial;all;arwin
2017-09-22 05:07:50	worker	starwars;2017-09-20 - 2017-09-20;submitSocial;all;arwin
2017-09-22 05:07:54	worker	jonan;2017-09-20 - 2017-09-20;submitSocial;all;arwin
2017-09-22 05:08:03	worker	pagi;2017-09-20 - 2017-09-20;submitSocial;all;arwin
2017-09-22 05:08:05	worker	sampoerna;2017-09-20 - 2017-09-20;submitSocial;all;arwin
2017-09-22 05:08:08	worker	djarum;2017-09-20 - 2017-09-20;submitSocial;all;arwin
2017-09-22 05:08:10	worker	#semangatpagi;2017-09-20 - 2017-09-20;submitSocial;all;arwin
2017-09-22 05:08:12	worker	#generaksi8;2017-09-20 - 2017-09-20;submitSocial;all;arwin
2017-09-22 05:08:14	worker	#365alasan;2017-09-20 - 2017-09-20;submitSocial;all;arwin
2017-09-22 05:08:17	worker	weew;2017-09-20 - 2017-09-20;submitSocial;all;arwin
2017-09-22 05:08:24	worker	testing;2017-09-20 - 2017-09-20;submitSocial;all;arwin
2017-09-22 05:08:26	worker	#kopaja;2017-09-20 - 2017-09-20;submitSocial;all;arwin
2017-09-22 05:08:28	worker	#genkuisinsideout;2017-09-20 - 2017-09-20;submitSocial;all;arwin
2017-09-22 05:08:31	worker	starwars;2017-09-20 - 2017-09-20;submitSocial;all;arwin
2017-09-22 05:08:33	worker	#kopaja;2017-09-20 - 2017-09-20;submitSocial;all;arwin
2017-09-22 05:08:36	worker	mldspot;2017-09-20 - 2017-09-20;submitSocial;all;arwin
2017-09-22 05:08:38	worker	PBDjarum;2017-09-20 - 2017-09-20;submitSocial;all;arwin
2017-09-22 05:08:41	worker	TemanNabati;2017-09-20 - 2017-09-20;submitSocial;all;arwin
2017-09-22 05:08:43	worker	Nextar;2017-09-20 - 2017-09-20;submitSocial;all;arwin
2017-09-22 05:08:46	worker	jokowo;2017-09-20 - 2017-09-20;submitSocial;all;arwin
2017-09-22 05:08:49	worker	prabowo;2017-09-20 - 2017-09-20;submitSocial;all;arwin
2017-09-22 05:08:52	worker	sudirman said;2017-09-20 - 2017-09-20;submitSocial;all;arwin
2017-09-22 05:08:55	worker	ahok;2017-09-20 - 2017-09-20;submitSocial;all;arwin
2017-09-22 05:08:57	worker	setyanovanto;2017-09-20 - 2017-09-20;submitSocial;all;arwin
2017-09-22 05:09:04	worker	jokowi;2017-09-20 - 2017-09-20;submitSocial;all;arwin
2017-09-22 05:09:08	worker	ahok;2017-09-20 - 2017-09-20;submitSocial;all;arwin
2017-09-22 05:09:11	worker	prabowo;2017-09-20 - 2017-09-20;submitSocial;all;arwin
2017-09-22 05:09:13	worker	sudirman said;2017-09-20 - 2017-09-20;submitSocial;all;arwin
2017-09-22 05:09:15	worker	setyanovanto;2017-09-20 - 2017-09-20;submitSocial;all;arwin
2017-09-22 05:09:18	worker	galau;2017-09-20 - 2017-09-20;submitSocial;all;arwin
2017-09-22 05:09:21	worker	#prestasiindonesia;2017-09-20 - 2017-09-20;submitSocial;all;arwin
2017-09-22 05:09:23	worker	@Tw_Debi;2017-09-20 - 2017-09-20;submitSocial;all;arwin
2017-09-22 05:09:25	worker	@OfficialFastron;2017-09-20 - 2017-09-20;submitSocial;all;arwin
2017-09-22 05:09:27	worker	@CitibankID;2017-09-20 - 2017-09-20;submitSocial;all;arwin
2017-09-22 05:09:30	worker	@jak101fm;2017-09-20 - 2017-09-20;submitSocial;all;arwin
2017-09-22 05:09:32	worker	@genfm;2017-09-20 - 2017-09-20;submitSocial;all;arwin
