2017-03-05 05:00:07	worker	@987genfm;2017-03-03 - 2017-03-03;submitSocial;all;arwin
2017-03-05 05:00:10	worker	@101jakfm;2017-03-03 - 2017-03-03;submitSocial;all;arwin
2017-03-05 05:00:13	worker	@prambors;2017-03-03 - 2017-03-03;submitSocial;all;arwin
2017-03-05 05:00:16	worker	@hardrockfm;2017-03-03 - 2017-03-03;submitSocial;all;arwin
2017-03-05 05:00:19	worker	@kisfmjakarta;2017-03-03 - 2017-03-03;submitSocial;all;arwin
2017-03-05 05:00:23	worker	@delta_fm;2017-03-03 - 2017-03-03;submitSocial;all;arwin
2017-03-05 05:00:26	worker	@traxfmjkt;2017-03-03 - 2017-03-03;submitSocial;all;arwin
2017-03-05 05:00:29	worker	@iradiojakarta;2017-03-03 - 2017-03-03;submitSocial;all;arwin
2017-03-05 05:00:32	worker	@indika9160fm;2017-03-03 - 2017-03-03;submitSocial;all;arwin
2017-03-05 05:00:34	worker	@shellindonesia;2017-03-03 - 2017-03-03;submitSocial;all;arwin
2017-03-05 05:00:37	worker	@vpowerfans;2017-03-03 - 2017-03-03;submitSocial;all;arwin
2017-03-05 05:00:40	worker	@pertamaxind;2017-03-03 - 2017-03-03;submitSocial;all;arwin
2017-03-05 05:00:43	worker	@ptpertamina;2017-03-03 - 2017-03-03;submitSocial;all;arwin
2017-03-05 05:00:46	worker	@OZRadioJakarta;2017-03-03 - 2017-03-03;submitSocial;all;arwin
2017-03-05 05:00:49	worker	@CosmopolitanFM;2017-03-03 - 2017-03-03;submitSocial;all;arwin
2017-03-05 05:00:52	worker	@mustang88fm;2017-03-03 - 2017-03-03;submitSocial;all;arwin
2017-03-05 05:00:54	worker	@debabaz;2017-03-03 - 2017-03-03;submitSocial;all;arwin
2017-03-05 05:00:58	worker	@detikcom;2017-03-03 - 2017-03-03;submitSocial;all;arwin
2017-03-05 05:01:01	worker	@radioelshinta;2017-03-03 - 2017-03-03;submitSocial;all;arwin
2017-03-05 05:01:04	worker	@cinema21;2017-03-03 - 2017-03-03;submitSocial;all;arwin
2017-03-05 05:01:07	worker	@OfficialRCTI;2017-03-03 - 2017-03-03;submitSocial;all;arwin
2017-03-05 05:01:10	worker	@TRANSTV_CORP;2017-03-03 - 2017-03-03;submitSocial;all;arwin
2017-03-05 05:01:13	worker	@TRANS7;2017-03-03 - 2017-03-03;submitSocial;all;arwin
2017-03-05 05:01:17	worker	@Metro_TV;2017-03-03 - 2017-03-03;submitSocial;all;arwin
2017-03-05 05:01:20	worker	@tvOneNews;2017-03-03 - 2017-03-03;submitSocial;all;arwin
2017-03-05 05:01:23	worker	@whatsonANTV;2017-03-03 - 2017-03-03;submitSocial;all;arwin
2017-03-05 05:01:27	worker	@SCTV_;2017-03-03 - 2017-03-03;submitSocial;all;arwin
2017-03-05 05:01:30	worker	@KompasTV;2017-03-03 - 2017-03-03;submitSocial;all;arwin
2017-03-05 05:01:33	worker	@netmediatama;2017-03-03 - 2017-03-03;submitSocial;all;arwin
2017-03-05 05:01:37	worker	@Globaltvseru;2017-03-03 - 2017-03-03;submitSocial;all;arwin
2017-03-05 05:01:40	worker	@JaktvCom;2017-03-03 - 2017-03-03;submitSocial;all;arwin
2017-03-05 05:01:43	worker	@TVRINasional;2017-03-03 - 2017-03-03;submitSocial;all;arwin
2017-03-05 05:01:46	worker	@ochannelupdates;2017-03-03 - 2017-03-03;submitSocial;all;arwin
2017-03-05 05:01:49	worker	@IndosiarID;2017-03-03 - 2017-03-03;submitSocial;all;arwin
2017-03-05 05:01:53	worker	@kompascom;2017-03-03 - 2017-03-03;submitSocial;all;arwin
2017-03-05 05:01:56	worker	@merdekadotcom;2017-03-03 - 2017-03-03;submitSocial;all;arwin
2017-03-05 05:01:59	worker	@MIdotcom;2017-03-03 - 2017-03-03;submitSocial;all;arwin
2017-03-05 05:02:02	worker	@tempodotco;2017-03-03 - 2017-03-03;submitSocial;all;arwin
2017-03-05 05:02:05	worker	@motion975fm;2017-03-03 - 2017-03-03;submitSocial;all;arwin
2017-03-05 05:02:08	worker	@_radiotoday;2017-03-03 - 2017-03-03;submitSocial;all;arwin
2017-03-05 05:02:11	worker	@radioinfo;2017-03-03 - 2017-03-03;submitSocial;all;arwin
2017-03-05 05:02:14	worker	@979FeMaleRadio;2017-03-03 - 2017-03-03;submitSocial;all;arwin
2017-03-05 05:02:16	worker	@WomanRadio943FM;2017-03-03 - 2017-03-03;submitSocial;all;arwin
2017-03-05 05:02:19	worker	@VRadioFM;2017-03-03 - 2017-03-03;submitSocial;all;arwin
2017-03-05 05:02:22	worker	@UFM947;2017-03-03 - 2017-03-03;submitSocial;all;arwin
2017-03-05 05:02:24	worker	@VIVAnews;2017-03-03 - 2017-03-03;submitSocial;all;arwin
2017-03-05 05:02:27	worker	@antaranews;2017-03-03 - 2017-03-03;submitSocial;all;arwin
2017-03-05 05:02:31	worker	@tribunnews;2017-03-03 - 2017-03-03;submitSocial;all;arwin
2017-03-05 05:02:34	worker	@okezonenews;2017-03-03 - 2017-03-03;submitSocial;all;arwin
2017-03-05 05:02:37	worker	@Beritasatu;2017-03-03 - 2017-03-03;submitSocial;all;arwin
2017-03-05 05:02:40	worker	@rollingstoneina;2017-03-03 - 2017-03-03;submitSocial;all;arwin
2017-03-05 05:02:43	worker	@FIMELAdotcom;2017-03-03 - 2017-03-03;submitSocial;all;arwin
2017-03-05 05:02:45	worker	@KapanLagicom;2017-03-03 - 2017-03-03;submitSocial;all;arwin
2017-03-05 05:02:48	worker	@KompasEnt ;2017-03-03 - 2017-03-03;submitSocial;all;arwin
2017-03-05 05:02:51	worker	@HaiMagazine;2017-03-03 - 2017-03-03;submitSocial;all;arwin
2017-03-05 05:02:54	worker	@JakartaVenue;2017-03-03 - 2017-03-03;submitSocial;all;arwin
2017-03-05 05:02:57	worker	@SeputarEvent;2017-03-03 - 2017-03-03;submitSocial;all;arwin
2017-03-05 05:02:59	worker	@ismayaLive;2017-03-03 - 2017-03-03;submitSocial;all;arwin
2017-03-05 05:03:02	worker	@ECEntertainment;2017-03-03 - 2017-03-03;submitSocial;all;arwin
2017-03-05 05:03:05	worker	@synergism_En;2017-03-03 - 2017-03-03;submitSocial;all;arwin
2017-03-05 05:03:07	worker	@Urbanbandung;2017-03-03 - 2017-03-03;submitSocial;all;arwin
2017-03-05 05:03:09	worker	@Urbanrkm995;2017-03-03 - 2017-03-03;submitSocial;all;arwin
2017-03-05 05:03:12	worker	@Garuda_Promo;2017-03-03 - 2017-03-03;submitSocial;all;arwin
2017-03-05 05:03:15	worker	@AirAsiaID;2017-03-03 - 2017-03-03;submitSocial;all;arwin
2017-03-05 05:03:17	worker	@KAI121;2017-03-03 - 2017-03-03;submitSocial;all;arwin
2017-03-05 05:03:21	worker	@Unilever;2017-03-03 - 2017-03-03;submitSocial;all;arwin
2017-03-05 05:03:24	worker	@Nestle;2017-03-03 - 2017-03-03;submitSocial;all;arwin
2017-03-05 05:03:28	worker	@CocaCola;2017-03-03 - 2017-03-03;submitSocial;all;arwin
2017-03-05 05:03:36	worker	@CNN;2017-03-03 - 2017-03-03;submitSocial;all;arwin
2017-03-05 05:03:40	worker	@MTV;2017-03-03 - 2017-03-03;submitSocial;all;arwin
2017-03-05 05:03:42	worker	@channelv;2017-03-03 - 2017-03-03;submitSocial;all;arwin
2017-03-05 05:03:45	worker	@iTunesMusic;2017-03-03 - 2017-03-03;submitSocial;all;arwin
2017-03-05 05:03:50	worker	@mashable;2017-03-03 - 2017-03-03;submitSocial;all;arwin
2017-03-05 05:03:52	worker	@decacaz;2017-03-03 - 2017-03-03;submitSocial;all;arwin
2017-03-05 05:03:55	worker	@radiobaru967FM;2017-03-03 - 2017-03-03;submitSocial;all;arwin
2017-03-05 05:03:58	worker	@967HitzFM;2017-03-03 - 2017-03-03;submitSocial;all;arwin
2017-03-05 05:04:01	worker	@TVGuide;2017-03-03 - 2017-03-03;submitSocial;all;arwin
2017-03-05 05:04:05	worker	@XL123;2017-03-03 - 2017-03-03;submitSocial;all;arwin
2017-03-05 05:04:08	worker	@triindonesia;2017-03-03 - 2017-03-03;submitSocial;all;arwin
2017-03-05 05:04:11	worker	@kaskus;2017-03-03 - 2017-03-03;submitSocial;all;arwin
2017-03-05 05:04:14	worker	@Studio_XXI;2017-03-03 - 2017-03-03;submitSocial;all;arwin
2017-03-05 05:04:16	worker	@blitzmegaplex;2017-03-03 - 2017-03-03;submitSocial;all;arwin
2017-03-05 05:04:19	worker	@alfamartku;2017-03-03 - 2017-03-03;submitSocial;all;arwin
2017-03-05 05:04:21	worker	@Carrefour_ID;2017-03-03 - 2017-03-03;submitSocial;all;arwin
2017-03-05 05:04:25	worker	@BBCBreaking;2017-03-03 - 2017-03-03;submitSocial;all;arwin
2017-03-05 05:04:32	worker	@Forbes;2017-03-03 - 2017-03-03;submitSocial;all;arwin
2017-03-05 05:04:35	worker	@BensRadio;2017-03-03 - 2017-03-03;submitSocial;all;arwin
2017-03-05 05:04:41	worker	@instagram;2017-03-03 - 2017-03-03;submitSocial;all;arwin
2017-03-05 05:04:45	worker	@Pinterest;2017-03-03 - 2017-03-03;submitSocial;all;arwin
2017-03-05 05:04:52	worker	@google;2017-03-03 - 2017-03-03;submitSocial;all;arwin
2017-03-05 05:04:55	worker	@Pertaminalub;2017-03-03 - 2017-03-03;submitSocial;all;arwin
2017-03-05 05:04:57	worker	@InfoLalinTol;2017-03-03 - 2017-03-03;submitSocial;all;arwin
2017-03-05 05:05:00	worker	@PTJASAMARGA;2017-03-03 - 2017-03-03;submitSocial;all;arwin
2017-03-05 05:05:03	worker	@cititransindo;2017-03-03 - 2017-03-03;submitSocial;all;arwin
2017-03-05 05:05:06	worker	#semangatpagisuperr;2017-03-03 - 2017-03-03;submitSocial;all;arwin
2017-03-05 05:05:08	worker	#genkuisinsideout;2017-03-03 - 2017-03-03;submitSocial;all;arwin
2017-03-05 05:05:11	worker	#semangatpagi;2017-03-03 - 2017-03-03;submitSocial;all;arwin
2017-03-05 05:05:14	worker	#dikamar;2017-03-03 - 2017-03-03;submitSocial;all;arwin
2017-03-05 05:05:17	worker	#kopaja;2017-03-03 - 2017-03-03;submitSocial;all;arwin
2017-03-05 05:05:19	worker	#generaksi8;2017-03-03 - 2017-03-03;submitSocial;all;arwin
2017-03-05 05:05:22	worker	#hitztsp;2017-03-03 - 2017-03-03;submitSocial;all;arwin
2017-03-05 05:05:26	worker	#np;2017-03-03 - 2017-03-03;submitSocial;all;arwin
2017-03-05 05:05:29	worker	#hitzlivestage;2017-03-03 - 2017-03-03;submitSocial;all;arwin
2017-03-05 05:05:32	worker	#thefreaks;2017-03-03 - 2017-03-03;submitSocial;all;arwin
2017-03-05 05:05:34	worker	#hitzsirkuspagi;2017-03-03 - 2017-03-03;submitSocial;all;arwin
2017-03-05 05:05:37	worker	#hitzathlon;2017-03-03 - 2017-03-03;submitSocial;all;arwin
2017-03-05 05:05:40	worker	#hitzzombie;2017-03-03 - 2017-03-03;submitSocial;all;arwin
2017-03-05 05:05:43	worker	#hitzkalong;2017-03-03 - 2017-03-03;submitSocial;all;arwin
2017-03-05 05:05:46	worker	#hitzbebas;2017-03-03 - 2017-03-03;submitSocial;all;arwin
2017-03-05 05:05:49	worker	#hitzhorehara;2017-03-03 - 2017-03-03;submitSocial;all;arwin
2017-03-05 05:05:51	worker	@ZaloraID;2017-03-03 - 2017-03-03;submitSocial;all;arwin
2017-03-05 05:05:54	worker	@OLX_Indonesia;2017-03-03 - 2017-03-03;submitSocial;all;arwin
2017-03-05 05:05:57	worker	@LazadaID;2017-03-03 - 2017-03-03;submitSocial;all;arwin
2017-03-05 05:06:00	worker	@utrippers;2017-03-03 - 2017-03-03;submitSocial;all;arwin
2017-03-05 05:06:03	worker	@GoGobot;2017-03-03 - 2017-03-03;submitSocial;all;arwin
2017-03-05 05:06:06	worker	@viatortravel;2017-03-03 - 2017-03-03;submitSocial;all;arwin
2017-03-05 05:06:09	worker	@alandakariza;2017-03-03 - 2017-03-03;submitSocial;all;arwin
2017-03-05 05:06:11	worker	@gagasmedia;2017-03-03 - 2017-03-03;submitSocial;all;arwin
2017-03-05 05:06:14	worker	@welovehonda;2017-03-03 - 2017-03-03;submitSocial;all;arwin
2017-03-05 05:06:17	worker	@SuzukiMotorID;2017-03-03 - 2017-03-03;submitSocial;all;arwin
2017-03-05 05:06:20	worker	@kawasakilovers;2017-03-03 - 2017-03-03;submitSocial;all;arwin
2017-03-05 05:06:22	worker	@yamahaindonesia;2017-03-03 - 2017-03-03;submitSocial;all;arwin
2017-03-05 05:06:25	worker	@tripanzee;2017-03-03 - 2017-03-03;submitSocial;all;arwin
2017-03-05 05:06:28	worker	@arnoldpoernomo;2017-03-03 - 2017-03-03;submitSocial;all;arwin
2017-03-05 05:06:31	worker	@nicsap;2017-03-03 - 2017-03-03;submitSocial;all;arwin
2017-03-05 05:06:33	worker	@tiket2;2017-03-03 - 2017-03-03;submitSocial;all;arwin
2017-03-05 05:06:36	worker	@traveloka;2017-03-03 - 2017-03-03;submitSocial;all;arwin
2017-03-05 05:06:40	worker	@wego;2017-03-03 - 2017-03-03;submitSocial;all;arwin
2017-03-05 05:06:44	worker	@agoda;2017-03-03 - 2017-03-03;submitSocial;all;arwin
2017-03-05 05:06:47	worker	#salahsambung;2017-03-03 - 2017-03-03;submitSocial;all;arwin
2017-03-05 05:06:50	worker	#tulalit;2017-03-03 - 2017-03-03;submitSocial;all;arwin
2017-03-05 05:06:52	worker	#pestageneraksi8;2017-03-03 - 2017-03-03;submitSocial;all;arwin
2017-03-05 05:06:54	worker	#ganaskustik;2017-03-03 - 2017-03-03;submitSocial;all;arwin
2017-03-05 05:06:57	worker	#lnhot20;2017-03-03 - 2017-03-03;submitSocial;all;arwin
2017-03-05 05:07:00	worker	@TripAdvisor;2017-03-03 - 2017-03-03;submitSocial;all;arwin
2017-03-05 05:07:07	worker	@google;2017-03-03 - 2017-03-03;submitSocial;all;arwin
2017-03-05 05:07:13	worker	@Telkomsel;2017-03-03 - 2017-03-03;submitSocial;all;arwin
2017-03-05 05:07:16	worker	@indosat;2017-03-03 - 2017-03-03;submitSocial;all;arwin
2017-03-05 05:07:20	worker	@bahanafmjkt;2017-03-03 - 2017-03-03;submitSocial;all;2017-03-05 05:07:24	worker	@sonorafm92;2017-03-03 - 2017-03-03;submitSocial;all;arwin
2017-03-05 05:07:26	worker	@litefm1058;2017-03-03 - 2017-03-03;submitSocial;all;arwin
2017-03-05 05:07:29	worker	@Bravaradio;2017-03-03 - 2017-03-03;submitSocial;all;arwin
2017-03-05 05:07:33	worker	#dgitm;2017-03-03 - 2017-03-03;submitSocial;all;arwin
2017-03-05 05:07:35	worker	#hitsalaprambors;2017-03-03 - 2017-03-03;submitSocial;all;arwin
2017-03-05 05:07:38	worker	#reqprambors;2017-03-03 - 2017-03-03;submitSocial;all;arwin
2017-03-05 05:07:41	worker	#thedandees;2017-03-03 - 2017-03-03;submitSocial;all;arwin
2017-03-05 05:07:43	worker	#pramborsquiz;2017-03-03 - 2017-03-03;submitSocial;all;arwin
2017-03-05 05:07:46	worker	#jeliprambors;2017-03-03 - 2017-03-03;submitSocial;all;arwin
2017-03-05 05:07:48	worker	#jodohinprambors;2017-03-03 - 2017-03-03;submitSocial;all;arwin
2017-03-05 05:07:50	worker	#ubahdenganbicara;2017-03-03 - 2017-03-03;submitSocial;all;arwin
2017-03-05 05:07:53	worker	#pramborschat;2017-03-03 - 2017-03-03;submitSocial;all;arwin
2017-03-05 05:07:56	worker	#tweetforduit;2017-03-03 - 2017-03-03;submitSocial;all;arwin
2017-03-05 05:07:58	worker	#joki3in1;2017-03-03 - 2017-03-03;submitSocial;all;arwin
2017-03-05 05:08:01	worker	#sarapanseru;2017-03-03 - 2017-03-03;submitSocial;all;arwin
2017-03-05 05:08:04	worker	#rawonkaneloop;2017-03-03 - 2017-03-03;submitSocial;all;arwin
2017-03-05 05:08:06	worker	#gudegkendilkeraton;2017-03-03 - 2017-03-03;submitSocial;all;arwin
2017-03-05 05:08:09	worker	#gadogadobutika;2017-03-03 - 2017-03-03;submitSocial;all;arwin
2017-03-05 05:08:12	worker	#mtvhottest;2017-03-03 - 2017-03-03;submitSocial;all;arwin
2017-03-05 05:08:15	worker	#dimsumcjdw;2017-03-03 - 2017-03-03;submitSocial;all;arwin
2017-03-05 05:08:17	worker	#pecelmadiunmbakniek;2017-03-03 - 2017-03-03;submitSocial;all;arwin
2017-03-05 05:08:20	worker	#depotarema;2017-03-03 - 2017-03-03;submitSocial;all;arwin
2017-03-05 05:08:23	worker	@BNI46;2017-03-03 - 2017-03-03;submitSocial;all;arwin
2017-03-05 05:08:25	worker	@BANKBRI_ID;2017-03-03 - 2017-03-03;submitSocial;all;arwin
2017-03-05 05:08:28	worker	#bni46;2017-03-03 - 2017-03-03;submitSocial;all;arwin
2017-03-05 05:08:34	worker	macet;2017-03-03 - 2017-03-03;submitSocial;all;arwin
2017-03-05 05:08:37	worker	#selamatpagi;2017-03-03 - 2017-03-03;submitSocial;all;arwin
2017-03-05 05:08:39	worker	#selamatmalam;2017-03-03 - 2017-03-03;submitSocial;all;arwin
2017-03-05 05:08:42	worker	@884GlobalRadio;2017-03-03 - 2017-03-03;submitSocial;all;arwin
2017-03-05 05:08:45	worker	@day_trans;2017-03-03 - 2017-03-03;submitSocial;all;arwin
2017-03-05 05:08:47	worker	@kencanavoyage;2017-03-03 - 2017-03-03;submitSocial;all;arwin
2017-03-05 05:08:50	worker	@jukebox5d;2017-03-03 - 2017-03-03;submitSocial;all;arwin
2017-03-05 05:08:53	worker	#mtvhottest;2017-03-03 - 2017-03-03;submitSocial;all;arwin
2017-03-05 05:08:56	worker	#semangatpagi;2017-03-03 - 2017-03-03;submitSocial;all;arwin
2017-03-05 05:08:58	worker	lifebuoy;2017-03-03 - 2017-03-03;submitSocial;all;arwin
2017-03-05 05:09:06	worker	jokowi;2017-03-03 - 2017-03-03;submitSocial;all;arwin
2017-03-05 05:09:16	worker	obama;2017-03-03 - 2017-03-03;submitSocial;all;arwin
2017-03-05 05:09:19	worker	starwars;2017-03-03 - 2017-03-03;submitSocial;all;arwin
2017-03-05 05:09:24	worker	jonan;2017-03-03 - 2017-03-03;submitSocial;all;arwin
2017-03-05 05:09:33	worker	pagi;2017-03-03 - 2017-03-03;submitSocial;all;arwin
2017-03-05 05:09:36	worker	sampoerna;2017-03-03 - 2017-03-03;submitSocial;all;arwin
2017-03-05 05:09:40	worker	djarum;2017-03-03 - 2017-03-03;submitSocial;all;arwin
2017-03-05 05:09:43	worker	#semangatpagi;2017-03-03 - 2017-03-03;submitSocial;all;arwin
2017-03-05 05:09:45	worker	#generaksi8;2017-03-03 - 2017-03-03;submitSocial;all;arwin
2017-03-05 05:09:47	worker	#365alasan;2017-03-03 - 2017-03-03;submitSocial;all;arwin
2017-03-05 05:09:51	worker	weew;2017-03-03 - 2017-03-03;submitSocial;all;arwin
2017-03-05 05:10:00	worker	testing;2017-03-03 - 2017-03-03;submitSocial;all;arwin
2017-03-05 05:10:05	worker	#kopaja;2017-03-03 - 2017-03-03;submitSocial;all;arwin
2017-03-05 05:10:07	worker	#genkuisinsideout;2017-03-03 - 2017-03-03;submitSocial;all;arwin
2017-03-05 05:10:11	worker	starwars;2017-03-03 - 2017-03-03;submitSocial;all;arwin
2017-03-05 05:10:14	worker	#kopaja;2017-03-03 - 2017-03-03;submitSocial;all;arwin
2017-03-05 05:10:17	worker	mldspot;2017-03-03 - 2017-03-03;submitSocial;all;arwin
2017-03-05 05:10:20	worker	PBDjarum;2017-03-03 - 2017-03-03;submitSocial;all;arwin
2017-03-05 05:10:23	worker	TemanNabati;2017-03-03 - 2017-03-03;submitSocial;all;arwin
2017-03-05 05:10:27	worker	Nextar;2017-03-03 - 2017-03-03;submitSocial;all;arwin
2017-03-05 05:10:31	worker	jokowo;2017-03-03 - 2017-03-03;submitSocial;all;arwin
2017-03-05 05:10:35	worker	prabowo;2017-03-03 - 2017-03-03;submitSocial;all;arwin
2017-03-05 05:10:38	worker	sudirman said;2017-03-03 - 2017-03-03;submitSocial;all;arwin
2017-03-05 05:10:48	worker	ahok;2017-03-03 - 2017-03-03;submitSocial;all;arwin
2017-03-05 05:10:51	worker	setyanovanto;2017-03-03 - 2017-03-03;submitSocial;all;arwin
2017-03-05 05:10:58	worker	jokowi;2017-03-03 - 2017-03-03;submitSocial;all;arwin
2017-03-05 05:11:09	worker	ahok;2017-03-03 - 2017-03-03;submitSocial;all;arwin
2017-03-05 05:11:12	worker	prabowo;2017-03-03 - 2017-03-03;submitSocial;all;arwin
2017-03-05 05:11:15	worker	sudirman said;2017-03-03 - 2017-03-03;submitSocial;all;arwin
2017-03-05 05:11:18	worker	setyanovanto;2017-03-03 - 2017-03-03;submitSocial;all;arwin
2017-03-05 05:11:23	worker	galau;2017-03-03 - 2017-03-03;submitSocial;all;arwin
2017-03-05 05:11:26	worker	#prestasiindonesia;2017-03-03 - 2017-03-03;submitSocial;all;arwin
2017-03-05 05:11:29	worker	@Tw_Debi;2017-03-03 - 2017-03-03;submitSocial;all;arwin
2017-03-05 05:11:32	worker	@OfficialFastron;2017-03-03 - 2017-03-03;submitSocial;all;arwin
2017-03-05 05:11:34	worker	@CitibankID;2017-03-03 - 2017-03-03;submitSocial;all;arwin
2017-03-05 05:11:37	worker	@jak101fm;2017-03-03 - 2017-03-03;submitSocial;all;arwin
2017-03-05 05:11:41	worker	@genfm;2017-03-03 - 2017-03-03;submitSocial;all;arwin
