2017-07-16 05:00:06	worker	@987genfm;2017-07-14 - 2017-07-14;submitSocial;all;arwin
2017-07-16 05:00:09	worker	@101jakfm;2017-07-14 - 2017-07-14;submitSocial;all;arwin
2017-07-16 05:00:12	worker	@prambors;2017-07-14 - 2017-07-14;submitSocial;all;arwin
2017-07-16 05:00:14	worker	@hardrockfm;2017-07-14 - 2017-07-14;submitSocial;all;arwin
2017-07-16 05:00:17	worker	@kisfmjakarta;2017-07-14 - 2017-07-14;submitSocial;all;arwin
2017-07-16 05:00:19	worker	@delta_fm;2017-07-14 - 2017-07-14;submitSocial;all;arwin
2017-07-16 05:00:22	worker	@traxfmjkt;2017-07-14 - 2017-07-14;submitSocial;all;arwin
2017-07-16 05:00:24	worker	@iradiojakarta;2017-07-14 - 2017-07-14;submitSocial;all;arwin
2017-07-16 05:00:27	worker	@indika9160fm;2017-07-14 - 2017-07-14;submitSocial;all;arwin
2017-07-16 05:00:29	worker	@shellindonesia;2017-07-14 - 2017-07-14;submitSocial;all;arwin
2017-07-16 05:00:31	worker	@vpowerfans;2017-07-14 - 2017-07-14;submitSocial;all;arwin
2017-07-16 05:00:33	worker	@pertamaxind;2017-07-14 - 2017-07-14;submitSocial;all;arwin
2017-07-16 05:00:36	worker	@ptpertamina;2017-07-14 - 2017-07-14;submitSocial;all;arwin
2017-07-16 05:00:38	worker	@OZRadioJakarta;2017-07-14 - 2017-07-14;submitSocial;all;arwin
2017-07-16 05:00:40	worker	@CosmopolitanFM;2017-07-14 - 2017-07-14;submitSocial;all;arwin
2017-07-16 05:00:42	worker	@mustang88fm;2017-07-14 - 2017-07-14;submitSocial;all;arwin
2017-07-16 05:00:44	worker	@debabaz;2017-07-14 - 2017-07-14;submitSocial;all;arwin
2017-07-16 05:00:49	worker	@detikcom;2017-07-14 - 2017-07-14;submitSocial;all;arwin
2017-07-16 05:00:52	worker	@radioelshinta;2017-07-14 - 2017-07-14;submitSocial;all;arwin
2017-07-16 05:00:54	worker	@cinema21;2017-07-14 - 2017-07-14;submitSocial;all;arwin
2017-07-16 05:00:57	worker	@OfficialRCTI;2017-07-14 - 2017-07-14;submitSocial;all;arwin
2017-07-16 05:00:59	worker	@TRANSTV_CORP;2017-07-14 - 2017-07-14;submitSocial;all;arwin
2017-07-16 05:01:02	worker	@TRANS7;2017-07-14 - 2017-07-14;submitSocial;all;arwin
2017-07-16 05:01:05	worker	@Metro_TV;2017-07-14 - 2017-07-14;submitSocial;all;arwin
2017-07-16 05:01:08	worker	@tvOneNews;2017-07-14 - 2017-07-14;submitSocial;all;arwin
2017-07-16 05:01:10	worker	@whatsonANTV;2017-07-14 - 2017-07-14;submitSocial;all;arwin
2017-07-16 05:01:13	worker	@SCTV_;2017-07-14 - 2017-07-14;submitSocial;all;arwin
2017-07-16 05:01:16	worker	@KompasTV;2017-07-14 - 2017-07-14;submitSocial;all;arwin
2017-07-16 05:01:19	worker	@netmediatama;2017-07-14 - 2017-07-14;submitSocial;all;arwin
2017-07-16 05:01:21	worker	@Globaltvseru;2017-07-14 - 2017-07-14;submitSocial;all;arwin
2017-07-16 05:01:23	worker	@JaktvCom;2017-07-14 - 2017-07-14;submitSocial;all;arwin
2017-07-16 05:01:26	worker	@TVRINasional;2017-07-14 - 2017-07-14;submitSocial;all;arwin
2017-07-16 05:01:28	worker	@ochannelupdates;2017-07-14 - 2017-07-14;submitSocial;all;arwin
2017-07-16 05:01:31	worker	@IndosiarID;2017-07-14 - 2017-07-14;submitSocial;all;arwin
2017-07-16 05:01:35	worker	@kompascom;2017-07-14 - 2017-07-14;submitSocial;all;arwin
2017-07-16 05:01:37	worker	@merdekadotcom;2017-07-14 - 2017-07-14;submitSocial;all;arwin
2017-07-16 05:01:39	worker	@MIdotcom;2017-07-14 - 2017-07-14;submitSocial;all;arwin
2017-07-16 05:01:42	worker	@tempodotco;2017-07-14 - 2017-07-14;submitSocial;all;arwin
2017-07-16 05:01:44	worker	@motion975fm;2017-07-14 - 2017-07-14;submitSocial;all;arwin
2017-07-16 05:01:47	worker	@_radiotoday;2017-07-14 - 2017-07-14;submitSocial;all;arwin
2017-07-16 05:01:49	worker	@radioinfo;2017-07-14 - 2017-07-14;submitSocial;all;arwin
2017-07-16 05:01:51	worker	@979FeMaleRadio;2017-07-14 - 2017-07-14;submitSocial;all;arwin
2017-07-16 05:01:53	worker	@WomanRadio943FM;2017-07-14 - 2017-07-14;submitSocial;all;arwin
2017-07-16 05:01:56	worker	@VRadioFM;2017-07-14 - 2017-07-14;submitSocial;all;arwin
2017-07-16 05:01:57	worker	@UFM947;2017-07-14 - 2017-07-14;submitSocial;all;arwin
2017-07-16 05:02:00	worker	@VIVAnews;2017-07-14 - 2017-07-14;submitSocial;all;arwin
2017-07-16 05:02:02	worker	@antaranews;2017-07-14 - 2017-07-14;submitSocial;all;arwin
2017-07-16 05:02:05	worker	@tribunnews;2017-07-14 - 2017-07-14;submitSocial;all;arwin
2017-07-16 05:02:08	worker	@okezonenews;2017-07-14 - 2017-07-14;submitSocial;all;arwin
2017-07-16 05:02:10	worker	@Beritasatu;2017-07-14 - 2017-07-14;submitSocial;all;arwin
2017-07-16 05:02:13	worker	@rollingstoneina;2017-07-14 - 2017-07-14;submitSocial;all;arwin
2017-07-16 05:02:15	worker	@FIMELAdotcom;2017-07-14 - 2017-07-14;submitSocial;all;arwin
2017-07-16 05:02:17	worker	@KapanLagicom;2017-07-14 - 2017-07-14;submitSocial;all;arwin
2017-07-16 05:02:19	worker	@KompasEnt ;2017-07-14 - 2017-07-14;submitSocial;all;arwin
2017-07-16 05:02:22	worker	@HaiMagazine;2017-07-14 - 2017-07-14;submitSocial;all;arwin
2017-07-16 05:02:24	worker	@JakartaVenue;2017-07-14 - 2017-07-14;submitSocial;all;arwin
2017-07-16 05:02:26	worker	@SeputarEvent;2017-07-14 - 2017-07-14;submitSocial;all;arwin
2017-07-16 05:02:28	worker	@ismayaLive;2017-07-14 - 2017-07-14;submitSocial;all;arwin
2017-07-16 05:02:30	worker	@ECEntertainment;2017-07-14 - 2017-07-14;submitSocial;all;arwin
2017-07-16 05:02:33	worker	@synergism_En;2017-07-14 - 2017-07-14;submitSocial;all;arwin
2017-07-16 05:02:35	worker	@Urbanbandung;2017-07-14 - 2017-07-14;submitSocial;all;arwin
2017-07-16 05:02:36	worker	@Urbanrkm995;2017-07-14 - 2017-07-14;submitSocial;all;arwin
2017-07-16 05:02:39	worker	@Garuda_Promo;2017-07-14 - 2017-07-14;submitSocial;all;arwin
2017-07-16 05:02:41	worker	@AirAsiaID;2017-07-14 - 2017-07-14;submitSocial;all;arwin
2017-07-16 05:02:43	worker	@KAI121;2017-07-14 - 2017-07-14;submitSocial;all;arwin
2017-07-16 05:02:46	worker	@Unilever;2017-07-14 - 2017-07-14;submitSocial;all;arwin
2017-07-16 05:02:48	worker	@Nestle;2017-07-14 - 2017-07-14;submitSocial;all;arwin
2017-07-16 05:02:52	worker	@CocaCola;2017-07-14 - 2017-07-14;submitSocial;all;arwin
2017-07-16 05:03:00	worker	@CNN;2017-07-14 - 2017-07-14;submitSocial;all;arwin
2017-07-16 05:03:05	worker	@MTV;2017-07-14 - 2017-07-14;submitSocial;all;arwin
2017-07-16 05:03:08	worker	@channelv;2017-07-14 - 2017-07-14;submitSocial;all;arwin
2017-07-16 05:03:10	worker	@iTunesMusic;2017-07-14 - 2017-07-14;submitSocial;all;arwin
2017-07-16 05:03:14	worker	@mashable;2017-07-14 - 2017-07-14;submitSocial;all;arwin
2017-07-16 05:03:16	worker	@decacaz;2017-07-14 - 2017-07-14;submitSocial;all;arwin
2017-07-16 05:03:18	worker	@radiobaru967FM;2017-07-14 - 2017-07-14;submitSocial;all;arwin
2017-07-16 05:03:20	worker	@967HitzFM;2017-07-14 - 2017-07-14;submitSocial;all;arwin
2017-07-16 05:03:23	worker	@TVGuide;2017-07-14 - 2017-07-14;submitSocial;all;arwin
2017-07-16 05:03:25	worker	@XL123;2017-07-14 - 2017-07-14;submitSocial;all;arwin
2017-07-16 05:03:28	worker	@triindonesia;2017-07-14 - 2017-07-14;submitSocial;all;arwin
2017-07-16 05:03:30	worker	@kaskus;2017-07-14 - 2017-07-14;submitSocial;all;arwin
2017-07-16 05:03:33	worker	@Studio_XXI;2017-07-14 - 2017-07-14;submitSocial;all;arwin
2017-07-16 05:03:35	worker	@blitzmegaplex;2017-07-14 - 2017-07-14;submitSocial;all;arwin
2017-07-16 05:03:37	worker	@alfamartku;2017-07-14 - 2017-07-14;submitSocial;all;arwin
2017-07-16 05:03:39	worker	@Carrefour_ID;2017-07-14 - 2017-07-14;submitSocial;all;arwin
2017-07-16 05:03:42	worker	@BBCBreaking;2017-07-14 - 2017-07-14;submitSocial;all;arwin
2017-07-16 05:03:48	worker	@Forbes;2017-07-14 - 2017-07-14;submitSocial;all;arwin
2017-07-16 05:03:50	worker	@BensRadio;2017-07-14 - 2017-07-14;submitSocial;all;arwin
2017-07-16 05:03:57	worker	@instagram;2017-07-14 - 2017-07-14;submitSocial;all;arwin
2017-07-16 05:03:59	worker	@Pinterest;2017-07-14 - 2017-07-14;submitSocial;all;arwin
2017-07-16 05:04:05	worker	@google;2017-07-14 - 2017-07-14;submitSocial;all;arwin
2017-07-16 05:04:07	worker	@Pertaminalub;2017-07-14 - 2017-07-14;submitSocial;all;arwin
2017-07-16 05:04:10	worker	@InfoLalinTol;2017-07-14 - 2017-07-14;submitSocial;all;arwin
2017-07-16 05:04:12	worker	@PTJASAMARGA;2017-07-14 - 2017-07-14;submitSocial;all;arwin
2017-07-16 05:04:14	worker	@cititransindo;2017-07-14 - 2017-07-14;submitSocial;all;arwin
2017-07-16 05:04:16	worker	#semangatpagisuperr;2017-07-14 - 2017-07-14;submitSocial;all;arwin
2017-07-16 05:04:18	worker	#genkuisinsideout;2017-07-14 - 2017-07-14;submitSocial;all;arwin
2017-07-16 05:04:20	worker	#semangatpagi;2017-07-14 - 2017-07-14;submitSocial;all;arwin
2017-07-16 05:04:23	worker	#dikamar;2017-07-14 - 2017-07-14;submitSocial;all;arwin
2017-07-16 05:04:25	worker	#kopaja;2017-07-14 - 2017-07-14;submitSocial;all;arwin
2017-07-16 05:04:27	worker	#generaksi8;2017-07-14 - 2017-07-14;submitSocial;all;arwin
2017-07-16 05:04:29	worker	#hitztsp;2017-07-14 - 2017-07-14;submitSocial;all;arwin
2017-07-16 05:04:32	worker	#np;2017-07-14 - 2017-07-14;submitSocial;all;arwin
2017-07-16 05:04:34	worker	#hitzlivestage;2017-07-14 - 2017-07-14;submitSocial;all;arwin
2017-07-16 05:04:37	worker	#thefreaks;2017-07-14 - 2017-07-14;submitSocial;all;arwin
2017-07-16 05:04:39	worker	#hitzsirkuspagi;2017-07-14 - 2017-07-14;submitSocial;all;arwin
2017-07-16 05:04:41	worker	#hitzathlon;2017-07-14 - 2017-07-14;submitSocial;all;arwin
2017-07-16 05:04:43	worker	#hitzzombie;2017-07-14 - 2017-07-14;submitSocial;all;arwin
2017-07-16 05:04:45	worker	#hitzkalong;2017-07-14 - 2017-07-14;submitSocial;all;arwin
2017-07-16 05:04:48	worker	#hitzbebas;2017-07-14 - 2017-07-14;submitSocial;all;arwin
2017-07-16 05:04:50	worker	#hitzhorehara;2017-07-14 - 2017-07-14;submitSocial;all;arwin
2017-07-16 05:04:52	worker	@ZaloraID;2017-07-14 - 2017-07-14;submitSocial;all;arwin
2017-07-16 05:04:55	worker	@OLX_Indonesia;2017-07-14 - 2017-07-14;submitSocial;all;arwin
2017-07-16 05:04:57	worker	@LazadaID;2017-07-14 - 2017-07-14;submitSocial;all;arwin
2017-07-16 05:04:59	worker	@utrippers;2017-07-14 - 2017-07-14;submitSocial;all;arwin
2017-07-16 05:05:02	worker	@GoGobot;2017-07-14 - 2017-07-14;submitSocial;all;arwin
2017-07-16 05:05:04	worker	@viatortravel;2017-07-14 - 2017-07-14;submitSocial;all;arwin
2017-07-16 05:05:07	worker	@alandakariza;2017-07-14 - 2017-07-14;submitSocial;all;arwin
2017-07-16 05:05:10	worker	@gagasmedia;2017-07-14 - 2017-07-14;submitSocial;all;arwin
2017-07-16 05:05:12	worker	@welovehonda;2017-07-14 - 2017-07-14;submitSocial;all;arwin
2017-07-16 05:05:14	worker	@SuzukiMotorID;2017-07-14 - 2017-07-14;submitSocial;all;arwin
2017-07-16 05:05:17	worker	@kawasakilovers;2017-07-14 - 2017-07-14;submitSocial;all;arwin
2017-07-16 05:05:19	worker	@yamahaindonesia;2017-07-14 - 2017-07-14;submitSocial;all;arwin
2017-07-16 05:05:21	worker	@tripanzee;2017-07-14 - 2017-07-14;submitSocial;all;arwin
2017-07-16 05:05:23	worker	@arnoldpoernomo;2017-07-14 - 2017-07-14;submitSocial;all;arwin
2017-07-16 05:05:26	worker	@nicsap;2017-07-14 - 2017-07-14;submitSocial;all;arwin
2017-07-16 05:05:28	worker	@tiket2;2017-07-14 - 2017-07-14;submitSocial;all;arwin
2017-07-16 05:05:30	worker	@traveloka;2017-07-14 - 2017-07-14;submitSocial;all;arwin
2017-07-16 05:05:34	worker	@wego;2017-07-14 - 2017-07-14;submitSocial;all;arwin
2017-07-16 05:05:37	worker	@agoda;2017-07-14 - 2017-07-14;submitSocial;all;arwin
2017-07-16 05:05:39	worker	#salahsambung;2017-07-14 - 2017-07-14;submitSocial;all;arwin
2017-07-16 05:05:41	worker	#tulalit;2017-07-14 - 2017-07-14;submitSocial;all;arwin
2017-07-16 05:05:43	worker	#pestageneraksi8;2017-07-14 - 2017-07-14;submitSocial;all;arwin
2017-07-16 05:05:45	worker	#ganaskustik;2017-07-14 - 2017-07-14;submitSocial;all;arwin
2017-07-16 05:05:47	worker	#lnhot20;2017-07-14 - 2017-07-14;submitSocial;all;arwin
2017-07-16 05:05:50	worker	@TripAdvisor;2017-07-14 - 2017-07-14;submitSocial;all;arwin
2017-07-16 05:05:55	worker	@google;2017-07-14 - 2017-07-14;submitSocial;all;arwin
2017-07-16 05:05:58	worker	@Telkomsel;2017-07-14 - 2017-07-14;submitSocial;all;arwin
2017-07-16 05:06:01	worker	@indosat;2017-07-14 - 2017-07-14;submitSocial;all;arwin
2017-07-16 05:06:04	worker	@bahanafmjkt;2017-07-14 - 2017-07-14;submitSocial;all;2017-07-16 05:06:08	worker	@sonorafm92;2017-07-14 - 2017-07-14;submitSocial;all;arwin
2017-07-16 05:06:10	worker	@litefm1058;2017-07-14 - 2017-07-14;submitSocial;all;arwin
2017-07-16 05:06:12	worker	@Bravaradio;2017-07-14 - 2017-07-14;submitSocial;all;arwin
2017-07-16 05:06:15	worker	#dgitm;2017-07-14 - 2017-07-14;submitSocial;all;arwin
2017-07-16 05:06:17	worker	#hitsalaprambors;2017-07-14 - 2017-07-14;submitSocial;all;arwin
2017-07-16 05:06:20	worker	#reqprambors;2017-07-14 - 2017-07-14;submitSocial;all;arwin
2017-07-16 05:06:22	worker	#thedandees;2017-07-14 - 2017-07-14;submitSocial;all;arwin
2017-07-16 05:06:24	worker	#pramborsquiz;2017-07-14 - 2017-07-14;submitSocial;all;arwin
2017-07-16 05:06:26	worker	#jeliprambors;2017-07-14 - 2017-07-14;submitSocial;all;arwin
2017-07-16 05:06:28	worker	#jodohinprambors;2017-07-14 - 2017-07-14;submitSocial;all;arwin
2017-07-16 05:06:30	worker	#ubahdenganbicara;2017-07-14 - 2017-07-14;submitSocial;all;arwin
2017-07-16 05:06:32	worker	#pramborschat;2017-07-14 - 2017-07-14;submitSocial;all;arwin
2017-07-16 05:06:34	worker	#tweetforduit;2017-07-14 - 2017-07-14;submitSocial;all;arwin
2017-07-16 05:06:36	worker	#joki3in1;2017-07-14 - 2017-07-14;submitSocial;all;arwin
2017-07-16 05:06:38	worker	#sarapanseru;2017-07-14 - 2017-07-14;submitSocial;all;arwin
2017-07-16 05:06:40	worker	#rawonkaneloop;2017-07-14 - 2017-07-14;submitSocial;all;arwin
2017-07-16 05:06:42	worker	#gudegkendilkeraton;2017-07-14 - 2017-07-14;submitSocial;all;arwin
2017-07-16 05:06:45	worker	#gadogadobutika;2017-07-14 - 2017-07-14;submitSocial;all;arwin
2017-07-16 05:06:47	worker	#mtvhottest;2017-07-14 - 2017-07-14;submitSocial;all;arwin
2017-07-16 05:06:49	worker	#dimsumcjdw;2017-07-14 - 2017-07-14;submitSocial;all;arwin
2017-07-16 05:06:51	worker	#pecelmadiunmbakniek;2017-07-14 - 2017-07-14;submitSocial;all;arwin
2017-07-16 05:06:53	worker	#depotarema;2017-07-14 - 2017-07-14;submitSocial;all;arwin
2017-07-16 05:06:55	worker	@BNI46;2017-07-14 - 2017-07-14;submitSocial;all;arwin
2017-07-16 05:06:58	worker	@BANKBRI_ID;2017-07-14 - 2017-07-14;submitSocial;all;arwin
2017-07-16 05:07:00	worker	#bni46;2017-07-14 - 2017-07-14;submitSocial;all;arwin
2017-07-16 05:07:05	worker	macet;2017-07-14 - 2017-07-14;submitSocial;all;arwin
2017-07-16 05:07:07	worker	#selamatpagi;2017-07-14 - 2017-07-14;submitSocial;all;arwin
2017-07-16 05:07:09	worker	#selamatmalam;2017-07-14 - 2017-07-14;submitSocial;all;arwin
2017-07-16 05:07:11	worker	@884GlobalRadio;2017-07-14 - 2017-07-14;submitSocial;all;arwin
2017-07-16 05:07:14	worker	@day_trans;2017-07-14 - 2017-07-14;submitSocial;all;arwin
2017-07-16 05:07:16	worker	@kencanavoyage;2017-07-14 - 2017-07-14;submitSocial;all;arwin
2017-07-16 05:07:18	worker	@jukebox5d;2017-07-14 - 2017-07-14;submitSocial;all;arwin
2017-07-16 05:07:20	worker	#mtvhottest;2017-07-14 - 2017-07-14;submitSocial;all;arwin
2017-07-16 05:07:23	worker	#semangatpagi;2017-07-14 - 2017-07-14;submitSocial;all;arwin
2017-07-16 05:07:25	worker	lifebuoy;2017-07-14 - 2017-07-14;submitSocial;all;arwin
2017-07-16 05:07:31	worker	jokowi;2017-07-14 - 2017-07-14;submitSocial;all;arwin
2017-07-16 05:07:39	worker	obama;2017-07-14 - 2017-07-14;submitSocial;all;arwin
2017-07-16 05:07:42	worker	starwars;2017-07-14 - 2017-07-14;submitSocial;all;arwin
2017-07-16 05:07:45	worker	jonan;2017-07-14 - 2017-07-14;submitSocial;all;arwin
2017-07-16 05:07:54	worker	pagi;2017-07-14 - 2017-07-14;submitSocial;all;arwin
2017-07-16 05:07:56	worker	sampoerna;2017-07-14 - 2017-07-14;submitSocial;all;arwin
2017-07-16 05:07:59	worker	djarum;2017-07-14 - 2017-07-14;submitSocial;all;arwin
2017-07-16 05:08:01	worker	#semangatpagi;2017-07-14 - 2017-07-14;submitSocial;all;arwin
2017-07-16 05:08:03	worker	#generaksi8;2017-07-14 - 2017-07-14;submitSocial;all;arwin
2017-07-16 05:08:05	worker	#365alasan;2017-07-14 - 2017-07-14;submitSocial;all;arwin
2017-07-16 05:08:08	worker	weew;2017-07-14 - 2017-07-14;submitSocial;all;arwin
2017-07-16 05:08:16	worker	testing;2017-07-14 - 2017-07-14;submitSocial;all;arwin
2017-07-16 05:08:19	worker	#kopaja;2017-07-14 - 2017-07-14;submitSocial;all;arwin
2017-07-16 05:08:21	worker	#genkuisinsideout;2017-07-14 - 2017-07-14;submitSocial;all;arwin
2017-07-16 05:08:24	worker	starwars;2017-07-14 - 2017-07-14;submitSocial;all;arwin
2017-07-16 05:08:26	worker	#kopaja;2017-07-14 - 2017-07-14;submitSocial;all;arwin
2017-07-16 05:08:29	worker	mldspot;2017-07-14 - 2017-07-14;submitSocial;all;arwin
2017-07-16 05:08:31	worker	PBDjarum;2017-07-14 - 2017-07-14;submitSocial;all;arwin
2017-07-16 05:08:33	worker	TemanNabati;2017-07-14 - 2017-07-14;submitSocial;all;arwin
2017-07-16 05:08:36	worker	Nextar;2017-07-14 - 2017-07-14;submitSocial;all;arwin
2017-07-16 05:08:39	worker	jokowo;2017-07-14 - 2017-07-14;submitSocial;all;arwin
2017-07-16 05:08:42	worker	prabowo;2017-07-14 - 2017-07-14;submitSocial;all;arwin
2017-07-16 05:08:44	worker	sudirman said;2017-07-14 - 2017-07-14;submitSocial;all;arwin
2017-07-16 05:08:49	worker	ahok;2017-07-14 - 2017-07-14;submitSocial;all;arwin
2017-07-16 05:08:51	worker	setyanovanto;2017-07-14 - 2017-07-14;submitSocial;all;arwin
2017-07-16 05:08:58	worker	jokowi;2017-07-14 - 2017-07-14;submitSocial;all;arwin
2017-07-16 05:09:03	worker	ahok;2017-07-14 - 2017-07-14;submitSocial;all;arwin
2017-07-16 05:09:06	worker	prabowo;2017-07-14 - 2017-07-14;submitSocial;all;arwin
2017-07-16 05:09:08	worker	sudirman said;2017-07-14 - 2017-07-14;submitSocial;all;arwin
2017-07-16 05:09:11	worker	setyanovanto;2017-07-14 - 2017-07-14;submitSocial;all;arwin
2017-07-16 05:09:15	worker	galau;2017-07-14 - 2017-07-14;submitSocial;all;arwin
2017-07-16 05:09:17	worker	#prestasiindonesia;2017-07-14 - 2017-07-14;submitSocial;all;arwin
2017-07-16 05:09:19	worker	@Tw_Debi;2017-07-14 - 2017-07-14;submitSocial;all;arwin
2017-07-16 05:09:21	worker	@OfficialFastron;2017-07-14 - 2017-07-14;submitSocial;all;arwin
2017-07-16 05:09:24	worker	@CitibankID;2017-07-14 - 2017-07-14;submitSocial;all;arwin
2017-07-16 05:09:26	worker	@jak101fm;2017-07-14 - 2017-07-14;submitSocial;all;arwin
2017-07-16 05:09:29	worker	@genfm;2017-07-14 - 2017-07-14;submitSocial;all;arwin
