2017-05-05 05:00:06	worker	@987genfm;2017-05-03 - 2017-05-03;submitSocial;all;arwin
2017-05-05 05:00:09	worker	@101jakfm;2017-05-03 - 2017-05-03;submitSocial;all;arwin
2017-05-05 05:00:12	worker	@prambors;2017-05-03 - 2017-05-03;submitSocial;all;arwin
2017-05-05 05:00:15	worker	@hardrockfm;2017-05-03 - 2017-05-03;submitSocial;all;arwin
2017-05-05 05:00:17	worker	@kisfmjakarta;2017-05-03 - 2017-05-03;submitSocial;all;arwin
2017-05-05 05:00:20	worker	@delta_fm;2017-05-03 - 2017-05-03;submitSocial;all;arwin
2017-05-05 05:00:22	worker	@traxfmjkt;2017-05-03 - 2017-05-03;submitSocial;all;arwin
2017-05-05 05:00:25	worker	@iradiojakarta;2017-05-03 - 2017-05-03;submitSocial;all;arwin
2017-05-05 05:00:27	worker	@indika9160fm;2017-05-03 - 2017-05-03;submitSocial;all;arwin
2017-05-05 05:00:29	worker	@shellindonesia;2017-05-03 - 2017-05-03;submitSocial;all;arwin
2017-05-05 05:00:31	worker	@vpowerfans;2017-05-03 - 2017-05-03;submitSocial;all;arwin
2017-05-05 05:00:34	worker	@pertamaxind;2017-05-03 - 2017-05-03;submitSocial;all;arwin
2017-05-05 05:00:36	worker	@ptpertamina;2017-05-03 - 2017-05-03;submitSocial;all;arwin
2017-05-05 05:00:38	worker	@OZRadioJakarta;2017-05-03 - 2017-05-03;submitSocial;all;arwin
2017-05-05 05:00:41	worker	@CosmopolitanFM;2017-05-03 - 2017-05-03;submitSocial;all;arwin
2017-05-05 05:00:43	worker	@mustang88fm;2017-05-03 - 2017-05-03;submitSocial;all;arwin
2017-05-05 05:00:45	worker	@debabaz;2017-05-03 - 2017-05-03;submitSocial;all;arwin
2017-05-05 05:00:49	worker	@detikcom;2017-05-03 - 2017-05-03;submitSocial;all;arwin
2017-05-05 05:00:52	worker	@radioelshinta;2017-05-03 - 2017-05-03;submitSocial;all;arwin
2017-05-05 05:00:54	worker	@cinema21;2017-05-03 - 2017-05-03;submitSocial;all;arwin
2017-05-05 05:00:57	worker	@OfficialRCTI;2017-05-03 - 2017-05-03;submitSocial;all;arwin
2017-05-05 05:00:59	worker	@TRANSTV_CORP;2017-05-03 - 2017-05-03;submitSocial;all;arwin
2017-05-05 05:01:02	worker	@TRANS7;2017-05-03 - 2017-05-03;submitSocial;all;arwin
2017-05-05 05:01:05	worker	@Metro_TV;2017-05-03 - 2017-05-03;submitSocial;all;arwin
2017-05-05 05:01:08	worker	@tvOneNews;2017-05-03 - 2017-05-03;submitSocial;all;arwin
2017-05-05 05:01:11	worker	@whatsonANTV;2017-05-03 - 2017-05-03;submitSocial;all;arwin
2017-05-05 05:01:15	worker	@SCTV_;2017-05-03 - 2017-05-03;submitSocial;all;arwin
2017-05-05 05:01:18	worker	@KompasTV;2017-05-03 - 2017-05-03;submitSocial;all;arwin
2017-05-05 05:01:22	worker	@netmediatama;2017-05-03 - 2017-05-03;submitSocial;all;arwin
2017-05-05 05:01:25	worker	@Globaltvseru;2017-05-03 - 2017-05-03;submitSocial;all;arwin
2017-05-05 05:01:27	worker	@JaktvCom;2017-05-03 - 2017-05-03;submitSocial;all;arwin
2017-05-05 05:01:29	worker	@TVRINasional;2017-05-03 - 2017-05-03;submitSocial;all;arwin
2017-05-05 05:01:31	worker	@ochannelupdates;2017-05-03 - 2017-05-03;submitSocial;all;arwin
2017-05-05 05:01:38	worker	@IndosiarID;2017-05-03 - 2017-05-03;submitSocial;all;arwin
2017-05-05 05:01:43	worker	@kompascom;2017-05-03 - 2017-05-03;submitSocial;all;arwin
2017-05-05 05:01:45	worker	@merdekadotcom;2017-05-03 - 2017-05-03;submitSocial;all;arwin
2017-05-05 05:01:47	worker	@MIdotcom;2017-05-03 - 2017-05-03;submitSocial;all;arwin
2017-05-05 05:01:50	worker	@tempodotco;2017-05-03 - 2017-05-03;submitSocial;all;arwin
2017-05-05 05:01:52	worker	@motion975fm;2017-05-03 - 2017-05-03;submitSocial;all;arwin
2017-05-05 05:01:54	worker	@_radiotoday;2017-05-03 - 2017-05-03;submitSocial;all;arwin
2017-05-05 05:01:57	worker	@radioinfo;2017-05-03 - 2017-05-03;submitSocial;all;arwin
2017-05-05 05:01:59	worker	@979FeMaleRadio;2017-05-03 - 2017-05-03;submitSocial;all;arwin
2017-05-05 05:02:01	worker	@WomanRadio943FM;2017-05-03 - 2017-05-03;submitSocial;all;arwin
2017-05-05 05:02:04	worker	@VRadioFM;2017-05-03 - 2017-05-03;submitSocial;all;arwin
2017-05-05 05:02:06	worker	@UFM947;2017-05-03 - 2017-05-03;submitSocial;all;arwin
2017-05-05 05:02:08	worker	@VIVAnews;2017-05-03 - 2017-05-03;submitSocial;all;arwin
2017-05-05 05:02:10	worker	@antaranews;2017-05-03 - 2017-05-03;submitSocial;all;arwin
2017-05-05 05:02:13	worker	@tribunnews;2017-05-03 - 2017-05-03;submitSocial;all;arwin
2017-05-05 05:02:16	worker	@okezonenews;2017-05-03 - 2017-05-03;submitSocial;all;arwin
2017-05-05 05:02:19	worker	@Beritasatu;2017-05-03 - 2017-05-03;submitSocial;all;arwin
2017-05-05 05:02:21	worker	@rollingstoneina;2017-05-03 - 2017-05-03;submitSocial;all;arwin
2017-05-05 05:02:24	worker	@FIMELAdotcom;2017-05-03 - 2017-05-03;submitSocial;all;arwin
2017-05-05 05:02:26	worker	@KapanLagicom;2017-05-03 - 2017-05-03;submitSocial;all;arwin
2017-05-05 05:02:28	worker	@KompasEnt ;2017-05-03 - 2017-05-03;submitSocial;all;arwin
2017-05-05 05:02:30	worker	@HaiMagazine;2017-05-03 - 2017-05-03;submitSocial;all;arwin
2017-05-05 05:02:33	worker	@JakartaVenue;2017-05-03 - 2017-05-03;submitSocial;all;arwin
2017-05-05 05:02:35	worker	@SeputarEvent;2017-05-03 - 2017-05-03;submitSocial;all;arwin
2017-05-05 05:02:38	worker	@ismayaLive;2017-05-03 - 2017-05-03;submitSocial;all;arwin
2017-05-05 05:02:40	worker	@ECEntertainment;2017-05-03 - 2017-05-03;submitSocial;all;arwin
2017-05-05 05:02:42	worker	@synergism_En;2017-05-03 - 2017-05-03;submitSocial;all;arwin
2017-05-05 05:02:44	worker	@Urbanbandung;2017-05-03 - 2017-05-03;submitSocial;all;arwin
2017-05-05 05:02:46	worker	@Urbanrkm995;2017-05-03 - 2017-05-03;submitSocial;all;arwin
2017-05-05 05:02:48	worker	@Garuda_Promo;2017-05-03 - 2017-05-03;submitSocial;all;arwin
2017-05-05 05:02:51	worker	@AirAsiaID;2017-05-03 - 2017-05-03;submitSocial;all;arwin
2017-05-05 05:02:53	worker	@KAI121;2017-05-03 - 2017-05-03;submitSocial;all;arwin
2017-05-05 05:02:56	worker	@Unilever;2017-05-03 - 2017-05-03;submitSocial;all;arwin
2017-05-05 05:02:58	worker	@Nestle;2017-05-03 - 2017-05-03;submitSocial;all;arwin
2017-05-05 05:03:02	worker	@CocaCola;2017-05-03 - 2017-05-03;submitSocial;all;arwin
2017-05-05 05:03:09	worker	@CNN;2017-05-03 - 2017-05-03;submitSocial;all;arwin
2017-05-05 05:03:14	worker	@MTV;2017-05-03 - 2017-05-03;submitSocial;all;arwin
2017-05-05 05:03:16	worker	@channelv;2017-05-03 - 2017-05-03;submitSocial;all;arwin
2017-05-05 05:03:19	worker	@iTunesMusic;2017-05-03 - 2017-05-03;submitSocial;all;arwin
2017-05-05 05:03:23	worker	@mashable;2017-05-03 - 2017-05-03;submitSocial;all;arwin
2017-05-05 05:03:25	worker	@decacaz;2017-05-03 - 2017-05-03;submitSocial;all;arwin
2017-05-05 05:03:28	worker	@radiobaru967FM;2017-05-03 - 2017-05-03;submitSocial;all;arwin
2017-05-05 05:03:30	worker	@967HitzFM;2017-05-03 - 2017-05-03;submitSocial;all;arwin
2017-05-05 05:03:33	worker	@TVGuide;2017-05-03 - 2017-05-03;submitSocial;all;arwin
2017-05-05 05:03:35	worker	@XL123;2017-05-03 - 2017-05-03;submitSocial;all;arwin
2017-05-05 05:03:38	worker	@triindonesia;2017-05-03 - 2017-05-03;submitSocial;all;arwin
2017-05-05 05:03:41	worker	@kaskus;2017-05-03 - 2017-05-03;submitSocial;all;arwin
2017-05-05 05:03:43	worker	@Studio_XXI;2017-05-03 - 2017-05-03;submitSocial;all;arwin
2017-05-05 05:03:45	worker	@blitzmegaplex;2017-05-03 - 2017-05-03;submitSocial;all;arwin
2017-05-05 05:03:47	worker	@alfamartku;2017-05-03 - 2017-05-03;submitSocial;all;arwin
2017-05-05 05:03:49	worker	@Carrefour_ID;2017-05-03 - 2017-05-03;submitSocial;all;arwin
2017-05-05 05:03:53	worker	@BBCBreaking;2017-05-03 - 2017-05-03;submitSocial;all;arwin
2017-05-05 05:04:01	worker	@Forbes;2017-05-03 - 2017-05-03;submitSocial;all;arwin
2017-05-05 05:04:03	worker	@BensRadio;2017-05-03 - 2017-05-03;submitSocial;all;arwin
2017-05-05 05:04:09	worker	@instagram;2017-05-03 - 2017-05-03;submitSocial;all;arwin
2017-05-05 05:04:12	worker	@Pinterest;2017-05-03 - 2017-05-03;submitSocial;all;arwin
2017-05-05 05:04:17	worker	@google;2017-05-03 - 2017-05-03;submitSocial;all;arwin
2017-05-05 05:04:19	worker	@Pertaminalub;2017-05-03 - 2017-05-03;submitSocial;all;arwin
2017-05-05 05:04:21	worker	@InfoLalinTol;2017-05-03 - 2017-05-03;submitSocial;all;arwin
2017-05-05 05:04:24	worker	@PTJASAMARGA;2017-05-03 - 2017-05-03;submitSocial;all;arwin
2017-05-05 05:04:26	worker	@cititransindo;2017-05-03 - 2017-05-03;submitSocial;all;arwin
2017-05-05 05:04:28	worker	#semangatpagisuperr;2017-05-03 - 2017-05-03;submitSocial;all;arwin
2017-05-05 05:04:30	worker	#genkuisinsideout;2017-05-03 - 2017-05-03;submitSocial;all;arwin
2017-05-05 05:04:32	worker	#semangatpagi;2017-05-03 - 2017-05-03;submitSocial;all;arwin
2017-05-05 05:04:35	worker	#dikamar;2017-05-03 - 2017-05-03;submitSocial;all;arwin
2017-05-05 05:04:37	worker	#kopaja;2017-05-03 - 2017-05-03;submitSocial;all;arwin
2017-05-05 05:04:39	worker	#generaksi8;2017-05-03 - 2017-05-03;submitSocial;all;arwin
2017-05-05 05:04:41	worker	#hitztsp;2017-05-03 - 2017-05-03;submitSocial;all;arwin
2017-05-05 05:04:44	worker	#np;2017-05-03 - 2017-05-03;submitSocial;all;arwin
2017-05-05 05:04:47	worker	#hitzlivestage;2017-05-03 - 2017-05-03;submitSocial;all;arwin
2017-05-05 05:04:49	worker	#thefreaks;2017-05-03 - 2017-05-03;submitSocial;all;arwin
2017-05-05 05:04:51	worker	#hitzsirkuspagi;2017-05-03 - 2017-05-03;submitSocial;all;arwin
2017-05-05 05:04:53	worker	#hitzathlon;2017-05-03 - 2017-05-03;submitSocial;all;arwin
2017-05-05 05:04:55	worker	#hitzzombie;2017-05-03 - 2017-05-03;submitSocial;all;arwin
2017-05-05 05:04:58	worker	#hitzkalong;2017-05-03 - 2017-05-03;submitSocial;all;arwin
2017-05-05 05:05:00	worker	#hitzbebas;2017-05-03 - 2017-05-03;submitSocial;all;arwin
2017-05-05 05:05:02	worker	#hitzhorehara;2017-05-03 - 2017-05-03;submitSocial;all;arwin
2017-05-05 05:05:05	worker	@ZaloraID;2017-05-03 - 2017-05-03;submitSocial;all;arwin
2017-05-05 05:05:07	worker	@OLX_Indonesia;2017-05-03 - 2017-05-03;submitSocial;all;arwin
2017-05-05 05:05:10	worker	@LazadaID;2017-05-03 - 2017-05-03;submitSocial;all;arwin
2017-05-05 05:05:12	worker	@utrippers;2017-05-03 - 2017-05-03;submitSocial;all;arwin
2017-05-05 05:05:15	worker	@GoGobot;2017-05-03 - 2017-05-03;submitSocial;all;arwin
2017-05-05 05:05:17	worker	@viatortravel;2017-05-03 - 2017-05-03;submitSocial;all;arwin
2017-05-05 05:05:20	worker	@alandakariza;2017-05-03 - 2017-05-03;submitSocial;all;arwin
2017-05-05 05:05:22	worker	@gagasmedia;2017-05-03 - 2017-05-03;submitSocial;all;arwin
2017-05-05 05:05:24	worker	@welovehonda;2017-05-03 - 2017-05-03;submitSocial;all;arwin
2017-05-05 05:05:27	worker	@SuzukiMotorID;2017-05-03 - 2017-05-03;submitSocial;all;arwin
2017-05-05 05:05:29	worker	@kawasakilovers;2017-05-03 - 2017-05-03;submitSocial;all;arwin
2017-05-05 05:05:31	worker	@yamahaindonesia;2017-05-03 - 2017-05-03;submitSocial;all;arwin
2017-05-05 05:05:33	worker	@tripanzee;2017-05-03 - 2017-05-03;submitSocial;all;arwin
2017-05-05 05:05:36	worker	@arnoldpoernomo;2017-05-03 - 2017-05-03;submitSocial;all;arwin
2017-05-05 05:05:38	worker	@nicsap;2017-05-03 - 2017-05-03;submitSocial;all;arwin
2017-05-05 05:05:40	worker	@tiket2;2017-05-03 - 2017-05-03;submitSocial;all;arwin
2017-05-05 05:05:43	worker	@traveloka;2017-05-03 - 2017-05-03;submitSocial;all;arwin
2017-05-05 05:05:46	worker	@wego;2017-05-03 - 2017-05-03;submitSocial;all;arwin
2017-05-05 05:05:49	worker	@agoda;2017-05-03 - 2017-05-03;submitSocial;all;arwin
2017-05-05 05:05:51	worker	#salahsambung;2017-05-03 - 2017-05-03;submitSocial;all;arwin
2017-05-05 05:05:53	worker	#tulalit;2017-05-03 - 2017-05-03;submitSocial;all;arwin
2017-05-05 05:05:55	worker	#pestageneraksi8;2017-05-03 - 2017-05-03;submitSocial;all;arwin
2017-05-05 05:05:57	worker	#ganaskustik;2017-05-03 - 2017-05-03;submitSocial;all;arwin
2017-05-05 05:05:59	worker	#lnhot20;2017-05-03 - 2017-05-03;submitSocial;all;arwin
2017-05-05 05:06:01	worker	@TripAdvisor;2017-05-03 - 2017-05-03;submitSocial;all;arwin
2017-05-05 05:06:07	worker	@google;2017-05-03 - 2017-05-03;submitSocial;all;arwin
2017-05-05 05:06:10	worker	@Telkomsel;2017-05-03 - 2017-05-03;submitSocial;all;arwin
2017-05-05 05:06:13	worker	@indosat;2017-05-03 - 2017-05-03;submitSocial;all;arwin
2017-05-05 05:06:16	worker	@bahanafmjkt;2017-05-03 - 2017-05-03;submitSocial;all;2017-05-05 05:06:20	worker	@sonorafm92;2017-05-03 - 2017-05-03;submitSocial;all;arwin
2017-05-05 05:06:22	worker	@litefm1058;2017-05-03 - 2017-05-03;submitSocial;all;arwin
2017-05-05 05:06:24	worker	@Bravaradio;2017-05-03 - 2017-05-03;submitSocial;all;arwin
2017-05-05 05:06:27	worker	#dgitm;2017-05-03 - 2017-05-03;submitSocial;all;arwin
2017-05-05 05:06:29	worker	#hitsalaprambors;2017-05-03 - 2017-05-03;submitSocial;all;arwin
2017-05-05 05:06:32	worker	#reqprambors;2017-05-03 - 2017-05-03;submitSocial;all;arwin
2017-05-05 05:06:34	worker	#thedandees;2017-05-03 - 2017-05-03;submitSocial;all;arwin
2017-05-05 05:06:36	worker	#pramborsquiz;2017-05-03 - 2017-05-03;submitSocial;all;arwin
2017-05-05 05:06:38	worker	#jeliprambors;2017-05-03 - 2017-05-03;submitSocial;all;arwin
2017-05-05 05:06:40	worker	#jodohinprambors;2017-05-03 - 2017-05-03;submitSocial;all;arwin
2017-05-05 05:06:42	worker	#ubahdenganbicara;2017-05-03 - 2017-05-03;submitSocial;all;arwin
2017-05-05 05:06:44	worker	#pramborschat;2017-05-03 - 2017-05-03;submitSocial;all;arwin
2017-05-05 05:06:47	worker	#tweetforduit;2017-05-03 - 2017-05-03;submitSocial;all;arwin
2017-05-05 05:06:49	worker	#joki3in1;2017-05-03 - 2017-05-03;submitSocial;all;arwin
2017-05-05 05:06:51	worker	#sarapanseru;2017-05-03 - 2017-05-03;submitSocial;all;arwin
2017-05-05 05:06:53	worker	#rawonkaneloop;2017-05-03 - 2017-05-03;submitSocial;all;arwin
2017-05-05 05:06:55	worker	#gudegkendilkeraton;2017-05-03 - 2017-05-03;submitSocial;all;arwin
2017-05-05 05:06:57	worker	#gadogadobutika;2017-05-03 - 2017-05-03;submitSocial;all;arwin
2017-05-05 05:06:59	worker	#mtvhottest;2017-05-03 - 2017-05-03;submitSocial;all;arwin
2017-05-05 05:07:01	worker	#dimsumcjdw;2017-05-03 - 2017-05-03;submitSocial;all;arwin
2017-05-05 05:07:03	worker	#pecelmadiunmbakniek;2017-05-03 - 2017-05-03;submitSocial;all;arwin
2017-05-05 05:07:06	worker	#depotarema;2017-05-03 - 2017-05-03;submitSocial;all;arwin
2017-05-05 05:07:08	worker	@BNI46;2017-05-03 - 2017-05-03;submitSocial;all;arwin
2017-05-05 05:07:11	worker	@BANKBRI_ID;2017-05-03 - 2017-05-03;submitSocial;all;arwin
2017-05-05 05:07:13	worker	#bni46;2017-05-03 - 2017-05-03;submitSocial;all;arwin
2017-05-05 05:07:18	worker	macet;2017-05-03 - 2017-05-03;submitSocial;all;arwin
2017-05-05 05:07:21	worker	#selamatpagi;2017-05-03 - 2017-05-03;submitSocial;all;arwin
2017-05-05 05:07:23	worker	#selamatmalam;2017-05-03 - 2017-05-03;submitSocial;all;arwin
2017-05-05 05:07:25	worker	@884GlobalRadio;2017-05-03 - 2017-05-03;submitSocial;all;arwin
2017-05-05 05:07:27	worker	@day_trans;2017-05-03 - 2017-05-03;submitSocial;all;arwin
2017-05-05 05:07:29	worker	@kencanavoyage;2017-05-03 - 2017-05-03;submitSocial;all;arwin
2017-05-05 05:07:32	worker	@jukebox5d;2017-05-03 - 2017-05-03;submitSocial;all;arwin
2017-05-05 05:07:34	worker	#mtvhottest;2017-05-03 - 2017-05-03;submitSocial;all;arwin
2017-05-05 05:07:36	worker	#semangatpagi;2017-05-03 - 2017-05-03;submitSocial;all;arwin
2017-05-05 05:07:38	worker	lifebuoy;2017-05-03 - 2017-05-03;submitSocial;all;arwin
2017-05-05 05:07:45	worker	jokowi;2017-05-03 - 2017-05-03;submitSocial;all;arwin
2017-05-05 05:07:54	worker	obama;2017-05-03 - 2017-05-03;submitSocial;all;arwin
2017-05-05 05:07:57	worker	starwars;2017-05-03 - 2017-05-03;submitSocial;all;arwin
2017-05-05 05:08:00	worker	jonan;2017-05-03 - 2017-05-03;submitSocial;all;arwin
2017-05-05 05:08:09	worker	pagi;2017-05-03 - 2017-05-03;submitSocial;all;arwin
2017-05-05 05:08:11	worker	sampoerna;2017-05-03 - 2017-05-03;submitSocial;all;arwin
2017-05-05 05:08:14	worker	djarum;2017-05-03 - 2017-05-03;submitSocial;all;arwin
2017-05-05 05:08:16	worker	#semangatpagi;2017-05-03 - 2017-05-03;submitSocial;all;arwin
2017-05-05 05:08:18	worker	#generaksi8;2017-05-03 - 2017-05-03;submitSocial;all;arwin
2017-05-05 05:08:21	worker	#365alasan;2017-05-03 - 2017-05-03;submitSocial;all;arwin
2017-05-05 05:08:24	worker	weew;2017-05-03 - 2017-05-03;submitSocial;all;arwin
2017-05-05 05:08:31	worker	testing;2017-05-03 - 2017-05-03;submitSocial;all;arwin
2017-05-05 05:08:34	worker	#kopaja;2017-05-03 - 2017-05-03;submitSocial;all;arwin
2017-05-05 05:08:36	worker	#genkuisinsideout;2017-05-03 - 2017-05-03;submitSocial;all;arwin
2017-05-05 05:08:39	worker	starwars;2017-05-03 - 2017-05-03;submitSocial;all;arwin
2017-05-05 05:08:41	worker	#kopaja;2017-05-03 - 2017-05-03;submitSocial;all;arwin
2017-05-05 05:08:44	worker	mldspot;2017-05-03 - 2017-05-03;submitSocial;all;arwin
2017-05-05 05:08:46	worker	PBDjarum;2017-05-03 - 2017-05-03;submitSocial;all;arwin
2017-05-05 05:08:48	worker	TemanNabati;2017-05-03 - 2017-05-03;submitSocial;all;arwin
2017-05-05 05:08:51	worker	Nextar;2017-05-03 - 2017-05-03;submitSocial;all;arwin
2017-05-05 05:08:54	worker	jokowo;2017-05-03 - 2017-05-03;submitSocial;all;arwin
2017-05-05 05:08:57	worker	prabowo;2017-05-03 - 2017-05-03;submitSocial;all;arwin
2017-05-05 05:09:00	worker	sudirman said;2017-05-03 - 2017-05-03;submitSocial;all;arwin
2017-05-05 05:09:08	worker	ahok;2017-05-03 - 2017-05-03;submitSocial;all;arwin
2017-05-05 05:09:10	worker	setyanovanto;2017-05-03 - 2017-05-03;submitSocial;all;arwin
2017-05-05 05:09:18	worker	jokowi;2017-05-03 - 2017-05-03;submitSocial;all;arwin
2017-05-05 05:09:26	worker	ahok;2017-05-03 - 2017-05-03;submitSocial;all;arwin
2017-05-05 05:09:30	worker	prabowo;2017-05-03 - 2017-05-03;submitSocial;all;arwin
2017-05-05 05:09:32	worker	sudirman said;2017-05-03 - 2017-05-03;submitSocial;all;arwin
2017-05-05 05:09:34	worker	setyanovanto;2017-05-03 - 2017-05-03;submitSocial;all;arwin
2017-05-05 05:09:38	worker	galau;2017-05-03 - 2017-05-03;submitSocial;all;arwin
2017-05-05 05:09:40	worker	#prestasiindonesia;2017-05-03 - 2017-05-03;submitSocial;all;arwin
2017-05-05 05:09:43	worker	@Tw_Debi;2017-05-03 - 2017-05-03;submitSocial;all;arwin
2017-05-05 05:09:45	worker	@OfficialFastron;2017-05-03 - 2017-05-03;submitSocial;all;arwin
2017-05-05 05:09:47	worker	@CitibankID;2017-05-03 - 2017-05-03;submitSocial;all;arwin
2017-05-05 05:09:50	worker	@jak101fm;2017-05-03 - 2017-05-03;submitSocial;all;arwin
2017-05-05 05:09:53	worker	@genfm;2017-05-03 - 2017-05-03;submitSocial;all;arwin
2017-05-05 14:32:15	worker	habib rizieq;2017-04-28 - 2017-05-04;submitSocial;all;tommy5D	habib rizieq;2017-04-28 - 2017-05-04;submitSocial;all;tommy5D
2017-05-05 14:32:16	done	habib rizieq;2017-04-28 - 2017-05-04;submitSocial;all;tommy5D
2017-05-05 14:32:26	worker	ahok;2017-05-04 - 2017-05-04;submitSocial;all;tommy5D	ahok;2017-04-28 - 2017-05-04;submitSocial;all;tommy5D
2017-05-05 14:32:27	done	ahok;2017-04-28 - 2017-05-04;submitSocial;all;tommy5D
2017-05-05 14:32:31	worker	anies;2017-05-02 - 2017-05-04;submitSocial;all;tommy5D	anies;2017-04-28 - 2017-05-04;submitSocial;all;tommy5D
2017-05-05 14:32:32	done	anies;2017-04-28 - 2017-05-04;submitSocial;all;tommy5D
2017-05-05 14:33:35	report	habib rizieq!ahok!anies;04/28/2017 - 05/04/2017;tommy5D;submitSocial	{"habib rizieq":{"area":413,"medium":{"2017-04-28":151,"2017-04-29":81,"2017-04-30":52,"2017-05-01":51,"2017-05-02":47,"2017-05-03":20,"2017-05-04":11},"unique_screenname":400,"dev":{"Iphone":22,"Android":183,"Web":42,"Blackberry":2},"loc":{"Jakarta":83,"Depok":0,"Bogor":30,"Tangerang":4,"Bekasi":6},"sentimen":{"goodwords":0.12,"badwords":0,"netral":99.88}},"ahok":{"area":41740,"medium":{"2017-04-28":7343,"2017-04-29":4206,"2017-04-30":7394,"2017-05-01":5004,"2017-05-02":5149,"2017-05-03":5219,"2017-05-04":7425},"unique_screenname":25161,"dev":{"Iphone":4291,"Android":25423,"Web":2593,"Blackberry":558},"loc":{"Jakarta":8309,"Depok":275,"Bogor":386,"Tangerang":409,"Bekasi":449},"sentimen":{"goodwords":9.22,"badwords":6.19,"netral":84.59}},"anies":{"area":4713,"medium":{"2017-04-28":400,"2017-04-29":362,"2017-04-30":667,"2017-05-01":287,"2017-05-02":616,"2017-05-03":637,"2017-05-04":1744},"unique_screenname":3543,"dev":{"Iphone":471,"Android":2605,"Web":289,"Blackberry":85},"loc":{"Jakarta":879,"Depok":12,"Bogor":33,"Tangerang":46,"Bekasi":33},"sentimen":{"goodwords":2.88,"badwords":1.49,"netral":95.63}}}
2017-05-05 14:36:24	worker	jakarta from macet;2017-04-28 - 2017-05-04;submitAdvanced;all;tommy5D	jakarta from macet;2017-04-28 - 2017-05-04;submitAdvanced;all;tommy5D
2017-05-05 14:36:25	done	jakarta from macet;2017-04-28 - 2017-05-04;submitAdvanced;all;tommy5D
2017-05-05 14:36:38	worker	tangerang from macet;2017-04-28 - 2017-05-04;submitAdvanced;all;tommy5D	tangerang from macet;2017-04-28 - 2017-05-04;submitAdvanced;all;tommy5D
2017-05-05 14:36:38	done	tangerang from macet;2017-04-28 - 2017-05-04;submitAdvanced;all;tommy5D
2017-05-05 14:43:21	report	jakarta From macet!tangerang From macet;04/28/2017 - 05/04/2017;tommy5D;submitAdvanced	{"jakarta From macet":{"area":1809,"medium":{"2017-04-28":354,"2017-04-29":327,"2017-04-30":231,"2017-05-01":126,"2017-05-02":241,"2017-05-03":238,"2017-05-04":292},"unique_screenname":1341,"dev":{"Iphone":216,"Android":828,"Web":134,"Blackberry":25},"loc":{"Jakarta":396,"Depok":9,"Bogor":22,"Tangerang":14,"Bekasi":24},"sentimen":{"goodwords":1.63,"badwords":0.51,"netral":97.86}},"tangerang From macet":{"area":112,"medium":{"2017-04-28":25,"2017-04-29":16,"2017-04-30":13,"2017-05-01":14,"2017-05-02":8,"2017-05-03":10,"2017-05-04":26},"unique_screenname":89,"dev":{"Iphone":2,"Android":66,"Web":4,"Blackberry":2},"loc":{"Jakarta":14,"Depok":0,"Bogor":0,"Tangerang":6,"Bekasi":1},"sentimen":{"goodwords":0.26,"badwords":0.05,"netral":99.69}}}
