2017-03-23 05:00:05	worker	@987genfm;2017-03-21 - 2017-03-21;submitSocial;all;arwin
2017-03-23 05:00:08	worker	@101jakfm;2017-03-21 - 2017-03-21;submitSocial;all;arwin
2017-03-23 05:00:12	worker	@prambors;2017-03-21 - 2017-03-21;submitSocial;all;arwin
2017-03-23 05:00:14	worker	@hardrockfm;2017-03-21 - 2017-03-21;submitSocial;all;arwin
2017-03-23 05:00:17	worker	@kisfmjakarta;2017-03-21 - 2017-03-21;submitSocial;all;arwin
2017-03-23 05:00:20	worker	@delta_fm;2017-03-21 - 2017-03-21;submitSocial;all;arwin
2017-03-23 05:00:23	worker	@traxfmjkt;2017-03-21 - 2017-03-21;submitSocial;all;arwin
2017-03-23 05:00:25	worker	@iradiojakarta;2017-03-21 - 2017-03-21;submitSocial;all;arwin
2017-03-23 05:00:28	worker	@indika9160fm;2017-03-21 - 2017-03-21;submitSocial;all;arwin
2017-03-23 05:00:30	worker	@shellindonesia;2017-03-21 - 2017-03-21;submitSocial;all;arwin
2017-03-23 05:00:33	worker	@vpowerfans;2017-03-21 - 2017-03-21;submitSocial;all;arwin
2017-03-23 05:00:35	worker	@pertamaxind;2017-03-21 - 2017-03-21;submitSocial;all;arwin
2017-03-23 05:00:38	worker	@ptpertamina;2017-03-21 - 2017-03-21;submitSocial;all;arwin
2017-03-23 05:00:40	worker	@OZRadioJakarta;2017-03-21 - 2017-03-21;submitSocial;all;arwin
2017-03-23 05:00:43	worker	@CosmopolitanFM;2017-03-21 - 2017-03-21;submitSocial;all;arwin
2017-03-23 05:00:45	worker	@mustang88fm;2017-03-21 - 2017-03-21;submitSocial;all;arwin
2017-03-23 05:00:48	worker	@debabaz;2017-03-21 - 2017-03-21;submitSocial;all;arwin
2017-03-23 05:00:51	worker	@detikcom;2017-03-21 - 2017-03-21;submitSocial;all;arwin
2017-03-23 05:00:54	worker	@radioelshinta;2017-03-21 - 2017-03-21;submitSocial;all;arwin
2017-03-23 05:00:57	worker	@cinema21;2017-03-21 - 2017-03-21;submitSocial;all;arwin
2017-03-23 05:01:00	worker	@OfficialRCTI;2017-03-21 - 2017-03-21;submitSocial;all;arwin
2017-03-23 05:01:04	worker	@TRANSTV_CORP;2017-03-21 - 2017-03-21;submitSocial;all;arwin
2017-03-23 05:01:07	worker	@TRANS7;2017-03-21 - 2017-03-21;submitSocial;all;arwin
2017-03-23 05:01:10	worker	@Metro_TV;2017-03-21 - 2017-03-21;submitSocial;all;arwin
2017-03-23 05:01:13	worker	@tvOneNews;2017-03-21 - 2017-03-21;submitSocial;all;arwin
2017-03-23 05:01:16	worker	@whatsonANTV;2017-03-21 - 2017-03-21;submitSocial;all;arwin
2017-03-23 05:01:19	worker	@SCTV_;2017-03-21 - 2017-03-21;submitSocial;all;arwin
2017-03-23 05:01:22	worker	@KompasTV;2017-03-21 - 2017-03-21;submitSocial;all;arwin
2017-03-23 05:01:25	worker	@netmediatama;2017-03-21 - 2017-03-21;submitSocial;all;arwin
2017-03-23 05:01:27	worker	@Globaltvseru;2017-03-21 - 2017-03-21;submitSocial;all;arwin
2017-03-23 05:01:30	worker	@JaktvCom;2017-03-21 - 2017-03-21;submitSocial;all;arwin
2017-03-23 05:01:33	worker	@TVRINasional;2017-03-21 - 2017-03-21;submitSocial;all;arwin
2017-03-23 05:01:35	worker	@ochannelupdates;2017-03-21 - 2017-03-21;submitSocial;all;arwin
2017-03-23 05:01:38	worker	@IndosiarID;2017-03-21 - 2017-03-21;submitSocial;all;arwin
2017-03-23 05:01:42	worker	@kompascom;2017-03-21 - 2017-03-21;submitSocial;all;arwin
2017-03-23 05:01:45	worker	@merdekadotcom;2017-03-21 - 2017-03-21;submitSocial;all;arwin
2017-03-23 05:01:47	worker	@MIdotcom;2017-03-21 - 2017-03-21;submitSocial;all;arwin
2017-03-23 05:01:50	worker	@tempodotco;2017-03-21 - 2017-03-21;submitSocial;all;arwin
2017-03-23 05:01:53	worker	@motion975fm;2017-03-21 - 2017-03-21;submitSocial;all;arwin
2017-03-23 05:01:55	worker	@_radiotoday;2017-03-21 - 2017-03-21;submitSocial;all;arwin
2017-03-23 05:01:58	worker	@radioinfo;2017-03-21 - 2017-03-21;submitSocial;all;arwin
2017-03-23 05:02:00	worker	@979FeMaleRadio;2017-03-21 - 2017-03-21;submitSocial;all;arwin
2017-03-23 05:02:03	worker	@WomanRadio943FM;2017-03-21 - 2017-03-21;submitSocial;all;arwin
2017-03-23 05:02:06	worker	@VRadioFM;2017-03-21 - 2017-03-21;submitSocial;all;arwin
2017-03-23 05:02:08	worker	@UFM947;2017-03-21 - 2017-03-21;submitSocial;all;arwin
2017-03-23 05:02:10	worker	@VIVAnews;2017-03-21 - 2017-03-21;submitSocial;all;arwin
2017-03-23 05:02:13	worker	@antaranews;2017-03-21 - 2017-03-21;submitSocial;all;arwin
2017-03-23 05:02:16	worker	@tribunnews;2017-03-21 - 2017-03-21;submitSocial;all;arwin
2017-03-23 05:02:19	worker	@okezonenews;2017-03-21 - 2017-03-21;submitSocial;all;arwin
2017-03-23 05:02:22	worker	@Beritasatu;2017-03-21 - 2017-03-21;submitSocial;all;arwin
2017-03-23 05:02:24	worker	@rollingstoneina;2017-03-21 - 2017-03-21;submitSocial;all;arwin
2017-03-23 05:02:27	worker	@FIMELAdotcom;2017-03-21 - 2017-03-21;submitSocial;all;arwin
2017-03-23 05:02:30	worker	@KapanLagicom;2017-03-21 - 2017-03-21;submitSocial;all;arwin
2017-03-23 05:02:32	worker	@KompasEnt ;2017-03-21 - 2017-03-21;submitSocial;all;arwin
2017-03-23 05:02:35	worker	@HaiMagazine;2017-03-21 - 2017-03-21;submitSocial;all;arwin
2017-03-23 05:02:37	worker	@JakartaVenue;2017-03-21 - 2017-03-21;submitSocial;all;arwin
2017-03-23 05:02:40	worker	@SeputarEvent;2017-03-21 - 2017-03-21;submitSocial;all;arwin
2017-03-23 05:02:42	worker	@ismayaLive;2017-03-21 - 2017-03-21;submitSocial;all;arwin
2017-03-23 05:02:45	worker	@ECEntertainment;2017-03-21 - 2017-03-21;submitSocial;all;arwin
2017-03-23 05:02:47	worker	@synergism_En;2017-03-21 - 2017-03-21;submitSocial;all;arwin
2017-03-23 05:02:49	worker	@Urbanbandung;2017-03-21 - 2017-03-21;submitSocial;all;arwin
2017-03-23 05:02:51	worker	@Urbanrkm995;2017-03-21 - 2017-03-21;submitSocial;all;arwin
2017-03-23 05:02:54	worker	@Garuda_Promo;2017-03-21 - 2017-03-21;submitSocial;all;arwin
2017-03-23 05:02:57	worker	@AirAsiaID;2017-03-21 - 2017-03-21;submitSocial;all;arwin
2017-03-23 05:02:59	worker	@KAI121;2017-03-21 - 2017-03-21;submitSocial;all;arwin
2017-03-23 05:03:03	worker	@Unilever;2017-03-21 - 2017-03-21;submitSocial;all;arwin
2017-03-23 05:03:06	worker	@Nestle;2017-03-21 - 2017-03-21;submitSocial;all;arwin
2017-03-23 05:03:09	worker	@CocaCola;2017-03-21 - 2017-03-21;submitSocial;all;arwin
2017-03-23 05:03:15	worker	@CNN;2017-03-21 - 2017-03-21;submitSocial;all;arwin
2017-03-23 05:03:20	worker	@MTV;2017-03-21 - 2017-03-21;submitSocial;all;arwin
2017-03-23 05:03:22	worker	@channelv;2017-03-21 - 2017-03-21;submitSocial;all;arwin
2017-03-23 05:03:25	worker	@iTunesMusic;2017-03-21 - 2017-03-21;submitSocial;all;arwin
2017-03-23 05:03:29	worker	@mashable;2017-03-21 - 2017-03-21;submitSocial;all;arwin
2017-03-23 05:03:31	worker	@decacaz;2017-03-21 - 2017-03-21;submitSocial;all;arwin
2017-03-23 05:03:34	worker	@radiobaru967FM;2017-03-21 - 2017-03-21;submitSocial;all;arwin
2017-03-23 05:03:36	worker	@967HitzFM;2017-03-21 - 2017-03-21;submitSocial;all;arwin
2017-03-23 05:03:39	worker	@TVGuide;2017-03-21 - 2017-03-21;submitSocial;all;arwin
2017-03-23 05:03:42	worker	@XL123;2017-03-21 - 2017-03-21;submitSocial;all;arwin
2017-03-23 05:03:45	worker	@triindonesia;2017-03-21 - 2017-03-21;submitSocial;all;arwin
2017-03-23 05:03:48	worker	@kaskus;2017-03-21 - 2017-03-21;submitSocial;all;arwin
2017-03-23 05:03:50	worker	@Studio_XXI;2017-03-21 - 2017-03-21;submitSocial;all;arwin
2017-03-23 05:03:52	worker	@blitzmegaplex;2017-03-21 - 2017-03-21;submitSocial;all;arwin
2017-03-23 05:03:55	worker	@alfamartku;2017-03-21 - 2017-03-21;submitSocial;all;arwin
2017-03-23 05:03:57	worker	@Carrefour_ID;2017-03-21 - 2017-03-21;submitSocial;all;arwin
2017-03-23 05:04:01	worker	@BBCBreaking;2017-03-21 - 2017-03-21;submitSocial;all;arwin
2017-03-23 05:04:08	worker	@Forbes;2017-03-21 - 2017-03-21;submitSocial;all;arwin
2017-03-23 05:04:11	worker	@BensRadio;2017-03-21 - 2017-03-21;submitSocial;all;arwin
2017-03-23 05:04:17	worker	@instagram;2017-03-21 - 2017-03-21;submitSocial;all;arwin
2017-03-23 05:04:20	worker	@Pinterest;2017-03-21 - 2017-03-21;submitSocial;all;arwin
2017-03-23 05:04:27	worker	@google;2017-03-21 - 2017-03-21;submitSocial;all;arwin
2017-03-23 05:04:29	worker	@Pertaminalub;2017-03-21 - 2017-03-21;submitSocial;all;arwin
2017-03-23 05:04:32	worker	@InfoLalinTol;2017-03-21 - 2017-03-21;submitSocial;all;arwin
2017-03-23 05:04:35	worker	@PTJASAMARGA;2017-03-21 - 2017-03-21;submitSocial;all;arwin
2017-03-23 05:04:37	worker	@cititransindo;2017-03-21 - 2017-03-21;submitSocial;all;arwin
2017-03-23 05:04:39	worker	#semangatpagisuperr;2017-03-21 - 2017-03-21;submitSocial;all;arwin
2017-03-23 05:04:42	worker	#genkuisinsideout;2017-03-21 - 2017-03-21;submitSocial;all;arwin
2017-03-23 05:04:44	worker	#semangatpagi;2017-03-21 - 2017-03-21;submitSocial;all;arwin
2017-03-23 05:04:47	worker	#dikamar;2017-03-21 - 2017-03-21;submitSocial;all;arwin
2017-03-23 05:04:50	worker	#kopaja;2017-03-21 - 2017-03-21;submitSocial;all;arwin
2017-03-23 05:04:51	worker	#generaksi8;2017-03-21 - 2017-03-21;submitSocial;all;arwin
2017-03-23 05:04:54	worker	#hitztsp;2017-03-21 - 2017-03-21;submitSocial;all;arwin
2017-03-23 05:04:58	worker	#np;2017-03-21 - 2017-03-21;submitSocial;all;arwin
2017-03-23 05:05:01	worker	#hitzlivestage;2017-03-21 - 2017-03-21;submitSocial;all;arwin
2017-03-23 05:05:04	worker	#thefreaks;2017-03-21 - 2017-03-21;submitSocial;all;arwin
2017-03-23 05:05:06	worker	#hitzsirkuspagi;2017-03-21 - 2017-03-21;submitSocial;all;arwin
2017-03-23 05:05:09	worker	#hitzathlon;2017-03-21 - 2017-03-21;submitSocial;all;arwin
2017-03-23 05:05:12	worker	#hitzzombie;2017-03-21 - 2017-03-21;submitSocial;all;arwin
2017-03-23 05:05:14	worker	#hitzkalong;2017-03-21 - 2017-03-21;submitSocial;all;arwin
2017-03-23 05:05:17	worker	#hitzbebas;2017-03-21 - 2017-03-21;submitSocial;all;arwin
2017-03-23 05:05:19	worker	#hitzhorehara;2017-03-21 - 2017-03-21;submitSocial;all;arwin
2017-03-23 05:05:22	worker	@ZaloraID;2017-03-21 - 2017-03-21;submitSocial;all;arwin
2017-03-23 05:05:24	worker	@OLX_Indonesia;2017-03-21 - 2017-03-21;submitSocial;all;arwin
2017-03-23 05:05:27	worker	@LazadaID;2017-03-21 - 2017-03-21;submitSocial;all;arwin
2017-03-23 05:05:30	worker	@utrippers;2017-03-21 - 2017-03-21;submitSocial;all;arwin
2017-03-23 05:05:33	worker	@GoGobot;2017-03-21 - 2017-03-21;submitSocial;all;arwin
2017-03-23 05:05:35	worker	@viatortravel;2017-03-21 - 2017-03-21;submitSocial;all;arwin
2017-03-23 05:05:38	worker	@alandakariza;2017-03-21 - 2017-03-21;submitSocial;all;arwin
2017-03-23 05:05:40	worker	@gagasmedia;2017-03-21 - 2017-03-21;submitSocial;all;arwin
2017-03-23 05:05:43	worker	@welovehonda;2017-03-21 - 2017-03-21;submitSocial;all;arwin
2017-03-23 05:05:45	worker	@SuzukiMotorID;2017-03-21 - 2017-03-21;submitSocial;all;arwin
2017-03-23 05:05:48	worker	@kawasakilovers;2017-03-21 - 2017-03-21;submitSocial;all;arwin
2017-03-23 05:05:50	worker	@yamahaindonesia;2017-03-21 - 2017-03-21;submitSocial;all;arwin
2017-03-23 05:05:53	worker	@tripanzee;2017-03-21 - 2017-03-21;submitSocial;all;arwin
2017-03-23 05:05:55	worker	@arnoldpoernomo;2017-03-21 - 2017-03-21;submitSocial;all;arwin
2017-03-23 05:05:58	worker	@nicsap;2017-03-21 - 2017-03-21;submitSocial;all;arwin
2017-03-23 05:06:00	worker	@tiket2;2017-03-21 - 2017-03-21;submitSocial;all;arwin
2017-03-23 05:06:03	worker	@traveloka;2017-03-21 - 2017-03-21;submitSocial;all;arwin
2017-03-23 05:06:07	worker	@wego;2017-03-21 - 2017-03-21;submitSocial;all;arwin
2017-03-23 05:06:10	worker	@agoda;2017-03-21 - 2017-03-21;submitSocial;all;arwin
2017-03-23 05:06:12	worker	#salahsambung;2017-03-21 - 2017-03-21;submitSocial;all;arwin
2017-03-23 05:06:15	worker	#tulalit;2017-03-21 - 2017-03-21;submitSocial;all;arwin
2017-03-23 05:06:17	worker	#pestageneraksi8;2017-03-21 - 2017-03-21;submitSocial;all;arwin
2017-03-23 05:06:19	worker	#ganaskustik;2017-03-21 - 2017-03-21;submitSocial;all;arwin
2017-03-23 05:06:22	worker	#lnhot20;2017-03-21 - 2017-03-21;submitSocial;all;arwin
2017-03-23 05:06:24	worker	@TripAdvisor;2017-03-21 - 2017-03-21;submitSocial;all;arwin
2017-03-23 05:06:31	worker	@google;2017-03-21 - 2017-03-21;submitSocial;all;arwin
2017-03-23 05:06:35	worker	@Telkomsel;2017-03-21 - 2017-03-21;submitSocial;all;arwin
2017-03-23 05:06:38	worker	@indosat;2017-03-21 - 2017-03-21;submitSocial;all;arwin
2017-03-23 05:06:42	worker	@bahanafmjkt;2017-03-21 - 2017-03-21;submitSocial;all;2017-03-23 05:06:46	worker	@sonorafm92;2017-03-21 - 2017-03-21;submitSocial;all;arwin
2017-03-23 05:06:48	worker	@litefm1058;2017-03-21 - 2017-03-21;submitSocial;all;arwin
2017-03-23 05:06:50	worker	@Bravaradio;2017-03-21 - 2017-03-21;submitSocial;all;arwin
2017-03-23 05:06:54	worker	#dgitm;2017-03-21 - 2017-03-21;submitSocial;all;arwin
2017-03-23 05:06:56	worker	#hitsalaprambors;2017-03-21 - 2017-03-21;submitSocial;all;arwin
2017-03-23 05:06:58	worker	#reqprambors;2017-03-21 - 2017-03-21;submitSocial;all;arwin
2017-03-23 05:07:01	worker	#thedandees;2017-03-21 - 2017-03-21;submitSocial;all;arwin
2017-03-23 05:07:03	worker	#pramborsquiz;2017-03-21 - 2017-03-21;submitSocial;all;arwin
2017-03-23 05:07:06	worker	#jeliprambors;2017-03-21 - 2017-03-21;submitSocial;all;arwin
2017-03-23 05:07:08	worker	#jodohinprambors;2017-03-21 - 2017-03-21;submitSocial;all;arwin
2017-03-23 05:07:10	worker	#ubahdenganbicara;2017-03-21 - 2017-03-21;submitSocial;all;arwin
2017-03-23 05:07:13	worker	#pramborschat;2017-03-21 - 2017-03-21;submitSocial;all;arwin
2017-03-23 05:07:15	worker	#tweetforduit;2017-03-21 - 2017-03-21;submitSocial;all;arwin
2017-03-23 05:07:17	worker	#joki3in1;2017-03-21 - 2017-03-21;submitSocial;all;arwin
2017-03-23 05:07:20	worker	#sarapanseru;2017-03-21 - 2017-03-21;submitSocial;all;arwin
2017-03-23 05:07:22	worker	#rawonkaneloop;2017-03-21 - 2017-03-21;submitSocial;all;arwin
2017-03-23 05:07:24	worker	#gudegkendilkeraton;2017-03-21 - 2017-03-21;submitSocial;all;arwin
2017-03-23 05:07:27	worker	#gadogadobutika;2017-03-21 - 2017-03-21;submitSocial;all;arwin
2017-03-23 05:07:29	worker	#mtvhottest;2017-03-21 - 2017-03-21;submitSocial;all;arwin
2017-03-23 05:07:32	worker	#dimsumcjdw;2017-03-21 - 2017-03-21;submitSocial;all;arwin
2017-03-23 05:07:34	worker	#pecelmadiunmbakniek;2017-03-21 - 2017-03-21;submitSocial;all;arwin
2017-03-23 05:07:36	worker	#depotarema;2017-03-21 - 2017-03-21;submitSocial;all;arwin
2017-03-23 05:07:39	worker	@BNI46;2017-03-21 - 2017-03-21;submitSocial;all;arwin
2017-03-23 05:07:42	worker	@BANKBRI_ID;2017-03-21 - 2017-03-21;submitSocial;all;arwin
2017-03-23 05:07:44	worker	#bni46;2017-03-21 - 2017-03-21;submitSocial;all;arwin
2017-03-23 05:07:49	worker	macet;2017-03-21 - 2017-03-21;submitSocial;all;arwin
2017-03-23 05:07:51	worker	#selamatpagi;2017-03-21 - 2017-03-21;submitSocial;all;arwin
2017-03-23 05:07:54	worker	#selamatmalam;2017-03-21 - 2017-03-21;submitSocial;all;arwin
2017-03-23 05:07:56	worker	@884GlobalRadio;2017-03-21 - 2017-03-21;submitSocial;all;arwin
2017-03-23 05:07:59	worker	@day_trans;2017-03-21 - 2017-03-21;submitSocial;all;arwin
2017-03-23 05:08:01	worker	@kencanavoyage;2017-03-21 - 2017-03-21;submitSocial;all;arwin
2017-03-23 05:08:04	worker	@jukebox5d;2017-03-21 - 2017-03-21;submitSocial;all;arwin
2017-03-23 05:08:06	worker	#mtvhottest;2017-03-21 - 2017-03-21;submitSocial;all;arwin
2017-03-23 05:08:09	worker	#semangatpagi;2017-03-21 - 2017-03-21;submitSocial;all;arwin
2017-03-23 05:08:12	worker	lifebuoy;2017-03-21 - 2017-03-21;submitSocial;all;arwin
2017-03-23 05:08:18	worker	jokowi;2017-03-21 - 2017-03-21;submitSocial;all;arwin
2017-03-23 05:08:29	worker	obama;2017-03-21 - 2017-03-21;submitSocial;all;arwin
2017-03-23 05:08:32	worker	starwars;2017-03-21 - 2017-03-21;submitSocial;all;arwin
2017-03-23 05:08:36	worker	jonan;2017-03-21 - 2017-03-21;submitSocial;all;arwin
2017-03-23 05:08:45	worker	pagi;2017-03-21 - 2017-03-21;submitSocial;all;arwin
2017-03-23 05:08:48	worker	sampoerna;2017-03-21 - 2017-03-21;submitSocial;all;arwin
2017-03-23 05:08:51	worker	djarum;2017-03-21 - 2017-03-21;submitSocial;all;arwin
2017-03-23 05:08:54	worker	#semangatpagi;2017-03-21 - 2017-03-21;submitSocial;all;arwin
2017-03-23 05:08:56	worker	#generaksi8;2017-03-21 - 2017-03-21;submitSocial;all;arwin
2017-03-23 05:08:59	worker	#365alasan;2017-03-21 - 2017-03-21;submitSocial;all;arwin
2017-03-23 05:09:02	worker	weew;2017-03-21 - 2017-03-21;submitSocial;all;arwin
2017-03-23 05:09:11	worker	testing;2017-03-21 - 2017-03-21;submitSocial;all;arwin
2017-03-23 05:09:14	worker	#kopaja;2017-03-21 - 2017-03-21;submitSocial;all;arwin
2017-03-23 05:09:17	worker	#genkuisinsideout;2017-03-21 - 2017-03-21;submitSocial;all;arwin
2017-03-23 05:09:20	worker	starwars;2017-03-21 - 2017-03-21;submitSocial;all;arwin
2017-03-23 05:09:23	worker	#kopaja;2017-03-21 - 2017-03-21;submitSocial;all;arwin
2017-03-23 05:09:26	worker	mldspot;2017-03-21 - 2017-03-21;submitSocial;all;arwin
2017-03-23 05:09:28	worker	PBDjarum;2017-03-21 - 2017-03-21;submitSocial;all;arwin
2017-03-23 05:09:31	worker	TemanNabati;2017-03-21 - 2017-03-21;submitSocial;all;arwin
2017-03-23 05:09:34	worker	Nextar;2017-03-21 - 2017-03-21;submitSocial;all;arwin
2017-03-23 05:09:38	worker	jokowo;2017-03-21 - 2017-03-21;submitSocial;all;arwin
2017-03-23 05:09:41	worker	prabowo;2017-03-21 - 2017-03-21;submitSocial;all;arwin
2017-03-23 05:09:44	worker	sudirman said;2017-03-21 - 2017-03-21;submitSocial;all;arwin
2017-03-23 05:09:54	worker	ahok;2017-03-21 - 2017-03-21;submitSocial;all;arwin
2017-03-23 05:09:56	worker	setyanovanto;2017-03-21 - 2017-03-21;submitSocial;all;arwin
2017-03-23 05:10:03	worker	jokowi;2017-03-21 - 2017-03-21;submitSocial;all;arwin
2017-03-23 05:10:13	worker	ahok;2017-03-21 - 2017-03-21;submitSocial;all;arwin
2017-03-23 05:10:17	worker	prabowo;2017-03-21 - 2017-03-21;submitSocial;all;arwin
2017-03-23 05:10:19	worker	sudirman said;2017-03-21 - 2017-03-21;submitSocial;all;arwin
2017-03-23 05:10:22	worker	setyanovanto;2017-03-21 - 2017-03-21;submitSocial;all;arwin
2017-03-23 05:10:26	worker	galau;2017-03-21 - 2017-03-21;submitSocial;all;arwin
2017-03-23 05:10:29	worker	#prestasiindonesia;2017-03-21 - 2017-03-21;submitSocial;all;arwin
2017-03-23 05:10:32	worker	@Tw_Debi;2017-03-21 - 2017-03-21;submitSocial;all;arwin
2017-03-23 05:10:34	worker	@OfficialFastron;2017-03-21 - 2017-03-21;submitSocial;all;arwin
2017-03-23 05:10:36	worker	@CitibankID;2017-03-21 - 2017-03-21;submitSocial;all;arwin
2017-03-23 05:10:39	worker	@jak101fm;2017-03-21 - 2017-03-21;submitSocial;all;arwin
2017-03-23 05:10:42	worker	@genfm;2017-03-21 - 2017-03-21;submitSocial;all;arwin
