2017-04-05 05:00:05	worker	@987genfm;2017-04-03 - 2017-04-03;submitSocial;all;arwin
2017-04-05 05:00:07	worker	@101jakfm;2017-04-03 - 2017-04-03;submitSocial;all;arwin
2017-04-05 05:00:10	worker	@prambors;2017-04-03 - 2017-04-03;submitSocial;all;arwin
2017-04-05 05:00:12	worker	@hardrockfm;2017-04-03 - 2017-04-03;submitSocial;all;arwin
2017-04-05 05:00:15	worker	@kisfmjakarta;2017-04-03 - 2017-04-03;submitSocial;all;arwin
2017-04-05 05:00:17	worker	@delta_fm;2017-04-03 - 2017-04-03;submitSocial;all;arwin
2017-04-05 05:00:19	worker	@traxfmjkt;2017-04-03 - 2017-04-03;submitSocial;all;arwin
2017-04-05 05:00:22	worker	@iradiojakarta;2017-04-03 - 2017-04-03;submitSocial;all;arwin
2017-04-05 05:00:24	worker	@indika9160fm;2017-04-03 - 2017-04-03;submitSocial;all;arwin
2017-04-05 05:00:26	worker	@shellindonesia;2017-04-03 - 2017-04-03;submitSocial;all;arwin
2017-04-05 05:00:28	worker	@vpowerfans;2017-04-03 - 2017-04-03;submitSocial;all;arwin
2017-04-05 05:00:30	worker	@pertamaxind;2017-04-03 - 2017-04-03;submitSocial;all;arwin
2017-04-05 05:00:33	worker	@ptpertamina;2017-04-03 - 2017-04-03;submitSocial;all;arwin
2017-04-05 05:00:35	worker	@OZRadioJakarta;2017-04-03 - 2017-04-03;submitSocial;all;arwin
2017-04-05 05:00:37	worker	@CosmopolitanFM;2017-04-03 - 2017-04-03;submitSocial;all;arwin
2017-04-05 05:00:39	worker	@mustang88fm;2017-04-03 - 2017-04-03;submitSocial;all;arwin
2017-04-05 05:00:41	worker	@debabaz;2017-04-03 - 2017-04-03;submitSocial;all;arwin
2017-04-05 05:00:46	worker	@detikcom;2017-04-03 - 2017-04-03;submitSocial;all;arwin
2017-04-05 05:00:49	worker	@radioelshinta;2017-04-03 - 2017-04-03;submitSocial;all;arwin
2017-04-05 05:00:51	worker	@cinema21;2017-04-03 - 2017-04-03;submitSocial;all;arwin
2017-04-05 05:00:54	worker	@OfficialRCTI;2017-04-03 - 2017-04-03;submitSocial;all;arwin
2017-04-05 05:00:57	worker	@TRANSTV_CORP;2017-04-03 - 2017-04-03;submitSocial;all;arwin
2017-04-05 05:00:59	worker	@TRANS7;2017-04-03 - 2017-04-03;submitSocial;all;arwin
2017-04-05 05:01:03	worker	@Metro_TV;2017-04-03 - 2017-04-03;submitSocial;all;arwin
2017-04-05 05:01:06	worker	@tvOneNews;2017-04-03 - 2017-04-03;submitSocial;all;arwin
2017-04-05 05:01:09	worker	@whatsonANTV;2017-04-03 - 2017-04-03;submitSocial;all;arwin
2017-04-05 05:01:12	worker	@SCTV_;2017-04-03 - 2017-04-03;submitSocial;all;arwin
2017-04-05 05:01:17	worker	@KompasTV;2017-04-03 - 2017-04-03;submitSocial;all;arwin
2017-04-05 05:01:20	worker	@netmediatama;2017-04-03 - 2017-04-03;submitSocial;all;arwin
2017-04-05 05:01:22	worker	@Globaltvseru;2017-04-03 - 2017-04-03;submitSocial;all;arwin
2017-04-05 05:01:25	worker	@JaktvCom;2017-04-03 - 2017-04-03;submitSocial;all;arwin
2017-04-05 05:01:27	worker	@TVRINasional;2017-04-03 - 2017-04-03;submitSocial;all;arwin
2017-04-05 05:01:29	worker	@ochannelupdates;2017-04-03 - 2017-04-03;submitSocial;all;arwin
2017-04-05 05:01:32	worker	@IndosiarID;2017-04-03 - 2017-04-03;submitSocial;all;arwin
2017-04-05 05:01:36	worker	@kompascom;2017-04-03 - 2017-04-03;submitSocial;all;arwin
2017-04-05 05:01:38	worker	@merdekadotcom;2017-04-03 - 2017-04-03;submitSocial;all;arwin
2017-04-05 05:01:41	worker	@MIdotcom;2017-04-03 - 2017-04-03;submitSocial;all;arwin
2017-04-05 05:01:43	worker	@tempodotco;2017-04-03 - 2017-04-03;submitSocial;all;arwin
2017-04-05 05:01:46	worker	@motion975fm;2017-04-03 - 2017-04-03;submitSocial;all;arwin
2017-04-05 05:01:48	worker	@_radiotoday;2017-04-03 - 2017-04-03;submitSocial;all;arwin
2017-04-05 05:01:50	worker	@radioinfo;2017-04-03 - 2017-04-03;submitSocial;all;arwin
2017-04-05 05:01:52	worker	@979FeMaleRadio;2017-04-03 - 2017-04-03;submitSocial;all;arwin
2017-04-05 05:01:54	worker	@WomanRadio943FM;2017-04-03 - 2017-04-03;submitSocial;all;arwin
2017-04-05 05:01:57	worker	@VRadioFM;2017-04-03 - 2017-04-03;submitSocial;all;arwin
2017-04-05 05:01:58	worker	@UFM947;2017-04-03 - 2017-04-03;submitSocial;all;arwin
2017-04-05 05:02:01	worker	@VIVAnews;2017-04-03 - 2017-04-03;submitSocial;all;arwin
2017-04-05 05:02:03	worker	@antaranews;2017-04-03 - 2017-04-03;submitSocial;all;arwin
2017-04-05 05:02:06	worker	@tribunnews;2017-04-03 - 2017-04-03;submitSocial;all;arwin
2017-04-05 05:02:08	worker	@okezonenews;2017-04-03 - 2017-04-03;submitSocial;all;arwin
2017-04-05 05:02:11	worker	@Beritasatu;2017-04-03 - 2017-04-03;submitSocial;all;arwin
2017-04-05 05:02:13	worker	@rollingstoneina;2017-04-03 - 2017-04-03;submitSocial;all;arwin
2017-04-05 05:02:15	worker	@FIMELAdotcom;2017-04-03 - 2017-04-03;submitSocial;all;arwin
2017-04-05 05:02:17	worker	@KapanLagicom;2017-04-03 - 2017-04-03;submitSocial;all;arwin
2017-04-05 05:02:20	worker	@KompasEnt ;2017-04-03 - 2017-04-03;submitSocial;all;arwin
2017-04-05 05:02:22	worker	@HaiMagazine;2017-04-03 - 2017-04-03;submitSocial;all;arwin
2017-04-05 05:02:24	worker	@JakartaVenue;2017-04-03 - 2017-04-03;submitSocial;all;arwin
2017-04-05 05:02:26	worker	@SeputarEvent;2017-04-03 - 2017-04-03;submitSocial;all;arwin
2017-04-05 05:02:28	worker	@ismayaLive;2017-04-03 - 2017-04-03;submitSocial;all;arwin
2017-04-05 05:02:30	worker	@ECEntertainment;2017-04-03 - 2017-04-03;submitSocial;all;arwin
2017-04-05 05:02:32	worker	@synergism_En;2017-04-03 - 2017-04-03;submitSocial;all;arwin
2017-04-05 05:02:34	worker	@Urbanbandung;2017-04-03 - 2017-04-03;submitSocial;all;arwin
2017-04-05 05:02:36	worker	@Urbanrkm995;2017-04-03 - 2017-04-03;submitSocial;all;arwin
2017-04-05 05:02:38	worker	@Garuda_Promo;2017-04-03 - 2017-04-03;submitSocial;all;arwin
2017-04-05 05:02:41	worker	@AirAsiaID;2017-04-03 - 2017-04-03;submitSocial;all;arwin
2017-04-05 05:02:43	worker	@KAI121;2017-04-03 - 2017-04-03;submitSocial;all;arwin
2017-04-05 05:02:46	worker	@Unilever;2017-04-03 - 2017-04-03;submitSocial;all;arwin
2017-04-05 05:02:48	worker	@Nestle;2017-04-03 - 2017-04-03;submitSocial;all;arwin
2017-04-05 05:02:52	worker	@CocaCola;2017-04-03 - 2017-04-03;submitSocial;all;arwin
2017-04-05 05:03:00	worker	@CNN;2017-04-03 - 2017-04-03;submitSocial;all;arwin
2017-04-05 05:03:03	worker	@MTV;2017-04-03 - 2017-04-03;submitSocial;all;arwin
2017-04-05 05:03:05	worker	@channelv;2017-04-03 - 2017-04-03;submitSocial;all;arwin
2017-04-05 05:03:07	worker	@iTunesMusic;2017-04-03 - 2017-04-03;submitSocial;all;arwin
2017-04-05 05:03:12	worker	@mashable;2017-04-03 - 2017-04-03;submitSocial;all;arwin
2017-04-05 05:03:14	worker	@decacaz;2017-04-03 - 2017-04-03;submitSocial;all;arwin
2017-04-05 05:03:16	worker	@radiobaru967FM;2017-04-03 - 2017-04-03;submitSocial;all;arwin
2017-04-05 05:03:18	worker	@967HitzFM;2017-04-03 - 2017-04-03;submitSocial;all;arwin
2017-04-05 05:03:20	worker	@TVGuide;2017-04-03 - 2017-04-03;submitSocial;all;arwin
2017-04-05 05:03:23	worker	@XL123;2017-04-03 - 2017-04-03;submitSocial;all;arwin
2017-04-05 05:03:25	worker	@triindonesia;2017-04-03 - 2017-04-03;submitSocial;all;arwin
2017-04-05 05:03:28	worker	@kaskus;2017-04-03 - 2017-04-03;submitSocial;all;arwin
2017-04-05 05:03:30	worker	@Studio_XXI;2017-04-03 - 2017-04-03;submitSocial;all;arwin
2017-04-05 05:03:32	worker	@blitzmegaplex;2017-04-03 - 2017-04-03;submitSocial;all;arwin
2017-04-05 05:03:34	worker	@alfamartku;2017-04-03 - 2017-04-03;submitSocial;all;arwin
2017-04-05 05:03:36	worker	@Carrefour_ID;2017-04-03 - 2017-04-03;submitSocial;all;arwin
2017-04-05 05:03:40	worker	@BBCBreaking;2017-04-03 - 2017-04-03;submitSocial;all;arwin
2017-04-05 05:03:47	worker	@Forbes;2017-04-03 - 2017-04-03;submitSocial;all;arwin
2017-04-05 05:03:49	worker	@BensRadio;2017-04-03 - 2017-04-03;submitSocial;all;arwin
2017-04-05 05:03:54	worker	@instagram;2017-04-03 - 2017-04-03;submitSocial;all;arwin
2017-04-05 05:03:57	worker	@Pinterest;2017-04-03 - 2017-04-03;submitSocial;all;arwin
2017-04-05 05:04:03	worker	@google;2017-04-03 - 2017-04-03;submitSocial;all;arwin
2017-04-05 05:04:05	worker	@Pertaminalub;2017-04-03 - 2017-04-03;submitSocial;all;arwin
2017-04-05 05:04:07	worker	@InfoLalinTol;2017-04-03 - 2017-04-03;submitSocial;all;arwin
2017-04-05 05:04:09	worker	@PTJASAMARGA;2017-04-03 - 2017-04-03;submitSocial;all;arwin
2017-04-05 05:04:11	worker	@cititransindo;2017-04-03 - 2017-04-03;submitSocial;all;arwin
2017-04-05 05:04:13	worker	#semangatpagisuperr;2017-04-03 - 2017-04-03;submitSocial;all;arwin
2017-04-05 05:04:15	worker	#genkuisinsideout;2017-04-03 - 2017-04-03;submitSocial;all;arwin
2017-04-05 05:04:17	worker	#semangatpagi;2017-04-03 - 2017-04-03;submitSocial;all;arwin
2017-04-05 05:04:20	worker	#dikamar;2017-04-03 - 2017-04-03;submitSocial;all;arwin
2017-04-05 05:04:22	worker	#kopaja;2017-04-03 - 2017-04-03;submitSocial;all;arwin
2017-04-05 05:04:24	worker	#generaksi8;2017-04-03 - 2017-04-03;submitSocial;all;arwin
2017-04-05 05:04:26	worker	#hitztsp;2017-04-03 - 2017-04-03;submitSocial;all;arwin
2017-04-05 05:04:29	worker	#np;2017-04-03 - 2017-04-03;submitSocial;all;arwin
2017-04-05 05:04:31	worker	#hitzlivestage;2017-04-03 - 2017-04-03;submitSocial;all;arwin
2017-04-05 05:04:33	worker	#thefreaks;2017-04-03 - 2017-04-03;submitSocial;all;arwin
2017-04-05 05:04:35	worker	#hitzsirkuspagi;2017-04-03 - 2017-04-03;submitSocial;all;arwin
2017-04-05 05:04:38	worker	#hitzathlon;2017-04-03 - 2017-04-03;submitSocial;all;arwin
2017-04-05 05:04:40	worker	#hitzzombie;2017-04-03 - 2017-04-03;submitSocial;all;arwin
2017-04-05 05:04:42	worker	#hitzkalong;2017-04-03 - 2017-04-03;submitSocial;all;arwin
2017-04-05 05:04:44	worker	#hitzbebas;2017-04-03 - 2017-04-03;submitSocial;all;arwin
2017-04-05 05:04:46	worker	#hitzhorehara;2017-04-03 - 2017-04-03;submitSocial;all;arwin
2017-04-05 05:04:48	worker	@ZaloraID;2017-04-03 - 2017-04-03;submitSocial;all;arwin
2017-04-05 05:04:51	worker	@OLX_Indonesia;2017-04-03 - 2017-04-03;submitSocial;all;arwin
2017-04-05 05:04:53	worker	@LazadaID;2017-04-03 - 2017-04-03;submitSocial;all;arwin
2017-04-05 05:04:55	worker	@utrippers;2017-04-03 - 2017-04-03;submitSocial;all;arwin
2017-04-05 05:04:57	worker	@GoGobot;2017-04-03 - 2017-04-03;submitSocial;all;arwin
2017-04-05 05:05:00	worker	@viatortravel;2017-04-03 - 2017-04-03;submitSocial;all;arwin
2017-04-05 05:05:02	worker	@alandakariza;2017-04-03 - 2017-04-03;submitSocial;all;arwin
2017-04-05 05:05:04	worker	@gagasmedia;2017-04-03 - 2017-04-03;submitSocial;all;arwin
2017-04-05 05:05:08	worker	@welovehonda;2017-04-03 - 2017-04-03;submitSocial;all;arwin
2017-04-05 05:05:10	worker	@SuzukiMotorID;2017-04-03 - 2017-04-03;submitSocial;all;arwin
2017-04-05 05:05:12	worker	@kawasakilovers;2017-04-03 - 2017-04-03;submitSocial;all;arwin
2017-04-05 05:05:14	worker	@yamahaindonesia;2017-04-03 - 2017-04-03;submitSocial;all;arwin
2017-04-05 05:05:16	worker	@tripanzee;2017-04-03 - 2017-04-03;submitSocial;all;arwin
2017-04-05 05:05:18	worker	@arnoldpoernomo;2017-04-03 - 2017-04-03;submitSocial;all;arwin
2017-04-05 05:05:21	worker	@nicsap;2017-04-03 - 2017-04-03;submitSocial;all;arwin
2017-04-05 05:05:23	worker	@tiket2;2017-04-03 - 2017-04-03;submitSocial;all;arwin
2017-04-05 05:05:25	worker	@traveloka;2017-04-03 - 2017-04-03;submitSocial;all;arwin
2017-04-05 05:05:28	worker	@wego;2017-04-03 - 2017-04-03;submitSocial;all;arwin
2017-04-05 05:05:31	worker	@agoda;2017-04-03 - 2017-04-03;submitSocial;all;arwin
2017-04-05 05:05:33	worker	#salahsambung;2017-04-03 - 2017-04-03;submitSocial;all;arwin
2017-04-05 05:05:35	worker	#tulalit;2017-04-03 - 2017-04-03;submitSocial;all;arwin
2017-04-05 05:05:37	worker	#pestageneraksi8;2017-04-03 - 2017-04-03;submitSocial;all;arwin
2017-04-05 05:05:39	worker	#ganaskustik;2017-04-03 - 2017-04-03;submitSocial;all;arwin
2017-04-05 05:05:41	worker	#lnhot20;2017-04-03 - 2017-04-03;submitSocial;all;arwin
2017-04-05 05:05:44	worker	@TripAdvisor;2017-04-03 - 2017-04-03;submitSocial;all;arwin
2017-04-05 05:05:50	worker	@google;2017-04-03 - 2017-04-03;submitSocial;all;arwin
2017-04-05 05:05:53	worker	@Telkomsel;2017-04-03 - 2017-04-03;submitSocial;all;arwin
2017-04-05 05:05:56	worker	@indosat;2017-04-03 - 2017-04-03;submitSocial;all;arwin
2017-04-05 05:05:59	worker	@bahanafmjkt;2017-04-03 - 2017-04-03;submitSocial;all;2017-04-05 05:06:03	worker	@sonorafm92;2017-04-03 - 2017-04-03;submitSocial;all;arwin
2017-04-05 05:06:05	worker	@litefm1058;2017-04-03 - 2017-04-03;submitSocial;all;arwin
2017-04-05 05:06:07	worker	@Bravaradio;2017-04-03 - 2017-04-03;submitSocial;all;arwin
2017-04-05 05:06:10	worker	#dgitm;2017-04-03 - 2017-04-03;submitSocial;all;arwin
2017-04-05 05:06:12	worker	#hitsalaprambors;2017-04-03 - 2017-04-03;submitSocial;all;arwin
2017-04-05 05:06:14	worker	#reqprambors;2017-04-03 - 2017-04-03;submitSocial;all;arwin
2017-04-05 05:06:16	worker	#thedandees;2017-04-03 - 2017-04-03;submitSocial;all;arwin
2017-04-05 05:06:18	worker	#pramborsquiz;2017-04-03 - 2017-04-03;submitSocial;all;arwin
2017-04-05 05:06:20	worker	#jeliprambors;2017-04-03 - 2017-04-03;submitSocial;all;arwin
2017-04-05 05:06:22	worker	#jodohinprambors;2017-04-03 - 2017-04-03;submitSocial;all;arwin
2017-04-05 05:06:24	worker	#ubahdenganbicara;2017-04-03 - 2017-04-03;submitSocial;all;arwin
2017-04-05 05:06:26	worker	#pramborschat;2017-04-03 - 2017-04-03;submitSocial;all;arwin
2017-04-05 05:06:28	worker	#tweetforduit;2017-04-03 - 2017-04-03;submitSocial;all;arwin
2017-04-05 05:06:30	worker	#joki3in1;2017-04-03 - 2017-04-03;submitSocial;all;arwin
2017-04-05 05:06:32	worker	#sarapanseru;2017-04-03 - 2017-04-03;submitSocial;all;arwin
2017-04-05 05:06:34	worker	#rawonkaneloop;2017-04-03 - 2017-04-03;submitSocial;all;arwin
2017-04-05 05:06:36	worker	#gudegkendilkeraton;2017-04-03 - 2017-04-03;submitSocial;all;arwin
2017-04-05 05:06:38	worker	#gadogadobutika;2017-04-03 - 2017-04-03;submitSocial;all;arwin
2017-04-05 05:06:40	worker	#mtvhottest;2017-04-03 - 2017-04-03;submitSocial;all;arwin
2017-04-05 05:06:42	worker	#dimsumcjdw;2017-04-03 - 2017-04-03;submitSocial;all;arwin
2017-04-05 05:06:44	worker	#pecelmadiunmbakniek;2017-04-03 - 2017-04-03;submitSocial;all;arwin
2017-04-05 05:06:47	worker	#depotarema;2017-04-03 - 2017-04-03;submitSocial;all;arwin
2017-04-05 05:06:49	worker	@BNI46;2017-04-03 - 2017-04-03;submitSocial;all;arwin
2017-04-05 05:06:51	worker	@BANKBRI_ID;2017-04-03 - 2017-04-03;submitSocial;all;arwin
2017-04-05 05:06:53	worker	#bni46;2017-04-03 - 2017-04-03;submitSocial;all;arwin
2017-04-05 05:06:58	worker	macet;2017-04-03 - 2017-04-03;submitSocial;all;arwin
2017-04-05 05:07:00	worker	#selamatpagi;2017-04-03 - 2017-04-03;submitSocial;all;arwin
2017-04-05 05:07:02	worker	#selamatmalam;2017-04-03 - 2017-04-03;submitSocial;all;arwin
2017-04-05 05:07:04	worker	@884GlobalRadio;2017-04-03 - 2017-04-03;submitSocial;all;arwin
2017-04-05 05:07:07	worker	@day_trans;2017-04-03 - 2017-04-03;submitSocial;all;arwin
2017-04-05 05:07:09	worker	@kencanavoyage;2017-04-03 - 2017-04-03;submitSocial;all;arwin
2017-04-05 05:07:11	worker	@jukebox5d;2017-04-03 - 2017-04-03;submitSocial;all;arwin
2017-04-05 05:07:13	worker	#mtvhottest;2017-04-03 - 2017-04-03;submitSocial;all;arwin
2017-04-05 05:07:15	worker	#semangatpagi;2017-04-03 - 2017-04-03;submitSocial;all;arwin
2017-04-05 05:07:17	worker	lifebuoy;2017-04-03 - 2017-04-03;submitSocial;all;arwin
2017-04-05 05:07:23	worker	jokowi;2017-04-03 - 2017-04-03;submitSocial;all;arwin
2017-04-05 05:07:30	worker	obama;2017-04-03 - 2017-04-03;submitSocial;all;arwin
2017-04-05 05:07:32	worker	starwars;2017-04-03 - 2017-04-03;submitSocial;all;arwin
2017-04-05 05:07:36	worker	jonan;2017-04-03 - 2017-04-03;submitSocial;all;arwin
2017-04-05 05:07:44	worker	pagi;2017-04-03 - 2017-04-03;submitSocial;all;arwin
2017-04-05 05:07:47	worker	sampoerna;2017-04-03 - 2017-04-03;submitSocial;all;arwin
2017-04-05 05:07:49	worker	djarum;2017-04-03 - 2017-04-03;submitSocial;all;arwin
2017-04-05 05:07:52	worker	#semangatpagi;2017-04-03 - 2017-04-03;submitSocial;all;arwin
2017-04-05 05:07:53	worker	#generaksi8;2017-04-03 - 2017-04-03;submitSocial;all;arwin
2017-04-05 05:07:55	worker	#365alasan;2017-04-03 - 2017-04-03;submitSocial;all;arwin
2017-04-05 05:07:58	worker	weew;2017-04-03 - 2017-04-03;submitSocial;all;arwin
2017-04-05 05:08:05	worker	testing;2017-04-03 - 2017-04-03;submitSocial;all;arwin
2017-04-05 05:08:07	worker	#kopaja;2017-04-03 - 2017-04-03;submitSocial;all;arwin
2017-04-05 05:08:09	worker	#genkuisinsideout;2017-04-03 - 2017-04-03;submitSocial;all;arwin
2017-04-05 05:08:12	worker	starwars;2017-04-03 - 2017-04-03;submitSocial;all;arwin
2017-04-05 05:08:15	worker	#kopaja;2017-04-03 - 2017-04-03;submitSocial;all;arwin
2017-04-05 05:08:17	worker	mldspot;2017-04-03 - 2017-04-03;submitSocial;all;arwin
2017-04-05 05:08:20	worker	PBDjarum;2017-04-03 - 2017-04-03;submitSocial;all;arwin
2017-04-05 05:08:22	worker	TemanNabati;2017-04-03 - 2017-04-03;submitSocial;all;arwin
2017-04-05 05:08:25	worker	Nextar;2017-04-03 - 2017-04-03;submitSocial;all;arwin
2017-04-05 05:08:27	worker	jokowo;2017-04-03 - 2017-04-03;submitSocial;all;arwin
2017-04-05 05:08:31	worker	prabowo;2017-04-03 - 2017-04-03;submitSocial;all;arwin
2017-04-05 05:08:33	worker	sudirman said;2017-04-03 - 2017-04-03;submitSocial;all;arwin
2017-04-05 05:08:40	worker	ahok;2017-04-03 - 2017-04-03;submitSocial;all;arwin
2017-04-05 05:08:42	worker	setyanovanto;2017-04-03 - 2017-04-03;submitSocial;all;arwin
2017-04-05 05:08:48	worker	jokowi;2017-04-03 - 2017-04-03;submitSocial;all;arwin
2017-04-05 05:08:55	worker	ahok;2017-04-03 - 2017-04-03;submitSocial;all;arwin
2017-04-05 05:08:58	worker	prabowo;2017-04-03 - 2017-04-03;submitSocial;all;arwin
2017-04-05 05:09:00	worker	sudirman said;2017-04-03 - 2017-04-03;submitSocial;all;arwin
2017-04-05 05:09:03	worker	setyanovanto;2017-04-03 - 2017-04-03;submitSocial;all;arwin
2017-04-05 05:09:06	worker	galau;2017-04-03 - 2017-04-03;submitSocial;all;arwin
2017-04-05 05:09:08	worker	#prestasiindonesia;2017-04-03 - 2017-04-03;submitSocial;all;arwin
2017-04-05 05:09:11	worker	@Tw_Debi;2017-04-03 - 2017-04-03;submitSocial;all;arwin
2017-04-05 05:09:13	worker	@OfficialFastron;2017-04-03 - 2017-04-03;submitSocial;all;arwin
2017-04-05 05:09:15	worker	@CitibankID;2017-04-03 - 2017-04-03;submitSocial;all;arwin
2017-04-05 05:09:17	worker	@jak101fm;2017-04-03 - 2017-04-03;submitSocial;all;arwin
2017-04-05 05:09:20	worker	@genfm;2017-04-03 - 2017-04-03;submitSocial;all;arwin
