2017-11-09 05:00:07	worker	@987genfm;2017-11-07 - 2017-11-07;submitSocial;all;arwin
2017-11-09 05:00:09	worker	@101jakfm;2017-11-07 - 2017-11-07;submitSocial;all;arwin
2017-11-09 05:00:12	worker	@prambors;2017-11-07 - 2017-11-07;submitSocial;all;arwin
2017-11-09 05:00:14	worker	@hardrockfm;2017-11-07 - 2017-11-07;submitSocial;all;arwin
2017-11-09 05:00:16	worker	@kisfmjakarta;2017-11-07 - 2017-11-07;submitSocial;all;arwin
2017-11-09 05:00:19	worker	@delta_fm;2017-11-07 - 2017-11-07;submitSocial;all;arwin
2017-11-09 05:00:21	worker	@traxfmjkt;2017-11-07 - 2017-11-07;submitSocial;all;arwin
2017-11-09 05:00:23	worker	@iradiojakarta;2017-11-07 - 2017-11-07;submitSocial;all;arwin
2017-11-09 05:00:25	worker	@indika9160fm;2017-11-07 - 2017-11-07;submitSocial;all;arwin
2017-11-09 05:00:27	worker	@shellindonesia;2017-11-07 - 2017-11-07;submitSocial;all;arwin
2017-11-09 05:00:30	worker	@vpowerfans;2017-11-07 - 2017-11-07;submitSocial;all;arwin
2017-11-09 05:00:32	worker	@pertamaxind;2017-11-07 - 2017-11-07;submitSocial;all;arwin
2017-11-09 05:00:34	worker	@ptpertamina;2017-11-07 - 2017-11-07;submitSocial;all;arwin
2017-11-09 05:00:37	worker	@OZRadioJakarta;2017-11-07 - 2017-11-07;submitSocial;all;arwin
2017-11-09 05:00:39	worker	@CosmopolitanFM;2017-11-07 - 2017-11-07;submitSocial;all;arwin
2017-11-09 05:00:41	worker	@mustang88fm;2017-11-07 - 2017-11-07;submitSocial;all;arwin
2017-11-09 05:00:43	worker	@debabaz;2017-11-07 - 2017-11-07;submitSocial;all;arwin
2017-11-09 05:00:48	worker	@detikcom;2017-11-07 - 2017-11-07;submitSocial;all;arwin
2017-11-09 05:00:50	worker	@radioelshinta;2017-11-07 - 2017-11-07;submitSocial;all;arwin
2017-11-09 05:00:52	worker	@cinema21;2017-11-07 - 2017-11-07;submitSocial;all;arwin
2017-11-09 05:00:55	worker	@OfficialRCTI;2017-11-07 - 2017-11-07;submitSocial;all;arwin
2017-11-09 05:00:57	worker	@TRANSTV_CORP;2017-11-07 - 2017-11-07;submitSocial;all;arwin
2017-11-09 05:00:59	worker	@TRANS7;2017-11-07 - 2017-11-07;submitSocial;all;arwin
2017-11-09 05:01:03	worker	@Metro_TV;2017-11-07 - 2017-11-07;submitSocial;all;arwin
2017-11-09 05:01:07	worker	@tvOneNews;2017-11-07 - 2017-11-07;submitSocial;all;arwin
2017-11-09 05:01:10	worker	@whatsonANTV;2017-11-07 - 2017-11-07;submitSocial;all;arwin
2017-11-09 05:01:13	worker	@SCTV_;2017-11-07 - 2017-11-07;submitSocial;all;arwin
2017-11-09 05:01:16	worker	@KompasTV;2017-11-07 - 2017-11-07;submitSocial;all;arwin
2017-11-09 05:01:19	worker	@netmediatama;2017-11-07 - 2017-11-07;submitSocial;all;arwin
2017-11-09 05:01:21	worker	@Globaltvseru;2017-11-07 - 2017-11-07;submitSocial;all;arwin
2017-11-09 05:01:23	worker	@JaktvCom;2017-11-07 - 2017-11-07;submitSocial;all;arwin
2017-11-09 05:01:25	worker	@TVRINasional;2017-11-07 - 2017-11-07;submitSocial;all;arwin
2017-11-09 05:01:27	worker	@ochannelupdates;2017-11-07 - 2017-11-07;submitSocial;all;arwin
2017-11-09 05:01:30	worker	@IndosiarID;2017-11-07 - 2017-11-07;submitSocial;all;arwin
2017-11-09 05:01:35	worker	@kompascom;2017-11-07 - 2017-11-07;submitSocial;all;arwin
2017-11-09 05:01:38	worker	@merdekadotcom;2017-11-07 - 2017-11-07;submitSocial;all;arwin
2017-11-09 05:01:40	worker	@MIdotcom;2017-11-07 - 2017-11-07;submitSocial;all;arwin
2017-11-09 05:01:42	worker	@tempodotco;2017-11-07 - 2017-11-07;submitSocial;all;arwin
2017-11-09 05:01:45	worker	@motion975fm;2017-11-07 - 2017-11-07;submitSocial;all;arwin
2017-11-09 05:01:47	worker	@_radiotoday;2017-11-07 - 2017-11-07;submitSocial;all;arwin
2017-11-09 05:01:49	worker	@radioinfo;2017-11-07 - 2017-11-07;submitSocial;all;arwin
2017-11-09 05:01:51	worker	@979FeMaleRadio;2017-11-07 - 2017-11-07;submitSocial;all;arwin
2017-11-09 05:01:53	worker	@WomanRadio943FM;2017-11-07 - 2017-11-07;submitSocial;all;arwin
2017-11-09 05:01:55	worker	@VRadioFM;2017-11-07 - 2017-11-07;submitSocial;all;arwin
2017-11-09 05:01:57	worker	@UFM947;2017-11-07 - 2017-11-07;submitSocial;all;arwin
2017-11-09 05:02:00	worker	@VIVAnews;2017-11-07 - 2017-11-07;submitSocial;all;arwin
2017-11-09 05:02:02	worker	@antaranews;2017-11-07 - 2017-11-07;submitSocial;all;arwin
2017-11-09 05:02:05	worker	@tribunnews;2017-11-07 - 2017-11-07;submitSocial;all;arwin
2017-11-09 05:02:07	worker	@okezonenews;2017-11-07 - 2017-11-07;submitSocial;all;arwin
2017-11-09 05:02:10	worker	@Beritasatu;2017-11-07 - 2017-11-07;submitSocial;all;arwin
2017-11-09 05:02:12	worker	@rollingstoneina;2017-11-07 - 2017-11-07;submitSocial;all;arwin
2017-11-09 05:02:14	worker	@FIMELAdotcom;2017-11-07 - 2017-11-07;submitSocial;all;arwin
2017-11-09 05:02:16	worker	@KapanLagicom;2017-11-07 - 2017-11-07;submitSocial;all;arwin
2017-11-09 05:02:18	worker	@KompasEnt ;2017-11-07 - 2017-11-07;submitSocial;all;arwin
2017-11-09 05:02:20	worker	@HaiMagazine;2017-11-07 - 2017-11-07;submitSocial;all;arwin
2017-11-09 05:02:22	worker	@JakartaVenue;2017-11-07 - 2017-11-07;submitSocial;all;arwin
2017-11-09 05:02:25	worker	@SeputarEvent;2017-11-07 - 2017-11-07;submitSocial;all;arwin
2017-11-09 05:02:27	worker	@ismayaLive;2017-11-07 - 2017-11-07;submitSocial;all;arwin
2017-11-09 05:02:29	worker	@ECEntertainment;2017-11-07 - 2017-11-07;submitSocial;all;arwin
2017-11-09 05:02:31	worker	@synergism_En;2017-11-07 - 2017-11-07;submitSocial;all;arwin
2017-11-09 05:02:33	worker	@Urbanbandung;2017-11-07 - 2017-11-07;submitSocial;all;arwin
2017-11-09 05:02:35	worker	@Urbanrkm995;2017-11-07 - 2017-11-07;submitSocial;all;arwin
2017-11-09 05:02:37	worker	@Garuda_Promo;2017-11-07 - 2017-11-07;submitSocial;all;arwin
2017-11-09 05:02:39	worker	@AirAsiaID;2017-11-07 - 2017-11-07;submitSocial;all;arwin
2017-11-09 05:02:41	worker	@KAI121;2017-11-07 - 2017-11-07;submitSocial;all;arwin
2017-11-09 05:02:44	worker	@Unilever;2017-11-07 - 2017-11-07;submitSocial;all;arwin
2017-11-09 05:02:47	worker	@Nestle;2017-11-07 - 2017-11-07;submitSocial;all;arwin
2017-11-09 05:02:50	worker	@CocaCola;2017-11-07 - 2017-11-07;submitSocial;all;arwin
2017-11-09 05:02:59	worker	@CNN;2017-11-07 - 2017-11-07;submitSocial;all;arwin
2017-11-09 05:03:04	worker	@MTV;2017-11-07 - 2017-11-07;submitSocial;all;arwin
2017-11-09 05:03:06	worker	@channelv;2017-11-07 - 2017-11-07;submitSocial;all;arwin
2017-11-09 05:03:08	worker	@iTunesMusic;2017-11-07 - 2017-11-07;submitSocial;all;arwin
2017-11-09 05:03:12	worker	@mashable;2017-11-07 - 2017-11-07;submitSocial;all;arwin
2017-11-09 05:03:14	worker	@decacaz;2017-11-07 - 2017-11-07;submitSocial;all;arwin
2017-11-09 05:03:16	worker	@radiobaru967FM;2017-11-07 - 2017-11-07;submitSocial;all;arwin
2017-11-09 05:03:18	worker	@967HitzFM;2017-11-07 - 2017-11-07;submitSocial;all;arwin
2017-11-09 05:03:21	worker	@TVGuide;2017-11-07 - 2017-11-07;submitSocial;all;arwin
2017-11-09 05:03:23	worker	@XL123;2017-11-07 - 2017-11-07;submitSocial;all;arwin
2017-11-09 05:03:25	worker	@triindonesia;2017-11-07 - 2017-11-07;submitSocial;all;arwin
2017-11-09 05:03:28	worker	@kaskus;2017-11-07 - 2017-11-07;submitSocial;all;arwin
2017-11-09 05:03:30	worker	@Studio_XXI;2017-11-07 - 2017-11-07;submitSocial;all;arwin
2017-11-09 05:03:32	worker	@blitzmegaplex;2017-11-07 - 2017-11-07;submitSocial;all;arwin
2017-11-09 05:03:34	worker	@alfamartku;2017-11-07 - 2017-11-07;submitSocial;all;arwin
2017-11-09 05:03:36	worker	@Carrefour_ID;2017-11-07 - 2017-11-07;submitSocial;all;arwin
2017-11-09 05:03:41	worker	@BBCBreaking;2017-11-07 - 2017-11-07;submitSocial;all;arwin
2017-11-09 05:03:48	worker	@Forbes;2017-11-07 - 2017-11-07;submitSocial;all;arwin
2017-11-09 05:03:50	worker	@BensRadio;2017-11-07 - 2017-11-07;submitSocial;all;arwin
2017-11-09 05:03:56	worker	@instagram;2017-11-07 - 2017-11-07;submitSocial;all;arwin
2017-11-09 05:03:59	worker	@Pinterest;2017-11-07 - 2017-11-07;submitSocial;all;arwin
2017-11-09 05:04:06	worker	@google;2017-11-07 - 2017-11-07;submitSocial;all;arwin
2017-11-09 05:04:08	worker	@Pertaminalub;2017-11-07 - 2017-11-07;submitSocial;all;arwin
2017-11-09 05:04:10	worker	@InfoLalinTol;2017-11-07 - 2017-11-07;submitSocial;all;arwin
2017-11-09 05:04:12	worker	@PTJASAMARGA;2017-11-07 - 2017-11-07;submitSocial;all;arwin
2017-11-09 05:04:14	worker	@cititransindo;2017-11-07 - 2017-11-07;submitSocial;all;arwin
2017-11-09 05:04:16	worker	#semangatpagisuperr;2017-11-07 - 2017-11-07;submitSocial;all;arwin
2017-11-09 05:04:18	worker	#genkuisinsideout;2017-11-07 - 2017-11-07;submitSocial;all;arwin
2017-11-09 05:04:20	worker	#semangatpagi;2017-11-07 - 2017-11-07;submitSocial;all;arwin
2017-11-09 05:04:23	worker	#dikamar;2017-11-07 - 2017-11-07;submitSocial;all;arwin
2017-11-09 05:04:25	worker	#kopaja;2017-11-07 - 2017-11-07;submitSocial;all;arwin
2017-11-09 05:04:27	worker	#generaksi8;2017-11-07 - 2017-11-07;submitSocial;all;arwin
2017-11-09 05:04:29	worker	#hitztsp;2017-11-07 - 2017-11-07;submitSocial;all;arwin
2017-11-09 05:04:32	worker	#np;2017-11-07 - 2017-11-07;submitSocial;all;arwin
2017-11-09 05:04:34	worker	#hitzlivestage;2017-11-07 - 2017-11-07;submitSocial;all;arwin
2017-11-09 05:04:36	worker	#thefreaks;2017-11-07 - 2017-11-07;submitSocial;all;arwin
2017-11-09 05:04:38	worker	#hitzsirkuspagi;2017-11-07 - 2017-11-07;submitSocial;all;arwin
2017-11-09 05:04:40	worker	#hitzathlon;2017-11-07 - 2017-11-07;submitSocial;all;arwin
2017-11-09 05:04:42	worker	#hitzzombie;2017-11-07 - 2017-11-07;submitSocial;all;arwin
2017-11-09 05:04:44	worker	#hitzkalong;2017-11-07 - 2017-11-07;submitSocial;all;arwin
2017-11-09 05:04:47	worker	#hitzbebas;2017-11-07 - 2017-11-07;submitSocial;all;arwin
2017-11-09 05:04:49	worker	#hitzhorehara;2017-11-07 - 2017-11-07;submitSocial;all;arwin
2017-11-09 05:04:51	worker	@ZaloraID;2017-11-07 - 2017-11-07;submitSocial;all;arwin
2017-11-09 05:04:53	worker	@OLX_Indonesia;2017-11-07 - 2017-11-07;submitSocial;all;arwin
2017-11-09 05:04:56	worker	@LazadaID;2017-11-07 - 2017-11-07;submitSocial;all;arwin
2017-11-09 05:04:58	worker	@utrippers;2017-11-07 - 2017-11-07;submitSocial;all;arwin
2017-11-09 05:05:00	worker	@GoGobot;2017-11-07 - 2017-11-07;submitSocial;all;arwin
2017-11-09 05:05:03	worker	@viatortravel;2017-11-07 - 2017-11-07;submitSocial;all;arwin
2017-11-09 05:05:05	worker	@alandakariza;2017-11-07 - 2017-11-07;submitSocial;all;arwin
2017-11-09 05:05:08	worker	@gagasmedia;2017-11-07 - 2017-11-07;submitSocial;all;arwin
2017-11-09 05:05:10	worker	@welovehonda;2017-11-07 - 2017-11-07;submitSocial;all;arwin
2017-11-09 05:05:12	worker	@SuzukiMotorID;2017-11-07 - 2017-11-07;submitSocial;all;arwin
2017-11-09 05:05:14	worker	@kawasakilovers;2017-11-07 - 2017-11-07;submitSocial;all;arwin
2017-11-09 05:05:16	worker	@yamahaindonesia;2017-11-07 - 2017-11-07;submitSocial;all;arwin
2017-11-09 05:05:19	worker	@tripanzee;2017-11-07 - 2017-11-07;submitSocial;all;arwin
2017-11-09 05:05:21	worker	@arnoldpoernomo;2017-11-07 - 2017-11-07;submitSocial;all;arwin
2017-11-09 05:05:23	worker	@nicsap;2017-11-07 - 2017-11-07;submitSocial;all;arwin
2017-11-09 05:05:25	worker	@tiket2;2017-11-07 - 2017-11-07;submitSocial;all;arwin
2017-11-09 05:05:27	worker	@traveloka;2017-11-07 - 2017-11-07;submitSocial;all;arwin
2017-11-09 05:05:30	worker	@wego;2017-11-07 - 2017-11-07;submitSocial;all;arwin
2017-11-09 05:05:33	worker	@agoda;2017-11-07 - 2017-11-07;submitSocial;all;arwin
2017-11-09 05:05:35	worker	#salahsambung;2017-11-07 - 2017-11-07;submitSocial;all;arwin
2017-11-09 05:05:37	worker	#tulalit;2017-11-07 - 2017-11-07;submitSocial;all;arwin
2017-11-09 05:05:39	worker	#pestageneraksi8;2017-11-07 - 2017-11-07;submitSocial;all;arwin
2017-11-09 05:05:41	worker	#ganaskustik;2017-11-07 - 2017-11-07;submitSocial;all;arwin
2017-11-09 05:05:43	worker	#lnhot20;2017-11-07 - 2017-11-07;submitSocial;all;arwin
2017-11-09 05:05:45	worker	@TripAdvisor;2017-11-07 - 2017-11-07;submitSocial;all;arwin
2017-11-09 05:05:52	worker	@google;2017-11-07 - 2017-11-07;submitSocial;all;arwin
2017-11-09 05:05:55	worker	@Telkomsel;2017-11-07 - 2017-11-07;submitSocial;all;arwin
2017-11-09 05:05:58	worker	@indosat;2017-11-07 - 2017-11-07;submitSocial;all;arwin
2017-11-09 05:06:01	worker	@bahanafmjkt;2017-11-07 - 2017-11-07;submitSocial;all;2017-11-09 05:06:05	worker	@sonorafm92;2017-11-07 - 2017-11-07;submitSocial;all;arwin
2017-11-09 05:06:06	worker	@litefm1058;2017-11-07 - 2017-11-07;submitSocial;all;arwin
2017-11-09 05:06:09	worker	@Bravaradio;2017-11-07 - 2017-11-07;submitSocial;all;arwin
2017-11-09 05:06:11	worker	#dgitm;2017-11-07 - 2017-11-07;submitSocial;all;arwin
2017-11-09 05:06:13	worker	#hitsalaprambors;2017-11-07 - 2017-11-07;submitSocial;all;arwin
2017-11-09 05:06:15	worker	#reqprambors;2017-11-07 - 2017-11-07;submitSocial;all;arwin
2017-11-09 05:06:17	worker	#thedandees;2017-11-07 - 2017-11-07;submitSocial;all;arwin
2017-11-09 05:06:19	worker	#pramborsquiz;2017-11-07 - 2017-11-07;submitSocial;all;arwin
2017-11-09 05:06:21	worker	#jeliprambors;2017-11-07 - 2017-11-07;submitSocial;all;arwin
2017-11-09 05:06:23	worker	#jodohinprambors;2017-11-07 - 2017-11-07;submitSocial;all;arwin
2017-11-09 05:06:25	worker	#ubahdenganbicara;2017-11-07 - 2017-11-07;submitSocial;all;arwin
2017-11-09 05:06:27	worker	#pramborschat;2017-11-07 - 2017-11-07;submitSocial;all;arwin
2017-11-09 05:06:29	worker	#tweetforduit;2017-11-07 - 2017-11-07;submitSocial;all;arwin
2017-11-09 05:06:31	worker	#joki3in1;2017-11-07 - 2017-11-07;submitSocial;all;arwin
2017-11-09 05:06:33	worker	#sarapanseru;2017-11-07 - 2017-11-07;submitSocial;all;arwin
2017-11-09 05:06:35	worker	#rawonkaneloop;2017-11-07 - 2017-11-07;submitSocial;all;arwin
2017-11-09 05:06:37	worker	#gudegkendilkeraton;2017-11-07 - 2017-11-07;submitSocial;all;arwin
2017-11-09 05:06:39	worker	#gadogadobutika;2017-11-07 - 2017-11-07;submitSocial;all;arwin
2017-11-09 05:06:41	worker	#mtvhottest;2017-11-07 - 2017-11-07;submitSocial;all;arwin
2017-11-09 05:06:44	worker	#dimsumcjdw;2017-11-07 - 2017-11-07;submitSocial;all;arwin
2017-11-09 05:06:45	worker	#pecelmadiunmbakniek;2017-11-07 - 2017-11-07;submitSocial;all;arwin
2017-11-09 05:06:48	worker	#depotarema;2017-11-07 - 2017-11-07;submitSocial;all;arwin
2017-11-09 05:06:50	worker	@BNI46;2017-11-07 - 2017-11-07;submitSocial;all;arwin
2017-11-09 05:06:52	worker	@BANKBRI_ID;2017-11-07 - 2017-11-07;submitSocial;all;arwin
2017-11-09 05:06:54	worker	#bni46;2017-11-07 - 2017-11-07;submitSocial;all;arwin
2017-11-09 05:07:01	worker	macet;2017-11-07 - 2017-11-07;submitSocial;all;arwin
2017-11-09 05:07:03	worker	#selamatpagi;2017-11-07 - 2017-11-07;submitSocial;all;arwin
2017-11-09 05:07:05	worker	#selamatmalam;2017-11-07 - 2017-11-07;submitSocial;all;arwin
2017-11-09 05:07:07	worker	@884GlobalRadio;2017-11-07 - 2017-11-07;submitSocial;all;arwin
2017-11-09 05:07:09	worker	@day_trans;2017-11-07 - 2017-11-07;submitSocial;all;arwin
2017-11-09 05:07:11	worker	@kencanavoyage;2017-11-07 - 2017-11-07;submitSocial;all;arwin
2017-11-09 05:07:13	worker	@jukebox5d;2017-11-07 - 2017-11-07;submitSocial;all;arwin
2017-11-09 05:07:16	worker	#mtvhottest;2017-11-07 - 2017-11-07;submitSocial;all;arwin
2017-11-09 05:07:18	worker	#semangatpagi;2017-11-07 - 2017-11-07;submitSocial;all;arwin
2017-11-09 05:07:20	worker	lifebuoy;2017-11-07 - 2017-11-07;submitSocial;all;arwin
2017-11-09 05:07:26	worker	jokowi;2017-11-07 - 2017-11-07;submitSocial;all;arwin
2017-11-09 05:07:35	worker	obama;2017-11-07 - 2017-11-07;submitSocial;all;arwin
2017-11-09 05:07:37	worker	starwars;2017-11-07 - 2017-11-07;submitSocial;all;arwin
2017-11-09 05:07:40	worker	jonan;2017-11-07 - 2017-11-07;submitSocial;all;arwin
2017-11-09 05:07:49	worker	pagi;2017-11-07 - 2017-11-07;submitSocial;all;arwin
2017-11-09 05:07:51	worker	sampoerna;2017-11-07 - 2017-11-07;submitSocial;all;arwin
2017-11-09 05:07:54	worker	djarum;2017-11-07 - 2017-11-07;submitSocial;all;arwin
2017-11-09 05:07:56	worker	#semangatpagi;2017-11-07 - 2017-11-07;submitSocial;all;arwin
2017-11-09 05:07:57	worker	#generaksi8;2017-11-07 - 2017-11-07;submitSocial;all;arwin
2017-11-09 05:07:59	worker	#365alasan;2017-11-07 - 2017-11-07;submitSocial;all;arwin
2017-11-09 05:08:02	worker	weew;2017-11-07 - 2017-11-07;submitSocial;all;arwin
2017-11-09 05:08:11	worker	testing;2017-11-07 - 2017-11-07;submitSocial;all;arwin
2017-11-09 05:08:13	worker	#kopaja;2017-11-07 - 2017-11-07;submitSocial;all;arwin
2017-11-09 05:08:15	worker	#genkuisinsideout;2017-11-07 - 2017-11-07;submitSocial;all;arwin
2017-11-09 05:08:18	worker	starwars;2017-11-07 - 2017-11-07;submitSocial;all;arwin
2017-11-09 05:08:20	worker	#kopaja;2017-11-07 - 2017-11-07;submitSocial;all;arwin
2017-11-09 05:08:23	worker	mldspot;2017-11-07 - 2017-11-07;submitSocial;all;arwin
2017-11-09 05:08:25	worker	PBDjarum;2017-11-07 - 2017-11-07;submitSocial;all;arwin
2017-11-09 05:08:27	worker	TemanNabati;2017-11-07 - 2017-11-07;submitSocial;all;arwin
2017-11-09 05:08:30	worker	Nextar;2017-11-07 - 2017-11-07;submitSocial;all;arwin
2017-11-09 05:08:33	worker	jokowo;2017-11-07 - 2017-11-07;submitSocial;all;arwin
2017-11-09 05:08:36	worker	prabowo;2017-11-07 - 2017-11-07;submitSocial;all;arwin
2017-11-09 05:08:38	worker	sudirman said;2017-11-07 - 2017-11-07;submitSocial;all;arwin
2017-11-09 05:08:43	worker	ahok;2017-11-07 - 2017-11-07;submitSocial;all;arwin
2017-11-09 05:08:46	worker	setyanovanto;2017-11-07 - 2017-11-07;submitSocial;all;arwin
2017-11-09 05:08:52	worker	jokowi;2017-11-07 - 2017-11-07;submitSocial;all;arwin
2017-11-09 05:08:57	worker	ahok;2017-11-07 - 2017-11-07;submitSocial;all;arwin
2017-11-09 05:09:01	worker	prabowo;2017-11-07 - 2017-11-07;submitSocial;all;arwin
2017-11-09 05:09:04	worker	sudirman said;2017-11-07 - 2017-11-07;submitSocial;all;arwin
2017-11-09 05:09:06	worker	setyanovanto;2017-11-07 - 2017-11-07;submitSocial;all;arwin
2017-11-09 05:09:09	worker	galau;2017-11-07 - 2017-11-07;submitSocial;all;arwin
2017-11-09 05:09:11	worker	#prestasiindonesia;2017-11-07 - 2017-11-07;submitSocial;all;arwin
2017-11-09 05:09:13	worker	@Tw_Debi;2017-11-07 - 2017-11-07;submitSocial;all;arwin
2017-11-09 05:09:16	worker	@OfficialFastron;2017-11-07 - 2017-11-07;submitSocial;all;arwin
2017-11-09 05:09:18	worker	@CitibankID;2017-11-07 - 2017-11-07;submitSocial;all;arwin
2017-11-09 05:09:20	worker	@jak101fm;2017-11-07 - 2017-11-07;submitSocial;all;arwin
2017-11-09 05:09:23	worker	@genfm;2017-11-07 - 2017-11-07;submitSocial;all;arwin
