2017-03-26 05:00:05	worker	@987genfm;2017-03-24 - 2017-03-24;submitSocial;all;arwin
2017-03-26 05:00:07	worker	@101jakfm;2017-03-24 - 2017-03-24;submitSocial;all;arwin
2017-03-26 05:00:10	worker	@prambors;2017-03-24 - 2017-03-24;submitSocial;all;arwin
2017-03-26 05:00:12	worker	@hardrockfm;2017-03-24 - 2017-03-24;submitSocial;all;arwin
2017-03-26 05:00:15	worker	@kisfmjakarta;2017-03-24 - 2017-03-24;submitSocial;all;arwin
2017-03-26 05:00:17	worker	@delta_fm;2017-03-24 - 2017-03-24;submitSocial;all;arwin
2017-03-26 05:00:20	worker	@traxfmjkt;2017-03-24 - 2017-03-24;submitSocial;all;arwin
2017-03-26 05:00:22	worker	@iradiojakarta;2017-03-24 - 2017-03-24;submitSocial;all;arwin
2017-03-26 05:00:24	worker	@indika9160fm;2017-03-24 - 2017-03-24;submitSocial;all;arwin
2017-03-26 05:00:26	worker	@shellindonesia;2017-03-24 - 2017-03-24;submitSocial;all;arwin
2017-03-26 05:00:29	worker	@vpowerfans;2017-03-24 - 2017-03-24;submitSocial;all;arwin
2017-03-26 05:00:31	worker	@pertamaxind;2017-03-24 - 2017-03-24;submitSocial;all;arwin
2017-03-26 05:00:33	worker	@ptpertamina;2017-03-24 - 2017-03-24;submitSocial;all;arwin
2017-03-26 05:00:36	worker	@OZRadioJakarta;2017-03-24 - 2017-03-24;submitSocial;all;arwin
2017-03-26 05:00:38	worker	@CosmopolitanFM;2017-03-24 - 2017-03-24;submitSocial;all;arwin
2017-03-26 05:00:40	worker	@mustang88fm;2017-03-24 - 2017-03-24;submitSocial;all;arwin
2017-03-26 05:00:42	worker	@debabaz;2017-03-24 - 2017-03-24;submitSocial;all;arwin
2017-03-26 05:00:45	worker	@detikcom;2017-03-24 - 2017-03-24;submitSocial;all;arwin
2017-03-26 05:00:48	worker	@radioelshinta;2017-03-24 - 2017-03-24;submitSocial;all;arwin
2017-03-26 05:00:50	worker	@cinema21;2017-03-24 - 2017-03-24;submitSocial;all;arwin
2017-03-26 05:00:53	worker	@OfficialRCTI;2017-03-24 - 2017-03-24;submitSocial;all;arwin
2017-03-26 05:00:56	worker	@TRANSTV_CORP;2017-03-24 - 2017-03-24;submitSocial;all;arwin
2017-03-26 05:00:58	worker	@TRANS7;2017-03-24 - 2017-03-24;submitSocial;all;arwin
2017-03-26 05:01:01	worker	@Metro_TV;2017-03-24 - 2017-03-24;submitSocial;all;arwin
2017-03-26 05:01:04	worker	@tvOneNews;2017-03-24 - 2017-03-24;submitSocial;all;arwin
2017-03-26 05:01:10	worker	@whatsonANTV;2017-03-24 - 2017-03-24;submitSocial;all;arwin
2017-03-26 05:01:13	worker	@SCTV_;2017-03-24 - 2017-03-24;submitSocial;all;arwin
2017-03-26 05:01:15	worker	@KompasTV;2017-03-24 - 2017-03-24;submitSocial;all;arwin
2017-03-26 05:01:19	worker	@netmediatama;2017-03-24 - 2017-03-24;submitSocial;all;arwin
2017-03-26 05:01:21	worker	@Globaltvseru;2017-03-24 - 2017-03-24;submitSocial;all;arwin
2017-03-26 05:01:24	worker	@JaktvCom;2017-03-24 - 2017-03-24;submitSocial;all;arwin
2017-03-26 05:01:26	worker	@TVRINasional;2017-03-24 - 2017-03-24;submitSocial;all;arwin
2017-03-26 05:01:28	worker	@ochannelupdates;2017-03-24 - 2017-03-24;submitSocial;all;arwin
2017-03-26 05:01:32	worker	@IndosiarID;2017-03-24 - 2017-03-24;submitSocial;all;arwin
2017-03-26 05:01:36	worker	@kompascom;2017-03-24 - 2017-03-24;submitSocial;all;arwin
2017-03-26 05:01:38	worker	@merdekadotcom;2017-03-24 - 2017-03-24;submitSocial;all;arwin
2017-03-26 05:01:41	worker	@MIdotcom;2017-03-24 - 2017-03-24;submitSocial;all;arwin
2017-03-26 05:01:43	worker	@tempodotco;2017-03-24 - 2017-03-24;submitSocial;all;arwin
2017-03-26 05:01:45	worker	@motion975fm;2017-03-24 - 2017-03-24;submitSocial;all;arwin
2017-03-26 05:01:48	worker	@_radiotoday;2017-03-24 - 2017-03-24;submitSocial;all;arwin
2017-03-26 05:01:50	worker	@radioinfo;2017-03-24 - 2017-03-24;submitSocial;all;arwin
2017-03-26 05:01:52	worker	@979FeMaleRadio;2017-03-24 - 2017-03-24;submitSocial;all;arwin
2017-03-26 05:01:54	worker	@WomanRadio943FM;2017-03-24 - 2017-03-24;submitSocial;all;arwin
2017-03-26 05:01:56	worker	@VRadioFM;2017-03-24 - 2017-03-24;submitSocial;all;arwin
2017-03-26 05:01:58	worker	@UFM947;2017-03-24 - 2017-03-24;submitSocial;all;arwin
2017-03-26 05:02:01	worker	@VIVAnews;2017-03-24 - 2017-03-24;submitSocial;all;arwin
2017-03-26 05:02:03	worker	@antaranews;2017-03-24 - 2017-03-24;submitSocial;all;arwin
2017-03-26 05:02:06	worker	@tribunnews;2017-03-24 - 2017-03-24;submitSocial;all;arwin
2017-03-26 05:02:08	worker	@okezonenews;2017-03-24 - 2017-03-24;submitSocial;all;arwin
2017-03-26 05:02:11	worker	@Beritasatu;2017-03-24 - 2017-03-24;submitSocial;all;arwin
2017-03-26 05:02:13	worker	@rollingstoneina;2017-03-24 - 2017-03-24;submitSocial;all;arwin
2017-03-26 05:02:15	worker	@FIMELAdotcom;2017-03-24 - 2017-03-24;submitSocial;all;arwin
2017-03-26 05:02:17	worker	@KapanLagicom;2017-03-24 - 2017-03-24;submitSocial;all;arwin
2017-03-26 05:02:19	worker	@KompasEnt ;2017-03-24 - 2017-03-24;submitSocial;all;arwin
2017-03-26 05:02:21	worker	@HaiMagazine;2017-03-24 - 2017-03-24;submitSocial;all;arwin
2017-03-26 05:02:24	worker	@JakartaVenue;2017-03-24 - 2017-03-24;submitSocial;all;arwin
2017-03-26 05:02:26	worker	@SeputarEvent;2017-03-24 - 2017-03-24;submitSocial;all;arwin
2017-03-26 05:02:28	worker	@ismayaLive;2017-03-24 - 2017-03-24;submitSocial;all;arwin
2017-03-26 05:02:30	worker	@ECEntertainment;2017-03-24 - 2017-03-24;submitSocial;all;arwin
2017-03-26 05:02:32	worker	@synergism_En;2017-03-24 - 2017-03-24;submitSocial;all;arwin
2017-03-26 05:02:34	worker	@Urbanbandung;2017-03-24 - 2017-03-24;submitSocial;all;arwin
2017-03-26 05:02:36	worker	@Urbanrkm995;2017-03-24 - 2017-03-24;submitSocial;all;arwin
2017-03-26 05:02:38	worker	@Garuda_Promo;2017-03-24 - 2017-03-24;submitSocial;all;arwin
2017-03-26 05:02:40	worker	@AirAsiaID;2017-03-24 - 2017-03-24;submitSocial;all;arwin
2017-03-26 05:02:45	worker	@KAI121;2017-03-24 - 2017-03-24;submitSocial;all;arwin
2017-03-26 05:02:48	worker	@Unilever;2017-03-24 - 2017-03-24;submitSocial;all;arwin
2017-03-26 05:02:50	worker	@Nestle;2017-03-24 - 2017-03-24;submitSocial;all;arwin
2017-03-26 05:02:53	worker	@CocaCola;2017-03-24 - 2017-03-24;submitSocial;all;arwin
2017-03-26 05:03:00	worker	@CNN;2017-03-24 - 2017-03-24;submitSocial;all;arwin
2017-03-26 05:03:04	worker	@MTV;2017-03-24 - 2017-03-24;submitSocial;all;arwin
2017-03-26 05:03:05	worker	@channelv;2017-03-24 - 2017-03-24;submitSocial;all;arwin
2017-03-26 05:03:08	worker	@iTunesMusic;2017-03-24 - 2017-03-24;submitSocial;all;arwin
2017-03-26 05:03:12	worker	@mashable;2017-03-24 - 2017-03-24;submitSocial;all;arwin
2017-03-26 05:03:14	worker	@decacaz;2017-03-24 - 2017-03-24;submitSocial;all;arwin
2017-03-26 05:03:16	worker	@radiobaru967FM;2017-03-24 - 2017-03-24;submitSocial;all;arwin
2017-03-26 05:03:19	worker	@967HitzFM;2017-03-24 - 2017-03-24;submitSocial;all;arwin
2017-03-26 05:03:21	worker	@TVGuide;2017-03-24 - 2017-03-24;submitSocial;all;arwin
2017-03-26 05:03:23	worker	@XL123;2017-03-24 - 2017-03-24;submitSocial;all;arwin
2017-03-26 05:03:26	worker	@triindonesia;2017-03-24 - 2017-03-24;submitSocial;all;arwin
2017-03-26 05:03:28	worker	@kaskus;2017-03-24 - 2017-03-24;submitSocial;all;arwin
2017-03-26 05:03:31	worker	@Studio_XXI;2017-03-24 - 2017-03-24;submitSocial;all;arwin
2017-03-26 05:03:32	worker	@blitzmegaplex;2017-03-24 - 2017-03-24;submitSocial;all;arwin
2017-03-26 05:03:35	worker	@alfamartku;2017-03-24 - 2017-03-24;submitSocial;all;arwin
2017-03-26 05:03:37	worker	@Carrefour_ID;2017-03-24 - 2017-03-24;submitSocial;all;arwin
2017-03-26 05:03:40	worker	@BBCBreaking;2017-03-24 - 2017-03-24;submitSocial;all;arwin
2017-03-26 05:03:48	worker	@Forbes;2017-03-24 - 2017-03-24;submitSocial;all;arwin
2017-03-26 05:03:50	worker	@BensRadio;2017-03-24 - 2017-03-24;submitSocial;all;arwin
2017-03-26 05:03:56	worker	@instagram;2017-03-24 - 2017-03-24;submitSocial;all;arwin
2017-03-26 05:03:59	worker	@Pinterest;2017-03-24 - 2017-03-24;submitSocial;all;arwin
2017-03-26 05:04:08	worker	@google;2017-03-24 - 2017-03-24;submitSocial;all;arwin
2017-03-26 05:04:10	worker	@Pertaminalub;2017-03-24 - 2017-03-24;submitSocial;all;arwin
2017-03-26 05:04:12	worker	@InfoLalinTol;2017-03-24 - 2017-03-24;submitSocial;all;arwin
2017-03-26 05:04:14	worker	@PTJASAMARGA;2017-03-24 - 2017-03-24;submitSocial;all;arwin
2017-03-26 05:04:17	worker	@cititransindo;2017-03-24 - 2017-03-24;submitSocial;all;arwin
2017-03-26 05:04:18	worker	#semangatpagisuperr;2017-03-24 - 2017-03-24;submitSocial;all;arwin
2017-03-26 05:04:20	worker	#genkuisinsideout;2017-03-24 - 2017-03-24;submitSocial;all;arwin
2017-03-26 05:04:23	worker	#semangatpagi;2017-03-24 - 2017-03-24;submitSocial;all;arwin
2017-03-26 05:04:25	worker	#dikamar;2017-03-24 - 2017-03-24;submitSocial;all;arwin
2017-03-26 05:04:27	worker	#kopaja;2017-03-24 - 2017-03-24;submitSocial;all;arwin
2017-03-26 05:04:29	worker	#generaksi8;2017-03-24 - 2017-03-24;submitSocial;all;arwin
2017-03-26 05:04:31	worker	#hitztsp;2017-03-24 - 2017-03-24;submitSocial;all;arwin
2017-03-26 05:04:34	worker	#np;2017-03-24 - 2017-03-24;submitSocial;all;arwin
2017-03-26 05:04:37	worker	#hitzlivestage;2017-03-24 - 2017-03-24;submitSocial;all;arwin
2017-03-26 05:04:39	worker	#thefreaks;2017-03-24 - 2017-03-24;submitSocial;all;arwin
2017-03-26 05:04:41	worker	#hitzsirkuspagi;2017-03-24 - 2017-03-24;submitSocial;all;arwin
2017-03-26 05:04:43	worker	#hitzathlon;2017-03-24 - 2017-03-24;submitSocial;all;arwin
2017-03-26 05:04:45	worker	#hitzzombie;2017-03-24 - 2017-03-24;submitSocial;all;arwin
2017-03-26 05:04:47	worker	#hitzkalong;2017-03-24 - 2017-03-24;submitSocial;all;arwin
2017-03-26 05:04:49	worker	#hitzbebas;2017-03-24 - 2017-03-24;submitSocial;all;arwin
2017-03-26 05:04:52	worker	#hitzhorehara;2017-03-24 - 2017-03-24;submitSocial;all;arwin
2017-03-26 05:04:54	worker	@ZaloraID;2017-03-24 - 2017-03-24;submitSocial;all;arwin
2017-03-26 05:04:56	worker	@OLX_Indonesia;2017-03-24 - 2017-03-24;submitSocial;all;arwin
2017-03-26 05:04:58	worker	@LazadaID;2017-03-24 - 2017-03-24;submitSocial;all;arwin
2017-03-26 05:05:00	worker	@utrippers;2017-03-24 - 2017-03-24;submitSocial;all;arwin
2017-03-26 05:05:03	worker	@GoGobot;2017-03-24 - 2017-03-24;submitSocial;all;arwin
2017-03-26 05:05:05	worker	@viatortravel;2017-03-24 - 2017-03-24;submitSocial;all;arwin
2017-03-26 05:05:07	worker	@alandakariza;2017-03-24 - 2017-03-24;submitSocial;all;arwin
2017-03-26 05:05:10	worker	@gagasmedia;2017-03-24 - 2017-03-24;submitSocial;all;arwin
2017-03-26 05:05:12	worker	@welovehonda;2017-03-24 - 2017-03-24;submitSocial;all;arwin
2017-03-26 05:05:14	worker	@SuzukiMotorID;2017-03-24 - 2017-03-24;submitSocial;all;arwin
2017-03-26 05:05:16	worker	@kawasakilovers;2017-03-24 - 2017-03-24;submitSocial;all;arwin
2017-03-26 05:05:19	worker	@yamahaindonesia;2017-03-24 - 2017-03-24;submitSocial;all;arwin
2017-03-26 05:05:21	worker	@tripanzee;2017-03-24 - 2017-03-24;submitSocial;all;arwin
2017-03-26 05:05:23	worker	@arnoldpoernomo;2017-03-24 - 2017-03-24;submitSocial;all;arwin
2017-03-26 05:05:26	worker	@nicsap;2017-03-24 - 2017-03-24;submitSocial;all;arwin
2017-03-26 05:05:28	worker	@tiket2;2017-03-24 - 2017-03-24;submitSocial;all;arwin
2017-03-26 05:05:30	worker	@traveloka;2017-03-24 - 2017-03-24;submitSocial;all;arwin
2017-03-26 05:05:33	worker	@wego;2017-03-24 - 2017-03-24;submitSocial;all;arwin
2017-03-26 05:05:36	worker	@agoda;2017-03-24 - 2017-03-24;submitSocial;all;arwin
2017-03-26 05:05:38	worker	#salahsambung;2017-03-24 - 2017-03-24;submitSocial;all;arwin
2017-03-26 05:05:40	worker	#tulalit;2017-03-24 - 2017-03-24;submitSocial;all;arwin
2017-03-26 05:05:42	worker	#pestageneraksi8;2017-03-24 - 2017-03-24;submitSocial;all;arwin
2017-03-26 05:05:44	worker	#ganaskustik;2017-03-24 - 2017-03-24;submitSocial;all;arwin
2017-03-26 05:05:46	worker	#lnhot20;2017-03-24 - 2017-03-24;submitSocial;all;arwin
2017-03-26 05:05:49	worker	@TripAdvisor;2017-03-24 - 2017-03-24;submitSocial;all;arwin
2017-03-26 05:05:58	worker	@google;2017-03-24 - 2017-03-24;submitSocial;all;arwin
2017-03-26 05:06:01	worker	@Telkomsel;2017-03-24 - 2017-03-24;submitSocial;all;arwin
2017-03-26 05:06:03	worker	@indosat;2017-03-24 - 2017-03-24;submitSocial;all;arwin
2017-03-26 05:06:06	worker	@bahanafmjkt;2017-03-24 - 2017-03-24;submitSocial;all;2017-03-26 05:06:10	worker	@sonorafm92;2017-03-24 - 2017-03-24;submitSocial;all;arwin
2017-03-26 05:06:12	worker	@litefm1058;2017-03-24 - 2017-03-24;submitSocial;all;arwin
2017-03-26 05:06:14	worker	@Bravaradio;2017-03-24 - 2017-03-24;submitSocial;all;arwin
2017-03-26 05:06:17	worker	#dgitm;2017-03-24 - 2017-03-24;submitSocial;all;arwin
2017-03-26 05:06:19	worker	#hitsalaprambors;2017-03-24 - 2017-03-24;submitSocial;all;arwin
2017-03-26 05:06:21	worker	#reqprambors;2017-03-24 - 2017-03-24;submitSocial;all;arwin
2017-03-26 05:06:24	worker	#thedandees;2017-03-24 - 2017-03-24;submitSocial;all;arwin
2017-03-26 05:06:25	worker	#pramborsquiz;2017-03-24 - 2017-03-24;submitSocial;all;arwin
2017-03-26 05:06:27	worker	#jeliprambors;2017-03-24 - 2017-03-24;submitSocial;all;arwin
2017-03-26 05:06:30	worker	#jodohinprambors;2017-03-24 - 2017-03-24;submitSocial;all;arwin
2017-03-26 05:06:31	worker	#ubahdenganbicara;2017-03-24 - 2017-03-24;submitSocial;all;arwin
2017-03-26 05:06:34	worker	#pramborschat;2017-03-24 - 2017-03-24;submitSocial;all;arwin
2017-03-26 05:06:36	worker	#tweetforduit;2017-03-24 - 2017-03-24;submitSocial;all;arwin
2017-03-26 05:06:38	worker	#joki3in1;2017-03-24 - 2017-03-24;submitSocial;all;arwin
2017-03-26 05:06:40	worker	#sarapanseru;2017-03-24 - 2017-03-24;submitSocial;all;arwin
2017-03-26 05:06:42	worker	#rawonkaneloop;2017-03-24 - 2017-03-24;submitSocial;all;arwin
2017-03-26 05:06:44	worker	#gudegkendilkeraton;2017-03-24 - 2017-03-24;submitSocial;all;arwin
2017-03-26 05:06:46	worker	#gadogadobutika;2017-03-24 - 2017-03-24;submitSocial;all;arwin
2017-03-26 05:06:48	worker	#mtvhottest;2017-03-24 - 2017-03-24;submitSocial;all;arwin
2017-03-26 05:06:50	worker	#dimsumcjdw;2017-03-24 - 2017-03-24;submitSocial;all;arwin
2017-03-26 05:06:52	worker	#pecelmadiunmbakniek;2017-03-24 - 2017-03-24;submitSocial;all;arwin
2017-03-26 05:06:54	worker	#depotarema;2017-03-24 - 2017-03-24;submitSocial;all;arwin
2017-03-26 05:06:57	worker	@BNI46;2017-03-24 - 2017-03-24;submitSocial;all;arwin
2017-03-26 05:06:59	worker	@BANKBRI_ID;2017-03-24 - 2017-03-24;submitSocial;all;arwin
2017-03-26 05:07:01	worker	#bni46;2017-03-24 - 2017-03-24;submitSocial;all;arwin
2017-03-26 05:07:05	worker	macet;2017-03-24 - 2017-03-24;submitSocial;all;arwin
2017-03-26 05:07:08	worker	#selamatpagi;2017-03-24 - 2017-03-24;submitSocial;all;arwin
2017-03-26 05:07:10	worker	#selamatmalam;2017-03-24 - 2017-03-24;submitSocial;all;arwin
2017-03-26 05:07:12	worker	@884GlobalRadio;2017-03-24 - 2017-03-24;submitSocial;all;arwin
2017-03-26 05:07:15	worker	@day_trans;2017-03-24 - 2017-03-24;submitSocial;all;arwin
2017-03-26 05:07:17	worker	@kencanavoyage;2017-03-24 - 2017-03-24;submitSocial;all;arwin
2017-03-26 05:07:19	worker	@jukebox5d;2017-03-24 - 2017-03-24;submitSocial;all;arwin
2017-03-26 05:07:21	worker	#mtvhottest;2017-03-24 - 2017-03-24;submitSocial;all;arwin
2017-03-26 05:07:23	worker	#semangatpagi;2017-03-24 - 2017-03-24;submitSocial;all;arwin
2017-03-26 05:07:25	worker	lifebuoy;2017-03-24 - 2017-03-24;submitSocial;all;arwin
2017-03-26 05:07:31	worker	jokowi;2017-03-24 - 2017-03-24;submitSocial;all;arwin
2017-03-26 05:07:40	worker	obama;2017-03-24 - 2017-03-24;submitSocial;all;arwin
2017-03-26 05:07:43	worker	starwars;2017-03-24 - 2017-03-24;submitSocial;all;arwin
2017-03-26 05:07:46	worker	jonan;2017-03-24 - 2017-03-24;submitSocial;all;arwin
2017-03-26 05:07:54	worker	pagi;2017-03-24 - 2017-03-24;submitSocial;all;arwin
2017-03-26 05:07:56	worker	sampoerna;2017-03-24 - 2017-03-24;submitSocial;all;arwin
2017-03-26 05:07:59	worker	djarum;2017-03-24 - 2017-03-24;submitSocial;all;arwin
2017-03-26 05:08:01	worker	#semangatpagi;2017-03-24 - 2017-03-24;submitSocial;all;arwin
2017-03-26 05:08:03	worker	#generaksi8;2017-03-24 - 2017-03-24;submitSocial;all;arwin
2017-03-26 05:08:05	worker	#365alasan;2017-03-24 - 2017-03-24;submitSocial;all;arwin
2017-03-26 05:08:08	worker	weew;2017-03-24 - 2017-03-24;submitSocial;all;arwin
2017-03-26 05:08:15	worker	testing;2017-03-24 - 2017-03-24;submitSocial;all;arwin
2017-03-26 05:08:17	worker	#kopaja;2017-03-24 - 2017-03-24;submitSocial;all;arwin
2017-03-26 05:08:19	worker	#genkuisinsideout;2017-03-24 - 2017-03-24;submitSocial;all;arwin
2017-03-26 05:08:22	worker	starwars;2017-03-24 - 2017-03-24;submitSocial;all;arwin
2017-03-26 05:08:25	worker	#kopaja;2017-03-24 - 2017-03-24;submitSocial;all;arwin
2017-03-26 05:08:27	worker	mldspot;2017-03-24 - 2017-03-24;submitSocial;all;arwin
2017-03-26 05:08:30	worker	PBDjarum;2017-03-24 - 2017-03-24;submitSocial;all;arwin
2017-03-26 05:08:32	worker	TemanNabati;2017-03-24 - 2017-03-24;submitSocial;all;arwin
2017-03-26 05:08:35	worker	Nextar;2017-03-24 - 2017-03-24;submitSocial;all;arwin
2017-03-26 05:08:38	worker	jokowo;2017-03-24 - 2017-03-24;submitSocial;all;arwin
2017-03-26 05:08:40	worker	prabowo;2017-03-24 - 2017-03-24;submitSocial;all;arwin
2017-03-26 05:08:43	worker	sudirman said;2017-03-24 - 2017-03-24;submitSocial;all;arwin
2017-03-26 05:08:48	worker	ahok;2017-03-24 - 2017-03-24;submitSocial;all;arwin
2017-03-26 05:08:50	worker	setyanovanto;2017-03-24 - 2017-03-24;submitSocial;all;arwin
2017-03-26 05:08:56	worker	jokowi;2017-03-24 - 2017-03-24;submitSocial;all;arwin
2017-03-26 05:09:01	worker	ahok;2017-03-24 - 2017-03-24;submitSocial;all;arwin
2017-03-26 05:09:04	worker	prabowo;2017-03-24 - 2017-03-24;submitSocial;all;arwin
2017-03-26 05:09:07	worker	sudirman said;2017-03-24 - 2017-03-24;submitSocial;all;arwin
2017-03-26 05:09:09	worker	setyanovanto;2017-03-24 - 2017-03-24;submitSocial;all;arwin
2017-03-26 05:09:12	worker	galau;2017-03-24 - 2017-03-24;submitSocial;all;arwin
2017-03-26 05:09:14	worker	#prestasiindonesia;2017-03-24 - 2017-03-24;submitSocial;all;arwin
2017-03-26 05:09:17	worker	@Tw_Debi;2017-03-24 - 2017-03-24;submitSocial;all;arwin
2017-03-26 05:09:19	worker	@OfficialFastron;2017-03-24 - 2017-03-24;submitSocial;all;arwin
2017-03-26 05:09:21	worker	@CitibankID;2017-03-24 - 2017-03-24;submitSocial;all;arwin
2017-03-26 05:09:23	worker	@jak101fm;2017-03-24 - 2017-03-24;submitSocial;all;arwin
2017-03-26 05:09:26	worker	@genfm;2017-03-24 - 2017-03-24;submitSocial;all;arwin
