2017-02-16 11:09:39	http://5dapps.com/debi/result/submitSocial/ahok/all/2017/02/09.log	200
2017-02-16 11:09:39	http://5dapps.com/debi/result/submitSocial/ahok/all/2017/02/10.log	200
2017-02-16 11:09:39	http://5dapps.com/debi/result/submitSocial/ahok/all/2017/02/11.log	200
2017-02-16 11:09:39	http://5dapps.com/debi/result/submitSocial/ahok/all/2017/02/12.log	200
2017-02-16 11:09:39	http://5dapps.com/debi/result/submitSocial/ahok/all/2017/02/13.log	200
2017-02-16 11:09:39	http://5dapps.com/debi/result/submitSocial/ahok/all/2017/02/14.log	200
2017-02-16 11:09:39	http://5dapps.com/debi/result/submitSocial/ahok/all/2017/02/15.log	200
2017-02-16 11:09:45	http://5dapps.com/debi/result/submitSocial/anies/all/2017/02/09.log	200
2017-02-16 11:09:45	http://5dapps.com/debi/result/submitSocial/anies/all/2017/02/10.log	200
2017-02-16 11:09:45	http://5dapps.com/debi/result/submitSocial/anies/all/2017/02/11.log	200
2017-02-16 11:09:45	http://5dapps.com/debi/result/submitSocial/anies/all/2017/02/12.log	200
2017-02-16 11:09:45	http://5dapps.com/debi/result/submitSocial/anies/all/2017/02/13.log	200
2017-02-16 11:09:45	http://5dapps.com/debi/result/submitSocial/anies/all/2017/02/14.log	200
2017-02-16 11:09:45	http://5dapps.com/debi/result/submitSocial/anies/all/2017/02/15.log	200
2017-02-16 11:15:38	http://5dapps.com/debi/result/submitAdvanced/ahok%20from%20jakarta/all/2017/02/09.log	200
2017-02-16 11:15:38	http://5dapps.com/debi/result/submitAdvanced/ahok%20from%20jakarta/all/2017/02/10.log	200
2017-02-16 11:15:38	http://5dapps.com/debi/result/submitAdvanced/ahok%20from%20jakarta/all/2017/02/11.log	200
2017-02-16 11:15:38	http://5dapps.com/debi/result/submitAdvanced/ahok%20from%20jakarta/all/2017/02/12.log	200
2017-02-16 11:15:38	http://5dapps.com/debi/result/submitAdvanced/ahok%20from%20jakarta/all/2017/02/13.log	200
2017-02-16 11:15:38	http://5dapps.com/debi/result/submitAdvanced/ahok%20from%20jakarta/all/2017/02/14.log	200
2017-02-16 11:15:38	http://5dapps.com/debi/result/submitAdvanced/ahok%20from%20jakarta/all/2017/02/15.log	200
2017-02-16 11:15:55	http://5dapps.com/debi/result/submitAdvanced/anies%20baswedan%20from%20jakarta/all/2017/02/09.log	200
2017-02-16 11:15:55	http://5dapps.com/debi/result/submitAdvanced/anies%20baswedan%20from%20jakarta/all/2017/02/10.log	200
2017-02-16 11:15:55	http://5dapps.com/debi/result/submitAdvanced/anies%20baswedan%20from%20jakarta/all/2017/02/11.log	200
2017-02-16 11:15:55	http://5dapps.com/debi/result/submitAdvanced/anies%20baswedan%20from%20jakarta/all/2017/02/12.log	200
2017-02-16 11:15:55	http://5dapps.com/debi/result/submitAdvanced/anies%20baswedan%20from%20jakarta/all/2017/02/13.log	200
2017-02-16 11:15:55	http://5dapps.com/debi/result/submitAdvanced/anies%20baswedan%20from%20jakarta/all/2017/02/14.log	200
2017-02-16 11:15:55	http://5dapps.com/debi/result/submitAdvanced/anies%20baswedan%20from%20jakarta/all/2017/02/15.log	200
2017-02-16 11:16:14	http://5dapps.com/debi/result/submitAdvanced/ahy%20from%20jakarta/all/2017/02/09.log	200
2017-02-16 11:16:14	http://5dapps.com/debi/result/submitAdvanced/ahy%20from%20jakarta/all/2017/02/10.log	200
2017-02-16 11:16:14	http://5dapps.com/debi/result/submitAdvanced/ahy%20from%20jakarta/all/2017/02/11.log	200
2017-02-16 11:16:14	http://5dapps.com/debi/result/submitAdvanced/ahy%20from%20jakarta/all/2017/02/12.log	200
2017-02-16 11:16:14	http://5dapps.com/debi/result/submitAdvanced/ahy%20from%20jakarta/all/2017/02/13.log	200
2017-02-16 11:16:14	http://5dapps.com/debi/result/submitAdvanced/ahy%20from%20jakarta/all/2017/02/14.log	200
2017-02-16 11:16:14	http://5dapps.com/debi/result/submitAdvanced/ahy%20from%20jakarta/all/2017/02/15.log	200
2017-02-16 11:17:39	http://5dapps.com/debi/result/submitAdvanced/ahok%20from%20jakarta/all/2017/02/09.log	200
2017-02-16 11:17:39	http://5dapps.com/debi/result/submitAdvanced/ahok%20from%20jakarta/all/2017/02/10.log	200
2017-02-16 11:17:39	http://5dapps.com/debi/result/submitAdvanced/ahok%20from%20jakarta/all/2017/02/11.log	200
2017-02-16 11:17:39	http://5dapps.com/debi/result/submitAdvanced/ahok%20from%20jakarta/all/2017/02/12.log	200
2017-02-16 11:17:39	http://5dapps.com/debi/result/submitAdvanced/ahok%20from%20jakarta/all/2017/02/13.log	200
2017-02-16 11:17:39	http://5dapps.com/debi/result/submitAdvanced/ahok%20from%20jakarta/all/2017/02/14.log	200
2017-02-16 11:17:39	http://5dapps.com/debi/result/submitAdvanced/ahok%20from%20jakarta/all/2017/02/15.log	200
2017-02-16 11:17:40	http://5dapps.com/debi/result/submitAdvanced/anies%20baswedan%20from%20jakarta/all/2017/02/09.log	200
2017-02-16 11:17:40	http://5dapps.com/debi/result/submitAdvanced/anies%20baswedan%20from%20jakarta/all/2017/02/10.log	200
2017-02-16 11:17:40	http://5dapps.com/debi/result/submitAdvanced/anies%20baswedan%20from%20jakarta/all/2017/02/11.log	200
2017-02-16 11:17:40	http://5dapps.com/debi/result/submitAdvanced/anies%20baswedan%20from%20jakarta/all/2017/02/12.log	200
2017-02-16 11:17:40	http://5dapps.com/debi/result/submitAdvanced/anies%20baswedan%20from%20jakarta/all/2017/02/13.log	200
2017-02-16 11:17:40	http://5dapps.com/debi/result/submitAdvanced/anies%20baswedan%20from%20jakarta/all/2017/02/14.log	200
2017-02-16 11:17:40	http://5dapps.com/debi/result/submitAdvanced/anies%20baswedan%20from%20jakarta/all/2017/02/15.log	200
2017-02-16 11:17:41	http://5dapps.com/debi/result/submitAdvanced/ahy%20from%20jakarta/all/2017/02/09.log	200
2017-02-16 11:17:41	http://5dapps.com/debi/result/submitAdvanced/ahy%20from%20jakarta/all/2017/02/10.log	200
2017-02-16 11:17:41	http://5dapps.com/debi/result/submitAdvanced/ahy%20from%20jakarta/all/2017/02/11.log	200
2017-02-16 11:17:41	http://5dapps.com/debi/result/submitAdvanced/ahy%20from%20jakarta/all/2017/02/12.log	200
2017-02-16 11:17:41	http://5dapps.com/debi/result/submitAdvanced/ahy%20from%20jakarta/all/2017/02/13.log	200
2017-02-16 11:17:41	http://5dapps.com/debi/result/submitAdvanced/ahy%20from%20jakarta/all/2017/02/14.log	200
2017-02-16 11:17:41	http://5dapps.com/debi/result/submitAdvanced/ahy%20from%20jakarta/all/2017/02/15.log	200
2017-02-16 11:21:56	http://5dapps.com/debi/result/submitRadio/%40101jakfm/all/2017/02/09.log	200
2017-02-16 11:21:56	http://5dapps.com/debi/result/submitRadio/%40101jakfm/all/2017/02/10.log	200
2017-02-16 11:21:56	http://5dapps.com/debi/result/submitRadio/%40101jakfm/all/2017/02/11.log	200
2017-02-16 11:21:56	http://5dapps.com/debi/result/submitRadio/%40101jakfm/all/2017/02/12.log	200
2017-02-16 11:21:56	http://5dapps.com/debi/result/submitRadio/%40101jakfm/all/2017/02/13.log	200
2017-02-16 11:21:56	http://5dapps.com/debi/result/submitRadio/%40101jakfm/all/2017/02/14.log	200
2017-02-16 11:21:56	http://5dapps.com/debi/result/submitRadio/%40101jakfm/all/2017/02/15.log	200
2017-02-16 11:31:55	http://5dapps.com/debi/result/submitAdvanced/sarapan%20seru%20from%20%40101jakfm/all/2017/02/09.log	200
2017-02-16 11:31:55	http://5dapps.com/debi/result/submitAdvanced/sarapan%20seru%20from%20%40101jakfm/all/2017/02/10.log	200
2017-02-16 11:31:55	http://5dapps.com/debi/result/submitAdvanced/sarapan%20seru%20from%20%40101jakfm/all/2017/02/11.log	200
2017-02-16 11:31:55	http://5dapps.com/debi/result/submitAdvanced/sarapan%20seru%20from%20%40101jakfm/all/2017/02/12.log	200
2017-02-16 11:31:55	http://5dapps.com/debi/result/submitAdvanced/sarapan%20seru%20from%20%40101jakfm/all/2017/02/13.log	200
2017-02-16 11:31:55	http://5dapps.com/debi/result/submitAdvanced/sarapan%20seru%20from%20%40101jakfm/all/2017/02/14.log	200
2017-02-16 11:31:55	http://5dapps.com/debi/result/submitAdvanced/sarapan%20seru%20from%20%40101jakfm/all/2017/02/15.log	200
2017-02-16 11:32:12	http://5dapps.com/debi/result/submitAdvanced/asim%20from%20%40delta_fm/all/2017/02/09.log	200
2017-02-16 11:32:12	http://5dapps.com/debi/result/submitAdvanced/asim%20from%20%40delta_fm/all/2017/02/10.log	200
2017-02-16 11:32:12	http://5dapps.com/debi/result/submitAdvanced/asim%20from%20%40delta_fm/all/2017/02/11.log	200
2017-02-16 11:32:12	http://5dapps.com/debi/result/submitAdvanced/asim%20from%20%40delta_fm/all/2017/02/12.log	200
2017-02-16 11:32:12	http://5dapps.com/debi/result/submitAdvanced/asim%20from%20%40delta_fm/all/2017/02/13.log	200
2017-02-16 11:32:12	http://5dapps.com/debi/result/submitAdvanced/asim%20from%20%40delta_fm/all/2017/02/14.log	200
2017-02-16 11:32:12	http://5dapps.com/debi/result/submitAdvanced/asim%20from%20%40delta_fm/all/2017/02/15.log	200
2017-02-16 11:36:43	http://5dapps.com/debi/result/submitAdvanced/%23sarapanseru%20from%20%40101jakfm/all/2017/02/09.log	200
2017-02-16 11:36:43	http://5dapps.com/debi/result/submitAdvanced/%23sarapanseru%20from%20%40101jakfm/all/2017/02/10.log	200
2017-02-16 11:36:43	http://5dapps.com/debi/result/submitAdvanced/%23sarapanseru%20from%20%40101jakfm/all/2017/02/11.log	200
2017-02-16 11:36:43	http://5dapps.com/debi/result/submitAdvanced/%23sarapanseru%20from%20%40101jakfm/all/2017/02/12.log	200
2017-02-16 11:36:43	http://5dapps.com/debi/result/submitAdvanced/%23sarapanseru%20from%20%40101jakfm/all/2017/02/13.log	200
2017-02-16 11:36:43	http://5dapps.com/debi/result/submitAdvanced/%23sarapanseru%20from%20%40101jakfm/all/2017/02/14.log	200
2017-02-16 11:36:43	http://5dapps.com/debi/result/submitAdvanced/%23sarapanseru%20from%20%40101jakfm/all/2017/02/15.log	200
2017-02-16 11:37:00	http://5dapps.com/debi/result/submitAdvanced/%23asristeny%20from%20%40delta_fm/all/2017/02/09.log	200
2017-02-16 11:37:00	http://5dapps.com/debi/result/submitAdvanced/%23asristeny%20from%20%40delta_fm/all/2017/02/10.log	200
2017-02-16 11:37:00	http://5dapps.com/debi/result/submitAdvanced/%23asristeny%20from%20%40delta_fm/all/2017/02/11.log	200
2017-02-16 11:37:00	http://5dapps.com/debi/result/submitAdvanced/%23asristeny%20from%20%40delta_fm/all/2017/02/12.log	200
2017-02-16 11:37:00	http://5dapps.com/debi/result/submitAdvanced/%23asristeny%20from%20%40delta_fm/all/2017/02/13.log	200
2017-02-16 11:37:00	http://5dapps.com/debi/result/submitAdvanced/%23asristeny%20from%20%40delta_fm/all/2017/02/14.log	200
2017-02-16 11:37:00	http://5dapps.com/debi/result/submitAdvanced/%23asristeny%20from%20%40delta_fm/all/2017/02/15.log	200
2017-02-16 11:38:49	http://5dapps.com/debi/result/submitAdvanced/%23sarapanseru%20from%20%40101jakfm/all/2016/12/01.log	200
2017-02-16 11:38:49	http://5dapps.com/debi/result/submitAdvanced/%23sarapanseru%20from%20%40101jakfm/all/2016/12/02.log	200
2017-02-16 11:38:49	http://5dapps.com/debi/result/submitAdvanced/%23sarapanseru%20from%20%40101jakfm/all/2016/12/03.log	200
2017-02-16 11:38:49	http://5dapps.com/debi/result/submitAdvanced/%23sarapanseru%20from%20%40101jakfm/all/2016/12/04.log	200
2017-02-16 11:38:49	http://5dapps.com/debi/result/submitAdvanced/%23sarapanseru%20from%20%40101jakfm/all/2016/12/05.log	200
2017-02-16 11:38:49	http://5dapps.com/debi/result/submitAdvanced/%23sarapanseru%20from%20%40101jakfm/all/2016/12/06.log	200
2017-02-16 11:38:49	http://5dapps.com/debi/result/submitAdvanced/%23sarapanseru%20from%20%40101jakfm/all/2016/12/07.log	200
2017-02-16 11:38:49	http://5dapps.com/debi/result/submitAdvanced/%23sarapanseru%20from%20%40101jakfm/all/2016/12/08.log	200
2017-02-16 11:38:49	http://5dapps.com/debi/result/submitAdvanced/%23sarapanseru%20from%20%40101jakfm/all/2016/12/09.log	200
2017-02-16 11:38:49	http://5dapps.com/debi/result/submitAdvanced/%23sarapanseru%20from%20%40101jakfm/all/2016/12/10.log	200
2017-02-16 11:39:25	http://5dapps.com/debi/result/submitAdvanced/%23asristeny%20from%20%40delta_fm/all/2016/12/01.log	200
2017-02-16 11:39:25	http://5dapps.com/debi/result/submitAdvanced/%23asristeny%20from%20%40delta_fm/all/2016/12/02.log	200
2017-02-16 11:39:25	http://5dapps.com/debi/result/submitAdvanced/%23asristeny%20from%20%40delta_fm/all/2016/12/03.log	200
2017-02-16 11:39:25	http://5dapps.com/debi/result/submitAdvanced/%23asristeny%20from%20%40delta_fm/all/2016/12/04.log	200
2017-02-16 11:39:25	http://5dapps.com/debi/result/submitAdvanced/%23asristeny%20from%20%40delta_fm/all/2016/12/05.log	200
2017-02-16 11:39:25	http://5dapps.com/debi/result/submitAdvanced/%23asristeny%20from%20%40delta_fm/all/2016/12/06.log	200
2017-02-16 11:39:25	http://5dapps.com/debi/result/submitAdvanced/%23asristeny%20from%20%40delta_fm/all/2016/12/07.log	200
2017-02-16 11:39:25	http://5dapps.com/debi/result/submitAdvanced/%23asristeny%20from%20%40delta_fm/all/2016/12/08.log	200
2017-02-16 11:39:25	http://5dapps.com/debi/result/submitAdvanced/%23asristeny%20from%20%40delta_fm/all/2016/12/09.log	200
2017-02-16 11:39:25	http://5dapps.com/debi/result/submitAdvanced/%23asristeny%20from%20%40delta_fm/all/2016/12/10.log	200
2017-02-16 11:49:50	http://5dapps.com/debi/result/submitAdvanced/%23sarapanseru%20from%20%40jak101fm/all/2017/02/01.log	200
2017-02-16 11:49:50	http://5dapps.com/debi/result/submitAdvanced/%23sarapanseru%20from%20%40jak101fm/all/2017/02/02.log	200
2017-02-16 11:49:50	http://5dapps.com/debi/result/submitAdvanced/%23sarapanseru%20from%20%40jak101fm/all/2017/02/03.log	200
2017-02-16 11:49:50	http://5dapps.com/debi/result/submitAdvanced/%23sarapanseru%20from%20%40jak101fm/all/2017/02/04.log	200
2017-02-16 11:49:50	http://5dapps.com/debi/result/submitAdvanced/%23sarapanseru%20from%20%40jak101fm/all/2017/02/05.log	200
2017-02-16 11:49:50	http://5dapps.com/debi/result/submitAdvanced/%23sarapanseru%20from%20%40jak101fm/all/2017/02/06.log	200
2017-02-16 11:49:50	http://5dapps.com/debi/result/submitAdvanced/%23sarapanseru%20from%20%40jak101fm/all/2017/02/07.log	200
2017-02-16 11:49:50	http://5dapps.com/debi/result/submitAdvanced/%23sarapanseru%20from%20%40jak101fm/all/2017/02/08.log	200
2017-02-16 11:49:50	http://5dapps.com/debi/result/submitAdvanced/%23sarapanseru%20from%20%40jak101fm/all/2017/02/09.log	200
2017-02-16 11:49:50	http://5dapps.com/debi/result/submitAdvanced/%23sarapanseru%20from%20%40jak101fm/all/2017/02/10.log	200
2017-02-16 11:49:50	http://5dapps.com/debi/result/submitAdvanced/%23sarapanseru%20from%20%40jak101fm/all/2017/02/11.log	200
2017-02-16 11:49:50	http://5dapps.com/debi/result/submitAdvanced/%23sarapanseru%20from%20%40jak101fm/all/2017/02/12.log	200
2017-02-16 11:49:50	http://5dapps.com/debi/result/submitAdvanced/%23sarapanseru%20from%20%40jak101fm/all/2017/02/13.log	200
2017-02-16 11:49:50	http://5dapps.com/debi/result/submitAdvanced/%23sarapanseru%20from%20%40jak101fm/all/2017/02/14.log	200
2017-02-16 11:49:50	http://5dapps.com/debi/result/submitAdvanced/%23sarapanseru%20from%20%40jak101fm/all/2017/02/15.log	200
2017-02-16 11:50:21	http://5dapps.com/debi/result/submitAdvanced/%23asristeny%20from%20%40delta_fm/all/2017/02/01.log	200
2017-02-16 11:50:21	http://5dapps.com/debi/result/submitAdvanced/%23asristeny%20from%20%40delta_fm/all/2017/02/02.log	200
2017-02-16 11:50:21	http://5dapps.com/debi/result/submitAdvanced/%23asristeny%20from%20%40delta_fm/all/2017/02/03.log	200
2017-02-16 11:50:21	http://5dapps.com/debi/result/submitAdvanced/%23asristeny%20from%20%40delta_fm/all/2017/02/04.log	200
2017-02-16 11:50:21	http://5dapps.com/debi/result/submitAdvanced/%23asristeny%20from%20%40delta_fm/all/2017/02/05.log	200
2017-02-16 11:50:21	http://5dapps.com/debi/result/submitAdvanced/%23asristeny%20from%20%40delta_fm/all/2017/02/06.log	200
2017-02-16 11:50:21	http://5dapps.com/debi/result/submitAdvanced/%23asristeny%20from%20%40delta_fm/all/2017/02/07.log	200
2017-02-16 11:50:21	http://5dapps.com/debi/result/submitAdvanced/%23asristeny%20from%20%40delta_fm/all/2017/02/08.log	200
2017-02-16 11:50:21	http://5dapps.com/debi/result/submitAdvanced/%23asristeny%20from%20%40delta_fm/all/2017/02/09.log	200
2017-02-16 11:50:21	http://5dapps.com/debi/result/submitAdvanced/%23asristeny%20from%20%40delta_fm/all/2017/02/10.log	200
2017-02-16 11:50:21	http://5dapps.com/debi/result/submitAdvanced/%23asristeny%20from%20%40delta_fm/all/2017/02/11.log	200
2017-02-16 11:50:21	http://5dapps.com/debi/result/submitAdvanced/%23asristeny%20from%20%40delta_fm/all/2017/02/12.log	200
2017-02-16 11:50:21	http://5dapps.com/debi/result/submitAdvanced/%23asristeny%20from%20%40delta_fm/all/2017/02/13.log	200
2017-02-16 11:50:21	http://5dapps.com/debi/result/submitAdvanced/%23asristeny%20from%20%40delta_fm/all/2017/02/14.log	200
2017-02-16 11:50:21	http://5dapps.com/debi/result/submitAdvanced/%23asristeny%20from%20%40delta_fm/all/2017/02/15.log	200
2017-02-16 11:50:58	http://5dapps.com/debi/result/submitAdvanced/%23gmhr%20from%20%40hardrockfm/all/2017/02/01.log	200
2017-02-16 11:50:58	http://5dapps.com/debi/result/submitAdvanced/%23gmhr%20from%20%40hardrockfm/all/2017/02/02.log	200
2017-02-16 11:50:58	http://5dapps.com/debi/result/submitAdvanced/%23gmhr%20from%20%40hardrockfm/all/2017/02/03.log	200
2017-02-16 11:50:58	http://5dapps.com/debi/result/submitAdvanced/%23gmhr%20from%20%40hardrockfm/all/2017/02/04.log	200
2017-02-16 11:50:58	http://5dapps.com/debi/result/submitAdvanced/%23gmhr%20from%20%40hardrockfm/all/2017/02/05.log	200
2017-02-16 11:50:58	http://5dapps.com/debi/result/submitAdvanced/%23gmhr%20from%20%40hardrockfm/all/2017/02/06.log	200
2017-02-16 11:50:58	http://5dapps.com/debi/result/submitAdvanced/%23gmhr%20from%20%40hardrockfm/all/2017/02/07.log	200
2017-02-16 11:50:58	http://5dapps.com/debi/result/submitAdvanced/%23gmhr%20from%20%40hardrockfm/all/2017/02/08.log	200
2017-02-16 11:50:58	http://5dapps.com/debi/result/submitAdvanced/%23gmhr%20from%20%40hardrockfm/all/2017/02/09.log	200
2017-02-16 11:50:58	http://5dapps.com/debi/result/submitAdvanced/%23gmhr%20from%20%40hardrockfm/all/2017/02/10.log	200
2017-02-16 11:50:58	http://5dapps.com/debi/result/submitAdvanced/%23gmhr%20from%20%40hardrockfm/all/2017/02/11.log	200
2017-02-16 11:50:58	http://5dapps.com/debi/result/submitAdvanced/%23gmhr%20from%20%40hardrockfm/all/2017/02/12.log	200
2017-02-16 11:50:58	http://5dapps.com/debi/result/submitAdvanced/%23gmhr%20from%20%40hardrockfm/all/2017/02/13.log	200
2017-02-16 11:50:58	http://5dapps.com/debi/result/submitAdvanced/%23gmhr%20from%20%40hardrockfm/all/2017/02/14.log	200
2017-02-16 11:50:58	http://5dapps.com/debi/result/submitAdvanced/%23gmhr%20from%20%40hardrockfm/all/2017/02/15.log	200
2017-02-16 13:56:02	http://5dapps.com/debi/result/submitAdvanced/%23dgitm%20from%20%40prambors/all/2017/02/09.log	200
2017-02-16 13:56:02	http://5dapps.com/debi/result/submitAdvanced/%23dgitm%20from%20%40prambors/all/2017/02/10.log	200
2017-02-16 13:56:02	http://5dapps.com/debi/result/submitAdvanced/%23dgitm%20from%20%40prambors/all/2017/02/11.log	200
2017-02-16 13:56:02	http://5dapps.com/debi/result/submitAdvanced/%23dgitm%20from%20%40prambors/all/2017/02/12.log	200
2017-02-16 13:56:02	http://5dapps.com/debi/result/submitAdvanced/%23dgitm%20from%20%40prambors/all/2017/02/13.log	200
2017-02-16 13:56:02	http://5dapps.com/debi/result/submitAdvanced/%23dgitm%20from%20%40prambors/all/2017/02/14.log	200
2017-02-16 13:56:02	http://5dapps.com/debi/result/submitAdvanced/%23dgitm%20from%20%40prambors/all/2017/02/15.log	200
2017-02-16 13:56:17	http://5dapps.com/debi/result/submitAdvanced/%23semangatpagi%20from%20%40987genfm/all/2017/02/09.log	200
2017-02-16 13:56:17	http://5dapps.com/debi/result/submitAdvanced/%23semangatpagi%20from%20%40987genfm/all/2017/02/10.log	200
2017-02-16 13:56:17	http://5dapps.com/debi/result/submitAdvanced/%23semangatpagi%20from%20%40987genfm/all/2017/02/11.log	200
2017-02-16 13:56:17	http://5dapps.com/debi/result/submitAdvanced/%23semangatpagi%20from%20%40987genfm/all/2017/02/12.log	200
2017-02-16 13:56:17	http://5dapps.com/debi/result/submitAdvanced/%23semangatpagi%20from%20%40987genfm/all/2017/02/13.log	200
2017-02-16 13:56:17	http://5dapps.com/debi/result/submitAdvanced/%23semangatpagi%20from%20%40987genfm/all/2017/02/14.log	200
2017-02-16 13:56:17	http://5dapps.com/debi/result/submitAdvanced/%23semangatpagi%20from%20%40987genfm/all/2017/02/15.log	200
2017-02-16 13:56:34	http://5dapps.com/debi/result/submitAdvanced/%23hitzsirkuspagi%20from%20%40967hitzfm/all/2017/02/09.log	200
2017-02-16 13:56:34	http://5dapps.com/debi/result/submitAdvanced/%23hitzsirkuspagi%20from%20%40967hitzfm/all/2017/02/10.log	200
2017-02-16 13:56:34	http://5dapps.com/debi/result/submitAdvanced/%23hitzsirkuspagi%20from%20%40967hitzfm/all/2017/02/11.log	200
2017-02-16 13:56:34	http://5dapps.com/debi/result/submitAdvanced/%23hitzsirkuspagi%20from%20%40967hitzfm/all/2017/02/12.log	200
2017-02-16 13:56:34	http://5dapps.com/debi/result/submitAdvanced/%23hitzsirkuspagi%20from%20%40967hitzfm/all/2017/02/13.log	200
2017-02-16 13:56:34	http://5dapps.com/debi/result/submitAdvanced/%23hitzsirkuspagi%20from%20%40967hitzfm/all/2017/02/14.log	200
2017-02-16 13:56:34	http://5dapps.com/debi/result/submitAdvanced/%23hitzsirkuspagi%20from%20%40967hitzfm/all/2017/02/15.log	200
2017-02-16 15:57:00	http://5dapps.com/debi/result/submitAdvanced/%23dgitm%20from%20%40prambors/all/2016/10/01.log	200
2017-02-16 15:57:00	http://5dapps.com/debi/result/submitAdvanced/%23dgitm%20from%20%40prambors/all/2016/10/02.log	200
2017-02-16 15:57:00	http://5dapps.com/debi/result/submitAdvanced/%23dgitm%20from%20%40prambors/all/2016/10/03.log	200
2017-02-16 15:57:00	http://5dapps.com/debi/result/submitAdvanced/%23dgitm%20from%20%40prambors/all/2016/10/04.log	200
2017-02-16 15:57:00	http://5dapps.com/debi/result/submitAdvanced/%23dgitm%20from%20%40prambors/all/2016/10/05.log	200
2017-02-16 15:57:00	http://5dapps.com/debi/result/submitAdvanced/%23dgitm%20from%20%40prambors/all/2016/10/06.log	200
2017-02-16 15:57:00	http://5dapps.com/debi/result/submitAdvanced/%23dgitm%20from%20%40prambors/all/2016/10/07.log	200
2017-02-16 15:57:00	http://5dapps.com/debi/result/submitAdvanced/%23dgitm%20from%20%40prambors/all/2016/10/08.log	200
2017-02-16 15:57:00	http://5dapps.com/debi/result/submitAdvanced/%23dgitm%20from%20%40prambors/all/2016/10/09.log	200
2017-02-16 15:57:00	http://5dapps.com/debi/result/submitAdvanced/%23dgitm%20from%20%40prambors/all/2016/10/10.log	200
2017-02-16 15:57:00	http://5dapps.com/debi/result/submitAdvanced/%23dgitm%20from%20%40prambors/all/2016/10/11.log	200
2017-02-16 15:57:00	http://5dapps.com/debi/result/submitAdvanced/%23dgitm%20from%20%40prambors/all/2016/10/12.log	200
2017-02-16 15:57:00	http://5dapps.com/debi/result/submitAdvanced/%23dgitm%20from%20%40prambors/all/2016/10/13.log	200
2017-02-16 15:57:00	http://5dapps.com/debi/result/submitAdvanced/%23dgitm%20from%20%40prambors/all/2016/10/14.log	200
2017-02-16 15:57:00	http://5dapps.com/debi/result/submitAdvanced/%23dgitm%20from%20%40prambors/all/2016/10/15.log	200
2017-02-16 15:57:00	http://5dapps.com/debi/result/submitAdvanced/%23dgitm%20from%20%40prambors/all/2016/10/16.log	200
2017-02-16 15:57:00	http://5dapps.com/debi/result/submitAdvanced/%23dgitm%20from%20%40prambors/all/2016/10/17.log	200
2017-02-16 15:57:00	http://5dapps.com/debi/result/submitAdvanced/%23dgitm%20from%20%40prambors/all/2016/10/18.log	200
2017-02-16 15:57:00	http://5dapps.com/debi/result/submitAdvanced/%23dgitm%20from%20%40prambors/all/2016/10/19.log	200
2017-02-16 15:57:00	http://5dapps.com/debi/result/submitAdvanced/%23dgitm%20from%20%40prambors/all/2016/10/20.log	200
2017-02-16 15:57:00	http://5dapps.com/debi/result/submitAdvanced/%23dgitm%20from%20%40prambors/all/2016/10/21.log	200
2017-02-16 15:57:00	http://5dapps.com/debi/result/submitAdvanced/%23dgitm%20from%20%40prambors/all/2016/10/22.log	200
2017-02-16 15:57:00	http://5dapps.com/debi/result/submitAdvanced/%23dgitm%20from%20%40prambors/all/2016/10/23.log	200
2017-02-16 15:57:00	http://5dapps.com/debi/result/submitAdvanced/%23dgitm%20from%20%40prambors/all/2016/10/24.log	200
2017-02-16 15:57:00	http://5dapps.com/debi/result/submitAdvanced/%23dgitm%20from%20%40prambors/all/2016/10/25.log	200
2017-02-16 15:57:00	http://5dapps.com/debi/result/submitAdvanced/%23dgitm%20from%20%40prambors/all/2016/10/26.log	200
2017-02-16 15:57:00	http://5dapps.com/debi/result/submitAdvanced/%23dgitm%20from%20%40prambors/all/2016/10/27.log	200
2017-02-16 15:57:00	http://5dapps.com/debi/result/submitAdvanced/%23dgitm%20from%20%40prambors/all/2016/10/28.log	200
2017-02-16 15:57:00	http://5dapps.com/debi/result/submitAdvanced/%23dgitm%20from%20%40prambors/all/2016/10/29.log	200
2017-02-16 15:57:00	http://5dapps.com/debi/result/submitAdvanced/%23dgitm%20from%20%40prambors/all/2016/10/30.log	200
2017-02-16 15:57:00	http://5dapps.com/debi/result/submitAdvanced/%23dgitm%20from%20%40prambors/all/2016/10/31.log	200
2017-02-16 15:58:47	http://5dapps.com/debi/result/submitAdvanced/%23semangatpagi%20from%20%40987genfm/all/2016/10/01.log	200
2017-02-16 15:58:47	http://5dapps.com/debi/result/submitAdvanced/%23semangatpagi%20from%20%40987genfm/all/2016/10/02.log	200
2017-02-16 15:58:47	http://5dapps.com/debi/result/submitAdvanced/%23semangatpagi%20from%20%40987genfm/all/2016/10/03.log	200
2017-02-16 15:58:47	http://5dapps.com/debi/result/submitAdvanced/%23semangatpagi%20from%20%40987genfm/all/2016/10/04.log	200
2017-02-16 15:58:47	http://5dapps.com/debi/result/submitAdvanced/%23semangatpagi%20from%20%40987genfm/all/2016/10/05.log	200
2017-02-16 15:58:47	http://5dapps.com/debi/result/submitAdvanced/%23semangatpagi%20from%20%40987genfm/all/2016/10/06.log	200
2017-02-16 15:58:47	http://5dapps.com/debi/result/submitAdvanced/%23semangatpagi%20from%20%40987genfm/all/2016/10/07.log	200
2017-02-16 15:58:47	http://5dapps.com/debi/result/submitAdvanced/%23semangatpagi%20from%20%40987genfm/all/2016/10/08.log	200
2017-02-16 15:58:47	http://5dapps.com/debi/result/submitAdvanced/%23semangatpagi%20from%20%40987genfm/all/2016/10/09.log	200
2017-02-16 15:58:47	http://5dapps.com/debi/result/submitAdvanced/%23semangatpagi%20from%20%40987genfm/all/2016/10/10.log	200
2017-02-16 15:58:47	http://5dapps.com/debi/result/submitAdvanced/%23semangatpagi%20from%20%40987genfm/all/2016/10/11.log	200
2017-02-16 15:58:47	http://5dapps.com/debi/result/submitAdvanced/%23semangatpagi%20from%20%40987genfm/all/2016/10/12.log	200
2017-02-16 15:58:47	http://5dapps.com/debi/result/submitAdvanced/%23semangatpagi%20from%20%40987genfm/all/2016/10/13.log	200
2017-02-16 15:58:47	http://5dapps.com/debi/result/submitAdvanced/%23semangatpagi%20from%20%40987genfm/all/2016/10/14.log	200
2017-02-16 15:58:47	http://5dapps.com/debi/result/submitAdvanced/%23semangatpagi%20from%20%40987genfm/all/2016/10/15.log	200
2017-02-16 15:58:47	http://5dapps.com/debi/result/submitAdvanced/%23semangatpagi%20from%20%40987genfm/all/2016/10/16.log	200
2017-02-16 15:58:47	http://5dapps.com/debi/result/submitAdvanced/%23semangatpagi%20from%20%40987genfm/all/2016/10/17.log	200
2017-02-16 15:58:47	http://5dapps.com/debi/result/submitAdvanced/%23semangatpagi%20from%20%40987genfm/all/2016/10/18.log	200
2017-02-16 15:58:47	http://5dapps.com/debi/result/submitAdvanced/%23semangatpagi%20from%20%40987genfm/all/2016/10/19.log	200
2017-02-16 15:58:47	http://5dapps.com/debi/result/submitAdvanced/%23semangatpagi%20from%20%40987genfm/all/2016/10/20.log	200
2017-02-16 15:58:47	http://5dapps.com/debi/result/submitAdvanced/%23semangatpagi%20from%20%40987genfm/all/2016/10/21.log	200
2017-02-16 15:58:47	http://5dapps.com/debi/result/submitAdvanced/%23semangatpagi%20from%20%40987genfm/all/2016/10/22.log	200
2017-02-16 15:58:47	http://5dapps.com/debi/result/submitAdvanced/%23semangatpagi%20from%20%40987genfm/all/2016/10/23.log	200
2017-02-16 15:58:47	http://5dapps.com/debi/result/submitAdvanced/%23semangatpagi%20from%20%40987genfm/all/2016/10/24.log	200
2017-02-16 15:58:47	http://5dapps.com/debi/result/submitAdvanced/%23semangatpagi%20from%20%40987genfm/all/2016/10/25.log	200
2017-02-16 15:58:47	http://5dapps.com/debi/result/submitAdvanced/%23semangatpagi%20from%20%40987genfm/all/2016/10/26.log	200
2017-02-16 15:58:47	http://5dapps.com/debi/result/submitAdvanced/%23semangatpagi%20from%20%40987genfm/all/2016/10/27.log	200
2017-02-16 15:58:47	http://5dapps.com/debi/result/submitAdvanced/%23semangatpagi%20from%20%40987genfm/all/2016/10/28.log	200
2017-02-16 15:58:47	http://5dapps.com/debi/result/submitAdvanced/%23semangatpagi%20from%20%40987genfm/all/2016/10/29.log	200
2017-02-16 15:58:47	http://5dapps.com/debi/result/submitAdvanced/%23semangatpagi%20from%20%40987genfm/all/2016/10/30.log	200
2017-02-16 15:58:47	http://5dapps.com/debi/result/submitAdvanced/%23semangatpagi%20from%20%40987genfm/all/2016/10/31.log	200
2017-02-16 16:00:38	http://5dapps.com/debi/result/submitAdvanced/%23hitzsirkuspagi%20from%20%40967hitzfm/all/2016/10/01.log	200
2017-02-16 16:00:38	http://5dapps.com/debi/result/submitAdvanced/%23hitzsirkuspagi%20from%20%40967hitzfm/all/2016/10/02.log	200
2017-02-16 16:00:38	http://5dapps.com/debi/result/submitAdvanced/%23hitzsirkuspagi%20from%20%40967hitzfm/all/2016/10/03.log	200
2017-02-16 16:00:38	http://5dapps.com/debi/result/submitAdvanced/%23hitzsirkuspagi%20from%20%40967hitzfm/all/2016/10/04.log	200
2017-02-16 16:00:38	http://5dapps.com/debi/result/submitAdvanced/%23hitzsirkuspagi%20from%20%40967hitzfm/all/2016/10/05.log	200
2017-02-16 16:00:38	http://5dapps.com/debi/result/submitAdvanced/%23hitzsirkuspagi%20from%20%40967hitzfm/all/2016/10/06.log	200
2017-02-16 16:00:38	http://5dapps.com/debi/result/submitAdvanced/%23hitzsirkuspagi%20from%20%40967hitzfm/all/2016/10/07.log	200
2017-02-16 16:00:38	http://5dapps.com/debi/result/submitAdvanced/%23hitzsirkuspagi%20from%20%40967hitzfm/all/2016/10/08.log	200
2017-02-16 16:00:38	http://5dapps.com/debi/result/submitAdvanced/%23hitzsirkuspagi%20from%20%40967hitzfm/all/2016/10/09.log	200
2017-02-16 16:00:38	http://5dapps.com/debi/result/submitAdvanced/%23hitzsirkuspagi%20from%20%40967hitzfm/all/2016/10/10.log	200
2017-02-16 16:00:38	http://5dapps.com/debi/result/submitAdvanced/%23hitzsirkuspagi%20from%20%40967hitzfm/all/2016/10/11.log	200
2017-02-16 16:00:38	http://5dapps.com/debi/result/submitAdvanced/%23hitzsirkuspagi%20from%20%40967hitzfm/all/2016/10/12.log	200
2017-02-16 16:00:38	http://5dapps.com/debi/result/submitAdvanced/%23hitzsirkuspagi%20from%20%40967hitzfm/all/2016/10/13.log	200
2017-02-16 16:00:38	http://5dapps.com/debi/result/submitAdvanced/%23hitzsirkuspagi%20from%20%40967hitzfm/all/2016/10/14.log	200
2017-02-16 16:00:38	http://5dapps.com/debi/result/submitAdvanced/%23hitzsirkuspagi%20from%20%40967hitzfm/all/2016/10/15.log	200
2017-02-16 16:00:38	http://5dapps.com/debi/result/submitAdvanced/%23hitzsirkuspagi%20from%20%40967hitzfm/all/2016/10/16.log	200
2017-02-16 16:00:38	http://5dapps.com/debi/result/submitAdvanced/%23hitzsirkuspagi%20from%20%40967hitzfm/all/2016/10/17.log	200
2017-02-16 16:00:38	http://5dapps.com/debi/result/submitAdvanced/%23hitzsirkuspagi%20from%20%40967hitzfm/all/2016/10/18.log	200
2017-02-16 16:00:38	http://5dapps.com/debi/result/submitAdvanced/%23hitzsirkuspagi%20from%20%40967hitzfm/all/2016/10/19.log	200
2017-02-16 16:00:38	http://5dapps.com/debi/result/submitAdvanced/%23hitzsirkuspagi%20from%20%40967hitzfm/all/2016/10/20.log	200
2017-02-16 16:00:38	http://5dapps.com/debi/result/submitAdvanced/%23hitzsirkuspagi%20from%20%40967hitzfm/all/2016/10/21.log	200
2017-02-16 16:00:38	http://5dapps.com/debi/result/submitAdvanced/%23hitzsirkuspagi%20from%20%40967hitzfm/all/2016/10/22.log	200
2017-02-16 16:00:38	http://5dapps.com/debi/result/submitAdvanced/%23hitzsirkuspagi%20from%20%40967hitzfm/all/2016/10/23.log	200
2017-02-16 16:00:38	http://5dapps.com/debi/result/submitAdvanced/%23hitzsirkuspagi%20from%20%40967hitzfm/all/2016/10/24.log	200
2017-02-16 16:00:38	http://5dapps.com/debi/result/submitAdvanced/%23hitzsirkuspagi%20from%20%40967hitzfm/all/2016/10/25.log	200
2017-02-16 16:00:38	http://5dapps.com/debi/result/submitAdvanced/%23hitzsirkuspagi%20from%20%40967hitzfm/all/2016/10/26.log	200
2017-02-16 16:00:38	http://5dapps.com/debi/result/submitAdvanced/%23hitzsirkuspagi%20from%20%40967hitzfm/all/2016/10/27.log	200
2017-02-16 16:00:38	http://5dapps.com/debi/result/submitAdvanced/%23hitzsirkuspagi%20from%20%40967hitzfm/all/2016/10/28.log	200
2017-02-16 16:00:38	http://5dapps.com/debi/result/submitAdvanced/%23hitzsirkuspagi%20from%20%40967hitzfm/all/2016/10/29.log	200
2017-02-16 16:00:38	http://5dapps.com/debi/result/submitAdvanced/%23hitzsirkuspagi%20from%20%40967hitzfm/all/2016/10/30.log	200
2017-02-16 16:00:38	http://5dapps.com/debi/result/submitAdvanced/%23hitzsirkuspagi%20from%20%40967hitzfm/all/2016/10/31.log	200
2017-02-16 16:12:41	http://5dapps.com/debi/result/submitAdvanced/%23semangatpagi%20from%20%40987genfm/all/2016/10/01.log	200
2017-02-16 16:12:41	http://5dapps.com/debi/result/submitAdvanced/%23semangatpagi%20from%20%40987genfm/all/2016/10/02.log	200
2017-02-16 16:12:41	http://5dapps.com/debi/result/submitAdvanced/%23semangatpagi%20from%20%40987genfm/all/2016/10/03.log	200
2017-02-16 16:12:41	http://5dapps.com/debi/result/submitAdvanced/%23semangatpagi%20from%20%40987genfm/all/2016/10/04.log	200
2017-02-16 16:12:41	http://5dapps.com/debi/result/submitAdvanced/%23semangatpagi%20from%20%40987genfm/all/2016/10/05.log	200
2017-02-16 16:12:41	http://5dapps.com/debi/result/submitAdvanced/%23semangatpagi%20from%20%40987genfm/all/2016/10/06.log	200
2017-02-16 16:12:41	http://5dapps.com/debi/result/submitAdvanced/%23semangatpagi%20from%20%40987genfm/all/2016/10/07.log	200
2017-02-16 16:12:41	http://5dapps.com/debi/result/submitAdvanced/%23semangatpagi%20from%20%40987genfm/all/2016/10/08.log	200
2017-02-16 16:12:41	http://5dapps.com/debi/result/submitAdvanced/%23semangatpagi%20from%20%40987genfm/all/2016/10/09.log	200
2017-02-16 16:12:41	http://5dapps.com/debi/result/submitAdvanced/%23semangatpagi%20from%20%40987genfm/all/2016/10/10.log	200
2017-02-16 16:12:41	http://5dapps.com/debi/result/submitAdvanced/%23semangatpagi%20from%20%40987genfm/all/2016/10/11.log	200
2017-02-16 16:12:41	http://5dapps.com/debi/result/submitAdvanced/%23semangatpagi%20from%20%40987genfm/all/2016/10/12.log	200
2017-02-16 16:12:41	http://5dapps.com/debi/result/submitAdvanced/%23semangatpagi%20from%20%40987genfm/all/2016/10/13.log	200
2017-02-16 16:12:41	http://5dapps.com/debi/result/submitAdvanced/%23semangatpagi%20from%20%40987genfm/all/2016/10/14.log	200
2017-02-16 16:12:41	http://5dapps.com/debi/result/submitAdvanced/%23semangatpagi%20from%20%40987genfm/all/2016/10/15.log	200
2017-02-16 16:12:41	http://5dapps.com/debi/result/submitAdvanced/%23semangatpagi%20from%20%40987genfm/all/2016/10/16.log	200
2017-02-16 16:12:41	http://5dapps.com/debi/result/submitAdvanced/%23semangatpagi%20from%20%40987genfm/all/2016/10/17.log	200
2017-02-16 16:12:41	http://5dapps.com/debi/result/submitAdvanced/%23semangatpagi%20from%20%40987genfm/all/2016/10/18.log	200
2017-02-16 16:12:41	http://5dapps.com/debi/result/submitAdvanced/%23semangatpagi%20from%20%40987genfm/all/2016/10/19.log	200
2017-02-16 16:12:41	http://5dapps.com/debi/result/submitAdvanced/%23semangatpagi%20from%20%40987genfm/all/2016/10/20.log	200
2017-02-16 16:12:41	http://5dapps.com/debi/result/submitAdvanced/%23semangatpagi%20from%20%40987genfm/all/2016/10/21.log	200
2017-02-16 16:12:41	http://5dapps.com/debi/result/submitAdvanced/%23semangatpagi%20from%20%40987genfm/all/2016/10/22.log	200
2017-02-16 16:12:41	http://5dapps.com/debi/result/submitAdvanced/%23semangatpagi%20from%20%40987genfm/all/2016/10/23.log	200
2017-02-16 16:12:41	http://5dapps.com/debi/result/submitAdvanced/%23semangatpagi%20from%20%40987genfm/all/2016/10/24.log	200
2017-02-16 16:12:41	http://5dapps.com/debi/result/submitAdvanced/%23semangatpagi%20from%20%40987genfm/all/2016/10/25.log	200
2017-02-16 16:12:41	http://5dapps.com/debi/result/submitAdvanced/%23semangatpagi%20from%20%40987genfm/all/2016/10/26.log	200
2017-02-16 16:12:41	http://5dapps.com/debi/result/submitAdvanced/%23semangatpagi%20from%20%40987genfm/all/2016/10/27.log	200
2017-02-16 16:12:41	http://5dapps.com/debi/result/submitAdvanced/%23semangatpagi%20from%20%40987genfm/all/2016/10/28.log	200
2017-02-16 16:12:41	http://5dapps.com/debi/result/submitAdvanced/%23semangatpagi%20from%20%40987genfm/all/2016/10/29.log	200
2017-02-16 16:12:41	http://5dapps.com/debi/result/submitAdvanced/%23semangatpagi%20from%20%40987genfm/all/2016/10/30.log	200
2017-02-16 16:12:41	http://5dapps.com/debi/result/submitAdvanced/%23semangatpagi%20from%20%40987genfm/all/2016/10/31.log	200
2017-02-16 16:12:42	http://5dapps.com/debi/result/submitAdvanced/%23dgitm%20from%20%40prambors/all/2016/10/01.log	200
2017-02-16 16:12:42	http://5dapps.com/debi/result/submitAdvanced/%23dgitm%20from%20%40prambors/all/2016/10/02.log	200
2017-02-16 16:12:42	http://5dapps.com/debi/result/submitAdvanced/%23dgitm%20from%20%40prambors/all/2016/10/03.log	200
2017-02-16 16:12:42	http://5dapps.com/debi/result/submitAdvanced/%23dgitm%20from%20%40prambors/all/2016/10/04.log	200
2017-02-16 16:12:42	http://5dapps.com/debi/result/submitAdvanced/%23dgitm%20from%20%40prambors/all/2016/10/05.log	200
2017-02-16 16:12:42	http://5dapps.com/debi/result/submitAdvanced/%23dgitm%20from%20%40prambors/all/2016/10/06.log	200
2017-02-16 16:12:42	http://5dapps.com/debi/result/submitAdvanced/%23dgitm%20from%20%40prambors/all/2016/10/07.log	200
2017-02-16 16:12:42	http://5dapps.com/debi/result/submitAdvanced/%23dgitm%20from%20%40prambors/all/2016/10/08.log	200
2017-02-16 16:12:42	http://5dapps.com/debi/result/submitAdvanced/%23dgitm%20from%20%40prambors/all/2016/10/09.log	200
2017-02-16 16:12:42	http://5dapps.com/debi/result/submitAdvanced/%23dgitm%20from%20%40prambors/all/2016/10/10.log	200
2017-02-16 16:12:42	http://5dapps.com/debi/result/submitAdvanced/%23dgitm%20from%20%40prambors/all/2016/10/11.log	200
2017-02-16 16:12:42	http://5dapps.com/debi/result/submitAdvanced/%23dgitm%20from%20%40prambors/all/2016/10/12.log	200
2017-02-16 16:12:42	http://5dapps.com/debi/result/submitAdvanced/%23dgitm%20from%20%40prambors/all/2016/10/13.log	200
2017-02-16 16:12:42	http://5dapps.com/debi/result/submitAdvanced/%23dgitm%20from%20%40prambors/all/2016/10/14.log	200
2017-02-16 16:12:42	http://5dapps.com/debi/result/submitAdvanced/%23dgitm%20from%20%40prambors/all/2016/10/15.log	200
2017-02-16 16:12:42	http://5dapps.com/debi/result/submitAdvanced/%23dgitm%20from%20%40prambors/all/2016/10/16.log	200
2017-02-16 16:12:42	http://5dapps.com/debi/result/submitAdvanced/%23dgitm%20from%20%40prambors/all/2016/10/17.log	200
2017-02-16 16:12:42	http://5dapps.com/debi/result/submitAdvanced/%23dgitm%20from%20%40prambors/all/2016/10/18.log	200
2017-02-16 16:12:42	http://5dapps.com/debi/result/submitAdvanced/%23dgitm%20from%20%40prambors/all/2016/10/19.log	200
2017-02-16 16:12:42	http://5dapps.com/debi/result/submitAdvanced/%23dgitm%20from%20%40prambors/all/2016/10/20.log	200
2017-02-16 16:12:42	http://5dapps.com/debi/result/submitAdvanced/%23dgitm%20from%20%40prambors/all/2016/10/21.log	200
2017-02-16 16:12:42	http://5dapps.com/debi/result/submitAdvanced/%23dgitm%20from%20%40prambors/all/2016/10/22.log	200
2017-02-16 16:12:42	http://5dapps.com/debi/result/submitAdvanced/%23dgitm%20from%20%40prambors/all/2016/10/23.log	200
2017-02-16 16:12:42	http://5dapps.com/debi/result/submitAdvanced/%23dgitm%20from%20%40prambors/all/2016/10/24.log	200
2017-02-16 16:12:42	http://5dapps.com/debi/result/submitAdvanced/%23dgitm%20from%20%40prambors/all/2016/10/25.log	200
2017-02-16 16:12:42	http://5dapps.com/debi/result/submitAdvanced/%23dgitm%20from%20%40prambors/all/2016/10/26.log	200
2017-02-16 16:12:42	http://5dapps.com/debi/result/submitAdvanced/%23dgitm%20from%20%40prambors/all/2016/10/27.log	200
2017-02-16 16:12:42	http://5dapps.com/debi/result/submitAdvanced/%23dgitm%20from%20%40prambors/all/2016/10/28.log	200
2017-02-16 16:12:42	http://5dapps.com/debi/result/submitAdvanced/%23dgitm%20from%20%40prambors/all/2016/10/29.log	200
2017-02-16 16:12:42	http://5dapps.com/debi/result/submitAdvanced/%23dgitm%20from%20%40prambors/all/2016/10/30.log	200
2017-02-16 16:12:42	http://5dapps.com/debi/result/submitAdvanced/%23dgitm%20from%20%40prambors/all/2016/10/31.log	200
2017-02-16 16:13:17	http://5dapps.com/debi/result/submitSocial/%23semangatpagi/all/2016/10/01.log	200
2017-02-16 16:13:17	http://5dapps.com/debi/result/submitSocial/%23semangatpagi/all/2016/10/02.log	200
2017-02-16 16:13:17	http://5dapps.com/debi/result/submitSocial/%23semangatpagi/all/2016/10/03.log	200
2017-02-16 16:13:17	http://5dapps.com/debi/result/submitSocial/%23semangatpagi/all/2016/10/04.log	200
2017-02-16 16:13:17	http://5dapps.com/debi/result/submitSocial/%23semangatpagi/all/2016/10/05.log	200
2017-02-16 16:13:17	http://5dapps.com/debi/result/submitSocial/%23semangatpagi/all/2016/10/06.log	200
2017-02-16 16:13:17	http://5dapps.com/debi/result/submitSocial/%23semangatpagi/all/2016/10/07.log	200
2017-02-16 16:13:17	http://5dapps.com/debi/result/submitSocial/%23semangatpagi/all/2016/10/08.log	200
2017-02-16 16:13:17	http://5dapps.com/debi/result/submitSocial/%23semangatpagi/all/2016/10/09.log	200
2017-02-16 16:13:17	http://5dapps.com/debi/result/submitSocial/%23semangatpagi/all/2016/10/10.log	200
2017-02-16 16:13:17	http://5dapps.com/debi/result/submitSocial/%23semangatpagi/all/2016/10/11.log	200
2017-02-16 16:13:17	http://5dapps.com/debi/result/submitSocial/%23semangatpagi/all/2016/10/12.log	200
2017-02-16 16:13:17	http://5dapps.com/debi/result/submitSocial/%23semangatpagi/all/2016/10/13.log	200
2017-02-16 16:13:17	http://5dapps.com/debi/result/submitSocial/%23semangatpagi/all/2016/10/14.log	200
2017-02-16 16:13:17	http://5dapps.com/debi/result/submitSocial/%23semangatpagi/all/2016/10/15.log	200
2017-02-16 16:13:17	http://5dapps.com/debi/result/submitSocial/%23semangatpagi/all/2016/10/16.log	200
2017-02-16 16:13:17	http://5dapps.com/debi/result/submitSocial/%23semangatpagi/all/2016/10/17.log	200
2017-02-16 16:13:17	http://5dapps.com/debi/result/submitSocial/%23semangatpagi/all/2016/10/18.log	200
2017-02-16 16:13:17	http://5dapps.com/debi/result/submitSocial/%23semangatpagi/all/2016/10/19.log	200
2017-02-16 16:13:17	http://5dapps.com/debi/result/submitSocial/%23semangatpagi/all/2016/10/20.log	200
2017-02-16 16:13:17	http://5dapps.com/debi/result/submitSocial/%23semangatpagi/all/2016/10/21.log	200
2017-02-16 16:13:17	http://5dapps.com/debi/result/submitSocial/%23semangatpagi/all/2016/10/22.log	200
2017-02-16 16:13:17	http://5dapps.com/debi/result/submitSocial/%23semangatpagi/all/2016/10/23.log	200
2017-02-16 16:13:17	http://5dapps.com/debi/result/submitSocial/%23semangatpagi/all/2016/10/24.log	200
2017-02-16 16:13:17	http://5dapps.com/debi/result/submitSocial/%23semangatpagi/all/2016/10/25.log	200
2017-02-16 16:13:17	http://5dapps.com/debi/result/submitSocial/%23semangatpagi/all/2016/10/26.log	200
2017-02-16 16:13:17	http://5dapps.com/debi/result/submitSocial/%23semangatpagi/all/2016/10/27.log	200
2017-02-16 16:13:17	http://5dapps.com/debi/result/submitSocial/%23semangatpagi/all/2016/10/28.log	200
2017-02-16 16:13:17	http://5dapps.com/debi/result/submitSocial/%23semangatpagi/all/2016/10/29.log	200
2017-02-16 16:13:17	http://5dapps.com/debi/result/submitSocial/%23semangatpagi/all/2016/10/30.log	200
2017-02-16 16:13:17	http://5dapps.com/debi/result/submitSocial/%23semangatpagi/all/2016/10/31.log	200
2017-02-16 16:13:19	http://5dapps.com/debi/result/submitSocial/%23dgitm/all/2016/10/01.log	200
2017-02-16 16:13:19	http://5dapps.com/debi/result/submitSocial/%23dgitm/all/2016/10/02.log	200
2017-02-16 16:13:19	http://5dapps.com/debi/result/submitSocial/%23dgitm/all/2016/10/03.log	200
2017-02-16 16:13:19	http://5dapps.com/debi/result/submitSocial/%23dgitm/all/2016/10/04.log	200
2017-02-16 16:13:19	http://5dapps.com/debi/result/submitSocial/%23dgitm/all/2016/10/05.log	200
2017-02-16 16:13:19	http://5dapps.com/debi/result/submitSocial/%23dgitm/all/2016/10/06.log	200
2017-02-16 16:13:19	http://5dapps.com/debi/result/submitSocial/%23dgitm/all/2016/10/07.log	200
2017-02-16 16:13:19	http://5dapps.com/debi/result/submitSocial/%23dgitm/all/2016/10/08.log	200
2017-02-16 16:13:19	http://5dapps.com/debi/result/submitSocial/%23dgitm/all/2016/10/09.log	200
2017-02-16 16:13:19	http://5dapps.com/debi/result/submitSocial/%23dgitm/all/2016/10/10.log	200
2017-02-16 16:13:19	http://5dapps.com/debi/result/submitSocial/%23dgitm/all/2016/10/11.log	200
2017-02-16 16:13:19	http://5dapps.com/debi/result/submitSocial/%23dgitm/all/2016/10/12.log	200
2017-02-16 16:13:19	http://5dapps.com/debi/result/submitSocial/%23dgitm/all/2016/10/13.log	200
2017-02-16 16:13:19	http://5dapps.com/debi/result/submitSocial/%23dgitm/all/2016/10/14.log	200
2017-02-16 16:13:19	http://5dapps.com/debi/result/submitSocial/%23dgitm/all/2016/10/15.log	200
2017-02-16 16:13:19	http://5dapps.com/debi/result/submitSocial/%23dgitm/all/2016/10/16.log	200
2017-02-16 16:13:19	http://5dapps.com/debi/result/submitSocial/%23dgitm/all/2016/10/17.log	200
2017-02-16 16:13:19	http://5dapps.com/debi/result/submitSocial/%23dgitm/all/2016/10/18.log	200
2017-02-16 16:13:19	http://5dapps.com/debi/result/submitSocial/%23dgitm/all/2016/10/19.log	200
2017-02-16 16:13:19	http://5dapps.com/debi/result/submitSocial/%23dgitm/all/2016/10/20.log	200
2017-02-16 16:13:19	http://5dapps.com/debi/result/submitSocial/%23dgitm/all/2016/10/21.log	200
2017-02-16 16:13:19	http://5dapps.com/debi/result/submitSocial/%23dgitm/all/2016/10/22.log	200
2017-02-16 16:13:19	http://5dapps.com/debi/result/submitSocial/%23dgitm/all/2016/10/23.log	200
2017-02-16 16:13:19	http://5dapps.com/debi/result/submitSocial/%23dgitm/all/2016/10/24.log	200
2017-02-16 16:13:19	http://5dapps.com/debi/result/submitSocial/%23dgitm/all/2016/10/25.log	200
2017-02-16 16:13:19	http://5dapps.com/debi/result/submitSocial/%23dgitm/all/2016/10/26.log	200
2017-02-16 16:13:19	http://5dapps.com/debi/result/submitSocial/%23dgitm/all/2016/10/27.log	200
2017-02-16 16:13:19	http://5dapps.com/debi/result/submitSocial/%23dgitm/all/2016/10/28.log	200
2017-02-16 16:13:19	http://5dapps.com/debi/result/submitSocial/%23dgitm/all/2016/10/29.log	200
2017-02-16 16:13:19	http://5dapps.com/debi/result/submitSocial/%23dgitm/all/2016/10/30.log	200
2017-02-16 16:13:19	http://5dapps.com/debi/result/submitSocial/%23dgitm/all/2016/10/31.log	200
2017-02-16 16:21:30	http://5dapps.com/debi/result/submitAdvanced/%23sarapanseru%20from%20%40101jakfm/all/2016/10/01.log	200
2017-02-16 16:21:30	http://5dapps.com/debi/result/submitAdvanced/%23sarapanseru%20from%20%40101jakfm/all/2016/10/02.log	200
2017-02-16 16:21:30	http://5dapps.com/debi/result/submitAdvanced/%23sarapanseru%20from%20%40101jakfm/all/2016/10/03.log	200
2017-02-16 16:21:30	http://5dapps.com/debi/result/submitAdvanced/%23sarapanseru%20from%20%40101jakfm/all/2016/10/04.log	200
2017-02-16 16:21:30	http://5dapps.com/debi/result/submitAdvanced/%23sarapanseru%20from%20%40101jakfm/all/2016/10/05.log	200
2017-02-16 16:21:30	http://5dapps.com/debi/result/submitAdvanced/%23sarapanseru%20from%20%40101jakfm/all/2016/10/06.log	200
2017-02-16 16:21:30	http://5dapps.com/debi/result/submitAdvanced/%23sarapanseru%20from%20%40101jakfm/all/2016/10/07.log	200
2017-02-16 16:21:30	http://5dapps.com/debi/result/submitAdvanced/%23sarapanseru%20from%20%40101jakfm/all/2016/10/08.log	200
2017-02-16 16:21:30	http://5dapps.com/debi/result/submitAdvanced/%23sarapanseru%20from%20%40101jakfm/all/2016/10/09.log	200
2017-02-16 16:21:30	http://5dapps.com/debi/result/submitAdvanced/%23sarapanseru%20from%20%40101jakfm/all/2016/10/10.log	200
2017-02-16 16:21:30	http://5dapps.com/debi/result/submitAdvanced/%23sarapanseru%20from%20%40101jakfm/all/2016/10/11.log	200
2017-02-16 16:21:30	http://5dapps.com/debi/result/submitAdvanced/%23sarapanseru%20from%20%40101jakfm/all/2016/10/12.log	200
2017-02-16 16:21:30	http://5dapps.com/debi/result/submitAdvanced/%23sarapanseru%20from%20%40101jakfm/all/2016/10/13.log	200
2017-02-16 16:21:30	http://5dapps.com/debi/result/submitAdvanced/%23sarapanseru%20from%20%40101jakfm/all/2016/10/14.log	200
2017-02-16 16:21:30	http://5dapps.com/debi/result/submitAdvanced/%23sarapanseru%20from%20%40101jakfm/all/2016/10/15.log	200
2017-02-16 16:21:30	http://5dapps.com/debi/result/submitAdvanced/%23sarapanseru%20from%20%40101jakfm/all/2016/10/16.log	200
2017-02-16 16:21:30	http://5dapps.com/debi/result/submitAdvanced/%23sarapanseru%20from%20%40101jakfm/all/2016/10/17.log	200
2017-02-16 16:21:30	http://5dapps.com/debi/result/submitAdvanced/%23sarapanseru%20from%20%40101jakfm/all/2016/10/18.log	200
2017-02-16 16:21:30	http://5dapps.com/debi/result/submitAdvanced/%23sarapanseru%20from%20%40101jakfm/all/2016/10/19.log	200
2017-02-16 16:21:30	http://5dapps.com/debi/result/submitAdvanced/%23sarapanseru%20from%20%40101jakfm/all/2016/10/20.log	200
2017-02-16 16:21:30	http://5dapps.com/debi/result/submitAdvanced/%23sarapanseru%20from%20%40101jakfm/all/2016/10/21.log	200
2017-02-16 16:21:30	http://5dapps.com/debi/result/submitAdvanced/%23sarapanseru%20from%20%40101jakfm/all/2016/10/22.log	200
2017-02-16 16:21:30	http://5dapps.com/debi/result/submitAdvanced/%23sarapanseru%20from%20%40101jakfm/all/2016/10/23.log	200
2017-02-16 16:21:30	http://5dapps.com/debi/result/submitAdvanced/%23sarapanseru%20from%20%40101jakfm/all/2016/10/24.log	200
2017-02-16 16:21:30	http://5dapps.com/debi/result/submitAdvanced/%23sarapanseru%20from%20%40101jakfm/all/2016/10/25.log	200
2017-02-16 16:21:30	http://5dapps.com/debi/result/submitAdvanced/%23sarapanseru%20from%20%40101jakfm/all/2016/10/26.log	200
2017-02-16 16:21:30	http://5dapps.com/debi/result/submitAdvanced/%23sarapanseru%20from%20%40101jakfm/all/2016/10/27.log	200
2017-02-16 16:21:30	http://5dapps.com/debi/result/submitAdvanced/%23sarapanseru%20from%20%40101jakfm/all/2016/10/28.log	200
2017-02-16 16:21:30	http://5dapps.com/debi/result/submitAdvanced/%23sarapanseru%20from%20%40101jakfm/all/2016/10/29.log	200
2017-02-16 16:21:30	http://5dapps.com/debi/result/submitAdvanced/%23sarapanseru%20from%20%40101jakfm/all/2016/10/30.log	200
2017-02-16 16:21:30	http://5dapps.com/debi/result/submitAdvanced/%23sarapanseru%20from%20%40101jakfm/all/2016/10/31.log	200
2017-02-16 16:23:19	http://5dapps.com/debi/result/submitAdvanced/%23indikapagi%20from%20%40indika9160fm/all/2016/10/01.log	200
2017-02-16 16:23:19	http://5dapps.com/debi/result/submitAdvanced/%23indikapagi%20from%20%40indika9160fm/all/2016/10/02.log	200
2017-02-16 16:23:19	http://5dapps.com/debi/result/submitAdvanced/%23indikapagi%20from%20%40indika9160fm/all/2016/10/03.log	200
2017-02-16 16:23:19	http://5dapps.com/debi/result/submitAdvanced/%23indikapagi%20from%20%40indika9160fm/all/2016/10/04.log	200
2017-02-16 16:23:19	http://5dapps.com/debi/result/submitAdvanced/%23indikapagi%20from%20%40indika9160fm/all/2016/10/05.log	200
2017-02-16 16:23:19	http://5dapps.com/debi/result/submitAdvanced/%23indikapagi%20from%20%40indika9160fm/all/2016/10/06.log	200
2017-02-16 16:23:19	http://5dapps.com/debi/result/submitAdvanced/%23indikapagi%20from%20%40indika9160fm/all/2016/10/07.log	200
2017-02-16 16:23:19	http://5dapps.com/debi/result/submitAdvanced/%23indikapagi%20from%20%40indika9160fm/all/2016/10/08.log	200
2017-02-16 16:23:19	http://5dapps.com/debi/result/submitAdvanced/%23indikapagi%20from%20%40indika9160fm/all/2016/10/09.log	200
2017-02-16 16:23:19	http://5dapps.com/debi/result/submitAdvanced/%23indikapagi%20from%20%40indika9160fm/all/2016/10/10.log	200
2017-02-16 16:23:19	http://5dapps.com/debi/result/submitAdvanced/%23indikapagi%20from%20%40indika9160fm/all/2016/10/11.log	200
2017-02-16 16:23:19	http://5dapps.com/debi/result/submitAdvanced/%23indikapagi%20from%20%40indika9160fm/all/2016/10/12.log	200
2017-02-16 16:23:19	http://5dapps.com/debi/result/submitAdvanced/%23indikapagi%20from%20%40indika9160fm/all/2016/10/13.log	200
2017-02-16 16:23:19	http://5dapps.com/debi/result/submitAdvanced/%23indikapagi%20from%20%40indika9160fm/all/2016/10/14.log	200
2017-02-16 16:23:19	http://5dapps.com/debi/result/submitAdvanced/%23indikapagi%20from%20%40indika9160fm/all/2016/10/15.log	200
2017-02-16 16:23:19	http://5dapps.com/debi/result/submitAdvanced/%23indikapagi%20from%20%40indika9160fm/all/2016/10/16.log	200
2017-02-16 16:23:19	http://5dapps.com/debi/result/submitAdvanced/%23indikapagi%20from%20%40indika9160fm/all/2016/10/17.log	200
2017-02-16 16:23:19	http://5dapps.com/debi/result/submitAdvanced/%23indikapagi%20from%20%40indika9160fm/all/2016/10/18.log	200
2017-02-16 16:23:19	http://5dapps.com/debi/result/submitAdvanced/%23indikapagi%20from%20%40indika9160fm/all/2016/10/19.log	200
2017-02-16 16:23:19	http://5dapps.com/debi/result/submitAdvanced/%23indikapagi%20from%20%40indika9160fm/all/2016/10/20.log	200
2017-02-16 16:23:19	http://5dapps.com/debi/result/submitAdvanced/%23indikapagi%20from%20%40indika9160fm/all/2016/10/21.log	200
2017-02-16 16:23:19	http://5dapps.com/debi/result/submitAdvanced/%23indikapagi%20from%20%40indika9160fm/all/2016/10/22.log	200
2017-02-16 16:23:19	http://5dapps.com/debi/result/submitAdvanced/%23indikapagi%20from%20%40indika9160fm/all/2016/10/23.log	200
2017-02-16 16:23:19	http://5dapps.com/debi/result/submitAdvanced/%23indikapagi%20from%20%40indika9160fm/all/2016/10/24.log	200
2017-02-16 16:23:19	http://5dapps.com/debi/result/submitAdvanced/%23indikapagi%20from%20%40indika9160fm/all/2016/10/25.log	200
2017-02-16 16:23:19	http://5dapps.com/debi/result/submitAdvanced/%23indikapagi%20from%20%40indika9160fm/all/2016/10/26.log	200
2017-02-16 16:23:19	http://5dapps.com/debi/result/submitAdvanced/%23indikapagi%20from%20%40indika9160fm/all/2016/10/27.log	200
2017-02-16 16:23:19	http://5dapps.com/debi/result/submitAdvanced/%23indikapagi%20from%20%40indika9160fm/all/2016/10/28.log	200
2017-02-16 16:23:19	http://5dapps.com/debi/result/submitAdvanced/%23indikapagi%20from%20%40indika9160fm/all/2016/10/29.log	200
2017-02-16 16:23:19	http://5dapps.com/debi/result/submitAdvanced/%23indikapagi%20from%20%40indika9160fm/all/2016/10/30.log	200
2017-02-16 16:23:19	http://5dapps.com/debi/result/submitAdvanced/%23indikapagi%20from%20%40indika9160fm/all/2016/10/31.log	200
2017-02-16 16:25:10	http://5dapps.com/debi/result/submitAdvanced/%23gmhr%20from%20%40hardrockfm/all/2016/10/01.log	200
2017-02-16 16:25:10	http://5dapps.com/debi/result/submitAdvanced/%23gmhr%20from%20%40hardrockfm/all/2016/10/02.log	200
2017-02-16 16:25:10	http://5dapps.com/debi/result/submitAdvanced/%23gmhr%20from%20%40hardrockfm/all/2016/10/03.log	200
2017-02-16 16:25:10	http://5dapps.com/debi/result/submitAdvanced/%23gmhr%20from%20%40hardrockfm/all/2016/10/04.log	200
2017-02-16 16:25:10	http://5dapps.com/debi/result/submitAdvanced/%23gmhr%20from%20%40hardrockfm/all/2016/10/05.log	200
2017-02-16 16:25:10	http://5dapps.com/debi/result/submitAdvanced/%23gmhr%20from%20%40hardrockfm/all/2016/10/06.log	200
2017-02-16 16:25:10	http://5dapps.com/debi/result/submitAdvanced/%23gmhr%20from%20%40hardrockfm/all/2016/10/07.log	200
2017-02-16 16:25:10	http://5dapps.com/debi/result/submitAdvanced/%23gmhr%20from%20%40hardrockfm/all/2016/10/08.log	200
2017-02-16 16:25:10	http://5dapps.com/debi/result/submitAdvanced/%23gmhr%20from%20%40hardrockfm/all/2016/10/09.log	200
2017-02-16 16:25:10	http://5dapps.com/debi/result/submitAdvanced/%23gmhr%20from%20%40hardrockfm/all/2016/10/10.log	200
2017-02-16 16:25:10	http://5dapps.com/debi/result/submitAdvanced/%23gmhr%20from%20%40hardrockfm/all/2016/10/11.log	200
2017-02-16 16:25:10	http://5dapps.com/debi/result/submitAdvanced/%23gmhr%20from%20%40hardrockfm/all/2016/10/12.log	200
2017-02-16 16:25:10	http://5dapps.com/debi/result/submitAdvanced/%23gmhr%20from%20%40hardrockfm/all/2016/10/13.log	200
2017-02-16 16:25:10	http://5dapps.com/debi/result/submitAdvanced/%23gmhr%20from%20%40hardrockfm/all/2016/10/14.log	200
2017-02-16 16:25:10	http://5dapps.com/debi/result/submitAdvanced/%23gmhr%20from%20%40hardrockfm/all/2016/10/15.log	200
2017-02-16 16:25:10	http://5dapps.com/debi/result/submitAdvanced/%23gmhr%20from%20%40hardrockfm/all/2016/10/16.log	200
2017-02-16 16:25:10	http://5dapps.com/debi/result/submitAdvanced/%23gmhr%20from%20%40hardrockfm/all/2016/10/17.log	200
2017-02-16 16:25:10	http://5dapps.com/debi/result/submitAdvanced/%23gmhr%20from%20%40hardrockfm/all/2016/10/18.log	200
2017-02-16 16:25:10	http://5dapps.com/debi/result/submitAdvanced/%23gmhr%20from%20%40hardrockfm/all/2016/10/19.log	200
2017-02-16 16:25:10	http://5dapps.com/debi/result/submitAdvanced/%23gmhr%20from%20%40hardrockfm/all/2016/10/20.log	200
2017-02-16 16:25:10	http://5dapps.com/debi/result/submitAdvanced/%23gmhr%20from%20%40hardrockfm/all/2016/10/21.log	200
2017-02-16 16:25:10	http://5dapps.com/debi/result/submitAdvanced/%23gmhr%20from%20%40hardrockfm/all/2016/10/22.log	200
2017-02-16 16:25:10	http://5dapps.com/debi/result/submitAdvanced/%23gmhr%20from%20%40hardrockfm/all/2016/10/23.log	200
2017-02-16 16:25:10	http://5dapps.com/debi/result/submitAdvanced/%23gmhr%20from%20%40hardrockfm/all/2016/10/24.log	200
2017-02-16 16:25:10	http://5dapps.com/debi/result/submitAdvanced/%23gmhr%20from%20%40hardrockfm/all/2016/10/25.log	200
2017-02-16 16:25:10	http://5dapps.com/debi/result/submitAdvanced/%23gmhr%20from%20%40hardrockfm/all/2016/10/26.log	200
2017-02-16 16:25:10	http://5dapps.com/debi/result/submitAdvanced/%23gmhr%20from%20%40hardrockfm/all/2016/10/27.log	200
2017-02-16 16:25:10	http://5dapps.com/debi/result/submitAdvanced/%23gmhr%20from%20%40hardrockfm/all/2016/10/28.log	200
2017-02-16 16:25:10	http://5dapps.com/debi/result/submitAdvanced/%23gmhr%20from%20%40hardrockfm/all/2016/10/29.log	200
2017-02-16 16:25:10	http://5dapps.com/debi/result/submitAdvanced/%23gmhr%20from%20%40hardrockfm/all/2016/10/30.log	200
2017-02-16 16:25:10	http://5dapps.com/debi/result/submitAdvanced/%23gmhr%20from%20%40hardrockfm/all/2016/10/31.log	200
2017-02-16 16:28:47	http://5dapps.com/debi/result/submitAdvanced/%23sarapanseru%20from%20%40101jakfm/all/2016/10/01.log	200
2017-02-16 16:28:47	http://5dapps.com/debi/result/submitAdvanced/%23sarapanseru%20from%20%40101jakfm/all/2016/10/02.log	200
2017-02-16 16:28:47	http://5dapps.com/debi/result/submitAdvanced/%23sarapanseru%20from%20%40101jakfm/all/2016/10/03.log	200
2017-02-16 16:28:47	http://5dapps.com/debi/result/submitAdvanced/%23sarapanseru%20from%20%40101jakfm/all/2016/10/04.log	200
2017-02-16 16:28:47	http://5dapps.com/debi/result/submitAdvanced/%23sarapanseru%20from%20%40101jakfm/all/2016/10/05.log	200
2017-02-16 16:28:47	http://5dapps.com/debi/result/submitAdvanced/%23sarapanseru%20from%20%40101jakfm/all/2016/10/06.log	200
2017-02-16 16:28:47	http://5dapps.com/debi/result/submitAdvanced/%23sarapanseru%20from%20%40101jakfm/all/2016/10/07.log	200
2017-02-16 16:28:47	http://5dapps.com/debi/result/submitAdvanced/%23sarapanseru%20from%20%40101jakfm/all/2016/10/08.log	200
2017-02-16 16:28:47	http://5dapps.com/debi/result/submitAdvanced/%23sarapanseru%20from%20%40101jakfm/all/2016/10/09.log	200
2017-02-16 16:28:47	http://5dapps.com/debi/result/submitAdvanced/%23sarapanseru%20from%20%40101jakfm/all/2016/10/10.log	200
2017-02-16 16:28:47	http://5dapps.com/debi/result/submitAdvanced/%23sarapanseru%20from%20%40101jakfm/all/2016/10/11.log	200
2017-02-16 16:28:47	http://5dapps.com/debi/result/submitAdvanced/%23sarapanseru%20from%20%40101jakfm/all/2016/10/12.log	200
2017-02-16 16:28:47	http://5dapps.com/debi/result/submitAdvanced/%23sarapanseru%20from%20%40101jakfm/all/2016/10/13.log	200
2017-02-16 16:28:47	http://5dapps.com/debi/result/submitAdvanced/%23sarapanseru%20from%20%40101jakfm/all/2016/10/14.log	200
2017-02-16 16:28:47	http://5dapps.com/debi/result/submitAdvanced/%23sarapanseru%20from%20%40101jakfm/all/2016/10/15.log	200
2017-02-16 16:28:47	http://5dapps.com/debi/result/submitAdvanced/%23sarapanseru%20from%20%40101jakfm/all/2016/10/16.log	200
2017-02-16 16:28:47	http://5dapps.com/debi/result/submitAdvanced/%23sarapanseru%20from%20%40101jakfm/all/2016/10/17.log	200
2017-02-16 16:28:47	http://5dapps.com/debi/result/submitAdvanced/%23sarapanseru%20from%20%40101jakfm/all/2016/10/18.log	200
2017-02-16 16:28:47	http://5dapps.com/debi/result/submitAdvanced/%23sarapanseru%20from%20%40101jakfm/all/2016/10/19.log	200
2017-02-16 16:28:47	http://5dapps.com/debi/result/submitAdvanced/%23sarapanseru%20from%20%40101jakfm/all/2016/10/20.log	200
2017-02-16 16:28:47	http://5dapps.com/debi/result/submitAdvanced/%23sarapanseru%20from%20%40101jakfm/all/2016/10/21.log	200
2017-02-16 16:28:47	http://5dapps.com/debi/result/submitAdvanced/%23sarapanseru%20from%20%40101jakfm/all/2016/10/22.log	200
2017-02-16 16:28:47	http://5dapps.com/debi/result/submitAdvanced/%23sarapanseru%20from%20%40101jakfm/all/2016/10/23.log	200
2017-02-16 16:28:47	http://5dapps.com/debi/result/submitAdvanced/%23sarapanseru%20from%20%40101jakfm/all/2016/10/24.log	200
2017-02-16 16:28:47	http://5dapps.com/debi/result/submitAdvanced/%23sarapanseru%20from%20%40101jakfm/all/2016/10/25.log	200
2017-02-16 16:28:47	http://5dapps.com/debi/result/submitAdvanced/%23sarapanseru%20from%20%40101jakfm/all/2016/10/26.log	200
2017-02-16 16:28:47	http://5dapps.com/debi/result/submitAdvanced/%23sarapanseru%20from%20%40101jakfm/all/2016/10/27.log	200
2017-02-16 16:28:47	http://5dapps.com/debi/result/submitAdvanced/%23sarapanseru%20from%20%40101jakfm/all/2016/10/28.log	200
2017-02-16 16:28:47	http://5dapps.com/debi/result/submitAdvanced/%23sarapanseru%20from%20%40101jakfm/all/2016/10/29.log	200
2017-02-16 16:28:47	http://5dapps.com/debi/result/submitAdvanced/%23sarapanseru%20from%20%40101jakfm/all/2016/10/30.log	200
2017-02-16 16:28:47	http://5dapps.com/debi/result/submitAdvanced/%23sarapanseru%20from%20%40101jakfm/all/2016/10/31.log	200
2017-02-16 16:28:48	http://5dapps.com/debi/result/submitAdvanced/%23indikapagi%20from%20%40indika9160fm/all/2016/10/01.log	200
2017-02-16 16:28:48	http://5dapps.com/debi/result/submitAdvanced/%23indikapagi%20from%20%40indika9160fm/all/2016/10/02.log	200
2017-02-16 16:28:48	http://5dapps.com/debi/result/submitAdvanced/%23indikapagi%20from%20%40indika9160fm/all/2016/10/03.log	200
2017-02-16 16:28:48	http://5dapps.com/debi/result/submitAdvanced/%23indikapagi%20from%20%40indika9160fm/all/2016/10/04.log	200
2017-02-16 16:28:48	http://5dapps.com/debi/result/submitAdvanced/%23indikapagi%20from%20%40indika9160fm/all/2016/10/05.log	200
2017-02-16 16:28:48	http://5dapps.com/debi/result/submitAdvanced/%23indikapagi%20from%20%40indika9160fm/all/2016/10/06.log	200
2017-02-16 16:28:48	http://5dapps.com/debi/result/submitAdvanced/%23indikapagi%20from%20%40indika9160fm/all/2016/10/07.log	200
2017-02-16 16:28:48	http://5dapps.com/debi/result/submitAdvanced/%23indikapagi%20from%20%40indika9160fm/all/2016/10/08.log	200
2017-02-16 16:28:48	http://5dapps.com/debi/result/submitAdvanced/%23indikapagi%20from%20%40indika9160fm/all/2016/10/09.log	200
2017-02-16 16:28:48	http://5dapps.com/debi/result/submitAdvanced/%23indikapagi%20from%20%40indika9160fm/all/2016/10/10.log	200
2017-02-16 16:28:48	http://5dapps.com/debi/result/submitAdvanced/%23indikapagi%20from%20%40indika9160fm/all/2016/10/11.log	200
2017-02-16 16:28:48	http://5dapps.com/debi/result/submitAdvanced/%23indikapagi%20from%20%40indika9160fm/all/2016/10/12.log	200
2017-02-16 16:28:48	http://5dapps.com/debi/result/submitAdvanced/%23indikapagi%20from%20%40indika9160fm/all/2016/10/13.log	200
2017-02-16 16:28:48	http://5dapps.com/debi/result/submitAdvanced/%23indikapagi%20from%20%40indika9160fm/all/2016/10/14.log	200
2017-02-16 16:28:48	http://5dapps.com/debi/result/submitAdvanced/%23indikapagi%20from%20%40indika9160fm/all/2016/10/15.log	200
2017-02-16 16:28:48	http://5dapps.com/debi/result/submitAdvanced/%23indikapagi%20from%20%40indika9160fm/all/2016/10/16.log	200
2017-02-16 16:28:48	http://5dapps.com/debi/result/submitAdvanced/%23indikapagi%20from%20%40indika9160fm/all/2016/10/17.log	200
2017-02-16 16:28:48	http://5dapps.com/debi/result/submitAdvanced/%23indikapagi%20from%20%40indika9160fm/all/2016/10/18.log	200
2017-02-16 16:28:48	http://5dapps.com/debi/result/submitAdvanced/%23indikapagi%20from%20%40indika9160fm/all/2016/10/19.log	200
2017-02-16 16:28:48	http://5dapps.com/debi/result/submitAdvanced/%23indikapagi%20from%20%40indika9160fm/all/2016/10/20.log	200
2017-02-16 16:28:48	http://5dapps.com/debi/result/submitAdvanced/%23indikapagi%20from%20%40indika9160fm/all/2016/10/21.log	200
2017-02-16 16:28:48	http://5dapps.com/debi/result/submitAdvanced/%23indikapagi%20from%20%40indika9160fm/all/2016/10/22.log	200
2017-02-16 16:28:48	http://5dapps.com/debi/result/submitAdvanced/%23indikapagi%20from%20%40indika9160fm/all/2016/10/23.log	200
2017-02-16 16:28:48	http://5dapps.com/debi/result/submitAdvanced/%23indikapagi%20from%20%40indika9160fm/all/2016/10/24.log	200
2017-02-16 16:28:48	http://5dapps.com/debi/result/submitAdvanced/%23indikapagi%20from%20%40indika9160fm/all/2016/10/25.log	200
2017-02-16 16:28:48	http://5dapps.com/debi/result/submitAdvanced/%23indikapagi%20from%20%40indika9160fm/all/2016/10/26.log	200
2017-02-16 16:28:48	http://5dapps.com/debi/result/submitAdvanced/%23indikapagi%20from%20%40indika9160fm/all/2016/10/27.log	200
2017-02-16 16:28:48	http://5dapps.com/debi/result/submitAdvanced/%23indikapagi%20from%20%40indika9160fm/all/2016/10/28.log	200
2017-02-16 16:28:48	http://5dapps.com/debi/result/submitAdvanced/%23indikapagi%20from%20%40indika9160fm/all/2016/10/29.log	200
2017-02-16 16:28:48	http://5dapps.com/debi/result/submitAdvanced/%23indikapagi%20from%20%40indika9160fm/all/2016/10/30.log	200
2017-02-16 16:28:48	http://5dapps.com/debi/result/submitAdvanced/%23indikapagi%20from%20%40indika9160fm/all/2016/10/31.log	200
2017-02-16 16:28:50	http://5dapps.com/debi/result/submitAdvanced/%23gmhr%20from%20%40hardrockfm/all/2016/10/01.log	200
2017-02-16 16:28:50	http://5dapps.com/debi/result/submitAdvanced/%23gmhr%20from%20%40hardrockfm/all/2016/10/02.log	200
2017-02-16 16:28:50	http://5dapps.com/debi/result/submitAdvanced/%23gmhr%20from%20%40hardrockfm/all/2016/10/03.log	200
2017-02-16 16:28:50	http://5dapps.com/debi/result/submitAdvanced/%23gmhr%20from%20%40hardrockfm/all/2016/10/04.log	200
2017-02-16 16:28:50	http://5dapps.com/debi/result/submitAdvanced/%23gmhr%20from%20%40hardrockfm/all/2016/10/05.log	200
2017-02-16 16:28:50	http://5dapps.com/debi/result/submitAdvanced/%23gmhr%20from%20%40hardrockfm/all/2016/10/06.log	200
2017-02-16 16:28:50	http://5dapps.com/debi/result/submitAdvanced/%23gmhr%20from%20%40hardrockfm/all/2016/10/07.log	200
2017-02-16 16:28:50	http://5dapps.com/debi/result/submitAdvanced/%23gmhr%20from%20%40hardrockfm/all/2016/10/08.log	200
2017-02-16 16:28:50	http://5dapps.com/debi/result/submitAdvanced/%23gmhr%20from%20%40hardrockfm/all/2016/10/09.log	200
2017-02-16 16:28:50	http://5dapps.com/debi/result/submitAdvanced/%23gmhr%20from%20%40hardrockfm/all/2016/10/10.log	200
2017-02-16 16:28:50	http://5dapps.com/debi/result/submitAdvanced/%23gmhr%20from%20%40hardrockfm/all/2016/10/11.log	200
2017-02-16 16:28:50	http://5dapps.com/debi/result/submitAdvanced/%23gmhr%20from%20%40hardrockfm/all/2016/10/12.log	200
2017-02-16 16:28:50	http://5dapps.com/debi/result/submitAdvanced/%23gmhr%20from%20%40hardrockfm/all/2016/10/13.log	200
2017-02-16 16:28:50	http://5dapps.com/debi/result/submitAdvanced/%23gmhr%20from%20%40hardrockfm/all/2016/10/14.log	200
2017-02-16 16:28:50	http://5dapps.com/debi/result/submitAdvanced/%23gmhr%20from%20%40hardrockfm/all/2016/10/15.log	200
2017-02-16 16:28:50	http://5dapps.com/debi/result/submitAdvanced/%23gmhr%20from%20%40hardrockfm/all/2016/10/16.log	200
2017-02-16 16:28:50	http://5dapps.com/debi/result/submitAdvanced/%23gmhr%20from%20%40hardrockfm/all/2016/10/17.log	200
2017-02-16 16:28:50	http://5dapps.com/debi/result/submitAdvanced/%23gmhr%20from%20%40hardrockfm/all/2016/10/18.log	200
2017-02-16 16:28:50	http://5dapps.com/debi/result/submitAdvanced/%23gmhr%20from%20%40hardrockfm/all/2016/10/19.log	200
2017-02-16 16:28:50	http://5dapps.com/debi/result/submitAdvanced/%23gmhr%20from%20%40hardrockfm/all/2016/10/20.log	200
2017-02-16 16:28:50	http://5dapps.com/debi/result/submitAdvanced/%23gmhr%20from%20%40hardrockfm/all/2016/10/21.log	200
2017-02-16 16:28:50	http://5dapps.com/debi/result/submitAdvanced/%23gmhr%20from%20%40hardrockfm/all/2016/10/22.log	200
2017-02-16 16:28:50	http://5dapps.com/debi/result/submitAdvanced/%23gmhr%20from%20%40hardrockfm/all/2016/10/23.log	200
2017-02-16 16:28:50	http://5dapps.com/debi/result/submitAdvanced/%23gmhr%20from%20%40hardrockfm/all/2016/10/24.log	200
2017-02-16 16:28:50	http://5dapps.com/debi/result/submitAdvanced/%23gmhr%20from%20%40hardrockfm/all/2016/10/25.log	200
2017-02-16 16:28:50	http://5dapps.com/debi/result/submitAdvanced/%23gmhr%20from%20%40hardrockfm/all/2016/10/26.log	200
2017-02-16 16:28:50	http://5dapps.com/debi/result/submitAdvanced/%23gmhr%20from%20%40hardrockfm/all/2016/10/27.log	200
2017-02-16 16:28:50	http://5dapps.com/debi/result/submitAdvanced/%23gmhr%20from%20%40hardrockfm/all/2016/10/28.log	200
2017-02-16 16:28:50	http://5dapps.com/debi/result/submitAdvanced/%23gmhr%20from%20%40hardrockfm/all/2016/10/29.log	200
2017-02-16 16:28:50	http://5dapps.com/debi/result/submitAdvanced/%23gmhr%20from%20%40hardrockfm/all/2016/10/30.log	200
2017-02-16 16:28:50	http://5dapps.com/debi/result/submitAdvanced/%23gmhr%20from%20%40hardrockfm/all/2016/10/31.log	200
2017-02-16 16:30:43	http://5dapps.com/debi/result/submitAdvanced/%23asristeny%20from%20%40delta_fm/all/2016/10/01.log	200
2017-02-16 16:30:43	http://5dapps.com/debi/result/submitAdvanced/%23asristeny%20from%20%40delta_fm/all/2016/10/02.log	200
2017-02-16 16:30:43	http://5dapps.com/debi/result/submitAdvanced/%23asristeny%20from%20%40delta_fm/all/2016/10/03.log	200
2017-02-16 16:30:43	http://5dapps.com/debi/result/submitAdvanced/%23asristeny%20from%20%40delta_fm/all/2016/10/04.log	200
2017-02-16 16:30:43	http://5dapps.com/debi/result/submitAdvanced/%23asristeny%20from%20%40delta_fm/all/2016/10/05.log	200
2017-02-16 16:30:43	http://5dapps.com/debi/result/submitAdvanced/%23asristeny%20from%20%40delta_fm/all/2016/10/06.log	200
2017-02-16 16:30:43	http://5dapps.com/debi/result/submitAdvanced/%23asristeny%20from%20%40delta_fm/all/2016/10/07.log	200
2017-02-16 16:30:43	http://5dapps.com/debi/result/submitAdvanced/%23asristeny%20from%20%40delta_fm/all/2016/10/08.log	200
2017-02-16 16:30:43	http://5dapps.com/debi/result/submitAdvanced/%23asristeny%20from%20%40delta_fm/all/2016/10/09.log	200
2017-02-16 16:30:43	http://5dapps.com/debi/result/submitAdvanced/%23asristeny%20from%20%40delta_fm/all/2016/10/10.log	200
2017-02-16 16:30:43	http://5dapps.com/debi/result/submitAdvanced/%23asristeny%20from%20%40delta_fm/all/2016/10/11.log	200
2017-02-16 16:30:43	http://5dapps.com/debi/result/submitAdvanced/%23asristeny%20from%20%40delta_fm/all/2016/10/12.log	200
2017-02-16 16:30:43	http://5dapps.com/debi/result/submitAdvanced/%23asristeny%20from%20%40delta_fm/all/2016/10/13.log	200
2017-02-16 16:30:43	http://5dapps.com/debi/result/submitAdvanced/%23asristeny%20from%20%40delta_fm/all/2016/10/14.log	200
2017-02-16 16:30:43	http://5dapps.com/debi/result/submitAdvanced/%23asristeny%20from%20%40delta_fm/all/2016/10/15.log	200
2017-02-16 16:30:43	http://5dapps.com/debi/result/submitAdvanced/%23asristeny%20from%20%40delta_fm/all/2016/10/16.log	200
2017-02-16 16:30:43	http://5dapps.com/debi/result/submitAdvanced/%23asristeny%20from%20%40delta_fm/all/2016/10/17.log	200
2017-02-16 16:30:43	http://5dapps.com/debi/result/submitAdvanced/%23asristeny%20from%20%40delta_fm/all/2016/10/18.log	200
2017-02-16 16:30:43	http://5dapps.com/debi/result/submitAdvanced/%23asristeny%20from%20%40delta_fm/all/2016/10/19.log	200
2017-02-16 16:30:43	http://5dapps.com/debi/result/submitAdvanced/%23asristeny%20from%20%40delta_fm/all/2016/10/20.log	200
2017-02-16 16:30:43	http://5dapps.com/debi/result/submitAdvanced/%23asristeny%20from%20%40delta_fm/all/2016/10/21.log	200
2017-02-16 16:30:43	http://5dapps.com/debi/result/submitAdvanced/%23asristeny%20from%20%40delta_fm/all/2016/10/22.log	200
2017-02-16 16:30:43	http://5dapps.com/debi/result/submitAdvanced/%23asristeny%20from%20%40delta_fm/all/2016/10/23.log	200
2017-02-16 16:30:43	http://5dapps.com/debi/result/submitAdvanced/%23asristeny%20from%20%40delta_fm/all/2016/10/24.log	200
2017-02-16 16:30:43	http://5dapps.com/debi/result/submitAdvanced/%23asristeny%20from%20%40delta_fm/all/2016/10/25.log	200
2017-02-16 16:30:43	http://5dapps.com/debi/result/submitAdvanced/%23asristeny%20from%20%40delta_fm/all/2016/10/26.log	200
2017-02-16 16:30:43	http://5dapps.com/debi/result/submitAdvanced/%23asristeny%20from%20%40delta_fm/all/2016/10/27.log	200
2017-02-16 16:30:43	http://5dapps.com/debi/result/submitAdvanced/%23asristeny%20from%20%40delta_fm/all/2016/10/28.log	200
2017-02-16 16:30:43	http://5dapps.com/debi/result/submitAdvanced/%23asristeny%20from%20%40delta_fm/all/2016/10/29.log	200
2017-02-16 16:30:43	http://5dapps.com/debi/result/submitAdvanced/%23asristeny%20from%20%40delta_fm/all/2016/10/30.log	200
2017-02-16 16:30:43	http://5dapps.com/debi/result/submitAdvanced/%23asristeny%20from%20%40delta_fm/all/2016/10/31.log	200
