2017-08-07 10:07:57	http://5dapps.com/debi/result/submitSocial/tegal%20parang/all/2017/07/31.log	200
2017-08-07 10:07:57	http://5dapps.com/debi/result/submitSocial/tegal%20parang/all/2017/08/01.log	200
2017-08-07 10:07:57	http://5dapps.com/debi/result/submitSocial/tegal%20parang/all/2017/08/02.log	200
2017-08-07 10:07:57	http://5dapps.com/debi/result/submitSocial/tegal%20parang/all/2017/08/03.log	200
2017-08-07 10:07:57	http://5dapps.com/debi/result/submitSocial/tegal%20parang/all/2017/08/04.log	200
2017-08-07 10:07:57	http://5dapps.com/debi/result/submitSocial/tegal%20parang/all/2017/08/05.log	200
2017-08-07 10:07:57	http://5dapps.com/debi/result/submitSocial/tegal%20parang/all/2017/08/06.log	200
2017-08-07 10:08:16	http://5dapps.com/debi/result/submitSocial/seninsemangat/all/2017/07/31.log	200
2017-08-07 10:08:16	http://5dapps.com/debi/result/submitSocial/seninsemangat/all/2017/08/01.log	200
2017-08-07 10:08:16	http://5dapps.com/debi/result/submitSocial/seninsemangat/all/2017/08/02.log	200
2017-08-07 10:08:16	http://5dapps.com/debi/result/submitSocial/seninsemangat/all/2017/08/03.log	200
2017-08-07 10:08:16	http://5dapps.com/debi/result/submitSocial/seninsemangat/all/2017/08/04.log	200
2017-08-07 10:08:16	http://5dapps.com/debi/result/submitSocial/seninsemangat/all/2017/08/05.log	200
2017-08-07 10:08:16	http://5dapps.com/debi/result/submitSocial/seninsemangat/all/2017/08/06.log	200
2017-08-07 10:08:37	http://5dapps.com/debi/result/submitSocial/fatmawati/all/2017/07/31.log	200
2017-08-07 10:08:37	http://5dapps.com/debi/result/submitSocial/fatmawati/all/2017/08/01.log	200
2017-08-07 10:08:37	http://5dapps.com/debi/result/submitSocial/fatmawati/all/2017/08/02.log	200
2017-08-07 10:08:37	http://5dapps.com/debi/result/submitSocial/fatmawati/all/2017/08/03.log	200
2017-08-07 10:08:37	http://5dapps.com/debi/result/submitSocial/fatmawati/all/2017/08/04.log	200
2017-08-07 10:08:37	http://5dapps.com/debi/result/submitSocial/fatmawati/all/2017/08/05.log	200
2017-08-07 10:08:37	http://5dapps.com/debi/result/submitSocial/fatmawati/all/2017/08/06.log	200
2017-08-07 10:16:48	http://5dapps.com/debi/result/submitAdvanced/jokowi%20from%20%40kompascom/all/2017/07/31.log	200
2017-08-07 10:16:48	http://5dapps.com/debi/result/submitAdvanced/jokowi%20from%20%40kompascom/all/2017/08/01.log	200
2017-08-07 10:16:48	http://5dapps.com/debi/result/submitAdvanced/jokowi%20from%20%40kompascom/all/2017/08/02.log	200
2017-08-07 10:16:48	http://5dapps.com/debi/result/submitAdvanced/jokowi%20from%20%40kompascom/all/2017/08/03.log	200
2017-08-07 10:16:48	http://5dapps.com/debi/result/submitAdvanced/jokowi%20from%20%40kompascom/all/2017/08/04.log	200
2017-08-07 10:16:48	http://5dapps.com/debi/result/submitAdvanced/jokowi%20from%20%40kompascom/all/2017/08/05.log	200
2017-08-07 10:16:48	http://5dapps.com/debi/result/submitAdvanced/jokowi%20from%20%40kompascom/all/2017/08/06.log	200
2017-08-07 10:17:09	http://5dapps.com/debi/result/submitAdvanced/jokowi%20from%20%40detikcom/all/2017/07/31.log	200
2017-08-07 10:17:10	http://5dapps.com/debi/result/submitAdvanced/jokowi%20from%20%40detikcom/all/2017/08/01.log	200
2017-08-07 10:17:10	http://5dapps.com/debi/result/submitAdvanced/jokowi%20from%20%40detikcom/all/2017/08/02.log	200
2017-08-07 10:17:10	http://5dapps.com/debi/result/submitAdvanced/jokowi%20from%20%40detikcom/all/2017/08/03.log	200
2017-08-07 10:17:10	http://5dapps.com/debi/result/submitAdvanced/jokowi%20from%20%40detikcom/all/2017/08/04.log	200
2017-08-07 10:17:10	http://5dapps.com/debi/result/submitAdvanced/jokowi%20from%20%40detikcom/all/2017/08/05.log	200
2017-08-07 10:17:10	http://5dapps.com/debi/result/submitAdvanced/jokowi%20from%20%40detikcom/all/2017/08/06.log	200
