2017-08-15 07:43:31	http://5dapps.com/debi/result/submitRadio/%40delta_fm/all/2017/08/08.log	200
2017-08-15 07:43:31	http://5dapps.com/debi/result/submitRadio/%40delta_fm/all/2017/08/09.log	200
2017-08-15 07:43:31	http://5dapps.com/debi/result/submitRadio/%40delta_fm/all/2017/08/10.log	200
2017-08-15 07:43:31	http://5dapps.com/debi/result/submitRadio/%40delta_fm/all/2017/08/11.log	200
2017-08-15 07:43:31	http://5dapps.com/debi/result/submitRadio/%40delta_fm/all/2017/08/12.log	200
2017-08-15 07:43:31	http://5dapps.com/debi/result/submitRadio/%40delta_fm/all/2017/08/13.log	200
2017-08-15 07:43:31	http://5dapps.com/debi/result/submitRadio/%40delta_fm/all/2017/08/14.log	200
2017-08-15 07:44:26	http://5dapps.com/debi/result/submitPortal/%40detikcom/all/2017/08/08.log	200
2017-08-15 07:44:26	http://5dapps.com/debi/result/submitPortal/%40detikcom/all/2017/08/09.log	200
2017-08-15 07:44:26	http://5dapps.com/debi/result/submitPortal/%40detikcom/all/2017/08/10.log	200
2017-08-15 07:44:26	http://5dapps.com/debi/result/submitPortal/%40detikcom/all/2017/08/11.log	200
2017-08-15 07:44:26	http://5dapps.com/debi/result/submitPortal/%40detikcom/all/2017/08/12.log	200
2017-08-15 07:44:26	http://5dapps.com/debi/result/submitPortal/%40detikcom/all/2017/08/13.log	200
2017-08-15 07:44:26	http://5dapps.com/debi/result/submitPortal/%40detikcom/all/2017/08/14.log	200
2017-08-15 07:47:23	http://5dapps.com/debi/result/submitOthers/%40jukebox5d/all/2017/08/08.log	200
2017-08-15 07:47:23	http://5dapps.com/debi/result/submitOthers/%40jukebox5d/all/2017/08/09.log	200
2017-08-15 07:47:23	http://5dapps.com/debi/result/submitOthers/%40jukebox5d/all/2017/08/10.log	200
2017-08-15 07:47:23	http://5dapps.com/debi/result/submitOthers/%40jukebox5d/all/2017/08/11.log	200
2017-08-15 07:47:23	http://5dapps.com/debi/result/submitOthers/%40jukebox5d/all/2017/08/12.log	200
2017-08-15 07:47:23	http://5dapps.com/debi/result/submitOthers/%40jukebox5d/all/2017/08/13.log	200
2017-08-15 07:47:23	http://5dapps.com/debi/result/submitOthers/%40jukebox5d/all/2017/08/14.log	200
2017-08-15 08:50:09	http://5dapps.com/debi/result/submitSocial/awkarin/all/2017/08/08.log	200
2017-08-15 08:50:09	http://5dapps.com/debi/result/submitSocial/awkarin/all/2017/08/09.log	200
2017-08-15 08:50:09	http://5dapps.com/debi/result/submitSocial/awkarin/all/2017/08/10.log	200
2017-08-15 08:50:09	http://5dapps.com/debi/result/submitSocial/awkarin/all/2017/08/11.log	200
2017-08-15 08:50:09	http://5dapps.com/debi/result/submitSocial/awkarin/all/2017/08/12.log	200
2017-08-15 08:50:09	http://5dapps.com/debi/result/submitSocial/awkarin/all/2017/08/13.log	200
2017-08-15 08:50:09	http://5dapps.com/debi/result/submitSocial/awkarin/all/2017/08/14.log	200
2017-08-15 08:50:16	http://5dapps.com/debi/result/submitSocial/%40detikcom/all/2017/08/08.log	200
2017-08-15 08:50:16	http://5dapps.com/debi/result/submitSocial/%40detikcom/all/2017/08/09.log	200
2017-08-15 08:50:16	http://5dapps.com/debi/result/submitSocial/%40detikcom/all/2017/08/10.log	200
2017-08-15 08:50:16	http://5dapps.com/debi/result/submitSocial/%40detikcom/all/2017/08/11.log	200
2017-08-15 08:50:16	http://5dapps.com/debi/result/submitSocial/%40detikcom/all/2017/08/12.log	200
2017-08-15 08:50:16	http://5dapps.com/debi/result/submitSocial/%40detikcom/all/2017/08/13.log	200
2017-08-15 08:50:16	http://5dapps.com/debi/result/submitSocial/%40detikcom/all/2017/08/14.log	200
2017-08-15 09:46:22	http://5dapps.com/debi/result/submitSocial/%40prambors/all/2017/08/08.log	200
2017-08-15 09:46:22	http://5dapps.com/debi/result/submitSocial/%40prambors/all/2017/08/09.log	200
2017-08-15 09:46:22	http://5dapps.com/debi/result/submitSocial/%40prambors/all/2017/08/10.log	200
2017-08-15 09:46:22	http://5dapps.com/debi/result/submitSocial/%40prambors/all/2017/08/11.log	200
2017-08-15 09:46:22	http://5dapps.com/debi/result/submitSocial/%40prambors/all/2017/08/12.log	200
2017-08-15 09:46:22	http://5dapps.com/debi/result/submitSocial/%40prambors/all/2017/08/13.log	200
2017-08-15 09:46:22	http://5dapps.com/debi/result/submitSocial/%40prambors/all/2017/08/14.log	200
2017-08-15 09:46:25	http://5dapps.com/debi/result/submitSocial/%40netmediatama/all/2017/08/08.log	200
2017-08-15 09:46:25	http://5dapps.com/debi/result/submitSocial/%40netmediatama/all/2017/08/09.log	200
2017-08-15 09:46:25	http://5dapps.com/debi/result/submitSocial/%40netmediatama/all/2017/08/10.log	200
2017-08-15 09:46:25	http://5dapps.com/debi/result/submitSocial/%40netmediatama/all/2017/08/11.log	200
2017-08-15 09:46:25	http://5dapps.com/debi/result/submitSocial/%40netmediatama/all/2017/08/12.log	200
2017-08-15 09:46:25	http://5dapps.com/debi/result/submitSocial/%40netmediatama/all/2017/08/13.log	200
2017-08-15 09:46:25	http://5dapps.com/debi/result/submitSocial/%40netmediatama/all/2017/08/14.log	200
2017-08-15 11:40:07	http://5dapps.com/debi/result/submitRadio/%40987genfm/all/2017/08/08.log	200
2017-08-15 11:40:07	http://5dapps.com/debi/result/submitRadio/%40987genfm/all/2017/08/09.log	200
2017-08-15 11:40:07	http://5dapps.com/debi/result/submitRadio/%40987genfm/all/2017/08/10.log	200
2017-08-15 11:40:07	http://5dapps.com/debi/result/submitRadio/%40987genfm/all/2017/08/11.log	200
2017-08-15 11:40:07	http://5dapps.com/debi/result/submitRadio/%40987genfm/all/2017/08/12.log	200
2017-08-15 11:40:07	http://5dapps.com/debi/result/submitRadio/%40987genfm/all/2017/08/13.log	200
2017-08-15 11:40:07	http://5dapps.com/debi/result/submitRadio/%40987genfm/all/2017/08/14.log	200
2017-08-15 11:46:02	http://5dapps.com/debi/result/submitSocial/%40987genfm/all/2017/08/08.log	200
2017-08-15 11:46:02	http://5dapps.com/debi/result/submitSocial/%40987genfm/all/2017/08/09.log	200
2017-08-15 11:46:02	http://5dapps.com/debi/result/submitSocial/%40987genfm/all/2017/08/10.log	200
2017-08-15 11:46:02	http://5dapps.com/debi/result/submitSocial/%40987genfm/all/2017/08/11.log	200
2017-08-15 11:46:02	http://5dapps.com/debi/result/submitSocial/%40987genfm/all/2017/08/12.log	200
2017-08-15 11:46:02	http://5dapps.com/debi/result/submitSocial/%40987genfm/all/2017/08/13.log	200
2017-08-15 11:46:02	http://5dapps.com/debi/result/submitSocial/%40987genfm/all/2017/08/14.log	200
2017-08-15 11:49:14	http://5dapps.com/debi/result/submitSocial//all/2017/08/08.log	200
2017-08-15 11:49:14	http://5dapps.com/debi/result/submitSocial//all/2017/08/09.log	200
2017-08-15 11:49:14	http://5dapps.com/debi/result/submitSocial//all/2017/08/10.log	200
2017-08-15 11:49:14	http://5dapps.com/debi/result/submitSocial//all/2017/08/11.log	200
2017-08-15 11:49:14	http://5dapps.com/debi/result/submitSocial//all/2017/08/12.log	200
2017-08-15 11:49:14	http://5dapps.com/debi/result/submitSocial//all/2017/08/13.log	200
2017-08-15 11:49:14	http://5dapps.com/debi/result/submitSocial//all/2017/08/14.log	200
2017-08-15 11:53:08	http://5dapps.com/debi/result/submitRadio/%40jak101fm/all/2017/08/08.log	200
2017-08-15 11:53:08	http://5dapps.com/debi/result/submitRadio/%40jak101fm/all/2017/08/09.log	200
2017-08-15 11:53:08	http://5dapps.com/debi/result/submitRadio/%40jak101fm/all/2017/08/10.log	200
2017-08-15 11:53:08	http://5dapps.com/debi/result/submitRadio/%40jak101fm/all/2017/08/11.log	200
2017-08-15 11:53:08	http://5dapps.com/debi/result/submitRadio/%40jak101fm/all/2017/08/12.log	200
2017-08-15 11:53:08	http://5dapps.com/debi/result/submitRadio/%40jak101fm/all/2017/08/13.log	200
2017-08-15 11:53:08	http://5dapps.com/debi/result/submitRadio/%40jak101fm/all/2017/08/14.log	200
