2017-02-20 12:59:01	http://5dapps.com/debi/result/submitSocial/%40101jakfm/all/2016/10/01.log	200
2017-02-20 12:59:01	http://5dapps.com/debi/result/submitSocial/%40101jakfm/all/2016/10/02.log	200
2017-02-20 12:59:01	http://5dapps.com/debi/result/submitSocial/%40101jakfm/all/2016/10/03.log	200
2017-02-20 12:59:01	http://5dapps.com/debi/result/submitSocial/%40101jakfm/all/2016/10/04.log	200
2017-02-20 12:59:01	http://5dapps.com/debi/result/submitSocial/%40101jakfm/all/2016/10/05.log	200
2017-02-20 12:59:01	http://5dapps.com/debi/result/submitSocial/%40101jakfm/all/2016/10/06.log	200
2017-02-20 12:59:01	http://5dapps.com/debi/result/submitSocial/%40101jakfm/all/2016/10/07.log	200
2017-02-20 12:59:02	http://5dapps.com/debi/result/submitSocial/%40101jakfm/all/2016/10/08.log	200
2017-02-20 12:59:02	http://5dapps.com/debi/result/submitSocial/%40101jakfm/all/2016/10/09.log	200
2017-02-20 12:59:02	http://5dapps.com/debi/result/submitSocial/%40101jakfm/all/2016/10/10.log	200
2017-02-20 12:59:02	http://5dapps.com/debi/result/submitSocial/%40101jakfm/all/2016/10/11.log	200
2017-02-20 12:59:02	http://5dapps.com/debi/result/submitSocial/%40101jakfm/all/2016/10/12.log	200
2017-02-20 12:59:02	http://5dapps.com/debi/result/submitSocial/%40101jakfm/all/2016/10/13.log	200
2017-02-20 12:59:02	http://5dapps.com/debi/result/submitSocial/%40101jakfm/all/2016/10/14.log	200
2017-02-20 12:59:02	http://5dapps.com/debi/result/submitSocial/%40101jakfm/all/2016/10/15.log	200
2017-02-20 12:59:02	http://5dapps.com/debi/result/submitSocial/%40101jakfm/all/2016/10/16.log	200
2017-02-20 12:59:02	http://5dapps.com/debi/result/submitSocial/%40101jakfm/all/2016/10/17.log	200
2017-02-20 12:59:02	http://5dapps.com/debi/result/submitSocial/%40101jakfm/all/2016/10/18.log	200
2017-02-20 12:59:02	http://5dapps.com/debi/result/submitSocial/%40101jakfm/all/2016/10/19.log	200
2017-02-20 12:59:02	http://5dapps.com/debi/result/submitSocial/%40101jakfm/all/2016/10/20.log	200
2017-02-20 12:59:02	http://5dapps.com/debi/result/submitSocial/%40101jakfm/all/2016/10/21.log	200
2017-02-20 12:59:02	http://5dapps.com/debi/result/submitSocial/%40101jakfm/all/2016/10/22.log	200
2017-02-20 12:59:02	http://5dapps.com/debi/result/submitSocial/%40101jakfm/all/2016/10/23.log	200
2017-02-20 12:59:02	http://5dapps.com/debi/result/submitSocial/%40101jakfm/all/2016/10/24.log	200
2017-02-20 12:59:02	http://5dapps.com/debi/result/submitSocial/%40101jakfm/all/2016/10/25.log	200
2017-02-20 12:59:02	http://5dapps.com/debi/result/submitSocial/%40101jakfm/all/2016/10/26.log	200
2017-02-20 12:59:02	http://5dapps.com/debi/result/submitSocial/%40101jakfm/all/2016/10/27.log	200
2017-02-20 12:59:02	http://5dapps.com/debi/result/submitSocial/%40101jakfm/all/2016/10/28.log	200
2017-02-20 12:59:02	http://5dapps.com/debi/result/submitSocial/%40101jakfm/all/2016/10/29.log	200
2017-02-20 12:59:02	http://5dapps.com/debi/result/submitSocial/%40101jakfm/all/2016/10/30.log	200
2017-02-20 12:59:02	http://5dapps.com/debi/result/submitSocial/%40101jakfm/all/2016/10/31.log	200
2017-02-20 12:59:03	http://5dapps.com/debi/result/submitSocial/%40bahanafmjkt/all/2016/10/01.log	200
2017-02-20 12:59:03	http://5dapps.com/debi/result/submitSocial/%40bahanafmjkt/all/2016/10/02.log	200
2017-02-20 12:59:03	http://5dapps.com/debi/result/submitSocial/%40bahanafmjkt/all/2016/10/03.log	200
2017-02-20 12:59:03	http://5dapps.com/debi/result/submitSocial/%40bahanafmjkt/all/2016/10/04.log	200
2017-02-20 12:59:03	http://5dapps.com/debi/result/submitSocial/%40bahanafmjkt/all/2016/10/05.log	200
2017-02-20 12:59:03	http://5dapps.com/debi/result/submitSocial/%40bahanafmjkt/all/2016/10/06.log	200
2017-02-20 12:59:03	http://5dapps.com/debi/result/submitSocial/%40bahanafmjkt/all/2016/10/07.log	200
2017-02-20 12:59:03	http://5dapps.com/debi/result/submitSocial/%40bahanafmjkt/all/2016/10/08.log	200
2017-02-20 12:59:03	http://5dapps.com/debi/result/submitSocial/%40bahanafmjkt/all/2016/10/09.log	200
2017-02-20 12:59:03	http://5dapps.com/debi/result/submitSocial/%40bahanafmjkt/all/2016/10/10.log	200
2017-02-20 12:59:03	http://5dapps.com/debi/result/submitSocial/%40bahanafmjkt/all/2016/10/11.log	200
2017-02-20 12:59:03	http://5dapps.com/debi/result/submitSocial/%40bahanafmjkt/all/2016/10/12.log	200
2017-02-20 12:59:03	http://5dapps.com/debi/result/submitSocial/%40bahanafmjkt/all/2016/10/13.log	200
2017-02-20 12:59:03	http://5dapps.com/debi/result/submitSocial/%40bahanafmjkt/all/2016/10/14.log	200
2017-02-20 12:59:03	http://5dapps.com/debi/result/submitSocial/%40bahanafmjkt/all/2016/10/15.log	200
2017-02-20 12:59:03	http://5dapps.com/debi/result/submitSocial/%40bahanafmjkt/all/2016/10/16.log	200
2017-02-20 12:59:03	http://5dapps.com/debi/result/submitSocial/%40bahanafmjkt/all/2016/10/17.log	200
2017-02-20 12:59:03	http://5dapps.com/debi/result/submitSocial/%40bahanafmjkt/all/2016/10/18.log	200
2017-02-20 12:59:03	http://5dapps.com/debi/result/submitSocial/%40bahanafmjkt/all/2016/10/19.log	200
2017-02-20 12:59:03	http://5dapps.com/debi/result/submitSocial/%40bahanafmjkt/all/2016/10/20.log	200
2017-02-20 12:59:03	http://5dapps.com/debi/result/submitSocial/%40bahanafmjkt/all/2016/10/21.log	200
2017-02-20 12:59:03	http://5dapps.com/debi/result/submitSocial/%40bahanafmjkt/all/2016/10/22.log	200
2017-02-20 12:59:03	http://5dapps.com/debi/result/submitSocial/%40bahanafmjkt/all/2016/10/23.log	200
2017-02-20 12:59:03	http://5dapps.com/debi/result/submitSocial/%40bahanafmjkt/all/2016/10/24.log	200
2017-02-20 12:59:03	http://5dapps.com/debi/result/submitSocial/%40bahanafmjkt/all/2016/10/25.log	200
2017-02-20 12:59:03	http://5dapps.com/debi/result/submitSocial/%40bahanafmjkt/all/2016/10/26.log	200
2017-02-20 12:59:03	http://5dapps.com/debi/result/submitSocial/%40bahanafmjkt/all/2016/10/27.log	200
2017-02-20 12:59:03	http://5dapps.com/debi/result/submitSocial/%40bahanafmjkt/all/2016/10/28.log	200
2017-02-20 12:59:03	http://5dapps.com/debi/result/submitSocial/%40bahanafmjkt/all/2016/10/29.log	200
2017-02-20 12:59:03	http://5dapps.com/debi/result/submitSocial/%40bahanafmjkt/all/2016/10/30.log	200
2017-02-20 12:59:03	http://5dapps.com/debi/result/submitSocial/%40bahanafmjkt/all/2016/10/31.log	200
2017-02-20 12:59:04	http://5dapps.com/debi/result/submitSocial/%40delta_fm/all/2016/10/01.log	200
2017-02-20 12:59:04	http://5dapps.com/debi/result/submitSocial/%40delta_fm/all/2016/10/02.log	200
2017-02-20 12:59:04	http://5dapps.com/debi/result/submitSocial/%40delta_fm/all/2016/10/03.log	200
2017-02-20 12:59:04	http://5dapps.com/debi/result/submitSocial/%40delta_fm/all/2016/10/04.log	200
2017-02-20 12:59:04	http://5dapps.com/debi/result/submitSocial/%40delta_fm/all/2016/10/05.log	200
2017-02-20 12:59:04	http://5dapps.com/debi/result/submitSocial/%40delta_fm/all/2016/10/06.log	200
2017-02-20 12:59:04	http://5dapps.com/debi/result/submitSocial/%40delta_fm/all/2016/10/07.log	200
2017-02-20 12:59:04	http://5dapps.com/debi/result/submitSocial/%40delta_fm/all/2016/10/08.log	200
2017-02-20 12:59:04	http://5dapps.com/debi/result/submitSocial/%40delta_fm/all/2016/10/09.log	200
2017-02-20 12:59:04	http://5dapps.com/debi/result/submitSocial/%40delta_fm/all/2016/10/10.log	200
2017-02-20 12:59:04	http://5dapps.com/debi/result/submitSocial/%40delta_fm/all/2016/10/11.log	200
2017-02-20 12:59:04	http://5dapps.com/debi/result/submitSocial/%40delta_fm/all/2016/10/12.log	200
2017-02-20 12:59:04	http://5dapps.com/debi/result/submitSocial/%40delta_fm/all/2016/10/13.log	200
2017-02-20 12:59:04	http://5dapps.com/debi/result/submitSocial/%40delta_fm/all/2016/10/14.log	200
2017-02-20 12:59:04	http://5dapps.com/debi/result/submitSocial/%40delta_fm/all/2016/10/15.log	200
2017-02-20 12:59:04	http://5dapps.com/debi/result/submitSocial/%40delta_fm/all/2016/10/16.log	200
2017-02-20 12:59:04	http://5dapps.com/debi/result/submitSocial/%40delta_fm/all/2016/10/17.log	200
2017-02-20 12:59:04	http://5dapps.com/debi/result/submitSocial/%40delta_fm/all/2016/10/18.log	200
2017-02-20 12:59:04	http://5dapps.com/debi/result/submitSocial/%40delta_fm/all/2016/10/19.log	200
2017-02-20 12:59:04	http://5dapps.com/debi/result/submitSocial/%40delta_fm/all/2016/10/20.log	200
2017-02-20 12:59:04	http://5dapps.com/debi/result/submitSocial/%40delta_fm/all/2016/10/21.log	200
2017-02-20 12:59:04	http://5dapps.com/debi/result/submitSocial/%40delta_fm/all/2016/10/22.log	200
2017-02-20 12:59:04	http://5dapps.com/debi/result/submitSocial/%40delta_fm/all/2016/10/23.log	200
2017-02-20 12:59:04	http://5dapps.com/debi/result/submitSocial/%40delta_fm/all/2016/10/24.log	200
2017-02-20 12:59:04	http://5dapps.com/debi/result/submitSocial/%40delta_fm/all/2016/10/25.log	200
2017-02-20 12:59:04	http://5dapps.com/debi/result/submitSocial/%40delta_fm/all/2016/10/26.log	200
2017-02-20 12:59:04	http://5dapps.com/debi/result/submitSocial/%40delta_fm/all/2016/10/27.log	200
2017-02-20 12:59:04	http://5dapps.com/debi/result/submitSocial/%40delta_fm/all/2016/10/28.log	200
2017-02-20 12:59:04	http://5dapps.com/debi/result/submitSocial/%40delta_fm/all/2016/10/29.log	200
2017-02-20 12:59:04	http://5dapps.com/debi/result/submitSocial/%40delta_fm/all/2016/10/30.log	200
2017-02-20 12:59:04	http://5dapps.com/debi/result/submitSocial/%40delta_fm/all/2016/10/31.log	200
2017-02-20 15:48:01	http://5dapps.com/debi/result/submitSocial/%40101jakfm/all/2016/11/01.log	200
2017-02-20 15:48:01	http://5dapps.com/debi/result/submitSocial/%40101jakfm/all/2016/11/02.log	200
2017-02-20 15:48:01	http://5dapps.com/debi/result/submitSocial/%40101jakfm/all/2016/11/03.log	200
2017-02-20 15:48:01	http://5dapps.com/debi/result/submitSocial/%40101jakfm/all/2016/11/04.log	200
2017-02-20 15:48:01	http://5dapps.com/debi/result/submitSocial/%40101jakfm/all/2016/11/05.log	200
2017-02-20 15:48:01	http://5dapps.com/debi/result/submitSocial/%40101jakfm/all/2016/11/06.log	200
2017-02-20 15:48:01	http://5dapps.com/debi/result/submitSocial/%40101jakfm/all/2016/11/07.log	200
2017-02-20 15:48:01	http://5dapps.com/debi/result/submitSocial/%40101jakfm/all/2016/11/08.log	200
2017-02-20 15:48:01	http://5dapps.com/debi/result/submitSocial/%40101jakfm/all/2016/11/09.log	200
2017-02-20 15:48:01	http://5dapps.com/debi/result/submitSocial/%40101jakfm/all/2016/11/10.log	200
2017-02-20 15:48:01	http://5dapps.com/debi/result/submitSocial/%40101jakfm/all/2016/11/11.log	200
2017-02-20 15:48:01	http://5dapps.com/debi/result/submitSocial/%40101jakfm/all/2016/11/12.log	200
2017-02-20 15:48:01	http://5dapps.com/debi/result/submitSocial/%40101jakfm/all/2016/11/13.log	200
2017-02-20 15:48:01	http://5dapps.com/debi/result/submitSocial/%40101jakfm/all/2016/11/14.log	200
2017-02-20 15:48:01	http://5dapps.com/debi/result/submitSocial/%40101jakfm/all/2016/11/15.log	200
2017-02-20 15:48:01	http://5dapps.com/debi/result/submitSocial/%40101jakfm/all/2016/11/16.log	200
2017-02-20 15:48:01	http://5dapps.com/debi/result/submitSocial/%40101jakfm/all/2016/11/17.log	200
2017-02-20 15:48:01	http://5dapps.com/debi/result/submitSocial/%40101jakfm/all/2016/11/18.log	200
2017-02-20 15:48:01	http://5dapps.com/debi/result/submitSocial/%40101jakfm/all/2016/11/19.log	200
2017-02-20 15:48:01	http://5dapps.com/debi/result/submitSocial/%40101jakfm/all/2016/11/20.log	200
2017-02-20 15:48:01	http://5dapps.com/debi/result/submitSocial/%40101jakfm/all/2016/11/21.log	200
2017-02-20 15:48:01	http://5dapps.com/debi/result/submitSocial/%40101jakfm/all/2016/11/22.log	200
2017-02-20 15:48:01	http://5dapps.com/debi/result/submitSocial/%40101jakfm/all/2016/11/23.log	200
2017-02-20 15:48:01	http://5dapps.com/debi/result/submitSocial/%40101jakfm/all/2016/11/24.log	200
2017-02-20 15:48:01	http://5dapps.com/debi/result/submitSocial/%40101jakfm/all/2016/11/25.log	200
2017-02-20 15:48:01	http://5dapps.com/debi/result/submitSocial/%40101jakfm/all/2016/11/26.log	200
2017-02-20 15:48:01	http://5dapps.com/debi/result/submitSocial/%40101jakfm/all/2016/11/27.log	200
2017-02-20 15:48:01	http://5dapps.com/debi/result/submitSocial/%40101jakfm/all/2016/11/28.log	200
2017-02-20 15:48:01	http://5dapps.com/debi/result/submitSocial/%40101jakfm/all/2016/11/29.log	200
2017-02-20 15:48:01	http://5dapps.com/debi/result/submitSocial/%40101jakfm/all/2016/11/30.log	200
2017-02-20 15:48:02	http://5dapps.com/debi/result/submitSocial/%40bahanafmjkt/all/2016/11/01.log	200
2017-02-20 15:48:02	http://5dapps.com/debi/result/submitSocial/%40bahanafmjkt/all/2016/11/02.log	200
2017-02-20 15:48:02	http://5dapps.com/debi/result/submitSocial/%40bahanafmjkt/all/2016/11/03.log	200
2017-02-20 15:48:02	http://5dapps.com/debi/result/submitSocial/%40bahanafmjkt/all/2016/11/04.log	200
2017-02-20 15:48:02	http://5dapps.com/debi/result/submitSocial/%40bahanafmjkt/all/2016/11/05.log	200
2017-02-20 15:48:02	http://5dapps.com/debi/result/submitSocial/%40bahanafmjkt/all/2016/11/06.log	200
2017-02-20 15:48:02	http://5dapps.com/debi/result/submitSocial/%40bahanafmjkt/all/2016/11/07.log	200
2017-02-20 15:48:02	http://5dapps.com/debi/result/submitSocial/%40bahanafmjkt/all/2016/11/08.log	200
2017-02-20 15:48:02	http://5dapps.com/debi/result/submitSocial/%40bahanafmjkt/all/2016/11/09.log	200
2017-02-20 15:48:02	http://5dapps.com/debi/result/submitSocial/%40bahanafmjkt/all/2016/11/10.log	200
2017-02-20 15:48:02	http://5dapps.com/debi/result/submitSocial/%40bahanafmjkt/all/2016/11/11.log	200
2017-02-20 15:48:02	http://5dapps.com/debi/result/submitSocial/%40bahanafmjkt/all/2016/11/12.log	200
2017-02-20 15:48:02	http://5dapps.com/debi/result/submitSocial/%40bahanafmjkt/all/2016/11/13.log	200
2017-02-20 15:48:02	http://5dapps.com/debi/result/submitSocial/%40bahanafmjkt/all/2016/11/14.log	200
2017-02-20 15:48:02	http://5dapps.com/debi/result/submitSocial/%40bahanafmjkt/all/2016/11/15.log	200
2017-02-20 15:48:02	http://5dapps.com/debi/result/submitSocial/%40bahanafmjkt/all/2016/11/16.log	200
2017-02-20 15:48:02	http://5dapps.com/debi/result/submitSocial/%40bahanafmjkt/all/2016/11/17.log	200
2017-02-20 15:48:02	http://5dapps.com/debi/result/submitSocial/%40bahanafmjkt/all/2016/11/18.log	200
2017-02-20 15:48:02	http://5dapps.com/debi/result/submitSocial/%40bahanafmjkt/all/2016/11/19.log	200
2017-02-20 15:48:02	http://5dapps.com/debi/result/submitSocial/%40bahanafmjkt/all/2016/11/20.log	200
2017-02-20 15:48:02	http://5dapps.com/debi/result/submitSocial/%40bahanafmjkt/all/2016/11/21.log	200
2017-02-20 15:48:02	http://5dapps.com/debi/result/submitSocial/%40bahanafmjkt/all/2016/11/22.log	200
2017-02-20 15:48:02	http://5dapps.com/debi/result/submitSocial/%40bahanafmjkt/all/2016/11/23.log	200
2017-02-20 15:48:02	http://5dapps.com/debi/result/submitSocial/%40bahanafmjkt/all/2016/11/24.log	200
2017-02-20 15:48:02	http://5dapps.com/debi/result/submitSocial/%40bahanafmjkt/all/2016/11/25.log	200
2017-02-20 15:48:02	http://5dapps.com/debi/result/submitSocial/%40bahanafmjkt/all/2016/11/26.log	200
2017-02-20 15:48:02	http://5dapps.com/debi/result/submitSocial/%40bahanafmjkt/all/2016/11/27.log	200
2017-02-20 15:48:02	http://5dapps.com/debi/result/submitSocial/%40bahanafmjkt/all/2016/11/28.log	200
2017-02-20 15:48:02	http://5dapps.com/debi/result/submitSocial/%40bahanafmjkt/all/2016/11/29.log	200
2017-02-20 15:48:02	http://5dapps.com/debi/result/submitSocial/%40bahanafmjkt/all/2016/11/30.log	200
2017-02-20 15:48:03	http://5dapps.com/debi/result/submitSocial/%40delta_fm/all/2016/11/01.log	200
2017-02-20 15:48:03	http://5dapps.com/debi/result/submitSocial/%40delta_fm/all/2016/11/02.log	200
2017-02-20 15:48:03	http://5dapps.com/debi/result/submitSocial/%40delta_fm/all/2016/11/03.log	200
2017-02-20 15:48:03	http://5dapps.com/debi/result/submitSocial/%40delta_fm/all/2016/11/04.log	200
2017-02-20 15:48:03	http://5dapps.com/debi/result/submitSocial/%40delta_fm/all/2016/11/05.log	200
2017-02-20 15:48:03	http://5dapps.com/debi/result/submitSocial/%40delta_fm/all/2016/11/06.log	200
2017-02-20 15:48:03	http://5dapps.com/debi/result/submitSocial/%40delta_fm/all/2016/11/07.log	200
2017-02-20 15:48:03	http://5dapps.com/debi/result/submitSocial/%40delta_fm/all/2016/11/08.log	200
2017-02-20 15:48:03	http://5dapps.com/debi/result/submitSocial/%40delta_fm/all/2016/11/09.log	200
2017-02-20 15:48:03	http://5dapps.com/debi/result/submitSocial/%40delta_fm/all/2016/11/10.log	200
2017-02-20 15:48:03	http://5dapps.com/debi/result/submitSocial/%40delta_fm/all/2016/11/11.log	200
2017-02-20 15:48:03	http://5dapps.com/debi/result/submitSocial/%40delta_fm/all/2016/11/12.log	200
2017-02-20 15:48:03	http://5dapps.com/debi/result/submitSocial/%40delta_fm/all/2016/11/13.log	200
2017-02-20 15:48:03	http://5dapps.com/debi/result/submitSocial/%40delta_fm/all/2016/11/14.log	200
2017-02-20 15:48:03	http://5dapps.com/debi/result/submitSocial/%40delta_fm/all/2016/11/15.log	200
2017-02-20 15:48:03	http://5dapps.com/debi/result/submitSocial/%40delta_fm/all/2016/11/16.log	200
2017-02-20 15:48:03	http://5dapps.com/debi/result/submitSocial/%40delta_fm/all/2016/11/17.log	200
2017-02-20 15:48:03	http://5dapps.com/debi/result/submitSocial/%40delta_fm/all/2016/11/18.log	200
2017-02-20 15:48:03	http://5dapps.com/debi/result/submitSocial/%40delta_fm/all/2016/11/19.log	200
2017-02-20 15:48:03	http://5dapps.com/debi/result/submitSocial/%40delta_fm/all/2016/11/20.log	200
2017-02-20 15:48:03	http://5dapps.com/debi/result/submitSocial/%40delta_fm/all/2016/11/21.log	200
2017-02-20 15:48:03	http://5dapps.com/debi/result/submitSocial/%40delta_fm/all/2016/11/22.log	200
2017-02-20 15:48:03	http://5dapps.com/debi/result/submitSocial/%40delta_fm/all/2016/11/23.log	200
2017-02-20 15:48:03	http://5dapps.com/debi/result/submitSocial/%40delta_fm/all/2016/11/24.log	200
2017-02-20 15:48:03	http://5dapps.com/debi/result/submitSocial/%40delta_fm/all/2016/11/25.log	200
2017-02-20 15:48:03	http://5dapps.com/debi/result/submitSocial/%40delta_fm/all/2016/11/26.log	200
2017-02-20 15:48:03	http://5dapps.com/debi/result/submitSocial/%40delta_fm/all/2016/11/27.log	200
2017-02-20 15:48:03	http://5dapps.com/debi/result/submitSocial/%40delta_fm/all/2016/11/28.log	200
2017-02-20 15:48:03	http://5dapps.com/debi/result/submitSocial/%40delta_fm/all/2016/11/29.log	200
2017-02-20 15:48:03	http://5dapps.com/debi/result/submitSocial/%40delta_fm/all/2016/11/30.log	200
2017-02-20 16:03:15	http://5dapps.com/debi/result/submitSocial/%40101jakfm/all/2016/12/01.log	200
2017-02-20 16:03:15	http://5dapps.com/debi/result/submitSocial/%40101jakfm/all/2016/12/02.log	200
2017-02-20 16:03:15	http://5dapps.com/debi/result/submitSocial/%40101jakfm/all/2016/12/03.log	200
2017-02-20 16:03:15	http://5dapps.com/debi/result/submitSocial/%40101jakfm/all/2016/12/04.log	200
2017-02-20 16:03:15	http://5dapps.com/debi/result/submitSocial/%40101jakfm/all/2016/12/05.log	200
2017-02-20 16:03:15	http://5dapps.com/debi/result/submitSocial/%40101jakfm/all/2016/12/06.log	200
2017-02-20 16:03:15	http://5dapps.com/debi/result/submitSocial/%40101jakfm/all/2016/12/07.log	200
2017-02-20 16:03:15	http://5dapps.com/debi/result/submitSocial/%40101jakfm/all/2016/12/08.log	200
2017-02-20 16:03:15	http://5dapps.com/debi/result/submitSocial/%40101jakfm/all/2016/12/09.log	200
2017-02-20 16:03:15	http://5dapps.com/debi/result/submitSocial/%40101jakfm/all/2016/12/10.log	200
2017-02-20 16:03:15	http://5dapps.com/debi/result/submitSocial/%40101jakfm/all/2016/12/11.log	200
2017-02-20 16:03:15	http://5dapps.com/debi/result/submitSocial/%40101jakfm/all/2016/12/12.log	200
2017-02-20 16:03:15	http://5dapps.com/debi/result/submitSocial/%40101jakfm/all/2016/12/13.log	200
2017-02-20 16:03:15	http://5dapps.com/debi/result/submitSocial/%40101jakfm/all/2016/12/14.log	200
2017-02-20 16:03:15	http://5dapps.com/debi/result/submitSocial/%40101jakfm/all/2016/12/15.log	200
2017-02-20 16:03:15	http://5dapps.com/debi/result/submitSocial/%40101jakfm/all/2016/12/16.log	200
2017-02-20 16:03:15	http://5dapps.com/debi/result/submitSocial/%40101jakfm/all/2016/12/17.log	200
2017-02-20 16:03:15	http://5dapps.com/debi/result/submitSocial/%40101jakfm/all/2016/12/18.log	200
2017-02-20 16:03:15	http://5dapps.com/debi/result/submitSocial/%40101jakfm/all/2016/12/19.log	200
2017-02-20 16:03:15	http://5dapps.com/debi/result/submitSocial/%40101jakfm/all/2016/12/20.log	200
2017-02-20 16:03:15	http://5dapps.com/debi/result/submitSocial/%40101jakfm/all/2016/12/21.log	200
2017-02-20 16:03:15	http://5dapps.com/debi/result/submitSocial/%40101jakfm/all/2016/12/22.log	200
2017-02-20 16:03:15	http://5dapps.com/debi/result/submitSocial/%40101jakfm/all/2016/12/23.log	200
2017-02-20 16:03:15	http://5dapps.com/debi/result/submitSocial/%40101jakfm/all/2016/12/24.log	200
2017-02-20 16:03:15	http://5dapps.com/debi/result/submitSocial/%40101jakfm/all/2016/12/25.log	200
2017-02-20 16:03:15	http://5dapps.com/debi/result/submitSocial/%40101jakfm/all/2016/12/26.log	200
2017-02-20 16:03:15	http://5dapps.com/debi/result/submitSocial/%40101jakfm/all/2016/12/27.log	200
2017-02-20 16:03:15	http://5dapps.com/debi/result/submitSocial/%40101jakfm/all/2016/12/28.log	200
2017-02-20 16:03:15	http://5dapps.com/debi/result/submitSocial/%40101jakfm/all/2016/12/29.log	200
2017-02-20 16:03:15	http://5dapps.com/debi/result/submitSocial/%40101jakfm/all/2016/12/30.log	200
2017-02-20 16:03:15	http://5dapps.com/debi/result/submitSocial/%40101jakfm/all/2016/12/31.log	200
2017-02-20 16:03:16	http://5dapps.com/debi/result/submitSocial/%40bahanafmjkt/all/2016/12/01.log	200
2017-02-20 16:03:16	http://5dapps.com/debi/result/submitSocial/%40bahanafmjkt/all/2016/12/02.log	200
2017-02-20 16:03:16	http://5dapps.com/debi/result/submitSocial/%40bahanafmjkt/all/2016/12/03.log	200
2017-02-20 16:03:16	http://5dapps.com/debi/result/submitSocial/%40bahanafmjkt/all/2016/12/04.log	200
2017-02-20 16:03:16	http://5dapps.com/debi/result/submitSocial/%40bahanafmjkt/all/2016/12/05.log	200
2017-02-20 16:03:16	http://5dapps.com/debi/result/submitSocial/%40bahanafmjkt/all/2016/12/06.log	200
2017-02-20 16:03:16	http://5dapps.com/debi/result/submitSocial/%40bahanafmjkt/all/2016/12/07.log	200
2017-02-20 16:03:16	http://5dapps.com/debi/result/submitSocial/%40bahanafmjkt/all/2016/12/08.log	200
2017-02-20 16:03:16	http://5dapps.com/debi/result/submitSocial/%40bahanafmjkt/all/2016/12/09.log	200
2017-02-20 16:03:16	http://5dapps.com/debi/result/submitSocial/%40bahanafmjkt/all/2016/12/10.log	200
2017-02-20 16:03:16	http://5dapps.com/debi/result/submitSocial/%40bahanafmjkt/all/2016/12/11.log	200
2017-02-20 16:03:16	http://5dapps.com/debi/result/submitSocial/%40bahanafmjkt/all/2016/12/12.log	200
2017-02-20 16:03:16	http://5dapps.com/debi/result/submitSocial/%40bahanafmjkt/all/2016/12/13.log	200
2017-02-20 16:03:16	http://5dapps.com/debi/result/submitSocial/%40bahanafmjkt/all/2016/12/14.log	200
2017-02-20 16:03:16	http://5dapps.com/debi/result/submitSocial/%40bahanafmjkt/all/2016/12/15.log	200
2017-02-20 16:03:16	http://5dapps.com/debi/result/submitSocial/%40bahanafmjkt/all/2016/12/16.log	200
2017-02-20 16:03:16	http://5dapps.com/debi/result/submitSocial/%40bahanafmjkt/all/2016/12/17.log	200
2017-02-20 16:03:16	http://5dapps.com/debi/result/submitSocial/%40bahanafmjkt/all/2016/12/18.log	200
2017-02-20 16:03:16	http://5dapps.com/debi/result/submitSocial/%40bahanafmjkt/all/2016/12/19.log	200
2017-02-20 16:03:16	http://5dapps.com/debi/result/submitSocial/%40bahanafmjkt/all/2016/12/20.log	200
2017-02-20 16:03:16	http://5dapps.com/debi/result/submitSocial/%40bahanafmjkt/all/2016/12/21.log	200
2017-02-20 16:03:16	http://5dapps.com/debi/result/submitSocial/%40bahanafmjkt/all/2016/12/22.log	200
2017-02-20 16:03:16	http://5dapps.com/debi/result/submitSocial/%40bahanafmjkt/all/2016/12/23.log	200
2017-02-20 16:03:16	http://5dapps.com/debi/result/submitSocial/%40bahanafmjkt/all/2016/12/24.log	200
2017-02-20 16:03:16	http://5dapps.com/debi/result/submitSocial/%40bahanafmjkt/all/2016/12/25.log	200
2017-02-20 16:03:16	http://5dapps.com/debi/result/submitSocial/%40bahanafmjkt/all/2016/12/26.log	200
2017-02-20 16:03:16	http://5dapps.com/debi/result/submitSocial/%40bahanafmjkt/all/2016/12/27.log	200
2017-02-20 16:03:16	http://5dapps.com/debi/result/submitSocial/%40bahanafmjkt/all/2016/12/28.log	200
2017-02-20 16:03:16	http://5dapps.com/debi/result/submitSocial/%40bahanafmjkt/all/2016/12/29.log	200
2017-02-20 16:03:16	http://5dapps.com/debi/result/submitSocial/%40bahanafmjkt/all/2016/12/30.log	200
2017-02-20 16:03:16	http://5dapps.com/debi/result/submitSocial/%40bahanafmjkt/all/2016/12/31.log	200
2017-02-20 16:03:17	http://5dapps.com/debi/result/submitSocial/%40delta_fm/all/2016/12/01.log	200
2017-02-20 16:03:17	http://5dapps.com/debi/result/submitSocial/%40delta_fm/all/2016/12/02.log	200
2017-02-20 16:03:17	http://5dapps.com/debi/result/submitSocial/%40delta_fm/all/2016/12/03.log	200
2017-02-20 16:03:17	http://5dapps.com/debi/result/submitSocial/%40delta_fm/all/2016/12/04.log	200
2017-02-20 16:03:17	http://5dapps.com/debi/result/submitSocial/%40delta_fm/all/2016/12/05.log	200
2017-02-20 16:03:17	http://5dapps.com/debi/result/submitSocial/%40delta_fm/all/2016/12/06.log	200
2017-02-20 16:03:17	http://5dapps.com/debi/result/submitSocial/%40delta_fm/all/2016/12/07.log	200
2017-02-20 16:03:17	http://5dapps.com/debi/result/submitSocial/%40delta_fm/all/2016/12/08.log	200
2017-02-20 16:03:17	http://5dapps.com/debi/result/submitSocial/%40delta_fm/all/2016/12/09.log	200
2017-02-20 16:03:17	http://5dapps.com/debi/result/submitSocial/%40delta_fm/all/2016/12/10.log	200
2017-02-20 16:03:17	http://5dapps.com/debi/result/submitSocial/%40delta_fm/all/2016/12/11.log	200
2017-02-20 16:03:17	http://5dapps.com/debi/result/submitSocial/%40delta_fm/all/2016/12/12.log	200
2017-02-20 16:03:17	http://5dapps.com/debi/result/submitSocial/%40delta_fm/all/2016/12/13.log	200
2017-02-20 16:03:17	http://5dapps.com/debi/result/submitSocial/%40delta_fm/all/2016/12/14.log	200
2017-02-20 16:03:17	http://5dapps.com/debi/result/submitSocial/%40delta_fm/all/2016/12/15.log	200
2017-02-20 16:03:17	http://5dapps.com/debi/result/submitSocial/%40delta_fm/all/2016/12/16.log	200
2017-02-20 16:03:17	http://5dapps.com/debi/result/submitSocial/%40delta_fm/all/2016/12/17.log	200
2017-02-20 16:03:17	http://5dapps.com/debi/result/submitSocial/%40delta_fm/all/2016/12/18.log	200
2017-02-20 16:03:17	http://5dapps.com/debi/result/submitSocial/%40delta_fm/all/2016/12/19.log	200
2017-02-20 16:03:17	http://5dapps.com/debi/result/submitSocial/%40delta_fm/all/2016/12/20.log	200
2017-02-20 16:03:17	http://5dapps.com/debi/result/submitSocial/%40delta_fm/all/2016/12/21.log	200
2017-02-20 16:03:17	http://5dapps.com/debi/result/submitSocial/%40delta_fm/all/2016/12/22.log	200
2017-02-20 16:03:17	http://5dapps.com/debi/result/submitSocial/%40delta_fm/all/2016/12/23.log	200
2017-02-20 16:03:17	http://5dapps.com/debi/result/submitSocial/%40delta_fm/all/2016/12/24.log	200
2017-02-20 16:03:17	http://5dapps.com/debi/result/submitSocial/%40delta_fm/all/2016/12/25.log	200
2017-02-20 16:03:17	http://5dapps.com/debi/result/submitSocial/%40delta_fm/all/2016/12/26.log	200
2017-02-20 16:03:17	http://5dapps.com/debi/result/submitSocial/%40delta_fm/all/2016/12/27.log	200
2017-02-20 16:03:17	http://5dapps.com/debi/result/submitSocial/%40delta_fm/all/2016/12/28.log	200
2017-02-20 16:03:17	http://5dapps.com/debi/result/submitSocial/%40delta_fm/all/2016/12/29.log	200
2017-02-20 16:03:17	http://5dapps.com/debi/result/submitSocial/%40delta_fm/all/2016/12/30.log	200
2017-02-20 16:03:17	http://5dapps.com/debi/result/submitSocial/%40delta_fm/all/2016/12/31.log	200
2017-02-20 16:10:22	http://5dapps.com/debi/result/submitAdvanced/%23joki3in1%20from%20%40101jakfm/all/2016/10/01.log	200
2017-02-20 16:10:23	http://5dapps.com/debi/result/submitAdvanced/%23joki3in1%20from%20%40101jakfm/all/2016/10/02.log	200
2017-02-20 16:10:23	http://5dapps.com/debi/result/submitAdvanced/%23joki3in1%20from%20%40101jakfm/all/2016/10/03.log	200
2017-02-20 16:10:23	http://5dapps.com/debi/result/submitAdvanced/%23joki3in1%20from%20%40101jakfm/all/2016/10/04.log	200
2017-02-20 16:10:23	http://5dapps.com/debi/result/submitAdvanced/%23joki3in1%20from%20%40101jakfm/all/2016/10/05.log	200
2017-02-20 16:10:23	http://5dapps.com/debi/result/submitAdvanced/%23joki3in1%20from%20%40101jakfm/all/2016/10/06.log	200
2017-02-20 16:10:23	http://5dapps.com/debi/result/submitAdvanced/%23joki3in1%20from%20%40101jakfm/all/2016/10/07.log	200
2017-02-20 16:10:23	http://5dapps.com/debi/result/submitAdvanced/%23joki3in1%20from%20%40101jakfm/all/2016/10/08.log	200
2017-02-20 16:10:23	http://5dapps.com/debi/result/submitAdvanced/%23joki3in1%20from%20%40101jakfm/all/2016/10/09.log	200
2017-02-20 16:10:23	http://5dapps.com/debi/result/submitAdvanced/%23joki3in1%20from%20%40101jakfm/all/2016/10/10.log	200
2017-02-20 16:10:23	http://5dapps.com/debi/result/submitAdvanced/%23joki3in1%20from%20%40101jakfm/all/2016/10/11.log	200
2017-02-20 16:10:23	http://5dapps.com/debi/result/submitAdvanced/%23joki3in1%20from%20%40101jakfm/all/2016/10/12.log	200
2017-02-20 16:10:23	http://5dapps.com/debi/result/submitAdvanced/%23joki3in1%20from%20%40101jakfm/all/2016/10/13.log	200
2017-02-20 16:10:23	http://5dapps.com/debi/result/submitAdvanced/%23joki3in1%20from%20%40101jakfm/all/2016/10/14.log	200
2017-02-20 16:10:23	http://5dapps.com/debi/result/submitAdvanced/%23joki3in1%20from%20%40101jakfm/all/2016/10/15.log	200
2017-02-20 16:10:23	http://5dapps.com/debi/result/submitAdvanced/%23joki3in1%20from%20%40101jakfm/all/2016/10/16.log	200
2017-02-20 16:10:23	http://5dapps.com/debi/result/submitAdvanced/%23joki3in1%20from%20%40101jakfm/all/2016/10/17.log	200
2017-02-20 16:10:23	http://5dapps.com/debi/result/submitAdvanced/%23joki3in1%20from%20%40101jakfm/all/2016/10/18.log	200
2017-02-20 16:10:23	http://5dapps.com/debi/result/submitAdvanced/%23joki3in1%20from%20%40101jakfm/all/2016/10/19.log	200
2017-02-20 16:10:23	http://5dapps.com/debi/result/submitAdvanced/%23joki3in1%20from%20%40101jakfm/all/2016/10/20.log	200
2017-02-20 16:10:23	http://5dapps.com/debi/result/submitAdvanced/%23joki3in1%20from%20%40101jakfm/all/2016/10/21.log	200
2017-02-20 16:10:23	http://5dapps.com/debi/result/submitAdvanced/%23joki3in1%20from%20%40101jakfm/all/2016/10/22.log	200
2017-02-20 16:10:23	http://5dapps.com/debi/result/submitAdvanced/%23joki3in1%20from%20%40101jakfm/all/2016/10/23.log	200
2017-02-20 16:10:23	http://5dapps.com/debi/result/submitAdvanced/%23joki3in1%20from%20%40101jakfm/all/2016/10/24.log	200
2017-02-20 16:10:23	http://5dapps.com/debi/result/submitAdvanced/%23joki3in1%20from%20%40101jakfm/all/2016/10/25.log	200
2017-02-20 16:10:23	http://5dapps.com/debi/result/submitAdvanced/%23joki3in1%20from%20%40101jakfm/all/2016/10/26.log	200
2017-02-20 16:10:23	http://5dapps.com/debi/result/submitAdvanced/%23joki3in1%20from%20%40101jakfm/all/2016/10/27.log	200
2017-02-20 16:10:23	http://5dapps.com/debi/result/submitAdvanced/%23joki3in1%20from%20%40101jakfm/all/2016/10/28.log	200
2017-02-20 16:10:23	http://5dapps.com/debi/result/submitAdvanced/%23joki3in1%20from%20%40101jakfm/all/2016/10/29.log	200
2017-02-20 16:10:23	http://5dapps.com/debi/result/submitAdvanced/%23joki3in1%20from%20%40101jakfm/all/2016/10/30.log	200
2017-02-20 16:10:23	http://5dapps.com/debi/result/submitAdvanced/%23joki3in1%20from%20%40101jakfm/all/2016/10/31.log	200
2017-02-20 16:10:24	http://5dapps.com/debi/result/submitAdvanced/%23baraharsya%20from%20%40delta_fm/all/2016/10/01.log	200
2017-02-20 16:10:24	http://5dapps.com/debi/result/submitAdvanced/%23baraharsya%20from%20%40delta_fm/all/2016/10/02.log	200
2017-02-20 16:10:24	http://5dapps.com/debi/result/submitAdvanced/%23baraharsya%20from%20%40delta_fm/all/2016/10/03.log	200
2017-02-20 16:10:24	http://5dapps.com/debi/result/submitAdvanced/%23baraharsya%20from%20%40delta_fm/all/2016/10/04.log	200
2017-02-20 16:10:24	http://5dapps.com/debi/result/submitAdvanced/%23baraharsya%20from%20%40delta_fm/all/2016/10/05.log	200
2017-02-20 16:10:24	http://5dapps.com/debi/result/submitAdvanced/%23baraharsya%20from%20%40delta_fm/all/2016/10/06.log	200
2017-02-20 16:10:24	http://5dapps.com/debi/result/submitAdvanced/%23baraharsya%20from%20%40delta_fm/all/2016/10/07.log	200
2017-02-20 16:10:24	http://5dapps.com/debi/result/submitAdvanced/%23baraharsya%20from%20%40delta_fm/all/2016/10/08.log	200
2017-02-20 16:10:24	http://5dapps.com/debi/result/submitAdvanced/%23baraharsya%20from%20%40delta_fm/all/2016/10/09.log	200
2017-02-20 16:10:24	http://5dapps.com/debi/result/submitAdvanced/%23baraharsya%20from%20%40delta_fm/all/2016/10/10.log	200
2017-02-20 16:10:24	http://5dapps.com/debi/result/submitAdvanced/%23baraharsya%20from%20%40delta_fm/all/2016/10/11.log	200
2017-02-20 16:10:24	http://5dapps.com/debi/result/submitAdvanced/%23baraharsya%20from%20%40delta_fm/all/2016/10/12.log	200
2017-02-20 16:10:24	http://5dapps.com/debi/result/submitAdvanced/%23baraharsya%20from%20%40delta_fm/all/2016/10/13.log	200
2017-02-20 16:10:24	http://5dapps.com/debi/result/submitAdvanced/%23baraharsya%20from%20%40delta_fm/all/2016/10/14.log	200
2017-02-20 16:10:24	http://5dapps.com/debi/result/submitAdvanced/%23baraharsya%20from%20%40delta_fm/all/2016/10/15.log	200
2017-02-20 16:10:24	http://5dapps.com/debi/result/submitAdvanced/%23baraharsya%20from%20%40delta_fm/all/2016/10/16.log	200
2017-02-20 16:10:24	http://5dapps.com/debi/result/submitAdvanced/%23baraharsya%20from%20%40delta_fm/all/2016/10/17.log	200
2017-02-20 16:10:24	http://5dapps.com/debi/result/submitAdvanced/%23baraharsya%20from%20%40delta_fm/all/2016/10/18.log	200
2017-02-20 16:10:24	http://5dapps.com/debi/result/submitAdvanced/%23baraharsya%20from%20%40delta_fm/all/2016/10/19.log	200
2017-02-20 16:10:24	http://5dapps.com/debi/result/submitAdvanced/%23baraharsya%20from%20%40delta_fm/all/2016/10/20.log	200
2017-02-20 16:10:24	http://5dapps.com/debi/result/submitAdvanced/%23baraharsya%20from%20%40delta_fm/all/2016/10/21.log	200
2017-02-20 16:10:24	http://5dapps.com/debi/result/submitAdvanced/%23baraharsya%20from%20%40delta_fm/all/2016/10/22.log	200
2017-02-20 16:10:24	http://5dapps.com/debi/result/submitAdvanced/%23baraharsya%20from%20%40delta_fm/all/2016/10/23.log	200
2017-02-20 16:10:24	http://5dapps.com/debi/result/submitAdvanced/%23baraharsya%20from%20%40delta_fm/all/2016/10/24.log	200
2017-02-20 16:10:24	http://5dapps.com/debi/result/submitAdvanced/%23baraharsya%20from%20%40delta_fm/all/2016/10/25.log	200
2017-02-20 16:10:24	http://5dapps.com/debi/result/submitAdvanced/%23baraharsya%20from%20%40delta_fm/all/2016/10/26.log	200
2017-02-20 16:10:24	http://5dapps.com/debi/result/submitAdvanced/%23baraharsya%20from%20%40delta_fm/all/2016/10/27.log	200
2017-02-20 16:10:24	http://5dapps.com/debi/result/submitAdvanced/%23baraharsya%20from%20%40delta_fm/all/2016/10/28.log	200
2017-02-20 16:10:24	http://5dapps.com/debi/result/submitAdvanced/%23baraharsya%20from%20%40delta_fm/all/2016/10/29.log	200
2017-02-20 16:10:24	http://5dapps.com/debi/result/submitAdvanced/%23baraharsya%20from%20%40delta_fm/all/2016/10/30.log	200
2017-02-20 16:10:24	http://5dapps.com/debi/result/submitAdvanced/%23baraharsya%20from%20%40delta_fm/all/2016/10/31.log	200
2017-02-20 16:12:07	http://5dapps.com/debi/result/submitAdvanced/%23sensor%20from%20%40bahanafmjkt/all/2016/10/01.log	200
2017-02-20 16:12:07	http://5dapps.com/debi/result/submitAdvanced/%23sensor%20from%20%40bahanafmjkt/all/2016/10/02.log	200
2017-02-20 16:12:07	http://5dapps.com/debi/result/submitAdvanced/%23sensor%20from%20%40bahanafmjkt/all/2016/10/03.log	200
2017-02-20 16:12:07	http://5dapps.com/debi/result/submitAdvanced/%23sensor%20from%20%40bahanafmjkt/all/2016/10/04.log	200
2017-02-20 16:12:07	http://5dapps.com/debi/result/submitAdvanced/%23sensor%20from%20%40bahanafmjkt/all/2016/10/05.log	200
2017-02-20 16:12:07	http://5dapps.com/debi/result/submitAdvanced/%23sensor%20from%20%40bahanafmjkt/all/2016/10/06.log	200
2017-02-20 16:12:07	http://5dapps.com/debi/result/submitAdvanced/%23sensor%20from%20%40bahanafmjkt/all/2016/10/07.log	200
2017-02-20 16:12:07	http://5dapps.com/debi/result/submitAdvanced/%23sensor%20from%20%40bahanafmjkt/all/2016/10/08.log	200
2017-02-20 16:12:07	http://5dapps.com/debi/result/submitAdvanced/%23sensor%20from%20%40bahanafmjkt/all/2016/10/09.log	200
2017-02-20 16:12:07	http://5dapps.com/debi/result/submitAdvanced/%23sensor%20from%20%40bahanafmjkt/all/2016/10/10.log	200
2017-02-20 16:12:07	http://5dapps.com/debi/result/submitAdvanced/%23sensor%20from%20%40bahanafmjkt/all/2016/10/11.log	200
2017-02-20 16:12:07	http://5dapps.com/debi/result/submitAdvanced/%23sensor%20from%20%40bahanafmjkt/all/2016/10/12.log	200
2017-02-20 16:12:07	http://5dapps.com/debi/result/submitAdvanced/%23sensor%20from%20%40bahanafmjkt/all/2016/10/13.log	200
2017-02-20 16:12:07	http://5dapps.com/debi/result/submitAdvanced/%23sensor%20from%20%40bahanafmjkt/all/2016/10/14.log	200
2017-02-20 16:12:07	http://5dapps.com/debi/result/submitAdvanced/%23sensor%20from%20%40bahanafmjkt/all/2016/10/15.log	200
2017-02-20 16:12:07	http://5dapps.com/debi/result/submitAdvanced/%23sensor%20from%20%40bahanafmjkt/all/2016/10/16.log	200
2017-02-20 16:12:07	http://5dapps.com/debi/result/submitAdvanced/%23sensor%20from%20%40bahanafmjkt/all/2016/10/17.log	200
2017-02-20 16:12:07	http://5dapps.com/debi/result/submitAdvanced/%23sensor%20from%20%40bahanafmjkt/all/2016/10/18.log	200
2017-02-20 16:12:07	http://5dapps.com/debi/result/submitAdvanced/%23sensor%20from%20%40bahanafmjkt/all/2016/10/19.log	200
2017-02-20 16:12:07	http://5dapps.com/debi/result/submitAdvanced/%23sensor%20from%20%40bahanafmjkt/all/2016/10/20.log	200
2017-02-20 16:12:07	http://5dapps.com/debi/result/submitAdvanced/%23sensor%20from%20%40bahanafmjkt/all/2016/10/21.log	200
2017-02-20 16:12:07	http://5dapps.com/debi/result/submitAdvanced/%23sensor%20from%20%40bahanafmjkt/all/2016/10/22.log	200
2017-02-20 16:12:07	http://5dapps.com/debi/result/submitAdvanced/%23sensor%20from%20%40bahanafmjkt/all/2016/10/23.log	200
2017-02-20 16:12:07	http://5dapps.com/debi/result/submitAdvanced/%23sensor%20from%20%40bahanafmjkt/all/2016/10/24.log	200
2017-02-20 16:12:07	http://5dapps.com/debi/result/submitAdvanced/%23sensor%20from%20%40bahanafmjkt/all/2016/10/25.log	200
2017-02-20 16:12:07	http://5dapps.com/debi/result/submitAdvanced/%23sensor%20from%20%40bahanafmjkt/all/2016/10/26.log	200
2017-02-20 16:12:07	http://5dapps.com/debi/result/submitAdvanced/%23sensor%20from%20%40bahanafmjkt/all/2016/10/27.log	200
2017-02-20 16:12:07	http://5dapps.com/debi/result/submitAdvanced/%23sensor%20from%20%40bahanafmjkt/all/2016/10/28.log	200
2017-02-20 16:12:07	http://5dapps.com/debi/result/submitAdvanced/%23sensor%20from%20%40bahanafmjkt/all/2016/10/29.log	200
2017-02-20 16:12:07	http://5dapps.com/debi/result/submitAdvanced/%23sensor%20from%20%40bahanafmjkt/all/2016/10/30.log	200
2017-02-20 16:12:07	http://5dapps.com/debi/result/submitAdvanced/%23sensor%20from%20%40bahanafmjkt/all/2016/10/31.log	200
2017-02-20 16:19:58	http://5dapps.com/debi/result/submitAdvanced/%23joki3in1%20from%20%40101jakfm/all/2016/11/01.log	200
2017-02-20 16:19:58	http://5dapps.com/debi/result/submitAdvanced/%23joki3in1%20from%20%40101jakfm/all/2016/11/02.log	200
2017-02-20 16:19:58	http://5dapps.com/debi/result/submitAdvanced/%23joki3in1%20from%20%40101jakfm/all/2016/11/03.log	200
2017-02-20 16:19:58	http://5dapps.com/debi/result/submitAdvanced/%23joki3in1%20from%20%40101jakfm/all/2016/11/04.log	200
2017-02-20 16:19:58	http://5dapps.com/debi/result/submitAdvanced/%23joki3in1%20from%20%40101jakfm/all/2016/11/05.log	200
2017-02-20 16:19:58	http://5dapps.com/debi/result/submitAdvanced/%23joki3in1%20from%20%40101jakfm/all/2016/11/06.log	200
2017-02-20 16:19:58	http://5dapps.com/debi/result/submitAdvanced/%23joki3in1%20from%20%40101jakfm/all/2016/11/07.log	200
2017-02-20 16:19:58	http://5dapps.com/debi/result/submitAdvanced/%23joki3in1%20from%20%40101jakfm/all/2016/11/08.log	200
2017-02-20 16:19:58	http://5dapps.com/debi/result/submitAdvanced/%23joki3in1%20from%20%40101jakfm/all/2016/11/09.log	200
2017-02-20 16:19:59	http://5dapps.com/debi/result/submitAdvanced/%23joki3in1%20from%20%40101jakfm/all/2016/11/10.log	200
2017-02-20 16:19:59	http://5dapps.com/debi/result/submitAdvanced/%23joki3in1%20from%20%40101jakfm/all/2016/11/11.log	200
2017-02-20 16:19:59	http://5dapps.com/debi/result/submitAdvanced/%23joki3in1%20from%20%40101jakfm/all/2016/11/12.log	200
2017-02-20 16:19:59	http://5dapps.com/debi/result/submitAdvanced/%23joki3in1%20from%20%40101jakfm/all/2016/11/13.log	200
2017-02-20 16:19:59	http://5dapps.com/debi/result/submitAdvanced/%23joki3in1%20from%20%40101jakfm/all/2016/11/14.log	200
2017-02-20 16:19:59	http://5dapps.com/debi/result/submitAdvanced/%23joki3in1%20from%20%40101jakfm/all/2016/11/15.log	200
2017-02-20 16:19:59	http://5dapps.com/debi/result/submitAdvanced/%23joki3in1%20from%20%40101jakfm/all/2016/11/16.log	200
2017-02-20 16:19:59	http://5dapps.com/debi/result/submitAdvanced/%23joki3in1%20from%20%40101jakfm/all/2016/11/17.log	200
2017-02-20 16:19:59	http://5dapps.com/debi/result/submitAdvanced/%23joki3in1%20from%20%40101jakfm/all/2016/11/18.log	200
2017-02-20 16:19:59	http://5dapps.com/debi/result/submitAdvanced/%23joki3in1%20from%20%40101jakfm/all/2016/11/19.log	200
2017-02-20 16:19:59	http://5dapps.com/debi/result/submitAdvanced/%23joki3in1%20from%20%40101jakfm/all/2016/11/20.log	200
2017-02-20 16:19:59	http://5dapps.com/debi/result/submitAdvanced/%23joki3in1%20from%20%40101jakfm/all/2016/11/21.log	200
2017-02-20 16:19:59	http://5dapps.com/debi/result/submitAdvanced/%23joki3in1%20from%20%40101jakfm/all/2016/11/22.log	200
2017-02-20 16:19:59	http://5dapps.com/debi/result/submitAdvanced/%23joki3in1%20from%20%40101jakfm/all/2016/11/23.log	200
2017-02-20 16:19:59	http://5dapps.com/debi/result/submitAdvanced/%23joki3in1%20from%20%40101jakfm/all/2016/11/24.log	200
2017-02-20 16:19:59	http://5dapps.com/debi/result/submitAdvanced/%23joki3in1%20from%20%40101jakfm/all/2016/11/25.log	200
2017-02-20 16:19:59	http://5dapps.com/debi/result/submitAdvanced/%23joki3in1%20from%20%40101jakfm/all/2016/11/26.log	200
2017-02-20 16:19:59	http://5dapps.com/debi/result/submitAdvanced/%23joki3in1%20from%20%40101jakfm/all/2016/11/27.log	200
2017-02-20 16:19:59	http://5dapps.com/debi/result/submitAdvanced/%23joki3in1%20from%20%40101jakfm/all/2016/11/28.log	200
2017-02-20 16:19:59	http://5dapps.com/debi/result/submitAdvanced/%23joki3in1%20from%20%40101jakfm/all/2016/11/29.log	200
2017-02-20 16:19:59	http://5dapps.com/debi/result/submitAdvanced/%23joki3in1%20from%20%40101jakfm/all/2016/11/30.log	200
2017-02-20 16:20:00	http://5dapps.com/debi/result/submitAdvanced/%23baraharsya%20from%20%40delta_fm/all/2016/11/01.log	200
2017-02-20 16:20:00	http://5dapps.com/debi/result/submitAdvanced/%23baraharsya%20from%20%40delta_fm/all/2016/11/02.log	200
2017-02-20 16:20:00	http://5dapps.com/debi/result/submitAdvanced/%23baraharsya%20from%20%40delta_fm/all/2016/11/03.log	200
2017-02-20 16:20:00	http://5dapps.com/debi/result/submitAdvanced/%23baraharsya%20from%20%40delta_fm/all/2016/11/04.log	200
2017-02-20 16:20:00	http://5dapps.com/debi/result/submitAdvanced/%23baraharsya%20from%20%40delta_fm/all/2016/11/05.log	200
2017-02-20 16:20:00	http://5dapps.com/debi/result/submitAdvanced/%23baraharsya%20from%20%40delta_fm/all/2016/11/06.log	200
2017-02-20 16:20:00	http://5dapps.com/debi/result/submitAdvanced/%23baraharsya%20from%20%40delta_fm/all/2016/11/07.log	200
2017-02-20 16:20:00	http://5dapps.com/debi/result/submitAdvanced/%23baraharsya%20from%20%40delta_fm/all/2016/11/08.log	200
2017-02-20 16:20:00	http://5dapps.com/debi/result/submitAdvanced/%23baraharsya%20from%20%40delta_fm/all/2016/11/09.log	200
2017-02-20 16:20:00	http://5dapps.com/debi/result/submitAdvanced/%23baraharsya%20from%20%40delta_fm/all/2016/11/10.log	200
2017-02-20 16:20:00	http://5dapps.com/debi/result/submitAdvanced/%23baraharsya%20from%20%40delta_fm/all/2016/11/11.log	200
2017-02-20 16:20:00	http://5dapps.com/debi/result/submitAdvanced/%23baraharsya%20from%20%40delta_fm/all/2016/11/12.log	200
2017-02-20 16:20:00	http://5dapps.com/debi/result/submitAdvanced/%23baraharsya%20from%20%40delta_fm/all/2016/11/13.log	200
2017-02-20 16:20:00	http://5dapps.com/debi/result/submitAdvanced/%23baraharsya%20from%20%40delta_fm/all/2016/11/14.log	200
2017-02-20 16:20:00	http://5dapps.com/debi/result/submitAdvanced/%23baraharsya%20from%20%40delta_fm/all/2016/11/15.log	200
2017-02-20 16:20:00	http://5dapps.com/debi/result/submitAdvanced/%23baraharsya%20from%20%40delta_fm/all/2016/11/16.log	200
2017-02-20 16:20:00	http://5dapps.com/debi/result/submitAdvanced/%23baraharsya%20from%20%40delta_fm/all/2016/11/17.log	200
2017-02-20 16:20:00	http://5dapps.com/debi/result/submitAdvanced/%23baraharsya%20from%20%40delta_fm/all/2016/11/18.log	200
2017-02-20 16:20:00	http://5dapps.com/debi/result/submitAdvanced/%23baraharsya%20from%20%40delta_fm/all/2016/11/19.log	200
2017-02-20 16:20:00	http://5dapps.com/debi/result/submitAdvanced/%23baraharsya%20from%20%40delta_fm/all/2016/11/20.log	200
2017-02-20 16:20:00	http://5dapps.com/debi/result/submitAdvanced/%23baraharsya%20from%20%40delta_fm/all/2016/11/21.log	200
2017-02-20 16:20:00	http://5dapps.com/debi/result/submitAdvanced/%23baraharsya%20from%20%40delta_fm/all/2016/11/22.log	200
2017-02-20 16:20:00	http://5dapps.com/debi/result/submitAdvanced/%23baraharsya%20from%20%40delta_fm/all/2016/11/23.log	200
2017-02-20 16:20:00	http://5dapps.com/debi/result/submitAdvanced/%23baraharsya%20from%20%40delta_fm/all/2016/11/24.log	200
2017-02-20 16:20:00	http://5dapps.com/debi/result/submitAdvanced/%23baraharsya%20from%20%40delta_fm/all/2016/11/25.log	200
2017-02-20 16:20:00	http://5dapps.com/debi/result/submitAdvanced/%23baraharsya%20from%20%40delta_fm/all/2016/11/26.log	200
2017-02-20 16:20:00	http://5dapps.com/debi/result/submitAdvanced/%23baraharsya%20from%20%40delta_fm/all/2016/11/27.log	200
2017-02-20 16:20:00	http://5dapps.com/debi/result/submitAdvanced/%23baraharsya%20from%20%40delta_fm/all/2016/11/28.log	200
2017-02-20 16:20:00	http://5dapps.com/debi/result/submitAdvanced/%23baraharsya%20from%20%40delta_fm/all/2016/11/29.log	200
2017-02-20 16:20:00	http://5dapps.com/debi/result/submitAdvanced/%23baraharsya%20from%20%40delta_fm/all/2016/11/30.log	200
2017-02-20 16:21:35	http://5dapps.com/debi/result/submitAdvanced/%23sensor%20from%20%40bahanafmjkt/all/2016/11/01.log	200
2017-02-20 16:21:35	http://5dapps.com/debi/result/submitAdvanced/%23sensor%20from%20%40bahanafmjkt/all/2016/11/02.log	200
2017-02-20 16:21:35	http://5dapps.com/debi/result/submitAdvanced/%23sensor%20from%20%40bahanafmjkt/all/2016/11/03.log	200
2017-02-20 16:21:35	http://5dapps.com/debi/result/submitAdvanced/%23sensor%20from%20%40bahanafmjkt/all/2016/11/04.log	200
2017-02-20 16:21:35	http://5dapps.com/debi/result/submitAdvanced/%23sensor%20from%20%40bahanafmjkt/all/2016/11/05.log	200
2017-02-20 16:21:35	http://5dapps.com/debi/result/submitAdvanced/%23sensor%20from%20%40bahanafmjkt/all/2016/11/06.log	200
2017-02-20 16:21:35	http://5dapps.com/debi/result/submitAdvanced/%23sensor%20from%20%40bahanafmjkt/all/2016/11/07.log	200
2017-02-20 16:21:35	http://5dapps.com/debi/result/submitAdvanced/%23sensor%20from%20%40bahanafmjkt/all/2016/11/08.log	200
2017-02-20 16:21:35	http://5dapps.com/debi/result/submitAdvanced/%23sensor%20from%20%40bahanafmjkt/all/2016/11/09.log	200
2017-02-20 16:21:35	http://5dapps.com/debi/result/submitAdvanced/%23sensor%20from%20%40bahanafmjkt/all/2016/11/10.log	200
2017-02-20 16:21:35	http://5dapps.com/debi/result/submitAdvanced/%23sensor%20from%20%40bahanafmjkt/all/2016/11/11.log	200
2017-02-20 16:21:35	http://5dapps.com/debi/result/submitAdvanced/%23sensor%20from%20%40bahanafmjkt/all/2016/11/12.log	200
2017-02-20 16:21:35	http://5dapps.com/debi/result/submitAdvanced/%23sensor%20from%20%40bahanafmjkt/all/2016/11/13.log	200
2017-02-20 16:21:35	http://5dapps.com/debi/result/submitAdvanced/%23sensor%20from%20%40bahanafmjkt/all/2016/11/14.log	200
2017-02-20 16:21:35	http://5dapps.com/debi/result/submitAdvanced/%23sensor%20from%20%40bahanafmjkt/all/2016/11/15.log	200
2017-02-20 16:21:35	http://5dapps.com/debi/result/submitAdvanced/%23sensor%20from%20%40bahanafmjkt/all/2016/11/16.log	200
2017-02-20 16:21:35	http://5dapps.com/debi/result/submitAdvanced/%23sensor%20from%20%40bahanafmjkt/all/2016/11/17.log	200
2017-02-20 16:21:35	http://5dapps.com/debi/result/submitAdvanced/%23sensor%20from%20%40bahanafmjkt/all/2016/11/18.log	200
2017-02-20 16:21:35	http://5dapps.com/debi/result/submitAdvanced/%23sensor%20from%20%40bahanafmjkt/all/2016/11/19.log	200
2017-02-20 16:21:35	http://5dapps.com/debi/result/submitAdvanced/%23sensor%20from%20%40bahanafmjkt/all/2016/11/20.log	200
2017-02-20 16:21:35	http://5dapps.com/debi/result/submitAdvanced/%23sensor%20from%20%40bahanafmjkt/all/2016/11/21.log	200
2017-02-20 16:21:35	http://5dapps.com/debi/result/submitAdvanced/%23sensor%20from%20%40bahanafmjkt/all/2016/11/22.log	200
2017-02-20 16:21:35	http://5dapps.com/debi/result/submitAdvanced/%23sensor%20from%20%40bahanafmjkt/all/2016/11/23.log	200
2017-02-20 16:21:35	http://5dapps.com/debi/result/submitAdvanced/%23sensor%20from%20%40bahanafmjkt/all/2016/11/24.log	200
2017-02-20 16:21:35	http://5dapps.com/debi/result/submitAdvanced/%23sensor%20from%20%40bahanafmjkt/all/2016/11/25.log	200
2017-02-20 16:21:35	http://5dapps.com/debi/result/submitAdvanced/%23sensor%20from%20%40bahanafmjkt/all/2016/11/26.log	200
2017-02-20 16:21:35	http://5dapps.com/debi/result/submitAdvanced/%23sensor%20from%20%40bahanafmjkt/all/2016/11/27.log	200
2017-02-20 16:21:35	http://5dapps.com/debi/result/submitAdvanced/%23sensor%20from%20%40bahanafmjkt/all/2016/11/28.log	200
2017-02-20 16:21:35	http://5dapps.com/debi/result/submitAdvanced/%23sensor%20from%20%40bahanafmjkt/all/2016/11/29.log	200
2017-02-20 16:21:35	http://5dapps.com/debi/result/submitAdvanced/%23sensor%20from%20%40bahanafmjkt/all/2016/11/30.log	200
2017-02-20 16:28:28	http://5dapps.com/debi/result/submitAdvanced/%23joki3in1%20from%20%40101jakfm/all/2016/12/01.log	200
2017-02-20 16:28:28	http://5dapps.com/debi/result/submitAdvanced/%23joki3in1%20from%20%40101jakfm/all/2016/12/02.log	200
2017-02-20 16:28:28	http://5dapps.com/debi/result/submitAdvanced/%23joki3in1%20from%20%40101jakfm/all/2016/12/03.log	200
2017-02-20 16:28:28	http://5dapps.com/debi/result/submitAdvanced/%23joki3in1%20from%20%40101jakfm/all/2016/12/04.log	200
2017-02-20 16:28:28	http://5dapps.com/debi/result/submitAdvanced/%23joki3in1%20from%20%40101jakfm/all/2016/12/05.log	200
2017-02-20 16:28:28	http://5dapps.com/debi/result/submitAdvanced/%23joki3in1%20from%20%40101jakfm/all/2016/12/06.log	200
2017-02-20 16:28:28	http://5dapps.com/debi/result/submitAdvanced/%23joki3in1%20from%20%40101jakfm/all/2016/12/07.log	200
2017-02-20 16:28:28	http://5dapps.com/debi/result/submitAdvanced/%23joki3in1%20from%20%40101jakfm/all/2016/12/08.log	200
2017-02-20 16:28:28	http://5dapps.com/debi/result/submitAdvanced/%23joki3in1%20from%20%40101jakfm/all/2016/12/09.log	200
2017-02-20 16:28:28	http://5dapps.com/debi/result/submitAdvanced/%23joki3in1%20from%20%40101jakfm/all/2016/12/10.log	200
2017-02-20 16:28:28	http://5dapps.com/debi/result/submitAdvanced/%23joki3in1%20from%20%40101jakfm/all/2016/12/11.log	200
2017-02-20 16:28:28	http://5dapps.com/debi/result/submitAdvanced/%23joki3in1%20from%20%40101jakfm/all/2016/12/12.log	200
2017-02-20 16:28:28	http://5dapps.com/debi/result/submitAdvanced/%23joki3in1%20from%20%40101jakfm/all/2016/12/13.log	200
2017-02-20 16:28:28	http://5dapps.com/debi/result/submitAdvanced/%23joki3in1%20from%20%40101jakfm/all/2016/12/14.log	200
2017-02-20 16:28:28	http://5dapps.com/debi/result/submitAdvanced/%23joki3in1%20from%20%40101jakfm/all/2016/12/15.log	200
2017-02-20 16:28:28	http://5dapps.com/debi/result/submitAdvanced/%23joki3in1%20from%20%40101jakfm/all/2016/12/16.log	200
2017-02-20 16:28:28	http://5dapps.com/debi/result/submitAdvanced/%23joki3in1%20from%20%40101jakfm/all/2016/12/17.log	200
2017-02-20 16:28:28	http://5dapps.com/debi/result/submitAdvanced/%23joki3in1%20from%20%40101jakfm/all/2016/12/18.log	200
2017-02-20 16:28:28	http://5dapps.com/debi/result/submitAdvanced/%23joki3in1%20from%20%40101jakfm/all/2016/12/19.log	200
2017-02-20 16:28:28	http://5dapps.com/debi/result/submitAdvanced/%23joki3in1%20from%20%40101jakfm/all/2016/12/20.log	200
2017-02-20 16:28:28	http://5dapps.com/debi/result/submitAdvanced/%23joki3in1%20from%20%40101jakfm/all/2016/12/21.log	200
2017-02-20 16:28:28	http://5dapps.com/debi/result/submitAdvanced/%23joki3in1%20from%20%40101jakfm/all/2016/12/22.log	200
2017-02-20 16:28:28	http://5dapps.com/debi/result/submitAdvanced/%23joki3in1%20from%20%40101jakfm/all/2016/12/23.log	200
2017-02-20 16:28:28	http://5dapps.com/debi/result/submitAdvanced/%23joki3in1%20from%20%40101jakfm/all/2016/12/24.log	200
2017-02-20 16:28:28	http://5dapps.com/debi/result/submitAdvanced/%23joki3in1%20from%20%40101jakfm/all/2016/12/25.log	200
2017-02-20 16:28:28	http://5dapps.com/debi/result/submitAdvanced/%23joki3in1%20from%20%40101jakfm/all/2016/12/26.log	200
2017-02-20 16:28:28	http://5dapps.com/debi/result/submitAdvanced/%23joki3in1%20from%20%40101jakfm/all/2016/12/27.log	200
2017-02-20 16:28:28	http://5dapps.com/debi/result/submitAdvanced/%23joki3in1%20from%20%40101jakfm/all/2016/12/28.log	200
2017-02-20 16:28:28	http://5dapps.com/debi/result/submitAdvanced/%23joki3in1%20from%20%40101jakfm/all/2016/12/29.log	200
2017-02-20 16:28:28	http://5dapps.com/debi/result/submitAdvanced/%23joki3in1%20from%20%40101jakfm/all/2016/12/30.log	200
2017-02-20 16:28:28	http://5dapps.com/debi/result/submitAdvanced/%23joki3in1%20from%20%40101jakfm/all/2016/12/31.log	200
2017-02-20 16:28:30	http://5dapps.com/debi/result/submitAdvanced/%23baraharsya%20from%20%40delta_fm/all/2016/12/01.log	200
2017-02-20 16:28:30	http://5dapps.com/debi/result/submitAdvanced/%23baraharsya%20from%20%40delta_fm/all/2016/12/02.log	200
2017-02-20 16:28:30	http://5dapps.com/debi/result/submitAdvanced/%23baraharsya%20from%20%40delta_fm/all/2016/12/03.log	200
2017-02-20 16:28:30	http://5dapps.com/debi/result/submitAdvanced/%23baraharsya%20from%20%40delta_fm/all/2016/12/04.log	200
2017-02-20 16:28:30	http://5dapps.com/debi/result/submitAdvanced/%23baraharsya%20from%20%40delta_fm/all/2016/12/05.log	200
2017-02-20 16:28:30	http://5dapps.com/debi/result/submitAdvanced/%23baraharsya%20from%20%40delta_fm/all/2016/12/06.log	200
2017-02-20 16:28:30	http://5dapps.com/debi/result/submitAdvanced/%23baraharsya%20from%20%40delta_fm/all/2016/12/07.log	200
2017-02-20 16:28:30	http://5dapps.com/debi/result/submitAdvanced/%23baraharsya%20from%20%40delta_fm/all/2016/12/08.log	200
2017-02-20 16:28:30	http://5dapps.com/debi/result/submitAdvanced/%23baraharsya%20from%20%40delta_fm/all/2016/12/09.log	200
2017-02-20 16:28:30	http://5dapps.com/debi/result/submitAdvanced/%23baraharsya%20from%20%40delta_fm/all/2016/12/10.log	200
2017-02-20 16:28:30	http://5dapps.com/debi/result/submitAdvanced/%23baraharsya%20from%20%40delta_fm/all/2016/12/11.log	200
2017-02-20 16:28:30	http://5dapps.com/debi/result/submitAdvanced/%23baraharsya%20from%20%40delta_fm/all/2016/12/12.log	200
2017-02-20 16:28:30	http://5dapps.com/debi/result/submitAdvanced/%23baraharsya%20from%20%40delta_fm/all/2016/12/13.log	200
2017-02-20 16:28:30	http://5dapps.com/debi/result/submitAdvanced/%23baraharsya%20from%20%40delta_fm/all/2016/12/14.log	200
2017-02-20 16:28:30	http://5dapps.com/debi/result/submitAdvanced/%23baraharsya%20from%20%40delta_fm/all/2016/12/15.log	200
2017-02-20 16:28:30	http://5dapps.com/debi/result/submitAdvanced/%23baraharsya%20from%20%40delta_fm/all/2016/12/16.log	200
2017-02-20 16:28:30	http://5dapps.com/debi/result/submitAdvanced/%23baraharsya%20from%20%40delta_fm/all/2016/12/17.log	200
2017-02-20 16:28:30	http://5dapps.com/debi/result/submitAdvanced/%23baraharsya%20from%20%40delta_fm/all/2016/12/18.log	200
2017-02-20 16:28:30	http://5dapps.com/debi/result/submitAdvanced/%23baraharsya%20from%20%40delta_fm/all/2016/12/19.log	200
2017-02-20 16:28:30	http://5dapps.com/debi/result/submitAdvanced/%23baraharsya%20from%20%40delta_fm/all/2016/12/20.log	200
2017-02-20 16:28:30	http://5dapps.com/debi/result/submitAdvanced/%23baraharsya%20from%20%40delta_fm/all/2016/12/21.log	200
2017-02-20 16:28:30	http://5dapps.com/debi/result/submitAdvanced/%23baraharsya%20from%20%40delta_fm/all/2016/12/22.log	200
2017-02-20 16:28:30	http://5dapps.com/debi/result/submitAdvanced/%23baraharsya%20from%20%40delta_fm/all/2016/12/23.log	200
2017-02-20 16:28:30	http://5dapps.com/debi/result/submitAdvanced/%23baraharsya%20from%20%40delta_fm/all/2016/12/24.log	200
2017-02-20 16:28:30	http://5dapps.com/debi/result/submitAdvanced/%23baraharsya%20from%20%40delta_fm/all/2016/12/25.log	200
2017-02-20 16:28:30	http://5dapps.com/debi/result/submitAdvanced/%23baraharsya%20from%20%40delta_fm/all/2016/12/26.log	200
2017-02-20 16:28:30	http://5dapps.com/debi/result/submitAdvanced/%23baraharsya%20from%20%40delta_fm/all/2016/12/27.log	200
2017-02-20 16:28:30	http://5dapps.com/debi/result/submitAdvanced/%23baraharsya%20from%20%40delta_fm/all/2016/12/28.log	200
2017-02-20 16:28:30	http://5dapps.com/debi/result/submitAdvanced/%23baraharsya%20from%20%40delta_fm/all/2016/12/29.log	200
2017-02-20 16:28:30	http://5dapps.com/debi/result/submitAdvanced/%23baraharsya%20from%20%40delta_fm/all/2016/12/30.log	200
2017-02-20 16:28:30	http://5dapps.com/debi/result/submitAdvanced/%23baraharsya%20from%20%40delta_fm/all/2016/12/31.log	200
2017-02-20 16:30:15	http://5dapps.com/debi/result/submitAdvanced/%23sensor%20from%20%40bahanafmjkt/all/2016/12/01.log	200
2017-02-20 16:30:15	http://5dapps.com/debi/result/submitAdvanced/%23sensor%20from%20%40bahanafmjkt/all/2016/12/02.log	200
2017-02-20 16:30:15	http://5dapps.com/debi/result/submitAdvanced/%23sensor%20from%20%40bahanafmjkt/all/2016/12/03.log	200
2017-02-20 16:30:15	http://5dapps.com/debi/result/submitAdvanced/%23sensor%20from%20%40bahanafmjkt/all/2016/12/04.log	200
2017-02-20 16:30:15	http://5dapps.com/debi/result/submitAdvanced/%23sensor%20from%20%40bahanafmjkt/all/2016/12/05.log	200
2017-02-20 16:30:15	http://5dapps.com/debi/result/submitAdvanced/%23sensor%20from%20%40bahanafmjkt/all/2016/12/06.log	200
2017-02-20 16:30:15	http://5dapps.com/debi/result/submitAdvanced/%23sensor%20from%20%40bahanafmjkt/all/2016/12/07.log	200
2017-02-20 16:30:15	http://5dapps.com/debi/result/submitAdvanced/%23sensor%20from%20%40bahanafmjkt/all/2016/12/08.log	200
2017-02-20 16:30:15	http://5dapps.com/debi/result/submitAdvanced/%23sensor%20from%20%40bahanafmjkt/all/2016/12/09.log	200
2017-02-20 16:30:15	http://5dapps.com/debi/result/submitAdvanced/%23sensor%20from%20%40bahanafmjkt/all/2016/12/10.log	200
2017-02-20 16:30:15	http://5dapps.com/debi/result/submitAdvanced/%23sensor%20from%20%40bahanafmjkt/all/2016/12/11.log	200
2017-02-20 16:30:15	http://5dapps.com/debi/result/submitAdvanced/%23sensor%20from%20%40bahanafmjkt/all/2016/12/12.log	200
2017-02-20 16:30:15	http://5dapps.com/debi/result/submitAdvanced/%23sensor%20from%20%40bahanafmjkt/all/2016/12/13.log	200
2017-02-20 16:30:15	http://5dapps.com/debi/result/submitAdvanced/%23sensor%20from%20%40bahanafmjkt/all/2016/12/14.log	200
2017-02-20 16:30:15	http://5dapps.com/debi/result/submitAdvanced/%23sensor%20from%20%40bahanafmjkt/all/2016/12/15.log	200
2017-02-20 16:30:15	http://5dapps.com/debi/result/submitAdvanced/%23sensor%20from%20%40bahanafmjkt/all/2016/12/16.log	200
2017-02-20 16:30:15	http://5dapps.com/debi/result/submitAdvanced/%23sensor%20from%20%40bahanafmjkt/all/2016/12/17.log	200
2017-02-20 16:30:15	http://5dapps.com/debi/result/submitAdvanced/%23sensor%20from%20%40bahanafmjkt/all/2016/12/18.log	200
2017-02-20 16:30:15	http://5dapps.com/debi/result/submitAdvanced/%23sensor%20from%20%40bahanafmjkt/all/2016/12/19.log	200
2017-02-20 16:30:15	http://5dapps.com/debi/result/submitAdvanced/%23sensor%20from%20%40bahanafmjkt/all/2016/12/20.log	200
2017-02-20 16:30:15	http://5dapps.com/debi/result/submitAdvanced/%23sensor%20from%20%40bahanafmjkt/all/2016/12/21.log	200
2017-02-20 16:30:15	http://5dapps.com/debi/result/submitAdvanced/%23sensor%20from%20%40bahanafmjkt/all/2016/12/22.log	200
2017-02-20 16:30:15	http://5dapps.com/debi/result/submitAdvanced/%23sensor%20from%20%40bahanafmjkt/all/2016/12/23.log	200
2017-02-20 16:30:15	http://5dapps.com/debi/result/submitAdvanced/%23sensor%20from%20%40bahanafmjkt/all/2016/12/24.log	200
2017-02-20 16:30:15	http://5dapps.com/debi/result/submitAdvanced/%23sensor%20from%20%40bahanafmjkt/all/2016/12/25.log	200
2017-02-20 16:30:15	http://5dapps.com/debi/result/submitAdvanced/%23sensor%20from%20%40bahanafmjkt/all/2016/12/26.log	200
2017-02-20 16:30:15	http://5dapps.com/debi/result/submitAdvanced/%23sensor%20from%20%40bahanafmjkt/all/2016/12/27.log	200
2017-02-20 16:30:15	http://5dapps.com/debi/result/submitAdvanced/%23sensor%20from%20%40bahanafmjkt/all/2016/12/28.log	200
2017-02-20 16:30:15	http://5dapps.com/debi/result/submitAdvanced/%23sensor%20from%20%40bahanafmjkt/all/2016/12/29.log	200
2017-02-20 16:30:15	http://5dapps.com/debi/result/submitAdvanced/%23sensor%20from%20%40bahanafmjkt/all/2016/12/30.log	200
2017-02-20 16:30:15	http://5dapps.com/debi/result/submitAdvanced/%23sensor%20from%20%40bahanafmjkt/all/2016/12/31.log	200
