2017-07-14 20:05:43	http://5dapps.com/debi/result/submitSocial/%40987genfm/all/2017/07/07.log	200
2017-07-14 20:05:43	http://5dapps.com/debi/result/submitSocial/%40987genfm/all/2017/07/08.log	200
2017-07-14 20:05:43	http://5dapps.com/debi/result/submitSocial/%40987genfm/all/2017/07/09.log	200
2017-07-14 20:05:43	http://5dapps.com/debi/result/submitSocial/%40987genfm/all/2017/07/10.log	200
2017-07-14 20:05:43	http://5dapps.com/debi/result/submitSocial/%40987genfm/all/2017/07/11.log	200
2017-07-14 20:05:43	http://5dapps.com/debi/result/submitSocial/%40987genfm/all/2017/07/12.log	200
2017-07-14 20:05:43	http://5dapps.com/debi/result/submitSocial/%40987genfm/all/2017/07/13.log	200
2017-07-14 20:05:46	http://5dapps.com/debi/result/submitSocial/%40101jakfm/all/2017/07/07.log	200
2017-07-14 20:05:46	http://5dapps.com/debi/result/submitSocial/%40101jakfm/all/2017/07/08.log	200
2017-07-14 20:05:46	http://5dapps.com/debi/result/submitSocial/%40101jakfm/all/2017/07/09.log	200
2017-07-14 20:05:46	http://5dapps.com/debi/result/submitSocial/%40101jakfm/all/2017/07/10.log	200
2017-07-14 20:05:46	http://5dapps.com/debi/result/submitSocial/%40101jakfm/all/2017/07/11.log	200
2017-07-14 20:05:46	http://5dapps.com/debi/result/submitSocial/%40101jakfm/all/2017/07/12.log	200
2017-07-14 20:05:46	http://5dapps.com/debi/result/submitSocial/%40101jakfm/all/2017/07/13.log	200
2017-07-14 20:18:35	http://5dapps.com/debi/result/submitOthers/%40agoda/all/2017/07/07.log	200
2017-07-14 20:18:35	http://5dapps.com/debi/result/submitOthers/%40agoda/all/2017/07/08.log	200
2017-07-14 20:18:35	http://5dapps.com/debi/result/submitOthers/%40agoda/all/2017/07/09.log	200
2017-07-14 20:18:35	http://5dapps.com/debi/result/submitOthers/%40agoda/all/2017/07/10.log	200
2017-07-14 20:18:35	http://5dapps.com/debi/result/submitOthers/%40agoda/all/2017/07/11.log	200
2017-07-14 20:18:35	http://5dapps.com/debi/result/submitOthers/%40agoda/all/2017/07/12.log	200
2017-07-14 20:18:35	http://5dapps.com/debi/result/submitOthers/%40agoda/all/2017/07/13.log	200
2017-07-14 20:18:50	http://5dapps.com/debi/result/submitOthers/%40telkomsel/all/2017/07/07.log	200
2017-07-14 20:18:50	http://5dapps.com/debi/result/submitOthers/%40telkomsel/all/2017/07/08.log	200
2017-07-14 20:18:50	http://5dapps.com/debi/result/submitOthers/%40telkomsel/all/2017/07/09.log	200
2017-07-14 20:18:50	http://5dapps.com/debi/result/submitOthers/%40telkomsel/all/2017/07/10.log	200
2017-07-14 20:18:50	http://5dapps.com/debi/result/submitOthers/%40telkomsel/all/2017/07/11.log	200
2017-07-14 20:18:51	http://5dapps.com/debi/result/submitOthers/%40telkomsel/all/2017/07/12.log	200
2017-07-14 20:18:51	http://5dapps.com/debi/result/submitOthers/%40telkomsel/all/2017/07/13.log	200
2017-07-14 20:19:06	http://5dapps.com/debi/result/submitOthers/%40bni46/all/2017/07/07.log	200
2017-07-14 20:19:06	http://5dapps.com/debi/result/submitOthers/%40bni46/all/2017/07/08.log	200
2017-07-14 20:19:06	http://5dapps.com/debi/result/submitOthers/%40bni46/all/2017/07/09.log	200
2017-07-14 20:19:06	http://5dapps.com/debi/result/submitOthers/%40bni46/all/2017/07/10.log	200
2017-07-14 20:19:06	http://5dapps.com/debi/result/submitOthers/%40bni46/all/2017/07/11.log	200
2017-07-14 20:19:06	http://5dapps.com/debi/result/submitOthers/%40bni46/all/2017/07/12.log	200
2017-07-14 20:19:06	http://5dapps.com/debi/result/submitOthers/%40bni46/all/2017/07/13.log	200
2017-07-14 20:19:21	http://5dapps.com/debi/result/submitOthers/%40day_trans/all/2017/07/07.log	200
2017-07-14 20:19:21	http://5dapps.com/debi/result/submitOthers/%40day_trans/all/2017/07/08.log	200
2017-07-14 20:19:21	http://5dapps.com/debi/result/submitOthers/%40day_trans/all/2017/07/09.log	200
2017-07-14 20:19:21	http://5dapps.com/debi/result/submitOthers/%40day_trans/all/2017/07/10.log	200
2017-07-14 20:19:21	http://5dapps.com/debi/result/submitOthers/%40day_trans/all/2017/07/11.log	200
2017-07-14 20:19:21	http://5dapps.com/debi/result/submitOthers/%40day_trans/all/2017/07/12.log	200
2017-07-14 20:19:21	http://5dapps.com/debi/result/submitOthers/%40day_trans/all/2017/07/13.log	200
2017-07-14 20:19:34	http://5dapps.com/debi/result/submitOthers/%40jukebox5d/all/2017/07/07.log	200
2017-07-14 20:19:34	http://5dapps.com/debi/result/submitOthers/%40jukebox5d/all/2017/07/08.log	200
2017-07-14 20:19:34	http://5dapps.com/debi/result/submitOthers/%40jukebox5d/all/2017/07/09.log	200
2017-07-14 20:19:34	http://5dapps.com/debi/result/submitOthers/%40jukebox5d/all/2017/07/10.log	200
2017-07-14 20:19:34	http://5dapps.com/debi/result/submitOthers/%40jukebox5d/all/2017/07/11.log	200
2017-07-14 20:19:34	http://5dapps.com/debi/result/submitOthers/%40jukebox5d/all/2017/07/12.log	200
2017-07-14 20:19:34	http://5dapps.com/debi/result/submitOthers/%40jukebox5d/all/2017/07/13.log	200
2017-07-14 20:19:49	http://5dapps.com/debi/result/submitOthers/%40agoda/all/2017/07/07.log	200
2017-07-14 20:19:49	http://5dapps.com/debi/result/submitOthers/%40agoda/all/2017/07/08.log	200
2017-07-14 20:19:49	http://5dapps.com/debi/result/submitOthers/%40agoda/all/2017/07/09.log	200
2017-07-14 20:19:49	http://5dapps.com/debi/result/submitOthers/%40agoda/all/2017/07/10.log	200
2017-07-14 20:19:49	http://5dapps.com/debi/result/submitOthers/%40agoda/all/2017/07/11.log	200
2017-07-14 20:19:49	http://5dapps.com/debi/result/submitOthers/%40agoda/all/2017/07/12.log	200
2017-07-14 20:19:49	http://5dapps.com/debi/result/submitOthers/%40agoda/all/2017/07/13.log	200
2017-07-14 20:20:04	http://5dapps.com/debi/result/submitOthers/%40telkomsel/all/2017/07/07.log	200
2017-07-14 20:20:04	http://5dapps.com/debi/result/submitOthers/%40telkomsel/all/2017/07/08.log	200
2017-07-14 20:20:04	http://5dapps.com/debi/result/submitOthers/%40telkomsel/all/2017/07/09.log	200
2017-07-14 20:20:04	http://5dapps.com/debi/result/submitOthers/%40telkomsel/all/2017/07/10.log	200
2017-07-14 20:20:04	http://5dapps.com/debi/result/submitOthers/%40telkomsel/all/2017/07/11.log	200
2017-07-14 20:20:04	http://5dapps.com/debi/result/submitOthers/%40telkomsel/all/2017/07/12.log	200
2017-07-14 20:20:04	http://5dapps.com/debi/result/submitOthers/%40telkomsel/all/2017/07/13.log	200
2017-07-14 20:20:19	http://5dapps.com/debi/result/submitOthers/%40bni46/all/2017/07/07.log	200
2017-07-14 20:20:19	http://5dapps.com/debi/result/submitOthers/%40bni46/all/2017/07/08.log	200
2017-07-14 20:20:19	http://5dapps.com/debi/result/submitOthers/%40bni46/all/2017/07/09.log	200
2017-07-14 20:20:19	http://5dapps.com/debi/result/submitOthers/%40bni46/all/2017/07/10.log	200
2017-07-14 20:20:19	http://5dapps.com/debi/result/submitOthers/%40bni46/all/2017/07/11.log	200
2017-07-14 20:20:19	http://5dapps.com/debi/result/submitOthers/%40bni46/all/2017/07/12.log	200
2017-07-14 20:20:19	http://5dapps.com/debi/result/submitOthers/%40bni46/all/2017/07/13.log	200
2017-07-14 20:20:32	http://5dapps.com/debi/result/submitOthers/%40day_trans/all/2017/07/07.log	200
2017-07-14 20:20:32	http://5dapps.com/debi/result/submitOthers/%40day_trans/all/2017/07/08.log	200
2017-07-14 20:20:32	http://5dapps.com/debi/result/submitOthers/%40day_trans/all/2017/07/09.log	200
2017-07-14 20:20:32	http://5dapps.com/debi/result/submitOthers/%40day_trans/all/2017/07/10.log	200
2017-07-14 20:20:32	http://5dapps.com/debi/result/submitOthers/%40day_trans/all/2017/07/11.log	200
2017-07-14 20:20:32	http://5dapps.com/debi/result/submitOthers/%40day_trans/all/2017/07/12.log	200
2017-07-14 20:20:32	http://5dapps.com/debi/result/submitOthers/%40day_trans/all/2017/07/13.log	200
2017-07-14 20:20:45	http://5dapps.com/debi/result/submitOthers/%40jukebox5d/all/2017/07/07.log	200
2017-07-14 20:20:45	http://5dapps.com/debi/result/submitOthers/%40jukebox5d/all/2017/07/08.log	200
2017-07-14 20:20:45	http://5dapps.com/debi/result/submitOthers/%40jukebox5d/all/2017/07/09.log	200
2017-07-14 20:20:45	http://5dapps.com/debi/result/submitOthers/%40jukebox5d/all/2017/07/10.log	200
2017-07-14 20:20:45	http://5dapps.com/debi/result/submitOthers/%40jukebox5d/all/2017/07/11.log	200
2017-07-14 20:20:45	http://5dapps.com/debi/result/submitOthers/%40jukebox5d/all/2017/07/12.log	200
2017-07-14 20:20:45	http://5dapps.com/debi/result/submitOthers/%40jukebox5d/all/2017/07/13.log	200
2017-07-14 20:23:02	http://5dapps.com/debi/result/submitSocial/%40telkomsel/all/2017/07/07.log	200
2017-07-14 20:23:02	http://5dapps.com/debi/result/submitSocial/%40telkomsel/all/2017/07/08.log	200
2017-07-14 20:23:02	http://5dapps.com/debi/result/submitSocial/%40telkomsel/all/2017/07/09.log	200
2017-07-14 20:23:02	http://5dapps.com/debi/result/submitSocial/%40telkomsel/all/2017/07/10.log	200
2017-07-14 20:23:02	http://5dapps.com/debi/result/submitSocial/%40telkomsel/all/2017/07/11.log	200
2017-07-14 20:23:02	http://5dapps.com/debi/result/submitSocial/%40telkomsel/all/2017/07/12.log	200
2017-07-14 20:23:02	http://5dapps.com/debi/result/submitSocial/%40telkomsel/all/2017/07/13.log	200
2017-07-14 20:28:05	http://5dapps.com/debi/result/submitOthers/%40telkomsel/all/2017/07/07.log	200
2017-07-14 20:28:05	http://5dapps.com/debi/result/submitOthers/%40telkomsel/all/2017/07/08.log	200
2017-07-14 20:28:05	http://5dapps.com/debi/result/submitOthers/%40telkomsel/all/2017/07/09.log	200
2017-07-14 20:28:05	http://5dapps.com/debi/result/submitOthers/%40telkomsel/all/2017/07/10.log	200
2017-07-14 20:28:05	http://5dapps.com/debi/result/submitOthers/%40telkomsel/all/2017/07/11.log	200
2017-07-14 20:28:05	http://5dapps.com/debi/result/submitOthers/%40telkomsel/all/2017/07/12.log	200
2017-07-14 20:28:05	http://5dapps.com/debi/result/submitOthers/%40telkomsel/all/2017/07/13.log	200
2017-07-14 20:28:08	http://5dapps.com/debi/result/submitOthers/%40telkomsel/all/2017/07/07.log	200
2017-07-14 20:28:08	http://5dapps.com/debi/result/submitOthers/%40telkomsel/all/2017/07/08.log	200
2017-07-14 20:28:08	http://5dapps.com/debi/result/submitOthers/%40telkomsel/all/2017/07/09.log	200
2017-07-14 20:28:08	http://5dapps.com/debi/result/submitOthers/%40telkomsel/all/2017/07/10.log	200
2017-07-14 20:28:08	http://5dapps.com/debi/result/submitOthers/%40telkomsel/all/2017/07/11.log	200
2017-07-14 20:28:08	http://5dapps.com/debi/result/submitOthers/%40telkomsel/all/2017/07/12.log	200
2017-07-14 20:28:08	http://5dapps.com/debi/result/submitOthers/%40telkomsel/all/2017/07/13.log	200
2017-07-14 20:28:11	http://5dapps.com/debi/result/submitOthers/%40telkomsel/all/2017/07/07.log	200
2017-07-14 20:28:11	http://5dapps.com/debi/result/submitOthers/%40telkomsel/all/2017/07/08.log	200
2017-07-14 20:28:11	http://5dapps.com/debi/result/submitOthers/%40telkomsel/all/2017/07/09.log	200
2017-07-14 20:28:11	http://5dapps.com/debi/result/submitOthers/%40telkomsel/all/2017/07/10.log	200
2017-07-14 20:28:11	http://5dapps.com/debi/result/submitOthers/%40telkomsel/all/2017/07/11.log	200
2017-07-14 20:28:11	http://5dapps.com/debi/result/submitOthers/%40telkomsel/all/2017/07/12.log	200
2017-07-14 20:28:11	http://5dapps.com/debi/result/submitOthers/%40telkomsel/all/2017/07/13.log	200
2017-07-14 20:28:18	http://5dapps.com/debi/result/submitOthers/%40telkomsel/all/2017/07/07.log	200
2017-07-14 20:28:18	http://5dapps.com/debi/result/submitOthers/%40telkomsel/all/2017/07/08.log	200
2017-07-14 20:28:18	http://5dapps.com/debi/result/submitOthers/%40telkomsel/all/2017/07/09.log	200
2017-07-14 20:28:18	http://5dapps.com/debi/result/submitOthers/%40telkomsel/all/2017/07/10.log	200
2017-07-14 20:28:18	http://5dapps.com/debi/result/submitOthers/%40telkomsel/all/2017/07/11.log	200
2017-07-14 20:28:18	http://5dapps.com/debi/result/submitOthers/%40telkomsel/all/2017/07/12.log	200
2017-07-14 20:28:18	http://5dapps.com/debi/result/submitOthers/%40telkomsel/all/2017/07/13.log	200
2017-07-14 20:28:21	http://5dapps.com/debi/result/submitOthers/%40wego/all/2017/07/07.log	200
2017-07-14 20:28:21	http://5dapps.com/debi/result/submitOthers/%40wego/all/2017/07/08.log	200
2017-07-14 20:28:21	http://5dapps.com/debi/result/submitOthers/%40wego/all/2017/07/09.log	200
2017-07-14 20:28:21	http://5dapps.com/debi/result/submitOthers/%40wego/all/2017/07/10.log	200
2017-07-14 20:28:21	http://5dapps.com/debi/result/submitOthers/%40wego/all/2017/07/11.log	200
2017-07-14 20:28:21	http://5dapps.com/debi/result/submitOthers/%40wego/all/2017/07/12.log	200
2017-07-14 20:28:21	http://5dapps.com/debi/result/submitOthers/%40wego/all/2017/07/13.log	200
2017-07-14 20:28:22	http://5dapps.com/debi/result/submitOthers/%40wego/all/2017/07/07.log	200
2017-07-14 20:28:22	http://5dapps.com/debi/result/submitOthers/%40wego/all/2017/07/08.log	200
2017-07-14 20:28:22	http://5dapps.com/debi/result/submitOthers/%40wego/all/2017/07/09.log	200
2017-07-14 20:28:22	http://5dapps.com/debi/result/submitOthers/%40wego/all/2017/07/10.log	200
2017-07-14 20:28:22	http://5dapps.com/debi/result/submitOthers/%40wego/all/2017/07/11.log	200
2017-07-14 20:28:22	http://5dapps.com/debi/result/submitOthers/%40wego/all/2017/07/12.log	200
2017-07-14 20:28:22	http://5dapps.com/debi/result/submitOthers/%40wego/all/2017/07/13.log	200
2017-07-14 20:28:23	http://5dapps.com/debi/result/submitOthers/%40telkomsel/all/2017/07/07.log	200
2017-07-14 20:28:23	http://5dapps.com/debi/result/submitOthers/%40telkomsel/all/2017/07/08.log	200
2017-07-14 20:28:23	http://5dapps.com/debi/result/submitOthers/%40telkomsel/all/2017/07/09.log	200
2017-07-14 20:28:23	http://5dapps.com/debi/result/submitOthers/%40telkomsel/all/2017/07/10.log	200
2017-07-14 20:28:23	http://5dapps.com/debi/result/submitOthers/%40telkomsel/all/2017/07/11.log	200
2017-07-14 20:28:23	http://5dapps.com/debi/result/submitOthers/%40telkomsel/all/2017/07/12.log	200
2017-07-14 20:28:23	http://5dapps.com/debi/result/submitOthers/%40telkomsel/all/2017/07/13.log	200
2017-07-14 20:28:34	http://5dapps.com/debi/result/submitOthers/%40tripadvisor/all/2017/07/07.log	200
2017-07-14 20:28:34	http://5dapps.com/debi/result/submitOthers/%40tripadvisor/all/2017/07/08.log	200
2017-07-14 20:28:34	http://5dapps.com/debi/result/submitOthers/%40tripadvisor/all/2017/07/09.log	200
2017-07-14 20:28:34	http://5dapps.com/debi/result/submitOthers/%40tripadvisor/all/2017/07/10.log	200
2017-07-14 20:28:34	http://5dapps.com/debi/result/submitOthers/%40tripadvisor/all/2017/07/11.log	200
2017-07-14 20:28:34	http://5dapps.com/debi/result/submitOthers/%40tripadvisor/all/2017/07/12.log	200
2017-07-14 20:28:34	http://5dapps.com/debi/result/submitOthers/%40tripadvisor/all/2017/07/13.log	200
2017-07-14 20:28:51	http://5dapps.com/debi/result/submitOthers/%40wego/all/2017/07/07.log	200
2017-07-14 20:28:51	http://5dapps.com/debi/result/submitOthers/%40wego/all/2017/07/08.log	200
2017-07-14 20:28:51	http://5dapps.com/debi/result/submitOthers/%40wego/all/2017/07/09.log	200
2017-07-14 20:28:51	http://5dapps.com/debi/result/submitOthers/%40wego/all/2017/07/10.log	200
2017-07-14 20:28:51	http://5dapps.com/debi/result/submitOthers/%40wego/all/2017/07/11.log	200
2017-07-14 20:28:51	http://5dapps.com/debi/result/submitOthers/%40wego/all/2017/07/12.log	200
2017-07-14 20:28:51	http://5dapps.com/debi/result/submitOthers/%40wego/all/2017/07/13.log	200
2017-07-14 20:29:06	http://5dapps.com/debi/result/submitOthers/%40tripadvisor/all/2017/07/07.log	200
2017-07-14 20:29:06	http://5dapps.com/debi/result/submitOthers/%40tripadvisor/all/2017/07/08.log	200
2017-07-14 20:29:06	http://5dapps.com/debi/result/submitOthers/%40tripadvisor/all/2017/07/09.log	200
2017-07-14 20:29:06	http://5dapps.com/debi/result/submitOthers/%40tripadvisor/all/2017/07/10.log	200
2017-07-14 20:29:06	http://5dapps.com/debi/result/submitOthers/%40tripadvisor/all/2017/07/11.log	200
2017-07-14 20:29:06	http://5dapps.com/debi/result/submitOthers/%40tripadvisor/all/2017/07/12.log	200
2017-07-14 20:29:06	http://5dapps.com/debi/result/submitOthers/%40tripadvisor/all/2017/07/13.log	200
2017-07-14 20:29:21	http://5dapps.com/debi/result/submitOthers/%40tripadvisor/all/2017/07/07.log	200
2017-07-14 20:29:21	http://5dapps.com/debi/result/submitOthers/%40tripadvisor/all/2017/07/08.log	200
2017-07-14 20:29:21	http://5dapps.com/debi/result/submitOthers/%40tripadvisor/all/2017/07/09.log	200
2017-07-14 20:29:21	http://5dapps.com/debi/result/submitOthers/%40tripadvisor/all/2017/07/10.log	200
2017-07-14 20:29:21	http://5dapps.com/debi/result/submitOthers/%40tripadvisor/all/2017/07/11.log	200
2017-07-14 20:29:21	http://5dapps.com/debi/result/submitOthers/%40tripadvisor/all/2017/07/12.log	200
2017-07-14 20:29:21	http://5dapps.com/debi/result/submitOthers/%40tripadvisor/all/2017/07/13.log	200
2017-07-14 20:29:35	http://5dapps.com/debi/result/submitOthers/%40jakartavenue/all/2017/07/07.log	200
2017-07-14 20:29:35	http://5dapps.com/debi/result/submitOthers/%40jakartavenue/all/2017/07/08.log	200
2017-07-14 20:29:35	http://5dapps.com/debi/result/submitOthers/%40jakartavenue/all/2017/07/09.log	200
2017-07-14 20:29:35	http://5dapps.com/debi/result/submitOthers/%40jakartavenue/all/2017/07/10.log	200
2017-07-14 20:29:35	http://5dapps.com/debi/result/submitOthers/%40jakartavenue/all/2017/07/11.log	200
2017-07-14 20:29:35	http://5dapps.com/debi/result/submitOthers/%40jakartavenue/all/2017/07/12.log	200
2017-07-14 20:29:35	http://5dapps.com/debi/result/submitOthers/%40jakartavenue/all/2017/07/13.log	200
2017-07-14 20:29:48	http://5dapps.com/debi/result/submitOthers/%40synergism_en/all/2017/07/07.log	200
2017-07-14 20:29:48	http://5dapps.com/debi/result/submitOthers/%40synergism_en/all/2017/07/08.log	200
2017-07-14 20:29:48	http://5dapps.com/debi/result/submitOthers/%40synergism_en/all/2017/07/09.log	200
2017-07-14 20:29:48	http://5dapps.com/debi/result/submitOthers/%40synergism_en/all/2017/07/10.log	200
2017-07-14 20:29:48	http://5dapps.com/debi/result/submitOthers/%40synergism_en/all/2017/07/11.log	200
2017-07-14 20:29:48	http://5dapps.com/debi/result/submitOthers/%40synergism_en/all/2017/07/12.log	200
2017-07-14 20:29:48	http://5dapps.com/debi/result/submitOthers/%40synergism_en/all/2017/07/13.log	200
2017-07-14 20:30:01	http://5dapps.com/debi/result/submitOthers/%40airasiaid/all/2017/07/07.log	200
2017-07-14 20:30:01	http://5dapps.com/debi/result/submitOthers/%40airasiaid/all/2017/07/08.log	200
2017-07-14 20:30:01	http://5dapps.com/debi/result/submitOthers/%40airasiaid/all/2017/07/09.log	200
2017-07-14 20:30:01	http://5dapps.com/debi/result/submitOthers/%40airasiaid/all/2017/07/10.log	200
2017-07-14 20:30:01	http://5dapps.com/debi/result/submitOthers/%40airasiaid/all/2017/07/11.log	200
2017-07-14 20:30:01	http://5dapps.com/debi/result/submitOthers/%40airasiaid/all/2017/07/12.log	200
2017-07-14 20:30:01	http://5dapps.com/debi/result/submitOthers/%40airasiaid/all/2017/07/13.log	200
2017-07-14 20:30:04	http://5dapps.com/debi/result/submitOthers/%40telkomsel/all/2017/07/07.log	200
2017-07-14 20:30:04	http://5dapps.com/debi/result/submitOthers/%40telkomsel/all/2017/07/08.log	200
2017-07-14 20:30:04	http://5dapps.com/debi/result/submitOthers/%40telkomsel/all/2017/07/09.log	200
2017-07-14 20:30:04	http://5dapps.com/debi/result/submitOthers/%40telkomsel/all/2017/07/10.log	200
2017-07-14 20:30:04	http://5dapps.com/debi/result/submitOthers/%40telkomsel/all/2017/07/11.log	200
2017-07-14 20:30:04	http://5dapps.com/debi/result/submitOthers/%40telkomsel/all/2017/07/12.log	200
2017-07-14 20:30:04	http://5dapps.com/debi/result/submitOthers/%40telkomsel/all/2017/07/13.log	200
2017-07-14 20:30:05	http://5dapps.com/debi/result/submitOthers/%40jakartavenue/all/2017/07/07.log	200
2017-07-14 20:30:05	http://5dapps.com/debi/result/submitOthers/%40jakartavenue/all/2017/07/08.log	200
2017-07-14 20:30:05	http://5dapps.com/debi/result/submitOthers/%40jakartavenue/all/2017/07/09.log	200
2017-07-14 20:30:05	http://5dapps.com/debi/result/submitOthers/%40jakartavenue/all/2017/07/10.log	200
2017-07-14 20:30:05	http://5dapps.com/debi/result/submitOthers/%40jakartavenue/all/2017/07/11.log	200
2017-07-14 20:30:05	http://5dapps.com/debi/result/submitOthers/%40jakartavenue/all/2017/07/12.log	200
2017-07-14 20:30:05	http://5dapps.com/debi/result/submitOthers/%40jakartavenue/all/2017/07/13.log	200
2017-07-14 20:30:06	http://5dapps.com/debi/result/submitOthers/%40synergism_en/all/2017/07/07.log	200
2017-07-14 20:30:06	http://5dapps.com/debi/result/submitOthers/%40synergism_en/all/2017/07/08.log	200
2017-07-14 20:30:06	http://5dapps.com/debi/result/submitOthers/%40synergism_en/all/2017/07/09.log	200
2017-07-14 20:30:06	http://5dapps.com/debi/result/submitOthers/%40synergism_en/all/2017/07/10.log	200
2017-07-14 20:30:06	http://5dapps.com/debi/result/submitOthers/%40synergism_en/all/2017/07/11.log	200
2017-07-14 20:30:06	http://5dapps.com/debi/result/submitOthers/%40synergism_en/all/2017/07/12.log	200
2017-07-14 20:30:06	http://5dapps.com/debi/result/submitOthers/%40synergism_en/all/2017/07/13.log	200
2017-07-14 20:30:07	http://5dapps.com/debi/result/submitOthers/%40airasiaid/all/2017/07/07.log	200
2017-07-14 20:30:07	http://5dapps.com/debi/result/submitOthers/%40airasiaid/all/2017/07/08.log	200
2017-07-14 20:30:07	http://5dapps.com/debi/result/submitOthers/%40airasiaid/all/2017/07/09.log	200
2017-07-14 20:30:07	http://5dapps.com/debi/result/submitOthers/%40airasiaid/all/2017/07/10.log	200
2017-07-14 20:30:07	http://5dapps.com/debi/result/submitOthers/%40airasiaid/all/2017/07/11.log	200
2017-07-14 20:30:07	http://5dapps.com/debi/result/submitOthers/%40airasiaid/all/2017/07/12.log	200
2017-07-14 20:30:07	http://5dapps.com/debi/result/submitOthers/%40airasiaid/all/2017/07/13.log	200
2017-07-14 20:30:10	http://5dapps.com/debi/result/submitOthers/%40telkomsel/all/2017/07/07.log	200
2017-07-14 20:30:10	http://5dapps.com/debi/result/submitOthers/%40telkomsel/all/2017/07/08.log	200
2017-07-14 20:30:10	http://5dapps.com/debi/result/submitOthers/%40telkomsel/all/2017/07/09.log	200
2017-07-14 20:30:10	http://5dapps.com/debi/result/submitOthers/%40telkomsel/all/2017/07/10.log	200
2017-07-14 20:30:10	http://5dapps.com/debi/result/submitOthers/%40telkomsel/all/2017/07/11.log	200
2017-07-14 20:30:10	http://5dapps.com/debi/result/submitOthers/%40telkomsel/all/2017/07/12.log	200
2017-07-14 20:30:10	http://5dapps.com/debi/result/submitOthers/%40telkomsel/all/2017/07/13.log	200
2017-07-14 20:30:11	http://5dapps.com/debi/result/submitOthers/%40jakartavenue/all/2017/07/07.log	200
2017-07-14 20:30:11	http://5dapps.com/debi/result/submitOthers/%40jakartavenue/all/2017/07/08.log	200
2017-07-14 20:30:11	http://5dapps.com/debi/result/submitOthers/%40jakartavenue/all/2017/07/09.log	200
2017-07-14 20:30:11	http://5dapps.com/debi/result/submitOthers/%40jakartavenue/all/2017/07/10.log	200
2017-07-14 20:30:11	http://5dapps.com/debi/result/submitOthers/%40jakartavenue/all/2017/07/11.log	200
2017-07-14 20:30:11	http://5dapps.com/debi/result/submitOthers/%40jakartavenue/all/2017/07/12.log	200
2017-07-14 20:30:11	http://5dapps.com/debi/result/submitOthers/%40jakartavenue/all/2017/07/13.log	200
2017-07-14 20:30:12	http://5dapps.com/debi/result/submitOthers/%40synergism_en/all/2017/07/07.log	200
2017-07-14 20:30:12	http://5dapps.com/debi/result/submitOthers/%40synergism_en/all/2017/07/08.log	200
2017-07-14 20:30:12	http://5dapps.com/debi/result/submitOthers/%40synergism_en/all/2017/07/09.log	200
2017-07-14 20:30:12	http://5dapps.com/debi/result/submitOthers/%40synergism_en/all/2017/07/10.log	200
2017-07-14 20:30:12	http://5dapps.com/debi/result/submitOthers/%40synergism_en/all/2017/07/11.log	200
2017-07-14 20:30:12	http://5dapps.com/debi/result/submitOthers/%40synergism_en/all/2017/07/12.log	200
2017-07-14 20:30:12	http://5dapps.com/debi/result/submitOthers/%40synergism_en/all/2017/07/13.log	200
2017-07-14 20:30:13	http://5dapps.com/debi/result/submitOthers/%40airasiaid/all/2017/07/07.log	200
2017-07-14 20:30:13	http://5dapps.com/debi/result/submitOthers/%40airasiaid/all/2017/07/08.log	200
2017-07-14 20:30:13	http://5dapps.com/debi/result/submitOthers/%40airasiaid/all/2017/07/09.log	200
2017-07-14 20:30:13	http://5dapps.com/debi/result/submitOthers/%40airasiaid/all/2017/07/10.log	200
2017-07-14 20:30:13	http://5dapps.com/debi/result/submitOthers/%40airasiaid/all/2017/07/11.log	200
2017-07-14 20:30:13	http://5dapps.com/debi/result/submitOthers/%40airasiaid/all/2017/07/12.log	200
2017-07-14 20:30:13	http://5dapps.com/debi/result/submitOthers/%40airasiaid/all/2017/07/13.log	200
2017-07-14 20:30:18	http://5dapps.com/debi/result/submitOthers/%40debabaz/all/2017/07/07.log	200
2017-07-14 20:30:18	http://5dapps.com/debi/result/submitOthers/%40debabaz/all/2017/07/08.log	200
2017-07-14 20:30:18	http://5dapps.com/debi/result/submitOthers/%40debabaz/all/2017/07/09.log	200
2017-07-14 20:30:18	http://5dapps.com/debi/result/submitOthers/%40debabaz/all/2017/07/10.log	200
2017-07-14 20:30:18	http://5dapps.com/debi/result/submitOthers/%40debabaz/all/2017/07/11.log	200
2017-07-14 20:30:18	http://5dapps.com/debi/result/submitOthers/%40debabaz/all/2017/07/12.log	200
2017-07-14 20:30:18	http://5dapps.com/debi/result/submitOthers/%40debabaz/all/2017/07/13.log	200
2017-07-14 20:30:23	http://5dapps.com/debi/result/submitOthers/%40telkomsel/all/2017/07/07.log	200
2017-07-14 20:30:23	http://5dapps.com/debi/result/submitOthers/%40telkomsel/all/2017/07/08.log	200
2017-07-14 20:30:23	http://5dapps.com/debi/result/submitOthers/%40telkomsel/all/2017/07/09.log	200
2017-07-14 20:30:23	http://5dapps.com/debi/result/submitOthers/%40telkomsel/all/2017/07/10.log	200
2017-07-14 20:30:23	http://5dapps.com/debi/result/submitOthers/%40telkomsel/all/2017/07/11.log	200
2017-07-14 20:30:23	http://5dapps.com/debi/result/submitOthers/%40telkomsel/all/2017/07/12.log	200
2017-07-14 20:30:23	http://5dapps.com/debi/result/submitOthers/%40telkomsel/all/2017/07/13.log	200
2017-07-14 20:30:24	http://5dapps.com/debi/result/submitOthers/%40jakartavenue/all/2017/07/07.log	200
2017-07-14 20:30:24	http://5dapps.com/debi/result/submitOthers/%40jakartavenue/all/2017/07/08.log	200
2017-07-14 20:30:24	http://5dapps.com/debi/result/submitOthers/%40jakartavenue/all/2017/07/09.log	200
2017-07-14 20:30:24	http://5dapps.com/debi/result/submitOthers/%40jakartavenue/all/2017/07/10.log	200
2017-07-14 20:30:24	http://5dapps.com/debi/result/submitOthers/%40jakartavenue/all/2017/07/11.log	200
2017-07-14 20:30:24	http://5dapps.com/debi/result/submitOthers/%40jakartavenue/all/2017/07/12.log	200
2017-07-14 20:30:24	http://5dapps.com/debi/result/submitOthers/%40jakartavenue/all/2017/07/13.log	200
2017-07-14 20:30:25	http://5dapps.com/debi/result/submitOthers/%40synergism_en/all/2017/07/07.log	200
2017-07-14 20:30:25	http://5dapps.com/debi/result/submitOthers/%40synergism_en/all/2017/07/08.log	200
2017-07-14 20:30:25	http://5dapps.com/debi/result/submitOthers/%40synergism_en/all/2017/07/09.log	200
2017-07-14 20:30:25	http://5dapps.com/debi/result/submitOthers/%40synergism_en/all/2017/07/10.log	200
2017-07-14 20:30:25	http://5dapps.com/debi/result/submitOthers/%40synergism_en/all/2017/07/11.log	200
2017-07-14 20:30:25	http://5dapps.com/debi/result/submitOthers/%40synergism_en/all/2017/07/12.log	200
2017-07-14 20:30:25	http://5dapps.com/debi/result/submitOthers/%40synergism_en/all/2017/07/13.log	200
2017-07-14 20:30:26	http://5dapps.com/debi/result/submitOthers/%40airasiaid/all/2017/07/07.log	200
2017-07-14 20:30:26	http://5dapps.com/debi/result/submitOthers/%40airasiaid/all/2017/07/08.log	200
2017-07-14 20:30:26	http://5dapps.com/debi/result/submitOthers/%40airasiaid/all/2017/07/09.log	200
2017-07-14 20:30:26	http://5dapps.com/debi/result/submitOthers/%40airasiaid/all/2017/07/10.log	200
2017-07-14 20:30:26	http://5dapps.com/debi/result/submitOthers/%40airasiaid/all/2017/07/11.log	200
2017-07-14 20:30:26	http://5dapps.com/debi/result/submitOthers/%40airasiaid/all/2017/07/12.log	200
2017-07-14 20:30:26	http://5dapps.com/debi/result/submitOthers/%40airasiaid/all/2017/07/13.log	200
2017-07-14 20:30:27	http://5dapps.com/debi/result/submitOthers/%40telkomsel/all/2017/07/07.log	200
2017-07-14 20:30:27	http://5dapps.com/debi/result/submitOthers/%40telkomsel/all/2017/07/08.log	200
2017-07-14 20:30:27	http://5dapps.com/debi/result/submitOthers/%40telkomsel/all/2017/07/09.log	200
2017-07-14 20:30:27	http://5dapps.com/debi/result/submitOthers/%40telkomsel/all/2017/07/10.log	200
2017-07-14 20:30:27	http://5dapps.com/debi/result/submitOthers/%40telkomsel/all/2017/07/11.log	200
2017-07-14 20:30:27	http://5dapps.com/debi/result/submitOthers/%40telkomsel/all/2017/07/12.log	200
2017-07-14 20:30:27	http://5dapps.com/debi/result/submitOthers/%40telkomsel/all/2017/07/13.log	200
2017-07-14 20:30:28	http://5dapps.com/debi/result/submitOthers/%40jakartavenue/all/2017/07/07.log	200
2017-07-14 20:30:28	http://5dapps.com/debi/result/submitOthers/%40jakartavenue/all/2017/07/08.log	200
2017-07-14 20:30:28	http://5dapps.com/debi/result/submitOthers/%40jakartavenue/all/2017/07/09.log	200
2017-07-14 20:30:28	http://5dapps.com/debi/result/submitOthers/%40jakartavenue/all/2017/07/10.log	200
2017-07-14 20:30:28	http://5dapps.com/debi/result/submitOthers/%40jakartavenue/all/2017/07/11.log	200
2017-07-14 20:30:28	http://5dapps.com/debi/result/submitOthers/%40jakartavenue/all/2017/07/12.log	200
2017-07-14 20:30:28	http://5dapps.com/debi/result/submitOthers/%40jakartavenue/all/2017/07/13.log	200
2017-07-14 20:30:29	http://5dapps.com/debi/result/submitOthers/%40synergism_en/all/2017/07/07.log	200
2017-07-14 20:30:29	http://5dapps.com/debi/result/submitOthers/%40synergism_en/all/2017/07/08.log	200
2017-07-14 20:30:29	http://5dapps.com/debi/result/submitOthers/%40synergism_en/all/2017/07/09.log	200
2017-07-14 20:30:29	http://5dapps.com/debi/result/submitOthers/%40synergism_en/all/2017/07/10.log	200
2017-07-14 20:30:29	http://5dapps.com/debi/result/submitOthers/%40synergism_en/all/2017/07/11.log	200
2017-07-14 20:30:29	http://5dapps.com/debi/result/submitOthers/%40synergism_en/all/2017/07/12.log	200
2017-07-14 20:30:29	http://5dapps.com/debi/result/submitOthers/%40synergism_en/all/2017/07/13.log	200
2017-07-14 20:30:30	http://5dapps.com/debi/result/submitOthers/%40airasiaid/all/2017/07/07.log	200
2017-07-14 20:30:30	http://5dapps.com/debi/result/submitOthers/%40airasiaid/all/2017/07/08.log	200
2017-07-14 20:30:30	http://5dapps.com/debi/result/submitOthers/%40airasiaid/all/2017/07/09.log	200
2017-07-14 20:30:30	http://5dapps.com/debi/result/submitOthers/%40airasiaid/all/2017/07/10.log	200
2017-07-14 20:30:30	http://5dapps.com/debi/result/submitOthers/%40airasiaid/all/2017/07/11.log	200
2017-07-14 20:30:30	http://5dapps.com/debi/result/submitOthers/%40airasiaid/all/2017/07/12.log	200
2017-07-14 20:30:30	http://5dapps.com/debi/result/submitOthers/%40airasiaid/all/2017/07/13.log	200
2017-07-14 20:30:33	http://5dapps.com/debi/result/submitOthers/%40telkomsel/all/2017/07/07.log	200
2017-07-14 20:30:33	http://5dapps.com/debi/result/submitOthers/%40telkomsel/all/2017/07/08.log	200
2017-07-14 20:30:33	http://5dapps.com/debi/result/submitOthers/%40telkomsel/all/2017/07/09.log	200
2017-07-14 20:30:33	http://5dapps.com/debi/result/submitOthers/%40telkomsel/all/2017/07/10.log	200
2017-07-14 20:30:33	http://5dapps.com/debi/result/submitOthers/%40telkomsel/all/2017/07/11.log	200
2017-07-14 20:30:33	http://5dapps.com/debi/result/submitOthers/%40telkomsel/all/2017/07/12.log	200
2017-07-14 20:30:33	http://5dapps.com/debi/result/submitOthers/%40telkomsel/all/2017/07/13.log	200
2017-07-14 20:30:34	http://5dapps.com/debi/result/submitOthers/%40jakartavenue/all/2017/07/07.log	200
2017-07-14 20:30:34	http://5dapps.com/debi/result/submitOthers/%40jakartavenue/all/2017/07/08.log	200
2017-07-14 20:30:34	http://5dapps.com/debi/result/submitOthers/%40jakartavenue/all/2017/07/09.log	200
2017-07-14 20:30:34	http://5dapps.com/debi/result/submitOthers/%40jakartavenue/all/2017/07/10.log	200
2017-07-14 20:30:34	http://5dapps.com/debi/result/submitOthers/%40jakartavenue/all/2017/07/11.log	200
2017-07-14 20:30:34	http://5dapps.com/debi/result/submitOthers/%40jakartavenue/all/2017/07/12.log	200
2017-07-14 20:30:34	http://5dapps.com/debi/result/submitOthers/%40jakartavenue/all/2017/07/13.log	200
2017-07-14 20:30:35	http://5dapps.com/debi/result/submitOthers/%40synergism_en/all/2017/07/07.log	200
2017-07-14 20:30:35	http://5dapps.com/debi/result/submitOthers/%40synergism_en/all/2017/07/08.log	200
2017-07-14 20:30:35	http://5dapps.com/debi/result/submitOthers/%40synergism_en/all/2017/07/09.log	200
2017-07-14 20:30:35	http://5dapps.com/debi/result/submitOthers/%40synergism_en/all/2017/07/10.log	200
2017-07-14 20:30:35	http://5dapps.com/debi/result/submitOthers/%40synergism_en/all/2017/07/11.log	200
2017-07-14 20:30:35	http://5dapps.com/debi/result/submitOthers/%40synergism_en/all/2017/07/12.log	200
2017-07-14 20:30:35	http://5dapps.com/debi/result/submitOthers/%40synergism_en/all/2017/07/13.log	200
2017-07-14 20:30:36	http://5dapps.com/debi/result/submitOthers/%40airasiaid/all/2017/07/07.log	200
2017-07-14 20:30:36	http://5dapps.com/debi/result/submitOthers/%40airasiaid/all/2017/07/08.log	200
2017-07-14 20:30:36	http://5dapps.com/debi/result/submitOthers/%40airasiaid/all/2017/07/09.log	200
2017-07-14 20:30:36	http://5dapps.com/debi/result/submitOthers/%40airasiaid/all/2017/07/10.log	200
2017-07-14 20:30:36	http://5dapps.com/debi/result/submitOthers/%40airasiaid/all/2017/07/11.log	200
2017-07-14 20:30:36	http://5dapps.com/debi/result/submitOthers/%40airasiaid/all/2017/07/12.log	200
2017-07-14 20:30:36	http://5dapps.com/debi/result/submitOthers/%40airasiaid/all/2017/07/13.log	200
2017-07-14 20:30:37	http://5dapps.com/debi/result/submitOthers/%40jakartavenue/all/2017/07/07.log	200
2017-07-14 20:30:37	http://5dapps.com/debi/result/submitOthers/%40jakartavenue/all/2017/07/08.log	200
2017-07-14 20:30:37	http://5dapps.com/debi/result/submitOthers/%40jakartavenue/all/2017/07/09.log	200
2017-07-14 20:30:37	http://5dapps.com/debi/result/submitOthers/%40jakartavenue/all/2017/07/10.log	200
2017-07-14 20:30:37	http://5dapps.com/debi/result/submitOthers/%40jakartavenue/all/2017/07/11.log	200
2017-07-14 20:30:37	http://5dapps.com/debi/result/submitOthers/%40jakartavenue/all/2017/07/12.log	200
2017-07-14 20:30:37	http://5dapps.com/debi/result/submitOthers/%40jakartavenue/all/2017/07/13.log	200
2017-07-14 20:30:44	http://5dapps.com/debi/result/submitOthers/%40synergism_en/all/2017/07/07.log	200
2017-07-14 20:30:44	http://5dapps.com/debi/result/submitOthers/%40synergism_en/all/2017/07/08.log	200
2017-07-14 20:30:44	http://5dapps.com/debi/result/submitOthers/%40synergism_en/all/2017/07/09.log	200
2017-07-14 20:30:44	http://5dapps.com/debi/result/submitOthers/%40synergism_en/all/2017/07/10.log	200
2017-07-14 20:30:44	http://5dapps.com/debi/result/submitOthers/%40synergism_en/all/2017/07/11.log	200
2017-07-14 20:30:44	http://5dapps.com/debi/result/submitOthers/%40synergism_en/all/2017/07/12.log	200
2017-07-14 20:30:44	http://5dapps.com/debi/result/submitOthers/%40synergism_en/all/2017/07/13.log	200
2017-07-14 20:30:59	http://5dapps.com/debi/result/submitOthers/%40airasiaid/all/2017/07/07.log	200
2017-07-14 20:30:59	http://5dapps.com/debi/result/submitOthers/%40airasiaid/all/2017/07/08.log	200
2017-07-14 20:30:59	http://5dapps.com/debi/result/submitOthers/%40airasiaid/all/2017/07/09.log	200
2017-07-14 20:30:59	http://5dapps.com/debi/result/submitOthers/%40airasiaid/all/2017/07/10.log	200
2017-07-14 20:30:59	http://5dapps.com/debi/result/submitOthers/%40airasiaid/all/2017/07/11.log	200
2017-07-14 20:30:59	http://5dapps.com/debi/result/submitOthers/%40airasiaid/all/2017/07/12.log	200
2017-07-14 20:30:59	http://5dapps.com/debi/result/submitOthers/%40airasiaid/all/2017/07/13.log	200
2017-07-14 20:31:18	http://5dapps.com/debi/result/submitOthers/%40telkomsel/all/2017/07/07.log	200
2017-07-14 20:31:18	http://5dapps.com/debi/result/submitOthers/%40telkomsel/all/2017/07/08.log	200
2017-07-14 20:31:18	http://5dapps.com/debi/result/submitOthers/%40telkomsel/all/2017/07/09.log	200
2017-07-14 20:31:18	http://5dapps.com/debi/result/submitOthers/%40telkomsel/all/2017/07/10.log	200
2017-07-14 20:31:18	http://5dapps.com/debi/result/submitOthers/%40telkomsel/all/2017/07/11.log	200
2017-07-14 20:31:18	http://5dapps.com/debi/result/submitOthers/%40telkomsel/all/2017/07/12.log	200
2017-07-14 20:31:18	http://5dapps.com/debi/result/submitOthers/%40telkomsel/all/2017/07/13.log	200
2017-07-14 20:31:21	http://5dapps.com/debi/result/submitOthers/%40telkomsel/all/2017/07/07.log	200
2017-07-14 20:31:21	http://5dapps.com/debi/result/submitOthers/%40telkomsel/all/2017/07/08.log	200
2017-07-14 20:31:21	http://5dapps.com/debi/result/submitOthers/%40telkomsel/all/2017/07/09.log	200
2017-07-14 20:31:21	http://5dapps.com/debi/result/submitOthers/%40telkomsel/all/2017/07/10.log	200
2017-07-14 20:31:21	http://5dapps.com/debi/result/submitOthers/%40telkomsel/all/2017/07/11.log	200
2017-07-14 20:31:21	http://5dapps.com/debi/result/submitOthers/%40telkomsel/all/2017/07/12.log	200
2017-07-14 20:31:21	http://5dapps.com/debi/result/submitOthers/%40telkomsel/all/2017/07/13.log	200
2017-07-14 20:32:08	http://5dapps.com/debi/result/submitRadio/%40987genfm/all/2017/07/07.log	200
2017-07-14 20:32:08	http://5dapps.com/debi/result/submitRadio/%40987genfm/all/2017/07/08.log	200
2017-07-14 20:32:08	http://5dapps.com/debi/result/submitRadio/%40987genfm/all/2017/07/09.log	200
2017-07-14 20:32:08	http://5dapps.com/debi/result/submitRadio/%40987genfm/all/2017/07/10.log	200
2017-07-14 20:32:08	http://5dapps.com/debi/result/submitRadio/%40987genfm/all/2017/07/11.log	200
2017-07-14 20:32:08	http://5dapps.com/debi/result/submitRadio/%40987genfm/all/2017/07/12.log	200
2017-07-14 20:32:08	http://5dapps.com/debi/result/submitRadio/%40987genfm/all/2017/07/13.log	200
2017-07-14 20:32:21	http://5dapps.com/debi/result/submitRadio/%40prambors/all/2017/07/07.log	200
2017-07-14 20:32:21	http://5dapps.com/debi/result/submitRadio/%40prambors/all/2017/07/08.log	200
2017-07-14 20:32:21	http://5dapps.com/debi/result/submitRadio/%40prambors/all/2017/07/09.log	200
2017-07-14 20:32:21	http://5dapps.com/debi/result/submitRadio/%40prambors/all/2017/07/10.log	200
2017-07-14 20:32:21	http://5dapps.com/debi/result/submitRadio/%40prambors/all/2017/07/11.log	200
2017-07-14 20:32:21	http://5dapps.com/debi/result/submitRadio/%40prambors/all/2017/07/12.log	200
2017-07-14 20:32:21	http://5dapps.com/debi/result/submitRadio/%40prambors/all/2017/07/13.log	200
