2017-07-29 05:00:03	worker	@987genfm;2017-07-27 - 2017-07-27;submitSocial;all;arwin
2017-07-29 05:00:08	worker	@101jakfm;2017-07-27 - 2017-07-27;submitSocial;all;arwin
2017-07-29 05:00:10	worker	@prambors;2017-07-27 - 2017-07-27;submitSocial;all;arwin
2017-07-29 05:00:14	worker	@hardrockfm;2017-07-27 - 2017-07-27;submitSocial;all;arwin
2017-07-29 05:00:16	worker	@kisfmjakarta;2017-07-27 - 2017-07-27;submitSocial;all;arwin
2017-07-29 05:00:19	worker	@delta_fm;2017-07-27 - 2017-07-27;submitSocial;all;arwin
2017-07-29 05:00:21	worker	@traxfmjkt;2017-07-27 - 2017-07-27;submitSocial;all;arwin
2017-07-29 05:00:24	worker	@iradiojakarta;2017-07-27 - 2017-07-27;submitSocial;all;arwin
2017-07-29 05:00:26	worker	@indika9160fm;2017-07-27 - 2017-07-27;submitSocial;all;arwin
2017-07-29 05:00:28	worker	@shellindonesia;2017-07-27 - 2017-07-27;submitSocial;all;arwin
2017-07-29 05:00:31	worker	@vpowerfans;2017-07-27 - 2017-07-27;submitSocial;all;arwin
2017-07-29 05:00:33	worker	@pertamaxind;2017-07-27 - 2017-07-27;submitSocial;all;arwin
2017-07-29 05:00:35	worker	@ptpertamina;2017-07-27 - 2017-07-27;submitSocial;all;arwin
2017-07-29 05:00:38	worker	@OZRadioJakarta;2017-07-27 - 2017-07-27;submitSocial;all;arwin
2017-07-29 05:00:40	worker	@CosmopolitanFM;2017-07-27 - 2017-07-27;submitSocial;all;arwin
2017-07-29 05:00:42	worker	@mustang88fm;2017-07-27 - 2017-07-27;submitSocial;all;arwin
2017-07-29 05:00:45	worker	@debabaz;2017-07-27 - 2017-07-27;submitSocial;all;arwin
2017-07-29 05:00:47	worker	@detikcom;2017-07-27 - 2017-07-27;submitSocial;all;arwin
2017-07-29 05:00:50	worker	@radioelshinta;2017-07-27 - 2017-07-27;submitSocial;all;arwin
2017-07-29 05:00:53	worker	@cinema21;2017-07-27 - 2017-07-27;submitSocial;all;arwin
2017-07-29 05:00:55	worker	@OfficialRCTI;2017-07-27 - 2017-07-27;submitSocial;all;arwin
2017-07-29 05:00:58	worker	@TRANSTV_CORP;2017-07-27 - 2017-07-27;submitSocial;all;arwin
2017-07-29 05:01:01	worker	@TRANS7;2017-07-27 - 2017-07-27;submitSocial;all;arwin
2017-07-29 05:01:03	worker	@Metro_TV;2017-07-27 - 2017-07-27;submitSocial;all;arwin
2017-07-29 05:01:06	worker	@tvOneNews;2017-07-27 - 2017-07-27;submitSocial;all;arwin
2017-07-29 05:01:09	worker	@whatsonANTV;2017-07-27 - 2017-07-27;submitSocial;all;arwin
2017-07-29 05:01:12	worker	@SCTV_;2017-07-27 - 2017-07-27;submitSocial;all;arwin
2017-07-29 05:01:15	worker	@KompasTV;2017-07-27 - 2017-07-27;submitSocial;all;arwin
2017-07-29 05:01:17	worker	@netmediatama;2017-07-27 - 2017-07-27;submitSocial;all;arwin
2017-07-29 05:01:20	worker	@Globaltvseru;2017-07-27 - 2017-07-27;submitSocial;all;arwin
2017-07-29 05:01:23	worker	@JaktvCom;2017-07-27 - 2017-07-27;submitSocial;all;arwin
2017-07-29 05:01:25	worker	@TVRINasional;2017-07-27 - 2017-07-27;submitSocial;all;arwin
2017-07-29 05:01:28	worker	@ochannelupdates;2017-07-27 - 2017-07-27;submitSocial;all;arwin
2017-07-29 05:01:30	worker	@IndosiarID;2017-07-27 - 2017-07-27;submitSocial;all;arwin
2017-07-29 05:01:34	worker	@kompascom;2017-07-27 - 2017-07-27;submitSocial;all;arwin
2017-07-29 05:01:38	worker	@merdekadotcom;2017-07-27 - 2017-07-27;submitSocial;all;arwin
2017-07-29 05:01:40	worker	@MIdotcom;2017-07-27 - 2017-07-27;submitSocial;all;arwin
2017-07-29 05:01:43	worker	@tempodotco;2017-07-27 - 2017-07-27;submitSocial;all;arwin
2017-07-29 05:01:46	worker	@motion975fm;2017-07-27 - 2017-07-27;submitSocial;all;arwin
2017-07-29 05:01:48	worker	@_radiotoday;2017-07-27 - 2017-07-27;submitSocial;all;arwin
2017-07-29 05:01:50	worker	@radioinfo;2017-07-27 - 2017-07-27;submitSocial;all;arwin
2017-07-29 05:01:53	worker	@979FeMaleRadio;2017-07-27 - 2017-07-27;submitSocial;all;arwin
2017-07-29 05:01:55	worker	@WomanRadio943FM;2017-07-27 - 2017-07-27;submitSocial;all;arwin
2017-07-29 05:01:57	worker	@VRadioFM;2017-07-27 - 2017-07-27;submitSocial;all;arwin
2017-07-29 05:02:00	worker	@UFM947;2017-07-27 - 2017-07-27;submitSocial;all;arwin
2017-07-29 05:02:02	worker	@VIVAnews;2017-07-27 - 2017-07-27;submitSocial;all;arwin
2017-07-29 05:02:05	worker	@antaranews;2017-07-27 - 2017-07-27;submitSocial;all;arwin
2017-07-29 05:02:07	worker	@tribunnews;2017-07-27 - 2017-07-27;submitSocial;all;arwin
2017-07-29 05:02:10	worker	@okezonenews;2017-07-27 - 2017-07-27;submitSocial;all;arwin
2017-07-29 05:02:13	worker	@Beritasatu;2017-07-27 - 2017-07-27;submitSocial;all;arwin
2017-07-29 05:02:15	worker	@rollingstoneina;2017-07-27 - 2017-07-27;submitSocial;all;arwin
2017-07-29 05:02:18	worker	@FIMELAdotcom;2017-07-27 - 2017-07-27;submitSocial;all;arwin
2017-07-29 05:02:20	worker	@KapanLagicom;2017-07-27 - 2017-07-27;submitSocial;all;arwin
2017-07-29 05:02:22	worker	@KompasEnt ;2017-07-27 - 2017-07-27;submitSocial;all;arwin
2017-07-29 05:02:25	worker	@HaiMagazine;2017-07-27 - 2017-07-27;submitSocial;all;arwin
2017-07-29 05:02:27	worker	@JakartaVenue;2017-07-27 - 2017-07-27;submitSocial;all;arwin
2017-07-29 05:02:29	worker	@SeputarEvent;2017-07-27 - 2017-07-27;submitSocial;all;arwin
2017-07-29 05:02:32	worker	@ismayaLive;2017-07-27 - 2017-07-27;submitSocial;all;arwin
2017-07-29 05:02:34	worker	@ECEntertainment;2017-07-27 - 2017-07-27;submitSocial;all;arwin
2017-07-29 05:02:36	worker	@synergism_En;2017-07-27 - 2017-07-27;submitSocial;all;arwin
2017-07-29 05:02:39	worker	@Urbanbandung;2017-07-27 - 2017-07-27;submitSocial;all;arwin
2017-07-29 05:02:41	worker	@Urbanrkm995;2017-07-27 - 2017-07-27;submitSocial;all;arwin
2017-07-29 05:02:43	worker	@Garuda_Promo;2017-07-27 - 2017-07-27;submitSocial;all;arwin
2017-07-29 05:02:45	worker	@AirAsiaID;2017-07-27 - 2017-07-27;submitSocial;all;arwin
2017-07-29 05:02:47	worker	@KAI121;2017-07-27 - 2017-07-27;submitSocial;all;arwin
2017-07-29 05:02:50	worker	@Unilever;2017-07-27 - 2017-07-27;submitSocial;all;arwin
2017-07-29 05:02:53	worker	@Nestle;2017-07-27 - 2017-07-27;submitSocial;all;arwin
2017-07-29 05:02:56	worker	@CocaCola;2017-07-27 - 2017-07-27;submitSocial;all;arwin
2017-07-29 05:03:00	worker	@CNN;2017-07-27 - 2017-07-27;submitSocial;all;arwin
2017-07-29 05:03:09	worker	@MTV;2017-07-27 - 2017-07-27;submitSocial;all;arwin
2017-07-29 05:03:17	worker	@channelv;2017-07-27 - 2017-07-27;submitSocial;all;arwin
2017-07-29 05:03:19	worker	@iTunesMusic;2017-07-27 - 2017-07-27;submitSocial;all;arwin
2017-07-29 05:03:22	worker	@mashable;2017-07-27 - 2017-07-27;submitSocial;all;arwin
2017-07-29 05:03:26	worker	@decacaz;2017-07-27 - 2017-07-27;submitSocial;all;arwin
2017-07-29 05:03:28	worker	@radiobaru967FM;2017-07-27 - 2017-07-27;submitSocial;all;arwin
2017-07-29 05:03:30	worker	@967HitzFM;2017-07-27 - 2017-07-27;submitSocial;all;arwin
2017-07-29 05:03:32	worker	@TVGuide;2017-07-27 - 2017-07-27;submitSocial;all;arwin
2017-07-29 05:03:35	worker	@XL123;2017-07-27 - 2017-07-27;submitSocial;all;arwin
2017-07-29 05:03:38	worker	@triindonesia;2017-07-27 - 2017-07-27;submitSocial;all;arwin
2017-07-29 05:03:41	worker	@kaskus;2017-07-27 - 2017-07-27;submitSocial;all;arwin
2017-07-29 05:03:44	worker	@Studio_XXI;2017-07-27 - 2017-07-27;submitSocial;all;arwin
2017-07-29 05:03:46	worker	@blitzmegaplex;2017-07-27 - 2017-07-27;submitSocial;all;arwin
2017-07-29 05:03:48	worker	@alfamartku;2017-07-27 - 2017-07-27;submitSocial;all;arwin
2017-07-29 05:03:50	worker	@Carrefour_ID;2017-07-27 - 2017-07-27;submitSocial;all;arwin
2017-07-29 05:03:53	worker	@BBCBreaking;2017-07-27 - 2017-07-27;submitSocial;all;arwin
2017-07-29 05:03:57	worker	@Forbes;2017-07-27 - 2017-07-27;submitSocial;all;arwin
2017-07-29 05:04:04	worker	@BensRadio;2017-07-27 - 2017-07-27;submitSocial;all;arwin
2017-07-29 05:04:07	worker	@instagram;2017-07-27 - 2017-07-27;submitSocial;all;arwin
2017-07-29 05:04:13	worker	@Pinterest;2017-07-27 - 2017-07-27;submitSocial;all;arwin
2017-07-29 05:04:16	worker	@google;2017-07-27 - 2017-07-27;submitSocial;all;arwin
2017-07-29 05:04:23	worker	@Pertaminalub;2017-07-27 - 2017-07-27;submitSocial;all;arwin
2017-07-29 05:04:26	worker	@InfoLalinTol;2017-07-27 - 2017-07-27;submitSocial;all;arwin
2017-07-29 05:04:28	worker	@PTJASAMARGA;2017-07-27 - 2017-07-27;submitSocial;all;arwin
2017-07-29 05:04:31	worker	@cititransindo;2017-07-27 - 2017-07-27;submitSocial;all;arwin
2017-07-29 05:04:33	worker	#semangatpagisuperr;2017-07-27 - 2017-07-27;submitSocial;all;arwin
2017-07-29 05:04:35	worker	#genkuisinsideout;2017-07-27 - 2017-07-27;submitSocial;all;arwin
2017-07-29 05:04:37	worker	#semangatpagi;2017-07-27 - 2017-07-27;submitSocial;all;arwin
2017-07-29 05:04:39	worker	#dikamar;2017-07-27 - 2017-07-27;submitSocial;all;arwin
2017-07-29 05:04:42	worker	#kopaja;2017-07-27 - 2017-07-27;submitSocial;all;arwin
2017-07-29 05:04:44	worker	#generaksi8;2017-07-27 - 2017-07-27;submitSocial;all;arwin
2017-07-29 05:04:46	worker	#hitztsp;2017-07-27 - 2017-07-27;submitSocial;all;arwin
2017-07-29 05:04:49	worker	#np;2017-07-27 - 2017-07-27;submitSocial;all;arwin
2017-07-29 05:04:52	worker	#hitzlivestage;2017-07-27 - 2017-07-27;submitSocial;all;arwin
2017-07-29 05:04:54	worker	#thefreaks;2017-07-27 - 2017-07-27;submitSocial;all;arwin
2017-07-29 05:04:56	worker	#hitzsirkuspagi;2017-07-27 - 2017-07-27;submitSocial;all;arwin
2017-07-29 05:04:59	worker	#hitzathlon;2017-07-27 - 2017-07-27;submitSocial;all;arwin
2017-07-29 05:05:01	worker	#hitzzombie;2017-07-27 - 2017-07-27;submitSocial;all;arwin
2017-07-29 05:05:04	worker	#hitzkalong;2017-07-27 - 2017-07-27;submitSocial;all;arwin
2017-07-29 05:05:06	worker	#hitzbebas;2017-07-27 - 2017-07-27;submitSocial;all;arwin
2017-07-29 05:05:09	worker	#hitzhorehara;2017-07-27 - 2017-07-27;submitSocial;all;arwin
2017-07-29 05:05:11	worker	@ZaloraID;2017-07-27 - 2017-07-27;submitSocial;all;arwin
2017-07-29 05:05:14	worker	@OLX_Indonesia;2017-07-27 - 2017-07-27;submitSocial;all;arwin
2017-07-29 05:05:16	worker	@LazadaID;2017-07-27 - 2017-07-27;submitSocial;all;arwin
2017-07-29 05:05:19	worker	@utrippers;2017-07-27 - 2017-07-27;submitSocial;all;arwin
2017-07-29 05:05:22	worker	@GoGobot;2017-07-27 - 2017-07-27;submitSocial;all;arwin
2017-07-29 05:05:24	worker	@viatortravel;2017-07-27 - 2017-07-27;submitSocial;all;arwin
2017-07-29 05:05:27	worker	@alandakariza;2017-07-27 - 2017-07-27;submitSocial;all;arwin
2017-07-29 05:05:29	worker	@gagasmedia;2017-07-27 - 2017-07-27;submitSocial;all;arwin
2017-07-29 05:05:32	worker	@welovehonda;2017-07-27 - 2017-07-27;submitSocial;all;arwin
2017-07-29 05:05:34	worker	@SuzukiMotorID;2017-07-27 - 2017-07-27;submitSocial;all;arwin
2017-07-29 05:05:37	worker	@kawasakilovers;2017-07-27 - 2017-07-27;submitSocial;all;arwin
2017-07-29 05:05:39	worker	@yamahaindonesia;2017-07-27 - 2017-07-27;submitSocial;all;arwin
2017-07-29 05:05:41	worker	@tripanzee;2017-07-27 - 2017-07-27;submitSocial;all;arwin
2017-07-29 05:05:44	worker	@arnoldpoernomo;2017-07-27 - 2017-07-27;submitSocial;all;arwin
2017-07-29 05:05:46	worker	@nicsap;2017-07-27 - 2017-07-27;submitSocial;all;arwin
2017-07-29 05:05:49	worker	@tiket2;2017-07-27 - 2017-07-27;submitSocial;all;arwin
2017-07-29 05:05:51	worker	@traveloka;2017-07-27 - 2017-07-27;submitSocial;all;arwin
2017-07-29 05:05:53	worker	@wego;2017-07-27 - 2017-07-27;submitSocial;all;arwin
2017-07-29 05:05:57	worker	@agoda;2017-07-27 - 2017-07-27;submitSocial;all;arwin
2017-07-29 05:06:00	worker	#salahsambung;2017-07-27 - 2017-07-27;submitSocial;all;arwin
2017-07-29 05:06:02	worker	#tulalit;2017-07-27 - 2017-07-27;submitSocial;all;arwin
2017-07-29 05:06:05	worker	#pestageneraksi8;2017-07-27 - 2017-07-27;submitSocial;all;arwin
2017-07-29 05:06:07	worker	#ganaskustik;2017-07-27 - 2017-07-27;submitSocial;all;arwin
2017-07-29 05:06:09	worker	#lnhot20;2017-07-27 - 2017-07-27;submitSocial;all;arwin
2017-07-29 05:06:11	worker	@TripAdvisor;2017-07-27 - 2017-07-27;submitSocial;all;arwin
2017-07-29 05:06:14	worker	@google;2017-07-27 - 2017-07-27;submitSocial;all;arwin
2017-07-29 05:06:21	worker	@Telkomsel;2017-07-27 - 2017-07-27;submitSocial;all;arwin
2017-07-29 05:06:24	worker	@indosat;2017-07-27 - 2017-07-27;submitSocial;all;arwin
2017-07-29 05:06:26	worker	@bahanafmjkt;2017-07-27 - 2017-07-27;submitSocial;all;2017-07-29 05:06:32	worker	@sonorafm92;2017-07-27 - 2017-07-27;submitSocial;all;arwin
2017-07-29 05:06:34	worker	@litefm1058;2017-07-27 - 2017-07-27;submitSocial;all;arwin
2017-07-29 05:06:36	worker	@Bravaradio;2017-07-27 - 2017-07-27;submitSocial;all;arwin
2017-07-29 05:06:38	worker	#dgitm;2017-07-27 - 2017-07-27;submitSocial;all;arwin
2017-07-29 05:06:41	worker	#hitsalaprambors;2017-07-27 - 2017-07-27;submitSocial;all;arwin
2017-07-29 05:06:43	worker	#reqprambors;2017-07-27 - 2017-07-27;submitSocial;all;arwin
2017-07-29 05:06:46	worker	#thedandees;2017-07-27 - 2017-07-27;submitSocial;all;arwin
2017-07-29 05:06:48	worker	#pramborsquiz;2017-07-27 - 2017-07-27;submitSocial;all;arwin
2017-07-29 05:06:50	worker	#jeliprambors;2017-07-27 - 2017-07-27;submitSocial;all;arwin
2017-07-29 05:06:53	worker	#jodohinprambors;2017-07-27 - 2017-07-27;submitSocial;all;arwin
2017-07-29 05:06:55	worker	#ubahdenganbicara;2017-07-27 - 2017-07-27;submitSocial;all;arwin
2017-07-29 05:06:57	worker	#pramborschat;2017-07-27 - 2017-07-27;submitSocial;all;arwin
2017-07-29 05:06:59	worker	#tweetforduit;2017-07-27 - 2017-07-27;submitSocial;all;arwin
2017-07-29 05:07:01	worker	#joki3in1;2017-07-27 - 2017-07-27;submitSocial;all;arwin
2017-07-29 05:07:03	worker	#sarapanseru;2017-07-27 - 2017-07-27;submitSocial;all;arwin
2017-07-29 05:07:06	worker	#rawonkaneloop;2017-07-27 - 2017-07-27;submitSocial;all;arwin
2017-07-29 05:07:08	worker	#gudegkendilkeraton;2017-07-27 - 2017-07-27;submitSocial;all;arwin
2017-07-29 05:07:10	worker	#gadogadobutika;2017-07-27 - 2017-07-27;submitSocial;all;arwin
2017-07-29 05:07:12	worker	#mtvhottest;2017-07-27 - 2017-07-27;submitSocial;all;arwin
2017-07-29 05:07:15	worker	#dimsumcjdw;2017-07-27 - 2017-07-27;submitSocial;all;arwin
2017-07-29 05:07:17	worker	#pecelmadiunmbakniek;2017-07-27 - 2017-07-27;submitSocial;all;arwin
2017-07-29 05:07:19	worker	#depotarema;2017-07-27 - 2017-07-27;submitSocial;all;arwin
2017-07-29 05:07:21	worker	@BNI46;2017-07-27 - 2017-07-27;submitSocial;all;arwin
2017-07-29 05:07:24	worker	@BANKBRI_ID;2017-07-27 - 2017-07-27;submitSocial;all;arwin
2017-07-29 05:07:26	worker	#bni46;2017-07-27 - 2017-07-27;submitSocial;all;arwin
2017-07-29 05:07:29	worker	macet;2017-07-27 - 2017-07-27;submitSocial;all;arwin
2017-07-29 05:07:33	worker	#selamatpagi;2017-07-27 - 2017-07-27;submitSocial;all;arwin
2017-07-29 05:07:35	worker	#selamatmalam;2017-07-27 - 2017-07-27;submitSocial;all;arwin
2017-07-29 05:07:38	worker	@884GlobalRadio;2017-07-27 - 2017-07-27;submitSocial;all;arwin
2017-07-29 05:07:40	worker	@day_trans;2017-07-27 - 2017-07-27;submitSocial;all;arwin
2017-07-29 05:07:42	worker	@kencanavoyage;2017-07-27 - 2017-07-27;submitSocial;all;arwin
2017-07-29 05:07:45	worker	@jukebox5d;2017-07-27 - 2017-07-27;submitSocial;all;arwin
2017-07-29 05:07:47	worker	#mtvhottest;2017-07-27 - 2017-07-27;submitSocial;all;arwin
2017-07-29 05:07:49	worker	#semangatpagi;2017-07-27 - 2017-07-27;submitSocial;all;arwin
2017-07-29 05:07:52	worker	lifebuoy;2017-07-27 - 2017-07-27;submitSocial;all;arwin
2017-07-29 05:07:54	worker	jokowi;2017-07-27 - 2017-07-27;submitSocial;all;arwin
2017-07-29 05:08:01	worker	obama;2017-07-27 - 2017-07-27;submitSocial;all;arwin
2017-07-29 05:08:11	worker	starwars;2017-07-27 - 2017-07-27;submitSocial;all;arwin
2017-07-29 05:08:14	worker	jonan;2017-07-27 - 2017-07-27;submitSocial;all;arwin
2017-07-29 05:08:18	worker	pagi;2017-07-27 - 2017-07-27;submitSocial;all;arwin
2017-07-29 05:08:28	worker	sampoerna;2017-07-27 - 2017-07-27;submitSocial;all;arwin
2017-07-29 05:08:31	worker	djarum;2017-07-27 - 2017-07-27;submitSocial;all;arwin
2017-07-29 05:08:35	worker	#semangatpagi;2017-07-27 - 2017-07-27;submitSocial;all;arwin
2017-07-29 05:08:37	worker	#generaksi8;2017-07-27 - 2017-07-27;submitSocial;all;arwin
2017-07-29 05:08:39	worker	#365alasan;2017-07-27 - 2017-07-27;submitSocial;all;arwin
2017-07-29 05:08:41	worker	weew;2017-07-27 - 2017-07-27;submitSocial;all;arwin
2017-07-29 05:08:45	worker	testing;2017-07-27 - 2017-07-27;submitSocial;all;arwin
2017-07-29 05:08:55	worker	#kopaja;2017-07-27 - 2017-07-27;submitSocial;all;arwin
2017-07-29 05:08:57	worker	#genkuisinsideout;2017-07-27 - 2017-07-27;submitSocial;all;arwin
2017-07-29 05:08:59	worker	starwars;2017-07-27 - 2017-07-27;submitSocial;all;arwin
2017-07-29 05:09:02	worker	#kopaja;2017-07-27 - 2017-07-27;submitSocial;all;arwin
2017-07-29 05:09:05	worker	mldspot;2017-07-27 - 2017-07-27;submitSocial;all;arwin
2017-07-29 05:09:07	worker	PBDjarum;2017-07-27 - 2017-07-27;submitSocial;all;arwin
2017-07-29 05:09:10	worker	TemanNabati;2017-07-27 - 2017-07-27;submitSocial;all;arwin
2017-07-29 05:09:12	worker	Nextar;2017-07-27 - 2017-07-27;submitSocial;all;arwin
2017-07-29 05:09:15	worker	jokowo;2017-07-27 - 2017-07-27;submitSocial;all;arwin
2017-07-29 05:09:18	worker	prabowo;2017-07-27 - 2017-07-27;submitSocial;all;arwin
2017-07-29 05:09:24	worker	sudirman said;2017-07-27 - 2017-07-27;submitSocial;all;arwin
2017-07-29 05:09:27	worker	ahok;2017-07-27 - 2017-07-27;submitSocial;all;arwin
2017-07-29 05:09:33	worker	setyanovanto;2017-07-27 - 2017-07-27;submitSocial;all;arwin
2017-07-29 05:09:35	worker	jokowi;2017-07-27 - 2017-07-27;submitSocial;all;arwin
2017-07-29 05:09:43	worker	ahok;2017-07-27 - 2017-07-27;submitSocial;all;arwin
2017-07-29 05:09:49	worker	prabowo;2017-07-27 - 2017-07-27;submitSocial;all;arwin
2017-07-29 05:09:54	worker	sudirman said;2017-07-27 - 2017-07-27;submitSocial;all;arwin
2017-07-29 05:09:57	worker	setyanovanto;2017-07-27 - 2017-07-27;submitSocial;all;arwin
2017-07-29 05:09:59	worker	galau;2017-07-27 - 2017-07-27;submitSocial;all;arwin
2017-07-29 05:10:09	worker	#prestasiindonesia;2017-07-27 - 2017-07-27;submitSocial;all;arwin
2017-07-29 05:10:12	worker	@Tw_Debi;2017-07-27 - 2017-07-27;submitSocial;all;arwin
2017-07-29 05:10:14	worker	@OfficialFastron;2017-07-27 - 2017-07-27;submitSocial;all;arwin
2017-07-29 05:10:17	worker	@CitibankID;2017-07-27 - 2017-07-27;submitSocial;all;arwin
2017-07-29 05:10:19	worker	@jak101fm;2017-07-27 - 2017-07-27;submitSocial;all;arwin
2017-07-29 05:10:22	worker	@genfm;2017-07-27 - 2017-07-27;submitSocial;all;arwin
