2017-05-05 05:00:05	[{"keyword":"@987genfm","from":"2017-05-03","mode":"submitSocial","container":"all","username":"arwin"}]
2017-05-05 05:00:08	[{"keyword":"@101jakfm","from":"2017-05-03","mode":"submitSocial","container":"all","username":"arwin"}]
2017-05-05 05:00:11	[{"keyword":"@prambors","from":"2017-05-03","mode":"submitSocial","container":"all","username":"arwin"}]
2017-05-05 05:00:14	[{"keyword":"@hardrockfm","from":"2017-05-03","mode":"submitSocial","container":"all","username":"arwin"}]
2017-05-05 05:00:16	[{"keyword":"@kisfmjakarta","from":"2017-05-03","mode":"submitSocial","container":"all","username":"arwin"}]
2017-05-05 05:00:19	[{"keyword":"@delta_fm","from":"2017-05-03","mode":"submitSocial","container":"all","username":"arwin"}]
2017-05-05 05:00:21	[{"keyword":"@traxfmjkt","from":"2017-05-03","mode":"submitSocial","container":"all","username":"arwin"}]
2017-05-05 05:00:24	[{"keyword":"@iradiojakarta","from":"2017-05-03","mode":"submitSocial","container":"all","username":"arwin"}]
2017-05-05 05:00:26	[{"keyword":"@indika9160fm","from":"2017-05-03","mode":"submitSocial","container":"all","username":"arwin"}]
2017-05-05 05:00:28	[{"keyword":"@shellindonesia","from":"2017-05-03","mode":"submitSocial","container":"all","username":"arwin"}]
2017-05-05 05:00:30	[{"keyword":"@vpowerfans","from":"2017-05-03","mode":"submitSocial","container":"all","username":"arwin"}]
2017-05-05 05:00:33	[{"keyword":"@pertamaxind","from":"2017-05-03","mode":"submitSocial","container":"all","username":"arwin"}]
2017-05-05 05:00:35	[{"keyword":"@ptpertamina","from":"2017-05-03","mode":"submitSocial","container":"all","username":"arwin"}]
2017-05-05 05:00:37	[{"keyword":"@ozradiojakarta","from":"2017-05-03","mode":"submitSocial","container":"all","username":"arwin"}]
2017-05-05 05:00:40	[{"keyword":"@cosmopolitanfm","from":"2017-05-03","mode":"submitSocial","container":"all","username":"arwin"}]
2017-05-05 05:00:42	[{"keyword":"@mustang88fm","from":"2017-05-03","mode":"submitSocial","container":"all","username":"arwin"}]
2017-05-05 05:00:44	[{"keyword":"@debabaz","from":"2017-05-03","mode":"submitSocial","container":"all","username":"arwin"}]
2017-05-05 05:00:48	[{"keyword":"@detikcom","from":"2017-05-03","mode":"submitSocial","container":"all","username":"arwin"}]
2017-05-05 05:00:51	[{"keyword":"@radioelshinta","from":"2017-05-03","mode":"submitSocial","container":"all","username":"arwin"}]
2017-05-05 05:00:53	[{"keyword":"@cinema21","from":"2017-05-03","mode":"submitSocial","container":"all","username":"arwin"}]
2017-05-05 05:00:56	[{"keyword":"@officialrcti","from":"2017-05-03","mode":"submitSocial","container":"all","username":"arwin"}]
2017-05-05 05:00:58	[{"keyword":"@transtv_corp","from":"2017-05-03","mode":"submitSocial","container":"all","username":"arwin"}]
2017-05-05 05:01:01	[{"keyword":"@trans7","from":"2017-05-03","mode":"submitSocial","container":"all","username":"arwin"}]
2017-05-05 05:01:04	[{"keyword":"@metro_tv","from":"2017-05-03","mode":"submitSocial","container":"all","username":"arwin"}]
2017-05-05 05:01:07	[{"keyword":"@tvonenews","from":"2017-05-03","mode":"submitSocial","container":"all","username":"arwin"}]
2017-05-05 05:01:10	[{"keyword":"@whatsonantv","from":"2017-05-03","mode":"submitSocial","container":"all","username":"arwin"}]
2017-05-05 05:01:14	[{"keyword":"@sctv_","from":"2017-05-03","mode":"submitSocial","container":"all","username":"arwin"}]
2017-05-05 05:01:17	[{"keyword":"@kompastv","from":"2017-05-03","mode":"submitSocial","container":"all","username":"arwin"}]
2017-05-05 05:01:21	[{"keyword":"@netmediatama","from":"2017-05-03","mode":"submitSocial","container":"all","username":"arwin"}]
2017-05-05 05:01:24	[{"keyword":"@globaltvseru","from":"2017-05-03","mode":"submitSocial","container":"all","username":"arwin"}]
2017-05-05 05:01:26	[{"keyword":"@jaktvcom","from":"2017-05-03","mode":"submitSocial","container":"all","username":"arwin"}]
2017-05-05 05:01:28	[{"keyword":"@tvrinasional","from":"2017-05-03","mode":"submitSocial","container":"all","username":"arwin"}]
2017-05-05 05:01:30	[{"keyword":"@ochannelupdates","from":"2017-05-03","mode":"submitSocial","container":"all","username":"arwin"}]
2017-05-05 05:01:37	[{"keyword":"@indosiarid","from":"2017-05-03","mode":"submitSocial","container":"all","username":"arwin"}]
2017-05-05 05:01:42	[{"keyword":"@kompascom","from":"2017-05-03","mode":"submitSocial","container":"all","username":"arwin"}]
2017-05-05 05:01:44	[{"keyword":"@merdekadotcom","from":"2017-05-03","mode":"submitSocial","container":"all","username":"arwin"}]
2017-05-05 05:01:46	[{"keyword":"@midotcom","from":"2017-05-03","mode":"submitSocial","container":"all","username":"arwin"}]
2017-05-05 05:01:49	[{"keyword":"@tempodotco","from":"2017-05-03","mode":"submitSocial","container":"all","username":"arwin"}]
2017-05-05 05:01:51	[{"keyword":"@motion975fm","from":"2017-05-03","mode":"submitSocial","container":"all","username":"arwin"}]
2017-05-05 05:01:53	[{"keyword":"@_radiotoday","from":"2017-05-03","mode":"submitSocial","container":"all","username":"arwin"}]
2017-05-05 05:01:56	[{"keyword":"@radioinfo","from":"2017-05-03","mode":"submitSocial","container":"all","username":"arwin"}]
2017-05-05 05:01:58	[{"keyword":"@979femaleradio","from":"2017-05-03","mode":"submitSocial","container":"all","username":"arwin"}]
2017-05-05 05:02:00	[{"keyword":"@womanradio943fm","from":"2017-05-03","mode":"submitSocial","container":"all","username":"arwin"}]
2017-05-05 05:02:03	[{"keyword":"@vradiofm","from":"2017-05-03","mode":"submitSocial","container":"all","username":"arwin"}]
2017-05-05 05:02:05	[{"keyword":"@ufm947","from":"2017-05-03","mode":"submitSocial","container":"all","username":"arwin"}]
2017-05-05 05:02:07	[{"keyword":"@vivanews","from":"2017-05-03","mode":"submitSocial","container":"all","username":"arwin"}]
2017-05-05 05:02:09	[{"keyword":"@antaranews","from":"2017-05-03","mode":"submitSocial","container":"all","username":"arwin"}]
2017-05-05 05:02:12	[{"keyword":"@tribunnews","from":"2017-05-03","mode":"submitSocial","container":"all","username":"arwin"}]
2017-05-05 05:02:15	[{"keyword":"@okezonenews","from":"2017-05-03","mode":"submitSocial","container":"all","username":"arwin"}]
2017-05-05 05:02:18	[{"keyword":"@beritasatu","from":"2017-05-03","mode":"submitSocial","container":"all","username":"arwin"}]
2017-05-05 05:02:20	[{"keyword":"@rollingstoneina","from":"2017-05-03","mode":"submitSocial","container":"all","username":"arwin"}]
2017-05-05 05:02:22	[{"keyword":"@fimeladotcom","from":"2017-05-03","mode":"submitSocial","container":"all","username":"arwin"}]
2017-05-05 05:02:25	[{"keyword":"@kapanlagicom","from":"2017-05-03","mode":"submitSocial","container":"all","username":"arwin"}]
2017-05-05 05:02:27	[{"keyword":"@kompasent","from":"2017-05-03","mode":"submitSocial","container":"all","username":"arwin"}]
2017-05-05 05:02:29	[{"keyword":"@haimagazine","from":"2017-05-03","mode":"submitSocial","container":"all","username":"arwin"}]
2017-05-05 05:02:32	[{"keyword":"@jakartavenue","from":"2017-05-03","mode":"submitSocial","container":"all","username":"arwin"}]
2017-05-05 05:02:34	[{"keyword":"@seputarevent","from":"2017-05-03","mode":"submitSocial","container":"all","username":"arwin"}]
2017-05-05 05:02:37	[{"keyword":"@ismayalive","from":"2017-05-03","mode":"submitSocial","container":"all","username":"arwin"}]
2017-05-05 05:02:39	[{"keyword":"@ecentertainment","from":"2017-05-03","mode":"submitSocial","container":"all","username":"arwin"}]
2017-05-05 05:02:41	[{"keyword":"@synergism_en","from":"2017-05-03","mode":"submitSocial","container":"all","username":"arwin"}]
2017-05-05 05:02:43	[{"keyword":"@urbanbandung","from":"2017-05-03","mode":"submitSocial","container":"all","username":"arwin"}]
2017-05-05 05:02:45	[{"keyword":"@urbanrkm995","from":"2017-05-03","mode":"submitSocial","container":"all","username":"arwin"}]
2017-05-05 05:02:47	[{"keyword":"@garuda_promo","from":"2017-05-03","mode":"submitSocial","container":"all","username":"arwin"}]
2017-05-05 05:02:50	[{"keyword":"@airasiaid","from":"2017-05-03","mode":"submitSocial","container":"all","username":"arwin"}]
2017-05-05 05:02:52	[{"keyword":"@kai121","from":"2017-05-03","mode":"submitSocial","container":"all","username":"arwin"}]
2017-05-05 05:02:55	[{"keyword":"@unilever","from":"2017-05-03","mode":"submitSocial","container":"all","username":"arwin"}]
2017-05-05 05:02:57	[{"keyword":"@nestle","from":"2017-05-03","mode":"submitSocial","container":"all","username":"arwin"}]
2017-05-05 05:03:01	[{"keyword":"@cocacola","from":"2017-05-03","mode":"submitSocial","container":"all","username":"arwin"}]
2017-05-05 05:03:08	[{"keyword":"@cnn","from":"2017-05-03","mode":"submitSocial","container":"all","username":"arwin"}]
2017-05-05 05:03:13	[{"keyword":"@mtv","from":"2017-05-03","mode":"submitSocial","container":"all","username":"arwin"}]
2017-05-05 05:03:15	[{"keyword":"@channelv","from":"2017-05-03","mode":"submitSocial","container":"all","username":"arwin"}]
2017-05-05 05:03:18	[{"keyword":"@itunesmusic","from":"2017-05-03","mode":"submitSocial","container":"all","username":"arwin"}]
2017-05-05 05:03:22	[{"keyword":"@mashable","from":"2017-05-03","mode":"submitSocial","container":"all","username":"arwin"}]
2017-05-05 05:03:24	[{"keyword":"@decacaz","from":"2017-05-03","mode":"submitSocial","container":"all","username":"arwin"}]
2017-05-05 05:03:27	[{"keyword":"@radiobaru967fm","from":"2017-05-03","mode":"submitSocial","container":"all","username":"arwin"}]
2017-05-05 05:03:29	[{"keyword":"@967hitzfm","from":"2017-05-03","mode":"submitSocial","container":"all","username":"arwin"}]
2017-05-05 05:03:32	[{"keyword":"@tvguide","from":"2017-05-03","mode":"submitSocial","container":"all","username":"arwin"}]
2017-05-05 05:03:34	[{"keyword":"@xl123","from":"2017-05-03","mode":"submitSocial","container":"all","username":"arwin"}]
2017-05-05 05:03:37	[{"keyword":"@triindonesia","from":"2017-05-03","mode":"submitSocial","container":"all","username":"arwin"}]
2017-05-05 05:03:40	[{"keyword":"@kaskus","from":"2017-05-03","mode":"submitSocial","container":"all","username":"arwin"}]
2017-05-05 05:03:42	[{"keyword":"@studio_xxi","from":"2017-05-03","mode":"submitSocial","container":"all","username":"arwin"}]
2017-05-05 05:03:44	[{"keyword":"@blitzmegaplex","from":"2017-05-03","mode":"submitSocial","container":"all","username":"arwin"}]
2017-05-05 05:03:46	[{"keyword":"@alfamartku","from":"2017-05-03","mode":"submitSocial","container":"all","username":"arwin"}]
2017-05-05 05:03:48	[{"keyword":"@carrefour_id","from":"2017-05-03","mode":"submitSocial","container":"all","username":"arwin"}]
2017-05-05 05:03:52	[{"keyword":"@bbcbreaking","from":"2017-05-03","mode":"submitSocial","container":"all","username":"arwin"}]
2017-05-05 05:04:00	[{"keyword":"@forbes","from":"2017-05-03","mode":"submitSocial","container":"all","username":"arwin"}]
2017-05-05 05:04:02	[{"keyword":"@bensradio","from":"2017-05-03","mode":"submitSocial","container":"all","username":"arwin"}]
2017-05-05 05:04:08	[{"keyword":"@instagram","from":"2017-05-03","mode":"submitSocial","container":"all","username":"arwin"}]
2017-05-05 05:04:11	[{"keyword":"@pinterest","from":"2017-05-03","mode":"submitSocial","container":"all","username":"arwin"}]
2017-05-05 05:04:16	[{"keyword":"@google","from":"2017-05-03","mode":"submitSocial","container":"all","username":"arwin"}]
2017-05-05 05:04:18	[{"keyword":"@pertaminalub","from":"2017-05-03","mode":"submitSocial","container":"all","username":"arwin"}]
2017-05-05 05:04:20	[{"keyword":"@infolalintol","from":"2017-05-03","mode":"submitSocial","container":"all","username":"arwin"}]
2017-05-05 05:04:23	[{"keyword":"@ptjasamarga","from":"2017-05-03","mode":"submitSocial","container":"all","username":"arwin"}]
2017-05-05 05:04:25	[{"keyword":"@cititransindo","from":"2017-05-03","mode":"submitSocial","container":"all","username":"arwin"}]
2017-05-05 05:04:27	[{"keyword":"#semangatpagisuperr","from":"2017-05-03","mode":"submitSocial","container":"all","username":"arwin"}]
2017-05-05 05:04:29	[{"keyword":"#genkuisinsideout","from":"2017-05-03","mode":"submitSocial","container":"all","username":"arwin"}]
2017-05-05 05:04:31	[{"keyword":"#semangatpagi","from":"2017-05-03","mode":"submitSocial","container":"all","username":"arwin"}]
2017-05-05 05:04:34	[{"keyword":"#dikamar","from":"2017-05-03","mode":"submitSocial","container":"all","username":"arwin"}]
2017-05-05 05:04:36	[{"keyword":"#kopaja","from":"2017-05-03","mode":"submitSocial","container":"all","username":"arwin"}]
2017-05-05 05:04:38	[{"keyword":"#generaksi8","from":"2017-05-03","mode":"submitSocial","container":"all","username":"arwin"}]
2017-05-05 05:04:40	[{"keyword":"#hitztsp","from":"2017-05-03","mode":"submitSocial","container":"all","username":"arwin"}]
2017-05-05 05:04:43	[{"keyword":"#np","from":"2017-05-03","mode":"submitSocial","container":"all","username":"arwin"}]
2017-05-05 05:04:46	[{"keyword":"#hitzlivestage","from":"2017-05-03","mode":"submitSocial","container":"all","username":"arwin"}]
2017-05-05 05:04:48	[{"keyword":"#thefreaks","from":"2017-05-03","mode":"submitSocial","container":"all","username":"arwin"}]
2017-05-05 05:04:50	[{"keyword":"#hitzsirkuspagi","from":"2017-05-03","mode":"submitSocial","container":"all","username":"arwin"}]
2017-05-05 05:04:52	[{"keyword":"#hitzathlon","from":"2017-05-03","mode":"submitSocial","container":"all","username":"arwin"}]
2017-05-05 05:04:54	[{"keyword":"#hitzzombie","from":"2017-05-03","mode":"submitSocial","container":"all","username":"arwin"}]
2017-05-05 05:04:57	[{"keyword":"#hitzkalong","from":"2017-05-03","mode":"submitSocial","container":"all","username":"arwin"}]
2017-05-05 05:04:59	[{"keyword":"#hitzbebas","from":"2017-05-03","mode":"submitSocial","container":"all","username":"arwin"}]
2017-05-05 05:05:01	[{"keyword":"#hitzhorehara","from":"2017-05-03","mode":"submitSocial","container":"all","username":"arwin"}]
2017-05-05 05:05:04	[{"keyword":"@zaloraid","from":"2017-05-03","mode":"submitSocial","container":"all","username":"arwin"}]
2017-05-05 05:05:06	[{"keyword":"@olx_indonesia","from":"2017-05-03","mode":"submitSocial","container":"all","username":"arwin"}]
2017-05-05 05:05:09	[{"keyword":"@lazadaid","from":"2017-05-03","mode":"submitSocial","container":"all","username":"arwin"}]
2017-05-05 05:05:11	[{"keyword":"@utrippers","from":"2017-05-03","mode":"submitSocial","container":"all","username":"arwin"}]
2017-05-05 05:05:14	[{"keyword":"@gogobot","from":"2017-05-03","mode":"submitSocial","container":"all","username":"arwin"}]
2017-05-05 05:05:16	[{"keyword":"@viatortravel","from":"2017-05-03","mode":"submitSocial","container":"all","username":"arwin"}]
2017-05-05 05:05:19	[{"keyword":"@alandakariza","from":"2017-05-03","mode":"submitSocial","container":"all","username":"arwin"}]
2017-05-05 05:05:21	[{"keyword":"@gagasmedia","from":"2017-05-03","mode":"submitSocial","container":"all","username":"arwin"}]
2017-05-05 05:05:23	[{"keyword":"@welovehonda","from":"2017-05-03","mode":"submitSocial","container":"all","username":"arwin"}]
2017-05-05 05:05:26	[{"keyword":"@suzukimotorid","from":"2017-05-03","mode":"submitSocial","container":"all","username":"arwin"}]
2017-05-05 05:05:28	[{"keyword":"@kawasakilovers","from":"2017-05-03","mode":"submitSocial","container":"all","username":"arwin"}]
2017-05-05 05:05:30	[{"keyword":"@yamahaindonesia","from":"2017-05-03","mode":"submitSocial","container":"all","username":"arwin"}]
2017-05-05 05:05:32	[{"keyword":"@tripanzee","from":"2017-05-03","mode":"submitSocial","container":"all","username":"arwin"}]
2017-05-05 05:05:35	[{"keyword":"@arnoldpoernomo","from":"2017-05-03","mode":"submitSocial","container":"all","username":"arwin"}]
2017-05-05 05:05:37	[{"keyword":"@nicsap","from":"2017-05-03","mode":"submitSocial","container":"all","username":"arwin"}]
2017-05-05 05:05:39	[{"keyword":"@tiket2","from":"2017-05-03","mode":"submitSocial","container":"all","username":"arwin"}]
2017-05-05 05:05:42	[{"keyword":"@traveloka","from":"2017-05-03","mode":"submitSocial","container":"all","username":"arwin"}]
2017-05-05 05:05:45	[{"keyword":"@wego","from":"2017-05-03","mode":"submitSocial","container":"all","username":"arwin"}]
2017-05-05 05:05:48	[{"keyword":"@agoda","from":"2017-05-03","mode":"submitSocial","container":"all","username":"arwin"}]
2017-05-05 05:05:50	[{"keyword":"#salahsambung","from":"2017-05-03","mode":"submitSocial","container":"all","username":"arwin"}]
2017-05-05 05:05:52	[{"keyword":"#tulalit","from":"2017-05-03","mode":"submitSocial","container":"all","username":"arwin"}]
2017-05-05 05:05:54	[{"keyword":"#pestageneraksi8","from":"2017-05-03","mode":"submitSocial","container":"all","username":"arwin"}]
2017-05-05 05:05:56	[{"keyword":"#ganaskustik","from":"2017-05-03","mode":"submitSocial","container":"all","username":"arwin"}]
2017-05-05 05:05:58	[{"keyword":"#lnhot20","from":"2017-05-03","mode":"submitSocial","container":"all","username":"arwin"}]
2017-05-05 05:06:00	[{"keyword":"@tripadvisor","from":"2017-05-03","mode":"submitSocial","container":"all","username":"arwin"}]
2017-05-05 05:06:06	[{"keyword":"@google","from":"2017-05-03","mode":"submitSocial","container":"all","username":"arwin"}]
2017-05-05 05:06:09	[{"keyword":"@telkomsel","from":"2017-05-03","mode":"submitSocial","container":"all","username":"arwin"}]
2017-05-05 05:06:12	[{"keyword":"@indosat","from":"2017-05-03","mode":"submitSocial","container":"all","username":"arwin"}]
2017-05-05 05:06:15	[{"keyword":"@bahanafmjkt","from":"2017-05-03","mode":"submitSocial","container":"all","username":""}]
2017-05-05 05:06:19	[{"keyword":"@sonorafm92","from":"2017-05-03","mode":"submitSocial","container":"all","username":"arwin"}]
2017-05-05 05:06:21	[{"keyword":"@litefm1058","from":"2017-05-03","mode":"submitSocial","container":"all","username":"arwin"}]
2017-05-05 05:06:23	[{"keyword":"@bravaradio","from":"2017-05-03","mode":"submitSocial","container":"all","username":"arwin"}]
2017-05-05 05:06:26	[{"keyword":"#dgitm","from":"2017-05-03","mode":"submitSocial","container":"all","username":"arwin"}]
2017-05-05 05:06:28	[{"keyword":"#hitsalaprambors","from":"2017-05-03","mode":"submitSocial","container":"all","username":"arwin"}]
2017-05-05 05:06:31	[{"keyword":"#reqprambors","from":"2017-05-03","mode":"submitSocial","container":"all","username":"arwin"}]
2017-05-05 05:06:33	[{"keyword":"#thedandees","from":"2017-05-03","mode":"submitSocial","container":"all","username":"arwin"}]
2017-05-05 05:06:35	[{"keyword":"#pramborsquiz","from":"2017-05-03","mode":"submitSocial","container":"all","username":"arwin"}]
2017-05-05 05:06:37	[{"keyword":"#jeliprambors","from":"2017-05-03","mode":"submitSocial","container":"all","username":"arwin"}]
2017-05-05 05:06:39	[{"keyword":"#jodohinprambors","from":"2017-05-03","mode":"submitSocial","container":"all","username":"arwin"}]
2017-05-05 05:06:41	[{"keyword":"#ubahdenganbicara","from":"2017-05-03","mode":"submitSocial","container":"all","username":"arwin"}]
2017-05-05 05:06:43	[{"keyword":"#pramborschat","from":"2017-05-03","mode":"submitSocial","container":"all","username":"arwin"}]
2017-05-05 05:06:45	[{"keyword":"#tweetforduit","from":"2017-05-03","mode":"submitSocial","container":"all","username":"arwin"}]
2017-05-05 05:06:47	[{"keyword":"#joki3in1","from":"2017-05-03","mode":"submitSocial","container":"all","username":"arwin"}]
2017-05-05 05:06:50	[{"keyword":"#sarapanseru","from":"2017-05-03","mode":"submitSocial","container":"all","username":"arwin"}]
2017-05-05 05:06:52	[{"keyword":"#rawonkaneloop","from":"2017-05-03","mode":"submitSocial","container":"all","username":"arwin"}]
2017-05-05 05:06:54	[{"keyword":"#gudegkendilkeraton","from":"2017-05-03","mode":"submitSocial","container":"all","username":"arwin"}]
2017-05-05 05:06:56	[{"keyword":"#gadogadobutika","from":"2017-05-03","mode":"submitSocial","container":"all","username":"arwin"}]
2017-05-05 05:06:58	[{"keyword":"#mtvhottest","from":"2017-05-03","mode":"submitSocial","container":"all","username":"arwin"}]
2017-05-05 05:07:00	[{"keyword":"#dimsumcjdw","from":"2017-05-03","mode":"submitSocial","container":"all","username":"arwin"}]
2017-05-05 05:07:02	[{"keyword":"#pecelmadiunmbakniek","from":"2017-05-03","mode":"submitSocial","container":"all","username":"arwin"}]
2017-05-05 05:07:05	[{"keyword":"#depotarema","from":"2017-05-03","mode":"submitSocial","container":"all","username":"arwin"}]
2017-05-05 05:07:07	[{"keyword":"@bni46","from":"2017-05-03","mode":"submitSocial","container":"all","username":"arwin"}]
2017-05-05 05:07:10	[{"keyword":"@bankbri_id","from":"2017-05-03","mode":"submitSocial","container":"all","username":"arwin"}]
2017-05-05 05:07:12	[{"keyword":"#bni46","from":"2017-05-03","mode":"submitSocial","container":"all","username":"arwin"}]
2017-05-05 05:07:17	[{"keyword":"macet","from":"2017-05-03","mode":"submitSocial","container":"all","username":"arwin"}]
2017-05-05 05:07:20	[{"keyword":"#selamatpagi","from":"2017-05-03","mode":"submitSocial","container":"all","username":"arwin"}]
2017-05-05 05:07:22	[{"keyword":"#selamatmalam","from":"2017-05-03","mode":"submitSocial","container":"all","username":"arwin"}]
2017-05-05 05:07:24	[{"keyword":"@884globalradio","from":"2017-05-03","mode":"submitSocial","container":"all","username":"arwin"}]
2017-05-05 05:07:26	[{"keyword":"@day_trans","from":"2017-05-03","mode":"submitSocial","container":"all","username":"arwin"}]
2017-05-05 05:07:28	[{"keyword":"@kencanavoyage","from":"2017-05-03","mode":"submitSocial","container":"all","username":"arwin"}]
2017-05-05 05:07:31	[{"keyword":"@jukebox5d","from":"2017-05-03","mode":"submitSocial","container":"all","username":"arwin"}]
2017-05-05 05:07:33	[{"keyword":"#mtvhottest","from":"2017-05-03","mode":"submitSocial","container":"all","username":"arwin"}]
2017-05-05 05:07:35	[{"keyword":"#semangatpagi","from":"2017-05-03","mode":"submitSocial","container":"all","username":"arwin"}]
2017-05-05 05:07:37	[{"keyword":"lifebuoy","from":"2017-05-03","mode":"submitSocial","container":"all","username":"arwin"}]
2017-05-05 05:07:44	[{"keyword":"jokowi","from":"2017-05-03","mode":"submitSocial","container":"all","username":"arwin"}]
2017-05-05 05:07:53	[{"keyword":"obama","from":"2017-05-03","mode":"submitSocial","container":"all","username":"arwin"}]
2017-05-05 05:07:56	[{"keyword":"starwars","from":"2017-05-03","mode":"submitSocial","container":"all","username":"arwin"}]
2017-05-05 05:07:59	[{"keyword":"jonan","from":"2017-05-03","mode":"submitSocial","container":"all","username":"arwin"}]
2017-05-05 05:08:08	[{"keyword":"pagi","from":"2017-05-03","mode":"submitSocial","container":"all","username":"arwin"}]
2017-05-05 05:08:10	[{"keyword":"sampoerna","from":"2017-05-03","mode":"submitSocial","container":"all","username":"arwin"}]
2017-05-05 05:08:13	[{"keyword":"djarum","from":"2017-05-03","mode":"submitSocial","container":"all","username":"arwin"}]
2017-05-05 05:08:15	[{"keyword":"#semangatpagi","from":"2017-05-03","mode":"submitSocial","container":"all","username":"arwin"}]
2017-05-05 05:08:17	[{"keyword":"#generaksi8","from":"2017-05-03","mode":"submitSocial","container":"all","username":"arwin"}]
2017-05-05 05:08:20	[{"keyword":"#365alasan","from":"2017-05-03","mode":"submitSocial","container":"all","username":"arwin"}]
2017-05-05 05:08:23	[{"keyword":"weew","from":"2017-05-03","mode":"submitSocial","container":"all","username":"arwin"}]
2017-05-05 05:08:30	[{"keyword":"testing","from":"2017-05-03","mode":"submitSocial","container":"all","username":"arwin"}]
2017-05-05 05:08:33	[{"keyword":"#kopaja","from":"2017-05-03","mode":"submitSocial","container":"all","username":"arwin"}]
2017-05-05 05:08:35	[{"keyword":"#genkuisinsideout","from":"2017-05-03","mode":"submitSocial","container":"all","username":"arwin"}]
2017-05-05 05:08:38	[{"keyword":"starwars","from":"2017-05-03","mode":"submitSocial","container":"all","username":"arwin"}]
2017-05-05 05:08:40	[{"keyword":"#kopaja","from":"2017-05-03","mode":"submitSocial","container":"all","username":"arwin"}]
2017-05-05 05:08:43	[{"keyword":"mldspot","from":"2017-05-03","mode":"submitSocial","container":"all","username":"arwin"}]
2017-05-05 05:08:45	[{"keyword":"pbdjarum","from":"2017-05-03","mode":"submitSocial","container":"all","username":"arwin"}]
2017-05-05 05:08:47	[{"keyword":"temannabati","from":"2017-05-03","mode":"submitSocial","container":"all","username":"arwin"}]
2017-05-05 05:08:50	[{"keyword":"nextar","from":"2017-05-03","mode":"submitSocial","container":"all","username":"arwin"}]
2017-05-05 05:08:53	[{"keyword":"jokowo","from":"2017-05-03","mode":"submitSocial","container":"all","username":"arwin"}]
2017-05-05 05:08:56	[{"keyword":"prabowo","from":"2017-05-03","mode":"submitSocial","container":"all","username":"arwin"}]
2017-05-05 05:08:59	[{"keyword":"sudirman said","from":"2017-05-03","mode":"submitSocial","container":"all","username":"arwin"}]
2017-05-05 05:09:07	[{"keyword":"ahok","from":"2017-05-03","mode":"submitSocial","container":"all","username":"arwin"}]
2017-05-05 05:09:09	[{"keyword":"setyanovanto","from":"2017-05-03","mode":"submitSocial","container":"all","username":"arwin"}]
2017-05-05 05:09:17	[{"keyword":"jokowi","from":"2017-05-03","mode":"submitSocial","container":"all","username":"arwin"}]
2017-05-05 05:09:25	[{"keyword":"ahok","from":"2017-05-03","mode":"submitSocial","container":"all","username":"arwin"}]
2017-05-05 05:09:29	[{"keyword":"prabowo","from":"2017-05-03","mode":"submitSocial","container":"all","username":"arwin"}]
2017-05-05 05:09:31	[{"keyword":"sudirman said","from":"2017-05-03","mode":"submitSocial","container":"all","username":"arwin"}]
2017-05-05 05:09:33	[{"keyword":"setyanovanto","from":"2017-05-03","mode":"submitSocial","container":"all","username":"arwin"}]
2017-05-05 05:09:37	[{"keyword":"galau","from":"2017-05-03","mode":"submitSocial","container":"all","username":"arwin"}]
2017-05-05 05:09:39	[{"keyword":"#prestasiindonesia","from":"2017-05-03","mode":"submitSocial","container":"all","username":"arwin"}]
2017-05-05 05:09:42	[{"keyword":"@tw_debi","from":"2017-05-03","mode":"submitSocial","container":"all","username":"arwin"}]
2017-05-05 05:09:44	[{"keyword":"@officialfastron","from":"2017-05-03","mode":"submitSocial","container":"all","username":"arwin"}]
2017-05-05 05:09:46	[{"keyword":"@citibankid","from":"2017-05-03","mode":"submitSocial","container":"all","username":"arwin"}]
2017-05-05 05:09:49	[{"keyword":"@jak101fm","from":"2017-05-03","mode":"submitSocial","container":"all","username":"arwin"}]
2017-05-05 05:09:52	[{"keyword":"@genfm","from":"2017-05-03","mode":"submitSocial","container":"all","username":"arwin"}]
2017-05-05 14:32:14	[{"keyword":"habib rizieq","from":"2017-04-28","mode":"submitSocial","container":"all","username":"tommy5D"},{"keyword":"habib rizieq","from":"2017-04-29","mode":"submitSocial","container":"all","username":"tommy5D"},{"keyword":"habib rizieq","from":"2017-04-30","mode":"submitSocial","container":"all","username":"tommy5D"},{"keyword":"habib rizieq","from":"2017-05-01","mode":"submitSocial","container":"all","username":"tommy5D"},{"keyword":"habib rizieq","from":"2017-05-02","mode":"submitSocial","container":"all","username":"tommy5D"},{"keyword":"habib rizieq","from":"2017-05-03","mode":"submitSocial","container":"all","username":"tommy5D"},{"keyword":"habib rizieq","from":"2017-05-04","mode":"submitSocial","container":"all","username":"tommy5D"}]
2017-05-05 14:32:25	[{"keyword":"ahok","from":"2017-05-04","mode":"submitSocial","container":"all","username":"tommy5D"}]
2017-05-05 14:32:30	[{"keyword":"anies","from":"2017-05-02","mode":"submitSocial","container":"all","username":"tommy5D"},{"keyword":"anies","from":"2017-05-03","mode":"submitSocial","container":"all","username":"tommy5D"},{"keyword":"anies","from":"2017-05-04","mode":"submitSocial","container":"all","username":"tommy5D"}]
2017-05-05 14:36:23	[{"keyword":"jakarta from macet","from":"2017-04-28","mode":"submitAdvanced","container":"all","username":"tommy5D"},{"keyword":"jakarta from macet","from":"2017-04-29","mode":"submitAdvanced","container":"all","username":"tommy5D"},{"keyword":"jakarta from macet","from":"2017-04-30","mode":"submitAdvanced","container":"all","username":"tommy5D"},{"keyword":"jakarta from macet","from":"2017-05-01","mode":"submitAdvanced","container":"all","username":"tommy5D"},{"keyword":"jakarta from macet","from":"2017-05-02","mode":"submitAdvanced","container":"all","username":"tommy5D"},{"keyword":"jakarta from macet","from":"2017-05-03","mode":"submitAdvanced","container":"all","username":"tommy5D"},{"keyword":"jakarta from macet","from":"2017-05-04","mode":"submitAdvanced","container":"all","username":"tommy5D"}]
2017-05-05 14:36:37	[{"keyword":"tangerang from macet","from":"2017-04-28","mode":"submitAdvanced","container":"all","username":"tommy5D"},{"keyword":"tangerang from macet","from":"2017-04-29","mode":"submitAdvanced","container":"all","username":"tommy5D"},{"keyword":"tangerang from macet","from":"2017-04-30","mode":"submitAdvanced","container":"all","username":"tommy5D"},{"keyword":"tangerang from macet","from":"2017-05-01","mode":"submitAdvanced","container":"all","username":"tommy5D"},{"keyword":"tangerang from macet","from":"2017-05-02","mode":"submitAdvanced","container":"all","username":"tommy5D"},{"keyword":"tangerang from macet","from":"2017-05-03","mode":"submitAdvanced","container":"all","username":"tommy5D"},{"keyword":"tangerang from macet","from":"2017-05-04","mode":"submitAdvanced","container":"all","username":"tommy5D"}]
