2017-10-18 05:00:02	worker	@987genfm;2017-10-16 - 2017-10-16;submitSocial;all;arwin
2017-10-18 05:00:05	worker	@101jakfm;2017-10-16 - 2017-10-16;submitSocial;all;arwin
2017-10-18 05:00:08	worker	@prambors;2017-10-16 - 2017-10-16;submitSocial;all;arwin
2017-10-18 05:00:11	worker	@hardrockfm;2017-10-16 - 2017-10-16;submitSocial;all;arwin
2017-10-18 05:00:13	worker	@kisfmjakarta;2017-10-16 - 2017-10-16;submitSocial;all;arwin
2017-10-18 05:00:16	worker	@delta_fm;2017-10-16 - 2017-10-16;submitSocial;all;arwin
2017-10-18 05:00:18	worker	@traxfmjkt;2017-10-16 - 2017-10-16;submitSocial;all;arwin
2017-10-18 05:00:20	worker	@iradiojakarta;2017-10-16 - 2017-10-16;submitSocial;all;arwin
2017-10-18 05:00:23	worker	@indika9160fm;2017-10-16 - 2017-10-16;submitSocial;all;arwin
2017-10-18 05:00:25	worker	@shellindonesia;2017-10-16 - 2017-10-16;submitSocial;all;arwin
2017-10-18 05:00:27	worker	@vpowerfans;2017-10-16 - 2017-10-16;submitSocial;all;arwin
2017-10-18 05:00:29	worker	@pertamaxind;2017-10-16 - 2017-10-16;submitSocial;all;arwin
2017-10-18 05:00:32	worker	@ptpertamina;2017-10-16 - 2017-10-16;submitSocial;all;arwin
2017-10-18 05:00:34	worker	@OZRadioJakarta;2017-10-16 - 2017-10-16;submitSocial;all;arwin
2017-10-18 05:00:36	worker	@CosmopolitanFM;2017-10-16 - 2017-10-16;submitSocial;all;arwin
2017-10-18 05:00:38	worker	@mustang88fm;2017-10-16 - 2017-10-16;submitSocial;all;arwin
2017-10-18 05:00:41	worker	@debabaz;2017-10-16 - 2017-10-16;submitSocial;all;arwin
2017-10-18 05:00:43	worker	@detikcom;2017-10-16 - 2017-10-16;submitSocial;all;arwin
2017-10-18 05:00:48	worker	@radioelshinta;2017-10-16 - 2017-10-16;submitSocial;all;arwin
2017-10-18 05:00:50	worker	@cinema21;2017-10-16 - 2017-10-16;submitSocial;all;arwin
2017-10-18 05:00:52	worker	@OfficialRCTI;2017-10-16 - 2017-10-16;submitSocial;all;arwin
2017-10-18 05:00:55	worker	@TRANSTV_CORP;2017-10-16 - 2017-10-16;submitSocial;all;arwin
2017-10-18 05:00:57	worker	@TRANS7;2017-10-16 - 2017-10-16;submitSocial;all;arwin
2017-10-18 05:00:59	worker	@Metro_TV;2017-10-16 - 2017-10-16;submitSocial;all;arwin
2017-10-18 05:01:04	worker	@tvOneNews;2017-10-16 - 2017-10-16;submitSocial;all;arwin
2017-10-18 05:01:07	worker	@whatsonANTV;2017-10-16 - 2017-10-16;submitSocial;all;arwin
2017-10-18 05:01:10	worker	@SCTV_;2017-10-16 - 2017-10-16;submitSocial;all;arwin
2017-10-18 05:01:12	worker	@KompasTV;2017-10-16 - 2017-10-16;submitSocial;all;arwin
2017-10-18 05:01:15	worker	@netmediatama;2017-10-16 - 2017-10-16;submitSocial;all;arwin
2017-10-18 05:01:18	worker	@Globaltvseru;2017-10-16 - 2017-10-16;submitSocial;all;arwin
2017-10-18 05:01:20	worker	@JaktvCom;2017-10-16 - 2017-10-16;submitSocial;all;arwin
2017-10-18 05:01:22	worker	@TVRINasional;2017-10-16 - 2017-10-16;submitSocial;all;arwin
2017-10-18 05:01:24	worker	@ochannelupdates;2017-10-16 - 2017-10-16;submitSocial;all;arwin
2017-10-18 05:01:26	worker	@IndosiarID;2017-10-16 - 2017-10-16;submitSocial;all;arwin
2017-10-18 05:01:29	worker	@kompascom;2017-10-16 - 2017-10-16;submitSocial;all;arwin
2017-10-18 05:01:33	worker	@merdekadotcom;2017-10-16 - 2017-10-16;submitSocial;all;arwin
2017-10-18 05:01:36	worker	@MIdotcom;2017-10-16 - 2017-10-16;submitSocial;all;arwin
2017-10-18 05:01:38	worker	@tempodotco;2017-10-16 - 2017-10-16;submitSocial;all;arwin
2017-10-18 05:01:41	worker	@motion975fm;2017-10-16 - 2017-10-16;submitSocial;all;arwin
2017-10-18 05:01:43	worker	@_radiotoday;2017-10-16 - 2017-10-16;submitSocial;all;arwin
2017-10-18 05:01:45	worker	@radioinfo;2017-10-16 - 2017-10-16;submitSocial;all;arwin
2017-10-18 05:01:48	worker	@979FeMaleRadio;2017-10-16 - 2017-10-16;submitSocial;all;arwin
2017-10-18 05:01:50	worker	@WomanRadio943FM;2017-10-16 - 2017-10-16;submitSocial;all;arwin
2017-10-18 05:01:52	worker	@VRadioFM;2017-10-16 - 2017-10-16;submitSocial;all;arwin
2017-10-18 05:01:54	worker	@UFM947;2017-10-16 - 2017-10-16;submitSocial;all;arwin
2017-10-18 05:01:56	worker	@VIVAnews;2017-10-16 - 2017-10-16;submitSocial;all;arwin
2017-10-18 05:01:59	worker	@antaranews;2017-10-16 - 2017-10-16;submitSocial;all;arwin
2017-10-18 05:02:01	worker	@tribunnews;2017-10-16 - 2017-10-16;submitSocial;all;arwin
2017-10-18 05:02:04	worker	@okezonenews;2017-10-16 - 2017-10-16;submitSocial;all;arwin
2017-10-18 05:02:06	worker	@Beritasatu;2017-10-16 - 2017-10-16;submitSocial;all;arwin
2017-10-18 05:02:09	worker	@rollingstoneina;2017-10-16 - 2017-10-16;submitSocial;all;arwin
2017-10-18 05:02:11	worker	@FIMELAdotcom;2017-10-16 - 2017-10-16;submitSocial;all;arwin
2017-10-18 05:02:14	worker	@KapanLagicom;2017-10-16 - 2017-10-16;submitSocial;all;arwin
2017-10-18 05:02:16	worker	@KompasEnt ;2017-10-16 - 2017-10-16;submitSocial;all;arwin
2017-10-18 05:02:18	worker	@HaiMagazine;2017-10-16 - 2017-10-16;submitSocial;all;arwin
2017-10-18 05:02:20	worker	@JakartaVenue;2017-10-16 - 2017-10-16;submitSocial;all;arwin
2017-10-18 05:02:22	worker	@SeputarEvent;2017-10-16 - 2017-10-16;submitSocial;all;arwin
2017-10-18 05:02:25	worker	@ismayaLive;2017-10-16 - 2017-10-16;submitSocial;all;arwin
2017-10-18 05:02:27	worker	@ECEntertainment;2017-10-16 - 2017-10-16;submitSocial;all;arwin
2017-10-18 05:02:29	worker	@synergism_En;2017-10-16 - 2017-10-16;submitSocial;all;arwin
2017-10-18 05:02:31	worker	@Urbanbandung;2017-10-16 - 2017-10-16;submitSocial;all;arwin
2017-10-18 05:02:33	worker	@Urbanrkm995;2017-10-16 - 2017-10-16;submitSocial;all;arwin
2017-10-18 05:02:35	worker	@Garuda_Promo;2017-10-16 - 2017-10-16;submitSocial;all;arwin
2017-10-18 05:02:37	worker	@AirAsiaID;2017-10-16 - 2017-10-16;submitSocial;all;arwin
2017-10-18 05:02:39	worker	@KAI121;2017-10-16 - 2017-10-16;submitSocial;all;arwin
2017-10-18 05:02:42	worker	@Unilever;2017-10-16 - 2017-10-16;submitSocial;all;arwin
2017-10-18 05:02:45	worker	@Nestle;2017-10-16 - 2017-10-16;submitSocial;all;arwin
2017-10-18 05:02:48	worker	@CocaCola;2017-10-16 - 2017-10-16;submitSocial;all;arwin
2017-10-18 05:02:52	worker	@CNN;2017-10-16 - 2017-10-16;submitSocial;all;arwin
2017-10-18 05:02:59	worker	@MTV;2017-10-16 - 2017-10-16;submitSocial;all;arwin
2017-10-18 05:03:04	worker	@channelv;2017-10-16 - 2017-10-16;submitSocial;all;arwin
2017-10-18 05:03:06	worker	@iTunesMusic;2017-10-16 - 2017-10-16;submitSocial;all;arwin
2017-10-18 05:03:08	worker	@mashable;2017-10-16 - 2017-10-16;submitSocial;all;arwin
2017-10-18 05:03:12	worker	@decacaz;2017-10-16 - 2017-10-16;submitSocial;all;arwin
2017-10-18 05:03:14	worker	@radiobaru967FM;2017-10-16 - 2017-10-16;submitSocial;all;arwin
2017-10-18 05:03:16	worker	@967HitzFM;2017-10-16 - 2017-10-16;submitSocial;all;arwin
2017-10-18 05:03:19	worker	@TVGuide;2017-10-16 - 2017-10-16;submitSocial;all;arwin
2017-10-18 05:03:21	worker	@XL123;2017-10-16 - 2017-10-16;submitSocial;all;arwin
2017-10-18 05:03:24	worker	@triindonesia;2017-10-16 - 2017-10-16;submitSocial;all;arwin
2017-10-18 05:03:26	worker	@kaskus;2017-10-16 - 2017-10-16;submitSocial;all;arwin
2017-10-18 05:03:29	worker	@Studio_XXI;2017-10-16 - 2017-10-16;submitSocial;all;arwin
2017-10-18 05:03:31	worker	@blitzmegaplex;2017-10-16 - 2017-10-16;submitSocial;all;arwin
2017-10-18 05:03:33	worker	@alfamartku;2017-10-16 - 2017-10-16;submitSocial;all;arwin
2017-10-18 05:03:35	worker	@Carrefour_ID;2017-10-16 - 2017-10-16;submitSocial;all;arwin
2017-10-18 05:03:37	worker	@BBCBreaking;2017-10-16 - 2017-10-16;submitSocial;all;arwin
2017-10-18 05:03:41	worker	@Forbes;2017-10-16 - 2017-10-16;submitSocial;all;arwin
2017-10-18 05:03:48	worker	@BensRadio;2017-10-16 - 2017-10-16;submitSocial;all;arwin
2017-10-18 05:03:50	worker	@instagram;2017-10-16 - 2017-10-16;submitSocial;all;arwin
2017-10-18 05:03:55	worker	@Pinterest;2017-10-16 - 2017-10-16;submitSocial;all;arwin
2017-10-18 05:03:58	worker	@google;2017-10-16 - 2017-10-16;submitSocial;all;arwin
2017-10-18 05:04:07	worker	@Pertaminalub;2017-10-16 - 2017-10-16;submitSocial;all;arwin
2017-10-18 05:04:09	worker	@InfoLalinTol;2017-10-16 - 2017-10-16;submitSocial;all;arwin
2017-10-18 05:04:11	worker	@PTJASAMARGA;2017-10-16 - 2017-10-16;submitSocial;all;arwin
2017-10-18 05:04:13	worker	@cititransindo;2017-10-16 - 2017-10-16;submitSocial;all;arwin
2017-10-18 05:04:15	worker	#semangatpagisuperr;2017-10-16 - 2017-10-16;submitSocial;all;arwin
2017-10-18 05:04:17	worker	#genkuisinsideout;2017-10-16 - 2017-10-16;submitSocial;all;arwin
2017-10-18 05:04:19	worker	#semangatpagi;2017-10-16 - 2017-10-16;submitSocial;all;arwin
2017-10-18 05:04:21	worker	#dikamar;2017-10-16 - 2017-10-16;submitSocial;all;arwin
2017-10-18 05:04:24	worker	#kopaja;2017-10-16 - 2017-10-16;submitSocial;all;arwin
2017-10-18 05:04:26	worker	#generaksi8;2017-10-16 - 2017-10-16;submitSocial;all;arwin
2017-10-18 05:04:28	worker	#hitztsp;2017-10-16 - 2017-10-16;submitSocial;all;arwin
2017-10-18 05:04:30	worker	#np;2017-10-16 - 2017-10-16;submitSocial;all;arwin
2017-10-18 05:04:33	worker	#hitzlivestage;2017-10-16 - 2017-10-16;submitSocial;all;arwin
2017-10-18 05:04:35	worker	#thefreaks;2017-10-16 - 2017-10-16;submitSocial;all;arwin
2017-10-18 05:04:37	worker	#hitzsirkuspagi;2017-10-16 - 2017-10-16;submitSocial;all;arwin
2017-10-18 05:04:39	worker	#hitzathlon;2017-10-16 - 2017-10-16;submitSocial;all;arwin
2017-10-18 05:04:42	worker	#hitzzombie;2017-10-16 - 2017-10-16;submitSocial;all;arwin
2017-10-18 05:04:44	worker	#hitzkalong;2017-10-16 - 2017-10-16;submitSocial;all;arwin
2017-10-18 05:04:46	worker	#hitzbebas;2017-10-16 - 2017-10-16;submitSocial;all;arwin
2017-10-18 05:04:48	worker	#hitzhorehara;2017-10-16 - 2017-10-16;submitSocial;all;arwin
2017-10-18 05:04:50	worker	@ZaloraID;2017-10-16 - 2017-10-16;submitSocial;all;arwin
2017-10-18 05:04:52	worker	@OLX_Indonesia;2017-10-16 - 2017-10-16;submitSocial;all;arwin
2017-10-18 05:04:54	worker	@LazadaID;2017-10-16 - 2017-10-16;submitSocial;all;arwin
2017-10-18 05:04:57	worker	@utrippers;2017-10-16 - 2017-10-16;submitSocial;all;arwin
2017-10-18 05:04:59	worker	@GoGobot;2017-10-16 - 2017-10-16;submitSocial;all;arwin
2017-10-18 05:05:01	worker	@viatortravel;2017-10-16 - 2017-10-16;submitSocial;all;arwin
2017-10-18 05:05:05	worker	@alandakariza;2017-10-16 - 2017-10-16;submitSocial;all;arwin
2017-10-18 05:05:07	worker	@gagasmedia;2017-10-16 - 2017-10-16;submitSocial;all;arwin
2017-10-18 05:05:10	worker	@welovehonda;2017-10-16 - 2017-10-16;submitSocial;all;arwin
2017-10-18 05:05:12	worker	@SuzukiMotorID;2017-10-16 - 2017-10-16;submitSocial;all;arwin
2017-10-18 05:05:15	worker	@kawasakilovers;2017-10-16 - 2017-10-16;submitSocial;all;arwin
2017-10-18 05:05:17	worker	@yamahaindonesia;2017-10-16 - 2017-10-16;submitSocial;all;arwin
2017-10-18 05:05:19	worker	@tripanzee;2017-10-16 - 2017-10-16;submitSocial;all;arwin
2017-10-18 05:05:22	worker	@arnoldpoernomo;2017-10-16 - 2017-10-16;submitSocial;all;arwin
2017-10-18 05:05:24	worker	@nicsap;2017-10-16 - 2017-10-16;submitSocial;all;arwin
2017-10-18 05:05:26	worker	@tiket2;2017-10-16 - 2017-10-16;submitSocial;all;arwin
2017-10-18 05:05:28	worker	@traveloka;2017-10-16 - 2017-10-16;submitSocial;all;arwin
2017-10-18 05:05:31	worker	@wego;2017-10-16 - 2017-10-16;submitSocial;all;arwin
2017-10-18 05:05:34	worker	@agoda;2017-10-16 - 2017-10-16;submitSocial;all;arwin
2017-10-18 05:05:36	worker	#salahsambung;2017-10-16 - 2017-10-16;submitSocial;all;arwin
2017-10-18 05:05:39	worker	#tulalit;2017-10-16 - 2017-10-16;submitSocial;all;arwin
2017-10-18 05:05:41	worker	#pestageneraksi8;2017-10-16 - 2017-10-16;submitSocial;all;arwin
2017-10-18 05:05:43	worker	#ganaskustik;2017-10-16 - 2017-10-16;submitSocial;all;arwin
2017-10-18 05:05:45	worker	#lnhot20;2017-10-16 - 2017-10-16;submitSocial;all;arwin
2017-10-18 05:05:47	worker	@TripAdvisor;2017-10-16 - 2017-10-16;submitSocial;all;arwin
2017-10-18 05:05:49	worker	@google;2017-10-16 - 2017-10-16;submitSocial;all;arwin
2017-10-18 05:05:57	worker	@Telkomsel;2017-10-16 - 2017-10-16;submitSocial;all;arwin
2017-10-18 05:06:00	worker	@indosat;2017-10-16 - 2017-10-16;submitSocial;all;arwin
2017-10-18 05:06:03	worker	@bahanafmjkt;2017-10-16 - 2017-10-16;submitSocial;all;2017-10-18 05:06:08	worker	@sonorafm92;2017-10-16 - 2017-10-16;submitSocial;all;arwin
2017-10-18 05:06:10	worker	@litefm1058;2017-10-16 - 2017-10-16;submitSocial;all;arwin
2017-10-18 05:06:12	worker	@Bravaradio;2017-10-16 - 2017-10-16;submitSocial;all;arwin
2017-10-18 05:06:14	worker	#dgitm;2017-10-16 - 2017-10-16;submitSocial;all;arwin
2017-10-18 05:06:17	worker	#hitsalaprambors;2017-10-16 - 2017-10-16;submitSocial;all;arwin
2017-10-18 05:06:19	worker	#reqprambors;2017-10-16 - 2017-10-16;submitSocial;all;arwin
2017-10-18 05:06:22	worker	#thedandees;2017-10-16 - 2017-10-16;submitSocial;all;arwin
2017-10-18 05:06:24	worker	#pramborsquiz;2017-10-16 - 2017-10-16;submitSocial;all;arwin
2017-10-18 05:06:26	worker	#jeliprambors;2017-10-16 - 2017-10-16;submitSocial;all;arwin
2017-10-18 05:06:28	worker	#jodohinprambors;2017-10-16 - 2017-10-16;submitSocial;all;arwin
2017-10-18 05:06:30	worker	#ubahdenganbicara;2017-10-16 - 2017-10-16;submitSocial;all;arwin
2017-10-18 05:06:32	worker	#pramborschat;2017-10-16 - 2017-10-16;submitSocial;all;arwin
2017-10-18 05:06:34	worker	#tweetforduit;2017-10-16 - 2017-10-16;submitSocial;all;arwin
2017-10-18 05:06:36	worker	#joki3in1;2017-10-16 - 2017-10-16;submitSocial;all;arwin
2017-10-18 05:06:38	worker	#sarapanseru;2017-10-16 - 2017-10-16;submitSocial;all;arwin
2017-10-18 05:06:40	worker	#rawonkaneloop;2017-10-16 - 2017-10-16;submitSocial;all;arwin
2017-10-18 05:06:42	worker	#gudegkendilkeraton;2017-10-16 - 2017-10-16;submitSocial;all;arwin
2017-10-18 05:06:44	worker	#gadogadobutika;2017-10-16 - 2017-10-16;submitSocial;all;arwin
2017-10-18 05:06:46	worker	#mtvhottest;2017-10-16 - 2017-10-16;submitSocial;all;arwin
2017-10-18 05:06:49	worker	#dimsumcjdw;2017-10-16 - 2017-10-16;submitSocial;all;arwin
2017-10-18 05:06:51	worker	#pecelmadiunmbakniek;2017-10-16 - 2017-10-16;submitSocial;all;arwin
2017-10-18 05:06:53	worker	#depotarema;2017-10-16 - 2017-10-16;submitSocial;all;arwin
2017-10-18 05:06:55	worker	@BNI46;2017-10-16 - 2017-10-16;submitSocial;all;arwin
2017-10-18 05:06:57	worker	@BANKBRI_ID;2017-10-16 - 2017-10-16;submitSocial;all;arwin
2017-10-18 05:06:59	worker	#bni46;2017-10-16 - 2017-10-16;submitSocial;all;arwin
2017-10-18 05:07:01	worker	macet;2017-10-16 - 2017-10-16;submitSocial;all;arwin
2017-10-18 05:07:06	worker	#selamatpagi;2017-10-16 - 2017-10-16;submitSocial;all;arwin
2017-10-18 05:07:08	worker	#selamatmalam;2017-10-16 - 2017-10-16;submitSocial;all;arwin
2017-10-18 05:07:10	worker	@884GlobalRadio;2017-10-16 - 2017-10-16;submitSocial;all;arwin
2017-10-18 05:07:12	worker	@day_trans;2017-10-16 - 2017-10-16;submitSocial;all;arwin
2017-10-18 05:07:15	worker	@kencanavoyage;2017-10-16 - 2017-10-16;submitSocial;all;arwin
2017-10-18 05:07:17	worker	@jukebox5d;2017-10-16 - 2017-10-16;submitSocial;all;arwin
2017-10-18 05:07:19	worker	#mtvhottest;2017-10-16 - 2017-10-16;submitSocial;all;arwin
2017-10-18 05:07:21	worker	#semangatpagi;2017-10-16 - 2017-10-16;submitSocial;all;arwin
2017-10-18 05:07:23	worker	lifebuoy;2017-10-16 - 2017-10-16;submitSocial;all;arwin
2017-10-18 05:07:26	worker	jokowi;2017-10-16 - 2017-10-16;submitSocial;all;arwin
2017-10-18 05:07:32	worker	obama;2017-10-16 - 2017-10-16;submitSocial;all;arwin
2017-10-18 05:07:42	worker	starwars;2017-10-16 - 2017-10-16;submitSocial;all;arwin
2017-10-18 05:07:44	worker	jonan;2017-10-16 - 2017-10-16;submitSocial;all;arwin
2017-10-18 05:07:48	worker	pagi;2017-10-16 - 2017-10-16;submitSocial;all;arwin
2017-10-18 05:07:55	worker	sampoerna;2017-10-16 - 2017-10-16;submitSocial;all;arwin
2017-10-18 05:07:57	worker	djarum;2017-10-16 - 2017-10-16;submitSocial;all;arwin
2017-10-18 05:08:00	worker	#semangatpagi;2017-10-16 - 2017-10-16;submitSocial;all;arwin
2017-10-18 05:08:02	worker	#generaksi8;2017-10-16 - 2017-10-16;submitSocial;all;arwin
2017-10-18 05:08:04	worker	#365alasan;2017-10-16 - 2017-10-16;submitSocial;all;arwin
2017-10-18 05:08:06	worker	weew;2017-10-16 - 2017-10-16;submitSocial;all;arwin
2017-10-18 05:08:09	worker	testing;2017-10-16 - 2017-10-16;submitSocial;all;arwin
2017-10-18 05:08:17	worker	#kopaja;2017-10-16 - 2017-10-16;submitSocial;all;arwin
2017-10-18 05:08:19	worker	#genkuisinsideout;2017-10-16 - 2017-10-16;submitSocial;all;arwin
2017-10-18 05:08:21	worker	starwars;2017-10-16 - 2017-10-16;submitSocial;all;arwin
2017-10-18 05:08:24	worker	#kopaja;2017-10-16 - 2017-10-16;submitSocial;all;arwin
2017-10-18 05:08:27	worker	mldspot;2017-10-16 - 2017-10-16;submitSocial;all;arwin
2017-10-18 05:08:29	worker	PBDjarum;2017-10-16 - 2017-10-16;submitSocial;all;arwin
2017-10-18 05:08:32	worker	TemanNabati;2017-10-16 - 2017-10-16;submitSocial;all;arwin
2017-10-18 05:08:34	worker	Nextar;2017-10-16 - 2017-10-16;submitSocial;all;arwin
2017-10-18 05:08:36	worker	jokowo;2017-10-16 - 2017-10-16;submitSocial;all;arwin
2017-10-18 05:08:39	worker	prabowo;2017-10-16 - 2017-10-16;submitSocial;all;arwin
2017-10-18 05:08:43	worker	sudirman said;2017-10-16 - 2017-10-16;submitSocial;all;arwin
2017-10-18 05:08:45	worker	ahok;2017-10-16 - 2017-10-16;submitSocial;all;arwin
2017-10-18 05:08:51	worker	setyanovanto;2017-10-16 - 2017-10-16;submitSocial;all;arwin
2017-10-18 05:08:53	worker	jokowi;2017-10-16 - 2017-10-16;submitSocial;all;arwin
2017-10-18 05:08:59	worker	ahok;2017-10-16 - 2017-10-16;submitSocial;all;arwin
2017-10-18 05:09:05	worker	prabowo;2017-10-16 - 2017-10-16;submitSocial;all;arwin
2017-10-18 05:09:09	worker	sudirman said;2017-10-16 - 2017-10-16;submitSocial;all;arwin
2017-10-18 05:09:12	worker	setyanovanto;2017-10-16 - 2017-10-16;submitSocial;all;arwin
2017-10-18 05:09:14	worker	galau;2017-10-16 - 2017-10-16;submitSocial;all;arwin
2017-10-18 05:09:17	worker	#prestasiindonesia;2017-10-16 - 2017-10-16;submitSocial;all;arwin
2017-10-18 05:09:19	worker	@Tw_Debi;2017-10-16 - 2017-10-16;submitSocial;all;arwin
2017-10-18 05:09:22	worker	@OfficialFastron;2017-10-16 - 2017-10-16;submitSocial;all;arwin
2017-10-18 05:09:24	worker	@CitibankID;2017-10-16 - 2017-10-16;submitSocial;all;arwin
2017-10-18 05:09:26	worker	@jak101fm;2017-10-16 - 2017-10-16;submitSocial;all;arwin
2017-10-18 05:09:28	worker	@genfm;2017-10-16 - 2017-10-16;submitSocial;all;arwin
