2017-07-09 05:00:06	[{"keyword":"@987genfm","from":"2017-07-07","mode":"submitSocial","container":"all","username":"arwin"}]
2017-07-09 05:00:08	[{"keyword":"@101jakfm","from":"2017-07-07","mode":"submitSocial","container":"all","username":"arwin"}]
2017-07-09 05:00:11	[{"keyword":"@prambors","from":"2017-07-07","mode":"submitSocial","container":"all","username":"arwin"}]
2017-07-09 05:00:14	[{"keyword":"@hardrockfm","from":"2017-07-07","mode":"submitSocial","container":"all","username":"arwin"}]
2017-07-09 05:00:17	[{"keyword":"@kisfmjakarta","from":"2017-07-07","mode":"submitSocial","container":"all","username":"arwin"}]
2017-07-09 05:00:20	[{"keyword":"@delta_fm","from":"2017-07-07","mode":"submitSocial","container":"all","username":"arwin"}]
2017-07-09 05:00:23	[{"keyword":"@traxfmjkt","from":"2017-07-07","mode":"submitSocial","container":"all","username":"arwin"}]
2017-07-09 05:00:25	[{"keyword":"@iradiojakarta","from":"2017-07-07","mode":"submitSocial","container":"all","username":"arwin"}]
2017-07-09 05:00:28	[{"keyword":"@indika9160fm","from":"2017-07-07","mode":"submitSocial","container":"all","username":"arwin"}]
2017-07-09 05:00:30	[{"keyword":"@shellindonesia","from":"2017-07-07","mode":"submitSocial","container":"all","username":"arwin"}]
2017-07-09 05:00:33	[{"keyword":"@vpowerfans","from":"2017-07-07","mode":"submitSocial","container":"all","username":"arwin"}]
2017-07-09 05:00:35	[{"keyword":"@pertamaxind","from":"2017-07-07","mode":"submitSocial","container":"all","username":"arwin"}]
2017-07-09 05:00:38	[{"keyword":"@ptpertamina","from":"2017-07-07","mode":"submitSocial","container":"all","username":"arwin"}]
2017-07-09 05:00:41	[{"keyword":"@ozradiojakarta","from":"2017-07-07","mode":"submitSocial","container":"all","username":"arwin"}]
2017-07-09 05:00:43	[{"keyword":"@cosmopolitanfm","from":"2017-07-07","mode":"submitSocial","container":"all","username":"arwin"}]
2017-07-09 05:00:46	[{"keyword":"@mustang88fm","from":"2017-07-07","mode":"submitSocial","container":"all","username":"arwin"}]
2017-07-09 05:00:48	[{"keyword":"@debabaz","from":"2017-07-07","mode":"submitSocial","container":"all","username":"arwin"}]
2017-07-09 05:00:51	[{"keyword":"@detikcom","from":"2017-07-07","mode":"submitSocial","container":"all","username":"arwin"}]
2017-07-09 05:00:54	[{"keyword":"@radioelshinta","from":"2017-07-07","mode":"submitSocial","container":"all","username":"arwin"}]
2017-07-09 05:00:56	[{"keyword":"@cinema21","from":"2017-07-07","mode":"submitSocial","container":"all","username":"arwin"}]
2017-07-09 05:00:59	[{"keyword":"@officialrcti","from":"2017-07-07","mode":"submitSocial","container":"all","username":"arwin"}]
2017-07-09 05:01:02	[{"keyword":"@transtv_corp","from":"2017-07-07","mode":"submitSocial","container":"all","username":"arwin"}]
2017-07-09 05:01:04	[{"keyword":"@trans7","from":"2017-07-07","mode":"submitSocial","container":"all","username":"arwin"}]
2017-07-09 05:01:08	[{"keyword":"@metro_tv","from":"2017-07-07","mode":"submitSocial","container":"all","username":"arwin"}]
2017-07-09 05:01:11	[{"keyword":"@tvonenews","from":"2017-07-07","mode":"submitSocial","container":"all","username":"arwin"}]
2017-07-09 05:01:14	[{"keyword":"@whatsonantv","from":"2017-07-07","mode":"submitSocial","container":"all","username":"arwin"}]
2017-07-09 05:01:17	[{"keyword":"@sctv_","from":"2017-07-07","mode":"submitSocial","container":"all","username":"arwin"}]
2017-07-09 05:01:20	[{"keyword":"@kompastv","from":"2017-07-07","mode":"submitSocial","container":"all","username":"arwin"}]
2017-07-09 05:01:22	[{"keyword":"@netmediatama","from":"2017-07-07","mode":"submitSocial","container":"all","username":"arwin"}]
2017-07-09 05:01:25	[{"keyword":"@globaltvseru","from":"2017-07-07","mode":"submitSocial","container":"all","username":"arwin"}]
2017-07-09 05:01:27	[{"keyword":"@jaktvcom","from":"2017-07-07","mode":"submitSocial","container":"all","username":"arwin"}]
2017-07-09 05:01:30	[{"keyword":"@tvrinasional","from":"2017-07-07","mode":"submitSocial","container":"all","username":"arwin"}]
2017-07-09 05:01:32	[{"keyword":"@ochannelupdates","from":"2017-07-07","mode":"submitSocial","container":"all","username":"arwin"}]
2017-07-09 05:01:35	[{"keyword":"@indosiarid","from":"2017-07-07","mode":"submitSocial","container":"all","username":"arwin"}]
2017-07-09 05:01:39	[{"keyword":"@kompascom","from":"2017-07-07","mode":"submitSocial","container":"all","username":"arwin"}]
2017-07-09 05:01:41	[{"keyword":"@merdekadotcom","from":"2017-07-07","mode":"submitSocial","container":"all","username":"arwin"}]
2017-07-09 05:01:43	[{"keyword":"@midotcom","from":"2017-07-07","mode":"submitSocial","container":"all","username":"arwin"}]
2017-07-09 05:01:47	[{"keyword":"@tempodotco","from":"2017-07-07","mode":"submitSocial","container":"all","username":"arwin"}]
2017-07-09 05:01:49	[{"keyword":"@motion975fm","from":"2017-07-07","mode":"submitSocial","container":"all","username":"arwin"}]
2017-07-09 05:01:51	[{"keyword":"@_radiotoday","from":"2017-07-07","mode":"submitSocial","container":"all","username":"arwin"}]
2017-07-09 05:01:53	[{"keyword":"@radioinfo","from":"2017-07-07","mode":"submitSocial","container":"all","username":"arwin"}]
2017-07-09 05:01:56	[{"keyword":"@979femaleradio","from":"2017-07-07","mode":"submitSocial","container":"all","username":"arwin"}]
2017-07-09 05:01:58	[{"keyword":"@womanradio943fm","from":"2017-07-07","mode":"submitSocial","container":"all","username":"arwin"}]
2017-07-09 05:02:00	[{"keyword":"@vradiofm","from":"2017-07-07","mode":"submitSocial","container":"all","username":"arwin"}]
2017-07-09 05:02:02	[{"keyword":"@ufm947","from":"2017-07-07","mode":"submitSocial","container":"all","username":"arwin"}]
2017-07-09 05:02:05	[{"keyword":"@vivanews","from":"2017-07-07","mode":"submitSocial","container":"all","username":"arwin"}]
2017-07-09 05:02:08	[{"keyword":"@antaranews","from":"2017-07-07","mode":"submitSocial","container":"all","username":"arwin"}]
2017-07-09 05:02:10	[{"keyword":"@tribunnews","from":"2017-07-07","mode":"submitSocial","container":"all","username":"arwin"}]
2017-07-09 05:02:13	[{"keyword":"@okezonenews","from":"2017-07-07","mode":"submitSocial","container":"all","username":"arwin"}]
2017-07-09 05:02:16	[{"keyword":"@beritasatu","from":"2017-07-07","mode":"submitSocial","container":"all","username":"arwin"}]
2017-07-09 05:02:18	[{"keyword":"@rollingstoneina","from":"2017-07-07","mode":"submitSocial","container":"all","username":"arwin"}]
2017-07-09 05:02:20	[{"keyword":"@fimeladotcom","from":"2017-07-07","mode":"submitSocial","container":"all","username":"arwin"}]
2017-07-09 05:02:23	[{"keyword":"@kapanlagicom","from":"2017-07-07","mode":"submitSocial","container":"all","username":"arwin"}]
2017-07-09 05:02:25	[{"keyword":"@kompasent","from":"2017-07-07","mode":"submitSocial","container":"all","username":"arwin"}]
2017-07-09 05:02:28	[{"keyword":"@haimagazine","from":"2017-07-07","mode":"submitSocial","container":"all","username":"arwin"}]
2017-07-09 05:02:30	[{"keyword":"@jakartavenue","from":"2017-07-07","mode":"submitSocial","container":"all","username":"arwin"}]
2017-07-09 05:02:32	[{"keyword":"@seputarevent","from":"2017-07-07","mode":"submitSocial","container":"all","username":"arwin"}]
2017-07-09 05:02:35	[{"keyword":"@ismayalive","from":"2017-07-07","mode":"submitSocial","container":"all","username":"arwin"}]
2017-07-09 05:02:37	[{"keyword":"@ecentertainment","from":"2017-07-07","mode":"submitSocial","container":"all","username":"arwin"}]
2017-07-09 05:02:39	[{"keyword":"@synergism_en","from":"2017-07-07","mode":"submitSocial","container":"all","username":"arwin"}]
2017-07-09 05:02:41	[{"keyword":"@urbanbandung","from":"2017-07-07","mode":"submitSocial","container":"all","username":"arwin"}]
2017-07-09 05:02:43	[{"keyword":"@urbanrkm995","from":"2017-07-07","mode":"submitSocial","container":"all","username":"arwin"}]
2017-07-09 05:02:46	[{"keyword":"@garuda_promo","from":"2017-07-07","mode":"submitSocial","container":"all","username":"arwin"}]
2017-07-09 05:02:48	[{"keyword":"@airasiaid","from":"2017-07-07","mode":"submitSocial","container":"all","username":"arwin"}]
2017-07-09 05:02:51	[{"keyword":"@kai121","from":"2017-07-07","mode":"submitSocial","container":"all","username":"arwin"}]
2017-07-09 05:02:53	[{"keyword":"@unilever","from":"2017-07-07","mode":"submitSocial","container":"all","username":"arwin"}]
2017-07-09 05:02:56	[{"keyword":"@nestle","from":"2017-07-07","mode":"submitSocial","container":"all","username":"arwin"}]
2017-07-09 05:03:01	[{"keyword":"@cocacola","from":"2017-07-07","mode":"submitSocial","container":"all","username":"arwin"}]
2017-07-09 05:03:10	[{"keyword":"@cnn","from":"2017-07-07","mode":"submitSocial","container":"all","username":"arwin"}]
2017-07-09 05:03:16	[{"keyword":"@mtv","from":"2017-07-07","mode":"submitSocial","container":"all","username":"arwin"}]
2017-07-09 05:03:18	[{"keyword":"@channelv","from":"2017-07-07","mode":"submitSocial","container":"all","username":"arwin"}]
2017-07-09 05:03:20	[{"keyword":"@itunesmusic","from":"2017-07-07","mode":"submitSocial","container":"all","username":"arwin"}]
2017-07-09 05:03:25	[{"keyword":"@mashable","from":"2017-07-07","mode":"submitSocial","container":"all","username":"arwin"}]
2017-07-09 05:03:27	[{"keyword":"@decacaz","from":"2017-07-07","mode":"submitSocial","container":"all","username":"arwin"}]
2017-07-09 05:03:29	[{"keyword":"@radiobaru967fm","from":"2017-07-07","mode":"submitSocial","container":"all","username":"arwin"}]
2017-07-09 05:03:31	[{"keyword":"@967hitzfm","from":"2017-07-07","mode":"submitSocial","container":"all","username":"arwin"}]
2017-07-09 05:03:34	[{"keyword":"@tvguide","from":"2017-07-07","mode":"submitSocial","container":"all","username":"arwin"}]
2017-07-09 05:03:36	[{"keyword":"@xl123","from":"2017-07-07","mode":"submitSocial","container":"all","username":"arwin"}]
2017-07-09 05:03:39	[{"keyword":"@triindonesia","from":"2017-07-07","mode":"submitSocial","container":"all","username":"arwin"}]
2017-07-09 05:03:42	[{"keyword":"@kaskus","from":"2017-07-07","mode":"submitSocial","container":"all","username":"arwin"}]
2017-07-09 05:03:44	[{"keyword":"@studio_xxi","from":"2017-07-07","mode":"submitSocial","container":"all","username":"arwin"}]
2017-07-09 05:03:46	[{"keyword":"@blitzmegaplex","from":"2017-07-07","mode":"submitSocial","container":"all","username":"arwin"}]
2017-07-09 05:03:48	[{"keyword":"@alfamartku","from":"2017-07-07","mode":"submitSocial","container":"all","username":"arwin"}]
2017-07-09 05:03:51	[{"keyword":"@carrefour_id","from":"2017-07-07","mode":"submitSocial","container":"all","username":"arwin"}]
2017-07-09 05:03:54	[{"keyword":"@bbcbreaking","from":"2017-07-07","mode":"submitSocial","container":"all","username":"arwin"}]
2017-07-09 05:04:02	[{"keyword":"@forbes","from":"2017-07-07","mode":"submitSocial","container":"all","username":"arwin"}]
2017-07-09 05:04:04	[{"keyword":"@bensradio","from":"2017-07-07","mode":"submitSocial","container":"all","username":"arwin"}]
2017-07-09 05:04:12	[{"keyword":"@instagram","from":"2017-07-07","mode":"submitSocial","container":"all","username":"arwin"}]
2017-07-09 05:04:15	[{"keyword":"@pinterest","from":"2017-07-07","mode":"submitSocial","container":"all","username":"arwin"}]
2017-07-09 05:04:21	[{"keyword":"@google","from":"2017-07-07","mode":"submitSocial","container":"all","username":"arwin"}]
2017-07-09 05:04:23	[{"keyword":"@pertaminalub","from":"2017-07-07","mode":"submitSocial","container":"all","username":"arwin"}]
2017-07-09 05:04:25	[{"keyword":"@infolalintol","from":"2017-07-07","mode":"submitSocial","container":"all","username":"arwin"}]
2017-07-09 05:04:28	[{"keyword":"@ptjasamarga","from":"2017-07-07","mode":"submitSocial","container":"all","username":"arwin"}]
2017-07-09 05:04:30	[{"keyword":"@cititransindo","from":"2017-07-07","mode":"submitSocial","container":"all","username":"arwin"}]
2017-07-09 05:04:33	[{"keyword":"#semangatpagisuperr","from":"2017-07-07","mode":"submitSocial","container":"all","username":"arwin"}]
2017-07-09 05:04:35	[{"keyword":"#genkuisinsideout","from":"2017-07-07","mode":"submitSocial","container":"all","username":"arwin"}]
2017-07-09 05:04:37	[{"keyword":"#semangatpagi","from":"2017-07-07","mode":"submitSocial","container":"all","username":"arwin"}]
2017-07-09 05:04:39	[{"keyword":"#dikamar","from":"2017-07-07","mode":"submitSocial","container":"all","username":"arwin"}]
2017-07-09 05:04:42	[{"keyword":"#kopaja","from":"2017-07-07","mode":"submitSocial","container":"all","username":"arwin"}]
2017-07-09 05:04:44	[{"keyword":"#generaksi8","from":"2017-07-07","mode":"submitSocial","container":"all","username":"arwin"}]
2017-07-09 05:04:46	[{"keyword":"#hitztsp","from":"2017-07-07","mode":"submitSocial","container":"all","username":"arwin"}]
2017-07-09 05:04:49	[{"keyword":"#np","from":"2017-07-07","mode":"submitSocial","container":"all","username":"arwin"}]
2017-07-09 05:04:52	[{"keyword":"#hitzlivestage","from":"2017-07-07","mode":"submitSocial","container":"all","username":"arwin"}]
2017-07-09 05:04:54	[{"keyword":"#thefreaks","from":"2017-07-07","mode":"submitSocial","container":"all","username":"arwin"}]
2017-07-09 05:04:56	[{"keyword":"#hitzsirkuspagi","from":"2017-07-07","mode":"submitSocial","container":"all","username":"arwin"}]
2017-07-09 05:04:58	[{"keyword":"#hitzathlon","from":"2017-07-07","mode":"submitSocial","container":"all","username":"arwin"}]
2017-07-09 05:05:01	[{"keyword":"#hitzzombie","from":"2017-07-07","mode":"submitSocial","container":"all","username":"arwin"}]
2017-07-09 05:05:03	[{"keyword":"#hitzkalong","from":"2017-07-07","mode":"submitSocial","container":"all","username":"arwin"}]
2017-07-09 05:05:06	[{"keyword":"#hitzbebas","from":"2017-07-07","mode":"submitSocial","container":"all","username":"arwin"}]
2017-07-09 05:05:08	[{"keyword":"#hitzhorehara","from":"2017-07-07","mode":"submitSocial","container":"all","username":"arwin"}]
2017-07-09 05:05:11	[{"keyword":"@zaloraid","from":"2017-07-07","mode":"submitSocial","container":"all","username":"arwin"}]
2017-07-09 05:05:13	[{"keyword":"@olx_indonesia","from":"2017-07-07","mode":"submitSocial","container":"all","username":"arwin"}]
2017-07-09 05:05:16	[{"keyword":"@lazadaid","from":"2017-07-07","mode":"submitSocial","container":"all","username":"arwin"}]
2017-07-09 05:05:18	[{"keyword":"@utrippers","from":"2017-07-07","mode":"submitSocial","container":"all","username":"arwin"}]
2017-07-09 05:05:20	[{"keyword":"@gogobot","from":"2017-07-07","mode":"submitSocial","container":"all","username":"arwin"}]
2017-07-09 05:05:23	[{"keyword":"@viatortravel","from":"2017-07-07","mode":"submitSocial","container":"all","username":"arwin"}]
2017-07-09 05:05:25	[{"keyword":"@alandakariza","from":"2017-07-07","mode":"submitSocial","container":"all","username":"arwin"}]
2017-07-09 05:05:27	[{"keyword":"@gagasmedia","from":"2017-07-07","mode":"submitSocial","container":"all","username":"arwin"}]
2017-07-09 05:05:30	[{"keyword":"@welovehonda","from":"2017-07-07","mode":"submitSocial","container":"all","username":"arwin"}]
2017-07-09 05:05:32	[{"keyword":"@suzukimotorid","from":"2017-07-07","mode":"submitSocial","container":"all","username":"arwin"}]
2017-07-09 05:05:34	[{"keyword":"@kawasakilovers","from":"2017-07-07","mode":"submitSocial","container":"all","username":"arwin"}]
2017-07-09 05:05:36	[{"keyword":"@yamahaindonesia","from":"2017-07-07","mode":"submitSocial","container":"all","username":"arwin"}]
2017-07-09 05:05:39	[{"keyword":"@tripanzee","from":"2017-07-07","mode":"submitSocial","container":"all","username":"arwin"}]
2017-07-09 05:05:41	[{"keyword":"@arnoldpoernomo","from":"2017-07-07","mode":"submitSocial","container":"all","username":"arwin"}]
2017-07-09 05:05:44	[{"keyword":"@nicsap","from":"2017-07-07","mode":"submitSocial","container":"all","username":"arwin"}]
2017-07-09 05:05:46	[{"keyword":"@tiket2","from":"2017-07-07","mode":"submitSocial","container":"all","username":"arwin"}]
2017-07-09 05:05:48	[{"keyword":"@traveloka","from":"2017-07-07","mode":"submitSocial","container":"all","username":"arwin"}]
2017-07-09 05:05:51	[{"keyword":"@wego","from":"2017-07-07","mode":"submitSocial","container":"all","username":"arwin"}]
2017-07-09 05:05:54	[{"keyword":"@agoda","from":"2017-07-07","mode":"submitSocial","container":"all","username":"arwin"}]
2017-07-09 05:05:57	[{"keyword":"#salahsambung","from":"2017-07-07","mode":"submitSocial","container":"all","username":"arwin"}]
2017-07-09 05:05:59	[{"keyword":"#tulalit","from":"2017-07-07","mode":"submitSocial","container":"all","username":"arwin"}]
2017-07-09 05:06:01	[{"keyword":"#pestageneraksi8","from":"2017-07-07","mode":"submitSocial","container":"all","username":"arwin"}]
2017-07-09 05:06:03	[{"keyword":"#ganaskustik","from":"2017-07-07","mode":"submitSocial","container":"all","username":"arwin"}]
2017-07-09 05:06:05	[{"keyword":"#lnhot20","from":"2017-07-07","mode":"submitSocial","container":"all","username":"arwin"}]
2017-07-09 05:06:08	[{"keyword":"@tripadvisor","from":"2017-07-07","mode":"submitSocial","container":"all","username":"arwin"}]
2017-07-09 05:06:14	[{"keyword":"@google","from":"2017-07-07","mode":"submitSocial","container":"all","username":"arwin"}]
2017-07-09 05:06:17	[{"keyword":"@telkomsel","from":"2017-07-07","mode":"submitSocial","container":"all","username":"arwin"}]
2017-07-09 05:06:19	[{"keyword":"@indosat","from":"2017-07-07","mode":"submitSocial","container":"all","username":"arwin"}]
2017-07-09 05:06:22	[{"keyword":"@bahanafmjkt","from":"2017-07-07","mode":"submitSocial","container":"all","username":""}]
2017-07-09 05:06:27	[{"keyword":"@sonorafm92","from":"2017-07-07","mode":"submitSocial","container":"all","username":"arwin"}]
2017-07-09 05:06:29	[{"keyword":"@litefm1058","from":"2017-07-07","mode":"submitSocial","container":"all","username":"arwin"}]
2017-07-09 05:06:31	[{"keyword":"@bravaradio","from":"2017-07-07","mode":"submitSocial","container":"all","username":"arwin"}]
2017-07-09 05:06:34	[{"keyword":"#dgitm","from":"2017-07-07","mode":"submitSocial","container":"all","username":"arwin"}]
2017-07-09 05:06:36	[{"keyword":"#hitsalaprambors","from":"2017-07-07","mode":"submitSocial","container":"all","username":"arwin"}]
2017-07-09 05:06:39	[{"keyword":"#reqprambors","from":"2017-07-07","mode":"submitSocial","container":"all","username":"arwin"}]
2017-07-09 05:06:41	[{"keyword":"#thedandees","from":"2017-07-07","mode":"submitSocial","container":"all","username":"arwin"}]
2017-07-09 05:06:43	[{"keyword":"#pramborsquiz","from":"2017-07-07","mode":"submitSocial","container":"all","username":"arwin"}]
2017-07-09 05:06:45	[{"keyword":"#jeliprambors","from":"2017-07-07","mode":"submitSocial","container":"all","username":"arwin"}]
2017-07-09 05:06:47	[{"keyword":"#jodohinprambors","from":"2017-07-07","mode":"submitSocial","container":"all","username":"arwin"}]
2017-07-09 05:06:49	[{"keyword":"#ubahdenganbicara","from":"2017-07-07","mode":"submitSocial","container":"all","username":"arwin"}]
2017-07-09 05:06:51	[{"keyword":"#pramborschat","from":"2017-07-07","mode":"submitSocial","container":"all","username":"arwin"}]
2017-07-09 05:06:54	[{"keyword":"#tweetforduit","from":"2017-07-07","mode":"submitSocial","container":"all","username":"arwin"}]
2017-07-09 05:06:56	[{"keyword":"#joki3in1","from":"2017-07-07","mode":"submitSocial","container":"all","username":"arwin"}]
2017-07-09 05:06:58	[{"keyword":"#sarapanseru","from":"2017-07-07","mode":"submitSocial","container":"all","username":"arwin"}]
2017-07-09 05:07:00	[{"keyword":"#rawonkaneloop","from":"2017-07-07","mode":"submitSocial","container":"all","username":"arwin"}]
2017-07-09 05:07:02	[{"keyword":"#gudegkendilkeraton","from":"2017-07-07","mode":"submitSocial","container":"all","username":"arwin"}]
2017-07-09 05:07:04	[{"keyword":"#gadogadobutika","from":"2017-07-07","mode":"submitSocial","container":"all","username":"arwin"}]
2017-07-09 05:07:07	[{"keyword":"#mtvhottest","from":"2017-07-07","mode":"submitSocial","container":"all","username":"arwin"}]
2017-07-09 05:07:09	[{"keyword":"#dimsumcjdw","from":"2017-07-07","mode":"submitSocial","container":"all","username":"arwin"}]
2017-07-09 05:07:11	[{"keyword":"#pecelmadiunmbakniek","from":"2017-07-07","mode":"submitSocial","container":"all","username":"arwin"}]
2017-07-09 05:07:13	[{"keyword":"#depotarema","from":"2017-07-07","mode":"submitSocial","container":"all","username":"arwin"}]
2017-07-09 05:07:16	[{"keyword":"@bni46","from":"2017-07-07","mode":"submitSocial","container":"all","username":"arwin"}]
2017-07-09 05:07:18	[{"keyword":"@bankbri_id","from":"2017-07-07","mode":"submitSocial","container":"all","username":"arwin"}]
2017-07-09 05:07:21	[{"keyword":"#bni46","from":"2017-07-07","mode":"submitSocial","container":"all","username":"arwin"}]
2017-07-09 05:07:25	[{"keyword":"macet","from":"2017-07-07","mode":"submitSocial","container":"all","username":"arwin"}]
2017-07-09 05:07:27	[{"keyword":"#selamatpagi","from":"2017-07-07","mode":"submitSocial","container":"all","username":"arwin"}]
2017-07-09 05:07:29	[{"keyword":"#selamatmalam","from":"2017-07-07","mode":"submitSocial","container":"all","username":"arwin"}]
2017-07-09 05:07:32	[{"keyword":"@884globalradio","from":"2017-07-07","mode":"submitSocial","container":"all","username":"arwin"}]
2017-07-09 05:07:34	[{"keyword":"@day_trans","from":"2017-07-07","mode":"submitSocial","container":"all","username":"arwin"}]
2017-07-09 05:07:36	[{"keyword":"@kencanavoyage","from":"2017-07-07","mode":"submitSocial","container":"all","username":"arwin"}]
2017-07-09 05:07:38	[{"keyword":"@jukebox5d","from":"2017-07-07","mode":"submitSocial","container":"all","username":"arwin"}]
2017-07-09 05:07:41	[{"keyword":"#mtvhottest","from":"2017-07-07","mode":"submitSocial","container":"all","username":"arwin"}]
2017-07-09 05:07:43	[{"keyword":"#semangatpagi","from":"2017-07-07","mode":"submitSocial","container":"all","username":"arwin"}]
2017-07-09 05:07:45	[{"keyword":"lifebuoy","from":"2017-07-07","mode":"submitSocial","container":"all","username":"arwin"}]
2017-07-09 05:07:53	[{"keyword":"jokowi","from":"2017-07-07","mode":"submitSocial","container":"all","username":"arwin"}]
2017-07-09 05:08:02	[{"keyword":"obama","from":"2017-07-07","mode":"submitSocial","container":"all","username":"arwin"}]
2017-07-09 05:08:05	[{"keyword":"starwars","from":"2017-07-07","mode":"submitSocial","container":"all","username":"arwin"}]
2017-07-09 05:08:08	[{"keyword":"jonan","from":"2017-07-07","mode":"submitSocial","container":"all","username":"arwin"}]
2017-07-09 05:08:17	[{"keyword":"pagi","from":"2017-07-07","mode":"submitSocial","container":"all","username":"arwin"}]
2017-07-09 05:08:19	[{"keyword":"sampoerna","from":"2017-07-07","mode":"submitSocial","container":"all","username":"arwin"}]
2017-07-09 05:08:22	[{"keyword":"djarum","from":"2017-07-07","mode":"submitSocial","container":"all","username":"arwin"}]
2017-07-09 05:08:25	[{"keyword":"#semangatpagi","from":"2017-07-07","mode":"submitSocial","container":"all","username":"arwin"}]
2017-07-09 05:08:26	[{"keyword":"#generaksi8","from":"2017-07-07","mode":"submitSocial","container":"all","username":"arwin"}]
2017-07-09 05:08:29	[{"keyword":"#365alasan","from":"2017-07-07","mode":"submitSocial","container":"all","username":"arwin"}]
2017-07-09 05:08:32	[{"keyword":"weew","from":"2017-07-07","mode":"submitSocial","container":"all","username":"arwin"}]
2017-07-09 05:08:41	[{"keyword":"testing","from":"2017-07-07","mode":"submitSocial","container":"all","username":"arwin"}]
2017-07-09 05:08:44	[{"keyword":"#kopaja","from":"2017-07-07","mode":"submitSocial","container":"all","username":"arwin"}]
2017-07-09 05:08:46	[{"keyword":"#genkuisinsideout","from":"2017-07-07","mode":"submitSocial","container":"all","username":"arwin"}]
2017-07-09 05:08:49	[{"keyword":"starwars","from":"2017-07-07","mode":"submitSocial","container":"all","username":"arwin"}]
2017-07-09 05:08:52	[{"keyword":"#kopaja","from":"2017-07-07","mode":"submitSocial","container":"all","username":"arwin"}]
2017-07-09 05:08:54	[{"keyword":"mldspot","from":"2017-07-07","mode":"submitSocial","container":"all","username":"arwin"}]
2017-07-09 05:08:57	[{"keyword":"pbdjarum","from":"2017-07-07","mode":"submitSocial","container":"all","username":"arwin"}]
2017-07-09 05:08:59	[{"keyword":"temannabati","from":"2017-07-07","mode":"submitSocial","container":"all","username":"arwin"}]
2017-07-09 05:09:02	[{"keyword":"nextar","from":"2017-07-07","mode":"submitSocial","container":"all","username":"arwin"}]
2017-07-09 05:09:05	[{"keyword":"jokowo","from":"2017-07-07","mode":"submitSocial","container":"all","username":"arwin"}]
2017-07-09 05:09:08	[{"keyword":"prabowo","from":"2017-07-07","mode":"submitSocial","container":"all","username":"arwin"}]
2017-07-09 05:09:10	[{"keyword":"sudirman said","from":"2017-07-07","mode":"submitSocial","container":"all","username":"arwin"}]
2017-07-09 05:09:16	[{"keyword":"ahok","from":"2017-07-07","mode":"submitSocial","container":"all","username":"arwin"}]
2017-07-09 05:09:18	[{"keyword":"setyanovanto","from":"2017-07-07","mode":"submitSocial","container":"all","username":"arwin"}]
2017-07-09 05:09:26	[{"keyword":"jokowi","from":"2017-07-07","mode":"submitSocial","container":"all","username":"arwin"}]
2017-07-09 05:09:32	[{"keyword":"ahok","from":"2017-07-07","mode":"submitSocial","container":"all","username":"arwin"}]
2017-07-09 05:09:35	[{"keyword":"prabowo","from":"2017-07-07","mode":"submitSocial","container":"all","username":"arwin"}]
2017-07-09 05:09:37	[{"keyword":"sudirman said","from":"2017-07-07","mode":"submitSocial","container":"all","username":"arwin"}]
2017-07-09 05:09:39	[{"keyword":"setyanovanto","from":"2017-07-07","mode":"submitSocial","container":"all","username":"arwin"}]
2017-07-09 05:09:44	[{"keyword":"galau","from":"2017-07-07","mode":"submitSocial","container":"all","username":"arwin"}]
2017-07-09 05:09:46	[{"keyword":"#prestasiindonesia","from":"2017-07-07","mode":"submitSocial","container":"all","username":"arwin"}]
2017-07-09 05:09:48	[{"keyword":"@tw_debi","from":"2017-07-07","mode":"submitSocial","container":"all","username":"arwin"}]
2017-07-09 05:09:51	[{"keyword":"@officialfastron","from":"2017-07-07","mode":"submitSocial","container":"all","username":"arwin"}]
2017-07-09 05:09:53	[{"keyword":"@citibankid","from":"2017-07-07","mode":"submitSocial","container":"all","username":"arwin"}]
2017-07-09 05:09:55	[{"keyword":"@jak101fm","from":"2017-07-07","mode":"submitSocial","container":"all","username":"arwin"}]
2017-07-09 05:09:58	[{"keyword":"@genfm","from":"2017-07-07","mode":"submitSocial","container":"all","username":"arwin"}]
