2017-05-13 05:00:05	[{"keyword":"@987genfm","from":"2017-05-11","mode":"submitSocial","container":"all","username":"arwin"}]
2017-05-13 05:00:08	[{"keyword":"@101jakfm","from":"2017-05-11","mode":"submitSocial","container":"all","username":"arwin"}]
2017-05-13 05:00:12	[{"keyword":"@prambors","from":"2017-05-11","mode":"submitSocial","container":"all","username":"arwin"}]
2017-05-13 05:00:15	[{"keyword":"@hardrockfm","from":"2017-05-11","mode":"submitSocial","container":"all","username":"arwin"}]
2017-05-13 05:00:17	[{"keyword":"@kisfmjakarta","from":"2017-05-11","mode":"submitSocial","container":"all","username":"arwin"}]
2017-05-13 05:00:20	[{"keyword":"@delta_fm","from":"2017-05-11","mode":"submitSocial","container":"all","username":"arwin"}]
2017-05-13 05:00:23	[{"keyword":"@traxfmjkt","from":"2017-05-11","mode":"submitSocial","container":"all","username":"arwin"}]
2017-05-13 05:00:26	[{"keyword":"@iradiojakarta","from":"2017-05-11","mode":"submitSocial","container":"all","username":"arwin"}]
2017-05-13 05:00:29	[{"keyword":"@indika9160fm","from":"2017-05-11","mode":"submitSocial","container":"all","username":"arwin"}]
2017-05-13 05:00:31	[{"keyword":"@shellindonesia","from":"2017-05-11","mode":"submitSocial","container":"all","username":"arwin"}]
2017-05-13 05:00:34	[{"keyword":"@vpowerfans","from":"2017-05-11","mode":"submitSocial","container":"all","username":"arwin"}]
2017-05-13 05:00:37	[{"keyword":"@pertamaxind","from":"2017-05-11","mode":"submitSocial","container":"all","username":"arwin"}]
2017-05-13 05:00:40	[{"keyword":"@ptpertamina","from":"2017-05-11","mode":"submitSocial","container":"all","username":"arwin"}]
2017-05-13 05:00:42	[{"keyword":"@ozradiojakarta","from":"2017-05-11","mode":"submitSocial","container":"all","username":"arwin"}]
2017-05-13 05:00:45	[{"keyword":"@cosmopolitanfm","from":"2017-05-11","mode":"submitSocial","container":"all","username":"arwin"}]
2017-05-13 05:00:47	[{"keyword":"@mustang88fm","from":"2017-05-11","mode":"submitSocial","container":"all","username":"arwin"}]
2017-05-13 05:00:50	[{"keyword":"@debabaz","from":"2017-05-11","mode":"submitSocial","container":"all","username":"arwin"}]
2017-05-13 05:00:55	[{"keyword":"@detikcom","from":"2017-05-11","mode":"submitSocial","container":"all","username":"arwin"}]
2017-05-13 05:00:58	[{"keyword":"@radioelshinta","from":"2017-05-11","mode":"submitSocial","container":"all","username":"arwin"}]
2017-05-13 05:01:00	[{"keyword":"@cinema21","from":"2017-05-11","mode":"submitSocial","container":"all","username":"arwin"}]
2017-05-13 05:01:04	[{"keyword":"@officialrcti","from":"2017-05-11","mode":"submitSocial","container":"all","username":"arwin"}]
2017-05-13 05:01:07	[{"keyword":"@transtv_corp","from":"2017-05-11","mode":"submitSocial","container":"all","username":"arwin"}]
2017-05-13 05:01:09	[{"keyword":"@trans7","from":"2017-05-11","mode":"submitSocial","container":"all","username":"arwin"}]
2017-05-13 05:01:14	[{"keyword":"@metro_tv","from":"2017-05-11","mode":"submitSocial","container":"all","username":"arwin"}]
2017-05-13 05:01:18	[{"keyword":"@tvonenews","from":"2017-05-11","mode":"submitSocial","container":"all","username":"arwin"}]
2017-05-13 05:01:21	[{"keyword":"@whatsonantv","from":"2017-05-11","mode":"submitSocial","container":"all","username":"arwin"}]
2017-05-13 05:01:25	[{"keyword":"@sctv_","from":"2017-05-11","mode":"submitSocial","container":"all","username":"arwin"}]
2017-05-13 05:01:28	[{"keyword":"@kompastv","from":"2017-05-11","mode":"submitSocial","container":"all","username":"arwin"}]
2017-05-13 05:01:32	[{"keyword":"@netmediatama","from":"2017-05-11","mode":"submitSocial","container":"all","username":"arwin"}]
2017-05-13 05:01:34	[{"keyword":"@globaltvseru","from":"2017-05-11","mode":"submitSocial","container":"all","username":"arwin"}]
2017-05-13 05:01:37	[{"keyword":"@jaktvcom","from":"2017-05-11","mode":"submitSocial","container":"all","username":"arwin"}]
2017-05-13 05:01:40	[{"keyword":"@tvrinasional","from":"2017-05-11","mode":"submitSocial","container":"all","username":"arwin"}]
2017-05-13 05:01:43	[{"keyword":"@ochannelupdates","from":"2017-05-11","mode":"submitSocial","container":"all","username":"arwin"}]
2017-05-13 05:01:48	[{"keyword":"@indosiarid","from":"2017-05-11","mode":"submitSocial","container":"all","username":"arwin"}]
2017-05-13 05:01:53	[{"keyword":"@kompascom","from":"2017-05-11","mode":"submitSocial","container":"all","username":"arwin"}]
2017-05-13 05:01:56	[{"keyword":"@merdekadotcom","from":"2017-05-11","mode":"submitSocial","container":"all","username":"arwin"}]
2017-05-13 05:01:59	[{"keyword":"@midotcom","from":"2017-05-11","mode":"submitSocial","container":"all","username":"arwin"}]
2017-05-13 05:02:03	[{"keyword":"@tempodotco","from":"2017-05-11","mode":"submitSocial","container":"all","username":"arwin"}]
2017-05-13 05:02:05	[{"keyword":"@motion975fm","from":"2017-05-11","mode":"submitSocial","container":"all","username":"arwin"}]
2017-05-13 05:02:08	[{"keyword":"@_radiotoday","from":"2017-05-11","mode":"submitSocial","container":"all","username":"arwin"}]
2017-05-13 05:02:11	[{"keyword":"@radioinfo","from":"2017-05-11","mode":"submitSocial","container":"all","username":"arwin"}]
2017-05-13 05:02:13	[{"keyword":"@979femaleradio","from":"2017-05-11","mode":"submitSocial","container":"all","username":"arwin"}]
2017-05-13 05:02:15	[{"keyword":"@womanradio943fm","from":"2017-05-11","mode":"submitSocial","container":"all","username":"arwin"}]
2017-05-13 05:02:18	[{"keyword":"@vradiofm","from":"2017-05-11","mode":"submitSocial","container":"all","username":"arwin"}]
2017-05-13 05:02:21	[{"keyword":"@ufm947","from":"2017-05-11","mode":"submitSocial","container":"all","username":"arwin"}]
2017-05-13 05:02:24	[{"keyword":"@vivanews","from":"2017-05-11","mode":"submitSocial","container":"all","username":"arwin"}]
2017-05-13 05:02:27	[{"keyword":"@antaranews","from":"2017-05-11","mode":"submitSocial","container":"all","username":"arwin"}]
2017-05-13 05:02:31	[{"keyword":"@tribunnews","from":"2017-05-11","mode":"submitSocial","container":"all","username":"arwin"}]
2017-05-13 05:02:34	[{"keyword":"@okezonenews","from":"2017-05-11","mode":"submitSocial","container":"all","username":"arwin"}]
2017-05-13 05:02:37	[{"keyword":"@beritasatu","from":"2017-05-11","mode":"submitSocial","container":"all","username":"arwin"}]
2017-05-13 05:02:40	[{"keyword":"@rollingstoneina","from":"2017-05-11","mode":"submitSocial","container":"all","username":"arwin"}]
2017-05-13 05:02:42	[{"keyword":"@fimeladotcom","from":"2017-05-11","mode":"submitSocial","container":"all","username":"arwin"}]
2017-05-13 05:02:45	[{"keyword":"@kapanlagicom","from":"2017-05-11","mode":"submitSocial","container":"all","username":"arwin"}]
2017-05-13 05:02:48	[{"keyword":"@kompasent","from":"2017-05-11","mode":"submitSocial","container":"all","username":"arwin"}]
2017-05-13 05:02:51	[{"keyword":"@haimagazine","from":"2017-05-11","mode":"submitSocial","container":"all","username":"arwin"}]
2017-05-13 05:02:53	[{"keyword":"@jakartavenue","from":"2017-05-11","mode":"submitSocial","container":"all","username":"arwin"}]
2017-05-13 05:02:56	[{"keyword":"@seputarevent","from":"2017-05-11","mode":"submitSocial","container":"all","username":"arwin"}]
2017-05-13 05:02:58	[{"keyword":"@ismayalive","from":"2017-05-11","mode":"submitSocial","container":"all","username":"arwin"}]
2017-05-13 05:03:01	[{"keyword":"@ecentertainment","from":"2017-05-11","mode":"submitSocial","container":"all","username":"arwin"}]
2017-05-13 05:03:04	[{"keyword":"@synergism_en","from":"2017-05-11","mode":"submitSocial","container":"all","username":"arwin"}]
2017-05-13 05:03:06	[{"keyword":"@urbanbandung","from":"2017-05-11","mode":"submitSocial","container":"all","username":"arwin"}]
2017-05-13 05:03:08	[{"keyword":"@urbanrkm995","from":"2017-05-11","mode":"submitSocial","container":"all","username":"arwin"}]
2017-05-13 05:03:11	[{"keyword":"@garuda_promo","from":"2017-05-11","mode":"submitSocial","container":"all","username":"arwin"}]
2017-05-13 05:03:14	[{"keyword":"@airasiaid","from":"2017-05-11","mode":"submitSocial","container":"all","username":"arwin"}]
2017-05-13 05:03:16	[{"keyword":"@kai121","from":"2017-05-11","mode":"submitSocial","container":"all","username":"arwin"}]
2017-05-13 05:03:19	[{"keyword":"@unilever","from":"2017-05-11","mode":"submitSocial","container":"all","username":"arwin"}]
2017-05-13 05:03:23	[{"keyword":"@nestle","from":"2017-05-11","mode":"submitSocial","container":"all","username":"arwin"}]
2017-05-13 05:03:26	[{"keyword":"@cocacola","from":"2017-05-11","mode":"submitSocial","container":"all","username":"arwin"}]
2017-05-13 05:03:33	[{"keyword":"@cnn","from":"2017-05-11","mode":"submitSocial","container":"all","username":"arwin"}]
2017-05-13 05:03:37	[{"keyword":"@mtv","from":"2017-05-11","mode":"submitSocial","container":"all","username":"arwin"}]
2017-05-13 05:03:40	[{"keyword":"@channelv","from":"2017-05-11","mode":"submitSocial","container":"all","username":"arwin"}]
2017-05-13 05:03:43	[{"keyword":"@itunesmusic","from":"2017-05-11","mode":"submitSocial","container":"all","username":"arwin"}]
2017-05-13 05:03:48	[{"keyword":"@mashable","from":"2017-05-11","mode":"submitSocial","container":"all","username":"arwin"}]
2017-05-13 05:03:50	[{"keyword":"@decacaz","from":"2017-05-11","mode":"submitSocial","container":"all","username":"arwin"}]
2017-05-13 05:03:52	[{"keyword":"@radiobaru967fm","from":"2017-05-11","mode":"submitSocial","container":"all","username":"arwin"}]
2017-05-13 05:03:55	[{"keyword":"@967hitzfm","from":"2017-05-11","mode":"submitSocial","container":"all","username":"arwin"}]
2017-05-13 05:03:58	[{"keyword":"@tvguide","from":"2017-05-11","mode":"submitSocial","container":"all","username":"arwin"}]
2017-05-13 05:04:01	[{"keyword":"@xl123","from":"2017-05-11","mode":"submitSocial","container":"all","username":"arwin"}]
2017-05-13 05:04:04	[{"keyword":"@triindonesia","from":"2017-05-11","mode":"submitSocial","container":"all","username":"arwin"}]
2017-05-13 05:04:07	[{"keyword":"@kaskus","from":"2017-05-11","mode":"submitSocial","container":"all","username":"arwin"}]
2017-05-13 05:04:10	[{"keyword":"@studio_xxi","from":"2017-05-11","mode":"submitSocial","container":"all","username":"arwin"}]
2017-05-13 05:04:12	[{"keyword":"@blitzmegaplex","from":"2017-05-11","mode":"submitSocial","container":"all","username":"arwin"}]
2017-05-13 05:04:14	[{"keyword":"@alfamartku","from":"2017-05-11","mode":"submitSocial","container":"all","username":"arwin"}]
2017-05-13 05:04:17	[{"keyword":"@carrefour_id","from":"2017-05-11","mode":"submitSocial","container":"all","username":"arwin"}]
2017-05-13 05:04:21	[{"keyword":"@bbcbreaking","from":"2017-05-11","mode":"submitSocial","container":"all","username":"arwin"}]
2017-05-13 05:04:26	[{"keyword":"@forbes","from":"2017-05-11","mode":"submitSocial","container":"all","username":"arwin"}]
2017-05-13 05:04:29	[{"keyword":"@bensradio","from":"2017-05-11","mode":"submitSocial","container":"all","username":"arwin"}]
2017-05-13 05:04:35	[{"keyword":"@instagram","from":"2017-05-11","mode":"submitSocial","container":"all","username":"arwin"}]
2017-05-13 05:04:38	[{"keyword":"@pinterest","from":"2017-05-11","mode":"submitSocial","container":"all","username":"arwin"}]
2017-05-13 05:04:45	[{"keyword":"@google","from":"2017-05-11","mode":"submitSocial","container":"all","username":"arwin"}]
2017-05-13 05:04:48	[{"keyword":"@pertaminalub","from":"2017-05-11","mode":"submitSocial","container":"all","username":"arwin"}]
2017-05-13 05:04:50	[{"keyword":"@infolalintol","from":"2017-05-11","mode":"submitSocial","container":"all","username":"arwin"}]
2017-05-13 05:04:53	[{"keyword":"@ptjasamarga","from":"2017-05-11","mode":"submitSocial","container":"all","username":"arwin"}]
2017-05-13 05:04:55	[{"keyword":"@cititransindo","from":"2017-05-11","mode":"submitSocial","container":"all","username":"arwin"}]
2017-05-13 05:04:58	[{"keyword":"#semangatpagisuperr","from":"2017-05-11","mode":"submitSocial","container":"all","username":"arwin"}]
2017-05-13 05:05:00	[{"keyword":"#genkuisinsideout","from":"2017-05-11","mode":"submitSocial","container":"all","username":"arwin"}]
2017-05-13 05:05:03	[{"keyword":"#semangatpagi","from":"2017-05-11","mode":"submitSocial","container":"all","username":"arwin"}]
2017-05-13 05:05:06	[{"keyword":"#dikamar","from":"2017-05-11","mode":"submitSocial","container":"all","username":"arwin"}]
2017-05-13 05:05:10	[{"keyword":"#kopaja","from":"2017-05-11","mode":"submitSocial","container":"all","username":"arwin"}]
2017-05-13 05:05:12	[{"keyword":"#generaksi8","from":"2017-05-11","mode":"submitSocial","container":"all","username":"arwin"}]
2017-05-13 05:05:15	[{"keyword":"#hitztsp","from":"2017-05-11","mode":"submitSocial","container":"all","username":"arwin"}]
2017-05-13 05:05:18	[{"keyword":"#np","from":"2017-05-11","mode":"submitSocial","container":"all","username":"arwin"}]
2017-05-13 05:05:21	[{"keyword":"#hitzlivestage","from":"2017-05-11","mode":"submitSocial","container":"all","username":"arwin"}]
2017-05-13 05:05:24	[{"keyword":"#thefreaks","from":"2017-05-11","mode":"submitSocial","container":"all","username":"arwin"}]
2017-05-13 05:05:26	[{"keyword":"#hitzsirkuspagi","from":"2017-05-11","mode":"submitSocial","container":"all","username":"arwin"}]
2017-05-13 05:05:29	[{"keyword":"#hitzathlon","from":"2017-05-11","mode":"submitSocial","container":"all","username":"arwin"}]
2017-05-13 05:05:31	[{"keyword":"#hitzzombie","from":"2017-05-11","mode":"submitSocial","container":"all","username":"arwin"}]
2017-05-13 05:05:34	[{"keyword":"#hitzkalong","from":"2017-05-11","mode":"submitSocial","container":"all","username":"arwin"}]
2017-05-13 05:05:37	[{"keyword":"#hitzbebas","from":"2017-05-11","mode":"submitSocial","container":"all","username":"arwin"}]
2017-05-13 05:05:39	[{"keyword":"#hitzhorehara","from":"2017-05-11","mode":"submitSocial","container":"all","username":"arwin"}]
2017-05-13 05:05:42	[{"keyword":"@zaloraid","from":"2017-05-11","mode":"submitSocial","container":"all","username":"arwin"}]
2017-05-13 05:05:45	[{"keyword":"@olx_indonesia","from":"2017-05-11","mode":"submitSocial","container":"all","username":"arwin"}]
2017-05-13 05:05:48	[{"keyword":"@lazadaid","from":"2017-05-11","mode":"submitSocial","container":"all","username":"arwin"}]
2017-05-13 05:05:50	[{"keyword":"@utrippers","from":"2017-05-11","mode":"submitSocial","container":"all","username":"arwin"}]
2017-05-13 05:05:53	[{"keyword":"@gogobot","from":"2017-05-11","mode":"submitSocial","container":"all","username":"arwin"}]
2017-05-13 05:05:56	[{"keyword":"@viatortravel","from":"2017-05-11","mode":"submitSocial","container":"all","username":"arwin"}]
2017-05-13 05:05:58	[{"keyword":"@alandakariza","from":"2017-05-11","mode":"submitSocial","container":"all","username":"arwin"}]
2017-05-13 05:06:01	[{"keyword":"@gagasmedia","from":"2017-05-11","mode":"submitSocial","container":"all","username":"arwin"}]
2017-05-13 05:06:04	[{"keyword":"@welovehonda","from":"2017-05-11","mode":"submitSocial","container":"all","username":"arwin"}]
2017-05-13 05:06:06	[{"keyword":"@suzukimotorid","from":"2017-05-11","mode":"submitSocial","container":"all","username":"arwin"}]
2017-05-13 05:06:09	[{"keyword":"@kawasakilovers","from":"2017-05-11","mode":"submitSocial","container":"all","username":"arwin"}]
2017-05-13 05:06:11	[{"keyword":"@yamahaindonesia","from":"2017-05-11","mode":"submitSocial","container":"all","username":"arwin"}]
2017-05-13 05:06:14	[{"keyword":"@tripanzee","from":"2017-05-11","mode":"submitSocial","container":"all","username":"arwin"}]
2017-05-13 05:06:16	[{"keyword":"@arnoldpoernomo","from":"2017-05-11","mode":"submitSocial","container":"all","username":"arwin"}]
2017-05-13 05:06:19	[{"keyword":"@nicsap","from":"2017-05-11","mode":"submitSocial","container":"all","username":"arwin"}]
2017-05-13 05:06:22	[{"keyword":"@tiket2","from":"2017-05-11","mode":"submitSocial","container":"all","username":"arwin"}]
2017-05-13 05:06:25	[{"keyword":"@traveloka","from":"2017-05-11","mode":"submitSocial","container":"all","username":"arwin"}]
2017-05-13 05:06:28	[{"keyword":"@wego","from":"2017-05-11","mode":"submitSocial","container":"all","username":"arwin"}]
2017-05-13 05:06:32	[{"keyword":"@agoda","from":"2017-05-11","mode":"submitSocial","container":"all","username":"arwin"}]
2017-05-13 05:06:34	[{"keyword":"#salahsambung","from":"2017-05-11","mode":"submitSocial","container":"all","username":"arwin"}]
2017-05-13 05:06:37	[{"keyword":"#tulalit","from":"2017-05-11","mode":"submitSocial","container":"all","username":"arwin"}]
2017-05-13 05:06:39	[{"keyword":"#pestageneraksi8","from":"2017-05-11","mode":"submitSocial","container":"all","username":"arwin"}]
2017-05-13 05:06:41	[{"keyword":"#ganaskustik","from":"2017-05-11","mode":"submitSocial","container":"all","username":"arwin"}]
2017-05-13 05:06:44	[{"keyword":"#lnhot20","from":"2017-05-11","mode":"submitSocial","container":"all","username":"arwin"}]
2017-05-13 05:06:47	[{"keyword":"@tripadvisor","from":"2017-05-11","mode":"submitSocial","container":"all","username":"arwin"}]
2017-05-13 05:06:54	[{"keyword":"@google","from":"2017-05-11","mode":"submitSocial","container":"all","username":"arwin"}]
2017-05-13 05:06:57	[{"keyword":"@telkomsel","from":"2017-05-11","mode":"submitSocial","container":"all","username":"arwin"}]
2017-05-13 05:07:00	[{"keyword":"@indosat","from":"2017-05-11","mode":"submitSocial","container":"all","username":"arwin"}]
2017-05-13 05:07:05	[{"keyword":"@bahanafmjkt","from":"2017-05-11","mode":"submitSocial","container":"all","username":""}]
2017-05-13 05:07:09	[{"keyword":"@sonorafm92","from":"2017-05-11","mode":"submitSocial","container":"all","username":"arwin"}]
2017-05-13 05:07:11	[{"keyword":"@litefm1058","from":"2017-05-11","mode":"submitSocial","container":"all","username":"arwin"}]
2017-05-13 05:07:14	[{"keyword":"@bravaradio","from":"2017-05-11","mode":"submitSocial","container":"all","username":"arwin"}]
2017-05-13 05:07:17	[{"keyword":"#dgitm","from":"2017-05-11","mode":"submitSocial","container":"all","username":"arwin"}]
2017-05-13 05:07:19	[{"keyword":"#hitsalaprambors","from":"2017-05-11","mode":"submitSocial","container":"all","username":"arwin"}]
2017-05-13 05:07:22	[{"keyword":"#reqprambors","from":"2017-05-11","mode":"submitSocial","container":"all","username":"arwin"}]
2017-05-13 05:07:25	[{"keyword":"#thedandees","from":"2017-05-11","mode":"submitSocial","container":"all","username":"arwin"}]
2017-05-13 05:07:27	[{"keyword":"#pramborsquiz","from":"2017-05-11","mode":"submitSocial","container":"all","username":"arwin"}]
2017-05-13 05:07:29	[{"keyword":"#jeliprambors","from":"2017-05-11","mode":"submitSocial","container":"all","username":"arwin"}]
2017-05-13 05:07:32	[{"keyword":"#jodohinprambors","from":"2017-05-11","mode":"submitSocial","container":"all","username":"arwin"}]
2017-05-13 05:07:34	[{"keyword":"#ubahdenganbicara","from":"2017-05-11","mode":"submitSocial","container":"all","username":"arwin"}]
2017-05-13 05:07:37	[{"keyword":"#pramborschat","from":"2017-05-11","mode":"submitSocial","container":"all","username":"arwin"}]
2017-05-13 05:07:39	[{"keyword":"#tweetforduit","from":"2017-05-11","mode":"submitSocial","container":"all","username":"arwin"}]
2017-05-13 05:07:42	[{"keyword":"#joki3in1","from":"2017-05-11","mode":"submitSocial","container":"all","username":"arwin"}]
2017-05-13 05:07:44	[{"keyword":"#sarapanseru","from":"2017-05-11","mode":"submitSocial","container":"all","username":"arwin"}]
2017-05-13 05:07:47	[{"keyword":"#rawonkaneloop","from":"2017-05-11","mode":"submitSocial","container":"all","username":"arwin"}]
2017-05-13 05:07:49	[{"keyword":"#gudegkendilkeraton","from":"2017-05-11","mode":"submitSocial","container":"all","username":"arwin"}]
2017-05-13 05:07:52	[{"keyword":"#gadogadobutika","from":"2017-05-11","mode":"submitSocial","container":"all","username":"arwin"}]
2017-05-13 05:07:54	[{"keyword":"#mtvhottest","from":"2017-05-11","mode":"submitSocial","container":"all","username":"arwin"}]
2017-05-13 05:07:57	[{"keyword":"#dimsumcjdw","from":"2017-05-11","mode":"submitSocial","container":"all","username":"arwin"}]
2017-05-13 05:07:59	[{"keyword":"#pecelmadiunmbakniek","from":"2017-05-11","mode":"submitSocial","container":"all","username":"arwin"}]
2017-05-13 05:08:02	[{"keyword":"#depotarema","from":"2017-05-11","mode":"submitSocial","container":"all","username":"arwin"}]
2017-05-13 05:08:04	[{"keyword":"@bni46","from":"2017-05-11","mode":"submitSocial","container":"all","username":"arwin"}]
2017-05-13 05:08:07	[{"keyword":"@bankbri_id","from":"2017-05-11","mode":"submitSocial","container":"all","username":"arwin"}]
2017-05-13 05:08:10	[{"keyword":"#bni46","from":"2017-05-11","mode":"submitSocial","container":"all","username":"arwin"}]
2017-05-13 05:08:15	[{"keyword":"macet","from":"2017-05-11","mode":"submitSocial","container":"all","username":"arwin"}]
2017-05-13 05:08:18	[{"keyword":"#selamatpagi","from":"2017-05-11","mode":"submitSocial","container":"all","username":"arwin"}]
2017-05-13 05:08:21	[{"keyword":"#selamatmalam","from":"2017-05-11","mode":"submitSocial","container":"all","username":"arwin"}]
2017-05-13 05:08:24	[{"keyword":"@884globalradio","from":"2017-05-11","mode":"submitSocial","container":"all","username":"arwin"}]
2017-05-13 05:08:26	[{"keyword":"@day_trans","from":"2017-05-11","mode":"submitSocial","container":"all","username":"arwin"}]
2017-05-13 05:08:29	[{"keyword":"@kencanavoyage","from":"2017-05-11","mode":"submitSocial","container":"all","username":"arwin"}]
2017-05-13 05:08:32	[{"keyword":"@jukebox5d","from":"2017-05-11","mode":"submitSocial","container":"all","username":"arwin"}]
2017-05-13 05:08:34	[{"keyword":"#mtvhottest","from":"2017-05-11","mode":"submitSocial","container":"all","username":"arwin"}]
2017-05-13 05:08:37	[{"keyword":"#semangatpagi","from":"2017-05-11","mode":"submitSocial","container":"all","username":"arwin"}]
2017-05-13 05:08:39	[{"keyword":"lifebuoy","from":"2017-05-11","mode":"submitSocial","container":"all","username":"arwin"}]
2017-05-13 05:08:48	[{"keyword":"jokowi","from":"2017-05-11","mode":"submitSocial","container":"all","username":"arwin"}]
2017-05-13 05:08:57	[{"keyword":"obama","from":"2017-05-11","mode":"submitSocial","container":"all","username":"arwin"}]
2017-05-13 05:09:01	[{"keyword":"starwars","from":"2017-05-11","mode":"submitSocial","container":"all","username":"arwin"}]
2017-05-13 05:09:05	[{"keyword":"jonan","from":"2017-05-11","mode":"submitSocial","container":"all","username":"arwin"}]
2017-05-13 05:09:13	[{"keyword":"pagi","from":"2017-05-11","mode":"submitSocial","container":"all","username":"arwin"}]
2017-05-13 05:09:16	[{"keyword":"sampoerna","from":"2017-05-11","mode":"submitSocial","container":"all","username":"arwin"}]
2017-05-13 05:09:20	[{"keyword":"djarum","from":"2017-05-11","mode":"submitSocial","container":"all","username":"arwin"}]
2017-05-13 05:09:22	[{"keyword":"#semangatpagi","from":"2017-05-11","mode":"submitSocial","container":"all","username":"arwin"}]
2017-05-13 05:09:24	[{"keyword":"#generaksi8","from":"2017-05-11","mode":"submitSocial","container":"all","username":"arwin"}]
2017-05-13 05:09:27	[{"keyword":"#365alasan","from":"2017-05-11","mode":"submitSocial","container":"all","username":"arwin"}]
2017-05-13 05:09:30	[{"keyword":"weew","from":"2017-05-11","mode":"submitSocial","container":"all","username":"arwin"}]
2017-05-13 05:09:39	[{"keyword":"testing","from":"2017-05-11","mode":"submitSocial","container":"all","username":"arwin"}]
2017-05-13 05:09:42	[{"keyword":"#kopaja","from":"2017-05-11","mode":"submitSocial","container":"all","username":"arwin"}]
2017-05-13 05:09:45	[{"keyword":"#genkuisinsideout","from":"2017-05-11","mode":"submitSocial","container":"all","username":"arwin"}]
2017-05-13 05:09:48	[{"keyword":"starwars","from":"2017-05-11","mode":"submitSocial","container":"all","username":"arwin"}]
2017-05-13 05:09:51	[{"keyword":"#kopaja","from":"2017-05-11","mode":"submitSocial","container":"all","username":"arwin"}]
2017-05-13 05:09:54	[{"keyword":"mldspot","from":"2017-05-11","mode":"submitSocial","container":"all","username":"arwin"}]
2017-05-13 05:09:57	[{"keyword":"pbdjarum","from":"2017-05-11","mode":"submitSocial","container":"all","username":"arwin"}]
2017-05-13 05:10:00	[{"keyword":"temannabati","from":"2017-05-11","mode":"submitSocial","container":"all","username":"arwin"}]
2017-05-13 05:10:04	[{"keyword":"nextar","from":"2017-05-11","mode":"submitSocial","container":"all","username":"arwin"}]
2017-05-13 05:10:08	[{"keyword":"jokowo","from":"2017-05-11","mode":"submitSocial","container":"all","username":"arwin"}]
2017-05-13 05:10:14	[{"keyword":"prabowo","from":"2017-05-11","mode":"submitSocial","container":"all","username":"arwin"}]
2017-05-13 05:10:17	[{"keyword":"sudirman said","from":"2017-05-11","mode":"submitSocial","container":"all","username":"arwin"}]
2017-05-13 05:10:38	[{"keyword":"ahok","from":"2017-05-11","mode":"submitSocial","container":"all","username":"arwin"}]
2017-05-13 05:10:41	[{"keyword":"setyanovanto","from":"2017-05-11","mode":"submitSocial","container":"all","username":"arwin"}]
2017-05-13 05:10:49	[{"keyword":"jokowi","from":"2017-05-11","mode":"submitSocial","container":"all","username":"arwin"}]
2017-05-13 05:11:10	[{"keyword":"ahok","from":"2017-05-11","mode":"submitSocial","container":"all","username":"arwin"}]
2017-05-13 05:11:15	[{"keyword":"prabowo","from":"2017-05-11","mode":"submitSocial","container":"all","username":"arwin"}]
2017-05-13 05:11:18	[{"keyword":"sudirman said","from":"2017-05-11","mode":"submitSocial","container":"all","username":"arwin"}]
2017-05-13 05:11:21	[{"keyword":"setyanovanto","from":"2017-05-11","mode":"submitSocial","container":"all","username":"arwin"}]
2017-05-13 05:11:26	[{"keyword":"galau","from":"2017-05-11","mode":"submitSocial","container":"all","username":"arwin"}]
2017-05-13 05:11:28	[{"keyword":"#prestasiindonesia","from":"2017-05-11","mode":"submitSocial","container":"all","username":"arwin"}]
2017-05-13 05:11:31	[{"keyword":"@tw_debi","from":"2017-05-11","mode":"submitSocial","container":"all","username":"arwin"}]
2017-05-13 05:11:34	[{"keyword":"@officialfastron","from":"2017-05-11","mode":"submitSocial","container":"all","username":"arwin"}]
2017-05-13 05:11:37	[{"keyword":"@citibankid","from":"2017-05-11","mode":"submitSocial","container":"all","username":"arwin"}]
2017-05-13 05:11:40	[{"keyword":"@jak101fm","from":"2017-05-11","mode":"submitSocial","container":"all","username":"arwin"}]
2017-05-13 05:11:43	[{"keyword":"@genfm","from":"2017-05-11","mode":"submitSocial","container":"all","username":"arwin"}]
