2017-12-07 05:00:03	worker	@987genfm;2017-12-05 - 2017-12-05;submitSocial;all;arwin
2017-12-07 05:00:07	worker	@101jakfm;2017-12-05 - 2017-12-05;submitSocial;all;arwin
2017-12-07 05:00:10	worker	@prambors;2017-12-05 - 2017-12-05;submitSocial;all;arwin
2017-12-07 05:00:14	worker	@hardrockfm;2017-12-05 - 2017-12-05;submitSocial;all;arwin
2017-12-07 05:00:17	worker	@kisfmjakarta;2017-12-05 - 2017-12-05;submitSocial;all;arwin
2017-12-07 05:00:19	worker	@delta_fm;2017-12-05 - 2017-12-05;submitSocial;all;arwin
2017-12-07 05:00:22	worker	@traxfmjkt;2017-12-05 - 2017-12-05;submitSocial;all;arwin
2017-12-07 05:00:25	worker	@iradiojakarta;2017-12-05 - 2017-12-05;submitSocial;all;arwin
2017-12-07 05:00:28	worker	@indika9160fm;2017-12-05 - 2017-12-05;submitSocial;all;arwin
2017-12-07 05:00:30	worker	@shellindonesia;2017-12-05 - 2017-12-05;submitSocial;all;arwin
2017-12-07 05:00:33	worker	@vpowerfans;2017-12-05 - 2017-12-05;submitSocial;all;arwin
2017-12-07 05:00:36	worker	@pertamaxind;2017-12-05 - 2017-12-05;submitSocial;all;arwin
2017-12-07 05:00:38	worker	@ptpertamina;2017-12-05 - 2017-12-05;submitSocial;all;arwin
2017-12-07 05:00:41	worker	@OZRadioJakarta;2017-12-05 - 2017-12-05;submitSocial;all;arwin
2017-12-07 05:00:44	worker	@CosmopolitanFM;2017-12-05 - 2017-12-05;submitSocial;all;arwin
2017-12-07 05:00:46	worker	@mustang88fm;2017-12-05 - 2017-12-05;submitSocial;all;arwin
2017-12-07 05:00:49	worker	@debabaz;2017-12-05 - 2017-12-05;submitSocial;all;arwin
2017-12-07 05:00:51	worker	@detikcom;2017-12-05 - 2017-12-05;submitSocial;all;arwin
2017-12-07 05:00:56	worker	@radioelshinta;2017-12-05 - 2017-12-05;submitSocial;all;arwin
2017-12-07 05:00:59	worker	@cinema21;2017-12-05 - 2017-12-05;submitSocial;all;arwin
2017-12-07 05:01:01	worker	@OfficialRCTI;2017-12-05 - 2017-12-05;submitSocial;all;arwin
2017-12-07 05:01:04	worker	@TRANSTV_CORP;2017-12-05 - 2017-12-05;submitSocial;all;arwin
2017-12-07 05:01:07	worker	@TRANS7;2017-12-05 - 2017-12-05;submitSocial;all;arwin
2017-12-07 05:01:10	worker	@Metro_TV;2017-12-05 - 2017-12-05;submitSocial;all;arwin
2017-12-07 05:01:14	worker	@tvOneNews;2017-12-05 - 2017-12-05;submitSocial;all;arwin
2017-12-07 05:01:17	worker	@whatsonANTV;2017-12-05 - 2017-12-05;submitSocial;all;arwin
2017-12-07 05:01:20	worker	@SCTV_;2017-12-05 - 2017-12-05;submitSocial;all;arwin
2017-12-07 05:01:24	worker	@KompasTV;2017-12-05 - 2017-12-05;submitSocial;all;arwin
2017-12-07 05:01:26	worker	@netmediatama;2017-12-05 - 2017-12-05;submitSocial;all;arwin
2017-12-07 05:01:29	worker	@Globaltvseru;2017-12-05 - 2017-12-05;submitSocial;all;arwin
2017-12-07 05:01:32	worker	@JaktvCom;2017-12-05 - 2017-12-05;submitSocial;all;arwin
2017-12-07 05:01:35	worker	@TVRINasional;2017-12-05 - 2017-12-05;submitSocial;all;arwin
2017-12-07 05:01:37	worker	@ochannelupdates;2017-12-05 - 2017-12-05;submitSocial;all;arwin
2017-12-07 05:01:40	worker	@IndosiarID;2017-12-05 - 2017-12-05;submitSocial;all;arwin
2017-12-07 05:01:43	worker	@kompascom;2017-12-05 - 2017-12-05;submitSocial;all;arwin
2017-12-07 05:01:47	worker	@merdekadotcom;2017-12-05 - 2017-12-05;submitSocial;all;arwin
2017-12-07 05:01:50	worker	@MIdotcom;2017-12-05 - 2017-12-05;submitSocial;all;arwin
2017-12-07 05:01:53	worker	@tempodotco;2017-12-05 - 2017-12-05;submitSocial;all;arwin
2017-12-07 05:01:56	worker	@motion975fm;2017-12-05 - 2017-12-05;submitSocial;all;arwin
2017-12-07 05:01:58	worker	@_radiotoday;2017-12-05 - 2017-12-05;submitSocial;all;arwin
2017-12-07 05:02:01	worker	@radioinfo;2017-12-05 - 2017-12-05;submitSocial;all;arwin
2017-12-07 05:02:04	worker	@979FeMaleRadio;2017-12-05 - 2017-12-05;submitSocial;all;arwin
2017-12-07 05:02:06	worker	@WomanRadio943FM;2017-12-05 - 2017-12-05;submitSocial;all;arwin
2017-12-07 05:02:09	worker	@VRadioFM;2017-12-05 - 2017-12-05;submitSocial;all;arwin
2017-12-07 05:02:12	worker	@UFM947;2017-12-05 - 2017-12-05;submitSocial;all;arwin
2017-12-07 05:02:14	worker	@VIVAnews;2017-12-05 - 2017-12-05;submitSocial;all;arwin
2017-12-07 05:02:17	worker	@antaranews;2017-12-05 - 2017-12-05;submitSocial;all;arwin
2017-12-07 05:02:20	worker	@tribunnews;2017-12-05 - 2017-12-05;submitSocial;all;arwin
2017-12-07 05:02:23	worker	@okezonenews;2017-12-05 - 2017-12-05;submitSocial;all;arwin
2017-12-07 05:02:26	worker	@Beritasatu;2017-12-05 - 2017-12-05;submitSocial;all;arwin
2017-12-07 05:02:29	worker	@rollingstoneina;2017-12-05 - 2017-12-05;submitSocial;all;arwin
2017-12-07 05:02:32	worker	@FIMELAdotcom;2017-12-05 - 2017-12-05;submitSocial;all;arwin
2017-12-07 05:02:34	worker	@KapanLagicom;2017-12-05 - 2017-12-05;submitSocial;all;arwin
2017-12-07 05:02:37	worker	@KompasEnt ;2017-12-05 - 2017-12-05;submitSocial;all;arwin
2017-12-07 05:02:39	worker	@HaiMagazine;2017-12-05 - 2017-12-05;submitSocial;all;arwin
2017-12-07 05:02:42	worker	@JakartaVenue;2017-12-05 - 2017-12-05;submitSocial;all;arwin
2017-12-07 05:02:45	worker	@SeputarEvent;2017-12-05 - 2017-12-05;submitSocial;all;arwin
2017-12-07 05:02:47	worker	@ismayaLive;2017-12-05 - 2017-12-05;submitSocial;all;arwin
2017-12-07 05:02:50	worker	@ECEntertainment;2017-12-05 - 2017-12-05;submitSocial;all;arwin
2017-12-07 05:02:52	worker	@synergism_En;2017-12-05 - 2017-12-05;submitSocial;all;arwin
2017-12-07 05:02:54	worker	@Urbanbandung;2017-12-05 - 2017-12-05;submitSocial;all;arwin
2017-12-07 05:02:57	worker	@Urbanrkm995;2017-12-05 - 2017-12-05;submitSocial;all;arwin
2017-12-07 05:02:59	worker	@Garuda_Promo;2017-12-05 - 2017-12-05;submitSocial;all;arwin
2017-12-07 05:03:02	worker	@AirAsiaID;2017-12-05 - 2017-12-05;submitSocial;all;arwin
2017-12-07 05:03:04	worker	@KAI121;2017-12-05 - 2017-12-05;submitSocial;all;arwin
2017-12-07 05:03:07	worker	@Unilever;2017-12-05 - 2017-12-05;submitSocial;all;arwin
2017-12-07 05:03:10	worker	@Nestle;2017-12-05 - 2017-12-05;submitSocial;all;arwin
2017-12-07 05:03:14	worker	@CocaCola;2017-12-05 - 2017-12-05;submitSocial;all;arwin
2017-12-07 05:03:18	worker	@CNN;2017-12-05 - 2017-12-05;submitSocial;all;arwin
2017-12-07 05:03:23	worker	@MTV;2017-12-05 - 2017-12-05;submitSocial;all;arwin
2017-12-07 05:03:28	worker	@channelv;2017-12-05 - 2017-12-05;submitSocial;all;arwin
2017-12-07 05:03:30	worker	@iTunesMusic;2017-12-05 - 2017-12-05;submitSocial;all;arwin
2017-12-07 05:03:33	worker	@mashable;2017-12-05 - 2017-12-05;submitSocial;all;arwin
2017-12-07 05:03:36	worker	@decacaz;2017-12-05 - 2017-12-05;submitSocial;all;arwin
2017-12-07 05:03:38	worker	@radiobaru967FM;2017-12-05 - 2017-12-05;submitSocial;all;arwin
2017-12-07 05:03:40	worker	@967HitzFM;2017-12-05 - 2017-12-05;submitSocial;all;arwin
2017-12-07 05:03:43	worker	@TVGuide;2017-12-05 - 2017-12-05;submitSocial;all;arwin
2017-12-07 05:03:46	worker	@XL123;2017-12-05 - 2017-12-05;submitSocial;all;arwin
2017-12-07 05:03:49	worker	@triindonesia;2017-12-05 - 2017-12-05;submitSocial;all;arwin
2017-12-07 05:03:51	worker	@kaskus;2017-12-05 - 2017-12-05;submitSocial;all;arwin
2017-12-07 05:03:55	worker	@Studio_XXI;2017-12-05 - 2017-12-05;submitSocial;all;arwin
2017-12-07 05:03:57	worker	@blitzmegaplex;2017-12-05 - 2017-12-05;submitSocial;all;arwin
2017-12-07 05:03:59	worker	@alfamartku;2017-12-05 - 2017-12-05;submitSocial;all;arwin
2017-12-07 05:04:02	worker	@Carrefour_ID;2017-12-05 - 2017-12-05;submitSocial;all;arwin
2017-12-07 05:04:05	worker	@BBCBreaking;2017-12-05 - 2017-12-05;submitSocial;all;arwin
2017-12-07 05:04:09	worker	@Forbes;2017-12-05 - 2017-12-05;submitSocial;all;arwin
2017-12-07 05:04:15	worker	@BensRadio;2017-12-05 - 2017-12-05;submitSocial;all;arwin
2017-12-07 05:04:18	worker	@instagram;2017-12-05 - 2017-12-05;submitSocial;all;arwin
2017-12-07 05:04:23	worker	@Pinterest;2017-12-05 - 2017-12-05;submitSocial;all;arwin
2017-12-07 05:04:26	worker	@google;2017-12-05 - 2017-12-05;submitSocial;all;arwin
2017-12-07 05:04:34	worker	@Pertaminalub;2017-12-05 - 2017-12-05;submitSocial;all;arwin
2017-12-07 05:04:37	worker	@InfoLalinTol;2017-12-05 - 2017-12-05;submitSocial;all;arwin
2017-12-07 05:04:39	worker	@PTJASAMARGA;2017-12-05 - 2017-12-05;submitSocial;all;arwin
2017-12-07 05:04:42	worker	@cititransindo;2017-12-05 - 2017-12-05;submitSocial;all;arwin
2017-12-07 05:04:44	worker	#semangatpagisuperr;2017-12-05 - 2017-12-05;submitSocial;all;arwin
2017-12-07 05:04:47	worker	#genkuisinsideout;2017-12-05 - 2017-12-05;submitSocial;all;arwin
2017-12-07 05:04:49	worker	#semangatpagi;2017-12-05 - 2017-12-05;submitSocial;all;arwin
2017-12-07 05:04:51	worker	#dikamar;2017-12-05 - 2017-12-05;submitSocial;all;arwin
2017-12-07 05:04:54	worker	#kopaja;2017-12-05 - 2017-12-05;submitSocial;all;arwin
2017-12-07 05:04:57	worker	#generaksi8;2017-12-05 - 2017-12-05;submitSocial;all;arwin
2017-12-07 05:04:59	worker	#hitztsp;2017-12-05 - 2017-12-05;submitSocial;all;arwin
2017-12-07 05:05:01	worker	#np;2017-12-05 - 2017-12-05;submitSocial;all;arwin
2017-12-07 05:05:06	worker	#hitzlivestage;2017-12-05 - 2017-12-05;submitSocial;all;arwin
2017-12-07 05:05:08	worker	#thefreaks;2017-12-05 - 2017-12-05;submitSocial;all;arwin
2017-12-07 05:05:11	worker	#hitzsirkuspagi;2017-12-05 - 2017-12-05;submitSocial;all;arwin
2017-12-07 05:05:13	worker	#hitzathlon;2017-12-05 - 2017-12-05;submitSocial;all;arwin
2017-12-07 05:05:16	worker	#hitzzombie;2017-12-05 - 2017-12-05;submitSocial;all;arwin
2017-12-07 05:05:19	worker	#hitzkalong;2017-12-05 - 2017-12-05;submitSocial;all;arwin
2017-12-07 05:05:21	worker	#hitzbebas;2017-12-05 - 2017-12-05;submitSocial;all;arwin
2017-12-07 05:05:24	worker	#hitzhorehara;2017-12-05 - 2017-12-05;submitSocial;all;arwin
2017-12-07 05:05:26	worker	@ZaloraID;2017-12-05 - 2017-12-05;submitSocial;all;arwin
2017-12-07 05:05:29	worker	@OLX_Indonesia;2017-12-05 - 2017-12-05;submitSocial;all;arwin
2017-12-07 05:05:31	worker	@LazadaID;2017-12-05 - 2017-12-05;submitSocial;all;arwin
2017-12-07 05:05:35	worker	@utrippers;2017-12-05 - 2017-12-05;submitSocial;all;arwin
2017-12-07 05:05:37	worker	@GoGobot;2017-12-05 - 2017-12-05;submitSocial;all;arwin
2017-12-07 05:05:40	worker	@viatortravel;2017-12-05 - 2017-12-05;submitSocial;all;arwin
2017-12-07 05:05:43	worker	@alandakariza;2017-12-05 - 2017-12-05;submitSocial;all;arwin
2017-12-07 05:05:45	worker	@gagasmedia;2017-12-05 - 2017-12-05;submitSocial;all;arwin
2017-12-07 05:05:48	worker	@welovehonda;2017-12-05 - 2017-12-05;submitSocial;all;arwin
2017-12-07 05:05:51	worker	@SuzukiMotorID;2017-12-05 - 2017-12-05;submitSocial;all;arwin
2017-12-07 05:05:53	worker	@kawasakilovers;2017-12-05 - 2017-12-05;submitSocial;all;arwin
2017-12-07 05:05:56	worker	@yamahaindonesia;2017-12-05 - 2017-12-05;submitSocial;all;arwin
2017-12-07 05:05:58	worker	@tripanzee;2017-12-05 - 2017-12-05;submitSocial;all;arwin
2017-12-07 05:06:01	worker	@arnoldpoernomo;2017-12-05 - 2017-12-05;submitSocial;all;arwin
2017-12-07 05:06:04	worker	@nicsap;2017-12-05 - 2017-12-05;submitSocial;all;arwin
2017-12-07 05:06:07	worker	@tiket2;2017-12-05 - 2017-12-05;submitSocial;all;arwin
2017-12-07 05:06:09	worker	@traveloka;2017-12-05 - 2017-12-05;submitSocial;all;arwin
2017-12-07 05:06:12	worker	@wego;2017-12-05 - 2017-12-05;submitSocial;all;arwin
2017-12-07 05:06:16	worker	@agoda;2017-12-05 - 2017-12-05;submitSocial;all;arwin
2017-12-07 05:06:20	worker	#salahsambung;2017-12-05 - 2017-12-05;submitSocial;all;arwin
2017-12-07 05:06:22	worker	#tulalit;2017-12-05 - 2017-12-05;submitSocial;all;arwin
2017-12-07 05:06:25	worker	#pestageneraksi8;2017-12-05 - 2017-12-05;submitSocial;all;arwin
2017-12-07 05:06:27	worker	#ganaskustik;2017-12-05 - 2017-12-05;submitSocial;all;arwin
2017-12-07 05:06:29	worker	#lnhot20;2017-12-05 - 2017-12-05;submitSocial;all;arwin
2017-12-07 05:06:32	worker	@TripAdvisor;2017-12-05 - 2017-12-05;submitSocial;all;arwin
2017-12-07 05:06:34	worker	@google;2017-12-05 - 2017-12-05;submitSocial;all;arwin
2017-12-07 05:06:42	worker	@Telkomsel;2017-12-05 - 2017-12-05;submitSocial;all;arwin
2017-12-07 05:06:46	worker	@indosat;2017-12-05 - 2017-12-05;submitSocial;all;arwin
2017-12-07 05:06:49	worker	@bahanafmjkt;2017-12-05 - 2017-12-05;submitSocial;all;2017-12-07 05:06:55	worker	@sonorafm92;2017-12-05 - 2017-12-05;submitSocial;all;arwin
2017-12-07 05:06:57	worker	@litefm1058;2017-12-05 - 2017-12-05;submitSocial;all;arwin
2017-12-07 05:06:59	worker	@Bravaradio;2017-12-05 - 2017-12-05;submitSocial;all;arwin
2017-12-07 05:07:02	worker	#dgitm;2017-12-05 - 2017-12-05;submitSocial;all;arwin
2017-12-07 05:07:05	worker	#hitsalaprambors;2017-12-05 - 2017-12-05;submitSocial;all;arwin
2017-12-07 05:07:08	worker	#reqprambors;2017-12-05 - 2017-12-05;submitSocial;all;arwin
2017-12-07 05:07:10	worker	#thedandees;2017-12-05 - 2017-12-05;submitSocial;all;arwin
2017-12-07 05:07:13	worker	#pramborsquiz;2017-12-05 - 2017-12-05;submitSocial;all;arwin
2017-12-07 05:07:15	worker	#jeliprambors;2017-12-05 - 2017-12-05;submitSocial;all;arwin
2017-12-07 05:07:17	worker	#jodohinprambors;2017-12-05 - 2017-12-05;submitSocial;all;arwin
2017-12-07 05:07:19	worker	#ubahdenganbicara;2017-12-05 - 2017-12-05;submitSocial;all;arwin
2017-12-07 05:07:22	worker	#pramborschat;2017-12-05 - 2017-12-05;submitSocial;all;arwin
2017-12-07 05:07:24	worker	#tweetforduit;2017-12-05 - 2017-12-05;submitSocial;all;arwin
2017-12-07 05:07:27	worker	#joki3in1;2017-12-05 - 2017-12-05;submitSocial;all;arwin
2017-12-07 05:07:29	worker	#sarapanseru;2017-12-05 - 2017-12-05;submitSocial;all;arwin
2017-12-07 05:07:31	worker	#rawonkaneloop;2017-12-05 - 2017-12-05;submitSocial;all;arwin
2017-12-07 05:07:34	worker	#gudegkendilkeraton;2017-12-05 - 2017-12-05;submitSocial;all;arwin
2017-12-07 05:07:36	worker	#gadogadobutika;2017-12-05 - 2017-12-05;submitSocial;all;arwin
2017-12-07 05:07:38	worker	#mtvhottest;2017-12-05 - 2017-12-05;submitSocial;all;arwin
2017-12-07 05:07:41	worker	#dimsumcjdw;2017-12-05 - 2017-12-05;submitSocial;all;arwin
2017-12-07 05:07:43	worker	#pecelmadiunmbakniek;2017-12-05 - 2017-12-05;submitSocial;all;arwin
2017-12-07 05:07:45	worker	#depotarema;2017-12-05 - 2017-12-05;submitSocial;all;arwin
2017-12-07 05:07:48	worker	@BNI46;2017-12-05 - 2017-12-05;submitSocial;all;arwin
2017-12-07 05:07:51	worker	@BANKBRI_ID;2017-12-05 - 2017-12-05;submitSocial;all;arwin
2017-12-07 05:07:53	worker	#bni46;2017-12-05 - 2017-12-05;submitSocial;all;arwin
2017-12-07 05:07:56	worker	macet;2017-12-05 - 2017-12-05;submitSocial;all;arwin
2017-12-07 05:08:00	worker	#selamatpagi;2017-12-05 - 2017-12-05;submitSocial;all;arwin
2017-12-07 05:08:03	worker	#selamatmalam;2017-12-05 - 2017-12-05;submitSocial;all;arwin
2017-12-07 05:08:05	worker	@884GlobalRadio;2017-12-05 - 2017-12-05;submitSocial;all;arwin
2017-12-07 05:08:08	worker	@day_trans;2017-12-05 - 2017-12-05;submitSocial;all;arwin
2017-12-07 05:08:11	worker	@kencanavoyage;2017-12-05 - 2017-12-05;submitSocial;all;arwin
2017-12-07 05:08:13	worker	@jukebox5d;2017-12-05 - 2017-12-05;submitSocial;all;arwin
2017-12-07 05:08:16	worker	#mtvhottest;2017-12-05 - 2017-12-05;submitSocial;all;arwin
2017-12-07 05:08:19	worker	#semangatpagi;2017-12-05 - 2017-12-05;submitSocial;all;arwin
2017-12-07 05:08:21	worker	lifebuoy;2017-12-05 - 2017-12-05;submitSocial;all;arwin
2017-12-07 05:08:24	worker	jokowi;2017-12-05 - 2017-12-05;submitSocial;all;arwin
2017-12-07 05:08:32	worker	obama;2017-12-05 - 2017-12-05;submitSocial;all;arwin
2017-12-07 05:08:40	worker	starwars;2017-12-05 - 2017-12-05;submitSocial;all;arwin
2017-12-07 05:08:43	worker	jonan;2017-12-05 - 2017-12-05;submitSocial;all;arwin
2017-12-07 05:08:47	worker	pagi;2017-12-05 - 2017-12-05;submitSocial;all;arwin
2017-12-07 05:08:56	worker	sampoerna;2017-12-05 - 2017-12-05;submitSocial;all;arwin
2017-12-07 05:08:59	worker	djarum;2017-12-05 - 2017-12-05;submitSocial;all;arwin
2017-12-07 05:09:03	worker	#semangatpagi;2017-12-05 - 2017-12-05;submitSocial;all;arwin
2017-12-07 05:09:05	worker	#generaksi8;2017-12-05 - 2017-12-05;submitSocial;all;arwin
2017-12-07 05:09:07	worker	#365alasan;2017-12-05 - 2017-12-05;submitSocial;all;arwin
2017-12-07 05:09:10	worker	weew;2017-12-05 - 2017-12-05;submitSocial;all;arwin
2017-12-07 05:09:13	worker	testing;2017-12-05 - 2017-12-05;submitSocial;all;arwin
2017-12-07 05:09:22	worker	#kopaja;2017-12-05 - 2017-12-05;submitSocial;all;arwin
2017-12-07 05:09:25	worker	#genkuisinsideout;2017-12-05 - 2017-12-05;submitSocial;all;arwin
2017-12-07 05:09:27	worker	starwars;2017-12-05 - 2017-12-05;submitSocial;all;arwin
2017-12-07 05:09:30	worker	#kopaja;2017-12-05 - 2017-12-05;submitSocial;all;arwin
2017-12-07 05:09:33	worker	mldspot;2017-12-05 - 2017-12-05;submitSocial;all;arwin
2017-12-07 05:09:36	worker	PBDjarum;2017-12-05 - 2017-12-05;submitSocial;all;arwin
2017-12-07 05:09:39	worker	TemanNabati;2017-12-05 - 2017-12-05;submitSocial;all;arwin
2017-12-07 05:09:41	worker	Nextar;2017-12-05 - 2017-12-05;submitSocial;all;arwin
2017-12-07 05:09:45	worker	jokowo;2017-12-05 - 2017-12-05;submitSocial;all;arwin
2017-12-07 05:09:48	worker	prabowo;2017-12-05 - 2017-12-05;submitSocial;all;arwin
2017-12-07 05:09:52	worker	sudirman said;2017-12-05 - 2017-12-05;submitSocial;all;arwin
2017-12-07 05:09:55	worker	ahok;2017-12-05 - 2017-12-05;submitSocial;all;arwin
2017-12-07 05:10:01	worker	setyanovanto;2017-12-05 - 2017-12-05;submitSocial;all;arwin
2017-12-07 05:10:04	worker	jokowi;2017-12-05 - 2017-12-05;submitSocial;all;arwin
2017-12-07 05:10:13	worker	ahok;2017-12-05 - 2017-12-05;submitSocial;all;arwin
2017-12-07 05:10:20	worker	prabowo;2017-12-05 - 2017-12-05;submitSocial;all;arwin
2017-12-07 05:10:25	worker	sudirman said;2017-12-05 - 2017-12-05;submitSocial;all;arwin
2017-12-07 05:10:27	worker	setyanovanto;2017-12-05 - 2017-12-05;submitSocial;all;arwin
2017-12-07 05:10:30	worker	galau;2017-12-05 - 2017-12-05;submitSocial;all;arwin
2017-12-07 05:10:35	worker	#prestasiindonesia;2017-12-05 - 2017-12-05;submitSocial;all;arwin
2017-12-07 05:10:37	worker	@Tw_Debi;2017-12-05 - 2017-12-05;submitSocial;all;arwin
2017-12-07 05:10:40	worker	@OfficialFastron;2017-12-05 - 2017-12-05;submitSocial;all;arwin
2017-12-07 05:10:42	worker	@CitibankID;2017-12-05 - 2017-12-05;submitSocial;all;arwin
2017-12-07 05:10:45	worker	@jak101fm;2017-12-05 - 2017-12-05;submitSocial;all;arwin
2017-12-07 05:10:48	worker	@genfm;2017-12-05 - 2017-12-05;submitSocial;all;arwin
