2017-11-19 05:00:07	[{"keyword":"@987genfm","from":"2017-11-17","mode":"submitSocial","container":"all","username":"arwin"}]
2017-11-19 05:00:10	[{"keyword":"@101jakfm","from":"2017-11-17","mode":"submitSocial","container":"all","username":"arwin"}]
2017-11-19 05:00:13	[{"keyword":"@prambors","from":"2017-11-17","mode":"submitSocial","container":"all","username":"arwin"}]
2017-11-19 05:00:16	[{"keyword":"@hardrockfm","from":"2017-11-17","mode":"submitSocial","container":"all","username":"arwin"}]
2017-11-19 05:00:19	[{"keyword":"@kisfmjakarta","from":"2017-11-17","mode":"submitSocial","container":"all","username":"arwin"}]
2017-11-19 05:00:22	[{"keyword":"@delta_fm","from":"2017-11-17","mode":"submitSocial","container":"all","username":"arwin"}]
2017-11-19 05:00:24	[{"keyword":"@traxfmjkt","from":"2017-11-17","mode":"submitSocial","container":"all","username":"arwin"}]
2017-11-19 05:00:27	[{"keyword":"@iradiojakarta","from":"2017-11-17","mode":"submitSocial","container":"all","username":"arwin"}]
2017-11-19 05:00:29	[{"keyword":"@indika9160fm","from":"2017-11-17","mode":"submitSocial","container":"all","username":"arwin"}]
2017-11-19 05:00:32	[{"keyword":"@shellindonesia","from":"2017-11-17","mode":"submitSocial","container":"all","username":"arwin"}]
2017-11-19 05:00:34	[{"keyword":"@vpowerfans","from":"2017-11-17","mode":"submitSocial","container":"all","username":"arwin"}]
2017-11-19 05:00:37	[{"keyword":"@pertamaxind","from":"2017-11-17","mode":"submitSocial","container":"all","username":"arwin"}]
2017-11-19 05:00:40	[{"keyword":"@ptpertamina","from":"2017-11-17","mode":"submitSocial","container":"all","username":"arwin"}]
2017-11-19 05:00:42	[{"keyword":"@ozradiojakarta","from":"2017-11-17","mode":"submitSocial","container":"all","username":"arwin"}]
2017-11-19 05:00:45	[{"keyword":"@cosmopolitanfm","from":"2017-11-17","mode":"submitSocial","container":"all","username":"arwin"}]
2017-11-19 05:00:48	[{"keyword":"@mustang88fm","from":"2017-11-17","mode":"submitSocial","container":"all","username":"arwin"}]
2017-11-19 05:00:50	[{"keyword":"@debabaz","from":"2017-11-17","mode":"submitSocial","container":"all","username":"arwin"}]
2017-11-19 05:00:56	[{"keyword":"@detikcom","from":"2017-11-17","mode":"submitSocial","container":"all","username":"arwin"}]
2017-11-19 05:00:59	[{"keyword":"@radioelshinta","from":"2017-11-17","mode":"submitSocial","container":"all","username":"arwin"}]
2017-11-19 05:01:02	[{"keyword":"@cinema21","from":"2017-11-17","mode":"submitSocial","container":"all","username":"arwin"}]
2017-11-19 05:01:05	[{"keyword":"@officialrcti","from":"2017-11-17","mode":"submitSocial","container":"all","username":"arwin"}]
2017-11-19 05:01:08	[{"keyword":"@transtv_corp","from":"2017-11-17","mode":"submitSocial","container":"all","username":"arwin"}]
2017-11-19 05:01:10	[{"keyword":"@trans7","from":"2017-11-17","mode":"submitSocial","container":"all","username":"arwin"}]
2017-11-19 05:01:14	[{"keyword":"@metro_tv","from":"2017-11-17","mode":"submitSocial","container":"all","username":"arwin"}]
2017-11-19 05:01:17	[{"keyword":"@tvonenews","from":"2017-11-17","mode":"submitSocial","container":"all","username":"arwin"}]
2017-11-19 05:01:20	[{"keyword":"@whatsonantv","from":"2017-11-17","mode":"submitSocial","container":"all","username":"arwin"}]
2017-11-19 05:01:24	[{"keyword":"@sctv_","from":"2017-11-17","mode":"submitSocial","container":"all","username":"arwin"}]
2017-11-19 05:01:28	[{"keyword":"@kompastv","from":"2017-11-17","mode":"submitSocial","container":"all","username":"arwin"}]
2017-11-19 05:01:31	[{"keyword":"@netmediatama","from":"2017-11-17","mode":"submitSocial","container":"all","username":"arwin"}]
2017-11-19 05:01:34	[{"keyword":"@globaltvseru","from":"2017-11-17","mode":"submitSocial","container":"all","username":"arwin"}]
2017-11-19 05:01:37	[{"keyword":"@jaktvcom","from":"2017-11-17","mode":"submitSocial","container":"all","username":"arwin"}]
2017-11-19 05:01:39	[{"keyword":"@tvrinasional","from":"2017-11-17","mode":"submitSocial","container":"all","username":"arwin"}]
2017-11-19 05:01:42	[{"keyword":"@ochannelupdates","from":"2017-11-17","mode":"submitSocial","container":"all","username":"arwin"}]
2017-11-19 05:01:45	[{"keyword":"@indosiarid","from":"2017-11-17","mode":"submitSocial","container":"all","username":"arwin"}]
2017-11-19 05:01:50	[{"keyword":"@kompascom","from":"2017-11-17","mode":"submitSocial","container":"all","username":"arwin"}]
2017-11-19 05:01:53	[{"keyword":"@merdekadotcom","from":"2017-11-17","mode":"submitSocial","container":"all","username":"arwin"}]
2017-11-19 05:01:56	[{"keyword":"@midotcom","from":"2017-11-17","mode":"submitSocial","container":"all","username":"arwin"}]
2017-11-19 05:01:59	[{"keyword":"@tempodotco","from":"2017-11-17","mode":"submitSocial","container":"all","username":"arwin"}]
2017-11-19 05:02:02	[{"keyword":"@motion975fm","from":"2017-11-17","mode":"submitSocial","container":"all","username":"arwin"}]
2017-11-19 05:02:04	[{"keyword":"@_radiotoday","from":"2017-11-17","mode":"submitSocial","container":"all","username":"arwin"}]
2017-11-19 05:02:07	[{"keyword":"@radioinfo","from":"2017-11-17","mode":"submitSocial","container":"all","username":"arwin"}]
2017-11-19 05:02:10	[{"keyword":"@979femaleradio","from":"2017-11-17","mode":"submitSocial","container":"all","username":"arwin"}]
2017-11-19 05:02:12	[{"keyword":"@womanradio943fm","from":"2017-11-17","mode":"submitSocial","container":"all","username":"arwin"}]
2017-11-19 05:02:15	[{"keyword":"@vradiofm","from":"2017-11-17","mode":"submitSocial","container":"all","username":"arwin"}]
2017-11-19 05:02:17	[{"keyword":"@ufm947","from":"2017-11-17","mode":"submitSocial","container":"all","username":"arwin"}]
2017-11-19 05:02:19	[{"keyword":"@vivanews","from":"2017-11-17","mode":"submitSocial","container":"all","username":"arwin"}]
2017-11-19 05:02:23	[{"keyword":"@antaranews","from":"2017-11-17","mode":"submitSocial","container":"all","username":"arwin"}]
2017-11-19 05:02:26	[{"keyword":"@tribunnews","from":"2017-11-17","mode":"submitSocial","container":"all","username":"arwin"}]
2017-11-19 05:02:29	[{"keyword":"@okezonenews","from":"2017-11-17","mode":"submitSocial","container":"all","username":"arwin"}]
2017-11-19 05:02:32	[{"keyword":"@beritasatu","from":"2017-11-17","mode":"submitSocial","container":"all","username":"arwin"}]
2017-11-19 05:02:34	[{"keyword":"@rollingstoneina","from":"2017-11-17","mode":"submitSocial","container":"all","username":"arwin"}]
2017-11-19 05:02:37	[{"keyword":"@fimeladotcom","from":"2017-11-17","mode":"submitSocial","container":"all","username":"arwin"}]
2017-11-19 05:02:39	[{"keyword":"@kapanlagicom","from":"2017-11-17","mode":"submitSocial","container":"all","username":"arwin"}]
2017-11-19 05:02:43	[{"keyword":"@kompasent","from":"2017-11-17","mode":"submitSocial","container":"all","username":"arwin"}]
2017-11-19 05:02:46	[{"keyword":"@haimagazine","from":"2017-11-17","mode":"submitSocial","container":"all","username":"arwin"}]
2017-11-19 05:02:49	[{"keyword":"@jakartavenue","from":"2017-11-17","mode":"submitSocial","container":"all","username":"arwin"}]
2017-11-19 05:02:51	[{"keyword":"@seputarevent","from":"2017-11-17","mode":"submitSocial","container":"all","username":"arwin"}]
2017-11-19 05:02:54	[{"keyword":"@ismayalive","from":"2017-11-17","mode":"submitSocial","container":"all","username":"arwin"}]
2017-11-19 05:02:56	[{"keyword":"@ecentertainment","from":"2017-11-17","mode":"submitSocial","container":"all","username":"arwin"}]
2017-11-19 05:02:58	[{"keyword":"@synergism_en","from":"2017-11-17","mode":"submitSocial","container":"all","username":"arwin"}]
2017-11-19 05:03:01	[{"keyword":"@urbanbandung","from":"2017-11-17","mode":"submitSocial","container":"all","username":"arwin"}]
2017-11-19 05:03:03	[{"keyword":"@urbanrkm995","from":"2017-11-17","mode":"submitSocial","container":"all","username":"arwin"}]
2017-11-19 05:03:06	[{"keyword":"@garuda_promo","from":"2017-11-17","mode":"submitSocial","container":"all","username":"arwin"}]
2017-11-19 05:03:08	[{"keyword":"@airasiaid","from":"2017-11-17","mode":"submitSocial","container":"all","username":"arwin"}]
2017-11-19 05:03:11	[{"keyword":"@kai121","from":"2017-11-17","mode":"submitSocial","container":"all","username":"arwin"}]
2017-11-19 05:03:14	[{"keyword":"@unilever","from":"2017-11-17","mode":"submitSocial","container":"all","username":"arwin"}]
2017-11-19 05:03:17	[{"keyword":"@nestle","from":"2017-11-17","mode":"submitSocial","container":"all","username":"arwin"}]
2017-11-19 05:03:22	[{"keyword":"@cocacola","from":"2017-11-17","mode":"submitSocial","container":"all","username":"arwin"}]
2017-11-19 05:03:32	[{"keyword":"@cnn","from":"2017-11-17","mode":"submitSocial","container":"all","username":"arwin"}]
2017-11-19 05:03:35	[{"keyword":"@mtv","from":"2017-11-17","mode":"submitSocial","container":"all","username":"arwin"}]
2017-11-19 05:03:37	[{"keyword":"@channelv","from":"2017-11-17","mode":"submitSocial","container":"all","username":"arwin"}]
2017-11-19 05:03:40	[{"keyword":"@itunesmusic","from":"2017-11-17","mode":"submitSocial","container":"all","username":"arwin"}]
2017-11-19 05:03:45	[{"keyword":"@mashable","from":"2017-11-17","mode":"submitSocial","container":"all","username":"arwin"}]
2017-11-19 05:03:47	[{"keyword":"@decacaz","from":"2017-11-17","mode":"submitSocial","container":"all","username":"arwin"}]
2017-11-19 05:03:49	[{"keyword":"@radiobaru967fm","from":"2017-11-17","mode":"submitSocial","container":"all","username":"arwin"}]
2017-11-19 05:03:52	[{"keyword":"@967hitzfm","from":"2017-11-17","mode":"submitSocial","container":"all","username":"arwin"}]
2017-11-19 05:03:55	[{"keyword":"@tvguide","from":"2017-11-17","mode":"submitSocial","container":"all","username":"arwin"}]
2017-11-19 05:03:57	[{"keyword":"@xl123","from":"2017-11-17","mode":"submitSocial","container":"all","username":"arwin"}]
2017-11-19 05:04:00	[{"keyword":"@triindonesia","from":"2017-11-17","mode":"submitSocial","container":"all","username":"arwin"}]
2017-11-19 05:04:03	[{"keyword":"@kaskus","from":"2017-11-17","mode":"submitSocial","container":"all","username":"arwin"}]
2017-11-19 05:04:06	[{"keyword":"@studio_xxi","from":"2017-11-17","mode":"submitSocial","container":"all","username":"arwin"}]
2017-11-19 05:04:08	[{"keyword":"@blitzmegaplex","from":"2017-11-17","mode":"submitSocial","container":"all","username":"arwin"}]
2017-11-19 05:04:10	[{"keyword":"@alfamartku","from":"2017-11-17","mode":"submitSocial","container":"all","username":"arwin"}]
2017-11-19 05:04:13	[{"keyword":"@carrefour_id","from":"2017-11-17","mode":"submitSocial","container":"all","username":"arwin"}]
2017-11-19 05:04:17	[{"keyword":"@bbcbreaking","from":"2017-11-17","mode":"submitSocial","container":"all","username":"arwin"}]
2017-11-19 05:04:25	[{"keyword":"@forbes","from":"2017-11-17","mode":"submitSocial","container":"all","username":"arwin"}]
2017-11-19 05:04:28	[{"keyword":"@bensradio","from":"2017-11-17","mode":"submitSocial","container":"all","username":"arwin"}]
2017-11-19 05:04:33	[{"keyword":"@instagram","from":"2017-11-17","mode":"submitSocial","container":"all","username":"arwin"}]
2017-11-19 05:04:36	[{"keyword":"@pinterest","from":"2017-11-17","mode":"submitSocial","container":"all","username":"arwin"}]
2017-11-19 05:04:43	[{"keyword":"@google","from":"2017-11-17","mode":"submitSocial","container":"all","username":"arwin"}]
2017-11-19 05:04:45	[{"keyword":"@pertaminalub","from":"2017-11-17","mode":"submitSocial","container":"all","username":"arwin"}]
2017-11-19 05:04:48	[{"keyword":"@infolalintol","from":"2017-11-17","mode":"submitSocial","container":"all","username":"arwin"}]
2017-11-19 05:04:50	[{"keyword":"@ptjasamarga","from":"2017-11-17","mode":"submitSocial","container":"all","username":"arwin"}]
2017-11-19 05:04:53	[{"keyword":"@cititransindo","from":"2017-11-17","mode":"submitSocial","container":"all","username":"arwin"}]
2017-11-19 05:04:55	[{"keyword":"#semangatpagisuperr","from":"2017-11-17","mode":"submitSocial","container":"all","username":"arwin"}]
2017-11-19 05:04:57	[{"keyword":"#genkuisinsideout","from":"2017-11-17","mode":"submitSocial","container":"all","username":"arwin"}]
2017-11-19 05:04:59	[{"keyword":"#semangatpagi","from":"2017-11-17","mode":"submitSocial","container":"all","username":"arwin"}]
2017-11-19 05:05:03	[{"keyword":"#dikamar","from":"2017-11-17","mode":"submitSocial","container":"all","username":"arwin"}]
2017-11-19 05:05:06	[{"keyword":"#kopaja","from":"2017-11-17","mode":"submitSocial","container":"all","username":"arwin"}]
2017-11-19 05:05:08	[{"keyword":"#generaksi8","from":"2017-11-17","mode":"submitSocial","container":"all","username":"arwin"}]
2017-11-19 05:05:11	[{"keyword":"#hitztsp","from":"2017-11-17","mode":"submitSocial","container":"all","username":"arwin"}]
2017-11-19 05:05:15	[{"keyword":"#np","from":"2017-11-17","mode":"submitSocial","container":"all","username":"arwin"}]
2017-11-19 05:05:18	[{"keyword":"#hitzlivestage","from":"2017-11-17","mode":"submitSocial","container":"all","username":"arwin"}]
2017-11-19 05:05:20	[{"keyword":"#thefreaks","from":"2017-11-17","mode":"submitSocial","container":"all","username":"arwin"}]
2017-11-19 05:05:23	[{"keyword":"#hitzsirkuspagi","from":"2017-11-17","mode":"submitSocial","container":"all","username":"arwin"}]
2017-11-19 05:05:26	[{"keyword":"#hitzathlon","from":"2017-11-17","mode":"submitSocial","container":"all","username":"arwin"}]
2017-11-19 05:05:28	[{"keyword":"#hitzzombie","from":"2017-11-17","mode":"submitSocial","container":"all","username":"arwin"}]
2017-11-19 05:05:30	[{"keyword":"#hitzkalong","from":"2017-11-17","mode":"submitSocial","container":"all","username":"arwin"}]
2017-11-19 05:05:33	[{"keyword":"#hitzbebas","from":"2017-11-17","mode":"submitSocial","container":"all","username":"arwin"}]
2017-11-19 05:05:35	[{"keyword":"#hitzhorehara","from":"2017-11-17","mode":"submitSocial","container":"all","username":"arwin"}]
2017-11-19 05:05:38	[{"keyword":"@zaloraid","from":"2017-11-17","mode":"submitSocial","container":"all","username":"arwin"}]
2017-11-19 05:05:40	[{"keyword":"@olx_indonesia","from":"2017-11-17","mode":"submitSocial","container":"all","username":"arwin"}]
2017-11-19 05:05:43	[{"keyword":"@lazadaid","from":"2017-11-17","mode":"submitSocial","container":"all","username":"arwin"}]
2017-11-19 05:05:45	[{"keyword":"@utrippers","from":"2017-11-17","mode":"submitSocial","container":"all","username":"arwin"}]
2017-11-19 05:05:48	[{"keyword":"@gogobot","from":"2017-11-17","mode":"submitSocial","container":"all","username":"arwin"}]
2017-11-19 05:05:51	[{"keyword":"@viatortravel","from":"2017-11-17","mode":"submitSocial","container":"all","username":"arwin"}]
2017-11-19 05:05:54	[{"keyword":"@alandakariza","from":"2017-11-17","mode":"submitSocial","container":"all","username":"arwin"}]
2017-11-19 05:05:56	[{"keyword":"@gagasmedia","from":"2017-11-17","mode":"submitSocial","container":"all","username":"arwin"}]
2017-11-19 05:05:59	[{"keyword":"@welovehonda","from":"2017-11-17","mode":"submitSocial","container":"all","username":"arwin"}]
2017-11-19 05:06:01	[{"keyword":"@suzukimotorid","from":"2017-11-17","mode":"submitSocial","container":"all","username":"arwin"}]
2017-11-19 05:06:04	[{"keyword":"@kawasakilovers","from":"2017-11-17","mode":"submitSocial","container":"all","username":"arwin"}]
2017-11-19 05:06:06	[{"keyword":"@yamahaindonesia","from":"2017-11-17","mode":"submitSocial","container":"all","username":"arwin"}]
2017-11-19 05:06:09	[{"keyword":"@tripanzee","from":"2017-11-17","mode":"submitSocial","container":"all","username":"arwin"}]
2017-11-19 05:06:12	[{"keyword":"@arnoldpoernomo","from":"2017-11-17","mode":"submitSocial","container":"all","username":"arwin"}]
2017-11-19 05:06:15	[{"keyword":"@nicsap","from":"2017-11-17","mode":"submitSocial","container":"all","username":"arwin"}]
2017-11-19 05:06:17	[{"keyword":"@tiket2","from":"2017-11-17","mode":"submitSocial","container":"all","username":"arwin"}]
2017-11-19 05:06:20	[{"keyword":"@traveloka","from":"2017-11-17","mode":"submitSocial","container":"all","username":"arwin"}]
2017-11-19 05:06:24	[{"keyword":"@wego","from":"2017-11-17","mode":"submitSocial","container":"all","username":"arwin"}]
2017-11-19 05:06:27	[{"keyword":"@agoda","from":"2017-11-17","mode":"submitSocial","container":"all","username":"arwin"}]
2017-11-19 05:06:29	[{"keyword":"#salahsambung","from":"2017-11-17","mode":"submitSocial","container":"all","username":"arwin"}]
2017-11-19 05:06:32	[{"keyword":"#tulalit","from":"2017-11-17","mode":"submitSocial","container":"all","username":"arwin"}]
2017-11-19 05:06:34	[{"keyword":"#pestageneraksi8","from":"2017-11-17","mode":"submitSocial","container":"all","username":"arwin"}]
2017-11-19 05:06:37	[{"keyword":"#ganaskustik","from":"2017-11-17","mode":"submitSocial","container":"all","username":"arwin"}]
2017-11-19 05:06:40	[{"keyword":"#lnhot20","from":"2017-11-17","mode":"submitSocial","container":"all","username":"arwin"}]
2017-11-19 05:06:42	[{"keyword":"@tripadvisor","from":"2017-11-17","mode":"submitSocial","container":"all","username":"arwin"}]
2017-11-19 05:06:49	[{"keyword":"@google","from":"2017-11-17","mode":"submitSocial","container":"all","username":"arwin"}]
2017-11-19 05:06:53	[{"keyword":"@telkomsel","from":"2017-11-17","mode":"submitSocial","container":"all","username":"arwin"}]
2017-11-19 05:06:56	[{"keyword":"@indosat","from":"2017-11-17","mode":"submitSocial","container":"all","username":"arwin"}]
2017-11-19 05:06:59	[{"keyword":"@bahanafmjkt","from":"2017-11-17","mode":"submitSocial","container":"all","username":""}]
2017-11-19 05:07:04	[{"keyword":"@sonorafm92","from":"2017-11-17","mode":"submitSocial","container":"all","username":"arwin"}]
2017-11-19 05:07:06	[{"keyword":"@litefm1058","from":"2017-11-17","mode":"submitSocial","container":"all","username":"arwin"}]
2017-11-19 05:07:08	[{"keyword":"@bravaradio","from":"2017-11-17","mode":"submitSocial","container":"all","username":"arwin"}]
2017-11-19 05:07:11	[{"keyword":"#dgitm","from":"2017-11-17","mode":"submitSocial","container":"all","username":"arwin"}]
2017-11-19 05:07:13	[{"keyword":"#hitsalaprambors","from":"2017-11-17","mode":"submitSocial","container":"all","username":"arwin"}]
2017-11-19 05:07:16	[{"keyword":"#reqprambors","from":"2017-11-17","mode":"submitSocial","container":"all","username":"arwin"}]
2017-11-19 05:07:19	[{"keyword":"#thedandees","from":"2017-11-17","mode":"submitSocial","container":"all","username":"arwin"}]
2017-11-19 05:07:21	[{"keyword":"#pramborsquiz","from":"2017-11-17","mode":"submitSocial","container":"all","username":"arwin"}]
2017-11-19 05:07:24	[{"keyword":"#jeliprambors","from":"2017-11-17","mode":"submitSocial","container":"all","username":"arwin"}]
2017-11-19 05:07:26	[{"keyword":"#jodohinprambors","from":"2017-11-17","mode":"submitSocial","container":"all","username":"arwin"}]
2017-11-19 05:07:28	[{"keyword":"#ubahdenganbicara","from":"2017-11-17","mode":"submitSocial","container":"all","username":"arwin"}]
2017-11-19 05:07:30	[{"keyword":"#pramborschat","from":"2017-11-17","mode":"submitSocial","container":"all","username":"arwin"}]
2017-11-19 05:07:33	[{"keyword":"#tweetforduit","from":"2017-11-17","mode":"submitSocial","container":"all","username":"arwin"}]
2017-11-19 05:07:35	[{"keyword":"#joki3in1","from":"2017-11-17","mode":"submitSocial","container":"all","username":"arwin"}]
2017-11-19 05:07:37	[{"keyword":"#sarapanseru","from":"2017-11-17","mode":"submitSocial","container":"all","username":"arwin"}]
2017-11-19 05:07:40	[{"keyword":"#rawonkaneloop","from":"2017-11-17","mode":"submitSocial","container":"all","username":"arwin"}]
2017-11-19 05:07:42	[{"keyword":"#gudegkendilkeraton","from":"2017-11-17","mode":"submitSocial","container":"all","username":"arwin"}]
2017-11-19 05:07:44	[{"keyword":"#gadogadobutika","from":"2017-11-17","mode":"submitSocial","container":"all","username":"arwin"}]
2017-11-19 05:07:46	[{"keyword":"#mtvhottest","from":"2017-11-17","mode":"submitSocial","container":"all","username":"arwin"}]
2017-11-19 05:07:48	[{"keyword":"#dimsumcjdw","from":"2017-11-17","mode":"submitSocial","container":"all","username":"arwin"}]
2017-11-19 05:07:50	[{"keyword":"#pecelmadiunmbakniek","from":"2017-11-17","mode":"submitSocial","container":"all","username":"arwin"}]
2017-11-19 05:07:53	[{"keyword":"#depotarema","from":"2017-11-17","mode":"submitSocial","container":"all","username":"arwin"}]
2017-11-19 05:07:55	[{"keyword":"@bni46","from":"2017-11-17","mode":"submitSocial","container":"all","username":"arwin"}]
2017-11-19 05:07:58	[{"keyword":"@bankbri_id","from":"2017-11-17","mode":"submitSocial","container":"all","username":"arwin"}]
2017-11-19 05:08:00	[{"keyword":"#bni46","from":"2017-11-17","mode":"submitSocial","container":"all","username":"arwin"}]
2017-11-19 05:08:06	[{"keyword":"macet","from":"2017-11-17","mode":"submitSocial","container":"all","username":"arwin"}]
2017-11-19 05:08:08	[{"keyword":"#selamatpagi","from":"2017-11-17","mode":"submitSocial","container":"all","username":"arwin"}]
2017-11-19 05:08:11	[{"keyword":"#selamatmalam","from":"2017-11-17","mode":"submitSocial","container":"all","username":"arwin"}]
2017-11-19 05:08:15	[{"keyword":"@884globalradio","from":"2017-11-17","mode":"submitSocial","container":"all","username":"arwin"}]
2017-11-19 05:08:18	[{"keyword":"@day_trans","from":"2017-11-17","mode":"submitSocial","container":"all","username":"arwin"}]
2017-11-19 05:08:20	[{"keyword":"@kencanavoyage","from":"2017-11-17","mode":"submitSocial","container":"all","username":"arwin"}]
2017-11-19 05:08:23	[{"keyword":"@jukebox5d","from":"2017-11-17","mode":"submitSocial","container":"all","username":"arwin"}]
2017-11-19 05:08:25	[{"keyword":"#mtvhottest","from":"2017-11-17","mode":"submitSocial","container":"all","username":"arwin"}]
2017-11-19 05:08:27	[{"keyword":"#semangatpagi","from":"2017-11-17","mode":"submitSocial","container":"all","username":"arwin"}]
2017-11-19 05:08:30	[{"keyword":"lifebuoy","from":"2017-11-17","mode":"submitSocial","container":"all","username":"arwin"}]
2017-11-19 05:08:37	[{"keyword":"jokowi","from":"2017-11-17","mode":"submitSocial","container":"all","username":"arwin"}]
2017-11-19 05:08:44	[{"keyword":"obama","from":"2017-11-17","mode":"submitSocial","container":"all","username":"arwin"}]
2017-11-19 05:08:47	[{"keyword":"starwars","from":"2017-11-17","mode":"submitSocial","container":"all","username":"arwin"}]
2017-11-19 05:08:50	[{"keyword":"jonan","from":"2017-11-17","mode":"submitSocial","container":"all","username":"arwin"}]
2017-11-19 05:08:59	[{"keyword":"pagi","from":"2017-11-17","mode":"submitSocial","container":"all","username":"arwin"}]
2017-11-19 05:09:02	[{"keyword":"sampoerna","from":"2017-11-17","mode":"submitSocial","container":"all","username":"arwin"}]
2017-11-19 05:09:05	[{"keyword":"djarum","from":"2017-11-17","mode":"submitSocial","container":"all","username":"arwin"}]
2017-11-19 05:09:07	[{"keyword":"#semangatpagi","from":"2017-11-17","mode":"submitSocial","container":"all","username":"arwin"}]
2017-11-19 05:09:09	[{"keyword":"#generaksi8","from":"2017-11-17","mode":"submitSocial","container":"all","username":"arwin"}]
2017-11-19 05:09:11	[{"keyword":"#365alasan","from":"2017-11-17","mode":"submitSocial","container":"all","username":"arwin"}]
2017-11-19 05:09:15	[{"keyword":"weew","from":"2017-11-17","mode":"submitSocial","container":"all","username":"arwin"}]
2017-11-19 05:09:23	[{"keyword":"testing","from":"2017-11-17","mode":"submitSocial","container":"all","username":"arwin"}]
2017-11-19 05:09:25	[{"keyword":"#kopaja","from":"2017-11-17","mode":"submitSocial","container":"all","username":"arwin"}]
2017-11-19 05:09:27	[{"keyword":"#genkuisinsideout","from":"2017-11-17","mode":"submitSocial","container":"all","username":"arwin"}]
2017-11-19 05:09:31	[{"keyword":"starwars","from":"2017-11-17","mode":"submitSocial","container":"all","username":"arwin"}]
2017-11-19 05:09:34	[{"keyword":"#kopaja","from":"2017-11-17","mode":"submitSocial","container":"all","username":"arwin"}]
2017-11-19 05:09:38	[{"keyword":"mldspot","from":"2017-11-17","mode":"submitSocial","container":"all","username":"arwin"}]
2017-11-19 05:09:40	[{"keyword":"pbdjarum","from":"2017-11-17","mode":"submitSocial","container":"all","username":"arwin"}]
2017-11-19 05:09:43	[{"keyword":"temannabati","from":"2017-11-17","mode":"submitSocial","container":"all","username":"arwin"}]
2017-11-19 05:09:46	[{"keyword":"nextar","from":"2017-11-17","mode":"submitSocial","container":"all","username":"arwin"}]
2017-11-19 05:09:49	[{"keyword":"jokowo","from":"2017-11-17","mode":"submitSocial","container":"all","username":"arwin"}]
2017-11-19 05:09:52	[{"keyword":"prabowo","from":"2017-11-17","mode":"submitSocial","container":"all","username":"arwin"}]
2017-11-19 05:09:55	[{"keyword":"sudirman said","from":"2017-11-17","mode":"submitSocial","container":"all","username":"arwin"}]
2017-11-19 05:10:03	[{"keyword":"ahok","from":"2017-11-17","mode":"submitSocial","container":"all","username":"arwin"}]
2017-11-19 05:10:06	[{"keyword":"setyanovanto","from":"2017-11-17","mode":"submitSocial","container":"all","username":"arwin"}]
2017-11-19 05:10:13	[{"keyword":"jokowi","from":"2017-11-17","mode":"submitSocial","container":"all","username":"arwin"}]
2017-11-19 05:10:20	[{"keyword":"ahok","from":"2017-11-17","mode":"submitSocial","container":"all","username":"arwin"}]
2017-11-19 05:10:24	[{"keyword":"prabowo","from":"2017-11-17","mode":"submitSocial","container":"all","username":"arwin"}]
2017-11-19 05:10:26	[{"keyword":"sudirman said","from":"2017-11-17","mode":"submitSocial","container":"all","username":"arwin"}]
2017-11-19 05:10:29	[{"keyword":"setyanovanto","from":"2017-11-17","mode":"submitSocial","container":"all","username":"arwin"}]
2017-11-19 05:10:33	[{"keyword":"galau","from":"2017-11-17","mode":"submitSocial","container":"all","username":"arwin"}]
2017-11-19 05:10:35	[{"keyword":"#prestasiindonesia","from":"2017-11-17","mode":"submitSocial","container":"all","username":"arwin"}]
2017-11-19 05:10:38	[{"keyword":"@tw_debi","from":"2017-11-17","mode":"submitSocial","container":"all","username":"arwin"}]
2017-11-19 05:10:40	[{"keyword":"@officialfastron","from":"2017-11-17","mode":"submitSocial","container":"all","username":"arwin"}]
2017-11-19 05:10:43	[{"keyword":"@citibankid","from":"2017-11-17","mode":"submitSocial","container":"all","username":"arwin"}]
2017-11-19 05:10:45	[{"keyword":"@jak101fm","from":"2017-11-17","mode":"submitSocial","container":"all","username":"arwin"}]
2017-11-19 05:10:48	[{"keyword":"@genfm","from":"2017-11-17","mode":"submitSocial","container":"all","username":"arwin"}]
