2017-09-15 05:00:02	worker	@987genfm;2017-09-13 - 2017-09-13;submitSocial;all;arwin
2017-09-15 05:00:05	worker	@101jakfm;2017-09-13 - 2017-09-13;submitSocial;all;arwin
2017-09-15 05:00:08	worker	@prambors;2017-09-13 - 2017-09-13;submitSocial;all;arwin
2017-09-15 05:00:11	worker	@hardrockfm;2017-09-13 - 2017-09-13;submitSocial;all;arwin
2017-09-15 05:00:13	worker	@kisfmjakarta;2017-09-13 - 2017-09-13;submitSocial;all;arwin
2017-09-15 05:00:16	worker	@delta_fm;2017-09-13 - 2017-09-13;submitSocial;all;arwin
2017-09-15 05:00:18	worker	@traxfmjkt;2017-09-13 - 2017-09-13;submitSocial;all;arwin
2017-09-15 05:00:20	worker	@iradiojakarta;2017-09-13 - 2017-09-13;submitSocial;all;arwin
2017-09-15 05:00:23	worker	@indika9160fm;2017-09-13 - 2017-09-13;submitSocial;all;arwin
2017-09-15 05:00:25	worker	@shellindonesia;2017-09-13 - 2017-09-13;submitSocial;all;arwin
2017-09-15 05:00:27	worker	@vpowerfans;2017-09-13 - 2017-09-13;submitSocial;all;arwin
2017-09-15 05:00:29	worker	@pertamaxind;2017-09-13 - 2017-09-13;submitSocial;all;arwin
2017-09-15 05:00:31	worker	@ptpertamina;2017-09-13 - 2017-09-13;submitSocial;all;arwin
2017-09-15 05:00:33	worker	@OZRadioJakarta;2017-09-13 - 2017-09-13;submitSocial;all;arwin
2017-09-15 05:00:36	worker	@CosmopolitanFM;2017-09-13 - 2017-09-13;submitSocial;all;arwin
2017-09-15 05:00:38	worker	@mustang88fm;2017-09-13 - 2017-09-13;submitSocial;all;arwin
2017-09-15 05:00:40	worker	@debabaz;2017-09-13 - 2017-09-13;submitSocial;all;arwin
2017-09-15 05:00:42	worker	@detikcom;2017-09-13 - 2017-09-13;submitSocial;all;arwin
2017-09-15 05:00:47	worker	@radioelshinta;2017-09-13 - 2017-09-13;submitSocial;all;arwin
2017-09-15 05:00:50	worker	@cinema21;2017-09-13 - 2017-09-13;submitSocial;all;arwin
2017-09-15 05:00:52	worker	@OfficialRCTI;2017-09-13 - 2017-09-13;submitSocial;all;arwin
2017-09-15 05:00:55	worker	@TRANSTV_CORP;2017-09-13 - 2017-09-13;submitSocial;all;arwin
2017-09-15 05:00:57	worker	@TRANS7;2017-09-13 - 2017-09-13;submitSocial;all;arwin
2017-09-15 05:00:59	worker	@Metro_TV;2017-09-13 - 2017-09-13;submitSocial;all;arwin
2017-09-15 05:01:03	worker	@tvOneNews;2017-09-13 - 2017-09-13;submitSocial;all;arwin
2017-09-15 05:01:06	worker	@whatsonANTV;2017-09-13 - 2017-09-13;submitSocial;all;arwin
2017-09-15 05:01:08	worker	@SCTV_;2017-09-13 - 2017-09-13;submitSocial;all;arwin
2017-09-15 05:01:12	worker	@KompasTV;2017-09-13 - 2017-09-13;submitSocial;all;arwin
2017-09-15 05:01:14	worker	@netmediatama;2017-09-13 - 2017-09-13;submitSocial;all;arwin
2017-09-15 05:01:17	worker	@Globaltvseru;2017-09-13 - 2017-09-13;submitSocial;all;arwin
2017-09-15 05:01:20	worker	@JaktvCom;2017-09-13 - 2017-09-13;submitSocial;all;arwin
2017-09-15 05:01:22	worker	@TVRINasional;2017-09-13 - 2017-09-13;submitSocial;all;arwin
2017-09-15 05:01:25	worker	@ochannelupdates;2017-09-13 - 2017-09-13;submitSocial;all;arwin
2017-09-15 05:01:27	worker	@IndosiarID;2017-09-13 - 2017-09-13;submitSocial;all;arwin
2017-09-15 05:01:30	worker	@kompascom;2017-09-13 - 2017-09-13;submitSocial;all;arwin
2017-09-15 05:01:35	worker	@merdekadotcom;2017-09-13 - 2017-09-13;submitSocial;all;arwin
2017-09-15 05:01:37	worker	@MIdotcom;2017-09-13 - 2017-09-13;submitSocial;all;arwin
2017-09-15 05:01:39	worker	@tempodotco;2017-09-13 - 2017-09-13;submitSocial;all;arwin
2017-09-15 05:01:42	worker	@motion975fm;2017-09-13 - 2017-09-13;submitSocial;all;arwin
2017-09-15 05:01:44	worker	@_radiotoday;2017-09-13 - 2017-09-13;submitSocial;all;arwin
2017-09-15 05:01:47	worker	@radioinfo;2017-09-13 - 2017-09-13;submitSocial;all;arwin
2017-09-15 05:01:49	worker	@979FeMaleRadio;2017-09-13 - 2017-09-13;submitSocial;all;arwin
2017-09-15 05:01:51	worker	@WomanRadio943FM;2017-09-13 - 2017-09-13;submitSocial;all;arwin
2017-09-15 05:01:53	worker	@VRadioFM;2017-09-13 - 2017-09-13;submitSocial;all;arwin
2017-09-15 05:01:56	worker	@UFM947;2017-09-13 - 2017-09-13;submitSocial;all;arwin
2017-09-15 05:01:57	worker	@VIVAnews;2017-09-13 - 2017-09-13;submitSocial;all;arwin
2017-09-15 05:02:00	worker	@antaranews;2017-09-13 - 2017-09-13;submitSocial;all;arwin
2017-09-15 05:02:02	worker	@tribunnews;2017-09-13 - 2017-09-13;submitSocial;all;arwin
2017-09-15 05:02:05	worker	@okezonenews;2017-09-13 - 2017-09-13;submitSocial;all;arwin
2017-09-15 05:02:07	worker	@Beritasatu;2017-09-13 - 2017-09-13;submitSocial;all;arwin
2017-09-15 05:02:10	worker	@rollingstoneina;2017-09-13 - 2017-09-13;submitSocial;all;arwin
2017-09-15 05:02:12	worker	@FIMELAdotcom;2017-09-13 - 2017-09-13;submitSocial;all;arwin
2017-09-15 05:02:14	worker	@KapanLagicom;2017-09-13 - 2017-09-13;submitSocial;all;arwin
2017-09-15 05:02:16	worker	@KompasEnt ;2017-09-13 - 2017-09-13;submitSocial;all;arwin
2017-09-15 05:02:18	worker	@HaiMagazine;2017-09-13 - 2017-09-13;submitSocial;all;arwin
2017-09-15 05:02:21	worker	@JakartaVenue;2017-09-13 - 2017-09-13;submitSocial;all;arwin
2017-09-15 05:02:23	worker	@SeputarEvent;2017-09-13 - 2017-09-13;submitSocial;all;arwin
2017-09-15 05:02:25	worker	@ismayaLive;2017-09-13 - 2017-09-13;submitSocial;all;arwin
2017-09-15 05:02:27	worker	@ECEntertainment;2017-09-13 - 2017-09-13;submitSocial;all;arwin
2017-09-15 05:02:29	worker	@synergism_En;2017-09-13 - 2017-09-13;submitSocial;all;arwin
2017-09-15 05:02:31	worker	@Urbanbandung;2017-09-13 - 2017-09-13;submitSocial;all;arwin
2017-09-15 05:02:33	worker	@Urbanrkm995;2017-09-13 - 2017-09-13;submitSocial;all;arwin
2017-09-15 05:02:35	worker	@Garuda_Promo;2017-09-13 - 2017-09-13;submitSocial;all;arwin
2017-09-15 05:02:37	worker	@AirAsiaID;2017-09-13 - 2017-09-13;submitSocial;all;arwin
2017-09-15 05:02:40	worker	@KAI121;2017-09-13 - 2017-09-13;submitSocial;all;arwin
2017-09-15 05:02:42	worker	@Unilever;2017-09-13 - 2017-09-13;submitSocial;all;arwin
2017-09-15 05:02:44	worker	@Nestle;2017-09-13 - 2017-09-13;submitSocial;all;arwin
2017-09-15 05:02:47	worker	@CocaCola;2017-09-13 - 2017-09-13;submitSocial;all;arwin
2017-09-15 05:02:50	worker	@CNN;2017-09-13 - 2017-09-13;submitSocial;all;arwin
2017-09-15 05:02:57	worker	@MTV;2017-09-13 - 2017-09-13;submitSocial;all;arwin
2017-09-15 05:03:01	worker	@channelv;2017-09-13 - 2017-09-13;submitSocial;all;arwin
2017-09-15 05:03:03	worker	@iTunesMusic;2017-09-13 - 2017-09-13;submitSocial;all;arwin
2017-09-15 05:03:05	worker	@mashable;2017-09-13 - 2017-09-13;submitSocial;all;arwin
2017-09-15 05:03:09	worker	@decacaz;2017-09-13 - 2017-09-13;submitSocial;all;arwin
2017-09-15 05:03:11	worker	@radiobaru967FM;2017-09-13 - 2017-09-13;submitSocial;all;arwin
2017-09-15 05:03:14	worker	@967HitzFM;2017-09-13 - 2017-09-13;submitSocial;all;arwin
2017-09-15 05:03:16	worker	@TVGuide;2017-09-13 - 2017-09-13;submitSocial;all;arwin
2017-09-15 05:03:18	worker	@XL123;2017-09-13 - 2017-09-13;submitSocial;all;arwin
2017-09-15 05:03:21	worker	@triindonesia;2017-09-13 - 2017-09-13;submitSocial;all;arwin
2017-09-15 05:03:23	worker	@kaskus;2017-09-13 - 2017-09-13;submitSocial;all;arwin
2017-09-15 05:03:26	worker	@Studio_XXI;2017-09-13 - 2017-09-13;submitSocial;all;arwin
2017-09-15 05:03:28	worker	@blitzmegaplex;2017-09-13 - 2017-09-13;submitSocial;all;arwin
2017-09-15 05:03:30	worker	@alfamartku;2017-09-13 - 2017-09-13;submitSocial;all;arwin
2017-09-15 05:03:32	worker	@Carrefour_ID;2017-09-13 - 2017-09-13;submitSocial;all;arwin
2017-09-15 05:03:34	worker	@BBCBreaking;2017-09-13 - 2017-09-13;submitSocial;all;arwin
2017-09-15 05:03:38	worker	@Forbes;2017-09-13 - 2017-09-13;submitSocial;all;arwin
2017-09-15 05:03:44	worker	@BensRadio;2017-09-13 - 2017-09-13;submitSocial;all;arwin
2017-09-15 05:03:46	worker	@instagram;2017-09-13 - 2017-09-13;submitSocial;all;arwin
2017-09-15 05:03:52	worker	@Pinterest;2017-09-13 - 2017-09-13;submitSocial;all;arwin
2017-09-15 05:03:55	worker	@google;2017-09-13 - 2017-09-13;submitSocial;all;arwin
2017-09-15 05:04:01	worker	@Pertaminalub;2017-09-13 - 2017-09-13;submitSocial;all;arwin
2017-09-15 05:04:03	worker	@InfoLalinTol;2017-09-13 - 2017-09-13;submitSocial;all;arwin
2017-09-15 05:04:06	worker	@PTJASAMARGA;2017-09-13 - 2017-09-13;submitSocial;all;arwin
2017-09-15 05:04:08	worker	@cititransindo;2017-09-13 - 2017-09-13;submitSocial;all;arwin
2017-09-15 05:04:10	worker	#semangatpagisuperr;2017-09-13 - 2017-09-13;submitSocial;all;arwin
2017-09-15 05:04:12	worker	#genkuisinsideout;2017-09-13 - 2017-09-13;submitSocial;all;arwin
2017-09-15 05:04:14	worker	#semangatpagi;2017-09-13 - 2017-09-13;submitSocial;all;arwin
2017-09-15 05:04:16	worker	#dikamar;2017-09-13 - 2017-09-13;submitSocial;all;arwin
2017-09-15 05:04:18	worker	#kopaja;2017-09-13 - 2017-09-13;submitSocial;all;arwin
2017-09-15 05:04:21	worker	#generaksi8;2017-09-13 - 2017-09-13;submitSocial;all;arwin
2017-09-15 05:04:22	worker	#hitztsp;2017-09-13 - 2017-09-13;submitSocial;all;arwin
2017-09-15 05:04:24	worker	#np;2017-09-13 - 2017-09-13;submitSocial;all;arwin
2017-09-15 05:04:27	worker	#hitzlivestage;2017-09-13 - 2017-09-13;submitSocial;all;arwin
2017-09-15 05:04:29	worker	#thefreaks;2017-09-13 - 2017-09-13;submitSocial;all;arwin
2017-09-15 05:04:32	worker	#hitzsirkuspagi;2017-09-13 - 2017-09-13;submitSocial;all;arwin
2017-09-15 05:04:34	worker	#hitzathlon;2017-09-13 - 2017-09-13;submitSocial;all;arwin
2017-09-15 05:04:36	worker	#hitzzombie;2017-09-13 - 2017-09-13;submitSocial;all;arwin
2017-09-15 05:04:38	worker	#hitzkalong;2017-09-13 - 2017-09-13;submitSocial;all;arwin
2017-09-15 05:04:40	worker	#hitzbebas;2017-09-13 - 2017-09-13;submitSocial;all;arwin
2017-09-15 05:04:43	worker	#hitzhorehara;2017-09-13 - 2017-09-13;submitSocial;all;arwin
2017-09-15 05:04:45	worker	@ZaloraID;2017-09-13 - 2017-09-13;submitSocial;all;arwin
2017-09-15 05:04:47	worker	@OLX_Indonesia;2017-09-13 - 2017-09-13;submitSocial;all;arwin
2017-09-15 05:04:49	worker	@LazadaID;2017-09-13 - 2017-09-13;submitSocial;all;arwin
2017-09-15 05:04:52	worker	@utrippers;2017-09-13 - 2017-09-13;submitSocial;all;arwin
2017-09-15 05:04:54	worker	@GoGobot;2017-09-13 - 2017-09-13;submitSocial;all;arwin
2017-09-15 05:04:57	worker	@viatortravel;2017-09-13 - 2017-09-13;submitSocial;all;arwin
2017-09-15 05:04:59	worker	@alandakariza;2017-09-13 - 2017-09-13;submitSocial;all;arwin
2017-09-15 05:05:01	worker	@gagasmedia;2017-09-13 - 2017-09-13;submitSocial;all;arwin
2017-09-15 05:05:05	worker	@welovehonda;2017-09-13 - 2017-09-13;submitSocial;all;arwin
2017-09-15 05:05:07	worker	@SuzukiMotorID;2017-09-13 - 2017-09-13;submitSocial;all;arwin
2017-09-15 05:05:10	worker	@kawasakilovers;2017-09-13 - 2017-09-13;submitSocial;all;arwin
2017-09-15 05:05:12	worker	@yamahaindonesia;2017-09-13 - 2017-09-13;submitSocial;all;arwin
2017-09-15 05:05:14	worker	@tripanzee;2017-09-13 - 2017-09-13;submitSocial;all;arwin
2017-09-15 05:05:17	worker	@arnoldpoernomo;2017-09-13 - 2017-09-13;submitSocial;all;arwin
2017-09-15 05:05:19	worker	@nicsap;2017-09-13 - 2017-09-13;submitSocial;all;arwin
2017-09-15 05:05:21	worker	@tiket2;2017-09-13 - 2017-09-13;submitSocial;all;arwin
2017-09-15 05:05:24	worker	@traveloka;2017-09-13 - 2017-09-13;submitSocial;all;arwin
2017-09-15 05:05:26	worker	@wego;2017-09-13 - 2017-09-13;submitSocial;all;arwin
2017-09-15 05:05:29	worker	@agoda;2017-09-13 - 2017-09-13;submitSocial;all;arwin
2017-09-15 05:05:32	worker	#salahsambung;2017-09-13 - 2017-09-13;submitSocial;all;arwin
2017-09-15 05:05:34	worker	#tulalit;2017-09-13 - 2017-09-13;submitSocial;all;arwin
2017-09-15 05:05:36	worker	#pestageneraksi8;2017-09-13 - 2017-09-13;submitSocial;all;arwin
2017-09-15 05:05:38	worker	#ganaskustik;2017-09-13 - 2017-09-13;submitSocial;all;arwin
2017-09-15 05:05:40	worker	#lnhot20;2017-09-13 - 2017-09-13;submitSocial;all;arwin
2017-09-15 05:05:41	worker	@TripAdvisor;2017-09-13 - 2017-09-13;submitSocial;all;arwin
2017-09-15 05:05:44	worker	@google;2017-09-13 - 2017-09-13;submitSocial;all;arwin
2017-09-15 05:05:50	worker	@Telkomsel;2017-09-13 - 2017-09-13;submitSocial;all;arwin
2017-09-15 05:05:54	worker	@indosat;2017-09-13 - 2017-09-13;submitSocial;all;arwin
2017-09-15 05:05:56	worker	@bahanafmjkt;2017-09-13 - 2017-09-13;submitSocial;all;2017-09-15 05:06:01	worker	@sonorafm92;2017-09-13 - 2017-09-13;submitSocial;all;arwin
2017-09-15 05:06:03	worker	@litefm1058;2017-09-13 - 2017-09-13;submitSocial;all;arwin
2017-09-15 05:06:05	worker	@Bravaradio;2017-09-13 - 2017-09-13;submitSocial;all;arwin
2017-09-15 05:06:07	worker	#dgitm;2017-09-13 - 2017-09-13;submitSocial;all;arwin
2017-09-15 05:06:10	worker	#hitsalaprambors;2017-09-13 - 2017-09-13;submitSocial;all;arwin
2017-09-15 05:06:12	worker	#reqprambors;2017-09-13 - 2017-09-13;submitSocial;all;arwin
2017-09-15 05:06:14	worker	#thedandees;2017-09-13 - 2017-09-13;submitSocial;all;arwin
2017-09-15 05:06:16	worker	#pramborsquiz;2017-09-13 - 2017-09-13;submitSocial;all;arwin
2017-09-15 05:06:18	worker	#jeliprambors;2017-09-13 - 2017-09-13;submitSocial;all;arwin
2017-09-15 05:06:20	worker	#jodohinprambors;2017-09-13 - 2017-09-13;submitSocial;all;arwin
2017-09-15 05:06:22	worker	#ubahdenganbicara;2017-09-13 - 2017-09-13;submitSocial;all;arwin
2017-09-15 05:06:24	worker	#pramborschat;2017-09-13 - 2017-09-13;submitSocial;all;arwin
2017-09-15 05:06:26	worker	#tweetforduit;2017-09-13 - 2017-09-13;submitSocial;all;arwin
2017-09-15 05:06:28	worker	#joki3in1;2017-09-13 - 2017-09-13;submitSocial;all;arwin
2017-09-15 05:06:30	worker	#sarapanseru;2017-09-13 - 2017-09-13;submitSocial;all;arwin
2017-09-15 05:06:32	worker	#rawonkaneloop;2017-09-13 - 2017-09-13;submitSocial;all;arwin
2017-09-15 05:06:34	worker	#gudegkendilkeraton;2017-09-13 - 2017-09-13;submitSocial;all;arwin
2017-09-15 05:06:36	worker	#gadogadobutika;2017-09-13 - 2017-09-13;submitSocial;all;arwin
2017-09-15 05:06:38	worker	#mtvhottest;2017-09-13 - 2017-09-13;submitSocial;all;arwin
2017-09-15 05:06:40	worker	#dimsumcjdw;2017-09-13 - 2017-09-13;submitSocial;all;arwin
2017-09-15 05:06:43	worker	#pecelmadiunmbakniek;2017-09-13 - 2017-09-13;submitSocial;all;arwin
2017-09-15 05:06:44	worker	#depotarema;2017-09-13 - 2017-09-13;submitSocial;all;arwin
2017-09-15 05:06:47	worker	@BNI46;2017-09-13 - 2017-09-13;submitSocial;all;arwin
2017-09-15 05:06:49	worker	@BANKBRI_ID;2017-09-13 - 2017-09-13;submitSocial;all;arwin
2017-09-15 05:06:52	worker	#bni46;2017-09-13 - 2017-09-13;submitSocial;all;arwin
2017-09-15 05:06:54	worker	macet;2017-09-13 - 2017-09-13;submitSocial;all;arwin
2017-09-15 05:06:58	worker	#selamatpagi;2017-09-13 - 2017-09-13;submitSocial;all;arwin
2017-09-15 05:07:00	worker	#selamatmalam;2017-09-13 - 2017-09-13;submitSocial;all;arwin
2017-09-15 05:07:02	worker	@884GlobalRadio;2017-09-13 - 2017-09-13;submitSocial;all;arwin
2017-09-15 05:07:04	worker	@day_trans;2017-09-13 - 2017-09-13;submitSocial;all;arwin
2017-09-15 05:07:06	worker	@kencanavoyage;2017-09-13 - 2017-09-13;submitSocial;all;arwin
2017-09-15 05:07:08	worker	@jukebox5d;2017-09-13 - 2017-09-13;submitSocial;all;arwin
2017-09-15 05:07:11	worker	#mtvhottest;2017-09-13 - 2017-09-13;submitSocial;all;arwin
2017-09-15 05:07:13	worker	#semangatpagi;2017-09-13 - 2017-09-13;submitSocial;all;arwin
2017-09-15 05:07:15	worker	lifebuoy;2017-09-13 - 2017-09-13;submitSocial;all;arwin
2017-09-15 05:07:17	worker	jokowi;2017-09-13 - 2017-09-13;submitSocial;all;arwin
2017-09-15 05:07:25	worker	obama;2017-09-13 - 2017-09-13;submitSocial;all;arwin
2017-09-15 05:07:34	worker	starwars;2017-09-13 - 2017-09-13;submitSocial;all;arwin
2017-09-15 05:07:37	worker	jonan;2017-09-13 - 2017-09-13;submitSocial;all;arwin
2017-09-15 05:07:40	worker	pagi;2017-09-13 - 2017-09-13;submitSocial;all;arwin
2017-09-15 05:07:48	worker	sampoerna;2017-09-13 - 2017-09-13;submitSocial;all;arwin
2017-09-15 05:07:51	worker	djarum;2017-09-13 - 2017-09-13;submitSocial;all;arwin
2017-09-15 05:07:53	worker	#semangatpagi;2017-09-13 - 2017-09-13;submitSocial;all;arwin
2017-09-15 05:07:55	worker	#generaksi8;2017-09-13 - 2017-09-13;submitSocial;all;arwin
2017-09-15 05:07:57	worker	#365alasan;2017-09-13 - 2017-09-13;submitSocial;all;arwin
2017-09-15 05:07:59	worker	weew;2017-09-13 - 2017-09-13;submitSocial;all;arwin
2017-09-15 05:08:02	worker	testing;2017-09-13 - 2017-09-13;submitSocial;all;arwin
2017-09-15 05:08:10	worker	#kopaja;2017-09-13 - 2017-09-13;submitSocial;all;arwin
2017-09-15 05:08:12	worker	#genkuisinsideout;2017-09-13 - 2017-09-13;submitSocial;all;arwin
2017-09-15 05:08:14	worker	starwars;2017-09-13 - 2017-09-13;submitSocial;all;arwin
2017-09-15 05:08:17	worker	#kopaja;2017-09-13 - 2017-09-13;submitSocial;all;arwin
2017-09-15 05:08:19	worker	mldspot;2017-09-13 - 2017-09-13;submitSocial;all;arwin
2017-09-15 05:08:22	worker	PBDjarum;2017-09-13 - 2017-09-13;submitSocial;all;arwin
2017-09-15 05:08:24	worker	TemanNabati;2017-09-13 - 2017-09-13;submitSocial;all;arwin
2017-09-15 05:08:27	worker	Nextar;2017-09-13 - 2017-09-13;submitSocial;all;arwin
2017-09-15 05:08:30	worker	jokowo;2017-09-13 - 2017-09-13;submitSocial;all;arwin
2017-09-15 05:08:32	worker	prabowo;2017-09-13 - 2017-09-13;submitSocial;all;arwin
2017-09-15 05:08:36	worker	sudirman said;2017-09-13 - 2017-09-13;submitSocial;all;arwin
2017-09-15 05:08:39	worker	ahok;2017-09-13 - 2017-09-13;submitSocial;all;arwin
2017-09-15 05:08:45	worker	setyanovanto;2017-09-13 - 2017-09-13;submitSocial;all;arwin
2017-09-15 05:08:47	worker	jokowi;2017-09-13 - 2017-09-13;submitSocial;all;arwin
2017-09-15 05:08:55	worker	ahok;2017-09-13 - 2017-09-13;submitSocial;all;arwin
2017-09-15 05:09:01	worker	prabowo;2017-09-13 - 2017-09-13;submitSocial;all;arwin
2017-09-15 05:09:06	worker	sudirman said;2017-09-13 - 2017-09-13;submitSocial;all;arwin
2017-09-15 05:09:08	worker	setyanovanto;2017-09-13 - 2017-09-13;submitSocial;all;arwin
2017-09-15 05:09:10	worker	galau;2017-09-13 - 2017-09-13;submitSocial;all;arwin
2017-09-15 05:09:14	worker	#prestasiindonesia;2017-09-13 - 2017-09-13;submitSocial;all;arwin
2017-09-15 05:09:16	worker	@Tw_Debi;2017-09-13 - 2017-09-13;submitSocial;all;arwin
2017-09-15 05:09:18	worker	@OfficialFastron;2017-09-13 - 2017-09-13;submitSocial;all;arwin
2017-09-15 05:09:20	worker	@CitibankID;2017-09-13 - 2017-09-13;submitSocial;all;arwin
2017-09-15 05:09:22	worker	@jak101fm;2017-09-13 - 2017-09-13;submitSocial;all;arwin
2017-09-15 05:09:25	worker	@genfm;2017-09-13 - 2017-09-13;submitSocial;all;arwin
