2017-04-27 05:00:09	[{"keyword":"@987genfm","from":"2017-04-25","mode":"submitSocial","container":"all","username":"arwin"}]
2017-04-27 05:00:12	[{"keyword":"@101jakfm","from":"2017-04-25","mode":"submitSocial","container":"all","username":"arwin"}]
2017-04-27 05:00:16	[{"keyword":"@prambors","from":"2017-04-25","mode":"submitSocial","container":"all","username":"arwin"}]
2017-04-27 05:00:19	[{"keyword":"@hardrockfm","from":"2017-04-25","mode":"submitSocial","container":"all","username":"arwin"}]
2017-04-27 05:00:22	[{"keyword":"@kisfmjakarta","from":"2017-04-25","mode":"submitSocial","container":"all","username":"arwin"}]
2017-04-27 05:00:25	[{"keyword":"@delta_fm","from":"2017-04-25","mode":"submitSocial","container":"all","username":"arwin"}]
2017-04-27 05:00:28	[{"keyword":"@traxfmjkt","from":"2017-04-25","mode":"submitSocial","container":"all","username":"arwin"}]
2017-04-27 05:00:31	[{"keyword":"@iradiojakarta","from":"2017-04-25","mode":"submitSocial","container":"all","username":"arwin"}]
2017-04-27 05:00:35	[{"keyword":"@indika9160fm","from":"2017-04-25","mode":"submitSocial","container":"all","username":"arwin"}]
2017-04-27 05:00:37	[{"keyword":"@shellindonesia","from":"2017-04-25","mode":"submitSocial","container":"all","username":"arwin"}]
2017-04-27 05:00:40	[{"keyword":"@vpowerfans","from":"2017-04-25","mode":"submitSocial","container":"all","username":"arwin"}]
2017-04-27 05:00:43	[{"keyword":"@pertamaxind","from":"2017-04-25","mode":"submitSocial","container":"all","username":"arwin"}]
2017-04-27 05:00:46	[{"keyword":"@ptpertamina","from":"2017-04-25","mode":"submitSocial","container":"all","username":"arwin"}]
2017-04-27 05:00:49	[{"keyword":"@ozradiojakarta","from":"2017-04-25","mode":"submitSocial","container":"all","username":"arwin"}]
2017-04-27 05:00:52	[{"keyword":"@cosmopolitanfm","from":"2017-04-25","mode":"submitSocial","container":"all","username":"arwin"}]
2017-04-27 05:00:55	[{"keyword":"@mustang88fm","from":"2017-04-25","mode":"submitSocial","container":"all","username":"arwin"}]
2017-04-27 05:00:58	[{"keyword":"@debabaz","from":"2017-04-25","mode":"submitSocial","container":"all","username":"arwin"}]
2017-04-27 05:01:03	[{"keyword":"@detikcom","from":"2017-04-25","mode":"submitSocial","container":"all","username":"arwin"}]
2017-04-27 05:01:06	[{"keyword":"@radioelshinta","from":"2017-04-25","mode":"submitSocial","container":"all","username":"arwin"}]
2017-04-27 05:01:09	[{"keyword":"@cinema21","from":"2017-04-25","mode":"submitSocial","container":"all","username":"arwin"}]
2017-04-27 05:01:12	[{"keyword":"@officialrcti","from":"2017-04-25","mode":"submitSocial","container":"all","username":"arwin"}]
2017-04-27 05:01:16	[{"keyword":"@transtv_corp","from":"2017-04-25","mode":"submitSocial","container":"all","username":"arwin"}]
2017-04-27 05:01:19	[{"keyword":"@trans7","from":"2017-04-25","mode":"submitSocial","container":"all","username":"arwin"}]
2017-04-27 05:01:22	[{"keyword":"@metro_tv","from":"2017-04-25","mode":"submitSocial","container":"all","username":"arwin"}]
2017-04-27 05:01:26	[{"keyword":"@tvonenews","from":"2017-04-25","mode":"submitSocial","container":"all","username":"arwin"}]
2017-04-27 05:01:30	[{"keyword":"@whatsonantv","from":"2017-04-25","mode":"submitSocial","container":"all","username":"arwin"}]
2017-04-27 05:01:33	[{"keyword":"@sctv_","from":"2017-04-25","mode":"submitSocial","container":"all","username":"arwin"}]
2017-04-27 05:01:36	[{"keyword":"@kompastv","from":"2017-04-25","mode":"submitSocial","container":"all","username":"arwin"}]
2017-04-27 05:01:40	[{"keyword":"@netmediatama","from":"2017-04-25","mode":"submitSocial","container":"all","username":"arwin"}]
2017-04-27 05:01:43	[{"keyword":"@globaltvseru","from":"2017-04-25","mode":"submitSocial","container":"all","username":"arwin"}]
2017-04-27 05:01:46	[{"keyword":"@jaktvcom","from":"2017-04-25","mode":"submitSocial","container":"all","username":"arwin"}]
2017-04-27 05:01:49	[{"keyword":"@tvrinasional","from":"2017-04-25","mode":"submitSocial","container":"all","username":"arwin"}]
2017-04-27 05:01:51	[{"keyword":"@ochannelupdates","from":"2017-04-25","mode":"submitSocial","container":"all","username":"arwin"}]
2017-04-27 05:01:56	[{"keyword":"@indosiarid","from":"2017-04-25","mode":"submitSocial","container":"all","username":"arwin"}]
2017-04-27 05:02:00	[{"keyword":"@kompascom","from":"2017-04-25","mode":"submitSocial","container":"all","username":"arwin"}]
2017-04-27 05:02:03	[{"keyword":"@merdekadotcom","from":"2017-04-25","mode":"submitSocial","container":"all","username":"arwin"}]
2017-04-27 05:02:06	[{"keyword":"@midotcom","from":"2017-04-25","mode":"submitSocial","container":"all","username":"arwin"}]
2017-04-27 05:02:10	[{"keyword":"@tempodotco","from":"2017-04-25","mode":"submitSocial","container":"all","username":"arwin"}]
2017-04-27 05:02:13	[{"keyword":"@motion975fm","from":"2017-04-25","mode":"submitSocial","container":"all","username":"arwin"}]
2017-04-27 05:02:15	[{"keyword":"@_radiotoday","from":"2017-04-25","mode":"submitSocial","container":"all","username":"arwin"}]
2017-04-27 05:02:19	[{"keyword":"@radioinfo","from":"2017-04-25","mode":"submitSocial","container":"all","username":"arwin"}]
2017-04-27 05:02:21	[{"keyword":"@979femaleradio","from":"2017-04-25","mode":"submitSocial","container":"all","username":"arwin"}]
2017-04-27 05:02:24	[{"keyword":"@womanradio943fm","from":"2017-04-25","mode":"submitSocial","container":"all","username":"arwin"}]
2017-04-27 05:02:27	[{"keyword":"@vradiofm","from":"2017-04-25","mode":"submitSocial","container":"all","username":"arwin"}]
2017-04-27 05:02:29	[{"keyword":"@ufm947","from":"2017-04-25","mode":"submitSocial","container":"all","username":"arwin"}]
2017-04-27 05:02:32	[{"keyword":"@vivanews","from":"2017-04-25","mode":"submitSocial","container":"all","username":"arwin"}]
2017-04-27 05:02:35	[{"keyword":"@antaranews","from":"2017-04-25","mode":"submitSocial","container":"all","username":"arwin"}]
2017-04-27 05:02:39	[{"keyword":"@tribunnews","from":"2017-04-25","mode":"submitSocial","container":"all","username":"arwin"}]
2017-04-27 05:02:42	[{"keyword":"@okezonenews","from":"2017-04-25","mode":"submitSocial","container":"all","username":"arwin"}]
2017-04-27 05:02:45	[{"keyword":"@beritasatu","from":"2017-04-25","mode":"submitSocial","container":"all","username":"arwin"}]
2017-04-27 05:02:48	[{"keyword":"@rollingstoneina","from":"2017-04-25","mode":"submitSocial","container":"all","username":"arwin"}]
2017-04-27 05:02:51	[{"keyword":"@fimeladotcom","from":"2017-04-25","mode":"submitSocial","container":"all","username":"arwin"}]
2017-04-27 05:02:54	[{"keyword":"@kapanlagicom","from":"2017-04-25","mode":"submitSocial","container":"all","username":"arwin"}]
2017-04-27 05:02:57	[{"keyword":"@kompasent","from":"2017-04-25","mode":"submitSocial","container":"all","username":"arwin"}]
2017-04-27 05:03:00	[{"keyword":"@haimagazine","from":"2017-04-25","mode":"submitSocial","container":"all","username":"arwin"}]
2017-04-27 05:03:03	[{"keyword":"@jakartavenue","from":"2017-04-25","mode":"submitSocial","container":"all","username":"arwin"}]
2017-04-27 05:03:06	[{"keyword":"@seputarevent","from":"2017-04-25","mode":"submitSocial","container":"all","username":"arwin"}]
2017-04-27 05:03:09	[{"keyword":"@ismayalive","from":"2017-04-25","mode":"submitSocial","container":"all","username":"arwin"}]
2017-04-27 05:03:11	[{"keyword":"@ecentertainment","from":"2017-04-25","mode":"submitSocial","container":"all","username":"arwin"}]
2017-04-27 05:03:14	[{"keyword":"@synergism_en","from":"2017-04-25","mode":"submitSocial","container":"all","username":"arwin"}]
2017-04-27 05:03:17	[{"keyword":"@urbanbandung","from":"2017-04-25","mode":"submitSocial","container":"all","username":"arwin"}]
2017-04-27 05:03:19	[{"keyword":"@urbanrkm995","from":"2017-04-25","mode":"submitSocial","container":"all","username":"arwin"}]
2017-04-27 05:03:22	[{"keyword":"@garuda_promo","from":"2017-04-25","mode":"submitSocial","container":"all","username":"arwin"}]
2017-04-27 05:03:25	[{"keyword":"@airasiaid","from":"2017-04-25","mode":"submitSocial","container":"all","username":"arwin"}]
2017-04-27 05:03:28	[{"keyword":"@kai121","from":"2017-04-25","mode":"submitSocial","container":"all","username":"arwin"}]
2017-04-27 05:03:31	[{"keyword":"@unilever","from":"2017-04-25","mode":"submitSocial","container":"all","username":"arwin"}]
2017-04-27 05:03:35	[{"keyword":"@nestle","from":"2017-04-25","mode":"submitSocial","container":"all","username":"arwin"}]
2017-04-27 05:03:39	[{"keyword":"@cocacola","from":"2017-04-25","mode":"submitSocial","container":"all","username":"arwin"}]
2017-04-27 05:03:46	[{"keyword":"@cnn","from":"2017-04-25","mode":"submitSocial","container":"all","username":"arwin"}]
2017-04-27 05:03:50	[{"keyword":"@mtv","from":"2017-04-25","mode":"submitSocial","container":"all","username":"arwin"}]
2017-04-27 05:03:53	[{"keyword":"@channelv","from":"2017-04-25","mode":"submitSocial","container":"all","username":"arwin"}]
2017-04-27 05:03:56	[{"keyword":"@itunesmusic","from":"2017-04-25","mode":"submitSocial","container":"all","username":"arwin"}]
2017-04-27 05:04:00	[{"keyword":"@mashable","from":"2017-04-25","mode":"submitSocial","container":"all","username":"arwin"}]
2017-04-27 05:04:03	[{"keyword":"@decacaz","from":"2017-04-25","mode":"submitSocial","container":"all","username":"arwin"}]
2017-04-27 05:04:05	[{"keyword":"@radiobaru967fm","from":"2017-04-25","mode":"submitSocial","container":"all","username":"arwin"}]
2017-04-27 05:04:08	[{"keyword":"@967hitzfm","from":"2017-04-25","mode":"submitSocial","container":"all","username":"arwin"}]
2017-04-27 05:04:12	[{"keyword":"@tvguide","from":"2017-04-25","mode":"submitSocial","container":"all","username":"arwin"}]
2017-04-27 05:04:15	[{"keyword":"@xl123","from":"2017-04-25","mode":"submitSocial","container":"all","username":"arwin"}]
2017-04-27 05:04:18	[{"keyword":"@triindonesia","from":"2017-04-25","mode":"submitSocial","container":"all","username":"arwin"}]
2017-04-27 05:04:21	[{"keyword":"@kaskus","from":"2017-04-25","mode":"submitSocial","container":"all","username":"arwin"}]
2017-04-27 05:04:24	[{"keyword":"@studio_xxi","from":"2017-04-25","mode":"submitSocial","container":"all","username":"arwin"}]
2017-04-27 05:04:27	[{"keyword":"@blitzmegaplex","from":"2017-04-25","mode":"submitSocial","container":"all","username":"arwin"}]
2017-04-27 05:04:29	[{"keyword":"@alfamartku","from":"2017-04-25","mode":"submitSocial","container":"all","username":"arwin"}]
2017-04-27 05:04:32	[{"keyword":"@carrefour_id","from":"2017-04-25","mode":"submitSocial","container":"all","username":"arwin"}]
2017-04-27 05:04:36	[{"keyword":"@bbcbreaking","from":"2017-04-25","mode":"submitSocial","container":"all","username":"arwin"}]
2017-04-27 05:04:43	[{"keyword":"@forbes","from":"2017-04-25","mode":"submitSocial","container":"all","username":"arwin"}]
2017-04-27 05:04:46	[{"keyword":"@bensradio","from":"2017-04-25","mode":"submitSocial","container":"all","username":"arwin"}]
2017-04-27 05:04:53	[{"keyword":"@instagram","from":"2017-04-25","mode":"submitSocial","container":"all","username":"arwin"}]
2017-04-27 05:04:57	[{"keyword":"@pinterest","from":"2017-04-25","mode":"submitSocial","container":"all","username":"arwin"}]
2017-04-27 05:05:07	[{"keyword":"@google","from":"2017-04-25","mode":"submitSocial","container":"all","username":"arwin"}]
2017-04-27 05:05:10	[{"keyword":"@pertaminalub","from":"2017-04-25","mode":"submitSocial","container":"all","username":"arwin"}]
2017-04-27 05:05:13	[{"keyword":"@infolalintol","from":"2017-04-25","mode":"submitSocial","container":"all","username":"arwin"}]
2017-04-27 05:05:16	[{"keyword":"@ptjasamarga","from":"2017-04-25","mode":"submitSocial","container":"all","username":"arwin"}]
2017-04-27 05:05:18	[{"keyword":"@cititransindo","from":"2017-04-25","mode":"submitSocial","container":"all","username":"arwin"}]
2017-04-27 05:05:21	[{"keyword":"#semangatpagisuperr","from":"2017-04-25","mode":"submitSocial","container":"all","username":"arwin"}]
2017-04-27 05:05:23	[{"keyword":"#genkuisinsideout","from":"2017-04-25","mode":"submitSocial","container":"all","username":"arwin"}]
2017-04-27 05:05:26	[{"keyword":"#semangatpagi","from":"2017-04-25","mode":"submitSocial","container":"all","username":"arwin"}]
2017-04-27 05:05:29	[{"keyword":"#dikamar","from":"2017-04-25","mode":"submitSocial","container":"all","username":"arwin"}]
2017-04-27 05:05:32	[{"keyword":"#kopaja","from":"2017-04-25","mode":"submitSocial","container":"all","username":"arwin"}]
2017-04-27 05:05:34	[{"keyword":"#generaksi8","from":"2017-04-25","mode":"submitSocial","container":"all","username":"arwin"}]
2017-04-27 05:05:37	[{"keyword":"#hitztsp","from":"2017-04-25","mode":"submitSocial","container":"all","username":"arwin"}]
2017-04-27 05:05:41	[{"keyword":"#np","from":"2017-04-25","mode":"submitSocial","container":"all","username":"arwin"}]
2017-04-27 05:05:44	[{"keyword":"#hitzlivestage","from":"2017-04-25","mode":"submitSocial","container":"all","username":"arwin"}]
2017-04-27 05:05:46	[{"keyword":"#thefreaks","from":"2017-04-25","mode":"submitSocial","container":"all","username":"arwin"}]
2017-04-27 05:05:49	[{"keyword":"#hitzsirkuspagi","from":"2017-04-25","mode":"submitSocial","container":"all","username":"arwin"}]
2017-04-27 05:05:52	[{"keyword":"#hitzathlon","from":"2017-04-25","mode":"submitSocial","container":"all","username":"arwin"}]
2017-04-27 05:05:55	[{"keyword":"#hitzzombie","from":"2017-04-25","mode":"submitSocial","container":"all","username":"arwin"}]
2017-04-27 05:05:57	[{"keyword":"#hitzkalong","from":"2017-04-25","mode":"submitSocial","container":"all","username":"arwin"}]
2017-04-27 05:06:00	[{"keyword":"#hitzbebas","from":"2017-04-25","mode":"submitSocial","container":"all","username":"arwin"}]
2017-04-27 05:06:03	[{"keyword":"#hitzhorehara","from":"2017-04-25","mode":"submitSocial","container":"all","username":"arwin"}]
2017-04-27 05:06:06	[{"keyword":"@zaloraid","from":"2017-04-25","mode":"submitSocial","container":"all","username":"arwin"}]
2017-04-27 05:06:09	[{"keyword":"@olx_indonesia","from":"2017-04-25","mode":"submitSocial","container":"all","username":"arwin"}]
2017-04-27 05:06:12	[{"keyword":"@lazadaid","from":"2017-04-25","mode":"submitSocial","container":"all","username":"arwin"}]
2017-04-27 05:06:15	[{"keyword":"@utrippers","from":"2017-04-25","mode":"submitSocial","container":"all","username":"arwin"}]
2017-04-27 05:06:18	[{"keyword":"@gogobot","from":"2017-04-25","mode":"submitSocial","container":"all","username":"arwin"}]
2017-04-27 05:06:21	[{"keyword":"@viatortravel","from":"2017-04-25","mode":"submitSocial","container":"all","username":"arwin"}]
2017-04-27 05:06:23	[{"keyword":"@alandakariza","from":"2017-04-25","mode":"submitSocial","container":"all","username":"arwin"}]
2017-04-27 05:06:26	[{"keyword":"@gagasmedia","from":"2017-04-25","mode":"submitSocial","container":"all","username":"arwin"}]
2017-04-27 05:06:29	[{"keyword":"@welovehonda","from":"2017-04-25","mode":"submitSocial","container":"all","username":"arwin"}]
2017-04-27 05:06:32	[{"keyword":"@suzukimotorid","from":"2017-04-25","mode":"submitSocial","container":"all","username":"arwin"}]
2017-04-27 05:06:35	[{"keyword":"@kawasakilovers","from":"2017-04-25","mode":"submitSocial","container":"all","username":"arwin"}]
2017-04-27 05:06:38	[{"keyword":"@yamahaindonesia","from":"2017-04-25","mode":"submitSocial","container":"all","username":"arwin"}]
2017-04-27 05:06:41	[{"keyword":"@tripanzee","from":"2017-04-25","mode":"submitSocial","container":"all","username":"arwin"}]
2017-04-27 05:06:43	[{"keyword":"@arnoldpoernomo","from":"2017-04-25","mode":"submitSocial","container":"all","username":"arwin"}]
2017-04-27 05:06:46	[{"keyword":"@nicsap","from":"2017-04-25","mode":"submitSocial","container":"all","username":"arwin"}]
2017-04-27 05:06:49	[{"keyword":"@tiket2","from":"2017-04-25","mode":"submitSocial","container":"all","username":"arwin"}]
2017-04-27 05:06:52	[{"keyword":"@traveloka","from":"2017-04-25","mode":"submitSocial","container":"all","username":"arwin"}]
2017-04-27 05:06:56	[{"keyword":"@wego","from":"2017-04-25","mode":"submitSocial","container":"all","username":"arwin"}]
2017-04-27 05:07:00	[{"keyword":"@agoda","from":"2017-04-25","mode":"submitSocial","container":"all","username":"arwin"}]
2017-04-27 05:07:03	[{"keyword":"#salahsambung","from":"2017-04-25","mode":"submitSocial","container":"all","username":"arwin"}]
2017-04-27 05:07:06	[{"keyword":"#tulalit","from":"2017-04-25","mode":"submitSocial","container":"all","username":"arwin"}]
2017-04-27 05:07:08	[{"keyword":"#pestageneraksi8","from":"2017-04-25","mode":"submitSocial","container":"all","username":"arwin"}]
2017-04-27 05:07:11	[{"keyword":"#ganaskustik","from":"2017-04-25","mode":"submitSocial","container":"all","username":"arwin"}]
2017-04-27 05:07:13	[{"keyword":"#lnhot20","from":"2017-04-25","mode":"submitSocial","container":"all","username":"arwin"}]
2017-04-27 05:07:16	[{"keyword":"@tripadvisor","from":"2017-04-25","mode":"submitSocial","container":"all","username":"arwin"}]
2017-04-27 05:07:24	[{"keyword":"@google","from":"2017-04-25","mode":"submitSocial","container":"all","username":"arwin"}]
2017-04-27 05:07:28	[{"keyword":"@telkomsel","from":"2017-04-25","mode":"submitSocial","container":"all","username":"arwin"}]
2017-04-27 05:07:31	[{"keyword":"@indosat","from":"2017-04-25","mode":"submitSocial","container":"all","username":"arwin"}]
2017-04-27 05:07:36	[{"keyword":"@bahanafmjkt","from":"2017-04-25","mode":"submitSocial","container":"all","username":""}]
2017-04-27 05:07:40	[{"keyword":"@sonorafm92","from":"2017-04-25","mode":"submitSocial","container":"all","username":"arwin"}]
2017-04-27 05:07:42	[{"keyword":"@litefm1058","from":"2017-04-25","mode":"submitSocial","container":"all","username":"arwin"}]
2017-04-27 05:07:45	[{"keyword":"@bravaradio","from":"2017-04-25","mode":"submitSocial","container":"all","username":"arwin"}]
2017-04-27 05:07:49	[{"keyword":"#dgitm","from":"2017-04-25","mode":"submitSocial","container":"all","username":"arwin"}]
2017-04-27 05:07:51	[{"keyword":"#hitsalaprambors","from":"2017-04-25","mode":"submitSocial","container":"all","username":"arwin"}]
2017-04-27 05:07:54	[{"keyword":"#reqprambors","from":"2017-04-25","mode":"submitSocial","container":"all","username":"arwin"}]
2017-04-27 05:07:57	[{"keyword":"#thedandees","from":"2017-04-25","mode":"submitSocial","container":"all","username":"arwin"}]
2017-04-27 05:07:59	[{"keyword":"#pramborsquiz","from":"2017-04-25","mode":"submitSocial","container":"all","username":"arwin"}]
2017-04-27 05:08:02	[{"keyword":"#jeliprambors","from":"2017-04-25","mode":"submitSocial","container":"all","username":"arwin"}]
2017-04-27 05:08:04	[{"keyword":"#jodohinprambors","from":"2017-04-25","mode":"submitSocial","container":"all","username":"arwin"}]
2017-04-27 05:08:07	[{"keyword":"#ubahdenganbicara","from":"2017-04-25","mode":"submitSocial","container":"all","username":"arwin"}]
2017-04-27 05:08:09	[{"keyword":"#pramborschat","from":"2017-04-25","mode":"submitSocial","container":"all","username":"arwin"}]
2017-04-27 05:08:12	[{"keyword":"#tweetforduit","from":"2017-04-25","mode":"submitSocial","container":"all","username":"arwin"}]
2017-04-27 05:08:15	[{"keyword":"#joki3in1","from":"2017-04-25","mode":"submitSocial","container":"all","username":"arwin"}]
2017-04-27 05:08:17	[{"keyword":"#sarapanseru","from":"2017-04-25","mode":"submitSocial","container":"all","username":"arwin"}]
2017-04-27 05:08:20	[{"keyword":"#rawonkaneloop","from":"2017-04-25","mode":"submitSocial","container":"all","username":"arwin"}]
2017-04-27 05:08:22	[{"keyword":"#gudegkendilkeraton","from":"2017-04-25","mode":"submitSocial","container":"all","username":"arwin"}]
2017-04-27 05:08:25	[{"keyword":"#gadogadobutika","from":"2017-04-25","mode":"submitSocial","container":"all","username":"arwin"}]
2017-04-27 05:08:28	[{"keyword":"#mtvhottest","from":"2017-04-25","mode":"submitSocial","container":"all","username":"arwin"}]
2017-04-27 05:08:31	[{"keyword":"#dimsumcjdw","from":"2017-04-25","mode":"submitSocial","container":"all","username":"arwin"}]
2017-04-27 05:08:33	[{"keyword":"#pecelmadiunmbakniek","from":"2017-04-25","mode":"submitSocial","container":"all","username":"arwin"}]
2017-04-27 05:08:36	[{"keyword":"#depotarema","from":"2017-04-25","mode":"submitSocial","container":"all","username":"arwin"}]
2017-04-27 05:08:39	[{"keyword":"@bni46","from":"2017-04-25","mode":"submitSocial","container":"all","username":"arwin"}]
2017-04-27 05:08:41	[{"keyword":"@bankbri_id","from":"2017-04-25","mode":"submitSocial","container":"all","username":"arwin"}]
2017-04-27 05:08:44	[{"keyword":"#bni46","from":"2017-04-25","mode":"submitSocial","container":"all","username":"arwin"}]
2017-04-27 05:08:50	[{"keyword":"macet","from":"2017-04-25","mode":"submitSocial","container":"all","username":"arwin"}]
2017-04-27 05:08:52	[{"keyword":"#selamatpagi","from":"2017-04-25","mode":"submitSocial","container":"all","username":"arwin"}]
2017-04-27 05:08:55	[{"keyword":"#selamatmalam","from":"2017-04-25","mode":"submitSocial","container":"all","username":"arwin"}]
2017-04-27 05:08:58	[{"keyword":"@884globalradio","from":"2017-04-25","mode":"submitSocial","container":"all","username":"arwin"}]
2017-04-27 05:09:01	[{"keyword":"@day_trans","from":"2017-04-25","mode":"submitSocial","container":"all","username":"arwin"}]
2017-04-27 05:09:04	[{"keyword":"@kencanavoyage","from":"2017-04-25","mode":"submitSocial","container":"all","username":"arwin"}]
2017-04-27 05:09:07	[{"keyword":"@jukebox5d","from":"2017-04-25","mode":"submitSocial","container":"all","username":"arwin"}]
2017-04-27 05:09:10	[{"keyword":"#mtvhottest","from":"2017-04-25","mode":"submitSocial","container":"all","username":"arwin"}]
2017-04-27 05:09:12	[{"keyword":"#semangatpagi","from":"2017-04-25","mode":"submitSocial","container":"all","username":"arwin"}]
2017-04-27 05:09:15	[{"keyword":"lifebuoy","from":"2017-04-25","mode":"submitSocial","container":"all","username":"arwin"}]
2017-04-27 05:09:23	[{"keyword":"jokowi","from":"2017-04-25","mode":"submitSocial","container":"all","username":"arwin"}]
2017-04-27 05:09:33	[{"keyword":"obama","from":"2017-04-25","mode":"submitSocial","container":"all","username":"arwin"}]
2017-04-27 05:09:37	[{"keyword":"starwars","from":"2017-04-25","mode":"submitSocial","container":"all","username":"arwin"}]
2017-04-27 05:09:41	[{"keyword":"jonan","from":"2017-04-25","mode":"submitSocial","container":"all","username":"arwin"}]
2017-04-27 05:09:50	[{"keyword":"pagi","from":"2017-04-25","mode":"submitSocial","container":"all","username":"arwin"}]
2017-04-27 05:09:53	[{"keyword":"sampoerna","from":"2017-04-25","mode":"submitSocial","container":"all","username":"arwin"}]
2017-04-27 05:09:57	[{"keyword":"djarum","from":"2017-04-25","mode":"submitSocial","container":"all","username":"arwin"}]
2017-04-27 05:10:00	[{"keyword":"#semangatpagi","from":"2017-04-25","mode":"submitSocial","container":"all","username":"arwin"}]
2017-04-27 05:10:02	[{"keyword":"#generaksi8","from":"2017-04-25","mode":"submitSocial","container":"all","username":"arwin"}]
2017-04-27 05:10:05	[{"keyword":"#365alasan","from":"2017-04-25","mode":"submitSocial","container":"all","username":"arwin"}]
2017-04-27 05:10:09	[{"keyword":"weew","from":"2017-04-25","mode":"submitSocial","container":"all","username":"arwin"}]
2017-04-27 05:10:19	[{"keyword":"testing","from":"2017-04-25","mode":"submitSocial","container":"all","username":"arwin"}]
2017-04-27 05:10:22	[{"keyword":"#kopaja","from":"2017-04-25","mode":"submitSocial","container":"all","username":"arwin"}]
2017-04-27 05:10:25	[{"keyword":"#genkuisinsideout","from":"2017-04-25","mode":"submitSocial","container":"all","username":"arwin"}]
2017-04-27 05:10:28	[{"keyword":"starwars","from":"2017-04-25","mode":"submitSocial","container":"all","username":"arwin"}]
2017-04-27 05:10:31	[{"keyword":"#kopaja","from":"2017-04-25","mode":"submitSocial","container":"all","username":"arwin"}]
2017-04-27 05:10:35	[{"keyword":"mldspot","from":"2017-04-25","mode":"submitSocial","container":"all","username":"arwin"}]
2017-04-27 05:10:37	[{"keyword":"pbdjarum","from":"2017-04-25","mode":"submitSocial","container":"all","username":"arwin"}]
2017-04-27 05:10:40	[{"keyword":"temannabati","from":"2017-04-25","mode":"submitSocial","container":"all","username":"arwin"}]
2017-04-27 05:10:44	[{"keyword":"nextar","from":"2017-04-25","mode":"submitSocial","container":"all","username":"arwin"}]
2017-04-27 05:10:48	[{"keyword":"jokowo","from":"2017-04-25","mode":"submitSocial","container":"all","username":"arwin"}]
2017-04-27 05:10:53	[{"keyword":"prabowo","from":"2017-04-25","mode":"submitSocial","container":"all","username":"arwin"}]
2017-04-27 05:10:56	[{"keyword":"sudirman said","from":"2017-04-25","mode":"submitSocial","container":"all","username":"arwin"}]
2017-04-27 05:11:11	[{"keyword":"ahok","from":"2017-04-25","mode":"submitSocial","container":"all","username":"arwin"}]
2017-04-27 05:11:13	[{"keyword":"setyanovanto","from":"2017-04-25","mode":"submitSocial","container":"all","username":"arwin"}]
2017-04-27 05:11:21	[{"keyword":"jokowi","from":"2017-04-25","mode":"submitSocial","container":"all","username":"arwin"}]
2017-04-27 05:11:35	[{"keyword":"ahok","from":"2017-04-25","mode":"submitSocial","container":"all","username":"arwin"}]
2017-04-27 05:11:39	[{"keyword":"prabowo","from":"2017-04-25","mode":"submitSocial","container":"all","username":"arwin"}]
2017-04-27 05:11:42	[{"keyword":"sudirman said","from":"2017-04-25","mode":"submitSocial","container":"all","username":"arwin"}]
2017-04-27 05:11:45	[{"keyword":"setyanovanto","from":"2017-04-25","mode":"submitSocial","container":"all","username":"arwin"}]
2017-04-27 05:11:50	[{"keyword":"galau","from":"2017-04-25","mode":"submitSocial","container":"all","username":"arwin"}]
2017-04-27 05:11:53	[{"keyword":"#prestasiindonesia","from":"2017-04-25","mode":"submitSocial","container":"all","username":"arwin"}]
2017-04-27 05:11:56	[{"keyword":"@tw_debi","from":"2017-04-25","mode":"submitSocial","container":"all","username":"arwin"}]
2017-04-27 05:11:59	[{"keyword":"@officialfastron","from":"2017-04-25","mode":"submitSocial","container":"all","username":"arwin"}]
2017-04-27 05:12:02	[{"keyword":"@citibankid","from":"2017-04-25","mode":"submitSocial","container":"all","username":"arwin"}]
2017-04-27 05:12:05	[{"keyword":"@jak101fm","from":"2017-04-25","mode":"submitSocial","container":"all","username":"arwin"}]
2017-04-27 05:12:08	[{"keyword":"@genfm","from":"2017-04-25","mode":"submitSocial","container":"all","username":"arwin"}]
