2017-08-29 05:00:05	[{"keyword":"@987genfm","from":"2017-08-27","mode":"submitSocial","container":"all","username":"arwin"}]
2017-08-29 05:00:08	[{"keyword":"@101jakfm","from":"2017-08-27","mode":"submitSocial","container":"all","username":"arwin"}]
2017-08-29 05:00:11	[{"keyword":"@prambors","from":"2017-08-27","mode":"submitSocial","container":"all","username":"arwin"}]
2017-08-29 05:00:14	[{"keyword":"@hardrockfm","from":"2017-08-27","mode":"submitSocial","container":"all","username":"arwin"}]
2017-08-29 05:00:16	[{"keyword":"@kisfmjakarta","from":"2017-08-27","mode":"submitSocial","container":"all","username":"arwin"}]
2017-08-29 05:00:19	[{"keyword":"@delta_fm","from":"2017-08-27","mode":"submitSocial","container":"all","username":"arwin"}]
2017-08-29 05:00:21	[{"keyword":"@traxfmjkt","from":"2017-08-27","mode":"submitSocial","container":"all","username":"arwin"}]
2017-08-29 05:00:24	[{"keyword":"@iradiojakarta","from":"2017-08-27","mode":"submitSocial","container":"all","username":"arwin"}]
2017-08-29 05:00:26	[{"keyword":"@indika9160fm","from":"2017-08-27","mode":"submitSocial","container":"all","username":"arwin"}]
2017-08-29 05:00:29	[{"keyword":"@shellindonesia","from":"2017-08-27","mode":"submitSocial","container":"all","username":"arwin"}]
2017-08-29 05:00:31	[{"keyword":"@vpowerfans","from":"2017-08-27","mode":"submitSocial","container":"all","username":"arwin"}]
2017-08-29 05:00:34	[{"keyword":"@pertamaxind","from":"2017-08-27","mode":"submitSocial","container":"all","username":"arwin"}]
2017-08-29 05:00:36	[{"keyword":"@ptpertamina","from":"2017-08-27","mode":"submitSocial","container":"all","username":"arwin"}]
2017-08-29 05:00:39	[{"keyword":"@ozradiojakarta","from":"2017-08-27","mode":"submitSocial","container":"all","username":"arwin"}]
2017-08-29 05:00:41	[{"keyword":"@cosmopolitanfm","from":"2017-08-27","mode":"submitSocial","container":"all","username":"arwin"}]
2017-08-29 05:00:44	[{"keyword":"@mustang88fm","from":"2017-08-27","mode":"submitSocial","container":"all","username":"arwin"}]
2017-08-29 05:00:46	[{"keyword":"@debabaz","from":"2017-08-27","mode":"submitSocial","container":"all","username":"arwin"}]
2017-08-29 05:00:50	[{"keyword":"@detikcom","from":"2017-08-27","mode":"submitSocial","container":"all","username":"arwin"}]
2017-08-29 05:00:53	[{"keyword":"@radioelshinta","from":"2017-08-27","mode":"submitSocial","container":"all","username":"arwin"}]
2017-08-29 05:00:55	[{"keyword":"@cinema21","from":"2017-08-27","mode":"submitSocial","container":"all","username":"arwin"}]
2017-08-29 05:00:58	[{"keyword":"@officialrcti","from":"2017-08-27","mode":"submitSocial","container":"all","username":"arwin"}]
2017-08-29 05:01:02	[{"keyword":"@transtv_corp","from":"2017-08-27","mode":"submitSocial","container":"all","username":"arwin"}]
2017-08-29 05:01:05	[{"keyword":"@trans7","from":"2017-08-27","mode":"submitSocial","container":"all","username":"arwin"}]
2017-08-29 05:01:08	[{"keyword":"@metro_tv","from":"2017-08-27","mode":"submitSocial","container":"all","username":"arwin"}]
2017-08-29 05:01:12	[{"keyword":"@tvonenews","from":"2017-08-27","mode":"submitSocial","container":"all","username":"arwin"}]
2017-08-29 05:01:15	[{"keyword":"@whatsonantv","from":"2017-08-27","mode":"submitSocial","container":"all","username":"arwin"}]
2017-08-29 05:01:18	[{"keyword":"@sctv_","from":"2017-08-27","mode":"submitSocial","container":"all","username":"arwin"}]
2017-08-29 05:01:21	[{"keyword":"@kompastv","from":"2017-08-27","mode":"submitSocial","container":"all","username":"arwin"}]
2017-08-29 05:01:24	[{"keyword":"@netmediatama","from":"2017-08-27","mode":"submitSocial","container":"all","username":"arwin"}]
2017-08-29 05:01:27	[{"keyword":"@globaltvseru","from":"2017-08-27","mode":"submitSocial","container":"all","username":"arwin"}]
2017-08-29 05:01:29	[{"keyword":"@jaktvcom","from":"2017-08-27","mode":"submitSocial","container":"all","username":"arwin"}]
2017-08-29 05:01:32	[{"keyword":"@tvrinasional","from":"2017-08-27","mode":"submitSocial","container":"all","username":"arwin"}]
2017-08-29 05:01:34	[{"keyword":"@ochannelupdates","from":"2017-08-27","mode":"submitSocial","container":"all","username":"arwin"}]
2017-08-29 05:01:38	[{"keyword":"@indosiarid","from":"2017-08-27","mode":"submitSocial","container":"all","username":"arwin"}]
2017-08-29 05:01:43	[{"keyword":"@kompascom","from":"2017-08-27","mode":"submitSocial","container":"all","username":"arwin"}]
2017-08-29 05:01:45	[{"keyword":"@merdekadotcom","from":"2017-08-27","mode":"submitSocial","container":"all","username":"arwin"}]
2017-08-29 05:01:48	[{"keyword":"@midotcom","from":"2017-08-27","mode":"submitSocial","container":"all","username":"arwin"}]
2017-08-29 05:01:50	[{"keyword":"@tempodotco","from":"2017-08-27","mode":"submitSocial","container":"all","username":"arwin"}]
2017-08-29 05:01:53	[{"keyword":"@motion975fm","from":"2017-08-27","mode":"submitSocial","container":"all","username":"arwin"}]
2017-08-29 05:01:55	[{"keyword":"@_radiotoday","from":"2017-08-27","mode":"submitSocial","container":"all","username":"arwin"}]
2017-08-29 05:01:57	[{"keyword":"@radioinfo","from":"2017-08-27","mode":"submitSocial","container":"all","username":"arwin"}]
2017-08-29 05:02:00	[{"keyword":"@979femaleradio","from":"2017-08-27","mode":"submitSocial","container":"all","username":"arwin"}]
2017-08-29 05:02:02	[{"keyword":"@womanradio943fm","from":"2017-08-27","mode":"submitSocial","container":"all","username":"arwin"}]
2017-08-29 05:02:05	[{"keyword":"@vradiofm","from":"2017-08-27","mode":"submitSocial","container":"all","username":"arwin"}]
2017-08-29 05:02:07	[{"keyword":"@ufm947","from":"2017-08-27","mode":"submitSocial","container":"all","username":"arwin"}]
2017-08-29 05:02:09	[{"keyword":"@vivanews","from":"2017-08-27","mode":"submitSocial","container":"all","username":"arwin"}]
2017-08-29 05:02:12	[{"keyword":"@antaranews","from":"2017-08-27","mode":"submitSocial","container":"all","username":"arwin"}]
2017-08-29 05:02:15	[{"keyword":"@tribunnews","from":"2017-08-27","mode":"submitSocial","container":"all","username":"arwin"}]
2017-08-29 05:02:17	[{"keyword":"@okezonenews","from":"2017-08-27","mode":"submitSocial","container":"all","username":"arwin"}]
2017-08-29 05:02:20	[{"keyword":"@beritasatu","from":"2017-08-27","mode":"submitSocial","container":"all","username":"arwin"}]
2017-08-29 05:02:22	[{"keyword":"@rollingstoneina","from":"2017-08-27","mode":"submitSocial","container":"all","username":"arwin"}]
2017-08-29 05:02:25	[{"keyword":"@fimeladotcom","from":"2017-08-27","mode":"submitSocial","container":"all","username":"arwin"}]
2017-08-29 05:02:27	[{"keyword":"@kapanlagicom","from":"2017-08-27","mode":"submitSocial","container":"all","username":"arwin"}]
2017-08-29 05:02:30	[{"keyword":"@kompasent","from":"2017-08-27","mode":"submitSocial","container":"all","username":"arwin"}]
2017-08-29 05:02:32	[{"keyword":"@haimagazine","from":"2017-08-27","mode":"submitSocial","container":"all","username":"arwin"}]
2017-08-29 05:02:34	[{"keyword":"@jakartavenue","from":"2017-08-27","mode":"submitSocial","container":"all","username":"arwin"}]
2017-08-29 05:02:37	[{"keyword":"@seputarevent","from":"2017-08-27","mode":"submitSocial","container":"all","username":"arwin"}]
2017-08-29 05:02:39	[{"keyword":"@ismayalive","from":"2017-08-27","mode":"submitSocial","container":"all","username":"arwin"}]
2017-08-29 05:02:41	[{"keyword":"@ecentertainment","from":"2017-08-27","mode":"submitSocial","container":"all","username":"arwin"}]
2017-08-29 05:02:44	[{"keyword":"@synergism_en","from":"2017-08-27","mode":"submitSocial","container":"all","username":"arwin"}]
2017-08-29 05:02:46	[{"keyword":"@urbanbandung","from":"2017-08-27","mode":"submitSocial","container":"all","username":"arwin"}]
2017-08-29 05:02:48	[{"keyword":"@urbanrkm995","from":"2017-08-27","mode":"submitSocial","container":"all","username":"arwin"}]
2017-08-29 05:02:50	[{"keyword":"@garuda_promo","from":"2017-08-27","mode":"submitSocial","container":"all","username":"arwin"}]
2017-08-29 05:02:53	[{"keyword":"@airasiaid","from":"2017-08-27","mode":"submitSocial","container":"all","username":"arwin"}]
2017-08-29 05:02:55	[{"keyword":"@kai121","from":"2017-08-27","mode":"submitSocial","container":"all","username":"arwin"}]
2017-08-29 05:02:58	[{"keyword":"@unilever","from":"2017-08-27","mode":"submitSocial","container":"all","username":"arwin"}]
2017-08-29 05:03:02	[{"keyword":"@nestle","from":"2017-08-27","mode":"submitSocial","container":"all","username":"arwin"}]
2017-08-29 05:03:06	[{"keyword":"@cocacola","from":"2017-08-27","mode":"submitSocial","container":"all","username":"arwin"}]
2017-08-29 05:03:14	[{"keyword":"@cnn","from":"2017-08-27","mode":"submitSocial","container":"all","username":"arwin"}]
2017-08-29 05:03:19	[{"keyword":"@mtv","from":"2017-08-27","mode":"submitSocial","container":"all","username":"arwin"}]
2017-08-29 05:03:21	[{"keyword":"@channelv","from":"2017-08-27","mode":"submitSocial","container":"all","username":"arwin"}]
2017-08-29 05:03:24	[{"keyword":"@itunesmusic","from":"2017-08-27","mode":"submitSocial","container":"all","username":"arwin"}]
2017-08-29 05:03:27	[{"keyword":"@mashable","from":"2017-08-27","mode":"submitSocial","container":"all","username":"arwin"}]
2017-08-29 05:03:30	[{"keyword":"@decacaz","from":"2017-08-27","mode":"submitSocial","container":"all","username":"arwin"}]
2017-08-29 05:03:32	[{"keyword":"@radiobaru967fm","from":"2017-08-27","mode":"submitSocial","container":"all","username":"arwin"}]
2017-08-29 05:03:34	[{"keyword":"@967hitzfm","from":"2017-08-27","mode":"submitSocial","container":"all","username":"arwin"}]
2017-08-29 05:03:37	[{"keyword":"@tvguide","from":"2017-08-27","mode":"submitSocial","container":"all","username":"arwin"}]
2017-08-29 05:03:40	[{"keyword":"@xl123","from":"2017-08-27","mode":"submitSocial","container":"all","username":"arwin"}]
2017-08-29 05:03:42	[{"keyword":"@triindonesia","from":"2017-08-27","mode":"submitSocial","container":"all","username":"arwin"}]
2017-08-29 05:03:45	[{"keyword":"@kaskus","from":"2017-08-27","mode":"submitSocial","container":"all","username":"arwin"}]
2017-08-29 05:03:48	[{"keyword":"@studio_xxi","from":"2017-08-27","mode":"submitSocial","container":"all","username":"arwin"}]
2017-08-29 05:03:50	[{"keyword":"@blitzmegaplex","from":"2017-08-27","mode":"submitSocial","container":"all","username":"arwin"}]
2017-08-29 05:03:52	[{"keyword":"@alfamartku","from":"2017-08-27","mode":"submitSocial","container":"all","username":"arwin"}]
2017-08-29 05:03:54	[{"keyword":"@carrefour_id","from":"2017-08-27","mode":"submitSocial","container":"all","username":"arwin"}]
2017-08-29 05:03:58	[{"keyword":"@bbcbreaking","from":"2017-08-27","mode":"submitSocial","container":"all","username":"arwin"}]
2017-08-29 05:04:04	[{"keyword":"@forbes","from":"2017-08-27","mode":"submitSocial","container":"all","username":"arwin"}]
2017-08-29 05:04:07	[{"keyword":"@bensradio","from":"2017-08-27","mode":"submitSocial","container":"all","username":"arwin"}]
2017-08-29 05:04:13	[{"keyword":"@instagram","from":"2017-08-27","mode":"submitSocial","container":"all","username":"arwin"}]
2017-08-29 05:04:16	[{"keyword":"@pinterest","from":"2017-08-27","mode":"submitSocial","container":"all","username":"arwin"}]
2017-08-29 05:04:23	[{"keyword":"@google","from":"2017-08-27","mode":"submitSocial","container":"all","username":"arwin"}]
2017-08-29 05:04:25	[{"keyword":"@pertaminalub","from":"2017-08-27","mode":"submitSocial","container":"all","username":"arwin"}]
2017-08-29 05:04:28	[{"keyword":"@infolalintol","from":"2017-08-27","mode":"submitSocial","container":"all","username":"arwin"}]
2017-08-29 05:04:30	[{"keyword":"@ptjasamarga","from":"2017-08-27","mode":"submitSocial","container":"all","username":"arwin"}]
2017-08-29 05:04:32	[{"keyword":"@cititransindo","from":"2017-08-27","mode":"submitSocial","container":"all","username":"arwin"}]
2017-08-29 05:04:35	[{"keyword":"#semangatpagisuperr","from":"2017-08-27","mode":"submitSocial","container":"all","username":"arwin"}]
2017-08-29 05:04:37	[{"keyword":"#genkuisinsideout","from":"2017-08-27","mode":"submitSocial","container":"all","username":"arwin"}]
2017-08-29 05:04:39	[{"keyword":"#semangatpagi","from":"2017-08-27","mode":"submitSocial","container":"all","username":"arwin"}]
2017-08-29 05:04:42	[{"keyword":"#dikamar","from":"2017-08-27","mode":"submitSocial","container":"all","username":"arwin"}]
2017-08-29 05:04:44	[{"keyword":"#kopaja","from":"2017-08-27","mode":"submitSocial","container":"all","username":"arwin"}]
2017-08-29 05:04:46	[{"keyword":"#generaksi8","from":"2017-08-27","mode":"submitSocial","container":"all","username":"arwin"}]
2017-08-29 05:04:49	[{"keyword":"#hitztsp","from":"2017-08-27","mode":"submitSocial","container":"all","username":"arwin"}]
2017-08-29 05:04:53	[{"keyword":"#np","from":"2017-08-27","mode":"submitSocial","container":"all","username":"arwin"}]
2017-08-29 05:04:55	[{"keyword":"#hitzlivestage","from":"2017-08-27","mode":"submitSocial","container":"all","username":"arwin"}]
2017-08-29 05:04:58	[{"keyword":"#thefreaks","from":"2017-08-27","mode":"submitSocial","container":"all","username":"arwin"}]
2017-08-29 05:05:00	[{"keyword":"#hitzsirkuspagi","from":"2017-08-27","mode":"submitSocial","container":"all","username":"arwin"}]
2017-08-29 05:05:04	[{"keyword":"#hitzathlon","from":"2017-08-27","mode":"submitSocial","container":"all","username":"arwin"}]
2017-08-29 05:05:07	[{"keyword":"#hitzzombie","from":"2017-08-27","mode":"submitSocial","container":"all","username":"arwin"}]
2017-08-29 05:05:09	[{"keyword":"#hitzkalong","from":"2017-08-27","mode":"submitSocial","container":"all","username":"arwin"}]
2017-08-29 05:05:12	[{"keyword":"#hitzbebas","from":"2017-08-27","mode":"submitSocial","container":"all","username":"arwin"}]
2017-08-29 05:05:15	[{"keyword":"#hitzhorehara","from":"2017-08-27","mode":"submitSocial","container":"all","username":"arwin"}]
2017-08-29 05:05:17	[{"keyword":"@zaloraid","from":"2017-08-27","mode":"submitSocial","container":"all","username":"arwin"}]
2017-08-29 05:05:20	[{"keyword":"@olx_indonesia","from":"2017-08-27","mode":"submitSocial","container":"all","username":"arwin"}]
2017-08-29 05:05:23	[{"keyword":"@lazadaid","from":"2017-08-27","mode":"submitSocial","container":"all","username":"arwin"}]
2017-08-29 05:05:25	[{"keyword":"@utrippers","from":"2017-08-27","mode":"submitSocial","container":"all","username":"arwin"}]
2017-08-29 05:05:28	[{"keyword":"@gogobot","from":"2017-08-27","mode":"submitSocial","container":"all","username":"arwin"}]
2017-08-29 05:05:30	[{"keyword":"@viatortravel","from":"2017-08-27","mode":"submitSocial","container":"all","username":"arwin"}]
2017-08-29 05:05:33	[{"keyword":"@alandakariza","from":"2017-08-27","mode":"submitSocial","container":"all","username":"arwin"}]
2017-08-29 05:05:35	[{"keyword":"@gagasmedia","from":"2017-08-27","mode":"submitSocial","container":"all","username":"arwin"}]
2017-08-29 05:05:38	[{"keyword":"@welovehonda","from":"2017-08-27","mode":"submitSocial","container":"all","username":"arwin"}]
2017-08-29 05:05:40	[{"keyword":"@suzukimotorid","from":"2017-08-27","mode":"submitSocial","container":"all","username":"arwin"}]
2017-08-29 05:05:43	[{"keyword":"@kawasakilovers","from":"2017-08-27","mode":"submitSocial","container":"all","username":"arwin"}]
2017-08-29 05:05:46	[{"keyword":"@yamahaindonesia","from":"2017-08-27","mode":"submitSocial","container":"all","username":"arwin"}]
2017-08-29 05:05:48	[{"keyword":"@tripanzee","from":"2017-08-27","mode":"submitSocial","container":"all","username":"arwin"}]
2017-08-29 05:05:51	[{"keyword":"@arnoldpoernomo","from":"2017-08-27","mode":"submitSocial","container":"all","username":"arwin"}]
2017-08-29 05:05:53	[{"keyword":"@nicsap","from":"2017-08-27","mode":"submitSocial","container":"all","username":"arwin"}]
2017-08-29 05:05:56	[{"keyword":"@tiket2","from":"2017-08-27","mode":"submitSocial","container":"all","username":"arwin"}]
2017-08-29 05:05:58	[{"keyword":"@traveloka","from":"2017-08-27","mode":"submitSocial","container":"all","username":"arwin"}]
2017-08-29 05:06:02	[{"keyword":"@wego","from":"2017-08-27","mode":"submitSocial","container":"all","username":"arwin"}]
2017-08-29 05:06:05	[{"keyword":"@agoda","from":"2017-08-27","mode":"submitSocial","container":"all","username":"arwin"}]
2017-08-29 05:06:07	[{"keyword":"#salahsambung","from":"2017-08-27","mode":"submitSocial","container":"all","username":"arwin"}]
2017-08-29 05:06:10	[{"keyword":"#tulalit","from":"2017-08-27","mode":"submitSocial","container":"all","username":"arwin"}]
2017-08-29 05:06:12	[{"keyword":"#pestageneraksi8","from":"2017-08-27","mode":"submitSocial","container":"all","username":"arwin"}]
2017-08-29 05:06:15	[{"keyword":"#ganaskustik","from":"2017-08-27","mode":"submitSocial","container":"all","username":"arwin"}]
2017-08-29 05:06:17	[{"keyword":"#lnhot20","from":"2017-08-27","mode":"submitSocial","container":"all","username":"arwin"}]
2017-08-29 05:06:19	[{"keyword":"@tripadvisor","from":"2017-08-27","mode":"submitSocial","container":"all","username":"arwin"}]
2017-08-29 05:06:27	[{"keyword":"@google","from":"2017-08-27","mode":"submitSocial","container":"all","username":"arwin"}]
2017-08-29 05:06:31	[{"keyword":"@telkomsel","from":"2017-08-27","mode":"submitSocial","container":"all","username":"arwin"}]
2017-08-29 05:06:34	[{"keyword":"@indosat","from":"2017-08-27","mode":"submitSocial","container":"all","username":"arwin"}]
2017-08-29 05:06:37	[{"keyword":"@bahanafmjkt","from":"2017-08-27","mode":"submitSocial","container":"all","username":""}]
2017-08-29 05:06:42	[{"keyword":"@sonorafm92","from":"2017-08-27","mode":"submitSocial","container":"all","username":"arwin"}]
2017-08-29 05:06:44	[{"keyword":"@litefm1058","from":"2017-08-27","mode":"submitSocial","container":"all","username":"arwin"}]
2017-08-29 05:06:46	[{"keyword":"@bravaradio","from":"2017-08-27","mode":"submitSocial","container":"all","username":"arwin"}]
2017-08-29 05:06:49	[{"keyword":"#dgitm","from":"2017-08-27","mode":"submitSocial","container":"all","username":"arwin"}]
2017-08-29 05:06:51	[{"keyword":"#hitsalaprambors","from":"2017-08-27","mode":"submitSocial","container":"all","username":"arwin"}]
2017-08-29 05:06:54	[{"keyword":"#reqprambors","from":"2017-08-27","mode":"submitSocial","container":"all","username":"arwin"}]
2017-08-29 05:06:56	[{"keyword":"#thedandees","from":"2017-08-27","mode":"submitSocial","container":"all","username":"arwin"}]
2017-08-29 05:06:58	[{"keyword":"#pramborsquiz","from":"2017-08-27","mode":"submitSocial","container":"all","username":"arwin"}]
2017-08-29 05:07:01	[{"keyword":"#jeliprambors","from":"2017-08-27","mode":"submitSocial","container":"all","username":"arwin"}]
2017-08-29 05:07:03	[{"keyword":"#jodohinprambors","from":"2017-08-27","mode":"submitSocial","container":"all","username":"arwin"}]
2017-08-29 05:07:06	[{"keyword":"#ubahdenganbicara","from":"2017-08-27","mode":"submitSocial","container":"all","username":"arwin"}]
2017-08-29 05:07:08	[{"keyword":"#pramborschat","from":"2017-08-27","mode":"submitSocial","container":"all","username":"arwin"}]
2017-08-29 05:07:11	[{"keyword":"#tweetforduit","from":"2017-08-27","mode":"submitSocial","container":"all","username":"arwin"}]
2017-08-29 05:07:13	[{"keyword":"#joki3in1","from":"2017-08-27","mode":"submitSocial","container":"all","username":"arwin"}]
2017-08-29 05:07:16	[{"keyword":"#sarapanseru","from":"2017-08-27","mode":"submitSocial","container":"all","username":"arwin"}]
2017-08-29 05:07:18	[{"keyword":"#rawonkaneloop","from":"2017-08-27","mode":"submitSocial","container":"all","username":"arwin"}]
2017-08-29 05:07:20	[{"keyword":"#gudegkendilkeraton","from":"2017-08-27","mode":"submitSocial","container":"all","username":"arwin"}]
2017-08-29 05:07:22	[{"keyword":"#gadogadobutika","from":"2017-08-27","mode":"submitSocial","container":"all","username":"arwin"}]
2017-08-29 05:07:25	[{"keyword":"#mtvhottest","from":"2017-08-27","mode":"submitSocial","container":"all","username":"arwin"}]
2017-08-29 05:07:27	[{"keyword":"#dimsumcjdw","from":"2017-08-27","mode":"submitSocial","container":"all","username":"arwin"}]
2017-08-29 05:07:30	[{"keyword":"#pecelmadiunmbakniek","from":"2017-08-27","mode":"submitSocial","container":"all","username":"arwin"}]
2017-08-29 05:07:32	[{"keyword":"#depotarema","from":"2017-08-27","mode":"submitSocial","container":"all","username":"arwin"}]
2017-08-29 05:07:35	[{"keyword":"@bni46","from":"2017-08-27","mode":"submitSocial","container":"all","username":"arwin"}]
2017-08-29 05:07:37	[{"keyword":"@bankbri_id","from":"2017-08-27","mode":"submitSocial","container":"all","username":"arwin"}]
2017-08-29 05:07:39	[{"keyword":"#bni46","from":"2017-08-27","mode":"submitSocial","container":"all","username":"arwin"}]
2017-08-29 05:07:43	[{"keyword":"macet","from":"2017-08-27","mode":"submitSocial","container":"all","username":"arwin"}]
2017-08-29 05:07:46	[{"keyword":"#selamatpagi","from":"2017-08-27","mode":"submitSocial","container":"all","username":"arwin"}]
2017-08-29 05:07:48	[{"keyword":"#selamatmalam","from":"2017-08-27","mode":"submitSocial","container":"all","username":"arwin"}]
2017-08-29 05:07:50	[{"keyword":"@884globalradio","from":"2017-08-27","mode":"submitSocial","container":"all","username":"arwin"}]
2017-08-29 05:07:53	[{"keyword":"@day_trans","from":"2017-08-27","mode":"submitSocial","container":"all","username":"arwin"}]
2017-08-29 05:07:55	[{"keyword":"@kencanavoyage","from":"2017-08-27","mode":"submitSocial","container":"all","username":"arwin"}]
2017-08-29 05:07:57	[{"keyword":"@jukebox5d","from":"2017-08-27","mode":"submitSocial","container":"all","username":"arwin"}]
2017-08-29 05:08:00	[{"keyword":"#mtvhottest","from":"2017-08-27","mode":"submitSocial","container":"all","username":"arwin"}]
2017-08-29 05:08:02	[{"keyword":"#semangatpagi","from":"2017-08-27","mode":"submitSocial","container":"all","username":"arwin"}]
2017-08-29 05:08:05	[{"keyword":"lifebuoy","from":"2017-08-27","mode":"submitSocial","container":"all","username":"arwin"}]
2017-08-29 05:08:12	[{"keyword":"jokowi","from":"2017-08-27","mode":"submitSocial","container":"all","username":"arwin"}]
2017-08-29 05:08:22	[{"keyword":"obama","from":"2017-08-27","mode":"submitSocial","container":"all","username":"arwin"}]
2017-08-29 05:08:25	[{"keyword":"starwars","from":"2017-08-27","mode":"submitSocial","container":"all","username":"arwin"}]
2017-08-29 05:08:29	[{"keyword":"jonan","from":"2017-08-27","mode":"submitSocial","container":"all","username":"arwin"}]
2017-08-29 05:08:38	[{"keyword":"pagi","from":"2017-08-27","mode":"submitSocial","container":"all","username":"arwin"}]
2017-08-29 05:08:41	[{"keyword":"sampoerna","from":"2017-08-27","mode":"submitSocial","container":"all","username":"arwin"}]
2017-08-29 05:08:44	[{"keyword":"djarum","from":"2017-08-27","mode":"submitSocial","container":"all","username":"arwin"}]
2017-08-29 05:08:46	[{"keyword":"#semangatpagi","from":"2017-08-27","mode":"submitSocial","container":"all","username":"arwin"}]
2017-08-29 05:08:48	[{"keyword":"#generaksi8","from":"2017-08-27","mode":"submitSocial","container":"all","username":"arwin"}]
2017-08-29 05:08:51	[{"keyword":"#365alasan","from":"2017-08-27","mode":"submitSocial","container":"all","username":"arwin"}]
2017-08-29 05:08:54	[{"keyword":"weew","from":"2017-08-27","mode":"submitSocial","container":"all","username":"arwin"}]
2017-08-29 05:09:05	[{"keyword":"testing","from":"2017-08-27","mode":"submitSocial","container":"all","username":"arwin"}]
2017-08-29 05:09:08	[{"keyword":"#kopaja","from":"2017-08-27","mode":"submitSocial","container":"all","username":"arwin"}]
2017-08-29 05:09:11	[{"keyword":"#genkuisinsideout","from":"2017-08-27","mode":"submitSocial","container":"all","username":"arwin"}]
2017-08-29 05:09:14	[{"keyword":"starwars","from":"2017-08-27","mode":"submitSocial","container":"all","username":"arwin"}]
2017-08-29 05:09:17	[{"keyword":"#kopaja","from":"2017-08-27","mode":"submitSocial","container":"all","username":"arwin"}]
2017-08-29 05:09:19	[{"keyword":"mldspot","from":"2017-08-27","mode":"submitSocial","container":"all","username":"arwin"}]
2017-08-29 05:09:22	[{"keyword":"pbdjarum","from":"2017-08-27","mode":"submitSocial","container":"all","username":"arwin"}]
2017-08-29 05:09:24	[{"keyword":"temannabati","from":"2017-08-27","mode":"submitSocial","container":"all","username":"arwin"}]
2017-08-29 05:09:28	[{"keyword":"nextar","from":"2017-08-27","mode":"submitSocial","container":"all","username":"arwin"}]
2017-08-29 05:09:34	[{"keyword":"jokowo","from":"2017-08-27","mode":"submitSocial","container":"all","username":"arwin"}]
2017-08-29 05:09:37	[{"keyword":"prabowo","from":"2017-08-27","mode":"submitSocial","container":"all","username":"arwin"}]
2017-08-29 05:09:40	[{"keyword":"sudirman said","from":"2017-08-27","mode":"submitSocial","container":"all","username":"arwin"}]
2017-08-29 05:09:47	[{"keyword":"ahok","from":"2017-08-27","mode":"submitSocial","container":"all","username":"arwin"}]
2017-08-29 05:09:50	[{"keyword":"setyanovanto","from":"2017-08-27","mode":"submitSocial","container":"all","username":"arwin"}]
2017-08-29 05:09:57	[{"keyword":"jokowi","from":"2017-08-27","mode":"submitSocial","container":"all","username":"arwin"}]
2017-08-29 05:10:05	[{"keyword":"ahok","from":"2017-08-27","mode":"submitSocial","container":"all","username":"arwin"}]
2017-08-29 05:10:09	[{"keyword":"prabowo","from":"2017-08-27","mode":"submitSocial","container":"all","username":"arwin"}]
2017-08-29 05:10:12	[{"keyword":"sudirman said","from":"2017-08-27","mode":"submitSocial","container":"all","username":"arwin"}]
2017-08-29 05:10:14	[{"keyword":"setyanovanto","from":"2017-08-27","mode":"submitSocial","container":"all","username":"arwin"}]
2017-08-29 05:10:20	[{"keyword":"galau","from":"2017-08-27","mode":"submitSocial","container":"all","username":"arwin"}]
2017-08-29 05:10:22	[{"keyword":"#prestasiindonesia","from":"2017-08-27","mode":"submitSocial","container":"all","username":"arwin"}]
2017-08-29 05:10:24	[{"keyword":"@tw_debi","from":"2017-08-27","mode":"submitSocial","container":"all","username":"arwin"}]
2017-08-29 05:10:27	[{"keyword":"@officialfastron","from":"2017-08-27","mode":"submitSocial","container":"all","username":"arwin"}]
2017-08-29 05:10:29	[{"keyword":"@citibankid","from":"2017-08-27","mode":"submitSocial","container":"all","username":"arwin"}]
2017-08-29 05:10:32	[{"keyword":"@jak101fm","from":"2017-08-27","mode":"submitSocial","container":"all","username":"arwin"}]
2017-08-29 05:10:35	[{"keyword":"@genfm","from":"2017-08-27","mode":"submitSocial","container":"all","username":"arwin"}]
