2017-04-07 05:00:05	[{"keyword":"@987genfm","from":"2017-04-05","mode":"submitSocial","container":"all","username":"arwin"}]
2017-04-07 05:00:07	[{"keyword":"@101jakfm","from":"2017-04-05","mode":"submitSocial","container":"all","username":"arwin"}]
2017-04-07 05:00:10	[{"keyword":"@prambors","from":"2017-04-05","mode":"submitSocial","container":"all","username":"arwin"}]
2017-04-07 05:00:12	[{"keyword":"@hardrockfm","from":"2017-04-05","mode":"submitSocial","container":"all","username":"arwin"}]
2017-04-07 05:00:15	[{"keyword":"@kisfmjakarta","from":"2017-04-05","mode":"submitSocial","container":"all","username":"arwin"}]
2017-04-07 05:00:17	[{"keyword":"@delta_fm","from":"2017-04-05","mode":"submitSocial","container":"all","username":"arwin"}]
2017-04-07 05:00:19	[{"keyword":"@traxfmjkt","from":"2017-04-05","mode":"submitSocial","container":"all","username":"arwin"}]
2017-04-07 05:00:22	[{"keyword":"@iradiojakarta","from":"2017-04-05","mode":"submitSocial","container":"all","username":"arwin"}]
2017-04-07 05:00:24	[{"keyword":"@indika9160fm","from":"2017-04-05","mode":"submitSocial","container":"all","username":"arwin"}]
2017-04-07 05:00:26	[{"keyword":"@shellindonesia","from":"2017-04-05","mode":"submitSocial","container":"all","username":"arwin"}]
2017-04-07 05:00:29	[{"keyword":"@vpowerfans","from":"2017-04-05","mode":"submitSocial","container":"all","username":"arwin"}]
2017-04-07 05:00:31	[{"keyword":"@pertamaxind","from":"2017-04-05","mode":"submitSocial","container":"all","username":"arwin"}]
2017-04-07 05:00:34	[{"keyword":"@ptpertamina","from":"2017-04-05","mode":"submitSocial","container":"all","username":"arwin"}]
2017-04-07 05:00:36	[{"keyword":"@ozradiojakarta","from":"2017-04-05","mode":"submitSocial","container":"all","username":"arwin"}]
2017-04-07 05:00:38	[{"keyword":"@cosmopolitanfm","from":"2017-04-05","mode":"submitSocial","container":"all","username":"arwin"}]
2017-04-07 05:00:41	[{"keyword":"@mustang88fm","from":"2017-04-05","mode":"submitSocial","container":"all","username":"arwin"}]
2017-04-07 05:00:43	[{"keyword":"@debabaz","from":"2017-04-05","mode":"submitSocial","container":"all","username":"arwin"}]
2017-04-07 05:00:46	[{"keyword":"@detikcom","from":"2017-04-05","mode":"submitSocial","container":"all","username":"arwin"}]
2017-04-07 05:00:49	[{"keyword":"@radioelshinta","from":"2017-04-05","mode":"submitSocial","container":"all","username":"arwin"}]
2017-04-07 05:00:51	[{"keyword":"@cinema21","from":"2017-04-05","mode":"submitSocial","container":"all","username":"arwin"}]
2017-04-07 05:00:54	[{"keyword":"@officialrcti","from":"2017-04-05","mode":"submitSocial","container":"all","username":"arwin"}]
2017-04-07 05:00:56	[{"keyword":"@transtv_corp","from":"2017-04-05","mode":"submitSocial","container":"all","username":"arwin"}]
2017-04-07 05:00:59	[{"keyword":"@trans7","from":"2017-04-05","mode":"submitSocial","container":"all","username":"arwin"}]
2017-04-07 05:01:02	[{"keyword":"@metro_tv","from":"2017-04-05","mode":"submitSocial","container":"all","username":"arwin"}]
2017-04-07 05:01:05	[{"keyword":"@tvonenews","from":"2017-04-05","mode":"submitSocial","container":"all","username":"arwin"}]
2017-04-07 05:01:08	[{"keyword":"@whatsonantv","from":"2017-04-05","mode":"submitSocial","container":"all","username":"arwin"}]
2017-04-07 05:01:11	[{"keyword":"@sctv_","from":"2017-04-05","mode":"submitSocial","container":"all","username":"arwin"}]
2017-04-07 05:01:14	[{"keyword":"@kompastv","from":"2017-04-05","mode":"submitSocial","container":"all","username":"arwin"}]
2017-04-07 05:01:17	[{"keyword":"@netmediatama","from":"2017-04-05","mode":"submitSocial","container":"all","username":"arwin"}]
2017-04-07 05:01:19	[{"keyword":"@globaltvseru","from":"2017-04-05","mode":"submitSocial","container":"all","username":"arwin"}]
2017-04-07 05:01:22	[{"keyword":"@jaktvcom","from":"2017-04-05","mode":"submitSocial","container":"all","username":"arwin"}]
2017-04-07 05:01:24	[{"keyword":"@tvrinasional","from":"2017-04-05","mode":"submitSocial","container":"all","username":"arwin"}]
2017-04-07 05:01:26	[{"keyword":"@ochannelupdates","from":"2017-04-05","mode":"submitSocial","container":"all","username":"arwin"}]
2017-04-07 05:01:29	[{"keyword":"@indosiarid","from":"2017-04-05","mode":"submitSocial","container":"all","username":"arwin"}]
2017-04-07 05:01:33	[{"keyword":"@kompascom","from":"2017-04-05","mode":"submitSocial","container":"all","username":"arwin"}]
2017-04-07 05:01:35	[{"keyword":"@merdekadotcom","from":"2017-04-05","mode":"submitSocial","container":"all","username":"arwin"}]
2017-04-07 05:01:37	[{"keyword":"@midotcom","from":"2017-04-05","mode":"submitSocial","container":"all","username":"arwin"}]
2017-04-07 05:01:40	[{"keyword":"@tempodotco","from":"2017-04-05","mode":"submitSocial","container":"all","username":"arwin"}]
2017-04-07 05:01:42	[{"keyword":"@motion975fm","from":"2017-04-05","mode":"submitSocial","container":"all","username":"arwin"}]
2017-04-07 05:01:45	[{"keyword":"@_radiotoday","from":"2017-04-05","mode":"submitSocial","container":"all","username":"arwin"}]
2017-04-07 05:01:47	[{"keyword":"@radioinfo","from":"2017-04-05","mode":"submitSocial","container":"all","username":"arwin"}]
2017-04-07 05:01:49	[{"keyword":"@979femaleradio","from":"2017-04-05","mode":"submitSocial","container":"all","username":"arwin"}]
2017-04-07 05:01:51	[{"keyword":"@womanradio943fm","from":"2017-04-05","mode":"submitSocial","container":"all","username":"arwin"}]
2017-04-07 05:01:54	[{"keyword":"@vradiofm","from":"2017-04-05","mode":"submitSocial","container":"all","username":"arwin"}]
2017-04-07 05:01:56	[{"keyword":"@ufm947","from":"2017-04-05","mode":"submitSocial","container":"all","username":"arwin"}]
2017-04-07 05:01:58	[{"keyword":"@vivanews","from":"2017-04-05","mode":"submitSocial","container":"all","username":"arwin"}]
2017-04-07 05:02:00	[{"keyword":"@antaranews","from":"2017-04-05","mode":"submitSocial","container":"all","username":"arwin"}]
2017-04-07 05:02:03	[{"keyword":"@tribunnews","from":"2017-04-05","mode":"submitSocial","container":"all","username":"arwin"}]
2017-04-07 05:02:06	[{"keyword":"@okezonenews","from":"2017-04-05","mode":"submitSocial","container":"all","username":"arwin"}]
2017-04-07 05:02:09	[{"keyword":"@beritasatu","from":"2017-04-05","mode":"submitSocial","container":"all","username":"arwin"}]
2017-04-07 05:02:11	[{"keyword":"@rollingstoneina","from":"2017-04-05","mode":"submitSocial","container":"all","username":"arwin"}]
2017-04-07 05:02:13	[{"keyword":"@fimeladotcom","from":"2017-04-05","mode":"submitSocial","container":"all","username":"arwin"}]
2017-04-07 05:02:15	[{"keyword":"@kapanlagicom","from":"2017-04-05","mode":"submitSocial","container":"all","username":"arwin"}]
2017-04-07 05:02:18	[{"keyword":"@kompasent","from":"2017-04-05","mode":"submitSocial","container":"all","username":"arwin"}]
2017-04-07 05:02:20	[{"keyword":"@haimagazine","from":"2017-04-05","mode":"submitSocial","container":"all","username":"arwin"}]
2017-04-07 05:02:22	[{"keyword":"@jakartavenue","from":"2017-04-05","mode":"submitSocial","container":"all","username":"arwin"}]
2017-04-07 05:02:24	[{"keyword":"@seputarevent","from":"2017-04-05","mode":"submitSocial","container":"all","username":"arwin"}]
2017-04-07 05:02:26	[{"keyword":"@ismayalive","from":"2017-04-05","mode":"submitSocial","container":"all","username":"arwin"}]
2017-04-07 05:02:28	[{"keyword":"@ecentertainment","from":"2017-04-05","mode":"submitSocial","container":"all","username":"arwin"}]
2017-04-07 05:02:31	[{"keyword":"@synergism_en","from":"2017-04-05","mode":"submitSocial","container":"all","username":"arwin"}]
2017-04-07 05:02:33	[{"keyword":"@urbanbandung","from":"2017-04-05","mode":"submitSocial","container":"all","username":"arwin"}]
2017-04-07 05:02:34	[{"keyword":"@urbanrkm995","from":"2017-04-05","mode":"submitSocial","container":"all","username":"arwin"}]
2017-04-07 05:02:37	[{"keyword":"@garuda_promo","from":"2017-04-05","mode":"submitSocial","container":"all","username":"arwin"}]
2017-04-07 05:02:39	[{"keyword":"@airasiaid","from":"2017-04-05","mode":"submitSocial","container":"all","username":"arwin"}]
2017-04-07 05:02:41	[{"keyword":"@kai121","from":"2017-04-05","mode":"submitSocial","container":"all","username":"arwin"}]
2017-04-07 05:02:44	[{"keyword":"@unilever","from":"2017-04-05","mode":"submitSocial","container":"all","username":"arwin"}]
2017-04-07 05:02:47	[{"keyword":"@nestle","from":"2017-04-05","mode":"submitSocial","container":"all","username":"arwin"}]
2017-04-07 05:02:52	[{"keyword":"@cocacola","from":"2017-04-05","mode":"submitSocial","container":"all","username":"arwin"}]
2017-04-07 05:03:01	[{"keyword":"@cnn","from":"2017-04-05","mode":"submitSocial","container":"all","username":"arwin"}]
2017-04-07 05:03:04	[{"keyword":"@mtv","from":"2017-04-05","mode":"submitSocial","container":"all","username":"arwin"}]
2017-04-07 05:03:06	[{"keyword":"@channelv","from":"2017-04-05","mode":"submitSocial","container":"all","username":"arwin"}]
2017-04-07 05:03:09	[{"keyword":"@itunesmusic","from":"2017-04-05","mode":"submitSocial","container":"all","username":"arwin"}]
2017-04-07 05:03:14	[{"keyword":"@mashable","from":"2017-04-05","mode":"submitSocial","container":"all","username":"arwin"}]
2017-04-07 05:03:17	[{"keyword":"@decacaz","from":"2017-04-05","mode":"submitSocial","container":"all","username":"arwin"}]
2017-04-07 05:03:19	[{"keyword":"@radiobaru967fm","from":"2017-04-05","mode":"submitSocial","container":"all","username":"arwin"}]
2017-04-07 05:03:21	[{"keyword":"@967hitzfm","from":"2017-04-05","mode":"submitSocial","container":"all","username":"arwin"}]
2017-04-07 05:03:24	[{"keyword":"@tvguide","from":"2017-04-05","mode":"submitSocial","container":"all","username":"arwin"}]
2017-04-07 05:03:26	[{"keyword":"@xl123","from":"2017-04-05","mode":"submitSocial","container":"all","username":"arwin"}]
2017-04-07 05:03:28	[{"keyword":"@triindonesia","from":"2017-04-05","mode":"submitSocial","container":"all","username":"arwin"}]
2017-04-07 05:03:31	[{"keyword":"@kaskus","from":"2017-04-05","mode":"submitSocial","container":"all","username":"arwin"}]
2017-04-07 05:03:33	[{"keyword":"@studio_xxi","from":"2017-04-05","mode":"submitSocial","container":"all","username":"arwin"}]
2017-04-07 05:03:35	[{"keyword":"@blitzmegaplex","from":"2017-04-05","mode":"submitSocial","container":"all","username":"arwin"}]
2017-04-07 05:03:37	[{"keyword":"@alfamartku","from":"2017-04-05","mode":"submitSocial","container":"all","username":"arwin"}]
2017-04-07 05:03:40	[{"keyword":"@carrefour_id","from":"2017-04-05","mode":"submitSocial","container":"all","username":"arwin"}]
2017-04-07 05:03:45	[{"keyword":"@bbcbreaking","from":"2017-04-05","mode":"submitSocial","container":"all","username":"arwin"}]
2017-04-07 05:03:53	[{"keyword":"@forbes","from":"2017-04-05","mode":"submitSocial","container":"all","username":"arwin"}]
2017-04-07 05:03:56	[{"keyword":"@bensradio","from":"2017-04-05","mode":"submitSocial","container":"all","username":"arwin"}]
2017-04-07 05:04:01	[{"keyword":"@instagram","from":"2017-04-05","mode":"submitSocial","container":"all","username":"arwin"}]
2017-04-07 05:04:05	[{"keyword":"@pinterest","from":"2017-04-05","mode":"submitSocial","container":"all","username":"arwin"}]
2017-04-07 05:04:11	[{"keyword":"@google","from":"2017-04-05","mode":"submitSocial","container":"all","username":"arwin"}]
2017-04-07 05:04:13	[{"keyword":"@pertaminalub","from":"2017-04-05","mode":"submitSocial","container":"all","username":"arwin"}]
2017-04-07 05:04:15	[{"keyword":"@infolalintol","from":"2017-04-05","mode":"submitSocial","container":"all","username":"arwin"}]
2017-04-07 05:04:17	[{"keyword":"@ptjasamarga","from":"2017-04-05","mode":"submitSocial","container":"all","username":"arwin"}]
2017-04-07 05:04:19	[{"keyword":"@cititransindo","from":"2017-04-05","mode":"submitSocial","container":"all","username":"arwin"}]
2017-04-07 05:04:21	[{"keyword":"#semangatpagisuperr","from":"2017-04-05","mode":"submitSocial","container":"all","username":"arwin"}]
2017-04-07 05:04:23	[{"keyword":"#genkuisinsideout","from":"2017-04-05","mode":"submitSocial","container":"all","username":"arwin"}]
2017-04-07 05:04:25	[{"keyword":"#semangatpagi","from":"2017-04-05","mode":"submitSocial","container":"all","username":"arwin"}]
2017-04-07 05:04:28	[{"keyword":"#dikamar","from":"2017-04-05","mode":"submitSocial","container":"all","username":"arwin"}]
2017-04-07 05:04:30	[{"keyword":"#kopaja","from":"2017-04-05","mode":"submitSocial","container":"all","username":"arwin"}]
2017-04-07 05:04:32	[{"keyword":"#generaksi8","from":"2017-04-05","mode":"submitSocial","container":"all","username":"arwin"}]
2017-04-07 05:04:34	[{"keyword":"#hitztsp","from":"2017-04-05","mode":"submitSocial","container":"all","username":"arwin"}]
2017-04-07 05:04:37	[{"keyword":"#np","from":"2017-04-05","mode":"submitSocial","container":"all","username":"arwin"}]
2017-04-07 05:04:39	[{"keyword":"#hitzlivestage","from":"2017-04-05","mode":"submitSocial","container":"all","username":"arwin"}]
2017-04-07 05:04:42	[{"keyword":"#thefreaks","from":"2017-04-05","mode":"submitSocial","container":"all","username":"arwin"}]
2017-04-07 05:04:44	[{"keyword":"#hitzsirkuspagi","from":"2017-04-05","mode":"submitSocial","container":"all","username":"arwin"}]
2017-04-07 05:04:46	[{"keyword":"#hitzathlon","from":"2017-04-05","mode":"submitSocial","container":"all","username":"arwin"}]
2017-04-07 05:04:48	[{"keyword":"#hitzzombie","from":"2017-04-05","mode":"submitSocial","container":"all","username":"arwin"}]
2017-04-07 05:04:50	[{"keyword":"#hitzkalong","from":"2017-04-05","mode":"submitSocial","container":"all","username":"arwin"}]
2017-04-07 05:04:52	[{"keyword":"#hitzbebas","from":"2017-04-05","mode":"submitSocial","container":"all","username":"arwin"}]
2017-04-07 05:04:55	[{"keyword":"#hitzhorehara","from":"2017-04-05","mode":"submitSocial","container":"all","username":"arwin"}]
2017-04-07 05:04:57	[{"keyword":"@zaloraid","from":"2017-04-05","mode":"submitSocial","container":"all","username":"arwin"}]
2017-04-07 05:04:59	[{"keyword":"@olx_indonesia","from":"2017-04-05","mode":"submitSocial","container":"all","username":"arwin"}]
2017-04-07 05:05:02	[{"keyword":"@lazadaid","from":"2017-04-05","mode":"submitSocial","container":"all","username":"arwin"}]
2017-04-07 05:05:04	[{"keyword":"@utrippers","from":"2017-04-05","mode":"submitSocial","container":"all","username":"arwin"}]
2017-04-07 05:05:07	[{"keyword":"@gogobot","from":"2017-04-05","mode":"submitSocial","container":"all","username":"arwin"}]
2017-04-07 05:05:09	[{"keyword":"@viatortravel","from":"2017-04-05","mode":"submitSocial","container":"all","username":"arwin"}]
2017-04-07 05:05:11	[{"keyword":"@alandakariza","from":"2017-04-05","mode":"submitSocial","container":"all","username":"arwin"}]
2017-04-07 05:05:13	[{"keyword":"@gagasmedia","from":"2017-04-05","mode":"submitSocial","container":"all","username":"arwin"}]
2017-04-07 05:05:16	[{"keyword":"@welovehonda","from":"2017-04-05","mode":"submitSocial","container":"all","username":"arwin"}]
2017-04-07 05:05:18	[{"keyword":"@suzukimotorid","from":"2017-04-05","mode":"submitSocial","container":"all","username":"arwin"}]
2017-04-07 05:05:20	[{"keyword":"@kawasakilovers","from":"2017-04-05","mode":"submitSocial","container":"all","username":"arwin"}]
2017-04-07 05:05:23	[{"keyword":"@yamahaindonesia","from":"2017-04-05","mode":"submitSocial","container":"all","username":"arwin"}]
2017-04-07 05:05:25	[{"keyword":"@tripanzee","from":"2017-04-05","mode":"submitSocial","container":"all","username":"arwin"}]
2017-04-07 05:05:27	[{"keyword":"@arnoldpoernomo","from":"2017-04-05","mode":"submitSocial","container":"all","username":"arwin"}]
2017-04-07 05:05:29	[{"keyword":"@nicsap","from":"2017-04-05","mode":"submitSocial","container":"all","username":"arwin"}]
2017-04-07 05:05:31	[{"keyword":"@tiket2","from":"2017-04-05","mode":"submitSocial","container":"all","username":"arwin"}]
2017-04-07 05:05:34	[{"keyword":"@traveloka","from":"2017-04-05","mode":"submitSocial","container":"all","username":"arwin"}]
2017-04-07 05:05:37	[{"keyword":"@wego","from":"2017-04-05","mode":"submitSocial","container":"all","username":"arwin"}]
2017-04-07 05:05:40	[{"keyword":"@agoda","from":"2017-04-05","mode":"submitSocial","container":"all","username":"arwin"}]
2017-04-07 05:05:42	[{"keyword":"#salahsambung","from":"2017-04-05","mode":"submitSocial","container":"all","username":"arwin"}]
2017-04-07 05:05:45	[{"keyword":"#tulalit","from":"2017-04-05","mode":"submitSocial","container":"all","username":"arwin"}]
2017-04-07 05:05:46	[{"keyword":"#pestageneraksi8","from":"2017-04-05","mode":"submitSocial","container":"all","username":"arwin"}]
2017-04-07 05:05:49	[{"keyword":"#ganaskustik","from":"2017-04-05","mode":"submitSocial","container":"all","username":"arwin"}]
2017-04-07 05:05:50	[{"keyword":"#lnhot20","from":"2017-04-05","mode":"submitSocial","container":"all","username":"arwin"}]
2017-04-07 05:05:53	[{"keyword":"@tripadvisor","from":"2017-04-05","mode":"submitSocial","container":"all","username":"arwin"}]
2017-04-07 05:05:59	[{"keyword":"@google","from":"2017-04-05","mode":"submitSocial","container":"all","username":"arwin"}]
2017-04-07 05:06:02	[{"keyword":"@telkomsel","from":"2017-04-05","mode":"submitSocial","container":"all","username":"arwin"}]
2017-04-07 05:06:05	[{"keyword":"@indosat","from":"2017-04-05","mode":"submitSocial","container":"all","username":"arwin"}]
2017-04-07 05:06:08	[{"keyword":"@bahanafmjkt","from":"2017-04-05","mode":"submitSocial","container":"all","username":""}]
2017-04-07 05:06:12	[{"keyword":"@sonorafm92","from":"2017-04-05","mode":"submitSocial","container":"all","username":"arwin"}]
2017-04-07 05:06:13	[{"keyword":"@litefm1058","from":"2017-04-05","mode":"submitSocial","container":"all","username":"arwin"}]
2017-04-07 05:06:16	[{"keyword":"@bravaradio","from":"2017-04-05","mode":"submitSocial","container":"all","username":"arwin"}]
2017-04-07 05:06:18	[{"keyword":"#dgitm","from":"2017-04-05","mode":"submitSocial","container":"all","username":"arwin"}]
2017-04-07 05:06:21	[{"keyword":"#hitsalaprambors","from":"2017-04-05","mode":"submitSocial","container":"all","username":"arwin"}]
2017-04-07 05:06:23	[{"keyword":"#reqprambors","from":"2017-04-05","mode":"submitSocial","container":"all","username":"arwin"}]
2017-04-07 05:06:25	[{"keyword":"#thedandees","from":"2017-04-05","mode":"submitSocial","container":"all","username":"arwin"}]
2017-04-07 05:06:27	[{"keyword":"#pramborsquiz","from":"2017-04-05","mode":"submitSocial","container":"all","username":"arwin"}]
2017-04-07 05:06:29	[{"keyword":"#jeliprambors","from":"2017-04-05","mode":"submitSocial","container":"all","username":"arwin"}]
2017-04-07 05:06:31	[{"keyword":"#jodohinprambors","from":"2017-04-05","mode":"submitSocial","container":"all","username":"arwin"}]
2017-04-07 05:06:33	[{"keyword":"#ubahdenganbicara","from":"2017-04-05","mode":"submitSocial","container":"all","username":"arwin"}]
2017-04-07 05:06:35	[{"keyword":"#pramborschat","from":"2017-04-05","mode":"submitSocial","container":"all","username":"arwin"}]
2017-04-07 05:06:37	[{"keyword":"#tweetforduit","from":"2017-04-05","mode":"submitSocial","container":"all","username":"arwin"}]
2017-04-07 05:06:39	[{"keyword":"#joki3in1","from":"2017-04-05","mode":"submitSocial","container":"all","username":"arwin"}]
2017-04-07 05:06:41	[{"keyword":"#sarapanseru","from":"2017-04-05","mode":"submitSocial","container":"all","username":"arwin"}]
2017-04-07 05:06:43	[{"keyword":"#rawonkaneloop","from":"2017-04-05","mode":"submitSocial","container":"all","username":"arwin"}]
2017-04-07 05:06:45	[{"keyword":"#gudegkendilkeraton","from":"2017-04-05","mode":"submitSocial","container":"all","username":"arwin"}]
2017-04-07 05:06:47	[{"keyword":"#gadogadobutika","from":"2017-04-05","mode":"submitSocial","container":"all","username":"arwin"}]
2017-04-07 05:06:50	[{"keyword":"#mtvhottest","from":"2017-04-05","mode":"submitSocial","container":"all","username":"arwin"}]
2017-04-07 05:06:52	[{"keyword":"#dimsumcjdw","from":"2017-04-05","mode":"submitSocial","container":"all","username":"arwin"}]
2017-04-07 05:06:53	[{"keyword":"#pecelmadiunmbakniek","from":"2017-04-05","mode":"submitSocial","container":"all","username":"arwin"}]
2017-04-07 05:06:56	[{"keyword":"#depotarema","from":"2017-04-05","mode":"submitSocial","container":"all","username":"arwin"}]
2017-04-07 05:06:58	[{"keyword":"@bni46","from":"2017-04-05","mode":"submitSocial","container":"all","username":"arwin"}]
2017-04-07 05:07:00	[{"keyword":"@bankbri_id","from":"2017-04-05","mode":"submitSocial","container":"all","username":"arwin"}]
2017-04-07 05:07:03	[{"keyword":"#bni46","from":"2017-04-05","mode":"submitSocial","container":"all","username":"arwin"}]
2017-04-07 05:07:07	[{"keyword":"macet","from":"2017-04-05","mode":"submitSocial","container":"all","username":"arwin"}]
2017-04-07 05:07:09	[{"keyword":"#selamatpagi","from":"2017-04-05","mode":"submitSocial","container":"all","username":"arwin"}]
2017-04-07 05:07:11	[{"keyword":"#selamatmalam","from":"2017-04-05","mode":"submitSocial","container":"all","username":"arwin"}]
2017-04-07 05:07:13	[{"keyword":"@884globalradio","from":"2017-04-05","mode":"submitSocial","container":"all","username":"arwin"}]
2017-04-07 05:07:16	[{"keyword":"@day_trans","from":"2017-04-05","mode":"submitSocial","container":"all","username":"arwin"}]
2017-04-07 05:07:18	[{"keyword":"@kencanavoyage","from":"2017-04-05","mode":"submitSocial","container":"all","username":"arwin"}]
2017-04-07 05:07:20	[{"keyword":"@jukebox5d","from":"2017-04-05","mode":"submitSocial","container":"all","username":"arwin"}]
2017-04-07 05:07:22	[{"keyword":"#mtvhottest","from":"2017-04-05","mode":"submitSocial","container":"all","username":"arwin"}]
2017-04-07 05:07:24	[{"keyword":"#semangatpagi","from":"2017-04-05","mode":"submitSocial","container":"all","username":"arwin"}]
2017-04-07 05:07:27	[{"keyword":"lifebuoy","from":"2017-04-05","mode":"submitSocial","container":"all","username":"arwin"}]
2017-04-07 05:07:32	[{"keyword":"jokowi","from":"2017-04-05","mode":"submitSocial","container":"all","username":"arwin"}]
2017-04-07 05:07:42	[{"keyword":"obama","from":"2017-04-05","mode":"submitSocial","container":"all","username":"arwin"}]
2017-04-07 05:07:45	[{"keyword":"starwars","from":"2017-04-05","mode":"submitSocial","container":"all","username":"arwin"}]
2017-04-07 05:07:48	[{"keyword":"jonan","from":"2017-04-05","mode":"submitSocial","container":"all","username":"arwin"}]
2017-04-07 05:07:57	[{"keyword":"pagi","from":"2017-04-05","mode":"submitSocial","container":"all","username":"arwin"}]
2017-04-07 05:07:59	[{"keyword":"sampoerna","from":"2017-04-05","mode":"submitSocial","container":"all","username":"arwin"}]
2017-04-07 05:08:02	[{"keyword":"djarum","from":"2017-04-05","mode":"submitSocial","container":"all","username":"arwin"}]
2017-04-07 05:08:04	[{"keyword":"#semangatpagi","from":"2017-04-05","mode":"submitSocial","container":"all","username":"arwin"}]
2017-04-07 05:08:06	[{"keyword":"#generaksi8","from":"2017-04-05","mode":"submitSocial","container":"all","username":"arwin"}]
2017-04-07 05:08:08	[{"keyword":"#365alasan","from":"2017-04-05","mode":"submitSocial","container":"all","username":"arwin"}]
2017-04-07 05:08:11	[{"keyword":"weew","from":"2017-04-05","mode":"submitSocial","container":"all","username":"arwin"}]
2017-04-07 05:08:18	[{"keyword":"testing","from":"2017-04-05","mode":"submitSocial","container":"all","username":"arwin"}]
2017-04-07 05:08:20	[{"keyword":"#kopaja","from":"2017-04-05","mode":"submitSocial","container":"all","username":"arwin"}]
2017-04-07 05:08:22	[{"keyword":"#genkuisinsideout","from":"2017-04-05","mode":"submitSocial","container":"all","username":"arwin"}]
2017-04-07 05:08:25	[{"keyword":"starwars","from":"2017-04-05","mode":"submitSocial","container":"all","username":"arwin"}]
2017-04-07 05:08:27	[{"keyword":"#kopaja","from":"2017-04-05","mode":"submitSocial","container":"all","username":"arwin"}]
2017-04-07 05:08:30	[{"keyword":"mldspot","from":"2017-04-05","mode":"submitSocial","container":"all","username":"arwin"}]
2017-04-07 05:08:32	[{"keyword":"pbdjarum","from":"2017-04-05","mode":"submitSocial","container":"all","username":"arwin"}]
2017-04-07 05:08:34	[{"keyword":"temannabati","from":"2017-04-05","mode":"submitSocial","container":"all","username":"arwin"}]
2017-04-07 05:08:37	[{"keyword":"nextar","from":"2017-04-05","mode":"submitSocial","container":"all","username":"arwin"}]
2017-04-07 05:08:40	[{"keyword":"jokowo","from":"2017-04-05","mode":"submitSocial","container":"all","username":"arwin"}]
2017-04-07 05:08:43	[{"keyword":"prabowo","from":"2017-04-05","mode":"submitSocial","container":"all","username":"arwin"}]
2017-04-07 05:08:45	[{"keyword":"sudirman said","from":"2017-04-05","mode":"submitSocial","container":"all","username":"arwin"}]
2017-04-07 05:08:51	[{"keyword":"ahok","from":"2017-04-05","mode":"submitSocial","container":"all","username":"arwin"}]
2017-04-07 05:08:53	[{"keyword":"setyanovanto","from":"2017-04-05","mode":"submitSocial","container":"all","username":"arwin"}]
2017-04-07 05:08:59	[{"keyword":"jokowi","from":"2017-04-05","mode":"submitSocial","container":"all","username":"arwin"}]
2017-04-07 05:09:05	[{"keyword":"ahok","from":"2017-04-05","mode":"submitSocial","container":"all","username":"arwin"}]
2017-04-07 05:09:08	[{"keyword":"prabowo","from":"2017-04-05","mode":"submitSocial","container":"all","username":"arwin"}]
2017-04-07 05:09:11	[{"keyword":"sudirman said","from":"2017-04-05","mode":"submitSocial","container":"all","username":"arwin"}]
2017-04-07 05:09:13	[{"keyword":"setyanovanto","from":"2017-04-05","mode":"submitSocial","container":"all","username":"arwin"}]
2017-04-07 05:09:16	[{"keyword":"galau","from":"2017-04-05","mode":"submitSocial","container":"all","username":"arwin"}]
2017-04-07 05:09:18	[{"keyword":"#prestasiindonesia","from":"2017-04-05","mode":"submitSocial","container":"all","username":"arwin"}]
2017-04-07 05:09:21	[{"keyword":"@tw_debi","from":"2017-04-05","mode":"submitSocial","container":"all","username":"arwin"}]
2017-04-07 05:09:23	[{"keyword":"@officialfastron","from":"2017-04-05","mode":"submitSocial","container":"all","username":"arwin"}]
2017-04-07 05:09:25	[{"keyword":"@citibankid","from":"2017-04-05","mode":"submitSocial","container":"all","username":"arwin"}]
2017-04-07 05:09:27	[{"keyword":"@jak101fm","from":"2017-04-05","mode":"submitSocial","container":"all","username":"arwin"}]
2017-04-07 05:09:30	[{"keyword":"@genfm","from":"2017-04-05","mode":"submitSocial","container":"all","username":"arwin"}]
