2017-04-21 05:00:06	[{"keyword":"@987genfm","from":"2017-04-19","mode":"submitSocial","container":"all","username":"arwin"}]
2017-04-21 05:00:09	[{"keyword":"@101jakfm","from":"2017-04-19","mode":"submitSocial","container":"all","username":"arwin"}]
2017-04-21 05:00:12	[{"keyword":"@prambors","from":"2017-04-19","mode":"submitSocial","container":"all","username":"arwin"}]
2017-04-21 05:00:15	[{"keyword":"@hardrockfm","from":"2017-04-19","mode":"submitSocial","container":"all","username":"arwin"}]
2017-04-21 05:00:17	[{"keyword":"@kisfmjakarta","from":"2017-04-19","mode":"submitSocial","container":"all","username":"arwin"}]
2017-04-21 05:00:20	[{"keyword":"@delta_fm","from":"2017-04-19","mode":"submitSocial","container":"all","username":"arwin"}]
2017-04-21 05:00:23	[{"keyword":"@traxfmjkt","from":"2017-04-19","mode":"submitSocial","container":"all","username":"arwin"}]
2017-04-21 05:00:25	[{"keyword":"@iradiojakarta","from":"2017-04-19","mode":"submitSocial","container":"all","username":"arwin"}]
2017-04-21 05:00:28	[{"keyword":"@indika9160fm","from":"2017-04-19","mode":"submitSocial","container":"all","username":"arwin"}]
2017-04-21 05:00:30	[{"keyword":"@shellindonesia","from":"2017-04-19","mode":"submitSocial","container":"all","username":"arwin"}]
2017-04-21 05:00:33	[{"keyword":"@vpowerfans","from":"2017-04-19","mode":"submitSocial","container":"all","username":"arwin"}]
2017-04-21 05:00:35	[{"keyword":"@pertamaxind","from":"2017-04-19","mode":"submitSocial","container":"all","username":"arwin"}]
2017-04-21 05:00:38	[{"keyword":"@ptpertamina","from":"2017-04-19","mode":"submitSocial","container":"all","username":"arwin"}]
2017-04-21 05:00:41	[{"keyword":"@ozradiojakarta","from":"2017-04-19","mode":"submitSocial","container":"all","username":"arwin"}]
2017-04-21 05:00:43	[{"keyword":"@cosmopolitanfm","from":"2017-04-19","mode":"submitSocial","container":"all","username":"arwin"}]
2017-04-21 05:00:46	[{"keyword":"@mustang88fm","from":"2017-04-19","mode":"submitSocial","container":"all","username":"arwin"}]
2017-04-21 05:00:48	[{"keyword":"@debabaz","from":"2017-04-19","mode":"submitSocial","container":"all","username":"arwin"}]
2017-04-21 05:00:53	[{"keyword":"@detikcom","from":"2017-04-19","mode":"submitSocial","container":"all","username":"arwin"}]
2017-04-21 05:00:56	[{"keyword":"@radioelshinta","from":"2017-04-19","mode":"submitSocial","container":"all","username":"arwin"}]
2017-04-21 05:00:58	[{"keyword":"@cinema21","from":"2017-04-19","mode":"submitSocial","container":"all","username":"arwin"}]
2017-04-21 05:01:02	[{"keyword":"@officialrcti","from":"2017-04-19","mode":"submitSocial","container":"all","username":"arwin"}]
2017-04-21 05:01:05	[{"keyword":"@transtv_corp","from":"2017-04-19","mode":"submitSocial","container":"all","username":"arwin"}]
2017-04-21 05:01:07	[{"keyword":"@trans7","from":"2017-04-19","mode":"submitSocial","container":"all","username":"arwin"}]
2017-04-21 05:01:11	[{"keyword":"@metro_tv","from":"2017-04-19","mode":"submitSocial","container":"all","username":"arwin"}]
2017-04-21 05:01:15	[{"keyword":"@tvonenews","from":"2017-04-19","mode":"submitSocial","container":"all","username":"arwin"}]
2017-04-21 05:01:17	[{"keyword":"@whatsonantv","from":"2017-04-19","mode":"submitSocial","container":"all","username":"arwin"}]
2017-04-21 05:01:21	[{"keyword":"@sctv_","from":"2017-04-19","mode":"submitSocial","container":"all","username":"arwin"}]
2017-04-21 05:01:24	[{"keyword":"@kompastv","from":"2017-04-19","mode":"submitSocial","container":"all","username":"arwin"}]
2017-04-21 05:01:27	[{"keyword":"@netmediatama","from":"2017-04-19","mode":"submitSocial","container":"all","username":"arwin"}]
2017-04-21 05:01:30	[{"keyword":"@globaltvseru","from":"2017-04-19","mode":"submitSocial","container":"all","username":"arwin"}]
2017-04-21 05:01:33	[{"keyword":"@jaktvcom","from":"2017-04-19","mode":"submitSocial","container":"all","username":"arwin"}]
2017-04-21 05:01:35	[{"keyword":"@tvrinasional","from":"2017-04-19","mode":"submitSocial","container":"all","username":"arwin"}]
2017-04-21 05:01:37	[{"keyword":"@ochannelupdates","from":"2017-04-19","mode":"submitSocial","container":"all","username":"arwin"}]
2017-04-21 05:01:41	[{"keyword":"@indosiarid","from":"2017-04-19","mode":"submitSocial","container":"all","username":"arwin"}]
2017-04-21 05:01:45	[{"keyword":"@kompascom","from":"2017-04-19","mode":"submitSocial","container":"all","username":"arwin"}]
2017-04-21 05:01:48	[{"keyword":"@merdekadotcom","from":"2017-04-19","mode":"submitSocial","container":"all","username":"arwin"}]
2017-04-21 05:01:50	[{"keyword":"@midotcom","from":"2017-04-19","mode":"submitSocial","container":"all","username":"arwin"}]
2017-04-21 05:01:54	[{"keyword":"@tempodotco","from":"2017-04-19","mode":"submitSocial","container":"all","username":"arwin"}]
2017-04-21 05:01:56	[{"keyword":"@motion975fm","from":"2017-04-19","mode":"submitSocial","container":"all","username":"arwin"}]
2017-04-21 05:01:59	[{"keyword":"@_radiotoday","from":"2017-04-19","mode":"submitSocial","container":"all","username":"arwin"}]
2017-04-21 05:02:02	[{"keyword":"@radioinfo","from":"2017-04-19","mode":"submitSocial","container":"all","username":"arwin"}]
2017-04-21 05:02:04	[{"keyword":"@979femaleradio","from":"2017-04-19","mode":"submitSocial","container":"all","username":"arwin"}]
2017-04-21 05:02:06	[{"keyword":"@womanradio943fm","from":"2017-04-19","mode":"submitSocial","container":"all","username":"arwin"}]
2017-04-21 05:02:09	[{"keyword":"@vradiofm","from":"2017-04-19","mode":"submitSocial","container":"all","username":"arwin"}]
2017-04-21 05:02:11	[{"keyword":"@ufm947","from":"2017-04-19","mode":"submitSocial","container":"all","username":"arwin"}]
2017-04-21 05:02:14	[{"keyword":"@vivanews","from":"2017-04-19","mode":"submitSocial","container":"all","username":"arwin"}]
2017-04-21 05:02:17	[{"keyword":"@antaranews","from":"2017-04-19","mode":"submitSocial","container":"all","username":"arwin"}]
2017-04-21 05:02:20	[{"keyword":"@tribunnews","from":"2017-04-19","mode":"submitSocial","container":"all","username":"arwin"}]
2017-04-21 05:02:23	[{"keyword":"@okezonenews","from":"2017-04-19","mode":"submitSocial","container":"all","username":"arwin"}]
2017-04-21 05:02:26	[{"keyword":"@beritasatu","from":"2017-04-19","mode":"submitSocial","container":"all","username":"arwin"}]
2017-04-21 05:02:28	[{"keyword":"@rollingstoneina","from":"2017-04-19","mode":"submitSocial","container":"all","username":"arwin"}]
2017-04-21 05:02:31	[{"keyword":"@fimeladotcom","from":"2017-04-19","mode":"submitSocial","container":"all","username":"arwin"}]
2017-04-21 05:02:34	[{"keyword":"@kapanlagicom","from":"2017-04-19","mode":"submitSocial","container":"all","username":"arwin"}]
2017-04-21 05:02:36	[{"keyword":"@kompasent","from":"2017-04-19","mode":"submitSocial","container":"all","username":"arwin"}]
2017-04-21 05:02:39	[{"keyword":"@haimagazine","from":"2017-04-19","mode":"submitSocial","container":"all","username":"arwin"}]
2017-04-21 05:02:42	[{"keyword":"@jakartavenue","from":"2017-04-19","mode":"submitSocial","container":"all","username":"arwin"}]
2017-04-21 05:02:44	[{"keyword":"@seputarevent","from":"2017-04-19","mode":"submitSocial","container":"all","username":"arwin"}]
2017-04-21 05:02:47	[{"keyword":"@ismayalive","from":"2017-04-19","mode":"submitSocial","container":"all","username":"arwin"}]
2017-04-21 05:02:49	[{"keyword":"@ecentertainment","from":"2017-04-19","mode":"submitSocial","container":"all","username":"arwin"}]
2017-04-21 05:02:52	[{"keyword":"@synergism_en","from":"2017-04-19","mode":"submitSocial","container":"all","username":"arwin"}]
2017-04-21 05:02:54	[{"keyword":"@urbanbandung","from":"2017-04-19","mode":"submitSocial","container":"all","username":"arwin"}]
2017-04-21 05:02:56	[{"keyword":"@urbanrkm995","from":"2017-04-19","mode":"submitSocial","container":"all","username":"arwin"}]
2017-04-21 05:02:59	[{"keyword":"@garuda_promo","from":"2017-04-19","mode":"submitSocial","container":"all","username":"arwin"}]
2017-04-21 05:03:01	[{"keyword":"@airasiaid","from":"2017-04-19","mode":"submitSocial","container":"all","username":"arwin"}]
2017-04-21 05:03:04	[{"keyword":"@kai121","from":"2017-04-19","mode":"submitSocial","container":"all","username":"arwin"}]
2017-04-21 05:03:07	[{"keyword":"@unilever","from":"2017-04-19","mode":"submitSocial","container":"all","username":"arwin"}]
2017-04-21 05:03:10	[{"keyword":"@nestle","from":"2017-04-19","mode":"submitSocial","container":"all","username":"arwin"}]
2017-04-21 05:03:14	[{"keyword":"@cocacola","from":"2017-04-19","mode":"submitSocial","container":"all","username":"arwin"}]
2017-04-21 05:03:21	[{"keyword":"@cnn","from":"2017-04-19","mode":"submitSocial","container":"all","username":"arwin"}]
2017-04-21 05:03:25	[{"keyword":"@mtv","from":"2017-04-19","mode":"submitSocial","container":"all","username":"arwin"}]
2017-04-21 05:03:27	[{"keyword":"@channelv","from":"2017-04-19","mode":"submitSocial","container":"all","username":"arwin"}]
2017-04-21 05:03:30	[{"keyword":"@itunesmusic","from":"2017-04-19","mode":"submitSocial","container":"all","username":"arwin"}]
2017-04-21 05:03:34	[{"keyword":"@mashable","from":"2017-04-19","mode":"submitSocial","container":"all","username":"arwin"}]
2017-04-21 05:03:36	[{"keyword":"@decacaz","from":"2017-04-19","mode":"submitSocial","container":"all","username":"arwin"}]
2017-04-21 05:03:38	[{"keyword":"@radiobaru967fm","from":"2017-04-19","mode":"submitSocial","container":"all","username":"arwin"}]
2017-04-21 05:03:41	[{"keyword":"@967hitzfm","from":"2017-04-19","mode":"submitSocial","container":"all","username":"arwin"}]
2017-04-21 05:03:44	[{"keyword":"@tvguide","from":"2017-04-19","mode":"submitSocial","container":"all","username":"arwin"}]
2017-04-21 05:03:47	[{"keyword":"@xl123","from":"2017-04-19","mode":"submitSocial","container":"all","username":"arwin"}]
2017-04-21 05:03:49	[{"keyword":"@triindonesia","from":"2017-04-19","mode":"submitSocial","container":"all","username":"arwin"}]
2017-04-21 05:03:53	[{"keyword":"@kaskus","from":"2017-04-19","mode":"submitSocial","container":"all","username":"arwin"}]
2017-04-21 05:03:55	[{"keyword":"@studio_xxi","from":"2017-04-19","mode":"submitSocial","container":"all","username":"arwin"}]
2017-04-21 05:03:57	[{"keyword":"@blitzmegaplex","from":"2017-04-19","mode":"submitSocial","container":"all","username":"arwin"}]
2017-04-21 05:03:59	[{"keyword":"@alfamartku","from":"2017-04-19","mode":"submitSocial","container":"all","username":"arwin"}]
2017-04-21 05:04:02	[{"keyword":"@carrefour_id","from":"2017-04-19","mode":"submitSocial","container":"all","username":"arwin"}]
2017-04-21 05:04:06	[{"keyword":"@bbcbreaking","from":"2017-04-19","mode":"submitSocial","container":"all","username":"arwin"}]
2017-04-21 05:04:13	[{"keyword":"@forbes","from":"2017-04-19","mode":"submitSocial","container":"all","username":"arwin"}]
2017-04-21 05:04:16	[{"keyword":"@bensradio","from":"2017-04-19","mode":"submitSocial","container":"all","username":"arwin"}]
2017-04-21 05:04:22	[{"keyword":"@instagram","from":"2017-04-19","mode":"submitSocial","container":"all","username":"arwin"}]
2017-04-21 05:04:25	[{"keyword":"@pinterest","from":"2017-04-19","mode":"submitSocial","container":"all","username":"arwin"}]
2017-04-21 05:04:33	[{"keyword":"@google","from":"2017-04-19","mode":"submitSocial","container":"all","username":"arwin"}]
2017-04-21 05:04:36	[{"keyword":"@pertaminalub","from":"2017-04-19","mode":"submitSocial","container":"all","username":"arwin"}]
2017-04-21 05:04:38	[{"keyword":"@infolalintol","from":"2017-04-19","mode":"submitSocial","container":"all","username":"arwin"}]
2017-04-21 05:04:41	[{"keyword":"@ptjasamarga","from":"2017-04-19","mode":"submitSocial","container":"all","username":"arwin"}]
2017-04-21 05:04:43	[{"keyword":"@cititransindo","from":"2017-04-19","mode":"submitSocial","container":"all","username":"arwin"}]
2017-04-21 05:04:46	[{"keyword":"#semangatpagisuperr","from":"2017-04-19","mode":"submitSocial","container":"all","username":"arwin"}]
2017-04-21 05:04:48	[{"keyword":"#genkuisinsideout","from":"2017-04-19","mode":"submitSocial","container":"all","username":"arwin"}]
2017-04-21 05:04:50	[{"keyword":"#semangatpagi","from":"2017-04-19","mode":"submitSocial","container":"all","username":"arwin"}]
2017-04-21 05:04:53	[{"keyword":"#dikamar","from":"2017-04-19","mode":"submitSocial","container":"all","username":"arwin"}]
2017-04-21 05:04:56	[{"keyword":"#kopaja","from":"2017-04-19","mode":"submitSocial","container":"all","username":"arwin"}]
2017-04-21 05:04:58	[{"keyword":"#generaksi8","from":"2017-04-19","mode":"submitSocial","container":"all","username":"arwin"}]
2017-04-21 05:05:00	[{"keyword":"#hitztsp","from":"2017-04-19","mode":"submitSocial","container":"all","username":"arwin"}]
2017-04-21 05:05:04	[{"keyword":"#np","from":"2017-04-19","mode":"submitSocial","container":"all","username":"arwin"}]
2017-04-21 05:05:07	[{"keyword":"#hitzlivestage","from":"2017-04-19","mode":"submitSocial","container":"all","username":"arwin"}]
2017-04-21 05:05:09	[{"keyword":"#thefreaks","from":"2017-04-19","mode":"submitSocial","container":"all","username":"arwin"}]
2017-04-21 05:05:12	[{"keyword":"#hitzsirkuspagi","from":"2017-04-19","mode":"submitSocial","container":"all","username":"arwin"}]
2017-04-21 05:05:14	[{"keyword":"#hitzathlon","from":"2017-04-19","mode":"submitSocial","container":"all","username":"arwin"}]
2017-04-21 05:05:17	[{"keyword":"#hitzzombie","from":"2017-04-19","mode":"submitSocial","container":"all","username":"arwin"}]
2017-04-21 05:05:19	[{"keyword":"#hitzkalong","from":"2017-04-19","mode":"submitSocial","container":"all","username":"arwin"}]
2017-04-21 05:05:22	[{"keyword":"#hitzbebas","from":"2017-04-19","mode":"submitSocial","container":"all","username":"arwin"}]
2017-04-21 05:05:24	[{"keyword":"#hitzhorehara","from":"2017-04-19","mode":"submitSocial","container":"all","username":"arwin"}]
2017-04-21 05:05:27	[{"keyword":"@zaloraid","from":"2017-04-19","mode":"submitSocial","container":"all","username":"arwin"}]
2017-04-21 05:05:29	[{"keyword":"@olx_indonesia","from":"2017-04-19","mode":"submitSocial","container":"all","username":"arwin"}]
2017-04-21 05:05:32	[{"keyword":"@lazadaid","from":"2017-04-19","mode":"submitSocial","container":"all","username":"arwin"}]
2017-04-21 05:05:35	[{"keyword":"@utrippers","from":"2017-04-19","mode":"submitSocial","container":"all","username":"arwin"}]
2017-04-21 05:05:37	[{"keyword":"@gogobot","from":"2017-04-19","mode":"submitSocial","container":"all","username":"arwin"}]
2017-04-21 05:05:40	[{"keyword":"@viatortravel","from":"2017-04-19","mode":"submitSocial","container":"all","username":"arwin"}]
2017-04-21 05:05:42	[{"keyword":"@alandakariza","from":"2017-04-19","mode":"submitSocial","container":"all","username":"arwin"}]
2017-04-21 05:05:45	[{"keyword":"@gagasmedia","from":"2017-04-19","mode":"submitSocial","container":"all","username":"arwin"}]
2017-04-21 05:05:47	[{"keyword":"@welovehonda","from":"2017-04-19","mode":"submitSocial","container":"all","username":"arwin"}]
2017-04-21 05:05:50	[{"keyword":"@suzukimotorid","from":"2017-04-19","mode":"submitSocial","container":"all","username":"arwin"}]
2017-04-21 05:05:52	[{"keyword":"@kawasakilovers","from":"2017-04-19","mode":"submitSocial","container":"all","username":"arwin"}]
2017-04-21 05:05:55	[{"keyword":"@yamahaindonesia","from":"2017-04-19","mode":"submitSocial","container":"all","username":"arwin"}]
2017-04-21 05:05:57	[{"keyword":"@tripanzee","from":"2017-04-19","mode":"submitSocial","container":"all","username":"arwin"}]
2017-04-21 05:06:00	[{"keyword":"@arnoldpoernomo","from":"2017-04-19","mode":"submitSocial","container":"all","username":"arwin"}]
2017-04-21 05:06:03	[{"keyword":"@nicsap","from":"2017-04-19","mode":"submitSocial","container":"all","username":"arwin"}]
2017-04-21 05:06:05	[{"keyword":"@tiket2","from":"2017-04-19","mode":"submitSocial","container":"all","username":"arwin"}]
2017-04-21 05:06:08	[{"keyword":"@traveloka","from":"2017-04-19","mode":"submitSocial","container":"all","username":"arwin"}]
2017-04-21 05:06:11	[{"keyword":"@wego","from":"2017-04-19","mode":"submitSocial","container":"all","username":"arwin"}]
2017-04-21 05:06:15	[{"keyword":"@agoda","from":"2017-04-19","mode":"submitSocial","container":"all","username":"arwin"}]
2017-04-21 05:06:17	[{"keyword":"#salahsambung","from":"2017-04-19","mode":"submitSocial","container":"all","username":"arwin"}]
2017-04-21 05:06:20	[{"keyword":"#tulalit","from":"2017-04-19","mode":"submitSocial","container":"all","username":"arwin"}]
2017-04-21 05:06:22	[{"keyword":"#pestageneraksi8","from":"2017-04-19","mode":"submitSocial","container":"all","username":"arwin"}]
2017-04-21 05:06:24	[{"keyword":"#ganaskustik","from":"2017-04-19","mode":"submitSocial","container":"all","username":"arwin"}]
2017-04-21 05:06:26	[{"keyword":"#lnhot20","from":"2017-04-19","mode":"submitSocial","container":"all","username":"arwin"}]
2017-04-21 05:06:29	[{"keyword":"@tripadvisor","from":"2017-04-19","mode":"submitSocial","container":"all","username":"arwin"}]
2017-04-21 05:06:37	[{"keyword":"@google","from":"2017-04-19","mode":"submitSocial","container":"all","username":"arwin"}]
2017-04-21 05:06:41	[{"keyword":"@telkomsel","from":"2017-04-19","mode":"submitSocial","container":"all","username":"arwin"}]
2017-04-21 05:06:43	[{"keyword":"@indosat","from":"2017-04-19","mode":"submitSocial","container":"all","username":"arwin"}]
2017-04-21 05:06:47	[{"keyword":"@bahanafmjkt","from":"2017-04-19","mode":"submitSocial","container":"all","username":""}]
2017-04-21 05:06:51	[{"keyword":"@sonorafm92","from":"2017-04-19","mode":"submitSocial","container":"all","username":"arwin"}]
2017-04-21 05:06:53	[{"keyword":"@litefm1058","from":"2017-04-19","mode":"submitSocial","container":"all","username":"arwin"}]
2017-04-21 05:06:56	[{"keyword":"@bravaradio","from":"2017-04-19","mode":"submitSocial","container":"all","username":"arwin"}]
2017-04-21 05:06:59	[{"keyword":"#dgitm","from":"2017-04-19","mode":"submitSocial","container":"all","username":"arwin"}]
2017-04-21 05:07:01	[{"keyword":"#hitsalaprambors","from":"2017-04-19","mode":"submitSocial","container":"all","username":"arwin"}]
2017-04-21 05:07:04	[{"keyword":"#reqprambors","from":"2017-04-19","mode":"submitSocial","container":"all","username":"arwin"}]
2017-04-21 05:07:06	[{"keyword":"#thedandees","from":"2017-04-19","mode":"submitSocial","container":"all","username":"arwin"}]
2017-04-21 05:07:08	[{"keyword":"#pramborsquiz","from":"2017-04-19","mode":"submitSocial","container":"all","username":"arwin"}]
2017-04-21 05:07:11	[{"keyword":"#jeliprambors","from":"2017-04-19","mode":"submitSocial","container":"all","username":"arwin"}]
2017-04-21 05:07:13	[{"keyword":"#jodohinprambors","from":"2017-04-19","mode":"submitSocial","container":"all","username":"arwin"}]
2017-04-21 05:07:15	[{"keyword":"#ubahdenganbicara","from":"2017-04-19","mode":"submitSocial","container":"all","username":"arwin"}]
2017-04-21 05:07:17	[{"keyword":"#pramborschat","from":"2017-04-19","mode":"submitSocial","container":"all","username":"arwin"}]
2017-04-21 05:07:20	[{"keyword":"#tweetforduit","from":"2017-04-19","mode":"submitSocial","container":"all","username":"arwin"}]
2017-04-21 05:07:22	[{"keyword":"#joki3in1","from":"2017-04-19","mode":"submitSocial","container":"all","username":"arwin"}]
2017-04-21 05:07:24	[{"keyword":"#sarapanseru","from":"2017-04-19","mode":"submitSocial","container":"all","username":"arwin"}]
2017-04-21 05:07:27	[{"keyword":"#rawonkaneloop","from":"2017-04-19","mode":"submitSocial","container":"all","username":"arwin"}]
2017-04-21 05:07:29	[{"keyword":"#gudegkendilkeraton","from":"2017-04-19","mode":"submitSocial","container":"all","username":"arwin"}]
2017-04-21 05:07:31	[{"keyword":"#gadogadobutika","from":"2017-04-19","mode":"submitSocial","container":"all","username":"arwin"}]
2017-04-21 05:07:34	[{"keyword":"#mtvhottest","from":"2017-04-19","mode":"submitSocial","container":"all","username":"arwin"}]
2017-04-21 05:07:36	[{"keyword":"#dimsumcjdw","from":"2017-04-19","mode":"submitSocial","container":"all","username":"arwin"}]
2017-04-21 05:07:38	[{"keyword":"#pecelmadiunmbakniek","from":"2017-04-19","mode":"submitSocial","container":"all","username":"arwin"}]
2017-04-21 05:07:40	[{"keyword":"#depotarema","from":"2017-04-19","mode":"submitSocial","container":"all","username":"arwin"}]
2017-04-21 05:07:43	[{"keyword":"@bni46","from":"2017-04-19","mode":"submitSocial","container":"all","username":"arwin"}]
2017-04-21 05:07:46	[{"keyword":"@bankbri_id","from":"2017-04-19","mode":"submitSocial","container":"all","username":"arwin"}]
2017-04-21 05:07:48	[{"keyword":"#bni46","from":"2017-04-19","mode":"submitSocial","container":"all","username":"arwin"}]
2017-04-21 05:07:53	[{"keyword":"macet","from":"2017-04-19","mode":"submitSocial","container":"all","username":"arwin"}]
2017-04-21 05:07:56	[{"keyword":"#selamatpagi","from":"2017-04-19","mode":"submitSocial","container":"all","username":"arwin"}]
2017-04-21 05:07:58	[{"keyword":"#selamatmalam","from":"2017-04-19","mode":"submitSocial","container":"all","username":"arwin"}]
2017-04-21 05:08:00	[{"keyword":"@884globalradio","from":"2017-04-19","mode":"submitSocial","container":"all","username":"arwin"}]
2017-04-21 05:08:03	[{"keyword":"@day_trans","from":"2017-04-19","mode":"submitSocial","container":"all","username":"arwin"}]
2017-04-21 05:08:05	[{"keyword":"@kencanavoyage","from":"2017-04-19","mode":"submitSocial","container":"all","username":"arwin"}]
2017-04-21 05:08:08	[{"keyword":"@jukebox5d","from":"2017-04-19","mode":"submitSocial","container":"all","username":"arwin"}]
2017-04-21 05:08:10	[{"keyword":"#mtvhottest","from":"2017-04-19","mode":"submitSocial","container":"all","username":"arwin"}]
2017-04-21 05:08:13	[{"keyword":"#semangatpagi","from":"2017-04-19","mode":"submitSocial","container":"all","username":"arwin"}]
2017-04-21 05:08:15	[{"keyword":"lifebuoy","from":"2017-04-19","mode":"submitSocial","container":"all","username":"arwin"}]
2017-04-21 05:08:22	[{"keyword":"jokowi","from":"2017-04-19","mode":"submitSocial","container":"all","username":"arwin"}]
2017-04-21 05:08:31	[{"keyword":"obama","from":"2017-04-19","mode":"submitSocial","container":"all","username":"arwin"}]
2017-04-21 05:08:35	[{"keyword":"starwars","from":"2017-04-19","mode":"submitSocial","container":"all","username":"arwin"}]
2017-04-21 05:08:39	[{"keyword":"jonan","from":"2017-04-19","mode":"submitSocial","container":"all","username":"arwin"}]
2017-04-21 05:08:49	[{"keyword":"pagi","from":"2017-04-19","mode":"submitSocial","container":"all","username":"arwin"}]
2017-04-21 05:08:52	[{"keyword":"sampoerna","from":"2017-04-19","mode":"submitSocial","container":"all","username":"arwin"}]
2017-04-21 05:08:55	[{"keyword":"djarum","from":"2017-04-19","mode":"submitSocial","container":"all","username":"arwin"}]
2017-04-21 05:08:57	[{"keyword":"#semangatpagi","from":"2017-04-19","mode":"submitSocial","container":"all","username":"arwin"}]
2017-04-21 05:08:59	[{"keyword":"#generaksi8","from":"2017-04-19","mode":"submitSocial","container":"all","username":"arwin"}]
2017-04-21 05:09:02	[{"keyword":"#365alasan","from":"2017-04-19","mode":"submitSocial","container":"all","username":"arwin"}]
2017-04-21 05:09:05	[{"keyword":"weew","from":"2017-04-19","mode":"submitSocial","container":"all","username":"arwin"}]
2017-04-21 05:09:14	[{"keyword":"testing","from":"2017-04-19","mode":"submitSocial","container":"all","username":"arwin"}]
2017-04-21 05:09:17	[{"keyword":"#kopaja","from":"2017-04-19","mode":"submitSocial","container":"all","username":"arwin"}]
2017-04-21 05:09:19	[{"keyword":"#genkuisinsideout","from":"2017-04-19","mode":"submitSocial","container":"all","username":"arwin"}]
2017-04-21 05:09:23	[{"keyword":"starwars","from":"2017-04-19","mode":"submitSocial","container":"all","username":"arwin"}]
2017-04-21 05:09:26	[{"keyword":"#kopaja","from":"2017-04-19","mode":"submitSocial","container":"all","username":"arwin"}]
2017-04-21 05:09:28	[{"keyword":"mldspot","from":"2017-04-19","mode":"submitSocial","container":"all","username":"arwin"}]
2017-04-21 05:09:31	[{"keyword":"pbdjarum","from":"2017-04-19","mode":"submitSocial","container":"all","username":"arwin"}]
2017-04-21 05:09:34	[{"keyword":"temannabati","from":"2017-04-19","mode":"submitSocial","container":"all","username":"arwin"}]
2017-04-21 05:09:37	[{"keyword":"nextar","from":"2017-04-19","mode":"submitSocial","container":"all","username":"arwin"}]
2017-04-21 05:09:40	[{"keyword":"jokowo","from":"2017-04-19","mode":"submitSocial","container":"all","username":"arwin"}]
2017-04-21 05:09:46	[{"keyword":"prabowo","from":"2017-04-19","mode":"submitSocial","container":"all","username":"arwin"}]
2017-04-21 05:09:48	[{"keyword":"sudirman said","from":"2017-04-19","mode":"submitSocial","container":"all","username":"arwin"}]
2017-04-21 05:09:58	[{"keyword":"ahok","from":"2017-04-19","mode":"submitSocial","container":"all","username":"arwin"}]
2017-04-21 05:10:01	[{"keyword":"setyanovanto","from":"2017-04-19","mode":"submitSocial","container":"all","username":"arwin"}]
2017-04-21 05:10:08	[{"keyword":"jokowi","from":"2017-04-19","mode":"submitSocial","container":"all","username":"arwin"}]
2017-04-21 05:10:18	[{"keyword":"ahok","from":"2017-04-19","mode":"submitSocial","container":"all","username":"arwin"}]
2017-04-21 05:10:24	[{"keyword":"prabowo","from":"2017-04-19","mode":"submitSocial","container":"all","username":"arwin"}]
2017-04-21 05:10:26	[{"keyword":"sudirman said","from":"2017-04-19","mode":"submitSocial","container":"all","username":"arwin"}]
2017-04-21 05:10:29	[{"keyword":"setyanovanto","from":"2017-04-19","mode":"submitSocial","container":"all","username":"arwin"}]
2017-04-21 05:10:34	[{"keyword":"galau","from":"2017-04-19","mode":"submitSocial","container":"all","username":"arwin"}]
2017-04-21 05:10:37	[{"keyword":"#prestasiindonesia","from":"2017-04-19","mode":"submitSocial","container":"all","username":"arwin"}]
2017-04-21 05:10:40	[{"keyword":"@tw_debi","from":"2017-04-19","mode":"submitSocial","container":"all","username":"arwin"}]
2017-04-21 05:10:42	[{"keyword":"@officialfastron","from":"2017-04-19","mode":"submitSocial","container":"all","username":"arwin"}]
2017-04-21 05:10:45	[{"keyword":"@citibankid","from":"2017-04-19","mode":"submitSocial","container":"all","username":"arwin"}]
2017-04-21 05:10:47	[{"keyword":"@jak101fm","from":"2017-04-19","mode":"submitSocial","container":"all","username":"arwin"}]
2017-04-21 05:10:51	[{"keyword":"@genfm","from":"2017-04-19","mode":"submitSocial","container":"all","username":"arwin"}]
