2017-08-15 05:00:05	[{"keyword":"@987genfm","from":"2017-08-13","mode":"submitSocial","container":"all","username":"arwin"}]
2017-08-15 05:00:08	[{"keyword":"@101jakfm","from":"2017-08-13","mode":"submitSocial","container":"all","username":"arwin"}]
2017-08-15 05:00:10	[{"keyword":"@prambors","from":"2017-08-13","mode":"submitSocial","container":"all","username":"arwin"}]
2017-08-15 05:00:13	[{"keyword":"@hardrockfm","from":"2017-08-13","mode":"submitSocial","container":"all","username":"arwin"}]
2017-08-15 05:00:15	[{"keyword":"@kisfmjakarta","from":"2017-08-13","mode":"submitSocial","container":"all","username":"arwin"}]
2017-08-15 05:00:18	[{"keyword":"@delta_fm","from":"2017-08-13","mode":"submitSocial","container":"all","username":"arwin"}]
2017-08-15 05:00:20	[{"keyword":"@traxfmjkt","from":"2017-08-13","mode":"submitSocial","container":"all","username":"arwin"}]
2017-08-15 05:00:23	[{"keyword":"@iradiojakarta","from":"2017-08-13","mode":"submitSocial","container":"all","username":"arwin"}]
2017-08-15 05:00:25	[{"keyword":"@indika9160fm","from":"2017-08-13","mode":"submitSocial","container":"all","username":"arwin"}]
2017-08-15 05:00:27	[{"keyword":"@shellindonesia","from":"2017-08-13","mode":"submitSocial","container":"all","username":"arwin"}]
2017-08-15 05:00:29	[{"keyword":"@vpowerfans","from":"2017-08-13","mode":"submitSocial","container":"all","username":"arwin"}]
2017-08-15 05:00:32	[{"keyword":"@pertamaxind","from":"2017-08-13","mode":"submitSocial","container":"all","username":"arwin"}]
2017-08-15 05:00:34	[{"keyword":"@ptpertamina","from":"2017-08-13","mode":"submitSocial","container":"all","username":"arwin"}]
2017-08-15 05:00:37	[{"keyword":"@ozradiojakarta","from":"2017-08-13","mode":"submitSocial","container":"all","username":"arwin"}]
2017-08-15 05:00:39	[{"keyword":"@cosmopolitanfm","from":"2017-08-13","mode":"submitSocial","container":"all","username":"arwin"}]
2017-08-15 05:00:41	[{"keyword":"@mustang88fm","from":"2017-08-13","mode":"submitSocial","container":"all","username":"arwin"}]
2017-08-15 05:00:43	[{"keyword":"@debabaz","from":"2017-08-13","mode":"submitSocial","container":"all","username":"arwin"}]
2017-08-15 05:00:46	[{"keyword":"@detikcom","from":"2017-08-13","mode":"submitSocial","container":"all","username":"arwin"}]
2017-08-15 05:00:49	[{"keyword":"@radioelshinta","from":"2017-08-13","mode":"submitSocial","container":"all","username":"arwin"}]
2017-08-15 05:00:51	[{"keyword":"@cinema21","from":"2017-08-13","mode":"submitSocial","container":"all","username":"arwin"}]
2017-08-15 05:00:53	[{"keyword":"@officialrcti","from":"2017-08-13","mode":"submitSocial","container":"all","username":"arwin"}]
2017-08-15 05:00:56	[{"keyword":"@transtv_corp","from":"2017-08-13","mode":"submitSocial","container":"all","username":"arwin"}]
2017-08-15 05:00:58	[{"keyword":"@trans7","from":"2017-08-13","mode":"submitSocial","container":"all","username":"arwin"}]
2017-08-15 05:01:01	[{"keyword":"@metro_tv","from":"2017-08-13","mode":"submitSocial","container":"all","username":"arwin"}]
2017-08-15 05:01:03	[{"keyword":"@tvonenews","from":"2017-08-13","mode":"submitSocial","container":"all","username":"arwin"}]
2017-08-15 05:01:06	[{"keyword":"@whatsonantv","from":"2017-08-13","mode":"submitSocial","container":"all","username":"arwin"}]
2017-08-15 05:01:09	[{"keyword":"@sctv_","from":"2017-08-13","mode":"submitSocial","container":"all","username":"arwin"}]
2017-08-15 05:01:12	[{"keyword":"@kompastv","from":"2017-08-13","mode":"submitSocial","container":"all","username":"arwin"}]
2017-08-15 05:01:15	[{"keyword":"@netmediatama","from":"2017-08-13","mode":"submitSocial","container":"all","username":"arwin"}]
2017-08-15 05:01:17	[{"keyword":"@globaltvseru","from":"2017-08-13","mode":"submitSocial","container":"all","username":"arwin"}]
2017-08-15 05:01:19	[{"keyword":"@jaktvcom","from":"2017-08-13","mode":"submitSocial","container":"all","username":"arwin"}]
2017-08-15 05:01:22	[{"keyword":"@tvrinasional","from":"2017-08-13","mode":"submitSocial","container":"all","username":"arwin"}]
2017-08-15 05:01:24	[{"keyword":"@ochannelupdates","from":"2017-08-13","mode":"submitSocial","container":"all","username":"arwin"}]
2017-08-15 05:01:27	[{"keyword":"@indosiarid","from":"2017-08-13","mode":"submitSocial","container":"all","username":"arwin"}]
2017-08-15 05:01:30	[{"keyword":"@kompascom","from":"2017-08-13","mode":"submitSocial","container":"all","username":"arwin"}]
2017-08-15 05:01:33	[{"keyword":"@merdekadotcom","from":"2017-08-13","mode":"submitSocial","container":"all","username":"arwin"}]
2017-08-15 05:01:35	[{"keyword":"@midotcom","from":"2017-08-13","mode":"submitSocial","container":"all","username":"arwin"}]
2017-08-15 05:01:38	[{"keyword":"@tempodotco","from":"2017-08-13","mode":"submitSocial","container":"all","username":"arwin"}]
2017-08-15 05:01:40	[{"keyword":"@motion975fm","from":"2017-08-13","mode":"submitSocial","container":"all","username":"arwin"}]
2017-08-15 05:01:42	[{"keyword":"@_radiotoday","from":"2017-08-13","mode":"submitSocial","container":"all","username":"arwin"}]
2017-08-15 05:01:44	[{"keyword":"@radioinfo","from":"2017-08-13","mode":"submitSocial","container":"all","username":"arwin"}]
2017-08-15 05:01:46	[{"keyword":"@979femaleradio","from":"2017-08-13","mode":"submitSocial","container":"all","username":"arwin"}]
2017-08-15 05:01:48	[{"keyword":"@womanradio943fm","from":"2017-08-13","mode":"submitSocial","container":"all","username":"arwin"}]
2017-08-15 05:01:51	[{"keyword":"@vradiofm","from":"2017-08-13","mode":"submitSocial","container":"all","username":"arwin"}]
2017-08-15 05:01:53	[{"keyword":"@ufm947","from":"2017-08-13","mode":"submitSocial","container":"all","username":"arwin"}]
2017-08-15 05:01:55	[{"keyword":"@vivanews","from":"2017-08-13","mode":"submitSocial","container":"all","username":"arwin"}]
2017-08-15 05:01:57	[{"keyword":"@antaranews","from":"2017-08-13","mode":"submitSocial","container":"all","username":"arwin"}]
2017-08-15 05:02:00	[{"keyword":"@tribunnews","from":"2017-08-13","mode":"submitSocial","container":"all","username":"arwin"}]
2017-08-15 05:02:02	[{"keyword":"@okezonenews","from":"2017-08-13","mode":"submitSocial","container":"all","username":"arwin"}]
2017-08-15 05:02:04	[{"keyword":"@beritasatu","from":"2017-08-13","mode":"submitSocial","container":"all","username":"arwin"}]
2017-08-15 05:02:06	[{"keyword":"@rollingstoneina","from":"2017-08-13","mode":"submitSocial","container":"all","username":"arwin"}]
2017-08-15 05:02:09	[{"keyword":"@fimeladotcom","from":"2017-08-13","mode":"submitSocial","container":"all","username":"arwin"}]
2017-08-15 05:02:11	[{"keyword":"@kapanlagicom","from":"2017-08-13","mode":"submitSocial","container":"all","username":"arwin"}]
2017-08-15 05:02:13	[{"keyword":"@kompasent","from":"2017-08-13","mode":"submitSocial","container":"all","username":"arwin"}]
2017-08-15 05:02:15	[{"keyword":"@haimagazine","from":"2017-08-13","mode":"submitSocial","container":"all","username":"arwin"}]
2017-08-15 05:02:18	[{"keyword":"@jakartavenue","from":"2017-08-13","mode":"submitSocial","container":"all","username":"arwin"}]
2017-08-15 05:02:20	[{"keyword":"@seputarevent","from":"2017-08-13","mode":"submitSocial","container":"all","username":"arwin"}]
2017-08-15 05:02:22	[{"keyword":"@ismayalive","from":"2017-08-13","mode":"submitSocial","container":"all","username":"arwin"}]
2017-08-15 05:02:24	[{"keyword":"@ecentertainment","from":"2017-08-13","mode":"submitSocial","container":"all","username":"arwin"}]
2017-08-15 05:02:26	[{"keyword":"@synergism_en","from":"2017-08-13","mode":"submitSocial","container":"all","username":"arwin"}]
2017-08-15 05:02:29	[{"keyword":"@urbanbandung","from":"2017-08-13","mode":"submitSocial","container":"all","username":"arwin"}]
2017-08-15 05:02:30	[{"keyword":"@urbanrkm995","from":"2017-08-13","mode":"submitSocial","container":"all","username":"arwin"}]
2017-08-15 05:02:33	[{"keyword":"@garuda_promo","from":"2017-08-13","mode":"submitSocial","container":"all","username":"arwin"}]
2017-08-15 05:02:35	[{"keyword":"@airasiaid","from":"2017-08-13","mode":"submitSocial","container":"all","username":"arwin"}]
2017-08-15 05:02:37	[{"keyword":"@kai121","from":"2017-08-13","mode":"submitSocial","container":"all","username":"arwin"}]
2017-08-15 05:02:40	[{"keyword":"@unilever","from":"2017-08-13","mode":"submitSocial","container":"all","username":"arwin"}]
2017-08-15 05:02:42	[{"keyword":"@nestle","from":"2017-08-13","mode":"submitSocial","container":"all","username":"arwin"}]
2017-08-15 05:02:45	[{"keyword":"@cocacola","from":"2017-08-13","mode":"submitSocial","container":"all","username":"arwin"}]
2017-08-15 05:02:54	[{"keyword":"@cnn","from":"2017-08-13","mode":"submitSocial","container":"all","username":"arwin"}]
2017-08-15 05:02:59	[{"keyword":"@mtv","from":"2017-08-13","mode":"submitSocial","container":"all","username":"arwin"}]
2017-08-15 05:03:01	[{"keyword":"@channelv","from":"2017-08-13","mode":"submitSocial","container":"all","username":"arwin"}]
2017-08-15 05:03:03	[{"keyword":"@itunesmusic","from":"2017-08-13","mode":"submitSocial","container":"all","username":"arwin"}]
2017-08-15 05:03:07	[{"keyword":"@mashable","from":"2017-08-13","mode":"submitSocial","container":"all","username":"arwin"}]
2017-08-15 05:03:09	[{"keyword":"@decacaz","from":"2017-08-13","mode":"submitSocial","container":"all","username":"arwin"}]
2017-08-15 05:03:11	[{"keyword":"@radiobaru967fm","from":"2017-08-13","mode":"submitSocial","container":"all","username":"arwin"}]
2017-08-15 05:03:13	[{"keyword":"@967hitzfm","from":"2017-08-13","mode":"submitSocial","container":"all","username":"arwin"}]
2017-08-15 05:03:16	[{"keyword":"@tvguide","from":"2017-08-13","mode":"submitSocial","container":"all","username":"arwin"}]
2017-08-15 05:03:18	[{"keyword":"@xl123","from":"2017-08-13","mode":"submitSocial","container":"all","username":"arwin"}]
2017-08-15 05:03:20	[{"keyword":"@triindonesia","from":"2017-08-13","mode":"submitSocial","container":"all","username":"arwin"}]
2017-08-15 05:03:23	[{"keyword":"@kaskus","from":"2017-08-13","mode":"submitSocial","container":"all","username":"arwin"}]
2017-08-15 05:03:25	[{"keyword":"@studio_xxi","from":"2017-08-13","mode":"submitSocial","container":"all","username":"arwin"}]
2017-08-15 05:03:27	[{"keyword":"@blitzmegaplex","from":"2017-08-13","mode":"submitSocial","container":"all","username":"arwin"}]
2017-08-15 05:03:29	[{"keyword":"@alfamartku","from":"2017-08-13","mode":"submitSocial","container":"all","username":"arwin"}]
2017-08-15 05:03:31	[{"keyword":"@carrefour_id","from":"2017-08-13","mode":"submitSocial","container":"all","username":"arwin"}]
2017-08-15 05:03:36	[{"keyword":"@bbcbreaking","from":"2017-08-13","mode":"submitSocial","container":"all","username":"arwin"}]
2017-08-15 05:03:42	[{"keyword":"@forbes","from":"2017-08-13","mode":"submitSocial","container":"all","username":"arwin"}]
2017-08-15 05:03:44	[{"keyword":"@bensradio","from":"2017-08-13","mode":"submitSocial","container":"all","username":"arwin"}]
2017-08-15 05:03:50	[{"keyword":"@instagram","from":"2017-08-13","mode":"submitSocial","container":"all","username":"arwin"}]
2017-08-15 05:03:52	[{"keyword":"@pinterest","from":"2017-08-13","mode":"submitSocial","container":"all","username":"arwin"}]
2017-08-15 05:04:00	[{"keyword":"@google","from":"2017-08-13","mode":"submitSocial","container":"all","username":"arwin"}]
2017-08-15 05:04:02	[{"keyword":"@pertaminalub","from":"2017-08-13","mode":"submitSocial","container":"all","username":"arwin"}]
2017-08-15 05:04:04	[{"keyword":"@infolalintol","from":"2017-08-13","mode":"submitSocial","container":"all","username":"arwin"}]
2017-08-15 05:04:07	[{"keyword":"@ptjasamarga","from":"2017-08-13","mode":"submitSocial","container":"all","username":"arwin"}]
2017-08-15 05:04:09	[{"keyword":"@cititransindo","from":"2017-08-13","mode":"submitSocial","container":"all","username":"arwin"}]
2017-08-15 05:04:11	[{"keyword":"#semangatpagisuperr","from":"2017-08-13","mode":"submitSocial","container":"all","username":"arwin"}]
2017-08-15 05:04:12	[{"keyword":"#genkuisinsideout","from":"2017-08-13","mode":"submitSocial","container":"all","username":"arwin"}]
2017-08-15 05:04:15	[{"keyword":"#semangatpagi","from":"2017-08-13","mode":"submitSocial","container":"all","username":"arwin"}]
2017-08-15 05:04:17	[{"keyword":"#dikamar","from":"2017-08-13","mode":"submitSocial","container":"all","username":"arwin"}]
2017-08-15 05:04:20	[{"keyword":"#kopaja","from":"2017-08-13","mode":"submitSocial","container":"all","username":"arwin"}]
2017-08-15 05:04:21	[{"keyword":"#generaksi8","from":"2017-08-13","mode":"submitSocial","container":"all","username":"arwin"}]
2017-08-15 05:04:24	[{"keyword":"#hitztsp","from":"2017-08-13","mode":"submitSocial","container":"all","username":"arwin"}]
2017-08-15 05:04:27	[{"keyword":"#np","from":"2017-08-13","mode":"submitSocial","container":"all","username":"arwin"}]
2017-08-15 05:04:29	[{"keyword":"#hitzlivestage","from":"2017-08-13","mode":"submitSocial","container":"all","username":"arwin"}]
2017-08-15 05:04:31	[{"keyword":"#thefreaks","from":"2017-08-13","mode":"submitSocial","container":"all","username":"arwin"}]
2017-08-15 05:04:33	[{"keyword":"#hitzsirkuspagi","from":"2017-08-13","mode":"submitSocial","container":"all","username":"arwin"}]
2017-08-15 05:04:35	[{"keyword":"#hitzathlon","from":"2017-08-13","mode":"submitSocial","container":"all","username":"arwin"}]
2017-08-15 05:04:37	[{"keyword":"#hitzzombie","from":"2017-08-13","mode":"submitSocial","container":"all","username":"arwin"}]
2017-08-15 05:04:40	[{"keyword":"#hitzkalong","from":"2017-08-13","mode":"submitSocial","container":"all","username":"arwin"}]
2017-08-15 05:04:42	[{"keyword":"#hitzbebas","from":"2017-08-13","mode":"submitSocial","container":"all","username":"arwin"}]
2017-08-15 05:04:44	[{"keyword":"#hitzhorehara","from":"2017-08-13","mode":"submitSocial","container":"all","username":"arwin"}]
2017-08-15 05:04:46	[{"keyword":"@zaloraid","from":"2017-08-13","mode":"submitSocial","container":"all","username":"arwin"}]
2017-08-15 05:04:48	[{"keyword":"@olx_indonesia","from":"2017-08-13","mode":"submitSocial","container":"all","username":"arwin"}]
2017-08-15 05:04:51	[{"keyword":"@lazadaid","from":"2017-08-13","mode":"submitSocial","container":"all","username":"arwin"}]
2017-08-15 05:04:53	[{"keyword":"@utrippers","from":"2017-08-13","mode":"submitSocial","container":"all","username":"arwin"}]
2017-08-15 05:04:55	[{"keyword":"@gogobot","from":"2017-08-13","mode":"submitSocial","container":"all","username":"arwin"}]
2017-08-15 05:04:57	[{"keyword":"@viatortravel","from":"2017-08-13","mode":"submitSocial","container":"all","username":"arwin"}]
2017-08-15 05:05:00	[{"keyword":"@alandakariza","from":"2017-08-13","mode":"submitSocial","container":"all","username":"arwin"}]
2017-08-15 05:05:02	[{"keyword":"@gagasmedia","from":"2017-08-13","mode":"submitSocial","container":"all","username":"arwin"}]
2017-08-15 05:05:05	[{"keyword":"@welovehonda","from":"2017-08-13","mode":"submitSocial","container":"all","username":"arwin"}]
2017-08-15 05:05:07	[{"keyword":"@suzukimotorid","from":"2017-08-13","mode":"submitSocial","container":"all","username":"arwin"}]
2017-08-15 05:05:09	[{"keyword":"@kawasakilovers","from":"2017-08-13","mode":"submitSocial","container":"all","username":"arwin"}]
2017-08-15 05:05:12	[{"keyword":"@yamahaindonesia","from":"2017-08-13","mode":"submitSocial","container":"all","username":"arwin"}]
2017-08-15 05:05:14	[{"keyword":"@tripanzee","from":"2017-08-13","mode":"submitSocial","container":"all","username":"arwin"}]
2017-08-15 05:05:16	[{"keyword":"@arnoldpoernomo","from":"2017-08-13","mode":"submitSocial","container":"all","username":"arwin"}]
2017-08-15 05:05:19	[{"keyword":"@nicsap","from":"2017-08-13","mode":"submitSocial","container":"all","username":"arwin"}]
2017-08-15 05:05:21	[{"keyword":"@tiket2","from":"2017-08-13","mode":"submitSocial","container":"all","username":"arwin"}]
2017-08-15 05:05:23	[{"keyword":"@traveloka","from":"2017-08-13","mode":"submitSocial","container":"all","username":"arwin"}]
2017-08-15 05:05:26	[{"keyword":"@wego","from":"2017-08-13","mode":"submitSocial","container":"all","username":"arwin"}]
2017-08-15 05:05:29	[{"keyword":"@agoda","from":"2017-08-13","mode":"submitSocial","container":"all","username":"arwin"}]
2017-08-15 05:05:31	[{"keyword":"#salahsambung","from":"2017-08-13","mode":"submitSocial","container":"all","username":"arwin"}]
2017-08-15 05:05:33	[{"keyword":"#tulalit","from":"2017-08-13","mode":"submitSocial","container":"all","username":"arwin"}]
2017-08-15 05:05:35	[{"keyword":"#pestageneraksi8","from":"2017-08-13","mode":"submitSocial","container":"all","username":"arwin"}]
2017-08-15 05:05:37	[{"keyword":"#ganaskustik","from":"2017-08-13","mode":"submitSocial","container":"all","username":"arwin"}]
2017-08-15 05:05:39	[{"keyword":"#lnhot20","from":"2017-08-13","mode":"submitSocial","container":"all","username":"arwin"}]
2017-08-15 05:05:41	[{"keyword":"@tripadvisor","from":"2017-08-13","mode":"submitSocial","container":"all","username":"arwin"}]
2017-08-15 05:05:49	[{"keyword":"@google","from":"2017-08-13","mode":"submitSocial","container":"all","username":"arwin"}]
2017-08-15 05:05:53	[{"keyword":"@telkomsel","from":"2017-08-13","mode":"submitSocial","container":"all","username":"arwin"}]
2017-08-15 05:05:55	[{"keyword":"@indosat","from":"2017-08-13","mode":"submitSocial","container":"all","username":"arwin"}]
2017-08-15 05:05:58	[{"keyword":"@bahanafmjkt","from":"2017-08-13","mode":"submitSocial","container":"all","username":""}]
2017-08-15 05:06:02	[{"keyword":"@sonorafm92","from":"2017-08-13","mode":"submitSocial","container":"all","username":"arwin"}]
2017-08-15 05:06:04	[{"keyword":"@litefm1058","from":"2017-08-13","mode":"submitSocial","container":"all","username":"arwin"}]
2017-08-15 05:06:06	[{"keyword":"@bravaradio","from":"2017-08-13","mode":"submitSocial","container":"all","username":"arwin"}]
2017-08-15 05:06:09	[{"keyword":"#dgitm","from":"2017-08-13","mode":"submitSocial","container":"all","username":"arwin"}]
2017-08-15 05:06:11	[{"keyword":"#hitsalaprambors","from":"2017-08-13","mode":"submitSocial","container":"all","username":"arwin"}]
2017-08-15 05:06:13	[{"keyword":"#reqprambors","from":"2017-08-13","mode":"submitSocial","container":"all","username":"arwin"}]
2017-08-15 05:06:15	[{"keyword":"#thedandees","from":"2017-08-13","mode":"submitSocial","container":"all","username":"arwin"}]
2017-08-15 05:06:17	[{"keyword":"#pramborsquiz","from":"2017-08-13","mode":"submitSocial","container":"all","username":"arwin"}]
2017-08-15 05:06:19	[{"keyword":"#jeliprambors","from":"2017-08-13","mode":"submitSocial","container":"all","username":"arwin"}]
2017-08-15 05:06:21	[{"keyword":"#jodohinprambors","from":"2017-08-13","mode":"submitSocial","container":"all","username":"arwin"}]
2017-08-15 05:06:23	[{"keyword":"#ubahdenganbicara","from":"2017-08-13","mode":"submitSocial","container":"all","username":"arwin"}]
2017-08-15 05:06:25	[{"keyword":"#pramborschat","from":"2017-08-13","mode":"submitSocial","container":"all","username":"arwin"}]
2017-08-15 05:06:27	[{"keyword":"#tweetforduit","from":"2017-08-13","mode":"submitSocial","container":"all","username":"arwin"}]
2017-08-15 05:06:29	[{"keyword":"#joki3in1","from":"2017-08-13","mode":"submitSocial","container":"all","username":"arwin"}]
2017-08-15 05:06:31	[{"keyword":"#sarapanseru","from":"2017-08-13","mode":"submitSocial","container":"all","username":"arwin"}]
2017-08-15 05:06:33	[{"keyword":"#rawonkaneloop","from":"2017-08-13","mode":"submitSocial","container":"all","username":"arwin"}]
2017-08-15 05:06:35	[{"keyword":"#gudegkendilkeraton","from":"2017-08-13","mode":"submitSocial","container":"all","username":"arwin"}]
2017-08-15 05:06:37	[{"keyword":"#gadogadobutika","from":"2017-08-13","mode":"submitSocial","container":"all","username":"arwin"}]
2017-08-15 05:06:40	[{"keyword":"#mtvhottest","from":"2017-08-13","mode":"submitSocial","container":"all","username":"arwin"}]
2017-08-15 05:06:42	[{"keyword":"#dimsumcjdw","from":"2017-08-13","mode":"submitSocial","container":"all","username":"arwin"}]
2017-08-15 05:06:44	[{"keyword":"#pecelmadiunmbakniek","from":"2017-08-13","mode":"submitSocial","container":"all","username":"arwin"}]
2017-08-15 05:06:46	[{"keyword":"#depotarema","from":"2017-08-13","mode":"submitSocial","container":"all","username":"arwin"}]
2017-08-15 05:06:48	[{"keyword":"@bni46","from":"2017-08-13","mode":"submitSocial","container":"all","username":"arwin"}]
2017-08-15 05:06:50	[{"keyword":"@bankbri_id","from":"2017-08-13","mode":"submitSocial","container":"all","username":"arwin"}]
2017-08-15 05:06:52	[{"keyword":"#bni46","from":"2017-08-13","mode":"submitSocial","container":"all","username":"arwin"}]
2017-08-15 05:06:56	[{"keyword":"macet","from":"2017-08-13","mode":"submitSocial","container":"all","username":"arwin"}]
2017-08-15 05:06:58	[{"keyword":"#selamatpagi","from":"2017-08-13","mode":"submitSocial","container":"all","username":"arwin"}]
2017-08-15 05:07:00	[{"keyword":"#selamatmalam","from":"2017-08-13","mode":"submitSocial","container":"all","username":"arwin"}]
2017-08-15 05:07:02	[{"keyword":"@884globalradio","from":"2017-08-13","mode":"submitSocial","container":"all","username":"arwin"}]
2017-08-15 05:07:04	[{"keyword":"@day_trans","from":"2017-08-13","mode":"submitSocial","container":"all","username":"arwin"}]
2017-08-15 05:07:06	[{"keyword":"@kencanavoyage","from":"2017-08-13","mode":"submitSocial","container":"all","username":"arwin"}]
2017-08-15 05:07:09	[{"keyword":"@jukebox5d","from":"2017-08-13","mode":"submitSocial","container":"all","username":"arwin"}]
2017-08-15 05:07:11	[{"keyword":"#mtvhottest","from":"2017-08-13","mode":"submitSocial","container":"all","username":"arwin"}]
2017-08-15 05:07:13	[{"keyword":"#semangatpagi","from":"2017-08-13","mode":"submitSocial","container":"all","username":"arwin"}]
2017-08-15 05:07:15	[{"keyword":"lifebuoy","from":"2017-08-13","mode":"submitSocial","container":"all","username":"arwin"}]
2017-08-15 05:07:22	[{"keyword":"jokowi","from":"2017-08-13","mode":"submitSocial","container":"all","username":"arwin"}]
2017-08-15 05:07:32	[{"keyword":"obama","from":"2017-08-13","mode":"submitSocial","container":"all","username":"arwin"}]
2017-08-15 05:07:34	[{"keyword":"starwars","from":"2017-08-13","mode":"submitSocial","container":"all","username":"arwin"}]
2017-08-15 05:07:38	[{"keyword":"jonan","from":"2017-08-13","mode":"submitSocial","container":"all","username":"arwin"}]
2017-08-15 05:07:46	[{"keyword":"pagi","from":"2017-08-13","mode":"submitSocial","container":"all","username":"arwin"}]
2017-08-15 05:07:48	[{"keyword":"sampoerna","from":"2017-08-13","mode":"submitSocial","container":"all","username":"arwin"}]
2017-08-15 05:07:51	[{"keyword":"djarum","from":"2017-08-13","mode":"submitSocial","container":"all","username":"arwin"}]
2017-08-15 05:07:53	[{"keyword":"#semangatpagi","from":"2017-08-13","mode":"submitSocial","container":"all","username":"arwin"}]
2017-08-15 05:07:55	[{"keyword":"#generaksi8","from":"2017-08-13","mode":"submitSocial","container":"all","username":"arwin"}]
2017-08-15 05:07:57	[{"keyword":"#365alasan","from":"2017-08-13","mode":"submitSocial","container":"all","username":"arwin"}]
2017-08-15 05:08:00	[{"keyword":"weew","from":"2017-08-13","mode":"submitSocial","container":"all","username":"arwin"}]
2017-08-15 05:08:07	[{"keyword":"testing","from":"2017-08-13","mode":"submitSocial","container":"all","username":"arwin"}]
2017-08-15 05:08:10	[{"keyword":"#kopaja","from":"2017-08-13","mode":"submitSocial","container":"all","username":"arwin"}]
2017-08-15 05:08:12	[{"keyword":"#genkuisinsideout","from":"2017-08-13","mode":"submitSocial","container":"all","username":"arwin"}]
2017-08-15 05:08:14	[{"keyword":"starwars","from":"2017-08-13","mode":"submitSocial","container":"all","username":"arwin"}]
2017-08-15 05:08:17	[{"keyword":"#kopaja","from":"2017-08-13","mode":"submitSocial","container":"all","username":"arwin"}]
2017-08-15 05:08:20	[{"keyword":"mldspot","from":"2017-08-13","mode":"submitSocial","container":"all","username":"arwin"}]
2017-08-15 05:08:22	[{"keyword":"pbdjarum","from":"2017-08-13","mode":"submitSocial","container":"all","username":"arwin"}]
2017-08-15 05:08:25	[{"keyword":"temannabati","from":"2017-08-13","mode":"submitSocial","container":"all","username":"arwin"}]
2017-08-15 05:08:28	[{"keyword":"nextar","from":"2017-08-13","mode":"submitSocial","container":"all","username":"arwin"}]
2017-08-15 05:08:31	[{"keyword":"jokowo","from":"2017-08-13","mode":"submitSocial","container":"all","username":"arwin"}]
2017-08-15 05:08:34	[{"keyword":"prabowo","from":"2017-08-13","mode":"submitSocial","container":"all","username":"arwin"}]
2017-08-15 05:08:36	[{"keyword":"sudirman said","from":"2017-08-13","mode":"submitSocial","container":"all","username":"arwin"}]
2017-08-15 05:08:41	[{"keyword":"ahok","from":"2017-08-13","mode":"submitSocial","container":"all","username":"arwin"}]
2017-08-15 05:08:43	[{"keyword":"setyanovanto","from":"2017-08-13","mode":"submitSocial","container":"all","username":"arwin"}]
2017-08-15 05:08:50	[{"keyword":"jokowi","from":"2017-08-13","mode":"submitSocial","container":"all","username":"arwin"}]
2017-08-15 05:08:55	[{"keyword":"ahok","from":"2017-08-13","mode":"submitSocial","container":"all","username":"arwin"}]
2017-08-15 05:08:58	[{"keyword":"prabowo","from":"2017-08-13","mode":"submitSocial","container":"all","username":"arwin"}]
2017-08-15 05:09:01	[{"keyword":"sudirman said","from":"2017-08-13","mode":"submitSocial","container":"all","username":"arwin"}]
2017-08-15 05:09:03	[{"keyword":"setyanovanto","from":"2017-08-13","mode":"submitSocial","container":"all","username":"arwin"}]
2017-08-15 05:09:07	[{"keyword":"galau","from":"2017-08-13","mode":"submitSocial","container":"all","username":"arwin"}]
2017-08-15 05:09:10	[{"keyword":"#prestasiindonesia","from":"2017-08-13","mode":"submitSocial","container":"all","username":"arwin"}]
2017-08-15 05:09:12	[{"keyword":"@tw_debi","from":"2017-08-13","mode":"submitSocial","container":"all","username":"arwin"}]
2017-08-15 05:09:14	[{"keyword":"@officialfastron","from":"2017-08-13","mode":"submitSocial","container":"all","username":"arwin"}]
2017-08-15 05:09:16	[{"keyword":"@citibankid","from":"2017-08-13","mode":"submitSocial","container":"all","username":"arwin"}]
2017-08-15 05:09:19	[{"keyword":"@jak101fm","from":"2017-08-13","mode":"submitSocial","container":"all","username":"arwin"}]
2017-08-15 05:09:21	[{"keyword":"@genfm","from":"2017-08-13","mode":"submitSocial","container":"all","username":"arwin"}]
2017-08-15 07:43:30	[{"keyword":"@delta_fm","from":"2017-08-08","mode":"submitRadio","container":"all","username":"admin"},{"keyword":"@delta_fm","from":"2017-08-09","mode":"submitRadio","container":"all","username":"admin"},{"keyword":"@delta_fm","from":"2017-08-10","mode":"submitRadio","container":"all","username":"admin"},{"keyword":"@delta_fm","from":"2017-08-11","mode":"submitRadio","container":"all","username":"admin"},{"keyword":"@delta_fm","from":"2017-08-12","mode":"submitRadio","container":"all","username":"admin"},{"keyword":"@delta_fm","from":"2017-08-13","mode":"submitRadio","container":"all","username":"admin"},{"keyword":"@delta_fm","from":"2017-08-14","mode":"submitRadio","container":"all","username":"admin"}]
2017-08-15 07:44:24	[{"keyword":"@detikcom","from":"2017-08-08","mode":"submitPortal","container":"all","username":"admin"},{"keyword":"@detikcom","from":"2017-08-09","mode":"submitPortal","container":"all","username":"admin"},{"keyword":"@detikcom","from":"2017-08-10","mode":"submitPortal","container":"all","username":"admin"},{"keyword":"@detikcom","from":"2017-08-11","mode":"submitPortal","container":"all","username":"admin"},{"keyword":"@detikcom","from":"2017-08-12","mode":"submitPortal","container":"all","username":"admin"},{"keyword":"@detikcom","from":"2017-08-13","mode":"submitPortal","container":"all","username":"admin"},{"keyword":"@detikcom","from":"2017-08-14","mode":"submitPortal","container":"all","username":"admin"}]
2017-08-15 07:47:22	[{"keyword":"@jukebox5d","from":"2017-08-08","mode":"submitOthers","container":"all","username":"tommy5D"},{"keyword":"@jukebox5d","from":"2017-08-09","mode":"submitOthers","container":"all","username":"tommy5D"},{"keyword":"@jukebox5d","from":"2017-08-10","mode":"submitOthers","container":"all","username":"tommy5D"},{"keyword":"@jukebox5d","from":"2017-08-11","mode":"submitOthers","container":"all","username":"tommy5D"},{"keyword":"@jukebox5d","from":"2017-08-12","mode":"submitOthers","container":"all","username":"tommy5D"},{"keyword":"@jukebox5d","from":"2017-08-13","mode":"submitOthers","container":"all","username":"tommy5D"},{"keyword":"@jukebox5d","from":"2017-08-14","mode":"submitOthers","container":"all","username":"tommy5D"}]
2017-08-15 08:50:08	[{"keyword":"awkarin","from":"2017-08-08","mode":"submitSocial","container":"all","username":"admin"},{"keyword":"awkarin","from":"2017-08-09","mode":"submitSocial","container":"all","username":"admin"},{"keyword":"awkarin","from":"2017-08-10","mode":"submitSocial","container":"all","username":"admin"},{"keyword":"awkarin","from":"2017-08-11","mode":"submitSocial","container":"all","username":"admin"},{"keyword":"awkarin","from":"2017-08-12","mode":"submitSocial","container":"all","username":"admin"},{"keyword":"awkarin","from":"2017-08-13","mode":"submitSocial","container":"all","username":"admin"},{"keyword":"awkarin","from":"2017-08-14","mode":"submitSocial","container":"all","username":"admin"}]
2017-08-15 08:50:15	[{"keyword":"@detikcom","from":"2017-08-14","mode":"submitSocial","container":"all","username":"admin"}]
2017-08-15 09:46:20	[{"keyword":"@prambors","from":"2017-08-14","mode":"submitSocial","container":"all","username":"admin"}]
2017-08-15 09:46:24	[{"keyword":"@netmediatama","from":"2017-08-14","mode":"submitSocial","container":"all","username":"admin"}]
2017-08-15 11:40:06	[{"keyword":"@987genfm","from":"2017-08-08","mode":"submitRadio","container":"all","username":"risfa"},{"keyword":"@987genfm","from":"2017-08-09","mode":"submitRadio","container":"all","username":"risfa"},{"keyword":"@987genfm","from":"2017-08-10","mode":"submitRadio","container":"all","username":"risfa"},{"keyword":"@987genfm","from":"2017-08-11","mode":"submitRadio","container":"all","username":"risfa"},{"keyword":"@987genfm","from":"2017-08-12","mode":"submitRadio","container":"all","username":"risfa"},{"keyword":"@987genfm","from":"2017-08-13","mode":"submitRadio","container":"all","username":"risfa"},{"keyword":"@987genfm","from":"2017-08-14","mode":"submitRadio","container":"all","username":"risfa"}]
2017-08-15 11:46:00	[{"keyword":"@987genfm","from":"2017-08-14","mode":"submitSocial","container":"all","username":"risfa"}]
2017-08-15 11:49:13	[{"keyword":"","from":"2017-08-08","mode":"submitSocial","container":"all","username":"risfa"},{"keyword":"","from":"2017-08-09","mode":"submitSocial","container":"all","username":"risfa"},{"keyword":"","from":"2017-08-10","mode":"submitSocial","container":"all","username":"risfa"},{"keyword":"","from":"2017-08-11","mode":"submitSocial","container":"all","username":"risfa"},{"keyword":"","from":"2017-08-12","mode":"submitSocial","container":"all","username":"risfa"},{"keyword":"","from":"2017-08-13","mode":"submitSocial","container":"all","username":"risfa"},{"keyword":"","from":"2017-08-14","mode":"submitSocial","container":"all","username":"risfa"}]
2017-08-15 11:53:07	[{"keyword":"@jak101fm","from":"2017-08-08","mode":"submitRadio","container":"all","username":"risfa"},{"keyword":"@jak101fm","from":"2017-08-09","mode":"submitRadio","container":"all","username":"risfa"},{"keyword":"@jak101fm","from":"2017-08-10","mode":"submitRadio","container":"all","username":"risfa"},{"keyword":"@jak101fm","from":"2017-08-11","mode":"submitRadio","container":"all","username":"risfa"},{"keyword":"@jak101fm","from":"2017-08-12","mode":"submitRadio","container":"all","username":"risfa"},{"keyword":"@jak101fm","from":"2017-08-13","mode":"submitRadio","container":"all","username":"risfa"},{"keyword":"@jak101fm","from":"2017-08-14","mode":"submitRadio","container":"all","username":"risfa"}]
