2017-12-06 05:00:06	[{"keyword":"@987genfm","from":"2017-12-04","mode":"submitSocial","container":"all","username":"arwin"}]
2017-12-06 05:00:09	[{"keyword":"@101jakfm","from":"2017-12-04","mode":"submitSocial","container":"all","username":"arwin"}]
2017-12-06 05:00:12	[{"keyword":"@prambors","from":"2017-12-04","mode":"submitSocial","container":"all","username":"arwin"}]
2017-12-06 05:00:14	[{"keyword":"@hardrockfm","from":"2017-12-04","mode":"submitSocial","container":"all","username":"arwin"}]
2017-12-06 05:00:16	[{"keyword":"@kisfmjakarta","from":"2017-12-04","mode":"submitSocial","container":"all","username":"arwin"}]
2017-12-06 05:00:19	[{"keyword":"@delta_fm","from":"2017-12-04","mode":"submitSocial","container":"all","username":"arwin"}]
2017-12-06 05:00:21	[{"keyword":"@traxfmjkt","from":"2017-12-04","mode":"submitSocial","container":"all","username":"arwin"}]
2017-12-06 05:00:23	[{"keyword":"@iradiojakarta","from":"2017-12-04","mode":"submitSocial","container":"all","username":"arwin"}]
2017-12-06 05:00:25	[{"keyword":"@indika9160fm","from":"2017-12-04","mode":"submitSocial","container":"all","username":"arwin"}]
2017-12-06 05:00:27	[{"keyword":"@shellindonesia","from":"2017-12-04","mode":"submitSocial","container":"all","username":"arwin"}]
2017-12-06 05:00:29	[{"keyword":"@vpowerfans","from":"2017-12-04","mode":"submitSocial","container":"all","username":"arwin"}]
2017-12-06 05:00:31	[{"keyword":"@pertamaxind","from":"2017-12-04","mode":"submitSocial","container":"all","username":"arwin"}]
2017-12-06 05:00:33	[{"keyword":"@ptpertamina","from":"2017-12-04","mode":"submitSocial","container":"all","username":"arwin"}]
2017-12-06 05:00:36	[{"keyword":"@ozradiojakarta","from":"2017-12-04","mode":"submitSocial","container":"all","username":"arwin"}]
2017-12-06 05:00:38	[{"keyword":"@cosmopolitanfm","from":"2017-12-04","mode":"submitSocial","container":"all","username":"arwin"}]
2017-12-06 05:00:40	[{"keyword":"@mustang88fm","from":"2017-12-04","mode":"submitSocial","container":"all","username":"arwin"}]
2017-12-06 05:00:42	[{"keyword":"@debabaz","from":"2017-12-04","mode":"submitSocial","container":"all","username":"arwin"}]
2017-12-06 05:00:45	[{"keyword":"@detikcom","from":"2017-12-04","mode":"submitSocial","container":"all","username":"arwin"}]
2017-12-06 05:00:48	[{"keyword":"@radioelshinta","from":"2017-12-04","mode":"submitSocial","container":"all","username":"arwin"}]
2017-12-06 05:00:50	[{"keyword":"@cinema21","from":"2017-12-04","mode":"submitSocial","container":"all","username":"arwin"}]
2017-12-06 05:00:52	[{"keyword":"@officialrcti","from":"2017-12-04","mode":"submitSocial","container":"all","username":"arwin"}]
2017-12-06 05:00:54	[{"keyword":"@transtv_corp","from":"2017-12-04","mode":"submitSocial","container":"all","username":"arwin"}]
2017-12-06 05:00:56	[{"keyword":"@trans7","from":"2017-12-04","mode":"submitSocial","container":"all","username":"arwin"}]
2017-12-06 05:00:59	[{"keyword":"@metro_tv","from":"2017-12-04","mode":"submitSocial","container":"all","username":"arwin"}]
2017-12-06 05:01:02	[{"keyword":"@tvonenews","from":"2017-12-04","mode":"submitSocial","container":"all","username":"arwin"}]
2017-12-06 05:01:04	[{"keyword":"@whatsonantv","from":"2017-12-04","mode":"submitSocial","container":"all","username":"arwin"}]
2017-12-06 05:01:06	[{"keyword":"@sctv_","from":"2017-12-04","mode":"submitSocial","container":"all","username":"arwin"}]
2017-12-06 05:01:09	[{"keyword":"@kompastv","from":"2017-12-04","mode":"submitSocial","container":"all","username":"arwin"}]
2017-12-06 05:01:11	[{"keyword":"@netmediatama","from":"2017-12-04","mode":"submitSocial","container":"all","username":"arwin"}]
2017-12-06 05:01:13	[{"keyword":"@globaltvseru","from":"2017-12-04","mode":"submitSocial","container":"all","username":"arwin"}]
2017-12-06 05:01:15	[{"keyword":"@jaktvcom","from":"2017-12-04","mode":"submitSocial","container":"all","username":"arwin"}]
2017-12-06 05:01:17	[{"keyword":"@tvrinasional","from":"2017-12-04","mode":"submitSocial","container":"all","username":"arwin"}]
2017-12-06 05:01:19	[{"keyword":"@ochannelupdates","from":"2017-12-04","mode":"submitSocial","container":"all","username":"arwin"}]
2017-12-06 05:01:22	[{"keyword":"@indosiarid","from":"2017-12-04","mode":"submitSocial","container":"all","username":"arwin"}]
2017-12-06 05:01:26	[{"keyword":"@kompascom","from":"2017-12-04","mode":"submitSocial","container":"all","username":"arwin"}]
2017-12-06 05:01:28	[{"keyword":"@merdekadotcom","from":"2017-12-04","mode":"submitSocial","container":"all","username":"arwin"}]
2017-12-06 05:01:30	[{"keyword":"@midotcom","from":"2017-12-04","mode":"submitSocial","container":"all","username":"arwin"}]
2017-12-06 05:01:32	[{"keyword":"@tempodotco","from":"2017-12-04","mode":"submitSocial","container":"all","username":"arwin"}]
2017-12-06 05:01:34	[{"keyword":"@motion975fm","from":"2017-12-04","mode":"submitSocial","container":"all","username":"arwin"}]
2017-12-06 05:01:36	[{"keyword":"@_radiotoday","from":"2017-12-04","mode":"submitSocial","container":"all","username":"arwin"}]
2017-12-06 05:01:38	[{"keyword":"@radioinfo","from":"2017-12-04","mode":"submitSocial","container":"all","username":"arwin"}]
2017-12-06 05:01:41	[{"keyword":"@979femaleradio","from":"2017-12-04","mode":"submitSocial","container":"all","username":"arwin"}]
2017-12-06 05:01:42	[{"keyword":"@womanradio943fm","from":"2017-12-04","mode":"submitSocial","container":"all","username":"arwin"}]
2017-12-06 05:01:45	[{"keyword":"@vradiofm","from":"2017-12-04","mode":"submitSocial","container":"all","username":"arwin"}]
2017-12-06 05:01:46	[{"keyword":"@ufm947","from":"2017-12-04","mode":"submitSocial","container":"all","username":"arwin"}]
2017-12-06 05:01:49	[{"keyword":"@vivanews","from":"2017-12-04","mode":"submitSocial","container":"all","username":"arwin"}]
2017-12-06 05:01:51	[{"keyword":"@antaranews","from":"2017-12-04","mode":"submitSocial","container":"all","username":"arwin"}]
2017-12-06 05:01:54	[{"keyword":"@tribunnews","from":"2017-12-04","mode":"submitSocial","container":"all","username":"arwin"}]
2017-12-06 05:01:56	[{"keyword":"@okezonenews","from":"2017-12-04","mode":"submitSocial","container":"all","username":"arwin"}]
2017-12-06 05:01:58	[{"keyword":"@beritasatu","from":"2017-12-04","mode":"submitSocial","container":"all","username":"arwin"}]
2017-12-06 05:02:00	[{"keyword":"@rollingstoneina","from":"2017-12-04","mode":"submitSocial","container":"all","username":"arwin"}]
2017-12-06 05:02:02	[{"keyword":"@fimeladotcom","from":"2017-12-04","mode":"submitSocial","container":"all","username":"arwin"}]
2017-12-06 05:02:04	[{"keyword":"@kapanlagicom","from":"2017-12-04","mode":"submitSocial","container":"all","username":"arwin"}]
2017-12-06 05:02:07	[{"keyword":"@kompasent","from":"2017-12-04","mode":"submitSocial","container":"all","username":"arwin"}]
2017-12-06 05:02:09	[{"keyword":"@haimagazine","from":"2017-12-04","mode":"submitSocial","container":"all","username":"arwin"}]
2017-12-06 05:02:11	[{"keyword":"@jakartavenue","from":"2017-12-04","mode":"submitSocial","container":"all","username":"arwin"}]
2017-12-06 05:02:13	[{"keyword":"@seputarevent","from":"2017-12-04","mode":"submitSocial","container":"all","username":"arwin"}]
2017-12-06 05:02:16	[{"keyword":"@ismayalive","from":"2017-12-04","mode":"submitSocial","container":"all","username":"arwin"}]
2017-12-06 05:02:18	[{"keyword":"@ecentertainment","from":"2017-12-04","mode":"submitSocial","container":"all","username":"arwin"}]
2017-12-06 05:02:20	[{"keyword":"@synergism_en","from":"2017-12-04","mode":"submitSocial","container":"all","username":"arwin"}]
2017-12-06 05:02:22	[{"keyword":"@urbanbandung","from":"2017-12-04","mode":"submitSocial","container":"all","username":"arwin"}]
2017-12-06 05:02:23	[{"keyword":"@urbanrkm995","from":"2017-12-04","mode":"submitSocial","container":"all","username":"arwin"}]
2017-12-06 05:02:25	[{"keyword":"@garuda_promo","from":"2017-12-04","mode":"submitSocial","container":"all","username":"arwin"}]
2017-12-06 05:02:27	[{"keyword":"@airasiaid","from":"2017-12-04","mode":"submitSocial","container":"all","username":"arwin"}]
2017-12-06 05:02:30	[{"keyword":"@kai121","from":"2017-12-04","mode":"submitSocial","container":"all","username":"arwin"}]
2017-12-06 05:02:32	[{"keyword":"@unilever","from":"2017-12-04","mode":"submitSocial","container":"all","username":"arwin"}]
2017-12-06 05:02:34	[{"keyword":"@nestle","from":"2017-12-04","mode":"submitSocial","container":"all","username":"arwin"}]
2017-12-06 05:02:38	[{"keyword":"@cocacola","from":"2017-12-04","mode":"submitSocial","container":"all","username":"arwin"}]
2017-12-06 05:02:45	[{"keyword":"@cnn","from":"2017-12-04","mode":"submitSocial","container":"all","username":"arwin"}]
2017-12-06 05:02:50	[{"keyword":"@mtv","from":"2017-12-04","mode":"submitSocial","container":"all","username":"arwin"}]
2017-12-06 05:02:52	[{"keyword":"@channelv","from":"2017-12-04","mode":"submitSocial","container":"all","username":"arwin"}]
2017-12-06 05:02:54	[{"keyword":"@itunesmusic","from":"2017-12-04","mode":"submitSocial","container":"all","username":"arwin"}]
2017-12-06 05:02:58	[{"keyword":"@mashable","from":"2017-12-04","mode":"submitSocial","container":"all","username":"arwin"}]
2017-12-06 05:03:00	[{"keyword":"@decacaz","from":"2017-12-04","mode":"submitSocial","container":"all","username":"arwin"}]
2017-12-06 05:03:02	[{"keyword":"@radiobaru967fm","from":"2017-12-04","mode":"submitSocial","container":"all","username":"arwin"}]
2017-12-06 05:03:04	[{"keyword":"@967hitzfm","from":"2017-12-04","mode":"submitSocial","container":"all","username":"arwin"}]
2017-12-06 05:03:06	[{"keyword":"@tvguide","from":"2017-12-04","mode":"submitSocial","container":"all","username":"arwin"}]
2017-12-06 05:03:08	[{"keyword":"@xl123","from":"2017-12-04","mode":"submitSocial","container":"all","username":"arwin"}]
2017-12-06 05:03:11	[{"keyword":"@triindonesia","from":"2017-12-04","mode":"submitSocial","container":"all","username":"arwin"}]
2017-12-06 05:03:13	[{"keyword":"@kaskus","from":"2017-12-04","mode":"submitSocial","container":"all","username":"arwin"}]
2017-12-06 05:03:15	[{"keyword":"@studio_xxi","from":"2017-12-04","mode":"submitSocial","container":"all","username":"arwin"}]
2017-12-06 05:03:17	[{"keyword":"@blitzmegaplex","from":"2017-12-04","mode":"submitSocial","container":"all","username":"arwin"}]
2017-12-06 05:03:19	[{"keyword":"@alfamartku","from":"2017-12-04","mode":"submitSocial","container":"all","username":"arwin"}]
2017-12-06 05:03:21	[{"keyword":"@carrefour_id","from":"2017-12-04","mode":"submitSocial","container":"all","username":"arwin"}]
2017-12-06 05:03:24	[{"keyword":"@bbcbreaking","from":"2017-12-04","mode":"submitSocial","container":"all","username":"arwin"}]
2017-12-06 05:03:29	[{"keyword":"@forbes","from":"2017-12-04","mode":"submitSocial","container":"all","username":"arwin"}]
2017-12-06 05:03:32	[{"keyword":"@bensradio","from":"2017-12-04","mode":"submitSocial","container":"all","username":"arwin"}]
2017-12-06 05:03:36	[{"keyword":"@instagram","from":"2017-12-04","mode":"submitSocial","container":"all","username":"arwin"}]
2017-12-06 05:03:39	[{"keyword":"@pinterest","from":"2017-12-04","mode":"submitSocial","container":"all","username":"arwin"}]
2017-12-06 05:03:44	[{"keyword":"@google","from":"2017-12-04","mode":"submitSocial","container":"all","username":"arwin"}]
2017-12-06 05:03:46	[{"keyword":"@pertaminalub","from":"2017-12-04","mode":"submitSocial","container":"all","username":"arwin"}]
2017-12-06 05:03:49	[{"keyword":"@infolalintol","from":"2017-12-04","mode":"submitSocial","container":"all","username":"arwin"}]
2017-12-06 05:03:51	[{"keyword":"@ptjasamarga","from":"2017-12-04","mode":"submitSocial","container":"all","username":"arwin"}]
2017-12-06 05:03:53	[{"keyword":"@cititransindo","from":"2017-12-04","mode":"submitSocial","container":"all","username":"arwin"}]
2017-12-06 05:03:54	[{"keyword":"#semangatpagisuperr","from":"2017-12-04","mode":"submitSocial","container":"all","username":"arwin"}]
2017-12-06 05:03:56	[{"keyword":"#genkuisinsideout","from":"2017-12-04","mode":"submitSocial","container":"all","username":"arwin"}]
2017-12-06 05:03:58	[{"keyword":"#semangatpagi","from":"2017-12-04","mode":"submitSocial","container":"all","username":"arwin"}]
2017-12-06 05:04:00	[{"keyword":"#dikamar","from":"2017-12-04","mode":"submitSocial","container":"all","username":"arwin"}]
2017-12-06 05:04:03	[{"keyword":"#kopaja","from":"2017-12-04","mode":"submitSocial","container":"all","username":"arwin"}]
2017-12-06 05:04:04	[{"keyword":"#generaksi8","from":"2017-12-04","mode":"submitSocial","container":"all","username":"arwin"}]
2017-12-06 05:04:07	[{"keyword":"#hitztsp","from":"2017-12-04","mode":"submitSocial","container":"all","username":"arwin"}]
2017-12-06 05:04:10	[{"keyword":"#np","from":"2017-12-04","mode":"submitSocial","container":"all","username":"arwin"}]
2017-12-06 05:04:12	[{"keyword":"#hitzlivestage","from":"2017-12-04","mode":"submitSocial","container":"all","username":"arwin"}]
2017-12-06 05:04:14	[{"keyword":"#thefreaks","from":"2017-12-04","mode":"submitSocial","container":"all","username":"arwin"}]
2017-12-06 05:04:16	[{"keyword":"#hitzsirkuspagi","from":"2017-12-04","mode":"submitSocial","container":"all","username":"arwin"}]
2017-12-06 05:04:18	[{"keyword":"#hitzathlon","from":"2017-12-04","mode":"submitSocial","container":"all","username":"arwin"}]
2017-12-06 05:04:20	[{"keyword":"#hitzzombie","from":"2017-12-04","mode":"submitSocial","container":"all","username":"arwin"}]
2017-12-06 05:04:22	[{"keyword":"#hitzkalong","from":"2017-12-04","mode":"submitSocial","container":"all","username":"arwin"}]
2017-12-06 05:04:24	[{"keyword":"#hitzbebas","from":"2017-12-04","mode":"submitSocial","container":"all","username":"arwin"}]
2017-12-06 05:04:26	[{"keyword":"#hitzhorehara","from":"2017-12-04","mode":"submitSocial","container":"all","username":"arwin"}]
2017-12-06 05:04:28	[{"keyword":"@zaloraid","from":"2017-12-04","mode":"submitSocial","container":"all","username":"arwin"}]
2017-12-06 05:04:30	[{"keyword":"@olx_indonesia","from":"2017-12-04","mode":"submitSocial","container":"all","username":"arwin"}]
2017-12-06 05:04:33	[{"keyword":"@lazadaid","from":"2017-12-04","mode":"submitSocial","container":"all","username":"arwin"}]
2017-12-06 05:04:35	[{"keyword":"@utrippers","from":"2017-12-04","mode":"submitSocial","container":"all","username":"arwin"}]
2017-12-06 05:04:37	[{"keyword":"@gogobot","from":"2017-12-04","mode":"submitSocial","container":"all","username":"arwin"}]
2017-12-06 05:04:39	[{"keyword":"@viatortravel","from":"2017-12-04","mode":"submitSocial","container":"all","username":"arwin"}]
2017-12-06 05:04:41	[{"keyword":"@alandakariza","from":"2017-12-04","mode":"submitSocial","container":"all","username":"arwin"}]
2017-12-06 05:04:43	[{"keyword":"@gagasmedia","from":"2017-12-04","mode":"submitSocial","container":"all","username":"arwin"}]
2017-12-06 05:04:45	[{"keyword":"@welovehonda","from":"2017-12-04","mode":"submitSocial","container":"all","username":"arwin"}]
2017-12-06 05:04:47	[{"keyword":"@suzukimotorid","from":"2017-12-04","mode":"submitSocial","container":"all","username":"arwin"}]
2017-12-06 05:04:49	[{"keyword":"@kawasakilovers","from":"2017-12-04","mode":"submitSocial","container":"all","username":"arwin"}]
2017-12-06 05:04:51	[{"keyword":"@yamahaindonesia","from":"2017-12-04","mode":"submitSocial","container":"all","username":"arwin"}]
2017-12-06 05:04:54	[{"keyword":"@tripanzee","from":"2017-12-04","mode":"submitSocial","container":"all","username":"arwin"}]
2017-12-06 05:04:56	[{"keyword":"@arnoldpoernomo","from":"2017-12-04","mode":"submitSocial","container":"all","username":"arwin"}]
2017-12-06 05:04:58	[{"keyword":"@nicsap","from":"2017-12-04","mode":"submitSocial","container":"all","username":"arwin"}]
2017-12-06 05:05:00	[{"keyword":"@tiket2","from":"2017-12-04","mode":"submitSocial","container":"all","username":"arwin"}]
2017-12-06 05:05:03	[{"keyword":"@traveloka","from":"2017-12-04","mode":"submitSocial","container":"all","username":"arwin"}]
2017-12-06 05:05:06	[{"keyword":"@wego","from":"2017-12-04","mode":"submitSocial","container":"all","username":"arwin"}]
2017-12-06 05:05:09	[{"keyword":"@agoda","from":"2017-12-04","mode":"submitSocial","container":"all","username":"arwin"}]
2017-12-06 05:05:11	[{"keyword":"#salahsambung","from":"2017-12-04","mode":"submitSocial","container":"all","username":"arwin"}]
2017-12-06 05:05:13	[{"keyword":"#tulalit","from":"2017-12-04","mode":"submitSocial","container":"all","username":"arwin"}]
2017-12-06 05:05:15	[{"keyword":"#pestageneraksi8","from":"2017-12-04","mode":"submitSocial","container":"all","username":"arwin"}]
2017-12-06 05:05:17	[{"keyword":"#ganaskustik","from":"2017-12-04","mode":"submitSocial","container":"all","username":"arwin"}]
2017-12-06 05:05:19	[{"keyword":"#lnhot20","from":"2017-12-04","mode":"submitSocial","container":"all","username":"arwin"}]
2017-12-06 05:05:21	[{"keyword":"@tripadvisor","from":"2017-12-04","mode":"submitSocial","container":"all","username":"arwin"}]
2017-12-06 05:05:26	[{"keyword":"@google","from":"2017-12-04","mode":"submitSocial","container":"all","username":"arwin"}]
2017-12-06 05:05:29	[{"keyword":"@telkomsel","from":"2017-12-04","mode":"submitSocial","container":"all","username":"arwin"}]
2017-12-06 05:05:32	[{"keyword":"@indosat","from":"2017-12-04","mode":"submitSocial","container":"all","username":"arwin"}]
2017-12-06 05:05:35	[{"keyword":"@bahanafmjkt","from":"2017-12-04","mode":"submitSocial","container":"all","username":""}]
2017-12-06 05:05:39	[{"keyword":"@sonorafm92","from":"2017-12-04","mode":"submitSocial","container":"all","username":"arwin"}]
2017-12-06 05:05:40	[{"keyword":"@litefm1058","from":"2017-12-04","mode":"submitSocial","container":"all","username":"arwin"}]
2017-12-06 05:05:42	[{"keyword":"@bravaradio","from":"2017-12-04","mode":"submitSocial","container":"all","username":"arwin"}]
2017-12-06 05:05:45	[{"keyword":"#dgitm","from":"2017-12-04","mode":"submitSocial","container":"all","username":"arwin"}]
2017-12-06 05:05:47	[{"keyword":"#hitsalaprambors","from":"2017-12-04","mode":"submitSocial","container":"all","username":"arwin"}]
2017-12-06 05:05:49	[{"keyword":"#reqprambors","from":"2017-12-04","mode":"submitSocial","container":"all","username":"arwin"}]
2017-12-06 05:05:51	[{"keyword":"#thedandees","from":"2017-12-04","mode":"submitSocial","container":"all","username":"arwin"}]
2017-12-06 05:05:53	[{"keyword":"#pramborsquiz","from":"2017-12-04","mode":"submitSocial","container":"all","username":"arwin"}]
2017-12-06 05:05:55	[{"keyword":"#jeliprambors","from":"2017-12-04","mode":"submitSocial","container":"all","username":"arwin"}]
2017-12-06 05:05:57	[{"keyword":"#jodohinprambors","from":"2017-12-04","mode":"submitSocial","container":"all","username":"arwin"}]
2017-12-06 05:05:59	[{"keyword":"#ubahdenganbicara","from":"2017-12-04","mode":"submitSocial","container":"all","username":"arwin"}]
2017-12-06 05:06:01	[{"keyword":"#pramborschat","from":"2017-12-04","mode":"submitSocial","container":"all","username":"arwin"}]
2017-12-06 05:06:03	[{"keyword":"#tweetforduit","from":"2017-12-04","mode":"submitSocial","container":"all","username":"arwin"}]
2017-12-06 05:06:04	[{"keyword":"#joki3in1","from":"2017-12-04","mode":"submitSocial","container":"all","username":"arwin"}]
2017-12-06 05:06:07	[{"keyword":"#sarapanseru","from":"2017-12-04","mode":"submitSocial","container":"all","username":"arwin"}]
2017-12-06 05:06:09	[{"keyword":"#rawonkaneloop","from":"2017-12-04","mode":"submitSocial","container":"all","username":"arwin"}]
2017-12-06 05:06:11	[{"keyword":"#gudegkendilkeraton","from":"2017-12-04","mode":"submitSocial","container":"all","username":"arwin"}]
2017-12-06 05:06:13	[{"keyword":"#gadogadobutika","from":"2017-12-04","mode":"submitSocial","container":"all","username":"arwin"}]
2017-12-06 05:06:15	[{"keyword":"#mtvhottest","from":"2017-12-04","mode":"submitSocial","container":"all","username":"arwin"}]
2017-12-06 05:06:17	[{"keyword":"#dimsumcjdw","from":"2017-12-04","mode":"submitSocial","container":"all","username":"arwin"}]
2017-12-06 05:06:19	[{"keyword":"#pecelmadiunmbakniek","from":"2017-12-04","mode":"submitSocial","container":"all","username":"arwin"}]
2017-12-06 05:06:21	[{"keyword":"#depotarema","from":"2017-12-04","mode":"submitSocial","container":"all","username":"arwin"}]
2017-12-06 05:06:23	[{"keyword":"@bni46","from":"2017-12-04","mode":"submitSocial","container":"all","username":"arwin"}]
2017-12-06 05:06:25	[{"keyword":"@bankbri_id","from":"2017-12-04","mode":"submitSocial","container":"all","username":"arwin"}]
2017-12-06 05:06:27	[{"keyword":"#bni46","from":"2017-12-04","mode":"submitSocial","container":"all","username":"arwin"}]
2017-12-06 05:06:31	[{"keyword":"macet","from":"2017-12-04","mode":"submitSocial","container":"all","username":"arwin"}]
2017-12-06 05:06:33	[{"keyword":"#selamatpagi","from":"2017-12-04","mode":"submitSocial","container":"all","username":"arwin"}]
2017-12-06 05:06:35	[{"keyword":"#selamatmalam","from":"2017-12-04","mode":"submitSocial","container":"all","username":"arwin"}]
2017-12-06 05:06:37	[{"keyword":"@884globalradio","from":"2017-12-04","mode":"submitSocial","container":"all","username":"arwin"}]
2017-12-06 05:06:39	[{"keyword":"@day_trans","from":"2017-12-04","mode":"submitSocial","container":"all","username":"arwin"}]
2017-12-06 05:06:41	[{"keyword":"@kencanavoyage","from":"2017-12-04","mode":"submitSocial","container":"all","username":"arwin"}]
2017-12-06 05:06:43	[{"keyword":"@jukebox5d","from":"2017-12-04","mode":"submitSocial","container":"all","username":"arwin"}]
2017-12-06 05:06:45	[{"keyword":"#mtvhottest","from":"2017-12-04","mode":"submitSocial","container":"all","username":"arwin"}]
2017-12-06 05:06:47	[{"keyword":"#semangatpagi","from":"2017-12-04","mode":"submitSocial","container":"all","username":"arwin"}]
2017-12-06 05:06:49	[{"keyword":"lifebuoy","from":"2017-12-04","mode":"submitSocial","container":"all","username":"arwin"}]
2017-12-06 05:06:55	[{"keyword":"jokowi","from":"2017-12-04","mode":"submitSocial","container":"all","username":"arwin"}]
2017-12-06 05:07:03	[{"keyword":"obama","from":"2017-12-04","mode":"submitSocial","container":"all","username":"arwin"}]
2017-12-06 05:07:06	[{"keyword":"starwars","from":"2017-12-04","mode":"submitSocial","container":"all","username":"arwin"}]
2017-12-06 05:07:09	[{"keyword":"jonan","from":"2017-12-04","mode":"submitSocial","container":"all","username":"arwin"}]
2017-12-06 05:07:15	[{"keyword":"pagi","from":"2017-12-04","mode":"submitSocial","container":"all","username":"arwin"}]
2017-12-06 05:07:18	[{"keyword":"sampoerna","from":"2017-12-04","mode":"submitSocial","container":"all","username":"arwin"}]
2017-12-06 05:07:20	[{"keyword":"djarum","from":"2017-12-04","mode":"submitSocial","container":"all","username":"arwin"}]
2017-12-06 05:07:22	[{"keyword":"#semangatpagi","from":"2017-12-04","mode":"submitSocial","container":"all","username":"arwin"}]
2017-12-06 05:07:24	[{"keyword":"#generaksi8","from":"2017-12-04","mode":"submitSocial","container":"all","username":"arwin"}]
2017-12-06 05:07:26	[{"keyword":"#365alasan","from":"2017-12-04","mode":"submitSocial","container":"all","username":"arwin"}]
2017-12-06 05:07:29	[{"keyword":"weew","from":"2017-12-04","mode":"submitSocial","container":"all","username":"arwin"}]
2017-12-06 05:07:35	[{"keyword":"testing","from":"2017-12-04","mode":"submitSocial","container":"all","username":"arwin"}]
2017-12-06 05:07:38	[{"keyword":"#kopaja","from":"2017-12-04","mode":"submitSocial","container":"all","username":"arwin"}]
2017-12-06 05:07:40	[{"keyword":"#genkuisinsideout","from":"2017-12-04","mode":"submitSocial","container":"all","username":"arwin"}]
2017-12-06 05:07:42	[{"keyword":"starwars","from":"2017-12-04","mode":"submitSocial","container":"all","username":"arwin"}]
2017-12-06 05:07:44	[{"keyword":"#kopaja","from":"2017-12-04","mode":"submitSocial","container":"all","username":"arwin"}]
2017-12-06 05:07:47	[{"keyword":"mldspot","from":"2017-12-04","mode":"submitSocial","container":"all","username":"arwin"}]
2017-12-06 05:07:49	[{"keyword":"pbdjarum","from":"2017-12-04","mode":"submitSocial","container":"all","username":"arwin"}]
2017-12-06 05:07:51	[{"keyword":"temannabati","from":"2017-12-04","mode":"submitSocial","container":"all","username":"arwin"}]
2017-12-06 05:07:53	[{"keyword":"nextar","from":"2017-12-04","mode":"submitSocial","container":"all","username":"arwin"}]
2017-12-06 05:07:56	[{"keyword":"jokowo","from":"2017-12-04","mode":"submitSocial","container":"all","username":"arwin"}]
2017-12-06 05:08:00	[{"keyword":"prabowo","from":"2017-12-04","mode":"submitSocial","container":"all","username":"arwin"}]
2017-12-06 05:08:02	[{"keyword":"sudirman said","from":"2017-12-04","mode":"submitSocial","container":"all","username":"arwin"}]
2017-12-06 05:08:06	[{"keyword":"ahok","from":"2017-12-04","mode":"submitSocial","container":"all","username":"arwin"}]
2017-12-06 05:08:08	[{"keyword":"setyanovanto","from":"2017-12-04","mode":"submitSocial","container":"all","username":"arwin"}]
2017-12-06 05:08:15	[{"keyword":"jokowi","from":"2017-12-04","mode":"submitSocial","container":"all","username":"arwin"}]
2017-12-06 05:08:19	[{"keyword":"ahok","from":"2017-12-04","mode":"submitSocial","container":"all","username":"arwin"}]
2017-12-06 05:08:23	[{"keyword":"prabowo","from":"2017-12-04","mode":"submitSocial","container":"all","username":"arwin"}]
2017-12-06 05:08:25	[{"keyword":"sudirman said","from":"2017-12-04","mode":"submitSocial","container":"all","username":"arwin"}]
2017-12-06 05:08:27	[{"keyword":"setyanovanto","from":"2017-12-04","mode":"submitSocial","container":"all","username":"arwin"}]
2017-12-06 05:08:31	[{"keyword":"galau","from":"2017-12-04","mode":"submitSocial","container":"all","username":"arwin"}]
2017-12-06 05:08:33	[{"keyword":"#prestasiindonesia","from":"2017-12-04","mode":"submitSocial","container":"all","username":"arwin"}]
2017-12-06 05:08:35	[{"keyword":"@tw_debi","from":"2017-12-04","mode":"submitSocial","container":"all","username":"arwin"}]
2017-12-06 05:08:37	[{"keyword":"@officialfastron","from":"2017-12-04","mode":"submitSocial","container":"all","username":"arwin"}]
2017-12-06 05:08:39	[{"keyword":"@citibankid","from":"2017-12-04","mode":"submitSocial","container":"all","username":"arwin"}]
2017-12-06 05:08:41	[{"keyword":"@jak101fm","from":"2017-12-04","mode":"submitSocial","container":"all","username":"arwin"}]
2017-12-06 05:08:44	[{"keyword":"@genfm","from":"2017-12-04","mode":"submitSocial","container":"all","username":"arwin"}]
