2017-04-22 05:00:02	worker	@987genfm;2017-04-20 - 2017-04-20;submitSocial;all;arwin
2017-04-22 05:00:06	worker	@101jakfm;2017-04-20 - 2017-04-20;submitSocial;all;arwin
2017-04-22 05:00:09	worker	@prambors;2017-04-20 - 2017-04-20;submitSocial;all;arwin
2017-04-22 05:00:13	worker	@hardrockfm;2017-04-20 - 2017-04-20;submitSocial;all;arwin
2017-04-22 05:00:16	worker	@kisfmjakarta;2017-04-20 - 2017-04-20;submitSocial;all;arwin
2017-04-22 05:00:19	worker	@delta_fm;2017-04-20 - 2017-04-20;submitSocial;all;arwin
2017-04-22 05:00:22	worker	@traxfmjkt;2017-04-20 - 2017-04-20;submitSocial;all;arwin
2017-04-22 05:00:25	worker	@iradiojakarta;2017-04-20 - 2017-04-20;submitSocial;all;arwin
2017-04-22 05:00:28	worker	@indika9160fm;2017-04-20 - 2017-04-20;submitSocial;all;arwin
2017-04-22 05:00:30	worker	@shellindonesia;2017-04-20 - 2017-04-20;submitSocial;all;arwin
2017-04-22 05:00:33	worker	@vpowerfans;2017-04-20 - 2017-04-20;submitSocial;all;arwin
2017-04-22 05:00:36	worker	@pertamaxind;2017-04-20 - 2017-04-20;submitSocial;all;arwin
2017-04-22 05:00:39	worker	@ptpertamina;2017-04-20 - 2017-04-20;submitSocial;all;arwin
2017-04-22 05:00:42	worker	@OZRadioJakarta;2017-04-20 - 2017-04-20;submitSocial;all;arwin
2017-04-22 05:00:45	worker	@CosmopolitanFM;2017-04-20 - 2017-04-20;submitSocial;all;arwin
2017-04-22 05:00:48	worker	@mustang88fm;2017-04-20 - 2017-04-20;submitSocial;all;arwin
2017-04-22 05:00:51	worker	@debabaz;2017-04-20 - 2017-04-20;submitSocial;all;arwin
2017-04-22 05:00:53	worker	@detikcom;2017-04-20 - 2017-04-20;submitSocial;all;arwin
2017-04-22 05:00:57	worker	@radioelshinta;2017-04-20 - 2017-04-20;submitSocial;all;arwin
2017-04-22 05:01:01	worker	@cinema21;2017-04-20 - 2017-04-20;submitSocial;all;arwin
2017-04-22 05:01:03	worker	@OfficialRCTI;2017-04-20 - 2017-04-20;submitSocial;all;arwin
2017-04-22 05:01:07	worker	@TRANSTV_CORP;2017-04-20 - 2017-04-20;submitSocial;all;arwin
2017-04-22 05:01:10	worker	@TRANS7;2017-04-20 - 2017-04-20;submitSocial;all;arwin
2017-04-22 05:01:13	worker	@Metro_TV;2017-04-20 - 2017-04-20;submitSocial;all;arwin
2017-04-22 05:01:16	worker	@tvOneNews;2017-04-20 - 2017-04-20;submitSocial;all;arwin
2017-04-22 05:01:20	worker	@whatsonANTV;2017-04-20 - 2017-04-20;submitSocial;all;arwin
2017-04-22 05:01:23	worker	@SCTV_;2017-04-20 - 2017-04-20;submitSocial;all;arwin
2017-04-22 05:01:26	worker	@KompasTV;2017-04-20 - 2017-04-20;submitSocial;all;arwin
2017-04-22 05:01:29	worker	@netmediatama;2017-04-20 - 2017-04-20;submitSocial;all;arwin
2017-04-22 05:01:32	worker	@Globaltvseru;2017-04-20 - 2017-04-20;submitSocial;all;arwin
2017-04-22 05:01:35	worker	@JaktvCom;2017-04-20 - 2017-04-20;submitSocial;all;arwin
2017-04-22 05:01:38	worker	@TVRINasional;2017-04-20 - 2017-04-20;submitSocial;all;arwin
2017-04-22 05:01:41	worker	@ochannelupdates;2017-04-20 - 2017-04-20;submitSocial;all;arwin
2017-04-22 05:01:43	worker	@IndosiarID;2017-04-20 - 2017-04-20;submitSocial;all;arwin
2017-04-22 05:01:47	worker	@kompascom;2017-04-20 - 2017-04-20;submitSocial;all;arwin
2017-04-22 05:01:51	worker	@merdekadotcom;2017-04-20 - 2017-04-20;submitSocial;all;arwin
2017-04-22 05:01:54	worker	@MIdotcom;2017-04-20 - 2017-04-20;submitSocial;all;arwin
2017-04-22 05:01:57	worker	@tempodotco;2017-04-20 - 2017-04-20;submitSocial;all;arwin
2017-04-22 05:02:00	worker	@motion975fm;2017-04-20 - 2017-04-20;submitSocial;all;arwin
2017-04-22 05:02:03	worker	@_radiotoday;2017-04-20 - 2017-04-20;submitSocial;all;arwin
2017-04-22 05:02:05	worker	@radioinfo;2017-04-20 - 2017-04-20;submitSocial;all;arwin
2017-04-22 05:02:08	worker	@979FeMaleRadio;2017-04-20 - 2017-04-20;submitSocial;all;arwin
2017-04-22 05:02:11	worker	@WomanRadio943FM;2017-04-20 - 2017-04-20;submitSocial;all;arwin
2017-04-22 05:02:13	worker	@VRadioFM;2017-04-20 - 2017-04-20;submitSocial;all;arwin
2017-04-22 05:02:16	worker	@UFM947;2017-04-20 - 2017-04-20;submitSocial;all;arwin
2017-04-22 05:02:18	worker	@VIVAnews;2017-04-20 - 2017-04-20;submitSocial;all;arwin
2017-04-22 05:02:21	worker	@antaranews;2017-04-20 - 2017-04-20;submitSocial;all;arwin
2017-04-22 05:02:24	worker	@tribunnews;2017-04-20 - 2017-04-20;submitSocial;all;arwin
2017-04-22 05:02:28	worker	@okezonenews;2017-04-20 - 2017-04-20;submitSocial;all;arwin
2017-04-22 05:02:31	worker	@Beritasatu;2017-04-20 - 2017-04-20;submitSocial;all;arwin
2017-04-22 05:02:34	worker	@rollingstoneina;2017-04-20 - 2017-04-20;submitSocial;all;arwin
2017-04-22 05:02:36	worker	@FIMELAdotcom;2017-04-20 - 2017-04-20;submitSocial;all;arwin
2017-04-22 05:02:39	worker	@KapanLagicom;2017-04-20 - 2017-04-20;submitSocial;all;arwin
2017-04-22 05:02:42	worker	@KompasEnt ;2017-04-20 - 2017-04-20;submitSocial;all;arwin
2017-04-22 05:02:45	worker	@HaiMagazine;2017-04-20 - 2017-04-20;submitSocial;all;arwin
2017-04-22 05:02:48	worker	@JakartaVenue;2017-04-20 - 2017-04-20;submitSocial;all;arwin
2017-04-22 05:02:50	worker	@SeputarEvent;2017-04-20 - 2017-04-20;submitSocial;all;arwin
2017-04-22 05:02:53	worker	@ismayaLive;2017-04-20 - 2017-04-20;submitSocial;all;arwin
2017-04-22 05:02:56	worker	@ECEntertainment;2017-04-20 - 2017-04-20;submitSocial;all;arwin
2017-04-22 05:02:58	worker	@synergism_En;2017-04-20 - 2017-04-20;submitSocial;all;arwin
2017-04-22 05:03:01	worker	@Urbanbandung;2017-04-20 - 2017-04-20;submitSocial;all;arwin
2017-04-22 05:03:04	worker	@Urbanrkm995;2017-04-20 - 2017-04-20;submitSocial;all;arwin
2017-04-22 05:03:06	worker	@Garuda_Promo;2017-04-20 - 2017-04-20;submitSocial;all;arwin
2017-04-22 05:03:08	worker	@AirAsiaID;2017-04-20 - 2017-04-20;submitSocial;all;arwin
2017-04-22 05:03:11	worker	@KAI121;2017-04-20 - 2017-04-20;submitSocial;all;arwin
2017-04-22 05:03:14	worker	@Unilever;2017-04-20 - 2017-04-20;submitSocial;all;arwin
2017-04-22 05:03:17	worker	@Nestle;2017-04-20 - 2017-04-20;submitSocial;all;arwin
2017-04-22 05:03:21	worker	@CocaCola;2017-04-20 - 2017-04-20;submitSocial;all;arwin
2017-04-22 05:03:25	worker	@CNN;2017-04-20 - 2017-04-20;submitSocial;all;arwin
2017-04-22 05:03:32	worker	@MTV;2017-04-20 - 2017-04-20;submitSocial;all;arwin
2017-04-22 05:03:37	worker	@channelv;2017-04-20 - 2017-04-20;submitSocial;all;arwin
2017-04-22 05:03:39	worker	@iTunesMusic;2017-04-20 - 2017-04-20;submitSocial;all;arwin
2017-04-22 05:03:42	worker	@mashable;2017-04-20 - 2017-04-20;submitSocial;all;arwin
2017-04-22 05:03:47	worker	@decacaz;2017-04-20 - 2017-04-20;submitSocial;all;arwin
2017-04-22 05:03:49	worker	@radiobaru967FM;2017-04-20 - 2017-04-20;submitSocial;all;arwin
2017-04-22 05:03:52	worker	@967HitzFM;2017-04-20 - 2017-04-20;submitSocial;all;arwin
2017-04-22 05:03:55	worker	@TVGuide;2017-04-20 - 2017-04-20;submitSocial;all;arwin
2017-04-22 05:03:58	worker	@XL123;2017-04-20 - 2017-04-20;submitSocial;all;arwin
2017-04-22 05:04:01	worker	@triindonesia;2017-04-20 - 2017-04-20;submitSocial;all;arwin
2017-04-22 05:04:04	worker	@kaskus;2017-04-20 - 2017-04-20;submitSocial;all;arwin
2017-04-22 05:04:07	worker	@Studio_XXI;2017-04-20 - 2017-04-20;submitSocial;all;arwin
2017-04-22 05:04:10	worker	@blitzmegaplex;2017-04-20 - 2017-04-20;submitSocial;all;arwin
2017-04-22 05:04:12	worker	@alfamartku;2017-04-20 - 2017-04-20;submitSocial;all;arwin
2017-04-22 05:04:15	worker	@Carrefour_ID;2017-04-20 - 2017-04-20;submitSocial;all;arwin
2017-04-22 05:04:18	worker	@BBCBreaking;2017-04-20 - 2017-04-20;submitSocial;all;arwin
2017-04-22 05:04:22	worker	@Forbes;2017-04-20 - 2017-04-20;submitSocial;all;arwin
2017-04-22 05:04:29	worker	@BensRadio;2017-04-20 - 2017-04-20;submitSocial;all;arwin
2017-04-22 05:04:32	worker	@instagram;2017-04-20 - 2017-04-20;submitSocial;all;arwin
2017-04-22 05:04:39	worker	@Pinterest;2017-04-20 - 2017-04-20;submitSocial;all;arwin
2017-04-22 05:04:42	worker	@google;2017-04-20 - 2017-04-20;submitSocial;all;arwin
2017-04-22 05:04:49	worker	@Pertaminalub;2017-04-20 - 2017-04-20;submitSocial;all;arwin
2017-04-22 05:04:52	worker	@InfoLalinTol;2017-04-20 - 2017-04-20;submitSocial;all;arwin
2017-04-22 05:04:55	worker	@PTJASAMARGA;2017-04-20 - 2017-04-20;submitSocial;all;arwin
2017-04-22 05:04:58	worker	@cititransindo;2017-04-20 - 2017-04-20;submitSocial;all;arwin
2017-04-22 05:05:00	worker	#semangatpagisuperr;2017-04-20 - 2017-04-20;submitSocial;all;arwin
2017-04-22 05:05:03	worker	#genkuisinsideout;2017-04-20 - 2017-04-20;submitSocial;all;arwin
2017-04-22 05:05:06	worker	#semangatpagi;2017-04-20 - 2017-04-20;submitSocial;all;arwin
2017-04-22 05:05:08	worker	#dikamar;2017-04-20 - 2017-04-20;submitSocial;all;arwin
2017-04-22 05:05:11	worker	#kopaja;2017-04-20 - 2017-04-20;submitSocial;all;arwin
2017-04-22 05:05:15	worker	#generaksi8;2017-04-20 - 2017-04-20;submitSocial;all;arwin
2017-04-22 05:05:17	worker	#hitztsp;2017-04-20 - 2017-04-20;submitSocial;all;arwin
2017-04-22 05:05:20	worker	#np;2017-04-20 - 2017-04-20;submitSocial;all;arwin
2017-04-22 05:05:24	worker	#hitzlivestage;2017-04-20 - 2017-04-20;submitSocial;all;arwin
2017-04-22 05:05:26	worker	#thefreaks;2017-04-20 - 2017-04-20;submitSocial;all;arwin
2017-04-22 05:05:29	worker	#hitzsirkuspagi;2017-04-20 - 2017-04-20;submitSocial;all;arwin
2017-04-22 05:05:32	worker	#hitzathlon;2017-04-20 - 2017-04-20;submitSocial;all;arwin
2017-04-22 05:05:34	worker	#hitzzombie;2017-04-20 - 2017-04-20;submitSocial;all;arwin
2017-04-22 05:05:37	worker	#hitzkalong;2017-04-20 - 2017-04-20;submitSocial;all;arwin
2017-04-22 05:05:40	worker	#hitzbebas;2017-04-20 - 2017-04-20;submitSocial;all;arwin
2017-04-22 05:05:42	worker	#hitzhorehara;2017-04-20 - 2017-04-20;submitSocial;all;arwin
2017-04-22 05:05:45	worker	@ZaloraID;2017-04-20 - 2017-04-20;submitSocial;all;arwin
2017-04-22 05:05:48	worker	@OLX_Indonesia;2017-04-20 - 2017-04-20;submitSocial;all;arwin
2017-04-22 05:05:50	worker	@LazadaID;2017-04-20 - 2017-04-20;submitSocial;all;arwin
2017-04-22 05:05:54	worker	@utrippers;2017-04-20 - 2017-04-20;submitSocial;all;arwin
2017-04-22 05:05:56	worker	@GoGobot;2017-04-20 - 2017-04-20;submitSocial;all;arwin
2017-04-22 05:05:59	worker	@viatortravel;2017-04-20 - 2017-04-20;submitSocial;all;arwin
2017-04-22 05:06:02	worker	@alandakariza;2017-04-20 - 2017-04-20;submitSocial;all;arwin
2017-04-22 05:06:05	worker	@gagasmedia;2017-04-20 - 2017-04-20;submitSocial;all;arwin
2017-04-22 05:06:07	worker	@welovehonda;2017-04-20 - 2017-04-20;submitSocial;all;arwin
2017-04-22 05:06:10	worker	@SuzukiMotorID;2017-04-20 - 2017-04-20;submitSocial;all;arwin
2017-04-22 05:06:13	worker	@kawasakilovers;2017-04-20 - 2017-04-20;submitSocial;all;arwin
2017-04-22 05:06:15	worker	@yamahaindonesia;2017-04-20 - 2017-04-20;submitSocial;all;arwin
2017-04-22 05:06:18	worker	@tripanzee;2017-04-20 - 2017-04-20;submitSocial;all;arwin
2017-04-22 05:06:21	worker	@arnoldpoernomo;2017-04-20 - 2017-04-20;submitSocial;all;arwin
2017-04-22 05:06:23	worker	@nicsap;2017-04-20 - 2017-04-20;submitSocial;all;arwin
2017-04-22 05:06:26	worker	@tiket2;2017-04-20 - 2017-04-20;submitSocial;all;arwin
2017-04-22 05:06:29	worker	@traveloka;2017-04-20 - 2017-04-20;submitSocial;all;arwin
2017-04-22 05:06:32	worker	@wego;2017-04-20 - 2017-04-20;submitSocial;all;arwin
2017-04-22 05:06:36	worker	@agoda;2017-04-20 - 2017-04-20;submitSocial;all;arwin
2017-04-22 05:06:40	worker	#salahsambung;2017-04-20 - 2017-04-20;submitSocial;all;arwin
2017-04-22 05:06:42	worker	#tulalit;2017-04-20 - 2017-04-20;submitSocial;all;arwin
2017-04-22 05:06:45	worker	#pestageneraksi8;2017-04-20 - 2017-04-20;submitSocial;all;arwin
2017-04-22 05:06:47	worker	#ganaskustik;2017-04-20 - 2017-04-20;submitSocial;all;arwin
2017-04-22 05:06:50	worker	#lnhot20;2017-04-20 - 2017-04-20;submitSocial;all;arwin
2017-04-22 05:06:52	worker	@TripAdvisor;2017-04-20 - 2017-04-20;submitSocial;all;arwin
2017-04-22 05:06:55	worker	@google;2017-04-20 - 2017-04-20;submitSocial;all;arwin
2017-04-22 05:07:02	worker	@Telkomsel;2017-04-20 - 2017-04-20;submitSocial;all;arwin
2017-04-22 05:07:06	worker	@indosat;2017-04-20 - 2017-04-20;submitSocial;all;arwin
2017-04-22 05:07:09	worker	@bahanafmjkt;2017-04-20 - 2017-04-20;submitSocial;all;2017-04-22 05:07:15	worker	@sonorafm92;2017-04-20 - 2017-04-20;submitSocial;all;arwin
2017-04-22 05:07:18	worker	@litefm1058;2017-04-20 - 2017-04-20;submitSocial;all;arwin
2017-04-22 05:07:20	worker	@Bravaradio;2017-04-20 - 2017-04-20;submitSocial;all;arwin
2017-04-22 05:07:22	worker	#dgitm;2017-04-20 - 2017-04-20;submitSocial;all;arwin
2017-04-22 05:07:26	worker	#hitsalaprambors;2017-04-20 - 2017-04-20;submitSocial;all;arwin
2017-04-22 05:07:28	worker	#reqprambors;2017-04-20 - 2017-04-20;submitSocial;all;arwin
2017-04-22 05:07:31	worker	#thedandees;2017-04-20 - 2017-04-20;submitSocial;all;arwin
2017-04-22 05:07:34	worker	#pramborsquiz;2017-04-20 - 2017-04-20;submitSocial;all;arwin
2017-04-22 05:07:36	worker	#jeliprambors;2017-04-20 - 2017-04-20;submitSocial;all;arwin
2017-04-22 05:07:38	worker	#jodohinprambors;2017-04-20 - 2017-04-20;submitSocial;all;arwin
2017-04-22 05:07:41	worker	#ubahdenganbicara;2017-04-20 - 2017-04-20;submitSocial;all;arwin
2017-04-22 05:07:43	worker	#pramborschat;2017-04-20 - 2017-04-20;submitSocial;all;arwin
2017-04-22 05:07:46	worker	#tweetforduit;2017-04-20 - 2017-04-20;submitSocial;all;arwin
2017-04-22 05:07:48	worker	#joki3in1;2017-04-20 - 2017-04-20;submitSocial;all;arwin
2017-04-22 05:07:51	worker	#sarapanseru;2017-04-20 - 2017-04-20;submitSocial;all;arwin
2017-04-22 05:07:53	worker	#rawonkaneloop;2017-04-20 - 2017-04-20;submitSocial;all;arwin
2017-04-22 05:07:56	worker	#gudegkendilkeraton;2017-04-20 - 2017-04-20;submitSocial;all;arwin
2017-04-22 05:07:58	worker	#gadogadobutika;2017-04-20 - 2017-04-20;submitSocial;all;arwin
2017-04-22 05:08:01	worker	#mtvhottest;2017-04-20 - 2017-04-20;submitSocial;all;arwin
2017-04-22 05:08:04	worker	#dimsumcjdw;2017-04-20 - 2017-04-20;submitSocial;all;arwin
2017-04-22 05:08:07	worker	#pecelmadiunmbakniek;2017-04-20 - 2017-04-20;submitSocial;all;arwin
2017-04-22 05:08:09	worker	#depotarema;2017-04-20 - 2017-04-20;submitSocial;all;arwin
2017-04-22 05:08:12	worker	@BNI46;2017-04-20 - 2017-04-20;submitSocial;all;arwin
2017-04-22 05:08:15	worker	@BANKBRI_ID;2017-04-20 - 2017-04-20;submitSocial;all;arwin
2017-04-22 05:08:17	worker	#bni46;2017-04-20 - 2017-04-20;submitSocial;all;arwin
2017-04-22 05:08:20	worker	macet;2017-04-20 - 2017-04-20;submitSocial;all;arwin
2017-04-22 05:08:26	worker	#selamatpagi;2017-04-20 - 2017-04-20;submitSocial;all;arwin
2017-04-22 05:08:29	worker	#selamatmalam;2017-04-20 - 2017-04-20;submitSocial;all;arwin
2017-04-22 05:08:31	worker	@884GlobalRadio;2017-04-20 - 2017-04-20;submitSocial;all;arwin
2017-04-22 05:08:34	worker	@day_trans;2017-04-20 - 2017-04-20;submitSocial;all;arwin
2017-04-22 05:08:37	worker	@kencanavoyage;2017-04-20 - 2017-04-20;submitSocial;all;arwin
2017-04-22 05:08:39	worker	@jukebox5d;2017-04-20 - 2017-04-20;submitSocial;all;arwin
2017-04-22 05:08:42	worker	#mtvhottest;2017-04-20 - 2017-04-20;submitSocial;all;arwin
2017-04-22 05:08:45	worker	#semangatpagi;2017-04-20 - 2017-04-20;submitSocial;all;arwin
2017-04-22 05:08:48	worker	lifebuoy;2017-04-20 - 2017-04-20;submitSocial;all;arwin
2017-04-22 05:08:51	worker	jokowi;2017-04-20 - 2017-04-20;submitSocial;all;arwin
2017-04-22 05:08:59	worker	obama;2017-04-20 - 2017-04-20;submitSocial;all;arwin
2017-04-22 05:09:10	worker	starwars;2017-04-20 - 2017-04-20;submitSocial;all;arwin
2017-04-22 05:09:13	worker	jonan;2017-04-20 - 2017-04-20;submitSocial;all;arwin
2017-04-22 05:09:18	worker	pagi;2017-04-20 - 2017-04-20;submitSocial;all;arwin
2017-04-22 05:09:29	worker	sampoerna;2017-04-20 - 2017-04-20;submitSocial;all;arwin
2017-04-22 05:09:32	worker	djarum;2017-04-20 - 2017-04-20;submitSocial;all;arwin
2017-04-22 05:09:35	worker	#semangatpagi;2017-04-20 - 2017-04-20;submitSocial;all;arwin
2017-04-22 05:09:38	worker	#generaksi8;2017-04-20 - 2017-04-20;submitSocial;all;arwin
2017-04-22 05:09:40	worker	#365alasan;2017-04-20 - 2017-04-20;submitSocial;all;arwin
2017-04-22 05:09:43	worker	weew;2017-04-20 - 2017-04-20;submitSocial;all;arwin
2017-04-22 05:09:47	worker	testing;2017-04-20 - 2017-04-20;submitSocial;all;arwin
2017-04-22 05:09:56	worker	#kopaja;2017-04-20 - 2017-04-20;submitSocial;all;arwin
2017-04-22 05:09:59	worker	#genkuisinsideout;2017-04-20 - 2017-04-20;submitSocial;all;arwin
2017-04-22 05:10:02	worker	starwars;2017-04-20 - 2017-04-20;submitSocial;all;arwin
2017-04-22 05:10:06	worker	#kopaja;2017-04-20 - 2017-04-20;submitSocial;all;arwin
2017-04-22 05:10:09	worker	mldspot;2017-04-20 - 2017-04-20;submitSocial;all;arwin
2017-04-22 05:10:12	worker	PBDjarum;2017-04-20 - 2017-04-20;submitSocial;all;arwin
2017-04-22 05:10:15	worker	TemanNabati;2017-04-20 - 2017-04-20;submitSocial;all;arwin
2017-04-22 05:10:18	worker	Nextar;2017-04-20 - 2017-04-20;submitSocial;all;arwin
2017-04-22 05:10:22	worker	jokowo;2017-04-20 - 2017-04-20;submitSocial;all;arwin
2017-04-22 05:10:26	worker	prabowo;2017-04-20 - 2017-04-20;submitSocial;all;arwin
2017-04-22 05:10:33	worker	sudirman said;2017-04-20 - 2017-04-20;submitSocial;all;arwin
2017-04-22 05:10:36	worker	ahok;2017-04-20 - 2017-04-20;submitSocial;all;arwin
2017-04-22 05:10:50	worker	setyanovanto;2017-04-20 - 2017-04-20;submitSocial;all;arwin
2017-04-22 05:10:53	worker	jokowi;2017-04-20 - 2017-04-20;submitSocial;all;arwin
2017-04-22 05:11:01	worker	ahok;2017-04-20 - 2017-04-20;submitSocial;all;arwin
2017-04-22 05:11:14	worker	prabowo;2017-04-20 - 2017-04-20;submitSocial;all;arwin
2017-04-22 05:11:21	worker	sudirman said;2017-04-20 - 2017-04-20;submitSocial;all;arwin
2017-04-22 05:11:23	worker	setyanovanto;2017-04-20 - 2017-04-20;submitSocial;all;arwin
2017-04-22 05:11:26	worker	galau;2017-04-20 - 2017-04-20;submitSocial;all;arwin
2017-04-22 05:11:31	worker	#prestasiindonesia;2017-04-20 - 2017-04-20;submitSocial;all;arwin
2017-04-22 05:11:34	worker	@Tw_Debi;2017-04-20 - 2017-04-20;submitSocial;all;arwin
2017-04-22 05:11:37	worker	@OfficialFastron;2017-04-20 - 2017-04-20;submitSocial;all;arwin
2017-04-22 05:11:39	worker	@CitibankID;2017-04-20 - 2017-04-20;submitSocial;all;arwin
2017-04-22 05:11:42	worker	@jak101fm;2017-04-20 - 2017-04-20;submitSocial;all;arwin
2017-04-22 05:11:45	worker	@genfm;2017-04-20 - 2017-04-20;submitSocial;all;arwin
