2017-03-31 05:00:04	worker	@987genfm;2017-03-29 - 2017-03-29;submitSocial;all;arwin
2017-03-31 05:00:07	worker	@101jakfm;2017-03-29 - 2017-03-29;submitSocial;all;arwin
2017-03-31 05:00:10	worker	@prambors;2017-03-29 - 2017-03-29;submitSocial;all;arwin
2017-03-31 05:00:13	worker	@hardrockfm;2017-03-29 - 2017-03-29;submitSocial;all;arwin
2017-03-31 05:00:15	worker	@kisfmjakarta;2017-03-29 - 2017-03-29;submitSocial;all;arwin
2017-03-31 05:00:17	worker	@delta_fm;2017-03-29 - 2017-03-29;submitSocial;all;arwin
2017-03-31 05:00:20	worker	@traxfmjkt;2017-03-29 - 2017-03-29;submitSocial;all;arwin
2017-03-31 05:00:23	worker	@iradiojakarta;2017-03-29 - 2017-03-29;submitSocial;all;arwin
2017-03-31 05:00:25	worker	@indika9160fm;2017-03-29 - 2017-03-29;submitSocial;all;arwin
2017-03-31 05:00:28	worker	@shellindonesia;2017-03-29 - 2017-03-29;submitSocial;all;arwin
2017-03-31 05:00:30	worker	@vpowerfans;2017-03-29 - 2017-03-29;submitSocial;all;arwin
2017-03-31 05:00:32	worker	@pertamaxind;2017-03-29 - 2017-03-29;submitSocial;all;arwin
2017-03-31 05:00:35	worker	@ptpertamina;2017-03-29 - 2017-03-29;submitSocial;all;arwin
2017-03-31 05:00:37	worker	@OZRadioJakarta;2017-03-29 - 2017-03-29;submitSocial;all;arwin
2017-03-31 05:00:39	worker	@CosmopolitanFM;2017-03-29 - 2017-03-29;submitSocial;all;arwin
2017-03-31 05:00:42	worker	@mustang88fm;2017-03-29 - 2017-03-29;submitSocial;all;arwin
2017-03-31 05:00:44	worker	@debabaz;2017-03-29 - 2017-03-29;submitSocial;all;arwin
2017-03-31 05:00:46	worker	@detikcom;2017-03-29 - 2017-03-29;submitSocial;all;arwin
2017-03-31 05:00:49	worker	@radioelshinta;2017-03-29 - 2017-03-29;submitSocial;all;arwin
2017-03-31 05:00:52	worker	@cinema21;2017-03-29 - 2017-03-29;submitSocial;all;arwin
2017-03-31 05:00:54	worker	@OfficialRCTI;2017-03-29 - 2017-03-29;submitSocial;all;arwin
2017-03-31 05:00:57	worker	@TRANSTV_CORP;2017-03-29 - 2017-03-29;submitSocial;all;arwin
2017-03-31 05:00:59	worker	@TRANS7;2017-03-29 - 2017-03-29;submitSocial;all;arwin
2017-03-31 05:01:02	worker	@Metro_TV;2017-03-29 - 2017-03-29;submitSocial;all;arwin
2017-03-31 05:01:06	worker	@tvOneNews;2017-03-29 - 2017-03-29;submitSocial;all;arwin
2017-03-31 05:01:09	worker	@whatsonANTV;2017-03-29 - 2017-03-29;submitSocial;all;arwin
2017-03-31 05:01:13	worker	@SCTV_;2017-03-29 - 2017-03-29;submitSocial;all;arwin
2017-03-31 05:01:16	worker	@KompasTV;2017-03-29 - 2017-03-29;submitSocial;all;arwin
2017-03-31 05:01:19	worker	@netmediatama;2017-03-29 - 2017-03-29;submitSocial;all;arwin
2017-03-31 05:01:22	worker	@Globaltvseru;2017-03-29 - 2017-03-29;submitSocial;all;arwin
2017-03-31 05:01:25	worker	@JaktvCom;2017-03-29 - 2017-03-29;submitSocial;all;arwin
2017-03-31 05:01:27	worker	@TVRINasional;2017-03-29 - 2017-03-29;submitSocial;all;arwin
2017-03-31 05:01:30	worker	@ochannelupdates;2017-03-29 - 2017-03-29;submitSocial;all;arwin
2017-03-31 05:01:32	worker	@IndosiarID;2017-03-29 - 2017-03-29;submitSocial;all;arwin
2017-03-31 05:01:36	worker	@kompascom;2017-03-29 - 2017-03-29;submitSocial;all;arwin
2017-03-31 05:01:40	worker	@merdekadotcom;2017-03-29 - 2017-03-29;submitSocial;all;arwin
2017-03-31 05:01:42	worker	@MIdotcom;2017-03-29 - 2017-03-29;submitSocial;all;arwin
2017-03-31 05:01:44	worker	@tempodotco;2017-03-29 - 2017-03-29;submitSocial;all;arwin
2017-03-31 05:01:47	worker	@motion975fm;2017-03-29 - 2017-03-29;submitSocial;all;arwin
2017-03-31 05:01:49	worker	@_radiotoday;2017-03-29 - 2017-03-29;submitSocial;all;arwin
2017-03-31 05:01:51	worker	@radioinfo;2017-03-29 - 2017-03-29;submitSocial;all;arwin
2017-03-31 05:01:54	worker	@979FeMaleRadio;2017-03-29 - 2017-03-29;submitSocial;all;arwin
2017-03-31 05:01:56	worker	@WomanRadio943FM;2017-03-29 - 2017-03-29;submitSocial;all;arwin
2017-03-31 05:01:58	worker	@VRadioFM;2017-03-29 - 2017-03-29;submitSocial;all;arwin
2017-03-31 05:02:00	worker	@UFM947;2017-03-29 - 2017-03-29;submitSocial;all;arwin
2017-03-31 05:02:02	worker	@VIVAnews;2017-03-29 - 2017-03-29;submitSocial;all;arwin
2017-03-31 05:02:05	worker	@antaranews;2017-03-29 - 2017-03-29;submitSocial;all;arwin
2017-03-31 05:02:07	worker	@tribunnews;2017-03-29 - 2017-03-29;submitSocial;all;arwin
2017-03-31 05:02:10	worker	@okezonenews;2017-03-29 - 2017-03-29;submitSocial;all;arwin
2017-03-31 05:02:13	worker	@Beritasatu;2017-03-29 - 2017-03-29;submitSocial;all;arwin
2017-03-31 05:02:15	worker	@rollingstoneina;2017-03-29 - 2017-03-29;submitSocial;all;arwin
2017-03-31 05:02:17	worker	@FIMELAdotcom;2017-03-29 - 2017-03-29;submitSocial;all;arwin
2017-03-31 05:02:20	worker	@KapanLagicom;2017-03-29 - 2017-03-29;submitSocial;all;arwin
2017-03-31 05:02:22	worker	@KompasEnt ;2017-03-29 - 2017-03-29;submitSocial;all;arwin
2017-03-31 05:02:24	worker	@HaiMagazine;2017-03-29 - 2017-03-29;submitSocial;all;arwin
2017-03-31 05:02:26	worker	@JakartaVenue;2017-03-29 - 2017-03-29;submitSocial;all;arwin
2017-03-31 05:02:29	worker	@SeputarEvent;2017-03-29 - 2017-03-29;submitSocial;all;arwin
2017-03-31 05:02:31	worker	@ismayaLive;2017-03-29 - 2017-03-29;submitSocial;all;arwin
2017-03-31 05:02:33	worker	@ECEntertainment;2017-03-29 - 2017-03-29;submitSocial;all;arwin
2017-03-31 05:02:35	worker	@synergism_En;2017-03-29 - 2017-03-29;submitSocial;all;arwin
2017-03-31 05:02:38	worker	@Urbanbandung;2017-03-29 - 2017-03-29;submitSocial;all;arwin
2017-03-31 05:02:40	worker	@Urbanrkm995;2017-03-29 - 2017-03-29;submitSocial;all;arwin
2017-03-31 05:02:41	worker	@Garuda_Promo;2017-03-29 - 2017-03-29;submitSocial;all;arwin
2017-03-31 05:02:44	worker	@AirAsiaID;2017-03-29 - 2017-03-29;submitSocial;all;arwin
2017-03-31 05:02:46	worker	@KAI121;2017-03-29 - 2017-03-29;submitSocial;all;arwin
2017-03-31 05:02:48	worker	@Unilever;2017-03-29 - 2017-03-29;submitSocial;all;arwin
2017-03-31 05:02:51	worker	@Nestle;2017-03-29 - 2017-03-29;submitSocial;all;arwin
2017-03-31 05:02:54	worker	@CocaCola;2017-03-29 - 2017-03-29;submitSocial;all;arwin
2017-03-31 05:02:57	worker	@CNN;2017-03-29 - 2017-03-29;submitSocial;all;arwin
2017-03-31 05:03:05	worker	@MTV;2017-03-29 - 2017-03-29;submitSocial;all;arwin
2017-03-31 05:03:09	worker	@channelv;2017-03-29 - 2017-03-29;submitSocial;all;arwin
2017-03-31 05:03:11	worker	@iTunesMusic;2017-03-29 - 2017-03-29;submitSocial;all;arwin
2017-03-31 05:03:13	worker	@mashable;2017-03-29 - 2017-03-29;submitSocial;all;arwin
2017-03-31 05:03:19	worker	@decacaz;2017-03-29 - 2017-03-29;submitSocial;all;arwin
2017-03-31 05:03:21	worker	@radiobaru967FM;2017-03-29 - 2017-03-29;submitSocial;all;arwin
2017-03-31 05:03:23	worker	@967HitzFM;2017-03-29 - 2017-03-29;submitSocial;all;arwin
2017-03-31 05:03:25	worker	@TVGuide;2017-03-29 - 2017-03-29;submitSocial;all;arwin
2017-03-31 05:03:28	worker	@XL123;2017-03-29 - 2017-03-29;submitSocial;all;arwin
2017-03-31 05:03:30	worker	@triindonesia;2017-03-29 - 2017-03-29;submitSocial;all;arwin
2017-03-31 05:03:33	worker	@kaskus;2017-03-29 - 2017-03-29;submitSocial;all;arwin
2017-03-31 05:03:35	worker	@Studio_XXI;2017-03-29 - 2017-03-29;submitSocial;all;arwin
2017-03-31 05:03:38	worker	@blitzmegaplex;2017-03-29 - 2017-03-29;submitSocial;all;arwin
2017-03-31 05:03:40	worker	@alfamartku;2017-03-29 - 2017-03-29;submitSocial;all;arwin
2017-03-31 05:03:42	worker	@Carrefour_ID;2017-03-29 - 2017-03-29;submitSocial;all;arwin
2017-03-31 05:03:44	worker	@BBCBreaking;2017-03-29 - 2017-03-29;submitSocial;all;arwin
2017-03-31 05:03:48	worker	@Forbes;2017-03-29 - 2017-03-29;submitSocial;all;arwin
2017-03-31 05:03:58	worker	@BensRadio;2017-03-29 - 2017-03-29;submitSocial;all;arwin
2017-03-31 05:04:01	worker	@instagram;2017-03-29 - 2017-03-29;submitSocial;all;arwin
2017-03-31 05:04:07	worker	@Pinterest;2017-03-29 - 2017-03-29;submitSocial;all;arwin
2017-03-31 05:04:10	worker	@google;2017-03-29 - 2017-03-29;submitSocial;all;arwin
2017-03-31 05:04:16	worker	@Pertaminalub;2017-03-29 - 2017-03-29;submitSocial;all;arwin
2017-03-31 05:04:18	worker	@InfoLalinTol;2017-03-29 - 2017-03-29;submitSocial;all;arwin
2017-03-31 05:04:21	worker	@PTJASAMARGA;2017-03-29 - 2017-03-29;submitSocial;all;arwin
2017-03-31 05:04:23	worker	@cititransindo;2017-03-29 - 2017-03-29;submitSocial;all;arwin
2017-03-31 05:04:25	worker	#semangatpagisuperr;2017-03-29 - 2017-03-29;submitSocial;all;arwin
2017-03-31 05:04:27	worker	#genkuisinsideout;2017-03-29 - 2017-03-29;submitSocial;all;arwin
2017-03-31 05:04:29	worker	#semangatpagi;2017-03-29 - 2017-03-29;submitSocial;all;arwin
2017-03-31 05:04:31	worker	#dikamar;2017-03-29 - 2017-03-29;submitSocial;all;arwin
2017-03-31 05:04:34	worker	#kopaja;2017-03-29 - 2017-03-29;submitSocial;all;arwin
2017-03-31 05:04:37	worker	#generaksi8;2017-03-29 - 2017-03-29;submitSocial;all;arwin
2017-03-31 05:04:38	worker	#hitztsp;2017-03-29 - 2017-03-29;submitSocial;all;arwin
2017-03-31 05:04:41	worker	#np;2017-03-29 - 2017-03-29;submitSocial;all;arwin
2017-03-31 05:04:44	worker	#hitzlivestage;2017-03-29 - 2017-03-29;submitSocial;all;arwin
2017-03-31 05:04:46	worker	#thefreaks;2017-03-29 - 2017-03-29;submitSocial;all;arwin
2017-03-31 05:04:48	worker	#hitzsirkuspagi;2017-03-29 - 2017-03-29;submitSocial;all;arwin
2017-03-31 05:04:50	worker	#hitzathlon;2017-03-29 - 2017-03-29;submitSocial;all;arwin
2017-03-31 05:04:53	worker	#hitzzombie;2017-03-29 - 2017-03-29;submitSocial;all;arwin
2017-03-31 05:04:55	worker	#hitzkalong;2017-03-29 - 2017-03-29;submitSocial;all;arwin
2017-03-31 05:04:57	worker	#hitzbebas;2017-03-29 - 2017-03-29;submitSocial;all;arwin
2017-03-31 05:04:59	worker	#hitzhorehara;2017-03-29 - 2017-03-29;submitSocial;all;arwin
2017-03-31 05:05:02	worker	@ZaloraID;2017-03-29 - 2017-03-29;submitSocial;all;arwin
2017-03-31 05:05:04	worker	@OLX_Indonesia;2017-03-29 - 2017-03-29;submitSocial;all;arwin
2017-03-31 05:05:07	worker	@LazadaID;2017-03-29 - 2017-03-29;submitSocial;all;arwin
2017-03-31 05:05:09	worker	@utrippers;2017-03-29 - 2017-03-29;submitSocial;all;arwin
2017-03-31 05:05:12	worker	@GoGobot;2017-03-29 - 2017-03-29;submitSocial;all;arwin
2017-03-31 05:05:14	worker	@viatortravel;2017-03-29 - 2017-03-29;submitSocial;all;arwin
2017-03-31 05:05:17	worker	@alandakariza;2017-03-29 - 2017-03-29;submitSocial;all;arwin
2017-03-31 05:05:19	worker	@gagasmedia;2017-03-29 - 2017-03-29;submitSocial;all;arwin
2017-03-31 05:05:22	worker	@welovehonda;2017-03-29 - 2017-03-29;submitSocial;all;arwin
2017-03-31 05:05:25	worker	@SuzukiMotorID;2017-03-29 - 2017-03-29;submitSocial;all;arwin
2017-03-31 05:05:27	worker	@kawasakilovers;2017-03-29 - 2017-03-29;submitSocial;all;arwin
2017-03-31 05:05:29	worker	@yamahaindonesia;2017-03-29 - 2017-03-29;submitSocial;all;arwin
2017-03-31 05:05:32	worker	@tripanzee;2017-03-29 - 2017-03-29;submitSocial;all;arwin
2017-03-31 05:05:34	worker	@arnoldpoernomo;2017-03-29 - 2017-03-29;submitSocial;all;arwin
2017-03-31 05:05:36	worker	@nicsap;2017-03-29 - 2017-03-29;submitSocial;all;arwin
2017-03-31 05:05:39	worker	@tiket2;2017-03-29 - 2017-03-29;submitSocial;all;arwin
2017-03-31 05:05:41	worker	@traveloka;2017-03-29 - 2017-03-29;submitSocial;all;arwin
2017-03-31 05:05:43	worker	@wego;2017-03-29 - 2017-03-29;submitSocial;all;arwin
2017-03-31 05:05:47	worker	@agoda;2017-03-29 - 2017-03-29;submitSocial;all;arwin
2017-03-31 05:05:50	worker	#salahsambung;2017-03-29 - 2017-03-29;submitSocial;all;arwin
2017-03-31 05:05:52	worker	#tulalit;2017-03-29 - 2017-03-29;submitSocial;all;arwin
2017-03-31 05:05:54	worker	#pestageneraksi8;2017-03-29 - 2017-03-29;submitSocial;all;arwin
2017-03-31 05:05:56	worker	#ganaskustik;2017-03-29 - 2017-03-29;submitSocial;all;arwin
2017-03-31 05:05:58	worker	#lnhot20;2017-03-29 - 2017-03-29;submitSocial;all;arwin
2017-03-31 05:06:00	worker	@TripAdvisor;2017-03-29 - 2017-03-29;submitSocial;all;arwin
2017-03-31 05:06:03	worker	@google;2017-03-29 - 2017-03-29;submitSocial;all;arwin
2017-03-31 05:06:09	worker	@Telkomsel;2017-03-29 - 2017-03-29;submitSocial;all;arwin
2017-03-31 05:06:12	worker	@indosat;2017-03-29 - 2017-03-29;submitSocial;all;arwin
2017-03-31 05:06:14	worker	@bahanafmjkt;2017-03-29 - 2017-03-29;submitSocial;all;2017-03-31 05:06:19	worker	@sonorafm92;2017-03-29 - 2017-03-29;submitSocial;all;arwin
2017-03-31 05:06:22	worker	@litefm1058;2017-03-29 - 2017-03-29;submitSocial;all;arwin
2017-03-31 05:06:23	worker	@Bravaradio;2017-03-29 - 2017-03-29;submitSocial;all;arwin
2017-03-31 05:06:26	worker	#dgitm;2017-03-29 - 2017-03-29;submitSocial;all;arwin
2017-03-31 05:06:29	worker	#hitsalaprambors;2017-03-29 - 2017-03-29;submitSocial;all;arwin
2017-03-31 05:06:31	worker	#reqprambors;2017-03-29 - 2017-03-29;submitSocial;all;arwin
2017-03-31 05:06:33	worker	#thedandees;2017-03-29 - 2017-03-29;submitSocial;all;arwin
2017-03-31 05:06:35	worker	#pramborsquiz;2017-03-29 - 2017-03-29;submitSocial;all;arwin
2017-03-31 05:06:37	worker	#jeliprambors;2017-03-29 - 2017-03-29;submitSocial;all;arwin
2017-03-31 05:06:39	worker	#jodohinprambors;2017-03-29 - 2017-03-29;submitSocial;all;arwin
2017-03-31 05:06:41	worker	#ubahdenganbicara;2017-03-29 - 2017-03-29;submitSocial;all;arwin
2017-03-31 05:06:43	worker	#pramborschat;2017-03-29 - 2017-03-29;submitSocial;all;arwin
2017-03-31 05:06:46	worker	#tweetforduit;2017-03-29 - 2017-03-29;submitSocial;all;arwin
2017-03-31 05:06:48	worker	#joki3in1;2017-03-29 - 2017-03-29;submitSocial;all;arwin
2017-03-31 05:06:50	worker	#sarapanseru;2017-03-29 - 2017-03-29;submitSocial;all;arwin
2017-03-31 05:06:52	worker	#rawonkaneloop;2017-03-29 - 2017-03-29;submitSocial;all;arwin
2017-03-31 05:06:54	worker	#gudegkendilkeraton;2017-03-29 - 2017-03-29;submitSocial;all;arwin
2017-03-31 05:06:56	worker	#gadogadobutika;2017-03-29 - 2017-03-29;submitSocial;all;arwin
2017-03-31 05:06:58	worker	#mtvhottest;2017-03-29 - 2017-03-29;submitSocial;all;arwin
2017-03-31 05:07:01	worker	#dimsumcjdw;2017-03-29 - 2017-03-29;submitSocial;all;arwin
2017-03-31 05:07:03	worker	#pecelmadiunmbakniek;2017-03-29 - 2017-03-29;submitSocial;all;arwin
2017-03-31 05:07:05	worker	#depotarema;2017-03-29 - 2017-03-29;submitSocial;all;arwin
2017-03-31 05:07:07	worker	@BNI46;2017-03-29 - 2017-03-29;submitSocial;all;arwin
2017-03-31 05:07:09	worker	@BANKBRI_ID;2017-03-29 - 2017-03-29;submitSocial;all;arwin
2017-03-31 05:07:12	worker	#bni46;2017-03-29 - 2017-03-29;submitSocial;all;arwin
2017-03-31 05:07:14	worker	macet;2017-03-29 - 2017-03-29;submitSocial;all;arwin
2017-03-31 05:07:19	worker	#selamatpagi;2017-03-29 - 2017-03-29;submitSocial;all;arwin
2017-03-31 05:07:21	worker	#selamatmalam;2017-03-29 - 2017-03-29;submitSocial;all;arwin
2017-03-31 05:07:23	worker	@884GlobalRadio;2017-03-29 - 2017-03-29;submitSocial;all;arwin
2017-03-31 05:07:26	worker	@day_trans;2017-03-29 - 2017-03-29;submitSocial;all;arwin
2017-03-31 05:07:28	worker	@kencanavoyage;2017-03-29 - 2017-03-29;submitSocial;all;arwin
2017-03-31 05:07:30	worker	@jukebox5d;2017-03-29 - 2017-03-29;submitSocial;all;arwin
2017-03-31 05:07:32	worker	#mtvhottest;2017-03-29 - 2017-03-29;submitSocial;all;arwin
2017-03-31 05:07:35	worker	#semangatpagi;2017-03-29 - 2017-03-29;submitSocial;all;arwin
2017-03-31 05:07:37	worker	lifebuoy;2017-03-29 - 2017-03-29;submitSocial;all;arwin
2017-03-31 05:07:39	worker	jokowi;2017-03-29 - 2017-03-29;submitSocial;all;arwin
2017-03-31 05:07:46	worker	obama;2017-03-29 - 2017-03-29;submitSocial;all;arwin
2017-03-31 05:07:55	worker	starwars;2017-03-29 - 2017-03-29;submitSocial;all;arwin
2017-03-31 05:07:58	worker	jonan;2017-03-29 - 2017-03-29;submitSocial;all;arwin
2017-03-31 05:08:01	worker	pagi;2017-03-29 - 2017-03-29;submitSocial;all;arwin
2017-03-31 05:08:10	worker	sampoerna;2017-03-29 - 2017-03-29;submitSocial;all;arwin
2017-03-31 05:08:13	worker	djarum;2017-03-29 - 2017-03-29;submitSocial;all;arwin
2017-03-31 05:08:16	worker	#semangatpagi;2017-03-29 - 2017-03-29;submitSocial;all;arwin
2017-03-31 05:08:18	worker	#generaksi8;2017-03-29 - 2017-03-29;submitSocial;all;arwin
2017-03-31 05:08:20	worker	#365alasan;2017-03-29 - 2017-03-29;submitSocial;all;arwin
2017-03-31 05:08:23	worker	weew;2017-03-29 - 2017-03-29;submitSocial;all;arwin
2017-03-31 05:08:26	worker	testing;2017-03-29 - 2017-03-29;submitSocial;all;arwin
2017-03-31 05:08:33	worker	#kopaja;2017-03-29 - 2017-03-29;submitSocial;all;arwin
2017-03-31 05:08:36	worker	#genkuisinsideout;2017-03-29 - 2017-03-29;submitSocial;all;arwin
2017-03-31 05:08:38	worker	starwars;2017-03-29 - 2017-03-29;submitSocial;all;arwin
2017-03-31 05:08:41	worker	#kopaja;2017-03-29 - 2017-03-29;submitSocial;all;arwin
2017-03-31 05:08:43	worker	mldspot;2017-03-29 - 2017-03-29;submitSocial;all;arwin
2017-03-31 05:08:46	worker	PBDjarum;2017-03-29 - 2017-03-29;submitSocial;all;arwin
2017-03-31 05:08:48	worker	TemanNabati;2017-03-29 - 2017-03-29;submitSocial;all;arwin
2017-03-31 05:08:51	worker	Nextar;2017-03-29 - 2017-03-29;submitSocial;all;arwin
2017-03-31 05:08:53	worker	jokowo;2017-03-29 - 2017-03-29;submitSocial;all;arwin
2017-03-31 05:08:56	worker	prabowo;2017-03-29 - 2017-03-29;submitSocial;all;arwin
2017-03-31 05:08:59	worker	sudirman said;2017-03-29 - 2017-03-29;submitSocial;all;arwin
2017-03-31 05:09:02	worker	ahok;2017-03-29 - 2017-03-29;submitSocial;all;arwin
2017-03-31 05:09:09	worker	setyanovanto;2017-03-29 - 2017-03-29;submitSocial;all;arwin
2017-03-31 05:09:12	worker	jokowi;2017-03-29 - 2017-03-29;submitSocial;all;arwin
2017-03-31 05:09:18	worker	ahok;2017-03-29 - 2017-03-29;submitSocial;all;arwin
2017-03-31 05:09:27	worker	prabowo;2017-03-29 - 2017-03-29;submitSocial;all;arwin
2017-03-31 05:09:30	worker	sudirman said;2017-03-29 - 2017-03-29;submitSocial;all;arwin
2017-03-31 05:09:32	worker	setyanovanto;2017-03-29 - 2017-03-29;submitSocial;all;arwin
2017-03-31 05:09:35	worker	galau;2017-03-29 - 2017-03-29;submitSocial;all;arwin
2017-03-31 05:09:38	worker	#prestasiindonesia;2017-03-29 - 2017-03-29;submitSocial;all;arwin
2017-03-31 05:09:41	worker	@Tw_Debi;2017-03-29 - 2017-03-29;submitSocial;all;arwin
2017-03-31 05:09:43	worker	@OfficialFastron;2017-03-29 - 2017-03-29;submitSocial;all;arwin
2017-03-31 05:09:45	worker	@CitibankID;2017-03-29 - 2017-03-29;submitSocial;all;arwin
2017-03-31 05:09:47	worker	@jak101fm;2017-03-29 - 2017-03-29;submitSocial;all;arwin
2017-03-31 05:09:50	worker	@genfm;2017-03-29 - 2017-03-29;submitSocial;all;arwin
