2017-12-04 05:00:02	worker	@987genfm;2017-12-02 - 2017-12-02;submitSocial;all;arwin
2017-12-04 05:00:15	worker	@101jakfm;2017-12-02 - 2017-12-02;submitSocial;all;arwin
2017-12-04 05:00:26	worker	@prambors;2017-12-02 - 2017-12-02;submitSocial;all;arwin
2017-12-04 05:00:37	worker	@hardrockfm;2017-12-02 - 2017-12-02;submitSocial;all;arwin
2017-12-04 05:00:48	worker	@kisfmjakarta;2017-12-02 - 2017-12-02;submitSocial;all;arwin
2017-12-04 05:00:58	worker	@delta_fm;2017-12-02 - 2017-12-02;submitSocial;all;arwin
2017-12-04 05:01:09	worker	@traxfmjkt;2017-12-02 - 2017-12-02;submitSocial;all;arwin
2017-12-04 05:01:19	worker	@iradiojakarta;2017-12-02 - 2017-12-02;submitSocial;all;arwin
2017-12-04 05:01:30	worker	@indika9160fm;2017-12-02 - 2017-12-02;submitSocial;all;arwin
2017-12-04 05:01:40	worker	@shellindonesia;2017-12-02 - 2017-12-02;submitSocial;all;arwin
2017-12-04 05:01:51	worker	@vpowerfans;2017-12-02 - 2017-12-02;submitSocial;all;arwin
2017-12-04 05:02:01	worker	@pertamaxind;2017-12-02 - 2017-12-02;submitSocial;all;arwin
2017-12-04 05:02:12	worker	@ptpertamina;2017-12-02 - 2017-12-02;submitSocial;all;arwin
2017-12-04 05:02:23	worker	@OZRadioJakarta;2017-12-02 - 2017-12-02;submitSocial;all;arwin
2017-12-04 05:02:34	worker	@CosmopolitanFM;2017-12-02 - 2017-12-02;submitSocial;all;arwin
2017-12-04 05:02:44	worker	@mustang88fm;2017-12-02 - 2017-12-02;submitSocial;all;arwin
2017-12-04 05:02:55	worker	@debabaz;2017-12-02 - 2017-12-02;submitSocial;all;arwin
2017-12-04 05:03:05	worker	@detikcom;2017-12-02 - 2017-12-02;submitSocial;all;arwin
2017-12-04 05:03:17	worker	@radioelshinta;2017-12-02 - 2017-12-02;submitSocial;all;arwin
2017-12-04 05:03:28	worker	@cinema21;2017-12-02 - 2017-12-02;submitSocial;all;arwin
2017-12-04 05:03:39	worker	@OfficialRCTI;2017-12-02 - 2017-12-02;submitSocial;all;arwin
2017-12-04 05:03:50	worker	@TRANSTV_CORP;2017-12-02 - 2017-12-02;submitSocial;all;arwin
2017-12-04 05:04:00	worker	@TRANS7;2017-12-02 - 2017-12-02;submitSocial;all;arwin
2017-12-04 05:04:12	worker	@Metro_TV;2017-12-02 - 2017-12-02;submitSocial;all;arwin
2017-12-04 05:04:24	worker	@tvOneNews;2017-12-02 - 2017-12-02;submitSocial;all;arwin
2017-12-04 05:04:35	worker	@whatsonANTV;2017-12-02 - 2017-12-02;submitSocial;all;arwin
2017-12-04 05:04:45	worker	@SCTV_;2017-12-02 - 2017-12-02;submitSocial;all;arwin
2017-12-04 05:04:57	worker	@KompasTV;2017-12-02 - 2017-12-02;submitSocial;all;arwin
2017-12-04 05:05:08	worker	@netmediatama;2017-12-02 - 2017-12-02;submitSocial;all;arwin
2017-12-04 05:05:20	worker	@Globaltvseru;2017-12-02 - 2017-12-02;submitSocial;all;arwin
2017-12-04 05:05:30	worker	@JaktvCom;2017-12-02 - 2017-12-02;submitSocial;all;arwin
2017-12-04 05:05:41	worker	@TVRINasional;2017-12-02 - 2017-12-02;submitSocial;all;arwin
2017-12-04 05:05:51	worker	@ochannelupdates;2017-12-02 - 2017-12-02;submitSocial;all;arwin
2017-12-04 05:06:02	worker	@IndosiarID;2017-12-02 - 2017-12-02;submitSocial;all;arwin
2017-12-04 05:06:14	worker	@kompascom;2017-12-02 - 2017-12-02;submitSocial;all;arwin
2017-12-04 05:06:26	worker	@merdekadotcom;2017-12-02 - 2017-12-02;submitSocial;all;arwin
2017-12-04 05:06:36	worker	@MIdotcom;2017-12-02 - 2017-12-02;submitSocial;all;arwin
2017-12-04 05:06:47	worker	@tempodotco;2017-12-02 - 2017-12-02;submitSocial;all;arwin
2017-12-04 05:06:58	worker	@motion975fm;2017-12-02 - 2017-12-02;submitSocial;all;arwin
2017-12-04 05:07:09	worker	@_radiotoday;2017-12-02 - 2017-12-02;submitSocial;all;arwin
2017-12-04 05:07:19	worker	@radioinfo;2017-12-02 - 2017-12-02;submitSocial;all;arwin
2017-12-04 05:07:29	worker	@979FeMaleRadio;2017-12-02 - 2017-12-02;submitSocial;all;arwin
2017-12-04 05:07:40	worker	@WomanRadio943FM;2017-12-02 - 2017-12-02;submitSocial;all;arwin
2017-12-04 05:07:50	worker	@VRadioFM;2017-12-02 - 2017-12-02;submitSocial;all;arwin
2017-12-04 05:08:00	worker	@UFM947;2017-12-02 - 2017-12-02;submitSocial;all;arwin
2017-12-04 05:08:11	worker	@VIVAnews;2017-12-02 - 2017-12-02;submitSocial;all;arwin
2017-12-04 05:08:22	worker	@antaranews;2017-12-02 - 2017-12-02;submitSocial;all;arwin
2017-12-04 05:08:33	worker	@tribunnews;2017-12-02 - 2017-12-02;submitSocial;all;arwin
2017-12-04 05:08:45	worker	@okezonenews;2017-12-02 - 2017-12-02;submitSocial;all;arwin
2017-12-04 05:08:55	worker	@Beritasatu;2017-12-02 - 2017-12-02;submitSocial;all;arwin
2017-12-04 05:09:06	worker	@rollingstoneina;2017-12-02 - 2017-12-02;submitSocial;all;arwin
2017-12-04 05:09:17	worker	@FIMELAdotcom;2017-12-02 - 2017-12-02;submitSocial;all;arwin
2017-12-04 05:09:27	worker	@KapanLagicom;2017-12-02 - 2017-12-02;submitSocial;all;arwin
2017-12-04 05:09:38	worker	@KompasEnt ;2017-12-02 - 2017-12-02;submitSocial;all;arwin
2017-12-04 05:09:48	worker	@HaiMagazine;2017-12-02 - 2017-12-02;submitSocial;all;arwin
2017-12-04 05:09:58	worker	@JakartaVenue;2017-12-02 - 2017-12-02;submitSocial;all;arwin
2017-12-04 05:10:11	worker	@SeputarEvent;2017-12-02 - 2017-12-02;submitSocial;all;arwin
2017-12-04 05:10:22	worker	@ismayaLive;2017-12-02 - 2017-12-02;submitSocial;all;arwin
2017-12-04 05:10:33	worker	@ECEntertainment;2017-12-02 - 2017-12-02;submitSocial;all;arwin
2017-12-04 05:10:43	worker	@synergism_En;2017-12-02 - 2017-12-02;submitSocial;all;arwin
2017-12-04 05:10:53	worker	@Urbanbandung;2017-12-02 - 2017-12-02;submitSocial;all;arwin
2017-12-04 05:11:04	worker	@Urbanrkm995;2017-12-02 - 2017-12-02;submitSocial;all;arwin
2017-12-04 05:11:14	worker	@Garuda_Promo;2017-12-02 - 2017-12-02;submitSocial;all;arwin
2017-12-04 05:11:24	worker	@AirAsiaID;2017-12-02 - 2017-12-02;submitSocial;all;arwin
2017-12-04 05:11:35	worker	@KAI121;2017-12-02 - 2017-12-02;submitSocial;all;arwin
2017-12-04 05:11:45	worker	@Unilever;2017-12-02 - 2017-12-02;submitSocial;all;arwin
2017-12-04 05:11:56	worker	@Nestle;2017-12-02 - 2017-12-02;submitSocial;all;arwin
2017-12-04 05:12:08	worker	@CocaCola;2017-12-02 - 2017-12-02;submitSocial;all;arwin
2017-12-04 05:12:20	worker	@CNN;2017-12-02 - 2017-12-02;submitSocial;all;arwin
2017-12-04 05:12:36	worker	@MTV;2017-12-02 - 2017-12-02;submitSocial;all;arwin
2017-12-04 05:12:48	worker	@channelv;2017-12-02 - 2017-12-02;submitSocial;all;arwin
2017-12-04 05:12:58	worker	@iTunesMusic;2017-12-02 - 2017-12-02;submitSocial;all;arwin
2017-12-04 05:13:09	worker	@mashable;2017-12-02 - 2017-12-02;submitSocial;all;arwin
2017-12-04 05:13:21	worker	@decacaz;2017-12-02 - 2017-12-02;submitSocial;all;arwin
2017-12-04 05:13:31	worker	@radiobaru967FM;2017-12-02 - 2017-12-02;submitSocial;all;arwin
2017-12-04 05:13:41	worker	@967HitzFM;2017-12-02 - 2017-12-02;submitSocial;all;arwin
2017-12-04 05:13:51	worker	@TVGuide;2017-12-02 - 2017-12-02;submitSocial;all;arwin
2017-12-04 05:14:02	worker	@XL123;2017-12-02 - 2017-12-02;submitSocial;all;arwin
2017-12-04 05:14:13	worker	@triindonesia;2017-12-02 - 2017-12-02;submitSocial;all;arwin
2017-12-04 05:14:24	worker	@kaskus;2017-12-02 - 2017-12-02;submitSocial;all;arwin
2017-12-04 05:14:34	worker	@Studio_XXI;2017-12-02 - 2017-12-02;submitSocial;all;arwin
2017-12-04 05:14:45	worker	@blitzmegaplex;2017-12-02 - 2017-12-02;submitSocial;all;arwin
2017-12-04 05:14:55	worker	@alfamartku;2017-12-02 - 2017-12-02;submitSocial;all;arwin
2017-12-04 05:15:06	worker	@Carrefour_ID;2017-12-02 - 2017-12-02;submitSocial;all;arwin
2017-12-04 05:15:17	worker	@BBCBreaking;2017-12-02 - 2017-12-02;submitSocial;all;arwin
2017-12-04 05:15:30	worker	2;submitSocial;all;arwin
2017-12-04 05:15:31	worker	@jukebox5d;2017-12-02 - 2017-12-02;submitSocial;all;arwin
2017-12-04 05:15:41	worker	#mtvhottest;2017-12-02 - 2017-12-02;submitSocial;all;arwin
2017-12-04 05:15:52	worker	#semangatpagi;2017-12-02 - 2017-12-02;submitSocial;all;arwin
2017-12-04 05:16:02	worker	lifebuoy;2017-12-02 - 2017-12-02;submitSocial;all;arwin
2017-12-04 05:16:13	worker	jokowi;2017-12-02 - 2017-12-02;submitSocial;all;arwin
2017-12-04 05:16:27	worker	obama;2017-12-02 - 2017-12-02;submitSocial;all;arwin
2017-12-04 05:16:44	worker	starwars;2017-12-02 - 2017-12-02;submitSocial;all;arwin
2017-12-04 05:16:55	worker	jonan;2017-12-02 - 2017-12-02;submitSocial;all;arwin
2017-12-04 05:17:07	worker	pagi;2017-12-02 - 2017-12-02;submitSocial;all;arwin
2017-12-04 05:17:24	worker	sampoerna;2017-12-02 - 2017-12-02;submitSocial;all;arwin
2017-12-04 05:17:34	worker	djarum;2017-12-02 - 2017-12-02;submitSocial;all;arwin
2017-12-04 05:17:45	worker	#semangatpagi;2017-12-02 - 2017-12-02;submitSocial;all;arwin
2017-12-04 05:17:56	worker	#generaksi8;2017-12-02 - 2017-12-02;submitSocial;all;arwin
2017-12-04 05:18:06	worker	#365alasan;2017-12-02 - 2017-12-02;submitSocial;all;arwin
2017-12-04 05:18:17	worker	weew;2017-12-02 - 2017-12-02;submitSocial;all;arwin
2017-12-04 05:18:28	worker	testing;2017-12-02 - 2017-12-02;submitSocial;all;arwin
2017-12-04 05:18:43	worker	#kopaja;2017-12-02 - 2017-12-02;submitSocial;all;arwin
2017-12-04 05:18:53	worker	#genkuisinsideout;2017-12-02 - 2017-12-02;submitSocial;all;arwin
2017-12-04 05:19:04	worker	starwars;2017-12-02 - 2017-12-02;submitSocial;all;arwin
2017-12-04 05:19:14	worker	#kopaja;2017-12-02 - 2017-12-02;submitSocial;all;arwin
2017-12-04 05:19:25	worker	mldspot;2017-12-02 - 2017-12-02;submitSocial;all;arwin
2017-12-04 05:19:36	worker	PBDjarum;2017-12-02 - 2017-12-02;submitSocial;all;arwin
2017-12-04 05:19:46	worker	TemanNabati;2017-12-02 - 2017-12-02;submitSocial;all;arwin
2017-12-04 05:19:56	worker	Nextar;2017-12-02 - 2017-12-02;submitSocial;all;arwin
2017-12-04 05:20:10	worker	jokowo;2017-12-02 - 2017-12-02;submitSocial;all;arwin
2017-12-04 05:20:21	worker	prabowo;2017-12-02 - 2017-12-02;submitSocial;all;arwin
2017-12-04 05:20:33	worker	sudirman said;2017-12-02 - 2017-12-02;submitSocial;all;arwin
2017-12-04 05:20:43	worker	ahok;2017-12-02 - 2017-12-02;submitSocial;all;arwin
2017-12-04 05:20:56	worker	setyanovanto;2017-12-02 - 2017-12-02;submitSocial;all;arwin
2017-12-04 05:21:06	worker	jokowi;2017-12-02 - 2017-12-02;submitSocial;all;arwin
2017-12-04 05:21:21	worker	ahok;2017-12-02 - 2017-12-02;submitSocial;all;arwin
2017-12-04 05:21:33	worker	prabowo;2017-12-02 - 2017-12-02;submitSocial;all;arwin
2017-12-04 05:21:45	worker	sudirman said;2017-12-02 - 2017-12-02;submitSocial;all;arwin
2017-12-04 05:21:55	worker	setyanovanto;2017-12-02 - 2017-12-02;submitSocial;all;arwin
2017-12-04 05:22:06	worker	galau;2017-12-02 - 2017-12-02;submitSocial;all;arwin
2017-12-04 05:22:18	worker	#prestasiindonesia;2017-12-02 - 2017-12-02;submitSocial;all;arwin
2017-12-04 05:22:29	worker	@Tw_Debi;2017-12-02 - 2017-12-02;submitSocial;all;arwin
2017-12-04 05:22:39	worker	@OfficialFastron;2017-12-02 - 2017-12-02;submitSocial;all;arwin
2017-12-04 05:22:49	worker	@CitibankID;2017-12-02 - 2017-12-02;submitSocial;all;arwin
2017-12-04 05:23:00	worker	@jak101fm;2017-12-02 - 2017-12-02;submitSocial;all;arwin
2017-12-04 05:23:10	worker	@genfm;2017-12-02 - 2017-12-02;submitSocial;all;arwin
2017-12-04 05:23:23	worker	@wego;2017-12-02 - 2017-12-02;submitSocial;all;arwin
2017-12-04 05:23:34	worker	@agoda;2017-12-02 - 2017-12-02;submitSocial;all;arwin
2017-12-04 05:23:45	worker	#salahsambung;2017-12-02 - 2017-12-02;submitSocial;all;arwin
2017-12-04 05:23:55	worker	#tulalit;2017-12-02 - 2017-12-02;submitSocial;all;arwin
2017-12-04 05:24:07	worker	#pestageneraksi8;2017-12-02 - 2017-12-02;submitSocial;all;arwin
2017-12-04 05:24:17	worker	#ganaskustik;2017-12-02 - 2017-12-02;submitSocial;all;arwin
2017-12-04 05:24:28	worker	#lnhot20;2017-12-02 - 2017-12-02;submitSocial;all;arwin
2017-12-04 05:24:38	worker	@TripAdvisor;2017-12-02 - 2017-12-02;submitSocial;all;arwin
2017-12-04 05:24:49	worker	@google;2017-12-02 - 2017-12-02;submitSocial;all;arwin
2017-12-04 05:25:03	worker	@Telkomsel;2017-12-02 - 2017-12-02;submitSocial;all;arwin
2017-12-04 05:25:15	worker	@indosat;2017-12-02 - 2017-12-02;submitSocial;all;arwin
2017-12-04 05:25:26	worker	@bahanafmjkt;2017-12-02 - 2017-12-02;submitSocial;all;arwin
2017-12-04 05:25:36	worker	@sonorafm92;2017-12-02 - 2017-12-02;submitSocial;all;arwin
2017-12-04 05:25:47	worker	@litefm1058;2017-12-02 - 2017-12-02;submitSocial;all;arwin
2017-12-04 05:25:57	worker	@Bravaradio;2017-12-02 - 2017-12-02;submitSocial;all;arwin
2017-12-04 05:26:08	worker	#dgitm;2017-12-02 - 2017-12-02;submitSocial;all;arwin
2017-12-04 05:26:19	worker	#hitsalaprambors;2017-12-02 - 2017-12-02;submitSocial;all;arwin
2017-12-04 05:26:29	worker	#reqprambors;2017-12-02 - 2017-12-02;submitSocial;all;arwin
2017-12-04 05:26:39	worker	#thedandees;2017-12-02 - 2017-12-02;submitSocial;all;arwin
2017-12-04 05:26:50	worker	#pramborsquiz;2017-12-02 - 2017-12-02;submitSocial;all;arwin
2017-12-04 05:27:00	worker	#jeliprambors;2017-12-02 - 2017-12-02;submitSocial;all;arwin
2017-12-04 05:27:10	worker	#jodohinprambors;2017-12-02 - 2017-12-02;submitSocial;all;arwin
2017-12-04 05:27:20	worker	#ubahdenganbicara;2017-12-02 - 2017-12-02;submitSocial;all;arwin
2017-12-04 05:27:30	worker	#pramborschat;2017-12-02 - 2017-12-02;submitSocial;all;arwin
2017-12-04 05:27:41	worker	#tweetforduit;2017-12-02 - 2017-12-02;submitSocial;all;arwin
2017-12-04 05:27:51	worker	#joki3in1;2017-12-02 - 2017-12-02;submitSocial;all;arwin
2017-12-04 05:28:01	worker	#sarapanseru;2017-12-02 - 2017-12-02;submitSocial;all;arwin
2017-12-04 05:28:12	worker	#rawonkaneloop;2017-12-02 - 2017-12-02;submitSocial;all;arwin
2017-12-04 05:28:22	worker	#gudegkendilkeraton;2017-12-02 - 2017-12-02;submitSocial;all;arwin
2017-12-04 05:28:32	worker	#gadogadobutika;2017-12-02 - 2017-12-02;submitSocial;all;arwin
2017-12-04 05:28:43	worker	#mtvhottest;2017-12-02 - 2017-12-02;submitSocial;all;arwin
2017-12-04 05:28:53	worker	#dimsumcjdw;2017-12-02 - 2017-12-02;submitSocial;all;arwin
2017-12-04 05:29:03	worker	#pecelmadiunmbakniek;2017-12-02 - 2017-12-02;submitSocial;all;arwin
2017-12-04 05:29:13	worker	#depotarema;2017-12-02 - 2017-12-02;submitSocial;all;arwin
2017-12-04 05:29:24	worker	@BNI46;2017-12-02 - 2017-12-02;submitSocial;all;arwin
2017-12-04 05:29:34	worker	@BANKBRI_ID;2017-12-02 - 2017-12-02;submitSocial;all;arwin
2017-12-04 05:29:44	worker	#bni46;2017-12-02 - 2017-12-02;submitSocial;all;arwin
2017-12-04 05:29:55	worker	macet;2017-12-02 - 2017-12-02;submitSocial;all;arwin
2017-12-04 05:30:09	worker	#selamatpagi;2017-12-02 - 2017-12-02;submitSocial;all;arwin
2017-12-04 05:30:21	worker	#selamatmalam;2017-12-02 - 2017-12-02;submitSocial;all;arwin
2017-12-04 05:30:31	worker	@884GlobalRadio;2017-12-02 - 2017-12-02;submitSocial;all;arwin
2017-12-04 05:30:41	worker	@day_trans;2017-12-02 - 2017-12-02;submitSocial;all;arwin
2017-12-04 05:30:52	worker	@kencanavoyage;2017-12-02 - 2017-12-02;submitSocial;all;arwin
2017-12-04 05:31:02	worker	@jukebox5d;2017-12-02 - 2017-12-02;submitSocial;all;arwin
2017-12-04 05:31:12	worker	#mtvhottest;2017-12-02 - 2017-12-02;submitSocial;all;arwin
2017-12-04 05:31:23	worker	#semangatpagi;2017-12-02 - 2017-12-02;submitSocial;all;arwin
2017-12-04 05:31:33	worker	lifebuoy;2017-12-02 - 2017-12-02;submitSocial;all;arwin
2017-12-04 05:31:43	worker	jokowi;2017-12-02 - 2017-12-02;submitSocial;all;arwin
2017-12-04 05:31:58	worker	obama;2017-12-02 - 2017-12-02;submitSocial;all;arwin
2017-12-04 05:32:16	worker	starwars;2017-12-02 - 2017-12-02;submitSocial;all;arwin
2017-12-04 05:32:27	worker	jonan;2017-12-02 - 2017-12-02;submitSocial;all;arwin
2017-12-04 05:32:38	worker	pagi;2017-12-02 - 2017-12-02;submitSocial;all;arwin
2017-12-04 05:32:56	worker	sampoerna;2017-12-02 - 2017-12-02;submitSocial;all;arwin
2017-12-04 05:33:06	worker	djarum;2017-12-02 - 2017-12-02;submitSocial;all;arwin
2017-12-04 05:33:17	worker	#semangatpagi;2017-12-02 - 2017-12-02;submitSocial;all;arwin
2017-12-04 05:33:27	worker	#generaksi8;2017-12-02 - 2017-12-02;submitSocial;all;arwin
2017-12-04 05:33:37	worker	#365alasan;2017-12-02 - 2017-12-02;submitSocial;all;arwin
2017-12-04 05:33:48	worker	weew;2017-12-02 - 2017-12-02;submitSocial;all;arwin
2017-12-04 05:33:59	worker	testing;2017-12-02 - 2017-12-02;submitSocial;all;arwin
2017-12-04 05:34:15	worker	#kopaja;2017-12-02 - 2017-12-02;submitSocial;all;arwin
2017-12-04 05:34:26	worker	#genkuisinsideout;2017-12-02 - 2017-12-02;submitSocial;all;arwin
2017-12-04 05:34:36	worker	starwars;2017-12-02 - 2017-12-02;submitSocial;all;arwin
2017-12-04 05:34:47	worker	#kopaja;2017-12-02 - 2017-12-02;submitSocial;all;arwin
2017-12-04 05:34:58	worker	mldspot;2017-12-02 - 2017-12-02;submitSocial;all;arwin
2017-12-04 05:35:09	worker	PBDjarum;2017-12-02 - 2017-12-02;submitSocial;all;arwin
2017-12-04 05:35:20	worker	TemanNabati;2017-12-02 - 2017-12-02;submitSocial;all;arwin
2017-12-04 05:35:31	worker	Nextar;2017-12-02 - 2017-12-02;submitSocial;all;arwin
2017-12-04 05:35:42	worker	jokowo;2017-12-02 - 2017-12-02;submitSocial;all;arwin
2017-12-04 05:35:53	worker	prabowo;2017-12-02 - 2017-12-02;submitSocial;all;arwin
2017-12-04 05:36:05	worker	sudirman said;2017-12-02 - 2017-12-02;submitSocial;all;arwin
2017-12-04 05:36:16	worker	ahok;2017-12-02 - 2017-12-02;submitSocial;all;arwin
2017-12-04 05:36:29	worker	setyanovanto;2017-12-02 - 2017-12-02;submitSocial;all;arwin
2017-12-04 05:36:39	worker	jokowi;2017-12-02 - 2017-12-02;submitSocial;all;arwin
2017-12-04 05:36:54	worker	ahok;2017-12-02 - 2017-12-02;submitSocial;all;arwin
2017-12-04 05:37:06	worker	prabowo;2017-12-02 - 2017-12-02;submitSocial;all;arwin
2017-12-04 05:37:18	worker	sudirman said;2017-12-02 - 2017-12-02;submitSocial;all;arwin
2017-12-04 05:37:28	worker	setyanovanto;2017-12-02 - 2017-12-02;submitSocial;all;arwin
2017-12-04 05:37:39	worker	galau;2017-12-02 - 2017-12-02;submitSocial;all;arwin
2017-12-04 05:37:51	worker	#prestasiindonesia;2017-12-02 - 2017-12-02;submitSocial;all;arwin
2017-12-04 05:38:01	worker	@Tw_Debi;2017-12-02 - 2017-12-02;submitSocial;all;arwin
2017-12-04 05:38:12	worker	@OfficialFastron;2017-12-02 - 2017-12-02;submitSocial;all;arwin
2017-12-04 05:38:23	worker	@CitibankID;2017-12-02 - 2017-12-02;submitSocial;all;arwin
2017-12-04 05:38:33	worker	@jak101fm;2017-12-02 - 2017-12-02;submitSocial;all;arwin
2017-12-04 05:38:43	worker	@genfm;2017-12-02 - 2017-12-02;submitSocial;all;arwin
