2017-07-18 05:00:03	worker	@987genfm;2017-07-16 - 2017-07-16;submitSocial;all;arwin
2017-07-18 05:00:06	worker	@101jakfm;2017-07-16 - 2017-07-16;submitSocial;all;arwin
2017-07-18 05:00:09	worker	@prambors;2017-07-16 - 2017-07-16;submitSocial;all;arwin
2017-07-18 05:00:12	worker	@hardrockfm;2017-07-16 - 2017-07-16;submitSocial;all;arwin
2017-07-18 05:00:15	worker	@kisfmjakarta;2017-07-16 - 2017-07-16;submitSocial;all;arwin
2017-07-18 05:00:17	worker	@delta_fm;2017-07-16 - 2017-07-16;submitSocial;all;arwin
2017-07-18 05:00:20	worker	@traxfmjkt;2017-07-16 - 2017-07-16;submitSocial;all;arwin
2017-07-18 05:00:23	worker	@iradiojakarta;2017-07-16 - 2017-07-16;submitSocial;all;arwin
2017-07-18 05:00:25	worker	@indika9160fm;2017-07-16 - 2017-07-16;submitSocial;all;arwin
2017-07-18 05:00:27	worker	@shellindonesia;2017-07-16 - 2017-07-16;submitSocial;all;arwin
2017-07-18 05:00:30	worker	@vpowerfans;2017-07-16 - 2017-07-16;submitSocial;all;arwin
2017-07-18 05:00:32	worker	@pertamaxind;2017-07-16 - 2017-07-16;submitSocial;all;arwin
2017-07-18 05:00:35	worker	@ptpertamina;2017-07-16 - 2017-07-16;submitSocial;all;arwin
2017-07-18 05:00:37	worker	@OZRadioJakarta;2017-07-16 - 2017-07-16;submitSocial;all;arwin
2017-07-18 05:00:39	worker	@CosmopolitanFM;2017-07-16 - 2017-07-16;submitSocial;all;arwin
2017-07-18 05:00:42	worker	@mustang88fm;2017-07-16 - 2017-07-16;submitSocial;all;arwin
2017-07-18 05:00:44	worker	@debabaz;2017-07-16 - 2017-07-16;submitSocial;all;arwin
2017-07-18 05:00:46	worker	@detikcom;2017-07-16 - 2017-07-16;submitSocial;all;arwin
2017-07-18 05:00:49	worker	@radioelshinta;2017-07-16 - 2017-07-16;submitSocial;all;arwin
2017-07-18 05:00:52	worker	@cinema21;2017-07-16 - 2017-07-16;submitSocial;all;arwin
2017-07-18 05:00:55	worker	@OfficialRCTI;2017-07-16 - 2017-07-16;submitSocial;all;arwin
2017-07-18 05:00:57	worker	@TRANSTV_CORP;2017-07-16 - 2017-07-16;submitSocial;all;arwin
2017-07-18 05:01:00	worker	@TRANS7;2017-07-16 - 2017-07-16;submitSocial;all;arwin
2017-07-18 05:01:03	worker	@Metro_TV;2017-07-16 - 2017-07-16;submitSocial;all;arwin
2017-07-18 05:01:06	worker	@tvOneNews;2017-07-16 - 2017-07-16;submitSocial;all;arwin
2017-07-18 05:01:09	worker	@whatsonANTV;2017-07-16 - 2017-07-16;submitSocial;all;arwin
2017-07-18 05:01:12	worker	@SCTV_;2017-07-16 - 2017-07-16;submitSocial;all;arwin
2017-07-18 05:01:14	worker	@KompasTV;2017-07-16 - 2017-07-16;submitSocial;all;arwin
2017-07-18 05:01:17	worker	@netmediatama;2017-07-16 - 2017-07-16;submitSocial;all;arwin
2017-07-18 05:01:20	worker	@Globaltvseru;2017-07-16 - 2017-07-16;submitSocial;all;arwin
2017-07-18 05:01:22	worker	@JaktvCom;2017-07-16 - 2017-07-16;submitSocial;all;arwin
2017-07-18 05:01:25	worker	@TVRINasional;2017-07-16 - 2017-07-16;submitSocial;all;arwin
2017-07-18 05:01:27	worker	@ochannelupdates;2017-07-16 - 2017-07-16;submitSocial;all;arwin
2017-07-18 05:01:29	worker	@IndosiarID;2017-07-16 - 2017-07-16;submitSocial;all;arwin
2017-07-18 05:01:33	worker	@kompascom;2017-07-16 - 2017-07-16;submitSocial;all;arwin
2017-07-18 05:01:36	worker	@merdekadotcom;2017-07-16 - 2017-07-16;submitSocial;all;arwin
2017-07-18 05:01:39	worker	@MIdotcom;2017-07-16 - 2017-07-16;submitSocial;all;arwin
2017-07-18 05:01:41	worker	@tempodotco;2017-07-16 - 2017-07-16;submitSocial;all;arwin
2017-07-18 05:01:44	worker	@motion975fm;2017-07-16 - 2017-07-16;submitSocial;all;arwin
2017-07-18 05:01:46	worker	@_radiotoday;2017-07-16 - 2017-07-16;submitSocial;all;arwin
2017-07-18 05:01:49	worker	@radioinfo;2017-07-16 - 2017-07-16;submitSocial;all;arwin
2017-07-18 05:01:51	worker	@979FeMaleRadio;2017-07-16 - 2017-07-16;submitSocial;all;arwin
2017-07-18 05:01:53	worker	@WomanRadio943FM;2017-07-16 - 2017-07-16;submitSocial;all;arwin
2017-07-18 05:01:55	worker	@VRadioFM;2017-07-16 - 2017-07-16;submitSocial;all;arwin
2017-07-18 05:01:58	worker	@UFM947;2017-07-16 - 2017-07-16;submitSocial;all;arwin
2017-07-18 05:02:00	worker	@VIVAnews;2017-07-16 - 2017-07-16;submitSocial;all;arwin
2017-07-18 05:02:03	worker	@antaranews;2017-07-16 - 2017-07-16;submitSocial;all;arwin
2017-07-18 05:02:05	worker	@tribunnews;2017-07-16 - 2017-07-16;submitSocial;all;arwin
2017-07-18 05:02:08	worker	@okezonenews;2017-07-16 - 2017-07-16;submitSocial;all;arwin
2017-07-18 05:02:11	worker	@Beritasatu;2017-07-16 - 2017-07-16;submitSocial;all;arwin
2017-07-18 05:02:14	worker	@rollingstoneina;2017-07-16 - 2017-07-16;submitSocial;all;arwin
2017-07-18 05:02:16	worker	@FIMELAdotcom;2017-07-16 - 2017-07-16;submitSocial;all;arwin
2017-07-18 05:02:18	worker	@KapanLagicom;2017-07-16 - 2017-07-16;submitSocial;all;arwin
2017-07-18 05:02:21	worker	@KompasEnt ;2017-07-16 - 2017-07-16;submitSocial;all;arwin
2017-07-18 05:02:23	worker	@HaiMagazine;2017-07-16 - 2017-07-16;submitSocial;all;arwin
2017-07-18 05:02:26	worker	@JakartaVenue;2017-07-16 - 2017-07-16;submitSocial;all;arwin
2017-07-18 05:02:28	worker	@SeputarEvent;2017-07-16 - 2017-07-16;submitSocial;all;arwin
2017-07-18 05:02:30	worker	@ismayaLive;2017-07-16 - 2017-07-16;submitSocial;all;arwin
2017-07-18 05:02:33	worker	@ECEntertainment;2017-07-16 - 2017-07-16;submitSocial;all;arwin
2017-07-18 05:02:35	worker	@synergism_En;2017-07-16 - 2017-07-16;submitSocial;all;arwin
2017-07-18 05:02:37	worker	@Urbanbandung;2017-07-16 - 2017-07-16;submitSocial;all;arwin
2017-07-18 05:02:39	worker	@Urbanrkm995;2017-07-16 - 2017-07-16;submitSocial;all;arwin
2017-07-18 05:02:41	worker	@Garuda_Promo;2017-07-16 - 2017-07-16;submitSocial;all;arwin
2017-07-18 05:02:44	worker	@AirAsiaID;2017-07-16 - 2017-07-16;submitSocial;all;arwin
2017-07-18 05:02:46	worker	@KAI121;2017-07-16 - 2017-07-16;submitSocial;all;arwin
2017-07-18 05:02:49	worker	@Unilever;2017-07-16 - 2017-07-16;submitSocial;all;arwin
2017-07-18 05:02:51	worker	@Nestle;2017-07-16 - 2017-07-16;submitSocial;all;arwin
2017-07-18 05:02:55	worker	@CocaCola;2017-07-16 - 2017-07-16;submitSocial;all;arwin
2017-07-18 05:02:58	worker	@CNN;2017-07-16 - 2017-07-16;submitSocial;all;arwin
2017-07-18 05:03:07	worker	@MTV;2017-07-16 - 2017-07-16;submitSocial;all;arwin
2017-07-18 05:03:15	worker	@channelv;2017-07-16 - 2017-07-16;submitSocial;all;arwin
2017-07-18 05:03:17	worker	@iTunesMusic;2017-07-16 - 2017-07-16;submitSocial;all;arwin
2017-07-18 05:03:20	worker	@mashable;2017-07-16 - 2017-07-16;submitSocial;all;arwin
2017-07-18 05:03:24	worker	@decacaz;2017-07-16 - 2017-07-16;submitSocial;all;arwin
2017-07-18 05:03:26	worker	@radiobaru967FM;2017-07-16 - 2017-07-16;submitSocial;all;arwin
2017-07-18 05:03:28	worker	@967HitzFM;2017-07-16 - 2017-07-16;submitSocial;all;arwin
2017-07-18 05:03:30	worker	@TVGuide;2017-07-16 - 2017-07-16;submitSocial;all;arwin
2017-07-18 05:03:33	worker	@XL123;2017-07-16 - 2017-07-16;submitSocial;all;arwin
2017-07-18 05:03:36	worker	@triindonesia;2017-07-16 - 2017-07-16;submitSocial;all;arwin
2017-07-18 05:03:38	worker	@kaskus;2017-07-16 - 2017-07-16;submitSocial;all;arwin
2017-07-18 05:03:41	worker	@Studio_XXI;2017-07-16 - 2017-07-16;submitSocial;all;arwin
2017-07-18 05:03:44	worker	@blitzmegaplex;2017-07-16 - 2017-07-16;submitSocial;all;arwin
2017-07-18 05:03:45	worker	@alfamartku;2017-07-16 - 2017-07-16;submitSocial;all;arwin
2017-07-18 05:03:48	worker	@Carrefour_ID;2017-07-16 - 2017-07-16;submitSocial;all;arwin
2017-07-18 05:03:50	worker	@BBCBreaking;2017-07-16 - 2017-07-16;submitSocial;all;arwin
2017-07-18 05:03:54	worker	@Forbes;2017-07-16 - 2017-07-16;submitSocial;all;arwin
2017-07-18 05:03:59	worker	@BensRadio;2017-07-16 - 2017-07-16;submitSocial;all;arwin
2017-07-18 05:04:02	worker	@instagram;2017-07-16 - 2017-07-16;submitSocial;all;arwin
2017-07-18 05:04:08	worker	@Pinterest;2017-07-16 - 2017-07-16;submitSocial;all;arwin
2017-07-18 05:04:11	worker	@google;2017-07-16 - 2017-07-16;submitSocial;all;arwin
2017-07-18 05:04:16	worker	@Pertaminalub;2017-07-16 - 2017-07-16;submitSocial;all;arwin
2017-07-18 05:04:18	worker	@InfoLalinTol;2017-07-16 - 2017-07-16;submitSocial;all;arwin
2017-07-18 05:04:20	worker	@PTJASAMARGA;2017-07-16 - 2017-07-16;submitSocial;all;arwin
2017-07-18 05:04:23	worker	@cititransindo;2017-07-16 - 2017-07-16;submitSocial;all;arwin
2017-07-18 05:04:25	worker	#semangatpagisuperr;2017-07-16 - 2017-07-16;submitSocial;all;arwin
2017-07-18 05:04:27	worker	#genkuisinsideout;2017-07-16 - 2017-07-16;submitSocial;all;arwin
2017-07-18 05:04:29	worker	#semangatpagi;2017-07-16 - 2017-07-16;submitSocial;all;arwin
2017-07-18 05:04:31	worker	#dikamar;2017-07-16 - 2017-07-16;submitSocial;all;arwin
2017-07-18 05:04:34	worker	#kopaja;2017-07-16 - 2017-07-16;submitSocial;all;arwin
2017-07-18 05:04:37	worker	#generaksi8;2017-07-16 - 2017-07-16;submitSocial;all;arwin
2017-07-18 05:04:38	worker	#hitztsp;2017-07-16 - 2017-07-16;submitSocial;all;arwin
2017-07-18 05:04:41	worker	#np;2017-07-16 - 2017-07-16;submitSocial;all;arwin
2017-07-18 05:04:44	worker	#hitzlivestage;2017-07-16 - 2017-07-16;submitSocial;all;arwin
2017-07-18 05:04:47	worker	#thefreaks;2017-07-16 - 2017-07-16;submitSocial;all;arwin
2017-07-18 05:04:49	worker	#hitzsirkuspagi;2017-07-16 - 2017-07-16;submitSocial;all;arwin
2017-07-18 05:04:51	worker	#hitzathlon;2017-07-16 - 2017-07-16;submitSocial;all;arwin
2017-07-18 05:04:54	worker	#hitzzombie;2017-07-16 - 2017-07-16;submitSocial;all;arwin
2017-07-18 05:04:56	worker	#hitzkalong;2017-07-16 - 2017-07-16;submitSocial;all;arwin
2017-07-18 05:04:59	worker	#hitzbebas;2017-07-16 - 2017-07-16;submitSocial;all;arwin
2017-07-18 05:05:01	worker	#hitzhorehara;2017-07-16 - 2017-07-16;submitSocial;all;arwin
2017-07-18 05:05:04	worker	@ZaloraID;2017-07-16 - 2017-07-16;submitSocial;all;arwin
2017-07-18 05:05:07	worker	@OLX_Indonesia;2017-07-16 - 2017-07-16;submitSocial;all;arwin
2017-07-18 05:05:10	worker	@LazadaID;2017-07-16 - 2017-07-16;submitSocial;all;arwin
2017-07-18 05:05:13	worker	@utrippers;2017-07-16 - 2017-07-16;submitSocial;all;arwin
2017-07-18 05:05:15	worker	@GoGobot;2017-07-16 - 2017-07-16;submitSocial;all;arwin
2017-07-18 05:05:18	worker	@viatortravel;2017-07-16 - 2017-07-16;submitSocial;all;arwin
2017-07-18 05:05:20	worker	@alandakariza;2017-07-16 - 2017-07-16;submitSocial;all;arwin
2017-07-18 05:05:23	worker	@gagasmedia;2017-07-16 - 2017-07-16;submitSocial;all;arwin
2017-07-18 05:05:25	worker	@welovehonda;2017-07-16 - 2017-07-16;submitSocial;all;arwin
2017-07-18 05:05:28	worker	@SuzukiMotorID;2017-07-16 - 2017-07-16;submitSocial;all;arwin
2017-07-18 05:05:30	worker	@kawasakilovers;2017-07-16 - 2017-07-16;submitSocial;all;arwin
2017-07-18 05:05:32	worker	@yamahaindonesia;2017-07-16 - 2017-07-16;submitSocial;all;arwin
2017-07-18 05:05:35	worker	@tripanzee;2017-07-16 - 2017-07-16;submitSocial;all;arwin
2017-07-18 05:05:37	worker	@arnoldpoernomo;2017-07-16 - 2017-07-16;submitSocial;all;arwin
2017-07-18 05:05:39	worker	@nicsap;2017-07-16 - 2017-07-16;submitSocial;all;arwin
2017-07-18 05:05:42	worker	@tiket2;2017-07-16 - 2017-07-16;submitSocial;all;arwin
2017-07-18 05:05:44	worker	@traveloka;2017-07-16 - 2017-07-16;submitSocial;all;arwin
2017-07-18 05:05:47	worker	@wego;2017-07-16 - 2017-07-16;submitSocial;all;arwin
2017-07-18 05:05:50	worker	@agoda;2017-07-16 - 2017-07-16;submitSocial;all;arwin
2017-07-18 05:05:53	worker	#salahsambung;2017-07-16 - 2017-07-16;submitSocial;all;arwin
2017-07-18 05:05:55	worker	#tulalit;2017-07-16 - 2017-07-16;submitSocial;all;arwin
2017-07-18 05:05:58	worker	#pestageneraksi8;2017-07-16 - 2017-07-16;submitSocial;all;arwin
2017-07-18 05:06:00	worker	#ganaskustik;2017-07-16 - 2017-07-16;submitSocial;all;arwin
2017-07-18 05:06:02	worker	#lnhot20;2017-07-16 - 2017-07-16;submitSocial;all;arwin
2017-07-18 05:06:04	worker	@TripAdvisor;2017-07-16 - 2017-07-16;submitSocial;all;arwin
2017-07-18 05:06:07	worker	@google;2017-07-16 - 2017-07-16;submitSocial;all;arwin
2017-07-18 05:06:11	worker	@Telkomsel;2017-07-16 - 2017-07-16;submitSocial;all;arwin
2017-07-18 05:06:14	worker	@indosat;2017-07-16 - 2017-07-16;submitSocial;all;arwin
2017-07-18 05:06:17	worker	@bahanafmjkt;2017-07-16 - 2017-07-16;submitSocial;all;2017-07-18 05:06:22	worker	@sonorafm92;2017-07-16 - 2017-07-16;submitSocial;all;arwin
2017-07-18 05:06:24	worker	@litefm1058;2017-07-16 - 2017-07-16;submitSocial;all;arwin
2017-07-18 05:06:26	worker	@Bravaradio;2017-07-16 - 2017-07-16;submitSocial;all;arwin
2017-07-18 05:06:29	worker	#dgitm;2017-07-16 - 2017-07-16;submitSocial;all;arwin
2017-07-18 05:06:32	worker	#hitsalaprambors;2017-07-16 - 2017-07-16;submitSocial;all;arwin
2017-07-18 05:06:34	worker	#reqprambors;2017-07-16 - 2017-07-16;submitSocial;all;arwin
2017-07-18 05:06:36	worker	#thedandees;2017-07-16 - 2017-07-16;submitSocial;all;arwin
2017-07-18 05:06:38	worker	#pramborsquiz;2017-07-16 - 2017-07-16;submitSocial;all;arwin
2017-07-18 05:06:40	worker	#jeliprambors;2017-07-16 - 2017-07-16;submitSocial;all;arwin
2017-07-18 05:06:43	worker	#jodohinprambors;2017-07-16 - 2017-07-16;submitSocial;all;arwin
2017-07-18 05:06:45	worker	#ubahdenganbicara;2017-07-16 - 2017-07-16;submitSocial;all;arwin
2017-07-18 05:06:47	worker	#pramborschat;2017-07-16 - 2017-07-16;submitSocial;all;arwin
2017-07-18 05:06:49	worker	#tweetforduit;2017-07-16 - 2017-07-16;submitSocial;all;arwin
2017-07-18 05:06:51	worker	#joki3in1;2017-07-16 - 2017-07-16;submitSocial;all;arwin
2017-07-18 05:06:54	worker	#sarapanseru;2017-07-16 - 2017-07-16;submitSocial;all;arwin
2017-07-18 05:06:56	worker	#rawonkaneloop;2017-07-16 - 2017-07-16;submitSocial;all;arwin
2017-07-18 05:06:58	worker	#gudegkendilkeraton;2017-07-16 - 2017-07-16;submitSocial;all;arwin
2017-07-18 05:07:01	worker	#gadogadobutika;2017-07-16 - 2017-07-16;submitSocial;all;arwin
2017-07-18 05:07:03	worker	#mtvhottest;2017-07-16 - 2017-07-16;submitSocial;all;arwin
2017-07-18 05:07:05	worker	#dimsumcjdw;2017-07-16 - 2017-07-16;submitSocial;all;arwin
2017-07-18 05:07:08	worker	#pecelmadiunmbakniek;2017-07-16 - 2017-07-16;submitSocial;all;arwin
2017-07-18 05:07:10	worker	#depotarema;2017-07-16 - 2017-07-16;submitSocial;all;arwin
2017-07-18 05:07:12	worker	@BNI46;2017-07-16 - 2017-07-16;submitSocial;all;arwin
2017-07-18 05:07:15	worker	@BANKBRI_ID;2017-07-16 - 2017-07-16;submitSocial;all;arwin
2017-07-18 05:07:17	worker	#bni46;2017-07-16 - 2017-07-16;submitSocial;all;arwin
2017-07-18 05:07:19	worker	macet;2017-07-16 - 2017-07-16;submitSocial;all;arwin
2017-07-18 05:07:24	worker	#selamatpagi;2017-07-16 - 2017-07-16;submitSocial;all;arwin
2017-07-18 05:07:26	worker	#selamatmalam;2017-07-16 - 2017-07-16;submitSocial;all;arwin
2017-07-18 05:07:29	worker	@884GlobalRadio;2017-07-16 - 2017-07-16;submitSocial;all;arwin
2017-07-18 05:07:31	worker	@day_trans;2017-07-16 - 2017-07-16;submitSocial;all;arwin
2017-07-18 05:07:34	worker	@kencanavoyage;2017-07-16 - 2017-07-16;submitSocial;all;arwin
2017-07-18 05:07:36	worker	@jukebox5d;2017-07-16 - 2017-07-16;submitSocial;all;arwin
2017-07-18 05:07:38	worker	#mtvhottest;2017-07-16 - 2017-07-16;submitSocial;all;arwin
2017-07-18 05:07:41	worker	#semangatpagi;2017-07-16 - 2017-07-16;submitSocial;all;arwin
2017-07-18 05:07:43	worker	lifebuoy;2017-07-16 - 2017-07-16;submitSocial;all;arwin
2017-07-18 05:07:45	worker	jokowi;2017-07-16 - 2017-07-16;submitSocial;all;arwin
2017-07-18 05:07:55	worker	obama;2017-07-16 - 2017-07-16;submitSocial;all;arwin
2017-07-18 05:08:04	worker	starwars;2017-07-16 - 2017-07-16;submitSocial;all;arwin
2017-07-18 05:08:07	worker	jonan;2017-07-16 - 2017-07-16;submitSocial;all;arwin
2017-07-18 05:08:10	worker	pagi;2017-07-16 - 2017-07-16;submitSocial;all;arwin
2017-07-18 05:08:19	worker	sampoerna;2017-07-16 - 2017-07-16;submitSocial;all;arwin
2017-07-18 05:08:22	worker	djarum;2017-07-16 - 2017-07-16;submitSocial;all;arwin
2017-07-18 05:08:26	worker	#semangatpagi;2017-07-16 - 2017-07-16;submitSocial;all;arwin
2017-07-18 05:08:28	worker	#generaksi8;2017-07-16 - 2017-07-16;submitSocial;all;arwin
2017-07-18 05:08:31	worker	#365alasan;2017-07-16 - 2017-07-16;submitSocial;all;arwin
2017-07-18 05:08:33	worker	weew;2017-07-16 - 2017-07-16;submitSocial;all;arwin
2017-07-18 05:08:37	worker	testing;2017-07-16 - 2017-07-16;submitSocial;all;arwin
2017-07-18 05:08:46	worker	#kopaja;2017-07-16 - 2017-07-16;submitSocial;all;arwin
2017-07-18 05:08:48	worker	#genkuisinsideout;2017-07-16 - 2017-07-16;submitSocial;all;arwin
2017-07-18 05:08:50	worker	starwars;2017-07-16 - 2017-07-16;submitSocial;all;arwin
2017-07-18 05:08:53	worker	#kopaja;2017-07-16 - 2017-07-16;submitSocial;all;arwin
2017-07-18 05:08:56	worker	mldspot;2017-07-16 - 2017-07-16;submitSocial;all;arwin
2017-07-18 05:08:59	worker	PBDjarum;2017-07-16 - 2017-07-16;submitSocial;all;arwin
2017-07-18 05:09:01	worker	TemanNabati;2017-07-16 - 2017-07-16;submitSocial;all;arwin
2017-07-18 05:09:04	worker	Nextar;2017-07-16 - 2017-07-16;submitSocial;all;arwin
2017-07-18 05:09:07	worker	jokowo;2017-07-16 - 2017-07-16;submitSocial;all;arwin
2017-07-18 05:09:10	worker	prabowo;2017-07-16 - 2017-07-16;submitSocial;all;arwin
2017-07-18 05:09:16	worker	sudirman said;2017-07-16 - 2017-07-16;submitSocial;all;arwin
2017-07-18 05:09:19	worker	ahok;2017-07-16 - 2017-07-16;submitSocial;all;arwin
2017-07-18 05:09:23	worker	setyanovanto;2017-07-16 - 2017-07-16;submitSocial;all;arwin
2017-07-18 05:09:26	worker	jokowi;2017-07-16 - 2017-07-16;submitSocial;all;arwin
2017-07-18 05:09:35	worker	ahok;2017-07-16 - 2017-07-16;submitSocial;all;arwin
2017-07-18 05:09:39	worker	prabowo;2017-07-16 - 2017-07-16;submitSocial;all;arwin
2017-07-18 05:09:44	worker	sudirman said;2017-07-16 - 2017-07-16;submitSocial;all;arwin
2017-07-18 05:09:47	worker	setyanovanto;2017-07-16 - 2017-07-16;submitSocial;all;arwin
2017-07-18 05:09:49	worker	galau;2017-07-16 - 2017-07-16;submitSocial;all;arwin
2017-07-18 05:09:54	worker	#prestasiindonesia;2017-07-16 - 2017-07-16;submitSocial;all;arwin
2017-07-18 05:09:56	worker	@Tw_Debi;2017-07-16 - 2017-07-16;submitSocial;all;arwin
2017-07-18 05:10:00	worker	@OfficialFastron;2017-07-16 - 2017-07-16;submitSocial;all;arwin
2017-07-18 05:10:03	worker	@CitibankID;2017-07-16 - 2017-07-16;submitSocial;all;arwin
2017-07-18 05:10:05	worker	@jak101fm;2017-07-16 - 2017-07-16;submitSocial;all;arwin
2017-07-18 05:10:08	worker	@genfm;2017-07-16 - 2017-07-16;submitSocial;all;arwin
