2017-06-29 05:00:02	worker	@987genfm;2017-06-27 - 2017-06-27;submitSocial;all;arwin
2017-06-29 05:00:07	worker	@101jakfm;2017-06-27 - 2017-06-27;submitSocial;all;arwin
2017-06-29 05:00:10	worker	@prambors;2017-06-27 - 2017-06-27;submitSocial;all;arwin
2017-06-29 05:00:13	worker	@hardrockfm;2017-06-27 - 2017-06-27;submitSocial;all;arwin
2017-06-29 05:00:16	worker	@kisfmjakarta;2017-06-27 - 2017-06-27;submitSocial;all;arwin
2017-06-29 05:00:18	worker	@delta_fm;2017-06-27 - 2017-06-27;submitSocial;all;arwin
2017-06-29 05:00:21	worker	@traxfmjkt;2017-06-27 - 2017-06-27;submitSocial;all;arwin
2017-06-29 05:00:23	worker	@iradiojakarta;2017-06-27 - 2017-06-27;submitSocial;all;arwin
2017-06-29 05:00:26	worker	@indika9160fm;2017-06-27 - 2017-06-27;submitSocial;all;arwin
2017-06-29 05:00:28	worker	@shellindonesia;2017-06-27 - 2017-06-27;submitSocial;all;arwin
2017-06-29 05:00:30	worker	@vpowerfans;2017-06-27 - 2017-06-27;submitSocial;all;arwin
2017-06-29 05:00:33	worker	@pertamaxind;2017-06-27 - 2017-06-27;submitSocial;all;arwin
2017-06-29 05:00:35	worker	@ptpertamina;2017-06-27 - 2017-06-27;submitSocial;all;arwin
2017-06-29 05:00:38	worker	@OZRadioJakarta;2017-06-27 - 2017-06-27;submitSocial;all;arwin
2017-06-29 05:00:40	worker	@CosmopolitanFM;2017-06-27 - 2017-06-27;submitSocial;all;arwin
2017-06-29 05:00:42	worker	@mustang88fm;2017-06-27 - 2017-06-27;submitSocial;all;arwin
2017-06-29 05:00:44	worker	@debabaz;2017-06-27 - 2017-06-27;submitSocial;all;arwin
2017-06-29 05:00:46	worker	@detikcom;2017-06-27 - 2017-06-27;submitSocial;all;arwin
2017-06-29 05:00:50	worker	@radioelshinta;2017-06-27 - 2017-06-27;submitSocial;all;arwin
2017-06-29 05:00:53	worker	@cinema21;2017-06-27 - 2017-06-27;submitSocial;all;arwin
2017-06-29 05:00:55	worker	@OfficialRCTI;2017-06-27 - 2017-06-27;submitSocial;all;arwin
2017-06-29 05:00:58	worker	@TRANSTV_CORP;2017-06-27 - 2017-06-27;submitSocial;all;arwin
2017-06-29 05:01:00	worker	@TRANS7;2017-06-27 - 2017-06-27;submitSocial;all;arwin
2017-06-29 05:01:02	worker	@Metro_TV;2017-06-27 - 2017-06-27;submitSocial;all;arwin
2017-06-29 05:01:05	worker	@tvOneNews;2017-06-27 - 2017-06-27;submitSocial;all;arwin
2017-06-29 05:01:07	worker	@whatsonANTV;2017-06-27 - 2017-06-27;submitSocial;all;arwin
2017-06-29 05:01:10	worker	@SCTV_;2017-06-27 - 2017-06-27;submitSocial;all;arwin
2017-06-29 05:01:13	worker	@KompasTV;2017-06-27 - 2017-06-27;submitSocial;all;arwin
2017-06-29 05:01:15	worker	@netmediatama;2017-06-27 - 2017-06-27;submitSocial;all;arwin
2017-06-29 05:01:18	worker	@Globaltvseru;2017-06-27 - 2017-06-27;submitSocial;all;arwin
2017-06-29 05:01:20	worker	@JaktvCom;2017-06-27 - 2017-06-27;submitSocial;all;arwin
2017-06-29 05:01:22	worker	@TVRINasional;2017-06-27 - 2017-06-27;submitSocial;all;arwin
2017-06-29 05:01:25	worker	@ochannelupdates;2017-06-27 - 2017-06-27;submitSocial;all;arwin
2017-06-29 05:01:27	worker	@IndosiarID;2017-06-27 - 2017-06-27;submitSocial;all;arwin
2017-06-29 05:01:29	worker	@kompascom;2017-06-27 - 2017-06-27;submitSocial;all;arwin
2017-06-29 05:01:32	worker	@merdekadotcom;2017-06-27 - 2017-06-27;submitSocial;all;arwin
2017-06-29 05:01:34	worker	@MIdotcom;2017-06-27 - 2017-06-27;submitSocial;all;arwin
2017-06-29 05:01:37	worker	@tempodotco;2017-06-27 - 2017-06-27;submitSocial;all;arwin
2017-06-29 05:01:39	worker	@motion975fm;2017-06-27 - 2017-06-27;submitSocial;all;arwin
2017-06-29 05:01:41	worker	@_radiotoday;2017-06-27 - 2017-06-27;submitSocial;all;arwin
2017-06-29 05:01:43	worker	@radioinfo;2017-06-27 - 2017-06-27;submitSocial;all;arwin
2017-06-29 05:01:46	worker	@979FeMaleRadio;2017-06-27 - 2017-06-27;submitSocial;all;arwin
2017-06-29 05:01:48	worker	@WomanRadio943FM;2017-06-27 - 2017-06-27;submitSocial;all;arwin
2017-06-29 05:01:50	worker	@VRadioFM;2017-06-27 - 2017-06-27;submitSocial;all;arwin
2017-06-29 05:01:52	worker	@UFM947;2017-06-27 - 2017-06-27;submitSocial;all;arwin
2017-06-29 05:01:54	worker	@VIVAnews;2017-06-27 - 2017-06-27;submitSocial;all;arwin
2017-06-29 05:01:57	worker	@antaranews;2017-06-27 - 2017-06-27;submitSocial;all;arwin
2017-06-29 05:01:59	worker	@tribunnews;2017-06-27 - 2017-06-27;submitSocial;all;arwin
2017-06-29 05:02:02	worker	@okezonenews;2017-06-27 - 2017-06-27;submitSocial;all;arwin
2017-06-29 05:02:05	worker	@Beritasatu;2017-06-27 - 2017-06-27;submitSocial;all;arwin
2017-06-29 05:02:07	worker	@rollingstoneina;2017-06-27 - 2017-06-27;submitSocial;all;arwin
2017-06-29 05:02:11	worker	@FIMELAdotcom;2017-06-27 - 2017-06-27;submitSocial;all;arwin
2017-06-29 05:02:13	worker	@KapanLagicom;2017-06-27 - 2017-06-27;submitSocial;all;arwin
2017-06-29 05:02:15	worker	@KompasEnt ;2017-06-27 - 2017-06-27;submitSocial;all;arwin
2017-06-29 05:02:18	worker	@HaiMagazine;2017-06-27 - 2017-06-27;submitSocial;all;arwin
2017-06-29 05:02:20	worker	@JakartaVenue;2017-06-27 - 2017-06-27;submitSocial;all;arwin
2017-06-29 05:02:22	worker	@SeputarEvent;2017-06-27 - 2017-06-27;submitSocial;all;arwin
2017-06-29 05:02:24	worker	@ismayaLive;2017-06-27 - 2017-06-27;submitSocial;all;arwin
2017-06-29 05:02:26	worker	@ECEntertainment;2017-06-27 - 2017-06-27;submitSocial;all;arwin
2017-06-29 05:02:28	worker	@synergism_En;2017-06-27 - 2017-06-27;submitSocial;all;arwin
2017-06-29 05:02:30	worker	@Urbanbandung;2017-06-27 - 2017-06-27;submitSocial;all;arwin
2017-06-29 05:02:32	worker	@Urbanrkm995;2017-06-27 - 2017-06-27;submitSocial;all;arwin
2017-06-29 05:02:34	worker	@Garuda_Promo;2017-06-27 - 2017-06-27;submitSocial;all;arwin
2017-06-29 05:02:36	worker	@AirAsiaID;2017-06-27 - 2017-06-27;submitSocial;all;arwin
2017-06-29 05:02:39	worker	@KAI121;2017-06-27 - 2017-06-27;submitSocial;all;arwin
2017-06-29 05:02:41	worker	@Unilever;2017-06-27 - 2017-06-27;submitSocial;all;arwin
2017-06-29 05:02:44	worker	@Nestle;2017-06-27 - 2017-06-27;submitSocial;all;arwin
2017-06-29 05:02:46	worker	@CocaCola;2017-06-27 - 2017-06-27;submitSocial;all;arwin
2017-06-29 05:02:50	worker	@CNN;2017-06-27 - 2017-06-27;submitSocial;all;arwin
2017-06-29 05:02:59	worker	@MTV;2017-06-27 - 2017-06-27;submitSocial;all;arwin
2017-06-29 05:03:05	worker	@channelv;2017-06-27 - 2017-06-27;submitSocial;all;arwin
2017-06-29 05:03:07	worker	@iTunesMusic;2017-06-27 - 2017-06-27;submitSocial;all;arwin
2017-06-29 05:03:09	worker	@mashable;2017-06-27 - 2017-06-27;submitSocial;all;arwin
2017-06-29 05:03:13	worker	@decacaz;2017-06-27 - 2017-06-27;submitSocial;all;arwin
2017-06-29 05:03:15	worker	@radiobaru967FM;2017-06-27 - 2017-06-27;submitSocial;all;arwin
2017-06-29 05:03:17	worker	@967HitzFM;2017-06-27 - 2017-06-27;submitSocial;all;arwin
2017-06-29 05:03:19	worker	@TVGuide;2017-06-27 - 2017-06-27;submitSocial;all;arwin
2017-06-29 05:03:22	worker	@XL123;2017-06-27 - 2017-06-27;submitSocial;all;arwin
2017-06-29 05:03:24	worker	@triindonesia;2017-06-27 - 2017-06-27;submitSocial;all;arwin
2017-06-29 05:03:27	worker	@kaskus;2017-06-27 - 2017-06-27;submitSocial;all;arwin
2017-06-29 05:03:29	worker	@Studio_XXI;2017-06-27 - 2017-06-27;submitSocial;all;arwin
2017-06-29 05:03:31	worker	@blitzmegaplex;2017-06-27 - 2017-06-27;submitSocial;all;arwin
2017-06-29 05:03:33	worker	@alfamartku;2017-06-27 - 2017-06-27;submitSocial;all;arwin
2017-06-29 05:03:35	worker	@Carrefour_ID;2017-06-27 - 2017-06-27;submitSocial;all;arwin
2017-06-29 05:03:38	worker	@BBCBreaking;2017-06-27 - 2017-06-27;submitSocial;all;arwin
2017-06-29 05:03:42	worker	@Forbes;2017-06-27 - 2017-06-27;submitSocial;all;arwin
2017-06-29 05:03:49	worker	@BensRadio;2017-06-27 - 2017-06-27;submitSocial;all;arwin
2017-06-29 05:03:52	worker	@instagram;2017-06-27 - 2017-06-27;submitSocial;all;arwin
2017-06-29 05:03:58	worker	@Pinterest;2017-06-27 - 2017-06-27;submitSocial;all;arwin
2017-06-29 05:04:01	worker	@google;2017-06-27 - 2017-06-27;submitSocial;all;arwin
2017-06-29 05:04:10	worker	@Pertaminalub;2017-06-27 - 2017-06-27;submitSocial;all;arwin
2017-06-29 05:04:12	worker	@InfoLalinTol;2017-06-27 - 2017-06-27;submitSocial;all;arwin
2017-06-29 05:04:14	worker	@PTJASAMARGA;2017-06-27 - 2017-06-27;submitSocial;all;arwin
2017-06-29 05:04:16	worker	@cititransindo;2017-06-27 - 2017-06-27;submitSocial;all;arwin
2017-06-29 05:04:19	worker	#semangatpagisuperr;2017-06-27 - 2017-06-27;submitSocial;all;arwin
2017-06-29 05:04:21	worker	#genkuisinsideout;2017-06-27 - 2017-06-27;submitSocial;all;arwin
2017-06-29 05:04:23	worker	#semangatpagi;2017-06-27 - 2017-06-27;submitSocial;all;arwin
2017-06-29 05:04:25	worker	#dikamar;2017-06-27 - 2017-06-27;submitSocial;all;arwin
2017-06-29 05:04:27	worker	#kopaja;2017-06-27 - 2017-06-27;submitSocial;all;arwin
2017-06-29 05:04:30	worker	#generaksi8;2017-06-27 - 2017-06-27;submitSocial;all;arwin
2017-06-29 05:04:32	worker	#hitztsp;2017-06-27 - 2017-06-27;submitSocial;all;arwin
2017-06-29 05:04:34	worker	#np;2017-06-27 - 2017-06-27;submitSocial;all;arwin
2017-06-29 05:04:37	worker	#hitzlivestage;2017-06-27 - 2017-06-27;submitSocial;all;arwin
2017-06-29 05:04:39	worker	#thefreaks;2017-06-27 - 2017-06-27;submitSocial;all;arwin
2017-06-29 05:04:41	worker	#hitzsirkuspagi;2017-06-27 - 2017-06-27;submitSocial;all;arwin
2017-06-29 05:04:43	worker	#hitzathlon;2017-06-27 - 2017-06-27;submitSocial;all;arwin
2017-06-29 05:04:45	worker	#hitzzombie;2017-06-27 - 2017-06-27;submitSocial;all;arwin
2017-06-29 05:04:48	worker	#hitzkalong;2017-06-27 - 2017-06-27;submitSocial;all;arwin
2017-06-29 05:04:50	worker	#hitzbebas;2017-06-27 - 2017-06-27;submitSocial;all;arwin
2017-06-29 05:04:52	worker	#hitzhorehara;2017-06-27 - 2017-06-27;submitSocial;all;arwin
2017-06-29 05:04:54	worker	@ZaloraID;2017-06-27 - 2017-06-27;submitSocial;all;arwin
2017-06-29 05:04:56	worker	@OLX_Indonesia;2017-06-27 - 2017-06-27;submitSocial;all;arwin
2017-06-29 05:04:59	worker	@LazadaID;2017-06-27 - 2017-06-27;submitSocial;all;arwin
2017-06-29 05:05:01	worker	@utrippers;2017-06-27 - 2017-06-27;submitSocial;all;arwin
2017-06-29 05:05:04	worker	@GoGobot;2017-06-27 - 2017-06-27;submitSocial;all;arwin
2017-06-29 05:05:07	worker	@viatortravel;2017-06-27 - 2017-06-27;submitSocial;all;arwin
2017-06-29 05:05:09	worker	@alandakariza;2017-06-27 - 2017-06-27;submitSocial;all;arwin
2017-06-29 05:05:11	worker	@gagasmedia;2017-06-27 - 2017-06-27;submitSocial;all;arwin
2017-06-29 05:05:14	worker	@welovehonda;2017-06-27 - 2017-06-27;submitSocial;all;arwin
2017-06-29 05:05:16	worker	@SuzukiMotorID;2017-06-27 - 2017-06-27;submitSocial;all;arwin
2017-06-29 05:05:18	worker	@kawasakilovers;2017-06-27 - 2017-06-27;submitSocial;all;arwin
2017-06-29 05:05:20	worker	@yamahaindonesia;2017-06-27 - 2017-06-27;submitSocial;all;arwin
2017-06-29 05:05:23	worker	@tripanzee;2017-06-27 - 2017-06-27;submitSocial;all;arwin
2017-06-29 05:05:25	worker	@arnoldpoernomo;2017-06-27 - 2017-06-27;submitSocial;all;arwin
2017-06-29 05:05:27	worker	@nicsap;2017-06-27 - 2017-06-27;submitSocial;all;arwin
2017-06-29 05:05:30	worker	@tiket2;2017-06-27 - 2017-06-27;submitSocial;all;arwin
2017-06-29 05:05:32	worker	@traveloka;2017-06-27 - 2017-06-27;submitSocial;all;arwin
2017-06-29 05:05:34	worker	@wego;2017-06-27 - 2017-06-27;submitSocial;all;arwin
2017-06-29 05:05:37	worker	@agoda;2017-06-27 - 2017-06-27;submitSocial;all;arwin
2017-06-29 05:05:40	worker	#salahsambung;2017-06-27 - 2017-06-27;submitSocial;all;arwin
2017-06-29 05:05:42	worker	#tulalit;2017-06-27 - 2017-06-27;submitSocial;all;arwin
2017-06-29 05:05:44	worker	#pestageneraksi8;2017-06-27 - 2017-06-27;submitSocial;all;arwin
2017-06-29 05:05:46	worker	#ganaskustik;2017-06-27 - 2017-06-27;submitSocial;all;arwin
2017-06-29 05:05:48	worker	#lnhot20;2017-06-27 - 2017-06-27;submitSocial;all;arwin
2017-06-29 05:05:50	worker	@TripAdvisor;2017-06-27 - 2017-06-27;submitSocial;all;arwin
2017-06-29 05:05:53	worker	@google;2017-06-27 - 2017-06-27;submitSocial;all;arwin
2017-06-29 05:06:00	worker	@Telkomsel;2017-06-27 - 2017-06-27;submitSocial;all;arwin
2017-06-29 05:06:04	worker	@indosat;2017-06-27 - 2017-06-27;submitSocial;all;arwin
2017-06-29 05:06:07	worker	@bahanafmjkt;2017-06-27 - 2017-06-27;submitSocial;all;2017-06-29 05:06:12	worker	@sonorafm92;2017-06-27 - 2017-06-27;submitSocial;all;arwin
2017-06-29 05:06:14	worker	@litefm1058;2017-06-27 - 2017-06-27;submitSocial;all;arwin
2017-06-29 05:06:16	worker	@Bravaradio;2017-06-27 - 2017-06-27;submitSocial;all;arwin
2017-06-29 05:06:18	worker	#dgitm;2017-06-27 - 2017-06-27;submitSocial;all;arwin
2017-06-29 05:06:21	worker	#hitsalaprambors;2017-06-27 - 2017-06-27;submitSocial;all;arwin
2017-06-29 05:06:23	worker	#reqprambors;2017-06-27 - 2017-06-27;submitSocial;all;arwin
2017-06-29 05:06:25	worker	#thedandees;2017-06-27 - 2017-06-27;submitSocial;all;arwin
2017-06-29 05:06:27	worker	#pramborsquiz;2017-06-27 - 2017-06-27;submitSocial;all;arwin
2017-06-29 05:06:29	worker	#jeliprambors;2017-06-27 - 2017-06-27;submitSocial;all;arwin
2017-06-29 05:06:31	worker	#jodohinprambors;2017-06-27 - 2017-06-27;submitSocial;all;arwin
2017-06-29 05:06:33	worker	#ubahdenganbicara;2017-06-27 - 2017-06-27;submitSocial;all;arwin
2017-06-29 05:06:35	worker	#pramborschat;2017-06-27 - 2017-06-27;submitSocial;all;arwin
2017-06-29 05:06:37	worker	#tweetforduit;2017-06-27 - 2017-06-27;submitSocial;all;arwin
2017-06-29 05:06:40	worker	#joki3in1;2017-06-27 - 2017-06-27;submitSocial;all;arwin
2017-06-29 05:06:42	worker	#sarapanseru;2017-06-27 - 2017-06-27;submitSocial;all;arwin
2017-06-29 05:06:44	worker	#rawonkaneloop;2017-06-27 - 2017-06-27;submitSocial;all;arwin
2017-06-29 05:06:46	worker	#gudegkendilkeraton;2017-06-27 - 2017-06-27;submitSocial;all;arwin
2017-06-29 05:06:48	worker	#gadogadobutika;2017-06-27 - 2017-06-27;submitSocial;all;arwin
2017-06-29 05:06:50	worker	#mtvhottest;2017-06-27 - 2017-06-27;submitSocial;all;arwin
2017-06-29 05:06:52	worker	#dimsumcjdw;2017-06-27 - 2017-06-27;submitSocial;all;arwin
2017-06-29 05:06:54	worker	#pecelmadiunmbakniek;2017-06-27 - 2017-06-27;submitSocial;all;arwin
2017-06-29 05:06:56	worker	#depotarema;2017-06-27 - 2017-06-27;submitSocial;all;arwin
2017-06-29 05:06:59	worker	@BNI46;2017-06-27 - 2017-06-27;submitSocial;all;arwin
2017-06-29 05:07:01	worker	@BANKBRI_ID;2017-06-27 - 2017-06-27;submitSocial;all;arwin
2017-06-29 05:07:03	worker	#bni46;2017-06-27 - 2017-06-27;submitSocial;all;arwin
2017-06-29 05:07:05	worker	macet;2017-06-27 - 2017-06-27;submitSocial;all;arwin
2017-06-29 05:07:13	worker	#selamatpagi;2017-06-27 - 2017-06-27;submitSocial;all;arwin
2017-06-29 05:07:15	worker	#selamatmalam;2017-06-27 - 2017-06-27;submitSocial;all;arwin
2017-06-29 05:07:17	worker	@884GlobalRadio;2017-06-27 - 2017-06-27;submitSocial;all;arwin
2017-06-29 05:07:19	worker	@day_trans;2017-06-27 - 2017-06-27;submitSocial;all;arwin
2017-06-29 05:07:22	worker	@kencanavoyage;2017-06-27 - 2017-06-27;submitSocial;all;arwin
2017-06-29 05:07:24	worker	@jukebox5d;2017-06-27 - 2017-06-27;submitSocial;all;arwin
2017-06-29 05:07:26	worker	#mtvhottest;2017-06-27 - 2017-06-27;submitSocial;all;arwin
2017-06-29 05:07:28	worker	#semangatpagi;2017-06-27 - 2017-06-27;submitSocial;all;arwin
2017-06-29 05:07:30	worker	lifebuoy;2017-06-27 - 2017-06-27;submitSocial;all;arwin
2017-06-29 05:07:33	worker	jokowi;2017-06-27 - 2017-06-27;submitSocial;all;arwin
2017-06-29 05:07:40	worker	obama;2017-06-27 - 2017-06-27;submitSocial;all;arwin
2017-06-29 05:07:50	worker	starwars;2017-06-27 - 2017-06-27;submitSocial;all;arwin
2017-06-29 05:07:53	worker	jonan;2017-06-27 - 2017-06-27;submitSocial;all;arwin
2017-06-29 05:07:56	worker	pagi;2017-06-27 - 2017-06-27;submitSocial;all;arwin
2017-06-29 05:08:04	worker	sampoerna;2017-06-27 - 2017-06-27;submitSocial;all;arwin
2017-06-29 05:08:07	worker	djarum;2017-06-27 - 2017-06-27;submitSocial;all;arwin
2017-06-29 05:08:10	worker	#semangatpagi;2017-06-27 - 2017-06-27;submitSocial;all;arwin
2017-06-29 05:08:12	worker	#generaksi8;2017-06-27 - 2017-06-27;submitSocial;all;arwin
2017-06-29 05:08:14	worker	#365alasan;2017-06-27 - 2017-06-27;submitSocial;all;arwin
2017-06-29 05:08:16	worker	weew;2017-06-27 - 2017-06-27;submitSocial;all;arwin
2017-06-29 05:08:19	worker	testing;2017-06-27 - 2017-06-27;submitSocial;all;arwin
2017-06-29 05:08:28	worker	#kopaja;2017-06-27 - 2017-06-27;submitSocial;all;arwin
2017-06-29 05:08:31	worker	#genkuisinsideout;2017-06-27 - 2017-06-27;submitSocial;all;arwin
2017-06-29 05:08:33	worker	starwars;2017-06-27 - 2017-06-27;submitSocial;all;arwin
2017-06-29 05:08:35	worker	#kopaja;2017-06-27 - 2017-06-27;submitSocial;all;arwin
2017-06-29 05:08:38	worker	mldspot;2017-06-27 - 2017-06-27;submitSocial;all;arwin
2017-06-29 05:08:40	worker	PBDjarum;2017-06-27 - 2017-06-27;submitSocial;all;arwin
2017-06-29 05:08:43	worker	TemanNabati;2017-06-27 - 2017-06-27;submitSocial;all;arwin
2017-06-29 05:08:45	worker	Nextar;2017-06-27 - 2017-06-27;submitSocial;all;arwin
2017-06-29 05:08:48	worker	jokowo;2017-06-27 - 2017-06-27;submitSocial;all;arwin
2017-06-29 05:08:50	worker	prabowo;2017-06-27 - 2017-06-27;submitSocial;all;arwin
2017-06-29 05:08:53	worker	sudirman said;2017-06-27 - 2017-06-27;submitSocial;all;arwin
2017-06-29 05:08:56	worker	ahok;2017-06-27 - 2017-06-27;submitSocial;all;arwin
2017-06-29 05:09:00	worker	setyanovanto;2017-06-27 - 2017-06-27;submitSocial;all;arwin
2017-06-29 05:09:03	worker	jokowi;2017-06-27 - 2017-06-27;submitSocial;all;arwin
2017-06-29 05:09:10	worker	ahok;2017-06-27 - 2017-06-27;submitSocial;all;arwin
2017-06-29 05:09:15	worker	prabowo;2017-06-27 - 2017-06-27;submitSocial;all;arwin
2017-06-29 05:09:18	worker	sudirman said;2017-06-27 - 2017-06-27;submitSocial;all;arwin
2017-06-29 05:09:20	worker	setyanovanto;2017-06-27 - 2017-06-27;submitSocial;all;arwin
2017-06-29 05:09:23	worker	galau;2017-06-27 - 2017-06-27;submitSocial;all;arwin
2017-06-29 05:09:26	worker	#prestasiindonesia;2017-06-27 - 2017-06-27;submitSocial;all;arwin
2017-06-29 05:09:28	worker	@Tw_Debi;2017-06-27 - 2017-06-27;submitSocial;all;arwin
2017-06-29 05:09:31	worker	@OfficialFastron;2017-06-27 - 2017-06-27;submitSocial;all;arwin
2017-06-29 05:09:33	worker	@CitibankID;2017-06-27 - 2017-06-27;submitSocial;all;arwin
2017-06-29 05:09:35	worker	@jak101fm;2017-06-27 - 2017-06-27;submitSocial;all;arwin
2017-06-29 05:09:37	worker	@genfm;2017-06-27 - 2017-06-27;submitSocial;all;arwin
