2017-03-29 05:00:03	worker	@987genfm;2017-03-27 - 2017-03-27;submitSocial;all;arwin
2017-03-29 05:00:06	worker	@101jakfm;2017-03-27 - 2017-03-27;submitSocial;all;arwin
2017-03-29 05:00:10	worker	@prambors;2017-03-27 - 2017-03-27;submitSocial;all;arwin
2017-03-29 05:00:13	worker	@hardrockfm;2017-03-27 - 2017-03-27;submitSocial;all;arwin
2017-03-29 05:00:16	worker	@kisfmjakarta;2017-03-27 - 2017-03-27;submitSocial;all;arwin
2017-03-29 05:00:19	worker	@delta_fm;2017-03-27 - 2017-03-27;submitSocial;all;arwin
2017-03-29 05:00:22	worker	@traxfmjkt;2017-03-27 - 2017-03-27;submitSocial;all;arwin
2017-03-29 05:00:25	worker	@iradiojakarta;2017-03-27 - 2017-03-27;submitSocial;all;arwin
2017-03-29 05:00:28	worker	@indika9160fm;2017-03-27 - 2017-03-27;submitSocial;all;arwin
2017-03-29 05:00:30	worker	@shellindonesia;2017-03-27 - 2017-03-27;submitSocial;all;arwin
2017-03-29 05:00:33	worker	@vpowerfans;2017-03-27 - 2017-03-27;submitSocial;all;arwin
2017-03-29 05:00:35	worker	@pertamaxind;2017-03-27 - 2017-03-27;submitSocial;all;arwin
2017-03-29 05:00:38	worker	@ptpertamina;2017-03-27 - 2017-03-27;submitSocial;all;arwin
2017-03-29 05:00:41	worker	@OZRadioJakarta;2017-03-27 - 2017-03-27;submitSocial;all;arwin
2017-03-29 05:00:44	worker	@CosmopolitanFM;2017-03-27 - 2017-03-27;submitSocial;all;arwin
2017-03-29 05:00:46	worker	@mustang88fm;2017-03-27 - 2017-03-27;submitSocial;all;arwin
2017-03-29 05:00:49	worker	@debabaz;2017-03-27 - 2017-03-27;submitSocial;all;arwin
2017-03-29 05:00:51	worker	@detikcom;2017-03-27 - 2017-03-27;submitSocial;all;arwin
2017-03-29 05:00:56	worker	@radioelshinta;2017-03-27 - 2017-03-27;submitSocial;all;arwin
2017-03-29 05:00:59	worker	@cinema21;2017-03-27 - 2017-03-27;submitSocial;all;arwin
2017-03-29 05:01:02	worker	@OfficialRCTI;2017-03-27 - 2017-03-27;submitSocial;all;arwin
2017-03-29 05:01:05	worker	@TRANSTV_CORP;2017-03-27 - 2017-03-27;submitSocial;all;arwin
2017-03-29 05:01:09	worker	@TRANS7;2017-03-27 - 2017-03-27;submitSocial;all;arwin
2017-03-29 05:01:11	worker	@Metro_TV;2017-03-27 - 2017-03-27;submitSocial;all;arwin
2017-03-29 05:01:17	worker	@tvOneNews;2017-03-27 - 2017-03-27;submitSocial;all;arwin
2017-03-29 05:01:20	worker	@whatsonANTV;2017-03-27 - 2017-03-27;submitSocial;all;arwin
2017-03-29 05:01:24	worker	@SCTV_;2017-03-27 - 2017-03-27;submitSocial;all;arwin
2017-03-29 05:01:27	worker	@KompasTV;2017-03-27 - 2017-03-27;submitSocial;all;arwin
2017-03-29 05:01:30	worker	@netmediatama;2017-03-27 - 2017-03-27;submitSocial;all;arwin
2017-03-29 05:01:34	worker	@Globaltvseru;2017-03-27 - 2017-03-27;submitSocial;all;arwin
2017-03-29 05:01:36	worker	@JaktvCom;2017-03-27 - 2017-03-27;submitSocial;all;arwin
2017-03-29 05:01:39	worker	@TVRINasional;2017-03-27 - 2017-03-27;submitSocial;all;arwin
2017-03-29 05:01:42	worker	@ochannelupdates;2017-03-27 - 2017-03-27;submitSocial;all;arwin
2017-03-29 05:01:44	worker	@IndosiarID;2017-03-27 - 2017-03-27;submitSocial;all;arwin
2017-03-29 05:01:51	worker	@kompascom;2017-03-27 - 2017-03-27;submitSocial;all;arwin
2017-03-29 05:01:54	worker	@merdekadotcom;2017-03-27 - 2017-03-27;submitSocial;all;arwin
2017-03-29 05:01:57	worker	@MIdotcom;2017-03-27 - 2017-03-27;submitSocial;all;arwin
2017-03-29 05:02:00	worker	@tempodotco;2017-03-27 - 2017-03-27;submitSocial;all;arwin
2017-03-29 05:02:03	worker	@motion975fm;2017-03-27 - 2017-03-27;submitSocial;all;arwin
2017-03-29 05:02:06	worker	@_radiotoday;2017-03-27 - 2017-03-27;submitSocial;all;arwin
2017-03-29 05:02:09	worker	@radioinfo;2017-03-27 - 2017-03-27;submitSocial;all;arwin
2017-03-29 05:02:12	worker	@979FeMaleRadio;2017-03-27 - 2017-03-27;submitSocial;all;arwin
2017-03-29 05:02:14	worker	@WomanRadio943FM;2017-03-27 - 2017-03-27;submitSocial;all;arwin
2017-03-29 05:02:17	worker	@VRadioFM;2017-03-27 - 2017-03-27;submitSocial;all;arwin
2017-03-29 05:02:20	worker	@UFM947;2017-03-27 - 2017-03-27;submitSocial;all;arwin
2017-03-29 05:02:22	worker	@VIVAnews;2017-03-27 - 2017-03-27;submitSocial;all;arwin
2017-03-29 05:02:25	worker	@antaranews;2017-03-27 - 2017-03-27;submitSocial;all;arwin
2017-03-29 05:02:28	worker	@tribunnews;2017-03-27 - 2017-03-27;submitSocial;all;arwin
2017-03-29 05:02:31	worker	@okezonenews;2017-03-27 - 2017-03-27;submitSocial;all;arwin
2017-03-29 05:02:34	worker	@Beritasatu;2017-03-27 - 2017-03-27;submitSocial;all;arwin
2017-03-29 05:02:38	worker	@rollingstoneina;2017-03-27 - 2017-03-27;submitSocial;all;arwin
2017-03-29 05:02:40	worker	@FIMELAdotcom;2017-03-27 - 2017-03-27;submitSocial;all;arwin
2017-03-29 05:02:43	worker	@KapanLagicom;2017-03-27 - 2017-03-27;submitSocial;all;arwin
2017-03-29 05:02:45	worker	@KompasEnt ;2017-03-27 - 2017-03-27;submitSocial;all;arwin
2017-03-29 05:02:48	worker	@HaiMagazine;2017-03-27 - 2017-03-27;submitSocial;all;arwin
2017-03-29 05:02:51	worker	@JakartaVenue;2017-03-27 - 2017-03-27;submitSocial;all;arwin
2017-03-29 05:02:53	worker	@SeputarEvent;2017-03-27 - 2017-03-27;submitSocial;all;arwin
2017-03-29 05:02:56	worker	@ismayaLive;2017-03-27 - 2017-03-27;submitSocial;all;arwin
2017-03-29 05:02:59	worker	@ECEntertainment;2017-03-27 - 2017-03-27;submitSocial;all;arwin
2017-03-29 05:03:01	worker	@synergism_En;2017-03-27 - 2017-03-27;submitSocial;all;arwin
2017-03-29 05:03:04	worker	@Urbanbandung;2017-03-27 - 2017-03-27;submitSocial;all;arwin
2017-03-29 05:03:06	worker	@Urbanrkm995;2017-03-27 - 2017-03-27;submitSocial;all;arwin
2017-03-29 05:03:08	worker	@Garuda_Promo;2017-03-27 - 2017-03-27;submitSocial;all;arwin
2017-03-29 05:03:11	worker	@AirAsiaID;2017-03-27 - 2017-03-27;submitSocial;all;arwin
2017-03-29 05:03:14	worker	@KAI121;2017-03-27 - 2017-03-27;submitSocial;all;arwin
2017-03-29 05:03:17	worker	@Unilever;2017-03-27 - 2017-03-27;submitSocial;all;arwin
2017-03-29 05:03:21	worker	@Nestle;2017-03-27 - 2017-03-27;submitSocial;all;arwin
2017-03-29 05:03:24	worker	@CocaCola;2017-03-27 - 2017-03-27;submitSocial;all;arwin
2017-03-29 05:03:28	worker	@CNN;2017-03-27 - 2017-03-27;submitSocial;all;arwin
2017-03-29 05:03:34	worker	@MTV;2017-03-27 - 2017-03-27;submitSocial;all;arwin
2017-03-29 05:03:38	worker	@channelv;2017-03-27 - 2017-03-27;submitSocial;all;arwin
2017-03-29 05:03:41	worker	@iTunesMusic;2017-03-27 - 2017-03-27;submitSocial;all;arwin
2017-03-29 05:03:44	worker	@mashable;2017-03-27 - 2017-03-27;submitSocial;all;arwin
2017-03-29 05:03:48	worker	@decacaz;2017-03-27 - 2017-03-27;submitSocial;all;arwin
2017-03-29 05:03:50	worker	@radiobaru967FM;2017-03-27 - 2017-03-27;submitSocial;all;arwin
2017-03-29 05:03:53	worker	@967HitzFM;2017-03-27 - 2017-03-27;submitSocial;all;arwin
2017-03-29 05:03:55	worker	@TVGuide;2017-03-27 - 2017-03-27;submitSocial;all;arwin
2017-03-29 05:03:58	worker	@XL123;2017-03-27 - 2017-03-27;submitSocial;all;arwin
2017-03-29 05:04:01	worker	@triindonesia;2017-03-27 - 2017-03-27;submitSocial;all;arwin
2017-03-29 05:04:04	worker	@kaskus;2017-03-27 - 2017-03-27;submitSocial;all;arwin
2017-03-29 05:04:08	worker	@Studio_XXI;2017-03-27 - 2017-03-27;submitSocial;all;arwin
2017-03-29 05:04:10	worker	@blitzmegaplex;2017-03-27 - 2017-03-27;submitSocial;all;arwin
2017-03-29 05:04:12	worker	@alfamartku;2017-03-27 - 2017-03-27;submitSocial;all;arwin
2017-03-29 05:04:15	worker	@Carrefour_ID;2017-03-27 - 2017-03-27;submitSocial;all;arwin
2017-03-29 05:04:18	worker	@BBCBreaking;2017-03-27 - 2017-03-27;submitSocial;all;arwin
2017-03-29 05:04:22	worker	@Forbes;2017-03-27 - 2017-03-27;submitSocial;all;arwin
2017-03-29 05:04:28	worker	@BensRadio;2017-03-27 - 2017-03-27;submitSocial;all;arwin
2017-03-29 05:04:31	worker	@instagram;2017-03-27 - 2017-03-27;submitSocial;all;arwin
2017-03-29 05:04:37	worker	@Pinterest;2017-03-27 - 2017-03-27;submitSocial;all;arwin
2017-03-29 05:04:40	worker	@google;2017-03-27 - 2017-03-27;submitSocial;all;arwin
2017-03-29 05:04:46	worker	@Pertaminalub;2017-03-27 - 2017-03-27;submitSocial;all;arwin
2017-03-29 05:04:49	worker	@InfoLalinTol;2017-03-27 - 2017-03-27;submitSocial;all;arwin
2017-03-29 05:04:52	worker	@PTJASAMARGA;2017-03-27 - 2017-03-27;submitSocial;all;arwin
2017-03-29 05:04:55	worker	@cititransindo;2017-03-27 - 2017-03-27;submitSocial;all;arwin
2017-03-29 05:04:57	worker	#semangatpagisuperr;2017-03-27 - 2017-03-27;submitSocial;all;arwin
2017-03-29 05:04:59	worker	#genkuisinsideout;2017-03-27 - 2017-03-27;submitSocial;all;arwin
2017-03-29 05:05:02	worker	#semangatpagi;2017-03-27 - 2017-03-27;submitSocial;all;arwin
2017-03-29 05:05:05	worker	#dikamar;2017-03-27 - 2017-03-27;submitSocial;all;arwin
2017-03-29 05:05:08	worker	#kopaja;2017-03-27 - 2017-03-27;submitSocial;all;arwin
2017-03-29 05:05:11	worker	#generaksi8;2017-03-27 - 2017-03-27;submitSocial;all;arwin
2017-03-29 05:05:13	worker	#hitztsp;2017-03-27 - 2017-03-27;submitSocial;all;arwin
2017-03-29 05:05:16	worker	#np;2017-03-27 - 2017-03-27;submitSocial;all;arwin
2017-03-29 05:05:21	worker	#hitzlivestage;2017-03-27 - 2017-03-27;submitSocial;all;arwin
2017-03-29 05:05:24	worker	#thefreaks;2017-03-27 - 2017-03-27;submitSocial;all;arwin
2017-03-29 05:05:26	worker	#hitzsirkuspagi;2017-03-27 - 2017-03-27;submitSocial;all;arwin
2017-03-29 05:05:29	worker	#hitzathlon;2017-03-27 - 2017-03-27;submitSocial;all;arwin
2017-03-29 05:05:31	worker	#hitzzombie;2017-03-27 - 2017-03-27;submitSocial;all;arwin
2017-03-29 05:05:34	worker	#hitzkalong;2017-03-27 - 2017-03-27;submitSocial;all;arwin
2017-03-29 05:05:37	worker	#hitzbebas;2017-03-27 - 2017-03-27;submitSocial;all;arwin
2017-03-29 05:05:39	worker	#hitzhorehara;2017-03-27 - 2017-03-27;submitSocial;all;arwin
2017-03-29 05:05:42	worker	@ZaloraID;2017-03-27 - 2017-03-27;submitSocial;all;arwin
2017-03-29 05:05:45	worker	@OLX_Indonesia;2017-03-27 - 2017-03-27;submitSocial;all;arwin
2017-03-29 05:05:47	worker	@LazadaID;2017-03-27 - 2017-03-27;submitSocial;all;arwin
2017-03-29 05:05:50	worker	@utrippers;2017-03-27 - 2017-03-27;submitSocial;all;arwin
2017-03-29 05:05:53	worker	@GoGobot;2017-03-27 - 2017-03-27;submitSocial;all;arwin
2017-03-29 05:05:56	worker	@viatortravel;2017-03-27 - 2017-03-27;submitSocial;all;arwin
2017-03-29 05:05:58	worker	@alandakariza;2017-03-27 - 2017-03-27;submitSocial;all;arwin
2017-03-29 05:06:01	worker	@gagasmedia;2017-03-27 - 2017-03-27;submitSocial;all;arwin
2017-03-29 05:06:04	worker	@welovehonda;2017-03-27 - 2017-03-27;submitSocial;all;arwin
2017-03-29 05:06:07	worker	@SuzukiMotorID;2017-03-27 - 2017-03-27;submitSocial;all;arwin
2017-03-29 05:06:09	worker	@kawasakilovers;2017-03-27 - 2017-03-27;submitSocial;all;arwin
2017-03-29 05:06:12	worker	@yamahaindonesia;2017-03-27 - 2017-03-27;submitSocial;all;arwin
2017-03-29 05:06:15	worker	@tripanzee;2017-03-27 - 2017-03-27;submitSocial;all;arwin
2017-03-29 05:06:17	worker	@arnoldpoernomo;2017-03-27 - 2017-03-27;submitSocial;all;arwin
2017-03-29 05:06:20	worker	@nicsap;2017-03-27 - 2017-03-27;submitSocial;all;arwin
2017-03-29 05:06:23	worker	@tiket2;2017-03-27 - 2017-03-27;submitSocial;all;arwin
2017-03-29 05:06:26	worker	@traveloka;2017-03-27 - 2017-03-27;submitSocial;all;arwin
2017-03-29 05:06:29	worker	@wego;2017-03-27 - 2017-03-27;submitSocial;all;arwin
2017-03-29 05:06:32	worker	@agoda;2017-03-27 - 2017-03-27;submitSocial;all;arwin
2017-03-29 05:06:36	worker	#salahsambung;2017-03-27 - 2017-03-27;submitSocial;all;arwin
2017-03-29 05:06:38	worker	#tulalit;2017-03-27 - 2017-03-27;submitSocial;all;arwin
2017-03-29 05:06:41	worker	#pestageneraksi8;2017-03-27 - 2017-03-27;submitSocial;all;arwin
2017-03-29 05:06:43	worker	#ganaskustik;2017-03-27 - 2017-03-27;submitSocial;all;arwin
2017-03-29 05:06:46	worker	#lnhot20;2017-03-27 - 2017-03-27;submitSocial;all;arwin
2017-03-29 05:06:48	worker	@TripAdvisor;2017-03-27 - 2017-03-27;submitSocial;all;arwin
2017-03-29 05:06:51	worker	@google;2017-03-27 - 2017-03-27;submitSocial;all;arwin
2017-03-29 05:06:57	worker	@Telkomsel;2017-03-27 - 2017-03-27;submitSocial;all;arwin
2017-03-29 05:07:00	worker	@indosat;2017-03-27 - 2017-03-27;submitSocial;all;arwin
2017-03-29 05:07:04	worker	@bahanafmjkt;2017-03-27 - 2017-03-27;submitSocial;all;2017-03-29 05:07:10	worker	@sonorafm92;2017-03-27 - 2017-03-27;submitSocial;all;arwin
2017-03-29 05:07:12	worker	@litefm1058;2017-03-27 - 2017-03-27;submitSocial;all;arwin
2017-03-29 05:07:14	worker	@Bravaradio;2017-03-27 - 2017-03-27;submitSocial;all;arwin
2017-03-29 05:07:17	worker	#dgitm;2017-03-27 - 2017-03-27;submitSocial;all;arwin
2017-03-29 05:07:21	worker	#hitsalaprambors;2017-03-27 - 2017-03-27;submitSocial;all;arwin
2017-03-29 05:07:23	worker	#reqprambors;2017-03-27 - 2017-03-27;submitSocial;all;arwin
2017-03-29 05:07:26	worker	#thedandees;2017-03-27 - 2017-03-27;submitSocial;all;arwin
2017-03-29 05:07:29	worker	#pramborsquiz;2017-03-27 - 2017-03-27;submitSocial;all;arwin
2017-03-29 05:07:31	worker	#jeliprambors;2017-03-27 - 2017-03-27;submitSocial;all;arwin
2017-03-29 05:07:33	worker	#jodohinprambors;2017-03-27 - 2017-03-27;submitSocial;all;arwin
2017-03-29 05:07:36	worker	#ubahdenganbicara;2017-03-27 - 2017-03-27;submitSocial;all;arwin
2017-03-29 05:07:38	worker	#pramborschat;2017-03-27 - 2017-03-27;submitSocial;all;arwin
2017-03-29 05:07:40	worker	#tweetforduit;2017-03-27 - 2017-03-27;submitSocial;all;arwin
2017-03-29 05:07:43	worker	#joki3in1;2017-03-27 - 2017-03-27;submitSocial;all;arwin
2017-03-29 05:07:45	worker	#sarapanseru;2017-03-27 - 2017-03-27;submitSocial;all;arwin
2017-03-29 05:07:48	worker	#rawonkaneloop;2017-03-27 - 2017-03-27;submitSocial;all;arwin
2017-03-29 05:07:50	worker	#gudegkendilkeraton;2017-03-27 - 2017-03-27;submitSocial;all;arwin
2017-03-29 05:07:53	worker	#gadogadobutika;2017-03-27 - 2017-03-27;submitSocial;all;arwin
2017-03-29 05:07:55	worker	#mtvhottest;2017-03-27 - 2017-03-27;submitSocial;all;arwin
2017-03-29 05:07:58	worker	#dimsumcjdw;2017-03-27 - 2017-03-27;submitSocial;all;arwin
2017-03-29 05:08:00	worker	#pecelmadiunmbakniek;2017-03-27 - 2017-03-27;submitSocial;all;arwin
2017-03-29 05:08:02	worker	#depotarema;2017-03-27 - 2017-03-27;submitSocial;all;arwin
2017-03-29 05:08:05	worker	@BNI46;2017-03-27 - 2017-03-27;submitSocial;all;arwin
2017-03-29 05:08:08	worker	@BANKBRI_ID;2017-03-27 - 2017-03-27;submitSocial;all;arwin
2017-03-29 05:08:11	worker	#bni46;2017-03-27 - 2017-03-27;submitSocial;all;arwin
2017-03-29 05:08:13	worker	macet;2017-03-27 - 2017-03-27;submitSocial;all;arwin
2017-03-29 05:08:19	worker	#selamatpagi;2017-03-27 - 2017-03-27;submitSocial;all;arwin
2017-03-29 05:08:21	worker	#selamatmalam;2017-03-27 - 2017-03-27;submitSocial;all;arwin
2017-03-29 05:08:24	worker	@884GlobalRadio;2017-03-27 - 2017-03-27;submitSocial;all;arwin
2017-03-29 05:08:27	worker	@day_trans;2017-03-27 - 2017-03-27;submitSocial;all;arwin
2017-03-29 05:08:30	worker	@kencanavoyage;2017-03-27 - 2017-03-27;submitSocial;all;arwin
2017-03-29 05:08:32	worker	@jukebox5d;2017-03-27 - 2017-03-27;submitSocial;all;arwin
2017-03-29 05:08:35	worker	#mtvhottest;2017-03-27 - 2017-03-27;submitSocial;all;arwin
2017-03-29 05:08:37	worker	#semangatpagi;2017-03-27 - 2017-03-27;submitSocial;all;arwin
2017-03-29 05:08:40	worker	lifebuoy;2017-03-27 - 2017-03-27;submitSocial;all;arwin
2017-03-29 05:08:42	worker	jokowi;2017-03-27 - 2017-03-27;submitSocial;all;arwin
2017-03-29 05:08:49	worker	obama;2017-03-27 - 2017-03-27;submitSocial;all;arwin
2017-03-29 05:08:58	worker	starwars;2017-03-27 - 2017-03-27;submitSocial;all;arwin
2017-03-29 05:09:01	worker	jonan;2017-03-27 - 2017-03-27;submitSocial;all;arwin
2017-03-29 05:09:06	worker	pagi;2017-03-27 - 2017-03-27;submitSocial;all;arwin
2017-03-29 05:09:14	worker	sampoerna;2017-03-27 - 2017-03-27;submitSocial;all;arwin
2017-03-29 05:09:17	worker	djarum;2017-03-27 - 2017-03-27;submitSocial;all;arwin
2017-03-29 05:09:21	worker	#semangatpagi;2017-03-27 - 2017-03-27;submitSocial;all;arwin
2017-03-29 05:09:24	worker	#generaksi8;2017-03-27 - 2017-03-27;submitSocial;all;arwin
2017-03-29 05:09:26	worker	#365alasan;2017-03-27 - 2017-03-27;submitSocial;all;arwin
2017-03-29 05:09:29	worker	weew;2017-03-27 - 2017-03-27;submitSocial;all;arwin
2017-03-29 05:09:32	worker	testing;2017-03-27 - 2017-03-27;submitSocial;all;arwin
2017-03-29 05:09:40	worker	#kopaja;2017-03-27 - 2017-03-27;submitSocial;all;arwin
2017-03-29 05:09:44	worker	#genkuisinsideout;2017-03-27 - 2017-03-27;submitSocial;all;arwin
2017-03-29 05:09:46	worker	starwars;2017-03-27 - 2017-03-27;submitSocial;all;arwin
2017-03-29 05:09:49	worker	#kopaja;2017-03-27 - 2017-03-27;submitSocial;all;arwin
2017-03-29 05:09:52	worker	mldspot;2017-03-27 - 2017-03-27;submitSocial;all;arwin
2017-03-29 05:09:55	worker	PBDjarum;2017-03-27 - 2017-03-27;submitSocial;all;arwin
2017-03-29 05:09:58	worker	TemanNabati;2017-03-27 - 2017-03-27;submitSocial;all;arwin
2017-03-29 05:10:01	worker	Nextar;2017-03-27 - 2017-03-27;submitSocial;all;arwin
2017-03-29 05:10:05	worker	jokowo;2017-03-27 - 2017-03-27;submitSocial;all;arwin
2017-03-29 05:10:09	worker	prabowo;2017-03-27 - 2017-03-27;submitSocial;all;arwin
2017-03-29 05:10:12	worker	sudirman said;2017-03-27 - 2017-03-27;submitSocial;all;arwin
2017-03-29 05:10:15	worker	ahok;2017-03-27 - 2017-03-27;submitSocial;all;arwin
2017-03-29 05:10:26	worker	setyanovanto;2017-03-27 - 2017-03-27;submitSocial;all;arwin
2017-03-29 05:10:28	worker	jokowi;2017-03-27 - 2017-03-27;submitSocial;all;arwin
2017-03-29 05:10:35	worker	ahok;2017-03-27 - 2017-03-27;submitSocial;all;arwin
2017-03-29 05:10:45	worker	prabowo;2017-03-27 - 2017-03-27;submitSocial;all;arwin
2017-03-29 05:10:48	worker	sudirman said;2017-03-27 - 2017-03-27;submitSocial;all;arwin
2017-03-29 05:10:51	worker	setyanovanto;2017-03-27 - 2017-03-27;submitSocial;all;arwin
2017-03-29 05:10:53	worker	galau;2017-03-27 - 2017-03-27;submitSocial;all;arwin
2017-03-29 05:10:58	worker	#prestasiindonesia;2017-03-27 - 2017-03-27;submitSocial;all;arwin
2017-03-29 05:11:01	worker	@Tw_Debi;2017-03-27 - 2017-03-27;submitSocial;all;arwin
2017-03-29 05:11:04	worker	@OfficialFastron;2017-03-27 - 2017-03-27;submitSocial;all;arwin
2017-03-29 05:11:06	worker	@CitibankID;2017-03-27 - 2017-03-27;submitSocial;all;arwin
2017-03-29 05:11:09	worker	@jak101fm;2017-03-27 - 2017-03-27;submitSocial;all;arwin
2017-03-29 05:11:12	worker	@genfm;2017-03-27 - 2017-03-27;submitSocial;all;arwin
