2017-02-07 05:00:03	worker	@987genfm;2017-02-05 - 2017-02-05;submitSocial;all;arwin
2017-02-07 05:00:08	worker	@101jakfm;2017-02-05 - 2017-02-05;submitSocial;all;arwin
2017-02-07 05:00:10	worker	@prambors;2017-02-05 - 2017-02-05;submitSocial;all;arwin
2017-02-07 05:00:12	worker	@hardrockfm;2017-02-05 - 2017-02-05;submitSocial;all;arwin
2017-02-07 05:00:14	worker	@kisfmjakarta;2017-02-05 - 2017-02-05;submitSocial;all;arwin
2017-02-07 05:00:17	worker	@delta_fm;2017-02-05 - 2017-02-05;submitSocial;all;arwin
2017-02-07 05:00:19	worker	@traxfmjkt;2017-02-05 - 2017-02-05;submitSocial;all;arwin
2017-02-07 05:00:21	worker	@iradiojakarta;2017-02-05 - 2017-02-05;submitSocial;all;arwin
2017-02-07 05:00:23	worker	@indika9160fm;2017-02-05 - 2017-02-05;submitSocial;all;arwin
2017-02-07 05:00:25	worker	@shellindonesia;2017-02-05 - 2017-02-05;submitSocial;all;arwin
2017-02-07 05:00:27	worker	@vpowerfans;2017-02-05 - 2017-02-05;submitSocial;all;arwin
2017-02-07 05:00:29	worker	@pertamaxind;2017-02-05 - 2017-02-05;submitSocial;all;arwin
2017-02-07 05:00:31	worker	@ptpertamina;2017-02-05 - 2017-02-05;submitSocial;all;arwin
2017-02-07 05:00:34	worker	@OZRadioJakarta;2017-02-05 - 2017-02-05;submitSocial;all;arwin
2017-02-07 05:00:36	worker	@CosmopolitanFM;2017-02-05 - 2017-02-05;submitSocial;all;arwin
2017-02-07 05:00:38	worker	@mustang88fm;2017-02-05 - 2017-02-05;submitSocial;all;arwin
2017-02-07 05:00:40	worker	@debabaz;2017-02-05 - 2017-02-05;submitSocial;all;arwin
2017-02-07 05:00:42	worker	@detikcom;2017-02-05 - 2017-02-05;submitSocial;all;arwin
2017-02-07 05:00:45	worker	@radioelshinta;2017-02-05 - 2017-02-05;submitSocial;all;arwin
2017-02-07 05:00:48	worker	@cinema21;2017-02-05 - 2017-02-05;submitSocial;all;arwin
2017-02-07 05:00:50	worker	@OfficialRCTI;2017-02-05 - 2017-02-05;submitSocial;all;arwin
2017-02-07 05:00:53	worker	@TRANSTV_CORP;2017-02-05 - 2017-02-05;submitSocial;all;arwin
2017-02-07 05:00:55	worker	@TRANS7;2017-02-05 - 2017-02-05;submitSocial;all;arwin
2017-02-07 05:00:58	worker	@Metro_TV;2017-02-05 - 2017-02-05;submitSocial;all;arwin
2017-02-07 05:01:01	worker	@tvOneNews;2017-02-05 - 2017-02-05;submitSocial;all;arwin
2017-02-07 05:01:03	worker	@whatsonANTV;2017-02-05 - 2017-02-05;submitSocial;all;arwin
2017-02-07 05:01:05	worker	@SCTV_;2017-02-05 - 2017-02-05;submitSocial;all;arwin
2017-02-07 05:01:08	worker	@KompasTV;2017-02-05 - 2017-02-05;submitSocial;all;arwin
2017-02-07 05:01:11	worker	@netmediatama;2017-02-05 - 2017-02-05;submitSocial;all;arwin
2017-02-07 05:01:14	worker	@Globaltvseru;2017-02-05 - 2017-02-05;submitSocial;all;arwin
2017-02-07 05:01:16	worker	@JaktvCom;2017-02-05 - 2017-02-05;submitSocial;all;arwin
2017-02-07 05:01:18	worker	@TVRINasional;2017-02-05 - 2017-02-05;submitSocial;all;arwin
2017-02-07 05:01:20	worker	@ochannelupdates;2017-02-05 - 2017-02-05;submitSocial;all;arwin
2017-02-07 05:01:22	worker	@IndosiarID;2017-02-05 - 2017-02-05;submitSocial;all;arwin
2017-02-07 05:01:25	worker	@kompascom;2017-02-05 - 2017-02-05;submitSocial;all;arwin
2017-02-07 05:01:29	worker	@merdekadotcom;2017-02-05 - 2017-02-05;submitSocial;all;arwin
2017-02-07 05:01:31	worker	@MIdotcom;2017-02-05 - 2017-02-05;submitSocial;all;arwin
2017-02-07 05:01:33	worker	@tempodotco;2017-02-05 - 2017-02-05;submitSocial;all;arwin
2017-02-07 05:01:35	worker	@motion975fm;2017-02-05 - 2017-02-05;submitSocial;all;arwin
2017-02-07 05:01:37	worker	@_radiotoday;2017-02-05 - 2017-02-05;submitSocial;all;arwin
2017-02-07 05:01:40	worker	@radioinfo;2017-02-05 - 2017-02-05;submitSocial;all;arwin
2017-02-07 05:01:42	worker	@979FeMaleRadio;2017-02-05 - 2017-02-05;submitSocial;all;arwin
2017-02-07 05:01:44	worker	@WomanRadio943FM;2017-02-05 - 2017-02-05;submitSocial;all;arwin
2017-02-07 05:01:46	worker	@VRadioFM;2017-02-05 - 2017-02-05;submitSocial;all;arwin
2017-02-07 05:01:48	worker	@UFM947;2017-02-05 - 2017-02-05;submitSocial;all;arwin
2017-02-07 05:01:50	worker	@VIVAnews;2017-02-05 - 2017-02-05;submitSocial;all;arwin
2017-02-07 05:01:52	worker	@antaranews;2017-02-05 - 2017-02-05;submitSocial;all;arwin
2017-02-07 05:01:54	worker	@tribunnews;2017-02-05 - 2017-02-05;submitSocial;all;arwin
2017-02-07 05:01:57	worker	@okezonenews;2017-02-05 - 2017-02-05;submitSocial;all;arwin
2017-02-07 05:01:59	worker	@Beritasatu;2017-02-05 - 2017-02-05;submitSocial;all;arwin
2017-02-07 05:02:02	worker	@rollingstoneina;2017-02-05 - 2017-02-05;submitSocial;all;arwin
2017-02-07 05:02:04	worker	@FIMELAdotcom;2017-02-05 - 2017-02-05;submitSocial;all;arwin
2017-02-07 05:02:06	worker	@KapanLagicom;2017-02-05 - 2017-02-05;submitSocial;all;arwin
2017-02-07 05:02:08	worker	@KompasEnt ;2017-02-05 - 2017-02-05;submitSocial;all;arwin
2017-02-07 05:02:10	worker	@HaiMagazine;2017-02-05 - 2017-02-05;submitSocial;all;arwin
2017-02-07 05:02:12	worker	@JakartaVenue;2017-02-05 - 2017-02-05;submitSocial;all;arwin
2017-02-07 05:02:14	worker	@SeputarEvent;2017-02-05 - 2017-02-05;submitSocial;all;arwin
2017-02-07 05:02:16	worker	@ismayaLive;2017-02-05 - 2017-02-05;submitSocial;all;arwin
2017-02-07 05:02:18	worker	@ECEntertainment;2017-02-05 - 2017-02-05;submitSocial;all;arwin
2017-02-07 05:02:20	worker	@synergism_En;2017-02-05 - 2017-02-05;submitSocial;all;arwin
2017-02-07 05:02:22	worker	@Urbanbandung;2017-02-05 - 2017-02-05;submitSocial;all;arwin
2017-02-07 05:02:24	worker	@Urbanrkm995;2017-02-05 - 2017-02-05;submitSocial;all;arwin
2017-02-07 05:02:26	worker	@Garuda_Promo;2017-02-05 - 2017-02-05;submitSocial;all;arwin
2017-02-07 05:02:28	worker	@AirAsiaID;2017-02-05 - 2017-02-05;submitSocial;all;arwin
2017-02-07 05:02:30	worker	@KAI121;2017-02-05 - 2017-02-05;submitSocial;all;arwin
2017-02-07 05:02:32	worker	@Unilever;2017-02-05 - 2017-02-05;submitSocial;all;arwin
2017-02-07 05:02:35	worker	@Nestle;2017-02-05 - 2017-02-05;submitSocial;all;arwin
2017-02-07 05:02:37	worker	@CocaCola;2017-02-05 - 2017-02-05;submitSocial;all;arwin
2017-02-07 05:02:40	worker	@CNN;2017-02-05 - 2017-02-05;submitSocial;all;arwin
2017-02-07 05:02:47	worker	@MTV;2017-02-05 - 2017-02-05;submitSocial;all;arwin
2017-02-07 05:02:51	worker	@channelv;2017-02-05 - 2017-02-05;submitSocial;all;arwin
2017-02-07 05:02:53	worker	@iTunesMusic;2017-02-05 - 2017-02-05;submitSocial;all;arwin
2017-02-07 05:02:55	worker	@mashable;2017-02-05 - 2017-02-05;submitSocial;all;arwin
2017-02-07 05:02:59	worker	@decacaz;2017-02-05 - 2017-02-05;submitSocial;all;arwin
2017-02-07 05:03:01	worker	@radiobaru967FM;2017-02-05 - 2017-02-05;submitSocial;all;arwin
2017-02-07 05:03:03	worker	@967HitzFM;2017-02-05 - 2017-02-05;submitSocial;all;arwin
2017-02-07 05:03:05	worker	@TVGuide;2017-02-05 - 2017-02-05;submitSocial;all;arwin
2017-02-07 05:03:07	worker	@XL123;2017-02-05 - 2017-02-05;submitSocial;all;arwin
2017-02-07 05:03:10	worker	@triindonesia;2017-02-05 - 2017-02-05;submitSocial;all;arwin
2017-02-07 05:03:12	worker	@kaskus;2017-02-05 - 2017-02-05;submitSocial;all;arwin
2017-02-07 05:03:14	worker	@Studio_XXI;2017-02-05 - 2017-02-05;submitSocial;all;arwin
2017-02-07 05:03:16	worker	@blitzmegaplex;2017-02-05 - 2017-02-05;submitSocial;all;arwin
2017-02-07 05:03:18	worker	@alfamartku;2017-02-05 - 2017-02-05;submitSocial;all;arwin
2017-02-07 05:03:20	worker	@Carrefour_ID;2017-02-05 - 2017-02-05;submitSocial;all;arwin
2017-02-07 05:03:22	worker	@BBCBreaking;2017-02-05 - 2017-02-05;submitSocial;all;arwin
2017-02-07 05:03:26	worker	@Forbes;2017-02-05 - 2017-02-05;submitSocial;all;arwin
2017-02-07 05:03:31	worker	@BensRadio;2017-02-05 - 2017-02-05;submitSocial;all;arwin
2017-02-07 05:03:33	worker	@instagram;2017-02-05 - 2017-02-05;submitSocial;all;arwin
2017-02-07 05:03:38	worker	@Pinterest;2017-02-05 - 2017-02-05;submitSocial;all;arwin
2017-02-07 05:03:41	worker	@google;2017-02-05 - 2017-02-05;submitSocial;all;arwin
2017-02-07 05:03:45	worker	@Pertaminalub;2017-02-05 - 2017-02-05;submitSocial;all;arwin
2017-02-07 05:03:47	worker	@InfoLalinTol;2017-02-05 - 2017-02-05;submitSocial;all;arwin
2017-02-07 05:03:49	worker	@PTJASAMARGA;2017-02-05 - 2017-02-05;submitSocial;all;arwin
2017-02-07 05:03:51	worker	@cititransindo;2017-02-05 - 2017-02-05;submitSocial;all;arwin
2017-02-07 05:03:53	worker	#semangatpagisuperr;2017-02-05 - 2017-02-05;submitSocial;all;arwin
2017-02-07 05:03:55	worker	#genkuisinsideout;2017-02-05 - 2017-02-05;submitSocial;all;arwin
2017-02-07 05:03:57	worker	#semangatpagi;2017-02-05 - 2017-02-05;submitSocial;all;arwin
2017-02-07 05:03:59	worker	#dikamar;2017-02-05 - 2017-02-05;submitSocial;all;arwin
2017-02-07 05:04:01	worker	#kopaja;2017-02-05 - 2017-02-05;submitSocial;all;arwin
2017-02-07 05:04:03	worker	#generaksi8;2017-02-05 - 2017-02-05;submitSocial;all;arwin
2017-02-07 05:04:05	worker	#hitztsp;2017-02-05 - 2017-02-05;submitSocial;all;arwin
2017-02-07 05:04:07	worker	#np;2017-02-05 - 2017-02-05;submitSocial;all;arwin
2017-02-07 05:04:10	worker	#hitzlivestage;2017-02-05 - 2017-02-05;submitSocial;all;arwin
2017-02-07 05:04:12	worker	#thefreaks;2017-02-05 - 2017-02-05;submitSocial;all;arwin
2017-02-07 05:04:14	worker	#hitzsirkuspagi;2017-02-05 - 2017-02-05;submitSocial;all;arwin
2017-02-07 05:04:16	worker	#hitzathlon;2017-02-05 - 2017-02-05;submitSocial;all;arwin
2017-02-07 05:04:18	worker	#hitzzombie;2017-02-05 - 2017-02-05;submitSocial;all;arwin
2017-02-07 05:04:20	worker	#hitzkalong;2017-02-05 - 2017-02-05;submitSocial;all;arwin
2017-02-07 05:04:22	worker	#hitzbebas;2017-02-05 - 2017-02-05;submitSocial;all;arwin
2017-02-07 05:04:24	worker	#hitzhorehara;2017-02-05 - 2017-02-05;submitSocial;all;arwin
2017-02-07 05:04:27	worker	@ZaloraID;2017-02-05 - 2017-02-05;submitSocial;all;arwin
2017-02-07 05:04:29	worker	@OLX_Indonesia;2017-02-05 - 2017-02-05;submitSocial;all;arwin
2017-02-07 05:04:31	worker	@LazadaID;2017-02-05 - 2017-02-05;submitSocial;all;arwin
2017-02-07 05:04:33	worker	@utrippers;2017-02-05 - 2017-02-05;submitSocial;all;arwin
2017-02-07 05:04:35	worker	@GoGobot;2017-02-05 - 2017-02-05;submitSocial;all;arwin
2017-02-07 05:04:37	worker	@viatortravel;2017-02-05 - 2017-02-05;submitSocial;all;arwin
2017-02-07 05:04:40	worker	@alandakariza;2017-02-05 - 2017-02-05;submitSocial;all;arwin
2017-02-07 05:04:42	worker	@gagasmedia;2017-02-05 - 2017-02-05;submitSocial;all;arwin
2017-02-07 05:04:44	worker	@welovehonda;2017-02-05 - 2017-02-05;submitSocial;all;arwin
2017-02-07 05:04:46	worker	@SuzukiMotorID;2017-02-05 - 2017-02-05;submitSocial;all;arwin
2017-02-07 05:04:48	worker	@kawasakilovers;2017-02-05 - 2017-02-05;submitSocial;all;arwin
2017-02-07 05:04:50	worker	@yamahaindonesia;2017-02-05 - 2017-02-05;submitSocial;all;arwin
2017-02-07 05:04:52	worker	@tripanzee;2017-02-05 - 2017-02-05;submitSocial;all;arwin
2017-02-07 05:04:54	worker	@arnoldpoernomo;2017-02-05 - 2017-02-05;submitSocial;all;arwin
2017-02-07 05:04:56	worker	@nicsap;2017-02-05 - 2017-02-05;submitSocial;all;arwin
2017-02-07 05:04:59	worker	@tiket2;2017-02-05 - 2017-02-05;submitSocial;all;arwin
2017-02-07 05:05:01	worker	@traveloka;2017-02-05 - 2017-02-05;submitSocial;all;arwin
2017-02-07 05:05:03	worker	@wego;2017-02-05 - 2017-02-05;submitSocial;all;arwin
2017-02-07 05:05:06	worker	@agoda;2017-02-05 - 2017-02-05;submitSocial;all;arwin
2017-02-07 05:05:09	worker	#salahsambung;2017-02-05 - 2017-02-05;submitSocial;all;arwin
2017-02-07 05:05:11	worker	#tulalit;2017-02-05 - 2017-02-05;submitSocial;all;arwin
2017-02-07 05:05:13	worker	#pestageneraksi8;2017-02-05 - 2017-02-05;submitSocial;all;arwin
2017-02-07 05:05:15	worker	#ganaskustik;2017-02-05 - 2017-02-05;submitSocial;all;arwin
2017-02-07 05:05:17	worker	#lnhot20;2017-02-05 - 2017-02-05;submitSocial;all;arwin
2017-02-07 05:05:19	worker	@TripAdvisor;2017-02-05 - 2017-02-05;submitSocial;all;arwin
2017-02-07 05:05:21	worker	@google;2017-02-05 - 2017-02-05;submitSocial;all;arwin
2017-02-07 05:05:25	worker	@Telkomsel;2017-02-05 - 2017-02-05;submitSocial;all;arwin
2017-02-07 05:05:28	worker	@indosat;2017-02-05 - 2017-02-05;submitSocial;all;arwin
2017-02-07 05:05:31	worker	@bahanafmjkt;2017-02-05 - 2017-02-05;submitSocial;all;2017-02-07 05:05:36	worker	@sonorafm92;2017-02-05 - 2017-02-05;submitSocial;all;arwin
2017-02-07 05:05:37	worker	@litefm1058;2017-02-05 - 2017-02-05;submitSocial;all;arwin
2017-02-07 05:05:39	worker	@Bravaradio;2017-02-05 - 2017-02-05;submitSocial;all;arwin
2017-02-07 05:05:41	worker	#dgitm;2017-02-05 - 2017-02-05;submitSocial;all;arwin
2017-02-07 05:05:44	worker	#hitsalaprambors;2017-02-05 - 2017-02-05;submitSocial;all;arwin
2017-02-07 05:05:46	worker	#reqprambors;2017-02-05 - 2017-02-05;submitSocial;all;arwin
2017-02-07 05:05:48	worker	#thedandees;2017-02-05 - 2017-02-05;submitSocial;all;arwin
2017-02-07 05:05:50	worker	#pramborsquiz;2017-02-05 - 2017-02-05;submitSocial;all;arwin
2017-02-07 05:05:52	worker	#jeliprambors;2017-02-05 - 2017-02-05;submitSocial;all;arwin
2017-02-07 05:05:54	worker	#jodohinprambors;2017-02-05 - 2017-02-05;submitSocial;all;arwin
2017-02-07 05:05:56	worker	#ubahdenganbicara;2017-02-05 - 2017-02-05;submitSocial;all;arwin
2017-02-07 05:05:57	worker	#pramborschat;2017-02-05 - 2017-02-05;submitSocial;all;arwin
2017-02-07 05:06:00	worker	#tweetforduit;2017-02-05 - 2017-02-05;submitSocial;all;arwin
2017-02-07 05:06:02	worker	#joki3in1;2017-02-05 - 2017-02-05;submitSocial;all;arwin
2017-02-07 05:06:03	worker	#sarapanseru;2017-02-05 - 2017-02-05;submitSocial;all;arwin
2017-02-07 05:06:05	worker	#rawonkaneloop;2017-02-05 - 2017-02-05;submitSocial;all;arwin
2017-02-07 05:06:07	worker	#gudegkendilkeraton;2017-02-05 - 2017-02-05;submitSocial;all;arwin
2017-02-07 05:06:09	worker	#gadogadobutika;2017-02-05 - 2017-02-05;submitSocial;all;arwin
2017-02-07 05:06:11	worker	#mtvhottest;2017-02-05 - 2017-02-05;submitSocial;all;arwin
2017-02-07 05:06:13	worker	#dimsumcjdw;2017-02-05 - 2017-02-05;submitSocial;all;arwin
2017-02-07 05:06:15	worker	#pecelmadiunmbakniek;2017-02-05 - 2017-02-05;submitSocial;all;arwin
2017-02-07 05:06:17	worker	#depotarema;2017-02-05 - 2017-02-05;submitSocial;all;arwin
2017-02-07 05:06:19	worker	@BNI46;2017-02-05 - 2017-02-05;submitSocial;all;arwin
2017-02-07 05:06:21	worker	@BANKBRI_ID;2017-02-05 - 2017-02-05;submitSocial;all;arwin
2017-02-07 05:06:24	worker	#bni46;2017-02-05 - 2017-02-05;submitSocial;all;arwin
2017-02-07 05:06:26	worker	macet;2017-02-05 - 2017-02-05;submitSocial;all;arwin
2017-02-07 05:06:29	worker	#selamatpagi;2017-02-05 - 2017-02-05;submitSocial;all;arwin
2017-02-07 05:06:31	worker	#selamatmalam;2017-02-05 - 2017-02-05;submitSocial;all;arwin
2017-02-07 05:06:33	worker	@884GlobalRadio;2017-02-05 - 2017-02-05;submitSocial;all;arwin
2017-02-07 05:06:35	worker	@day_trans;2017-02-05 - 2017-02-05;submitSocial;all;arwin
2017-02-07 05:06:38	worker	@kencanavoyage;2017-02-05 - 2017-02-05;submitSocial;all;arwin
2017-02-07 05:06:39	worker	@jukebox5d;2017-02-05 - 2017-02-05;submitSocial;all;arwin
2017-02-07 05:06:42	worker	#mtvhottest;2017-02-05 - 2017-02-05;submitSocial;all;arwin
2017-02-07 05:06:44	worker	#semangatpagi;2017-02-05 - 2017-02-05;submitSocial;all;arwin
2017-02-07 05:06:46	worker	lifebuoy;2017-02-05 - 2017-02-05;submitSocial;all;arwin
2017-02-07 05:06:48	worker	jokowi;2017-02-05 - 2017-02-05;submitSocial;all;arwin
2017-02-07 05:06:54	worker	obama;2017-02-05 - 2017-02-05;submitSocial;all;arwin
2017-02-07 05:07:02	worker	starwars;2017-02-05 - 2017-02-05;submitSocial;all;arwin
2017-02-07 05:07:04	worker	jonan;2017-02-05 - 2017-02-05;submitSocial;all;arwin
2017-02-07 05:07:07	worker	pagi;2017-02-05 - 2017-02-05;submitSocial;all;arwin
2017-02-07 05:07:15	worker	sampoerna;2017-02-05 - 2017-02-05;submitSocial;all;arwin
2017-02-07 05:07:17	worker	djarum;2017-02-05 - 2017-02-05;submitSocial;all;arwin
2017-02-07 05:07:20	worker	#semangatpagi;2017-02-05 - 2017-02-05;submitSocial;all;arwin
2017-02-07 05:07:22	worker	#generaksi8;2017-02-05 - 2017-02-05;submitSocial;all;arwin
2017-02-07 05:07:23	worker	#365alasan;2017-02-05 - 2017-02-05;submitSocial;all;arwin
2017-02-07 05:07:25	worker	weew;2017-02-05 - 2017-02-05;submitSocial;all;arwin
2017-02-07 05:07:28	worker	testing;2017-02-05 - 2017-02-05;submitSocial;all;arwin
2017-02-07 05:07:35	worker	#kopaja;2017-02-05 - 2017-02-05;submitSocial;all;arwin
2017-02-07 05:07:37	worker	#genkuisinsideout;2017-02-05 - 2017-02-05;submitSocial;all;arwin
2017-02-07 05:07:39	worker	starwars;2017-02-05 - 2017-02-05;submitSocial;all;arwin
2017-02-07 05:07:41	worker	#kopaja;2017-02-05 - 2017-02-05;submitSocial;all;arwin
2017-02-07 05:07:44	worker	mldspot;2017-02-05 - 2017-02-05;submitSocial;all;arwin
2017-02-07 05:07:46	worker	PBDjarum;2017-02-05 - 2017-02-05;submitSocial;all;arwin
2017-02-07 05:07:48	worker	TemanNabati;2017-02-05 - 2017-02-05;submitSocial;all;arwin
2017-02-07 05:07:50	worker	Nextar;2017-02-05 - 2017-02-05;submitSocial;all;arwin
2017-02-07 05:07:53	worker	jokowo;2017-02-05 - 2017-02-05;submitSocial;all;arwin
2017-02-07 05:07:56	worker	prabowo;2017-02-05 - 2017-02-05;submitSocial;all;arwin
2017-02-07 05:07:59	worker	sudirman said;2017-02-05 - 2017-02-05;submitSocial;all;arwin
2017-02-07 05:08:01	worker	ahok;2017-02-05 - 2017-02-05;submitSocial;all;arwin
2017-02-07 05:08:09	worker	setyanovanto;2017-02-05 - 2017-02-05;submitSocial;all;arwin
2017-02-07 05:08:16	worker	jokowi;2017-02-05 - 2017-02-05;submitSocial;all;arwin
2017-02-07 05:08:23	worker	ahok;2017-02-05 - 2017-02-05;submitSocial;all;arwin
2017-02-07 05:08:31	worker	prabowo;2017-02-05 - 2017-02-05;submitSocial;all;arwin
2017-02-07 05:08:34	worker	sudirman said;2017-02-05 - 2017-02-05;submitSocial;all;arwin
2017-02-07 05:08:37	worker	setyanovanto;2017-02-05 - 2017-02-05;submitSocial;all;arwin
2017-02-07 05:08:39	worker	galau;2017-02-05 - 2017-02-05;submitSocial;all;arwin
2017-02-07 05:08:42	worker	#prestasiindonesia;2017-02-05 - 2017-02-05;submitSocial;all;arwin
2017-02-07 05:08:44	worker	@Tw_Debi;2017-02-05 - 2017-02-05;submitSocial;all;arwin
2017-02-07 05:08:47	worker	@OfficialFastron;2017-02-05 - 2017-02-05;submitSocial;all;arwin
2017-02-07 05:08:49	worker	@CitibankID;2017-02-05 - 2017-02-05;submitSocial;all;arwin
