2017-02-02 05:00:04	[{"keyword":"@987genfm","from":"2017-01-31","mode":"submitSocial","container":"all","username":"arwin"}]
2017-02-02 05:00:07	[{"keyword":"@101jakfm","from":"2017-01-31","mode":"submitSocial","container":"all","username":"arwin"}]
2017-02-02 05:00:10	[{"keyword":"@prambors","from":"2017-01-31","mode":"submitSocial","container":"all","username":"arwin"}]
2017-02-02 05:00:12	[{"keyword":"@hardrockfm","from":"2017-01-31","mode":"submitSocial","container":"all","username":"arwin"}]
2017-02-02 05:00:15	[{"keyword":"@kisfmjakarta","from":"2017-01-31","mode":"submitSocial","container":"all","username":"arwin"}]
2017-02-02 05:00:17	[{"keyword":"@delta_fm","from":"2017-01-31","mode":"submitSocial","container":"all","username":"arwin"}]
2017-02-02 05:00:20	[{"keyword":"@traxfmjkt","from":"2017-01-31","mode":"submitSocial","container":"all","username":"arwin"}]
2017-02-02 05:00:22	[{"keyword":"@iradiojakarta","from":"2017-01-31","mode":"submitSocial","container":"all","username":"arwin"}]
2017-02-02 05:00:24	[{"keyword":"@indika9160fm","from":"2017-01-31","mode":"submitSocial","container":"all","username":"arwin"}]
2017-02-02 05:00:27	[{"keyword":"@shellindonesia","from":"2017-01-31","mode":"submitSocial","container":"all","username":"arwin"}]
2017-02-02 05:00:29	[{"keyword":"@vpowerfans","from":"2017-01-31","mode":"submitSocial","container":"all","username":"arwin"}]
2017-02-02 05:00:32	[{"keyword":"@pertamaxind","from":"2017-01-31","mode":"submitSocial","container":"all","username":"arwin"}]
2017-02-02 05:00:34	[{"keyword":"@ptpertamina","from":"2017-01-31","mode":"submitSocial","container":"all","username":"arwin"}]
2017-02-02 05:00:37	[{"keyword":"@ozradiojakarta","from":"2017-01-31","mode":"submitSocial","container":"all","username":"arwin"}]
2017-02-02 05:00:39	[{"keyword":"@cosmopolitanfm","from":"2017-01-31","mode":"submitSocial","container":"all","username":"arwin"}]
2017-02-02 05:00:41	[{"keyword":"@mustang88fm","from":"2017-01-31","mode":"submitSocial","container":"all","username":"arwin"}]
2017-02-02 05:00:43	[{"keyword":"@debabaz","from":"2017-01-31","mode":"submitSocial","container":"all","username":"arwin"}]
2017-02-02 05:00:47	[{"keyword":"@detikcom","from":"2017-01-31","mode":"submitSocial","container":"all","username":"arwin"}]
2017-02-02 05:00:50	[{"keyword":"@radioelshinta","from":"2017-01-31","mode":"submitSocial","container":"all","username":"arwin"}]
2017-02-02 05:00:52	[{"keyword":"@cinema21","from":"2017-01-31","mode":"submitSocial","container":"all","username":"arwin"}]
2017-02-02 05:00:55	[{"keyword":"@officialrcti","from":"2017-01-31","mode":"submitSocial","container":"all","username":"arwin"}]
2017-02-02 05:00:57	[{"keyword":"@transtv_corp","from":"2017-01-31","mode":"submitSocial","container":"all","username":"arwin"}]
2017-02-02 05:01:00	[{"keyword":"@trans7","from":"2017-01-31","mode":"submitSocial","container":"all","username":"arwin"}]
2017-02-02 05:01:03	[{"keyword":"@metro_tv","from":"2017-01-31","mode":"submitSocial","container":"all","username":"arwin"}]
2017-02-02 05:01:06	[{"keyword":"@tvonenews","from":"2017-01-31","mode":"submitSocial","container":"all","username":"arwin"}]
2017-02-02 05:01:08	[{"keyword":"@whatsonantv","from":"2017-01-31","mode":"submitSocial","container":"all","username":"arwin"}]
2017-02-02 05:01:12	[{"keyword":"@sctv_","from":"2017-01-31","mode":"submitSocial","container":"all","username":"arwin"}]
2017-02-02 05:01:14	[{"keyword":"@kompastv","from":"2017-01-31","mode":"submitSocial","container":"all","username":"arwin"}]
2017-02-02 05:01:18	[{"keyword":"@netmediatama","from":"2017-01-31","mode":"submitSocial","container":"all","username":"arwin"}]
2017-02-02 05:01:21	[{"keyword":"@globaltvseru","from":"2017-01-31","mode":"submitSocial","container":"all","username":"arwin"}]
2017-02-02 05:01:23	[{"keyword":"@jaktvcom","from":"2017-01-31","mode":"submitSocial","container":"all","username":"arwin"}]
2017-02-02 05:01:25	[{"keyword":"@tvrinasional","from":"2017-01-31","mode":"submitSocial","container":"all","username":"arwin"}]
2017-02-02 05:01:27	[{"keyword":"@ochannelupdates","from":"2017-01-31","mode":"submitSocial","container":"all","username":"arwin"}]
2017-02-02 05:01:30	[{"keyword":"@indosiarid","from":"2017-01-31","mode":"submitSocial","container":"all","username":"arwin"}]
2017-02-02 05:01:36	[{"keyword":"@kompascom","from":"2017-01-31","mode":"submitSocial","container":"all","username":"arwin"}]
2017-02-02 05:01:38	[{"keyword":"@merdekadotcom","from":"2017-01-31","mode":"submitSocial","container":"all","username":"arwin"}]
2017-02-02 05:01:40	[{"keyword":"@midotcom","from":"2017-01-31","mode":"submitSocial","container":"all","username":"arwin"}]
2017-02-02 05:01:43	[{"keyword":"@tempodotco","from":"2017-01-31","mode":"submitSocial","container":"all","username":"arwin"}]
2017-02-02 05:01:45	[{"keyword":"@motion975fm","from":"2017-01-31","mode":"submitSocial","container":"all","username":"arwin"}]
2017-02-02 05:01:48	[{"keyword":"@_radiotoday","from":"2017-01-31","mode":"submitSocial","container":"all","username":"arwin"}]
2017-02-02 05:01:50	[{"keyword":"@radioinfo","from":"2017-01-31","mode":"submitSocial","container":"all","username":"arwin"}]
2017-02-02 05:01:52	[{"keyword":"@979femaleradio","from":"2017-01-31","mode":"submitSocial","container":"all","username":"arwin"}]
2017-02-02 05:01:54	[{"keyword":"@womanradio943fm","from":"2017-01-31","mode":"submitSocial","container":"all","username":"arwin"}]
2017-02-02 05:01:57	[{"keyword":"@vradiofm","from":"2017-01-31","mode":"submitSocial","container":"all","username":"arwin"}]
2017-02-02 05:01:59	[{"keyword":"@ufm947","from":"2017-01-31","mode":"submitSocial","container":"all","username":"arwin"}]
2017-02-02 05:02:01	[{"keyword":"@vivanews","from":"2017-01-31","mode":"submitSocial","container":"all","username":"arwin"}]
2017-02-02 05:02:04	[{"keyword":"@antaranews","from":"2017-01-31","mode":"submitSocial","container":"all","username":"arwin"}]
2017-02-02 05:02:07	[{"keyword":"@tribunnews","from":"2017-01-31","mode":"submitSocial","container":"all","username":"arwin"}]
2017-02-02 05:02:10	[{"keyword":"@okezonenews","from":"2017-01-31","mode":"submitSocial","container":"all","username":"arwin"}]
2017-02-02 05:02:13	[{"keyword":"@beritasatu","from":"2017-01-31","mode":"submitSocial","container":"all","username":"arwin"}]
2017-02-02 05:02:15	[{"keyword":"@rollingstoneina","from":"2017-01-31","mode":"submitSocial","container":"all","username":"arwin"}]
2017-02-02 05:02:17	[{"keyword":"@fimeladotcom","from":"2017-01-31","mode":"submitSocial","container":"all","username":"arwin"}]
2017-02-02 05:02:19	[{"keyword":"@kapanlagicom","from":"2017-01-31","mode":"submitSocial","container":"all","username":"arwin"}]
2017-02-02 05:02:22	[{"keyword":"@kompasent","from":"2017-01-31","mode":"submitSocial","container":"all","username":"arwin"}]
2017-02-02 05:02:24	[{"keyword":"@haimagazine","from":"2017-01-31","mode":"submitSocial","container":"all","username":"arwin"}]
2017-02-02 05:02:27	[{"keyword":"@jakartavenue","from":"2017-01-31","mode":"submitSocial","container":"all","username":"arwin"}]
2017-02-02 05:02:29	[{"keyword":"@seputarevent","from":"2017-01-31","mode":"submitSocial","container":"all","username":"arwin"}]
2017-02-02 05:02:32	[{"keyword":"@ismayalive","from":"2017-01-31","mode":"submitSocial","container":"all","username":"arwin"}]
2017-02-02 05:02:34	[{"keyword":"@ecentertainment","from":"2017-01-31","mode":"submitSocial","container":"all","username":"arwin"}]
2017-02-02 05:02:36	[{"keyword":"@synergism_en","from":"2017-01-31","mode":"submitSocial","container":"all","username":"arwin"}]
2017-02-02 05:02:39	[{"keyword":"@urbanbandung","from":"2017-01-31","mode":"submitSocial","container":"all","username":"arwin"}]
2017-02-02 05:02:40	[{"keyword":"@urbanrkm995","from":"2017-01-31","mode":"submitSocial","container":"all","username":"arwin"}]
2017-02-02 05:02:43	[{"keyword":"@garuda_promo","from":"2017-01-31","mode":"submitSocial","container":"all","username":"arwin"}]
2017-02-02 05:02:45	[{"keyword":"@airasiaid","from":"2017-01-31","mode":"submitSocial","container":"all","username":"arwin"}]
2017-02-02 05:02:48	[{"keyword":"@kai121","from":"2017-01-31","mode":"submitSocial","container":"all","username":"arwin"}]
2017-02-02 05:02:50	[{"keyword":"@unilever","from":"2017-01-31","mode":"submitSocial","container":"all","username":"arwin"}]
2017-02-02 05:02:53	[{"keyword":"@nestle","from":"2017-01-31","mode":"submitSocial","container":"all","username":"arwin"}]
2017-02-02 05:02:56	[{"keyword":"@cocacola","from":"2017-01-31","mode":"submitSocial","container":"all","username":"arwin"}]
2017-02-02 05:03:03	[{"keyword":"@cnn","from":"2017-01-31","mode":"submitSocial","container":"all","username":"arwin"}]
2017-02-02 05:03:07	[{"keyword":"@mtv","from":"2017-01-31","mode":"submitSocial","container":"all","username":"arwin"}]
2017-02-02 05:03:09	[{"keyword":"@channelv","from":"2017-01-31","mode":"submitSocial","container":"all","username":"arwin"}]
2017-02-02 05:03:11	[{"keyword":"@itunesmusic","from":"2017-01-31","mode":"submitSocial","container":"all","username":"arwin"}]
2017-02-02 05:03:16	[{"keyword":"@mashable","from":"2017-01-31","mode":"submitSocial","container":"all","username":"arwin"}]
2017-02-02 05:03:18	[{"keyword":"@decacaz","from":"2017-01-31","mode":"submitSocial","container":"all","username":"arwin"}]
2017-02-02 05:03:20	[{"keyword":"@radiobaru967fm","from":"2017-01-31","mode":"submitSocial","container":"all","username":"arwin"}]
2017-02-02 05:03:22	[{"keyword":"@967hitzfm","from":"2017-01-31","mode":"submitSocial","container":"all","username":"arwin"}]
2017-02-02 05:03:25	[{"keyword":"@tvguide","from":"2017-01-31","mode":"submitSocial","container":"all","username":"arwin"}]
2017-02-02 05:03:28	[{"keyword":"@xl123","from":"2017-01-31","mode":"submitSocial","container":"all","username":"arwin"}]
2017-02-02 05:03:30	[{"keyword":"@triindonesia","from":"2017-01-31","mode":"submitSocial","container":"all","username":"arwin"}]
2017-02-02 05:03:33	[{"keyword":"@kaskus","from":"2017-01-31","mode":"submitSocial","container":"all","username":"arwin"}]
2017-02-02 05:03:35	[{"keyword":"@studio_xxi","from":"2017-01-31","mode":"submitSocial","container":"all","username":"arwin"}]
2017-02-02 05:03:37	[{"keyword":"@blitzmegaplex","from":"2017-01-31","mode":"submitSocial","container":"all","username":"arwin"}]
2017-02-02 05:03:39	[{"keyword":"@alfamartku","from":"2017-01-31","mode":"submitSocial","container":"all","username":"arwin"}]
2017-02-02 05:03:42	[{"keyword":"@carrefour_id","from":"2017-01-31","mode":"submitSocial","container":"all","username":"arwin"}]
2017-02-02 05:03:46	[{"keyword":"@bbcbreaking","from":"2017-01-31","mode":"submitSocial","container":"all","username":"arwin"}]
2017-02-02 05:03:52	[{"keyword":"@forbes","from":"2017-01-31","mode":"submitSocial","container":"all","username":"arwin"}]
2017-02-02 05:03:55	[{"keyword":"@bensradio","from":"2017-01-31","mode":"submitSocial","container":"all","username":"arwin"}]
2017-02-02 05:04:00	[{"keyword":"@instagram","from":"2017-01-31","mode":"submitSocial","container":"all","username":"arwin"}]
2017-02-02 05:04:04	[{"keyword":"@pinterest","from":"2017-01-31","mode":"submitSocial","container":"all","username":"arwin"}]
2017-02-02 05:04:10	[{"keyword":"@google","from":"2017-01-31","mode":"submitSocial","container":"all","username":"arwin"}]
2017-02-02 05:04:12	[{"keyword":"@pertaminalub","from":"2017-01-31","mode":"submitSocial","container":"all","username":"arwin"}]
2017-02-02 05:04:14	[{"keyword":"@infolalintol","from":"2017-01-31","mode":"submitSocial","container":"all","username":"arwin"}]
2017-02-02 05:04:17	[{"keyword":"@ptjasamarga","from":"2017-01-31","mode":"submitSocial","container":"all","username":"arwin"}]
2017-02-02 05:04:19	[{"keyword":"@cititransindo","from":"2017-01-31","mode":"submitSocial","container":"all","username":"arwin"}]
2017-02-02 05:04:21	[{"keyword":"#semangatpagisuperr","from":"2017-01-31","mode":"submitSocial","container":"all","username":"arwin"}]
2017-02-02 05:04:23	[{"keyword":"#genkuisinsideout","from":"2017-01-31","mode":"submitSocial","container":"all","username":"arwin"}]
2017-02-02 05:04:26	[{"keyword":"#semangatpagi","from":"2017-01-31","mode":"submitSocial","container":"all","username":"arwin"}]
2017-02-02 05:04:28	[{"keyword":"#dikamar","from":"2017-01-31","mode":"submitSocial","container":"all","username":"arwin"}]
2017-02-02 05:04:31	[{"keyword":"#kopaja","from":"2017-01-31","mode":"submitSocial","container":"all","username":"arwin"}]
2017-02-02 05:04:33	[{"keyword":"#generaksi8","from":"2017-01-31","mode":"submitSocial","container":"all","username":"arwin"}]
2017-02-02 05:04:35	[{"keyword":"#hitztsp","from":"2017-01-31","mode":"submitSocial","container":"all","username":"arwin"}]
2017-02-02 05:04:39	[{"keyword":"#np","from":"2017-01-31","mode":"submitSocial","container":"all","username":"arwin"}]
2017-02-02 05:04:41	[{"keyword":"#hitzlivestage","from":"2017-01-31","mode":"submitSocial","container":"all","username":"arwin"}]
2017-02-02 05:04:43	[{"keyword":"#thefreaks","from":"2017-01-31","mode":"submitSocial","container":"all","username":"arwin"}]
2017-02-02 05:04:45	[{"keyword":"#hitzsirkuspagi","from":"2017-01-31","mode":"submitSocial","container":"all","username":"arwin"}]
2017-02-02 05:04:48	[{"keyword":"#hitzathlon","from":"2017-01-31","mode":"submitSocial","container":"all","username":"arwin"}]
2017-02-02 05:04:50	[{"keyword":"#hitzzombie","from":"2017-01-31","mode":"submitSocial","container":"all","username":"arwin"}]
2017-02-02 05:04:52	[{"keyword":"#hitzkalong","from":"2017-01-31","mode":"submitSocial","container":"all","username":"arwin"}]
2017-02-02 05:04:55	[{"keyword":"#hitzbebas","from":"2017-01-31","mode":"submitSocial","container":"all","username":"arwin"}]
2017-02-02 05:04:57	[{"keyword":"#hitzhorehara","from":"2017-01-31","mode":"submitSocial","container":"all","username":"arwin"}]
2017-02-02 05:04:59	[{"keyword":"@zaloraid","from":"2017-01-31","mode":"submitSocial","container":"all","username":"arwin"}]
2017-02-02 05:05:02	[{"keyword":"@olx_indonesia","from":"2017-01-31","mode":"submitSocial","container":"all","username":"arwin"}]
2017-02-02 05:05:05	[{"keyword":"@lazadaid","from":"2017-01-31","mode":"submitSocial","container":"all","username":"arwin"}]
2017-02-02 05:05:08	[{"keyword":"@utrippers","from":"2017-01-31","mode":"submitSocial","container":"all","username":"arwin"}]
2017-02-02 05:05:11	[{"keyword":"@gogobot","from":"2017-01-31","mode":"submitSocial","container":"all","username":"arwin"}]
2017-02-02 05:05:13	[{"keyword":"@viatortravel","from":"2017-01-31","mode":"submitSocial","container":"all","username":"arwin"}]
2017-02-02 05:05:15	[{"keyword":"@alandakariza","from":"2017-01-31","mode":"submitSocial","container":"all","username":"arwin"}]
2017-02-02 05:05:18	[{"keyword":"@gagasmedia","from":"2017-01-31","mode":"submitSocial","container":"all","username":"arwin"}]
2017-02-02 05:05:20	[{"keyword":"@welovehonda","from":"2017-01-31","mode":"submitSocial","container":"all","username":"arwin"}]
2017-02-02 05:05:22	[{"keyword":"@suzukimotorid","from":"2017-01-31","mode":"submitSocial","container":"all","username":"arwin"}]
2017-02-02 05:05:25	[{"keyword":"@kawasakilovers","from":"2017-01-31","mode":"submitSocial","container":"all","username":"arwin"}]
2017-02-02 05:05:27	[{"keyword":"@yamahaindonesia","from":"2017-01-31","mode":"submitSocial","container":"all","username":"arwin"}]
2017-02-02 05:05:29	[{"keyword":"@tripanzee","from":"2017-01-31","mode":"submitSocial","container":"all","username":"arwin"}]
2017-02-02 05:05:32	[{"keyword":"@arnoldpoernomo","from":"2017-01-31","mode":"submitSocial","container":"all","username":"arwin"}]
2017-02-02 05:05:34	[{"keyword":"@nicsap","from":"2017-01-31","mode":"submitSocial","container":"all","username":"arwin"}]
2017-02-02 05:05:36	[{"keyword":"@tiket2","from":"2017-01-31","mode":"submitSocial","container":"all","username":"arwin"}]
2017-02-02 05:05:39	[{"keyword":"@traveloka","from":"2017-01-31","mode":"submitSocial","container":"all","username":"arwin"}]
2017-02-02 05:05:42	[{"keyword":"@wego","from":"2017-01-31","mode":"submitSocial","container":"all","username":"arwin"}]
2017-02-02 05:05:45	[{"keyword":"@agoda","from":"2017-01-31","mode":"submitSocial","container":"all","username":"arwin"}]
2017-02-02 05:05:47	[{"keyword":"#salahsambung","from":"2017-01-31","mode":"submitSocial","container":"all","username":"arwin"}]
2017-02-02 05:05:50	[{"keyword":"#tulalit","from":"2017-01-31","mode":"submitSocial","container":"all","username":"arwin"}]
2017-02-02 05:05:52	[{"keyword":"#pestageneraksi8","from":"2017-01-31","mode":"submitSocial","container":"all","username":"arwin"}]
2017-02-02 05:05:54	[{"keyword":"#ganaskustik","from":"2017-01-31","mode":"submitSocial","container":"all","username":"arwin"}]
2017-02-02 05:05:56	[{"keyword":"#lnhot20","from":"2017-01-31","mode":"submitSocial","container":"all","username":"arwin"}]
2017-02-02 05:05:59	[{"keyword":"@tripadvisor","from":"2017-01-31","mode":"submitSocial","container":"all","username":"arwin"}]
2017-02-02 05:06:05	[{"keyword":"@google","from":"2017-01-31","mode":"submitSocial","container":"all","username":"arwin"}]
2017-02-02 05:06:08	[{"keyword":"@telkomsel","from":"2017-01-31","mode":"submitSocial","container":"all","username":"arwin"}]
2017-02-02 05:06:11	[{"keyword":"@indosat","from":"2017-01-31","mode":"submitSocial","container":"all","username":"arwin"}]
2017-02-02 05:06:15	[{"keyword":"@bahanafmjkt","from":"2017-01-31","mode":"submitSocial","container":"all","username":""}]
2017-02-02 05:06:19	[{"keyword":"@sonorafm92","from":"2017-01-31","mode":"submitSocial","container":"all","username":"arwin"}]
2017-02-02 05:06:21	[{"keyword":"@litefm1058","from":"2017-01-31","mode":"submitSocial","container":"all","username":"arwin"}]
2017-02-02 05:06:23	[{"keyword":"@bravaradio","from":"2017-01-31","mode":"submitSocial","container":"all","username":"arwin"}]
2017-02-02 05:06:26	[{"keyword":"#dgitm","from":"2017-01-31","mode":"submitSocial","container":"all","username":"arwin"}]
2017-02-02 05:06:28	[{"keyword":"#hitsalaprambors","from":"2017-01-31","mode":"submitSocial","container":"all","username":"arwin"}]
2017-02-02 05:06:30	[{"keyword":"#reqprambors","from":"2017-01-31","mode":"submitSocial","container":"all","username":"arwin"}]
2017-02-02 05:06:33	[{"keyword":"#thedandees","from":"2017-01-31","mode":"submitSocial","container":"all","username":"arwin"}]
2017-02-02 05:06:35	[{"keyword":"#pramborsquiz","from":"2017-01-31","mode":"submitSocial","container":"all","username":"arwin"}]
2017-02-02 05:06:37	[{"keyword":"#jeliprambors","from":"2017-01-31","mode":"submitSocial","container":"all","username":"arwin"}]
2017-02-02 05:06:39	[{"keyword":"#jodohinprambors","from":"2017-01-31","mode":"submitSocial","container":"all","username":"arwin"}]
2017-02-02 05:06:41	[{"keyword":"#ubahdenganbicara","from":"2017-01-31","mode":"submitSocial","container":"all","username":"arwin"}]
2017-02-02 05:06:44	[{"keyword":"#pramborschat","from":"2017-01-31","mode":"submitSocial","container":"all","username":"arwin"}]
2017-02-02 05:06:46	[{"keyword":"#tweetforduit","from":"2017-01-31","mode":"submitSocial","container":"all","username":"arwin"}]
2017-02-02 05:06:48	[{"keyword":"#joki3in1","from":"2017-01-31","mode":"submitSocial","container":"all","username":"arwin"}]
2017-02-02 05:06:50	[{"keyword":"#sarapanseru","from":"2017-01-31","mode":"submitSocial","container":"all","username":"arwin"}]
2017-02-02 05:06:53	[{"keyword":"#rawonkaneloop","from":"2017-01-31","mode":"submitSocial","container":"all","username":"arwin"}]
2017-02-02 05:06:55	[{"keyword":"#gudegkendilkeraton","from":"2017-01-31","mode":"submitSocial","container":"all","username":"arwin"}]
2017-02-02 05:06:57	[{"keyword":"#gadogadobutika","from":"2017-01-31","mode":"submitSocial","container":"all","username":"arwin"}]
2017-02-02 05:06:59	[{"keyword":"#mtvhottest","from":"2017-01-31","mode":"submitSocial","container":"all","username":"arwin"}]
2017-02-02 05:07:02	[{"keyword":"#dimsumcjdw","from":"2017-01-31","mode":"submitSocial","container":"all","username":"arwin"}]
2017-02-02 05:07:04	[{"keyword":"#pecelmadiunmbakniek","from":"2017-01-31","mode":"submitSocial","container":"all","username":"arwin"}]
2017-02-02 05:07:06	[{"keyword":"#depotarema","from":"2017-01-31","mode":"submitSocial","container":"all","username":"arwin"}]
2017-02-02 05:07:08	[{"keyword":"@bni46","from":"2017-01-31","mode":"submitSocial","container":"all","username":"arwin"}]
2017-02-02 05:07:11	[{"keyword":"@bankbri_id","from":"2017-01-31","mode":"submitSocial","container":"all","username":"arwin"}]
2017-02-02 05:07:13	[{"keyword":"#bni46","from":"2017-01-31","mode":"submitSocial","container":"all","username":"arwin"}]
2017-02-02 05:07:17	[{"keyword":"macet","from":"2017-01-31","mode":"submitSocial","container":"all","username":"arwin"}]
2017-02-02 05:07:19	[{"keyword":"#selamatpagi","from":"2017-01-31","mode":"submitSocial","container":"all","username":"arwin"}]
2017-02-02 05:07:22	[{"keyword":"#selamatmalam","from":"2017-01-31","mode":"submitSocial","container":"all","username":"arwin"}]
2017-02-02 05:07:24	[{"keyword":"@884globalradio","from":"2017-01-31","mode":"submitSocial","container":"all","username":"arwin"}]
2017-02-02 05:07:26	[{"keyword":"@day_trans","from":"2017-01-31","mode":"submitSocial","container":"all","username":"arwin"}]
2017-02-02 05:07:28	[{"keyword":"@kencanavoyage","from":"2017-01-31","mode":"submitSocial","container":"all","username":"arwin"}]
2017-02-02 05:07:31	[{"keyword":"@jukebox5d","from":"2017-01-31","mode":"submitSocial","container":"all","username":"arwin"}]
2017-02-02 05:07:33	[{"keyword":"#mtvhottest","from":"2017-01-31","mode":"submitSocial","container":"all","username":"arwin"}]
2017-02-02 05:07:35	[{"keyword":"#semangatpagi","from":"2017-01-31","mode":"submitSocial","container":"all","username":"arwin"}]
2017-02-02 05:07:38	[{"keyword":"lifebuoy","from":"2017-01-31","mode":"submitSocial","container":"all","username":"arwin"}]
2017-02-02 05:07:43	[{"keyword":"jokowi","from":"2017-01-31","mode":"submitSocial","container":"all","username":"arwin"}]
2017-02-02 05:07:51	[{"keyword":"obama","from":"2017-01-31","mode":"submitSocial","container":"all","username":"arwin"}]
2017-02-02 05:07:54	[{"keyword":"starwars","from":"2017-01-31","mode":"submitSocial","container":"all","username":"arwin"}]
2017-02-02 05:07:58	[{"keyword":"jonan","from":"2017-01-31","mode":"submitSocial","container":"all","username":"arwin"}]
2017-02-02 05:08:06	[{"keyword":"pagi","from":"2017-01-31","mode":"submitSocial","container":"all","username":"arwin"}]
2017-02-02 05:08:09	[{"keyword":"sampoerna","from":"2017-01-31","mode":"submitSocial","container":"all","username":"arwin"}]
2017-02-02 05:08:12	[{"keyword":"djarum","from":"2017-01-31","mode":"submitSocial","container":"all","username":"arwin"}]
2017-02-02 05:08:15	[{"keyword":"#semangatpagi","from":"2017-01-31","mode":"submitSocial","container":"all","username":"arwin"}]
2017-02-02 05:08:16	[{"keyword":"#generaksi8","from":"2017-01-31","mode":"submitSocial","container":"all","username":"arwin"}]
2017-02-02 05:08:19	[{"keyword":"#365alasan","from":"2017-01-31","mode":"submitSocial","container":"all","username":"arwin"}]
2017-02-02 05:08:22	[{"keyword":"weew","from":"2017-01-31","mode":"submitSocial","container":"all","username":"arwin"}]
2017-02-02 05:08:30	[{"keyword":"testing","from":"2017-01-31","mode":"submitSocial","container":"all","username":"arwin"}]
2017-02-02 05:08:33	[{"keyword":"#kopaja","from":"2017-01-31","mode":"submitSocial","container":"all","username":"arwin"}]
2017-02-02 05:08:35	[{"keyword":"#genkuisinsideout","from":"2017-01-31","mode":"submitSocial","container":"all","username":"arwin"}]
2017-02-02 05:08:38	[{"keyword":"starwars","from":"2017-01-31","mode":"submitSocial","container":"all","username":"arwin"}]
2017-02-02 05:08:41	[{"keyword":"#kopaja","from":"2017-01-31","mode":"submitSocial","container":"all","username":"arwin"}]
2017-02-02 05:08:44	[{"keyword":"mldspot","from":"2017-01-31","mode":"submitSocial","container":"all","username":"arwin"}]
2017-02-02 05:08:46	[{"keyword":"pbdjarum","from":"2017-01-31","mode":"submitSocial","container":"all","username":"arwin"}]
2017-02-02 05:08:48	[{"keyword":"temannabati","from":"2017-01-31","mode":"submitSocial","container":"all","username":"arwin"}]
2017-02-02 05:08:51	[{"keyword":"nextar","from":"2017-01-31","mode":"submitSocial","container":"all","username":"arwin"}]
2017-02-02 05:08:54	[{"keyword":"jokowo","from":"2017-01-31","mode":"submitSocial","container":"all","username":"arwin"}]
2017-02-02 05:08:59	[{"keyword":"prabowo","from":"2017-01-31","mode":"submitSocial","container":"all","username":"arwin"}]
2017-02-02 05:09:01	[{"keyword":"sudirman said","from":"2017-01-31","mode":"submitSocial","container":"all","username":"arwin"}]
2017-02-02 05:09:14	[{"keyword":"ahok","from":"2017-01-31","mode":"submitSocial","container":"all","username":"arwin"}]
2017-02-02 05:09:16	[{"keyword":"setyanovanto","from":"2017-01-31","mode":"submitSocial","container":"all","username":"arwin"}]
2017-02-02 05:09:22	[{"keyword":"jokowi","from":"2017-01-31","mode":"submitSocial","container":"all","username":"arwin"}]
2017-02-02 05:09:34	[{"keyword":"ahok","from":"2017-01-31","mode":"submitSocial","container":"all","username":"arwin"}]
2017-02-02 05:09:38	[{"keyword":"prabowo","from":"2017-01-31","mode":"submitSocial","container":"all","username":"arwin"}]
2017-02-02 05:09:41	[{"keyword":"sudirman said","from":"2017-01-31","mode":"submitSocial","container":"all","username":"arwin"}]
2017-02-02 05:09:43	[{"keyword":"setyanovanto","from":"2017-01-31","mode":"submitSocial","container":"all","username":"arwin"}]
2017-02-02 05:09:47	[{"keyword":"galau","from":"2017-01-31","mode":"submitSocial","container":"all","username":"arwin"}]
2017-02-02 05:09:50	[{"keyword":"#prestasiindonesia","from":"2017-01-31","mode":"submitSocial","container":"all","username":"arwin"}]
2017-02-02 05:09:52	[{"keyword":"@tw_debi","from":"2017-01-31","mode":"submitSocial","container":"all","username":"arwin"}]
2017-02-02 05:09:54	[{"keyword":"@officialfastron","from":"2017-01-31","mode":"submitSocial","container":"all","username":"arwin"}]
2017-02-02 05:09:57	[{"keyword":"@citibankid","from":"2017-01-31","mode":"submitSocial","container":"all","username":"arwin"}]
