2017-09-21 05:00:06	[{"keyword":"@987genfm","from":"2017-09-19","mode":"submitSocial","container":"all","username":"arwin"}]
2017-09-21 05:00:09	[{"keyword":"@101jakfm","from":"2017-09-19","mode":"submitSocial","container":"all","username":"arwin"}]
2017-09-21 05:00:12	[{"keyword":"@prambors","from":"2017-09-19","mode":"submitSocial","container":"all","username":"arwin"}]
2017-09-21 05:00:14	[{"keyword":"@hardrockfm","from":"2017-09-19","mode":"submitSocial","container":"all","username":"arwin"}]
2017-09-21 05:00:17	[{"keyword":"@kisfmjakarta","from":"2017-09-19","mode":"submitSocial","container":"all","username":"arwin"}]
2017-09-21 05:00:19	[{"keyword":"@delta_fm","from":"2017-09-19","mode":"submitSocial","container":"all","username":"arwin"}]
2017-09-21 05:00:22	[{"keyword":"@traxfmjkt","from":"2017-09-19","mode":"submitSocial","container":"all","username":"arwin"}]
2017-09-21 05:00:24	[{"keyword":"@iradiojakarta","from":"2017-09-19","mode":"submitSocial","container":"all","username":"arwin"}]
2017-09-21 05:00:26	[{"keyword":"@indika9160fm","from":"2017-09-19","mode":"submitSocial","container":"all","username":"arwin"}]
2017-09-21 05:00:28	[{"keyword":"@shellindonesia","from":"2017-09-19","mode":"submitSocial","container":"all","username":"arwin"}]
2017-09-21 05:00:30	[{"keyword":"@vpowerfans","from":"2017-09-19","mode":"submitSocial","container":"all","username":"arwin"}]
2017-09-21 05:00:33	[{"keyword":"@pertamaxind","from":"2017-09-19","mode":"submitSocial","container":"all","username":"arwin"}]
2017-09-21 05:00:35	[{"keyword":"@ptpertamina","from":"2017-09-19","mode":"submitSocial","container":"all","username":"arwin"}]
2017-09-21 05:00:37	[{"keyword":"@ozradiojakarta","from":"2017-09-19","mode":"submitSocial","container":"all","username":"arwin"}]
2017-09-21 05:00:39	[{"keyword":"@cosmopolitanfm","from":"2017-09-19","mode":"submitSocial","container":"all","username":"arwin"}]
2017-09-21 05:00:42	[{"keyword":"@mustang88fm","from":"2017-09-19","mode":"submitSocial","container":"all","username":"arwin"}]
2017-09-21 05:00:44	[{"keyword":"@debabaz","from":"2017-09-19","mode":"submitSocial","container":"all","username":"arwin"}]
2017-09-21 05:00:47	[{"keyword":"@detikcom","from":"2017-09-19","mode":"submitSocial","container":"all","username":"arwin"}]
2017-09-21 05:00:50	[{"keyword":"@radioelshinta","from":"2017-09-19","mode":"submitSocial","container":"all","username":"arwin"}]
2017-09-21 05:00:52	[{"keyword":"@cinema21","from":"2017-09-19","mode":"submitSocial","container":"all","username":"arwin"}]
2017-09-21 05:00:55	[{"keyword":"@officialrcti","from":"2017-09-19","mode":"submitSocial","container":"all","username":"arwin"}]
2017-09-21 05:00:57	[{"keyword":"@transtv_corp","from":"2017-09-19","mode":"submitSocial","container":"all","username":"arwin"}]
2017-09-21 05:00:59	[{"keyword":"@trans7","from":"2017-09-19","mode":"submitSocial","container":"all","username":"arwin"}]
2017-09-21 05:01:02	[{"keyword":"@metro_tv","from":"2017-09-19","mode":"submitSocial","container":"all","username":"arwin"}]
2017-09-21 05:01:05	[{"keyword":"@tvonenews","from":"2017-09-19","mode":"submitSocial","container":"all","username":"arwin"}]
2017-09-21 05:01:08	[{"keyword":"@whatsonantv","from":"2017-09-19","mode":"submitSocial","container":"all","username":"arwin"}]
2017-09-21 05:01:11	[{"keyword":"@sctv_","from":"2017-09-19","mode":"submitSocial","container":"all","username":"arwin"}]
2017-09-21 05:01:13	[{"keyword":"@kompastv","from":"2017-09-19","mode":"submitSocial","container":"all","username":"arwin"}]
2017-09-21 05:01:16	[{"keyword":"@netmediatama","from":"2017-09-19","mode":"submitSocial","container":"all","username":"arwin"}]
2017-09-21 05:01:18	[{"keyword":"@globaltvseru","from":"2017-09-19","mode":"submitSocial","container":"all","username":"arwin"}]
2017-09-21 05:01:20	[{"keyword":"@jaktvcom","from":"2017-09-19","mode":"submitSocial","container":"all","username":"arwin"}]
2017-09-21 05:01:23	[{"keyword":"@tvrinasional","from":"2017-09-19","mode":"submitSocial","container":"all","username":"arwin"}]
2017-09-21 05:01:25	[{"keyword":"@ochannelupdates","from":"2017-09-19","mode":"submitSocial","container":"all","username":"arwin"}]
2017-09-21 05:01:27	[{"keyword":"@indosiarid","from":"2017-09-19","mode":"submitSocial","container":"all","username":"arwin"}]
2017-09-21 05:01:32	[{"keyword":"@kompascom","from":"2017-09-19","mode":"submitSocial","container":"all","username":"arwin"}]
2017-09-21 05:01:34	[{"keyword":"@merdekadotcom","from":"2017-09-19","mode":"submitSocial","container":"all","username":"arwin"}]
2017-09-21 05:01:36	[{"keyword":"@midotcom","from":"2017-09-19","mode":"submitSocial","container":"all","username":"arwin"}]
2017-09-21 05:01:39	[{"keyword":"@tempodotco","from":"2017-09-19","mode":"submitSocial","container":"all","username":"arwin"}]
2017-09-21 05:01:41	[{"keyword":"@motion975fm","from":"2017-09-19","mode":"submitSocial","container":"all","username":"arwin"}]
2017-09-21 05:01:44	[{"keyword":"@_radiotoday","from":"2017-09-19","mode":"submitSocial","container":"all","username":"arwin"}]
2017-09-21 05:01:46	[{"keyword":"@radioinfo","from":"2017-09-19","mode":"submitSocial","container":"all","username":"arwin"}]
2017-09-21 05:01:48	[{"keyword":"@979femaleradio","from":"2017-09-19","mode":"submitSocial","container":"all","username":"arwin"}]
2017-09-21 05:01:50	[{"keyword":"@womanradio943fm","from":"2017-09-19","mode":"submitSocial","container":"all","username":"arwin"}]
2017-09-21 05:01:52	[{"keyword":"@vradiofm","from":"2017-09-19","mode":"submitSocial","container":"all","username":"arwin"}]
2017-09-21 05:01:54	[{"keyword":"@ufm947","from":"2017-09-19","mode":"submitSocial","container":"all","username":"arwin"}]
2017-09-21 05:01:56	[{"keyword":"@vivanews","from":"2017-09-19","mode":"submitSocial","container":"all","username":"arwin"}]
2017-09-21 05:01:59	[{"keyword":"@antaranews","from":"2017-09-19","mode":"submitSocial","container":"all","username":"arwin"}]
2017-09-21 05:02:02	[{"keyword":"@tribunnews","from":"2017-09-19","mode":"submitSocial","container":"all","username":"arwin"}]
2017-09-21 05:02:04	[{"keyword":"@okezonenews","from":"2017-09-19","mode":"submitSocial","container":"all","username":"arwin"}]
2017-09-21 05:02:07	[{"keyword":"@beritasatu","from":"2017-09-19","mode":"submitSocial","container":"all","username":"arwin"}]
2017-09-21 05:02:09	[{"keyword":"@rollingstoneina","from":"2017-09-19","mode":"submitSocial","container":"all","username":"arwin"}]
2017-09-21 05:02:11	[{"keyword":"@fimeladotcom","from":"2017-09-19","mode":"submitSocial","container":"all","username":"arwin"}]
2017-09-21 05:02:14	[{"keyword":"@kapanlagicom","from":"2017-09-19","mode":"submitSocial","container":"all","username":"arwin"}]
2017-09-21 05:02:16	[{"keyword":"@kompasent","from":"2017-09-19","mode":"submitSocial","container":"all","username":"arwin"}]
2017-09-21 05:02:18	[{"keyword":"@haimagazine","from":"2017-09-19","mode":"submitSocial","container":"all","username":"arwin"}]
2017-09-21 05:02:20	[{"keyword":"@jakartavenue","from":"2017-09-19","mode":"submitSocial","container":"all","username":"arwin"}]
2017-09-21 05:02:23	[{"keyword":"@seputarevent","from":"2017-09-19","mode":"submitSocial","container":"all","username":"arwin"}]
2017-09-21 05:02:25	[{"keyword":"@ismayalive","from":"2017-09-19","mode":"submitSocial","container":"all","username":"arwin"}]
2017-09-21 05:02:27	[{"keyword":"@ecentertainment","from":"2017-09-19","mode":"submitSocial","container":"all","username":"arwin"}]
2017-09-21 05:02:29	[{"keyword":"@synergism_en","from":"2017-09-19","mode":"submitSocial","container":"all","username":"arwin"}]
2017-09-21 05:02:31	[{"keyword":"@urbanbandung","from":"2017-09-19","mode":"submitSocial","container":"all","username":"arwin"}]
2017-09-21 05:02:33	[{"keyword":"@urbanrkm995","from":"2017-09-19","mode":"submitSocial","container":"all","username":"arwin"}]
2017-09-21 05:02:35	[{"keyword":"@garuda_promo","from":"2017-09-19","mode":"submitSocial","container":"all","username":"arwin"}]
2017-09-21 05:02:38	[{"keyword":"@airasiaid","from":"2017-09-19","mode":"submitSocial","container":"all","username":"arwin"}]
2017-09-21 05:02:40	[{"keyword":"@kai121","from":"2017-09-19","mode":"submitSocial","container":"all","username":"arwin"}]
2017-09-21 05:02:43	[{"keyword":"@unilever","from":"2017-09-19","mode":"submitSocial","container":"all","username":"arwin"}]
2017-09-21 05:02:46	[{"keyword":"@nestle","from":"2017-09-19","mode":"submitSocial","container":"all","username":"arwin"}]
2017-09-21 05:02:49	[{"keyword":"@cocacola","from":"2017-09-19","mode":"submitSocial","container":"all","username":"arwin"}]
2017-09-21 05:02:58	[{"keyword":"@cnn","from":"2017-09-19","mode":"submitSocial","container":"all","username":"arwin"}]
2017-09-21 05:03:04	[{"keyword":"@mtv","from":"2017-09-19","mode":"submitSocial","container":"all","username":"arwin"}]
2017-09-21 05:03:06	[{"keyword":"@channelv","from":"2017-09-19","mode":"submitSocial","container":"all","username":"arwin"}]
2017-09-21 05:03:08	[{"keyword":"@itunesmusic","from":"2017-09-19","mode":"submitSocial","container":"all","username":"arwin"}]
2017-09-21 05:03:12	[{"keyword":"@mashable","from":"2017-09-19","mode":"submitSocial","container":"all","username":"arwin"}]
2017-09-21 05:03:14	[{"keyword":"@decacaz","from":"2017-09-19","mode":"submitSocial","container":"all","username":"arwin"}]
2017-09-21 05:03:16	[{"keyword":"@radiobaru967fm","from":"2017-09-19","mode":"submitSocial","container":"all","username":"arwin"}]
2017-09-21 05:03:18	[{"keyword":"@967hitzfm","from":"2017-09-19","mode":"submitSocial","container":"all","username":"arwin"}]
2017-09-21 05:03:21	[{"keyword":"@tvguide","from":"2017-09-19","mode":"submitSocial","container":"all","username":"arwin"}]
2017-09-21 05:03:23	[{"keyword":"@xl123","from":"2017-09-19","mode":"submitSocial","container":"all","username":"arwin"}]
2017-09-21 05:03:25	[{"keyword":"@triindonesia","from":"2017-09-19","mode":"submitSocial","container":"all","username":"arwin"}]
2017-09-21 05:03:28	[{"keyword":"@kaskus","from":"2017-09-19","mode":"submitSocial","container":"all","username":"arwin"}]
2017-09-21 05:03:30	[{"keyword":"@studio_xxi","from":"2017-09-19","mode":"submitSocial","container":"all","username":"arwin"}]
2017-09-21 05:03:32	[{"keyword":"@blitzmegaplex","from":"2017-09-19","mode":"submitSocial","container":"all","username":"arwin"}]
2017-09-21 05:03:34	[{"keyword":"@alfamartku","from":"2017-09-19","mode":"submitSocial","container":"all","username":"arwin"}]
2017-09-21 05:03:36	[{"keyword":"@carrefour_id","from":"2017-09-19","mode":"submitSocial","container":"all","username":"arwin"}]
2017-09-21 05:03:41	[{"keyword":"@bbcbreaking","from":"2017-09-19","mode":"submitSocial","container":"all","username":"arwin"}]
2017-09-21 05:03:49	[{"keyword":"@forbes","from":"2017-09-19","mode":"submitSocial","container":"all","username":"arwin"}]
2017-09-21 05:03:52	[{"keyword":"@bensradio","from":"2017-09-19","mode":"submitSocial","container":"all","username":"arwin"}]
2017-09-21 05:03:57	[{"keyword":"@instagram","from":"2017-09-19","mode":"submitSocial","container":"all","username":"arwin"}]
2017-09-21 05:04:00	[{"keyword":"@pinterest","from":"2017-09-19","mode":"submitSocial","container":"all","username":"arwin"}]
2017-09-21 05:04:09	[{"keyword":"@google","from":"2017-09-19","mode":"submitSocial","container":"all","username":"arwin"}]
2017-09-21 05:04:11	[{"keyword":"@pertaminalub","from":"2017-09-19","mode":"submitSocial","container":"all","username":"arwin"}]
2017-09-21 05:04:13	[{"keyword":"@infolalintol","from":"2017-09-19","mode":"submitSocial","container":"all","username":"arwin"}]
2017-09-21 05:04:16	[{"keyword":"@ptjasamarga","from":"2017-09-19","mode":"submitSocial","container":"all","username":"arwin"}]
2017-09-21 05:04:18	[{"keyword":"@cititransindo","from":"2017-09-19","mode":"submitSocial","container":"all","username":"arwin"}]
2017-09-21 05:04:20	[{"keyword":"#semangatpagisuperr","from":"2017-09-19","mode":"submitSocial","container":"all","username":"arwin"}]
2017-09-21 05:04:22	[{"keyword":"#genkuisinsideout","from":"2017-09-19","mode":"submitSocial","container":"all","username":"arwin"}]
2017-09-21 05:04:24	[{"keyword":"#semangatpagi","from":"2017-09-19","mode":"submitSocial","container":"all","username":"arwin"}]
2017-09-21 05:04:26	[{"keyword":"#dikamar","from":"2017-09-19","mode":"submitSocial","container":"all","username":"arwin"}]
2017-09-21 05:04:28	[{"keyword":"#kopaja","from":"2017-09-19","mode":"submitSocial","container":"all","username":"arwin"}]
2017-09-21 05:04:30	[{"keyword":"#generaksi8","from":"2017-09-19","mode":"submitSocial","container":"all","username":"arwin"}]
2017-09-21 05:04:33	[{"keyword":"#hitztsp","from":"2017-09-19","mode":"submitSocial","container":"all","username":"arwin"}]
2017-09-21 05:04:35	[{"keyword":"#np","from":"2017-09-19","mode":"submitSocial","container":"all","username":"arwin"}]
2017-09-21 05:04:38	[{"keyword":"#hitzlivestage","from":"2017-09-19","mode":"submitSocial","container":"all","username":"arwin"}]
2017-09-21 05:04:40	[{"keyword":"#thefreaks","from":"2017-09-19","mode":"submitSocial","container":"all","username":"arwin"}]
2017-09-21 05:04:42	[{"keyword":"#hitzsirkuspagi","from":"2017-09-19","mode":"submitSocial","container":"all","username":"arwin"}]
2017-09-21 05:04:44	[{"keyword":"#hitzathlon","from":"2017-09-19","mode":"submitSocial","container":"all","username":"arwin"}]
2017-09-21 05:04:46	[{"keyword":"#hitzzombie","from":"2017-09-19","mode":"submitSocial","container":"all","username":"arwin"}]
2017-09-21 05:04:49	[{"keyword":"#hitzkalong","from":"2017-09-19","mode":"submitSocial","container":"all","username":"arwin"}]
2017-09-21 05:04:51	[{"keyword":"#hitzbebas","from":"2017-09-19","mode":"submitSocial","container":"all","username":"arwin"}]
2017-09-21 05:04:53	[{"keyword":"#hitzhorehara","from":"2017-09-19","mode":"submitSocial","container":"all","username":"arwin"}]
2017-09-21 05:04:55	[{"keyword":"@zaloraid","from":"2017-09-19","mode":"submitSocial","container":"all","username":"arwin"}]
2017-09-21 05:04:57	[{"keyword":"@olx_indonesia","from":"2017-09-19","mode":"submitSocial","container":"all","username":"arwin"}]
2017-09-21 05:05:00	[{"keyword":"@lazadaid","from":"2017-09-19","mode":"submitSocial","container":"all","username":"arwin"}]
2017-09-21 05:05:03	[{"keyword":"@utrippers","from":"2017-09-19","mode":"submitSocial","container":"all","username":"arwin"}]
2017-09-21 05:05:06	[{"keyword":"@gogobot","from":"2017-09-19","mode":"submitSocial","container":"all","username":"arwin"}]
2017-09-21 05:05:08	[{"keyword":"@viatortravel","from":"2017-09-19","mode":"submitSocial","container":"all","username":"arwin"}]
2017-09-21 05:05:11	[{"keyword":"@alandakariza","from":"2017-09-19","mode":"submitSocial","container":"all","username":"arwin"}]
2017-09-21 05:05:13	[{"keyword":"@gagasmedia","from":"2017-09-19","mode":"submitSocial","container":"all","username":"arwin"}]
2017-09-21 05:05:15	[{"keyword":"@welovehonda","from":"2017-09-19","mode":"submitSocial","container":"all","username":"arwin"}]
2017-09-21 05:05:18	[{"keyword":"@suzukimotorid","from":"2017-09-19","mode":"submitSocial","container":"all","username":"arwin"}]
2017-09-21 05:05:20	[{"keyword":"@kawasakilovers","from":"2017-09-19","mode":"submitSocial","container":"all","username":"arwin"}]
2017-09-21 05:05:22	[{"keyword":"@yamahaindonesia","from":"2017-09-19","mode":"submitSocial","container":"all","username":"arwin"}]
2017-09-21 05:05:25	[{"keyword":"@tripanzee","from":"2017-09-19","mode":"submitSocial","container":"all","username":"arwin"}]
2017-09-21 05:05:27	[{"keyword":"@arnoldpoernomo","from":"2017-09-19","mode":"submitSocial","container":"all","username":"arwin"}]
2017-09-21 05:05:29	[{"keyword":"@nicsap","from":"2017-09-19","mode":"submitSocial","container":"all","username":"arwin"}]
2017-09-21 05:05:31	[{"keyword":"@tiket2","from":"2017-09-19","mode":"submitSocial","container":"all","username":"arwin"}]
2017-09-21 05:05:34	[{"keyword":"@traveloka","from":"2017-09-19","mode":"submitSocial","container":"all","username":"arwin"}]
2017-09-21 05:05:37	[{"keyword":"@wego","from":"2017-09-19","mode":"submitSocial","container":"all","username":"arwin"}]
2017-09-21 05:05:39	[{"keyword":"@agoda","from":"2017-09-19","mode":"submitSocial","container":"all","username":"arwin"}]
2017-09-21 05:05:42	[{"keyword":"#salahsambung","from":"2017-09-19","mode":"submitSocial","container":"all","username":"arwin"}]
2017-09-21 05:05:44	[{"keyword":"#tulalit","from":"2017-09-19","mode":"submitSocial","container":"all","username":"arwin"}]
2017-09-21 05:05:46	[{"keyword":"#pestageneraksi8","from":"2017-09-19","mode":"submitSocial","container":"all","username":"arwin"}]
2017-09-21 05:05:48	[{"keyword":"#ganaskustik","from":"2017-09-19","mode":"submitSocial","container":"all","username":"arwin"}]
2017-09-21 05:05:50	[{"keyword":"#lnhot20","from":"2017-09-19","mode":"submitSocial","container":"all","username":"arwin"}]
2017-09-21 05:05:52	[{"keyword":"@tripadvisor","from":"2017-09-19","mode":"submitSocial","container":"all","username":"arwin"}]
2017-09-21 05:06:00	[{"keyword":"@google","from":"2017-09-19","mode":"submitSocial","container":"all","username":"arwin"}]
2017-09-21 05:06:03	[{"keyword":"@telkomsel","from":"2017-09-19","mode":"submitSocial","container":"all","username":"arwin"}]
2017-09-21 05:06:06	[{"keyword":"@indosat","from":"2017-09-19","mode":"submitSocial","container":"all","username":"arwin"}]
2017-09-21 05:06:09	[{"keyword":"@bahanafmjkt","from":"2017-09-19","mode":"submitSocial","container":"all","username":""}]
2017-09-21 05:06:13	[{"keyword":"@sonorafm92","from":"2017-09-19","mode":"submitSocial","container":"all","username":"arwin"}]
2017-09-21 05:06:15	[{"keyword":"@litefm1058","from":"2017-09-19","mode":"submitSocial","container":"all","username":"arwin"}]
2017-09-21 05:06:17	[{"keyword":"@bravaradio","from":"2017-09-19","mode":"submitSocial","container":"all","username":"arwin"}]
2017-09-21 05:06:20	[{"keyword":"#dgitm","from":"2017-09-19","mode":"submitSocial","container":"all","username":"arwin"}]
2017-09-21 05:06:22	[{"keyword":"#hitsalaprambors","from":"2017-09-19","mode":"submitSocial","container":"all","username":"arwin"}]
2017-09-21 05:06:24	[{"keyword":"#reqprambors","from":"2017-09-19","mode":"submitSocial","container":"all","username":"arwin"}]
2017-09-21 05:06:27	[{"keyword":"#thedandees","from":"2017-09-19","mode":"submitSocial","container":"all","username":"arwin"}]
2017-09-21 05:06:29	[{"keyword":"#pramborsquiz","from":"2017-09-19","mode":"submitSocial","container":"all","username":"arwin"}]
2017-09-21 05:06:31	[{"keyword":"#jeliprambors","from":"2017-09-19","mode":"submitSocial","container":"all","username":"arwin"}]
2017-09-21 05:06:33	[{"keyword":"#jodohinprambors","from":"2017-09-19","mode":"submitSocial","container":"all","username":"arwin"}]
2017-09-21 05:06:35	[{"keyword":"#ubahdenganbicara","from":"2017-09-19","mode":"submitSocial","container":"all","username":"arwin"}]
2017-09-21 05:06:37	[{"keyword":"#pramborschat","from":"2017-09-19","mode":"submitSocial","container":"all","username":"arwin"}]
2017-09-21 05:06:39	[{"keyword":"#tweetforduit","from":"2017-09-19","mode":"submitSocial","container":"all","username":"arwin"}]
2017-09-21 05:06:41	[{"keyword":"#joki3in1","from":"2017-09-19","mode":"submitSocial","container":"all","username":"arwin"}]
2017-09-21 05:06:43	[{"keyword":"#sarapanseru","from":"2017-09-19","mode":"submitSocial","container":"all","username":"arwin"}]
2017-09-21 05:06:45	[{"keyword":"#rawonkaneloop","from":"2017-09-19","mode":"submitSocial","container":"all","username":"arwin"}]
2017-09-21 05:06:48	[{"keyword":"#gudegkendilkeraton","from":"2017-09-19","mode":"submitSocial","container":"all","username":"arwin"}]
2017-09-21 05:06:50	[{"keyword":"#gadogadobutika","from":"2017-09-19","mode":"submitSocial","container":"all","username":"arwin"}]
2017-09-21 05:06:52	[{"keyword":"#mtvhottest","from":"2017-09-19","mode":"submitSocial","container":"all","username":"arwin"}]
2017-09-21 05:06:54	[{"keyword":"#dimsumcjdw","from":"2017-09-19","mode":"submitSocial","container":"all","username":"arwin"}]
2017-09-21 05:06:56	[{"keyword":"#pecelmadiunmbakniek","from":"2017-09-19","mode":"submitSocial","container":"all","username":"arwin"}]
2017-09-21 05:06:59	[{"keyword":"#depotarema","from":"2017-09-19","mode":"submitSocial","container":"all","username":"arwin"}]
2017-09-21 05:07:01	[{"keyword":"@bni46","from":"2017-09-19","mode":"submitSocial","container":"all","username":"arwin"}]
2017-09-21 05:07:03	[{"keyword":"@bankbri_id","from":"2017-09-19","mode":"submitSocial","container":"all","username":"arwin"}]
2017-09-21 05:07:05	[{"keyword":"#bni46","from":"2017-09-19","mode":"submitSocial","container":"all","username":"arwin"}]
2017-09-21 05:07:09	[{"keyword":"macet","from":"2017-09-19","mode":"submitSocial","container":"all","username":"arwin"}]
2017-09-21 05:07:12	[{"keyword":"#selamatpagi","from":"2017-09-19","mode":"submitSocial","container":"all","username":"arwin"}]
2017-09-21 05:07:14	[{"keyword":"#selamatmalam","from":"2017-09-19","mode":"submitSocial","container":"all","username":"arwin"}]
2017-09-21 05:07:16	[{"keyword":"@884globalradio","from":"2017-09-19","mode":"submitSocial","container":"all","username":"arwin"}]
2017-09-21 05:07:18	[{"keyword":"@day_trans","from":"2017-09-19","mode":"submitSocial","container":"all","username":"arwin"}]
2017-09-21 05:07:20	[{"keyword":"@kencanavoyage","from":"2017-09-19","mode":"submitSocial","container":"all","username":"arwin"}]
2017-09-21 05:07:23	[{"keyword":"@jukebox5d","from":"2017-09-19","mode":"submitSocial","container":"all","username":"arwin"}]
2017-09-21 05:07:25	[{"keyword":"#mtvhottest","from":"2017-09-19","mode":"submitSocial","container":"all","username":"arwin"}]
2017-09-21 05:07:27	[{"keyword":"#semangatpagi","from":"2017-09-19","mode":"submitSocial","container":"all","username":"arwin"}]
2017-09-21 05:07:29	[{"keyword":"lifebuoy","from":"2017-09-19","mode":"submitSocial","container":"all","username":"arwin"}]
2017-09-21 05:07:37	[{"keyword":"jokowi","from":"2017-09-19","mode":"submitSocial","container":"all","username":"arwin"}]
2017-09-21 05:07:46	[{"keyword":"obama","from":"2017-09-19","mode":"submitSocial","container":"all","username":"arwin"}]
2017-09-21 05:07:48	[{"keyword":"starwars","from":"2017-09-19","mode":"submitSocial","container":"all","username":"arwin"}]
2017-09-21 05:07:51	[{"keyword":"jonan","from":"2017-09-19","mode":"submitSocial","container":"all","username":"arwin"}]
2017-09-21 05:07:59	[{"keyword":"pagi","from":"2017-09-19","mode":"submitSocial","container":"all","username":"arwin"}]
2017-09-21 05:08:01	[{"keyword":"sampoerna","from":"2017-09-19","mode":"submitSocial","container":"all","username":"arwin"}]
2017-09-21 05:08:04	[{"keyword":"djarum","from":"2017-09-19","mode":"submitSocial","container":"all","username":"arwin"}]
2017-09-21 05:08:06	[{"keyword":"#semangatpagi","from":"2017-09-19","mode":"submitSocial","container":"all","username":"arwin"}]
2017-09-21 05:08:08	[{"keyword":"#generaksi8","from":"2017-09-19","mode":"submitSocial","container":"all","username":"arwin"}]
2017-09-21 05:08:10	[{"keyword":"#365alasan","from":"2017-09-19","mode":"submitSocial","container":"all","username":"arwin"}]
2017-09-21 05:08:13	[{"keyword":"weew","from":"2017-09-19","mode":"submitSocial","container":"all","username":"arwin"}]
2017-09-21 05:08:20	[{"keyword":"testing","from":"2017-09-19","mode":"submitSocial","container":"all","username":"arwin"}]
2017-09-21 05:08:22	[{"keyword":"#kopaja","from":"2017-09-19","mode":"submitSocial","container":"all","username":"arwin"}]
2017-09-21 05:08:24	[{"keyword":"#genkuisinsideout","from":"2017-09-19","mode":"submitSocial","container":"all","username":"arwin"}]
2017-09-21 05:08:27	[{"keyword":"starwars","from":"2017-09-19","mode":"submitSocial","container":"all","username":"arwin"}]
2017-09-21 05:08:29	[{"keyword":"#kopaja","from":"2017-09-19","mode":"submitSocial","container":"all","username":"arwin"}]
2017-09-21 05:08:32	[{"keyword":"mldspot","from":"2017-09-19","mode":"submitSocial","container":"all","username":"arwin"}]
2017-09-21 05:08:34	[{"keyword":"pbdjarum","from":"2017-09-19","mode":"submitSocial","container":"all","username":"arwin"}]
2017-09-21 05:08:36	[{"keyword":"temannabati","from":"2017-09-19","mode":"submitSocial","container":"all","username":"arwin"}]
2017-09-21 05:08:39	[{"keyword":"nextar","from":"2017-09-19","mode":"submitSocial","container":"all","username":"arwin"}]
2017-09-21 05:08:42	[{"keyword":"jokowo","from":"2017-09-19","mode":"submitSocial","container":"all","username":"arwin"}]
2017-09-21 05:08:46	[{"keyword":"prabowo","from":"2017-09-19","mode":"submitSocial","container":"all","username":"arwin"}]
2017-09-21 05:08:49	[{"keyword":"sudirman said","from":"2017-09-19","mode":"submitSocial","container":"all","username":"arwin"}]
2017-09-21 05:08:52	[{"keyword":"ahok","from":"2017-09-19","mode":"submitSocial","container":"all","username":"arwin"}]
2017-09-21 05:08:54	[{"keyword":"setyanovanto","from":"2017-09-19","mode":"submitSocial","container":"all","username":"arwin"}]
2017-09-21 05:09:02	[{"keyword":"jokowi","from":"2017-09-19","mode":"submitSocial","container":"all","username":"arwin"}]
2017-09-21 05:09:06	[{"keyword":"ahok","from":"2017-09-19","mode":"submitSocial","container":"all","username":"arwin"}]
2017-09-21 05:09:11	[{"keyword":"prabowo","from":"2017-09-19","mode":"submitSocial","container":"all","username":"arwin"}]
2017-09-21 05:09:13	[{"keyword":"sudirman said","from":"2017-09-19","mode":"submitSocial","container":"all","username":"arwin"}]
2017-09-21 05:09:15	[{"keyword":"setyanovanto","from":"2017-09-19","mode":"submitSocial","container":"all","username":"arwin"}]
2017-09-21 05:09:19	[{"keyword":"galau","from":"2017-09-19","mode":"submitSocial","container":"all","username":"arwin"}]
2017-09-21 05:09:21	[{"keyword":"#prestasiindonesia","from":"2017-09-19","mode":"submitSocial","container":"all","username":"arwin"}]
2017-09-21 05:09:23	[{"keyword":"@tw_debi","from":"2017-09-19","mode":"submitSocial","container":"all","username":"arwin"}]
2017-09-21 05:09:25	[{"keyword":"@officialfastron","from":"2017-09-19","mode":"submitSocial","container":"all","username":"arwin"}]
2017-09-21 05:09:27	[{"keyword":"@citibankid","from":"2017-09-19","mode":"submitSocial","container":"all","username":"arwin"}]
2017-09-21 05:09:30	[{"keyword":"@jak101fm","from":"2017-09-19","mode":"submitSocial","container":"all","username":"arwin"}]
2017-09-21 05:09:32	[{"keyword":"@genfm","from":"2017-09-19","mode":"submitSocial","container":"all","username":"arwin"}]
