2017-12-29 05:00:05	[{"keyword":"@987genfm","from":"2017-12-27","mode":"submitSocial","container":"all","username":"arwin"}]
2017-12-29 05:00:08	[{"keyword":"@101jakfm","from":"2017-12-27","mode":"submitSocial","container":"all","username":"arwin"}]
2017-12-29 05:00:11	[{"keyword":"@prambors","from":"2017-12-27","mode":"submitSocial","container":"all","username":"arwin"}]
2017-12-29 05:00:14	[{"keyword":"@hardrockfm","from":"2017-12-27","mode":"submitSocial","container":"all","username":"arwin"}]
2017-12-29 05:00:16	[{"keyword":"@kisfmjakarta","from":"2017-12-27","mode":"submitSocial","container":"all","username":"arwin"}]
2017-12-29 05:00:19	[{"keyword":"@delta_fm","from":"2017-12-27","mode":"submitSocial","container":"all","username":"arwin"}]
2017-12-29 05:00:21	[{"keyword":"@traxfmjkt","from":"2017-12-27","mode":"submitSocial","container":"all","username":"arwin"}]
2017-12-29 05:00:23	[{"keyword":"@iradiojakarta","from":"2017-12-27","mode":"submitSocial","container":"all","username":"arwin"}]
2017-12-29 05:00:26	[{"keyword":"@indika9160fm","from":"2017-12-27","mode":"submitSocial","container":"all","username":"arwin"}]
2017-12-29 05:00:28	[{"keyword":"@shellindonesia","from":"2017-12-27","mode":"submitSocial","container":"all","username":"arwin"}]
2017-12-29 05:00:30	[{"keyword":"@vpowerfans","from":"2017-12-27","mode":"submitSocial","container":"all","username":"arwin"}]
2017-12-29 05:00:33	[{"keyword":"@pertamaxind","from":"2017-12-27","mode":"submitSocial","container":"all","username":"arwin"}]
2017-12-29 05:00:35	[{"keyword":"@ptpertamina","from":"2017-12-27","mode":"submitSocial","container":"all","username":"arwin"}]
2017-12-29 05:00:38	[{"keyword":"@ozradiojakarta","from":"2017-12-27","mode":"submitSocial","container":"all","username":"arwin"}]
2017-12-29 05:00:40	[{"keyword":"@cosmopolitanfm","from":"2017-12-27","mode":"submitSocial","container":"all","username":"arwin"}]
2017-12-29 05:00:43	[{"keyword":"@mustang88fm","from":"2017-12-27","mode":"submitSocial","container":"all","username":"arwin"}]
2017-12-29 05:00:45	[{"keyword":"@debabaz","from":"2017-12-27","mode":"submitSocial","container":"all","username":"arwin"}]
2017-12-29 05:00:49	[{"keyword":"@detikcom","from":"2017-12-27","mode":"submitSocial","container":"all","username":"arwin"}]
2017-12-29 05:00:52	[{"keyword":"@radioelshinta","from":"2017-12-27","mode":"submitSocial","container":"all","username":"arwin"}]
2017-12-29 05:00:54	[{"keyword":"@cinema21","from":"2017-12-27","mode":"submitSocial","container":"all","username":"arwin"}]
2017-12-29 05:00:57	[{"keyword":"@officialrcti","from":"2017-12-27","mode":"submitSocial","container":"all","username":"arwin"}]
2017-12-29 05:00:59	[{"keyword":"@transtv_corp","from":"2017-12-27","mode":"submitSocial","container":"all","username":"arwin"}]
2017-12-29 05:01:02	[{"keyword":"@trans7","from":"2017-12-27","mode":"submitSocial","container":"all","username":"arwin"}]
2017-12-29 05:01:05	[{"keyword":"@metro_tv","from":"2017-12-27","mode":"submitSocial","container":"all","username":"arwin"}]
2017-12-29 05:01:08	[{"keyword":"@tvonenews","from":"2017-12-27","mode":"submitSocial","container":"all","username":"arwin"}]
2017-12-29 05:01:10	[{"keyword":"@whatsonantv","from":"2017-12-27","mode":"submitSocial","container":"all","username":"arwin"}]
2017-12-29 05:01:13	[{"keyword":"@sctv_","from":"2017-12-27","mode":"submitSocial","container":"all","username":"arwin"}]
2017-12-29 05:01:16	[{"keyword":"@kompastv","from":"2017-12-27","mode":"submitSocial","container":"all","username":"arwin"}]
2017-12-29 05:01:19	[{"keyword":"@netmediatama","from":"2017-12-27","mode":"submitSocial","container":"all","username":"arwin"}]
2017-12-29 05:01:21	[{"keyword":"@globaltvseru","from":"2017-12-27","mode":"submitSocial","container":"all","username":"arwin"}]
2017-12-29 05:01:24	[{"keyword":"@jaktvcom","from":"2017-12-27","mode":"submitSocial","container":"all","username":"arwin"}]
2017-12-29 05:01:26	[{"keyword":"@tvrinasional","from":"2017-12-27","mode":"submitSocial","container":"all","username":"arwin"}]
2017-12-29 05:01:28	[{"keyword":"@ochannelupdates","from":"2017-12-27","mode":"submitSocial","container":"all","username":"arwin"}]
2017-12-29 05:01:33	[{"keyword":"@indosiarid","from":"2017-12-27","mode":"submitSocial","container":"all","username":"arwin"}]
2017-12-29 05:01:36	[{"keyword":"@kompascom","from":"2017-12-27","mode":"submitSocial","container":"all","username":"arwin"}]
2017-12-29 05:01:39	[{"keyword":"@merdekadotcom","from":"2017-12-27","mode":"submitSocial","container":"all","username":"arwin"}]
2017-12-29 05:01:41	[{"keyword":"@midotcom","from":"2017-12-27","mode":"submitSocial","container":"all","username":"arwin"}]
2017-12-29 05:01:44	[{"keyword":"@tempodotco","from":"2017-12-27","mode":"submitSocial","container":"all","username":"arwin"}]
2017-12-29 05:01:47	[{"keyword":"@motion975fm","from":"2017-12-27","mode":"submitSocial","container":"all","username":"arwin"}]
2017-12-29 05:01:49	[{"keyword":"@_radiotoday","from":"2017-12-27","mode":"submitSocial","container":"all","username":"arwin"}]
2017-12-29 05:01:51	[{"keyword":"@radioinfo","from":"2017-12-27","mode":"submitSocial","container":"all","username":"arwin"}]
2017-12-29 05:01:54	[{"keyword":"@979femaleradio","from":"2017-12-27","mode":"submitSocial","container":"all","username":"arwin"}]
2017-12-29 05:01:56	[{"keyword":"@womanradio943fm","from":"2017-12-27","mode":"submitSocial","container":"all","username":"arwin"}]
2017-12-29 05:01:58	[{"keyword":"@vradiofm","from":"2017-12-27","mode":"submitSocial","container":"all","username":"arwin"}]
2017-12-29 05:02:00	[{"keyword":"@ufm947","from":"2017-12-27","mode":"submitSocial","container":"all","username":"arwin"}]
2017-12-29 05:02:03	[{"keyword":"@vivanews","from":"2017-12-27","mode":"submitSocial","container":"all","username":"arwin"}]
2017-12-29 05:02:05	[{"keyword":"@antaranews","from":"2017-12-27","mode":"submitSocial","container":"all","username":"arwin"}]
2017-12-29 05:02:09	[{"keyword":"@tribunnews","from":"2017-12-27","mode":"submitSocial","container":"all","username":"arwin"}]
2017-12-29 05:02:11	[{"keyword":"@okezonenews","from":"2017-12-27","mode":"submitSocial","container":"all","username":"arwin"}]
2017-12-29 05:02:14	[{"keyword":"@beritasatu","from":"2017-12-27","mode":"submitSocial","container":"all","username":"arwin"}]
2017-12-29 05:02:16	[{"keyword":"@rollingstoneina","from":"2017-12-27","mode":"submitSocial","container":"all","username":"arwin"}]
2017-12-29 05:02:18	[{"keyword":"@fimeladotcom","from":"2017-12-27","mode":"submitSocial","container":"all","username":"arwin"}]
2017-12-29 05:02:20	[{"keyword":"@kapanlagicom","from":"2017-12-27","mode":"submitSocial","container":"all","username":"arwin"}]
2017-12-29 05:02:23	[{"keyword":"@kompasent","from":"2017-12-27","mode":"submitSocial","container":"all","username":"arwin"}]
2017-12-29 05:02:25	[{"keyword":"@haimagazine","from":"2017-12-27","mode":"submitSocial","container":"all","username":"arwin"}]
2017-12-29 05:02:28	[{"keyword":"@jakartavenue","from":"2017-12-27","mode":"submitSocial","container":"all","username":"arwin"}]
2017-12-29 05:02:30	[{"keyword":"@seputarevent","from":"2017-12-27","mode":"submitSocial","container":"all","username":"arwin"}]
2017-12-29 05:02:32	[{"keyword":"@ismayalive","from":"2017-12-27","mode":"submitSocial","container":"all","username":"arwin"}]
2017-12-29 05:02:35	[{"keyword":"@ecentertainment","from":"2017-12-27","mode":"submitSocial","container":"all","username":"arwin"}]
2017-12-29 05:02:37	[{"keyword":"@synergism_en","from":"2017-12-27","mode":"submitSocial","container":"all","username":"arwin"}]
2017-12-29 05:02:39	[{"keyword":"@urbanbandung","from":"2017-12-27","mode":"submitSocial","container":"all","username":"arwin"}]
2017-12-29 05:02:41	[{"keyword":"@urbanrkm995","from":"2017-12-27","mode":"submitSocial","container":"all","username":"arwin"}]
2017-12-29 05:02:44	[{"keyword":"@garuda_promo","from":"2017-12-27","mode":"submitSocial","container":"all","username":"arwin"}]
2017-12-29 05:02:46	[{"keyword":"@airasiaid","from":"2017-12-27","mode":"submitSocial","container":"all","username":"arwin"}]
2017-12-29 05:02:49	[{"keyword":"@kai121","from":"2017-12-27","mode":"submitSocial","container":"all","username":"arwin"}]
2017-12-29 05:02:51	[{"keyword":"@unilever","from":"2017-12-27","mode":"submitSocial","container":"all","username":"arwin"}]
2017-12-29 05:02:54	[{"keyword":"@nestle","from":"2017-12-27","mode":"submitSocial","container":"all","username":"arwin"}]
2017-12-29 05:02:58	[{"keyword":"@cocacola","from":"2017-12-27","mode":"submitSocial","container":"all","username":"arwin"}]
2017-12-29 05:03:05	[{"keyword":"@cnn","from":"2017-12-27","mode":"submitSocial","container":"all","username":"arwin"}]
2017-12-29 05:03:08	[{"keyword":"@mtv","from":"2017-12-27","mode":"submitSocial","container":"all","username":"arwin"}]
2017-12-29 05:03:10	[{"keyword":"@channelv","from":"2017-12-27","mode":"submitSocial","container":"all","username":"arwin"}]
2017-12-29 05:03:13	[{"keyword":"@itunesmusic","from":"2017-12-27","mode":"submitSocial","container":"all","username":"arwin"}]
2017-12-29 05:03:16	[{"keyword":"@mashable","from":"2017-12-27","mode":"submitSocial","container":"all","username":"arwin"}]
2017-12-29 05:03:19	[{"keyword":"@decacaz","from":"2017-12-27","mode":"submitSocial","container":"all","username":"arwin"}]
2017-12-29 05:03:21	[{"keyword":"@radiobaru967fm","from":"2017-12-27","mode":"submitSocial","container":"all","username":"arwin"}]
2017-12-29 05:03:23	[{"keyword":"@967hitzfm","from":"2017-12-27","mode":"submitSocial","container":"all","username":"arwin"}]
2017-12-29 05:03:26	[{"keyword":"@tvguide","from":"2017-12-27","mode":"submitSocial","container":"all","username":"arwin"}]
2017-12-29 05:03:28	[{"keyword":"@xl123","from":"2017-12-27","mode":"submitSocial","container":"all","username":"arwin"}]
2017-12-29 05:03:31	[{"keyword":"@triindonesia","from":"2017-12-27","mode":"submitSocial","container":"all","username":"arwin"}]
2017-12-29 05:03:34	[{"keyword":"@kaskus","from":"2017-12-27","mode":"submitSocial","container":"all","username":"arwin"}]
2017-12-29 05:03:36	[{"keyword":"@studio_xxi","from":"2017-12-27","mode":"submitSocial","container":"all","username":"arwin"}]
2017-12-29 05:03:38	[{"keyword":"@blitzmegaplex","from":"2017-12-27","mode":"submitSocial","container":"all","username":"arwin"}]
2017-12-29 05:03:40	[{"keyword":"@alfamartku","from":"2017-12-27","mode":"submitSocial","container":"all","username":"arwin"}]
2017-12-29 05:03:43	[{"keyword":"@carrefour_id","from":"2017-12-27","mode":"submitSocial","container":"all","username":"arwin"}]
2017-12-29 05:03:46	[{"keyword":"@bbcbreaking","from":"2017-12-27","mode":"submitSocial","container":"all","username":"arwin"}]
2017-12-29 05:03:51	[{"keyword":"@forbes","from":"2017-12-27","mode":"submitSocial","container":"all","username":"arwin"}]
2017-12-29 05:03:53	[{"keyword":"@bensradio","from":"2017-12-27","mode":"submitSocial","container":"all","username":"arwin"}]
2017-12-29 05:03:58	[{"keyword":"@instagram","from":"2017-12-27","mode":"submitSocial","container":"all","username":"arwin"}]
2017-12-29 05:04:01	[{"keyword":"@pinterest","from":"2017-12-27","mode":"submitSocial","container":"all","username":"arwin"}]
2017-12-29 05:04:07	[{"keyword":"@google","from":"2017-12-27","mode":"submitSocial","container":"all","username":"arwin"}]
2017-12-29 05:04:09	[{"keyword":"@pertaminalub","from":"2017-12-27","mode":"submitSocial","container":"all","username":"arwin"}]
2017-12-29 05:04:11	[{"keyword":"@infolalintol","from":"2017-12-27","mode":"submitSocial","container":"all","username":"arwin"}]
2017-12-29 05:04:14	[{"keyword":"@ptjasamarga","from":"2017-12-27","mode":"submitSocial","container":"all","username":"arwin"}]
2017-12-29 05:04:16	[{"keyword":"@cititransindo","from":"2017-12-27","mode":"submitSocial","container":"all","username":"arwin"}]
2017-12-29 05:04:18	[{"keyword":"#semangatpagisuperr","from":"2017-12-27","mode":"submitSocial","container":"all","username":"arwin"}]
2017-12-29 05:04:20	[{"keyword":"#genkuisinsideout","from":"2017-12-27","mode":"submitSocial","container":"all","username":"arwin"}]
2017-12-29 05:04:22	[{"keyword":"#semangatpagi","from":"2017-12-27","mode":"submitSocial","container":"all","username":"arwin"}]
2017-12-29 05:04:25	[{"keyword":"#dikamar","from":"2017-12-27","mode":"submitSocial","container":"all","username":"arwin"}]
2017-12-29 05:04:28	[{"keyword":"#kopaja","from":"2017-12-27","mode":"submitSocial","container":"all","username":"arwin"}]
2017-12-29 05:04:29	[{"keyword":"#generaksi8","from":"2017-12-27","mode":"submitSocial","container":"all","username":"arwin"}]
2017-12-29 05:04:32	[{"keyword":"#hitztsp","from":"2017-12-27","mode":"submitSocial","container":"all","username":"arwin"}]
2017-12-29 05:04:35	[{"keyword":"#np","from":"2017-12-27","mode":"submitSocial","container":"all","username":"arwin"}]
2017-12-29 05:04:37	[{"keyword":"#hitzlivestage","from":"2017-12-27","mode":"submitSocial","container":"all","username":"arwin"}]
2017-12-29 05:04:39	[{"keyword":"#thefreaks","from":"2017-12-27","mode":"submitSocial","container":"all","username":"arwin"}]
2017-12-29 05:04:42	[{"keyword":"#hitzsirkuspagi","from":"2017-12-27","mode":"submitSocial","container":"all","username":"arwin"}]
2017-12-29 05:04:44	[{"keyword":"#hitzathlon","from":"2017-12-27","mode":"submitSocial","container":"all","username":"arwin"}]
2017-12-29 05:04:46	[{"keyword":"#hitzzombie","from":"2017-12-27","mode":"submitSocial","container":"all","username":"arwin"}]
2017-12-29 05:04:48	[{"keyword":"#hitzkalong","from":"2017-12-27","mode":"submitSocial","container":"all","username":"arwin"}]
2017-12-29 05:04:51	[{"keyword":"#hitzbebas","from":"2017-12-27","mode":"submitSocial","container":"all","username":"arwin"}]
2017-12-29 05:04:53	[{"keyword":"#hitzhorehara","from":"2017-12-27","mode":"submitSocial","container":"all","username":"arwin"}]
2017-12-29 05:04:55	[{"keyword":"@zaloraid","from":"2017-12-27","mode":"submitSocial","container":"all","username":"arwin"}]
2017-12-29 05:04:58	[{"keyword":"@olx_indonesia","from":"2017-12-27","mode":"submitSocial","container":"all","username":"arwin"}]
2017-12-29 05:05:01	[{"keyword":"@lazadaid","from":"2017-12-27","mode":"submitSocial","container":"all","username":"arwin"}]
2017-12-29 05:05:04	[{"keyword":"@utrippers","from":"2017-12-27","mode":"submitSocial","container":"all","username":"arwin"}]
2017-12-29 05:05:07	[{"keyword":"@gogobot","from":"2017-12-27","mode":"submitSocial","container":"all","username":"arwin"}]
2017-12-29 05:05:09	[{"keyword":"@viatortravel","from":"2017-12-27","mode":"submitSocial","container":"all","username":"arwin"}]
2017-12-29 05:05:12	[{"keyword":"@alandakariza","from":"2017-12-27","mode":"submitSocial","container":"all","username":"arwin"}]
2017-12-29 05:05:14	[{"keyword":"@gagasmedia","from":"2017-12-27","mode":"submitSocial","container":"all","username":"arwin"}]
2017-12-29 05:05:17	[{"keyword":"@welovehonda","from":"2017-12-27","mode":"submitSocial","container":"all","username":"arwin"}]
2017-12-29 05:05:19	[{"keyword":"@suzukimotorid","from":"2017-12-27","mode":"submitSocial","container":"all","username":"arwin"}]
2017-12-29 05:05:21	[{"keyword":"@kawasakilovers","from":"2017-12-27","mode":"submitSocial","container":"all","username":"arwin"}]
2017-12-29 05:05:24	[{"keyword":"@yamahaindonesia","from":"2017-12-27","mode":"submitSocial","container":"all","username":"arwin"}]
2017-12-29 05:05:27	[{"keyword":"@tripanzee","from":"2017-12-27","mode":"submitSocial","container":"all","username":"arwin"}]
2017-12-29 05:05:29	[{"keyword":"@arnoldpoernomo","from":"2017-12-27","mode":"submitSocial","container":"all","username":"arwin"}]
2017-12-29 05:05:32	[{"keyword":"@nicsap","from":"2017-12-27","mode":"submitSocial","container":"all","username":"arwin"}]
2017-12-29 05:05:34	[{"keyword":"@tiket2","from":"2017-12-27","mode":"submitSocial","container":"all","username":"arwin"}]
2017-12-29 05:05:36	[{"keyword":"@traveloka","from":"2017-12-27","mode":"submitSocial","container":"all","username":"arwin"}]
2017-12-29 05:05:40	[{"keyword":"@wego","from":"2017-12-27","mode":"submitSocial","container":"all","username":"arwin"}]
2017-12-29 05:05:43	[{"keyword":"@agoda","from":"2017-12-27","mode":"submitSocial","container":"all","username":"arwin"}]
2017-12-29 05:05:45	[{"keyword":"#salahsambung","from":"2017-12-27","mode":"submitSocial","container":"all","username":"arwin"}]
2017-12-29 05:05:47	[{"keyword":"#tulalit","from":"2017-12-27","mode":"submitSocial","container":"all","username":"arwin"}]
2017-12-29 05:05:49	[{"keyword":"#pestageneraksi8","from":"2017-12-27","mode":"submitSocial","container":"all","username":"arwin"}]
2017-12-29 05:05:51	[{"keyword":"#ganaskustik","from":"2017-12-27","mode":"submitSocial","container":"all","username":"arwin"}]
2017-12-29 05:05:53	[{"keyword":"#lnhot20","from":"2017-12-27","mode":"submitSocial","container":"all","username":"arwin"}]
2017-12-29 05:05:56	[{"keyword":"@tripadvisor","from":"2017-12-27","mode":"submitSocial","container":"all","username":"arwin"}]
2017-12-29 05:06:01	[{"keyword":"@google","from":"2017-12-27","mode":"submitSocial","container":"all","username":"arwin"}]
2017-12-29 05:06:04	[{"keyword":"@telkomsel","from":"2017-12-27","mode":"submitSocial","container":"all","username":"arwin"}]
2017-12-29 05:06:07	[{"keyword":"@indosat","from":"2017-12-27","mode":"submitSocial","container":"all","username":"arwin"}]
2017-12-29 05:06:10	[{"keyword":"@bahanafmjkt","from":"2017-12-27","mode":"submitSocial","container":"all","username":""}]
2017-12-29 05:06:15	[{"keyword":"@sonorafm92","from":"2017-12-27","mode":"submitSocial","container":"all","username":"arwin"}]
2017-12-29 05:06:16	[{"keyword":"@litefm1058","from":"2017-12-27","mode":"submitSocial","container":"all","username":"arwin"}]
2017-12-29 05:06:19	[{"keyword":"@bravaradio","from":"2017-12-27","mode":"submitSocial","container":"all","username":"arwin"}]
2017-12-29 05:06:22	[{"keyword":"#dgitm","from":"2017-12-27","mode":"submitSocial","container":"all","username":"arwin"}]
2017-12-29 05:06:24	[{"keyword":"#hitsalaprambors","from":"2017-12-27","mode":"submitSocial","container":"all","username":"arwin"}]
2017-12-29 05:06:26	[{"keyword":"#reqprambors","from":"2017-12-27","mode":"submitSocial","container":"all","username":"arwin"}]
2017-12-29 05:06:28	[{"keyword":"#thedandees","from":"2017-12-27","mode":"submitSocial","container":"all","username":"arwin"}]
2017-12-29 05:06:30	[{"keyword":"#pramborsquiz","from":"2017-12-27","mode":"submitSocial","container":"all","username":"arwin"}]
2017-12-29 05:06:32	[{"keyword":"#jeliprambors","from":"2017-12-27","mode":"submitSocial","container":"all","username":"arwin"}]
2017-12-29 05:06:35	[{"keyword":"#jodohinprambors","from":"2017-12-27","mode":"submitSocial","container":"all","username":"arwin"}]
2017-12-29 05:06:37	[{"keyword":"#ubahdenganbicara","from":"2017-12-27","mode":"submitSocial","container":"all","username":"arwin"}]
2017-12-29 05:06:39	[{"keyword":"#pramborschat","from":"2017-12-27","mode":"submitSocial","container":"all","username":"arwin"}]
2017-12-29 05:06:41	[{"keyword":"#tweetforduit","from":"2017-12-27","mode":"submitSocial","container":"all","username":"arwin"}]
2017-12-29 05:06:43	[{"keyword":"#joki3in1","from":"2017-12-27","mode":"submitSocial","container":"all","username":"arwin"}]
2017-12-29 05:06:45	[{"keyword":"#sarapanseru","from":"2017-12-27","mode":"submitSocial","container":"all","username":"arwin"}]
2017-12-29 05:06:48	[{"keyword":"#rawonkaneloop","from":"2017-12-27","mode":"submitSocial","container":"all","username":"arwin"}]
2017-12-29 05:06:50	[{"keyword":"#gudegkendilkeraton","from":"2017-12-27","mode":"submitSocial","container":"all","username":"arwin"}]
2017-12-29 05:06:52	[{"keyword":"#gadogadobutika","from":"2017-12-27","mode":"submitSocial","container":"all","username":"arwin"}]
2017-12-29 05:06:54	[{"keyword":"#mtvhottest","from":"2017-12-27","mode":"submitSocial","container":"all","username":"arwin"}]
2017-12-29 05:06:56	[{"keyword":"#dimsumcjdw","from":"2017-12-27","mode":"submitSocial","container":"all","username":"arwin"}]
2017-12-29 05:06:58	[{"keyword":"#pecelmadiunmbakniek","from":"2017-12-27","mode":"submitSocial","container":"all","username":"arwin"}]
2017-12-29 05:07:01	[{"keyword":"#depotarema","from":"2017-12-27","mode":"submitSocial","container":"all","username":"arwin"}]
2017-12-29 05:07:03	[{"keyword":"@bni46","from":"2017-12-27","mode":"submitSocial","container":"all","username":"arwin"}]
2017-12-29 05:07:05	[{"keyword":"@bankbri_id","from":"2017-12-27","mode":"submitSocial","container":"all","username":"arwin"}]
2017-12-29 05:07:08	[{"keyword":"#bni46","from":"2017-12-27","mode":"submitSocial","container":"all","username":"arwin"}]
2017-12-29 05:07:12	[{"keyword":"macet","from":"2017-12-27","mode":"submitSocial","container":"all","username":"arwin"}]
2017-12-29 05:07:14	[{"keyword":"#selamatpagi","from":"2017-12-27","mode":"submitSocial","container":"all","username":"arwin"}]
2017-12-29 05:07:16	[{"keyword":"#selamatmalam","from":"2017-12-27","mode":"submitSocial","container":"all","username":"arwin"}]
2017-12-29 05:07:19	[{"keyword":"@884globalradio","from":"2017-12-27","mode":"submitSocial","container":"all","username":"arwin"}]
2017-12-29 05:07:21	[{"keyword":"@day_trans","from":"2017-12-27","mode":"submitSocial","container":"all","username":"arwin"}]
2017-12-29 05:07:24	[{"keyword":"@kencanavoyage","from":"2017-12-27","mode":"submitSocial","container":"all","username":"arwin"}]
2017-12-29 05:07:26	[{"keyword":"@jukebox5d","from":"2017-12-27","mode":"submitSocial","container":"all","username":"arwin"}]
2017-12-29 05:07:29	[{"keyword":"#mtvhottest","from":"2017-12-27","mode":"submitSocial","container":"all","username":"arwin"}]
2017-12-29 05:07:31	[{"keyword":"#semangatpagi","from":"2017-12-27","mode":"submitSocial","container":"all","username":"arwin"}]
2017-12-29 05:07:33	[{"keyword":"lifebuoy","from":"2017-12-27","mode":"submitSocial","container":"all","username":"arwin"}]
2017-12-29 05:07:39	[{"keyword":"jokowi","from":"2017-12-27","mode":"submitSocial","container":"all","username":"arwin"}]
2017-12-29 05:07:48	[{"keyword":"obama","from":"2017-12-27","mode":"submitSocial","container":"all","username":"arwin"}]
2017-12-29 05:07:51	[{"keyword":"starwars","from":"2017-12-27","mode":"submitSocial","container":"all","username":"arwin"}]
2017-12-29 05:07:54	[{"keyword":"jonan","from":"2017-12-27","mode":"submitSocial","container":"all","username":"arwin"}]
2017-12-29 05:08:02	[{"keyword":"pagi","from":"2017-12-27","mode":"submitSocial","container":"all","username":"arwin"}]
2017-12-29 05:08:04	[{"keyword":"sampoerna","from":"2017-12-27","mode":"submitSocial","container":"all","username":"arwin"}]
2017-12-29 05:08:07	[{"keyword":"djarum","from":"2017-12-27","mode":"submitSocial","container":"all","username":"arwin"}]
2017-12-29 05:08:10	[{"keyword":"#semangatpagi","from":"2017-12-27","mode":"submitSocial","container":"all","username":"arwin"}]
2017-12-29 05:08:11	[{"keyword":"#generaksi8","from":"2017-12-27","mode":"submitSocial","container":"all","username":"arwin"}]
2017-12-29 05:08:14	[{"keyword":"#365alasan","from":"2017-12-27","mode":"submitSocial","container":"all","username":"arwin"}]
2017-12-29 05:08:17	[{"keyword":"weew","from":"2017-12-27","mode":"submitSocial","container":"all","username":"arwin"}]
2017-12-29 05:08:23	[{"keyword":"testing","from":"2017-12-27","mode":"submitSocial","container":"all","username":"arwin"}]
2017-12-29 05:08:27	[{"keyword":"#kopaja","from":"2017-12-27","mode":"submitSocial","container":"all","username":"arwin"}]
2017-12-29 05:08:29	[{"keyword":"#genkuisinsideout","from":"2017-12-27","mode":"submitSocial","container":"all","username":"arwin"}]
2017-12-29 05:08:32	[{"keyword":"starwars","from":"2017-12-27","mode":"submitSocial","container":"all","username":"arwin"}]
2017-12-29 05:08:35	[{"keyword":"#kopaja","from":"2017-12-27","mode":"submitSocial","container":"all","username":"arwin"}]
2017-12-29 05:08:37	[{"keyword":"mldspot","from":"2017-12-27","mode":"submitSocial","container":"all","username":"arwin"}]
2017-12-29 05:08:40	[{"keyword":"pbdjarum","from":"2017-12-27","mode":"submitSocial","container":"all","username":"arwin"}]
2017-12-29 05:08:42	[{"keyword":"temannabati","from":"2017-12-27","mode":"submitSocial","container":"all","username":"arwin"}]
2017-12-29 05:08:45	[{"keyword":"nextar","from":"2017-12-27","mode":"submitSocial","container":"all","username":"arwin"}]
2017-12-29 05:08:48	[{"keyword":"jokowo","from":"2017-12-27","mode":"submitSocial","container":"all","username":"arwin"}]
2017-12-29 05:08:52	[{"keyword":"prabowo","from":"2017-12-27","mode":"submitSocial","container":"all","username":"arwin"}]
2017-12-29 05:08:55	[{"keyword":"sudirman said","from":"2017-12-27","mode":"submitSocial","container":"all","username":"arwin"}]
2017-12-29 05:08:59	[{"keyword":"ahok","from":"2017-12-27","mode":"submitSocial","container":"all","username":"arwin"}]
2017-12-29 05:09:02	[{"keyword":"setyanovanto","from":"2017-12-27","mode":"submitSocial","container":"all","username":"arwin"}]
2017-12-29 05:09:08	[{"keyword":"jokowi","from":"2017-12-27","mode":"submitSocial","container":"all","username":"arwin"}]
2017-12-29 05:09:13	[{"keyword":"ahok","from":"2017-12-27","mode":"submitSocial","container":"all","username":"arwin"}]
2017-12-29 05:09:16	[{"keyword":"prabowo","from":"2017-12-27","mode":"submitSocial","container":"all","username":"arwin"}]
2017-12-29 05:09:19	[{"keyword":"sudirman said","from":"2017-12-27","mode":"submitSocial","container":"all","username":"arwin"}]
2017-12-29 05:09:21	[{"keyword":"setyanovanto","from":"2017-12-27","mode":"submitSocial","container":"all","username":"arwin"}]
2017-12-29 05:09:26	[{"keyword":"galau","from":"2017-12-27","mode":"submitSocial","container":"all","username":"arwin"}]
2017-12-29 05:09:28	[{"keyword":"#prestasiindonesia","from":"2017-12-27","mode":"submitSocial","container":"all","username":"arwin"}]
2017-12-29 05:09:31	[{"keyword":"@tw_debi","from":"2017-12-27","mode":"submitSocial","container":"all","username":"arwin"}]
2017-12-29 05:09:33	[{"keyword":"@officialfastron","from":"2017-12-27","mode":"submitSocial","container":"all","username":"arwin"}]
2017-12-29 05:09:36	[{"keyword":"@citibankid","from":"2017-12-27","mode":"submitSocial","container":"all","username":"arwin"}]
2017-12-29 05:09:38	[{"keyword":"@jak101fm","from":"2017-12-27","mode":"submitSocial","container":"all","username":"arwin"}]
2017-12-29 05:09:41	[{"keyword":"@genfm","from":"2017-12-27","mode":"submitSocial","container":"all","username":"arwin"}]
