2017-09-28 05:00:07	[{"keyword":"@987genfm","from":"2017-09-26","mode":"submitSocial","container":"all","username":"arwin"}]
2017-09-28 05:00:10	[{"keyword":"@101jakfm","from":"2017-09-26","mode":"submitSocial","container":"all","username":"arwin"}]
2017-09-28 05:00:13	[{"keyword":"@prambors","from":"2017-09-26","mode":"submitSocial","container":"all","username":"arwin"}]
2017-09-28 05:00:16	[{"keyword":"@hardrockfm","from":"2017-09-26","mode":"submitSocial","container":"all","username":"arwin"}]
2017-09-28 05:00:19	[{"keyword":"@kisfmjakarta","from":"2017-09-26","mode":"submitSocial","container":"all","username":"arwin"}]
2017-09-28 05:00:21	[{"keyword":"@delta_fm","from":"2017-09-26","mode":"submitSocial","container":"all","username":"arwin"}]
2017-09-28 05:00:24	[{"keyword":"@traxfmjkt","from":"2017-09-26","mode":"submitSocial","container":"all","username":"arwin"}]
2017-09-28 05:00:27	[{"keyword":"@iradiojakarta","from":"2017-09-26","mode":"submitSocial","container":"all","username":"arwin"}]
2017-09-28 05:00:29	[{"keyword":"@indika9160fm","from":"2017-09-26","mode":"submitSocial","container":"all","username":"arwin"}]
2017-09-28 05:00:31	[{"keyword":"@shellindonesia","from":"2017-09-26","mode":"submitSocial","container":"all","username":"arwin"}]
2017-09-28 05:00:34	[{"keyword":"@vpowerfans","from":"2017-09-26","mode":"submitSocial","container":"all","username":"arwin"}]
2017-09-28 05:00:36	[{"keyword":"@pertamaxind","from":"2017-09-26","mode":"submitSocial","container":"all","username":"arwin"}]
2017-09-28 05:00:39	[{"keyword":"@ptpertamina","from":"2017-09-26","mode":"submitSocial","container":"all","username":"arwin"}]
2017-09-28 05:00:42	[{"keyword":"@ozradiojakarta","from":"2017-09-26","mode":"submitSocial","container":"all","username":"arwin"}]
2017-09-28 05:00:44	[{"keyword":"@cosmopolitanfm","from":"2017-09-26","mode":"submitSocial","container":"all","username":"arwin"}]
2017-09-28 05:00:46	[{"keyword":"@mustang88fm","from":"2017-09-26","mode":"submitSocial","container":"all","username":"arwin"}]
2017-09-28 05:00:48	[{"keyword":"@debabaz","from":"2017-09-26","mode":"submitSocial","container":"all","username":"arwin"}]
2017-09-28 05:00:52	[{"keyword":"@detikcom","from":"2017-09-26","mode":"submitSocial","container":"all","username":"arwin"}]
2017-09-28 05:00:55	[{"keyword":"@radioelshinta","from":"2017-09-26","mode":"submitSocial","container":"all","username":"arwin"}]
2017-09-28 05:00:57	[{"keyword":"@cinema21","from":"2017-09-26","mode":"submitSocial","container":"all","username":"arwin"}]
2017-09-28 05:01:00	[{"keyword":"@officialrcti","from":"2017-09-26","mode":"submitSocial","container":"all","username":"arwin"}]
2017-09-28 05:01:03	[{"keyword":"@transtv_corp","from":"2017-09-26","mode":"submitSocial","container":"all","username":"arwin"}]
2017-09-28 05:01:05	[{"keyword":"@trans7","from":"2017-09-26","mode":"submitSocial","container":"all","username":"arwin"}]
2017-09-28 05:01:12	[{"keyword":"@metro_tv","from":"2017-09-26","mode":"submitSocial","container":"all","username":"arwin"}]
2017-09-28 05:01:18	[{"keyword":"@tvonenews","from":"2017-09-26","mode":"submitSocial","container":"all","username":"arwin"}]
2017-09-28 05:01:21	[{"keyword":"@whatsonantv","from":"2017-09-26","mode":"submitSocial","container":"all","username":"arwin"}]
2017-09-28 05:01:24	[{"keyword":"@sctv_","from":"2017-09-26","mode":"submitSocial","container":"all","username":"arwin"}]
2017-09-28 05:01:27	[{"keyword":"@kompastv","from":"2017-09-26","mode":"submitSocial","container":"all","username":"arwin"}]
2017-09-28 05:01:30	[{"keyword":"@netmediatama","from":"2017-09-26","mode":"submitSocial","container":"all","username":"arwin"}]
2017-09-28 05:01:33	[{"keyword":"@globaltvseru","from":"2017-09-26","mode":"submitSocial","container":"all","username":"arwin"}]
2017-09-28 05:01:35	[{"keyword":"@jaktvcom","from":"2017-09-26","mode":"submitSocial","container":"all","username":"arwin"}]
2017-09-28 05:01:40	[{"keyword":"@tvrinasional","from":"2017-09-26","mode":"submitSocial","container":"all","username":"arwin"}]
2017-09-28 05:01:42	[{"keyword":"@ochannelupdates","from":"2017-09-26","mode":"submitSocial","container":"all","username":"arwin"}]
2017-09-28 05:01:45	[{"keyword":"@indosiarid","from":"2017-09-26","mode":"submitSocial","container":"all","username":"arwin"}]
2017-09-28 05:01:50	[{"keyword":"@kompascom","from":"2017-09-26","mode":"submitSocial","container":"all","username":"arwin"}]
2017-09-28 05:01:53	[{"keyword":"@merdekadotcom","from":"2017-09-26","mode":"submitSocial","container":"all","username":"arwin"}]
2017-09-28 05:01:55	[{"keyword":"@midotcom","from":"2017-09-26","mode":"submitSocial","container":"all","username":"arwin"}]
2017-09-28 05:01:58	[{"keyword":"@tempodotco","from":"2017-09-26","mode":"submitSocial","container":"all","username":"arwin"}]
2017-09-28 05:02:00	[{"keyword":"@motion975fm","from":"2017-09-26","mode":"submitSocial","container":"all","username":"arwin"}]
2017-09-28 05:02:03	[{"keyword":"@_radiotoday","from":"2017-09-26","mode":"submitSocial","container":"all","username":"arwin"}]
2017-09-28 05:02:06	[{"keyword":"@radioinfo","from":"2017-09-26","mode":"submitSocial","container":"all","username":"arwin"}]
2017-09-28 05:02:08	[{"keyword":"@979femaleradio","from":"2017-09-26","mode":"submitSocial","container":"all","username":"arwin"}]
2017-09-28 05:02:10	[{"keyword":"@womanradio943fm","from":"2017-09-26","mode":"submitSocial","container":"all","username":"arwin"}]
2017-09-28 05:02:13	[{"keyword":"@vradiofm","from":"2017-09-26","mode":"submitSocial","container":"all","username":"arwin"}]
2017-09-28 05:02:15	[{"keyword":"@ufm947","from":"2017-09-26","mode":"submitSocial","container":"all","username":"arwin"}]
2017-09-28 05:02:17	[{"keyword":"@vivanews","from":"2017-09-26","mode":"submitSocial","container":"all","username":"arwin"}]
2017-09-28 05:02:20	[{"keyword":"@antaranews","from":"2017-09-26","mode":"submitSocial","container":"all","username":"arwin"}]
2017-09-28 05:02:23	[{"keyword":"@tribunnews","from":"2017-09-26","mode":"submitSocial","container":"all","username":"arwin"}]
2017-09-28 05:02:25	[{"keyword":"@okezonenews","from":"2017-09-26","mode":"submitSocial","container":"all","username":"arwin"}]
2017-09-28 05:02:28	[{"keyword":"@beritasatu","from":"2017-09-26","mode":"submitSocial","container":"all","username":"arwin"}]
2017-09-28 05:02:30	[{"keyword":"@rollingstoneina","from":"2017-09-26","mode":"submitSocial","container":"all","username":"arwin"}]
2017-09-28 05:02:33	[{"keyword":"@fimeladotcom","from":"2017-09-26","mode":"submitSocial","container":"all","username":"arwin"}]
2017-09-28 05:02:35	[{"keyword":"@kapanlagicom","from":"2017-09-26","mode":"submitSocial","container":"all","username":"arwin"}]
2017-09-28 05:02:38	[{"keyword":"@kompasent","from":"2017-09-26","mode":"submitSocial","container":"all","username":"arwin"}]
2017-09-28 05:02:40	[{"keyword":"@haimagazine","from":"2017-09-26","mode":"submitSocial","container":"all","username":"arwin"}]
2017-09-28 05:02:43	[{"keyword":"@jakartavenue","from":"2017-09-26","mode":"submitSocial","container":"all","username":"arwin"}]
2017-09-28 05:02:45	[{"keyword":"@seputarevent","from":"2017-09-26","mode":"submitSocial","container":"all","username":"arwin"}]
2017-09-28 05:02:47	[{"keyword":"@ismayalive","from":"2017-09-26","mode":"submitSocial","container":"all","username":"arwin"}]
2017-09-28 05:02:50	[{"keyword":"@ecentertainment","from":"2017-09-26","mode":"submitSocial","container":"all","username":"arwin"}]
2017-09-28 05:02:52	[{"keyword":"@synergism_en","from":"2017-09-26","mode":"submitSocial","container":"all","username":"arwin"}]
2017-09-28 05:02:54	[{"keyword":"@urbanbandung","from":"2017-09-26","mode":"submitSocial","container":"all","username":"arwin"}]
2017-09-28 05:02:56	[{"keyword":"@urbanrkm995","from":"2017-09-26","mode":"submitSocial","container":"all","username":"arwin"}]
2017-09-28 05:02:58	[{"keyword":"@garuda_promo","from":"2017-09-26","mode":"submitSocial","container":"all","username":"arwin"}]
2017-09-28 05:03:01	[{"keyword":"@airasiaid","from":"2017-09-26","mode":"submitSocial","container":"all","username":"arwin"}]
2017-09-28 05:03:03	[{"keyword":"@kai121","from":"2017-09-26","mode":"submitSocial","container":"all","username":"arwin"}]
2017-09-28 05:03:06	[{"keyword":"@unilever","from":"2017-09-26","mode":"submitSocial","container":"all","username":"arwin"}]
2017-09-28 05:03:09	[{"keyword":"@nestle","from":"2017-09-26","mode":"submitSocial","container":"all","username":"arwin"}]
2017-09-28 05:03:13	[{"keyword":"@cocacola","from":"2017-09-26","mode":"submitSocial","container":"all","username":"arwin"}]
2017-09-28 05:03:21	[{"keyword":"@cnn","from":"2017-09-26","mode":"submitSocial","container":"all","username":"arwin"}]
2017-09-28 05:03:25	[{"keyword":"@mtv","from":"2017-09-26","mode":"submitSocial","container":"all","username":"arwin"}]
2017-09-28 05:03:28	[{"keyword":"@channelv","from":"2017-09-26","mode":"submitSocial","container":"all","username":"arwin"}]
2017-09-28 05:03:30	[{"keyword":"@itunesmusic","from":"2017-09-26","mode":"submitSocial","container":"all","username":"arwin"}]
2017-09-28 05:03:34	[{"keyword":"@mashable","from":"2017-09-26","mode":"submitSocial","container":"all","username":"arwin"}]
2017-09-28 05:03:37	[{"keyword":"@decacaz","from":"2017-09-26","mode":"submitSocial","container":"all","username":"arwin"}]
2017-09-28 05:03:39	[{"keyword":"@radiobaru967fm","from":"2017-09-26","mode":"submitSocial","container":"all","username":"arwin"}]
2017-09-28 05:03:41	[{"keyword":"@967hitzfm","from":"2017-09-26","mode":"submitSocial","container":"all","username":"arwin"}]
2017-09-28 05:03:44	[{"keyword":"@tvguide","from":"2017-09-26","mode":"submitSocial","container":"all","username":"arwin"}]
2017-09-28 05:03:46	[{"keyword":"@xl123","from":"2017-09-26","mode":"submitSocial","container":"all","username":"arwin"}]
2017-09-28 05:03:49	[{"keyword":"@triindonesia","from":"2017-09-26","mode":"submitSocial","container":"all","username":"arwin"}]
2017-09-28 05:03:52	[{"keyword":"@kaskus","from":"2017-09-26","mode":"submitSocial","container":"all","username":"arwin"}]
2017-09-28 05:03:54	[{"keyword":"@studio_xxi","from":"2017-09-26","mode":"submitSocial","container":"all","username":"arwin"}]
2017-09-28 05:03:56	[{"keyword":"@blitzmegaplex","from":"2017-09-26","mode":"submitSocial","container":"all","username":"arwin"}]
2017-09-28 05:03:58	[{"keyword":"@alfamartku","from":"2017-09-26","mode":"submitSocial","container":"all","username":"arwin"}]
2017-09-28 05:04:01	[{"keyword":"@carrefour_id","from":"2017-09-26","mode":"submitSocial","container":"all","username":"arwin"}]
2017-09-28 05:04:06	[{"keyword":"@bbcbreaking","from":"2017-09-26","mode":"submitSocial","container":"all","username":"arwin"}]
2017-09-28 05:04:12	[{"keyword":"@forbes","from":"2017-09-26","mode":"submitSocial","container":"all","username":"arwin"}]
2017-09-28 05:04:14	[{"keyword":"@bensradio","from":"2017-09-26","mode":"submitSocial","container":"all","username":"arwin"}]
2017-09-28 05:04:20	[{"keyword":"@instagram","from":"2017-09-26","mode":"submitSocial","container":"all","username":"arwin"}]
2017-09-28 05:04:23	[{"keyword":"@pinterest","from":"2017-09-26","mode":"submitSocial","container":"all","username":"arwin"}]
2017-09-28 05:04:30	[{"keyword":"@google","from":"2017-09-26","mode":"submitSocial","container":"all","username":"arwin"}]
2017-09-28 05:04:32	[{"keyword":"@pertaminalub","from":"2017-09-26","mode":"submitSocial","container":"all","username":"arwin"}]
2017-09-28 05:04:35	[{"keyword":"@infolalintol","from":"2017-09-26","mode":"submitSocial","container":"all","username":"arwin"}]
2017-09-28 05:04:38	[{"keyword":"@ptjasamarga","from":"2017-09-26","mode":"submitSocial","container":"all","username":"arwin"}]
2017-09-28 05:04:40	[{"keyword":"@cititransindo","from":"2017-09-26","mode":"submitSocial","container":"all","username":"arwin"}]
2017-09-28 05:04:43	[{"keyword":"#semangatpagisuperr","from":"2017-09-26","mode":"submitSocial","container":"all","username":"arwin"}]
2017-09-28 05:04:45	[{"keyword":"#genkuisinsideout","from":"2017-09-26","mode":"submitSocial","container":"all","username":"arwin"}]
2017-09-28 05:04:47	[{"keyword":"#semangatpagi","from":"2017-09-26","mode":"submitSocial","container":"all","username":"arwin"}]
2017-09-28 05:04:50	[{"keyword":"#dikamar","from":"2017-09-26","mode":"submitSocial","container":"all","username":"arwin"}]
2017-09-28 05:04:52	[{"keyword":"#kopaja","from":"2017-09-26","mode":"submitSocial","container":"all","username":"arwin"}]
2017-09-28 05:04:54	[{"keyword":"#generaksi8","from":"2017-09-26","mode":"submitSocial","container":"all","username":"arwin"}]
2017-09-28 05:04:57	[{"keyword":"#hitztsp","from":"2017-09-26","mode":"submitSocial","container":"all","username":"arwin"}]
2017-09-28 05:05:00	[{"keyword":"#np","from":"2017-09-26","mode":"submitSocial","container":"all","username":"arwin"}]
2017-09-28 05:05:04	[{"keyword":"#hitzlivestage","from":"2017-09-26","mode":"submitSocial","container":"all","username":"arwin"}]
2017-09-28 05:05:07	[{"keyword":"#thefreaks","from":"2017-09-26","mode":"submitSocial","container":"all","username":"arwin"}]
2017-09-28 05:05:09	[{"keyword":"#hitzsirkuspagi","from":"2017-09-26","mode":"submitSocial","container":"all","username":"arwin"}]
2017-09-28 05:05:12	[{"keyword":"#hitzathlon","from":"2017-09-26","mode":"submitSocial","container":"all","username":"arwin"}]
2017-09-28 05:05:14	[{"keyword":"#hitzzombie","from":"2017-09-26","mode":"submitSocial","container":"all","username":"arwin"}]
2017-09-28 05:05:17	[{"keyword":"#hitzkalong","from":"2017-09-26","mode":"submitSocial","container":"all","username":"arwin"}]
2017-09-28 05:05:19	[{"keyword":"#hitzbebas","from":"2017-09-26","mode":"submitSocial","container":"all","username":"arwin"}]
2017-09-28 05:05:22	[{"keyword":"#hitzhorehara","from":"2017-09-26","mode":"submitSocial","container":"all","username":"arwin"}]
2017-09-28 05:05:24	[{"keyword":"@zaloraid","from":"2017-09-26","mode":"submitSocial","container":"all","username":"arwin"}]
2017-09-28 05:05:26	[{"keyword":"@olx_indonesia","from":"2017-09-26","mode":"submitSocial","container":"all","username":"arwin"}]
2017-09-28 05:05:29	[{"keyword":"@lazadaid","from":"2017-09-26","mode":"submitSocial","container":"all","username":"arwin"}]
2017-09-28 05:05:31	[{"keyword":"@utrippers","from":"2017-09-26","mode":"submitSocial","container":"all","username":"arwin"}]
2017-09-28 05:05:34	[{"keyword":"@gogobot","from":"2017-09-26","mode":"submitSocial","container":"all","username":"arwin"}]
2017-09-28 05:05:36	[{"keyword":"@viatortravel","from":"2017-09-26","mode":"submitSocial","container":"all","username":"arwin"}]
2017-09-28 05:05:39	[{"keyword":"@alandakariza","from":"2017-09-26","mode":"submitSocial","container":"all","username":"arwin"}]
2017-09-28 05:05:41	[{"keyword":"@gagasmedia","from":"2017-09-26","mode":"submitSocial","container":"all","username":"arwin"}]
2017-09-28 05:05:43	[{"keyword":"@welovehonda","from":"2017-09-26","mode":"submitSocial","container":"all","username":"arwin"}]
2017-09-28 05:05:46	[{"keyword":"@suzukimotorid","from":"2017-09-26","mode":"submitSocial","container":"all","username":"arwin"}]
2017-09-28 05:05:48	[{"keyword":"@kawasakilovers","from":"2017-09-26","mode":"submitSocial","container":"all","username":"arwin"}]
2017-09-28 05:05:50	[{"keyword":"@yamahaindonesia","from":"2017-09-26","mode":"submitSocial","container":"all","username":"arwin"}]
2017-09-28 05:05:53	[{"keyword":"@tripanzee","from":"2017-09-26","mode":"submitSocial","container":"all","username":"arwin"}]
2017-09-28 05:05:55	[{"keyword":"@arnoldpoernomo","from":"2017-09-26","mode":"submitSocial","container":"all","username":"arwin"}]
2017-09-28 05:05:58	[{"keyword":"@nicsap","from":"2017-09-26","mode":"submitSocial","container":"all","username":"arwin"}]
2017-09-28 05:06:00	[{"keyword":"@tiket2","from":"2017-09-26","mode":"submitSocial","container":"all","username":"arwin"}]
2017-09-28 05:06:03	[{"keyword":"@traveloka","from":"2017-09-26","mode":"submitSocial","container":"all","username":"arwin"}]
2017-09-28 05:06:06	[{"keyword":"@wego","from":"2017-09-26","mode":"submitSocial","container":"all","username":"arwin"}]
2017-09-28 05:06:09	[{"keyword":"@agoda","from":"2017-09-26","mode":"submitSocial","container":"all","username":"arwin"}]
2017-09-28 05:06:12	[{"keyword":"#salahsambung","from":"2017-09-26","mode":"submitSocial","container":"all","username":"arwin"}]
2017-09-28 05:06:14	[{"keyword":"#tulalit","from":"2017-09-26","mode":"submitSocial","container":"all","username":"arwin"}]
2017-09-28 05:06:16	[{"keyword":"#pestageneraksi8","from":"2017-09-26","mode":"submitSocial","container":"all","username":"arwin"}]
2017-09-28 05:06:18	[{"keyword":"#ganaskustik","from":"2017-09-26","mode":"submitSocial","container":"all","username":"arwin"}]
2017-09-28 05:06:20	[{"keyword":"#lnhot20","from":"2017-09-26","mode":"submitSocial","container":"all","username":"arwin"}]
2017-09-28 05:06:23	[{"keyword":"@tripadvisor","from":"2017-09-26","mode":"submitSocial","container":"all","username":"arwin"}]
2017-09-28 05:06:30	[{"keyword":"@google","from":"2017-09-26","mode":"submitSocial","container":"all","username":"arwin"}]
2017-09-28 05:06:34	[{"keyword":"@telkomsel","from":"2017-09-26","mode":"submitSocial","container":"all","username":"arwin"}]
2017-09-28 05:06:37	[{"keyword":"@indosat","from":"2017-09-26","mode":"submitSocial","container":"all","username":"arwin"}]
2017-09-28 05:06:40	[{"keyword":"@bahanafmjkt","from":"2017-09-26","mode":"submitSocial","container":"all","username":""}]
2017-09-28 05:06:45	[{"keyword":"@sonorafm92","from":"2017-09-26","mode":"submitSocial","container":"all","username":"arwin"}]
2017-09-28 05:06:47	[{"keyword":"@litefm1058","from":"2017-09-26","mode":"submitSocial","container":"all","username":"arwin"}]
2017-09-28 05:06:49	[{"keyword":"@bravaradio","from":"2017-09-26","mode":"submitSocial","container":"all","username":"arwin"}]
2017-09-28 05:06:52	[{"keyword":"#dgitm","from":"2017-09-26","mode":"submitSocial","container":"all","username":"arwin"}]
2017-09-28 05:06:54	[{"keyword":"#hitsalaprambors","from":"2017-09-26","mode":"submitSocial","container":"all","username":"arwin"}]
2017-09-28 05:06:56	[{"keyword":"#reqprambors","from":"2017-09-26","mode":"submitSocial","container":"all","username":"arwin"}]
2017-09-28 05:06:59	[{"keyword":"#thedandees","from":"2017-09-26","mode":"submitSocial","container":"all","username":"arwin"}]
2017-09-28 05:07:01	[{"keyword":"#pramborsquiz","from":"2017-09-26","mode":"submitSocial","container":"all","username":"arwin"}]
2017-09-28 05:07:03	[{"keyword":"#jeliprambors","from":"2017-09-26","mode":"submitSocial","container":"all","username":"arwin"}]
2017-09-28 05:07:05	[{"keyword":"#jodohinprambors","from":"2017-09-26","mode":"submitSocial","container":"all","username":"arwin"}]
2017-09-28 05:07:07	[{"keyword":"#ubahdenganbicara","from":"2017-09-26","mode":"submitSocial","container":"all","username":"arwin"}]
2017-09-28 05:07:10	[{"keyword":"#pramborschat","from":"2017-09-26","mode":"submitSocial","container":"all","username":"arwin"}]
2017-09-28 05:07:12	[{"keyword":"#tweetforduit","from":"2017-09-26","mode":"submitSocial","container":"all","username":"arwin"}]
2017-09-28 05:07:14	[{"keyword":"#joki3in1","from":"2017-09-26","mode":"submitSocial","container":"all","username":"arwin"}]
2017-09-28 05:07:16	[{"keyword":"#sarapanseru","from":"2017-09-26","mode":"submitSocial","container":"all","username":"arwin"}]
2017-09-28 05:07:19	[{"keyword":"#rawonkaneloop","from":"2017-09-26","mode":"submitSocial","container":"all","username":"arwin"}]
2017-09-28 05:07:21	[{"keyword":"#gudegkendilkeraton","from":"2017-09-26","mode":"submitSocial","container":"all","username":"arwin"}]
2017-09-28 05:07:23	[{"keyword":"#gadogadobutika","from":"2017-09-26","mode":"submitSocial","container":"all","username":"arwin"}]
2017-09-28 05:07:25	[{"keyword":"#mtvhottest","from":"2017-09-26","mode":"submitSocial","container":"all","username":"arwin"}]
2017-09-28 05:07:28	[{"keyword":"#dimsumcjdw","from":"2017-09-26","mode":"submitSocial","container":"all","username":"arwin"}]
2017-09-28 05:07:29	[{"keyword":"#pecelmadiunmbakniek","from":"2017-09-26","mode":"submitSocial","container":"all","username":"arwin"}]
2017-09-28 05:07:32	[{"keyword":"#depotarema","from":"2017-09-26","mode":"submitSocial","container":"all","username":"arwin"}]
2017-09-28 05:07:34	[{"keyword":"@bni46","from":"2017-09-26","mode":"submitSocial","container":"all","username":"arwin"}]
2017-09-28 05:07:37	[{"keyword":"@bankbri_id","from":"2017-09-26","mode":"submitSocial","container":"all","username":"arwin"}]
2017-09-28 05:07:39	[{"keyword":"#bni46","from":"2017-09-26","mode":"submitSocial","container":"all","username":"arwin"}]
2017-09-28 05:07:44	[{"keyword":"macet","from":"2017-09-26","mode":"submitSocial","container":"all","username":"arwin"}]
2017-09-28 05:07:46	[{"keyword":"#selamatpagi","from":"2017-09-26","mode":"submitSocial","container":"all","username":"arwin"}]
2017-09-28 05:07:48	[{"keyword":"#selamatmalam","from":"2017-09-26","mode":"submitSocial","container":"all","username":"arwin"}]
2017-09-28 05:07:51	[{"keyword":"@884globalradio","from":"2017-09-26","mode":"submitSocial","container":"all","username":"arwin"}]
2017-09-28 05:07:53	[{"keyword":"@day_trans","from":"2017-09-26","mode":"submitSocial","container":"all","username":"arwin"}]
2017-09-28 05:07:55	[{"keyword":"@kencanavoyage","from":"2017-09-26","mode":"submitSocial","container":"all","username":"arwin"}]
2017-09-28 05:07:58	[{"keyword":"@jukebox5d","from":"2017-09-26","mode":"submitSocial","container":"all","username":"arwin"}]
2017-09-28 05:08:00	[{"keyword":"#mtvhottest","from":"2017-09-26","mode":"submitSocial","container":"all","username":"arwin"}]
2017-09-28 05:08:03	[{"keyword":"#semangatpagi","from":"2017-09-26","mode":"submitSocial","container":"all","username":"arwin"}]
2017-09-28 05:08:06	[{"keyword":"lifebuoy","from":"2017-09-26","mode":"submitSocial","container":"all","username":"arwin"}]
2017-09-28 05:08:13	[{"keyword":"jokowi","from":"2017-09-26","mode":"submitSocial","container":"all","username":"arwin"}]
2017-09-28 05:08:23	[{"keyword":"obama","from":"2017-09-26","mode":"submitSocial","container":"all","username":"arwin"}]
2017-09-28 05:08:26	[{"keyword":"starwars","from":"2017-09-26","mode":"submitSocial","container":"all","username":"arwin"}]
2017-09-28 05:08:30	[{"keyword":"jonan","from":"2017-09-26","mode":"submitSocial","container":"all","username":"arwin"}]
2017-09-28 05:08:40	[{"keyword":"pagi","from":"2017-09-26","mode":"submitSocial","container":"all","username":"arwin"}]
2017-09-28 05:08:43	[{"keyword":"sampoerna","from":"2017-09-26","mode":"submitSocial","container":"all","username":"arwin"}]
2017-09-28 05:08:46	[{"keyword":"djarum","from":"2017-09-26","mode":"submitSocial","container":"all","username":"arwin"}]
2017-09-28 05:08:48	[{"keyword":"#semangatpagi","from":"2017-09-26","mode":"submitSocial","container":"all","username":"arwin"}]
2017-09-28 05:08:50	[{"keyword":"#generaksi8","from":"2017-09-26","mode":"submitSocial","container":"all","username":"arwin"}]
2017-09-28 05:08:52	[{"keyword":"#365alasan","from":"2017-09-26","mode":"submitSocial","container":"all","username":"arwin"}]
2017-09-28 05:08:56	[{"keyword":"weew","from":"2017-09-26","mode":"submitSocial","container":"all","username":"arwin"}]
2017-09-28 05:09:05	[{"keyword":"testing","from":"2017-09-26","mode":"submitSocial","container":"all","username":"arwin"}]
2017-09-28 05:09:08	[{"keyword":"#kopaja","from":"2017-09-26","mode":"submitSocial","container":"all","username":"arwin"}]
2017-09-28 05:09:10	[{"keyword":"#genkuisinsideout","from":"2017-09-26","mode":"submitSocial","container":"all","username":"arwin"}]
2017-09-28 05:09:13	[{"keyword":"starwars","from":"2017-09-26","mode":"submitSocial","container":"all","username":"arwin"}]
2017-09-28 05:09:16	[{"keyword":"#kopaja","from":"2017-09-26","mode":"submitSocial","container":"all","username":"arwin"}]
2017-09-28 05:09:19	[{"keyword":"mldspot","from":"2017-09-26","mode":"submitSocial","container":"all","username":"arwin"}]
2017-09-28 05:09:21	[{"keyword":"pbdjarum","from":"2017-09-26","mode":"submitSocial","container":"all","username":"arwin"}]
2017-09-28 05:09:24	[{"keyword":"temannabati","from":"2017-09-26","mode":"submitSocial","container":"all","username":"arwin"}]
2017-09-28 05:09:27	[{"keyword":"nextar","from":"2017-09-26","mode":"submitSocial","container":"all","username":"arwin"}]
2017-09-28 05:09:30	[{"keyword":"jokowo","from":"2017-09-26","mode":"submitSocial","container":"all","username":"arwin"}]
2017-09-28 05:09:34	[{"keyword":"prabowo","from":"2017-09-26","mode":"submitSocial","container":"all","username":"arwin"}]
2017-09-28 05:09:36	[{"keyword":"sudirman said","from":"2017-09-26","mode":"submitSocial","container":"all","username":"arwin"}]
2017-09-28 05:09:40	[{"keyword":"ahok","from":"2017-09-26","mode":"submitSocial","container":"all","username":"arwin"}]
2017-09-28 05:09:43	[{"keyword":"setyanovanto","from":"2017-09-26","mode":"submitSocial","container":"all","username":"arwin"}]
2017-09-28 05:09:49	[{"keyword":"jokowi","from":"2017-09-26","mode":"submitSocial","container":"all","username":"arwin"}]
2017-09-28 05:09:53	[{"keyword":"ahok","from":"2017-09-26","mode":"submitSocial","container":"all","username":"arwin"}]
2017-09-28 05:09:57	[{"keyword":"prabowo","from":"2017-09-26","mode":"submitSocial","container":"all","username":"arwin"}]
2017-09-28 05:09:59	[{"keyword":"sudirman said","from":"2017-09-26","mode":"submitSocial","container":"all","username":"arwin"}]
2017-09-28 05:10:02	[{"keyword":"setyanovanto","from":"2017-09-26","mode":"submitSocial","container":"all","username":"arwin"}]
2017-09-28 05:10:07	[{"keyword":"galau","from":"2017-09-26","mode":"submitSocial","container":"all","username":"arwin"}]
2017-09-28 05:10:10	[{"keyword":"#prestasiindonesia","from":"2017-09-26","mode":"submitSocial","container":"all","username":"arwin"}]
2017-09-28 05:10:12	[{"keyword":"@tw_debi","from":"2017-09-26","mode":"submitSocial","container":"all","username":"arwin"}]
2017-09-28 05:10:15	[{"keyword":"@officialfastron","from":"2017-09-26","mode":"submitSocial","container":"all","username":"arwin"}]
2017-09-28 05:10:18	[{"keyword":"@citibankid","from":"2017-09-26","mode":"submitSocial","container":"all","username":"arwin"}]
2017-09-28 05:10:20	[{"keyword":"@jak101fm","from":"2017-09-26","mode":"submitSocial","container":"all","username":"arwin"}]
2017-09-28 05:10:23	[{"keyword":"@genfm","from":"2017-09-26","mode":"submitSocial","container":"all","username":"arwin"}]
2017-09-28 13:43:20	[{"keyword":"look what you made me do from taylor13","from":"2017-09-21","mode":"submitAdvanced","container":"all","username":"admin"},{"keyword":"look what you made me do from taylor13","from":"2017-09-22","mode":"submitAdvanced","container":"all","username":"admin"},{"keyword":"look what you made me do from taylor13","from":"2017-09-23","mode":"submitAdvanced","container":"all","username":"admin"},{"keyword":"look what you made me do from taylor13","from":"2017-09-24","mode":"submitAdvanced","container":"all","username":"admin"},{"keyword":"look what you made me do from taylor13","from":"2017-09-25","mode":"submitAdvanced","container":"all","username":"admin"},{"keyword":"look what you made me do from taylor13","from":"2017-09-26","mode":"submitAdvanced","container":"all","username":"admin"},{"keyword":"look what you made me do from taylor13","from":"2017-09-27","mode":"submitAdvanced","container":"all","username":"admin"}]
2017-09-28 13:43:37	[{"keyword":"there's nothing holding back from shawnmendes","from":"2017-09-21","mode":"submitAdvanced","container":"all","username":"admin"},{"keyword":"there's nothing holding back from shawnmendes","from":"2017-09-22","mode":"submitAdvanced","container":"all","username":"admin"},{"keyword":"there's nothing holding back from shawnmendes","from":"2017-09-23","mode":"submitAdvanced","container":"all","username":"admin"},{"keyword":"there's nothing holding back from shawnmendes","from":"2017-09-24","mode":"submitAdvanced","container":"all","username":"admin"},{"keyword":"there's nothing holding back from shawnmendes","from":"2017-09-25","mode":"submitAdvanced","container":"all","username":"admin"},{"keyword":"there's nothing holding back from shawnmendes","from":"2017-09-26","mode":"submitAdvanced","container":"all","username":"admin"},{"keyword":"there's nothing holding back from shawnmendes","from":"2017-09-27","mode":"submitAdvanced","container":"all","username":"admin"}]
2017-09-28 13:43:51	[{"keyword":"feels from calvinharris","from":"2017-09-21","mode":"submitAdvanced","container":"all","username":"admin"},{"keyword":"feels from calvinharris","from":"2017-09-22","mode":"submitAdvanced","container":"all","username":"admin"},{"keyword":"feels from calvinharris","from":"2017-09-23","mode":"submitAdvanced","container":"all","username":"admin"},{"keyword":"feels from calvinharris","from":"2017-09-24","mode":"submitAdvanced","container":"all","username":"admin"},{"keyword":"feels from calvinharris","from":"2017-09-25","mode":"submitAdvanced","container":"all","username":"admin"},{"keyword":"feels from calvinharris","from":"2017-09-26","mode":"submitAdvanced","container":"all","username":"admin"},{"keyword":"feels from calvinharris","from":"2017-09-27","mode":"submitAdvanced","container":"all","username":"admin"}]
2017-09-28 13:46:19	[{"keyword":"look what you made me do","from":"2017-09-21","mode":"submitSocial","container":"all","username":"admin"},{"keyword":"look what you made me do","from":"2017-09-22","mode":"submitSocial","container":"all","username":"admin"},{"keyword":"look what you made me do","from":"2017-09-23","mode":"submitSocial","container":"all","username":"admin"},{"keyword":"look what you made me do","from":"2017-09-24","mode":"submitSocial","container":"all","username":"admin"},{"keyword":"look what you made me do","from":"2017-09-25","mode":"submitSocial","container":"all","username":"admin"},{"keyword":"look what you made me do","from":"2017-09-26","mode":"submitSocial","container":"all","username":"admin"},{"keyword":"look what you made me do","from":"2017-09-27","mode":"submitSocial","container":"all","username":"admin"}]
2017-09-28 13:46:20	[{"keyword":"there's nothing holding back","from":"2017-09-21","mode":"submitSocial","container":"all","username":"admin"},{"keyword":"there's nothing holding back","from":"2017-09-22","mode":"submitSocial","container":"all","username":"admin"},{"keyword":"there's nothing holding back","from":"2017-09-23","mode":"submitSocial","container":"all","username":"admin"},{"keyword":"there's nothing holding back","from":"2017-09-24","mode":"submitSocial","container":"all","username":"admin"},{"keyword":"there's nothing holding back","from":"2017-09-25","mode":"submitSocial","container":"all","username":"admin"},{"keyword":"there's nothing holding back","from":"2017-09-26","mode":"submitSocial","container":"all","username":"admin"},{"keyword":"there's nothing holding back","from":"2017-09-27","mode":"submitSocial","container":"all","username":"admin"}]
2017-09-28 13:47:52	[{"keyword":"dusk till dawn","from":"2017-09-21","mode":"submitSocial","container":"all","username":"admin"},{"keyword":"dusk till dawn","from":"2017-09-22","mode":"submitSocial","container":"all","username":"admin"},{"keyword":"dusk till dawn","from":"2017-09-23","mode":"submitSocial","container":"all","username":"admin"},{"keyword":"dusk till dawn","from":"2017-09-24","mode":"submitSocial","container":"all","username":"admin"},{"keyword":"dusk till dawn","from":"2017-09-25","mode":"submitSocial","container":"all","username":"admin"},{"keyword":"dusk till dawn","from":"2017-09-26","mode":"submitSocial","container":"all","username":"admin"},{"keyword":"dusk till dawn","from":"2017-09-27","mode":"submitSocial","container":"all","username":"admin"}]
2017-09-28 13:56:46	[{"keyword":"look what you made me do from taylor swift","from":"2017-09-07","mode":"submitAdvanced","container":"all","username":"admin"},{"keyword":"look what you made me do from taylor swift","from":"2017-09-08","mode":"submitAdvanced","container":"all","username":"admin"},{"keyword":"look what you made me do from taylor swift","from":"2017-09-09","mode":"submitAdvanced","container":"all","username":"admin"},{"keyword":"look what you made me do from taylor swift","from":"2017-09-10","mode":"submitAdvanced","container":"all","username":"admin"},{"keyword":"look what you made me do from taylor swift","from":"2017-09-11","mode":"submitAdvanced","container":"all","username":"admin"},{"keyword":"look what you made me do from taylor swift","from":"2017-09-12","mode":"submitAdvanced","container":"all","username":"admin"},{"keyword":"look what you made me do from taylor swift","from":"2017-09-13","mode":"submitAdvanced","container":"all","username":"admin"},{"keyword":"look what you made me do from taylor swift","from":"2017-09-14","mode":"submitAdvanced","container":"all","username":"admin"},{"keyword":"look what you made me do from taylor swift","from":"2017-09-15","mode":"submitAdvanced","container":"all","username":"admin"},{"keyword":"look what you made me do from taylor swift","from":"2017-09-16","mode":"submitAdvanced","container":"all","username":"admin"},{"keyword":"look what you made me do from taylor swift","from":"2017-09-17","mode":"submitAdvanced","container":"all","username":"admin"},{"keyword":"look what you made me do from taylor swift","from":"2017-09-18","mode":"submitAdvanced","container":"all","username":"admin"},{"keyword":"look what you made me do from taylor swift","from":"2017-09-19","mode":"submitAdvanced","container":"all","username":"admin"},{"keyword":"look what you made me do from taylor swift","from":"2017-09-20","mode":"submitAdvanced","container":"all","username":"admin"},{"keyword":"look what you made me do from taylor swift","from":"2017-09-21","mode":"submitAdvanced","container":"all","username":"admin"},{"keyword":"look what you made me do from taylor swift","from":"2017-09-22","mode":"submitAdvanced","container":"all","username":"admin"},{"keyword":"look what you made me do from taylor swift","from":"2017-09-23","mode":"submitAdvanced","container":"all","username":"admin"},{"keyword":"look what you made me do from taylor swift","from":"2017-09-24","mode":"submitAdvanced","container":"all","username":"admin"},{"keyword":"look what you made me do from taylor swift","from":"2017-09-25","mode":"submitAdvanced","container":"all","username":"admin"},{"keyword":"look what you made me do from taylor swift","from":"2017-09-26","mode":"submitAdvanced","container":"all","username":"admin"},{"keyword":"look what you made me do from taylor swift","from":"2017-09-27","mode":"submitAdvanced","container":"all","username":"admin"}]
2017-09-28 13:57:39	[{"keyword":"dusk till dawn from zayn malik","from":"2017-09-07","mode":"submitAdvanced","container":"all","username":"admin"},{"keyword":"dusk till dawn from zayn malik","from":"2017-09-08","mode":"submitAdvanced","container":"all","username":"admin"},{"keyword":"dusk till dawn from zayn malik","from":"2017-09-09","mode":"submitAdvanced","container":"all","username":"admin"},{"keyword":"dusk till dawn from zayn malik","from":"2017-09-10","mode":"submitAdvanced","container":"all","username":"admin"},{"keyword":"dusk till dawn from zayn malik","from":"2017-09-11","mode":"submitAdvanced","container":"all","username":"admin"},{"keyword":"dusk till dawn from zayn malik","from":"2017-09-12","mode":"submitAdvanced","container":"all","username":"admin"},{"keyword":"dusk till dawn from zayn malik","from":"2017-09-13","mode":"submitAdvanced","container":"all","username":"admin"},{"keyword":"dusk till dawn from zayn malik","from":"2017-09-14","mode":"submitAdvanced","container":"all","username":"admin"},{"keyword":"dusk till dawn from zayn malik","from":"2017-09-15","mode":"submitAdvanced","container":"all","username":"admin"},{"keyword":"dusk till dawn from zayn malik","from":"2017-09-16","mode":"submitAdvanced","container":"all","username":"admin"},{"keyword":"dusk till dawn from zayn malik","from":"2017-09-17","mode":"submitAdvanced","container":"all","username":"admin"},{"keyword":"dusk till dawn from zayn malik","from":"2017-09-18","mode":"submitAdvanced","container":"all","username":"admin"},{"keyword":"dusk till dawn from zayn malik","from":"2017-09-19","mode":"submitAdvanced","container":"all","username":"admin"},{"keyword":"dusk till dawn from zayn malik","from":"2017-09-20","mode":"submitAdvanced","container":"all","username":"admin"},{"keyword":"dusk till dawn from zayn malik","from":"2017-09-21","mode":"submitAdvanced","container":"all","username":"admin"},{"keyword":"dusk till dawn from zayn malik","from":"2017-09-22","mode":"submitAdvanced","container":"all","username":"admin"},{"keyword":"dusk till dawn from zayn malik","from":"2017-09-23","mode":"submitAdvanced","container":"all","username":"admin"},{"keyword":"dusk till dawn from zayn malik","from":"2017-09-24","mode":"submitAdvanced","container":"all","username":"admin"},{"keyword":"dusk till dawn from zayn malik","from":"2017-09-25","mode":"submitAdvanced","container":"all","username":"admin"},{"keyword":"dusk till dawn from zayn malik","from":"2017-09-26","mode":"submitAdvanced","container":"all","username":"admin"},{"keyword":"dusk till dawn from zayn malik","from":"2017-09-27","mode":"submitAdvanced","container":"all","username":"admin"}]
2017-09-28 14:03:36	[{"keyword":"look what you made me do from taylor","from":"2017-09-07","mode":"submitAdvanced","container":"all","username":"admin"},{"keyword":"look what you made me do from taylor","from":"2017-09-08","mode":"submitAdvanced","container":"all","username":"admin"},{"keyword":"look what you made me do from taylor","from":"2017-09-09","mode":"submitAdvanced","container":"all","username":"admin"},{"keyword":"look what you made me do from taylor","from":"2017-09-10","mode":"submitAdvanced","container":"all","username":"admin"},{"keyword":"look what you made me do from taylor","from":"2017-09-11","mode":"submitAdvanced","container":"all","username":"admin"},{"keyword":"look what you made me do from taylor","from":"2017-09-12","mode":"submitAdvanced","container":"all","username":"admin"},{"keyword":"look what you made me do from taylor","from":"2017-09-13","mode":"submitAdvanced","container":"all","username":"admin"},{"keyword":"look what you made me do from taylor","from":"2017-09-14","mode":"submitAdvanced","container":"all","username":"admin"},{"keyword":"look what you made me do from taylor","from":"2017-09-15","mode":"submitAdvanced","container":"all","username":"admin"},{"keyword":"look what you made me do from taylor","from":"2017-09-16","mode":"submitAdvanced","container":"all","username":"admin"},{"keyword":"look what you made me do from taylor","from":"2017-09-17","mode":"submitAdvanced","container":"all","username":"admin"},{"keyword":"look what you made me do from taylor","from":"2017-09-18","mode":"submitAdvanced","container":"all","username":"admin"},{"keyword":"look what you made me do from taylor","from":"2017-09-19","mode":"submitAdvanced","container":"all","username":"admin"},{"keyword":"look what you made me do from taylor","from":"2017-09-20","mode":"submitAdvanced","container":"all","username":"admin"},{"keyword":"look what you made me do from taylor","from":"2017-09-21","mode":"submitAdvanced","container":"all","username":"admin"},{"keyword":"look what you made me do from taylor","from":"2017-09-22","mode":"submitAdvanced","container":"all","username":"admin"},{"keyword":"look what you made me do from taylor","from":"2017-09-23","mode":"submitAdvanced","container":"all","username":"admin"},{"keyword":"look what you made me do from taylor","from":"2017-09-24","mode":"submitAdvanced","container":"all","username":"admin"},{"keyword":"look what you made me do from taylor","from":"2017-09-25","mode":"submitAdvanced","container":"all","username":"admin"},{"keyword":"look what you made me do from taylor","from":"2017-09-26","mode":"submitAdvanced","container":"all","username":"admin"},{"keyword":"look what you made me do from taylor","from":"2017-09-27","mode":"submitAdvanced","container":"all","username":"admin"}]
2017-09-28 14:04:29	[{"keyword":"dusk till dawn from zayn","from":"2017-09-07","mode":"submitAdvanced","container":"all","username":"admin"},{"keyword":"dusk till dawn from zayn","from":"2017-09-08","mode":"submitAdvanced","container":"all","username":"admin"},{"keyword":"dusk till dawn from zayn","from":"2017-09-09","mode":"submitAdvanced","container":"all","username":"admin"},{"keyword":"dusk till dawn from zayn","from":"2017-09-10","mode":"submitAdvanced","container":"all","username":"admin"},{"keyword":"dusk till dawn from zayn","from":"2017-09-11","mode":"submitAdvanced","container":"all","username":"admin"},{"keyword":"dusk till dawn from zayn","from":"2017-09-12","mode":"submitAdvanced","container":"all","username":"admin"},{"keyword":"dusk till dawn from zayn","from":"2017-09-13","mode":"submitAdvanced","container":"all","username":"admin"},{"keyword":"dusk till dawn from zayn","from":"2017-09-14","mode":"submitAdvanced","container":"all","username":"admin"},{"keyword":"dusk till dawn from zayn","from":"2017-09-15","mode":"submitAdvanced","container":"all","username":"admin"},{"keyword":"dusk till dawn from zayn","from":"2017-09-16","mode":"submitAdvanced","container":"all","username":"admin"},{"keyword":"dusk till dawn from zayn","from":"2017-09-17","mode":"submitAdvanced","container":"all","username":"admin"},{"keyword":"dusk till dawn from zayn","from":"2017-09-18","mode":"submitAdvanced","container":"all","username":"admin"},{"keyword":"dusk till dawn from zayn","from":"2017-09-19","mode":"submitAdvanced","container":"all","username":"admin"},{"keyword":"dusk till dawn from zayn","from":"2017-09-20","mode":"submitAdvanced","container":"all","username":"admin"},{"keyword":"dusk till dawn from zayn","from":"2017-09-21","mode":"submitAdvanced","container":"all","username":"admin"},{"keyword":"dusk till dawn from zayn","from":"2017-09-22","mode":"submitAdvanced","container":"all","username":"admin"},{"keyword":"dusk till dawn from zayn","from":"2017-09-23","mode":"submitAdvanced","container":"all","username":"admin"},{"keyword":"dusk till dawn from zayn","from":"2017-09-24","mode":"submitAdvanced","container":"all","username":"admin"},{"keyword":"dusk till dawn from zayn","from":"2017-09-25","mode":"submitAdvanced","container":"all","username":"admin"},{"keyword":"dusk till dawn from zayn","from":"2017-09-26","mode":"submitAdvanced","container":"all","username":"admin"},{"keyword":"dusk till dawn from zayn","from":"2017-09-27","mode":"submitAdvanced","container":"all","username":"admin"}]
2017-09-28 14:16:20	[{"keyword":"look what you made me do from swift","from":"2017-09-21","mode":"submitAdvanced","container":"all","username":"admin"},{"keyword":"look what you made me do from swift","from":"2017-09-22","mode":"submitAdvanced","container":"all","username":"admin"},{"keyword":"look what you made me do from swift","from":"2017-09-23","mode":"submitAdvanced","container":"all","username":"admin"},{"keyword":"look what you made me do from swift","from":"2017-09-24","mode":"submitAdvanced","container":"all","username":"admin"},{"keyword":"look what you made me do from swift","from":"2017-09-25","mode":"submitAdvanced","container":"all","username":"admin"},{"keyword":"look what you made me do from swift","from":"2017-09-26","mode":"submitAdvanced","container":"all","username":"admin"},{"keyword":"look what you made me do from swift","from":"2017-09-27","mode":"submitAdvanced","container":"all","username":"admin"}]
2017-09-28 14:16:35	[{"keyword":"dusk till dawn from sia","from":"2017-09-21","mode":"submitAdvanced","container":"all","username":"admin"},{"keyword":"dusk till dawn from sia","from":"2017-09-22","mode":"submitAdvanced","container":"all","username":"admin"},{"keyword":"dusk till dawn from sia","from":"2017-09-23","mode":"submitAdvanced","container":"all","username":"admin"},{"keyword":"dusk till dawn from sia","from":"2017-09-24","mode":"submitAdvanced","container":"all","username":"admin"},{"keyword":"dusk till dawn from sia","from":"2017-09-25","mode":"submitAdvanced","container":"all","username":"admin"},{"keyword":"dusk till dawn from sia","from":"2017-09-26","mode":"submitAdvanced","container":"all","username":"admin"},{"keyword":"dusk till dawn from sia","from":"2017-09-27","mode":"submitAdvanced","container":"all","username":"admin"}]
2017-09-28 14:17:30	[{"keyword":"look what you made me do from swift","from":"2017-09-07","mode":"submitAdvanced","container":"all","username":"admin"},{"keyword":"look what you made me do from swift","from":"2017-09-08","mode":"submitAdvanced","container":"all","username":"admin"},{"keyword":"look what you made me do from swift","from":"2017-09-09","mode":"submitAdvanced","container":"all","username":"admin"},{"keyword":"look what you made me do from swift","from":"2017-09-10","mode":"submitAdvanced","container":"all","username":"admin"},{"keyword":"look what you made me do from swift","from":"2017-09-11","mode":"submitAdvanced","container":"all","username":"admin"},{"keyword":"look what you made me do from swift","from":"2017-09-12","mode":"submitAdvanced","container":"all","username":"admin"},{"keyword":"look what you made me do from swift","from":"2017-09-13","mode":"submitAdvanced","container":"all","username":"admin"},{"keyword":"look what you made me do from swift","from":"2017-09-14","mode":"submitAdvanced","container":"all","username":"admin"},{"keyword":"look what you made me do from swift","from":"2017-09-15","mode":"submitAdvanced","container":"all","username":"admin"},{"keyword":"look what you made me do from swift","from":"2017-09-16","mode":"submitAdvanced","container":"all","username":"admin"},{"keyword":"look what you made me do from swift","from":"2017-09-17","mode":"submitAdvanced","container":"all","username":"admin"},{"keyword":"look what you made me do from swift","from":"2017-09-18","mode":"submitAdvanced","container":"all","username":"admin"},{"keyword":"look what you made me do from swift","from":"2017-09-19","mode":"submitAdvanced","container":"all","username":"admin"},{"keyword":"look what you made me do from swift","from":"2017-09-20","mode":"submitAdvanced","container":"all","username":"admin"}]
2017-09-28 14:18:12	[{"keyword":"dusk till dawn from sia","from":"2017-09-07","mode":"submitAdvanced","container":"all","username":"admin"},{"keyword":"dusk till dawn from sia","from":"2017-09-08","mode":"submitAdvanced","container":"all","username":"admin"},{"keyword":"dusk till dawn from sia","from":"2017-09-09","mode":"submitAdvanced","container":"all","username":"admin"},{"keyword":"dusk till dawn from sia","from":"2017-09-10","mode":"submitAdvanced","container":"all","username":"admin"},{"keyword":"dusk till dawn from sia","from":"2017-09-11","mode":"submitAdvanced","container":"all","username":"admin"},{"keyword":"dusk till dawn from sia","from":"2017-09-12","mode":"submitAdvanced","container":"all","username":"admin"},{"keyword":"dusk till dawn from sia","from":"2017-09-13","mode":"submitAdvanced","container":"all","username":"admin"},{"keyword":"dusk till dawn from sia","from":"2017-09-14","mode":"submitAdvanced","container":"all","username":"admin"},{"keyword":"dusk till dawn from sia","from":"2017-09-15","mode":"submitAdvanced","container":"all","username":"admin"},{"keyword":"dusk till dawn from sia","from":"2017-09-16","mode":"submitAdvanced","container":"all","username":"admin"},{"keyword":"dusk till dawn from sia","from":"2017-09-17","mode":"submitAdvanced","container":"all","username":"admin"},{"keyword":"dusk till dawn from sia","from":"2017-09-18","mode":"submitAdvanced","container":"all","username":"admin"},{"keyword":"dusk till dawn from sia","from":"2017-09-19","mode":"submitAdvanced","container":"all","username":"admin"},{"keyword":"dusk till dawn from sia","from":"2017-09-20","mode":"submitAdvanced","container":"all","username":"admin"}]
2017-09-28 14:28:17	[{"keyword":"look what you made me do from swiftie","from":"2017-09-07","mode":"submitAdvanced","container":"all","username":"admin"},{"keyword":"look what you made me do from swiftie","from":"2017-09-08","mode":"submitAdvanced","container":"all","username":"admin"},{"keyword":"look what you made me do from swiftie","from":"2017-09-09","mode":"submitAdvanced","container":"all","username":"admin"},{"keyword":"look what you made me do from swiftie","from":"2017-09-10","mode":"submitAdvanced","container":"all","username":"admin"},{"keyword":"look what you made me do from swiftie","from":"2017-09-11","mode":"submitAdvanced","container":"all","username":"admin"},{"keyword":"look what you made me do from swiftie","from":"2017-09-12","mode":"submitAdvanced","container":"all","username":"admin"},{"keyword":"look what you made me do from swiftie","from":"2017-09-13","mode":"submitAdvanced","container":"all","username":"admin"},{"keyword":"look what you made me do from swiftie","from":"2017-09-14","mode":"submitAdvanced","container":"all","username":"admin"},{"keyword":"look what you made me do from swiftie","from":"2017-09-15","mode":"submitAdvanced","container":"all","username":"admin"},{"keyword":"look what you made me do from swiftie","from":"2017-09-16","mode":"submitAdvanced","container":"all","username":"admin"},{"keyword":"look what you made me do from swiftie","from":"2017-09-17","mode":"submitAdvanced","container":"all","username":"admin"},{"keyword":"look what you made me do from swiftie","from":"2017-09-18","mode":"submitAdvanced","container":"all","username":"admin"},{"keyword":"look what you made me do from swiftie","from":"2017-09-19","mode":"submitAdvanced","container":"all","username":"admin"},{"keyword":"look what you made me do from swiftie","from":"2017-09-20","mode":"submitAdvanced","container":"all","username":"admin"},{"keyword":"look what you made me do from swiftie","from":"2017-09-21","mode":"submitAdvanced","container":"all","username":"admin"},{"keyword":"look what you made me do from swiftie","from":"2017-09-22","mode":"submitAdvanced","container":"all","username":"admin"},{"keyword":"look what you made me do from swiftie","from":"2017-09-23","mode":"submitAdvanced","container":"all","username":"admin"},{"keyword":"look what you made me do from swiftie","from":"2017-09-24","mode":"submitAdvanced","container":"all","username":"admin"},{"keyword":"look what you made me do from swiftie","from":"2017-09-25","mode":"submitAdvanced","container":"all","username":"admin"},{"keyword":"look what you made me do from swiftie","from":"2017-09-26","mode":"submitAdvanced","container":"all","username":"admin"},{"keyword":"look what you made me do from swiftie","from":"2017-09-27","mode":"submitAdvanced","container":"all","username":"admin"}]
2017-09-28 14:29:12	[{"keyword":"dusk till dawn from zquad","from":"2017-09-07","mode":"submitAdvanced","container":"all","username":"admin"},{"keyword":"dusk till dawn from zquad","from":"2017-09-08","mode":"submitAdvanced","container":"all","username":"admin"},{"keyword":"dusk till dawn from zquad","from":"2017-09-09","mode":"submitAdvanced","container":"all","username":"admin"},{"keyword":"dusk till dawn from zquad","from":"2017-09-10","mode":"submitAdvanced","container":"all","username":"admin"},{"keyword":"dusk till dawn from zquad","from":"2017-09-11","mode":"submitAdvanced","container":"all","username":"admin"},{"keyword":"dusk till dawn from zquad","from":"2017-09-12","mode":"submitAdvanced","container":"all","username":"admin"},{"keyword":"dusk till dawn from zquad","from":"2017-09-13","mode":"submitAdvanced","container":"all","username":"admin"},{"keyword":"dusk till dawn from zquad","from":"2017-09-14","mode":"submitAdvanced","container":"all","username":"admin"},{"keyword":"dusk till dawn from zquad","from":"2017-09-15","mode":"submitAdvanced","container":"all","username":"admin"},{"keyword":"dusk till dawn from zquad","from":"2017-09-16","mode":"submitAdvanced","container":"all","username":"admin"},{"keyword":"dusk till dawn from zquad","from":"2017-09-17","mode":"submitAdvanced","container":"all","username":"admin"},{"keyword":"dusk till dawn from zquad","from":"2017-09-18","mode":"submitAdvanced","container":"all","username":"admin"},{"keyword":"dusk till dawn from zquad","from":"2017-09-19","mode":"submitAdvanced","container":"all","username":"admin"},{"keyword":"dusk till dawn from zquad","from":"2017-09-20","mode":"submitAdvanced","container":"all","username":"admin"},{"keyword":"dusk till dawn from zquad","from":"2017-09-21","mode":"submitAdvanced","container":"all","username":"admin"},{"keyword":"dusk till dawn from zquad","from":"2017-09-22","mode":"submitAdvanced","container":"all","username":"admin"},{"keyword":"dusk till dawn from zquad","from":"2017-09-23","mode":"submitAdvanced","container":"all","username":"admin"},{"keyword":"dusk till dawn from zquad","from":"2017-09-24","mode":"submitAdvanced","container":"all","username":"admin"},{"keyword":"dusk till dawn from zquad","from":"2017-09-25","mode":"submitAdvanced","container":"all","username":"admin"},{"keyword":"dusk till dawn from zquad","from":"2017-09-26","mode":"submitAdvanced","container":"all","username":"admin"},{"keyword":"dusk till dawn from zquad","from":"2017-09-27","mode":"submitAdvanced","container":"all","username":"admin"}]
2017-09-28 14:32:45	[{"keyword":"look what you made me do from taylorswift13","from":"2017-09-07","mode":"submitAdvanced","container":"all","username":"admin"},{"keyword":"look what you made me do from taylorswift13","from":"2017-09-08","mode":"submitAdvanced","container":"all","username":"admin"},{"keyword":"look what you made me do from taylorswift13","from":"2017-09-09","mode":"submitAdvanced","container":"all","username":"admin"},{"keyword":"look what you made me do from taylorswift13","from":"2017-09-10","mode":"submitAdvanced","container":"all","username":"admin"},{"keyword":"look what you made me do from taylorswift13","from":"2017-09-11","mode":"submitAdvanced","container":"all","username":"admin"},{"keyword":"look what you made me do from taylorswift13","from":"2017-09-12","mode":"submitAdvanced","container":"all","username":"admin"},{"keyword":"look what you made me do from taylorswift13","from":"2017-09-13","mode":"submitAdvanced","container":"all","username":"admin"},{"keyword":"look what you made me do from taylorswift13","from":"2017-09-14","mode":"submitAdvanced","container":"all","username":"admin"},{"keyword":"look what you made me do from taylorswift13","from":"2017-09-15","mode":"submitAdvanced","container":"all","username":"admin"},{"keyword":"look what you made me do from taylorswift13","from":"2017-09-16","mode":"submitAdvanced","container":"all","username":"admin"},{"keyword":"look what you made me do from taylorswift13","from":"2017-09-17","mode":"submitAdvanced","container":"all","username":"admin"},{"keyword":"look what you made me do from taylorswift13","from":"2017-09-18","mode":"submitAdvanced","container":"all","username":"admin"},{"keyword":"look what you made me do from taylorswift13","from":"2017-09-19","mode":"submitAdvanced","container":"all","username":"admin"},{"keyword":"look what you made me do from taylorswift13","from":"2017-09-20","mode":"submitAdvanced","container":"all","username":"admin"},{"keyword":"look what you made me do from taylorswift13","from":"2017-09-21","mode":"submitAdvanced","container":"all","username":"admin"},{"keyword":"look what you made me do from taylorswift13","from":"2017-09-22","mode":"submitAdvanced","container":"all","username":"admin"},{"keyword":"look what you made me do from taylorswift13","from":"2017-09-23","mode":"submitAdvanced","container":"all","username":"admin"},{"keyword":"look what you made me do from taylorswift13","from":"2017-09-24","mode":"submitAdvanced","container":"all","username":"admin"},{"keyword":"look what you made me do from taylorswift13","from":"2017-09-25","mode":"submitAdvanced","container":"all","username":"admin"},{"keyword":"look what you made me do from taylorswift13","from":"2017-09-26","mode":"submitAdvanced","container":"all","username":"admin"},{"keyword":"look what you made me do from taylorswift13","from":"2017-09-27","mode":"submitAdvanced","container":"all","username":"admin"}]
2017-09-28 14:33:38	[{"keyword":"dusk till dawn from zaynmalik","from":"2017-09-07","mode":"submitAdvanced","container":"all","username":"admin"},{"keyword":"dusk till dawn from zaynmalik","from":"2017-09-08","mode":"submitAdvanced","container":"all","username":"admin"},{"keyword":"dusk till dawn from zaynmalik","from":"2017-09-09","mode":"submitAdvanced","container":"all","username":"admin"},{"keyword":"dusk till dawn from zaynmalik","from":"2017-09-10","mode":"submitAdvanced","container":"all","username":"admin"},{"keyword":"dusk till dawn from zaynmalik","from":"2017-09-11","mode":"submitAdvanced","container":"all","username":"admin"},{"keyword":"dusk till dawn from zaynmalik","from":"2017-09-12","mode":"submitAdvanced","container":"all","username":"admin"},{"keyword":"dusk till dawn from zaynmalik","from":"2017-09-13","mode":"submitAdvanced","container":"all","username":"admin"},{"keyword":"dusk till dawn from zaynmalik","from":"2017-09-14","mode":"submitAdvanced","container":"all","username":"admin"},{"keyword":"dusk till dawn from zaynmalik","from":"2017-09-15","mode":"submitAdvanced","container":"all","username":"admin"},{"keyword":"dusk till dawn from zaynmalik","from":"2017-09-16","mode":"submitAdvanced","container":"all","username":"admin"},{"keyword":"dusk till dawn from zaynmalik","from":"2017-09-17","mode":"submitAdvanced","container":"all","username":"admin"},{"keyword":"dusk till dawn from zaynmalik","from":"2017-09-18","mode":"submitAdvanced","container":"all","username":"admin"},{"keyword":"dusk till dawn from zaynmalik","from":"2017-09-19","mode":"submitAdvanced","container":"all","username":"admin"},{"keyword":"dusk till dawn from zaynmalik","from":"2017-09-20","mode":"submitAdvanced","container":"all","username":"admin"},{"keyword":"dusk till dawn from zaynmalik","from":"2017-09-21","mode":"submitAdvanced","container":"all","username":"admin"},{"keyword":"dusk till dawn from zaynmalik","from":"2017-09-22","mode":"submitAdvanced","container":"all","username":"admin"},{"keyword":"dusk till dawn from zaynmalik","from":"2017-09-23","mode":"submitAdvanced","container":"all","username":"admin"},{"keyword":"dusk till dawn from zaynmalik","from":"2017-09-24","mode":"submitAdvanced","container":"all","username":"admin"},{"keyword":"dusk till dawn from zaynmalik","from":"2017-09-25","mode":"submitAdvanced","container":"all","username":"admin"},{"keyword":"dusk till dawn from zaynmalik","from":"2017-09-26","mode":"submitAdvanced","container":"all","username":"admin"},{"keyword":"dusk till dawn from zaynmalik","from":"2017-09-27","mode":"submitAdvanced","container":"all","username":"admin"}]
2017-09-28 14:35:29	[{"keyword":"look what you made me do from @taylorswift13","from":"2017-09-07","mode":"submitAdvanced","container":"all","username":"admin"},{"keyword":"look what you made me do from @taylorswift13","from":"2017-09-08","mode":"submitAdvanced","container":"all","username":"admin"},{"keyword":"look what you made me do from @taylorswift13","from":"2017-09-09","mode":"submitAdvanced","container":"all","username":"admin"},{"keyword":"look what you made me do from @taylorswift13","from":"2017-09-10","mode":"submitAdvanced","container":"all","username":"admin"},{"keyword":"look what you made me do from @taylorswift13","from":"2017-09-11","mode":"submitAdvanced","container":"all","username":"admin"},{"keyword":"look what you made me do from @taylorswift13","from":"2017-09-12","mode":"submitAdvanced","container":"all","username":"admin"},{"keyword":"look what you made me do from @taylorswift13","from":"2017-09-13","mode":"submitAdvanced","container":"all","username":"admin"},{"keyword":"look what you made me do from @taylorswift13","from":"2017-09-14","mode":"submitAdvanced","container":"all","username":"admin"},{"keyword":"look what you made me do from @taylorswift13","from":"2017-09-15","mode":"submitAdvanced","container":"all","username":"admin"},{"keyword":"look what you made me do from @taylorswift13","from":"2017-09-16","mode":"submitAdvanced","container":"all","username":"admin"},{"keyword":"look what you made me do from @taylorswift13","from":"2017-09-17","mode":"submitAdvanced","container":"all","username":"admin"},{"keyword":"look what you made me do from @taylorswift13","from":"2017-09-18","mode":"submitAdvanced","container":"all","username":"admin"},{"keyword":"look what you made me do from @taylorswift13","from":"2017-09-19","mode":"submitAdvanced","container":"all","username":"admin"},{"keyword":"look what you made me do from @taylorswift13","from":"2017-09-20","mode":"submitAdvanced","container":"all","username":"admin"},{"keyword":"look what you made me do from @taylorswift13","from":"2017-09-21","mode":"submitAdvanced","container":"all","username":"admin"},{"keyword":"look what you made me do from @taylorswift13","from":"2017-09-22","mode":"submitAdvanced","container":"all","username":"admin"},{"keyword":"look what you made me do from @taylorswift13","from":"2017-09-23","mode":"submitAdvanced","container":"all","username":"admin"},{"keyword":"look what you made me do from @taylorswift13","from":"2017-09-24","mode":"submitAdvanced","container":"all","username":"admin"},{"keyword":"look what you made me do from @taylorswift13","from":"2017-09-25","mode":"submitAdvanced","container":"all","username":"admin"},{"keyword":"look what you made me do from @taylorswift13","from":"2017-09-26","mode":"submitAdvanced","container":"all","username":"admin"},{"keyword":"look what you made me do from @taylorswift13","from":"2017-09-27","mode":"submitAdvanced","container":"all","username":"admin"}]
2017-09-28 14:36:23	[{"keyword":"dusk till dawn from @zaynmalik","from":"2017-09-07","mode":"submitAdvanced","container":"all","username":"admin"},{"keyword":"dusk till dawn from @zaynmalik","from":"2017-09-08","mode":"submitAdvanced","container":"all","username":"admin"},{"keyword":"dusk till dawn from @zaynmalik","from":"2017-09-09","mode":"submitAdvanced","container":"all","username":"admin"},{"keyword":"dusk till dawn from @zaynmalik","from":"2017-09-10","mode":"submitAdvanced","container":"all","username":"admin"},{"keyword":"dusk till dawn from @zaynmalik","from":"2017-09-11","mode":"submitAdvanced","container":"all","username":"admin"},{"keyword":"dusk till dawn from @zaynmalik","from":"2017-09-12","mode":"submitAdvanced","container":"all","username":"admin"},{"keyword":"dusk till dawn from @zaynmalik","from":"2017-09-13","mode":"submitAdvanced","container":"all","username":"admin"},{"keyword":"dusk till dawn from @zaynmalik","from":"2017-09-14","mode":"submitAdvanced","container":"all","username":"admin"},{"keyword":"dusk till dawn from @zaynmalik","from":"2017-09-15","mode":"submitAdvanced","container":"all","username":"admin"},{"keyword":"dusk till dawn from @zaynmalik","from":"2017-09-16","mode":"submitAdvanced","container":"all","username":"admin"},{"keyword":"dusk till dawn from @zaynmalik","from":"2017-09-17","mode":"submitAdvanced","container":"all","username":"admin"},{"keyword":"dusk till dawn from @zaynmalik","from":"2017-09-18","mode":"submitAdvanced","container":"all","username":"admin"},{"keyword":"dusk till dawn from @zaynmalik","from":"2017-09-19","mode":"submitAdvanced","container":"all","username":"admin"},{"keyword":"dusk till dawn from @zaynmalik","from":"2017-09-20","mode":"submitAdvanced","container":"all","username":"admin"},{"keyword":"dusk till dawn from @zaynmalik","from":"2017-09-21","mode":"submitAdvanced","container":"all","username":"admin"},{"keyword":"dusk till dawn from @zaynmalik","from":"2017-09-22","mode":"submitAdvanced","container":"all","username":"admin"},{"keyword":"dusk till dawn from @zaynmalik","from":"2017-09-23","mode":"submitAdvanced","container":"all","username":"admin"},{"keyword":"dusk till dawn from @zaynmalik","from":"2017-09-24","mode":"submitAdvanced","container":"all","username":"admin"},{"keyword":"dusk till dawn from @zaynmalik","from":"2017-09-25","mode":"submitAdvanced","container":"all","username":"admin"},{"keyword":"dusk till dawn from @zaynmalik","from":"2017-09-26","mode":"submitAdvanced","container":"all","username":"admin"},{"keyword":"dusk till dawn from @zaynmalik","from":"2017-09-27","mode":"submitAdvanced","container":"all","username":"admin"}]
