2017-12-04 05:00:14	[{"keyword":"@987genfm","from":"2017-12-02","mode":"submitSocial","container":"all","username":"arwin"}]
2017-12-04 05:00:25	[{"keyword":"@101jakfm","from":"2017-12-02","mode":"submitSocial","container":"all","username":"arwin"}]
2017-12-04 05:00:36	[{"keyword":"@prambors","from":"2017-12-02","mode":"submitSocial","container":"all","username":"arwin"}]
2017-12-04 05:00:47	[{"keyword":"@hardrockfm","from":"2017-12-02","mode":"submitSocial","container":"all","username":"arwin"}]
2017-12-04 05:00:57	[{"keyword":"@kisfmjakarta","from":"2017-12-02","mode":"submitSocial","container":"all","username":"arwin"}]
2017-12-04 05:01:08	[{"keyword":"@delta_fm","from":"2017-12-02","mode":"submitSocial","container":"all","username":"arwin"}]
2017-12-04 05:01:18	[{"keyword":"@traxfmjkt","from":"2017-12-02","mode":"submitSocial","container":"all","username":"arwin"}]
2017-12-04 05:01:29	[{"keyword":"@iradiojakarta","from":"2017-12-02","mode":"submitSocial","container":"all","username":"arwin"}]
2017-12-04 05:01:39	[{"keyword":"@indika9160fm","from":"2017-12-02","mode":"submitSocial","container":"all","username":"arwin"}]
2017-12-04 05:01:50	[{"keyword":"@shellindonesia","from":"2017-12-02","mode":"submitSocial","container":"all","username":"arwin"}]
2017-12-04 05:02:00	[{"keyword":"@vpowerfans","from":"2017-12-02","mode":"submitSocial","container":"all","username":"arwin"}]
2017-12-04 05:02:11	[{"keyword":"@pertamaxind","from":"2017-12-02","mode":"submitSocial","container":"all","username":"arwin"}]
2017-12-04 05:02:22	[{"keyword":"@ptpertamina","from":"2017-12-02","mode":"submitSocial","container":"all","username":"arwin"}]
2017-12-04 05:02:33	[{"keyword":"@ozradiojakarta","from":"2017-12-02","mode":"submitSocial","container":"all","username":"arwin"}]
2017-12-04 05:02:43	[{"keyword":"@cosmopolitanfm","from":"2017-12-02","mode":"submitSocial","container":"all","username":"arwin"}]
2017-12-04 05:02:54	[{"keyword":"@mustang88fm","from":"2017-12-02","mode":"submitSocial","container":"all","username":"arwin"}]
2017-12-04 05:03:04	[{"keyword":"@debabaz","from":"2017-12-02","mode":"submitSocial","container":"all","username":"arwin"}]
2017-12-04 05:03:16	[{"keyword":"@detikcom","from":"2017-12-02","mode":"submitSocial","container":"all","username":"arwin"}]
2017-12-04 05:03:27	[{"keyword":"@radioelshinta","from":"2017-12-02","mode":"submitSocial","container":"all","username":"arwin"}]
2017-12-04 05:03:38	[{"keyword":"@cinema21","from":"2017-12-02","mode":"submitSocial","container":"all","username":"arwin"}]
2017-12-04 05:03:49	[{"keyword":"@officialrcti","from":"2017-12-02","mode":"submitSocial","container":"all","username":"arwin"}]
2017-12-04 05:03:59	[{"keyword":"@transtv_corp","from":"2017-12-02","mode":"submitSocial","container":"all","username":"arwin"}]
2017-12-04 05:04:11	[{"keyword":"@trans7","from":"2017-12-02","mode":"submitSocial","container":"all","username":"arwin"}]
2017-12-04 05:04:23	[{"keyword":"@metro_tv","from":"2017-12-02","mode":"submitSocial","container":"all","username":"arwin"}]
2017-12-04 05:04:34	[{"keyword":"@tvonenews","from":"2017-12-02","mode":"submitSocial","container":"all","username":"arwin"}]
2017-12-04 05:04:44	[{"keyword":"@whatsonantv","from":"2017-12-02","mode":"submitSocial","container":"all","username":"arwin"}]
2017-12-04 05:04:56	[{"keyword":"@sctv_","from":"2017-12-02","mode":"submitSocial","container":"all","username":"arwin"}]
2017-12-04 05:05:07	[{"keyword":"@kompastv","from":"2017-12-02","mode":"submitSocial","container":"all","username":"arwin"}]
2017-12-04 05:05:19	[{"keyword":"@netmediatama","from":"2017-12-02","mode":"submitSocial","container":"all","username":"arwin"}]
2017-12-04 05:05:29	[{"keyword":"@globaltvseru","from":"2017-12-02","mode":"submitSocial","container":"all","username":"arwin"}]
2017-12-04 05:05:40	[{"keyword":"@jaktvcom","from":"2017-12-02","mode":"submitSocial","container":"all","username":"arwin"}]
2017-12-04 05:05:50	[{"keyword":"@tvrinasional","from":"2017-12-02","mode":"submitSocial","container":"all","username":"arwin"}]
2017-12-04 05:06:01	[{"keyword":"@ochannelupdates","from":"2017-12-02","mode":"submitSocial","container":"all","username":"arwin"}]
2017-12-04 05:06:13	[{"keyword":"@indosiarid","from":"2017-12-02","mode":"submitSocial","container":"all","username":"arwin"}]
2017-12-04 05:06:25	[{"keyword":"@kompascom","from":"2017-12-02","mode":"submitSocial","container":"all","username":"arwin"}]
2017-12-04 05:06:35	[{"keyword":"@merdekadotcom","from":"2017-12-02","mode":"submitSocial","container":"all","username":"arwin"}]
2017-12-04 05:06:46	[{"keyword":"@midotcom","from":"2017-12-02","mode":"submitSocial","container":"all","username":"arwin"}]
2017-12-04 05:06:57	[{"keyword":"@tempodotco","from":"2017-12-02","mode":"submitSocial","container":"all","username":"arwin"}]
2017-12-04 05:07:08	[{"keyword":"@motion975fm","from":"2017-12-02","mode":"submitSocial","container":"all","username":"arwin"}]
2017-12-04 05:07:18	[{"keyword":"@_radiotoday","from":"2017-12-02","mode":"submitSocial","container":"all","username":"arwin"}]
2017-12-04 05:07:28	[{"keyword":"@radioinfo","from":"2017-12-02","mode":"submitSocial","container":"all","username":"arwin"}]
2017-12-04 05:07:39	[{"keyword":"@979femaleradio","from":"2017-12-02","mode":"submitSocial","container":"all","username":"arwin"}]
2017-12-04 05:07:49	[{"keyword":"@womanradio943fm","from":"2017-12-02","mode":"submitSocial","container":"all","username":"arwin"}]
2017-12-04 05:07:59	[{"keyword":"@vradiofm","from":"2017-12-02","mode":"submitSocial","container":"all","username":"arwin"}]
2017-12-04 05:08:10	[{"keyword":"@ufm947","from":"2017-12-02","mode":"submitSocial","container":"all","username":"arwin"}]
2017-12-04 05:08:21	[{"keyword":"@vivanews","from":"2017-12-02","mode":"submitSocial","container":"all","username":"arwin"}]
2017-12-04 05:08:32	[{"keyword":"@antaranews","from":"2017-12-02","mode":"submitSocial","container":"all","username":"arwin"}]
2017-12-04 05:08:44	[{"keyword":"@tribunnews","from":"2017-12-02","mode":"submitSocial","container":"all","username":"arwin"}]
2017-12-04 05:08:54	[{"keyword":"@okezonenews","from":"2017-12-02","mode":"submitSocial","container":"all","username":"arwin"}]
2017-12-04 05:09:05	[{"keyword":"@beritasatu","from":"2017-12-02","mode":"submitSocial","container":"all","username":"arwin"}]
2017-12-04 05:09:16	[{"keyword":"@rollingstoneina","from":"2017-12-02","mode":"submitSocial","container":"all","username":"arwin"}]
2017-12-04 05:09:26	[{"keyword":"@fimeladotcom","from":"2017-12-02","mode":"submitSocial","container":"all","username":"arwin"}]
2017-12-04 05:09:37	[{"keyword":"@kapanlagicom","from":"2017-12-02","mode":"submitSocial","container":"all","username":"arwin"}]
2017-12-04 05:09:47	[{"keyword":"@kompasent","from":"2017-12-02","mode":"submitSocial","container":"all","username":"arwin"}]
2017-12-04 05:09:57	[{"keyword":"@haimagazine","from":"2017-12-02","mode":"submitSocial","container":"all","username":"arwin"}]
2017-12-04 05:10:10	[{"keyword":"@jakartavenue","from":"2017-12-02","mode":"submitSocial","container":"all","username":"arwin"}]
2017-12-04 05:10:21	[{"keyword":"@seputarevent","from":"2017-12-02","mode":"submitSocial","container":"all","username":"arwin"}]
2017-12-04 05:10:32	[{"keyword":"@ismayalive","from":"2017-12-02","mode":"submitSocial","container":"all","username":"arwin"}]
2017-12-04 05:10:42	[{"keyword":"@ecentertainment","from":"2017-12-02","mode":"submitSocial","container":"all","username":"arwin"}]
2017-12-04 05:10:52	[{"keyword":"@synergism_en","from":"2017-12-02","mode":"submitSocial","container":"all","username":"arwin"}]
2017-12-04 05:11:03	[{"keyword":"@urbanbandung","from":"2017-12-02","mode":"submitSocial","container":"all","username":"arwin"}]
2017-12-04 05:11:13	[{"keyword":"@urbanrkm995","from":"2017-12-02","mode":"submitSocial","container":"all","username":"arwin"}]
2017-12-04 05:11:23	[{"keyword":"@garuda_promo","from":"2017-12-02","mode":"submitSocial","container":"all","username":"arwin"}]
2017-12-04 05:11:34	[{"keyword":"@airasiaid","from":"2017-12-02","mode":"submitSocial","container":"all","username":"arwin"}]
2017-12-04 05:11:44	[{"keyword":"@kai121","from":"2017-12-02","mode":"submitSocial","container":"all","username":"arwin"}]
2017-12-04 05:11:55	[{"keyword":"@unilever","from":"2017-12-02","mode":"submitSocial","container":"all","username":"arwin"}]
2017-12-04 05:12:07	[{"keyword":"@nestle","from":"2017-12-02","mode":"submitSocial","container":"all","username":"arwin"}]
2017-12-04 05:12:19	[{"keyword":"@cocacola","from":"2017-12-02","mode":"submitSocial","container":"all","username":"arwin"}]
2017-12-04 05:12:35	[{"keyword":"@cnn","from":"2017-12-02","mode":"submitSocial","container":"all","username":"arwin"}]
2017-12-04 05:12:47	[{"keyword":"@mtv","from":"2017-12-02","mode":"submitSocial","container":"all","username":"arwin"}]
2017-12-04 05:12:57	[{"keyword":"@channelv","from":"2017-12-02","mode":"submitSocial","container":"all","username":"arwin"}]
2017-12-04 05:13:08	[{"keyword":"@itunesmusic","from":"2017-12-02","mode":"submitSocial","container":"all","username":"arwin"}]
2017-12-04 05:13:20	[{"keyword":"@mashable","from":"2017-12-02","mode":"submitSocial","container":"all","username":"arwin"}]
2017-12-04 05:13:30	[{"keyword":"@decacaz","from":"2017-12-02","mode":"submitSocial","container":"all","username":"arwin"}]
2017-12-04 05:13:40	[{"keyword":"@radiobaru967fm","from":"2017-12-02","mode":"submitSocial","container":"all","username":"arwin"}]
2017-12-04 05:13:50	[{"keyword":"@967hitzfm","from":"2017-12-02","mode":"submitSocial","container":"all","username":"arwin"}]
2017-12-04 05:14:01	[{"keyword":"@tvguide","from":"2017-12-02","mode":"submitSocial","container":"all","username":"arwin"}]
2017-12-04 05:14:12	[{"keyword":"@xl123","from":"2017-12-02","mode":"submitSocial","container":"all","username":"arwin"}]
2017-12-04 05:14:23	[{"keyword":"@triindonesia","from":"2017-12-02","mode":"submitSocial","container":"all","username":"arwin"}]
2017-12-04 05:14:33	[{"keyword":"@kaskus","from":"2017-12-02","mode":"submitSocial","container":"all","username":"arwin"}]
2017-12-04 05:14:44	[{"keyword":"@studio_xxi","from":"2017-12-02","mode":"submitSocial","container":"all","username":"arwin"}]
2017-12-04 05:14:54	[{"keyword":"@blitzmegaplex","from":"2017-12-02","mode":"submitSocial","container":"all","username":"arwin"}]
2017-12-04 05:15:05	[{"keyword":"@alfamartku","from":"2017-12-02","mode":"submitSocial","container":"all","username":"arwin"}]
2017-12-04 05:15:16	[{"keyword":"@carrefour_id","from":"2017-12-02","mode":"submitSocial","container":"all","username":"arwin"}]
2017-12-04 05:15:29	[{"keyword":"@bbcbreaking","from":"2017-12-02","mode":"submitSocial","container":"all","username":"arwin"}]
2017-12-04 05:15:30	[{"keyword":"2","from":"submitSocial","mode":"all","container":"arwin","username":""}]
2017-12-04 05:15:40	[{"keyword":"@jukebox5d","from":"2017-12-02","mode":"submitSocial","container":"all","username":"arwin"}]
2017-12-04 05:15:51	[{"keyword":"#mtvhottest","from":"2017-12-02","mode":"submitSocial","container":"all","username":"arwin"}]
2017-12-04 05:16:01	[{"keyword":"#semangatpagi","from":"2017-12-02","mode":"submitSocial","container":"all","username":"arwin"}]
2017-12-04 05:16:12	[{"keyword":"lifebuoy","from":"2017-12-02","mode":"submitSocial","container":"all","username":"arwin"}]
2017-12-04 05:16:26	[{"keyword":"jokowi","from":"2017-12-02","mode":"submitSocial","container":"all","username":"arwin"}]
2017-12-04 05:16:43	[{"keyword":"obama","from":"2017-12-02","mode":"submitSocial","container":"all","username":"arwin"}]
2017-12-04 05:16:54	[{"keyword":"starwars","from":"2017-12-02","mode":"submitSocial","container":"all","username":"arwin"}]
2017-12-04 05:17:06	[{"keyword":"jonan","from":"2017-12-02","mode":"submitSocial","container":"all","username":"arwin"}]
2017-12-04 05:17:23	[{"keyword":"pagi","from":"2017-12-02","mode":"submitSocial","container":"all","username":"arwin"}]
2017-12-04 05:17:33	[{"keyword":"sampoerna","from":"2017-12-02","mode":"submitSocial","container":"all","username":"arwin"}]
2017-12-04 05:17:44	[{"keyword":"djarum","from":"2017-12-02","mode":"submitSocial","container":"all","username":"arwin"}]
2017-12-04 05:17:55	[{"keyword":"#semangatpagi","from":"2017-12-02","mode":"submitSocial","container":"all","username":"arwin"}]
2017-12-04 05:18:05	[{"keyword":"#generaksi8","from":"2017-12-02","mode":"submitSocial","container":"all","username":"arwin"}]
2017-12-04 05:18:16	[{"keyword":"#365alasan","from":"2017-12-02","mode":"submitSocial","container":"all","username":"arwin"}]
2017-12-04 05:18:27	[{"keyword":"weew","from":"2017-12-02","mode":"submitSocial","container":"all","username":"arwin"}]
2017-12-04 05:18:42	[{"keyword":"testing","from":"2017-12-02","mode":"submitSocial","container":"all","username":"arwin"}]
2017-12-04 05:18:52	[{"keyword":"#kopaja","from":"2017-12-02","mode":"submitSocial","container":"all","username":"arwin"}]
2017-12-04 05:19:03	[{"keyword":"#genkuisinsideout","from":"2017-12-02","mode":"submitSocial","container":"all","username":"arwin"}]
2017-12-04 05:19:13	[{"keyword":"starwars","from":"2017-12-02","mode":"submitSocial","container":"all","username":"arwin"}]
2017-12-04 05:19:24	[{"keyword":"#kopaja","from":"2017-12-02","mode":"submitSocial","container":"all","username":"arwin"}]
2017-12-04 05:19:35	[{"keyword":"mldspot","from":"2017-12-02","mode":"submitSocial","container":"all","username":"arwin"}]
2017-12-04 05:19:45	[{"keyword":"pbdjarum","from":"2017-12-02","mode":"submitSocial","container":"all","username":"arwin"}]
2017-12-04 05:19:55	[{"keyword":"temannabati","from":"2017-12-02","mode":"submitSocial","container":"all","username":"arwin"}]
2017-12-04 05:20:09	[{"keyword":"nextar","from":"2017-12-02","mode":"submitSocial","container":"all","username":"arwin"}]
2017-12-04 05:20:20	[{"keyword":"jokowo","from":"2017-12-02","mode":"submitSocial","container":"all","username":"arwin"}]
2017-12-04 05:20:32	[{"keyword":"prabowo","from":"2017-12-02","mode":"submitSocial","container":"all","username":"arwin"}]
2017-12-04 05:20:42	[{"keyword":"sudirman said","from":"2017-12-02","mode":"submitSocial","container":"all","username":"arwin"}]
2017-12-04 05:20:55	[{"keyword":"ahok","from":"2017-12-02","mode":"submitSocial","container":"all","username":"arwin"}]
2017-12-04 05:21:05	[{"keyword":"setyanovanto","from":"2017-12-02","mode":"submitSocial","container":"all","username":"arwin"}]
2017-12-04 05:21:20	[{"keyword":"jokowi","from":"2017-12-02","mode":"submitSocial","container":"all","username":"arwin"}]
2017-12-04 05:21:32	[{"keyword":"ahok","from":"2017-12-02","mode":"submitSocial","container":"all","username":"arwin"}]
2017-12-04 05:21:44	[{"keyword":"prabowo","from":"2017-12-02","mode":"submitSocial","container":"all","username":"arwin"}]
2017-12-04 05:21:54	[{"keyword":"sudirman said","from":"2017-12-02","mode":"submitSocial","container":"all","username":"arwin"}]
2017-12-04 05:22:05	[{"keyword":"setyanovanto","from":"2017-12-02","mode":"submitSocial","container":"all","username":"arwin"}]
2017-12-04 05:22:17	[{"keyword":"galau","from":"2017-12-02","mode":"submitSocial","container":"all","username":"arwin"}]
2017-12-04 05:22:28	[{"keyword":"#prestasiindonesia","from":"2017-12-02","mode":"submitSocial","container":"all","username":"arwin"}]
2017-12-04 05:22:38	[{"keyword":"@tw_debi","from":"2017-12-02","mode":"submitSocial","container":"all","username":"arwin"}]
2017-12-04 05:22:48	[{"keyword":"@officialfastron","from":"2017-12-02","mode":"submitSocial","container":"all","username":"arwin"}]
2017-12-04 05:22:59	[{"keyword":"@citibankid","from":"2017-12-02","mode":"submitSocial","container":"all","username":"arwin"}]
2017-12-04 05:23:09	[{"keyword":"@jak101fm","from":"2017-12-02","mode":"submitSocial","container":"all","username":"arwin"}]
2017-12-04 05:23:20	[{"keyword":"@genfm","from":"2017-12-02","mode":"submitSocial","container":"all","username":"arwin"}]
2017-12-04 05:23:33	[{"keyword":"@wego","from":"2017-12-02","mode":"submitSocial","container":"all","username":"arwin"}]
2017-12-04 05:23:44	[{"keyword":"@agoda","from":"2017-12-02","mode":"submitSocial","container":"all","username":"arwin"}]
2017-12-04 05:23:54	[{"keyword":"#salahsambung","from":"2017-12-02","mode":"submitSocial","container":"all","username":"arwin"}]
2017-12-04 05:24:06	[{"keyword":"#tulalit","from":"2017-12-02","mode":"submitSocial","container":"all","username":"arwin"}]
2017-12-04 05:24:16	[{"keyword":"#pestageneraksi8","from":"2017-12-02","mode":"submitSocial","container":"all","username":"arwin"}]
2017-12-04 05:24:27	[{"keyword":"#ganaskustik","from":"2017-12-02","mode":"submitSocial","container":"all","username":"arwin"}]
2017-12-04 05:24:37	[{"keyword":"#lnhot20","from":"2017-12-02","mode":"submitSocial","container":"all","username":"arwin"}]
2017-12-04 05:24:48	[{"keyword":"@tripadvisor","from":"2017-12-02","mode":"submitSocial","container":"all","username":"arwin"}]
2017-12-04 05:25:02	[{"keyword":"@google","from":"2017-12-02","mode":"submitSocial","container":"all","username":"arwin"}]
2017-12-04 05:25:14	[{"keyword":"@telkomsel","from":"2017-12-02","mode":"submitSocial","container":"all","username":"arwin"}]
2017-12-04 05:25:25	[{"keyword":"@indosat","from":"2017-12-02","mode":"submitSocial","container":"all","username":"arwin"}]
2017-12-04 05:25:35	[{"keyword":"@bahanafmjkt","from":"2017-12-02","mode":"submitSocial","container":"all","username":"arwin"}]
2017-12-04 05:25:46	[{"keyword":"@sonorafm92","from":"2017-12-02","mode":"submitSocial","container":"all","username":"arwin"}]
2017-12-04 05:25:56	[{"keyword":"@litefm1058","from":"2017-12-02","mode":"submitSocial","container":"all","username":"arwin"}]
2017-12-04 05:26:07	[{"keyword":"@bravaradio","from":"2017-12-02","mode":"submitSocial","container":"all","username":"arwin"}]
2017-12-04 05:26:18	[{"keyword":"#dgitm","from":"2017-12-02","mode":"submitSocial","container":"all","username":"arwin"}]
2017-12-04 05:26:28	[{"keyword":"#hitsalaprambors","from":"2017-12-02","mode":"submitSocial","container":"all","username":"arwin"}]
2017-12-04 05:26:38	[{"keyword":"#reqprambors","from":"2017-12-02","mode":"submitSocial","container":"all","username":"arwin"}]
2017-12-04 05:26:49	[{"keyword":"#thedandees","from":"2017-12-02","mode":"submitSocial","container":"all","username":"arwin"}]
2017-12-04 05:26:59	[{"keyword":"#pramborsquiz","from":"2017-12-02","mode":"submitSocial","container":"all","username":"arwin"}]
2017-12-04 05:27:09	[{"keyword":"#jeliprambors","from":"2017-12-02","mode":"submitSocial","container":"all","username":"arwin"}]
2017-12-04 05:27:19	[{"keyword":"#jodohinprambors","from":"2017-12-02","mode":"submitSocial","container":"all","username":"arwin"}]
2017-12-04 05:27:29	[{"keyword":"#ubahdenganbicara","from":"2017-12-02","mode":"submitSocial","container":"all","username":"arwin"}]
2017-12-04 05:27:40	[{"keyword":"#pramborschat","from":"2017-12-02","mode":"submitSocial","container":"all","username":"arwin"}]
2017-12-04 05:27:50	[{"keyword":"#tweetforduit","from":"2017-12-02","mode":"submitSocial","container":"all","username":"arwin"}]
2017-12-04 05:28:00	[{"keyword":"#joki3in1","from":"2017-12-02","mode":"submitSocial","container":"all","username":"arwin"}]
2017-12-04 05:28:11	[{"keyword":"#sarapanseru","from":"2017-12-02","mode":"submitSocial","container":"all","username":"arwin"}]
2017-12-04 05:28:21	[{"keyword":"#rawonkaneloop","from":"2017-12-02","mode":"submitSocial","container":"all","username":"arwin"}]
2017-12-04 05:28:31	[{"keyword":"#gudegkendilkeraton","from":"2017-12-02","mode":"submitSocial","container":"all","username":"arwin"}]
2017-12-04 05:28:42	[{"keyword":"#gadogadobutika","from":"2017-12-02","mode":"submitSocial","container":"all","username":"arwin"}]
2017-12-04 05:28:52	[{"keyword":"#mtvhottest","from":"2017-12-02","mode":"submitSocial","container":"all","username":"arwin"}]
2017-12-04 05:29:02	[{"keyword":"#dimsumcjdw","from":"2017-12-02","mode":"submitSocial","container":"all","username":"arwin"}]
2017-12-04 05:29:12	[{"keyword":"#pecelmadiunmbakniek","from":"2017-12-02","mode":"submitSocial","container":"all","username":"arwin"}]
2017-12-04 05:29:23	[{"keyword":"#depotarema","from":"2017-12-02","mode":"submitSocial","container":"all","username":"arwin"}]
2017-12-04 05:29:33	[{"keyword":"@bni46","from":"2017-12-02","mode":"submitSocial","container":"all","username":"arwin"}]
2017-12-04 05:29:43	[{"keyword":"@bankbri_id","from":"2017-12-02","mode":"submitSocial","container":"all","username":"arwin"}]
2017-12-04 05:29:54	[{"keyword":"#bni46","from":"2017-12-02","mode":"submitSocial","container":"all","username":"arwin"}]
2017-12-04 05:30:08	[{"keyword":"macet","from":"2017-12-02","mode":"submitSocial","container":"all","username":"arwin"}]
2017-12-04 05:30:20	[{"keyword":"#selamatpagi","from":"2017-12-02","mode":"submitSocial","container":"all","username":"arwin"}]
2017-12-04 05:30:30	[{"keyword":"#selamatmalam","from":"2017-12-02","mode":"submitSocial","container":"all","username":"arwin"}]
2017-12-04 05:30:40	[{"keyword":"@884globalradio","from":"2017-12-02","mode":"submitSocial","container":"all","username":"arwin"}]
2017-12-04 05:30:51	[{"keyword":"@day_trans","from":"2017-12-02","mode":"submitSocial","container":"all","username":"arwin"}]
2017-12-04 05:31:01	[{"keyword":"@kencanavoyage","from":"2017-12-02","mode":"submitSocial","container":"all","username":"arwin"}]
2017-12-04 05:31:11	[{"keyword":"@jukebox5d","from":"2017-12-02","mode":"submitSocial","container":"all","username":"arwin"}]
2017-12-04 05:31:22	[{"keyword":"#mtvhottest","from":"2017-12-02","mode":"submitSocial","container":"all","username":"arwin"}]
2017-12-04 05:31:32	[{"keyword":"#semangatpagi","from":"2017-12-02","mode":"submitSocial","container":"all","username":"arwin"}]
2017-12-04 05:31:42	[{"keyword":"lifebuoy","from":"2017-12-02","mode":"submitSocial","container":"all","username":"arwin"}]
2017-12-04 05:31:57	[{"keyword":"jokowi","from":"2017-12-02","mode":"submitSocial","container":"all","username":"arwin"}]
2017-12-04 05:32:15	[{"keyword":"obama","from":"2017-12-02","mode":"submitSocial","container":"all","username":"arwin"}]
2017-12-04 05:32:26	[{"keyword":"starwars","from":"2017-12-02","mode":"submitSocial","container":"all","username":"arwin"}]
2017-12-04 05:32:37	[{"keyword":"jonan","from":"2017-12-02","mode":"submitSocial","container":"all","username":"arwin"}]
2017-12-04 05:32:55	[{"keyword":"pagi","from":"2017-12-02","mode":"submitSocial","container":"all","username":"arwin"}]
2017-12-04 05:33:05	[{"keyword":"sampoerna","from":"2017-12-02","mode":"submitSocial","container":"all","username":"arwin"}]
2017-12-04 05:33:16	[{"keyword":"djarum","from":"2017-12-02","mode":"submitSocial","container":"all","username":"arwin"}]
2017-12-04 05:33:26	[{"keyword":"#semangatpagi","from":"2017-12-02","mode":"submitSocial","container":"all","username":"arwin"}]
2017-12-04 05:33:36	[{"keyword":"#generaksi8","from":"2017-12-02","mode":"submitSocial","container":"all","username":"arwin"}]
2017-12-04 05:33:47	[{"keyword":"#365alasan","from":"2017-12-02","mode":"submitSocial","container":"all","username":"arwin"}]
2017-12-04 05:33:58	[{"keyword":"weew","from":"2017-12-02","mode":"submitSocial","container":"all","username":"arwin"}]
2017-12-04 05:34:14	[{"keyword":"testing","from":"2017-12-02","mode":"submitSocial","container":"all","username":"arwin"}]
2017-12-04 05:34:25	[{"keyword":"#kopaja","from":"2017-12-02","mode":"submitSocial","container":"all","username":"arwin"}]
2017-12-04 05:34:35	[{"keyword":"#genkuisinsideout","from":"2017-12-02","mode":"submitSocial","container":"all","username":"arwin"}]
2017-12-04 05:34:46	[{"keyword":"starwars","from":"2017-12-02","mode":"submitSocial","container":"all","username":"arwin"}]
2017-12-04 05:34:57	[{"keyword":"#kopaja","from":"2017-12-02","mode":"submitSocial","container":"all","username":"arwin"}]
2017-12-04 05:35:08	[{"keyword":"mldspot","from":"2017-12-02","mode":"submitSocial","container":"all","username":"arwin"}]
2017-12-04 05:35:19	[{"keyword":"pbdjarum","from":"2017-12-02","mode":"submitSocial","container":"all","username":"arwin"}]
2017-12-04 05:35:30	[{"keyword":"temannabati","from":"2017-12-02","mode":"submitSocial","container":"all","username":"arwin"}]
2017-12-04 05:35:41	[{"keyword":"nextar","from":"2017-12-02","mode":"submitSocial","container":"all","username":"arwin"}]
2017-12-04 05:35:52	[{"keyword":"jokowo","from":"2017-12-02","mode":"submitSocial","container":"all","username":"arwin"}]
2017-12-04 05:36:04	[{"keyword":"prabowo","from":"2017-12-02","mode":"submitSocial","container":"all","username":"arwin"}]
2017-12-04 05:36:15	[{"keyword":"sudirman said","from":"2017-12-02","mode":"submitSocial","container":"all","username":"arwin"}]
2017-12-04 05:36:28	[{"keyword":"ahok","from":"2017-12-02","mode":"submitSocial","container":"all","username":"arwin"}]
2017-12-04 05:36:38	[{"keyword":"setyanovanto","from":"2017-12-02","mode":"submitSocial","container":"all","username":"arwin"}]
2017-12-04 05:36:53	[{"keyword":"jokowi","from":"2017-12-02","mode":"submitSocial","container":"all","username":"arwin"}]
2017-12-04 05:37:05	[{"keyword":"ahok","from":"2017-12-02","mode":"submitSocial","container":"all","username":"arwin"}]
2017-12-04 05:37:17	[{"keyword":"prabowo","from":"2017-12-02","mode":"submitSocial","container":"all","username":"arwin"}]
2017-12-04 05:37:27	[{"keyword":"sudirman said","from":"2017-12-02","mode":"submitSocial","container":"all","username":"arwin"}]
2017-12-04 05:37:38	[{"keyword":"setyanovanto","from":"2017-12-02","mode":"submitSocial","container":"all","username":"arwin"}]
2017-12-04 05:37:50	[{"keyword":"galau","from":"2017-12-02","mode":"submitSocial","container":"all","username":"arwin"}]
2017-12-04 05:38:00	[{"keyword":"#prestasiindonesia","from":"2017-12-02","mode":"submitSocial","container":"all","username":"arwin"}]
2017-12-04 05:38:11	[{"keyword":"@tw_debi","from":"2017-12-02","mode":"submitSocial","container":"all","username":"arwin"}]
2017-12-04 05:38:22	[{"keyword":"@officialfastron","from":"2017-12-02","mode":"submitSocial","container":"all","username":"arwin"}]
2017-12-04 05:38:32	[{"keyword":"@citibankid","from":"2017-12-02","mode":"submitSocial","container":"all","username":"arwin"}]
2017-12-04 05:38:42	[{"keyword":"@jak101fm","from":"2017-12-02","mode":"submitSocial","container":"all","username":"arwin"}]
2017-12-04 05:38:53	[{"keyword":"@genfm","from":"2017-12-02","mode":"submitSocial","container":"all","username":"arwin"}]
