2017-02-10 05:00:01	worker	@987genfm;2017-02-08 - 2017-02-08;submitSocial;all;arwin
2017-02-10 05:00:07	worker	@101jakfm;2017-02-08 - 2017-02-08;submitSocial;all;arwin
2017-02-10 05:00:09	worker	@prambors;2017-02-08 - 2017-02-08;submitSocial;all;arwin
2017-02-10 05:00:12	worker	@hardrockfm;2017-02-08 - 2017-02-08;submitSocial;all;arwin
2017-02-10 05:00:14	worker	@kisfmjakarta;2017-02-08 - 2017-02-08;submitSocial;all;arwin
2017-02-10 05:00:16	worker	@delta_fm;2017-02-08 - 2017-02-08;submitSocial;all;arwin
2017-02-10 05:00:18	worker	@traxfmjkt;2017-02-08 - 2017-02-08;submitSocial;all;arwin
2017-02-10 05:00:21	worker	@iradiojakarta;2017-02-08 - 2017-02-08;submitSocial;all;arwin
2017-02-10 05:00:23	worker	@indika9160fm;2017-02-08 - 2017-02-08;submitSocial;all;arwin
2017-02-10 05:00:25	worker	@shellindonesia;2017-02-08 - 2017-02-08;submitSocial;all;arwin
2017-02-10 05:00:27	worker	@vpowerfans;2017-02-08 - 2017-02-08;submitSocial;all;arwin
2017-02-10 05:00:29	worker	@pertamaxind;2017-02-08 - 2017-02-08;submitSocial;all;arwin
2017-02-10 05:00:31	worker	@ptpertamina;2017-02-08 - 2017-02-08;submitSocial;all;arwin
2017-02-10 05:00:34	worker	@OZRadioJakarta;2017-02-08 - 2017-02-08;submitSocial;all;arwin
2017-02-10 05:00:36	worker	@CosmopolitanFM;2017-02-08 - 2017-02-08;submitSocial;all;arwin
2017-02-10 05:00:38	worker	@mustang88fm;2017-02-08 - 2017-02-08;submitSocial;all;arwin
2017-02-10 05:00:40	worker	@debabaz;2017-02-08 - 2017-02-08;submitSocial;all;arwin
2017-02-10 05:00:42	worker	@detikcom;2017-02-08 - 2017-02-08;submitSocial;all;arwin
2017-02-10 05:00:46	worker	@radioelshinta;2017-02-08 - 2017-02-08;submitSocial;all;arwin
2017-02-10 05:00:49	worker	@cinema21;2017-02-08 - 2017-02-08;submitSocial;all;arwin
2017-02-10 05:00:51	worker	@OfficialRCTI;2017-02-08 - 2017-02-08;submitSocial;all;arwin
2017-02-10 05:00:54	worker	@TRANSTV_CORP;2017-02-08 - 2017-02-08;submitSocial;all;arwin
2017-02-10 05:00:57	worker	@TRANS7;2017-02-08 - 2017-02-08;submitSocial;all;arwin
2017-02-10 05:00:59	worker	@Metro_TV;2017-02-08 - 2017-02-08;submitSocial;all;arwin
2017-02-10 05:01:03	worker	@tvOneNews;2017-02-08 - 2017-02-08;submitSocial;all;arwin
2017-02-10 05:01:06	worker	@whatsonANTV;2017-02-08 - 2017-02-08;submitSocial;all;arwin
2017-02-10 05:01:08	worker	@SCTV_;2017-02-08 - 2017-02-08;submitSocial;all;arwin
2017-02-10 05:01:11	worker	@KompasTV;2017-02-08 - 2017-02-08;submitSocial;all;arwin
2017-02-10 05:01:14	worker	@netmediatama;2017-02-08 - 2017-02-08;submitSocial;all;arwin
2017-02-10 05:01:17	worker	@Globaltvseru;2017-02-08 - 2017-02-08;submitSocial;all;arwin
2017-02-10 05:01:19	worker	@JaktvCom;2017-02-08 - 2017-02-08;submitSocial;all;arwin
2017-02-10 05:01:21	worker	@TVRINasional;2017-02-08 - 2017-02-08;submitSocial;all;arwin
2017-02-10 05:01:23	worker	@ochannelupdates;2017-02-08 - 2017-02-08;submitSocial;all;arwin
2017-02-10 05:01:26	worker	@IndosiarID;2017-02-08 - 2017-02-08;submitSocial;all;arwin
2017-02-10 05:01:29	worker	@kompascom;2017-02-08 - 2017-02-08;submitSocial;all;arwin
2017-02-10 05:01:33	worker	@merdekadotcom;2017-02-08 - 2017-02-08;submitSocial;all;arwin
2017-02-10 05:01:35	worker	@MIdotcom;2017-02-08 - 2017-02-08;submitSocial;all;arwin
2017-02-10 05:01:37	worker	@tempodotco;2017-02-08 - 2017-02-08;submitSocial;all;arwin
2017-02-10 05:01:39	worker	@motion975fm;2017-02-08 - 2017-02-08;submitSocial;all;arwin
2017-02-10 05:01:41	worker	@_radiotoday;2017-02-08 - 2017-02-08;submitSocial;all;arwin
2017-02-10 05:01:43	worker	@radioinfo;2017-02-08 - 2017-02-08;submitSocial;all;arwin
2017-02-10 05:01:46	worker	@979FeMaleRadio;2017-02-08 - 2017-02-08;submitSocial;all;arwin
2017-02-10 05:01:48	worker	@WomanRadio943FM;2017-02-08 - 2017-02-08;submitSocial;all;arwin
2017-02-10 05:01:50	worker	@VRadioFM;2017-02-08 - 2017-02-08;submitSocial;all;arwin
2017-02-10 05:01:52	worker	@UFM947;2017-02-08 - 2017-02-08;submitSocial;all;arwin
2017-02-10 05:01:54	worker	@VIVAnews;2017-02-08 - 2017-02-08;submitSocial;all;arwin
2017-02-10 05:01:56	worker	@antaranews;2017-02-08 - 2017-02-08;submitSocial;all;arwin
2017-02-10 05:01:58	worker	@tribunnews;2017-02-08 - 2017-02-08;submitSocial;all;arwin
2017-02-10 05:02:01	worker	@okezonenews;2017-02-08 - 2017-02-08;submitSocial;all;arwin
2017-02-10 05:02:04	worker	@Beritasatu;2017-02-08 - 2017-02-08;submitSocial;all;arwin
2017-02-10 05:02:06	worker	@rollingstoneina;2017-02-08 - 2017-02-08;submitSocial;all;arwin
2017-02-10 05:02:08	worker	@FIMELAdotcom;2017-02-08 - 2017-02-08;submitSocial;all;arwin
2017-02-10 05:02:10	worker	@KapanLagicom;2017-02-08 - 2017-02-08;submitSocial;all;arwin
2017-02-10 05:02:12	worker	@KompasEnt ;2017-02-08 - 2017-02-08;submitSocial;all;arwin
2017-02-10 05:02:15	worker	@HaiMagazine;2017-02-08 - 2017-02-08;submitSocial;all;arwin
2017-02-10 05:02:17	worker	@JakartaVenue;2017-02-08 - 2017-02-08;submitSocial;all;arwin
2017-02-10 05:02:19	worker	@SeputarEvent;2017-02-08 - 2017-02-08;submitSocial;all;arwin
2017-02-10 05:02:21	worker	@ismayaLive;2017-02-08 - 2017-02-08;submitSocial;all;arwin
2017-02-10 05:02:23	worker	@ECEntertainment;2017-02-08 - 2017-02-08;submitSocial;all;arwin
2017-02-10 05:02:25	worker	@synergism_En;2017-02-08 - 2017-02-08;submitSocial;all;arwin
2017-02-10 05:02:27	worker	@Urbanbandung;2017-02-08 - 2017-02-08;submitSocial;all;arwin
2017-02-10 05:02:29	worker	@Urbanrkm995;2017-02-08 - 2017-02-08;submitSocial;all;arwin
2017-02-10 05:02:31	worker	@Garuda_Promo;2017-02-08 - 2017-02-08;submitSocial;all;arwin
2017-02-10 05:02:33	worker	@AirAsiaID;2017-02-08 - 2017-02-08;submitSocial;all;arwin
2017-02-10 05:02:35	worker	@KAI121;2017-02-08 - 2017-02-08;submitSocial;all;arwin
2017-02-10 05:02:37	worker	@Unilever;2017-02-08 - 2017-02-08;submitSocial;all;arwin
2017-02-10 05:02:39	worker	@Nestle;2017-02-08 - 2017-02-08;submitSocial;all;arwin
2017-02-10 05:02:42	worker	@CocaCola;2017-02-08 - 2017-02-08;submitSocial;all;arwin
2017-02-10 05:02:45	worker	@CNN;2017-02-08 - 2017-02-08;submitSocial;all;arwin
2017-02-10 05:02:53	worker	@MTV;2017-02-08 - 2017-02-08;submitSocial;all;arwin
2017-02-10 05:02:57	worker	@channelv;2017-02-08 - 2017-02-08;submitSocial;all;arwin
2017-02-10 05:02:59	worker	@iTunesMusic;2017-02-08 - 2017-02-08;submitSocial;all;arwin
2017-02-10 05:03:02	worker	@mashable;2017-02-08 - 2017-02-08;submitSocial;all;arwin
2017-02-10 05:03:06	worker	@decacaz;2017-02-08 - 2017-02-08;submitSocial;all;arwin
2017-02-10 05:03:08	worker	@radiobaru967FM;2017-02-08 - 2017-02-08;submitSocial;all;arwin
2017-02-10 05:03:10	worker	@967HitzFM;2017-02-08 - 2017-02-08;submitSocial;all;arwin
2017-02-10 05:03:13	worker	@TVGuide;2017-02-08 - 2017-02-08;submitSocial;all;arwin
2017-02-10 05:03:15	worker	@XL123;2017-02-08 - 2017-02-08;submitSocial;all;arwin
2017-02-10 05:03:17	worker	@triindonesia;2017-02-08 - 2017-02-08;submitSocial;all;arwin
2017-02-10 05:03:19	worker	@kaskus;2017-02-08 - 2017-02-08;submitSocial;all;arwin
2017-02-10 05:03:22	worker	@Studio_XXI;2017-02-08 - 2017-02-08;submitSocial;all;arwin
2017-02-10 05:03:24	worker	@blitzmegaplex;2017-02-08 - 2017-02-08;submitSocial;all;arwin
2017-02-10 05:03:26	worker	@alfamartku;2017-02-08 - 2017-02-08;submitSocial;all;arwin
2017-02-10 05:03:28	worker	@Carrefour_ID;2017-02-08 - 2017-02-08;submitSocial;all;arwin
2017-02-10 05:03:30	worker	@BBCBreaking;2017-02-08 - 2017-02-08;submitSocial;all;arwin
2017-02-10 05:03:34	worker	@Forbes;2017-02-08 - 2017-02-08;submitSocial;all;arwin
2017-02-10 05:03:41	worker	@BensRadio;2017-02-08 - 2017-02-08;submitSocial;all;arwin
2017-02-10 05:03:44	worker	@instagram;2017-02-08 - 2017-02-08;submitSocial;all;arwin
2017-02-10 05:03:49	worker	@Pinterest;2017-02-08 - 2017-02-08;submitSocial;all;arwin
2017-02-10 05:03:52	worker	@google;2017-02-08 - 2017-02-08;submitSocial;all;arwin
2017-02-10 05:03:58	worker	@Pertaminalub;2017-02-08 - 2017-02-08;submitSocial;all;arwin
2017-02-10 05:04:00	worker	@InfoLalinTol;2017-02-08 - 2017-02-08;submitSocial;all;arwin
2017-02-10 05:04:02	worker	@PTJASAMARGA;2017-02-08 - 2017-02-08;submitSocial;all;arwin
2017-02-10 05:04:04	worker	@cititransindo;2017-02-08 - 2017-02-08;submitSocial;all;arwin
2017-02-10 05:04:06	worker	#semangatpagisuperr;2017-02-08 - 2017-02-08;submitSocial;all;arwin
2017-02-10 05:04:08	worker	#genkuisinsideout;2017-02-08 - 2017-02-08;submitSocial;all;arwin
2017-02-10 05:04:10	worker	#semangatpagi;2017-02-08 - 2017-02-08;submitSocial;all;arwin
2017-02-10 05:04:12	worker	#dikamar;2017-02-08 - 2017-02-08;submitSocial;all;arwin
2017-02-10 05:04:14	worker	#kopaja;2017-02-08 - 2017-02-08;submitSocial;all;arwin
2017-02-10 05:04:16	worker	#generaksi8;2017-02-08 - 2017-02-08;submitSocial;all;arwin
2017-02-10 05:04:18	worker	#hitztsp;2017-02-08 - 2017-02-08;submitSocial;all;arwin
2017-02-10 05:04:20	worker	#np;2017-02-08 - 2017-02-08;submitSocial;all;arwin
2017-02-10 05:04:23	worker	#hitzlivestage;2017-02-08 - 2017-02-08;submitSocial;all;arwin
2017-02-10 05:04:25	worker	#thefreaks;2017-02-08 - 2017-02-08;submitSocial;all;arwin
2017-02-10 05:04:27	worker	#hitzsirkuspagi;2017-02-08 - 2017-02-08;submitSocial;all;arwin
2017-02-10 05:04:29	worker	#hitzathlon;2017-02-08 - 2017-02-08;submitSocial;all;arwin
2017-02-10 05:04:31	worker	#hitzzombie;2017-02-08 - 2017-02-08;submitSocial;all;arwin
2017-02-10 05:04:33	worker	#hitzkalong;2017-02-08 - 2017-02-08;submitSocial;all;arwin
2017-02-10 05:04:35	worker	#hitzbebas;2017-02-08 - 2017-02-08;submitSocial;all;arwin
2017-02-10 05:04:37	worker	#hitzhorehara;2017-02-08 - 2017-02-08;submitSocial;all;arwin
2017-02-10 05:04:39	worker	@ZaloraID;2017-02-08 - 2017-02-08;submitSocial;all;arwin
2017-02-10 05:04:41	worker	@OLX_Indonesia;2017-02-08 - 2017-02-08;submitSocial;all;arwin
2017-02-10 05:04:43	worker	@LazadaID;2017-02-08 - 2017-02-08;submitSocial;all;arwin
2017-02-10 05:04:46	worker	@utrippers;2017-02-08 - 2017-02-08;submitSocial;all;arwin
2017-02-10 05:04:48	worker	@GoGobot;2017-02-08 - 2017-02-08;submitSocial;all;arwin
2017-02-10 05:04:50	worker	@viatortravel;2017-02-08 - 2017-02-08;submitSocial;all;arwin
2017-02-10 05:04:52	worker	@alandakariza;2017-02-08 - 2017-02-08;submitSocial;all;arwin
2017-02-10 05:04:55	worker	@gagasmedia;2017-02-08 - 2017-02-08;submitSocial;all;arwin
2017-02-10 05:04:57	worker	@welovehonda;2017-02-08 - 2017-02-08;submitSocial;all;arwin
2017-02-10 05:04:59	worker	@SuzukiMotorID;2017-02-08 - 2017-02-08;submitSocial;all;arwin
2017-02-10 05:05:01	worker	@kawasakilovers;2017-02-08 - 2017-02-08;submitSocial;all;arwin
2017-02-10 05:05:04	worker	@yamahaindonesia;2017-02-08 - 2017-02-08;submitSocial;all;arwin
2017-02-10 05:05:06	worker	@tripanzee;2017-02-08 - 2017-02-08;submitSocial;all;arwin
2017-02-10 05:05:08	worker	@arnoldpoernomo;2017-02-08 - 2017-02-08;submitSocial;all;arwin
2017-02-10 05:05:10	worker	@nicsap;2017-02-08 - 2017-02-08;submitSocial;all;arwin
2017-02-10 05:05:13	worker	@tiket2;2017-02-08 - 2017-02-08;submitSocial;all;arwin
2017-02-10 05:05:15	worker	@traveloka;2017-02-08 - 2017-02-08;submitSocial;all;arwin
2017-02-10 05:05:17	worker	@wego;2017-02-08 - 2017-02-08;submitSocial;all;arwin
2017-02-10 05:05:20	worker	@agoda;2017-02-08 - 2017-02-08;submitSocial;all;arwin
2017-02-10 05:05:22	worker	#salahsambung;2017-02-08 - 2017-02-08;submitSocial;all;arwin
2017-02-10 05:05:24	worker	#tulalit;2017-02-08 - 2017-02-08;submitSocial;all;arwin
2017-02-10 05:05:27	worker	#pestageneraksi8;2017-02-08 - 2017-02-08;submitSocial;all;arwin
2017-02-10 05:05:28	worker	#ganaskustik;2017-02-08 - 2017-02-08;submitSocial;all;arwin
2017-02-10 05:05:30	worker	#lnhot20;2017-02-08 - 2017-02-08;submitSocial;all;arwin
2017-02-10 05:05:32	worker	@TripAdvisor;2017-02-08 - 2017-02-08;submitSocial;all;arwin
2017-02-10 05:05:34	worker	@google;2017-02-08 - 2017-02-08;submitSocial;all;arwin
2017-02-10 05:05:40	worker	@Telkomsel;2017-02-08 - 2017-02-08;submitSocial;all;arwin
2017-02-10 05:05:43	worker	@indosat;2017-02-08 - 2017-02-08;submitSocial;all;arwin
2017-02-10 05:05:45	worker	@bahanafmjkt;2017-02-08 - 2017-02-08;submitSocial;all;2017-02-10 05:05:50	worker	@sonorafm92;2017-02-08 - 2017-02-08;submitSocial;all;arwin
2017-02-10 05:05:52	worker	@litefm1058;2017-02-08 - 2017-02-08;submitSocial;all;arwin
2017-02-10 05:05:54	worker	@Bravaradio;2017-02-08 - 2017-02-08;submitSocial;all;arwin
2017-02-10 05:05:56	worker	#dgitm;2017-02-08 - 2017-02-08;submitSocial;all;arwin
2017-02-10 05:05:59	worker	#hitsalaprambors;2017-02-08 - 2017-02-08;submitSocial;all;arwin
2017-02-10 05:06:01	worker	#reqprambors;2017-02-08 - 2017-02-08;submitSocial;all;arwin
2017-02-10 05:06:03	worker	#thedandees;2017-02-08 - 2017-02-08;submitSocial;all;arwin
2017-02-10 05:06:05	worker	#pramborsquiz;2017-02-08 - 2017-02-08;submitSocial;all;arwin
2017-02-10 05:06:07	worker	#jeliprambors;2017-02-08 - 2017-02-08;submitSocial;all;arwin
2017-02-10 05:06:09	worker	#jodohinprambors;2017-02-08 - 2017-02-08;submitSocial;all;arwin
2017-02-10 05:06:11	worker	#ubahdenganbicara;2017-02-08 - 2017-02-08;submitSocial;all;arwin
2017-02-10 05:06:13	worker	#pramborschat;2017-02-08 - 2017-02-08;submitSocial;all;arwin
2017-02-10 05:06:15	worker	#tweetforduit;2017-02-08 - 2017-02-08;submitSocial;all;arwin
2017-02-10 05:06:17	worker	#joki3in1;2017-02-08 - 2017-02-08;submitSocial;all;arwin
2017-02-10 05:06:19	worker	#sarapanseru;2017-02-08 - 2017-02-08;submitSocial;all;arwin
2017-02-10 05:06:21	worker	#rawonkaneloop;2017-02-08 - 2017-02-08;submitSocial;all;arwin
2017-02-10 05:06:23	worker	#gudegkendilkeraton;2017-02-08 - 2017-02-08;submitSocial;all;arwin
2017-02-10 05:06:25	worker	#gadogadobutika;2017-02-08 - 2017-02-08;submitSocial;all;arwin
2017-02-10 05:06:27	worker	#mtvhottest;2017-02-08 - 2017-02-08;submitSocial;all;arwin
2017-02-10 05:06:29	worker	#dimsumcjdw;2017-02-08 - 2017-02-08;submitSocial;all;arwin
2017-02-10 05:06:31	worker	#pecelmadiunmbakniek;2017-02-08 - 2017-02-08;submitSocial;all;arwin
2017-02-10 05:06:33	worker	#depotarema;2017-02-08 - 2017-02-08;submitSocial;all;arwin
2017-02-10 05:06:35	worker	@BNI46;2017-02-08 - 2017-02-08;submitSocial;all;arwin
2017-02-10 05:06:37	worker	@BANKBRI_ID;2017-02-08 - 2017-02-08;submitSocial;all;arwin
2017-02-10 05:06:40	worker	#bni46;2017-02-08 - 2017-02-08;submitSocial;all;arwin
2017-02-10 05:06:42	worker	macet;2017-02-08 - 2017-02-08;submitSocial;all;arwin
2017-02-10 05:06:45	worker	#selamatpagi;2017-02-08 - 2017-02-08;submitSocial;all;arwin
2017-02-10 05:06:48	worker	#selamatmalam;2017-02-08 - 2017-02-08;submitSocial;all;arwin
2017-02-10 05:06:50	worker	@884GlobalRadio;2017-02-08 - 2017-02-08;submitSocial;all;arwin
2017-02-10 05:06:52	worker	@day_trans;2017-02-08 - 2017-02-08;submitSocial;all;arwin
2017-02-10 05:06:54	worker	@kencanavoyage;2017-02-08 - 2017-02-08;submitSocial;all;arwin
2017-02-10 05:06:56	worker	@jukebox5d;2017-02-08 - 2017-02-08;submitSocial;all;arwin
2017-02-10 05:06:58	worker	#mtvhottest;2017-02-08 - 2017-02-08;submitSocial;all;arwin
2017-02-10 05:07:01	worker	#semangatpagi;2017-02-08 - 2017-02-08;submitSocial;all;arwin
2017-02-10 05:07:03	worker	lifebuoy;2017-02-08 - 2017-02-08;submitSocial;all;arwin
2017-02-10 05:07:05	worker	jokowi;2017-02-08 - 2017-02-08;submitSocial;all;arwin
2017-02-10 05:07:12	worker	obama;2017-02-08 - 2017-02-08;submitSocial;all;arwin
2017-02-10 05:07:21	worker	starwars;2017-02-08 - 2017-02-08;submitSocial;all;arwin
2017-02-10 05:07:23	worker	jonan;2017-02-08 - 2017-02-08;submitSocial;all;arwin
2017-02-10 05:07:26	worker	pagi;2017-02-08 - 2017-02-08;submitSocial;all;arwin
2017-02-10 05:07:34	worker	sampoerna;2017-02-08 - 2017-02-08;submitSocial;all;arwin
2017-02-10 05:07:36	worker	djarum;2017-02-08 - 2017-02-08;submitSocial;all;arwin
2017-02-10 05:07:39	worker	#semangatpagi;2017-02-08 - 2017-02-08;submitSocial;all;arwin
2017-02-10 05:07:41	worker	#generaksi8;2017-02-08 - 2017-02-08;submitSocial;all;arwin
2017-02-10 05:07:43	worker	#365alasan;2017-02-08 - 2017-02-08;submitSocial;all;arwin
2017-02-10 05:07:45	worker	weew;2017-02-08 - 2017-02-08;submitSocial;all;arwin
2017-02-10 05:07:47	worker	testing;2017-02-08 - 2017-02-08;submitSocial;all;arwin
2017-02-10 05:07:53	worker	#kopaja;2017-02-08 - 2017-02-08;submitSocial;all;arwin
2017-02-10 05:07:56	worker	#genkuisinsideout;2017-02-08 - 2017-02-08;submitSocial;all;arwin
2017-02-10 05:07:58	worker	starwars;2017-02-08 - 2017-02-08;submitSocial;all;arwin
2017-02-10 05:08:00	worker	#kopaja;2017-02-08 - 2017-02-08;submitSocial;all;arwin
2017-02-10 05:08:03	worker	mldspot;2017-02-08 - 2017-02-08;submitSocial;all;arwin
2017-02-10 05:08:05	worker	PBDjarum;2017-02-08 - 2017-02-08;submitSocial;all;arwin
2017-02-10 05:08:07	worker	TemanNabati;2017-02-08 - 2017-02-08;submitSocial;all;arwin
2017-02-10 05:08:10	worker	Nextar;2017-02-08 - 2017-02-08;submitSocial;all;arwin
2017-02-10 05:08:12	worker	jokowo;2017-02-08 - 2017-02-08;submitSocial;all;arwin
2017-02-10 05:08:15	worker	prabowo;2017-02-08 - 2017-02-08;submitSocial;all;arwin
2017-02-10 05:08:18	worker	sudirman said;2017-02-08 - 2017-02-08;submitSocial;all;arwin
2017-02-10 05:08:20	worker	ahok;2017-02-08 - 2017-02-08;submitSocial;all;arwin
2017-02-10 05:08:26	worker	setyanovanto;2017-02-08 - 2017-02-08;submitSocial;all;arwin
2017-02-10 05:08:28	worker	jokowi;2017-02-08 - 2017-02-08;submitSocial;all;arwin
2017-02-10 05:08:35	worker	ahok;2017-02-08 - 2017-02-08;submitSocial;all;arwin
2017-02-10 05:08:40	worker	prabowo;2017-02-08 - 2017-02-08;submitSocial;all;arwin
2017-02-10 05:08:43	worker	sudirman said;2017-02-08 - 2017-02-08;submitSocial;all;arwin
2017-02-10 05:08:45	worker	setyanovanto;2017-02-08 - 2017-02-08;submitSocial;all;arwin
2017-02-10 05:08:47	worker	galau;2017-02-08 - 2017-02-08;submitSocial;all;arwin
2017-02-10 05:08:50	worker	#prestasiindonesia;2017-02-08 - 2017-02-08;submitSocial;all;arwin
2017-02-10 05:08:52	worker	@Tw_Debi;2017-02-08 - 2017-02-08;submitSocial;all;arwin
2017-02-10 05:08:55	worker	@OfficialFastron;2017-02-08 - 2017-02-08;submitSocial;all;arwin
2017-02-10 05:08:57	worker	@CitibankID;2017-02-08 - 2017-02-08;submitSocial;all;arwin
