2017-06-17 05:00:04	[{"keyword":"@987genfm","from":"2017-06-15","mode":"submitSocial","container":"all","username":"arwin"}]
2017-06-17 05:00:06	[{"keyword":"@101jakfm","from":"2017-06-15","mode":"submitSocial","container":"all","username":"arwin"}]
2017-06-17 05:00:09	[{"keyword":"@prambors","from":"2017-06-15","mode":"submitSocial","container":"all","username":"arwin"}]
2017-06-17 05:00:11	[{"keyword":"@hardrockfm","from":"2017-06-15","mode":"submitSocial","container":"all","username":"arwin"}]
2017-06-17 05:00:13	[{"keyword":"@kisfmjakarta","from":"2017-06-15","mode":"submitSocial","container":"all","username":"arwin"}]
2017-06-17 05:00:16	[{"keyword":"@delta_fm","from":"2017-06-15","mode":"submitSocial","container":"all","username":"arwin"}]
2017-06-17 05:00:18	[{"keyword":"@traxfmjkt","from":"2017-06-15","mode":"submitSocial","container":"all","username":"arwin"}]
2017-06-17 05:00:21	[{"keyword":"@iradiojakarta","from":"2017-06-15","mode":"submitSocial","container":"all","username":"arwin"}]
2017-06-17 05:00:23	[{"keyword":"@indika9160fm","from":"2017-06-15","mode":"submitSocial","container":"all","username":"arwin"}]
2017-06-17 05:00:25	[{"keyword":"@shellindonesia","from":"2017-06-15","mode":"submitSocial","container":"all","username":"arwin"}]
2017-06-17 05:00:27	[{"keyword":"@vpowerfans","from":"2017-06-15","mode":"submitSocial","container":"all","username":"arwin"}]
2017-06-17 05:00:29	[{"keyword":"@pertamaxind","from":"2017-06-15","mode":"submitSocial","container":"all","username":"arwin"}]
2017-06-17 05:00:31	[{"keyword":"@ptpertamina","from":"2017-06-15","mode":"submitSocial","container":"all","username":"arwin"}]
2017-06-17 05:00:34	[{"keyword":"@ozradiojakarta","from":"2017-06-15","mode":"submitSocial","container":"all","username":"arwin"}]
2017-06-17 05:00:36	[{"keyword":"@cosmopolitanfm","from":"2017-06-15","mode":"submitSocial","container":"all","username":"arwin"}]
2017-06-17 05:00:38	[{"keyword":"@mustang88fm","from":"2017-06-15","mode":"submitSocial","container":"all","username":"arwin"}]
2017-06-17 05:00:40	[{"keyword":"@debabaz","from":"2017-06-15","mode":"submitSocial","container":"all","username":"arwin"}]
2017-06-17 05:00:43	[{"keyword":"@detikcom","from":"2017-06-15","mode":"submitSocial","container":"all","username":"arwin"}]
2017-06-17 05:00:46	[{"keyword":"@radioelshinta","from":"2017-06-15","mode":"submitSocial","container":"all","username":"arwin"}]
2017-06-17 05:00:48	[{"keyword":"@cinema21","from":"2017-06-15","mode":"submitSocial","container":"all","username":"arwin"}]
2017-06-17 05:00:50	[{"keyword":"@officialrcti","from":"2017-06-15","mode":"submitSocial","container":"all","username":"arwin"}]
2017-06-17 05:00:53	[{"keyword":"@transtv_corp","from":"2017-06-15","mode":"submitSocial","container":"all","username":"arwin"}]
2017-06-17 05:00:55	[{"keyword":"@trans7","from":"2017-06-15","mode":"submitSocial","container":"all","username":"arwin"}]
2017-06-17 05:00:58	[{"keyword":"@metro_tv","from":"2017-06-15","mode":"submitSocial","container":"all","username":"arwin"}]
2017-06-17 05:01:01	[{"keyword":"@tvonenews","from":"2017-06-15","mode":"submitSocial","container":"all","username":"arwin"}]
2017-06-17 05:01:04	[{"keyword":"@whatsonantv","from":"2017-06-15","mode":"submitSocial","container":"all","username":"arwin"}]
2017-06-17 05:01:07	[{"keyword":"@sctv_","from":"2017-06-15","mode":"submitSocial","container":"all","username":"arwin"}]
2017-06-17 05:01:10	[{"keyword":"@kompastv","from":"2017-06-15","mode":"submitSocial","container":"all","username":"arwin"}]
2017-06-17 05:01:12	[{"keyword":"@netmediatama","from":"2017-06-15","mode":"submitSocial","container":"all","username":"arwin"}]
2017-06-17 05:01:15	[{"keyword":"@globaltvseru","from":"2017-06-15","mode":"submitSocial","container":"all","username":"arwin"}]
2017-06-17 05:01:17	[{"keyword":"@jaktvcom","from":"2017-06-15","mode":"submitSocial","container":"all","username":"arwin"}]
2017-06-17 05:01:19	[{"keyword":"@tvrinasional","from":"2017-06-15","mode":"submitSocial","container":"all","username":"arwin"}]
2017-06-17 05:01:22	[{"keyword":"@ochannelupdates","from":"2017-06-15","mode":"submitSocial","container":"all","username":"arwin"}]
2017-06-17 05:01:25	[{"keyword":"@indosiarid","from":"2017-06-15","mode":"submitSocial","container":"all","username":"arwin"}]
2017-06-17 05:01:28	[{"keyword":"@kompascom","from":"2017-06-15","mode":"submitSocial","container":"all","username":"arwin"}]
2017-06-17 05:01:30	[{"keyword":"@merdekadotcom","from":"2017-06-15","mode":"submitSocial","container":"all","username":"arwin"}]
2017-06-17 05:01:33	[{"keyword":"@midotcom","from":"2017-06-15","mode":"submitSocial","container":"all","username":"arwin"}]
2017-06-17 05:01:35	[{"keyword":"@tempodotco","from":"2017-06-15","mode":"submitSocial","container":"all","username":"arwin"}]
2017-06-17 05:01:37	[{"keyword":"@motion975fm","from":"2017-06-15","mode":"submitSocial","container":"all","username":"arwin"}]
2017-06-17 05:01:39	[{"keyword":"@_radiotoday","from":"2017-06-15","mode":"submitSocial","container":"all","username":"arwin"}]
2017-06-17 05:01:41	[{"keyword":"@radioinfo","from":"2017-06-15","mode":"submitSocial","container":"all","username":"arwin"}]
2017-06-17 05:01:43	[{"keyword":"@979femaleradio","from":"2017-06-15","mode":"submitSocial","container":"all","username":"arwin"}]
2017-06-17 05:01:45	[{"keyword":"@womanradio943fm","from":"2017-06-15","mode":"submitSocial","container":"all","username":"arwin"}]
2017-06-17 05:01:47	[{"keyword":"@vradiofm","from":"2017-06-15","mode":"submitSocial","container":"all","username":"arwin"}]
2017-06-17 05:01:49	[{"keyword":"@ufm947","from":"2017-06-15","mode":"submitSocial","container":"all","username":"arwin"}]
2017-06-17 05:01:51	[{"keyword":"@vivanews","from":"2017-06-15","mode":"submitSocial","container":"all","username":"arwin"}]
2017-06-17 05:01:54	[{"keyword":"@antaranews","from":"2017-06-15","mode":"submitSocial","container":"all","username":"arwin"}]
2017-06-17 05:01:56	[{"keyword":"@tribunnews","from":"2017-06-15","mode":"submitSocial","container":"all","username":"arwin"}]
2017-06-17 05:01:58	[{"keyword":"@okezonenews","from":"2017-06-15","mode":"submitSocial","container":"all","username":"arwin"}]
2017-06-17 05:02:00	[{"keyword":"@beritasatu","from":"2017-06-15","mode":"submitSocial","container":"all","username":"arwin"}]
2017-06-17 05:02:02	[{"keyword":"@rollingstoneina","from":"2017-06-15","mode":"submitSocial","container":"all","username":"arwin"}]
2017-06-17 05:02:05	[{"keyword":"@fimeladotcom","from":"2017-06-15","mode":"submitSocial","container":"all","username":"arwin"}]
2017-06-17 05:02:07	[{"keyword":"@kapanlagicom","from":"2017-06-15","mode":"submitSocial","container":"all","username":"arwin"}]
2017-06-17 05:02:09	[{"keyword":"@kompasent","from":"2017-06-15","mode":"submitSocial","container":"all","username":"arwin"}]
2017-06-17 05:02:11	[{"keyword":"@haimagazine","from":"2017-06-15","mode":"submitSocial","container":"all","username":"arwin"}]
2017-06-17 05:02:13	[{"keyword":"@jakartavenue","from":"2017-06-15","mode":"submitSocial","container":"all","username":"arwin"}]
2017-06-17 05:02:15	[{"keyword":"@seputarevent","from":"2017-06-15","mode":"submitSocial","container":"all","username":"arwin"}]
2017-06-17 05:02:17	[{"keyword":"@ismayalive","from":"2017-06-15","mode":"submitSocial","container":"all","username":"arwin"}]
2017-06-17 05:02:19	[{"keyword":"@ecentertainment","from":"2017-06-15","mode":"submitSocial","container":"all","username":"arwin"}]
2017-06-17 05:02:21	[{"keyword":"@synergism_en","from":"2017-06-15","mode":"submitSocial","container":"all","username":"arwin"}]
2017-06-17 05:02:23	[{"keyword":"@urbanbandung","from":"2017-06-15","mode":"submitSocial","container":"all","username":"arwin"}]
2017-06-17 05:02:25	[{"keyword":"@urbanrkm995","from":"2017-06-15","mode":"submitSocial","container":"all","username":"arwin"}]
2017-06-17 05:02:27	[{"keyword":"@garuda_promo","from":"2017-06-15","mode":"submitSocial","container":"all","username":"arwin"}]
2017-06-17 05:02:29	[{"keyword":"@airasiaid","from":"2017-06-15","mode":"submitSocial","container":"all","username":"arwin"}]
2017-06-17 05:02:31	[{"keyword":"@kai121","from":"2017-06-15","mode":"submitSocial","container":"all","username":"arwin"}]
2017-06-17 05:02:34	[{"keyword":"@unilever","from":"2017-06-15","mode":"submitSocial","container":"all","username":"arwin"}]
2017-06-17 05:02:36	[{"keyword":"@nestle","from":"2017-06-15","mode":"submitSocial","container":"all","username":"arwin"}]
2017-06-17 05:02:39	[{"keyword":"@cocacola","from":"2017-06-15","mode":"submitSocial","container":"all","username":"arwin"}]
2017-06-17 05:02:48	[{"keyword":"@cnn","from":"2017-06-15","mode":"submitSocial","container":"all","username":"arwin"}]
2017-06-17 05:02:55	[{"keyword":"@mtv","from":"2017-06-15","mode":"submitSocial","container":"all","username":"arwin"}]
2017-06-17 05:02:57	[{"keyword":"@channelv","from":"2017-06-15","mode":"submitSocial","container":"all","username":"arwin"}]
2017-06-17 05:02:59	[{"keyword":"@itunesmusic","from":"2017-06-15","mode":"submitSocial","container":"all","username":"arwin"}]
2017-06-17 05:03:03	[{"keyword":"@mashable","from":"2017-06-15","mode":"submitSocial","container":"all","username":"arwin"}]
2017-06-17 05:03:05	[{"keyword":"@decacaz","from":"2017-06-15","mode":"submitSocial","container":"all","username":"arwin"}]
2017-06-17 05:03:07	[{"keyword":"@radiobaru967fm","from":"2017-06-15","mode":"submitSocial","container":"all","username":"arwin"}]
2017-06-17 05:03:09	[{"keyword":"@967hitzfm","from":"2017-06-15","mode":"submitSocial","container":"all","username":"arwin"}]
2017-06-17 05:03:12	[{"keyword":"@tvguide","from":"2017-06-15","mode":"submitSocial","container":"all","username":"arwin"}]
2017-06-17 05:03:14	[{"keyword":"@xl123","from":"2017-06-15","mode":"submitSocial","container":"all","username":"arwin"}]
2017-06-17 05:03:16	[{"keyword":"@triindonesia","from":"2017-06-15","mode":"submitSocial","container":"all","username":"arwin"}]
2017-06-17 05:03:19	[{"keyword":"@kaskus","from":"2017-06-15","mode":"submitSocial","container":"all","username":"arwin"}]
2017-06-17 05:03:21	[{"keyword":"@studio_xxi","from":"2017-06-15","mode":"submitSocial","container":"all","username":"arwin"}]
2017-06-17 05:03:22	[{"keyword":"@blitzmegaplex","from":"2017-06-15","mode":"submitSocial","container":"all","username":"arwin"}]
2017-06-17 05:03:25	[{"keyword":"@alfamartku","from":"2017-06-15","mode":"submitSocial","container":"all","username":"arwin"}]
2017-06-17 05:03:27	[{"keyword":"@carrefour_id","from":"2017-06-15","mode":"submitSocial","container":"all","username":"arwin"}]
2017-06-17 05:03:32	[{"keyword":"@bbcbreaking","from":"2017-06-15","mode":"submitSocial","container":"all","username":"arwin"}]
2017-06-17 05:03:39	[{"keyword":"@forbes","from":"2017-06-15","mode":"submitSocial","container":"all","username":"arwin"}]
2017-06-17 05:03:42	[{"keyword":"@bensradio","from":"2017-06-15","mode":"submitSocial","container":"all","username":"arwin"}]
2017-06-17 05:03:47	[{"keyword":"@instagram","from":"2017-06-15","mode":"submitSocial","container":"all","username":"arwin"}]
2017-06-17 05:03:50	[{"keyword":"@pinterest","from":"2017-06-15","mode":"submitSocial","container":"all","username":"arwin"}]
2017-06-17 05:03:56	[{"keyword":"@google","from":"2017-06-15","mode":"submitSocial","container":"all","username":"arwin"}]
2017-06-17 05:03:58	[{"keyword":"@pertaminalub","from":"2017-06-15","mode":"submitSocial","container":"all","username":"arwin"}]
2017-06-17 05:04:00	[{"keyword":"@infolalintol","from":"2017-06-15","mode":"submitSocial","container":"all","username":"arwin"}]
2017-06-17 05:04:02	[{"keyword":"@ptjasamarga","from":"2017-06-15","mode":"submitSocial","container":"all","username":"arwin"}]
2017-06-17 05:04:04	[{"keyword":"@cititransindo","from":"2017-06-15","mode":"submitSocial","container":"all","username":"arwin"}]
2017-06-17 05:04:06	[{"keyword":"#semangatpagisuperr","from":"2017-06-15","mode":"submitSocial","container":"all","username":"arwin"}]
2017-06-17 05:04:08	[{"keyword":"#genkuisinsideout","from":"2017-06-15","mode":"submitSocial","container":"all","username":"arwin"}]
2017-06-17 05:04:10	[{"keyword":"#semangatpagi","from":"2017-06-15","mode":"submitSocial","container":"all","username":"arwin"}]
2017-06-17 05:04:12	[{"keyword":"#dikamar","from":"2017-06-15","mode":"submitSocial","container":"all","username":"arwin"}]
2017-06-17 05:04:15	[{"keyword":"#kopaja","from":"2017-06-15","mode":"submitSocial","container":"all","username":"arwin"}]
2017-06-17 05:04:16	[{"keyword":"#generaksi8","from":"2017-06-15","mode":"submitSocial","container":"all","username":"arwin"}]
2017-06-17 05:04:19	[{"keyword":"#hitztsp","from":"2017-06-15","mode":"submitSocial","container":"all","username":"arwin"}]
2017-06-17 05:04:22	[{"keyword":"#np","from":"2017-06-15","mode":"submitSocial","container":"all","username":"arwin"}]
2017-06-17 05:04:24	[{"keyword":"#hitzlivestage","from":"2017-06-15","mode":"submitSocial","container":"all","username":"arwin"}]
2017-06-17 05:04:26	[{"keyword":"#thefreaks","from":"2017-06-15","mode":"submitSocial","container":"all","username":"arwin"}]
2017-06-17 05:04:28	[{"keyword":"#hitzsirkuspagi","from":"2017-06-15","mode":"submitSocial","container":"all","username":"arwin"}]
2017-06-17 05:04:30	[{"keyword":"#hitzathlon","from":"2017-06-15","mode":"submitSocial","container":"all","username":"arwin"}]
2017-06-17 05:04:32	[{"keyword":"#hitzzombie","from":"2017-06-15","mode":"submitSocial","container":"all","username":"arwin"}]
2017-06-17 05:04:34	[{"keyword":"#hitzkalong","from":"2017-06-15","mode":"submitSocial","container":"all","username":"arwin"}]
2017-06-17 05:04:36	[{"keyword":"#hitzbebas","from":"2017-06-15","mode":"submitSocial","container":"all","username":"arwin"}]
2017-06-17 05:04:38	[{"keyword":"#hitzhorehara","from":"2017-06-15","mode":"submitSocial","container":"all","username":"arwin"}]
2017-06-17 05:04:40	[{"keyword":"@zaloraid","from":"2017-06-15","mode":"submitSocial","container":"all","username":"arwin"}]
2017-06-17 05:04:42	[{"keyword":"@olx_indonesia","from":"2017-06-15","mode":"submitSocial","container":"all","username":"arwin"}]
2017-06-17 05:04:45	[{"keyword":"@lazadaid","from":"2017-06-15","mode":"submitSocial","container":"all","username":"arwin"}]
2017-06-17 05:04:47	[{"keyword":"@utrippers","from":"2017-06-15","mode":"submitSocial","container":"all","username":"arwin"}]
2017-06-17 05:04:49	[{"keyword":"@gogobot","from":"2017-06-15","mode":"submitSocial","container":"all","username":"arwin"}]
2017-06-17 05:04:51	[{"keyword":"@viatortravel","from":"2017-06-15","mode":"submitSocial","container":"all","username":"arwin"}]
2017-06-17 05:04:53	[{"keyword":"@alandakariza","from":"2017-06-15","mode":"submitSocial","container":"all","username":"arwin"}]
2017-06-17 05:04:55	[{"keyword":"@gagasmedia","from":"2017-06-15","mode":"submitSocial","container":"all","username":"arwin"}]
2017-06-17 05:04:57	[{"keyword":"@welovehonda","from":"2017-06-15","mode":"submitSocial","container":"all","username":"arwin"}]
2017-06-17 05:04:59	[{"keyword":"@suzukimotorid","from":"2017-06-15","mode":"submitSocial","container":"all","username":"arwin"}]
2017-06-17 05:05:02	[{"keyword":"@kawasakilovers","from":"2017-06-15","mode":"submitSocial","container":"all","username":"arwin"}]
2017-06-17 05:05:04	[{"keyword":"@yamahaindonesia","from":"2017-06-15","mode":"submitSocial","container":"all","username":"arwin"}]
2017-06-17 05:05:07	[{"keyword":"@tripanzee","from":"2017-06-15","mode":"submitSocial","container":"all","username":"arwin"}]
2017-06-17 05:05:09	[{"keyword":"@arnoldpoernomo","from":"2017-06-15","mode":"submitSocial","container":"all","username":"arwin"}]
2017-06-17 05:05:11	[{"keyword":"@nicsap","from":"2017-06-15","mode":"submitSocial","container":"all","username":"arwin"}]
2017-06-17 05:05:13	[{"keyword":"@tiket2","from":"2017-06-15","mode":"submitSocial","container":"all","username":"arwin"}]
2017-06-17 05:05:15	[{"keyword":"@traveloka","from":"2017-06-15","mode":"submitSocial","container":"all","username":"arwin"}]
2017-06-17 05:05:18	[{"keyword":"@wego","from":"2017-06-15","mode":"submitSocial","container":"all","username":"arwin"}]
2017-06-17 05:05:21	[{"keyword":"@agoda","from":"2017-06-15","mode":"submitSocial","container":"all","username":"arwin"}]
2017-06-17 05:05:23	[{"keyword":"#salahsambung","from":"2017-06-15","mode":"submitSocial","container":"all","username":"arwin"}]
2017-06-17 05:05:25	[{"keyword":"#tulalit","from":"2017-06-15","mode":"submitSocial","container":"all","username":"arwin"}]
2017-06-17 05:05:27	[{"keyword":"#pestageneraksi8","from":"2017-06-15","mode":"submitSocial","container":"all","username":"arwin"}]
2017-06-17 05:05:29	[{"keyword":"#ganaskustik","from":"2017-06-15","mode":"submitSocial","container":"all","username":"arwin"}]
2017-06-17 05:05:31	[{"keyword":"#lnhot20","from":"2017-06-15","mode":"submitSocial","container":"all","username":"arwin"}]
2017-06-17 05:05:33	[{"keyword":"@tripadvisor","from":"2017-06-15","mode":"submitSocial","container":"all","username":"arwin"}]
2017-06-17 05:05:39	[{"keyword":"@google","from":"2017-06-15","mode":"submitSocial","container":"all","username":"arwin"}]
2017-06-17 05:05:42	[{"keyword":"@telkomsel","from":"2017-06-15","mode":"submitSocial","container":"all","username":"arwin"}]
2017-06-17 05:05:44	[{"keyword":"@indosat","from":"2017-06-15","mode":"submitSocial","container":"all","username":"arwin"}]
2017-06-17 05:05:47	[{"keyword":"@bahanafmjkt","from":"2017-06-15","mode":"submitSocial","container":"all","username":""}]
2017-06-17 05:05:51	[{"keyword":"@sonorafm92","from":"2017-06-15","mode":"submitSocial","container":"all","username":"arwin"}]
2017-06-17 05:05:53	[{"keyword":"@litefm1058","from":"2017-06-15","mode":"submitSocial","container":"all","username":"arwin"}]
2017-06-17 05:05:55	[{"keyword":"@bravaradio","from":"2017-06-15","mode":"submitSocial","container":"all","username":"arwin"}]
2017-06-17 05:05:57	[{"keyword":"#dgitm","from":"2017-06-15","mode":"submitSocial","container":"all","username":"arwin"}]
2017-06-17 05:05:59	[{"keyword":"#hitsalaprambors","from":"2017-06-15","mode":"submitSocial","container":"all","username":"arwin"}]
2017-06-17 05:06:01	[{"keyword":"#reqprambors","from":"2017-06-15","mode":"submitSocial","container":"all","username":"arwin"}]
2017-06-17 05:06:04	[{"keyword":"#thedandees","from":"2017-06-15","mode":"submitSocial","container":"all","username":"arwin"}]
2017-06-17 05:06:05	[{"keyword":"#pramborsquiz","from":"2017-06-15","mode":"submitSocial","container":"all","username":"arwin"}]
2017-06-17 05:06:07	[{"keyword":"#jeliprambors","from":"2017-06-15","mode":"submitSocial","container":"all","username":"arwin"}]
2017-06-17 05:06:09	[{"keyword":"#jodohinprambors","from":"2017-06-15","mode":"submitSocial","container":"all","username":"arwin"}]
2017-06-17 05:06:11	[{"keyword":"#ubahdenganbicara","from":"2017-06-15","mode":"submitSocial","container":"all","username":"arwin"}]
2017-06-17 05:06:13	[{"keyword":"#pramborschat","from":"2017-06-15","mode":"submitSocial","container":"all","username":"arwin"}]
2017-06-17 05:06:16	[{"keyword":"#tweetforduit","from":"2017-06-15","mode":"submitSocial","container":"all","username":"arwin"}]
2017-06-17 05:06:17	[{"keyword":"#joki3in1","from":"2017-06-15","mode":"submitSocial","container":"all","username":"arwin"}]
2017-06-17 05:06:19	[{"keyword":"#sarapanseru","from":"2017-06-15","mode":"submitSocial","container":"all","username":"arwin"}]
2017-06-17 05:06:21	[{"keyword":"#rawonkaneloop","from":"2017-06-15","mode":"submitSocial","container":"all","username":"arwin"}]
2017-06-17 05:06:24	[{"keyword":"#gudegkendilkeraton","from":"2017-06-15","mode":"submitSocial","container":"all","username":"arwin"}]
2017-06-17 05:06:25	[{"keyword":"#gadogadobutika","from":"2017-06-15","mode":"submitSocial","container":"all","username":"arwin"}]
2017-06-17 05:06:28	[{"keyword":"#mtvhottest","from":"2017-06-15","mode":"submitSocial","container":"all","username":"arwin"}]
2017-06-17 05:06:30	[{"keyword":"#dimsumcjdw","from":"2017-06-15","mode":"submitSocial","container":"all","username":"arwin"}]
2017-06-17 05:06:31	[{"keyword":"#pecelmadiunmbakniek","from":"2017-06-15","mode":"submitSocial","container":"all","username":"arwin"}]
2017-06-17 05:06:34	[{"keyword":"#depotarema","from":"2017-06-15","mode":"submitSocial","container":"all","username":"arwin"}]
2017-06-17 05:06:36	[{"keyword":"@bni46","from":"2017-06-15","mode":"submitSocial","container":"all","username":"arwin"}]
2017-06-17 05:06:38	[{"keyword":"@bankbri_id","from":"2017-06-15","mode":"submitSocial","container":"all","username":"arwin"}]
2017-06-17 05:06:41	[{"keyword":"#bni46","from":"2017-06-15","mode":"submitSocial","container":"all","username":"arwin"}]
2017-06-17 05:06:45	[{"keyword":"macet","from":"2017-06-15","mode":"submitSocial","container":"all","username":"arwin"}]
2017-06-17 05:06:47	[{"keyword":"#selamatpagi","from":"2017-06-15","mode":"submitSocial","container":"all","username":"arwin"}]
2017-06-17 05:06:49	[{"keyword":"#selamatmalam","from":"2017-06-15","mode":"submitSocial","container":"all","username":"arwin"}]
2017-06-17 05:06:51	[{"keyword":"@884globalradio","from":"2017-06-15","mode":"submitSocial","container":"all","username":"arwin"}]
2017-06-17 05:06:53	[{"keyword":"@day_trans","from":"2017-06-15","mode":"submitSocial","container":"all","username":"arwin"}]
2017-06-17 05:06:55	[{"keyword":"@kencanavoyage","from":"2017-06-15","mode":"submitSocial","container":"all","username":"arwin"}]
2017-06-17 05:06:57	[{"keyword":"@jukebox5d","from":"2017-06-15","mode":"submitSocial","container":"all","username":"arwin"}]
2017-06-17 05:06:59	[{"keyword":"#mtvhottest","from":"2017-06-15","mode":"submitSocial","container":"all","username":"arwin"}]
2017-06-17 05:07:01	[{"keyword":"#semangatpagi","from":"2017-06-15","mode":"submitSocial","container":"all","username":"arwin"}]
2017-06-17 05:07:04	[{"keyword":"lifebuoy","from":"2017-06-15","mode":"submitSocial","container":"all","username":"arwin"}]
2017-06-17 05:07:10	[{"keyword":"jokowi","from":"2017-06-15","mode":"submitSocial","container":"all","username":"arwin"}]
2017-06-17 05:07:19	[{"keyword":"obama","from":"2017-06-15","mode":"submitSocial","container":"all","username":"arwin"}]
2017-06-17 05:07:22	[{"keyword":"starwars","from":"2017-06-15","mode":"submitSocial","container":"all","username":"arwin"}]
2017-06-17 05:07:25	[{"keyword":"jonan","from":"2017-06-15","mode":"submitSocial","container":"all","username":"arwin"}]
2017-06-17 05:07:32	[{"keyword":"pagi","from":"2017-06-15","mode":"submitSocial","container":"all","username":"arwin"}]
2017-06-17 05:07:35	[{"keyword":"sampoerna","from":"2017-06-15","mode":"submitSocial","container":"all","username":"arwin"}]
2017-06-17 05:07:37	[{"keyword":"djarum","from":"2017-06-15","mode":"submitSocial","container":"all","username":"arwin"}]
2017-06-17 05:07:39	[{"keyword":"#semangatpagi","from":"2017-06-15","mode":"submitSocial","container":"all","username":"arwin"}]
2017-06-17 05:07:41	[{"keyword":"#generaksi8","from":"2017-06-15","mode":"submitSocial","container":"all","username":"arwin"}]
2017-06-17 05:07:43	[{"keyword":"#365alasan","from":"2017-06-15","mode":"submitSocial","container":"all","username":"arwin"}]
2017-06-17 05:07:46	[{"keyword":"weew","from":"2017-06-15","mode":"submitSocial","container":"all","username":"arwin"}]
2017-06-17 05:07:52	[{"keyword":"testing","from":"2017-06-15","mode":"submitSocial","container":"all","username":"arwin"}]
2017-06-17 05:07:54	[{"keyword":"#kopaja","from":"2017-06-15","mode":"submitSocial","container":"all","username":"arwin"}]
2017-06-17 05:07:56	[{"keyword":"#genkuisinsideout","from":"2017-06-15","mode":"submitSocial","container":"all","username":"arwin"}]
2017-06-17 05:07:59	[{"keyword":"starwars","from":"2017-06-15","mode":"submitSocial","container":"all","username":"arwin"}]
2017-06-17 05:08:01	[{"keyword":"#kopaja","from":"2017-06-15","mode":"submitSocial","container":"all","username":"arwin"}]
2017-06-17 05:08:04	[{"keyword":"mldspot","from":"2017-06-15","mode":"submitSocial","container":"all","username":"arwin"}]
2017-06-17 05:08:06	[{"keyword":"pbdjarum","from":"2017-06-15","mode":"submitSocial","container":"all","username":"arwin"}]
2017-06-17 05:08:08	[{"keyword":"temannabati","from":"2017-06-15","mode":"submitSocial","container":"all","username":"arwin"}]
2017-06-17 05:08:11	[{"keyword":"nextar","from":"2017-06-15","mode":"submitSocial","container":"all","username":"arwin"}]
2017-06-17 05:08:13	[{"keyword":"jokowo","from":"2017-06-15","mode":"submitSocial","container":"all","username":"arwin"}]
2017-06-17 05:08:16	[{"keyword":"prabowo","from":"2017-06-15","mode":"submitSocial","container":"all","username":"arwin"}]
2017-06-17 05:08:18	[{"keyword":"sudirman said","from":"2017-06-15","mode":"submitSocial","container":"all","username":"arwin"}]
2017-06-17 05:08:23	[{"keyword":"ahok","from":"2017-06-15","mode":"submitSocial","container":"all","username":"arwin"}]
2017-06-17 05:08:25	[{"keyword":"setyanovanto","from":"2017-06-15","mode":"submitSocial","container":"all","username":"arwin"}]
2017-06-17 05:08:32	[{"keyword":"jokowi","from":"2017-06-15","mode":"submitSocial","container":"all","username":"arwin"}]
2017-06-17 05:08:36	[{"keyword":"ahok","from":"2017-06-15","mode":"submitSocial","container":"all","username":"arwin"}]
2017-06-17 05:08:39	[{"keyword":"prabowo","from":"2017-06-15","mode":"submitSocial","container":"all","username":"arwin"}]
2017-06-17 05:08:41	[{"keyword":"sudirman said","from":"2017-06-15","mode":"submitSocial","container":"all","username":"arwin"}]
2017-06-17 05:08:43	[{"keyword":"setyanovanto","from":"2017-06-15","mode":"submitSocial","container":"all","username":"arwin"}]
2017-06-17 05:08:46	[{"keyword":"galau","from":"2017-06-15","mode":"submitSocial","container":"all","username":"arwin"}]
2017-06-17 05:08:48	[{"keyword":"#prestasiindonesia","from":"2017-06-15","mode":"submitSocial","container":"all","username":"arwin"}]
2017-06-17 05:08:51	[{"keyword":"@tw_debi","from":"2017-06-15","mode":"submitSocial","container":"all","username":"arwin"}]
2017-06-17 05:08:53	[{"keyword":"@officialfastron","from":"2017-06-15","mode":"submitSocial","container":"all","username":"arwin"}]
2017-06-17 05:08:55	[{"keyword":"@citibankid","from":"2017-06-15","mode":"submitSocial","container":"all","username":"arwin"}]
2017-06-17 05:08:57	[{"keyword":"@jak101fm","from":"2017-06-15","mode":"submitSocial","container":"all","username":"arwin"}]
2017-06-17 05:09:00	[{"keyword":"@genfm","from":"2017-06-15","mode":"submitSocial","container":"all","username":"arwin"}]
