2017-07-15 05:00:03	worker	@987genfm;2017-07-13 - 2017-07-13;submitSocial;all;arwin
2017-07-15 05:00:06	worker	@101jakfm;2017-07-13 - 2017-07-13;submitSocial;all;arwin
2017-07-15 05:00:09	worker	@prambors;2017-07-13 - 2017-07-13;submitSocial;all;arwin
2017-07-15 05:00:12	worker	@hardrockfm;2017-07-13 - 2017-07-13;submitSocial;all;arwin
2017-07-15 05:00:14	worker	@kisfmjakarta;2017-07-13 - 2017-07-13;submitSocial;all;arwin
2017-07-15 05:00:17	worker	@delta_fm;2017-07-13 - 2017-07-13;submitSocial;all;arwin
2017-07-15 05:00:20	worker	@traxfmjkt;2017-07-13 - 2017-07-13;submitSocial;all;arwin
2017-07-15 05:00:23	worker	@iradiojakarta;2017-07-13 - 2017-07-13;submitSocial;all;arwin
2017-07-15 05:00:25	worker	@indika9160fm;2017-07-13 - 2017-07-13;submitSocial;all;arwin
2017-07-15 05:00:27	worker	@shellindonesia;2017-07-13 - 2017-07-13;submitSocial;all;arwin
2017-07-15 05:00:30	worker	@vpowerfans;2017-07-13 - 2017-07-13;submitSocial;all;arwin
2017-07-15 05:00:32	worker	@pertamaxind;2017-07-13 - 2017-07-13;submitSocial;all;arwin
2017-07-15 05:00:34	worker	@ptpertamina;2017-07-13 - 2017-07-13;submitSocial;all;arwin
2017-07-15 05:00:37	worker	@OZRadioJakarta;2017-07-13 - 2017-07-13;submitSocial;all;arwin
2017-07-15 05:00:39	worker	@CosmopolitanFM;2017-07-13 - 2017-07-13;submitSocial;all;arwin
2017-07-15 05:00:42	worker	@mustang88fm;2017-07-13 - 2017-07-13;submitSocial;all;arwin
2017-07-15 05:00:44	worker	@debabaz;2017-07-13 - 2017-07-13;submitSocial;all;arwin
2017-07-15 05:00:46	worker	@detikcom;2017-07-13 - 2017-07-13;submitSocial;all;arwin
2017-07-15 05:00:50	worker	@radioelshinta;2017-07-13 - 2017-07-13;submitSocial;all;arwin
2017-07-15 05:00:53	worker	@cinema21;2017-07-13 - 2017-07-13;submitSocial;all;arwin
2017-07-15 05:00:56	worker	@OfficialRCTI;2017-07-13 - 2017-07-13;submitSocial;all;arwin
2017-07-15 05:00:58	worker	@TRANSTV_CORP;2017-07-13 - 2017-07-13;submitSocial;all;arwin
2017-07-15 05:01:01	worker	@TRANS7;2017-07-13 - 2017-07-13;submitSocial;all;arwin
2017-07-15 05:01:04	worker	@Metro_TV;2017-07-13 - 2017-07-13;submitSocial;all;arwin
2017-07-15 05:01:07	worker	@tvOneNews;2017-07-13 - 2017-07-13;submitSocial;all;arwin
2017-07-15 05:01:10	worker	@whatsonANTV;2017-07-13 - 2017-07-13;submitSocial;all;arwin
2017-07-15 05:01:13	worker	@SCTV_;2017-07-13 - 2017-07-13;submitSocial;all;arwin
2017-07-15 05:01:16	worker	@KompasTV;2017-07-13 - 2017-07-13;submitSocial;all;arwin
2017-07-15 05:01:19	worker	@netmediatama;2017-07-13 - 2017-07-13;submitSocial;all;arwin
2017-07-15 05:01:22	worker	@Globaltvseru;2017-07-13 - 2017-07-13;submitSocial;all;arwin
2017-07-15 05:01:25	worker	@JaktvCom;2017-07-13 - 2017-07-13;submitSocial;all;arwin
2017-07-15 05:01:28	worker	@TVRINasional;2017-07-13 - 2017-07-13;submitSocial;all;arwin
2017-07-15 05:01:30	worker	@ochannelupdates;2017-07-13 - 2017-07-13;submitSocial;all;arwin
2017-07-15 05:01:32	worker	@IndosiarID;2017-07-13 - 2017-07-13;submitSocial;all;arwin
2017-07-15 05:01:35	worker	@kompascom;2017-07-13 - 2017-07-13;submitSocial;all;arwin
2017-07-15 05:01:40	worker	@merdekadotcom;2017-07-13 - 2017-07-13;submitSocial;all;arwin
2017-07-15 05:01:42	worker	@MIdotcom;2017-07-13 - 2017-07-13;submitSocial;all;arwin
2017-07-15 05:01:45	worker	@tempodotco;2017-07-13 - 2017-07-13;submitSocial;all;arwin
2017-07-15 05:01:48	worker	@motion975fm;2017-07-13 - 2017-07-13;submitSocial;all;arwin
2017-07-15 05:01:50	worker	@_radiotoday;2017-07-13 - 2017-07-13;submitSocial;all;arwin
2017-07-15 05:01:52	worker	@radioinfo;2017-07-13 - 2017-07-13;submitSocial;all;arwin
2017-07-15 05:01:55	worker	@979FeMaleRadio;2017-07-13 - 2017-07-13;submitSocial;all;arwin
2017-07-15 05:01:57	worker	@WomanRadio943FM;2017-07-13 - 2017-07-13;submitSocial;all;arwin
2017-07-15 05:01:59	worker	@VRadioFM;2017-07-13 - 2017-07-13;submitSocial;all;arwin
2017-07-15 05:02:02	worker	@UFM947;2017-07-13 - 2017-07-13;submitSocial;all;arwin
2017-07-15 05:02:04	worker	@VIVAnews;2017-07-13 - 2017-07-13;submitSocial;all;arwin
2017-07-15 05:02:07	worker	@antaranews;2017-07-13 - 2017-07-13;submitSocial;all;arwin
2017-07-15 05:02:09	worker	@tribunnews;2017-07-13 - 2017-07-13;submitSocial;all;arwin
2017-07-15 05:02:12	worker	@okezonenews;2017-07-13 - 2017-07-13;submitSocial;all;arwin
2017-07-15 05:02:15	worker	@Beritasatu;2017-07-13 - 2017-07-13;submitSocial;all;arwin
2017-07-15 05:02:18	worker	@rollingstoneina;2017-07-13 - 2017-07-13;submitSocial;all;arwin
2017-07-15 05:02:20	worker	@FIMELAdotcom;2017-07-13 - 2017-07-13;submitSocial;all;arwin
2017-07-15 05:02:22	worker	@KapanLagicom;2017-07-13 - 2017-07-13;submitSocial;all;arwin
2017-07-15 05:02:25	worker	@KompasEnt ;2017-07-13 - 2017-07-13;submitSocial;all;arwin
2017-07-15 05:02:27	worker	@HaiMagazine;2017-07-13 - 2017-07-13;submitSocial;all;arwin
2017-07-15 05:02:30	worker	@JakartaVenue;2017-07-13 - 2017-07-13;submitSocial;all;arwin
2017-07-15 05:02:32	worker	@SeputarEvent;2017-07-13 - 2017-07-13;submitSocial;all;arwin
2017-07-15 05:02:34	worker	@ismayaLive;2017-07-13 - 2017-07-13;submitSocial;all;arwin
2017-07-15 05:02:37	worker	@ECEntertainment;2017-07-13 - 2017-07-13;submitSocial;all;arwin
2017-07-15 05:02:39	worker	@synergism_En;2017-07-13 - 2017-07-13;submitSocial;all;arwin
2017-07-15 05:02:41	worker	@Urbanbandung;2017-07-13 - 2017-07-13;submitSocial;all;arwin
2017-07-15 05:02:44	worker	@Urbanrkm995;2017-07-13 - 2017-07-13;submitSocial;all;arwin
2017-07-15 05:02:45	worker	@Garuda_Promo;2017-07-13 - 2017-07-13;submitSocial;all;arwin
2017-07-15 05:02:48	worker	@AirAsiaID;2017-07-13 - 2017-07-13;submitSocial;all;arwin
2017-07-15 05:02:50	worker	@KAI121;2017-07-13 - 2017-07-13;submitSocial;all;arwin
2017-07-15 05:02:53	worker	@Unilever;2017-07-13 - 2017-07-13;submitSocial;all;arwin
2017-07-15 05:02:56	worker	@Nestle;2017-07-13 - 2017-07-13;submitSocial;all;arwin
2017-07-15 05:02:59	worker	@CocaCola;2017-07-13 - 2017-07-13;submitSocial;all;arwin
2017-07-15 05:03:02	worker	@CNN;2017-07-13 - 2017-07-13;submitSocial;all;arwin
2017-07-15 05:03:11	worker	@MTV;2017-07-13 - 2017-07-13;submitSocial;all;arwin
2017-07-15 05:03:18	worker	@channelv;2017-07-13 - 2017-07-13;submitSocial;all;arwin
2017-07-15 05:03:20	worker	@iTunesMusic;2017-07-13 - 2017-07-13;submitSocial;all;arwin
2017-07-15 05:03:22	worker	@mashable;2017-07-13 - 2017-07-13;submitSocial;all;arwin
2017-07-15 05:03:27	worker	@decacaz;2017-07-13 - 2017-07-13;submitSocial;all;arwin
2017-07-15 05:03:29	worker	@radiobaru967FM;2017-07-13 - 2017-07-13;submitSocial;all;arwin
2017-07-15 05:03:31	worker	@967HitzFM;2017-07-13 - 2017-07-13;submitSocial;all;arwin
2017-07-15 05:03:33	worker	@TVGuide;2017-07-13 - 2017-07-13;submitSocial;all;arwin
2017-07-15 05:03:36	worker	@XL123;2017-07-13 - 2017-07-13;submitSocial;all;arwin
2017-07-15 05:03:39	worker	@triindonesia;2017-07-13 - 2017-07-13;submitSocial;all;arwin
2017-07-15 05:03:41	worker	@kaskus;2017-07-13 - 2017-07-13;submitSocial;all;arwin
2017-07-15 05:03:47	worker	@Studio_XXI;2017-07-13 - 2017-07-13;submitSocial;all;arwin
2017-07-15 05:03:49	worker	@blitzmegaplex;2017-07-13 - 2017-07-13;submitSocial;all;arwin
2017-07-15 05:03:51	worker	@alfamartku;2017-07-13 - 2017-07-13;submitSocial;all;arwin
2017-07-15 05:03:53	worker	@Carrefour_ID;2017-07-13 - 2017-07-13;submitSocial;all;arwin
2017-07-15 05:03:56	worker	@BBCBreaking;2017-07-13 - 2017-07-13;submitSocial;all;arwin
2017-07-15 05:04:00	worker	@Forbes;2017-07-13 - 2017-07-13;submitSocial;all;arwin
2017-07-15 05:04:07	worker	@BensRadio;2017-07-13 - 2017-07-13;submitSocial;all;arwin
2017-07-15 05:04:10	worker	@instagram;2017-07-13 - 2017-07-13;submitSocial;all;arwin
2017-07-15 05:04:16	worker	@Pinterest;2017-07-13 - 2017-07-13;submitSocial;all;arwin
2017-07-15 05:04:19	worker	@google;2017-07-13 - 2017-07-13;submitSocial;all;arwin
2017-07-15 05:04:25	worker	@Pertaminalub;2017-07-13 - 2017-07-13;submitSocial;all;arwin
2017-07-15 05:04:28	worker	@InfoLalinTol;2017-07-13 - 2017-07-13;submitSocial;all;arwin
2017-07-15 05:04:30	worker	@PTJASAMARGA;2017-07-13 - 2017-07-13;submitSocial;all;arwin
2017-07-15 05:04:32	worker	@cititransindo;2017-07-13 - 2017-07-13;submitSocial;all;arwin
2017-07-15 05:04:35	worker	#semangatpagisuperr;2017-07-13 - 2017-07-13;submitSocial;all;arwin
2017-07-15 05:04:37	worker	#genkuisinsideout;2017-07-13 - 2017-07-13;submitSocial;all;arwin
2017-07-15 05:04:39	worker	#semangatpagi;2017-07-13 - 2017-07-13;submitSocial;all;arwin
2017-07-15 05:04:41	worker	#dikamar;2017-07-13 - 2017-07-13;submitSocial;all;arwin
2017-07-15 05:04:44	worker	#kopaja;2017-07-13 - 2017-07-13;submitSocial;all;arwin
2017-07-15 05:04:47	worker	#generaksi8;2017-07-13 - 2017-07-13;submitSocial;all;arwin
2017-07-15 05:04:48	worker	#hitztsp;2017-07-13 - 2017-07-13;submitSocial;all;arwin
2017-07-15 05:04:51	worker	#np;2017-07-13 - 2017-07-13;submitSocial;all;arwin
2017-07-15 05:04:55	worker	#hitzlivestage;2017-07-13 - 2017-07-13;submitSocial;all;arwin
2017-07-15 05:04:57	worker	#thefreaks;2017-07-13 - 2017-07-13;submitSocial;all;arwin
2017-07-15 05:05:00	worker	#hitzsirkuspagi;2017-07-13 - 2017-07-13;submitSocial;all;arwin
2017-07-15 05:05:02	worker	#hitzathlon;2017-07-13 - 2017-07-13;submitSocial;all;arwin
2017-07-15 05:05:05	worker	#hitzzombie;2017-07-13 - 2017-07-13;submitSocial;all;arwin
2017-07-15 05:05:08	worker	#hitzkalong;2017-07-13 - 2017-07-13;submitSocial;all;arwin
2017-07-15 05:05:10	worker	#hitzbebas;2017-07-13 - 2017-07-13;submitSocial;all;arwin
2017-07-15 05:05:13	worker	#hitzhorehara;2017-07-13 - 2017-07-13;submitSocial;all;arwin
2017-07-15 05:05:15	worker	@ZaloraID;2017-07-13 - 2017-07-13;submitSocial;all;arwin
2017-07-15 05:05:18	worker	@OLX_Indonesia;2017-07-13 - 2017-07-13;submitSocial;all;arwin
2017-07-15 05:05:20	worker	@LazadaID;2017-07-13 - 2017-07-13;submitSocial;all;arwin
2017-07-15 05:05:23	worker	@utrippers;2017-07-13 - 2017-07-13;submitSocial;all;arwin
2017-07-15 05:05:26	worker	@GoGobot;2017-07-13 - 2017-07-13;submitSocial;all;arwin
2017-07-15 05:05:28	worker	@viatortravel;2017-07-13 - 2017-07-13;submitSocial;all;arwin
2017-07-15 05:05:31	worker	@alandakariza;2017-07-13 - 2017-07-13;submitSocial;all;arwin
2017-07-15 05:05:33	worker	@gagasmedia;2017-07-13 - 2017-07-13;submitSocial;all;arwin
2017-07-15 05:05:36	worker	@welovehonda;2017-07-13 - 2017-07-13;submitSocial;all;arwin
2017-07-15 05:05:38	worker	@SuzukiMotorID;2017-07-13 - 2017-07-13;submitSocial;all;arwin
2017-07-15 05:05:40	worker	@kawasakilovers;2017-07-13 - 2017-07-13;submitSocial;all;arwin
2017-07-15 05:05:43	worker	@yamahaindonesia;2017-07-13 - 2017-07-13;submitSocial;all;arwin
2017-07-15 05:05:45	worker	@tripanzee;2017-07-13 - 2017-07-13;submitSocial;all;arwin
2017-07-15 05:05:47	worker	@arnoldpoernomo;2017-07-13 - 2017-07-13;submitSocial;all;arwin
2017-07-15 05:05:50	worker	@nicsap;2017-07-13 - 2017-07-13;submitSocial;all;arwin
2017-07-15 05:05:53	worker	@tiket2;2017-07-13 - 2017-07-13;submitSocial;all;arwin
2017-07-15 05:05:55	worker	@traveloka;2017-07-13 - 2017-07-13;submitSocial;all;arwin
2017-07-15 05:05:57	worker	@wego;2017-07-13 - 2017-07-13;submitSocial;all;arwin
2017-07-15 05:06:01	worker	@agoda;2017-07-13 - 2017-07-13;submitSocial;all;arwin
2017-07-15 05:06:04	worker	#salahsambung;2017-07-13 - 2017-07-13;submitSocial;all;arwin
2017-07-15 05:06:06	worker	#tulalit;2017-07-13 - 2017-07-13;submitSocial;all;arwin
2017-07-15 05:06:09	worker	#pestageneraksi8;2017-07-13 - 2017-07-13;submitSocial;all;arwin
2017-07-15 05:06:10	worker	#ganaskustik;2017-07-13 - 2017-07-13;submitSocial;all;arwin
2017-07-15 05:06:13	worker	#lnhot20;2017-07-13 - 2017-07-13;submitSocial;all;arwin
2017-07-15 05:06:15	worker	@TripAdvisor;2017-07-13 - 2017-07-13;submitSocial;all;arwin
2017-07-15 05:06:18	worker	@google;2017-07-13 - 2017-07-13;submitSocial;all;arwin
2017-07-15 05:06:24	worker	@Telkomsel;2017-07-13 - 2017-07-13;submitSocial;all;arwin
2017-07-15 05:06:27	worker	@indosat;2017-07-13 - 2017-07-13;submitSocial;all;arwin
2017-07-15 05:06:29	worker	@bahanafmjkt;2017-07-13 - 2017-07-13;submitSocial;all;2017-07-15 05:06:35	worker	@sonorafm92;2017-07-13 - 2017-07-13;submitSocial;all;arwin
2017-07-15 05:06:37	worker	@litefm1058;2017-07-13 - 2017-07-13;submitSocial;all;arwin
2017-07-15 05:06:39	worker	@Bravaradio;2017-07-13 - 2017-07-13;submitSocial;all;arwin
2017-07-15 05:06:41	worker	#dgitm;2017-07-13 - 2017-07-13;submitSocial;all;arwin
2017-07-15 05:06:44	worker	#hitsalaprambors;2017-07-13 - 2017-07-13;submitSocial;all;arwin
2017-07-15 05:06:47	worker	#reqprambors;2017-07-13 - 2017-07-13;submitSocial;all;arwin
2017-07-15 05:06:49	worker	#thedandees;2017-07-13 - 2017-07-13;submitSocial;all;arwin
2017-07-15 05:06:51	worker	#pramborsquiz;2017-07-13 - 2017-07-13;submitSocial;all;arwin
2017-07-15 05:06:54	worker	#jeliprambors;2017-07-13 - 2017-07-13;submitSocial;all;arwin
2017-07-15 05:06:56	worker	#jodohinprambors;2017-07-13 - 2017-07-13;submitSocial;all;arwin
2017-07-15 05:06:58	worker	#ubahdenganbicara;2017-07-13 - 2017-07-13;submitSocial;all;arwin
2017-07-15 05:07:01	worker	#pramborschat;2017-07-13 - 2017-07-13;submitSocial;all;arwin
2017-07-15 05:07:03	worker	#tweetforduit;2017-07-13 - 2017-07-13;submitSocial;all;arwin
2017-07-15 05:07:06	worker	#joki3in1;2017-07-13 - 2017-07-13;submitSocial;all;arwin
2017-07-15 05:07:08	worker	#sarapanseru;2017-07-13 - 2017-07-13;submitSocial;all;arwin
2017-07-15 05:07:10	worker	#rawonkaneloop;2017-07-13 - 2017-07-13;submitSocial;all;arwin
2017-07-15 05:07:12	worker	#gudegkendilkeraton;2017-07-13 - 2017-07-13;submitSocial;all;arwin
2017-07-15 05:07:14	worker	#gadogadobutika;2017-07-13 - 2017-07-13;submitSocial;all;arwin
2017-07-15 05:07:16	worker	#mtvhottest;2017-07-13 - 2017-07-13;submitSocial;all;arwin
2017-07-15 05:07:19	worker	#dimsumcjdw;2017-07-13 - 2017-07-13;submitSocial;all;arwin
2017-07-15 05:07:21	worker	#pecelmadiunmbakniek;2017-07-13 - 2017-07-13;submitSocial;all;arwin
2017-07-15 05:07:23	worker	#depotarema;2017-07-13 - 2017-07-13;submitSocial;all;arwin
2017-07-15 05:07:26	worker	@BNI46;2017-07-13 - 2017-07-13;submitSocial;all;arwin
2017-07-15 05:07:28	worker	@BANKBRI_ID;2017-07-13 - 2017-07-13;submitSocial;all;arwin
2017-07-15 05:07:30	worker	#bni46;2017-07-13 - 2017-07-13;submitSocial;all;arwin
2017-07-15 05:07:33	worker	macet;2017-07-13 - 2017-07-13;submitSocial;all;arwin
2017-07-15 05:07:37	worker	#selamatpagi;2017-07-13 - 2017-07-13;submitSocial;all;arwin
2017-07-15 05:07:39	worker	#selamatmalam;2017-07-13 - 2017-07-13;submitSocial;all;arwin
2017-07-15 05:07:41	worker	@884GlobalRadio;2017-07-13 - 2017-07-13;submitSocial;all;arwin
2017-07-15 05:07:44	worker	@day_trans;2017-07-13 - 2017-07-13;submitSocial;all;arwin
2017-07-15 05:07:46	worker	@kencanavoyage;2017-07-13 - 2017-07-13;submitSocial;all;arwin
2017-07-15 05:07:48	worker	@jukebox5d;2017-07-13 - 2017-07-13;submitSocial;all;arwin
2017-07-15 05:07:51	worker	#mtvhottest;2017-07-13 - 2017-07-13;submitSocial;all;arwin
2017-07-15 05:07:53	worker	#semangatpagi;2017-07-13 - 2017-07-13;submitSocial;all;arwin
2017-07-15 05:07:55	worker	lifebuoy;2017-07-13 - 2017-07-13;submitSocial;all;arwin
2017-07-15 05:07:58	worker	jokowi;2017-07-13 - 2017-07-13;submitSocial;all;arwin
2017-07-15 05:08:04	worker	obama;2017-07-13 - 2017-07-13;submitSocial;all;arwin
2017-07-15 05:08:14	worker	starwars;2017-07-13 - 2017-07-13;submitSocial;all;arwin
2017-07-15 05:08:17	worker	jonan;2017-07-13 - 2017-07-13;submitSocial;all;arwin
2017-07-15 05:08:21	worker	pagi;2017-07-13 - 2017-07-13;submitSocial;all;arwin
2017-07-15 05:08:30	worker	sampoerna;2017-07-13 - 2017-07-13;submitSocial;all;arwin
2017-07-15 05:08:33	worker	djarum;2017-07-13 - 2017-07-13;submitSocial;all;arwin
2017-07-15 05:08:36	worker	#semangatpagi;2017-07-13 - 2017-07-13;submitSocial;all;arwin
2017-07-15 05:08:38	worker	#generaksi8;2017-07-13 - 2017-07-13;submitSocial;all;arwin
2017-07-15 05:08:40	worker	#365alasan;2017-07-13 - 2017-07-13;submitSocial;all;arwin
2017-07-15 05:08:43	worker	weew;2017-07-13 - 2017-07-13;submitSocial;all;arwin
2017-07-15 05:08:46	worker	testing;2017-07-13 - 2017-07-13;submitSocial;all;arwin
2017-07-15 05:08:56	worker	#kopaja;2017-07-13 - 2017-07-13;submitSocial;all;arwin
2017-07-15 05:08:59	worker	#genkuisinsideout;2017-07-13 - 2017-07-13;submitSocial;all;arwin
2017-07-15 05:09:01	worker	starwars;2017-07-13 - 2017-07-13;submitSocial;all;arwin
2017-07-15 05:09:04	worker	#kopaja;2017-07-13 - 2017-07-13;submitSocial;all;arwin
2017-07-15 05:09:07	worker	mldspot;2017-07-13 - 2017-07-13;submitSocial;all;arwin
2017-07-15 05:09:10	worker	PBDjarum;2017-07-13 - 2017-07-13;submitSocial;all;arwin
2017-07-15 05:09:12	worker	TemanNabati;2017-07-13 - 2017-07-13;submitSocial;all;arwin
2017-07-15 05:09:15	worker	Nextar;2017-07-13 - 2017-07-13;submitSocial;all;arwin
2017-07-15 05:09:18	worker	jokowo;2017-07-13 - 2017-07-13;submitSocial;all;arwin
2017-07-15 05:09:21	worker	prabowo;2017-07-13 - 2017-07-13;submitSocial;all;arwin
2017-07-15 05:09:24	worker	sudirman said;2017-07-13 - 2017-07-13;submitSocial;all;arwin
2017-07-15 05:09:26	worker	ahok;2017-07-13 - 2017-07-13;submitSocial;all;arwin
2017-07-15 05:09:32	worker	setyanovanto;2017-07-13 - 2017-07-13;submitSocial;all;arwin
2017-07-15 05:09:35	worker	jokowi;2017-07-13 - 2017-07-13;submitSocial;all;arwin
2017-07-15 05:09:41	worker	ahok;2017-07-13 - 2017-07-13;submitSocial;all;arwin
2017-07-15 05:09:47	worker	prabowo;2017-07-13 - 2017-07-13;submitSocial;all;arwin
2017-07-15 05:09:50	worker	sudirman said;2017-07-13 - 2017-07-13;submitSocial;all;arwin
2017-07-15 05:09:53	worker	setyanovanto;2017-07-13 - 2017-07-13;submitSocial;all;arwin
2017-07-15 05:09:55	worker	galau;2017-07-13 - 2017-07-13;submitSocial;all;arwin
2017-07-15 05:10:00	worker	#prestasiindonesia;2017-07-13 - 2017-07-13;submitSocial;all;arwin
2017-07-15 05:10:02	worker	@Tw_Debi;2017-07-13 - 2017-07-13;submitSocial;all;arwin
2017-07-15 05:10:06	worker	@OfficialFastron;2017-07-13 - 2017-07-13;submitSocial;all;arwin
2017-07-15 05:10:08	worker	@CitibankID;2017-07-13 - 2017-07-13;submitSocial;all;arwin
2017-07-15 05:10:10	worker	@jak101fm;2017-07-13 - 2017-07-13;submitSocial;all;arwin
2017-07-15 05:10:13	worker	@genfm;2017-07-13 - 2017-07-13;submitSocial;all;arwin
