2017-10-29 05:00:12	[{"keyword":"@987genfm","from":"2017-10-27","mode":"submitSocial","container":"all","username":"arwin"}]
2017-10-29 05:00:15	[{"keyword":"@101jakfm","from":"2017-10-27","mode":"submitSocial","container":"all","username":"arwin"}]
2017-10-29 05:00:19	[{"keyword":"@prambors","from":"2017-10-27","mode":"submitSocial","container":"all","username":"arwin"}]
2017-10-29 05:00:22	[{"keyword":"@hardrockfm","from":"2017-10-27","mode":"submitSocial","container":"all","username":"arwin"}]
2017-10-29 05:00:24	[{"keyword":"@kisfmjakarta","from":"2017-10-27","mode":"submitSocial","container":"all","username":"arwin"}]
2017-10-29 05:00:27	[{"keyword":"@delta_fm","from":"2017-10-27","mode":"submitSocial","container":"all","username":"arwin"}]
2017-10-29 05:00:30	[{"keyword":"@traxfmjkt","from":"2017-10-27","mode":"submitSocial","container":"all","username":"arwin"}]
2017-10-29 05:00:33	[{"keyword":"@iradiojakarta","from":"2017-10-27","mode":"submitSocial","container":"all","username":"arwin"}]
2017-10-29 05:00:36	[{"keyword":"@indika9160fm","from":"2017-10-27","mode":"submitSocial","container":"all","username":"arwin"}]
2017-10-29 05:00:38	[{"keyword":"@shellindonesia","from":"2017-10-27","mode":"submitSocial","container":"all","username":"arwin"}]
2017-10-29 05:00:41	[{"keyword":"@vpowerfans","from":"2017-10-27","mode":"submitSocial","container":"all","username":"arwin"}]
2017-10-29 05:00:44	[{"keyword":"@pertamaxind","from":"2017-10-27","mode":"submitSocial","container":"all","username":"arwin"}]
2017-10-29 05:00:46	[{"keyword":"@ptpertamina","from":"2017-10-27","mode":"submitSocial","container":"all","username":"arwin"}]
2017-10-29 05:00:49	[{"keyword":"@ozradiojakarta","from":"2017-10-27","mode":"submitSocial","container":"all","username":"arwin"}]
2017-10-29 05:00:52	[{"keyword":"@cosmopolitanfm","from":"2017-10-27","mode":"submitSocial","container":"all","username":"arwin"}]
2017-10-29 05:00:54	[{"keyword":"@mustang88fm","from":"2017-10-27","mode":"submitSocial","container":"all","username":"arwin"}]
2017-10-29 05:00:57	[{"keyword":"@debabaz","from":"2017-10-27","mode":"submitSocial","container":"all","username":"arwin"}]
2017-10-29 05:01:01	[{"keyword":"@detikcom","from":"2017-10-27","mode":"submitSocial","container":"all","username":"arwin"}]
2017-10-29 05:01:06	[{"keyword":"@radioelshinta","from":"2017-10-27","mode":"submitSocial","container":"all","username":"arwin"}]
2017-10-29 05:01:09	[{"keyword":"@cinema21","from":"2017-10-27","mode":"submitSocial","container":"all","username":"arwin"}]
2017-10-29 05:01:12	[{"keyword":"@officialrcti","from":"2017-10-27","mode":"submitSocial","container":"all","username":"arwin"}]
2017-10-29 05:01:15	[{"keyword":"@transtv_corp","from":"2017-10-27","mode":"submitSocial","container":"all","username":"arwin"}]
2017-10-29 05:01:17	[{"keyword":"@trans7","from":"2017-10-27","mode":"submitSocial","container":"all","username":"arwin"}]
2017-10-29 05:01:21	[{"keyword":"@metro_tv","from":"2017-10-27","mode":"submitSocial","container":"all","username":"arwin"}]
2017-10-29 05:01:24	[{"keyword":"@tvonenews","from":"2017-10-27","mode":"submitSocial","container":"all","username":"arwin"}]
2017-10-29 05:01:27	[{"keyword":"@whatsonantv","from":"2017-10-27","mode":"submitSocial","container":"all","username":"arwin"}]
2017-10-29 05:01:31	[{"keyword":"@sctv_","from":"2017-10-27","mode":"submitSocial","container":"all","username":"arwin"}]
2017-10-29 05:01:34	[{"keyword":"@kompastv","from":"2017-10-27","mode":"submitSocial","container":"all","username":"arwin"}]
2017-10-29 05:01:38	[{"keyword":"@netmediatama","from":"2017-10-27","mode":"submitSocial","container":"all","username":"arwin"}]
2017-10-29 05:01:40	[{"keyword":"@globaltvseru","from":"2017-10-27","mode":"submitSocial","container":"all","username":"arwin"}]
2017-10-29 05:01:43	[{"keyword":"@jaktvcom","from":"2017-10-27","mode":"submitSocial","container":"all","username":"arwin"}]
2017-10-29 05:01:46	[{"keyword":"@tvrinasional","from":"2017-10-27","mode":"submitSocial","container":"all","username":"arwin"}]
2017-10-29 05:01:48	[{"keyword":"@ochannelupdates","from":"2017-10-27","mode":"submitSocial","container":"all","username":"arwin"}]
2017-10-29 05:01:51	[{"keyword":"@indosiarid","from":"2017-10-27","mode":"submitSocial","container":"all","username":"arwin"}]
2017-10-29 05:01:55	[{"keyword":"@kompascom","from":"2017-10-27","mode":"submitSocial","container":"all","username":"arwin"}]
2017-10-29 05:01:58	[{"keyword":"@merdekadotcom","from":"2017-10-27","mode":"submitSocial","container":"all","username":"arwin"}]
2017-10-29 05:02:01	[{"keyword":"@midotcom","from":"2017-10-27","mode":"submitSocial","container":"all","username":"arwin"}]
2017-10-29 05:02:04	[{"keyword":"@tempodotco","from":"2017-10-27","mode":"submitSocial","container":"all","username":"arwin"}]
2017-10-29 05:02:07	[{"keyword":"@motion975fm","from":"2017-10-27","mode":"submitSocial","container":"all","username":"arwin"}]
2017-10-29 05:02:09	[{"keyword":"@_radiotoday","from":"2017-10-27","mode":"submitSocial","container":"all","username":"arwin"}]
2017-10-29 05:02:12	[{"keyword":"@radioinfo","from":"2017-10-27","mode":"submitSocial","container":"all","username":"arwin"}]
2017-10-29 05:02:15	[{"keyword":"@979femaleradio","from":"2017-10-27","mode":"submitSocial","container":"all","username":"arwin"}]
2017-10-29 05:02:17	[{"keyword":"@womanradio943fm","from":"2017-10-27","mode":"submitSocial","container":"all","username":"arwin"}]
2017-10-29 05:02:20	[{"keyword":"@vradiofm","from":"2017-10-27","mode":"submitSocial","container":"all","username":"arwin"}]
2017-10-29 05:02:23	[{"keyword":"@ufm947","from":"2017-10-27","mode":"submitSocial","container":"all","username":"arwin"}]
2017-10-29 05:02:25	[{"keyword":"@vivanews","from":"2017-10-27","mode":"submitSocial","container":"all","username":"arwin"}]
2017-10-29 05:02:28	[{"keyword":"@antaranews","from":"2017-10-27","mode":"submitSocial","container":"all","username":"arwin"}]
2017-10-29 05:02:32	[{"keyword":"@tribunnews","from":"2017-10-27","mode":"submitSocial","container":"all","username":"arwin"}]
2017-10-29 05:02:35	[{"keyword":"@okezonenews","from":"2017-10-27","mode":"submitSocial","container":"all","username":"arwin"}]
2017-10-29 05:02:38	[{"keyword":"@beritasatu","from":"2017-10-27","mode":"submitSocial","container":"all","username":"arwin"}]
2017-10-29 05:02:40	[{"keyword":"@rollingstoneina","from":"2017-10-27","mode":"submitSocial","container":"all","username":"arwin"}]
2017-10-29 05:02:43	[{"keyword":"@fimeladotcom","from":"2017-10-27","mode":"submitSocial","container":"all","username":"arwin"}]
2017-10-29 05:02:45	[{"keyword":"@kapanlagicom","from":"2017-10-27","mode":"submitSocial","container":"all","username":"arwin"}]
2017-10-29 05:02:48	[{"keyword":"@kompasent","from":"2017-10-27","mode":"submitSocial","container":"all","username":"arwin"}]
2017-10-29 05:02:51	[{"keyword":"@haimagazine","from":"2017-10-27","mode":"submitSocial","container":"all","username":"arwin"}]
2017-10-29 05:02:54	[{"keyword":"@jakartavenue","from":"2017-10-27","mode":"submitSocial","container":"all","username":"arwin"}]
2017-10-29 05:02:56	[{"keyword":"@seputarevent","from":"2017-10-27","mode":"submitSocial","container":"all","username":"arwin"}]
2017-10-29 05:02:59	[{"keyword":"@ismayalive","from":"2017-10-27","mode":"submitSocial","container":"all","username":"arwin"}]
2017-10-29 05:03:01	[{"keyword":"@ecentertainment","from":"2017-10-27","mode":"submitSocial","container":"all","username":"arwin"}]
2017-10-29 05:03:04	[{"keyword":"@synergism_en","from":"2017-10-27","mode":"submitSocial","container":"all","username":"arwin"}]
2017-10-29 05:03:06	[{"keyword":"@urbanbandung","from":"2017-10-27","mode":"submitSocial","container":"all","username":"arwin"}]
2017-10-29 05:03:08	[{"keyword":"@urbanrkm995","from":"2017-10-27","mode":"submitSocial","container":"all","username":"arwin"}]
2017-10-29 05:03:11	[{"keyword":"@garuda_promo","from":"2017-10-27","mode":"submitSocial","container":"all","username":"arwin"}]
2017-10-29 05:03:14	[{"keyword":"@airasiaid","from":"2017-10-27","mode":"submitSocial","container":"all","username":"arwin"}]
2017-10-29 05:03:17	[{"keyword":"@kai121","from":"2017-10-27","mode":"submitSocial","container":"all","username":"arwin"}]
2017-10-29 05:03:20	[{"keyword":"@unilever","from":"2017-10-27","mode":"submitSocial","container":"all","username":"arwin"}]
2017-10-29 05:03:23	[{"keyword":"@nestle","from":"2017-10-27","mode":"submitSocial","container":"all","username":"arwin"}]
2017-10-29 05:03:27	[{"keyword":"@cocacola","from":"2017-10-27","mode":"submitSocial","container":"all","username":"arwin"}]
2017-10-29 05:03:34	[{"keyword":"@cnn","from":"2017-10-27","mode":"submitSocial","container":"all","username":"arwin"}]
2017-10-29 05:03:38	[{"keyword":"@mtv","from":"2017-10-27","mode":"submitSocial","container":"all","username":"arwin"}]
2017-10-29 05:03:41	[{"keyword":"@channelv","from":"2017-10-27","mode":"submitSocial","container":"all","username":"arwin"}]
2017-10-29 05:03:43	[{"keyword":"@itunesmusic","from":"2017-10-27","mode":"submitSocial","container":"all","username":"arwin"}]
2017-10-29 05:03:48	[{"keyword":"@mashable","from":"2017-10-27","mode":"submitSocial","container":"all","username":"arwin"}]
2017-10-29 05:03:50	[{"keyword":"@decacaz","from":"2017-10-27","mode":"submitSocial","container":"all","username":"arwin"}]
2017-10-29 05:03:52	[{"keyword":"@radiobaru967fm","from":"2017-10-27","mode":"submitSocial","container":"all","username":"arwin"}]
2017-10-29 05:03:55	[{"keyword":"@967hitzfm","from":"2017-10-27","mode":"submitSocial","container":"all","username":"arwin"}]
2017-10-29 05:03:58	[{"keyword":"@tvguide","from":"2017-10-27","mode":"submitSocial","container":"all","username":"arwin"}]
2017-10-29 05:04:01	[{"keyword":"@xl123","from":"2017-10-27","mode":"submitSocial","container":"all","username":"arwin"}]
2017-10-29 05:04:04	[{"keyword":"@triindonesia","from":"2017-10-27","mode":"submitSocial","container":"all","username":"arwin"}]
2017-10-29 05:04:07	[{"keyword":"@kaskus","from":"2017-10-27","mode":"submitSocial","container":"all","username":"arwin"}]
2017-10-29 05:04:10	[{"keyword":"@studio_xxi","from":"2017-10-27","mode":"submitSocial","container":"all","username":"arwin"}]
2017-10-29 05:04:12	[{"keyword":"@blitzmegaplex","from":"2017-10-27","mode":"submitSocial","container":"all","username":"arwin"}]
2017-10-29 05:04:15	[{"keyword":"@alfamartku","from":"2017-10-27","mode":"submitSocial","container":"all","username":"arwin"}]
2017-10-29 05:04:18	[{"keyword":"@carrefour_id","from":"2017-10-27","mode":"submitSocial","container":"all","username":"arwin"}]
2017-10-29 05:04:22	[{"keyword":"@bbcbreaking","from":"2017-10-27","mode":"submitSocial","container":"all","username":"arwin"}]
2017-10-29 05:04:30	[{"keyword":"@forbes","from":"2017-10-27","mode":"submitSocial","container":"all","username":"arwin"}]
2017-10-29 05:04:33	[{"keyword":"@bensradio","from":"2017-10-27","mode":"submitSocial","container":"all","username":"arwin"}]
2017-10-29 05:04:37	[{"keyword":"@instagram","from":"2017-10-27","mode":"submitSocial","container":"all","username":"arwin"}]
2017-10-29 05:04:41	[{"keyword":"@pinterest","from":"2017-10-27","mode":"submitSocial","container":"all","username":"arwin"}]
2017-10-29 05:04:48	[{"keyword":"@google","from":"2017-10-27","mode":"submitSocial","container":"all","username":"arwin"}]
2017-10-29 05:04:51	[{"keyword":"@pertaminalub","from":"2017-10-27","mode":"submitSocial","container":"all","username":"arwin"}]
2017-10-29 05:04:53	[{"keyword":"@infolalintol","from":"2017-10-27","mode":"submitSocial","container":"all","username":"arwin"}]
2017-10-29 05:04:56	[{"keyword":"@ptjasamarga","from":"2017-10-27","mode":"submitSocial","container":"all","username":"arwin"}]
2017-10-29 05:04:59	[{"keyword":"@cititransindo","from":"2017-10-27","mode":"submitSocial","container":"all","username":"arwin"}]
2017-10-29 05:05:01	[{"keyword":"#semangatpagisuperr","from":"2017-10-27","mode":"submitSocial","container":"all","username":"arwin"}]
2017-10-29 05:05:04	[{"keyword":"#genkuisinsideout","from":"2017-10-27","mode":"submitSocial","container":"all","username":"arwin"}]
2017-10-29 05:05:07	[{"keyword":"#semangatpagi","from":"2017-10-27","mode":"submitSocial","container":"all","username":"arwin"}]
2017-10-29 05:05:10	[{"keyword":"#dikamar","from":"2017-10-27","mode":"submitSocial","container":"all","username":"arwin"}]
2017-10-29 05:05:13	[{"keyword":"#kopaja","from":"2017-10-27","mode":"submitSocial","container":"all","username":"arwin"}]
2017-10-29 05:05:15	[{"keyword":"#generaksi8","from":"2017-10-27","mode":"submitSocial","container":"all","username":"arwin"}]
2017-10-29 05:05:18	[{"keyword":"#hitztsp","from":"2017-10-27","mode":"submitSocial","container":"all","username":"arwin"}]
2017-10-29 05:05:22	[{"keyword":"#np","from":"2017-10-27","mode":"submitSocial","container":"all","username":"arwin"}]
2017-10-29 05:05:24	[{"keyword":"#hitzlivestage","from":"2017-10-27","mode":"submitSocial","container":"all","username":"arwin"}]
2017-10-29 05:05:27	[{"keyword":"#thefreaks","from":"2017-10-27","mode":"submitSocial","container":"all","username":"arwin"}]
2017-10-29 05:05:29	[{"keyword":"#hitzsirkuspagi","from":"2017-10-27","mode":"submitSocial","container":"all","username":"arwin"}]
2017-10-29 05:05:32	[{"keyword":"#hitzathlon","from":"2017-10-27","mode":"submitSocial","container":"all","username":"arwin"}]
2017-10-29 05:05:35	[{"keyword":"#hitzzombie","from":"2017-10-27","mode":"submitSocial","container":"all","username":"arwin"}]
2017-10-29 05:05:37	[{"keyword":"#hitzkalong","from":"2017-10-27","mode":"submitSocial","container":"all","username":"arwin"}]
2017-10-29 05:05:40	[{"keyword":"#hitzbebas","from":"2017-10-27","mode":"submitSocial","container":"all","username":"arwin"}]
2017-10-29 05:05:42	[{"keyword":"#hitzhorehara","from":"2017-10-27","mode":"submitSocial","container":"all","username":"arwin"}]
2017-10-29 05:05:45	[{"keyword":"@zaloraid","from":"2017-10-27","mode":"submitSocial","container":"all","username":"arwin"}]
2017-10-29 05:05:48	[{"keyword":"@olx_indonesia","from":"2017-10-27","mode":"submitSocial","container":"all","username":"arwin"}]
2017-10-29 05:05:51	[{"keyword":"@lazadaid","from":"2017-10-27","mode":"submitSocial","container":"all","username":"arwin"}]
2017-10-29 05:05:54	[{"keyword":"@utrippers","from":"2017-10-27","mode":"submitSocial","container":"all","username":"arwin"}]
2017-10-29 05:05:56	[{"keyword":"@gogobot","from":"2017-10-27","mode":"submitSocial","container":"all","username":"arwin"}]
2017-10-29 05:05:59	[{"keyword":"@viatortravel","from":"2017-10-27","mode":"submitSocial","container":"all","username":"arwin"}]
2017-10-29 05:06:02	[{"keyword":"@alandakariza","from":"2017-10-27","mode":"submitSocial","container":"all","username":"arwin"}]
2017-10-29 05:06:04	[{"keyword":"@gagasmedia","from":"2017-10-27","mode":"submitSocial","container":"all","username":"arwin"}]
2017-10-29 05:06:07	[{"keyword":"@welovehonda","from":"2017-10-27","mode":"submitSocial","container":"all","username":"arwin"}]
2017-10-29 05:06:10	[{"keyword":"@suzukimotorid","from":"2017-10-27","mode":"submitSocial","container":"all","username":"arwin"}]
2017-10-29 05:06:12	[{"keyword":"@kawasakilovers","from":"2017-10-27","mode":"submitSocial","container":"all","username":"arwin"}]
2017-10-29 05:06:15	[{"keyword":"@yamahaindonesia","from":"2017-10-27","mode":"submitSocial","container":"all","username":"arwin"}]
2017-10-29 05:06:18	[{"keyword":"@tripanzee","from":"2017-10-27","mode":"submitSocial","container":"all","username":"arwin"}]
2017-10-29 05:06:21	[{"keyword":"@arnoldpoernomo","from":"2017-10-27","mode":"submitSocial","container":"all","username":"arwin"}]
2017-10-29 05:06:24	[{"keyword":"@nicsap","from":"2017-10-27","mode":"submitSocial","container":"all","username":"arwin"}]
2017-10-29 05:06:26	[{"keyword":"@tiket2","from":"2017-10-27","mode":"submitSocial","container":"all","username":"arwin"}]
2017-10-29 05:06:29	[{"keyword":"@traveloka","from":"2017-10-27","mode":"submitSocial","container":"all","username":"arwin"}]
2017-10-29 05:06:33	[{"keyword":"@wego","from":"2017-10-27","mode":"submitSocial","container":"all","username":"arwin"}]
2017-10-29 05:06:36	[{"keyword":"@agoda","from":"2017-10-27","mode":"submitSocial","container":"all","username":"arwin"}]
2017-10-29 05:06:39	[{"keyword":"#salahsambung","from":"2017-10-27","mode":"submitSocial","container":"all","username":"arwin"}]
2017-10-29 05:06:41	[{"keyword":"#tulalit","from":"2017-10-27","mode":"submitSocial","container":"all","username":"arwin"}]
2017-10-29 05:06:43	[{"keyword":"#pestageneraksi8","from":"2017-10-27","mode":"submitSocial","container":"all","username":"arwin"}]
2017-10-29 05:06:46	[{"keyword":"#ganaskustik","from":"2017-10-27","mode":"submitSocial","container":"all","username":"arwin"}]
2017-10-29 05:06:48	[{"keyword":"#lnhot20","from":"2017-10-27","mode":"submitSocial","container":"all","username":"arwin"}]
2017-10-29 05:06:51	[{"keyword":"@tripadvisor","from":"2017-10-27","mode":"submitSocial","container":"all","username":"arwin"}]
2017-10-29 05:06:59	[{"keyword":"@google","from":"2017-10-27","mode":"submitSocial","container":"all","username":"arwin"}]
2017-10-29 05:07:03	[{"keyword":"@telkomsel","from":"2017-10-27","mode":"submitSocial","container":"all","username":"arwin"}]
2017-10-29 05:07:06	[{"keyword":"@indosat","from":"2017-10-27","mode":"submitSocial","container":"all","username":"arwin"}]
2017-10-29 05:07:10	[{"keyword":"@bahanafmjkt","from":"2017-10-27","mode":"submitSocial","container":"all","username":""}]
2017-10-29 05:07:14	[{"keyword":"@sonorafm92","from":"2017-10-27","mode":"submitSocial","container":"all","username":"arwin"}]
2017-10-29 05:07:16	[{"keyword":"@litefm1058","from":"2017-10-27","mode":"submitSocial","container":"all","username":"arwin"}]
2017-10-29 05:07:19	[{"keyword":"@bravaradio","from":"2017-10-27","mode":"submitSocial","container":"all","username":"arwin"}]
2017-10-29 05:07:22	[{"keyword":"#dgitm","from":"2017-10-27","mode":"submitSocial","container":"all","username":"arwin"}]
2017-10-29 05:07:24	[{"keyword":"#hitsalaprambors","from":"2017-10-27","mode":"submitSocial","container":"all","username":"arwin"}]
2017-10-29 05:07:27	[{"keyword":"#reqprambors","from":"2017-10-27","mode":"submitSocial","container":"all","username":"arwin"}]
2017-10-29 05:07:30	[{"keyword":"#thedandees","from":"2017-10-27","mode":"submitSocial","container":"all","username":"arwin"}]
2017-10-29 05:07:32	[{"keyword":"#pramborsquiz","from":"2017-10-27","mode":"submitSocial","container":"all","username":"arwin"}]
2017-10-29 05:07:34	[{"keyword":"#jeliprambors","from":"2017-10-27","mode":"submitSocial","container":"all","username":"arwin"}]
2017-10-29 05:07:37	[{"keyword":"#jodohinprambors","from":"2017-10-27","mode":"submitSocial","container":"all","username":"arwin"}]
2017-10-29 05:07:39	[{"keyword":"#ubahdenganbicara","from":"2017-10-27","mode":"submitSocial","container":"all","username":"arwin"}]
2017-10-29 05:07:42	[{"keyword":"#pramborschat","from":"2017-10-27","mode":"submitSocial","container":"all","username":"arwin"}]
2017-10-29 05:07:44	[{"keyword":"#tweetforduit","from":"2017-10-27","mode":"submitSocial","container":"all","username":"arwin"}]
2017-10-29 05:07:46	[{"keyword":"#joki3in1","from":"2017-10-27","mode":"submitSocial","container":"all","username":"arwin"}]
2017-10-29 05:07:49	[{"keyword":"#sarapanseru","from":"2017-10-27","mode":"submitSocial","container":"all","username":"arwin"}]
2017-10-29 05:07:51	[{"keyword":"#rawonkaneloop","from":"2017-10-27","mode":"submitSocial","container":"all","username":"arwin"}]
2017-10-29 05:07:53	[{"keyword":"#gudegkendilkeraton","from":"2017-10-27","mode":"submitSocial","container":"all","username":"arwin"}]
2017-10-29 05:07:56	[{"keyword":"#gadogadobutika","from":"2017-10-27","mode":"submitSocial","container":"all","username":"arwin"}]
2017-10-29 05:07:58	[{"keyword":"#mtvhottest","from":"2017-10-27","mode":"submitSocial","container":"all","username":"arwin"}]
2017-10-29 05:08:01	[{"keyword":"#dimsumcjdw","from":"2017-10-27","mode":"submitSocial","container":"all","username":"arwin"}]
2017-10-29 05:08:03	[{"keyword":"#pecelmadiunmbakniek","from":"2017-10-27","mode":"submitSocial","container":"all","username":"arwin"}]
2017-10-29 05:08:06	[{"keyword":"#depotarema","from":"2017-10-27","mode":"submitSocial","container":"all","username":"arwin"}]
2017-10-29 05:08:08	[{"keyword":"@bni46","from":"2017-10-27","mode":"submitSocial","container":"all","username":"arwin"}]
2017-10-29 05:08:11	[{"keyword":"@bankbri_id","from":"2017-10-27","mode":"submitSocial","container":"all","username":"arwin"}]
2017-10-29 05:08:14	[{"keyword":"#bni46","from":"2017-10-27","mode":"submitSocial","container":"all","username":"arwin"}]
2017-10-29 05:08:20	[{"keyword":"macet","from":"2017-10-27","mode":"submitSocial","container":"all","username":"arwin"}]
2017-10-29 05:08:22	[{"keyword":"#selamatpagi","from":"2017-10-27","mode":"submitSocial","container":"all","username":"arwin"}]
2017-10-29 05:08:25	[{"keyword":"#selamatmalam","from":"2017-10-27","mode":"submitSocial","container":"all","username":"arwin"}]
2017-10-29 05:08:27	[{"keyword":"@884globalradio","from":"2017-10-27","mode":"submitSocial","container":"all","username":"arwin"}]
2017-10-29 05:08:30	[{"keyword":"@day_trans","from":"2017-10-27","mode":"submitSocial","container":"all","username":"arwin"}]
2017-10-29 05:08:33	[{"keyword":"@kencanavoyage","from":"2017-10-27","mode":"submitSocial","container":"all","username":"arwin"}]
2017-10-29 05:08:35	[{"keyword":"@jukebox5d","from":"2017-10-27","mode":"submitSocial","container":"all","username":"arwin"}]
2017-10-29 05:08:38	[{"keyword":"#mtvhottest","from":"2017-10-27","mode":"submitSocial","container":"all","username":"arwin"}]
2017-10-29 05:08:40	[{"keyword":"#semangatpagi","from":"2017-10-27","mode":"submitSocial","container":"all","username":"arwin"}]
2017-10-29 05:08:43	[{"keyword":"lifebuoy","from":"2017-10-27","mode":"submitSocial","container":"all","username":"arwin"}]
2017-10-29 05:08:50	[{"keyword":"jokowi","from":"2017-10-27","mode":"submitSocial","container":"all","username":"arwin"}]
2017-10-29 05:08:59	[{"keyword":"obama","from":"2017-10-27","mode":"submitSocial","container":"all","username":"arwin"}]
2017-10-29 05:09:03	[{"keyword":"starwars","from":"2017-10-27","mode":"submitSocial","container":"all","username":"arwin"}]
2017-10-29 05:09:07	[{"keyword":"jonan","from":"2017-10-27","mode":"submitSocial","container":"all","username":"arwin"}]
2017-10-29 05:09:16	[{"keyword":"pagi","from":"2017-10-27","mode":"submitSocial","container":"all","username":"arwin"}]
2017-10-29 05:09:19	[{"keyword":"sampoerna","from":"2017-10-27","mode":"submitSocial","container":"all","username":"arwin"}]
2017-10-29 05:09:22	[{"keyword":"djarum","from":"2017-10-27","mode":"submitSocial","container":"all","username":"arwin"}]
2017-10-29 05:09:24	[{"keyword":"#semangatpagi","from":"2017-10-27","mode":"submitSocial","container":"all","username":"arwin"}]
2017-10-29 05:09:26	[{"keyword":"#generaksi8","from":"2017-10-27","mode":"submitSocial","container":"all","username":"arwin"}]
2017-10-29 05:09:29	[{"keyword":"#365alasan","from":"2017-10-27","mode":"submitSocial","container":"all","username":"arwin"}]
2017-10-29 05:09:33	[{"keyword":"weew","from":"2017-10-27","mode":"submitSocial","container":"all","username":"arwin"}]
2017-10-29 05:09:42	[{"keyword":"testing","from":"2017-10-27","mode":"submitSocial","container":"all","username":"arwin"}]
2017-10-29 05:09:45	[{"keyword":"#kopaja","from":"2017-10-27","mode":"submitSocial","container":"all","username":"arwin"}]
2017-10-29 05:09:47	[{"keyword":"#genkuisinsideout","from":"2017-10-27","mode":"submitSocial","container":"all","username":"arwin"}]
2017-10-29 05:09:51	[{"keyword":"starwars","from":"2017-10-27","mode":"submitSocial","container":"all","username":"arwin"}]
2017-10-29 05:09:54	[{"keyword":"#kopaja","from":"2017-10-27","mode":"submitSocial","container":"all","username":"arwin"}]
2017-10-29 05:09:56	[{"keyword":"mldspot","from":"2017-10-27","mode":"submitSocial","container":"all","username":"arwin"}]
2017-10-29 05:09:59	[{"keyword":"pbdjarum","from":"2017-10-27","mode":"submitSocial","container":"all","username":"arwin"}]
2017-10-29 05:10:03	[{"keyword":"temannabati","from":"2017-10-27","mode":"submitSocial","container":"all","username":"arwin"}]
2017-10-29 05:10:06	[{"keyword":"nextar","from":"2017-10-27","mode":"submitSocial","container":"all","username":"arwin"}]
2017-10-29 05:10:10	[{"keyword":"jokowo","from":"2017-10-27","mode":"submitSocial","container":"all","username":"arwin"}]
2017-10-29 05:10:15	[{"keyword":"prabowo","from":"2017-10-27","mode":"submitSocial","container":"all","username":"arwin"}]
2017-10-29 05:10:18	[{"keyword":"sudirman said","from":"2017-10-27","mode":"submitSocial","container":"all","username":"arwin"}]
2017-10-29 05:10:27	[{"keyword":"ahok","from":"2017-10-27","mode":"submitSocial","container":"all","username":"arwin"}]
2017-10-29 05:10:30	[{"keyword":"setyanovanto","from":"2017-10-27","mode":"submitSocial","container":"all","username":"arwin"}]
2017-10-29 05:10:37	[{"keyword":"jokowi","from":"2017-10-27","mode":"submitSocial","container":"all","username":"arwin"}]
2017-10-29 05:10:46	[{"keyword":"ahok","from":"2017-10-27","mode":"submitSocial","container":"all","username":"arwin"}]
2017-10-29 05:10:51	[{"keyword":"prabowo","from":"2017-10-27","mode":"submitSocial","container":"all","username":"arwin"}]
2017-10-29 05:10:53	[{"keyword":"sudirman said","from":"2017-10-27","mode":"submitSocial","container":"all","username":"arwin"}]
2017-10-29 05:10:56	[{"keyword":"setyanovanto","from":"2017-10-27","mode":"submitSocial","container":"all","username":"arwin"}]
2017-10-29 05:11:01	[{"keyword":"galau","from":"2017-10-27","mode":"submitSocial","container":"all","username":"arwin"}]
2017-10-29 05:11:03	[{"keyword":"#prestasiindonesia","from":"2017-10-27","mode":"submitSocial","container":"all","username":"arwin"}]
2017-10-29 05:11:06	[{"keyword":"@tw_debi","from":"2017-10-27","mode":"submitSocial","container":"all","username":"arwin"}]
2017-10-29 05:11:08	[{"keyword":"@officialfastron","from":"2017-10-27","mode":"submitSocial","container":"all","username":"arwin"}]
2017-10-29 05:11:11	[{"keyword":"@citibankid","from":"2017-10-27","mode":"submitSocial","container":"all","username":"arwin"}]
2017-10-29 05:11:14	[{"keyword":"@jak101fm","from":"2017-10-27","mode":"submitSocial","container":"all","username":"arwin"}]
2017-10-29 05:11:17	[{"keyword":"@genfm","from":"2017-10-27","mode":"submitSocial","container":"all","username":"arwin"}]
