2017-02-04 05:00:05	[{"keyword":"@987genfm","from":"2017-02-02","mode":"submitSocial","container":"all","username":"arwin"}]
2017-02-04 05:00:08	[{"keyword":"@101jakfm","from":"2017-02-02","mode":"submitSocial","container":"all","username":"arwin"}]
2017-02-04 05:00:11	[{"keyword":"@prambors","from":"2017-02-02","mode":"submitSocial","container":"all","username":"arwin"}]
2017-02-04 05:00:14	[{"keyword":"@hardrockfm","from":"2017-02-02","mode":"submitSocial","container":"all","username":"arwin"}]
2017-02-04 05:00:17	[{"keyword":"@kisfmjakarta","from":"2017-02-02","mode":"submitSocial","container":"all","username":"arwin"}]
2017-02-04 05:00:20	[{"keyword":"@delta_fm","from":"2017-02-02","mode":"submitSocial","container":"all","username":"arwin"}]
2017-02-04 05:00:23	[{"keyword":"@traxfmjkt","from":"2017-02-02","mode":"submitSocial","container":"all","username":"arwin"}]
2017-02-04 05:00:26	[{"keyword":"@iradiojakarta","from":"2017-02-02","mode":"submitSocial","container":"all","username":"arwin"}]
2017-02-04 05:00:28	[{"keyword":"@indika9160fm","from":"2017-02-02","mode":"submitSocial","container":"all","username":"arwin"}]
2017-02-04 05:00:31	[{"keyword":"@shellindonesia","from":"2017-02-02","mode":"submitSocial","container":"all","username":"arwin"}]
2017-02-04 05:00:34	[{"keyword":"@vpowerfans","from":"2017-02-02","mode":"submitSocial","container":"all","username":"arwin"}]
2017-02-04 05:00:36	[{"keyword":"@pertamaxind","from":"2017-02-02","mode":"submitSocial","container":"all","username":"arwin"}]
2017-02-04 05:00:39	[{"keyword":"@ptpertamina","from":"2017-02-02","mode":"submitSocial","container":"all","username":"arwin"}]
2017-02-04 05:00:42	[{"keyword":"@ozradiojakarta","from":"2017-02-02","mode":"submitSocial","container":"all","username":"arwin"}]
2017-02-04 05:00:45	[{"keyword":"@cosmopolitanfm","from":"2017-02-02","mode":"submitSocial","container":"all","username":"arwin"}]
2017-02-04 05:00:47	[{"keyword":"@mustang88fm","from":"2017-02-02","mode":"submitSocial","container":"all","username":"arwin"}]
2017-02-04 05:00:50	[{"keyword":"@debabaz","from":"2017-02-02","mode":"submitSocial","container":"all","username":"arwin"}]
2017-02-04 05:00:54	[{"keyword":"@detikcom","from":"2017-02-02","mode":"submitSocial","container":"all","username":"arwin"}]
2017-02-04 05:00:57	[{"keyword":"@radioelshinta","from":"2017-02-02","mode":"submitSocial","container":"all","username":"arwin"}]
2017-02-04 05:01:00	[{"keyword":"@cinema21","from":"2017-02-02","mode":"submitSocial","container":"all","username":"arwin"}]
2017-02-04 05:01:03	[{"keyword":"@officialrcti","from":"2017-02-02","mode":"submitSocial","container":"all","username":"arwin"}]
2017-02-04 05:01:06	[{"keyword":"@transtv_corp","from":"2017-02-02","mode":"submitSocial","container":"all","username":"arwin"}]
2017-02-04 05:01:08	[{"keyword":"@trans7","from":"2017-02-02","mode":"submitSocial","container":"all","username":"arwin"}]
2017-02-04 05:01:12	[{"keyword":"@metro_tv","from":"2017-02-02","mode":"submitSocial","container":"all","username":"arwin"}]
2017-02-04 05:01:15	[{"keyword":"@tvonenews","from":"2017-02-02","mode":"submitSocial","container":"all","username":"arwin"}]
2017-02-04 05:01:18	[{"keyword":"@whatsonantv","from":"2017-02-02","mode":"submitSocial","container":"all","username":"arwin"}]
2017-02-04 05:01:22	[{"keyword":"@sctv_","from":"2017-02-02","mode":"submitSocial","container":"all","username":"arwin"}]
2017-02-04 05:01:24	[{"keyword":"@kompastv","from":"2017-02-02","mode":"submitSocial","container":"all","username":"arwin"}]
2017-02-04 05:01:28	[{"keyword":"@netmediatama","from":"2017-02-02","mode":"submitSocial","container":"all","username":"arwin"}]
2017-02-04 05:01:31	[{"keyword":"@globaltvseru","from":"2017-02-02","mode":"submitSocial","container":"all","username":"arwin"}]
2017-02-04 05:01:34	[{"keyword":"@jaktvcom","from":"2017-02-02","mode":"submitSocial","container":"all","username":"arwin"}]
2017-02-04 05:01:37	[{"keyword":"@tvrinasional","from":"2017-02-02","mode":"submitSocial","container":"all","username":"arwin"}]
2017-02-04 05:01:39	[{"keyword":"@ochannelupdates","from":"2017-02-02","mode":"submitSocial","container":"all","username":"arwin"}]
2017-02-04 05:01:43	[{"keyword":"@indosiarid","from":"2017-02-02","mode":"submitSocial","container":"all","username":"arwin"}]
2017-02-04 05:01:47	[{"keyword":"@kompascom","from":"2017-02-02","mode":"submitSocial","container":"all","username":"arwin"}]
2017-02-04 05:01:50	[{"keyword":"@merdekadotcom","from":"2017-02-02","mode":"submitSocial","container":"all","username":"arwin"}]
2017-02-04 05:01:53	[{"keyword":"@midotcom","from":"2017-02-02","mode":"submitSocial","container":"all","username":"arwin"}]
2017-02-04 05:01:57	[{"keyword":"@tempodotco","from":"2017-02-02","mode":"submitSocial","container":"all","username":"arwin"}]
2017-02-04 05:01:59	[{"keyword":"@motion975fm","from":"2017-02-02","mode":"submitSocial","container":"all","username":"arwin"}]
2017-02-04 05:02:02	[{"keyword":"@_radiotoday","from":"2017-02-02","mode":"submitSocial","container":"all","username":"arwin"}]
2017-02-04 05:02:05	[{"keyword":"@radioinfo","from":"2017-02-02","mode":"submitSocial","container":"all","username":"arwin"}]
2017-02-04 05:02:08	[{"keyword":"@979femaleradio","from":"2017-02-02","mode":"submitSocial","container":"all","username":"arwin"}]
2017-02-04 05:02:10	[{"keyword":"@womanradio943fm","from":"2017-02-02","mode":"submitSocial","container":"all","username":"arwin"}]
2017-02-04 05:02:13	[{"keyword":"@vradiofm","from":"2017-02-02","mode":"submitSocial","container":"all","username":"arwin"}]
2017-02-04 05:02:15	[{"keyword":"@ufm947","from":"2017-02-02","mode":"submitSocial","container":"all","username":"arwin"}]
2017-02-04 05:02:18	[{"keyword":"@vivanews","from":"2017-02-02","mode":"submitSocial","container":"all","username":"arwin"}]
2017-02-04 05:02:21	[{"keyword":"@antaranews","from":"2017-02-02","mode":"submitSocial","container":"all","username":"arwin"}]
2017-02-04 05:02:24	[{"keyword":"@tribunnews","from":"2017-02-02","mode":"submitSocial","container":"all","username":"arwin"}]
2017-02-04 05:02:28	[{"keyword":"@okezonenews","from":"2017-02-02","mode":"submitSocial","container":"all","username":"arwin"}]
2017-02-04 05:02:31	[{"keyword":"@beritasatu","from":"2017-02-02","mode":"submitSocial","container":"all","username":"arwin"}]
2017-02-04 05:02:34	[{"keyword":"@rollingstoneina","from":"2017-02-02","mode":"submitSocial","container":"all","username":"arwin"}]
2017-02-04 05:02:37	[{"keyword":"@fimeladotcom","from":"2017-02-02","mode":"submitSocial","container":"all","username":"arwin"}]
2017-02-04 05:02:39	[{"keyword":"@kapanlagicom","from":"2017-02-02","mode":"submitSocial","container":"all","username":"arwin"}]
2017-02-04 05:02:42	[{"keyword":"@kompasent","from":"2017-02-02","mode":"submitSocial","container":"all","username":"arwin"}]
2017-02-04 05:02:45	[{"keyword":"@haimagazine","from":"2017-02-02","mode":"submitSocial","container":"all","username":"arwin"}]
2017-02-04 05:02:48	[{"keyword":"@jakartavenue","from":"2017-02-02","mode":"submitSocial","container":"all","username":"arwin"}]
2017-02-04 05:02:50	[{"keyword":"@seputarevent","from":"2017-02-02","mode":"submitSocial","container":"all","username":"arwin"}]
2017-02-04 05:02:53	[{"keyword":"@ismayalive","from":"2017-02-02","mode":"submitSocial","container":"all","username":"arwin"}]
2017-02-04 05:02:55	[{"keyword":"@ecentertainment","from":"2017-02-02","mode":"submitSocial","container":"all","username":"arwin"}]
2017-02-04 05:02:58	[{"keyword":"@synergism_en","from":"2017-02-02","mode":"submitSocial","container":"all","username":"arwin"}]
2017-02-04 05:03:01	[{"keyword":"@urbanbandung","from":"2017-02-02","mode":"submitSocial","container":"all","username":"arwin"}]
2017-02-04 05:03:03	[{"keyword":"@urbanrkm995","from":"2017-02-02","mode":"submitSocial","container":"all","username":"arwin"}]
2017-02-04 05:03:05	[{"keyword":"@garuda_promo","from":"2017-02-02","mode":"submitSocial","container":"all","username":"arwin"}]
2017-02-04 05:03:08	[{"keyword":"@airasiaid","from":"2017-02-02","mode":"submitSocial","container":"all","username":"arwin"}]
2017-02-04 05:03:11	[{"keyword":"@kai121","from":"2017-02-02","mode":"submitSocial","container":"all","username":"arwin"}]
2017-02-04 05:03:14	[{"keyword":"@unilever","from":"2017-02-02","mode":"submitSocial","container":"all","username":"arwin"}]
2017-02-04 05:03:18	[{"keyword":"@nestle","from":"2017-02-02","mode":"submitSocial","container":"all","username":"arwin"}]
2017-02-04 05:03:22	[{"keyword":"@cocacola","from":"2017-02-02","mode":"submitSocial","container":"all","username":"arwin"}]
2017-02-04 05:03:28	[{"keyword":"@cnn","from":"2017-02-02","mode":"submitSocial","container":"all","username":"arwin"}]
2017-02-04 05:03:32	[{"keyword":"@mtv","from":"2017-02-02","mode":"submitSocial","container":"all","username":"arwin"}]
2017-02-04 05:03:35	[{"keyword":"@channelv","from":"2017-02-02","mode":"submitSocial","container":"all","username":"arwin"}]
2017-02-04 05:03:38	[{"keyword":"@itunesmusic","from":"2017-02-02","mode":"submitSocial","container":"all","username":"arwin"}]
2017-02-04 05:03:42	[{"keyword":"@mashable","from":"2017-02-02","mode":"submitSocial","container":"all","username":"arwin"}]
2017-02-04 05:03:45	[{"keyword":"@decacaz","from":"2017-02-02","mode":"submitSocial","container":"all","username":"arwin"}]
2017-02-04 05:03:47	[{"keyword":"@radiobaru967fm","from":"2017-02-02","mode":"submitSocial","container":"all","username":"arwin"}]
2017-02-04 05:03:50	[{"keyword":"@967hitzfm","from":"2017-02-02","mode":"submitSocial","container":"all","username":"arwin"}]
2017-02-04 05:03:53	[{"keyword":"@tvguide","from":"2017-02-02","mode":"submitSocial","container":"all","username":"arwin"}]
2017-02-04 05:03:56	[{"keyword":"@xl123","from":"2017-02-02","mode":"submitSocial","container":"all","username":"arwin"}]
2017-02-04 05:03:59	[{"keyword":"@triindonesia","from":"2017-02-02","mode":"submitSocial","container":"all","username":"arwin"}]
2017-02-04 05:04:02	[{"keyword":"@kaskus","from":"2017-02-02","mode":"submitSocial","container":"all","username":"arwin"}]
2017-02-04 05:04:05	[{"keyword":"@studio_xxi","from":"2017-02-02","mode":"submitSocial","container":"all","username":"arwin"}]
2017-02-04 05:04:07	[{"keyword":"@blitzmegaplex","from":"2017-02-02","mode":"submitSocial","container":"all","username":"arwin"}]
2017-02-04 05:04:10	[{"keyword":"@alfamartku","from":"2017-02-02","mode":"submitSocial","container":"all","username":"arwin"}]
2017-02-04 05:04:13	[{"keyword":"@carrefour_id","from":"2017-02-02","mode":"submitSocial","container":"all","username":"arwin"}]
2017-02-04 05:04:17	[{"keyword":"@bbcbreaking","from":"2017-02-02","mode":"submitSocial","container":"all","username":"arwin"}]
2017-02-04 05:04:23	[{"keyword":"@forbes","from":"2017-02-02","mode":"submitSocial","container":"all","username":"arwin"}]
2017-02-04 05:04:26	[{"keyword":"@bensradio","from":"2017-02-02","mode":"submitSocial","container":"all","username":"arwin"}]
2017-02-04 05:04:33	[{"keyword":"@instagram","from":"2017-02-02","mode":"submitSocial","container":"all","username":"arwin"}]
2017-02-04 05:04:37	[{"keyword":"@pinterest","from":"2017-02-02","mode":"submitSocial","container":"all","username":"arwin"}]
2017-02-04 05:04:43	[{"keyword":"@google","from":"2017-02-02","mode":"submitSocial","container":"all","username":"arwin"}]
2017-02-04 05:04:46	[{"keyword":"@pertaminalub","from":"2017-02-02","mode":"submitSocial","container":"all","username":"arwin"}]
2017-02-04 05:04:48	[{"keyword":"@infolalintol","from":"2017-02-02","mode":"submitSocial","container":"all","username":"arwin"}]
2017-02-04 05:04:51	[{"keyword":"@ptjasamarga","from":"2017-02-02","mode":"submitSocial","container":"all","username":"arwin"}]
2017-02-04 05:04:54	[{"keyword":"@cititransindo","from":"2017-02-02","mode":"submitSocial","container":"all","username":"arwin"}]
2017-02-04 05:04:56	[{"keyword":"#semangatpagisuperr","from":"2017-02-02","mode":"submitSocial","container":"all","username":"arwin"}]
2017-02-04 05:04:58	[{"keyword":"#genkuisinsideout","from":"2017-02-02","mode":"submitSocial","container":"all","username":"arwin"}]
2017-02-04 05:05:01	[{"keyword":"#semangatpagi","from":"2017-02-02","mode":"submitSocial","container":"all","username":"arwin"}]
2017-02-04 05:05:04	[{"keyword":"#dikamar","from":"2017-02-02","mode":"submitSocial","container":"all","username":"arwin"}]
2017-02-04 05:05:07	[{"keyword":"#kopaja","from":"2017-02-02","mode":"submitSocial","container":"all","username":"arwin"}]
2017-02-04 05:05:09	[{"keyword":"#generaksi8","from":"2017-02-02","mode":"submitSocial","container":"all","username":"arwin"}]
2017-02-04 05:05:13	[{"keyword":"#hitztsp","from":"2017-02-02","mode":"submitSocial","container":"all","username":"arwin"}]
2017-02-04 05:05:16	[{"keyword":"#np","from":"2017-02-02","mode":"submitSocial","container":"all","username":"arwin"}]
2017-02-04 05:05:19	[{"keyword":"#hitzlivestage","from":"2017-02-02","mode":"submitSocial","container":"all","username":"arwin"}]
2017-02-04 05:05:22	[{"keyword":"#thefreaks","from":"2017-02-02","mode":"submitSocial","container":"all","username":"arwin"}]
2017-02-04 05:05:24	[{"keyword":"#hitzsirkuspagi","from":"2017-02-02","mode":"submitSocial","container":"all","username":"arwin"}]
2017-02-04 05:05:27	[{"keyword":"#hitzathlon","from":"2017-02-02","mode":"submitSocial","container":"all","username":"arwin"}]
2017-02-04 05:05:30	[{"keyword":"#hitzzombie","from":"2017-02-02","mode":"submitSocial","container":"all","username":"arwin"}]
2017-02-04 05:05:32	[{"keyword":"#hitzkalong","from":"2017-02-02","mode":"submitSocial","container":"all","username":"arwin"}]
2017-02-04 05:05:35	[{"keyword":"#hitzbebas","from":"2017-02-02","mode":"submitSocial","container":"all","username":"arwin"}]
2017-02-04 05:05:38	[{"keyword":"#hitzhorehara","from":"2017-02-02","mode":"submitSocial","container":"all","username":"arwin"}]
2017-02-04 05:05:41	[{"keyword":"@zaloraid","from":"2017-02-02","mode":"submitSocial","container":"all","username":"arwin"}]
2017-02-04 05:05:43	[{"keyword":"@olx_indonesia","from":"2017-02-02","mode":"submitSocial","container":"all","username":"arwin"}]
2017-02-04 05:05:46	[{"keyword":"@lazadaid","from":"2017-02-02","mode":"submitSocial","container":"all","username":"arwin"}]
2017-02-04 05:05:49	[{"keyword":"@utrippers","from":"2017-02-02","mode":"submitSocial","container":"all","username":"arwin"}]
2017-02-04 05:05:52	[{"keyword":"@gogobot","from":"2017-02-02","mode":"submitSocial","container":"all","username":"arwin"}]
2017-02-04 05:05:55	[{"keyword":"@viatortravel","from":"2017-02-02","mode":"submitSocial","container":"all","username":"arwin"}]
2017-02-04 05:05:57	[{"keyword":"@alandakariza","from":"2017-02-02","mode":"submitSocial","container":"all","username":"arwin"}]
2017-02-04 05:06:00	[{"keyword":"@gagasmedia","from":"2017-02-02","mode":"submitSocial","container":"all","username":"arwin"}]
2017-02-04 05:06:03	[{"keyword":"@welovehonda","from":"2017-02-02","mode":"submitSocial","container":"all","username":"arwin"}]
2017-02-04 05:06:06	[{"keyword":"@suzukimotorid","from":"2017-02-02","mode":"submitSocial","container":"all","username":"arwin"}]
2017-02-04 05:06:08	[{"keyword":"@kawasakilovers","from":"2017-02-02","mode":"submitSocial","container":"all","username":"arwin"}]
2017-02-04 05:06:11	[{"keyword":"@yamahaindonesia","from":"2017-02-02","mode":"submitSocial","container":"all","username":"arwin"}]
2017-02-04 05:06:14	[{"keyword":"@tripanzee","from":"2017-02-02","mode":"submitSocial","container":"all","username":"arwin"}]
2017-02-04 05:06:17	[{"keyword":"@arnoldpoernomo","from":"2017-02-02","mode":"submitSocial","container":"all","username":"arwin"}]
2017-02-04 05:06:20	[{"keyword":"@nicsap","from":"2017-02-02","mode":"submitSocial","container":"all","username":"arwin"}]
2017-02-04 05:06:22	[{"keyword":"@tiket2","from":"2017-02-02","mode":"submitSocial","container":"all","username":"arwin"}]
2017-02-04 05:06:25	[{"keyword":"@traveloka","from":"2017-02-02","mode":"submitSocial","container":"all","username":"arwin"}]
2017-02-04 05:06:29	[{"keyword":"@wego","from":"2017-02-02","mode":"submitSocial","container":"all","username":"arwin"}]
2017-02-04 05:06:33	[{"keyword":"@agoda","from":"2017-02-02","mode":"submitSocial","container":"all","username":"arwin"}]
2017-02-04 05:06:35	[{"keyword":"#salahsambung","from":"2017-02-02","mode":"submitSocial","container":"all","username":"arwin"}]
2017-02-04 05:06:38	[{"keyword":"#tulalit","from":"2017-02-02","mode":"submitSocial","container":"all","username":"arwin"}]
2017-02-04 05:06:40	[{"keyword":"#pestageneraksi8","from":"2017-02-02","mode":"submitSocial","container":"all","username":"arwin"}]
2017-02-04 05:06:43	[{"keyword":"#ganaskustik","from":"2017-02-02","mode":"submitSocial","container":"all","username":"arwin"}]
2017-02-04 05:06:45	[{"keyword":"#lnhot20","from":"2017-02-02","mode":"submitSocial","container":"all","username":"arwin"}]
2017-02-04 05:06:48	[{"keyword":"@tripadvisor","from":"2017-02-02","mode":"submitSocial","container":"all","username":"arwin"}]
2017-02-04 05:06:54	[{"keyword":"@google","from":"2017-02-02","mode":"submitSocial","container":"all","username":"arwin"}]
2017-02-04 05:06:58	[{"keyword":"@telkomsel","from":"2017-02-02","mode":"submitSocial","container":"all","username":"arwin"}]
2017-02-04 05:07:01	[{"keyword":"@indosat","from":"2017-02-02","mode":"submitSocial","container":"all","username":"arwin"}]
2017-02-04 05:07:05	[{"keyword":"@bahanafmjkt","from":"2017-02-02","mode":"submitSocial","container":"all","username":""}]
2017-02-04 05:07:10	[{"keyword":"@sonorafm92","from":"2017-02-02","mode":"submitSocial","container":"all","username":"arwin"}]
2017-02-04 05:07:12	[{"keyword":"@litefm1058","from":"2017-02-02","mode":"submitSocial","container":"all","username":"arwin"}]
2017-02-04 05:07:14	[{"keyword":"@bravaradio","from":"2017-02-02","mode":"submitSocial","container":"all","username":"arwin"}]
2017-02-04 05:07:18	[{"keyword":"#dgitm","from":"2017-02-02","mode":"submitSocial","container":"all","username":"arwin"}]
2017-02-04 05:07:20	[{"keyword":"#hitsalaprambors","from":"2017-02-02","mode":"submitSocial","container":"all","username":"arwin"}]
2017-02-04 05:07:23	[{"keyword":"#reqprambors","from":"2017-02-02","mode":"submitSocial","container":"all","username":"arwin"}]
2017-02-04 05:07:26	[{"keyword":"#thedandees","from":"2017-02-02","mode":"submitSocial","container":"all","username":"arwin"}]
2017-02-04 05:07:28	[{"keyword":"#pramborsquiz","from":"2017-02-02","mode":"submitSocial","container":"all","username":"arwin"}]
2017-02-04 05:07:31	[{"keyword":"#jeliprambors","from":"2017-02-02","mode":"submitSocial","container":"all","username":"arwin"}]
2017-02-04 05:07:33	[{"keyword":"#jodohinprambors","from":"2017-02-02","mode":"submitSocial","container":"all","username":"arwin"}]
2017-02-04 05:07:35	[{"keyword":"#ubahdenganbicara","from":"2017-02-02","mode":"submitSocial","container":"all","username":"arwin"}]
2017-02-04 05:07:38	[{"keyword":"#pramborschat","from":"2017-02-02","mode":"submitSocial","container":"all","username":"arwin"}]
2017-02-04 05:07:41	[{"keyword":"#tweetforduit","from":"2017-02-02","mode":"submitSocial","container":"all","username":"arwin"}]
2017-02-04 05:07:43	[{"keyword":"#joki3in1","from":"2017-02-02","mode":"submitSocial","container":"all","username":"arwin"}]
2017-02-04 05:07:46	[{"keyword":"#sarapanseru","from":"2017-02-02","mode":"submitSocial","container":"all","username":"arwin"}]
2017-02-04 05:07:48	[{"keyword":"#rawonkaneloop","from":"2017-02-02","mode":"submitSocial","container":"all","username":"arwin"}]
2017-02-04 05:07:50	[{"keyword":"#gudegkendilkeraton","from":"2017-02-02","mode":"submitSocial","container":"all","username":"arwin"}]
2017-02-04 05:07:53	[{"keyword":"#gadogadobutika","from":"2017-02-02","mode":"submitSocial","container":"all","username":"arwin"}]
2017-02-04 05:07:56	[{"keyword":"#mtvhottest","from":"2017-02-02","mode":"submitSocial","container":"all","username":"arwin"}]
2017-02-04 05:07:58	[{"keyword":"#dimsumcjdw","from":"2017-02-02","mode":"submitSocial","container":"all","username":"arwin"}]
2017-02-04 05:08:00	[{"keyword":"#pecelmadiunmbakniek","from":"2017-02-02","mode":"submitSocial","container":"all","username":"arwin"}]
2017-02-04 05:08:03	[{"keyword":"#depotarema","from":"2017-02-02","mode":"submitSocial","container":"all","username":"arwin"}]
2017-02-04 05:08:06	[{"keyword":"@bni46","from":"2017-02-02","mode":"submitSocial","container":"all","username":"arwin"}]
2017-02-04 05:08:09	[{"keyword":"@bankbri_id","from":"2017-02-02","mode":"submitSocial","container":"all","username":"arwin"}]
2017-02-04 05:08:11	[{"keyword":"#bni46","from":"2017-02-02","mode":"submitSocial","container":"all","username":"arwin"}]
2017-02-04 05:08:17	[{"keyword":"macet","from":"2017-02-02","mode":"submitSocial","container":"all","username":"arwin"}]
2017-02-04 05:08:20	[{"keyword":"#selamatpagi","from":"2017-02-02","mode":"submitSocial","container":"all","username":"arwin"}]
2017-02-04 05:08:22	[{"keyword":"#selamatmalam","from":"2017-02-02","mode":"submitSocial","container":"all","username":"arwin"}]
2017-02-04 05:08:25	[{"keyword":"@884globalradio","from":"2017-02-02","mode":"submitSocial","container":"all","username":"arwin"}]
2017-02-04 05:08:28	[{"keyword":"@day_trans","from":"2017-02-02","mode":"submitSocial","container":"all","username":"arwin"}]
2017-02-04 05:08:30	[{"keyword":"@kencanavoyage","from":"2017-02-02","mode":"submitSocial","container":"all","username":"arwin"}]
2017-02-04 05:08:33	[{"keyword":"@jukebox5d","from":"2017-02-02","mode":"submitSocial","container":"all","username":"arwin"}]
2017-02-04 05:08:36	[{"keyword":"#mtvhottest","from":"2017-02-02","mode":"submitSocial","container":"all","username":"arwin"}]
2017-02-04 05:08:39	[{"keyword":"#semangatpagi","from":"2017-02-02","mode":"submitSocial","container":"all","username":"arwin"}]
2017-02-04 05:08:42	[{"keyword":"lifebuoy","from":"2017-02-02","mode":"submitSocial","container":"all","username":"arwin"}]
2017-02-04 05:08:50	[{"keyword":"jokowi","from":"2017-02-02","mode":"submitSocial","container":"all","username":"arwin"}]
2017-02-04 05:08:58	[{"keyword":"obama","from":"2017-02-02","mode":"submitSocial","container":"all","username":"arwin"}]
2017-02-04 05:09:02	[{"keyword":"starwars","from":"2017-02-02","mode":"submitSocial","container":"all","username":"arwin"}]
2017-02-04 05:09:06	[{"keyword":"jonan","from":"2017-02-02","mode":"submitSocial","container":"all","username":"arwin"}]
2017-02-04 05:09:16	[{"keyword":"pagi","from":"2017-02-02","mode":"submitSocial","container":"all","username":"arwin"}]
2017-02-04 05:09:19	[{"keyword":"sampoerna","from":"2017-02-02","mode":"submitSocial","container":"all","username":"arwin"}]
2017-02-04 05:09:23	[{"keyword":"djarum","from":"2017-02-02","mode":"submitSocial","container":"all","username":"arwin"}]
2017-02-04 05:09:25	[{"keyword":"#semangatpagi","from":"2017-02-02","mode":"submitSocial","container":"all","username":"arwin"}]
2017-02-04 05:09:27	[{"keyword":"#generaksi8","from":"2017-02-02","mode":"submitSocial","container":"all","username":"arwin"}]
2017-02-04 05:09:30	[{"keyword":"#365alasan","from":"2017-02-02","mode":"submitSocial","container":"all","username":"arwin"}]
2017-02-04 05:09:34	[{"keyword":"weew","from":"2017-02-02","mode":"submitSocial","container":"all","username":"arwin"}]
2017-02-04 05:09:43	[{"keyword":"testing","from":"2017-02-02","mode":"submitSocial","container":"all","username":"arwin"}]
2017-02-04 05:09:46	[{"keyword":"#kopaja","from":"2017-02-02","mode":"submitSocial","container":"all","username":"arwin"}]
2017-02-04 05:09:48	[{"keyword":"#genkuisinsideout","from":"2017-02-02","mode":"submitSocial","container":"all","username":"arwin"}]
2017-02-04 05:09:51	[{"keyword":"starwars","from":"2017-02-02","mode":"submitSocial","container":"all","username":"arwin"}]
2017-02-04 05:09:55	[{"keyword":"#kopaja","from":"2017-02-02","mode":"submitSocial","container":"all","username":"arwin"}]
2017-02-04 05:09:58	[{"keyword":"mldspot","from":"2017-02-02","mode":"submitSocial","container":"all","username":"arwin"}]
2017-02-04 05:10:01	[{"keyword":"pbdjarum","from":"2017-02-02","mode":"submitSocial","container":"all","username":"arwin"}]
2017-02-04 05:10:04	[{"keyword":"temannabati","from":"2017-02-02","mode":"submitSocial","container":"all","username":"arwin"}]
2017-02-04 05:10:08	[{"keyword":"nextar","from":"2017-02-02","mode":"submitSocial","container":"all","username":"arwin"}]
2017-02-04 05:10:11	[{"keyword":"jokowo","from":"2017-02-02","mode":"submitSocial","container":"all","username":"arwin"}]
2017-02-04 05:10:16	[{"keyword":"prabowo","from":"2017-02-02","mode":"submitSocial","container":"all","username":"arwin"}]
2017-02-04 05:10:18	[{"keyword":"sudirman said","from":"2017-02-02","mode":"submitSocial","container":"all","username":"arwin"}]
2017-02-04 05:10:32	[{"keyword":"ahok","from":"2017-02-02","mode":"submitSocial","container":"all","username":"arwin"}]
2017-02-04 05:10:34	[{"keyword":"setyanovanto","from":"2017-02-02","mode":"submitSocial","container":"all","username":"arwin"}]
2017-02-04 05:10:43	[{"keyword":"jokowi","from":"2017-02-02","mode":"submitSocial","container":"all","username":"arwin"}]
2017-02-04 05:10:57	[{"keyword":"ahok","from":"2017-02-02","mode":"submitSocial","container":"all","username":"arwin"}]
2017-02-04 05:11:01	[{"keyword":"prabowo","from":"2017-02-02","mode":"submitSocial","container":"all","username":"arwin"}]
2017-02-04 05:11:04	[{"keyword":"sudirman said","from":"2017-02-02","mode":"submitSocial","container":"all","username":"arwin"}]
2017-02-04 05:11:06	[{"keyword":"setyanovanto","from":"2017-02-02","mode":"submitSocial","container":"all","username":"arwin"}]
2017-02-04 05:11:12	[{"keyword":"galau","from":"2017-02-02","mode":"submitSocial","container":"all","username":"arwin"}]
2017-02-04 05:11:14	[{"keyword":"#prestasiindonesia","from":"2017-02-02","mode":"submitSocial","container":"all","username":"arwin"}]
2017-02-04 05:11:17	[{"keyword":"@tw_debi","from":"2017-02-02","mode":"submitSocial","container":"all","username":"arwin"}]
2017-02-04 05:11:20	[{"keyword":"@officialfastron","from":"2017-02-02","mode":"submitSocial","container":"all","username":"arwin"}]
2017-02-04 05:11:23	[{"keyword":"@citibankid","from":"2017-02-02","mode":"submitSocial","container":"all","username":"arwin"}]
