2017-11-10 05:00:06	[{"keyword":"@987genfm","from":"2017-11-08","mode":"submitSocial","container":"all","username":"arwin"}]
2017-11-10 05:00:09	[{"keyword":"@101jakfm","from":"2017-11-08","mode":"submitSocial","container":"all","username":"arwin"}]
2017-11-10 05:00:12	[{"keyword":"@prambors","from":"2017-11-08","mode":"submitSocial","container":"all","username":"arwin"}]
2017-11-10 05:00:15	[{"keyword":"@hardrockfm","from":"2017-11-08","mode":"submitSocial","container":"all","username":"arwin"}]
2017-11-10 05:00:17	[{"keyword":"@kisfmjakarta","from":"2017-11-08","mode":"submitSocial","container":"all","username":"arwin"}]
2017-11-10 05:00:20	[{"keyword":"@delta_fm","from":"2017-11-08","mode":"submitSocial","container":"all","username":"arwin"}]
2017-11-10 05:00:23	[{"keyword":"@traxfmjkt","from":"2017-11-08","mode":"submitSocial","container":"all","username":"arwin"}]
2017-11-10 05:00:26	[{"keyword":"@iradiojakarta","from":"2017-11-08","mode":"submitSocial","container":"all","username":"arwin"}]
2017-11-10 05:00:28	[{"keyword":"@indika9160fm","from":"2017-11-08","mode":"submitSocial","container":"all","username":"arwin"}]
2017-11-10 05:00:31	[{"keyword":"@shellindonesia","from":"2017-11-08","mode":"submitSocial","container":"all","username":"arwin"}]
2017-11-10 05:00:33	[{"keyword":"@vpowerfans","from":"2017-11-08","mode":"submitSocial","container":"all","username":"arwin"}]
2017-11-10 05:00:36	[{"keyword":"@pertamaxind","from":"2017-11-08","mode":"submitSocial","container":"all","username":"arwin"}]
2017-11-10 05:00:38	[{"keyword":"@ptpertamina","from":"2017-11-08","mode":"submitSocial","container":"all","username":"arwin"}]
2017-11-10 05:00:41	[{"keyword":"@ozradiojakarta","from":"2017-11-08","mode":"submitSocial","container":"all","username":"arwin"}]
2017-11-10 05:00:43	[{"keyword":"@cosmopolitanfm","from":"2017-11-08","mode":"submitSocial","container":"all","username":"arwin"}]
2017-11-10 05:00:46	[{"keyword":"@mustang88fm","from":"2017-11-08","mode":"submitSocial","container":"all","username":"arwin"}]
2017-11-10 05:00:49	[{"keyword":"@debabaz","from":"2017-11-08","mode":"submitSocial","container":"all","username":"arwin"}]
2017-11-10 05:00:53	[{"keyword":"@detikcom","from":"2017-11-08","mode":"submitSocial","container":"all","username":"arwin"}]
2017-11-10 05:00:57	[{"keyword":"@radioelshinta","from":"2017-11-08","mode":"submitSocial","container":"all","username":"arwin"}]
2017-11-10 05:00:59	[{"keyword":"@cinema21","from":"2017-11-08","mode":"submitSocial","container":"all","username":"arwin"}]
2017-11-10 05:01:03	[{"keyword":"@officialrcti","from":"2017-11-08","mode":"submitSocial","container":"all","username":"arwin"}]
2017-11-10 05:01:05	[{"keyword":"@transtv_corp","from":"2017-11-08","mode":"submitSocial","container":"all","username":"arwin"}]
2017-11-10 05:01:08	[{"keyword":"@trans7","from":"2017-11-08","mode":"submitSocial","container":"all","username":"arwin"}]
2017-11-10 05:01:12	[{"keyword":"@metro_tv","from":"2017-11-08","mode":"submitSocial","container":"all","username":"arwin"}]
2017-11-10 05:01:15	[{"keyword":"@tvonenews","from":"2017-11-08","mode":"submitSocial","container":"all","username":"arwin"}]
2017-11-10 05:01:18	[{"keyword":"@whatsonantv","from":"2017-11-08","mode":"submitSocial","container":"all","username":"arwin"}]
2017-11-10 05:01:21	[{"keyword":"@sctv_","from":"2017-11-08","mode":"submitSocial","container":"all","username":"arwin"}]
2017-11-10 05:01:25	[{"keyword":"@kompastv","from":"2017-11-08","mode":"submitSocial","container":"all","username":"arwin"}]
2017-11-10 05:01:28	[{"keyword":"@netmediatama","from":"2017-11-08","mode":"submitSocial","container":"all","username":"arwin"}]
2017-11-10 05:01:31	[{"keyword":"@globaltvseru","from":"2017-11-08","mode":"submitSocial","container":"all","username":"arwin"}]
2017-11-10 05:01:34	[{"keyword":"@jaktvcom","from":"2017-11-08","mode":"submitSocial","container":"all","username":"arwin"}]
2017-11-10 05:01:36	[{"keyword":"@tvrinasional","from":"2017-11-08","mode":"submitSocial","container":"all","username":"arwin"}]
2017-11-10 05:01:39	[{"keyword":"@ochannelupdates","from":"2017-11-08","mode":"submitSocial","container":"all","username":"arwin"}]
2017-11-10 05:01:42	[{"keyword":"@indosiarid","from":"2017-11-08","mode":"submitSocial","container":"all","username":"arwin"}]
2017-11-10 05:01:47	[{"keyword":"@kompascom","from":"2017-11-08","mode":"submitSocial","container":"all","username":"arwin"}]
2017-11-10 05:01:50	[{"keyword":"@merdekadotcom","from":"2017-11-08","mode":"submitSocial","container":"all","username":"arwin"}]
2017-11-10 05:01:52	[{"keyword":"@midotcom","from":"2017-11-08","mode":"submitSocial","container":"all","username":"arwin"}]
2017-11-10 05:01:55	[{"keyword":"@tempodotco","from":"2017-11-08","mode":"submitSocial","container":"all","username":"arwin"}]
2017-11-10 05:01:58	[{"keyword":"@motion975fm","from":"2017-11-08","mode":"submitSocial","container":"all","username":"arwin"}]
2017-11-10 05:02:00	[{"keyword":"@_radiotoday","from":"2017-11-08","mode":"submitSocial","container":"all","username":"arwin"}]
2017-11-10 05:02:03	[{"keyword":"@radioinfo","from":"2017-11-08","mode":"submitSocial","container":"all","username":"arwin"}]
2017-11-10 05:02:05	[{"keyword":"@979femaleradio","from":"2017-11-08","mode":"submitSocial","container":"all","username":"arwin"}]
2017-11-10 05:02:08	[{"keyword":"@womanradio943fm","from":"2017-11-08","mode":"submitSocial","container":"all","username":"arwin"}]
2017-11-10 05:02:11	[{"keyword":"@vradiofm","from":"2017-11-08","mode":"submitSocial","container":"all","username":"arwin"}]
2017-11-10 05:02:13	[{"keyword":"@ufm947","from":"2017-11-08","mode":"submitSocial","container":"all","username":"arwin"}]
2017-11-10 05:02:15	[{"keyword":"@vivanews","from":"2017-11-08","mode":"submitSocial","container":"all","username":"arwin"}]
2017-11-10 05:02:19	[{"keyword":"@antaranews","from":"2017-11-08","mode":"submitSocial","container":"all","username":"arwin"}]
2017-11-10 05:02:22	[{"keyword":"@tribunnews","from":"2017-11-08","mode":"submitSocial","container":"all","username":"arwin"}]
2017-11-10 05:02:24	[{"keyword":"@okezonenews","from":"2017-11-08","mode":"submitSocial","container":"all","username":"arwin"}]
2017-11-10 05:02:27	[{"keyword":"@beritasatu","from":"2017-11-08","mode":"submitSocial","container":"all","username":"arwin"}]
2017-11-10 05:02:30	[{"keyword":"@rollingstoneina","from":"2017-11-08","mode":"submitSocial","container":"all","username":"arwin"}]
2017-11-10 05:02:32	[{"keyword":"@fimeladotcom","from":"2017-11-08","mode":"submitSocial","container":"all","username":"arwin"}]
2017-11-10 05:02:35	[{"keyword":"@kapanlagicom","from":"2017-11-08","mode":"submitSocial","container":"all","username":"arwin"}]
2017-11-10 05:02:38	[{"keyword":"@kompasent","from":"2017-11-08","mode":"submitSocial","container":"all","username":"arwin"}]
2017-11-10 05:02:40	[{"keyword":"@haimagazine","from":"2017-11-08","mode":"submitSocial","container":"all","username":"arwin"}]
2017-11-10 05:02:43	[{"keyword":"@jakartavenue","from":"2017-11-08","mode":"submitSocial","container":"all","username":"arwin"}]
2017-11-10 05:02:46	[{"keyword":"@seputarevent","from":"2017-11-08","mode":"submitSocial","container":"all","username":"arwin"}]
2017-11-10 05:02:48	[{"keyword":"@ismayalive","from":"2017-11-08","mode":"submitSocial","container":"all","username":"arwin"}]
2017-11-10 05:02:51	[{"keyword":"@ecentertainment","from":"2017-11-08","mode":"submitSocial","container":"all","username":"arwin"}]
2017-11-10 05:02:53	[{"keyword":"@synergism_en","from":"2017-11-08","mode":"submitSocial","container":"all","username":"arwin"}]
2017-11-10 05:02:56	[{"keyword":"@urbanbandung","from":"2017-11-08","mode":"submitSocial","container":"all","username":"arwin"}]
2017-11-10 05:02:58	[{"keyword":"@urbanrkm995","from":"2017-11-08","mode":"submitSocial","container":"all","username":"arwin"}]
2017-11-10 05:03:00	[{"keyword":"@garuda_promo","from":"2017-11-08","mode":"submitSocial","container":"all","username":"arwin"}]
2017-11-10 05:03:03	[{"keyword":"@airasiaid","from":"2017-11-08","mode":"submitSocial","container":"all","username":"arwin"}]
2017-11-10 05:03:06	[{"keyword":"@kai121","from":"2017-11-08","mode":"submitSocial","container":"all","username":"arwin"}]
2017-11-10 05:03:09	[{"keyword":"@unilever","from":"2017-11-08","mode":"submitSocial","container":"all","username":"arwin"}]
2017-11-10 05:03:12	[{"keyword":"@nestle","from":"2017-11-08","mode":"submitSocial","container":"all","username":"arwin"}]
2017-11-10 05:03:16	[{"keyword":"@cocacola","from":"2017-11-08","mode":"submitSocial","container":"all","username":"arwin"}]
2017-11-10 05:03:24	[{"keyword":"@cnn","from":"2017-11-08","mode":"submitSocial","container":"all","username":"arwin"}]
2017-11-10 05:03:28	[{"keyword":"@mtv","from":"2017-11-08","mode":"submitSocial","container":"all","username":"arwin"}]
2017-11-10 05:03:31	[{"keyword":"@channelv","from":"2017-11-08","mode":"submitSocial","container":"all","username":"arwin"}]
2017-11-10 05:03:34	[{"keyword":"@itunesmusic","from":"2017-11-08","mode":"submitSocial","container":"all","username":"arwin"}]
2017-11-10 05:03:38	[{"keyword":"@mashable","from":"2017-11-08","mode":"submitSocial","container":"all","username":"arwin"}]
2017-11-10 05:03:40	[{"keyword":"@decacaz","from":"2017-11-08","mode":"submitSocial","container":"all","username":"arwin"}]
2017-11-10 05:03:42	[{"keyword":"@radiobaru967fm","from":"2017-11-08","mode":"submitSocial","container":"all","username":"arwin"}]
2017-11-10 05:03:45	[{"keyword":"@967hitzfm","from":"2017-11-08","mode":"submitSocial","container":"all","username":"arwin"}]
2017-11-10 05:03:48	[{"keyword":"@tvguide","from":"2017-11-08","mode":"submitSocial","container":"all","username":"arwin"}]
2017-11-10 05:03:50	[{"keyword":"@xl123","from":"2017-11-08","mode":"submitSocial","container":"all","username":"arwin"}]
2017-11-10 05:03:53	[{"keyword":"@triindonesia","from":"2017-11-08","mode":"submitSocial","container":"all","username":"arwin"}]
2017-11-10 05:03:56	[{"keyword":"@kaskus","from":"2017-11-08","mode":"submitSocial","container":"all","username":"arwin"}]
2017-11-10 05:03:59	[{"keyword":"@studio_xxi","from":"2017-11-08","mode":"submitSocial","container":"all","username":"arwin"}]
2017-11-10 05:04:01	[{"keyword":"@blitzmegaplex","from":"2017-11-08","mode":"submitSocial","container":"all","username":"arwin"}]
2017-11-10 05:04:04	[{"keyword":"@alfamartku","from":"2017-11-08","mode":"submitSocial","container":"all","username":"arwin"}]
2017-11-10 05:04:06	[{"keyword":"@carrefour_id","from":"2017-11-08","mode":"submitSocial","container":"all","username":"arwin"}]
2017-11-10 05:04:11	[{"keyword":"@bbcbreaking","from":"2017-11-08","mode":"submitSocial","container":"all","username":"arwin"}]
2017-11-10 05:04:18	[{"keyword":"@forbes","from":"2017-11-08","mode":"submitSocial","container":"all","username":"arwin"}]
2017-11-10 05:04:21	[{"keyword":"@bensradio","from":"2017-11-08","mode":"submitSocial","container":"all","username":"arwin"}]
2017-11-10 05:04:27	[{"keyword":"@instagram","from":"2017-11-08","mode":"submitSocial","container":"all","username":"arwin"}]
2017-11-10 05:04:30	[{"keyword":"@pinterest","from":"2017-11-08","mode":"submitSocial","container":"all","username":"arwin"}]
2017-11-10 05:04:37	[{"keyword":"@google","from":"2017-11-08","mode":"submitSocial","container":"all","username":"arwin"}]
2017-11-10 05:04:40	[{"keyword":"@pertaminalub","from":"2017-11-08","mode":"submitSocial","container":"all","username":"arwin"}]
2017-11-10 05:04:42	[{"keyword":"@infolalintol","from":"2017-11-08","mode":"submitSocial","container":"all","username":"arwin"}]
2017-11-10 05:04:45	[{"keyword":"@ptjasamarga","from":"2017-11-08","mode":"submitSocial","container":"all","username":"arwin"}]
2017-11-10 05:04:47	[{"keyword":"@cititransindo","from":"2017-11-08","mode":"submitSocial","container":"all","username":"arwin"}]
2017-11-10 05:04:49	[{"keyword":"#semangatpagisuperr","from":"2017-11-08","mode":"submitSocial","container":"all","username":"arwin"}]
2017-11-10 05:04:51	[{"keyword":"#genkuisinsideout","from":"2017-11-08","mode":"submitSocial","container":"all","username":"arwin"}]
2017-11-10 05:04:54	[{"keyword":"#semangatpagi","from":"2017-11-08","mode":"submitSocial","container":"all","username":"arwin"}]
2017-11-10 05:04:57	[{"keyword":"#dikamar","from":"2017-11-08","mode":"submitSocial","container":"all","username":"arwin"}]
2017-11-10 05:05:00	[{"keyword":"#kopaja","from":"2017-11-08","mode":"submitSocial","container":"all","username":"arwin"}]
2017-11-10 05:05:02	[{"keyword":"#generaksi8","from":"2017-11-08","mode":"submitSocial","container":"all","username":"arwin"}]
2017-11-10 05:05:05	[{"keyword":"#hitztsp","from":"2017-11-08","mode":"submitSocial","container":"all","username":"arwin"}]
2017-11-10 05:05:09	[{"keyword":"#np","from":"2017-11-08","mode":"submitSocial","container":"all","username":"arwin"}]
2017-11-10 05:05:12	[{"keyword":"#hitzlivestage","from":"2017-11-08","mode":"submitSocial","container":"all","username":"arwin"}]
2017-11-10 05:05:15	[{"keyword":"#thefreaks","from":"2017-11-08","mode":"submitSocial","container":"all","username":"arwin"}]
2017-11-10 05:05:17	[{"keyword":"#hitzsirkuspagi","from":"2017-11-08","mode":"submitSocial","container":"all","username":"arwin"}]
2017-11-10 05:05:19	[{"keyword":"#hitzathlon","from":"2017-11-08","mode":"submitSocial","container":"all","username":"arwin"}]
2017-11-10 05:05:22	[{"keyword":"#hitzzombie","from":"2017-11-08","mode":"submitSocial","container":"all","username":"arwin"}]
2017-11-10 05:05:24	[{"keyword":"#hitzkalong","from":"2017-11-08","mode":"submitSocial","container":"all","username":"arwin"}]
2017-11-10 05:05:27	[{"keyword":"#hitzbebas","from":"2017-11-08","mode":"submitSocial","container":"all","username":"arwin"}]
2017-11-10 05:05:29	[{"keyword":"#hitzhorehara","from":"2017-11-08","mode":"submitSocial","container":"all","username":"arwin"}]
2017-11-10 05:05:32	[{"keyword":"@zaloraid","from":"2017-11-08","mode":"submitSocial","container":"all","username":"arwin"}]
2017-11-10 05:05:34	[{"keyword":"@olx_indonesia","from":"2017-11-08","mode":"submitSocial","container":"all","username":"arwin"}]
2017-11-10 05:05:38	[{"keyword":"@lazadaid","from":"2017-11-08","mode":"submitSocial","container":"all","username":"arwin"}]
2017-11-10 05:05:40	[{"keyword":"@utrippers","from":"2017-11-08","mode":"submitSocial","container":"all","username":"arwin"}]
2017-11-10 05:05:43	[{"keyword":"@gogobot","from":"2017-11-08","mode":"submitSocial","container":"all","username":"arwin"}]
2017-11-10 05:05:45	[{"keyword":"@viatortravel","from":"2017-11-08","mode":"submitSocial","container":"all","username":"arwin"}]
2017-11-10 05:05:48	[{"keyword":"@alandakariza","from":"2017-11-08","mode":"submitSocial","container":"all","username":"arwin"}]
2017-11-10 05:05:51	[{"keyword":"@gagasmedia","from":"2017-11-08","mode":"submitSocial","container":"all","username":"arwin"}]
2017-11-10 05:05:53	[{"keyword":"@welovehonda","from":"2017-11-08","mode":"submitSocial","container":"all","username":"arwin"}]
2017-11-10 05:05:56	[{"keyword":"@suzukimotorid","from":"2017-11-08","mode":"submitSocial","container":"all","username":"arwin"}]
2017-11-10 05:05:58	[{"keyword":"@kawasakilovers","from":"2017-11-08","mode":"submitSocial","container":"all","username":"arwin"}]
2017-11-10 05:06:01	[{"keyword":"@yamahaindonesia","from":"2017-11-08","mode":"submitSocial","container":"all","username":"arwin"}]
2017-11-10 05:06:03	[{"keyword":"@tripanzee","from":"2017-11-08","mode":"submitSocial","container":"all","username":"arwin"}]
2017-11-10 05:06:06	[{"keyword":"@arnoldpoernomo","from":"2017-11-08","mode":"submitSocial","container":"all","username":"arwin"}]
2017-11-10 05:06:09	[{"keyword":"@nicsap","from":"2017-11-08","mode":"submitSocial","container":"all","username":"arwin"}]
2017-11-10 05:06:11	[{"keyword":"@tiket2","from":"2017-11-08","mode":"submitSocial","container":"all","username":"arwin"}]
2017-11-10 05:06:14	[{"keyword":"@traveloka","from":"2017-11-08","mode":"submitSocial","container":"all","username":"arwin"}]
2017-11-10 05:06:18	[{"keyword":"@wego","from":"2017-11-08","mode":"submitSocial","container":"all","username":"arwin"}]
2017-11-10 05:06:21	[{"keyword":"@agoda","from":"2017-11-08","mode":"submitSocial","container":"all","username":"arwin"}]
2017-11-10 05:06:23	[{"keyword":"#salahsambung","from":"2017-11-08","mode":"submitSocial","container":"all","username":"arwin"}]
2017-11-10 05:06:26	[{"keyword":"#tulalit","from":"2017-11-08","mode":"submitSocial","container":"all","username":"arwin"}]
2017-11-10 05:06:28	[{"keyword":"#pestageneraksi8","from":"2017-11-08","mode":"submitSocial","container":"all","username":"arwin"}]
2017-11-10 05:06:30	[{"keyword":"#ganaskustik","from":"2017-11-08","mode":"submitSocial","container":"all","username":"arwin"}]
2017-11-10 05:06:33	[{"keyword":"#lnhot20","from":"2017-11-08","mode":"submitSocial","container":"all","username":"arwin"}]
2017-11-10 05:06:35	[{"keyword":"@tripadvisor","from":"2017-11-08","mode":"submitSocial","container":"all","username":"arwin"}]
2017-11-10 05:06:43	[{"keyword":"@google","from":"2017-11-08","mode":"submitSocial","container":"all","username":"arwin"}]
2017-11-10 05:06:46	[{"keyword":"@telkomsel","from":"2017-11-08","mode":"submitSocial","container":"all","username":"arwin"}]
2017-11-10 05:06:49	[{"keyword":"@indosat","from":"2017-11-08","mode":"submitSocial","container":"all","username":"arwin"}]
2017-11-10 05:06:53	[{"keyword":"@bahanafmjkt","from":"2017-11-08","mode":"submitSocial","container":"all","username":""}]
2017-11-10 05:06:58	[{"keyword":"@sonorafm92","from":"2017-11-08","mode":"submitSocial","container":"all","username":"arwin"}]
2017-11-10 05:07:00	[{"keyword":"@litefm1058","from":"2017-11-08","mode":"submitSocial","container":"all","username":"arwin"}]
2017-11-10 05:07:03	[{"keyword":"@bravaradio","from":"2017-11-08","mode":"submitSocial","container":"all","username":"arwin"}]
2017-11-10 05:07:06	[{"keyword":"#dgitm","from":"2017-11-08","mode":"submitSocial","container":"all","username":"arwin"}]
2017-11-10 05:07:08	[{"keyword":"#hitsalaprambors","from":"2017-11-08","mode":"submitSocial","container":"all","username":"arwin"}]
2017-11-10 05:07:11	[{"keyword":"#reqprambors","from":"2017-11-08","mode":"submitSocial","container":"all","username":"arwin"}]
2017-11-10 05:07:13	[{"keyword":"#thedandees","from":"2017-11-08","mode":"submitSocial","container":"all","username":"arwin"}]
2017-11-10 05:07:15	[{"keyword":"#pramborsquiz","from":"2017-11-08","mode":"submitSocial","container":"all","username":"arwin"}]
2017-11-10 05:07:18	[{"keyword":"#jeliprambors","from":"2017-11-08","mode":"submitSocial","container":"all","username":"arwin"}]
2017-11-10 05:07:20	[{"keyword":"#jodohinprambors","from":"2017-11-08","mode":"submitSocial","container":"all","username":"arwin"}]
2017-11-10 05:07:22	[{"keyword":"#ubahdenganbicara","from":"2017-11-08","mode":"submitSocial","container":"all","username":"arwin"}]
2017-11-10 05:07:25	[{"keyword":"#pramborschat","from":"2017-11-08","mode":"submitSocial","container":"all","username":"arwin"}]
2017-11-10 05:07:27	[{"keyword":"#tweetforduit","from":"2017-11-08","mode":"submitSocial","container":"all","username":"arwin"}]
2017-11-10 05:07:29	[{"keyword":"#joki3in1","from":"2017-11-08","mode":"submitSocial","container":"all","username":"arwin"}]
2017-11-10 05:07:31	[{"keyword":"#sarapanseru","from":"2017-11-08","mode":"submitSocial","container":"all","username":"arwin"}]
2017-11-10 05:07:34	[{"keyword":"#rawonkaneloop","from":"2017-11-08","mode":"submitSocial","container":"all","username":"arwin"}]
2017-11-10 05:07:36	[{"keyword":"#gudegkendilkeraton","from":"2017-11-08","mode":"submitSocial","container":"all","username":"arwin"}]
2017-11-10 05:07:38	[{"keyword":"#gadogadobutika","from":"2017-11-08","mode":"submitSocial","container":"all","username":"arwin"}]
2017-11-10 05:07:41	[{"keyword":"#mtvhottest","from":"2017-11-08","mode":"submitSocial","container":"all","username":"arwin"}]
2017-11-10 05:07:43	[{"keyword":"#dimsumcjdw","from":"2017-11-08","mode":"submitSocial","container":"all","username":"arwin"}]
2017-11-10 05:07:45	[{"keyword":"#pecelmadiunmbakniek","from":"2017-11-08","mode":"submitSocial","container":"all","username":"arwin"}]
2017-11-10 05:07:48	[{"keyword":"#depotarema","from":"2017-11-08","mode":"submitSocial","container":"all","username":"arwin"}]
2017-11-10 05:07:50	[{"keyword":"@bni46","from":"2017-11-08","mode":"submitSocial","container":"all","username":"arwin"}]
2017-11-10 05:07:53	[{"keyword":"@bankbri_id","from":"2017-11-08","mode":"submitSocial","container":"all","username":"arwin"}]
2017-11-10 05:07:55	[{"keyword":"#bni46","from":"2017-11-08","mode":"submitSocial","container":"all","username":"arwin"}]
2017-11-10 05:08:00	[{"keyword":"macet","from":"2017-11-08","mode":"submitSocial","container":"all","username":"arwin"}]
2017-11-10 05:08:03	[{"keyword":"#selamatpagi","from":"2017-11-08","mode":"submitSocial","container":"all","username":"arwin"}]
2017-11-10 05:08:05	[{"keyword":"#selamatmalam","from":"2017-11-08","mode":"submitSocial","container":"all","username":"arwin"}]
2017-11-10 05:08:08	[{"keyword":"@884globalradio","from":"2017-11-08","mode":"submitSocial","container":"all","username":"arwin"}]
2017-11-10 05:08:10	[{"keyword":"@day_trans","from":"2017-11-08","mode":"submitSocial","container":"all","username":"arwin"}]
2017-11-10 05:08:13	[{"keyword":"@kencanavoyage","from":"2017-11-08","mode":"submitSocial","container":"all","username":"arwin"}]
2017-11-10 05:08:15	[{"keyword":"@jukebox5d","from":"2017-11-08","mode":"submitSocial","container":"all","username":"arwin"}]
2017-11-10 05:08:18	[{"keyword":"#mtvhottest","from":"2017-11-08","mode":"submitSocial","container":"all","username":"arwin"}]
2017-11-10 05:08:20	[{"keyword":"#semangatpagi","from":"2017-11-08","mode":"submitSocial","container":"all","username":"arwin"}]
2017-11-10 05:08:23	[{"keyword":"lifebuoy","from":"2017-11-08","mode":"submitSocial","container":"all","username":"arwin"}]
2017-11-10 05:08:32	[{"keyword":"jokowi","from":"2017-11-08","mode":"submitSocial","container":"all","username":"arwin"}]
2017-11-10 05:08:41	[{"keyword":"obama","from":"2017-11-08","mode":"submitSocial","container":"all","username":"arwin"}]
2017-11-10 05:08:44	[{"keyword":"starwars","from":"2017-11-08","mode":"submitSocial","container":"all","username":"arwin"}]
2017-11-10 05:08:48	[{"keyword":"jonan","from":"2017-11-08","mode":"submitSocial","container":"all","username":"arwin"}]
2017-11-10 05:08:57	[{"keyword":"pagi","from":"2017-11-08","mode":"submitSocial","container":"all","username":"arwin"}]
2017-11-10 05:09:00	[{"keyword":"sampoerna","from":"2017-11-08","mode":"submitSocial","container":"all","username":"arwin"}]
2017-11-10 05:09:04	[{"keyword":"djarum","from":"2017-11-08","mode":"submitSocial","container":"all","username":"arwin"}]
2017-11-10 05:09:06	[{"keyword":"#semangatpagi","from":"2017-11-08","mode":"submitSocial","container":"all","username":"arwin"}]
2017-11-10 05:09:08	[{"keyword":"#generaksi8","from":"2017-11-08","mode":"submitSocial","container":"all","username":"arwin"}]
2017-11-10 05:09:11	[{"keyword":"#365alasan","from":"2017-11-08","mode":"submitSocial","container":"all","username":"arwin"}]
2017-11-10 05:09:14	[{"keyword":"weew","from":"2017-11-08","mode":"submitSocial","container":"all","username":"arwin"}]
2017-11-10 05:09:24	[{"keyword":"testing","from":"2017-11-08","mode":"submitSocial","container":"all","username":"arwin"}]
2017-11-10 05:09:27	[{"keyword":"#kopaja","from":"2017-11-08","mode":"submitSocial","container":"all","username":"arwin"}]
2017-11-10 05:09:29	[{"keyword":"#genkuisinsideout","from":"2017-11-08","mode":"submitSocial","container":"all","username":"arwin"}]
2017-11-10 05:09:32	[{"keyword":"starwars","from":"2017-11-08","mode":"submitSocial","container":"all","username":"arwin"}]
2017-11-10 05:09:35	[{"keyword":"#kopaja","from":"2017-11-08","mode":"submitSocial","container":"all","username":"arwin"}]
2017-11-10 05:09:38	[{"keyword":"mldspot","from":"2017-11-08","mode":"submitSocial","container":"all","username":"arwin"}]
2017-11-10 05:09:41	[{"keyword":"pbdjarum","from":"2017-11-08","mode":"submitSocial","container":"all","username":"arwin"}]
2017-11-10 05:09:43	[{"keyword":"temannabati","from":"2017-11-08","mode":"submitSocial","container":"all","username":"arwin"}]
2017-11-10 05:09:47	[{"keyword":"nextar","from":"2017-11-08","mode":"submitSocial","container":"all","username":"arwin"}]
2017-11-10 05:09:50	[{"keyword":"jokowo","from":"2017-11-08","mode":"submitSocial","container":"all","username":"arwin"}]
2017-11-10 05:09:54	[{"keyword":"prabowo","from":"2017-11-08","mode":"submitSocial","container":"all","username":"arwin"}]
2017-11-10 05:09:57	[{"keyword":"sudirman said","from":"2017-11-08","mode":"submitSocial","container":"all","username":"arwin"}]
2017-11-10 05:10:05	[{"keyword":"ahok","from":"2017-11-08","mode":"submitSocial","container":"all","username":"arwin"}]
2017-11-10 05:10:08	[{"keyword":"setyanovanto","from":"2017-11-08","mode":"submitSocial","container":"all","username":"arwin"}]
2017-11-10 05:10:18	[{"keyword":"jokowi","from":"2017-11-08","mode":"submitSocial","container":"all","username":"arwin"}]
2017-11-10 05:10:26	[{"keyword":"ahok","from":"2017-11-08","mode":"submitSocial","container":"all","username":"arwin"}]
2017-11-10 05:10:30	[{"keyword":"prabowo","from":"2017-11-08","mode":"submitSocial","container":"all","username":"arwin"}]
2017-11-10 05:10:32	[{"keyword":"sudirman said","from":"2017-11-08","mode":"submitSocial","container":"all","username":"arwin"}]
2017-11-10 05:10:35	[{"keyword":"setyanovanto","from":"2017-11-08","mode":"submitSocial","container":"all","username":"arwin"}]
2017-11-10 05:10:40	[{"keyword":"galau","from":"2017-11-08","mode":"submitSocial","container":"all","username":"arwin"}]
2017-11-10 05:10:42	[{"keyword":"#prestasiindonesia","from":"2017-11-08","mode":"submitSocial","container":"all","username":"arwin"}]
2017-11-10 05:10:45	[{"keyword":"@tw_debi","from":"2017-11-08","mode":"submitSocial","container":"all","username":"arwin"}]
2017-11-10 05:10:48	[{"keyword":"@officialfastron","from":"2017-11-08","mode":"submitSocial","container":"all","username":"arwin"}]
2017-11-10 05:10:51	[{"keyword":"@citibankid","from":"2017-11-08","mode":"submitSocial","container":"all","username":"arwin"}]
2017-11-10 05:10:53	[{"keyword":"@jak101fm","from":"2017-11-08","mode":"submitSocial","container":"all","username":"arwin"}]
2017-11-10 05:10:56	[{"keyword":"@genfm","from":"2017-11-08","mode":"submitSocial","container":"all","username":"arwin"}]
2017-11-10 14:34:21	[{"keyword":"@kompascom","from":"2017-11-09","mode":"submitSocial","container":"all","username":"trialyatrial"}]
2017-11-10 14:34:24	[{"keyword":"@detikcom","from":"2017-11-09","mode":"submitSocial","container":"all","username":"trialyatrial"}]
