2018-01-04 05:00:05	[{"keyword":"@987genfm","from":"2018-01-02","mode":"submitSocial","container":"all","username":"arwin"}]
2018-01-04 05:00:08	[{"keyword":"@101jakfm","from":"2018-01-02","mode":"submitSocial","container":"all","username":"arwin"}]
2018-01-04 05:00:11	[{"keyword":"@prambors","from":"2018-01-02","mode":"submitSocial","container":"all","username":"arwin"}]
2018-01-04 05:00:13	[{"keyword":"@hardrockfm","from":"2018-01-02","mode":"submitSocial","container":"all","username":"arwin"}]
2018-01-04 05:00:16	[{"keyword":"@kisfmjakarta","from":"2018-01-02","mode":"submitSocial","container":"all","username":"arwin"}]
2018-01-04 05:00:18	[{"keyword":"@delta_fm","from":"2018-01-02","mode":"submitSocial","container":"all","username":"arwin"}]
2018-01-04 05:00:21	[{"keyword":"@traxfmjkt","from":"2018-01-02","mode":"submitSocial","container":"all","username":"arwin"}]
2018-01-04 05:00:23	[{"keyword":"@iradiojakarta","from":"2018-01-02","mode":"submitSocial","container":"all","username":"arwin"}]
2018-01-04 05:00:26	[{"keyword":"@indika9160fm","from":"2018-01-02","mode":"submitSocial","container":"all","username":"arwin"}]
2018-01-04 05:00:28	[{"keyword":"@shellindonesia","from":"2018-01-02","mode":"submitSocial","container":"all","username":"arwin"}]
2018-01-04 05:00:30	[{"keyword":"@vpowerfans","from":"2018-01-02","mode":"submitSocial","container":"all","username":"arwin"}]
2018-01-04 05:00:33	[{"keyword":"@pertamaxind","from":"2018-01-02","mode":"submitSocial","container":"all","username":"arwin"}]
2018-01-04 05:00:35	[{"keyword":"@ptpertamina","from":"2018-01-02","mode":"submitSocial","container":"all","username":"arwin"}]
2018-01-04 05:00:37	[{"keyword":"@ozradiojakarta","from":"2018-01-02","mode":"submitSocial","container":"all","username":"arwin"}]
2018-01-04 05:00:40	[{"keyword":"@cosmopolitanfm","from":"2018-01-02","mode":"submitSocial","container":"all","username":"arwin"}]
2018-01-04 05:00:42	[{"keyword":"@mustang88fm","from":"2018-01-02","mode":"submitSocial","container":"all","username":"arwin"}]
2018-01-04 05:00:44	[{"keyword":"@debabaz","from":"2018-01-02","mode":"submitSocial","container":"all","username":"arwin"}]
2018-01-04 05:00:47	[{"keyword":"@detikcom","from":"2018-01-02","mode":"submitSocial","container":"all","username":"arwin"}]
2018-01-04 05:00:50	[{"keyword":"@radioelshinta","from":"2018-01-02","mode":"submitSocial","container":"all","username":"arwin"}]
2018-01-04 05:00:52	[{"keyword":"@cinema21","from":"2018-01-02","mode":"submitSocial","container":"all","username":"arwin"}]
2018-01-04 05:00:55	[{"keyword":"@officialrcti","from":"2018-01-02","mode":"submitSocial","container":"all","username":"arwin"}]
2018-01-04 05:00:57	[{"keyword":"@transtv_corp","from":"2018-01-02","mode":"submitSocial","container":"all","username":"arwin"}]
2018-01-04 05:00:59	[{"keyword":"@trans7","from":"2018-01-02","mode":"submitSocial","container":"all","username":"arwin"}]
2018-01-04 05:01:03	[{"keyword":"@metro_tv","from":"2018-01-02","mode":"submitSocial","container":"all","username":"arwin"}]
2018-01-04 05:01:05	[{"keyword":"@tvonenews","from":"2018-01-02","mode":"submitSocial","container":"all","username":"arwin"}]
2018-01-04 05:01:07	[{"keyword":"@whatsonantv","from":"2018-01-02","mode":"submitSocial","container":"all","username":"arwin"}]
2018-01-04 05:01:10	[{"keyword":"@sctv_","from":"2018-01-02","mode":"submitSocial","container":"all","username":"arwin"}]
2018-01-04 05:01:13	[{"keyword":"@kompastv","from":"2018-01-02","mode":"submitSocial","container":"all","username":"arwin"}]
2018-01-04 05:01:15	[{"keyword":"@netmediatama","from":"2018-01-02","mode":"submitSocial","container":"all","username":"arwin"}]
2018-01-04 05:01:18	[{"keyword":"@globaltvseru","from":"2018-01-02","mode":"submitSocial","container":"all","username":"arwin"}]
2018-01-04 05:01:20	[{"keyword":"@jaktvcom","from":"2018-01-02","mode":"submitSocial","container":"all","username":"arwin"}]
2018-01-04 05:01:22	[{"keyword":"@tvrinasional","from":"2018-01-02","mode":"submitSocial","container":"all","username":"arwin"}]
2018-01-04 05:01:24	[{"keyword":"@ochannelupdates","from":"2018-01-02","mode":"submitSocial","container":"all","username":"arwin"}]
2018-01-04 05:01:28	[{"keyword":"@indosiarid","from":"2018-01-02","mode":"submitSocial","container":"all","username":"arwin"}]
2018-01-04 05:01:32	[{"keyword":"@kompascom","from":"2018-01-02","mode":"submitSocial","container":"all","username":"arwin"}]
2018-01-04 05:01:35	[{"keyword":"@merdekadotcom","from":"2018-01-02","mode":"submitSocial","container":"all","username":"arwin"}]
2018-01-04 05:01:38	[{"keyword":"@midotcom","from":"2018-01-02","mode":"submitSocial","container":"all","username":"arwin"}]
2018-01-04 05:01:41	[{"keyword":"@tempodotco","from":"2018-01-02","mode":"submitSocial","container":"all","username":"arwin"}]
2018-01-04 05:01:44	[{"keyword":"@motion975fm","from":"2018-01-02","mode":"submitSocial","container":"all","username":"arwin"}]
2018-01-04 05:01:46	[{"keyword":"@_radiotoday","from":"2018-01-02","mode":"submitSocial","container":"all","username":"arwin"}]
2018-01-04 05:01:49	[{"keyword":"@radioinfo","from":"2018-01-02","mode":"submitSocial","container":"all","username":"arwin"}]
2018-01-04 05:01:51	[{"keyword":"@979femaleradio","from":"2018-01-02","mode":"submitSocial","container":"all","username":"arwin"}]
2018-01-04 05:01:53	[{"keyword":"@womanradio943fm","from":"2018-01-02","mode":"submitSocial","container":"all","username":"arwin"}]
2018-01-04 05:01:56	[{"keyword":"@vradiofm","from":"2018-01-02","mode":"submitSocial","container":"all","username":"arwin"}]
2018-01-04 05:01:58	[{"keyword":"@ufm947","from":"2018-01-02","mode":"submitSocial","container":"all","username":"arwin"}]
2018-01-04 05:02:00	[{"keyword":"@vivanews","from":"2018-01-02","mode":"submitSocial","container":"all","username":"arwin"}]
2018-01-04 05:02:03	[{"keyword":"@antaranews","from":"2018-01-02","mode":"submitSocial","container":"all","username":"arwin"}]
2018-01-04 05:02:05	[{"keyword":"@tribunnews","from":"2018-01-02","mode":"submitSocial","container":"all","username":"arwin"}]
2018-01-04 05:02:08	[{"keyword":"@okezonenews","from":"2018-01-02","mode":"submitSocial","container":"all","username":"arwin"}]
2018-01-04 05:02:10	[{"keyword":"@beritasatu","from":"2018-01-02","mode":"submitSocial","container":"all","username":"arwin"}]
2018-01-04 05:02:13	[{"keyword":"@rollingstoneina","from":"2018-01-02","mode":"submitSocial","container":"all","username":"arwin"}]
2018-01-04 05:02:15	[{"keyword":"@fimeladotcom","from":"2018-01-02","mode":"submitSocial","container":"all","username":"arwin"}]
2018-01-04 05:02:18	[{"keyword":"@kapanlagicom","from":"2018-01-02","mode":"submitSocial","container":"all","username":"arwin"}]
2018-01-04 05:02:20	[{"keyword":"@kompasent","from":"2018-01-02","mode":"submitSocial","container":"all","username":"arwin"}]
2018-01-04 05:02:22	[{"keyword":"@haimagazine","from":"2018-01-02","mode":"submitSocial","container":"all","username":"arwin"}]
2018-01-04 05:02:25	[{"keyword":"@jakartavenue","from":"2018-01-02","mode":"submitSocial","container":"all","username":"arwin"}]
2018-01-04 05:02:27	[{"keyword":"@seputarevent","from":"2018-01-02","mode":"submitSocial","container":"all","username":"arwin"}]
2018-01-04 05:02:29	[{"keyword":"@ismayalive","from":"2018-01-02","mode":"submitSocial","container":"all","username":"arwin"}]
2018-01-04 05:02:32	[{"keyword":"@ecentertainment","from":"2018-01-02","mode":"submitSocial","container":"all","username":"arwin"}]
2018-01-04 05:02:34	[{"keyword":"@synergism_en","from":"2018-01-02","mode":"submitSocial","container":"all","username":"arwin"}]
2018-01-04 05:02:36	[{"keyword":"@urbanbandung","from":"2018-01-02","mode":"submitSocial","container":"all","username":"arwin"}]
2018-01-04 05:02:38	[{"keyword":"@urbanrkm995","from":"2018-01-02","mode":"submitSocial","container":"all","username":"arwin"}]
2018-01-04 05:02:40	[{"keyword":"@garuda_promo","from":"2018-01-02","mode":"submitSocial","container":"all","username":"arwin"}]
2018-01-04 05:02:43	[{"keyword":"@airasiaid","from":"2018-01-02","mode":"submitSocial","container":"all","username":"arwin"}]
2018-01-04 05:02:45	[{"keyword":"@kai121","from":"2018-01-02","mode":"submitSocial","container":"all","username":"arwin"}]
2018-01-04 05:02:47	[{"keyword":"@unilever","from":"2018-01-02","mode":"submitSocial","container":"all","username":"arwin"}]
2018-01-04 05:02:50	[{"keyword":"@nestle","from":"2018-01-02","mode":"submitSocial","container":"all","username":"arwin"}]
2018-01-04 05:02:53	[{"keyword":"@cocacola","from":"2018-01-02","mode":"submitSocial","container":"all","username":"arwin"}]
2018-01-04 05:03:01	[{"keyword":"@cnn","from":"2018-01-02","mode":"submitSocial","container":"all","username":"arwin"}]
2018-01-04 05:03:04	[{"keyword":"@mtv","from":"2018-01-02","mode":"submitSocial","container":"all","username":"arwin"}]
2018-01-04 05:03:06	[{"keyword":"@channelv","from":"2018-01-02","mode":"submitSocial","container":"all","username":"arwin"}]
2018-01-04 05:03:09	[{"keyword":"@itunesmusic","from":"2018-01-02","mode":"submitSocial","container":"all","username":"arwin"}]
2018-01-04 05:03:12	[{"keyword":"@mashable","from":"2018-01-02","mode":"submitSocial","container":"all","username":"arwin"}]
2018-01-04 05:03:14	[{"keyword":"@decacaz","from":"2018-01-02","mode":"submitSocial","container":"all","username":"arwin"}]
2018-01-04 05:03:16	[{"keyword":"@radiobaru967fm","from":"2018-01-02","mode":"submitSocial","container":"all","username":"arwin"}]
2018-01-04 05:03:19	[{"keyword":"@967hitzfm","from":"2018-01-02","mode":"submitSocial","container":"all","username":"arwin"}]
2018-01-04 05:03:21	[{"keyword":"@tvguide","from":"2018-01-02","mode":"submitSocial","container":"all","username":"arwin"}]
2018-01-04 05:03:24	[{"keyword":"@xl123","from":"2018-01-02","mode":"submitSocial","container":"all","username":"arwin"}]
2018-01-04 05:03:26	[{"keyword":"@triindonesia","from":"2018-01-02","mode":"submitSocial","container":"all","username":"arwin"}]
2018-01-04 05:03:29	[{"keyword":"@kaskus","from":"2018-01-02","mode":"submitSocial","container":"all","username":"arwin"}]
2018-01-04 05:03:31	[{"keyword":"@studio_xxi","from":"2018-01-02","mode":"submitSocial","container":"all","username":"arwin"}]
2018-01-04 05:03:33	[{"keyword":"@blitzmegaplex","from":"2018-01-02","mode":"submitSocial","container":"all","username":"arwin"}]
2018-01-04 05:03:35	[{"keyword":"@alfamartku","from":"2018-01-02","mode":"submitSocial","container":"all","username":"arwin"}]
2018-01-04 05:03:38	[{"keyword":"@carrefour_id","from":"2018-01-02","mode":"submitSocial","container":"all","username":"arwin"}]
2018-01-04 05:03:41	[{"keyword":"@bbcbreaking","from":"2018-01-02","mode":"submitSocial","container":"all","username":"arwin"}]
2018-01-04 05:03:48	[{"keyword":"@forbes","from":"2018-01-02","mode":"submitSocial","container":"all","username":"arwin"}]
2018-01-04 05:03:51	[{"keyword":"@bensradio","from":"2018-01-02","mode":"submitSocial","container":"all","username":"arwin"}]
2018-01-04 05:03:57	[{"keyword":"@instagram","from":"2018-01-02","mode":"submitSocial","container":"all","username":"arwin"}]
2018-01-04 05:03:59	[{"keyword":"@pinterest","from":"2018-01-02","mode":"submitSocial","container":"all","username":"arwin"}]
2018-01-04 05:04:07	[{"keyword":"@google","from":"2018-01-02","mode":"submitSocial","container":"all","username":"arwin"}]
2018-01-04 05:04:09	[{"keyword":"@pertaminalub","from":"2018-01-02","mode":"submitSocial","container":"all","username":"arwin"}]
2018-01-04 05:04:12	[{"keyword":"@infolalintol","from":"2018-01-02","mode":"submitSocial","container":"all","username":"arwin"}]
2018-01-04 05:04:14	[{"keyword":"@ptjasamarga","from":"2018-01-02","mode":"submitSocial","container":"all","username":"arwin"}]
2018-01-04 05:04:16	[{"keyword":"@cititransindo","from":"2018-01-02","mode":"submitSocial","container":"all","username":"arwin"}]
2018-01-04 05:04:18	[{"keyword":"#semangatpagisuperr","from":"2018-01-02","mode":"submitSocial","container":"all","username":"arwin"}]
2018-01-04 05:04:20	[{"keyword":"#genkuisinsideout","from":"2018-01-02","mode":"submitSocial","container":"all","username":"arwin"}]
2018-01-04 05:04:22	[{"keyword":"#semangatpagi","from":"2018-01-02","mode":"submitSocial","container":"all","username":"arwin"}]
2018-01-04 05:04:25	[{"keyword":"#dikamar","from":"2018-01-02","mode":"submitSocial","container":"all","username":"arwin"}]
2018-01-04 05:04:27	[{"keyword":"#kopaja","from":"2018-01-02","mode":"submitSocial","container":"all","username":"arwin"}]
2018-01-04 05:04:29	[{"keyword":"#generaksi8","from":"2018-01-02","mode":"submitSocial","container":"all","username":"arwin"}]
2018-01-04 05:04:32	[{"keyword":"#hitztsp","from":"2018-01-02","mode":"submitSocial","container":"all","username":"arwin"}]
2018-01-04 05:04:35	[{"keyword":"#np","from":"2018-01-02","mode":"submitSocial","container":"all","username":"arwin"}]
2018-01-04 05:04:37	[{"keyword":"#hitzlivestage","from":"2018-01-02","mode":"submitSocial","container":"all","username":"arwin"}]
2018-01-04 05:04:39	[{"keyword":"#thefreaks","from":"2018-01-02","mode":"submitSocial","container":"all","username":"arwin"}]
2018-01-04 05:04:41	[{"keyword":"#hitzsirkuspagi","from":"2018-01-02","mode":"submitSocial","container":"all","username":"arwin"}]
2018-01-04 05:04:44	[{"keyword":"#hitzathlon","from":"2018-01-02","mode":"submitSocial","container":"all","username":"arwin"}]
2018-01-04 05:04:46	[{"keyword":"#hitzzombie","from":"2018-01-02","mode":"submitSocial","container":"all","username":"arwin"}]
2018-01-04 05:04:48	[{"keyword":"#hitzkalong","from":"2018-01-02","mode":"submitSocial","container":"all","username":"arwin"}]
2018-01-04 05:04:51	[{"keyword":"#hitzbebas","from":"2018-01-02","mode":"submitSocial","container":"all","username":"arwin"}]
2018-01-04 05:04:53	[{"keyword":"#hitzhorehara","from":"2018-01-02","mode":"submitSocial","container":"all","username":"arwin"}]
2018-01-04 05:04:55	[{"keyword":"@zaloraid","from":"2018-01-02","mode":"submitSocial","container":"all","username":"arwin"}]
2018-01-04 05:04:57	[{"keyword":"@olx_indonesia","from":"2018-01-02","mode":"submitSocial","container":"all","username":"arwin"}]
2018-01-04 05:05:00	[{"keyword":"@lazadaid","from":"2018-01-02","mode":"submitSocial","container":"all","username":"arwin"}]
2018-01-04 05:05:03	[{"keyword":"@utrippers","from":"2018-01-02","mode":"submitSocial","container":"all","username":"arwin"}]
2018-01-04 05:05:06	[{"keyword":"@gogobot","from":"2018-01-02","mode":"submitSocial","container":"all","username":"arwin"}]
2018-01-04 05:05:08	[{"keyword":"@viatortravel","from":"2018-01-02","mode":"submitSocial","container":"all","username":"arwin"}]
2018-01-04 05:05:11	[{"keyword":"@alandakariza","from":"2018-01-02","mode":"submitSocial","container":"all","username":"arwin"}]
2018-01-04 05:05:13	[{"keyword":"@gagasmedia","from":"2018-01-02","mode":"submitSocial","container":"all","username":"arwin"}]
2018-01-04 05:05:16	[{"keyword":"@welovehonda","from":"2018-01-02","mode":"submitSocial","container":"all","username":"arwin"}]
2018-01-04 05:05:18	[{"keyword":"@suzukimotorid","from":"2018-01-02","mode":"submitSocial","container":"all","username":"arwin"}]
2018-01-04 05:05:20	[{"keyword":"@kawasakilovers","from":"2018-01-02","mode":"submitSocial","container":"all","username":"arwin"}]
2018-01-04 05:05:22	[{"keyword":"@yamahaindonesia","from":"2018-01-02","mode":"submitSocial","container":"all","username":"arwin"}]
2018-01-04 05:05:25	[{"keyword":"@tripanzee","from":"2018-01-02","mode":"submitSocial","container":"all","username":"arwin"}]
2018-01-04 05:05:27	[{"keyword":"@arnoldpoernomo","from":"2018-01-02","mode":"submitSocial","container":"all","username":"arwin"}]
2018-01-04 05:05:30	[{"keyword":"@nicsap","from":"2018-01-02","mode":"submitSocial","container":"all","username":"arwin"}]
2018-01-04 05:05:32	[{"keyword":"@tiket2","from":"2018-01-02","mode":"submitSocial","container":"all","username":"arwin"}]
2018-01-04 05:05:35	[{"keyword":"@traveloka","from":"2018-01-02","mode":"submitSocial","container":"all","username":"arwin"}]
2018-01-04 05:05:38	[{"keyword":"@wego","from":"2018-01-02","mode":"submitSocial","container":"all","username":"arwin"}]
2018-01-04 05:05:41	[{"keyword":"@agoda","from":"2018-01-02","mode":"submitSocial","container":"all","username":"arwin"}]
2018-01-04 05:05:44	[{"keyword":"#salahsambung","from":"2018-01-02","mode":"submitSocial","container":"all","username":"arwin"}]
2018-01-04 05:05:46	[{"keyword":"#tulalit","from":"2018-01-02","mode":"submitSocial","container":"all","username":"arwin"}]
2018-01-04 05:05:48	[{"keyword":"#pestageneraksi8","from":"2018-01-02","mode":"submitSocial","container":"all","username":"arwin"}]
2018-01-04 05:05:50	[{"keyword":"#ganaskustik","from":"2018-01-02","mode":"submitSocial","container":"all","username":"arwin"}]
2018-01-04 05:05:52	[{"keyword":"#lnhot20","from":"2018-01-02","mode":"submitSocial","container":"all","username":"arwin"}]
2018-01-04 05:05:55	[{"keyword":"@tripadvisor","from":"2018-01-02","mode":"submitSocial","container":"all","username":"arwin"}]
2018-01-04 05:06:02	[{"keyword":"@google","from":"2018-01-02","mode":"submitSocial","container":"all","username":"arwin"}]
2018-01-04 05:06:06	[{"keyword":"@telkomsel","from":"2018-01-02","mode":"submitSocial","container":"all","username":"arwin"}]
2018-01-04 05:06:08	[{"keyword":"@indosat","from":"2018-01-02","mode":"submitSocial","container":"all","username":"arwin"}]
2018-01-04 05:06:12	[{"keyword":"@bahanafmjkt","from":"2018-01-02","mode":"submitSocial","container":"all","username":""}]
2018-01-04 05:06:16	[{"keyword":"@sonorafm92","from":"2018-01-02","mode":"submitSocial","container":"all","username":"arwin"}]
2018-01-04 05:06:18	[{"keyword":"@litefm1058","from":"2018-01-02","mode":"submitSocial","container":"all","username":"arwin"}]
2018-01-04 05:06:20	[{"keyword":"@bravaradio","from":"2018-01-02","mode":"submitSocial","container":"all","username":"arwin"}]
2018-01-04 05:06:23	[{"keyword":"#dgitm","from":"2018-01-02","mode":"submitSocial","container":"all","username":"arwin"}]
2018-01-04 05:06:25	[{"keyword":"#hitsalaprambors","from":"2018-01-02","mode":"submitSocial","container":"all","username":"arwin"}]
2018-01-04 05:06:27	[{"keyword":"#reqprambors","from":"2018-01-02","mode":"submitSocial","container":"all","username":"arwin"}]
2018-01-04 05:06:29	[{"keyword":"#thedandees","from":"2018-01-02","mode":"submitSocial","container":"all","username":"arwin"}]
2018-01-04 05:06:31	[{"keyword":"#pramborsquiz","from":"2018-01-02","mode":"submitSocial","container":"all","username":"arwin"}]
2018-01-04 05:06:34	[{"keyword":"#jeliprambors","from":"2018-01-02","mode":"submitSocial","container":"all","username":"arwin"}]
2018-01-04 05:06:36	[{"keyword":"#jodohinprambors","from":"2018-01-02","mode":"submitSocial","container":"all","username":"arwin"}]
2018-01-04 05:06:38	[{"keyword":"#ubahdenganbicara","from":"2018-01-02","mode":"submitSocial","container":"all","username":"arwin"}]
2018-01-04 05:06:40	[{"keyword":"#pramborschat","from":"2018-01-02","mode":"submitSocial","container":"all","username":"arwin"}]
2018-01-04 05:06:42	[{"keyword":"#tweetforduit","from":"2018-01-02","mode":"submitSocial","container":"all","username":"arwin"}]
2018-01-04 05:06:44	[{"keyword":"#joki3in1","from":"2018-01-02","mode":"submitSocial","container":"all","username":"arwin"}]
2018-01-04 05:06:46	[{"keyword":"#sarapanseru","from":"2018-01-02","mode":"submitSocial","container":"all","username":"arwin"}]
2018-01-04 05:06:49	[{"keyword":"#rawonkaneloop","from":"2018-01-02","mode":"submitSocial","container":"all","username":"arwin"}]
2018-01-04 05:06:51	[{"keyword":"#gudegkendilkeraton","from":"2018-01-02","mode":"submitSocial","container":"all","username":"arwin"}]
2018-01-04 05:06:53	[{"keyword":"#gadogadobutika","from":"2018-01-02","mode":"submitSocial","container":"all","username":"arwin"}]
2018-01-04 05:06:55	[{"keyword":"#mtvhottest","from":"2018-01-02","mode":"submitSocial","container":"all","username":"arwin"}]
2018-01-04 05:06:57	[{"keyword":"#dimsumcjdw","from":"2018-01-02","mode":"submitSocial","container":"all","username":"arwin"}]
2018-01-04 05:06:59	[{"keyword":"#pecelmadiunmbakniek","from":"2018-01-02","mode":"submitSocial","container":"all","username":"arwin"}]
2018-01-04 05:07:02	[{"keyword":"#depotarema","from":"2018-01-02","mode":"submitSocial","container":"all","username":"arwin"}]
2018-01-04 05:07:04	[{"keyword":"@bni46","from":"2018-01-02","mode":"submitSocial","container":"all","username":"arwin"}]
2018-01-04 05:07:07	[{"keyword":"@bankbri_id","from":"2018-01-02","mode":"submitSocial","container":"all","username":"arwin"}]
2018-01-04 05:07:09	[{"keyword":"#bni46","from":"2018-01-02","mode":"submitSocial","container":"all","username":"arwin"}]
2018-01-04 05:07:14	[{"keyword":"macet","from":"2018-01-02","mode":"submitSocial","container":"all","username":"arwin"}]
2018-01-04 05:07:16	[{"keyword":"#selamatpagi","from":"2018-01-02","mode":"submitSocial","container":"all","username":"arwin"}]
2018-01-04 05:07:19	[{"keyword":"#selamatmalam","from":"2018-01-02","mode":"submitSocial","container":"all","username":"arwin"}]
2018-01-04 05:07:21	[{"keyword":"@884globalradio","from":"2018-01-02","mode":"submitSocial","container":"all","username":"arwin"}]
2018-01-04 05:07:23	[{"keyword":"@day_trans","from":"2018-01-02","mode":"submitSocial","container":"all","username":"arwin"}]
2018-01-04 05:07:25	[{"keyword":"@kencanavoyage","from":"2018-01-02","mode":"submitSocial","container":"all","username":"arwin"}]
2018-01-04 05:07:28	[{"keyword":"@jukebox5d","from":"2018-01-02","mode":"submitSocial","container":"all","username":"arwin"}]
2018-01-04 05:07:30	[{"keyword":"#mtvhottest","from":"2018-01-02","mode":"submitSocial","container":"all","username":"arwin"}]
2018-01-04 05:07:32	[{"keyword":"#semangatpagi","from":"2018-01-02","mode":"submitSocial","container":"all","username":"arwin"}]
2018-01-04 05:07:35	[{"keyword":"lifebuoy","from":"2018-01-02","mode":"submitSocial","container":"all","username":"arwin"}]
2018-01-04 05:07:42	[{"keyword":"jokowi","from":"2018-01-02","mode":"submitSocial","container":"all","username":"arwin"}]
2018-01-04 05:07:51	[{"keyword":"obama","from":"2018-01-02","mode":"submitSocial","container":"all","username":"arwin"}]
2018-01-04 05:07:54	[{"keyword":"starwars","from":"2018-01-02","mode":"submitSocial","container":"all","username":"arwin"}]
2018-01-04 05:07:58	[{"keyword":"jonan","from":"2018-01-02","mode":"submitSocial","container":"all","username":"arwin"}]
2018-01-04 05:08:06	[{"keyword":"pagi","from":"2018-01-02","mode":"submitSocial","container":"all","username":"arwin"}]
2018-01-04 05:08:09	[{"keyword":"sampoerna","from":"2018-01-02","mode":"submitSocial","container":"all","username":"arwin"}]
2018-01-04 05:08:12	[{"keyword":"djarum","from":"2018-01-02","mode":"submitSocial","container":"all","username":"arwin"}]
2018-01-04 05:08:14	[{"keyword":"#semangatpagi","from":"2018-01-02","mode":"submitSocial","container":"all","username":"arwin"}]
2018-01-04 05:08:16	[{"keyword":"#generaksi8","from":"2018-01-02","mode":"submitSocial","container":"all","username":"arwin"}]
2018-01-04 05:08:18	[{"keyword":"#365alasan","from":"2018-01-02","mode":"submitSocial","container":"all","username":"arwin"}]
2018-01-04 05:08:21	[{"keyword":"weew","from":"2018-01-02","mode":"submitSocial","container":"all","username":"arwin"}]
2018-01-04 05:08:29	[{"keyword":"testing","from":"2018-01-02","mode":"submitSocial","container":"all","username":"arwin"}]
2018-01-04 05:08:32	[{"keyword":"#kopaja","from":"2018-01-02","mode":"submitSocial","container":"all","username":"arwin"}]
2018-01-04 05:08:34	[{"keyword":"#genkuisinsideout","from":"2018-01-02","mode":"submitSocial","container":"all","username":"arwin"}]
2018-01-04 05:08:37	[{"keyword":"starwars","from":"2018-01-02","mode":"submitSocial","container":"all","username":"arwin"}]
2018-01-04 05:08:39	[{"keyword":"#kopaja","from":"2018-01-02","mode":"submitSocial","container":"all","username":"arwin"}]
2018-01-04 05:08:42	[{"keyword":"mldspot","from":"2018-01-02","mode":"submitSocial","container":"all","username":"arwin"}]
2018-01-04 05:08:45	[{"keyword":"pbdjarum","from":"2018-01-02","mode":"submitSocial","container":"all","username":"arwin"}]
2018-01-04 05:08:47	[{"keyword":"temannabati","from":"2018-01-02","mode":"submitSocial","container":"all","username":"arwin"}]
2018-01-04 05:08:50	[{"keyword":"nextar","from":"2018-01-02","mode":"submitSocial","container":"all","username":"arwin"}]
2018-01-04 05:08:53	[{"keyword":"jokowo","from":"2018-01-02","mode":"submitSocial","container":"all","username":"arwin"}]
2018-01-04 05:08:57	[{"keyword":"prabowo","from":"2018-01-02","mode":"submitSocial","container":"all","username":"arwin"}]
2018-01-04 05:08:59	[{"keyword":"sudirman said","from":"2018-01-02","mode":"submitSocial","container":"all","username":"arwin"}]
2018-01-04 05:09:06	[{"keyword":"ahok","from":"2018-01-02","mode":"submitSocial","container":"all","username":"arwin"}]
2018-01-04 05:09:09	[{"keyword":"setyanovanto","from":"2018-01-02","mode":"submitSocial","container":"all","username":"arwin"}]
2018-01-04 05:09:15	[{"keyword":"jokowi","from":"2018-01-02","mode":"submitSocial","container":"all","username":"arwin"}]
2018-01-04 05:09:22	[{"keyword":"ahok","from":"2018-01-02","mode":"submitSocial","container":"all","username":"arwin"}]
2018-01-04 05:09:26	[{"keyword":"prabowo","from":"2018-01-02","mode":"submitSocial","container":"all","username":"arwin"}]
2018-01-04 05:09:28	[{"keyword":"sudirman said","from":"2018-01-02","mode":"submitSocial","container":"all","username":"arwin"}]
2018-01-04 05:09:31	[{"keyword":"setyanovanto","from":"2018-01-02","mode":"submitSocial","container":"all","username":"arwin"}]
2018-01-04 05:09:35	[{"keyword":"galau","from":"2018-01-02","mode":"submitSocial","container":"all","username":"arwin"}]
2018-01-04 05:09:37	[{"keyword":"#prestasiindonesia","from":"2018-01-02","mode":"submitSocial","container":"all","username":"arwin"}]
2018-01-04 05:09:40	[{"keyword":"@tw_debi","from":"2018-01-02","mode":"submitSocial","container":"all","username":"arwin"}]
2018-01-04 05:09:42	[{"keyword":"@officialfastron","from":"2018-01-02","mode":"submitSocial","container":"all","username":"arwin"}]
2018-01-04 05:09:45	[{"keyword":"@citibankid","from":"2018-01-02","mode":"submitSocial","container":"all","username":"arwin"}]
2018-01-04 05:09:47	[{"keyword":"@jak101fm","from":"2018-01-02","mode":"submitSocial","container":"all","username":"arwin"}]
2018-01-04 05:09:50	[{"keyword":"@genfm","from":"2018-01-02","mode":"submitSocial","container":"all","username":"arwin"}]
