2017-08-11 05:00:03	worker	@987genfm;2017-08-09 - 2017-08-09;submitSocial;all;arwin
2017-08-11 05:00:07	worker	@101jakfm;2017-08-09 - 2017-08-09;submitSocial;all;arwin
2017-08-11 05:00:10	worker	@prambors;2017-08-09 - 2017-08-09;submitSocial;all;arwin
2017-08-11 05:00:13	worker	@hardrockfm;2017-08-09 - 2017-08-09;submitSocial;all;arwin
2017-08-11 05:00:16	worker	@kisfmjakarta;2017-08-09 - 2017-08-09;submitSocial;all;arwin
2017-08-11 05:00:19	worker	@delta_fm;2017-08-09 - 2017-08-09;submitSocial;all;arwin
2017-08-11 05:00:22	worker	@traxfmjkt;2017-08-09 - 2017-08-09;submitSocial;all;arwin
2017-08-11 05:00:24	worker	@iradiojakarta;2017-08-09 - 2017-08-09;submitSocial;all;arwin
2017-08-11 05:00:27	worker	@indika9160fm;2017-08-09 - 2017-08-09;submitSocial;all;arwin
2017-08-11 05:00:29	worker	@shellindonesia;2017-08-09 - 2017-08-09;submitSocial;all;arwin
2017-08-11 05:00:31	worker	@vpowerfans;2017-08-09 - 2017-08-09;submitSocial;all;arwin
2017-08-11 05:00:34	worker	@pertamaxind;2017-08-09 - 2017-08-09;submitSocial;all;arwin
2017-08-11 05:00:36	worker	@ptpertamina;2017-08-09 - 2017-08-09;submitSocial;all;arwin
2017-08-11 05:00:38	worker	@OZRadioJakarta;2017-08-09 - 2017-08-09;submitSocial;all;arwin
2017-08-11 05:00:41	worker	@CosmopolitanFM;2017-08-09 - 2017-08-09;submitSocial;all;arwin
2017-08-11 05:00:44	worker	@mustang88fm;2017-08-09 - 2017-08-09;submitSocial;all;arwin
2017-08-11 05:00:46	worker	@debabaz;2017-08-09 - 2017-08-09;submitSocial;all;arwin
2017-08-11 05:00:48	worker	@detikcom;2017-08-09 - 2017-08-09;submitSocial;all;arwin
2017-08-11 05:00:52	worker	@radioelshinta;2017-08-09 - 2017-08-09;submitSocial;all;arwin
2017-08-11 05:00:55	worker	@cinema21;2017-08-09 - 2017-08-09;submitSocial;all;arwin
2017-08-11 05:00:57	worker	@OfficialRCTI;2017-08-09 - 2017-08-09;submitSocial;all;arwin
2017-08-11 05:01:00	worker	@TRANSTV_CORP;2017-08-09 - 2017-08-09;submitSocial;all;arwin
2017-08-11 05:01:03	worker	@TRANS7;2017-08-09 - 2017-08-09;submitSocial;all;arwin
2017-08-11 05:01:05	worker	@Metro_TV;2017-08-09 - 2017-08-09;submitSocial;all;arwin
2017-08-11 05:01:09	worker	@tvOneNews;2017-08-09 - 2017-08-09;submitSocial;all;arwin
2017-08-11 05:01:12	worker	@whatsonANTV;2017-08-09 - 2017-08-09;submitSocial;all;arwin
2017-08-11 05:01:15	worker	@SCTV_;2017-08-09 - 2017-08-09;submitSocial;all;arwin
2017-08-11 05:01:18	worker	@KompasTV;2017-08-09 - 2017-08-09;submitSocial;all;arwin
2017-08-11 05:01:21	worker	@netmediatama;2017-08-09 - 2017-08-09;submitSocial;all;arwin
2017-08-11 05:01:24	worker	@Globaltvseru;2017-08-09 - 2017-08-09;submitSocial;all;arwin
2017-08-11 05:01:26	worker	@JaktvCom;2017-08-09 - 2017-08-09;submitSocial;all;arwin
2017-08-11 05:01:29	worker	@TVRINasional;2017-08-09 - 2017-08-09;submitSocial;all;arwin
2017-08-11 05:01:31	worker	@ochannelupdates;2017-08-09 - 2017-08-09;submitSocial;all;arwin
2017-08-11 05:01:33	worker	@IndosiarID;2017-08-09 - 2017-08-09;submitSocial;all;arwin
2017-08-11 05:01:36	worker	@kompascom;2017-08-09 - 2017-08-09;submitSocial;all;arwin
2017-08-11 05:01:40	worker	@merdekadotcom;2017-08-09 - 2017-08-09;submitSocial;all;arwin
2017-08-11 05:01:42	worker	@MIdotcom;2017-08-09 - 2017-08-09;submitSocial;all;arwin
2017-08-11 05:01:45	worker	@tempodotco;2017-08-09 - 2017-08-09;submitSocial;all;arwin
2017-08-11 05:01:47	worker	@motion975fm;2017-08-09 - 2017-08-09;submitSocial;all;arwin
2017-08-11 05:01:50	worker	@_radiotoday;2017-08-09 - 2017-08-09;submitSocial;all;arwin
2017-08-11 05:01:52	worker	@radioinfo;2017-08-09 - 2017-08-09;submitSocial;all;arwin
2017-08-11 05:01:54	worker	@979FeMaleRadio;2017-08-09 - 2017-08-09;submitSocial;all;arwin
2017-08-11 05:01:57	worker	@WomanRadio943FM;2017-08-09 - 2017-08-09;submitSocial;all;arwin
2017-08-11 05:01:59	worker	@VRadioFM;2017-08-09 - 2017-08-09;submitSocial;all;arwin
2017-08-11 05:02:01	worker	@UFM947;2017-08-09 - 2017-08-09;submitSocial;all;arwin
2017-08-11 05:02:03	worker	@VIVAnews;2017-08-09 - 2017-08-09;submitSocial;all;arwin
2017-08-11 05:02:06	worker	@antaranews;2017-08-09 - 2017-08-09;submitSocial;all;arwin
2017-08-11 05:02:09	worker	@tribunnews;2017-08-09 - 2017-08-09;submitSocial;all;arwin
2017-08-11 05:02:12	worker	@okezonenews;2017-08-09 - 2017-08-09;submitSocial;all;arwin
2017-08-11 05:02:14	worker	@Beritasatu;2017-08-09 - 2017-08-09;submitSocial;all;arwin
2017-08-11 05:02:17	worker	@rollingstoneina;2017-08-09 - 2017-08-09;submitSocial;all;arwin
2017-08-11 05:02:19	worker	@FIMELAdotcom;2017-08-09 - 2017-08-09;submitSocial;all;arwin
2017-08-11 05:02:22	worker	@KapanLagicom;2017-08-09 - 2017-08-09;submitSocial;all;arwin
2017-08-11 05:02:25	worker	@KompasEnt ;2017-08-09 - 2017-08-09;submitSocial;all;arwin
2017-08-11 05:02:27	worker	@HaiMagazine;2017-08-09 - 2017-08-09;submitSocial;all;arwin
2017-08-11 05:02:29	worker	@JakartaVenue;2017-08-09 - 2017-08-09;submitSocial;all;arwin
2017-08-11 05:02:32	worker	@SeputarEvent;2017-08-09 - 2017-08-09;submitSocial;all;arwin
2017-08-11 05:02:34	worker	@ismayaLive;2017-08-09 - 2017-08-09;submitSocial;all;arwin
2017-08-11 05:02:37	worker	@ECEntertainment;2017-08-09 - 2017-08-09;submitSocial;all;arwin
2017-08-11 05:02:39	worker	@synergism_En;2017-08-09 - 2017-08-09;submitSocial;all;arwin
2017-08-11 05:02:41	worker	@Urbanbandung;2017-08-09 - 2017-08-09;submitSocial;all;arwin
2017-08-11 05:02:43	worker	@Urbanrkm995;2017-08-09 - 2017-08-09;submitSocial;all;arwin
2017-08-11 05:02:46	worker	@Garuda_Promo;2017-08-09 - 2017-08-09;submitSocial;all;arwin
2017-08-11 05:02:48	worker	@AirAsiaID;2017-08-09 - 2017-08-09;submitSocial;all;arwin
2017-08-11 05:02:50	worker	@KAI121;2017-08-09 - 2017-08-09;submitSocial;all;arwin
2017-08-11 05:02:53	worker	@Unilever;2017-08-09 - 2017-08-09;submitSocial;all;arwin
2017-08-11 05:02:55	worker	@Nestle;2017-08-09 - 2017-08-09;submitSocial;all;arwin
2017-08-11 05:02:58	worker	@CocaCola;2017-08-09 - 2017-08-09;submitSocial;all;arwin
2017-08-11 05:03:02	worker	@CNN;2017-08-09 - 2017-08-09;submitSocial;all;arwin
2017-08-11 05:03:09	worker	@MTV;2017-08-09 - 2017-08-09;submitSocial;all;arwin
2017-08-11 05:03:16	worker	@channelv;2017-08-09 - 2017-08-09;submitSocial;all;arwin
2017-08-11 05:03:18	worker	@iTunesMusic;2017-08-09 - 2017-08-09;submitSocial;all;arwin
2017-08-11 05:03:21	worker	@mashable;2017-08-09 - 2017-08-09;submitSocial;all;arwin
2017-08-11 05:03:24	worker	@decacaz;2017-08-09 - 2017-08-09;submitSocial;all;arwin
2017-08-11 05:03:26	worker	@radiobaru967FM;2017-08-09 - 2017-08-09;submitSocial;all;arwin
2017-08-11 05:03:29	worker	@967HitzFM;2017-08-09 - 2017-08-09;submitSocial;all;arwin
2017-08-11 05:03:31	worker	@TVGuide;2017-08-09 - 2017-08-09;submitSocial;all;arwin
2017-08-11 05:03:34	worker	@XL123;2017-08-09 - 2017-08-09;submitSocial;all;arwin
2017-08-11 05:03:36	worker	@triindonesia;2017-08-09 - 2017-08-09;submitSocial;all;arwin
2017-08-11 05:03:38	worker	@kaskus;2017-08-09 - 2017-08-09;submitSocial;all;arwin
2017-08-11 05:03:41	worker	@Studio_XXI;2017-08-09 - 2017-08-09;submitSocial;all;arwin
2017-08-11 05:03:44	worker	@blitzmegaplex;2017-08-09 - 2017-08-09;submitSocial;all;arwin
2017-08-11 05:03:45	worker	@alfamartku;2017-08-09 - 2017-08-09;submitSocial;all;arwin
2017-08-11 05:03:48	worker	@Carrefour_ID;2017-08-09 - 2017-08-09;submitSocial;all;arwin
2017-08-11 05:03:50	worker	@BBCBreaking;2017-08-09 - 2017-08-09;submitSocial;all;arwin
2017-08-11 05:03:54	worker	@Forbes;2017-08-09 - 2017-08-09;submitSocial;all;arwin
2017-08-11 05:04:03	worker	@BensRadio;2017-08-09 - 2017-08-09;submitSocial;all;arwin
2017-08-11 05:04:05	worker	@instagram;2017-08-09 - 2017-08-09;submitSocial;all;arwin
2017-08-11 05:04:12	worker	@Pinterest;2017-08-09 - 2017-08-09;submitSocial;all;arwin
2017-08-11 05:04:15	worker	@google;2017-08-09 - 2017-08-09;submitSocial;all;arwin
2017-08-11 05:04:25	worker	@Pertaminalub;2017-08-09 - 2017-08-09;submitSocial;all;arwin
2017-08-11 05:04:27	worker	@InfoLalinTol;2017-08-09 - 2017-08-09;submitSocial;all;arwin
2017-08-11 05:04:29	worker	@PTJASAMARGA;2017-08-09 - 2017-08-09;submitSocial;all;arwin
2017-08-11 05:04:32	worker	@cititransindo;2017-08-09 - 2017-08-09;submitSocial;all;arwin
2017-08-11 05:04:34	worker	#semangatpagisuperr;2017-08-09 - 2017-08-09;submitSocial;all;arwin
2017-08-11 05:04:36	worker	#genkuisinsideout;2017-08-09 - 2017-08-09;submitSocial;all;arwin
2017-08-11 05:04:38	worker	#semangatpagi;2017-08-09 - 2017-08-09;submitSocial;all;arwin
2017-08-11 05:04:41	worker	#dikamar;2017-08-09 - 2017-08-09;submitSocial;all;arwin
2017-08-11 05:04:43	worker	#kopaja;2017-08-09 - 2017-08-09;submitSocial;all;arwin
2017-08-11 05:04:46	worker	#generaksi8;2017-08-09 - 2017-08-09;submitSocial;all;arwin
2017-08-11 05:04:48	worker	#hitztsp;2017-08-09 - 2017-08-09;submitSocial;all;arwin
2017-08-11 05:04:50	worker	#np;2017-08-09 - 2017-08-09;submitSocial;all;arwin
2017-08-11 05:04:53	worker	#hitzlivestage;2017-08-09 - 2017-08-09;submitSocial;all;arwin
2017-08-11 05:04:55	worker	#thefreaks;2017-08-09 - 2017-08-09;submitSocial;all;arwin
2017-08-11 05:04:58	worker	#hitzsirkuspagi;2017-08-09 - 2017-08-09;submitSocial;all;arwin
2017-08-11 05:05:00	worker	#hitzathlon;2017-08-09 - 2017-08-09;submitSocial;all;arwin
2017-08-11 05:05:03	worker	#hitzzombie;2017-08-09 - 2017-08-09;submitSocial;all;arwin
2017-08-11 05:05:05	worker	#hitzkalong;2017-08-09 - 2017-08-09;submitSocial;all;arwin
2017-08-11 05:05:08	worker	#hitzbebas;2017-08-09 - 2017-08-09;submitSocial;all;arwin
2017-08-11 05:05:10	worker	#hitzhorehara;2017-08-09 - 2017-08-09;submitSocial;all;arwin
2017-08-11 05:05:13	worker	@ZaloraID;2017-08-09 - 2017-08-09;submitSocial;all;arwin
2017-08-11 05:05:15	worker	@OLX_Indonesia;2017-08-09 - 2017-08-09;submitSocial;all;arwin
2017-08-11 05:05:17	worker	@LazadaID;2017-08-09 - 2017-08-09;submitSocial;all;arwin
2017-08-11 05:05:20	worker	@utrippers;2017-08-09 - 2017-08-09;submitSocial;all;arwin
2017-08-11 05:05:22	worker	@GoGobot;2017-08-09 - 2017-08-09;submitSocial;all;arwin
2017-08-11 05:05:25	worker	@viatortravel;2017-08-09 - 2017-08-09;submitSocial;all;arwin
2017-08-11 05:05:27	worker	@alandakariza;2017-08-09 - 2017-08-09;submitSocial;all;arwin
2017-08-11 05:05:30	worker	@gagasmedia;2017-08-09 - 2017-08-09;submitSocial;all;arwin
2017-08-11 05:05:32	worker	@welovehonda;2017-08-09 - 2017-08-09;submitSocial;all;arwin
2017-08-11 05:05:34	worker	@SuzukiMotorID;2017-08-09 - 2017-08-09;submitSocial;all;arwin
2017-08-11 05:05:37	worker	@kawasakilovers;2017-08-09 - 2017-08-09;submitSocial;all;arwin
2017-08-11 05:05:39	worker	@yamahaindonesia;2017-08-09 - 2017-08-09;submitSocial;all;arwin
2017-08-11 05:05:41	worker	@tripanzee;2017-08-09 - 2017-08-09;submitSocial;all;arwin
2017-08-11 05:05:44	worker	@arnoldpoernomo;2017-08-09 - 2017-08-09;submitSocial;all;arwin
2017-08-11 05:05:46	worker	@nicsap;2017-08-09 - 2017-08-09;submitSocial;all;arwin
2017-08-11 05:05:48	worker	@tiket2;2017-08-09 - 2017-08-09;submitSocial;all;arwin
2017-08-11 05:05:50	worker	@traveloka;2017-08-09 - 2017-08-09;submitSocial;all;arwin
2017-08-11 05:05:53	worker	@wego;2017-08-09 - 2017-08-09;submitSocial;all;arwin
2017-08-11 05:05:56	worker	@agoda;2017-08-09 - 2017-08-09;submitSocial;all;arwin
2017-08-11 05:05:59	worker	#salahsambung;2017-08-09 - 2017-08-09;submitSocial;all;arwin
2017-08-11 05:06:01	worker	#tulalit;2017-08-09 - 2017-08-09;submitSocial;all;arwin
2017-08-11 05:06:04	worker	#pestageneraksi8;2017-08-09 - 2017-08-09;submitSocial;all;arwin
2017-08-11 05:06:05	worker	#ganaskustik;2017-08-09 - 2017-08-09;submitSocial;all;arwin
2017-08-11 05:06:08	worker	#lnhot20;2017-08-09 - 2017-08-09;submitSocial;all;arwin
2017-08-11 05:06:10	worker	@TripAdvisor;2017-08-09 - 2017-08-09;submitSocial;all;arwin
2017-08-11 05:06:13	worker	@google;2017-08-09 - 2017-08-09;submitSocial;all;arwin
2017-08-11 05:06:22	worker	@Telkomsel;2017-08-09 - 2017-08-09;submitSocial;all;arwin
2017-08-11 05:06:25	worker	@indosat;2017-08-09 - 2017-08-09;submitSocial;all;arwin
2017-08-11 05:06:28	worker	@bahanafmjkt;2017-08-09 - 2017-08-09;submitSocial;all;2017-08-11 05:06:33	worker	@sonorafm92;2017-08-09 - 2017-08-09;submitSocial;all;arwin
2017-08-11 05:06:36	worker	@litefm1058;2017-08-09 - 2017-08-09;submitSocial;all;arwin
2017-08-11 05:06:38	worker	@Bravaradio;2017-08-09 - 2017-08-09;submitSocial;all;arwin
2017-08-11 05:06:40	worker	#dgitm;2017-08-09 - 2017-08-09;submitSocial;all;arwin
2017-08-11 05:06:43	worker	#hitsalaprambors;2017-08-09 - 2017-08-09;submitSocial;all;arwin
2017-08-11 05:06:45	worker	#reqprambors;2017-08-09 - 2017-08-09;submitSocial;all;arwin
2017-08-11 05:06:47	worker	#thedandees;2017-08-09 - 2017-08-09;submitSocial;all;arwin
2017-08-11 05:06:50	worker	#pramborsquiz;2017-08-09 - 2017-08-09;submitSocial;all;arwin
2017-08-11 05:06:52	worker	#jeliprambors;2017-08-09 - 2017-08-09;submitSocial;all;arwin
2017-08-11 05:06:54	worker	#jodohinprambors;2017-08-09 - 2017-08-09;submitSocial;all;arwin
2017-08-11 05:06:56	worker	#ubahdenganbicara;2017-08-09 - 2017-08-09;submitSocial;all;arwin
2017-08-11 05:06:58	worker	#pramborschat;2017-08-09 - 2017-08-09;submitSocial;all;arwin
2017-08-11 05:07:00	worker	#tweetforduit;2017-08-09 - 2017-08-09;submitSocial;all;arwin
2017-08-11 05:07:03	worker	#joki3in1;2017-08-09 - 2017-08-09;submitSocial;all;arwin
2017-08-11 05:07:05	worker	#sarapanseru;2017-08-09 - 2017-08-09;submitSocial;all;arwin
2017-08-11 05:07:07	worker	#rawonkaneloop;2017-08-09 - 2017-08-09;submitSocial;all;arwin
2017-08-11 05:07:09	worker	#gudegkendilkeraton;2017-08-09 - 2017-08-09;submitSocial;all;arwin
2017-08-11 05:07:11	worker	#gadogadobutika;2017-08-09 - 2017-08-09;submitSocial;all;arwin
2017-08-11 05:07:13	worker	#mtvhottest;2017-08-09 - 2017-08-09;submitSocial;all;arwin
2017-08-11 05:07:16	worker	#dimsumcjdw;2017-08-09 - 2017-08-09;submitSocial;all;arwin
2017-08-11 05:07:18	worker	#pecelmadiunmbakniek;2017-08-09 - 2017-08-09;submitSocial;all;arwin
2017-08-11 05:07:20	worker	#depotarema;2017-08-09 - 2017-08-09;submitSocial;all;arwin
2017-08-11 05:07:22	worker	@BNI46;2017-08-09 - 2017-08-09;submitSocial;all;arwin
2017-08-11 05:07:25	worker	@BANKBRI_ID;2017-08-09 - 2017-08-09;submitSocial;all;arwin
2017-08-11 05:07:27	worker	#bni46;2017-08-09 - 2017-08-09;submitSocial;all;arwin
2017-08-11 05:07:30	worker	macet;2017-08-09 - 2017-08-09;submitSocial;all;arwin
2017-08-11 05:07:34	worker	#selamatpagi;2017-08-09 - 2017-08-09;submitSocial;all;arwin
2017-08-11 05:07:36	worker	#selamatmalam;2017-08-09 - 2017-08-09;submitSocial;all;arwin
2017-08-11 05:07:38	worker	@884GlobalRadio;2017-08-09 - 2017-08-09;submitSocial;all;arwin
2017-08-11 05:07:40	worker	@day_trans;2017-08-09 - 2017-08-09;submitSocial;all;arwin
2017-08-11 05:07:43	worker	@kencanavoyage;2017-08-09 - 2017-08-09;submitSocial;all;arwin
2017-08-11 05:07:45	worker	@jukebox5d;2017-08-09 - 2017-08-09;submitSocial;all;arwin
2017-08-11 05:07:47	worker	#mtvhottest;2017-08-09 - 2017-08-09;submitSocial;all;arwin
2017-08-11 05:07:50	worker	#semangatpagi;2017-08-09 - 2017-08-09;submitSocial;all;arwin
2017-08-11 05:07:52	worker	lifebuoy;2017-08-09 - 2017-08-09;submitSocial;all;arwin
2017-08-11 05:07:54	worker	jokowi;2017-08-09 - 2017-08-09;submitSocial;all;arwin
2017-08-11 05:08:01	worker	obama;2017-08-09 - 2017-08-09;submitSocial;all;arwin
2017-08-11 05:08:10	worker	starwars;2017-08-09 - 2017-08-09;submitSocial;all;arwin
2017-08-11 05:08:14	worker	jonan;2017-08-09 - 2017-08-09;submitSocial;all;arwin
2017-08-11 05:08:17	worker	pagi;2017-08-09 - 2017-08-09;submitSocial;all;arwin
2017-08-11 05:08:26	worker	sampoerna;2017-08-09 - 2017-08-09;submitSocial;all;arwin
2017-08-11 05:08:29	worker	djarum;2017-08-09 - 2017-08-09;submitSocial;all;arwin
2017-08-11 05:08:31	worker	#semangatpagi;2017-08-09 - 2017-08-09;submitSocial;all;arwin
2017-08-11 05:08:34	worker	#generaksi8;2017-08-09 - 2017-08-09;submitSocial;all;arwin
2017-08-11 05:08:36	worker	#365alasan;2017-08-09 - 2017-08-09;submitSocial;all;arwin
2017-08-11 05:08:38	worker	weew;2017-08-09 - 2017-08-09;submitSocial;all;arwin
2017-08-11 05:08:41	worker	testing;2017-08-09 - 2017-08-09;submitSocial;all;arwin
2017-08-11 05:08:48	worker	#kopaja;2017-08-09 - 2017-08-09;submitSocial;all;arwin
2017-08-11 05:08:51	worker	#genkuisinsideout;2017-08-09 - 2017-08-09;submitSocial;all;arwin
2017-08-11 05:08:53	worker	starwars;2017-08-09 - 2017-08-09;submitSocial;all;arwin
2017-08-11 05:08:56	worker	#kopaja;2017-08-09 - 2017-08-09;submitSocial;all;arwin
2017-08-11 05:08:58	worker	mldspot;2017-08-09 - 2017-08-09;submitSocial;all;arwin
2017-08-11 05:09:01	worker	PBDjarum;2017-08-09 - 2017-08-09;submitSocial;all;arwin
2017-08-11 05:09:04	worker	TemanNabati;2017-08-09 - 2017-08-09;submitSocial;all;arwin
2017-08-11 05:09:06	worker	Nextar;2017-08-09 - 2017-08-09;submitSocial;all;arwin
2017-08-11 05:09:09	worker	jokowo;2017-08-09 - 2017-08-09;submitSocial;all;arwin
2017-08-11 05:09:12	worker	prabowo;2017-08-09 - 2017-08-09;submitSocial;all;arwin
2017-08-11 05:09:15	worker	sudirman said;2017-08-09 - 2017-08-09;submitSocial;all;arwin
2017-08-11 05:09:17	worker	ahok;2017-08-09 - 2017-08-09;submitSocial;all;arwin
2017-08-11 05:09:21	worker	setyanovanto;2017-08-09 - 2017-08-09;submitSocial;all;arwin
2017-08-11 05:09:24	worker	jokowi;2017-08-09 - 2017-08-09;submitSocial;all;arwin
2017-08-11 05:09:30	worker	ahok;2017-08-09 - 2017-08-09;submitSocial;all;arwin
2017-08-11 05:09:35	worker	prabowo;2017-08-09 - 2017-08-09;submitSocial;all;arwin
2017-08-11 05:09:38	worker	sudirman said;2017-08-09 - 2017-08-09;submitSocial;all;arwin
2017-08-11 05:09:40	worker	setyanovanto;2017-08-09 - 2017-08-09;submitSocial;all;arwin
2017-08-11 05:09:42	worker	galau;2017-08-09 - 2017-08-09;submitSocial;all;arwin
2017-08-11 05:09:46	worker	#prestasiindonesia;2017-08-09 - 2017-08-09;submitSocial;all;arwin
2017-08-11 05:09:48	worker	@Tw_Debi;2017-08-09 - 2017-08-09;submitSocial;all;arwin
2017-08-11 05:09:50	worker	@OfficialFastron;2017-08-09 - 2017-08-09;submitSocial;all;arwin
2017-08-11 05:09:53	worker	@CitibankID;2017-08-09 - 2017-08-09;submitSocial;all;arwin
2017-08-11 05:09:55	worker	@jak101fm;2017-08-09 - 2017-08-09;submitSocial;all;arwin
2017-08-11 05:09:57	worker	@genfm;2017-08-09 - 2017-08-09;submitSocial;all;arwin
