2017-08-19 05:00:03	worker	@987genfm;2017-08-17 - 2017-08-17;submitSocial;all;arwin
2017-08-19 05:00:07	worker	@101jakfm;2017-08-17 - 2017-08-17;submitSocial;all;arwin
2017-08-19 05:00:11	worker	@prambors;2017-08-17 - 2017-08-17;submitSocial;all;arwin
2017-08-19 05:00:14	worker	@hardrockfm;2017-08-17 - 2017-08-17;submitSocial;all;arwin
2017-08-19 05:00:17	worker	@kisfmjakarta;2017-08-17 - 2017-08-17;submitSocial;all;arwin
2017-08-19 05:00:20	worker	@delta_fm;2017-08-17 - 2017-08-17;submitSocial;all;arwin
2017-08-19 05:00:23	worker	@traxfmjkt;2017-08-17 - 2017-08-17;submitSocial;all;arwin
2017-08-19 05:00:26	worker	@iradiojakarta;2017-08-17 - 2017-08-17;submitSocial;all;arwin
2017-08-19 05:00:29	worker	@indika9160fm;2017-08-17 - 2017-08-17;submitSocial;all;arwin
2017-08-19 05:00:31	worker	@shellindonesia;2017-08-17 - 2017-08-17;submitSocial;all;arwin
2017-08-19 05:00:34	worker	@vpowerfans;2017-08-17 - 2017-08-17;submitSocial;all;arwin
2017-08-19 05:00:37	worker	@pertamaxind;2017-08-17 - 2017-08-17;submitSocial;all;arwin
2017-08-19 05:00:40	worker	@ptpertamina;2017-08-17 - 2017-08-17;submitSocial;all;arwin
2017-08-19 05:00:43	worker	@OZRadioJakarta;2017-08-17 - 2017-08-17;submitSocial;all;arwin
2017-08-19 05:00:46	worker	@CosmopolitanFM;2017-08-17 - 2017-08-17;submitSocial;all;arwin
2017-08-19 05:00:49	worker	@mustang88fm;2017-08-17 - 2017-08-17;submitSocial;all;arwin
2017-08-19 05:00:52	worker	@debabaz;2017-08-17 - 2017-08-17;submitSocial;all;arwin
2017-08-19 05:00:54	worker	@detikcom;2017-08-17 - 2017-08-17;submitSocial;all;arwin
2017-08-19 05:00:58	worker	@radioelshinta;2017-08-17 - 2017-08-17;submitSocial;all;arwin
2017-08-19 05:01:02	worker	@cinema21;2017-08-17 - 2017-08-17;submitSocial;all;arwin
2017-08-19 05:01:04	worker	@OfficialRCTI;2017-08-17 - 2017-08-17;submitSocial;all;arwin
2017-08-19 05:01:08	worker	@TRANSTV_CORP;2017-08-17 - 2017-08-17;submitSocial;all;arwin
2017-08-19 05:01:11	worker	@TRANS7;2017-08-17 - 2017-08-17;submitSocial;all;arwin
2017-08-19 05:01:13	worker	@Metro_TV;2017-08-17 - 2017-08-17;submitSocial;all;arwin
2017-08-19 05:01:17	worker	@tvOneNews;2017-08-17 - 2017-08-17;submitSocial;all;arwin
2017-08-19 05:01:21	worker	@whatsonANTV;2017-08-17 - 2017-08-17;submitSocial;all;arwin
2017-08-19 05:01:24	worker	@SCTV_;2017-08-17 - 2017-08-17;submitSocial;all;arwin
2017-08-19 05:01:27	worker	@KompasTV;2017-08-17 - 2017-08-17;submitSocial;all;arwin
2017-08-19 05:01:31	worker	@netmediatama;2017-08-17 - 2017-08-17;submitSocial;all;arwin
2017-08-19 05:01:34	worker	@Globaltvseru;2017-08-17 - 2017-08-17;submitSocial;all;arwin
2017-08-19 05:01:37	worker	@JaktvCom;2017-08-17 - 2017-08-17;submitSocial;all;arwin
2017-08-19 05:01:40	worker	@TVRINasional;2017-08-17 - 2017-08-17;submitSocial;all;arwin
2017-08-19 05:01:43	worker	@ochannelupdates;2017-08-17 - 2017-08-17;submitSocial;all;arwin
2017-08-19 05:01:46	worker	@IndosiarID;2017-08-17 - 2017-08-17;submitSocial;all;arwin
2017-08-19 05:01:49	worker	@kompascom;2017-08-17 - 2017-08-17;submitSocial;all;arwin
2017-08-19 05:01:55	worker	@merdekadotcom;2017-08-17 - 2017-08-17;submitSocial;all;arwin
2017-08-19 05:01:57	worker	@MIdotcom;2017-08-17 - 2017-08-17;submitSocial;all;arwin
2017-08-19 05:02:00	worker	@tempodotco;2017-08-17 - 2017-08-17;submitSocial;all;arwin
2017-08-19 05:02:04	worker	@motion975fm;2017-08-17 - 2017-08-17;submitSocial;all;arwin
2017-08-19 05:02:06	worker	@_radiotoday;2017-08-17 - 2017-08-17;submitSocial;all;arwin
2017-08-19 05:02:09	worker	@radioinfo;2017-08-17 - 2017-08-17;submitSocial;all;arwin
2017-08-19 05:02:12	worker	@979FeMaleRadio;2017-08-17 - 2017-08-17;submitSocial;all;arwin
2017-08-19 05:02:14	worker	@WomanRadio943FM;2017-08-17 - 2017-08-17;submitSocial;all;arwin
2017-08-19 05:02:17	worker	@VRadioFM;2017-08-17 - 2017-08-17;submitSocial;all;arwin
2017-08-19 05:02:20	worker	@UFM947;2017-08-17 - 2017-08-17;submitSocial;all;arwin
2017-08-19 05:02:22	worker	@VIVAnews;2017-08-17 - 2017-08-17;submitSocial;all;arwin
2017-08-19 05:02:25	worker	@antaranews;2017-08-17 - 2017-08-17;submitSocial;all;arwin
2017-08-19 05:02:28	worker	@tribunnews;2017-08-17 - 2017-08-17;submitSocial;all;arwin
2017-08-19 05:02:31	worker	@okezonenews;2017-08-17 - 2017-08-17;submitSocial;all;arwin
2017-08-19 05:02:34	worker	@Beritasatu;2017-08-17 - 2017-08-17;submitSocial;all;arwin
2017-08-19 05:02:38	worker	@rollingstoneina;2017-08-17 - 2017-08-17;submitSocial;all;arwin
2017-08-19 05:02:40	worker	@FIMELAdotcom;2017-08-17 - 2017-08-17;submitSocial;all;arwin
2017-08-19 05:02:43	worker	@KapanLagicom;2017-08-17 - 2017-08-17;submitSocial;all;arwin
2017-08-19 05:02:46	worker	@KompasEnt ;2017-08-17 - 2017-08-17;submitSocial;all;arwin
2017-08-19 05:02:49	worker	@HaiMagazine;2017-08-17 - 2017-08-17;submitSocial;all;arwin
2017-08-19 05:02:51	worker	@JakartaVenue;2017-08-17 - 2017-08-17;submitSocial;all;arwin
2017-08-19 05:02:54	worker	@SeputarEvent;2017-08-17 - 2017-08-17;submitSocial;all;arwin
2017-08-19 05:02:57	worker	@ismayaLive;2017-08-17 - 2017-08-17;submitSocial;all;arwin
2017-08-19 05:02:59	worker	@ECEntertainment;2017-08-17 - 2017-08-17;submitSocial;all;arwin
2017-08-19 05:03:02	worker	@synergism_En;2017-08-17 - 2017-08-17;submitSocial;all;arwin
2017-08-19 05:03:05	worker	@Urbanbandung;2017-08-17 - 2017-08-17;submitSocial;all;arwin
2017-08-19 05:03:07	worker	@Urbanrkm995;2017-08-17 - 2017-08-17;submitSocial;all;arwin
2017-08-19 05:03:09	worker	@Garuda_Promo;2017-08-17 - 2017-08-17;submitSocial;all;arwin
2017-08-19 05:03:12	worker	@AirAsiaID;2017-08-17 - 2017-08-17;submitSocial;all;arwin
2017-08-19 05:03:15	worker	@KAI121;2017-08-17 - 2017-08-17;submitSocial;all;arwin
2017-08-19 05:03:18	worker	@Unilever;2017-08-17 - 2017-08-17;submitSocial;all;arwin
2017-08-19 05:03:21	worker	@Nestle;2017-08-17 - 2017-08-17;submitSocial;all;arwin
2017-08-19 05:03:24	worker	@CocaCola;2017-08-17 - 2017-08-17;submitSocial;all;arwin
2017-08-19 05:03:28	worker	@CNN;2017-08-17 - 2017-08-17;submitSocial;all;arwin
2017-08-19 05:03:36	worker	@MTV;2017-08-17 - 2017-08-17;submitSocial;all;arwin
2017-08-19 05:03:41	worker	@channelv;2017-08-17 - 2017-08-17;submitSocial;all;arwin
2017-08-19 05:03:43	worker	@iTunesMusic;2017-08-17 - 2017-08-17;submitSocial;all;arwin
2017-08-19 05:03:46	worker	@mashable;2017-08-17 - 2017-08-17;submitSocial;all;arwin
2017-08-19 05:03:50	worker	@decacaz;2017-08-17 - 2017-08-17;submitSocial;all;arwin
2017-08-19 05:03:53	worker	@radiobaru967FM;2017-08-17 - 2017-08-17;submitSocial;all;arwin
2017-08-19 05:03:55	worker	@967HitzFM;2017-08-17 - 2017-08-17;submitSocial;all;arwin
2017-08-19 05:03:58	worker	@TVGuide;2017-08-17 - 2017-08-17;submitSocial;all;arwin
2017-08-19 05:04:01	worker	@XL123;2017-08-17 - 2017-08-17;submitSocial;all;arwin
2017-08-19 05:04:04	worker	@triindonesia;2017-08-17 - 2017-08-17;submitSocial;all;arwin
2017-08-19 05:04:07	worker	@kaskus;2017-08-17 - 2017-08-17;submitSocial;all;arwin
2017-08-19 05:04:11	worker	@Studio_XXI;2017-08-17 - 2017-08-17;submitSocial;all;arwin
2017-08-19 05:04:13	worker	@blitzmegaplex;2017-08-17 - 2017-08-17;submitSocial;all;arwin
2017-08-19 05:04:15	worker	@alfamartku;2017-08-17 - 2017-08-17;submitSocial;all;arwin
2017-08-19 05:04:19	worker	@Carrefour_ID;2017-08-17 - 2017-08-17;submitSocial;all;arwin
2017-08-19 05:04:21	worker	@BBCBreaking;2017-08-17 - 2017-08-17;submitSocial;all;arwin
2017-08-19 05:04:26	worker	@Forbes;2017-08-17 - 2017-08-17;submitSocial;all;arwin
2017-08-19 05:04:34	worker	@BensRadio;2017-08-17 - 2017-08-17;submitSocial;all;arwin
2017-08-19 05:04:37	worker	@instagram;2017-08-17 - 2017-08-17;submitSocial;all;arwin
2017-08-19 05:04:45	worker	@Pinterest;2017-08-17 - 2017-08-17;submitSocial;all;arwin
2017-08-19 05:04:48	worker	@google;2017-08-17 - 2017-08-17;submitSocial;all;arwin
2017-08-19 05:04:57	worker	@Pertaminalub;2017-08-17 - 2017-08-17;submitSocial;all;arwin
2017-08-19 05:04:59	worker	@InfoLalinTol;2017-08-17 - 2017-08-17;submitSocial;all;arwin
2017-08-19 05:05:02	worker	@PTJASAMARGA;2017-08-17 - 2017-08-17;submitSocial;all;arwin
2017-08-19 05:05:05	worker	@cititransindo;2017-08-17 - 2017-08-17;submitSocial;all;arwin
2017-08-19 05:05:08	worker	#semangatpagisuperr;2017-08-17 - 2017-08-17;submitSocial;all;arwin
2017-08-19 05:05:11	worker	#genkuisinsideout;2017-08-17 - 2017-08-17;submitSocial;all;arwin
2017-08-19 05:05:13	worker	#semangatpagi;2017-08-17 - 2017-08-17;submitSocial;all;arwin
2017-08-19 05:05:16	worker	#dikamar;2017-08-17 - 2017-08-17;submitSocial;all;arwin
2017-08-19 05:05:19	worker	#kopaja;2017-08-17 - 2017-08-17;submitSocial;all;arwin
2017-08-19 05:05:22	worker	#generaksi8;2017-08-17 - 2017-08-17;submitSocial;all;arwin
2017-08-19 05:05:25	worker	#hitztsp;2017-08-17 - 2017-08-17;submitSocial;all;arwin
2017-08-19 05:05:28	worker	#np;2017-08-17 - 2017-08-17;submitSocial;all;arwin
2017-08-19 05:05:32	worker	#hitzlivestage;2017-08-17 - 2017-08-17;submitSocial;all;arwin
2017-08-19 05:05:35	worker	#thefreaks;2017-08-17 - 2017-08-17;submitSocial;all;arwin
2017-08-19 05:05:38	worker	#hitzsirkuspagi;2017-08-17 - 2017-08-17;submitSocial;all;arwin
2017-08-19 05:05:40	worker	#hitzathlon;2017-08-17 - 2017-08-17;submitSocial;all;arwin
2017-08-19 05:05:43	worker	#hitzzombie;2017-08-17 - 2017-08-17;submitSocial;all;arwin
2017-08-19 05:05:46	worker	#hitzkalong;2017-08-17 - 2017-08-17;submitSocial;all;arwin
2017-08-19 05:05:48	worker	#hitzbebas;2017-08-17 - 2017-08-17;submitSocial;all;arwin
2017-08-19 05:05:51	worker	#hitzhorehara;2017-08-17 - 2017-08-17;submitSocial;all;arwin
2017-08-19 05:05:54	worker	@ZaloraID;2017-08-17 - 2017-08-17;submitSocial;all;arwin
2017-08-19 05:05:57	worker	@OLX_Indonesia;2017-08-17 - 2017-08-17;submitSocial;all;arwin
2017-08-19 05:05:59	worker	@LazadaID;2017-08-17 - 2017-08-17;submitSocial;all;arwin
2017-08-19 05:06:02	worker	@utrippers;2017-08-17 - 2017-08-17;submitSocial;all;arwin
2017-08-19 05:06:05	worker	@GoGobot;2017-08-17 - 2017-08-17;submitSocial;all;arwin
2017-08-19 05:06:08	worker	@viatortravel;2017-08-17 - 2017-08-17;submitSocial;all;arwin
2017-08-19 05:06:11	worker	@alandakariza;2017-08-17 - 2017-08-17;submitSocial;all;arwin
2017-08-19 05:06:14	worker	@gagasmedia;2017-08-17 - 2017-08-17;submitSocial;all;arwin
2017-08-19 05:06:17	worker	@welovehonda;2017-08-17 - 2017-08-17;submitSocial;all;arwin
2017-08-19 05:06:20	worker	@SuzukiMotorID;2017-08-17 - 2017-08-17;submitSocial;all;arwin
2017-08-19 05:06:22	worker	@kawasakilovers;2017-08-17 - 2017-08-17;submitSocial;all;arwin
2017-08-19 05:06:25	worker	@yamahaindonesia;2017-08-17 - 2017-08-17;submitSocial;all;arwin
2017-08-19 05:06:28	worker	@tripanzee;2017-08-17 - 2017-08-17;submitSocial;all;arwin
2017-08-19 05:06:31	worker	@arnoldpoernomo;2017-08-17 - 2017-08-17;submitSocial;all;arwin
2017-08-19 05:06:33	worker	@nicsap;2017-08-17 - 2017-08-17;submitSocial;all;arwin
2017-08-19 05:06:36	worker	@tiket2;2017-08-17 - 2017-08-17;submitSocial;all;arwin
2017-08-19 05:06:39	worker	@traveloka;2017-08-17 - 2017-08-17;submitSocial;all;arwin
2017-08-19 05:06:42	worker	@wego;2017-08-17 - 2017-08-17;submitSocial;all;arwin
2017-08-19 05:06:46	worker	@agoda;2017-08-17 - 2017-08-17;submitSocial;all;arwin
2017-08-19 05:06:50	worker	#salahsambung;2017-08-17 - 2017-08-17;submitSocial;all;arwin
2017-08-19 05:06:52	worker	#tulalit;2017-08-17 - 2017-08-17;submitSocial;all;arwin
2017-08-19 05:06:55	worker	#pestageneraksi8;2017-08-17 - 2017-08-17;submitSocial;all;arwin
2017-08-19 05:06:57	worker	#ganaskustik;2017-08-17 - 2017-08-17;submitSocial;all;arwin
2017-08-19 05:07:00	worker	#lnhot20;2017-08-17 - 2017-08-17;submitSocial;all;arwin
2017-08-19 05:07:02	worker	@TripAdvisor;2017-08-17 - 2017-08-17;submitSocial;all;arwin
2017-08-19 05:07:05	worker	@google;2017-08-17 - 2017-08-17;submitSocial;all;arwin
2017-08-19 05:07:13	worker	@Telkomsel;2017-08-17 - 2017-08-17;submitSocial;all;arwin
2017-08-19 05:07:17	worker	@indosat;2017-08-17 - 2017-08-17;submitSocial;all;arwin
2017-08-19 05:07:20	worker	@bahanafmjkt;2017-08-17 - 2017-08-17;submitSocial;all;2017-08-19 05:07:26	worker	@sonorafm92;2017-08-17 - 2017-08-17;submitSocial;all;arwin
2017-08-19 05:07:28	worker	@litefm1058;2017-08-17 - 2017-08-17;submitSocial;all;arwin
2017-08-19 05:07:31	worker	@Bravaradio;2017-08-17 - 2017-08-17;submitSocial;all;arwin
2017-08-19 05:07:33	worker	#dgitm;2017-08-17 - 2017-08-17;submitSocial;all;arwin
2017-08-19 05:07:37	worker	#hitsalaprambors;2017-08-17 - 2017-08-17;submitSocial;all;arwin
2017-08-19 05:07:39	worker	#reqprambors;2017-08-17 - 2017-08-17;submitSocial;all;arwin
2017-08-19 05:07:42	worker	#thedandees;2017-08-17 - 2017-08-17;submitSocial;all;arwin
2017-08-19 05:07:45	worker	#pramborsquiz;2017-08-17 - 2017-08-17;submitSocial;all;arwin
2017-08-19 05:07:47	worker	#jeliprambors;2017-08-17 - 2017-08-17;submitSocial;all;arwin
2017-08-19 05:07:49	worker	#jodohinprambors;2017-08-17 - 2017-08-17;submitSocial;all;arwin
2017-08-19 05:07:52	worker	#ubahdenganbicara;2017-08-17 - 2017-08-17;submitSocial;all;arwin
2017-08-19 05:07:54	worker	#pramborschat;2017-08-17 - 2017-08-17;submitSocial;all;arwin
2017-08-19 05:07:57	worker	#tweetforduit;2017-08-17 - 2017-08-17;submitSocial;all;arwin
2017-08-19 05:07:59	worker	#joki3in1;2017-08-17 - 2017-08-17;submitSocial;all;arwin
2017-08-19 05:08:02	worker	#sarapanseru;2017-08-17 - 2017-08-17;submitSocial;all;arwin
2017-08-19 05:08:05	worker	#rawonkaneloop;2017-08-17 - 2017-08-17;submitSocial;all;arwin
2017-08-19 05:08:07	worker	#gudegkendilkeraton;2017-08-17 - 2017-08-17;submitSocial;all;arwin
2017-08-19 05:08:10	worker	#gadogadobutika;2017-08-17 - 2017-08-17;submitSocial;all;arwin
2017-08-19 05:08:12	worker	#mtvhottest;2017-08-17 - 2017-08-17;submitSocial;all;arwin
2017-08-19 05:08:15	worker	#dimsumcjdw;2017-08-17 - 2017-08-17;submitSocial;all;arwin
2017-08-19 05:08:18	worker	#pecelmadiunmbakniek;2017-08-17 - 2017-08-17;submitSocial;all;arwin
2017-08-19 05:08:24	worker	#depotarema;2017-08-17 - 2017-08-17;submitSocial;all;arwin
2017-08-19 05:08:27	worker	@BNI46;2017-08-17 - 2017-08-17;submitSocial;all;arwin
2017-08-19 05:08:30	worker	@BANKBRI_ID;2017-08-17 - 2017-08-17;submitSocial;all;arwin
2017-08-19 05:08:33	worker	#bni46;2017-08-17 - 2017-08-17;submitSocial;all;arwin
2017-08-19 05:08:35	worker	macet;2017-08-17 - 2017-08-17;submitSocial;all;arwin
2017-08-19 05:08:40	worker	#selamatpagi;2017-08-17 - 2017-08-17;submitSocial;all;arwin
2017-08-19 05:08:43	worker	#selamatmalam;2017-08-17 - 2017-08-17;submitSocial;all;arwin
2017-08-19 05:08:46	worker	@884GlobalRadio;2017-08-17 - 2017-08-17;submitSocial;all;arwin
2017-08-19 05:08:48	worker	@day_trans;2017-08-17 - 2017-08-17;submitSocial;all;arwin
2017-08-19 05:08:51	worker	@kencanavoyage;2017-08-17 - 2017-08-17;submitSocial;all;arwin
2017-08-19 05:08:54	worker	@jukebox5d;2017-08-17 - 2017-08-17;submitSocial;all;arwin
2017-08-19 05:08:57	worker	#mtvhottest;2017-08-17 - 2017-08-17;submitSocial;all;arwin
2017-08-19 05:09:00	worker	#semangatpagi;2017-08-17 - 2017-08-17;submitSocial;all;arwin
2017-08-19 05:09:02	worker	lifebuoy;2017-08-17 - 2017-08-17;submitSocial;all;arwin
2017-08-19 05:09:05	worker	jokowi;2017-08-17 - 2017-08-17;submitSocial;all;arwin
2017-08-19 05:09:15	worker	obama;2017-08-17 - 2017-08-17;submitSocial;all;arwin
2017-08-19 05:09:25	worker	starwars;2017-08-17 - 2017-08-17;submitSocial;all;arwin
2017-08-19 05:09:32	worker	jonan;2017-08-17 - 2017-08-17;submitSocial;all;arwin
2017-08-19 05:09:43	worker	pagi;2017-08-17 - 2017-08-17;submitSocial;all;arwin
2017-08-19 05:09:57	worker	sampoerna;2017-08-17 - 2017-08-17;submitSocial;all;arwin
2017-08-19 05:10:00	worker	djarum;2017-08-17 - 2017-08-17;submitSocial;all;arwin
2017-08-19 05:10:04	worker	#semangatpagi;2017-08-17 - 2017-08-17;submitSocial;all;arwin
2017-08-19 05:10:07	worker	#generaksi8;2017-08-17 - 2017-08-17;submitSocial;all;arwin
2017-08-19 05:10:09	worker	#365alasan;2017-08-17 - 2017-08-17;submitSocial;all;arwin
2017-08-19 05:10:12	worker	weew;2017-08-17 - 2017-08-17;submitSocial;all;arwin
2017-08-19 05:10:16	worker	testing;2017-08-17 - 2017-08-17;submitSocial;all;arwin
2017-08-19 05:10:25	worker	#kopaja;2017-08-17 - 2017-08-17;submitSocial;all;arwin
2017-08-19 05:10:28	worker	#genkuisinsideout;2017-08-17 - 2017-08-17;submitSocial;all;arwin
2017-08-19 05:10:31	worker	starwars;2017-08-17 - 2017-08-17;submitSocial;all;arwin
2017-08-19 05:10:36	worker	#kopaja;2017-08-17 - 2017-08-17;submitSocial;all;arwin
2017-08-19 05:10:39	worker	mldspot;2017-08-17 - 2017-08-17;submitSocial;all;arwin
2017-08-19 05:10:42	worker	PBDjarum;2017-08-17 - 2017-08-17;submitSocial;all;arwin
2017-08-19 05:10:45	worker	TemanNabati;2017-08-17 - 2017-08-17;submitSocial;all;arwin
2017-08-19 05:10:48	worker	Nextar;2017-08-17 - 2017-08-17;submitSocial;all;arwin
2017-08-19 05:10:52	worker	jokowo;2017-08-17 - 2017-08-17;submitSocial;all;arwin
2017-08-19 05:10:55	worker	prabowo;2017-08-17 - 2017-08-17;submitSocial;all;arwin
2017-08-19 05:11:00	worker	sudirman said;2017-08-17 - 2017-08-17;submitSocial;all;arwin
2017-08-19 05:11:03	worker	ahok;2017-08-17 - 2017-08-17;submitSocial;all;arwin
2017-08-19 05:11:12	worker	setyanovanto;2017-08-17 - 2017-08-17;submitSocial;all;arwin
2017-08-19 05:11:15	worker	jokowi;2017-08-17 - 2017-08-17;submitSocial;all;arwin
2017-08-19 05:11:24	worker	ahok;2017-08-17 - 2017-08-17;submitSocial;all;arwin
2017-08-19 05:11:35	worker	prabowo;2017-08-17 - 2017-08-17;submitSocial;all;arwin
2017-08-19 05:11:39	worker	sudirman said;2017-08-17 - 2017-08-17;submitSocial;all;arwin
2017-08-19 05:11:42	worker	setyanovanto;2017-08-17 - 2017-08-17;submitSocial;all;arwin
2017-08-19 05:11:45	worker	galau;2017-08-17 - 2017-08-17;submitSocial;all;arwin
2017-08-19 05:11:50	worker	#prestasiindonesia;2017-08-17 - 2017-08-17;submitSocial;all;arwin
2017-08-19 05:11:53	worker	@Tw_Debi;2017-08-17 - 2017-08-17;submitSocial;all;arwin
2017-08-19 05:11:56	worker	@OfficialFastron;2017-08-17 - 2017-08-17;submitSocial;all;arwin
2017-08-19 05:11:58	worker	@CitibankID;2017-08-17 - 2017-08-17;submitSocial;all;arwin
2017-08-19 05:12:01	worker	@jak101fm;2017-08-17 - 2017-08-17;submitSocial;all;arwin
2017-08-19 05:12:04	worker	@genfm;2017-08-17 - 2017-08-17;submitSocial;all;arwin
