2017-07-21 05:00:05	[{"keyword":"@987genfm","from":"2017-07-19","mode":"submitSocial","container":"all","username":"arwin"}]
2017-07-21 05:00:08	[{"keyword":"@101jakfm","from":"2017-07-19","mode":"submitSocial","container":"all","username":"arwin"}]
2017-07-21 05:00:11	[{"keyword":"@prambors","from":"2017-07-19","mode":"submitSocial","container":"all","username":"arwin"}]
2017-07-21 05:00:13	[{"keyword":"@hardrockfm","from":"2017-07-19","mode":"submitSocial","container":"all","username":"arwin"}]
2017-07-21 05:00:15	[{"keyword":"@kisfmjakarta","from":"2017-07-19","mode":"submitSocial","container":"all","username":"arwin"}]
2017-07-21 05:00:18	[{"keyword":"@delta_fm","from":"2017-07-19","mode":"submitSocial","container":"all","username":"arwin"}]
2017-07-21 05:00:20	[{"keyword":"@traxfmjkt","from":"2017-07-19","mode":"submitSocial","container":"all","username":"arwin"}]
2017-07-21 05:00:23	[{"keyword":"@iradiojakarta","from":"2017-07-19","mode":"submitSocial","container":"all","username":"arwin"}]
2017-07-21 05:00:25	[{"keyword":"@indika9160fm","from":"2017-07-19","mode":"submitSocial","container":"all","username":"arwin"}]
2017-07-21 05:00:27	[{"keyword":"@shellindonesia","from":"2017-07-19","mode":"submitSocial","container":"all","username":"arwin"}]
2017-07-21 05:00:29	[{"keyword":"@vpowerfans","from":"2017-07-19","mode":"submitSocial","container":"all","username":"arwin"}]
2017-07-21 05:00:32	[{"keyword":"@pertamaxind","from":"2017-07-19","mode":"submitSocial","container":"all","username":"arwin"}]
2017-07-21 05:00:34	[{"keyword":"@ptpertamina","from":"2017-07-19","mode":"submitSocial","container":"all","username":"arwin"}]
2017-07-21 05:00:36	[{"keyword":"@ozradiojakarta","from":"2017-07-19","mode":"submitSocial","container":"all","username":"arwin"}]
2017-07-21 05:00:39	[{"keyword":"@cosmopolitanfm","from":"2017-07-19","mode":"submitSocial","container":"all","username":"arwin"}]
2017-07-21 05:00:41	[{"keyword":"@mustang88fm","from":"2017-07-19","mode":"submitSocial","container":"all","username":"arwin"}]
2017-07-21 05:00:43	[{"keyword":"@debabaz","from":"2017-07-19","mode":"submitSocial","container":"all","username":"arwin"}]
2017-07-21 05:00:47	[{"keyword":"@detikcom","from":"2017-07-19","mode":"submitSocial","container":"all","username":"arwin"}]
2017-07-21 05:00:50	[{"keyword":"@radioelshinta","from":"2017-07-19","mode":"submitSocial","container":"all","username":"arwin"}]
2017-07-21 05:00:52	[{"keyword":"@cinema21","from":"2017-07-19","mode":"submitSocial","container":"all","username":"arwin"}]
2017-07-21 05:00:55	[{"keyword":"@officialrcti","from":"2017-07-19","mode":"submitSocial","container":"all","username":"arwin"}]
2017-07-21 05:00:58	[{"keyword":"@transtv_corp","from":"2017-07-19","mode":"submitSocial","container":"all","username":"arwin"}]
2017-07-21 05:01:00	[{"keyword":"@trans7","from":"2017-07-19","mode":"submitSocial","container":"all","username":"arwin"}]
2017-07-21 05:01:04	[{"keyword":"@metro_tv","from":"2017-07-19","mode":"submitSocial","container":"all","username":"arwin"}]
2017-07-21 05:01:07	[{"keyword":"@tvonenews","from":"2017-07-19","mode":"submitSocial","container":"all","username":"arwin"}]
2017-07-21 05:01:10	[{"keyword":"@whatsonantv","from":"2017-07-19","mode":"submitSocial","container":"all","username":"arwin"}]
2017-07-21 05:01:13	[{"keyword":"@sctv_","from":"2017-07-19","mode":"submitSocial","container":"all","username":"arwin"}]
2017-07-21 05:01:16	[{"keyword":"@kompastv","from":"2017-07-19","mode":"submitSocial","container":"all","username":"arwin"}]
2017-07-21 05:01:19	[{"keyword":"@netmediatama","from":"2017-07-19","mode":"submitSocial","container":"all","username":"arwin"}]
2017-07-21 05:01:21	[{"keyword":"@globaltvseru","from":"2017-07-19","mode":"submitSocial","container":"all","username":"arwin"}]
2017-07-21 05:01:23	[{"keyword":"@jaktvcom","from":"2017-07-19","mode":"submitSocial","container":"all","username":"arwin"}]
2017-07-21 05:01:26	[{"keyword":"@tvrinasional","from":"2017-07-19","mode":"submitSocial","container":"all","username":"arwin"}]
2017-07-21 05:01:28	[{"keyword":"@ochannelupdates","from":"2017-07-19","mode":"submitSocial","container":"all","username":"arwin"}]
2017-07-21 05:01:31	[{"keyword":"@indosiarid","from":"2017-07-19","mode":"submitSocial","container":"all","username":"arwin"}]
2017-07-21 05:01:35	[{"keyword":"@kompascom","from":"2017-07-19","mode":"submitSocial","container":"all","username":"arwin"}]
2017-07-21 05:01:37	[{"keyword":"@merdekadotcom","from":"2017-07-19","mode":"submitSocial","container":"all","username":"arwin"}]
2017-07-21 05:01:39	[{"keyword":"@midotcom","from":"2017-07-19","mode":"submitSocial","container":"all","username":"arwin"}]
2017-07-21 05:01:42	[{"keyword":"@tempodotco","from":"2017-07-19","mode":"submitSocial","container":"all","username":"arwin"}]
2017-07-21 05:01:45	[{"keyword":"@motion975fm","from":"2017-07-19","mode":"submitSocial","container":"all","username":"arwin"}]
2017-07-21 05:01:47	[{"keyword":"@_radiotoday","from":"2017-07-19","mode":"submitSocial","container":"all","username":"arwin"}]
2017-07-21 05:01:49	[{"keyword":"@radioinfo","from":"2017-07-19","mode":"submitSocial","container":"all","username":"arwin"}]
2017-07-21 05:01:51	[{"keyword":"@979femaleradio","from":"2017-07-19","mode":"submitSocial","container":"all","username":"arwin"}]
2017-07-21 05:01:53	[{"keyword":"@womanradio943fm","from":"2017-07-19","mode":"submitSocial","container":"all","username":"arwin"}]
2017-07-21 05:01:56	[{"keyword":"@vradiofm","from":"2017-07-19","mode":"submitSocial","container":"all","username":"arwin"}]
2017-07-21 05:01:58	[{"keyword":"@ufm947","from":"2017-07-19","mode":"submitSocial","container":"all","username":"arwin"}]
2017-07-21 05:02:00	[{"keyword":"@vivanews","from":"2017-07-19","mode":"submitSocial","container":"all","username":"arwin"}]
2017-07-21 05:02:03	[{"keyword":"@antaranews","from":"2017-07-19","mode":"submitSocial","container":"all","username":"arwin"}]
2017-07-21 05:02:06	[{"keyword":"@tribunnews","from":"2017-07-19","mode":"submitSocial","container":"all","username":"arwin"}]
2017-07-21 05:02:08	[{"keyword":"@okezonenews","from":"2017-07-19","mode":"submitSocial","container":"all","username":"arwin"}]
2017-07-21 05:02:11	[{"keyword":"@beritasatu","from":"2017-07-19","mode":"submitSocial","container":"all","username":"arwin"}]
2017-07-21 05:02:13	[{"keyword":"@rollingstoneina","from":"2017-07-19","mode":"submitSocial","container":"all","username":"arwin"}]
2017-07-21 05:02:16	[{"keyword":"@fimeladotcom","from":"2017-07-19","mode":"submitSocial","container":"all","username":"arwin"}]
2017-07-21 05:02:18	[{"keyword":"@kapanlagicom","from":"2017-07-19","mode":"submitSocial","container":"all","username":"arwin"}]
2017-07-21 05:02:21	[{"keyword":"@kompasent","from":"2017-07-19","mode":"submitSocial","container":"all","username":"arwin"}]
2017-07-21 05:02:23	[{"keyword":"@haimagazine","from":"2017-07-19","mode":"submitSocial","container":"all","username":"arwin"}]
2017-07-21 05:02:25	[{"keyword":"@jakartavenue","from":"2017-07-19","mode":"submitSocial","container":"all","username":"arwin"}]
2017-07-21 05:02:28	[{"keyword":"@seputarevent","from":"2017-07-19","mode":"submitSocial","container":"all","username":"arwin"}]
2017-07-21 05:02:30	[{"keyword":"@ismayalive","from":"2017-07-19","mode":"submitSocial","container":"all","username":"arwin"}]
2017-07-21 05:02:32	[{"keyword":"@ecentertainment","from":"2017-07-19","mode":"submitSocial","container":"all","username":"arwin"}]
2017-07-21 05:02:35	[{"keyword":"@synergism_en","from":"2017-07-19","mode":"submitSocial","container":"all","username":"arwin"}]
2017-07-21 05:02:37	[{"keyword":"@urbanbandung","from":"2017-07-19","mode":"submitSocial","container":"all","username":"arwin"}]
2017-07-21 05:02:39	[{"keyword":"@urbanrkm995","from":"2017-07-19","mode":"submitSocial","container":"all","username":"arwin"}]
2017-07-21 05:02:41	[{"keyword":"@garuda_promo","from":"2017-07-19","mode":"submitSocial","container":"all","username":"arwin"}]
2017-07-21 05:02:43	[{"keyword":"@airasiaid","from":"2017-07-19","mode":"submitSocial","container":"all","username":"arwin"}]
2017-07-21 05:02:46	[{"keyword":"@kai121","from":"2017-07-19","mode":"submitSocial","container":"all","username":"arwin"}]
2017-07-21 05:02:48	[{"keyword":"@unilever","from":"2017-07-19","mode":"submitSocial","container":"all","username":"arwin"}]
2017-07-21 05:02:51	[{"keyword":"@nestle","from":"2017-07-19","mode":"submitSocial","container":"all","username":"arwin"}]
2017-07-21 05:02:55	[{"keyword":"@cocacola","from":"2017-07-19","mode":"submitSocial","container":"all","username":"arwin"}]
2017-07-21 05:03:03	[{"keyword":"@cnn","from":"2017-07-19","mode":"submitSocial","container":"all","username":"arwin"}]
2017-07-21 05:03:13	[{"keyword":"@mtv","from":"2017-07-19","mode":"submitSocial","container":"all","username":"arwin"}]
2017-07-21 05:03:15	[{"keyword":"@channelv","from":"2017-07-19","mode":"submitSocial","container":"all","username":"arwin"}]
2017-07-21 05:03:18	[{"keyword":"@itunesmusic","from":"2017-07-19","mode":"submitSocial","container":"all","username":"arwin"}]
2017-07-21 05:03:22	[{"keyword":"@mashable","from":"2017-07-19","mode":"submitSocial","container":"all","username":"arwin"}]
2017-07-21 05:03:24	[{"keyword":"@decacaz","from":"2017-07-19","mode":"submitSocial","container":"all","username":"arwin"}]
2017-07-21 05:03:26	[{"keyword":"@radiobaru967fm","from":"2017-07-19","mode":"submitSocial","container":"all","username":"arwin"}]
2017-07-21 05:03:28	[{"keyword":"@967hitzfm","from":"2017-07-19","mode":"submitSocial","container":"all","username":"arwin"}]
2017-07-21 05:03:31	[{"keyword":"@tvguide","from":"2017-07-19","mode":"submitSocial","container":"all","username":"arwin"}]
2017-07-21 05:03:34	[{"keyword":"@xl123","from":"2017-07-19","mode":"submitSocial","container":"all","username":"arwin"}]
2017-07-21 05:03:36	[{"keyword":"@triindonesia","from":"2017-07-19","mode":"submitSocial","container":"all","username":"arwin"}]
2017-07-21 05:03:39	[{"keyword":"@kaskus","from":"2017-07-19","mode":"submitSocial","container":"all","username":"arwin"}]
2017-07-21 05:03:41	[{"keyword":"@studio_xxi","from":"2017-07-19","mode":"submitSocial","container":"all","username":"arwin"}]
2017-07-21 05:03:43	[{"keyword":"@blitzmegaplex","from":"2017-07-19","mode":"submitSocial","container":"all","username":"arwin"}]
2017-07-21 05:03:45	[{"keyword":"@alfamartku","from":"2017-07-19","mode":"submitSocial","container":"all","username":"arwin"}]
2017-07-21 05:03:47	[{"keyword":"@carrefour_id","from":"2017-07-19","mode":"submitSocial","container":"all","username":"arwin"}]
2017-07-21 05:03:52	[{"keyword":"@bbcbreaking","from":"2017-07-19","mode":"submitSocial","container":"all","username":"arwin"}]
2017-07-21 05:03:59	[{"keyword":"@forbes","from":"2017-07-19","mode":"submitSocial","container":"all","username":"arwin"}]
2017-07-21 05:04:01	[{"keyword":"@bensradio","from":"2017-07-19","mode":"submitSocial","container":"all","username":"arwin"}]
2017-07-21 05:04:07	[{"keyword":"@instagram","from":"2017-07-19","mode":"submitSocial","container":"all","username":"arwin"}]
2017-07-21 05:04:10	[{"keyword":"@pinterest","from":"2017-07-19","mode":"submitSocial","container":"all","username":"arwin"}]
2017-07-21 05:04:17	[{"keyword":"@google","from":"2017-07-19","mode":"submitSocial","container":"all","username":"arwin"}]
2017-07-21 05:04:19	[{"keyword":"@pertaminalub","from":"2017-07-19","mode":"submitSocial","container":"all","username":"arwin"}]
2017-07-21 05:04:21	[{"keyword":"@infolalintol","from":"2017-07-19","mode":"submitSocial","container":"all","username":"arwin"}]
2017-07-21 05:04:24	[{"keyword":"@ptjasamarga","from":"2017-07-19","mode":"submitSocial","container":"all","username":"arwin"}]
2017-07-21 05:04:26	[{"keyword":"@cititransindo","from":"2017-07-19","mode":"submitSocial","container":"all","username":"arwin"}]
2017-07-21 05:04:28	[{"keyword":"#semangatpagisuperr","from":"2017-07-19","mode":"submitSocial","container":"all","username":"arwin"}]
2017-07-21 05:04:30	[{"keyword":"#genkuisinsideout","from":"2017-07-19","mode":"submitSocial","container":"all","username":"arwin"}]
2017-07-21 05:04:32	[{"keyword":"#semangatpagi","from":"2017-07-19","mode":"submitSocial","container":"all","username":"arwin"}]
2017-07-21 05:04:35	[{"keyword":"#dikamar","from":"2017-07-19","mode":"submitSocial","container":"all","username":"arwin"}]
2017-07-21 05:04:37	[{"keyword":"#kopaja","from":"2017-07-19","mode":"submitSocial","container":"all","username":"arwin"}]
2017-07-21 05:04:39	[{"keyword":"#generaksi8","from":"2017-07-19","mode":"submitSocial","container":"all","username":"arwin"}]
2017-07-21 05:04:41	[{"keyword":"#hitztsp","from":"2017-07-19","mode":"submitSocial","container":"all","username":"arwin"}]
2017-07-21 05:04:44	[{"keyword":"#np","from":"2017-07-19","mode":"submitSocial","container":"all","username":"arwin"}]
2017-07-21 05:04:47	[{"keyword":"#hitzlivestage","from":"2017-07-19","mode":"submitSocial","container":"all","username":"arwin"}]
2017-07-21 05:04:49	[{"keyword":"#thefreaks","from":"2017-07-19","mode":"submitSocial","container":"all","username":"arwin"}]
2017-07-21 05:04:51	[{"keyword":"#hitzsirkuspagi","from":"2017-07-19","mode":"submitSocial","container":"all","username":"arwin"}]
2017-07-21 05:04:53	[{"keyword":"#hitzathlon","from":"2017-07-19","mode":"submitSocial","container":"all","username":"arwin"}]
2017-07-21 05:04:55	[{"keyword":"#hitzzombie","from":"2017-07-19","mode":"submitSocial","container":"all","username":"arwin"}]
2017-07-21 05:04:58	[{"keyword":"#hitzkalong","from":"2017-07-19","mode":"submitSocial","container":"all","username":"arwin"}]
2017-07-21 05:05:00	[{"keyword":"#hitzbebas","from":"2017-07-19","mode":"submitSocial","container":"all","username":"arwin"}]
2017-07-21 05:05:03	[{"keyword":"#hitzhorehara","from":"2017-07-19","mode":"submitSocial","container":"all","username":"arwin"}]
2017-07-21 05:05:05	[{"keyword":"@zaloraid","from":"2017-07-19","mode":"submitSocial","container":"all","username":"arwin"}]
2017-07-21 05:05:08	[{"keyword":"@olx_indonesia","from":"2017-07-19","mode":"submitSocial","container":"all","username":"arwin"}]
2017-07-21 05:05:10	[{"keyword":"@lazadaid","from":"2017-07-19","mode":"submitSocial","container":"all","username":"arwin"}]
2017-07-21 05:05:13	[{"keyword":"@utrippers","from":"2017-07-19","mode":"submitSocial","container":"all","username":"arwin"}]
2017-07-21 05:05:16	[{"keyword":"@gogobot","from":"2017-07-19","mode":"submitSocial","container":"all","username":"arwin"}]
2017-07-21 05:05:18	[{"keyword":"@viatortravel","from":"2017-07-19","mode":"submitSocial","container":"all","username":"arwin"}]
2017-07-21 05:05:20	[{"keyword":"@alandakariza","from":"2017-07-19","mode":"submitSocial","container":"all","username":"arwin"}]
2017-07-21 05:05:23	[{"keyword":"@gagasmedia","from":"2017-07-19","mode":"submitSocial","container":"all","username":"arwin"}]
2017-07-21 05:05:25	[{"keyword":"@welovehonda","from":"2017-07-19","mode":"submitSocial","container":"all","username":"arwin"}]
2017-07-21 05:05:27	[{"keyword":"@suzukimotorid","from":"2017-07-19","mode":"submitSocial","container":"all","username":"arwin"}]
2017-07-21 05:05:30	[{"keyword":"@kawasakilovers","from":"2017-07-19","mode":"submitSocial","container":"all","username":"arwin"}]
2017-07-21 05:05:32	[{"keyword":"@yamahaindonesia","from":"2017-07-19","mode":"submitSocial","container":"all","username":"arwin"}]
2017-07-21 05:05:34	[{"keyword":"@tripanzee","from":"2017-07-19","mode":"submitSocial","container":"all","username":"arwin"}]
2017-07-21 05:05:36	[{"keyword":"@arnoldpoernomo","from":"2017-07-19","mode":"submitSocial","container":"all","username":"arwin"}]
2017-07-21 05:05:39	[{"keyword":"@nicsap","from":"2017-07-19","mode":"submitSocial","container":"all","username":"arwin"}]
2017-07-21 05:05:41	[{"keyword":"@tiket2","from":"2017-07-19","mode":"submitSocial","container":"all","username":"arwin"}]
2017-07-21 05:05:43	[{"keyword":"@traveloka","from":"2017-07-19","mode":"submitSocial","container":"all","username":"arwin"}]
2017-07-21 05:05:46	[{"keyword":"@wego","from":"2017-07-19","mode":"submitSocial","container":"all","username":"arwin"}]
2017-07-21 05:05:49	[{"keyword":"@agoda","from":"2017-07-19","mode":"submitSocial","container":"all","username":"arwin"}]
2017-07-21 05:05:52	[{"keyword":"#salahsambung","from":"2017-07-19","mode":"submitSocial","container":"all","username":"arwin"}]
2017-07-21 05:05:54	[{"keyword":"#tulalit","from":"2017-07-19","mode":"submitSocial","container":"all","username":"arwin"}]
2017-07-21 05:05:56	[{"keyword":"#pestageneraksi8","from":"2017-07-19","mode":"submitSocial","container":"all","username":"arwin"}]
2017-07-21 05:05:58	[{"keyword":"#ganaskustik","from":"2017-07-19","mode":"submitSocial","container":"all","username":"arwin"}]
2017-07-21 05:06:00	[{"keyword":"#lnhot20","from":"2017-07-19","mode":"submitSocial","container":"all","username":"arwin"}]
2017-07-21 05:06:02	[{"keyword":"@tripadvisor","from":"2017-07-19","mode":"submitSocial","container":"all","username":"arwin"}]
2017-07-21 05:06:09	[{"keyword":"@google","from":"2017-07-19","mode":"submitSocial","container":"all","username":"arwin"}]
2017-07-21 05:06:12	[{"keyword":"@telkomsel","from":"2017-07-19","mode":"submitSocial","container":"all","username":"arwin"}]
2017-07-21 05:06:15	[{"keyword":"@indosat","from":"2017-07-19","mode":"submitSocial","container":"all","username":"arwin"}]
2017-07-21 05:06:18	[{"keyword":"@bahanafmjkt","from":"2017-07-19","mode":"submitSocial","container":"all","username":""}]
2017-07-21 05:06:22	[{"keyword":"@sonorafm92","from":"2017-07-19","mode":"submitSocial","container":"all","username":"arwin"}]
2017-07-21 05:06:24	[{"keyword":"@litefm1058","from":"2017-07-19","mode":"submitSocial","container":"all","username":"arwin"}]
2017-07-21 05:06:26	[{"keyword":"@bravaradio","from":"2017-07-19","mode":"submitSocial","container":"all","username":"arwin"}]
2017-07-21 05:06:29	[{"keyword":"#dgitm","from":"2017-07-19","mode":"submitSocial","container":"all","username":"arwin"}]
2017-07-21 05:06:31	[{"keyword":"#hitsalaprambors","from":"2017-07-19","mode":"submitSocial","container":"all","username":"arwin"}]
2017-07-21 05:06:33	[{"keyword":"#reqprambors","from":"2017-07-19","mode":"submitSocial","container":"all","username":"arwin"}]
2017-07-21 05:06:35	[{"keyword":"#thedandees","from":"2017-07-19","mode":"submitSocial","container":"all","username":"arwin"}]
2017-07-21 05:06:37	[{"keyword":"#pramborsquiz","from":"2017-07-19","mode":"submitSocial","container":"all","username":"arwin"}]
2017-07-21 05:06:39	[{"keyword":"#jeliprambors","from":"2017-07-19","mode":"submitSocial","container":"all","username":"arwin"}]
2017-07-21 05:06:42	[{"keyword":"#jodohinprambors","from":"2017-07-19","mode":"submitSocial","container":"all","username":"arwin"}]
2017-07-21 05:06:44	[{"keyword":"#ubahdenganbicara","from":"2017-07-19","mode":"submitSocial","container":"all","username":"arwin"}]
2017-07-21 05:06:46	[{"keyword":"#pramborschat","from":"2017-07-19","mode":"submitSocial","container":"all","username":"arwin"}]
2017-07-21 05:06:48	[{"keyword":"#tweetforduit","from":"2017-07-19","mode":"submitSocial","container":"all","username":"arwin"}]
2017-07-21 05:06:50	[{"keyword":"#joki3in1","from":"2017-07-19","mode":"submitSocial","container":"all","username":"arwin"}]
2017-07-21 05:06:52	[{"keyword":"#sarapanseru","from":"2017-07-19","mode":"submitSocial","container":"all","username":"arwin"}]
2017-07-21 05:06:54	[{"keyword":"#rawonkaneloop","from":"2017-07-19","mode":"submitSocial","container":"all","username":"arwin"}]
2017-07-21 05:06:56	[{"keyword":"#gudegkendilkeraton","from":"2017-07-19","mode":"submitSocial","container":"all","username":"arwin"}]
2017-07-21 05:06:58	[{"keyword":"#gadogadobutika","from":"2017-07-19","mode":"submitSocial","container":"all","username":"arwin"}]
2017-07-21 05:07:01	[{"keyword":"#mtvhottest","from":"2017-07-19","mode":"submitSocial","container":"all","username":"arwin"}]
2017-07-21 05:07:03	[{"keyword":"#dimsumcjdw","from":"2017-07-19","mode":"submitSocial","container":"all","username":"arwin"}]
2017-07-21 05:07:05	[{"keyword":"#pecelmadiunmbakniek","from":"2017-07-19","mode":"submitSocial","container":"all","username":"arwin"}]
2017-07-21 05:07:07	[{"keyword":"#depotarema","from":"2017-07-19","mode":"submitSocial","container":"all","username":"arwin"}]
2017-07-21 05:07:10	[{"keyword":"@bni46","from":"2017-07-19","mode":"submitSocial","container":"all","username":"arwin"}]
2017-07-21 05:07:12	[{"keyword":"@bankbri_id","from":"2017-07-19","mode":"submitSocial","container":"all","username":"arwin"}]
2017-07-21 05:07:15	[{"keyword":"#bni46","from":"2017-07-19","mode":"submitSocial","container":"all","username":"arwin"}]
2017-07-21 05:07:19	[{"keyword":"macet","from":"2017-07-19","mode":"submitSocial","container":"all","username":"arwin"}]
2017-07-21 05:07:21	[{"keyword":"#selamatpagi","from":"2017-07-19","mode":"submitSocial","container":"all","username":"arwin"}]
2017-07-21 05:07:23	[{"keyword":"#selamatmalam","from":"2017-07-19","mode":"submitSocial","container":"all","username":"arwin"}]
2017-07-21 05:07:25	[{"keyword":"@884globalradio","from":"2017-07-19","mode":"submitSocial","container":"all","username":"arwin"}]
2017-07-21 05:07:28	[{"keyword":"@day_trans","from":"2017-07-19","mode":"submitSocial","container":"all","username":"arwin"}]
2017-07-21 05:07:30	[{"keyword":"@kencanavoyage","from":"2017-07-19","mode":"submitSocial","container":"all","username":"arwin"}]
2017-07-21 05:07:32	[{"keyword":"@jukebox5d","from":"2017-07-19","mode":"submitSocial","container":"all","username":"arwin"}]
2017-07-21 05:07:34	[{"keyword":"#mtvhottest","from":"2017-07-19","mode":"submitSocial","container":"all","username":"arwin"}]
2017-07-21 05:07:36	[{"keyword":"#semangatpagi","from":"2017-07-19","mode":"submitSocial","container":"all","username":"arwin"}]
2017-07-21 05:07:39	[{"keyword":"lifebuoy","from":"2017-07-19","mode":"submitSocial","container":"all","username":"arwin"}]
2017-07-21 05:07:46	[{"keyword":"jokowi","from":"2017-07-19","mode":"submitSocial","container":"all","username":"arwin"}]
2017-07-21 05:07:53	[{"keyword":"obama","from":"2017-07-19","mode":"submitSocial","container":"all","username":"arwin"}]
2017-07-21 05:07:56	[{"keyword":"starwars","from":"2017-07-19","mode":"submitSocial","container":"all","username":"arwin"}]
2017-07-21 05:07:59	[{"keyword":"jonan","from":"2017-07-19","mode":"submitSocial","container":"all","username":"arwin"}]
2017-07-21 05:08:08	[{"keyword":"pagi","from":"2017-07-19","mode":"submitSocial","container":"all","username":"arwin"}]
2017-07-21 05:08:10	[{"keyword":"sampoerna","from":"2017-07-19","mode":"submitSocial","container":"all","username":"arwin"}]
2017-07-21 05:08:13	[{"keyword":"djarum","from":"2017-07-19","mode":"submitSocial","container":"all","username":"arwin"}]
2017-07-21 05:08:16	[{"keyword":"#semangatpagi","from":"2017-07-19","mode":"submitSocial","container":"all","username":"arwin"}]
2017-07-21 05:08:17	[{"keyword":"#generaksi8","from":"2017-07-19","mode":"submitSocial","container":"all","username":"arwin"}]
2017-07-21 05:08:20	[{"keyword":"#365alasan","from":"2017-07-19","mode":"submitSocial","container":"all","username":"arwin"}]
2017-07-21 05:08:23	[{"keyword":"weew","from":"2017-07-19","mode":"submitSocial","container":"all","username":"arwin"}]
2017-07-21 05:08:31	[{"keyword":"testing","from":"2017-07-19","mode":"submitSocial","container":"all","username":"arwin"}]
2017-07-21 05:08:34	[{"keyword":"#kopaja","from":"2017-07-19","mode":"submitSocial","container":"all","username":"arwin"}]
2017-07-21 05:08:36	[{"keyword":"#genkuisinsideout","from":"2017-07-19","mode":"submitSocial","container":"all","username":"arwin"}]
2017-07-21 05:08:39	[{"keyword":"starwars","from":"2017-07-19","mode":"submitSocial","container":"all","username":"arwin"}]
2017-07-21 05:08:41	[{"keyword":"#kopaja","from":"2017-07-19","mode":"submitSocial","container":"all","username":"arwin"}]
2017-07-21 05:08:44	[{"keyword":"mldspot","from":"2017-07-19","mode":"submitSocial","container":"all","username":"arwin"}]
2017-07-21 05:08:46	[{"keyword":"pbdjarum","from":"2017-07-19","mode":"submitSocial","container":"all","username":"arwin"}]
2017-07-21 05:08:48	[{"keyword":"temannabati","from":"2017-07-19","mode":"submitSocial","container":"all","username":"arwin"}]
2017-07-21 05:08:51	[{"keyword":"nextar","from":"2017-07-19","mode":"submitSocial","container":"all","username":"arwin"}]
2017-07-21 05:08:54	[{"keyword":"jokowo","from":"2017-07-19","mode":"submitSocial","container":"all","username":"arwin"}]
2017-07-21 05:08:57	[{"keyword":"prabowo","from":"2017-07-19","mode":"submitSocial","container":"all","username":"arwin"}]
2017-07-21 05:09:00	[{"keyword":"sudirman said","from":"2017-07-19","mode":"submitSocial","container":"all","username":"arwin"}]
2017-07-21 05:09:07	[{"keyword":"ahok","from":"2017-07-19","mode":"submitSocial","container":"all","username":"arwin"}]
2017-07-21 05:09:10	[{"keyword":"setyanovanto","from":"2017-07-19","mode":"submitSocial","container":"all","username":"arwin"}]
2017-07-21 05:09:18	[{"keyword":"jokowi","from":"2017-07-19","mode":"submitSocial","container":"all","username":"arwin"}]
2017-07-21 05:09:25	[{"keyword":"ahok","from":"2017-07-19","mode":"submitSocial","container":"all","username":"arwin"}]
2017-07-21 05:09:28	[{"keyword":"prabowo","from":"2017-07-19","mode":"submitSocial","container":"all","username":"arwin"}]
2017-07-21 05:09:30	[{"keyword":"sudirman said","from":"2017-07-19","mode":"submitSocial","container":"all","username":"arwin"}]
2017-07-21 05:09:32	[{"keyword":"setyanovanto","from":"2017-07-19","mode":"submitSocial","container":"all","username":"arwin"}]
2017-07-21 05:09:36	[{"keyword":"galau","from":"2017-07-19","mode":"submitSocial","container":"all","username":"arwin"}]
2017-07-21 05:09:38	[{"keyword":"#prestasiindonesia","from":"2017-07-19","mode":"submitSocial","container":"all","username":"arwin"}]
2017-07-21 05:09:41	[{"keyword":"@tw_debi","from":"2017-07-19","mode":"submitSocial","container":"all","username":"arwin"}]
2017-07-21 05:09:43	[{"keyword":"@officialfastron","from":"2017-07-19","mode":"submitSocial","container":"all","username":"arwin"}]
2017-07-21 05:09:45	[{"keyword":"@citibankid","from":"2017-07-19","mode":"submitSocial","container":"all","username":"arwin"}]
2017-07-21 05:09:48	[{"keyword":"@jak101fm","from":"2017-07-19","mode":"submitSocial","container":"all","username":"arwin"}]
2017-07-21 05:09:50	[{"keyword":"@genfm","from":"2017-07-19","mode":"submitSocial","container":"all","username":"arwin"}]
