2017-12-28 05:00:01	worker	@987genfm;2017-12-26 - 2017-12-26;submitSocial;all;arwin
2017-12-28 05:00:08	worker	@101jakfm;2017-12-26 - 2017-12-26;submitSocial;all;arwin
2017-12-28 05:00:10	worker	@prambors;2017-12-26 - 2017-12-26;submitSocial;all;arwin
2017-12-28 05:00:13	worker	@hardrockfm;2017-12-26 - 2017-12-26;submitSocial;all;arwin
2017-12-28 05:00:15	worker	@kisfmjakarta;2017-12-26 - 2017-12-26;submitSocial;all;arwin
2017-12-28 05:00:18	worker	@delta_fm;2017-12-26 - 2017-12-26;submitSocial;all;arwin
2017-12-28 05:00:20	worker	@traxfmjkt;2017-12-26 - 2017-12-26;submitSocial;all;arwin
2017-12-28 05:00:23	worker	@iradiojakarta;2017-12-26 - 2017-12-26;submitSocial;all;arwin
2017-12-28 05:00:25	worker	@indika9160fm;2017-12-26 - 2017-12-26;submitSocial;all;arwin
2017-12-28 05:00:28	worker	@shellindonesia;2017-12-26 - 2017-12-26;submitSocial;all;arwin
2017-12-28 05:00:30	worker	@vpowerfans;2017-12-26 - 2017-12-26;submitSocial;all;arwin
2017-12-28 05:00:32	worker	@pertamaxind;2017-12-26 - 2017-12-26;submitSocial;all;arwin
2017-12-28 05:00:34	worker	@ptpertamina;2017-12-26 - 2017-12-26;submitSocial;all;arwin
2017-12-28 05:00:36	worker	@OZRadioJakarta;2017-12-26 - 2017-12-26;submitSocial;all;arwin
2017-12-28 05:00:38	worker	@CosmopolitanFM;2017-12-26 - 2017-12-26;submitSocial;all;arwin
2017-12-28 05:00:41	worker	@mustang88fm;2017-12-26 - 2017-12-26;submitSocial;all;arwin
2017-12-28 05:00:43	worker	@debabaz;2017-12-26 - 2017-12-26;submitSocial;all;arwin
2017-12-28 05:00:45	worker	@detikcom;2017-12-26 - 2017-12-26;submitSocial;all;arwin
2017-12-28 05:00:48	worker	@radioelshinta;2017-12-26 - 2017-12-26;submitSocial;all;arwin
2017-12-28 05:00:50	worker	@cinema21;2017-12-26 - 2017-12-26;submitSocial;all;arwin
2017-12-28 05:00:52	worker	@OfficialRCTI;2017-12-26 - 2017-12-26;submitSocial;all;arwin
2017-12-28 05:00:55	worker	@TRANSTV_CORP;2017-12-26 - 2017-12-26;submitSocial;all;arwin
2017-12-28 05:00:57	worker	@TRANS7;2017-12-26 - 2017-12-26;submitSocial;all;arwin
2017-12-28 05:00:59	worker	@Metro_TV;2017-12-26 - 2017-12-26;submitSocial;all;arwin
2017-12-28 05:01:02	worker	@tvOneNews;2017-12-26 - 2017-12-26;submitSocial;all;arwin
2017-12-28 05:01:04	worker	@whatsonANTV;2017-12-26 - 2017-12-26;submitSocial;all;arwin
2017-12-28 05:01:07	worker	@SCTV_;2017-12-26 - 2017-12-26;submitSocial;all;arwin
2017-12-28 05:01:10	worker	@KompasTV;2017-12-26 - 2017-12-26;submitSocial;all;arwin
2017-12-28 05:01:12	worker	@netmediatama;2017-12-26 - 2017-12-26;submitSocial;all;arwin
2017-12-28 05:01:15	worker	@Globaltvseru;2017-12-26 - 2017-12-26;submitSocial;all;arwin
2017-12-28 05:01:17	worker	@JaktvCom;2017-12-26 - 2017-12-26;submitSocial;all;arwin
2017-12-28 05:01:19	worker	@TVRINasional;2017-12-26 - 2017-12-26;submitSocial;all;arwin
2017-12-28 05:01:22	worker	@ochannelupdates;2017-12-26 - 2017-12-26;submitSocial;all;arwin
2017-12-28 05:01:24	worker	@IndosiarID;2017-12-26 - 2017-12-26;submitSocial;all;arwin
2017-12-28 05:01:27	worker	@kompascom;2017-12-26 - 2017-12-26;submitSocial;all;arwin
2017-12-28 05:01:31	worker	@merdekadotcom;2017-12-26 - 2017-12-26;submitSocial;all;arwin
2017-12-28 05:01:33	worker	@MIdotcom;2017-12-26 - 2017-12-26;submitSocial;all;arwin
2017-12-28 05:01:35	worker	@tempodotco;2017-12-26 - 2017-12-26;submitSocial;all;arwin
2017-12-28 05:01:38	worker	@motion975fm;2017-12-26 - 2017-12-26;submitSocial;all;arwin
2017-12-28 05:01:41	worker	@_radiotoday;2017-12-26 - 2017-12-26;submitSocial;all;arwin
2017-12-28 05:01:43	worker	@radioinfo;2017-12-26 - 2017-12-26;submitSocial;all;arwin
2017-12-28 05:01:45	worker	@979FeMaleRadio;2017-12-26 - 2017-12-26;submitSocial;all;arwin
2017-12-28 05:01:47	worker	@WomanRadio943FM;2017-12-26 - 2017-12-26;submitSocial;all;arwin
2017-12-28 05:01:49	worker	@VRadioFM;2017-12-26 - 2017-12-26;submitSocial;all;arwin
2017-12-28 05:01:51	worker	@UFM947;2017-12-26 - 2017-12-26;submitSocial;all;arwin
2017-12-28 05:01:53	worker	@VIVAnews;2017-12-26 - 2017-12-26;submitSocial;all;arwin
2017-12-28 05:01:55	worker	@antaranews;2017-12-26 - 2017-12-26;submitSocial;all;arwin
2017-12-28 05:01:58	worker	@tribunnews;2017-12-26 - 2017-12-26;submitSocial;all;arwin
2017-12-28 05:02:01	worker	@okezonenews;2017-12-26 - 2017-12-26;submitSocial;all;arwin
2017-12-28 05:02:03	worker	@Beritasatu;2017-12-26 - 2017-12-26;submitSocial;all;arwin
2017-12-28 05:02:05	worker	@rollingstoneina;2017-12-26 - 2017-12-26;submitSocial;all;arwin
2017-12-28 05:02:08	worker	@FIMELAdotcom;2017-12-26 - 2017-12-26;submitSocial;all;arwin
2017-12-28 05:02:10	worker	@KapanLagicom;2017-12-26 - 2017-12-26;submitSocial;all;arwin
2017-12-28 05:02:12	worker	@KompasEnt ;2017-12-26 - 2017-12-26;submitSocial;all;arwin
2017-12-28 05:02:14	worker	@HaiMagazine;2017-12-26 - 2017-12-26;submitSocial;all;arwin
2017-12-28 05:02:16	worker	@JakartaVenue;2017-12-26 - 2017-12-26;submitSocial;all;arwin
2017-12-28 05:02:18	worker	@SeputarEvent;2017-12-26 - 2017-12-26;submitSocial;all;arwin
2017-12-28 05:02:21	worker	@ismayaLive;2017-12-26 - 2017-12-26;submitSocial;all;arwin
2017-12-28 05:02:23	worker	@ECEntertainment;2017-12-26 - 2017-12-26;submitSocial;all;arwin
2017-12-28 05:02:25	worker	@synergism_En;2017-12-26 - 2017-12-26;submitSocial;all;arwin
2017-12-28 05:02:27	worker	@Urbanbandung;2017-12-26 - 2017-12-26;submitSocial;all;arwin
2017-12-28 05:02:29	worker	@Urbanrkm995;2017-12-26 - 2017-12-26;submitSocial;all;arwin
2017-12-28 05:02:31	worker	@Garuda_Promo;2017-12-26 - 2017-12-26;submitSocial;all;arwin
2017-12-28 05:02:33	worker	@AirAsiaID;2017-12-26 - 2017-12-26;submitSocial;all;arwin
2017-12-28 05:02:35	worker	@KAI121;2017-12-26 - 2017-12-26;submitSocial;all;arwin
2017-12-28 05:02:37	worker	@Unilever;2017-12-26 - 2017-12-26;submitSocial;all;arwin
2017-12-28 05:02:40	worker	@Nestle;2017-12-26 - 2017-12-26;submitSocial;all;arwin
2017-12-28 05:02:42	worker	@CocaCola;2017-12-26 - 2017-12-26;submitSocial;all;arwin
2017-12-28 05:02:45	worker	@CNN;2017-12-26 - 2017-12-26;submitSocial;all;arwin
2017-12-28 05:02:53	worker	@MTV;2017-12-26 - 2017-12-26;submitSocial;all;arwin
2017-12-28 05:02:56	worker	@channelv;2017-12-26 - 2017-12-26;submitSocial;all;arwin
2017-12-28 05:02:58	worker	@iTunesMusic;2017-12-26 - 2017-12-26;submitSocial;all;arwin
2017-12-28 05:03:00	worker	@mashable;2017-12-26 - 2017-12-26;submitSocial;all;arwin
2017-12-28 05:03:04	worker	@decacaz;2017-12-26 - 2017-12-26;submitSocial;all;arwin
2017-12-28 05:03:06	worker	@radiobaru967FM;2017-12-26 - 2017-12-26;submitSocial;all;arwin
2017-12-28 05:03:08	worker	@967HitzFM;2017-12-26 - 2017-12-26;submitSocial;all;arwin
2017-12-28 05:03:10	worker	@TVGuide;2017-12-26 - 2017-12-26;submitSocial;all;arwin
2017-12-28 05:03:12	worker	@XL123;2017-12-26 - 2017-12-26;submitSocial;all;arwin
2017-12-28 05:03:14	worker	@triindonesia;2017-12-26 - 2017-12-26;submitSocial;all;arwin
2017-12-28 05:03:17	worker	@kaskus;2017-12-26 - 2017-12-26;submitSocial;all;arwin
2017-12-28 05:03:19	worker	@Studio_XXI;2017-12-26 - 2017-12-26;submitSocial;all;arwin
2017-12-28 05:03:22	worker	@blitzmegaplex;2017-12-26 - 2017-12-26;submitSocial;all;arwin
2017-12-28 05:03:24	worker	@alfamartku;2017-12-26 - 2017-12-26;submitSocial;all;arwin
2017-12-28 05:03:26	worker	@Carrefour_ID;2017-12-26 - 2017-12-26;submitSocial;all;arwin
2017-12-28 05:03:28	worker	@BBCBreaking;2017-12-26 - 2017-12-26;submitSocial;all;arwin
2017-12-28 05:03:32	worker	@Forbes;2017-12-26 - 2017-12-26;submitSocial;all;arwin
2017-12-28 05:03:37	worker	@BensRadio;2017-12-26 - 2017-12-26;submitSocial;all;arwin
2017-12-28 05:03:39	worker	@instagram;2017-12-26 - 2017-12-26;submitSocial;all;arwin
2017-12-28 05:03:43	worker	@Pinterest;2017-12-26 - 2017-12-26;submitSocial;all;arwin
2017-12-28 05:03:46	worker	@google;2017-12-26 - 2017-12-26;submitSocial;all;arwin
2017-12-28 05:03:51	worker	@Pertaminalub;2017-12-26 - 2017-12-26;submitSocial;all;arwin
2017-12-28 05:03:53	worker	@InfoLalinTol;2017-12-26 - 2017-12-26;submitSocial;all;arwin
2017-12-28 05:03:55	worker	@PTJASAMARGA;2017-12-26 - 2017-12-26;submitSocial;all;arwin
2017-12-28 05:03:57	worker	@cititransindo;2017-12-26 - 2017-12-26;submitSocial;all;arwin
2017-12-28 05:03:59	worker	#semangatpagisuperr;2017-12-26 - 2017-12-26;submitSocial;all;arwin
2017-12-28 05:04:01	worker	#genkuisinsideout;2017-12-26 - 2017-12-26;submitSocial;all;arwin
2017-12-28 05:04:03	worker	#semangatpagi;2017-12-26 - 2017-12-26;submitSocial;all;arwin
2017-12-28 05:04:05	worker	#dikamar;2017-12-26 - 2017-12-26;submitSocial;all;arwin
2017-12-28 05:04:08	worker	#kopaja;2017-12-26 - 2017-12-26;submitSocial;all;arwin
2017-12-28 05:04:10	worker	#generaksi8;2017-12-26 - 2017-12-26;submitSocial;all;arwin
2017-12-28 05:04:12	worker	#hitztsp;2017-12-26 - 2017-12-26;submitSocial;all;arwin
2017-12-28 05:04:14	worker	#np;2017-12-26 - 2017-12-26;submitSocial;all;arwin
2017-12-28 05:04:17	worker	#hitzlivestage;2017-12-26 - 2017-12-26;submitSocial;all;arwin
2017-12-28 05:04:19	worker	#thefreaks;2017-12-26 - 2017-12-26;submitSocial;all;arwin
2017-12-28 05:04:21	worker	#hitzsirkuspagi;2017-12-26 - 2017-12-26;submitSocial;all;arwin
2017-12-28 05:04:23	worker	#hitzathlon;2017-12-26 - 2017-12-26;submitSocial;all;arwin
2017-12-28 05:04:25	worker	#hitzzombie;2017-12-26 - 2017-12-26;submitSocial;all;arwin
2017-12-28 05:04:27	worker	#hitzkalong;2017-12-26 - 2017-12-26;submitSocial;all;arwin
2017-12-28 05:04:29	worker	#hitzbebas;2017-12-26 - 2017-12-26;submitSocial;all;arwin
2017-12-28 05:04:32	worker	#hitzhorehara;2017-12-26 - 2017-12-26;submitSocial;all;arwin
2017-12-28 05:04:34	worker	@ZaloraID;2017-12-26 - 2017-12-26;submitSocial;all;arwin
2017-12-28 05:04:36	worker	@OLX_Indonesia;2017-12-26 - 2017-12-26;submitSocial;all;arwin
2017-12-28 05:04:38	worker	@LazadaID;2017-12-26 - 2017-12-26;submitSocial;all;arwin
2017-12-28 05:04:41	worker	@utrippers;2017-12-26 - 2017-12-26;submitSocial;all;arwin
2017-12-28 05:04:43	worker	@GoGobot;2017-12-26 - 2017-12-26;submitSocial;all;arwin
2017-12-28 05:04:45	worker	@viatortravel;2017-12-26 - 2017-12-26;submitSocial;all;arwin
2017-12-28 05:04:47	worker	@alandakariza;2017-12-26 - 2017-12-26;submitSocial;all;arwin
2017-12-28 05:04:49	worker	@gagasmedia;2017-12-26 - 2017-12-26;submitSocial;all;arwin
2017-12-28 05:04:51	worker	@welovehonda;2017-12-26 - 2017-12-26;submitSocial;all;arwin
2017-12-28 05:04:53	worker	@SuzukiMotorID;2017-12-26 - 2017-12-26;submitSocial;all;arwin
2017-12-28 05:04:56	worker	@kawasakilovers;2017-12-26 - 2017-12-26;submitSocial;all;arwin
2017-12-28 05:04:58	worker	@yamahaindonesia;2017-12-26 - 2017-12-26;submitSocial;all;arwin
2017-12-28 05:05:00	worker	@tripanzee;2017-12-26 - 2017-12-26;submitSocial;all;arwin
2017-12-28 05:05:02	worker	@arnoldpoernomo;2017-12-26 - 2017-12-26;submitSocial;all;arwin
2017-12-28 05:05:05	worker	@nicsap;2017-12-26 - 2017-12-26;submitSocial;all;arwin
2017-12-28 05:05:07	worker	@tiket2;2017-12-26 - 2017-12-26;submitSocial;all;arwin
2017-12-28 05:05:09	worker	@traveloka;2017-12-26 - 2017-12-26;submitSocial;all;arwin
2017-12-28 05:05:11	worker	@wego;2017-12-26 - 2017-12-26;submitSocial;all;arwin
2017-12-28 05:05:14	worker	@agoda;2017-12-26 - 2017-12-26;submitSocial;all;arwin
2017-12-28 05:05:17	worker	#salahsambung;2017-12-26 - 2017-12-26;submitSocial;all;arwin
2017-12-28 05:05:20	worker	#tulalit;2017-12-26 - 2017-12-26;submitSocial;all;arwin
2017-12-28 05:05:22	worker	#pestageneraksi8;2017-12-26 - 2017-12-26;submitSocial;all;arwin
2017-12-28 05:05:24	worker	#ganaskustik;2017-12-26 - 2017-12-26;submitSocial;all;arwin
2017-12-28 05:05:26	worker	#lnhot20;2017-12-26 - 2017-12-26;submitSocial;all;arwin
2017-12-28 05:05:28	worker	@TripAdvisor;2017-12-26 - 2017-12-26;submitSocial;all;arwin
2017-12-28 05:05:30	worker	@google;2017-12-26 - 2017-12-26;submitSocial;all;arwin
2017-12-28 05:05:35	worker	@Telkomsel;2017-12-26 - 2017-12-26;submitSocial;all;arwin
2017-12-28 05:05:38	worker	@indosat;2017-12-26 - 2017-12-26;submitSocial;all;arwin
2017-12-28 05:05:40	worker	@bahanafmjkt;2017-12-26 - 2017-12-26;submitSocial;all;2017-12-28 05:05:45	worker	@sonorafm92;2017-12-26 - 2017-12-26;submitSocial;all;arwin
2017-12-28 05:05:47	worker	@litefm1058;2017-12-26 - 2017-12-26;submitSocial;all;arwin
2017-12-28 05:05:49	worker	@Bravaradio;2017-12-26 - 2017-12-26;submitSocial;all;arwin
2017-12-28 05:05:51	worker	#dgitm;2017-12-26 - 2017-12-26;submitSocial;all;arwin
2017-12-28 05:05:54	worker	#hitsalaprambors;2017-12-26 - 2017-12-26;submitSocial;all;arwin
2017-12-28 05:05:56	worker	#reqprambors;2017-12-26 - 2017-12-26;submitSocial;all;arwin
2017-12-28 05:05:58	worker	#thedandees;2017-12-26 - 2017-12-26;submitSocial;all;arwin
2017-12-28 05:06:00	worker	#pramborsquiz;2017-12-26 - 2017-12-26;submitSocial;all;arwin
2017-12-28 05:06:02	worker	#jeliprambors;2017-12-26 - 2017-12-26;submitSocial;all;arwin
2017-12-28 05:06:04	worker	#jodohinprambors;2017-12-26 - 2017-12-26;submitSocial;all;arwin
2017-12-28 05:06:06	worker	#ubahdenganbicara;2017-12-26 - 2017-12-26;submitSocial;all;arwin
2017-12-28 05:06:08	worker	#pramborschat;2017-12-26 - 2017-12-26;submitSocial;all;arwin
2017-12-28 05:06:10	worker	#tweetforduit;2017-12-26 - 2017-12-26;submitSocial;all;arwin
2017-12-28 05:06:12	worker	#joki3in1;2017-12-26 - 2017-12-26;submitSocial;all;arwin
2017-12-28 05:06:14	worker	#sarapanseru;2017-12-26 - 2017-12-26;submitSocial;all;arwin
2017-12-28 05:06:16	worker	#rawonkaneloop;2017-12-26 - 2017-12-26;submitSocial;all;arwin
2017-12-28 05:06:18	worker	#gudegkendilkeraton;2017-12-26 - 2017-12-26;submitSocial;all;arwin
2017-12-28 05:06:20	worker	#gadogadobutika;2017-12-26 - 2017-12-26;submitSocial;all;arwin
2017-12-28 05:06:22	worker	#mtvhottest;2017-12-26 - 2017-12-26;submitSocial;all;arwin
2017-12-28 05:06:24	worker	#dimsumcjdw;2017-12-26 - 2017-12-26;submitSocial;all;arwin
2017-12-28 05:06:26	worker	#pecelmadiunmbakniek;2017-12-26 - 2017-12-26;submitSocial;all;arwin
2017-12-28 05:06:28	worker	#depotarema;2017-12-26 - 2017-12-26;submitSocial;all;arwin
2017-12-28 05:06:30	worker	@BNI46;2017-12-26 - 2017-12-26;submitSocial;all;arwin
2017-12-28 05:06:32	worker	@BANKBRI_ID;2017-12-26 - 2017-12-26;submitSocial;all;arwin
2017-12-28 05:06:34	worker	#bni46;2017-12-26 - 2017-12-26;submitSocial;all;arwin
2017-12-28 05:06:36	worker	macet;2017-12-26 - 2017-12-26;submitSocial;all;arwin
2017-12-28 05:06:41	worker	#selamatpagi;2017-12-26 - 2017-12-26;submitSocial;all;arwin
2017-12-28 05:06:43	worker	#selamatmalam;2017-12-26 - 2017-12-26;submitSocial;all;arwin
2017-12-28 05:06:45	worker	@884GlobalRadio;2017-12-26 - 2017-12-26;submitSocial;all;arwin
2017-12-28 05:06:47	worker	@day_trans;2017-12-26 - 2017-12-26;submitSocial;all;arwin
2017-12-28 05:06:49	worker	@kencanavoyage;2017-12-26 - 2017-12-26;submitSocial;all;arwin
2017-12-28 05:06:51	worker	@jukebox5d;2017-12-26 - 2017-12-26;submitSocial;all;arwin
2017-12-28 05:06:53	worker	#mtvhottest;2017-12-26 - 2017-12-26;submitSocial;all;arwin
2017-12-28 05:06:55	worker	#semangatpagi;2017-12-26 - 2017-12-26;submitSocial;all;arwin
2017-12-28 05:06:57	worker	lifebuoy;2017-12-26 - 2017-12-26;submitSocial;all;arwin
2017-12-28 05:07:00	worker	jokowi;2017-12-26 - 2017-12-26;submitSocial;all;arwin
2017-12-28 05:07:06	worker	obama;2017-12-26 - 2017-12-26;submitSocial;all;arwin
2017-12-28 05:07:16	worker	starwars;2017-12-26 - 2017-12-26;submitSocial;all;arwin
2017-12-28 05:07:19	worker	jonan;2017-12-26 - 2017-12-26;submitSocial;all;arwin
2017-12-28 05:07:22	worker	pagi;2017-12-26 - 2017-12-26;submitSocial;all;arwin
2017-12-28 05:07:31	worker	sampoerna;2017-12-26 - 2017-12-26;submitSocial;all;arwin
2017-12-28 05:07:33	worker	djarum;2017-12-26 - 2017-12-26;submitSocial;all;arwin
2017-12-28 05:07:36	worker	#semangatpagi;2017-12-26 - 2017-12-26;submitSocial;all;arwin
2017-12-28 05:07:38	worker	#generaksi8;2017-12-26 - 2017-12-26;submitSocial;all;arwin
2017-12-28 05:07:39	worker	#365alasan;2017-12-26 - 2017-12-26;submitSocial;all;arwin
2017-12-28 05:07:41	worker	weew;2017-12-26 - 2017-12-26;submitSocial;all;arwin
2017-12-28 05:07:44	worker	testing;2017-12-26 - 2017-12-26;submitSocial;all;arwin
2017-12-28 05:07:52	worker	#kopaja;2017-12-26 - 2017-12-26;submitSocial;all;arwin
2017-12-28 05:07:54	worker	#genkuisinsideout;2017-12-26 - 2017-12-26;submitSocial;all;arwin
2017-12-28 05:07:56	worker	starwars;2017-12-26 - 2017-12-26;submitSocial;all;arwin
2017-12-28 05:07:59	worker	#kopaja;2017-12-26 - 2017-12-26;submitSocial;all;arwin
2017-12-28 05:08:01	worker	mldspot;2017-12-26 - 2017-12-26;submitSocial;all;arwin
2017-12-28 05:08:04	worker	PBDjarum;2017-12-26 - 2017-12-26;submitSocial;all;arwin
2017-12-28 05:08:06	worker	TemanNabati;2017-12-26 - 2017-12-26;submitSocial;all;arwin
2017-12-28 05:08:08	worker	Nextar;2017-12-26 - 2017-12-26;submitSocial;all;arwin
2017-12-28 05:08:11	worker	jokowo;2017-12-26 - 2017-12-26;submitSocial;all;arwin
2017-12-28 05:08:13	worker	prabowo;2017-12-26 - 2017-12-26;submitSocial;all;arwin
2017-12-28 05:08:17	worker	sudirman said;2017-12-26 - 2017-12-26;submitSocial;all;arwin
2017-12-28 05:08:19	worker	ahok;2017-12-26 - 2017-12-26;submitSocial;all;arwin
2017-12-28 05:08:24	worker	setyanovanto;2017-12-26 - 2017-12-26;submitSocial;all;arwin
2017-12-28 05:08:26	worker	jokowi;2017-12-26 - 2017-12-26;submitSocial;all;arwin
2017-12-28 05:08:32	worker	ahok;2017-12-26 - 2017-12-26;submitSocial;all;arwin
2017-12-28 05:08:38	worker	prabowo;2017-12-26 - 2017-12-26;submitSocial;all;arwin
2017-12-28 05:08:41	worker	sudirman said;2017-12-26 - 2017-12-26;submitSocial;all;arwin
2017-12-28 05:08:43	worker	setyanovanto;2017-12-26 - 2017-12-26;submitSocial;all;arwin
2017-12-28 05:08:46	worker	galau;2017-12-26 - 2017-12-26;submitSocial;all;arwin
2017-12-28 05:08:49	worker	#prestasiindonesia;2017-12-26 - 2017-12-26;submitSocial;all;arwin
2017-12-28 05:08:51	worker	@Tw_Debi;2017-12-26 - 2017-12-26;submitSocial;all;arwin
2017-12-28 05:08:54	worker	@OfficialFastron;2017-12-26 - 2017-12-26;submitSocial;all;arwin
2017-12-28 05:08:56	worker	@CitibankID;2017-12-26 - 2017-12-26;submitSocial;all;arwin
2017-12-28 05:08:58	worker	@jak101fm;2017-12-26 - 2017-12-26;submitSocial;all;arwin
2017-12-28 05:09:00	worker	@genfm;2017-12-26 - 2017-12-26;submitSocial;all;arwin
