2017-05-17 05:00:02	worker	@987genfm;2017-05-15 - 2017-05-15;submitSocial;all;arwin
2017-05-17 05:00:07	worker	@101jakfm;2017-05-15 - 2017-05-15;submitSocial;all;arwin
2017-05-17 05:00:10	worker	@prambors;2017-05-15 - 2017-05-15;submitSocial;all;arwin
2017-05-17 05:00:14	worker	@hardrockfm;2017-05-15 - 2017-05-15;submitSocial;all;arwin
2017-05-17 05:00:17	worker	@kisfmjakarta;2017-05-15 - 2017-05-15;submitSocial;all;arwin
2017-05-17 05:00:20	worker	@delta_fm;2017-05-15 - 2017-05-15;submitSocial;all;arwin
2017-05-17 05:00:22	worker	@traxfmjkt;2017-05-15 - 2017-05-15;submitSocial;all;arwin
2017-05-17 05:00:25	worker	@iradiojakarta;2017-05-15 - 2017-05-15;submitSocial;all;arwin
2017-05-17 05:00:28	worker	@indika9160fm;2017-05-15 - 2017-05-15;submitSocial;all;arwin
2017-05-17 05:00:30	worker	@shellindonesia;2017-05-15 - 2017-05-15;submitSocial;all;arwin
2017-05-17 05:00:33	worker	@vpowerfans;2017-05-15 - 2017-05-15;submitSocial;all;arwin
2017-05-17 05:00:36	worker	@pertamaxind;2017-05-15 - 2017-05-15;submitSocial;all;arwin
2017-05-17 05:00:38	worker	@ptpertamina;2017-05-15 - 2017-05-15;submitSocial;all;arwin
2017-05-17 05:00:41	worker	@OZRadioJakarta;2017-05-15 - 2017-05-15;submitSocial;all;arwin
2017-05-17 05:00:43	worker	@CosmopolitanFM;2017-05-15 - 2017-05-15;submitSocial;all;arwin
2017-05-17 05:00:46	worker	@mustang88fm;2017-05-15 - 2017-05-15;submitSocial;all;arwin
2017-05-17 05:00:49	worker	@debabaz;2017-05-15 - 2017-05-15;submitSocial;all;arwin
2017-05-17 05:00:51	worker	@detikcom;2017-05-15 - 2017-05-15;submitSocial;all;arwin
2017-05-17 05:00:55	worker	@radioelshinta;2017-05-15 - 2017-05-15;submitSocial;all;arwin
2017-05-17 05:00:59	worker	@cinema21;2017-05-15 - 2017-05-15;submitSocial;all;arwin
2017-05-17 05:01:01	worker	@OfficialRCTI;2017-05-15 - 2017-05-15;submitSocial;all;arwin
2017-05-17 05:01:04	worker	@TRANSTV_CORP;2017-05-15 - 2017-05-15;submitSocial;all;arwin
2017-05-17 05:01:07	worker	@TRANS7;2017-05-15 - 2017-05-15;submitSocial;all;arwin
2017-05-17 05:01:09	worker	@Metro_TV;2017-05-15 - 2017-05-15;submitSocial;all;arwin
2017-05-17 05:01:15	worker	@tvOneNews;2017-05-15 - 2017-05-15;submitSocial;all;arwin
2017-05-17 05:01:19	worker	@whatsonANTV;2017-05-15 - 2017-05-15;submitSocial;all;arwin
2017-05-17 05:01:21	worker	@SCTV_;2017-05-15 - 2017-05-15;submitSocial;all;arwin
2017-05-17 05:01:25	worker	@KompasTV;2017-05-15 - 2017-05-15;submitSocial;all;arwin
2017-05-17 05:01:28	worker	@netmediatama;2017-05-15 - 2017-05-15;submitSocial;all;arwin
2017-05-17 05:01:31	worker	@Globaltvseru;2017-05-15 - 2017-05-15;submitSocial;all;arwin
2017-05-17 05:01:34	worker	@JaktvCom;2017-05-15 - 2017-05-15;submitSocial;all;arwin
2017-05-17 05:01:37	worker	@TVRINasional;2017-05-15 - 2017-05-15;submitSocial;all;arwin
2017-05-17 05:01:40	worker	@ochannelupdates;2017-05-15 - 2017-05-15;submitSocial;all;arwin
2017-05-17 05:01:42	worker	@IndosiarID;2017-05-15 - 2017-05-15;submitSocial;all;arwin
2017-05-17 05:01:46	worker	@kompascom;2017-05-15 - 2017-05-15;submitSocial;all;arwin
2017-05-17 05:01:50	worker	@merdekadotcom;2017-05-15 - 2017-05-15;submitSocial;all;arwin
2017-05-17 05:01:53	worker	@MIdotcom;2017-05-15 - 2017-05-15;submitSocial;all;arwin
2017-05-17 05:01:56	worker	@tempodotco;2017-05-15 - 2017-05-15;submitSocial;all;arwin
2017-05-17 05:02:00	worker	@motion975fm;2017-05-15 - 2017-05-15;submitSocial;all;arwin
2017-05-17 05:02:02	worker	@_radiotoday;2017-05-15 - 2017-05-15;submitSocial;all;arwin
2017-05-17 05:02:05	worker	@radioinfo;2017-05-15 - 2017-05-15;submitSocial;all;arwin
2017-05-17 05:02:08	worker	@979FeMaleRadio;2017-05-15 - 2017-05-15;submitSocial;all;arwin
2017-05-17 05:02:10	worker	@WomanRadio943FM;2017-05-15 - 2017-05-15;submitSocial;all;arwin
2017-05-17 05:02:13	worker	@VRadioFM;2017-05-15 - 2017-05-15;submitSocial;all;arwin
2017-05-17 05:02:16	worker	@UFM947;2017-05-15 - 2017-05-15;submitSocial;all;arwin
2017-05-17 05:02:18	worker	@VIVAnews;2017-05-15 - 2017-05-15;submitSocial;all;arwin
2017-05-17 05:02:21	worker	@antaranews;2017-05-15 - 2017-05-15;submitSocial;all;arwin
2017-05-17 05:02:23	worker	@tribunnews;2017-05-15 - 2017-05-15;submitSocial;all;arwin
2017-05-17 05:02:27	worker	@okezonenews;2017-05-15 - 2017-05-15;submitSocial;all;arwin
2017-05-17 05:02:30	worker	@Beritasatu;2017-05-15 - 2017-05-15;submitSocial;all;arwin
2017-05-17 05:02:33	worker	@rollingstoneina;2017-05-15 - 2017-05-15;submitSocial;all;arwin
2017-05-17 05:02:35	worker	@FIMELAdotcom;2017-05-15 - 2017-05-15;submitSocial;all;arwin
2017-05-17 05:02:38	worker	@KapanLagicom;2017-05-15 - 2017-05-15;submitSocial;all;arwin
2017-05-17 05:02:41	worker	@KompasEnt ;2017-05-15 - 2017-05-15;submitSocial;all;arwin
2017-05-17 05:02:43	worker	@HaiMagazine;2017-05-15 - 2017-05-15;submitSocial;all;arwin
2017-05-17 05:02:46	worker	@JakartaVenue;2017-05-15 - 2017-05-15;submitSocial;all;arwin
2017-05-17 05:02:48	worker	@SeputarEvent;2017-05-15 - 2017-05-15;submitSocial;all;arwin
2017-05-17 05:02:51	worker	@ismayaLive;2017-05-15 - 2017-05-15;submitSocial;all;arwin
2017-05-17 05:02:54	worker	@ECEntertainment;2017-05-15 - 2017-05-15;submitSocial;all;arwin
2017-05-17 05:02:56	worker	@synergism_En;2017-05-15 - 2017-05-15;submitSocial;all;arwin
2017-05-17 05:02:59	worker	@Urbanbandung;2017-05-15 - 2017-05-15;submitSocial;all;arwin
2017-05-17 05:03:01	worker	@Urbanrkm995;2017-05-15 - 2017-05-15;submitSocial;all;arwin
2017-05-17 05:03:03	worker	@Garuda_Promo;2017-05-15 - 2017-05-15;submitSocial;all;arwin
2017-05-17 05:03:06	worker	@AirAsiaID;2017-05-15 - 2017-05-15;submitSocial;all;arwin
2017-05-17 05:03:08	worker	@KAI121;2017-05-15 - 2017-05-15;submitSocial;all;arwin
2017-05-17 05:03:11	worker	@Unilever;2017-05-15 - 2017-05-15;submitSocial;all;arwin
2017-05-17 05:03:14	worker	@Nestle;2017-05-15 - 2017-05-15;submitSocial;all;arwin
2017-05-17 05:03:18	worker	@CocaCola;2017-05-15 - 2017-05-15;submitSocial;all;arwin
2017-05-17 05:03:22	worker	@CNN;2017-05-15 - 2017-05-15;submitSocial;all;arwin
2017-05-17 05:03:28	worker	@MTV;2017-05-15 - 2017-05-15;submitSocial;all;arwin
2017-05-17 05:03:32	worker	@channelv;2017-05-15 - 2017-05-15;submitSocial;all;arwin
2017-05-17 05:03:35	worker	@iTunesMusic;2017-05-15 - 2017-05-15;submitSocial;all;arwin
2017-05-17 05:03:37	worker	@mashable;2017-05-15 - 2017-05-15;submitSocial;all;arwin
2017-05-17 05:03:41	worker	@decacaz;2017-05-15 - 2017-05-15;submitSocial;all;arwin
2017-05-17 05:03:43	worker	@radiobaru967FM;2017-05-15 - 2017-05-15;submitSocial;all;arwin
2017-05-17 05:03:45	worker	@967HitzFM;2017-05-15 - 2017-05-15;submitSocial;all;arwin
2017-05-17 05:03:48	worker	@TVGuide;2017-05-15 - 2017-05-15;submitSocial;all;arwin
2017-05-17 05:03:51	worker	@XL123;2017-05-15 - 2017-05-15;submitSocial;all;arwin
2017-05-17 05:03:54	worker	@triindonesia;2017-05-15 - 2017-05-15;submitSocial;all;arwin
2017-05-17 05:03:57	worker	@kaskus;2017-05-15 - 2017-05-15;submitSocial;all;arwin
2017-05-17 05:04:00	worker	@Studio_XXI;2017-05-15 - 2017-05-15;submitSocial;all;arwin
2017-05-17 05:04:03	worker	@blitzmegaplex;2017-05-15 - 2017-05-15;submitSocial;all;arwin
2017-05-17 05:04:05	worker	@alfamartku;2017-05-15 - 2017-05-15;submitSocial;all;arwin
2017-05-17 05:04:08	worker	@Carrefour_ID;2017-05-15 - 2017-05-15;submitSocial;all;arwin
2017-05-17 05:04:11	worker	@BBCBreaking;2017-05-15 - 2017-05-15;submitSocial;all;arwin
2017-05-17 05:04:14	worker	@Forbes;2017-05-15 - 2017-05-15;submitSocial;all;arwin
2017-05-17 05:04:21	worker	@BensRadio;2017-05-15 - 2017-05-15;submitSocial;all;arwin
2017-05-17 05:04:24	worker	@instagram;2017-05-15 - 2017-05-15;submitSocial;all;arwin
2017-05-17 05:04:30	worker	@Pinterest;2017-05-15 - 2017-05-15;submitSocial;all;arwin
2017-05-17 05:04:33	worker	@google;2017-05-15 - 2017-05-15;submitSocial;all;arwin
2017-05-17 05:04:39	worker	@Pertaminalub;2017-05-15 - 2017-05-15;submitSocial;all;arwin
2017-05-17 05:04:41	worker	@InfoLalinTol;2017-05-15 - 2017-05-15;submitSocial;all;arwin
2017-05-17 05:04:44	worker	@PTJASAMARGA;2017-05-15 - 2017-05-15;submitSocial;all;arwin
2017-05-17 05:04:46	worker	@cititransindo;2017-05-15 - 2017-05-15;submitSocial;all;arwin
2017-05-17 05:04:49	worker	#semangatpagisuperr;2017-05-15 - 2017-05-15;submitSocial;all;arwin
2017-05-17 05:04:51	worker	#genkuisinsideout;2017-05-15 - 2017-05-15;submitSocial;all;arwin
2017-05-17 05:04:53	worker	#semangatpagi;2017-05-15 - 2017-05-15;submitSocial;all;arwin
2017-05-17 05:04:56	worker	#dikamar;2017-05-15 - 2017-05-15;submitSocial;all;arwin
2017-05-17 05:04:58	worker	#kopaja;2017-05-15 - 2017-05-15;submitSocial;all;arwin
2017-05-17 05:05:01	worker	#generaksi8;2017-05-15 - 2017-05-15;submitSocial;all;arwin
2017-05-17 05:05:04	worker	#hitztsp;2017-05-15 - 2017-05-15;submitSocial;all;arwin
2017-05-17 05:05:07	worker	#np;2017-05-15 - 2017-05-15;submitSocial;all;arwin
2017-05-17 05:05:11	worker	#hitzlivestage;2017-05-15 - 2017-05-15;submitSocial;all;arwin
2017-05-17 05:05:13	worker	#thefreaks;2017-05-15 - 2017-05-15;submitSocial;all;arwin
2017-05-17 05:05:16	worker	#hitzsirkuspagi;2017-05-15 - 2017-05-15;submitSocial;all;arwin
2017-05-17 05:05:19	worker	#hitzathlon;2017-05-15 - 2017-05-15;submitSocial;all;arwin
2017-05-17 05:05:21	worker	#hitzzombie;2017-05-15 - 2017-05-15;submitSocial;all;arwin
2017-05-17 05:05:24	worker	#hitzkalong;2017-05-15 - 2017-05-15;submitSocial;all;arwin
2017-05-17 05:05:26	worker	#hitzbebas;2017-05-15 - 2017-05-15;submitSocial;all;arwin
2017-05-17 05:05:29	worker	#hitzhorehara;2017-05-15 - 2017-05-15;submitSocial;all;arwin
2017-05-17 05:05:31	worker	@ZaloraID;2017-05-15 - 2017-05-15;submitSocial;all;arwin
2017-05-17 05:05:34	worker	@OLX_Indonesia;2017-05-15 - 2017-05-15;submitSocial;all;arwin
2017-05-17 05:05:36	worker	@LazadaID;2017-05-15 - 2017-05-15;submitSocial;all;arwin
2017-05-17 05:05:39	worker	@utrippers;2017-05-15 - 2017-05-15;submitSocial;all;arwin
2017-05-17 05:05:42	worker	@GoGobot;2017-05-15 - 2017-05-15;submitSocial;all;arwin
2017-05-17 05:05:45	worker	@viatortravel;2017-05-15 - 2017-05-15;submitSocial;all;arwin
2017-05-17 05:05:47	worker	@alandakariza;2017-05-15 - 2017-05-15;submitSocial;all;arwin
2017-05-17 05:05:50	worker	@gagasmedia;2017-05-15 - 2017-05-15;submitSocial;all;arwin
2017-05-17 05:05:53	worker	@welovehonda;2017-05-15 - 2017-05-15;submitSocial;all;arwin
2017-05-17 05:05:56	worker	@SuzukiMotorID;2017-05-15 - 2017-05-15;submitSocial;all;arwin
2017-05-17 05:05:58	worker	@kawasakilovers;2017-05-15 - 2017-05-15;submitSocial;all;arwin
2017-05-17 05:06:01	worker	@yamahaindonesia;2017-05-15 - 2017-05-15;submitSocial;all;arwin
2017-05-17 05:06:03	worker	@tripanzee;2017-05-15 - 2017-05-15;submitSocial;all;arwin
2017-05-17 05:06:06	worker	@arnoldpoernomo;2017-05-15 - 2017-05-15;submitSocial;all;arwin
2017-05-17 05:06:09	worker	@nicsap;2017-05-15 - 2017-05-15;submitSocial;all;arwin
2017-05-17 05:06:12	worker	@tiket2;2017-05-15 - 2017-05-15;submitSocial;all;arwin
2017-05-17 05:06:14	worker	@traveloka;2017-05-15 - 2017-05-15;submitSocial;all;arwin
2017-05-17 05:06:17	worker	@wego;2017-05-15 - 2017-05-15;submitSocial;all;arwin
2017-05-17 05:06:21	worker	@agoda;2017-05-15 - 2017-05-15;submitSocial;all;arwin
2017-05-17 05:06:24	worker	#salahsambung;2017-05-15 - 2017-05-15;submitSocial;all;arwin
2017-05-17 05:06:26	worker	#tulalit;2017-05-15 - 2017-05-15;submitSocial;all;arwin
2017-05-17 05:06:29	worker	#pestageneraksi8;2017-05-15 - 2017-05-15;submitSocial;all;arwin
2017-05-17 05:06:31	worker	#ganaskustik;2017-05-15 - 2017-05-15;submitSocial;all;arwin
2017-05-17 05:06:34	worker	#lnhot20;2017-05-15 - 2017-05-15;submitSocial;all;arwin
2017-05-17 05:06:36	worker	@TripAdvisor;2017-05-15 - 2017-05-15;submitSocial;all;arwin
2017-05-17 05:06:39	worker	@google;2017-05-15 - 2017-05-15;submitSocial;all;arwin
2017-05-17 05:06:44	worker	@Telkomsel;2017-05-15 - 2017-05-15;submitSocial;all;arwin
2017-05-17 05:06:48	worker	@indosat;2017-05-15 - 2017-05-15;submitSocial;all;arwin
2017-05-17 05:06:51	worker	@bahanafmjkt;2017-05-15 - 2017-05-15;submitSocial;all;2017-05-17 05:06:57	worker	@sonorafm92;2017-05-15 - 2017-05-15;submitSocial;all;arwin
2017-05-17 05:06:59	worker	@litefm1058;2017-05-15 - 2017-05-15;submitSocial;all;arwin
2017-05-17 05:07:01	worker	@Bravaradio;2017-05-15 - 2017-05-15;submitSocial;all;arwin
2017-05-17 05:07:04	worker	#dgitm;2017-05-15 - 2017-05-15;submitSocial;all;arwin
2017-05-17 05:07:08	worker	#hitsalaprambors;2017-05-15 - 2017-05-15;submitSocial;all;arwin
2017-05-17 05:07:10	worker	#reqprambors;2017-05-15 - 2017-05-15;submitSocial;all;arwin
2017-05-17 05:07:12	worker	#thedandees;2017-05-15 - 2017-05-15;submitSocial;all;arwin
2017-05-17 05:07:15	worker	#pramborsquiz;2017-05-15 - 2017-05-15;submitSocial;all;arwin
2017-05-17 05:07:17	worker	#jeliprambors;2017-05-15 - 2017-05-15;submitSocial;all;arwin
2017-05-17 05:07:20	worker	#jodohinprambors;2017-05-15 - 2017-05-15;submitSocial;all;arwin
2017-05-17 05:07:22	worker	#ubahdenganbicara;2017-05-15 - 2017-05-15;submitSocial;all;arwin
2017-05-17 05:07:24	worker	#pramborschat;2017-05-15 - 2017-05-15;submitSocial;all;arwin
2017-05-17 05:07:27	worker	#tweetforduit;2017-05-15 - 2017-05-15;submitSocial;all;arwin
2017-05-17 05:07:29	worker	#joki3in1;2017-05-15 - 2017-05-15;submitSocial;all;arwin
2017-05-17 05:07:31	worker	#sarapanseru;2017-05-15 - 2017-05-15;submitSocial;all;arwin
2017-05-17 05:07:34	worker	#rawonkaneloop;2017-05-15 - 2017-05-15;submitSocial;all;arwin
2017-05-17 05:07:36	worker	#gudegkendilkeraton;2017-05-15 - 2017-05-15;submitSocial;all;arwin
2017-05-17 05:07:38	worker	#gadogadobutika;2017-05-15 - 2017-05-15;submitSocial;all;arwin
2017-05-17 05:07:41	worker	#mtvhottest;2017-05-15 - 2017-05-15;submitSocial;all;arwin
2017-05-17 05:07:43	worker	#dimsumcjdw;2017-05-15 - 2017-05-15;submitSocial;all;arwin
2017-05-17 05:07:46	worker	#pecelmadiunmbakniek;2017-05-15 - 2017-05-15;submitSocial;all;arwin
2017-05-17 05:07:48	worker	#depotarema;2017-05-15 - 2017-05-15;submitSocial;all;arwin
2017-05-17 05:07:51	worker	@BNI46;2017-05-15 - 2017-05-15;submitSocial;all;arwin
2017-05-17 05:07:53	worker	@BANKBRI_ID;2017-05-15 - 2017-05-15;submitSocial;all;arwin
2017-05-17 05:07:56	worker	#bni46;2017-05-15 - 2017-05-15;submitSocial;all;arwin
2017-05-17 05:07:59	worker	macet;2017-05-15 - 2017-05-15;submitSocial;all;arwin
2017-05-17 05:08:04	worker	#selamatpagi;2017-05-15 - 2017-05-15;submitSocial;all;arwin
2017-05-17 05:08:07	worker	#selamatmalam;2017-05-15 - 2017-05-15;submitSocial;all;arwin
2017-05-17 05:08:10	worker	@884GlobalRadio;2017-05-15 - 2017-05-15;submitSocial;all;arwin
2017-05-17 05:08:12	worker	@day_trans;2017-05-15 - 2017-05-15;submitSocial;all;arwin
2017-05-17 05:08:15	worker	@kencanavoyage;2017-05-15 - 2017-05-15;submitSocial;all;arwin
2017-05-17 05:08:17	worker	@jukebox5d;2017-05-15 - 2017-05-15;submitSocial;all;arwin
2017-05-17 05:08:20	worker	#mtvhottest;2017-05-15 - 2017-05-15;submitSocial;all;arwin
2017-05-17 05:08:23	worker	#semangatpagi;2017-05-15 - 2017-05-15;submitSocial;all;arwin
2017-05-17 05:08:25	worker	lifebuoy;2017-05-15 - 2017-05-15;submitSocial;all;arwin
2017-05-17 05:08:28	worker	jokowi;2017-05-15 - 2017-05-15;submitSocial;all;arwin
2017-05-17 05:08:35	worker	obama;2017-05-15 - 2017-05-15;submitSocial;all;arwin
2017-05-17 05:08:45	worker	starwars;2017-05-15 - 2017-05-15;submitSocial;all;arwin
2017-05-17 05:08:48	worker	jonan;2017-05-15 - 2017-05-15;submitSocial;all;arwin
2017-05-17 05:08:52	worker	pagi;2017-05-15 - 2017-05-15;submitSocial;all;arwin
2017-05-17 05:09:02	worker	sampoerna;2017-05-15 - 2017-05-15;submitSocial;all;arwin
2017-05-17 05:09:05	worker	djarum;2017-05-15 - 2017-05-15;submitSocial;all;arwin
2017-05-17 05:09:08	worker	#semangatpagi;2017-05-15 - 2017-05-15;submitSocial;all;arwin
2017-05-17 05:09:11	worker	#generaksi8;2017-05-15 - 2017-05-15;submitSocial;all;arwin
2017-05-17 05:09:12	worker	#365alasan;2017-05-15 - 2017-05-15;submitSocial;all;arwin
2017-05-17 05:09:15	worker	weew;2017-05-15 - 2017-05-15;submitSocial;all;arwin
2017-05-17 05:09:19	worker	testing;2017-05-15 - 2017-05-15;submitSocial;all;arwin
2017-05-17 05:09:28	worker	#kopaja;2017-05-15 - 2017-05-15;submitSocial;all;arwin
2017-05-17 05:09:31	worker	#genkuisinsideout;2017-05-15 - 2017-05-15;submitSocial;all;arwin
2017-05-17 05:09:33	worker	starwars;2017-05-15 - 2017-05-15;submitSocial;all;arwin
2017-05-17 05:09:37	worker	#kopaja;2017-05-15 - 2017-05-15;submitSocial;all;arwin
2017-05-17 05:09:40	worker	mldspot;2017-05-15 - 2017-05-15;submitSocial;all;arwin
2017-05-17 05:09:43	worker	PBDjarum;2017-05-15 - 2017-05-15;submitSocial;all;arwin
2017-05-17 05:09:45	worker	TemanNabati;2017-05-15 - 2017-05-15;submitSocial;all;arwin
2017-05-17 05:09:48	worker	Nextar;2017-05-15 - 2017-05-15;submitSocial;all;arwin
2017-05-17 05:09:52	worker	jokowo;2017-05-15 - 2017-05-15;submitSocial;all;arwin
2017-05-17 05:09:55	worker	prabowo;2017-05-15 - 2017-05-15;submitSocial;all;arwin
2017-05-17 05:09:59	worker	sudirman said;2017-05-15 - 2017-05-15;submitSocial;all;arwin
2017-05-17 05:10:03	worker	ahok;2017-05-15 - 2017-05-15;submitSocial;all;arwin
2017-05-17 05:10:17	worker	setyanovanto;2017-05-15 - 2017-05-15;submitSocial;all;arwin
2017-05-17 05:10:19	worker	jokowi;2017-05-15 - 2017-05-15;submitSocial;all;arwin
2017-05-17 05:10:27	worker	ahok;2017-05-15 - 2017-05-15;submitSocial;all;arwin
2017-05-17 05:10:39	worker	prabowo;2017-05-15 - 2017-05-15;submitSocial;all;arwin
2017-05-17 05:10:43	worker	sudirman said;2017-05-15 - 2017-05-15;submitSocial;all;arwin
2017-05-17 05:10:46	worker	setyanovanto;2017-05-15 - 2017-05-15;submitSocial;all;arwin
2017-05-17 05:10:48	worker	galau;2017-05-15 - 2017-05-15;submitSocial;all;arwin
2017-05-17 05:10:54	worker	#prestasiindonesia;2017-05-15 - 2017-05-15;submitSocial;all;arwin
2017-05-17 05:10:56	worker	@Tw_Debi;2017-05-15 - 2017-05-15;submitSocial;all;arwin
2017-05-17 05:10:59	worker	@OfficialFastron;2017-05-15 - 2017-05-15;submitSocial;all;arwin
2017-05-17 05:11:01	worker	@CitibankID;2017-05-15 - 2017-05-15;submitSocial;all;arwin
2017-05-17 05:11:04	worker	@jak101fm;2017-05-15 - 2017-05-15;submitSocial;all;arwin
2017-05-17 05:11:07	worker	@genfm;2017-05-15 - 2017-05-15;submitSocial;all;arwin
2017-05-17 09:57:00	worker	macet from pagi;2017-05-01 - 2017-05-16;submitAdvanced;all;tommy5D	macet from pagi;2017-05-01 - 2017-05-16;submitAdvanced;all;tommy5D
2017-05-17 09:57:51	worker	macet from siang;2017-05-01 - 2017-05-16;submitAdvanced;all;tommy5D	macet from siang;2017-05-01 - 2017-05-16;submitAdvanced;all;tommy5D
2017-05-17 09:57:52	done	macet from pagi;2017-05-01 - 2017-05-16;submitAdvanced;all;tommy5D
2017-05-17 09:58:44	worker	macet from sore;2017-05-01 - 2017-05-16;submitAdvanced;all;tommy5D	macet from sore;2017-05-01 - 2017-05-16;submitAdvanced;all;tommy5D
2017-05-17 09:58:45	done	macet from siang;2017-05-01 - 2017-05-16;submitAdvanced;all;tommy5D
2017-05-17 09:59:36	done	macet from sore;2017-05-01 - 2017-05-16;submitAdvanced;all;tommy5D
2017-05-17 09:59:58	report	macet From pagi!macet From siang!macet From sore;05/01/2017 - 05/16/2017;tommy5D;submitAdvanced	{"macet From pagi":{"area":454,"medium":{"2017-05-01":11,"2017-05-02":22,"2017-05-03":33,"2017-05-04":24,"2017-05-05":19,"2017-05-06":26,"2017-05-07":30,"2017-05-08":29,"2017-05-09":46,"2017-05-10":37,"2017-05-11":15,"2017-05-12":27,"2017-05-13":11,"2017-05-14":6,"2017-05-15":79,"2017-05-16":39},"unique_screenname":368,"dev":{"Iphone":70,"Android":281,"Web":22,"Blackberry":4},"loc":{"Jakarta":78,"Depok":9,"Bogor":3,"Tangerang":12,"Bekasi":15},"sentimen":{"goodwords":0.26,"badwords":0.12,"netral":99.62}},"macet From siang":{"area":78,"medium":{"2017-05-01":1,"2017-05-02":4,"2017-05-03":5,"2017-05-04":3,"2017-05-05":5,"2017-05-06":8,"2017-05-07":4,"2017-05-08":11,"2017-05-09":6,"2017-05-10":5,"2017-05-11":2,"2017-05-12":5,"2017-05-13":6,"2017-05-14":2,"2017-05-15":3,"2017-05-16":8},"unique_screenname":73,"dev":{"Iphone":11,"Android":45,"Web":4,"Blackberry":1},"loc":{"Jakarta":13,"Depok":1,"Bogor":1,"Tangerang":4,"Bekasi":0},"sentimen":{"goodwords":0.11,"badwords":0.01,"netral":99.88}},"macet From sore":{"area":980,"medium":{"2017-05-01":9,"2017-05-02":15,"2017-05-03":7,"2017-05-04":5,"2017-05-05":83,"2017-05-06":26,"2017-05-07":9,"2017-05-08":19,"2017-05-09":527,"2017-05-10":194,"2017-05-11":21,"2017-05-12":18,"2017-05-13":21,"2017-05-14":7,"2017-05-15":7,"2017-05-16":12},"unique_screenname":911,"dev":{"Iphone":84,"Android":734,"Web":83,"Blackberry":8},"loc":{"Jakarta":155,"Depok":12,"Bogor":19,"Tangerang":12,"Bekasi":18},"sentimen":{"goodwords":0.17,"badwords":0.02,"netral":99.81}}}
2017-05-17 14:12:51	worker	jakarta from senang;2017-05-01 - 2017-05-16;submitAdvanced;all;tommy5D	jakarta from senang;2017-05-01 - 2017-05-16;submitAdvanced;all;tommy5D
2017-05-17 14:13:39	done	jakarta from senang;2017-05-01 - 2017-05-16;submitAdvanced;all;tommy5D
2017-05-17 14:13:39	worker	bandung from senang;2017-05-01 - 2017-05-16;submitAdvanced;all;tommy5D	bandung from senang;2017-05-01 - 2017-05-16;submitAdvanced;all;tommy5D
2017-05-17 14:14:27	worker	bekasi from senang;2017-05-01 - 2017-05-16;submitAdvanced;all;tommy5D	bekasi from senang;2017-05-01 - 2017-05-16;submitAdvanced;all;tommy5D
2017-05-17 14:14:28	done	bandung from senang;2017-05-01 - 2017-05-16;submitAdvanced;all;tommy5D
2017-05-17 14:15:21	done	bekasi from senang;2017-05-01 - 2017-05-16;submitAdvanced;all;tommy5D
2017-05-17 14:15:31	report	jakarta From senang!bandung From senang!bekasi From senang;05/01/2017 - 05/16/2017;tommy5D;submitAdvanced	{"jakarta From senang":{"area":105,"medium":{"2017-05-01":5,"2017-05-02":3,"2017-05-03":7,"2017-05-04":3,"2017-05-05":7,"2017-05-06":4,"2017-05-07":5,"2017-05-08":6,"2017-05-09":18,"2017-05-10":7,"2017-05-11":4,"2017-05-12":9,"2017-05-13":10,"2017-05-14":5,"2017-05-15":4,"2017-05-16":8},"unique_screenname":103,"dev":{"Iphone":10,"Android":54,"Web":9,"Blackberry":10},"loc":{"Jakarta":18,"Depok":0,"Bogor":0,"Tangerang":0,"Bekasi":0},"sentimen":{"goodwords":0.17,"badwords":0.02,"netral":99.81}},"bandung From senang":{"area":15,"medium":{"2017-05-01":0,"2017-05-02":0,"2017-05-03":0,"2017-05-04":1,"2017-05-05":1,"2017-05-06":0,"2017-05-07":0,"2017-05-08":2,"2017-05-09":0,"2017-05-10":0,"2017-05-11":4,"2017-05-12":0,"2017-05-13":0,"2017-05-14":1,"2017-05-15":5,"2017-05-16":1},"unique_screenname":14,"dev":{"Iphone":3,"Android":8,"Web":1,"Blackberry":0},"loc":{"Jakarta":0,"Depok":0,"Bogor":0,"Tangerang":0,"Bekasi":0},"sentimen":{"goodwords":0.02,"badwords":0,"netral":99.98}},"bekasi From senang":{"area":9,"medium":{"2017-05-01":1,"2017-05-02":1,"2017-05-03":0,"2017-05-04":1,"2017-05-05":3,"2017-05-06":0,"2017-05-07":0,"2017-05-08":0,"2017-05-09":0,"2017-05-10":1,"2017-05-11":1,"2017-05-12":1,"2017-05-13":0,"2017-05-14":0,"2017-05-15":0,"2017-05-16":0},"unique_screenname":9,"dev":{"Iphone":0,"Android":8,"Web":1,"Blackberry":0},"loc":{"Jakarta":0,"Depok":0,"Bogor":0,"Tangerang":0,"Bekasi":0},"sentimen":{"goodwords":0,"badwords":0.01,"netral":99.99}}}
