2017-07-30 05:00:02	worker	@987genfm;2017-07-28 - 2017-07-28;submitSocial;all;arwin
2017-07-30 05:00:08	worker	@101jakfm;2017-07-28 - 2017-07-28;submitSocial;all;arwin
2017-07-30 05:00:10	worker	@prambors;2017-07-28 - 2017-07-28;submitSocial;all;arwin
2017-07-30 05:00:13	worker	@hardrockfm;2017-07-28 - 2017-07-28;submitSocial;all;arwin
2017-07-30 05:00:16	worker	@kisfmjakarta;2017-07-28 - 2017-07-28;submitSocial;all;arwin
2017-07-30 05:00:19	worker	@delta_fm;2017-07-28 - 2017-07-28;submitSocial;all;arwin
2017-07-30 05:00:21	worker	@traxfmjkt;2017-07-28 - 2017-07-28;submitSocial;all;arwin
2017-07-30 05:00:24	worker	@iradiojakarta;2017-07-28 - 2017-07-28;submitSocial;all;arwin
2017-07-30 05:00:26	worker	@indika9160fm;2017-07-28 - 2017-07-28;submitSocial;all;arwin
2017-07-30 05:00:29	worker	@shellindonesia;2017-07-28 - 2017-07-28;submitSocial;all;arwin
2017-07-30 05:00:31	worker	@vpowerfans;2017-07-28 - 2017-07-28;submitSocial;all;arwin
2017-07-30 05:00:34	worker	@pertamaxind;2017-07-28 - 2017-07-28;submitSocial;all;arwin
2017-07-30 05:00:36	worker	@ptpertamina;2017-07-28 - 2017-07-28;submitSocial;all;arwin
2017-07-30 05:00:39	worker	@OZRadioJakarta;2017-07-28 - 2017-07-28;submitSocial;all;arwin
2017-07-30 05:00:41	worker	@CosmopolitanFM;2017-07-28 - 2017-07-28;submitSocial;all;arwin
2017-07-30 05:00:44	worker	@mustang88fm;2017-07-28 - 2017-07-28;submitSocial;all;arwin
2017-07-30 05:00:46	worker	@debabaz;2017-07-28 - 2017-07-28;submitSocial;all;arwin
2017-07-30 05:00:48	worker	@detikcom;2017-07-28 - 2017-07-28;submitSocial;all;arwin
2017-07-30 05:00:53	worker	@radioelshinta;2017-07-28 - 2017-07-28;submitSocial;all;arwin
2017-07-30 05:00:56	worker	@cinema21;2017-07-28 - 2017-07-28;submitSocial;all;arwin
2017-07-30 05:00:58	worker	@OfficialRCTI;2017-07-28 - 2017-07-28;submitSocial;all;arwin
2017-07-30 05:01:02	worker	@TRANSTV_CORP;2017-07-28 - 2017-07-28;submitSocial;all;arwin
2017-07-30 05:01:04	worker	@TRANS7;2017-07-28 - 2017-07-28;submitSocial;all;arwin
2017-07-30 05:01:07	worker	@Metro_TV;2017-07-28 - 2017-07-28;submitSocial;all;arwin
2017-07-30 05:01:10	worker	@tvOneNews;2017-07-28 - 2017-07-28;submitSocial;all;arwin
2017-07-30 05:01:13	worker	@whatsonANTV;2017-07-28 - 2017-07-28;submitSocial;all;arwin
2017-07-30 05:01:16	worker	@SCTV_;2017-07-28 - 2017-07-28;submitSocial;all;arwin
2017-07-30 05:01:19	worker	@KompasTV;2017-07-28 - 2017-07-28;submitSocial;all;arwin
2017-07-30 05:01:22	worker	@netmediatama;2017-07-28 - 2017-07-28;submitSocial;all;arwin
2017-07-30 05:01:25	worker	@Globaltvseru;2017-07-28 - 2017-07-28;submitSocial;all;arwin
2017-07-30 05:01:27	worker	@JaktvCom;2017-07-28 - 2017-07-28;submitSocial;all;arwin
2017-07-30 05:01:30	worker	@TVRINasional;2017-07-28 - 2017-07-28;submitSocial;all;arwin
2017-07-30 05:01:33	worker	@ochannelupdates;2017-07-28 - 2017-07-28;submitSocial;all;arwin
2017-07-30 05:01:35	worker	@IndosiarID;2017-07-28 - 2017-07-28;submitSocial;all;arwin
2017-07-30 05:01:38	worker	@kompascom;2017-07-28 - 2017-07-28;submitSocial;all;arwin
2017-07-30 05:01:43	worker	@merdekadotcom;2017-07-28 - 2017-07-28;submitSocial;all;arwin
2017-07-30 05:01:45	worker	@MIdotcom;2017-07-28 - 2017-07-28;submitSocial;all;arwin
2017-07-30 05:01:48	worker	@tempodotco;2017-07-28 - 2017-07-28;submitSocial;all;arwin
2017-07-30 05:01:51	worker	@motion975fm;2017-07-28 - 2017-07-28;submitSocial;all;arwin
2017-07-30 05:01:53	worker	@_radiotoday;2017-07-28 - 2017-07-28;submitSocial;all;arwin
2017-07-30 05:01:56	worker	@radioinfo;2017-07-28 - 2017-07-28;submitSocial;all;arwin
2017-07-30 05:01:58	worker	@979FeMaleRadio;2017-07-28 - 2017-07-28;submitSocial;all;arwin
2017-07-30 05:02:01	worker	@WomanRadio943FM;2017-07-28 - 2017-07-28;submitSocial;all;arwin
2017-07-30 05:02:03	worker	@VRadioFM;2017-07-28 - 2017-07-28;submitSocial;all;arwin
2017-07-30 05:02:06	worker	@UFM947;2017-07-28 - 2017-07-28;submitSocial;all;arwin
2017-07-30 05:02:08	worker	@VIVAnews;2017-07-28 - 2017-07-28;submitSocial;all;arwin
2017-07-30 05:02:11	worker	@antaranews;2017-07-28 - 2017-07-28;submitSocial;all;arwin
2017-07-30 05:02:13	worker	@tribunnews;2017-07-28 - 2017-07-28;submitSocial;all;arwin
2017-07-30 05:02:17	worker	@okezonenews;2017-07-28 - 2017-07-28;submitSocial;all;arwin
2017-07-30 05:02:19	worker	@Beritasatu;2017-07-28 - 2017-07-28;submitSocial;all;arwin
2017-07-30 05:02:22	worker	@rollingstoneina;2017-07-28 - 2017-07-28;submitSocial;all;arwin
2017-07-30 05:02:24	worker	@FIMELAdotcom;2017-07-28 - 2017-07-28;submitSocial;all;arwin
2017-07-30 05:02:27	worker	@KapanLagicom;2017-07-28 - 2017-07-28;submitSocial;all;arwin
2017-07-30 05:02:29	worker	@KompasEnt ;2017-07-28 - 2017-07-28;submitSocial;all;arwin
2017-07-30 05:02:32	worker	@HaiMagazine;2017-07-28 - 2017-07-28;submitSocial;all;arwin
2017-07-30 05:02:34	worker	@JakartaVenue;2017-07-28 - 2017-07-28;submitSocial;all;arwin
2017-07-30 05:02:36	worker	@SeputarEvent;2017-07-28 - 2017-07-28;submitSocial;all;arwin
2017-07-30 05:02:39	worker	@ismayaLive;2017-07-28 - 2017-07-28;submitSocial;all;arwin
2017-07-30 05:02:41	worker	@ECEntertainment;2017-07-28 - 2017-07-28;submitSocial;all;arwin
2017-07-30 05:02:44	worker	@synergism_En;2017-07-28 - 2017-07-28;submitSocial;all;arwin
2017-07-30 05:02:46	worker	@Urbanbandung;2017-07-28 - 2017-07-28;submitSocial;all;arwin
2017-07-30 05:02:48	worker	@Urbanrkm995;2017-07-28 - 2017-07-28;submitSocial;all;arwin
2017-07-30 05:02:50	worker	@Garuda_Promo;2017-07-28 - 2017-07-28;submitSocial;all;arwin
2017-07-30 05:02:53	worker	@AirAsiaID;2017-07-28 - 2017-07-28;submitSocial;all;arwin
2017-07-30 05:02:55	worker	@KAI121;2017-07-28 - 2017-07-28;submitSocial;all;arwin
2017-07-30 05:02:58	worker	@Unilever;2017-07-28 - 2017-07-28;submitSocial;all;arwin
2017-07-30 05:03:01	worker	@Nestle;2017-07-28 - 2017-07-28;submitSocial;all;arwin
2017-07-30 05:03:04	worker	@CocaCola;2017-07-28 - 2017-07-28;submitSocial;all;arwin
2017-07-30 05:03:08	worker	@CNN;2017-07-28 - 2017-07-28;submitSocial;all;arwin
2017-07-30 05:03:14	worker	@MTV;2017-07-28 - 2017-07-28;submitSocial;all;arwin
2017-07-30 05:03:21	worker	@channelv;2017-07-28 - 2017-07-28;submitSocial;all;arwin
2017-07-30 05:03:23	worker	@iTunesMusic;2017-07-28 - 2017-07-28;submitSocial;all;arwin
2017-07-30 05:03:26	worker	@mashable;2017-07-28 - 2017-07-28;submitSocial;all;arwin
2017-07-30 05:03:29	worker	@decacaz;2017-07-28 - 2017-07-28;submitSocial;all;arwin
2017-07-30 05:03:32	worker	@radiobaru967FM;2017-07-28 - 2017-07-28;submitSocial;all;arwin
2017-07-30 05:03:34	worker	@967HitzFM;2017-07-28 - 2017-07-28;submitSocial;all;arwin
2017-07-30 05:03:36	worker	@TVGuide;2017-07-28 - 2017-07-28;submitSocial;all;arwin
2017-07-30 05:03:39	worker	@XL123;2017-07-28 - 2017-07-28;submitSocial;all;arwin
2017-07-30 05:03:42	worker	@triindonesia;2017-07-28 - 2017-07-28;submitSocial;all;arwin
2017-07-30 05:03:44	worker	@kaskus;2017-07-28 - 2017-07-28;submitSocial;all;arwin
2017-07-30 05:03:47	worker	@Studio_XXI;2017-07-28 - 2017-07-28;submitSocial;all;arwin
2017-07-30 05:03:50	worker	@blitzmegaplex;2017-07-28 - 2017-07-28;submitSocial;all;arwin
2017-07-30 05:03:52	worker	@alfamartku;2017-07-28 - 2017-07-28;submitSocial;all;arwin
2017-07-30 05:03:54	worker	@Carrefour_ID;2017-07-28 - 2017-07-28;submitSocial;all;arwin
2017-07-30 05:03:57	worker	@BBCBreaking;2017-07-28 - 2017-07-28;submitSocial;all;arwin
2017-07-30 05:04:00	worker	@Forbes;2017-07-28 - 2017-07-28;submitSocial;all;arwin
2017-07-30 05:04:06	worker	@BensRadio;2017-07-28 - 2017-07-28;submitSocial;all;arwin
2017-07-30 05:04:09	worker	@instagram;2017-07-28 - 2017-07-28;submitSocial;all;arwin
2017-07-30 05:04:14	worker	@Pinterest;2017-07-28 - 2017-07-28;submitSocial;all;arwin
2017-07-30 05:04:17	worker	@google;2017-07-28 - 2017-07-28;submitSocial;all;arwin
2017-07-30 05:04:25	worker	@Pertaminalub;2017-07-28 - 2017-07-28;submitSocial;all;arwin
2017-07-30 05:04:28	worker	@InfoLalinTol;2017-07-28 - 2017-07-28;submitSocial;all;arwin
2017-07-30 05:04:30	worker	@PTJASAMARGA;2017-07-28 - 2017-07-28;submitSocial;all;arwin
2017-07-30 05:04:33	worker	@cititransindo;2017-07-28 - 2017-07-28;submitSocial;all;arwin
2017-07-30 05:04:37	worker	#semangatpagisuperr;2017-07-28 - 2017-07-28;submitSocial;all;arwin
2017-07-30 05:04:39	worker	#genkuisinsideout;2017-07-28 - 2017-07-28;submitSocial;all;arwin
2017-07-30 05:04:41	worker	#semangatpagi;2017-07-28 - 2017-07-28;submitSocial;all;arwin
2017-07-30 05:04:44	worker	#dikamar;2017-07-28 - 2017-07-28;submitSocial;all;arwin
2017-07-30 05:04:46	worker	#kopaja;2017-07-28 - 2017-07-28;submitSocial;all;arwin
2017-07-30 05:04:49	worker	#generaksi8;2017-07-28 - 2017-07-28;submitSocial;all;arwin
2017-07-30 05:04:51	worker	#hitztsp;2017-07-28 - 2017-07-28;submitSocial;all;arwin
2017-07-30 05:04:53	worker	#np;2017-07-28 - 2017-07-28;submitSocial;all;arwin
2017-07-30 05:04:57	worker	#hitzlivestage;2017-07-28 - 2017-07-28;submitSocial;all;arwin
2017-07-30 05:04:59	worker	#thefreaks;2017-07-28 - 2017-07-28;submitSocial;all;arwin
2017-07-30 05:05:02	worker	#hitzsirkuspagi;2017-07-28 - 2017-07-28;submitSocial;all;arwin
2017-07-30 05:05:04	worker	#hitzathlon;2017-07-28 - 2017-07-28;submitSocial;all;arwin
2017-07-30 05:05:07	worker	#hitzzombie;2017-07-28 - 2017-07-28;submitSocial;all;arwin
2017-07-30 05:05:09	worker	#hitzkalong;2017-07-28 - 2017-07-28;submitSocial;all;arwin
2017-07-30 05:05:12	worker	#hitzbebas;2017-07-28 - 2017-07-28;submitSocial;all;arwin
2017-07-30 05:05:14	worker	#hitzhorehara;2017-07-28 - 2017-07-28;submitSocial;all;arwin
2017-07-30 05:05:17	worker	@ZaloraID;2017-07-28 - 2017-07-28;submitSocial;all;arwin
2017-07-30 05:05:19	worker	@OLX_Indonesia;2017-07-28 - 2017-07-28;submitSocial;all;arwin
2017-07-30 05:05:22	worker	@LazadaID;2017-07-28 - 2017-07-28;submitSocial;all;arwin
2017-07-30 05:05:25	worker	@utrippers;2017-07-28 - 2017-07-28;submitSocial;all;arwin
2017-07-30 05:05:27	worker	@GoGobot;2017-07-28 - 2017-07-28;submitSocial;all;arwin
2017-07-30 05:05:30	worker	@viatortravel;2017-07-28 - 2017-07-28;submitSocial;all;arwin
2017-07-30 05:05:32	worker	@alandakariza;2017-07-28 - 2017-07-28;submitSocial;all;arwin
2017-07-30 05:05:34	worker	@gagasmedia;2017-07-28 - 2017-07-28;submitSocial;all;arwin
2017-07-30 05:05:37	worker	@welovehonda;2017-07-28 - 2017-07-28;submitSocial;all;arwin
2017-07-30 05:05:40	worker	@SuzukiMotorID;2017-07-28 - 2017-07-28;submitSocial;all;arwin
2017-07-30 05:05:42	worker	@kawasakilovers;2017-07-28 - 2017-07-28;submitSocial;all;arwin
2017-07-30 05:05:45	worker	@yamahaindonesia;2017-07-28 - 2017-07-28;submitSocial;all;arwin
2017-07-30 05:05:47	worker	@tripanzee;2017-07-28 - 2017-07-28;submitSocial;all;arwin
2017-07-30 05:05:50	worker	@arnoldpoernomo;2017-07-28 - 2017-07-28;submitSocial;all;arwin
2017-07-30 05:05:52	worker	@nicsap;2017-07-28 - 2017-07-28;submitSocial;all;arwin
2017-07-30 05:05:55	worker	@tiket2;2017-07-28 - 2017-07-28;submitSocial;all;arwin
2017-07-30 05:05:57	worker	@traveloka;2017-07-28 - 2017-07-28;submitSocial;all;arwin
2017-07-30 05:06:00	worker	@wego;2017-07-28 - 2017-07-28;submitSocial;all;arwin
2017-07-30 05:06:03	worker	@agoda;2017-07-28 - 2017-07-28;submitSocial;all;arwin
2017-07-30 05:06:07	worker	#salahsambung;2017-07-28 - 2017-07-28;submitSocial;all;arwin
2017-07-30 05:06:09	worker	#tulalit;2017-07-28 - 2017-07-28;submitSocial;all;arwin
2017-07-30 05:06:12	worker	#pestageneraksi8;2017-07-28 - 2017-07-28;submitSocial;all;arwin
2017-07-30 05:06:13	worker	#ganaskustik;2017-07-28 - 2017-07-28;submitSocial;all;arwin
2017-07-30 05:06:16	worker	#lnhot20;2017-07-28 - 2017-07-28;submitSocial;all;arwin
2017-07-30 05:06:18	worker	@TripAdvisor;2017-07-28 - 2017-07-28;submitSocial;all;arwin
2017-07-30 05:06:20	worker	@google;2017-07-28 - 2017-07-28;submitSocial;all;arwin
2017-07-30 05:06:28	worker	@Telkomsel;2017-07-28 - 2017-07-28;submitSocial;all;arwin
2017-07-30 05:06:31	worker	@indosat;2017-07-28 - 2017-07-28;submitSocial;all;arwin
2017-07-30 05:06:34	worker	@bahanafmjkt;2017-07-28 - 2017-07-28;submitSocial;all;2017-07-30 05:06:39	worker	@sonorafm92;2017-07-28 - 2017-07-28;submitSocial;all;arwin
2017-07-30 05:06:42	worker	@litefm1058;2017-07-28 - 2017-07-28;submitSocial;all;arwin
2017-07-30 05:06:44	worker	@Bravaradio;2017-07-28 - 2017-07-28;submitSocial;all;arwin
2017-07-30 05:06:46	worker	#dgitm;2017-07-28 - 2017-07-28;submitSocial;all;arwin
2017-07-30 05:06:49	worker	#hitsalaprambors;2017-07-28 - 2017-07-28;submitSocial;all;arwin
2017-07-30 05:06:51	worker	#reqprambors;2017-07-28 - 2017-07-28;submitSocial;all;arwin
2017-07-30 05:06:54	worker	#thedandees;2017-07-28 - 2017-07-28;submitSocial;all;arwin
2017-07-30 05:06:56	worker	#pramborsquiz;2017-07-28 - 2017-07-28;submitSocial;all;arwin
2017-07-30 05:06:58	worker	#jeliprambors;2017-07-28 - 2017-07-28;submitSocial;all;arwin
2017-07-30 05:07:01	worker	#jodohinprambors;2017-07-28 - 2017-07-28;submitSocial;all;arwin
2017-07-30 05:07:03	worker	#ubahdenganbicara;2017-07-28 - 2017-07-28;submitSocial;all;arwin
2017-07-30 05:07:05	worker	#pramborschat;2017-07-28 - 2017-07-28;submitSocial;all;arwin
2017-07-30 05:07:07	worker	#tweetforduit;2017-07-28 - 2017-07-28;submitSocial;all;arwin
2017-07-30 05:07:10	worker	#joki3in1;2017-07-28 - 2017-07-28;submitSocial;all;arwin
2017-07-30 05:07:12	worker	#sarapanseru;2017-07-28 - 2017-07-28;submitSocial;all;arwin
2017-07-30 05:07:14	worker	#rawonkaneloop;2017-07-28 - 2017-07-28;submitSocial;all;arwin
2017-07-30 05:07:17	worker	#gudegkendilkeraton;2017-07-28 - 2017-07-28;submitSocial;all;arwin
2017-07-30 05:07:19	worker	#gadogadobutika;2017-07-28 - 2017-07-28;submitSocial;all;arwin
2017-07-30 05:07:21	worker	#mtvhottest;2017-07-28 - 2017-07-28;submitSocial;all;arwin
2017-07-30 05:07:24	worker	#dimsumcjdw;2017-07-28 - 2017-07-28;submitSocial;all;arwin
2017-07-30 05:07:26	worker	#pecelmadiunmbakniek;2017-07-28 - 2017-07-28;submitSocial;all;arwin
2017-07-30 05:07:28	worker	#depotarema;2017-07-28 - 2017-07-28;submitSocial;all;arwin
2017-07-30 05:07:31	worker	@BNI46;2017-07-28 - 2017-07-28;submitSocial;all;arwin
2017-07-30 05:07:33	worker	@BANKBRI_ID;2017-07-28 - 2017-07-28;submitSocial;all;arwin
2017-07-30 05:07:36	worker	#bni46;2017-07-28 - 2017-07-28;submitSocial;all;arwin
2017-07-30 05:07:38	worker	macet;2017-07-28 - 2017-07-28;submitSocial;all;arwin
2017-07-30 05:07:42	worker	#selamatpagi;2017-07-28 - 2017-07-28;submitSocial;all;arwin
2017-07-30 05:07:45	worker	#selamatmalam;2017-07-28 - 2017-07-28;submitSocial;all;arwin
2017-07-30 05:07:47	worker	@884GlobalRadio;2017-07-28 - 2017-07-28;submitSocial;all;arwin
2017-07-30 05:07:49	worker	@day_trans;2017-07-28 - 2017-07-28;submitSocial;all;arwin
2017-07-30 05:07:52	worker	@kencanavoyage;2017-07-28 - 2017-07-28;submitSocial;all;arwin
2017-07-30 05:07:54	worker	@jukebox5d;2017-07-28 - 2017-07-28;submitSocial;all;arwin
2017-07-30 05:07:57	worker	#mtvhottest;2017-07-28 - 2017-07-28;submitSocial;all;arwin
2017-07-30 05:07:59	worker	#semangatpagi;2017-07-28 - 2017-07-28;submitSocial;all;arwin
2017-07-30 05:08:02	worker	lifebuoy;2017-07-28 - 2017-07-28;submitSocial;all;arwin
2017-07-30 05:08:04	worker	jokowi;2017-07-28 - 2017-07-28;submitSocial;all;arwin
2017-07-30 05:08:12	worker	obama;2017-07-28 - 2017-07-28;submitSocial;all;arwin
2017-07-30 05:08:22	worker	starwars;2017-07-28 - 2017-07-28;submitSocial;all;arwin
2017-07-30 05:08:25	worker	jonan;2017-07-28 - 2017-07-28;submitSocial;all;arwin
2017-07-30 05:08:29	worker	pagi;2017-07-28 - 2017-07-28;submitSocial;all;arwin
2017-07-30 05:08:38	worker	sampoerna;2017-07-28 - 2017-07-28;submitSocial;all;arwin
2017-07-30 05:08:41	worker	djarum;2017-07-28 - 2017-07-28;submitSocial;all;arwin
2017-07-30 05:08:44	worker	#semangatpagi;2017-07-28 - 2017-07-28;submitSocial;all;arwin
2017-07-30 05:08:46	worker	#generaksi8;2017-07-28 - 2017-07-28;submitSocial;all;arwin
2017-07-30 05:08:48	worker	#365alasan;2017-07-28 - 2017-07-28;submitSocial;all;arwin
2017-07-30 05:08:51	worker	weew;2017-07-28 - 2017-07-28;submitSocial;all;arwin
2017-07-30 05:08:54	worker	testing;2017-07-28 - 2017-07-28;submitSocial;all;arwin
2017-07-30 05:09:03	worker	#kopaja;2017-07-28 - 2017-07-28;submitSocial;all;arwin
2017-07-30 05:09:06	worker	#genkuisinsideout;2017-07-28 - 2017-07-28;submitSocial;all;arwin
2017-07-30 05:09:08	worker	starwars;2017-07-28 - 2017-07-28;submitSocial;all;arwin
2017-07-30 05:09:11	worker	#kopaja;2017-07-28 - 2017-07-28;submitSocial;all;arwin
2017-07-30 05:09:14	worker	mldspot;2017-07-28 - 2017-07-28;submitSocial;all;arwin
2017-07-30 05:09:17	worker	PBDjarum;2017-07-28 - 2017-07-28;submitSocial;all;arwin
2017-07-30 05:09:20	worker	TemanNabati;2017-07-28 - 2017-07-28;submitSocial;all;arwin
2017-07-30 05:09:22	worker	Nextar;2017-07-28 - 2017-07-28;submitSocial;all;arwin
2017-07-30 05:09:26	worker	jokowo;2017-07-28 - 2017-07-28;submitSocial;all;arwin
2017-07-30 05:09:29	worker	prabowo;2017-07-28 - 2017-07-28;submitSocial;all;arwin
2017-07-30 05:09:37	worker	sudirman said;2017-07-28 - 2017-07-28;submitSocial;all;arwin
2017-07-30 05:09:39	worker	ahok;2017-07-28 - 2017-07-28;submitSocial;all;arwin
2017-07-30 05:09:45	worker	setyanovanto;2017-07-28 - 2017-07-28;submitSocial;all;arwin
2017-07-30 05:09:47	worker	jokowi;2017-07-28 - 2017-07-28;submitSocial;all;arwin
2017-07-30 05:09:55	worker	ahok;2017-07-28 - 2017-07-28;submitSocial;all;arwin
2017-07-30 05:10:01	worker	prabowo;2017-07-28 - 2017-07-28;submitSocial;all;arwin
2017-07-30 05:10:09	worker	sudirman said;2017-07-28 - 2017-07-28;submitSocial;all;arwin
2017-07-30 05:10:12	worker	setyanovanto;2017-07-28 - 2017-07-28;submitSocial;all;arwin
2017-07-30 05:10:14	worker	galau;2017-07-28 - 2017-07-28;submitSocial;all;arwin
2017-07-30 05:10:20	worker	#prestasiindonesia;2017-07-28 - 2017-07-28;submitSocial;all;arwin
2017-07-30 05:10:22	worker	@Tw_Debi;2017-07-28 - 2017-07-28;submitSocial;all;arwin
2017-07-30 05:10:25	worker	@OfficialFastron;2017-07-28 - 2017-07-28;submitSocial;all;arwin
2017-07-30 05:10:28	worker	@CitibankID;2017-07-28 - 2017-07-28;submitSocial;all;arwin
2017-07-30 05:10:30	worker	@jak101fm;2017-07-28 - 2017-07-28;submitSocial;all;arwin
2017-07-30 05:10:33	worker	@genfm;2017-07-28 - 2017-07-28;submitSocial;all;arwin
