2017-12-20 05:00:02	worker	@987genfm;2017-12-18 - 2017-12-18;submitSocial;all;arwin
2017-12-20 05:00:07	worker	@101jakfm;2017-12-18 - 2017-12-18;submitSocial;all;arwin
2017-12-20 05:00:09	worker	@prambors;2017-12-18 - 2017-12-18;submitSocial;all;arwin
2017-12-20 05:00:12	worker	@hardrockfm;2017-12-18 - 2017-12-18;submitSocial;all;arwin
2017-12-20 05:00:14	worker	@kisfmjakarta;2017-12-18 - 2017-12-18;submitSocial;all;arwin
2017-12-20 05:00:16	worker	@delta_fm;2017-12-18 - 2017-12-18;submitSocial;all;arwin
2017-12-20 05:00:19	worker	@traxfmjkt;2017-12-18 - 2017-12-18;submitSocial;all;arwin
2017-12-20 05:00:21	worker	@iradiojakarta;2017-12-18 - 2017-12-18;submitSocial;all;arwin
2017-12-20 05:00:23	worker	@indika9160fm;2017-12-18 - 2017-12-18;submitSocial;all;arwin
2017-12-20 05:00:26	worker	@shellindonesia;2017-12-18 - 2017-12-18;submitSocial;all;arwin
2017-12-20 05:00:28	worker	@vpowerfans;2017-12-18 - 2017-12-18;submitSocial;all;arwin
2017-12-20 05:00:30	worker	@pertamaxind;2017-12-18 - 2017-12-18;submitSocial;all;arwin
2017-12-20 05:00:32	worker	@ptpertamina;2017-12-18 - 2017-12-18;submitSocial;all;arwin
2017-12-20 05:00:34	worker	@OZRadioJakarta;2017-12-18 - 2017-12-18;submitSocial;all;arwin
2017-12-20 05:00:36	worker	@CosmopolitanFM;2017-12-18 - 2017-12-18;submitSocial;all;arwin
2017-12-20 05:00:38	worker	@mustang88fm;2017-12-18 - 2017-12-18;submitSocial;all;arwin
2017-12-20 05:00:41	worker	@debabaz;2017-12-18 - 2017-12-18;submitSocial;all;arwin
2017-12-20 05:00:43	worker	@detikcom;2017-12-18 - 2017-12-18;submitSocial;all;arwin
2017-12-20 05:00:46	worker	@radioelshinta;2017-12-18 - 2017-12-18;submitSocial;all;arwin
2017-12-20 05:00:49	worker	@cinema21;2017-12-18 - 2017-12-18;submitSocial;all;arwin
2017-12-20 05:00:52	worker	@OfficialRCTI;2017-12-18 - 2017-12-18;submitSocial;all;arwin
2017-12-20 05:00:54	worker	@TRANSTV_CORP;2017-12-18 - 2017-12-18;submitSocial;all;arwin
2017-12-20 05:00:56	worker	@TRANS7;2017-12-18 - 2017-12-18;submitSocial;all;arwin
2017-12-20 05:00:58	worker	@Metro_TV;2017-12-18 - 2017-12-18;submitSocial;all;arwin
2017-12-20 05:01:01	worker	@tvOneNews;2017-12-18 - 2017-12-18;submitSocial;all;arwin
2017-12-20 05:01:04	worker	@whatsonANTV;2017-12-18 - 2017-12-18;submitSocial;all;arwin
2017-12-20 05:01:06	worker	@SCTV_;2017-12-18 - 2017-12-18;submitSocial;all;arwin
2017-12-20 05:01:09	worker	@KompasTV;2017-12-18 - 2017-12-18;submitSocial;all;arwin
2017-12-20 05:01:11	worker	@netmediatama;2017-12-18 - 2017-12-18;submitSocial;all;arwin
2017-12-20 05:01:14	worker	@Globaltvseru;2017-12-18 - 2017-12-18;submitSocial;all;arwin
2017-12-20 05:01:16	worker	@JaktvCom;2017-12-18 - 2017-12-18;submitSocial;all;arwin
2017-12-20 05:01:19	worker	@TVRINasional;2017-12-18 - 2017-12-18;submitSocial;all;arwin
2017-12-20 05:01:21	worker	@ochannelupdates;2017-12-18 - 2017-12-18;submitSocial;all;arwin
2017-12-20 05:01:23	worker	@IndosiarID;2017-12-18 - 2017-12-18;submitSocial;all;arwin
2017-12-20 05:01:26	worker	@kompascom;2017-12-18 - 2017-12-18;submitSocial;all;arwin
2017-12-20 05:01:30	worker	@merdekadotcom;2017-12-18 - 2017-12-18;submitSocial;all;arwin
2017-12-20 05:01:32	worker	@MIdotcom;2017-12-18 - 2017-12-18;submitSocial;all;arwin
2017-12-20 05:01:35	worker	@tempodotco;2017-12-18 - 2017-12-18;submitSocial;all;arwin
2017-12-20 05:01:37	worker	@motion975fm;2017-12-18 - 2017-12-18;submitSocial;all;arwin
2017-12-20 05:01:39	worker	@_radiotoday;2017-12-18 - 2017-12-18;submitSocial;all;arwin
2017-12-20 05:01:41	worker	@radioinfo;2017-12-18 - 2017-12-18;submitSocial;all;arwin
2017-12-20 05:01:44	worker	@979FeMaleRadio;2017-12-18 - 2017-12-18;submitSocial;all;arwin
2017-12-20 05:01:46	worker	@WomanRadio943FM;2017-12-18 - 2017-12-18;submitSocial;all;arwin
2017-12-20 05:01:48	worker	@VRadioFM;2017-12-18 - 2017-12-18;submitSocial;all;arwin
2017-12-20 05:01:50	worker	@UFM947;2017-12-18 - 2017-12-18;submitSocial;all;arwin
2017-12-20 05:01:52	worker	@VIVAnews;2017-12-18 - 2017-12-18;submitSocial;all;arwin
2017-12-20 05:01:54	worker	@antaranews;2017-12-18 - 2017-12-18;submitSocial;all;arwin
2017-12-20 05:01:56	worker	@tribunnews;2017-12-18 - 2017-12-18;submitSocial;all;arwin
2017-12-20 05:01:59	worker	@okezonenews;2017-12-18 - 2017-12-18;submitSocial;all;arwin
2017-12-20 05:02:02	worker	@Beritasatu;2017-12-18 - 2017-12-18;submitSocial;all;arwin
2017-12-20 05:02:04	worker	@rollingstoneina;2017-12-18 - 2017-12-18;submitSocial;all;arwin
2017-12-20 05:02:06	worker	@FIMELAdotcom;2017-12-18 - 2017-12-18;submitSocial;all;arwin
2017-12-20 05:02:08	worker	@KapanLagicom;2017-12-18 - 2017-12-18;submitSocial;all;arwin
2017-12-20 05:02:10	worker	@KompasEnt ;2017-12-18 - 2017-12-18;submitSocial;all;arwin
2017-12-20 05:02:12	worker	@HaiMagazine;2017-12-18 - 2017-12-18;submitSocial;all;arwin
2017-12-20 05:02:14	worker	@JakartaVenue;2017-12-18 - 2017-12-18;submitSocial;all;arwin
2017-12-20 05:02:17	worker	@SeputarEvent;2017-12-18 - 2017-12-18;submitSocial;all;arwin
2017-12-20 05:02:19	worker	@ismayaLive;2017-12-18 - 2017-12-18;submitSocial;all;arwin
2017-12-20 05:02:21	worker	@ECEntertainment;2017-12-18 - 2017-12-18;submitSocial;all;arwin
2017-12-20 05:02:23	worker	@synergism_En;2017-12-18 - 2017-12-18;submitSocial;all;arwin
2017-12-20 05:02:25	worker	@Urbanbandung;2017-12-18 - 2017-12-18;submitSocial;all;arwin
2017-12-20 05:02:27	worker	@Urbanrkm995;2017-12-18 - 2017-12-18;submitSocial;all;arwin
2017-12-20 05:02:29	worker	@Garuda_Promo;2017-12-18 - 2017-12-18;submitSocial;all;arwin
2017-12-20 05:02:31	worker	@AirAsiaID;2017-12-18 - 2017-12-18;submitSocial;all;arwin
2017-12-20 05:02:33	worker	@KAI121;2017-12-18 - 2017-12-18;submitSocial;all;arwin
2017-12-20 05:02:36	worker	@Unilever;2017-12-18 - 2017-12-18;submitSocial;all;arwin
2017-12-20 05:02:38	worker	@Nestle;2017-12-18 - 2017-12-18;submitSocial;all;arwin
2017-12-20 05:02:41	worker	@CocaCola;2017-12-18 - 2017-12-18;submitSocial;all;arwin
2017-12-20 05:02:44	worker	@CNN;2017-12-18 - 2017-12-18;submitSocial;all;arwin
2017-12-20 05:02:50	worker	@MTV;2017-12-18 - 2017-12-18;submitSocial;all;arwin
2017-12-20 05:02:54	worker	@channelv;2017-12-18 - 2017-12-18;submitSocial;all;arwin
2017-12-20 05:02:56	worker	@iTunesMusic;2017-12-18 - 2017-12-18;submitSocial;all;arwin
2017-12-20 05:02:58	worker	@mashable;2017-12-18 - 2017-12-18;submitSocial;all;arwin
2017-12-20 05:03:02	worker	@decacaz;2017-12-18 - 2017-12-18;submitSocial;all;arwin
2017-12-20 05:03:04	worker	@radiobaru967FM;2017-12-18 - 2017-12-18;submitSocial;all;arwin
2017-12-20 05:03:06	worker	@967HitzFM;2017-12-18 - 2017-12-18;submitSocial;all;arwin
2017-12-20 05:03:08	worker	@TVGuide;2017-12-18 - 2017-12-18;submitSocial;all;arwin
2017-12-20 05:03:10	worker	@XL123;2017-12-18 - 2017-12-18;submitSocial;all;arwin
2017-12-20 05:03:12	worker	@triindonesia;2017-12-18 - 2017-12-18;submitSocial;all;arwin
2017-12-20 05:03:15	worker	@kaskus;2017-12-18 - 2017-12-18;submitSocial;all;arwin
2017-12-20 05:03:17	worker	@Studio_XXI;2017-12-18 - 2017-12-18;submitSocial;all;arwin
2017-12-20 05:03:20	worker	@blitzmegaplex;2017-12-18 - 2017-12-18;submitSocial;all;arwin
2017-12-20 05:03:21	worker	@alfamartku;2017-12-18 - 2017-12-18;submitSocial;all;arwin
2017-12-20 05:03:23	worker	@Carrefour_ID;2017-12-18 - 2017-12-18;submitSocial;all;arwin
2017-12-20 05:03:26	worker	@BBCBreaking;2017-12-18 - 2017-12-18;submitSocial;all;arwin
2017-12-20 05:03:29	worker	@Forbes;2017-12-18 - 2017-12-18;submitSocial;all;arwin
2017-12-20 05:03:35	worker	@BensRadio;2017-12-18 - 2017-12-18;submitSocial;all;arwin
2017-12-20 05:03:37	worker	@instagram;2017-12-18 - 2017-12-18;submitSocial;all;arwin
2017-12-20 05:03:42	worker	@Pinterest;2017-12-18 - 2017-12-18;submitSocial;all;arwin
2017-12-20 05:03:44	worker	@google;2017-12-18 - 2017-12-18;submitSocial;all;arwin
2017-12-20 05:03:50	worker	@Pertaminalub;2017-12-18 - 2017-12-18;submitSocial;all;arwin
2017-12-20 05:03:52	worker	@InfoLalinTol;2017-12-18 - 2017-12-18;submitSocial;all;arwin
2017-12-20 05:03:55	worker	@PTJASAMARGA;2017-12-18 - 2017-12-18;submitSocial;all;arwin
2017-12-20 05:03:57	worker	@cititransindo;2017-12-18 - 2017-12-18;submitSocial;all;arwin
2017-12-20 05:03:59	worker	#semangatpagisuperr;2017-12-18 - 2017-12-18;submitSocial;all;arwin
2017-12-20 05:04:01	worker	#genkuisinsideout;2017-12-18 - 2017-12-18;submitSocial;all;arwin
2017-12-20 05:04:03	worker	#semangatpagi;2017-12-18 - 2017-12-18;submitSocial;all;arwin
2017-12-20 05:04:05	worker	#dikamar;2017-12-18 - 2017-12-18;submitSocial;all;arwin
2017-12-20 05:04:07	worker	#kopaja;2017-12-18 - 2017-12-18;submitSocial;all;arwin
2017-12-20 05:04:10	worker	#generaksi8;2017-12-18 - 2017-12-18;submitSocial;all;arwin
2017-12-20 05:04:11	worker	#hitztsp;2017-12-18 - 2017-12-18;submitSocial;all;arwin
2017-12-20 05:04:14	worker	#np;2017-12-18 - 2017-12-18;submitSocial;all;arwin
2017-12-20 05:04:17	worker	#hitzlivestage;2017-12-18 - 2017-12-18;submitSocial;all;arwin
2017-12-20 05:04:19	worker	#thefreaks;2017-12-18 - 2017-12-18;submitSocial;all;arwin
2017-12-20 05:04:21	worker	#hitzsirkuspagi;2017-12-18 - 2017-12-18;submitSocial;all;arwin
2017-12-20 05:04:23	worker	#hitzathlon;2017-12-18 - 2017-12-18;submitSocial;all;arwin
2017-12-20 05:04:25	worker	#hitzzombie;2017-12-18 - 2017-12-18;submitSocial;all;arwin
2017-12-20 05:04:27	worker	#hitzkalong;2017-12-18 - 2017-12-18;submitSocial;all;arwin
2017-12-20 05:04:29	worker	#hitzbebas;2017-12-18 - 2017-12-18;submitSocial;all;arwin
2017-12-20 05:04:31	worker	#hitzhorehara;2017-12-18 - 2017-12-18;submitSocial;all;arwin
2017-12-20 05:04:33	worker	@ZaloraID;2017-12-18 - 2017-12-18;submitSocial;all;arwin
2017-12-20 05:04:36	worker	@OLX_Indonesia;2017-12-18 - 2017-12-18;submitSocial;all;arwin
2017-12-20 05:04:38	worker	@LazadaID;2017-12-18 - 2017-12-18;submitSocial;all;arwin
2017-12-20 05:04:40	worker	@utrippers;2017-12-18 - 2017-12-18;submitSocial;all;arwin
2017-12-20 05:04:42	worker	@GoGobot;2017-12-18 - 2017-12-18;submitSocial;all;arwin
2017-12-20 05:04:45	worker	@viatortravel;2017-12-18 - 2017-12-18;submitSocial;all;arwin
2017-12-20 05:04:47	worker	@alandakariza;2017-12-18 - 2017-12-18;submitSocial;all;arwin
2017-12-20 05:04:49	worker	@gagasmedia;2017-12-18 - 2017-12-18;submitSocial;all;arwin
2017-12-20 05:04:51	worker	@welovehonda;2017-12-18 - 2017-12-18;submitSocial;all;arwin
2017-12-20 05:04:54	worker	@SuzukiMotorID;2017-12-18 - 2017-12-18;submitSocial;all;arwin
2017-12-20 05:04:56	worker	@kawasakilovers;2017-12-18 - 2017-12-18;submitSocial;all;arwin
2017-12-20 05:04:58	worker	@yamahaindonesia;2017-12-18 - 2017-12-18;submitSocial;all;arwin
2017-12-20 05:05:00	worker	@tripanzee;2017-12-18 - 2017-12-18;submitSocial;all;arwin
2017-12-20 05:05:03	worker	@arnoldpoernomo;2017-12-18 - 2017-12-18;submitSocial;all;arwin
2017-12-20 05:05:05	worker	@nicsap;2017-12-18 - 2017-12-18;submitSocial;all;arwin
2017-12-20 05:05:07	worker	@tiket2;2017-12-18 - 2017-12-18;submitSocial;all;arwin
2017-12-20 05:05:09	worker	@traveloka;2017-12-18 - 2017-12-18;submitSocial;all;arwin
2017-12-20 05:05:12	worker	@wego;2017-12-18 - 2017-12-18;submitSocial;all;arwin
2017-12-20 05:05:15	worker	@agoda;2017-12-18 - 2017-12-18;submitSocial;all;arwin
2017-12-20 05:05:17	worker	#salahsambung;2017-12-18 - 2017-12-18;submitSocial;all;arwin
2017-12-20 05:05:19	worker	#tulalit;2017-12-18 - 2017-12-18;submitSocial;all;arwin
2017-12-20 05:05:22	worker	#pestageneraksi8;2017-12-18 - 2017-12-18;submitSocial;all;arwin
2017-12-20 05:05:23	worker	#ganaskustik;2017-12-18 - 2017-12-18;submitSocial;all;arwin
2017-12-20 05:05:26	worker	#lnhot20;2017-12-18 - 2017-12-18;submitSocial;all;arwin
2017-12-20 05:05:27	worker	@TripAdvisor;2017-12-18 - 2017-12-18;submitSocial;all;arwin
2017-12-20 05:05:30	worker	@google;2017-12-18 - 2017-12-18;submitSocial;all;arwin
2017-12-20 05:05:36	worker	@Telkomsel;2017-12-18 - 2017-12-18;submitSocial;all;arwin
2017-12-20 05:05:39	worker	@indosat;2017-12-18 - 2017-12-18;submitSocial;all;arwin
2017-12-20 05:05:41	worker	@bahanafmjkt;2017-12-18 - 2017-12-18;submitSocial;all;2017-12-20 05:05:46	worker	@sonorafm92;2017-12-18 - 2017-12-18;submitSocial;all;arwin
2017-12-20 05:05:48	worker	@litefm1058;2017-12-18 - 2017-12-18;submitSocial;all;arwin
2017-12-20 05:05:50	worker	@Bravaradio;2017-12-18 - 2017-12-18;submitSocial;all;arwin
2017-12-20 05:05:52	worker	#dgitm;2017-12-18 - 2017-12-18;submitSocial;all;arwin
2017-12-20 05:05:55	worker	#hitsalaprambors;2017-12-18 - 2017-12-18;submitSocial;all;arwin
2017-12-20 05:05:57	worker	#reqprambors;2017-12-18 - 2017-12-18;submitSocial;all;arwin
2017-12-20 05:05:59	worker	#thedandees;2017-12-18 - 2017-12-18;submitSocial;all;arwin
2017-12-20 05:06:01	worker	#pramborsquiz;2017-12-18 - 2017-12-18;submitSocial;all;arwin
2017-12-20 05:06:03	worker	#jeliprambors;2017-12-18 - 2017-12-18;submitSocial;all;arwin
2017-12-20 05:06:05	worker	#jodohinprambors;2017-12-18 - 2017-12-18;submitSocial;all;arwin
2017-12-20 05:06:07	worker	#ubahdenganbicara;2017-12-18 - 2017-12-18;submitSocial;all;arwin
2017-12-20 05:06:09	worker	#pramborschat;2017-12-18 - 2017-12-18;submitSocial;all;arwin
2017-12-20 05:06:11	worker	#tweetforduit;2017-12-18 - 2017-12-18;submitSocial;all;arwin
2017-12-20 05:06:13	worker	#joki3in1;2017-12-18 - 2017-12-18;submitSocial;all;arwin
2017-12-20 05:06:15	worker	#sarapanseru;2017-12-18 - 2017-12-18;submitSocial;all;arwin
2017-12-20 05:06:17	worker	#rawonkaneloop;2017-12-18 - 2017-12-18;submitSocial;all;arwin
2017-12-20 05:06:19	worker	#gudegkendilkeraton;2017-12-18 - 2017-12-18;submitSocial;all;arwin
2017-12-20 05:06:21	worker	#gadogadobutika;2017-12-18 - 2017-12-18;submitSocial;all;arwin
2017-12-20 05:06:23	worker	#mtvhottest;2017-12-18 - 2017-12-18;submitSocial;all;arwin
2017-12-20 05:06:25	worker	#dimsumcjdw;2017-12-18 - 2017-12-18;submitSocial;all;arwin
2017-12-20 05:06:27	worker	#pecelmadiunmbakniek;2017-12-18 - 2017-12-18;submitSocial;all;arwin
2017-12-20 05:06:29	worker	#depotarema;2017-12-18 - 2017-12-18;submitSocial;all;arwin
2017-12-20 05:06:31	worker	@BNI46;2017-12-18 - 2017-12-18;submitSocial;all;arwin
2017-12-20 05:06:33	worker	@BANKBRI_ID;2017-12-18 - 2017-12-18;submitSocial;all;arwin
2017-12-20 05:06:35	worker	#bni46;2017-12-18 - 2017-12-18;submitSocial;all;arwin
2017-12-20 05:06:37	worker	macet;2017-12-18 - 2017-12-18;submitSocial;all;arwin
2017-12-20 05:06:41	worker	#selamatpagi;2017-12-18 - 2017-12-18;submitSocial;all;arwin
2017-12-20 05:06:43	worker	#selamatmalam;2017-12-18 - 2017-12-18;submitSocial;all;arwin
2017-12-20 05:06:45	worker	@884GlobalRadio;2017-12-18 - 2017-12-18;submitSocial;all;arwin
2017-12-20 05:06:47	worker	@day_trans;2017-12-18 - 2017-12-18;submitSocial;all;arwin
2017-12-20 05:06:50	worker	@kencanavoyage;2017-12-18 - 2017-12-18;submitSocial;all;arwin
2017-12-20 05:06:52	worker	@jukebox5d;2017-12-18 - 2017-12-18;submitSocial;all;arwin
2017-12-20 05:06:54	worker	#mtvhottest;2017-12-18 - 2017-12-18;submitSocial;all;arwin
2017-12-20 05:06:56	worker	#semangatpagi;2017-12-18 - 2017-12-18;submitSocial;all;arwin
2017-12-20 05:06:58	worker	lifebuoy;2017-12-18 - 2017-12-18;submitSocial;all;arwin
2017-12-20 05:07:00	worker	jokowi;2017-12-18 - 2017-12-18;submitSocial;all;arwin
2017-12-20 05:07:08	worker	obama;2017-12-18 - 2017-12-18;submitSocial;all;arwin
2017-12-20 05:07:16	worker	starwars;2017-12-18 - 2017-12-18;submitSocial;all;arwin
2017-12-20 05:07:19	worker	jonan;2017-12-18 - 2017-12-18;submitSocial;all;arwin
2017-12-20 05:07:22	worker	pagi;2017-12-18 - 2017-12-18;submitSocial;all;arwin
2017-12-20 05:07:29	worker	sampoerna;2017-12-18 - 2017-12-18;submitSocial;all;arwin
2017-12-20 05:07:31	worker	djarum;2017-12-18 - 2017-12-18;submitSocial;all;arwin
2017-12-20 05:07:34	worker	#semangatpagi;2017-12-18 - 2017-12-18;submitSocial;all;arwin
2017-12-20 05:07:36	worker	#generaksi8;2017-12-18 - 2017-12-18;submitSocial;all;arwin
2017-12-20 05:07:38	worker	#365alasan;2017-12-18 - 2017-12-18;submitSocial;all;arwin
2017-12-20 05:07:40	worker	weew;2017-12-18 - 2017-12-18;submitSocial;all;arwin
2017-12-20 05:07:43	worker	testing;2017-12-18 - 2017-12-18;submitSocial;all;arwin
2017-12-20 05:07:48	worker	#kopaja;2017-12-18 - 2017-12-18;submitSocial;all;arwin
2017-12-20 05:07:51	worker	#genkuisinsideout;2017-12-18 - 2017-12-18;submitSocial;all;arwin
2017-12-20 05:07:53	worker	starwars;2017-12-18 - 2017-12-18;submitSocial;all;arwin
2017-12-20 05:07:55	worker	#kopaja;2017-12-18 - 2017-12-18;submitSocial;all;arwin
2017-12-20 05:07:58	worker	mldspot;2017-12-18 - 2017-12-18;submitSocial;all;arwin
2017-12-20 05:08:00	worker	PBDjarum;2017-12-18 - 2017-12-18;submitSocial;all;arwin
2017-12-20 05:08:02	worker	TemanNabati;2017-12-18 - 2017-12-18;submitSocial;all;arwin
2017-12-20 05:08:04	worker	Nextar;2017-12-18 - 2017-12-18;submitSocial;all;arwin
2017-12-20 05:08:07	worker	jokowo;2017-12-18 - 2017-12-18;submitSocial;all;arwin
2017-12-20 05:08:10	worker	prabowo;2017-12-18 - 2017-12-18;submitSocial;all;arwin
2017-12-20 05:08:13	worker	sudirman said;2017-12-18 - 2017-12-18;submitSocial;all;arwin
2017-12-20 05:08:16	worker	ahok;2017-12-18 - 2017-12-18;submitSocial;all;arwin
2017-12-20 05:08:21	worker	setyanovanto;2017-12-18 - 2017-12-18;submitSocial;all;arwin
2017-12-20 05:08:23	worker	jokowi;2017-12-18 - 2017-12-18;submitSocial;all;arwin
2017-12-20 05:08:31	worker	ahok;2017-12-18 - 2017-12-18;submitSocial;all;arwin
2017-12-20 05:08:36	worker	prabowo;2017-12-18 - 2017-12-18;submitSocial;all;arwin
2017-12-20 05:08:39	worker	sudirman said;2017-12-18 - 2017-12-18;submitSocial;all;arwin
2017-12-20 05:08:41	worker	setyanovanto;2017-12-18 - 2017-12-18;submitSocial;all;arwin
2017-12-20 05:08:43	worker	galau;2017-12-18 - 2017-12-18;submitSocial;all;arwin
2017-12-20 05:08:47	worker	#prestasiindonesia;2017-12-18 - 2017-12-18;submitSocial;all;arwin
2017-12-20 05:08:49	worker	@Tw_Debi;2017-12-18 - 2017-12-18;submitSocial;all;arwin
2017-12-20 05:08:52	worker	@OfficialFastron;2017-12-18 - 2017-12-18;submitSocial;all;arwin
2017-12-20 05:08:54	worker	@CitibankID;2017-12-18 - 2017-12-18;submitSocial;all;arwin
2017-12-20 05:08:56	worker	@jak101fm;2017-12-18 - 2017-12-18;submitSocial;all;arwin
2017-12-20 05:08:59	worker	@genfm;2017-12-18 - 2017-12-18;submitSocial;all;arwin
