2017-03-02 05:00:05	[{"keyword":"@987genfm","from":"2017-02-28","mode":"submitSocial","container":"all","username":"arwin"}]
2017-03-02 05:00:07	[{"keyword":"@101jakfm","from":"2017-02-28","mode":"submitSocial","container":"all","username":"arwin"}]
2017-03-02 05:00:10	[{"keyword":"@prambors","from":"2017-02-28","mode":"submitSocial","container":"all","username":"arwin"}]
2017-03-02 05:00:13	[{"keyword":"@hardrockfm","from":"2017-02-28","mode":"submitSocial","container":"all","username":"arwin"}]
2017-03-02 05:00:15	[{"keyword":"@kisfmjakarta","from":"2017-02-28","mode":"submitSocial","container":"all","username":"arwin"}]
2017-03-02 05:00:17	[{"keyword":"@delta_fm","from":"2017-02-28","mode":"submitSocial","container":"all","username":"arwin"}]
2017-03-02 05:00:20	[{"keyword":"@traxfmjkt","from":"2017-02-28","mode":"submitSocial","container":"all","username":"arwin"}]
2017-03-02 05:00:22	[{"keyword":"@iradiojakarta","from":"2017-02-28","mode":"submitSocial","container":"all","username":"arwin"}]
2017-03-02 05:00:24	[{"keyword":"@indika9160fm","from":"2017-02-28","mode":"submitSocial","container":"all","username":"arwin"}]
2017-03-02 05:00:26	[{"keyword":"@shellindonesia","from":"2017-02-28","mode":"submitSocial","container":"all","username":"arwin"}]
2017-03-02 05:00:28	[{"keyword":"@vpowerfans","from":"2017-02-28","mode":"submitSocial","container":"all","username":"arwin"}]
2017-03-02 05:00:31	[{"keyword":"@pertamaxind","from":"2017-02-28","mode":"submitSocial","container":"all","username":"arwin"}]
2017-03-02 05:00:33	[{"keyword":"@ptpertamina","from":"2017-02-28","mode":"submitSocial","container":"all","username":"arwin"}]
2017-03-02 05:00:35	[{"keyword":"@ozradiojakarta","from":"2017-02-28","mode":"submitSocial","container":"all","username":"arwin"}]
2017-03-02 05:00:37	[{"keyword":"@cosmopolitanfm","from":"2017-02-28","mode":"submitSocial","container":"all","username":"arwin"}]
2017-03-02 05:00:40	[{"keyword":"@mustang88fm","from":"2017-02-28","mode":"submitSocial","container":"all","username":"arwin"}]
2017-03-02 05:00:41	[{"keyword":"@debabaz","from":"2017-02-28","mode":"submitSocial","container":"all","username":"arwin"}]
2017-03-02 05:00:44	[{"keyword":"@detikcom","from":"2017-02-28","mode":"submitSocial","container":"all","username":"arwin"}]
2017-03-02 05:00:47	[{"keyword":"@radioelshinta","from":"2017-02-28","mode":"submitSocial","container":"all","username":"arwin"}]
2017-03-02 05:00:49	[{"keyword":"@cinema21","from":"2017-02-28","mode":"submitSocial","container":"all","username":"arwin"}]
2017-03-02 05:00:52	[{"keyword":"@officialrcti","from":"2017-02-28","mode":"submitSocial","container":"all","username":"arwin"}]
2017-03-02 05:00:54	[{"keyword":"@transtv_corp","from":"2017-02-28","mode":"submitSocial","container":"all","username":"arwin"}]
2017-03-02 05:00:56	[{"keyword":"@trans7","from":"2017-02-28","mode":"submitSocial","container":"all","username":"arwin"}]
2017-03-02 05:00:59	[{"keyword":"@metro_tv","from":"2017-02-28","mode":"submitSocial","container":"all","username":"arwin"}]
2017-03-02 05:01:01	[{"keyword":"@tvonenews","from":"2017-02-28","mode":"submitSocial","container":"all","username":"arwin"}]
2017-03-02 05:01:04	[{"keyword":"@whatsonantv","from":"2017-02-28","mode":"submitSocial","container":"all","username":"arwin"}]
2017-03-02 05:01:07	[{"keyword":"@sctv_","from":"2017-02-28","mode":"submitSocial","container":"all","username":"arwin"}]
2017-03-02 05:01:10	[{"keyword":"@kompastv","from":"2017-02-28","mode":"submitSocial","container":"all","username":"arwin"}]
2017-03-02 05:01:12	[{"keyword":"@netmediatama","from":"2017-02-28","mode":"submitSocial","container":"all","username":"arwin"}]
2017-03-02 05:01:15	[{"keyword":"@globaltvseru","from":"2017-02-28","mode":"submitSocial","container":"all","username":"arwin"}]
2017-03-02 05:01:17	[{"keyword":"@jaktvcom","from":"2017-02-28","mode":"submitSocial","container":"all","username":"arwin"}]
2017-03-02 05:01:19	[{"keyword":"@tvrinasional","from":"2017-02-28","mode":"submitSocial","container":"all","username":"arwin"}]
2017-03-02 05:01:21	[{"keyword":"@ochannelupdates","from":"2017-02-28","mode":"submitSocial","container":"all","username":"arwin"}]
2017-03-02 05:01:24	[{"keyword":"@indosiarid","from":"2017-02-28","mode":"submitSocial","container":"all","username":"arwin"}]
2017-03-02 05:01:28	[{"keyword":"@kompascom","from":"2017-02-28","mode":"submitSocial","container":"all","username":"arwin"}]
2017-03-02 05:01:30	[{"keyword":"@merdekadotcom","from":"2017-02-28","mode":"submitSocial","container":"all","username":"arwin"}]
2017-03-02 05:01:33	[{"keyword":"@midotcom","from":"2017-02-28","mode":"submitSocial","container":"all","username":"arwin"}]
2017-03-02 05:01:35	[{"keyword":"@tempodotco","from":"2017-02-28","mode":"submitSocial","container":"all","username":"arwin"}]
2017-03-02 05:01:37	[{"keyword":"@motion975fm","from":"2017-02-28","mode":"submitSocial","container":"all","username":"arwin"}]
2017-03-02 05:01:39	[{"keyword":"@_radiotoday","from":"2017-02-28","mode":"submitSocial","container":"all","username":"arwin"}]
2017-03-02 05:01:42	[{"keyword":"@radioinfo","from":"2017-02-28","mode":"submitSocial","container":"all","username":"arwin"}]
2017-03-02 05:01:44	[{"keyword":"@979femaleradio","from":"2017-02-28","mode":"submitSocial","container":"all","username":"arwin"}]
2017-03-02 05:01:46	[{"keyword":"@womanradio943fm","from":"2017-02-28","mode":"submitSocial","container":"all","username":"arwin"}]
2017-03-02 05:01:48	[{"keyword":"@vradiofm","from":"2017-02-28","mode":"submitSocial","container":"all","username":"arwin"}]
2017-03-02 05:01:50	[{"keyword":"@ufm947","from":"2017-02-28","mode":"submitSocial","container":"all","username":"arwin"}]
2017-03-02 05:01:52	[{"keyword":"@vivanews","from":"2017-02-28","mode":"submitSocial","container":"all","username":"arwin"}]
2017-03-02 05:01:55	[{"keyword":"@antaranews","from":"2017-02-28","mode":"submitSocial","container":"all","username":"arwin"}]
2017-03-02 05:01:58	[{"keyword":"@tribunnews","from":"2017-02-28","mode":"submitSocial","container":"all","username":"arwin"}]
2017-03-02 05:02:00	[{"keyword":"@okezonenews","from":"2017-02-28","mode":"submitSocial","container":"all","username":"arwin"}]
2017-03-02 05:02:02	[{"keyword":"@beritasatu","from":"2017-02-28","mode":"submitSocial","container":"all","username":"arwin"}]
2017-03-02 05:02:05	[{"keyword":"@rollingstoneina","from":"2017-02-28","mode":"submitSocial","container":"all","username":"arwin"}]
2017-03-02 05:02:07	[{"keyword":"@fimeladotcom","from":"2017-02-28","mode":"submitSocial","container":"all","username":"arwin"}]
2017-03-02 05:02:09	[{"keyword":"@kapanlagicom","from":"2017-02-28","mode":"submitSocial","container":"all","username":"arwin"}]
2017-03-02 05:02:11	[{"keyword":"@kompasent","from":"2017-02-28","mode":"submitSocial","container":"all","username":"arwin"}]
2017-03-02 05:02:13	[{"keyword":"@haimagazine","from":"2017-02-28","mode":"submitSocial","container":"all","username":"arwin"}]
2017-03-02 05:02:15	[{"keyword":"@jakartavenue","from":"2017-02-28","mode":"submitSocial","container":"all","username":"arwin"}]
2017-03-02 05:02:17	[{"keyword":"@seputarevent","from":"2017-02-28","mode":"submitSocial","container":"all","username":"arwin"}]
2017-03-02 05:02:20	[{"keyword":"@ismayalive","from":"2017-02-28","mode":"submitSocial","container":"all","username":"arwin"}]
2017-03-02 05:02:22	[{"keyword":"@ecentertainment","from":"2017-02-28","mode":"submitSocial","container":"all","username":"arwin"}]
2017-03-02 05:02:24	[{"keyword":"@synergism_en","from":"2017-02-28","mode":"submitSocial","container":"all","username":"arwin"}]
2017-03-02 05:02:26	[{"keyword":"@urbanbandung","from":"2017-02-28","mode":"submitSocial","container":"all","username":"arwin"}]
2017-03-02 05:02:27	[{"keyword":"@urbanrkm995","from":"2017-02-28","mode":"submitSocial","container":"all","username":"arwin"}]
2017-03-02 05:02:30	[{"keyword":"@garuda_promo","from":"2017-02-28","mode":"submitSocial","container":"all","username":"arwin"}]
2017-03-02 05:02:32	[{"keyword":"@airasiaid","from":"2017-02-28","mode":"submitSocial","container":"all","username":"arwin"}]
2017-03-02 05:02:34	[{"keyword":"@kai121","from":"2017-02-28","mode":"submitSocial","container":"all","username":"arwin"}]
2017-03-02 05:02:36	[{"keyword":"@unilever","from":"2017-02-28","mode":"submitSocial","container":"all","username":"arwin"}]
2017-03-02 05:02:39	[{"keyword":"@nestle","from":"2017-02-28","mode":"submitSocial","container":"all","username":"arwin"}]
2017-03-02 05:02:42	[{"keyword":"@cocacola","from":"2017-02-28","mode":"submitSocial","container":"all","username":"arwin"}]
2017-03-02 05:02:49	[{"keyword":"@cnn","from":"2017-02-28","mode":"submitSocial","container":"all","username":"arwin"}]
2017-03-02 05:02:52	[{"keyword":"@mtv","from":"2017-02-28","mode":"submitSocial","container":"all","username":"arwin"}]
2017-03-02 05:02:54	[{"keyword":"@channelv","from":"2017-02-28","mode":"submitSocial","container":"all","username":"arwin"}]
2017-03-02 05:02:56	[{"keyword":"@itunesmusic","from":"2017-02-28","mode":"submitSocial","container":"all","username":"arwin"}]
2017-03-02 05:03:01	[{"keyword":"@mashable","from":"2017-02-28","mode":"submitSocial","container":"all","username":"arwin"}]
2017-03-02 05:03:03	[{"keyword":"@decacaz","from":"2017-02-28","mode":"submitSocial","container":"all","username":"arwin"}]
2017-03-02 05:03:05	[{"keyword":"@radiobaru967fm","from":"2017-02-28","mode":"submitSocial","container":"all","username":"arwin"}]
2017-03-02 05:03:07	[{"keyword":"@967hitzfm","from":"2017-02-28","mode":"submitSocial","container":"all","username":"arwin"}]
2017-03-02 05:03:10	[{"keyword":"@tvguide","from":"2017-02-28","mode":"submitSocial","container":"all","username":"arwin"}]
2017-03-02 05:03:12	[{"keyword":"@xl123","from":"2017-02-28","mode":"submitSocial","container":"all","username":"arwin"}]
2017-03-02 05:03:14	[{"keyword":"@triindonesia","from":"2017-02-28","mode":"submitSocial","container":"all","username":"arwin"}]
2017-03-02 05:03:17	[{"keyword":"@kaskus","from":"2017-02-28","mode":"submitSocial","container":"all","username":"arwin"}]
2017-03-02 05:03:19	[{"keyword":"@studio_xxi","from":"2017-02-28","mode":"submitSocial","container":"all","username":"arwin"}]
2017-03-02 05:03:20	[{"keyword":"@blitzmegaplex","from":"2017-02-28","mode":"submitSocial","container":"all","username":"arwin"}]
2017-03-02 05:03:23	[{"keyword":"@alfamartku","from":"2017-02-28","mode":"submitSocial","container":"all","username":"arwin"}]
2017-03-02 05:03:25	[{"keyword":"@carrefour_id","from":"2017-02-28","mode":"submitSocial","container":"all","username":"arwin"}]
2017-03-02 05:03:28	[{"keyword":"@bbcbreaking","from":"2017-02-28","mode":"submitSocial","container":"all","username":"arwin"}]
2017-03-02 05:03:36	[{"keyword":"@forbes","from":"2017-02-28","mode":"submitSocial","container":"all","username":"arwin"}]
2017-03-02 05:03:39	[{"keyword":"@bensradio","from":"2017-02-28","mode":"submitSocial","container":"all","username":"arwin"}]
2017-03-02 05:03:44	[{"keyword":"@instagram","from":"2017-02-28","mode":"submitSocial","container":"all","username":"arwin"}]
2017-03-02 05:03:47	[{"keyword":"@pinterest","from":"2017-02-28","mode":"submitSocial","container":"all","username":"arwin"}]
2017-03-02 05:03:54	[{"keyword":"@google","from":"2017-02-28","mode":"submitSocial","container":"all","username":"arwin"}]
2017-03-02 05:03:56	[{"keyword":"@pertaminalub","from":"2017-02-28","mode":"submitSocial","container":"all","username":"arwin"}]
2017-03-02 05:03:58	[{"keyword":"@infolalintol","from":"2017-02-28","mode":"submitSocial","container":"all","username":"arwin"}]
2017-03-02 05:04:00	[{"keyword":"@ptjasamarga","from":"2017-02-28","mode":"submitSocial","container":"all","username":"arwin"}]
2017-03-02 05:04:02	[{"keyword":"@cititransindo","from":"2017-02-28","mode":"submitSocial","container":"all","username":"arwin"}]
2017-03-02 05:04:04	[{"keyword":"#semangatpagisuperr","from":"2017-02-28","mode":"submitSocial","container":"all","username":"arwin"}]
2017-03-02 05:04:06	[{"keyword":"#genkuisinsideout","from":"2017-02-28","mode":"submitSocial","container":"all","username":"arwin"}]
2017-03-02 05:04:08	[{"keyword":"#semangatpagi","from":"2017-02-28","mode":"submitSocial","container":"all","username":"arwin"}]
2017-03-02 05:04:11	[{"keyword":"#dikamar","from":"2017-02-28","mode":"submitSocial","container":"all","username":"arwin"}]
2017-03-02 05:04:13	[{"keyword":"#kopaja","from":"2017-02-28","mode":"submitSocial","container":"all","username":"arwin"}]
2017-03-02 05:04:15	[{"keyword":"#generaksi8","from":"2017-02-28","mode":"submitSocial","container":"all","username":"arwin"}]
2017-03-02 05:04:17	[{"keyword":"#hitztsp","from":"2017-02-28","mode":"submitSocial","container":"all","username":"arwin"}]
2017-03-02 05:04:20	[{"keyword":"#np","from":"2017-02-28","mode":"submitSocial","container":"all","username":"arwin"}]
2017-03-02 05:04:22	[{"keyword":"#hitzlivestage","from":"2017-02-28","mode":"submitSocial","container":"all","username":"arwin"}]
2017-03-02 05:04:24	[{"keyword":"#thefreaks","from":"2017-02-28","mode":"submitSocial","container":"all","username":"arwin"}]
2017-03-02 05:04:26	[{"keyword":"#hitzsirkuspagi","from":"2017-02-28","mode":"submitSocial","container":"all","username":"arwin"}]
2017-03-02 05:04:29	[{"keyword":"#hitzathlon","from":"2017-02-28","mode":"submitSocial","container":"all","username":"arwin"}]
2017-03-02 05:04:31	[{"keyword":"#hitzzombie","from":"2017-02-28","mode":"submitSocial","container":"all","username":"arwin"}]
2017-03-02 05:04:33	[{"keyword":"#hitzkalong","from":"2017-02-28","mode":"submitSocial","container":"all","username":"arwin"}]
2017-03-02 05:04:35	[{"keyword":"#hitzbebas","from":"2017-02-28","mode":"submitSocial","container":"all","username":"arwin"}]
2017-03-02 05:04:37	[{"keyword":"#hitzhorehara","from":"2017-02-28","mode":"submitSocial","container":"all","username":"arwin"}]
2017-03-02 05:04:39	[{"keyword":"@zaloraid","from":"2017-02-28","mode":"submitSocial","container":"all","username":"arwin"}]
2017-03-02 05:04:42	[{"keyword":"@olx_indonesia","from":"2017-02-28","mode":"submitSocial","container":"all","username":"arwin"}]
2017-03-02 05:04:44	[{"keyword":"@lazadaid","from":"2017-02-28","mode":"submitSocial","container":"all","username":"arwin"}]
2017-03-02 05:04:46	[{"keyword":"@utrippers","from":"2017-02-28","mode":"submitSocial","container":"all","username":"arwin"}]
2017-03-02 05:04:48	[{"keyword":"@gogobot","from":"2017-02-28","mode":"submitSocial","container":"all","username":"arwin"}]
2017-03-02 05:04:50	[{"keyword":"@viatortravel","from":"2017-02-28","mode":"submitSocial","container":"all","username":"arwin"}]
2017-03-02 05:04:52	[{"keyword":"@alandakariza","from":"2017-02-28","mode":"submitSocial","container":"all","username":"arwin"}]
2017-03-02 05:04:55	[{"keyword":"@gagasmedia","from":"2017-02-28","mode":"submitSocial","container":"all","username":"arwin"}]
2017-03-02 05:04:57	[{"keyword":"@welovehonda","from":"2017-02-28","mode":"submitSocial","container":"all","username":"arwin"}]
2017-03-02 05:04:59	[{"keyword":"@suzukimotorid","from":"2017-02-28","mode":"submitSocial","container":"all","username":"arwin"}]
2017-03-02 05:05:01	[{"keyword":"@kawasakilovers","from":"2017-02-28","mode":"submitSocial","container":"all","username":"arwin"}]
2017-03-02 05:05:04	[{"keyword":"@yamahaindonesia","from":"2017-02-28","mode":"submitSocial","container":"all","username":"arwin"}]
2017-03-02 05:05:06	[{"keyword":"@tripanzee","from":"2017-02-28","mode":"submitSocial","container":"all","username":"arwin"}]
2017-03-02 05:05:08	[{"keyword":"@arnoldpoernomo","from":"2017-02-28","mode":"submitSocial","container":"all","username":"arwin"}]
2017-03-02 05:05:11	[{"keyword":"@nicsap","from":"2017-02-28","mode":"submitSocial","container":"all","username":"arwin"}]
2017-03-02 05:05:13	[{"keyword":"@tiket2","from":"2017-02-28","mode":"submitSocial","container":"all","username":"arwin"}]
2017-03-02 05:05:15	[{"keyword":"@traveloka","from":"2017-02-28","mode":"submitSocial","container":"all","username":"arwin"}]
2017-03-02 05:05:18	[{"keyword":"@wego","from":"2017-02-28","mode":"submitSocial","container":"all","username":"arwin"}]
2017-03-02 05:05:21	[{"keyword":"@agoda","from":"2017-02-28","mode":"submitSocial","container":"all","username":"arwin"}]
2017-03-02 05:05:23	[{"keyword":"#salahsambung","from":"2017-02-28","mode":"submitSocial","container":"all","username":"arwin"}]
2017-03-02 05:05:25	[{"keyword":"#tulalit","from":"2017-02-28","mode":"submitSocial","container":"all","username":"arwin"}]
2017-03-02 05:05:27	[{"keyword":"#pestageneraksi8","from":"2017-02-28","mode":"submitSocial","container":"all","username":"arwin"}]
2017-03-02 05:05:29	[{"keyword":"#ganaskustik","from":"2017-02-28","mode":"submitSocial","container":"all","username":"arwin"}]
2017-03-02 05:05:31	[{"keyword":"#lnhot20","from":"2017-02-28","mode":"submitSocial","container":"all","username":"arwin"}]
2017-03-02 05:05:33	[{"keyword":"@tripadvisor","from":"2017-02-28","mode":"submitSocial","container":"all","username":"arwin"}]
2017-03-02 05:05:40	[{"keyword":"@google","from":"2017-02-28","mode":"submitSocial","container":"all","username":"arwin"}]
2017-03-02 05:05:43	[{"keyword":"@telkomsel","from":"2017-02-28","mode":"submitSocial","container":"all","username":"arwin"}]
2017-03-02 05:05:45	[{"keyword":"@indosat","from":"2017-02-28","mode":"submitSocial","container":"all","username":"arwin"}]
2017-03-02 05:05:48	[{"keyword":"@bahanafmjkt","from":"2017-02-28","mode":"submitSocial","container":"all","username":""}]
2017-03-02 05:05:52	[{"keyword":"@sonorafm92","from":"2017-02-28","mode":"submitSocial","container":"all","username":"arwin"}]
2017-03-02 05:05:54	[{"keyword":"@litefm1058","from":"2017-02-28","mode":"submitSocial","container":"all","username":"arwin"}]
2017-03-02 05:05:56	[{"keyword":"@bravaradio","from":"2017-02-28","mode":"submitSocial","container":"all","username":"arwin"}]
2017-03-02 05:05:59	[{"keyword":"#dgitm","from":"2017-02-28","mode":"submitSocial","container":"all","username":"arwin"}]
2017-03-02 05:06:01	[{"keyword":"#hitsalaprambors","from":"2017-02-28","mode":"submitSocial","container":"all","username":"arwin"}]
2017-03-02 05:06:03	[{"keyword":"#reqprambors","from":"2017-02-28","mode":"submitSocial","container":"all","username":"arwin"}]
2017-03-02 05:06:06	[{"keyword":"#thedandees","from":"2017-02-28","mode":"submitSocial","container":"all","username":"arwin"}]
2017-03-02 05:06:07	[{"keyword":"#pramborsquiz","from":"2017-02-28","mode":"submitSocial","container":"all","username":"arwin"}]
2017-03-02 05:06:09	[{"keyword":"#jeliprambors","from":"2017-02-28","mode":"submitSocial","container":"all","username":"arwin"}]
2017-03-02 05:06:11	[{"keyword":"#jodohinprambors","from":"2017-02-28","mode":"submitSocial","container":"all","username":"arwin"}]
2017-03-02 05:06:13	[{"keyword":"#ubahdenganbicara","from":"2017-02-28","mode":"submitSocial","container":"all","username":"arwin"}]
2017-03-02 05:06:15	[{"keyword":"#pramborschat","from":"2017-02-28","mode":"submitSocial","container":"all","username":"arwin"}]
2017-03-02 05:06:18	[{"keyword":"#tweetforduit","from":"2017-02-28","mode":"submitSocial","container":"all","username":"arwin"}]
2017-03-02 05:06:19	[{"keyword":"#joki3in1","from":"2017-02-28","mode":"submitSocial","container":"all","username":"arwin"}]
2017-03-02 05:06:22	[{"keyword":"#sarapanseru","from":"2017-02-28","mode":"submitSocial","container":"all","username":"arwin"}]
2017-03-02 05:06:24	[{"keyword":"#rawonkaneloop","from":"2017-02-28","mode":"submitSocial","container":"all","username":"arwin"}]
2017-03-02 05:06:25	[{"keyword":"#gudegkendilkeraton","from":"2017-02-28","mode":"submitSocial","container":"all","username":"arwin"}]
2017-03-02 05:06:27	[{"keyword":"#gadogadobutika","from":"2017-02-28","mode":"submitSocial","container":"all","username":"arwin"}]
2017-03-02 05:06:30	[{"keyword":"#mtvhottest","from":"2017-02-28","mode":"submitSocial","container":"all","username":"arwin"}]
2017-03-02 05:06:32	[{"keyword":"#dimsumcjdw","from":"2017-02-28","mode":"submitSocial","container":"all","username":"arwin"}]
2017-03-02 05:06:34	[{"keyword":"#pecelmadiunmbakniek","from":"2017-02-28","mode":"submitSocial","container":"all","username":"arwin"}]
2017-03-02 05:06:36	[{"keyword":"#depotarema","from":"2017-02-28","mode":"submitSocial","container":"all","username":"arwin"}]
2017-03-02 05:06:38	[{"keyword":"@bni46","from":"2017-02-28","mode":"submitSocial","container":"all","username":"arwin"}]
2017-03-02 05:06:40	[{"keyword":"@bankbri_id","from":"2017-02-28","mode":"submitSocial","container":"all","username":"arwin"}]
2017-03-02 05:06:42	[{"keyword":"#bni46","from":"2017-02-28","mode":"submitSocial","container":"all","username":"arwin"}]
2017-03-02 05:06:46	[{"keyword":"macet","from":"2017-02-28","mode":"submitSocial","container":"all","username":"arwin"}]
2017-03-02 05:06:48	[{"keyword":"#selamatpagi","from":"2017-02-28","mode":"submitSocial","container":"all","username":"arwin"}]
2017-03-02 05:06:50	[{"keyword":"#selamatmalam","from":"2017-02-28","mode":"submitSocial","container":"all","username":"arwin"}]
2017-03-02 05:06:53	[{"keyword":"@884globalradio","from":"2017-02-28","mode":"submitSocial","container":"all","username":"arwin"}]
2017-03-02 05:06:55	[{"keyword":"@day_trans","from":"2017-02-28","mode":"submitSocial","container":"all","username":"arwin"}]
2017-03-02 05:06:57	[{"keyword":"@kencanavoyage","from":"2017-02-28","mode":"submitSocial","container":"all","username":"arwin"}]
2017-03-02 05:06:59	[{"keyword":"@jukebox5d","from":"2017-02-28","mode":"submitSocial","container":"all","username":"arwin"}]
2017-03-02 05:07:01	[{"keyword":"#mtvhottest","from":"2017-02-28","mode":"submitSocial","container":"all","username":"arwin"}]
2017-03-02 05:07:03	[{"keyword":"#semangatpagi","from":"2017-02-28","mode":"submitSocial","container":"all","username":"arwin"}]
2017-03-02 05:07:05	[{"keyword":"lifebuoy","from":"2017-02-28","mode":"submitSocial","container":"all","username":"arwin"}]
2017-03-02 05:07:11	[{"keyword":"jokowi","from":"2017-02-28","mode":"submitSocial","container":"all","username":"arwin"}]
2017-03-02 05:07:20	[{"keyword":"obama","from":"2017-02-28","mode":"submitSocial","container":"all","username":"arwin"}]
2017-03-02 05:07:23	[{"keyword":"starwars","from":"2017-02-28","mode":"submitSocial","container":"all","username":"arwin"}]
2017-03-02 05:07:26	[{"keyword":"jonan","from":"2017-02-28","mode":"submitSocial","container":"all","username":"arwin"}]
2017-03-02 05:07:34	[{"keyword":"pagi","from":"2017-02-28","mode":"submitSocial","container":"all","username":"arwin"}]
2017-03-02 05:07:37	[{"keyword":"sampoerna","from":"2017-02-28","mode":"submitSocial","container":"all","username":"arwin"}]
2017-03-02 05:07:40	[{"keyword":"djarum","from":"2017-02-28","mode":"submitSocial","container":"all","username":"arwin"}]
2017-03-02 05:07:42	[{"keyword":"#semangatpagi","from":"2017-02-28","mode":"submitSocial","container":"all","username":"arwin"}]
2017-03-02 05:07:43	[{"keyword":"#generaksi8","from":"2017-02-28","mode":"submitSocial","container":"all","username":"arwin"}]
2017-03-02 05:07:46	[{"keyword":"#365alasan","from":"2017-02-28","mode":"submitSocial","container":"all","username":"arwin"}]
2017-03-02 05:07:48	[{"keyword":"weew","from":"2017-02-28","mode":"submitSocial","container":"all","username":"arwin"}]
2017-03-02 05:07:56	[{"keyword":"testing","from":"2017-02-28","mode":"submitSocial","container":"all","username":"arwin"}]
2017-03-02 05:07:59	[{"keyword":"#kopaja","from":"2017-02-28","mode":"submitSocial","container":"all","username":"arwin"}]
2017-03-02 05:08:01	[{"keyword":"#genkuisinsideout","from":"2017-02-28","mode":"submitSocial","container":"all","username":"arwin"}]
2017-03-02 05:08:04	[{"keyword":"starwars","from":"2017-02-28","mode":"submitSocial","container":"all","username":"arwin"}]
2017-03-02 05:08:06	[{"keyword":"#kopaja","from":"2017-02-28","mode":"submitSocial","container":"all","username":"arwin"}]
2017-03-02 05:08:08	[{"keyword":"mldspot","from":"2017-02-28","mode":"submitSocial","container":"all","username":"arwin"}]
2017-03-02 05:08:11	[{"keyword":"pbdjarum","from":"2017-02-28","mode":"submitSocial","container":"all","username":"arwin"}]
2017-03-02 05:08:13	[{"keyword":"temannabati","from":"2017-02-28","mode":"submitSocial","container":"all","username":"arwin"}]
2017-03-02 05:08:16	[{"keyword":"nextar","from":"2017-02-28","mode":"submitSocial","container":"all","username":"arwin"}]
2017-03-02 05:08:18	[{"keyword":"jokowo","from":"2017-02-28","mode":"submitSocial","container":"all","username":"arwin"}]
2017-03-02 05:08:21	[{"keyword":"prabowo","from":"2017-02-28","mode":"submitSocial","container":"all","username":"arwin"}]
2017-03-02 05:08:23	[{"keyword":"sudirman said","from":"2017-02-28","mode":"submitSocial","container":"all","username":"arwin"}]
2017-03-02 05:08:33	[{"keyword":"ahok","from":"2017-02-28","mode":"submitSocial","container":"all","username":"arwin"}]
2017-03-02 05:08:35	[{"keyword":"setyanovanto","from":"2017-02-28","mode":"submitSocial","container":"all","username":"arwin"}]
2017-03-02 05:08:41	[{"keyword":"jokowi","from":"2017-02-28","mode":"submitSocial","container":"all","username":"arwin"}]
2017-03-02 05:08:50	[{"keyword":"ahok","from":"2017-02-28","mode":"submitSocial","container":"all","username":"arwin"}]
2017-03-02 05:08:53	[{"keyword":"prabowo","from":"2017-02-28","mode":"submitSocial","container":"all","username":"arwin"}]
2017-03-02 05:08:55	[{"keyword":"sudirman said","from":"2017-02-28","mode":"submitSocial","container":"all","username":"arwin"}]
2017-03-02 05:08:57	[{"keyword":"setyanovanto","from":"2017-02-28","mode":"submitSocial","container":"all","username":"arwin"}]
2017-03-02 05:09:01	[{"keyword":"galau","from":"2017-02-28","mode":"submitSocial","container":"all","username":"arwin"}]
2017-03-02 05:09:04	[{"keyword":"#prestasiindonesia","from":"2017-02-28","mode":"submitSocial","container":"all","username":"arwin"}]
2017-03-02 05:09:06	[{"keyword":"@tw_debi","from":"2017-02-28","mode":"submitSocial","container":"all","username":"arwin"}]
2017-03-02 05:09:08	[{"keyword":"@officialfastron","from":"2017-02-28","mode":"submitSocial","container":"all","username":"arwin"}]
2017-03-02 05:09:10	[{"keyword":"@citibankid","from":"2017-02-28","mode":"submitSocial","container":"all","username":"arwin"}]
2017-03-02 05:09:12	[{"keyword":"@jak101fm","from":"2017-02-28","mode":"submitSocial","container":"all","username":"arwin"}]
2017-03-02 05:09:15	[{"keyword":"@genfm","from":"2017-02-28","mode":"submitSocial","container":"all","username":"arwin"}]
