2017-07-11 05:00:01	worker	@987genfm;2017-07-09 - 2017-07-09;submitSocial;all;arwin
2017-07-11 05:00:05	worker	@prambors;2017-07-09 - 2017-07-09;submitSocial;all;arwin
2017-07-11 05:00:08	worker	@hardrockfm;2017-07-09 - 2017-07-09;submitSocial;all;arwin
2017-07-11 05:00:10	worker	@kisfmjakarta;2017-07-09 - 2017-07-09;submitSocial;all;arwin
2017-07-11 05:00:12	worker	@delta_fm;2017-07-09 - 2017-07-09;submitSocial;all;arwin
2017-07-11 05:00:14	worker	@traxfmjkt;2017-07-09 - 2017-07-09;submitSocial;all;arwin
2017-07-11 05:00:17	worker	@iradiojakarta;2017-07-09 - 2017-07-09;submitSocial;all;arwin
2017-07-11 05:00:19	worker	@indika9160fm;2017-07-09 - 2017-07-09;submitSocial;all;arwin
2017-07-11 05:00:21	worker	@shellindonesia;2017-07-09 - 2017-07-09;submitSocial;all;arwin
2017-07-11 05:00:23	worker	@vpowerfans;2017-07-09 - 2017-07-09;submitSocial;all;arwin
2017-07-11 05:00:25	worker	@pertamaxind;2017-07-09 - 2017-07-09;submitSocial;all;arwin
2017-07-11 05:00:27	worker	@ptpertamina;2017-07-09 - 2017-07-09;submitSocial;all;arwin
2017-07-11 05:00:29	worker	@OZRadioJakarta;2017-07-09 - 2017-07-09;submitSocial;all;arwin
2017-07-11 05:00:32	worker	@CosmopolitanFM;2017-07-09 - 2017-07-09;submitSocial;all;arwin
2017-07-11 05:00:34	worker	@mustang88fm;2017-07-09 - 2017-07-09;submitSocial;all;arwin
2017-07-11 05:00:36	worker	@debabaz;2017-07-09 - 2017-07-09;submitSocial;all;arwin
2017-07-11 05:00:38	worker	@detikcom;2017-07-09 - 2017-07-09;submitSocial;all;arwin
2017-07-11 05:00:41	worker	@radioelshinta;2017-07-09 - 2017-07-09;submitSocial;all;arwin
2017-07-11 05:00:44	worker	@cinema21;2017-07-09 - 2017-07-09;submitSocial;all;arwin
2017-07-11 05:00:46	worker	@OfficialRCTI;2017-07-09 - 2017-07-09;submitSocial;all;arwin
2017-07-11 05:00:48	worker	@TRANSTV_CORP;2017-07-09 - 2017-07-09;submitSocial;all;arwin
2017-07-11 05:00:51	worker	@TRANS7;2017-07-09 - 2017-07-09;submitSocial;all;arwin
2017-07-11 05:00:53	worker	@Metro_TV;2017-07-09 - 2017-07-09;submitSocial;all;arwin
2017-07-11 05:00:55	worker	@tvOneNews;2017-07-09 - 2017-07-09;submitSocial;all;arwin
2017-07-11 05:00:58	worker	@whatsonANTV;2017-07-09 - 2017-07-09;submitSocial;all;arwin
2017-07-11 05:01:01	worker	@SCTV_;2017-07-09 - 2017-07-09;submitSocial;all;arwin
2017-07-11 05:01:04	worker	@KompasTV;2017-07-09 - 2017-07-09;submitSocial;all;arwin
2017-07-11 05:01:06	worker	@netmediatama;2017-07-09 - 2017-07-09;submitSocial;all;arwin
2017-07-11 05:01:09	worker	@Globaltvseru;2017-07-09 - 2017-07-09;submitSocial;all;arwin
2017-07-11 05:01:11	worker	@JaktvCom;2017-07-09 - 2017-07-09;submitSocial;all;arwin
2017-07-11 05:01:13	worker	@TVRINasional;2017-07-09 - 2017-07-09;submitSocial;all;arwin
2017-07-11 05:01:15	worker	@ochannelupdates;2017-07-09 - 2017-07-09;submitSocial;all;arwin
2017-07-11 05:01:17	worker	@IndosiarID;2017-07-09 - 2017-07-09;submitSocial;all;arwin
2017-07-11 05:01:19	worker	@kompascom;2017-07-09 - 2017-07-09;submitSocial;all;arwin
2017-07-11 05:01:23	worker	@merdekadotcom;2017-07-09 - 2017-07-09;submitSocial;all;arwin
2017-07-11 05:01:25	worker	@MIdotcom;2017-07-09 - 2017-07-09;submitSocial;all;arwin
2017-07-11 05:01:27	worker	@tempodotco;2017-07-09 - 2017-07-09;submitSocial;all;arwin
2017-07-11 05:01:30	worker	@motion975fm;2017-07-09 - 2017-07-09;submitSocial;all;arwin
2017-07-11 05:01:32	worker	@_radiotoday;2017-07-09 - 2017-07-09;submitSocial;all;arwin
2017-07-11 05:01:34	worker	@radioinfo;2017-07-09 - 2017-07-09;submitSocial;all;arwin
2017-07-11 05:01:36	worker	@979FeMaleRadio;2017-07-09 - 2017-07-09;submitSocial;all;arwin
2017-07-11 05:01:38	worker	@WomanRadio943FM;2017-07-09 - 2017-07-09;submitSocial;all;arwin
2017-07-11 05:01:40	worker	@VRadioFM;2017-07-09 - 2017-07-09;submitSocial;all;arwin
2017-07-11 05:01:42	worker	@UFM947;2017-07-09 - 2017-07-09;submitSocial;all;arwin
2017-07-11 05:01:44	worker	@VIVAnews;2017-07-09 - 2017-07-09;submitSocial;all;arwin
2017-07-11 05:01:46	worker	@antaranews;2017-07-09 - 2017-07-09;submitSocial;all;arwin
2017-07-11 05:01:48	worker	@tribunnews;2017-07-09 - 2017-07-09;submitSocial;all;arwin
2017-07-11 05:01:51	worker	@okezonenews;2017-07-09 - 2017-07-09;submitSocial;all;arwin
2017-07-11 05:01:53	worker	@Beritasatu;2017-07-09 - 2017-07-09;submitSocial;all;arwin
2017-07-11 05:01:56	worker	@rollingstoneina;2017-07-09 - 2017-07-09;submitSocial;all;arwin
2017-07-11 05:01:58	worker	@FIMELAdotcom;2017-07-09 - 2017-07-09;submitSocial;all;arwin
2017-07-11 05:02:00	worker	@KapanLagicom;2017-07-09 - 2017-07-09;submitSocial;all;arwin
2017-07-11 05:02:02	worker	@KompasEnt ;2017-07-09 - 2017-07-09;submitSocial;all;arwin
2017-07-11 05:02:04	worker	@HaiMagazine;2017-07-09 - 2017-07-09;submitSocial;all;arwin
2017-07-11 05:02:06	worker	@JakartaVenue;2017-07-09 - 2017-07-09;submitSocial;all;arwin
2017-07-11 05:02:08	worker	@SeputarEvent;2017-07-09 - 2017-07-09;submitSocial;all;arwin
2017-07-11 05:02:10	worker	@ismayaLive;2017-07-09 - 2017-07-09;submitSocial;all;arwin
2017-07-11 05:02:12	worker	@ECEntertainment;2017-07-09 - 2017-07-09;submitSocial;all;arwin
2017-07-11 05:02:14	worker	@synergism_En;2017-07-09 - 2017-07-09;submitSocial;all;arwin
2017-07-11 05:02:16	worker	@Urbanbandung;2017-07-09 - 2017-07-09;submitSocial;all;arwin
2017-07-11 05:02:18	worker	@Urbanrkm995;2017-07-09 - 2017-07-09;submitSocial;all;arwin
2017-07-11 05:02:20	worker	@Garuda_Promo;2017-07-09 - 2017-07-09;submitSocial;all;arwin
2017-07-11 05:02:22	worker	@AirAsiaID;2017-07-09 - 2017-07-09;submitSocial;all;arwin
2017-07-11 05:02:24	worker	@KAI121;2017-07-09 - 2017-07-09;submitSocial;all;arwin
2017-07-11 05:02:26	worker	@Unilever;2017-07-09 - 2017-07-09;submitSocial;all;arwin
2017-07-11 05:02:29	worker	@Nestle;2017-07-09 - 2017-07-09;submitSocial;all;arwin
2017-07-11 05:02:31	worker	@CocaCola;2017-07-09 - 2017-07-09;submitSocial;all;arwin
2017-07-11 05:02:34	worker	@CNN;2017-07-09 - 2017-07-09;submitSocial;all;arwin
2017-07-11 05:02:44	worker	@MTV;2017-07-09 - 2017-07-09;submitSocial;all;arwin
2017-07-11 05:02:50	worker	@channelv;2017-07-09 - 2017-07-09;submitSocial;all;arwin
2017-07-11 05:02:52	worker	@iTunesMusic;2017-07-09 - 2017-07-09;submitSocial;all;arwin
2017-07-11 05:02:54	worker	@mashable;2017-07-09 - 2017-07-09;submitSocial;all;arwin
2017-07-11 05:02:57	worker	@decacaz;2017-07-09 - 2017-07-09;submitSocial;all;arwin
2017-07-11 05:02:59	worker	@radiobaru967FM;2017-07-09 - 2017-07-09;submitSocial;all;arwin
2017-07-11 05:03:01	worker	@967HitzFM;2017-07-09 - 2017-07-09;submitSocial;all;arwin
2017-07-11 05:03:03	worker	@TVGuide;2017-07-09 - 2017-07-09;submitSocial;all;arwin
2017-07-11 05:03:05	worker	@XL123;2017-07-09 - 2017-07-09;submitSocial;all;arwin
2017-07-11 05:03:08	worker	@triindonesia;2017-07-09 - 2017-07-09;submitSocial;all;arwin
2017-07-11 05:03:10	worker	@kaskus;2017-07-09 - 2017-07-09;submitSocial;all;arwin
2017-07-11 05:03:12	worker	@Studio_XXI;2017-07-09 - 2017-07-09;submitSocial;all;arwin
2017-07-11 05:03:14	worker	@blitzmegaplex;2017-07-09 - 2017-07-09;submitSocial;all;arwin
2017-07-11 05:03:16	worker	@alfamartku;2017-07-09 - 2017-07-09;submitSocial;all;arwin
2017-07-11 05:03:18	worker	@Carrefour_ID;2017-07-09 - 2017-07-09;submitSocial;all;arwin
2017-07-11 05:03:20	worker	@BBCBreaking;2017-07-09 - 2017-07-09;submitSocial;all;arwin
2017-07-11 05:03:23	worker	@Forbes;2017-07-09 - 2017-07-09;submitSocial;all;arwin
2017-07-11 05:03:30	worker	@BensRadio;2017-07-09 - 2017-07-09;submitSocial;all;arwin
2017-07-11 05:03:32	worker	@instagram;2017-07-09 - 2017-07-09;submitSocial;all;arwin
2017-07-11 05:03:37	worker	@Pinterest;2017-07-09 - 2017-07-09;submitSocial;all;arwin
2017-07-11 05:03:40	worker	@google;2017-07-09 - 2017-07-09;submitSocial;all;arwin
2017-07-11 05:03:45	worker	@Pertaminalub;2017-07-09 - 2017-07-09;submitSocial;all;arwin
2017-07-11 05:03:47	worker	@InfoLalinTol;2017-07-09 - 2017-07-09;submitSocial;all;arwin
2017-07-11 05:03:49	worker	@PTJASAMARGA;2017-07-09 - 2017-07-09;submitSocial;all;arwin
2017-07-11 05:03:51	worker	@cititransindo;2017-07-09 - 2017-07-09;submitSocial;all;arwin
2017-07-11 05:03:53	worker	#semangatpagisuperr;2017-07-09 - 2017-07-09;submitSocial;all;arwin
2017-07-11 05:03:55	worker	#genkuisinsideout;2017-07-09 - 2017-07-09;submitSocial;all;arwin
2017-07-11 05:03:57	worker	#semangatpagi;2017-07-09 - 2017-07-09;submitSocial;all;arwin
2017-07-11 05:03:59	worker	#dikamar;2017-07-09 - 2017-07-09;submitSocial;all;arwin
2017-07-11 05:04:01	worker	#kopaja;2017-07-09 - 2017-07-09;submitSocial;all;arwin
2017-07-11 05:04:04	worker	#generaksi8;2017-07-09 - 2017-07-09;submitSocial;all;arwin
2017-07-11 05:04:05	worker	#hitztsp;2017-07-09 - 2017-07-09;submitSocial;all;arwin
2017-07-11 05:04:07	worker	#np;2017-07-09 - 2017-07-09;submitSocial;all;arwin
2017-07-11 05:04:10	worker	#hitzlivestage;2017-07-09 - 2017-07-09;submitSocial;all;arwin
2017-07-11 05:04:12	worker	#thefreaks;2017-07-09 - 2017-07-09;submitSocial;all;arwin
2017-07-11 05:04:14	worker	#hitzsirkuspagi;2017-07-09 - 2017-07-09;submitSocial;all;arwin
2017-07-11 05:04:16	worker	#hitzathlon;2017-07-09 - 2017-07-09;submitSocial;all;arwin
2017-07-11 05:04:18	worker	#hitzzombie;2017-07-09 - 2017-07-09;submitSocial;all;arwin
2017-07-11 05:04:20	worker	#hitzkalong;2017-07-09 - 2017-07-09;submitSocial;all;arwin
2017-07-11 05:04:22	worker	#hitzbebas;2017-07-09 - 2017-07-09;submitSocial;all;arwin
2017-07-11 05:04:24	worker	#hitzhorehara;2017-07-09 - 2017-07-09;submitSocial;all;arwin
2017-07-11 05:04:26	worker	@ZaloraID;2017-07-09 - 2017-07-09;submitSocial;all;arwin
2017-07-11 05:04:28	worker	@OLX_Indonesia;2017-07-09 - 2017-07-09;submitSocial;all;arwin
2017-07-11 05:04:30	worker	@LazadaID;2017-07-09 - 2017-07-09;submitSocial;all;arwin
2017-07-11 05:04:33	worker	@utrippers;2017-07-09 - 2017-07-09;submitSocial;all;arwin
2017-07-11 05:04:35	worker	@GoGobot;2017-07-09 - 2017-07-09;submitSocial;all;arwin
2017-07-11 05:04:37	worker	@viatortravel;2017-07-09 - 2017-07-09;submitSocial;all;arwin
2017-07-11 05:04:39	worker	@alandakariza;2017-07-09 - 2017-07-09;submitSocial;all;arwin
2017-07-11 05:04:41	worker	@gagasmedia;2017-07-09 - 2017-07-09;submitSocial;all;arwin
2017-07-11 05:04:43	worker	@welovehonda;2017-07-09 - 2017-07-09;submitSocial;all;arwin
2017-07-11 05:04:45	worker	@SuzukiMotorID;2017-07-09 - 2017-07-09;submitSocial;all;arwin
2017-07-11 05:04:47	worker	@kawasakilovers;2017-07-09 - 2017-07-09;submitSocial;all;arwin
2017-07-11 05:04:49	worker	@yamahaindonesia;2017-07-09 - 2017-07-09;submitSocial;all;arwin
2017-07-11 05:04:51	worker	@tripanzee;2017-07-09 - 2017-07-09;submitSocial;all;arwin
2017-07-11 05:04:53	worker	@arnoldpoernomo;2017-07-09 - 2017-07-09;submitSocial;all;arwin
2017-07-11 05:04:55	worker	@nicsap;2017-07-09 - 2017-07-09;submitSocial;all;arwin
2017-07-11 05:04:58	worker	@tiket2;2017-07-09 - 2017-07-09;submitSocial;all;arwin
2017-07-11 05:05:00	worker	@traveloka;2017-07-09 - 2017-07-09;submitSocial;all;arwin
2017-07-11 05:05:02	worker	@wego;2017-07-09 - 2017-07-09;submitSocial;all;arwin
2017-07-11 05:05:05	worker	@agoda;2017-07-09 - 2017-07-09;submitSocial;all;arwin
2017-07-11 05:05:08	worker	#salahsambung;2017-07-09 - 2017-07-09;submitSocial;all;arwin
2017-07-11 05:05:10	worker	#tulalit;2017-07-09 - 2017-07-09;submitSocial;all;arwin
2017-07-11 05:05:13	worker	#pestageneraksi8;2017-07-09 - 2017-07-09;submitSocial;all;arwin
2017-07-11 05:05:14	worker	#ganaskustik;2017-07-09 - 2017-07-09;submitSocial;all;arwin
2017-07-11 05:05:16	worker	#lnhot20;2017-07-09 - 2017-07-09;submitSocial;all;arwin
2017-07-11 05:05:18	worker	@TripAdvisor;2017-07-09 - 2017-07-09;submitSocial;all;arwin
2017-07-11 05:05:20	worker	@google;2017-07-09 - 2017-07-09;submitSocial;all;arwin
2017-07-11 05:05:25	worker	@Telkomsel;2017-07-09 - 2017-07-09;submitSocial;all;arwin
2017-07-11 05:05:28	worker	@indosat;2017-07-09 - 2017-07-09;submitSocial;all;arwin
2017-07-11 05:05:30	worker	@bahanafmjkt;2017-07-09 - 2017-07-09;submitSocial;all;arwin
2017-07-11 05:05:32	worker	@sonorafm92;2017-07-09 - 2017-07-09;submitSocial;all;arwin
2017-07-11 05:05:34	worker	@litefm1058;2017-07-09 - 2017-07-09;submitSocial;2017-07-11 05:05:38	worker	@litefm1058;2017-07-09 - 2017-07-09;submitSocial;all;arwin
2017-07-11 05:05:40	worker	@Bravaradio;2017-07-09 - 2017-07-09;submitSocial;all;arwin
2017-07-11 05:05:42	worker	#dgitm;2017-07-09 - 2017-07-09;submitSocial;all;arwin
2017-07-11 05:05:44	worker	#hitsalaprambors;2017-07-09 - 2017-07-09;submitSocial;all;arwin
2017-07-11 05:05:46	worker	#reqprambors;2017-07-09 - 2017-07-09;submitSocial;all;arwin
2017-07-11 05:05:48	worker	#thedandees;2017-07-09 - 2017-07-09;submitSocial;all;arwin
2017-07-11 05:05:50	worker	#pramborsquiz;2017-07-09 - 2017-07-09;submitSocial;all;arwin
2017-07-11 05:05:52	worker	#jeliprambors;2017-07-09 - 2017-07-09;submitSocial;all;arwin
2017-07-11 05:05:54	worker	#jodohinprambors;2017-07-09 - 2017-07-09;submitSocial;all;arwin
2017-07-11 05:05:56	worker	#ubahdenganbicara;2017-07-09 - 2017-07-09;submitSocial;all;arwin
2017-07-11 05:05:58	worker	#pramborschat;2017-07-09 - 2017-07-09;submitSocial;all;arwin
2017-07-11 05:06:00	worker	#tweetforduit;2017-07-09 - 2017-07-09;submitSocial;all;arwin
2017-07-11 05:06:02	worker	#joki3in1;2017-07-09 - 2017-07-09;submitSocial;all;arwin
2017-07-11 05:06:04	worker	#sarapanseru;2017-07-09 - 2017-07-09;submitSocial;all;arwin
2017-07-11 05:06:06	worker	#rawonkaneloop;2017-07-09 - 2017-07-09;submitSocial;all;arwin
2017-07-11 05:06:08	worker	#gudegkendilkeraton;2017-07-09 - 2017-07-09;submitSocial;all;arwin
2017-07-11 05:06:10	worker	#gadogadobutika;2017-07-09 - 2017-07-09;submitSocial;all;arwin
2017-07-11 05:06:12	worker	#mtvhottest;2017-07-09 - 2017-07-09;submitSocial;all;arwin
2017-07-11 05:06:14	worker	#dimsumcjdw;2017-07-09 - 2017-07-09;submitSocial;all;arwin
2017-07-11 05:06:16	worker	#pecelmadiunmbakniek;2017-07-09 - 2017-07-09;submitSocial;all;arwin
2017-07-11 05:06:18	worker	#depotarema;2017-07-09 - 2017-07-09;submitSocial;all;arwin
2017-07-11 05:06:20	worker	@BNI46;2017-07-09 - 2017-07-09;submitSocial;all;arwin
2017-07-11 05:06:22	worker	@BANKBRI_ID;2017-07-09 - 2017-07-09;submitSocial;all;arwin
2017-07-11 05:06:24	worker	#bni46;2017-07-09 - 2017-07-09;submitSocial;all;arwin
2017-07-11 05:06:26	worker	macet;2017-07-09 - 2017-07-09;submitSocial;all;arwin
2017-07-11 05:06:30	worker	#selamatpagi;2017-07-09 - 2017-07-09;submitSocial;all;arwin
2017-07-11 05:06:32	worker	#selamatmalam;2017-07-09 - 2017-07-09;submitSocial;all;arwin
2017-07-11 05:06:34	worker	@884GlobalRadio;2017-07-09 - 2017-07-09;submitSocial;all;arwin
2017-07-11 05:06:37	worker	@day_trans;2017-07-09 - 2017-07-09;submitSocial;all;arwin
2017-07-11 05:06:39	worker	@kencanavoyage;2017-07-09 - 2017-07-09;submitSocial;all;arwin
2017-07-11 05:06:41	worker	@jukebox5d;2017-07-09 - 2017-07-09;submitSocial;all;arwin
2017-07-11 05:06:43	worker	#mtvhottest;2017-07-09 - 2017-07-09;submitSocial;all;arwin
2017-07-11 05:06:45	worker	#semangatpagi;2017-07-09 - 2017-07-09;submitSocial;all;arwin
2017-07-11 05:06:47	worker	lifebuoy;2017-07-09 - 2017-07-09;submitSocial;all;arwin
2017-07-11 05:06:49	worker	jokowi;2017-07-09 - 2017-07-09;submitSocial;all;arwin
2017-07-11 05:06:57	worker	obama;2017-07-09 - 2017-07-09;submitSocial;all;arwin
2017-07-11 05:07:07	worker	starwars;2017-07-09 - 2017-07-09;submitSocial;all;arwin
2017-07-11 05:07:09	worker	jonan;2017-07-09 - 2017-07-09;submitSocial;all;arwin
2017-07-11 05:07:12	worker	pagi;2017-07-09 - 2017-07-09;submitSocial;all;arwin
2017-07-11 05:07:20	worker	sampoerna;2017-07-09 - 2017-07-09;submitSocial;all;arwin
2017-07-11 05:07:23	worker	djarum;2017-07-09 - 2017-07-09;submitSocial;all;arwin
2017-07-11 05:07:25	worker	#semangatpagi;2017-07-09 - 2017-07-09;submitSocial;all;arwin
2017-07-11 05:07:27	worker	#generaksi8;2017-07-09 - 2017-07-09;submitSocial;all;arwin
2017-07-11 05:07:29	worker	#365alasan;2017-07-09 - 2017-07-09;submitSocial;all;arwin
2017-07-11 05:07:31	worker	weew;2017-07-09 - 2017-07-09;submitSocial;all;arwin
2017-07-11 05:07:33	worker	testing;2017-07-09 - 2017-07-09;submitSocial;all;arwin
2017-07-11 05:07:40	worker	#kopaja;2017-07-09 - 2017-07-09;submitSocial;all;arwin
2017-07-11 05:07:42	worker	#genkuisinsideout;2017-07-09 - 2017-07-09;submitSocial;all;arwin
2017-07-11 05:07:44	worker	starwars;2017-07-09 - 2017-07-09;submitSocial;all;arwin
2017-07-11 05:07:47	worker	#kopaja;2017-07-09 - 2017-07-09;submitSocial;all;arwin
2017-07-11 05:07:49	worker	mldspot;2017-07-09 - 2017-07-09;submitSocial;all;arwin
2017-07-11 05:07:51	worker	PBDjarum;2017-07-09 - 2017-07-09;submitSocial;all;arwin
2017-07-11 05:07:53	worker	TemanNabati;2017-07-09 - 2017-07-09;submitSocial;all;arwin
2017-07-11 05:07:55	worker	Nextar;2017-07-09 - 2017-07-09;submitSocial;all;arwin
2017-07-11 05:07:58	worker	jokowo;2017-07-09 - 2017-07-09;submitSocial;all;arwin
2017-07-11 05:08:00	worker	prabowo;2017-07-09 - 2017-07-09;submitSocial;all;arwin
2017-07-11 05:08:03	worker	sudirman said;2017-07-09 - 2017-07-09;submitSocial;all;arwin
2017-07-11 05:08:05	worker	ahok;2017-07-09 - 2017-07-09;submitSocial;all;arwin
2017-07-11 05:08:09	worker	setyanovanto;2017-07-09 - 2017-07-09;submitSocial;all;arwin
2017-07-11 05:08:11	worker	jokowi;2017-07-09 - 2017-07-09;submitSocial;all;arwin
2017-07-11 05:08:18	worker	ahok;2017-07-09 - 2017-07-09;submitSocial;all;arwin
2017-07-11 05:08:22	worker	prabowo;2017-07-09 - 2017-07-09;submitSocial;all;arwin
2017-07-11 05:08:25	worker	sudirman said;2017-07-09 - 2017-07-09;submitSocial;all;arwin
2017-07-11 05:08:27	worker	setyanovanto;2017-07-09 - 2017-07-09;submitSocial;all;arwin
2017-07-11 05:08:29	worker	galau;2017-07-09 - 2017-07-09;submitSocial;all;arwin
2017-07-11 05:08:33	worker	#prestasiindonesia;2017-07-09 - 2017-07-09;submitSocial;all;arwin
2017-07-11 05:08:35	worker	@Tw_Debi;2017-07-09 - 2017-07-09;submitSocial;all;arwin
2017-07-11 05:08:37	worker	@OfficialFastron;2017-07-09 - 2017-07-09;submitSocial;all;arwin
2017-07-11 05:08:39	worker	@CitibankID;2017-07-09 - 2017-07-09;submitSocial;all;arwin
2017-07-11 05:08:41	worker	@jak101fm;2017-07-09 - 2017-07-09;submitSocial;all;arwin
2017-07-11 05:08:43	worker	@genfm;2017-07-09 - 2017-07-09;submitSocial;all;arwin
2017-07-11 19:11:31	worker	@987genfm;2017-07-10 - 2017-07-10;submitSocial;all;alanmr	@987genfm;2017-07-04 - 2017-07-10;submitSocial;all;alanmr
2017-07-11 19:11:35	done	@987genfm;2017-07-04 - 2017-07-10;submitSocial;all;alanmr
2017-07-11 19:11:36	worker	@101jakfm;2017-07-09 - 2017-07-10;submitSocial;all;alanmr	@101jakfm;2017-07-04 - 2017-07-10;submitSocial;all;alanmr
2017-07-11 19:11:38	done	@101jakfm;2017-07-04 - 2017-07-10;submitSocial;all;alanmr
2017-07-11 19:12:05	report	@987genfm!@101jakfm;07/04/2017 - 07/10/2017;alanmr;submitSocial	{"@987genfm":{"area":41,"medium":{"2017-07-04":5,"2017-07-05":6,"2017-07-06":7,"2017-07-07":4,"2017-07-08":5,"2017-07-09":1,"2017-07-10":13},"unique_screenname":27,"dev":{"Iphone":0,"Android":3,"Web":4,"Blackberry":0},"loc":{"Jakarta":21,"Depok":0,"Bogor":0,"Tangerang":0,"Bekasi":0},"sentimen":{"goodwords":0.07,"badwords":0,"netral":99.93},"ER":0,"ER_daily":{"2017-07-04":0,"2017-07-05":0,"2017-07-06":0,"2017-07-07":0,"2017-07-08":0,"2017-07-09":0,"2017-07-10":0}},"@101jakfm":{"area":0,"medium":{"2017-07-04":0,"2017-07-05":0,"2017-07-06":0,"2017-07-07":0,"2017-07-08":0,"2017-07-09":0,"2017-07-10":0},"unique_screenname":0,"dev":{"Iphone":0,"Android":0,"Web":0,"Blackberry":0},"loc":{"Jakarta":0,"Depok":0,"Bogor":0,"Tangerang":0,"Bekasi":0},"sentimen":{"goodwords":0,"badwords":0,"netral":100},"ER":0,"ER_daily":{"2017-07-04":0,"2017-07-05":0,"2017-07-06":0,"2017-07-07":0,"2017-07-08":0,"2017-07-09":0,"2017-07-10":0}}}
