2017-04-11 05:00:02	worker	@987genfm;2017-04-09 - 2017-04-09;submitSocial;all;arwin
2017-04-11 05:00:05	worker	@101jakfm;2017-04-09 - 2017-04-09;submitSocial;all;arwin
2017-04-11 05:00:07	worker	@prambors;2017-04-09 - 2017-04-09;submitSocial;all;arwin
2017-04-11 05:00:10	worker	@hardrockfm;2017-04-09 - 2017-04-09;submitSocial;all;arwin
2017-04-11 05:00:12	worker	@kisfmjakarta;2017-04-09 - 2017-04-09;submitSocial;all;arwin
2017-04-11 05:00:14	worker	@delta_fm;2017-04-09 - 2017-04-09;submitSocial;all;arwin
2017-04-11 05:00:17	worker	@traxfmjkt;2017-04-09 - 2017-04-09;submitSocial;all;arwin
2017-04-11 05:00:19	worker	@iradiojakarta;2017-04-09 - 2017-04-09;submitSocial;all;arwin
2017-04-11 05:00:21	worker	@indika9160fm;2017-04-09 - 2017-04-09;submitSocial;all;arwin
2017-04-11 05:00:23	worker	@shellindonesia;2017-04-09 - 2017-04-09;submitSocial;all;arwin
2017-04-11 05:00:25	worker	@vpowerfans;2017-04-09 - 2017-04-09;submitSocial;all;arwin
2017-04-11 05:00:27	worker	@pertamaxind;2017-04-09 - 2017-04-09;submitSocial;all;arwin
2017-04-11 05:00:30	worker	@ptpertamina;2017-04-09 - 2017-04-09;submitSocial;all;arwin
2017-04-11 05:00:32	worker	@OZRadioJakarta;2017-04-09 - 2017-04-09;submitSocial;all;arwin
2017-04-11 05:00:34	worker	@CosmopolitanFM;2017-04-09 - 2017-04-09;submitSocial;all;arwin
2017-04-11 05:00:36	worker	@mustang88fm;2017-04-09 - 2017-04-09;submitSocial;all;arwin
2017-04-11 05:00:39	worker	@debabaz;2017-04-09 - 2017-04-09;submitSocial;all;arwin
2017-04-11 05:00:40	worker	@detikcom;2017-04-09 - 2017-04-09;submitSocial;all;arwin
2017-04-11 05:00:43	worker	@radioelshinta;2017-04-09 - 2017-04-09;submitSocial;all;arwin
2017-04-11 05:00:46	worker	@cinema21;2017-04-09 - 2017-04-09;submitSocial;all;arwin
2017-04-11 05:00:48	worker	@OfficialRCTI;2017-04-09 - 2017-04-09;submitSocial;all;arwin
2017-04-11 05:00:50	worker	@TRANSTV_CORP;2017-04-09 - 2017-04-09;submitSocial;all;arwin
2017-04-11 05:00:53	worker	@TRANS7;2017-04-09 - 2017-04-09;submitSocial;all;arwin
2017-04-11 05:00:55	worker	@Metro_TV;2017-04-09 - 2017-04-09;submitSocial;all;arwin
2017-04-11 05:00:58	worker	@tvOneNews;2017-04-09 - 2017-04-09;submitSocial;all;arwin
2017-04-11 05:01:00	worker	@whatsonANTV;2017-04-09 - 2017-04-09;submitSocial;all;arwin
2017-04-11 05:01:03	worker	@SCTV_;2017-04-09 - 2017-04-09;submitSocial;all;arwin
2017-04-11 05:01:07	worker	@KompasTV;2017-04-09 - 2017-04-09;submitSocial;all;arwin
2017-04-11 05:01:10	worker	@netmediatama;2017-04-09 - 2017-04-09;submitSocial;all;arwin
2017-04-11 05:01:13	worker	@Globaltvseru;2017-04-09 - 2017-04-09;submitSocial;all;arwin
2017-04-11 05:01:15	worker	@JaktvCom;2017-04-09 - 2017-04-09;submitSocial;all;arwin
2017-04-11 05:01:18	worker	@TVRINasional;2017-04-09 - 2017-04-09;submitSocial;all;arwin
2017-04-11 05:01:20	worker	@ochannelupdates;2017-04-09 - 2017-04-09;submitSocial;all;arwin
2017-04-11 05:01:22	worker	@IndosiarID;2017-04-09 - 2017-04-09;submitSocial;all;arwin
2017-04-11 05:01:26	worker	@kompascom;2017-04-09 - 2017-04-09;submitSocial;all;arwin
2017-04-11 05:01:29	worker	@merdekadotcom;2017-04-09 - 2017-04-09;submitSocial;all;arwin
2017-04-11 05:01:31	worker	@MIdotcom;2017-04-09 - 2017-04-09;submitSocial;all;arwin
2017-04-11 05:01:34	worker	@tempodotco;2017-04-09 - 2017-04-09;submitSocial;all;arwin
2017-04-11 05:01:36	worker	@motion975fm;2017-04-09 - 2017-04-09;submitSocial;all;arwin
2017-04-11 05:01:38	worker	@_radiotoday;2017-04-09 - 2017-04-09;submitSocial;all;arwin
2017-04-11 05:01:40	worker	@radioinfo;2017-04-09 - 2017-04-09;submitSocial;all;arwin
2017-04-11 05:01:42	worker	@979FeMaleRadio;2017-04-09 - 2017-04-09;submitSocial;all;arwin
2017-04-11 05:01:44	worker	@WomanRadio943FM;2017-04-09 - 2017-04-09;submitSocial;all;arwin
2017-04-11 05:01:46	worker	@VRadioFM;2017-04-09 - 2017-04-09;submitSocial;all;arwin
2017-04-11 05:01:49	worker	@UFM947;2017-04-09 - 2017-04-09;submitSocial;all;arwin
2017-04-11 05:01:50	worker	@VIVAnews;2017-04-09 - 2017-04-09;submitSocial;all;arwin
2017-04-11 05:01:53	worker	@antaranews;2017-04-09 - 2017-04-09;submitSocial;all;arwin
2017-04-11 05:01:55	worker	@tribunnews;2017-04-09 - 2017-04-09;submitSocial;all;arwin
2017-04-11 05:01:58	worker	@okezonenews;2017-04-09 - 2017-04-09;submitSocial;all;arwin
2017-04-11 05:02:00	worker	@Beritasatu;2017-04-09 - 2017-04-09;submitSocial;all;arwin
2017-04-11 05:02:03	worker	@rollingstoneina;2017-04-09 - 2017-04-09;submitSocial;all;arwin
2017-04-11 05:02:05	worker	@FIMELAdotcom;2017-04-09 - 2017-04-09;submitSocial;all;arwin
2017-04-11 05:02:07	worker	@KapanLagicom;2017-04-09 - 2017-04-09;submitSocial;all;arwin
2017-04-11 05:02:09	worker	@KompasEnt ;2017-04-09 - 2017-04-09;submitSocial;all;arwin
2017-04-11 05:02:11	worker	@HaiMagazine;2017-04-09 - 2017-04-09;submitSocial;all;arwin
2017-04-11 05:02:14	worker	@JakartaVenue;2017-04-09 - 2017-04-09;submitSocial;all;arwin
2017-04-11 05:02:16	worker	@SeputarEvent;2017-04-09 - 2017-04-09;submitSocial;all;arwin
2017-04-11 05:02:18	worker	@ismayaLive;2017-04-09 - 2017-04-09;submitSocial;all;arwin
2017-04-11 05:02:20	worker	@ECEntertainment;2017-04-09 - 2017-04-09;submitSocial;all;arwin
2017-04-11 05:02:22	worker	@synergism_En;2017-04-09 - 2017-04-09;submitSocial;all;arwin
2017-04-11 05:02:24	worker	@Urbanbandung;2017-04-09 - 2017-04-09;submitSocial;all;arwin
2017-04-11 05:02:26	worker	@Urbanrkm995;2017-04-09 - 2017-04-09;submitSocial;all;arwin
2017-04-11 05:02:28	worker	@Garuda_Promo;2017-04-09 - 2017-04-09;submitSocial;all;arwin
2017-04-11 05:02:30	worker	@AirAsiaID;2017-04-09 - 2017-04-09;submitSocial;all;arwin
2017-04-11 05:02:32	worker	@KAI121;2017-04-09 - 2017-04-09;submitSocial;all;arwin
2017-04-11 05:02:35	worker	@Unilever;2017-04-09 - 2017-04-09;submitSocial;all;arwin
2017-04-11 05:02:37	worker	@Nestle;2017-04-09 - 2017-04-09;submitSocial;all;arwin
2017-04-11 05:02:39	worker	@CocaCola;2017-04-09 - 2017-04-09;submitSocial;all;arwin
2017-04-11 05:02:43	worker	@CNN;2017-04-09 - 2017-04-09;submitSocial;all;arwin
2017-04-11 05:02:51	worker	@MTV;2017-04-09 - 2017-04-09;submitSocial;all;arwin
2017-04-11 05:02:54	worker	@channelv;2017-04-09 - 2017-04-09;submitSocial;all;arwin
2017-04-11 05:02:56	worker	@iTunesMusic;2017-04-09 - 2017-04-09;submitSocial;all;arwin
2017-04-11 05:02:59	worker	@mashable;2017-04-09 - 2017-04-09;submitSocial;all;arwin
2017-04-11 05:03:02	worker	@decacaz;2017-04-09 - 2017-04-09;submitSocial;all;arwin
2017-04-11 05:03:04	worker	@radiobaru967FM;2017-04-09 - 2017-04-09;submitSocial;all;arwin
2017-04-11 05:03:06	worker	@967HitzFM;2017-04-09 - 2017-04-09;submitSocial;all;arwin
2017-04-11 05:03:08	worker	@TVGuide;2017-04-09 - 2017-04-09;submitSocial;all;arwin
2017-04-11 05:03:11	worker	@XL123;2017-04-09 - 2017-04-09;submitSocial;all;arwin
2017-04-11 05:03:13	worker	@triindonesia;2017-04-09 - 2017-04-09;submitSocial;all;arwin
2017-04-11 05:03:15	worker	@kaskus;2017-04-09 - 2017-04-09;submitSocial;all;arwin
2017-04-11 05:03:18	worker	@Studio_XXI;2017-04-09 - 2017-04-09;submitSocial;all;arwin
2017-04-11 05:03:20	worker	@blitzmegaplex;2017-04-09 - 2017-04-09;submitSocial;all;arwin
2017-04-11 05:03:22	worker	@alfamartku;2017-04-09 - 2017-04-09;submitSocial;all;arwin
2017-04-11 05:03:24	worker	@Carrefour_ID;2017-04-09 - 2017-04-09;submitSocial;all;arwin
2017-04-11 05:03:26	worker	@BBCBreaking;2017-04-09 - 2017-04-09;submitSocial;all;arwin
2017-04-11 05:03:29	worker	@Forbes;2017-04-09 - 2017-04-09;submitSocial;all;arwin
2017-04-11 05:03:34	worker	@BensRadio;2017-04-09 - 2017-04-09;submitSocial;all;arwin
2017-04-11 05:03:37	worker	@instagram;2017-04-09 - 2017-04-09;submitSocial;all;arwin
2017-04-11 05:03:40	worker	@Pinterest;2017-04-09 - 2017-04-09;submitSocial;all;arwin
2017-04-11 05:03:43	worker	@google;2017-04-09 - 2017-04-09;submitSocial;all;arwin
2017-04-11 05:03:49	worker	@Pertaminalub;2017-04-09 - 2017-04-09;submitSocial;all;arwin
2017-04-11 05:03:51	worker	@InfoLalinTol;2017-04-09 - 2017-04-09;submitSocial;all;arwin
2017-04-11 05:03:53	worker	@PTJASAMARGA;2017-04-09 - 2017-04-09;submitSocial;all;arwin
2017-04-11 05:03:55	worker	@cititransindo;2017-04-09 - 2017-04-09;submitSocial;all;arwin
2017-04-11 05:03:58	worker	#semangatpagisuperr;2017-04-09 - 2017-04-09;submitSocial;all;arwin
2017-04-11 05:04:00	worker	#genkuisinsideout;2017-04-09 - 2017-04-09;submitSocial;all;arwin
2017-04-11 05:04:02	worker	#semangatpagi;2017-04-09 - 2017-04-09;submitSocial;all;arwin
2017-04-11 05:04:04	worker	#dikamar;2017-04-09 - 2017-04-09;submitSocial;all;arwin
2017-04-11 05:04:06	worker	#kopaja;2017-04-09 - 2017-04-09;submitSocial;all;arwin
2017-04-11 05:04:09	worker	#generaksi8;2017-04-09 - 2017-04-09;submitSocial;all;arwin
2017-04-11 05:04:10	worker	#hitztsp;2017-04-09 - 2017-04-09;submitSocial;all;arwin
2017-04-11 05:04:13	worker	#np;2017-04-09 - 2017-04-09;submitSocial;all;arwin
2017-04-11 05:04:15	worker	#hitzlivestage;2017-04-09 - 2017-04-09;submitSocial;all;arwin
2017-04-11 05:04:17	worker	#thefreaks;2017-04-09 - 2017-04-09;submitSocial;all;arwin
2017-04-11 05:04:20	worker	#hitzsirkuspagi;2017-04-09 - 2017-04-09;submitSocial;all;arwin
2017-04-11 05:04:22	worker	#hitzathlon;2017-04-09 - 2017-04-09;submitSocial;all;arwin
2017-04-11 05:04:24	worker	#hitzzombie;2017-04-09 - 2017-04-09;submitSocial;all;arwin
2017-04-11 05:04:26	worker	#hitzkalong;2017-04-09 - 2017-04-09;submitSocial;all;arwin
2017-04-11 05:04:28	worker	#hitzbebas;2017-04-09 - 2017-04-09;submitSocial;all;arwin
2017-04-11 05:04:30	worker	#hitzhorehara;2017-04-09 - 2017-04-09;submitSocial;all;arwin
2017-04-11 05:04:32	worker	@ZaloraID;2017-04-09 - 2017-04-09;submitSocial;all;arwin
2017-04-11 05:04:34	worker	@OLX_Indonesia;2017-04-09 - 2017-04-09;submitSocial;all;arwin
2017-04-11 05:04:37	worker	@LazadaID;2017-04-09 - 2017-04-09;submitSocial;all;arwin
2017-04-11 05:04:39	worker	@utrippers;2017-04-09 - 2017-04-09;submitSocial;all;arwin
2017-04-11 05:04:41	worker	@GoGobot;2017-04-09 - 2017-04-09;submitSocial;all;arwin
2017-04-11 05:04:43	worker	@viatortravel;2017-04-09 - 2017-04-09;submitSocial;all;arwin
2017-04-11 05:04:45	worker	@alandakariza;2017-04-09 - 2017-04-09;submitSocial;all;arwin
2017-04-11 05:04:47	worker	@gagasmedia;2017-04-09 - 2017-04-09;submitSocial;all;arwin
2017-04-11 05:04:50	worker	@welovehonda;2017-04-09 - 2017-04-09;submitSocial;all;arwin
2017-04-11 05:04:53	worker	@SuzukiMotorID;2017-04-09 - 2017-04-09;submitSocial;all;arwin
2017-04-11 05:04:55	worker	@kawasakilovers;2017-04-09 - 2017-04-09;submitSocial;all;arwin
2017-04-11 05:04:57	worker	@yamahaindonesia;2017-04-09 - 2017-04-09;submitSocial;all;arwin
2017-04-11 05:04:59	worker	@tripanzee;2017-04-09 - 2017-04-09;submitSocial;all;arwin
2017-04-11 05:05:01	worker	@arnoldpoernomo;2017-04-09 - 2017-04-09;submitSocial;all;arwin
2017-04-11 05:05:04	worker	@nicsap;2017-04-09 - 2017-04-09;submitSocial;all;arwin
2017-04-11 05:05:06	worker	@tiket2;2017-04-09 - 2017-04-09;submitSocial;all;arwin
2017-04-11 05:05:08	worker	@traveloka;2017-04-09 - 2017-04-09;submitSocial;all;arwin
2017-04-11 05:05:11	worker	@wego;2017-04-09 - 2017-04-09;submitSocial;all;arwin
2017-04-11 05:05:13	worker	@agoda;2017-04-09 - 2017-04-09;submitSocial;all;arwin
2017-04-11 05:05:16	worker	#salahsambung;2017-04-09 - 2017-04-09;submitSocial;all;arwin
2017-04-11 05:05:18	worker	#tulalit;2017-04-09 - 2017-04-09;submitSocial;all;arwin
2017-04-11 05:05:21	worker	#pestageneraksi8;2017-04-09 - 2017-04-09;submitSocial;all;arwin
2017-04-11 05:05:22	worker	#ganaskustik;2017-04-09 - 2017-04-09;submitSocial;all;arwin
2017-04-11 05:05:24	worker	#lnhot20;2017-04-09 - 2017-04-09;submitSocial;all;arwin
2017-04-11 05:05:26	worker	@TripAdvisor;2017-04-09 - 2017-04-09;submitSocial;all;arwin
2017-04-11 05:05:29	worker	@google;2017-04-09 - 2017-04-09;submitSocial;all;arwin
2017-04-11 05:05:34	worker	@Telkomsel;2017-04-09 - 2017-04-09;submitSocial;all;arwin
2017-04-11 05:05:37	worker	@indosat;2017-04-09 - 2017-04-09;submitSocial;all;arwin
2017-04-11 05:05:40	worker	@bahanafmjkt;2017-04-09 - 2017-04-09;submitSocial;all;2017-04-11 05:05:44	worker	@sonorafm92;2017-04-09 - 2017-04-09;submitSocial;all;arwin
2017-04-11 05:05:46	worker	@litefm1058;2017-04-09 - 2017-04-09;submitSocial;all;arwin
2017-04-11 05:05:48	worker	@Bravaradio;2017-04-09 - 2017-04-09;submitSocial;all;arwin
2017-04-11 05:05:50	worker	#dgitm;2017-04-09 - 2017-04-09;submitSocial;all;arwin
2017-04-11 05:05:53	worker	#hitsalaprambors;2017-04-09 - 2017-04-09;submitSocial;all;arwin
2017-04-11 05:05:55	worker	#reqprambors;2017-04-09 - 2017-04-09;submitSocial;all;arwin
2017-04-11 05:05:57	worker	#thedandees;2017-04-09 - 2017-04-09;submitSocial;all;arwin
2017-04-11 05:05:59	worker	#pramborsquiz;2017-04-09 - 2017-04-09;submitSocial;all;arwin
2017-04-11 05:06:01	worker	#jeliprambors;2017-04-09 - 2017-04-09;submitSocial;all;arwin
2017-04-11 05:06:03	worker	#jodohinprambors;2017-04-09 - 2017-04-09;submitSocial;all;arwin
2017-04-11 05:06:05	worker	#ubahdenganbicara;2017-04-09 - 2017-04-09;submitSocial;all;arwin
2017-04-11 05:06:07	worker	#pramborschat;2017-04-09 - 2017-04-09;submitSocial;all;arwin
2017-04-11 05:06:09	worker	#tweetforduit;2017-04-09 - 2017-04-09;submitSocial;all;arwin
2017-04-11 05:06:11	worker	#joki3in1;2017-04-09 - 2017-04-09;submitSocial;all;arwin
2017-04-11 05:06:13	worker	#sarapanseru;2017-04-09 - 2017-04-09;submitSocial;all;arwin
2017-04-11 05:06:15	worker	#rawonkaneloop;2017-04-09 - 2017-04-09;submitSocial;all;arwin
2017-04-11 05:06:17	worker	#gudegkendilkeraton;2017-04-09 - 2017-04-09;submitSocial;all;arwin
2017-04-11 05:06:19	worker	#gadogadobutika;2017-04-09 - 2017-04-09;submitSocial;all;arwin
2017-04-11 05:06:21	worker	#mtvhottest;2017-04-09 - 2017-04-09;submitSocial;all;arwin
2017-04-11 05:06:23	worker	#dimsumcjdw;2017-04-09 - 2017-04-09;submitSocial;all;arwin
2017-04-11 05:06:25	worker	#pecelmadiunmbakniek;2017-04-09 - 2017-04-09;submitSocial;all;arwin
2017-04-11 05:06:27	worker	#depotarema;2017-04-09 - 2017-04-09;submitSocial;all;arwin
2017-04-11 05:06:29	worker	@BNI46;2017-04-09 - 2017-04-09;submitSocial;all;arwin
2017-04-11 05:06:32	worker	@BANKBRI_ID;2017-04-09 - 2017-04-09;submitSocial;all;arwin
2017-04-11 05:06:34	worker	#bni46;2017-04-09 - 2017-04-09;submitSocial;all;arwin
2017-04-11 05:06:36	worker	macet;2017-04-09 - 2017-04-09;submitSocial;all;arwin
2017-04-11 05:06:40	worker	#selamatpagi;2017-04-09 - 2017-04-09;submitSocial;all;arwin
2017-04-11 05:06:42	worker	#selamatmalam;2017-04-09 - 2017-04-09;submitSocial;all;arwin
2017-04-11 05:06:44	worker	@884GlobalRadio;2017-04-09 - 2017-04-09;submitSocial;all;arwin
2017-04-11 05:06:46	worker	@day_trans;2017-04-09 - 2017-04-09;submitSocial;all;arwin
2017-04-11 05:06:48	worker	@kencanavoyage;2017-04-09 - 2017-04-09;submitSocial;all;arwin
2017-04-11 05:06:50	worker	@jukebox5d;2017-04-09 - 2017-04-09;submitSocial;all;arwin
2017-04-11 05:06:52	worker	#mtvhottest;2017-04-09 - 2017-04-09;submitSocial;all;arwin
2017-04-11 05:06:54	worker	#semangatpagi;2017-04-09 - 2017-04-09;submitSocial;all;arwin
2017-04-11 05:06:56	worker	lifebuoy;2017-04-09 - 2017-04-09;submitSocial;all;arwin
2017-04-11 05:06:59	worker	jokowi;2017-04-09 - 2017-04-09;submitSocial;all;arwin
2017-04-11 05:07:04	worker	obama;2017-04-09 - 2017-04-09;submitSocial;all;arwin
2017-04-11 05:07:12	worker	starwars;2017-04-09 - 2017-04-09;submitSocial;all;arwin
2017-04-11 05:07:15	worker	jonan;2017-04-09 - 2017-04-09;submitSocial;all;arwin
2017-04-11 05:07:18	worker	pagi;2017-04-09 - 2017-04-09;submitSocial;all;arwin
2017-04-11 05:07:27	worker	sampoerna;2017-04-09 - 2017-04-09;submitSocial;all;arwin
2017-04-11 05:07:29	worker	djarum;2017-04-09 - 2017-04-09;submitSocial;all;arwin
2017-04-11 05:07:32	worker	#semangatpagi;2017-04-09 - 2017-04-09;submitSocial;all;arwin
2017-04-11 05:07:34	worker	#generaksi8;2017-04-09 - 2017-04-09;submitSocial;all;arwin
2017-04-11 05:07:36	worker	#365alasan;2017-04-09 - 2017-04-09;submitSocial;all;arwin
2017-04-11 05:07:38	worker	weew;2017-04-09 - 2017-04-09;submitSocial;all;arwin
2017-04-11 05:07:41	worker	testing;2017-04-09 - 2017-04-09;submitSocial;all;arwin
2017-04-11 05:07:50	worker	#kopaja;2017-04-09 - 2017-04-09;submitSocial;all;arwin
2017-04-11 05:07:52	worker	#genkuisinsideout;2017-04-09 - 2017-04-09;submitSocial;all;arwin
2017-04-11 05:07:54	worker	starwars;2017-04-09 - 2017-04-09;submitSocial;all;arwin
2017-04-11 05:07:57	worker	#kopaja;2017-04-09 - 2017-04-09;submitSocial;all;arwin
2017-04-11 05:07:59	worker	mldspot;2017-04-09 - 2017-04-09;submitSocial;all;arwin
2017-04-11 05:08:02	worker	PBDjarum;2017-04-09 - 2017-04-09;submitSocial;all;arwin
2017-04-11 05:08:04	worker	TemanNabati;2017-04-09 - 2017-04-09;submitSocial;all;arwin
2017-04-11 05:08:06	worker	Nextar;2017-04-09 - 2017-04-09;submitSocial;all;arwin
2017-04-11 05:08:09	worker	jokowo;2017-04-09 - 2017-04-09;submitSocial;all;arwin
2017-04-11 05:08:12	worker	prabowo;2017-04-09 - 2017-04-09;submitSocial;all;arwin
2017-04-11 05:08:15	worker	sudirman said;2017-04-09 - 2017-04-09;submitSocial;all;arwin
2017-04-11 05:08:17	worker	ahok;2017-04-09 - 2017-04-09;submitSocial;all;arwin
2017-04-11 05:08:25	worker	setyanovanto;2017-04-09 - 2017-04-09;submitSocial;all;arwin
2017-04-11 05:08:27	worker	jokowi;2017-04-09 - 2017-04-09;submitSocial;all;arwin
2017-04-11 05:08:33	worker	ahok;2017-04-09 - 2017-04-09;submitSocial;all;arwin
2017-04-11 05:08:40	worker	prabowo;2017-04-09 - 2017-04-09;submitSocial;all;arwin
2017-04-11 05:08:43	worker	sudirman said;2017-04-09 - 2017-04-09;submitSocial;all;arwin
2017-04-11 05:08:45	worker	setyanovanto;2017-04-09 - 2017-04-09;submitSocial;all;arwin
2017-04-11 05:08:47	worker	galau;2017-04-09 - 2017-04-09;submitSocial;all;arwin
2017-04-11 05:08:51	worker	#prestasiindonesia;2017-04-09 - 2017-04-09;submitSocial;all;arwin
2017-04-11 05:08:53	worker	@Tw_Debi;2017-04-09 - 2017-04-09;submitSocial;all;arwin
2017-04-11 05:08:55	worker	@OfficialFastron;2017-04-09 - 2017-04-09;submitSocial;all;arwin
2017-04-11 05:08:57	worker	@CitibankID;2017-04-09 - 2017-04-09;submitSocial;all;arwin
2017-04-11 05:09:00	worker	@jak101fm;2017-04-09 - 2017-04-09;submitSocial;all;arwin
2017-04-11 05:09:02	worker	@genfm;2017-04-09 - 2017-04-09;submitSocial;all;arwin
