2017-02-10 05:00:06	[{"keyword":"@987genfm","from":"2017-02-08","mode":"submitSocial","container":"all","username":"arwin"}]
2017-02-10 05:00:08	[{"keyword":"@101jakfm","from":"2017-02-08","mode":"submitSocial","container":"all","username":"arwin"}]
2017-02-10 05:00:10	[{"keyword":"@prambors","from":"2017-02-08","mode":"submitSocial","container":"all","username":"arwin"}]
2017-02-10 05:00:13	[{"keyword":"@hardrockfm","from":"2017-02-08","mode":"submitSocial","container":"all","username":"arwin"}]
2017-02-10 05:00:15	[{"keyword":"@kisfmjakarta","from":"2017-02-08","mode":"submitSocial","container":"all","username":"arwin"}]
2017-02-10 05:00:17	[{"keyword":"@delta_fm","from":"2017-02-08","mode":"submitSocial","container":"all","username":"arwin"}]
2017-02-10 05:00:20	[{"keyword":"@traxfmjkt","from":"2017-02-08","mode":"submitSocial","container":"all","username":"arwin"}]
2017-02-10 05:00:22	[{"keyword":"@iradiojakarta","from":"2017-02-08","mode":"submitSocial","container":"all","username":"arwin"}]
2017-02-10 05:00:24	[{"keyword":"@indika9160fm","from":"2017-02-08","mode":"submitSocial","container":"all","username":"arwin"}]
2017-02-10 05:00:26	[{"keyword":"@shellindonesia","from":"2017-02-08","mode":"submitSocial","container":"all","username":"arwin"}]
2017-02-10 05:00:28	[{"keyword":"@vpowerfans","from":"2017-02-08","mode":"submitSocial","container":"all","username":"arwin"}]
2017-02-10 05:00:30	[{"keyword":"@pertamaxind","from":"2017-02-08","mode":"submitSocial","container":"all","username":"arwin"}]
2017-02-10 05:00:33	[{"keyword":"@ptpertamina","from":"2017-02-08","mode":"submitSocial","container":"all","username":"arwin"}]
2017-02-10 05:00:35	[{"keyword":"@ozradiojakarta","from":"2017-02-08","mode":"submitSocial","container":"all","username":"arwin"}]
2017-02-10 05:00:37	[{"keyword":"@cosmopolitanfm","from":"2017-02-08","mode":"submitSocial","container":"all","username":"arwin"}]
2017-02-10 05:00:39	[{"keyword":"@mustang88fm","from":"2017-02-08","mode":"submitSocial","container":"all","username":"arwin"}]
2017-02-10 05:00:41	[{"keyword":"@debabaz","from":"2017-02-08","mode":"submitSocial","container":"all","username":"arwin"}]
2017-02-10 05:00:45	[{"keyword":"@detikcom","from":"2017-02-08","mode":"submitSocial","container":"all","username":"arwin"}]
2017-02-10 05:00:48	[{"keyword":"@radioelshinta","from":"2017-02-08","mode":"submitSocial","container":"all","username":"arwin"}]
2017-02-10 05:00:50	[{"keyword":"@cinema21","from":"2017-02-08","mode":"submitSocial","container":"all","username":"arwin"}]
2017-02-10 05:00:53	[{"keyword":"@officialrcti","from":"2017-02-08","mode":"submitSocial","container":"all","username":"arwin"}]
2017-02-10 05:00:56	[{"keyword":"@transtv_corp","from":"2017-02-08","mode":"submitSocial","container":"all","username":"arwin"}]
2017-02-10 05:00:58	[{"keyword":"@trans7","from":"2017-02-08","mode":"submitSocial","container":"all","username":"arwin"}]
2017-02-10 05:01:02	[{"keyword":"@metro_tv","from":"2017-02-08","mode":"submitSocial","container":"all","username":"arwin"}]
2017-02-10 05:01:05	[{"keyword":"@tvonenews","from":"2017-02-08","mode":"submitSocial","container":"all","username":"arwin"}]
2017-02-10 05:01:07	[{"keyword":"@whatsonantv","from":"2017-02-08","mode":"submitSocial","container":"all","username":"arwin"}]
2017-02-10 05:01:10	[{"keyword":"@sctv_","from":"2017-02-08","mode":"submitSocial","container":"all","username":"arwin"}]
2017-02-10 05:01:13	[{"keyword":"@kompastv","from":"2017-02-08","mode":"submitSocial","container":"all","username":"arwin"}]
2017-02-10 05:01:16	[{"keyword":"@netmediatama","from":"2017-02-08","mode":"submitSocial","container":"all","username":"arwin"}]
2017-02-10 05:01:18	[{"keyword":"@globaltvseru","from":"2017-02-08","mode":"submitSocial","container":"all","username":"arwin"}]
2017-02-10 05:01:20	[{"keyword":"@jaktvcom","from":"2017-02-08","mode":"submitSocial","container":"all","username":"arwin"}]
2017-02-10 05:01:22	[{"keyword":"@tvrinasional","from":"2017-02-08","mode":"submitSocial","container":"all","username":"arwin"}]
2017-02-10 05:01:25	[{"keyword":"@ochannelupdates","from":"2017-02-08","mode":"submitSocial","container":"all","username":"arwin"}]
2017-02-10 05:01:28	[{"keyword":"@indosiarid","from":"2017-02-08","mode":"submitSocial","container":"all","username":"arwin"}]
2017-02-10 05:01:32	[{"keyword":"@kompascom","from":"2017-02-08","mode":"submitSocial","container":"all","username":"arwin"}]
2017-02-10 05:01:34	[{"keyword":"@merdekadotcom","from":"2017-02-08","mode":"submitSocial","container":"all","username":"arwin"}]
2017-02-10 05:01:36	[{"keyword":"@midotcom","from":"2017-02-08","mode":"submitSocial","container":"all","username":"arwin"}]
2017-02-10 05:01:38	[{"keyword":"@tempodotco","from":"2017-02-08","mode":"submitSocial","container":"all","username":"arwin"}]
2017-02-10 05:01:40	[{"keyword":"@motion975fm","from":"2017-02-08","mode":"submitSocial","container":"all","username":"arwin"}]
2017-02-10 05:01:42	[{"keyword":"@_radiotoday","from":"2017-02-08","mode":"submitSocial","container":"all","username":"arwin"}]
2017-02-10 05:01:45	[{"keyword":"@radioinfo","from":"2017-02-08","mode":"submitSocial","container":"all","username":"arwin"}]
2017-02-10 05:01:47	[{"keyword":"@979femaleradio","from":"2017-02-08","mode":"submitSocial","container":"all","username":"arwin"}]
2017-02-10 05:01:49	[{"keyword":"@womanradio943fm","from":"2017-02-08","mode":"submitSocial","container":"all","username":"arwin"}]
2017-02-10 05:01:51	[{"keyword":"@vradiofm","from":"2017-02-08","mode":"submitSocial","container":"all","username":"arwin"}]
2017-02-10 05:01:53	[{"keyword":"@ufm947","from":"2017-02-08","mode":"submitSocial","container":"all","username":"arwin"}]
2017-02-10 05:01:55	[{"keyword":"@vivanews","from":"2017-02-08","mode":"submitSocial","container":"all","username":"arwin"}]
2017-02-10 05:01:57	[{"keyword":"@antaranews","from":"2017-02-08","mode":"submitSocial","container":"all","username":"arwin"}]
2017-02-10 05:02:00	[{"keyword":"@tribunnews","from":"2017-02-08","mode":"submitSocial","container":"all","username":"arwin"}]
2017-02-10 05:02:03	[{"keyword":"@okezonenews","from":"2017-02-08","mode":"submitSocial","container":"all","username":"arwin"}]
2017-02-10 05:02:05	[{"keyword":"@beritasatu","from":"2017-02-08","mode":"submitSocial","container":"all","username":"arwin"}]
2017-02-10 05:02:07	[{"keyword":"@rollingstoneina","from":"2017-02-08","mode":"submitSocial","container":"all","username":"arwin"}]
2017-02-10 05:02:09	[{"keyword":"@fimeladotcom","from":"2017-02-08","mode":"submitSocial","container":"all","username":"arwin"}]
2017-02-10 05:02:11	[{"keyword":"@kapanlagicom","from":"2017-02-08","mode":"submitSocial","container":"all","username":"arwin"}]
2017-02-10 05:02:14	[{"keyword":"@kompasent","from":"2017-02-08","mode":"submitSocial","container":"all","username":"arwin"}]
2017-02-10 05:02:16	[{"keyword":"@haimagazine","from":"2017-02-08","mode":"submitSocial","container":"all","username":"arwin"}]
2017-02-10 05:02:18	[{"keyword":"@jakartavenue","from":"2017-02-08","mode":"submitSocial","container":"all","username":"arwin"}]
2017-02-10 05:02:20	[{"keyword":"@seputarevent","from":"2017-02-08","mode":"submitSocial","container":"all","username":"arwin"}]
2017-02-10 05:02:22	[{"keyword":"@ismayalive","from":"2017-02-08","mode":"submitSocial","container":"all","username":"arwin"}]
2017-02-10 05:02:24	[{"keyword":"@ecentertainment","from":"2017-02-08","mode":"submitSocial","container":"all","username":"arwin"}]
2017-02-10 05:02:26	[{"keyword":"@synergism_en","from":"2017-02-08","mode":"submitSocial","container":"all","username":"arwin"}]
2017-02-10 05:02:28	[{"keyword":"@urbanbandung","from":"2017-02-08","mode":"submitSocial","container":"all","username":"arwin"}]
2017-02-10 05:02:30	[{"keyword":"@urbanrkm995","from":"2017-02-08","mode":"submitSocial","container":"all","username":"arwin"}]
2017-02-10 05:02:32	[{"keyword":"@garuda_promo","from":"2017-02-08","mode":"submitSocial","container":"all","username":"arwin"}]
2017-02-10 05:02:34	[{"keyword":"@airasiaid","from":"2017-02-08","mode":"submitSocial","container":"all","username":"arwin"}]
2017-02-10 05:02:36	[{"keyword":"@kai121","from":"2017-02-08","mode":"submitSocial","container":"all","username":"arwin"}]
2017-02-10 05:02:38	[{"keyword":"@unilever","from":"2017-02-08","mode":"submitSocial","container":"all","username":"arwin"}]
2017-02-10 05:02:41	[{"keyword":"@nestle","from":"2017-02-08","mode":"submitSocial","container":"all","username":"arwin"}]
2017-02-10 05:02:44	[{"keyword":"@cocacola","from":"2017-02-08","mode":"submitSocial","container":"all","username":"arwin"}]
2017-02-10 05:02:52	[{"keyword":"@cnn","from":"2017-02-08","mode":"submitSocial","container":"all","username":"arwin"}]
2017-02-10 05:02:56	[{"keyword":"@mtv","from":"2017-02-08","mode":"submitSocial","container":"all","username":"arwin"}]
2017-02-10 05:02:58	[{"keyword":"@channelv","from":"2017-02-08","mode":"submitSocial","container":"all","username":"arwin"}]
2017-02-10 05:03:01	[{"keyword":"@itunesmusic","from":"2017-02-08","mode":"submitSocial","container":"all","username":"arwin"}]
2017-02-10 05:03:05	[{"keyword":"@mashable","from":"2017-02-08","mode":"submitSocial","container":"all","username":"arwin"}]
2017-02-10 05:03:07	[{"keyword":"@decacaz","from":"2017-02-08","mode":"submitSocial","container":"all","username":"arwin"}]
2017-02-10 05:03:09	[{"keyword":"@radiobaru967fm","from":"2017-02-08","mode":"submitSocial","container":"all","username":"arwin"}]
2017-02-10 05:03:12	[{"keyword":"@967hitzfm","from":"2017-02-08","mode":"submitSocial","container":"all","username":"arwin"}]
2017-02-10 05:03:14	[{"keyword":"@tvguide","from":"2017-02-08","mode":"submitSocial","container":"all","username":"arwin"}]
2017-02-10 05:03:16	[{"keyword":"@xl123","from":"2017-02-08","mode":"submitSocial","container":"all","username":"arwin"}]
2017-02-10 05:03:18	[{"keyword":"@triindonesia","from":"2017-02-08","mode":"submitSocial","container":"all","username":"arwin"}]
2017-02-10 05:03:21	[{"keyword":"@kaskus","from":"2017-02-08","mode":"submitSocial","container":"all","username":"arwin"}]
2017-02-10 05:03:23	[{"keyword":"@studio_xxi","from":"2017-02-08","mode":"submitSocial","container":"all","username":"arwin"}]
2017-02-10 05:03:25	[{"keyword":"@blitzmegaplex","from":"2017-02-08","mode":"submitSocial","container":"all","username":"arwin"}]
2017-02-10 05:03:27	[{"keyword":"@alfamartku","from":"2017-02-08","mode":"submitSocial","container":"all","username":"arwin"}]
2017-02-10 05:03:29	[{"keyword":"@carrefour_id","from":"2017-02-08","mode":"submitSocial","container":"all","username":"arwin"}]
2017-02-10 05:03:33	[{"keyword":"@bbcbreaking","from":"2017-02-08","mode":"submitSocial","container":"all","username":"arwin"}]
2017-02-10 05:03:40	[{"keyword":"@forbes","from":"2017-02-08","mode":"submitSocial","container":"all","username":"arwin"}]
2017-02-10 05:03:43	[{"keyword":"@bensradio","from":"2017-02-08","mode":"submitSocial","container":"all","username":"arwin"}]
2017-02-10 05:03:48	[{"keyword":"@instagram","from":"2017-02-08","mode":"submitSocial","container":"all","username":"arwin"}]
2017-02-10 05:03:51	[{"keyword":"@pinterest","from":"2017-02-08","mode":"submitSocial","container":"all","username":"arwin"}]
2017-02-10 05:03:57	[{"keyword":"@google","from":"2017-02-08","mode":"submitSocial","container":"all","username":"arwin"}]
2017-02-10 05:03:59	[{"keyword":"@pertaminalub","from":"2017-02-08","mode":"submitSocial","container":"all","username":"arwin"}]
2017-02-10 05:04:01	[{"keyword":"@infolalintol","from":"2017-02-08","mode":"submitSocial","container":"all","username":"arwin"}]
2017-02-10 05:04:03	[{"keyword":"@ptjasamarga","from":"2017-02-08","mode":"submitSocial","container":"all","username":"arwin"}]
2017-02-10 05:04:05	[{"keyword":"@cititransindo","from":"2017-02-08","mode":"submitSocial","container":"all","username":"arwin"}]
2017-02-10 05:04:07	[{"keyword":"#semangatpagisuperr","from":"2017-02-08","mode":"submitSocial","container":"all","username":"arwin"}]
2017-02-10 05:04:09	[{"keyword":"#genkuisinsideout","from":"2017-02-08","mode":"submitSocial","container":"all","username":"arwin"}]
2017-02-10 05:04:11	[{"keyword":"#semangatpagi","from":"2017-02-08","mode":"submitSocial","container":"all","username":"arwin"}]
2017-02-10 05:04:13	[{"keyword":"#dikamar","from":"2017-02-08","mode":"submitSocial","container":"all","username":"arwin"}]
2017-02-10 05:04:15	[{"keyword":"#kopaja","from":"2017-02-08","mode":"submitSocial","container":"all","username":"arwin"}]
2017-02-10 05:04:17	[{"keyword":"#generaksi8","from":"2017-02-08","mode":"submitSocial","container":"all","username":"arwin"}]
2017-02-10 05:04:19	[{"keyword":"#hitztsp","from":"2017-02-08","mode":"submitSocial","container":"all","username":"arwin"}]
2017-02-10 05:04:22	[{"keyword":"#np","from":"2017-02-08","mode":"submitSocial","container":"all","username":"arwin"}]
2017-02-10 05:04:24	[{"keyword":"#hitzlivestage","from":"2017-02-08","mode":"submitSocial","container":"all","username":"arwin"}]
2017-02-10 05:04:26	[{"keyword":"#thefreaks","from":"2017-02-08","mode":"submitSocial","container":"all","username":"arwin"}]
2017-02-10 05:04:28	[{"keyword":"#hitzsirkuspagi","from":"2017-02-08","mode":"submitSocial","container":"all","username":"arwin"}]
2017-02-10 05:04:30	[{"keyword":"#hitzathlon","from":"2017-02-08","mode":"submitSocial","container":"all","username":"arwin"}]
2017-02-10 05:04:32	[{"keyword":"#hitzzombie","from":"2017-02-08","mode":"submitSocial","container":"all","username":"arwin"}]
2017-02-10 05:04:34	[{"keyword":"#hitzkalong","from":"2017-02-08","mode":"submitSocial","container":"all","username":"arwin"}]
2017-02-10 05:04:36	[{"keyword":"#hitzbebas","from":"2017-02-08","mode":"submitSocial","container":"all","username":"arwin"}]
2017-02-10 05:04:38	[{"keyword":"#hitzhorehara","from":"2017-02-08","mode":"submitSocial","container":"all","username":"arwin"}]
2017-02-10 05:04:40	[{"keyword":"@zaloraid","from":"2017-02-08","mode":"submitSocial","container":"all","username":"arwin"}]
2017-02-10 05:04:42	[{"keyword":"@olx_indonesia","from":"2017-02-08","mode":"submitSocial","container":"all","username":"arwin"}]
2017-02-10 05:04:45	[{"keyword":"@lazadaid","from":"2017-02-08","mode":"submitSocial","container":"all","username":"arwin"}]
2017-02-10 05:04:47	[{"keyword":"@utrippers","from":"2017-02-08","mode":"submitSocial","container":"all","username":"arwin"}]
2017-02-10 05:04:49	[{"keyword":"@gogobot","from":"2017-02-08","mode":"submitSocial","container":"all","username":"arwin"}]
2017-02-10 05:04:51	[{"keyword":"@viatortravel","from":"2017-02-08","mode":"submitSocial","container":"all","username":"arwin"}]
2017-02-10 05:04:54	[{"keyword":"@alandakariza","from":"2017-02-08","mode":"submitSocial","container":"all","username":"arwin"}]
2017-02-10 05:04:56	[{"keyword":"@gagasmedia","from":"2017-02-08","mode":"submitSocial","container":"all","username":"arwin"}]
2017-02-10 05:04:58	[{"keyword":"@welovehonda","from":"2017-02-08","mode":"submitSocial","container":"all","username":"arwin"}]
2017-02-10 05:05:00	[{"keyword":"@suzukimotorid","from":"2017-02-08","mode":"submitSocial","container":"all","username":"arwin"}]
2017-02-10 05:05:03	[{"keyword":"@kawasakilovers","from":"2017-02-08","mode":"submitSocial","container":"all","username":"arwin"}]
2017-02-10 05:05:05	[{"keyword":"@yamahaindonesia","from":"2017-02-08","mode":"submitSocial","container":"all","username":"arwin"}]
2017-02-10 05:05:07	[{"keyword":"@tripanzee","from":"2017-02-08","mode":"submitSocial","container":"all","username":"arwin"}]
2017-02-10 05:05:09	[{"keyword":"@arnoldpoernomo","from":"2017-02-08","mode":"submitSocial","container":"all","username":"arwin"}]
2017-02-10 05:05:12	[{"keyword":"@nicsap","from":"2017-02-08","mode":"submitSocial","container":"all","username":"arwin"}]
2017-02-10 05:05:14	[{"keyword":"@tiket2","from":"2017-02-08","mode":"submitSocial","container":"all","username":"arwin"}]
2017-02-10 05:05:16	[{"keyword":"@traveloka","from":"2017-02-08","mode":"submitSocial","container":"all","username":"arwin"}]
2017-02-10 05:05:19	[{"keyword":"@wego","from":"2017-02-08","mode":"submitSocial","container":"all","username":"arwin"}]
2017-02-10 05:05:21	[{"keyword":"@agoda","from":"2017-02-08","mode":"submitSocial","container":"all","username":"arwin"}]
2017-02-10 05:05:23	[{"keyword":"#salahsambung","from":"2017-02-08","mode":"submitSocial","container":"all","username":"arwin"}]
2017-02-10 05:05:26	[{"keyword":"#tulalit","from":"2017-02-08","mode":"submitSocial","container":"all","username":"arwin"}]
2017-02-10 05:05:27	[{"keyword":"#pestageneraksi8","from":"2017-02-08","mode":"submitSocial","container":"all","username":"arwin"}]
2017-02-10 05:05:29	[{"keyword":"#ganaskustik","from":"2017-02-08","mode":"submitSocial","container":"all","username":"arwin"}]
2017-02-10 05:05:31	[{"keyword":"#lnhot20","from":"2017-02-08","mode":"submitSocial","container":"all","username":"arwin"}]
2017-02-10 05:05:33	[{"keyword":"@tripadvisor","from":"2017-02-08","mode":"submitSocial","container":"all","username":"arwin"}]
2017-02-10 05:05:39	[{"keyword":"@google","from":"2017-02-08","mode":"submitSocial","container":"all","username":"arwin"}]
2017-02-10 05:05:42	[{"keyword":"@telkomsel","from":"2017-02-08","mode":"submitSocial","container":"all","username":"arwin"}]
2017-02-10 05:05:44	[{"keyword":"@indosat","from":"2017-02-08","mode":"submitSocial","container":"all","username":"arwin"}]
2017-02-10 05:05:47	[{"keyword":"@bahanafmjkt","from":"2017-02-08","mode":"submitSocial","container":"all","username":""}]
2017-02-10 05:05:51	[{"keyword":"@sonorafm92","from":"2017-02-08","mode":"submitSocial","container":"all","username":"arwin"}]
2017-02-10 05:05:53	[{"keyword":"@litefm1058","from":"2017-02-08","mode":"submitSocial","container":"all","username":"arwin"}]
2017-02-10 05:05:55	[{"keyword":"@bravaradio","from":"2017-02-08","mode":"submitSocial","container":"all","username":"arwin"}]
2017-02-10 05:05:58	[{"keyword":"#dgitm","from":"2017-02-08","mode":"submitSocial","container":"all","username":"arwin"}]
2017-02-10 05:06:00	[{"keyword":"#hitsalaprambors","from":"2017-02-08","mode":"submitSocial","container":"all","username":"arwin"}]
2017-02-10 05:06:02	[{"keyword":"#reqprambors","from":"2017-02-08","mode":"submitSocial","container":"all","username":"arwin"}]
2017-02-10 05:06:04	[{"keyword":"#thedandees","from":"2017-02-08","mode":"submitSocial","container":"all","username":"arwin"}]
2017-02-10 05:06:06	[{"keyword":"#pramborsquiz","from":"2017-02-08","mode":"submitSocial","container":"all","username":"arwin"}]
2017-02-10 05:06:08	[{"keyword":"#jeliprambors","from":"2017-02-08","mode":"submitSocial","container":"all","username":"arwin"}]
2017-02-10 05:06:10	[{"keyword":"#jodohinprambors","from":"2017-02-08","mode":"submitSocial","container":"all","username":"arwin"}]
2017-02-10 05:06:12	[{"keyword":"#ubahdenganbicara","from":"2017-02-08","mode":"submitSocial","container":"all","username":"arwin"}]
2017-02-10 05:06:14	[{"keyword":"#pramborschat","from":"2017-02-08","mode":"submitSocial","container":"all","username":"arwin"}]
2017-02-10 05:06:16	[{"keyword":"#tweetforduit","from":"2017-02-08","mode":"submitSocial","container":"all","username":"arwin"}]
2017-02-10 05:06:18	[{"keyword":"#joki3in1","from":"2017-02-08","mode":"submitSocial","container":"all","username":"arwin"}]
2017-02-10 05:06:20	[{"keyword":"#sarapanseru","from":"2017-02-08","mode":"submitSocial","container":"all","username":"arwin"}]
2017-02-10 05:06:22	[{"keyword":"#rawonkaneloop","from":"2017-02-08","mode":"submitSocial","container":"all","username":"arwin"}]
2017-02-10 05:06:24	[{"keyword":"#gudegkendilkeraton","from":"2017-02-08","mode":"submitSocial","container":"all","username":"arwin"}]
2017-02-10 05:06:26	[{"keyword":"#gadogadobutika","from":"2017-02-08","mode":"submitSocial","container":"all","username":"arwin"}]
2017-02-10 05:06:28	[{"keyword":"#mtvhottest","from":"2017-02-08","mode":"submitSocial","container":"all","username":"arwin"}]
2017-02-10 05:06:30	[{"keyword":"#dimsumcjdw","from":"2017-02-08","mode":"submitSocial","container":"all","username":"arwin"}]
2017-02-10 05:06:32	[{"keyword":"#pecelmadiunmbakniek","from":"2017-02-08","mode":"submitSocial","container":"all","username":"arwin"}]
2017-02-10 05:06:34	[{"keyword":"#depotarema","from":"2017-02-08","mode":"submitSocial","container":"all","username":"arwin"}]
2017-02-10 05:06:36	[{"keyword":"@bni46","from":"2017-02-08","mode":"submitSocial","container":"all","username":"arwin"}]
2017-02-10 05:06:39	[{"keyword":"@bankbri_id","from":"2017-02-08","mode":"submitSocial","container":"all","username":"arwin"}]
2017-02-10 05:06:41	[{"keyword":"#bni46","from":"2017-02-08","mode":"submitSocial","container":"all","username":"arwin"}]
2017-02-10 05:06:44	[{"keyword":"macet","from":"2017-02-08","mode":"submitSocial","container":"all","username":"arwin"}]
2017-02-10 05:06:47	[{"keyword":"#selamatpagi","from":"2017-02-08","mode":"submitSocial","container":"all","username":"arwin"}]
2017-02-10 05:06:49	[{"keyword":"#selamatmalam","from":"2017-02-08","mode":"submitSocial","container":"all","username":"arwin"}]
2017-02-10 05:06:51	[{"keyword":"@884globalradio","from":"2017-02-08","mode":"submitSocial","container":"all","username":"arwin"}]
2017-02-10 05:06:53	[{"keyword":"@day_trans","from":"2017-02-08","mode":"submitSocial","container":"all","username":"arwin"}]
2017-02-10 05:06:55	[{"keyword":"@kencanavoyage","from":"2017-02-08","mode":"submitSocial","container":"all","username":"arwin"}]
2017-02-10 05:06:57	[{"keyword":"@jukebox5d","from":"2017-02-08","mode":"submitSocial","container":"all","username":"arwin"}]
2017-02-10 05:07:00	[{"keyword":"#mtvhottest","from":"2017-02-08","mode":"submitSocial","container":"all","username":"arwin"}]
2017-02-10 05:07:02	[{"keyword":"#semangatpagi","from":"2017-02-08","mode":"submitSocial","container":"all","username":"arwin"}]
2017-02-10 05:07:04	[{"keyword":"lifebuoy","from":"2017-02-08","mode":"submitSocial","container":"all","username":"arwin"}]
2017-02-10 05:07:11	[{"keyword":"jokowi","from":"2017-02-08","mode":"submitSocial","container":"all","username":"arwin"}]
2017-02-10 05:07:20	[{"keyword":"obama","from":"2017-02-08","mode":"submitSocial","container":"all","username":"arwin"}]
2017-02-10 05:07:22	[{"keyword":"starwars","from":"2017-02-08","mode":"submitSocial","container":"all","username":"arwin"}]
2017-02-10 05:07:25	[{"keyword":"jonan","from":"2017-02-08","mode":"submitSocial","container":"all","username":"arwin"}]
2017-02-10 05:07:33	[{"keyword":"pagi","from":"2017-02-08","mode":"submitSocial","container":"all","username":"arwin"}]
2017-02-10 05:07:35	[{"keyword":"sampoerna","from":"2017-02-08","mode":"submitSocial","container":"all","username":"arwin"}]
2017-02-10 05:07:38	[{"keyword":"djarum","from":"2017-02-08","mode":"submitSocial","container":"all","username":"arwin"}]
2017-02-10 05:07:40	[{"keyword":"#semangatpagi","from":"2017-02-08","mode":"submitSocial","container":"all","username":"arwin"}]
2017-02-10 05:07:42	[{"keyword":"#generaksi8","from":"2017-02-08","mode":"submitSocial","container":"all","username":"arwin"}]
2017-02-10 05:07:44	[{"keyword":"#365alasan","from":"2017-02-08","mode":"submitSocial","container":"all","username":"arwin"}]
2017-02-10 05:07:46	[{"keyword":"weew","from":"2017-02-08","mode":"submitSocial","container":"all","username":"arwin"}]
2017-02-10 05:07:52	[{"keyword":"testing","from":"2017-02-08","mode":"submitSocial","container":"all","username":"arwin"}]
2017-02-10 05:07:55	[{"keyword":"#kopaja","from":"2017-02-08","mode":"submitSocial","container":"all","username":"arwin"}]
2017-02-10 05:07:57	[{"keyword":"#genkuisinsideout","from":"2017-02-08","mode":"submitSocial","container":"all","username":"arwin"}]
2017-02-10 05:07:59	[{"keyword":"starwars","from":"2017-02-08","mode":"submitSocial","container":"all","username":"arwin"}]
2017-02-10 05:08:02	[{"keyword":"#kopaja","from":"2017-02-08","mode":"submitSocial","container":"all","username":"arwin"}]
2017-02-10 05:08:04	[{"keyword":"mldspot","from":"2017-02-08","mode":"submitSocial","container":"all","username":"arwin"}]
2017-02-10 05:08:06	[{"keyword":"pbdjarum","from":"2017-02-08","mode":"submitSocial","container":"all","username":"arwin"}]
2017-02-10 05:08:09	[{"keyword":"temannabati","from":"2017-02-08","mode":"submitSocial","container":"all","username":"arwin"}]
2017-02-10 05:08:11	[{"keyword":"nextar","from":"2017-02-08","mode":"submitSocial","container":"all","username":"arwin"}]
2017-02-10 05:08:14	[{"keyword":"jokowo","from":"2017-02-08","mode":"submitSocial","container":"all","username":"arwin"}]
2017-02-10 05:08:17	[{"keyword":"prabowo","from":"2017-02-08","mode":"submitSocial","container":"all","username":"arwin"}]
2017-02-10 05:08:19	[{"keyword":"sudirman said","from":"2017-02-08","mode":"submitSocial","container":"all","username":"arwin"}]
2017-02-10 05:08:25	[{"keyword":"ahok","from":"2017-02-08","mode":"submitSocial","container":"all","username":"arwin"}]
2017-02-10 05:08:27	[{"keyword":"setyanovanto","from":"2017-02-08","mode":"submitSocial","container":"all","username":"arwin"}]
2017-02-10 05:08:34	[{"keyword":"jokowi","from":"2017-02-08","mode":"submitSocial","container":"all","username":"arwin"}]
2017-02-10 05:08:39	[{"keyword":"ahok","from":"2017-02-08","mode":"submitSocial","container":"all","username":"arwin"}]
2017-02-10 05:08:42	[{"keyword":"prabowo","from":"2017-02-08","mode":"submitSocial","container":"all","username":"arwin"}]
2017-02-10 05:08:44	[{"keyword":"sudirman said","from":"2017-02-08","mode":"submitSocial","container":"all","username":"arwin"}]
2017-02-10 05:08:46	[{"keyword":"setyanovanto","from":"2017-02-08","mode":"submitSocial","container":"all","username":"arwin"}]
2017-02-10 05:08:49	[{"keyword":"galau","from":"2017-02-08","mode":"submitSocial","container":"all","username":"arwin"}]
2017-02-10 05:08:51	[{"keyword":"#prestasiindonesia","from":"2017-02-08","mode":"submitSocial","container":"all","username":"arwin"}]
2017-02-10 05:08:54	[{"keyword":"@tw_debi","from":"2017-02-08","mode":"submitSocial","container":"all","username":"arwin"}]
2017-02-10 05:08:56	[{"keyword":"@officialfastron","from":"2017-02-08","mode":"submitSocial","container":"all","username":"arwin"}]
2017-02-10 05:08:58	[{"keyword":"@citibankid","from":"2017-02-08","mode":"submitSocial","container":"all","username":"arwin"}]
