2017-09-15 05:00:04	[{"keyword":"@987genfm","from":"2017-09-13","mode":"submitSocial","container":"all","username":"arwin"}]
2017-09-15 05:00:07	[{"keyword":"@101jakfm","from":"2017-09-13","mode":"submitSocial","container":"all","username":"arwin"}]
2017-09-15 05:00:10	[{"keyword":"@prambors","from":"2017-09-13","mode":"submitSocial","container":"all","username":"arwin"}]
2017-09-15 05:00:12	[{"keyword":"@hardrockfm","from":"2017-09-13","mode":"submitSocial","container":"all","username":"arwin"}]
2017-09-15 05:00:15	[{"keyword":"@kisfmjakarta","from":"2017-09-13","mode":"submitSocial","container":"all","username":"arwin"}]
2017-09-15 05:00:17	[{"keyword":"@delta_fm","from":"2017-09-13","mode":"submitSocial","container":"all","username":"arwin"}]
2017-09-15 05:00:19	[{"keyword":"@traxfmjkt","from":"2017-09-13","mode":"submitSocial","container":"all","username":"arwin"}]
2017-09-15 05:00:22	[{"keyword":"@iradiojakarta","from":"2017-09-13","mode":"submitSocial","container":"all","username":"arwin"}]
2017-09-15 05:00:24	[{"keyword":"@indika9160fm","from":"2017-09-13","mode":"submitSocial","container":"all","username":"arwin"}]
2017-09-15 05:00:26	[{"keyword":"@shellindonesia","from":"2017-09-13","mode":"submitSocial","container":"all","username":"arwin"}]
2017-09-15 05:00:28	[{"keyword":"@vpowerfans","from":"2017-09-13","mode":"submitSocial","container":"all","username":"arwin"}]
2017-09-15 05:00:30	[{"keyword":"@pertamaxind","from":"2017-09-13","mode":"submitSocial","container":"all","username":"arwin"}]
2017-09-15 05:00:32	[{"keyword":"@ptpertamina","from":"2017-09-13","mode":"submitSocial","container":"all","username":"arwin"}]
2017-09-15 05:00:35	[{"keyword":"@ozradiojakarta","from":"2017-09-13","mode":"submitSocial","container":"all","username":"arwin"}]
2017-09-15 05:00:37	[{"keyword":"@cosmopolitanfm","from":"2017-09-13","mode":"submitSocial","container":"all","username":"arwin"}]
2017-09-15 05:00:39	[{"keyword":"@mustang88fm","from":"2017-09-13","mode":"submitSocial","container":"all","username":"arwin"}]
2017-09-15 05:00:41	[{"keyword":"@debabaz","from":"2017-09-13","mode":"submitSocial","container":"all","username":"arwin"}]
2017-09-15 05:00:46	[{"keyword":"@detikcom","from":"2017-09-13","mode":"submitSocial","container":"all","username":"arwin"}]
2017-09-15 05:00:49	[{"keyword":"@radioelshinta","from":"2017-09-13","mode":"submitSocial","container":"all","username":"arwin"}]
2017-09-15 05:00:51	[{"keyword":"@cinema21","from":"2017-09-13","mode":"submitSocial","container":"all","username":"arwin"}]
2017-09-15 05:00:54	[{"keyword":"@officialrcti","from":"2017-09-13","mode":"submitSocial","container":"all","username":"arwin"}]
2017-09-15 05:00:56	[{"keyword":"@transtv_corp","from":"2017-09-13","mode":"submitSocial","container":"all","username":"arwin"}]
2017-09-15 05:00:58	[{"keyword":"@trans7","from":"2017-09-13","mode":"submitSocial","container":"all","username":"arwin"}]
2017-09-15 05:01:02	[{"keyword":"@metro_tv","from":"2017-09-13","mode":"submitSocial","container":"all","username":"arwin"}]
2017-09-15 05:01:05	[{"keyword":"@tvonenews","from":"2017-09-13","mode":"submitSocial","container":"all","username":"arwin"}]
2017-09-15 05:01:07	[{"keyword":"@whatsonantv","from":"2017-09-13","mode":"submitSocial","container":"all","username":"arwin"}]
2017-09-15 05:01:11	[{"keyword":"@sctv_","from":"2017-09-13","mode":"submitSocial","container":"all","username":"arwin"}]
2017-09-15 05:01:13	[{"keyword":"@kompastv","from":"2017-09-13","mode":"submitSocial","container":"all","username":"arwin"}]
2017-09-15 05:01:16	[{"keyword":"@netmediatama","from":"2017-09-13","mode":"submitSocial","container":"all","username":"arwin"}]
2017-09-15 05:01:19	[{"keyword":"@globaltvseru","from":"2017-09-13","mode":"submitSocial","container":"all","username":"arwin"}]
2017-09-15 05:01:21	[{"keyword":"@jaktvcom","from":"2017-09-13","mode":"submitSocial","container":"all","username":"arwin"}]
2017-09-15 05:01:24	[{"keyword":"@tvrinasional","from":"2017-09-13","mode":"submitSocial","container":"all","username":"arwin"}]
2017-09-15 05:01:26	[{"keyword":"@ochannelupdates","from":"2017-09-13","mode":"submitSocial","container":"all","username":"arwin"}]
2017-09-15 05:01:29	[{"keyword":"@indosiarid","from":"2017-09-13","mode":"submitSocial","container":"all","username":"arwin"}]
2017-09-15 05:01:34	[{"keyword":"@kompascom","from":"2017-09-13","mode":"submitSocial","container":"all","username":"arwin"}]
2017-09-15 05:01:36	[{"keyword":"@merdekadotcom","from":"2017-09-13","mode":"submitSocial","container":"all","username":"arwin"}]
2017-09-15 05:01:38	[{"keyword":"@midotcom","from":"2017-09-13","mode":"submitSocial","container":"all","username":"arwin"}]
2017-09-15 05:01:41	[{"keyword":"@tempodotco","from":"2017-09-13","mode":"submitSocial","container":"all","username":"arwin"}]
2017-09-15 05:01:43	[{"keyword":"@motion975fm","from":"2017-09-13","mode":"submitSocial","container":"all","username":"arwin"}]
2017-09-15 05:01:46	[{"keyword":"@_radiotoday","from":"2017-09-13","mode":"submitSocial","container":"all","username":"arwin"}]
2017-09-15 05:01:48	[{"keyword":"@radioinfo","from":"2017-09-13","mode":"submitSocial","container":"all","username":"arwin"}]
2017-09-15 05:01:50	[{"keyword":"@979femaleradio","from":"2017-09-13","mode":"submitSocial","container":"all","username":"arwin"}]
2017-09-15 05:01:52	[{"keyword":"@womanradio943fm","from":"2017-09-13","mode":"submitSocial","container":"all","username":"arwin"}]
2017-09-15 05:01:55	[{"keyword":"@vradiofm","from":"2017-09-13","mode":"submitSocial","container":"all","username":"arwin"}]
2017-09-15 05:01:56	[{"keyword":"@ufm947","from":"2017-09-13","mode":"submitSocial","container":"all","username":"arwin"}]
2017-09-15 05:01:59	[{"keyword":"@vivanews","from":"2017-09-13","mode":"submitSocial","container":"all","username":"arwin"}]
2017-09-15 05:02:01	[{"keyword":"@antaranews","from":"2017-09-13","mode":"submitSocial","container":"all","username":"arwin"}]
2017-09-15 05:02:04	[{"keyword":"@tribunnews","from":"2017-09-13","mode":"submitSocial","container":"all","username":"arwin"}]
2017-09-15 05:02:06	[{"keyword":"@okezonenews","from":"2017-09-13","mode":"submitSocial","container":"all","username":"arwin"}]
2017-09-15 05:02:09	[{"keyword":"@beritasatu","from":"2017-09-13","mode":"submitSocial","container":"all","username":"arwin"}]
2017-09-15 05:02:11	[{"keyword":"@rollingstoneina","from":"2017-09-13","mode":"submitSocial","container":"all","username":"arwin"}]
2017-09-15 05:02:13	[{"keyword":"@fimeladotcom","from":"2017-09-13","mode":"submitSocial","container":"all","username":"arwin"}]
2017-09-15 05:02:15	[{"keyword":"@kapanlagicom","from":"2017-09-13","mode":"submitSocial","container":"all","username":"arwin"}]
2017-09-15 05:02:17	[{"keyword":"@kompasent","from":"2017-09-13","mode":"submitSocial","container":"all","username":"arwin"}]
2017-09-15 05:02:19	[{"keyword":"@haimagazine","from":"2017-09-13","mode":"submitSocial","container":"all","username":"arwin"}]
2017-09-15 05:02:22	[{"keyword":"@jakartavenue","from":"2017-09-13","mode":"submitSocial","container":"all","username":"arwin"}]
2017-09-15 05:02:24	[{"keyword":"@seputarevent","from":"2017-09-13","mode":"submitSocial","container":"all","username":"arwin"}]
2017-09-15 05:02:26	[{"keyword":"@ismayalive","from":"2017-09-13","mode":"submitSocial","container":"all","username":"arwin"}]
2017-09-15 05:02:28	[{"keyword":"@ecentertainment","from":"2017-09-13","mode":"submitSocial","container":"all","username":"arwin"}]
2017-09-15 05:02:30	[{"keyword":"@synergism_en","from":"2017-09-13","mode":"submitSocial","container":"all","username":"arwin"}]
2017-09-15 05:02:32	[{"keyword":"@urbanbandung","from":"2017-09-13","mode":"submitSocial","container":"all","username":"arwin"}]
2017-09-15 05:02:34	[{"keyword":"@urbanrkm995","from":"2017-09-13","mode":"submitSocial","container":"all","username":"arwin"}]
2017-09-15 05:02:36	[{"keyword":"@garuda_promo","from":"2017-09-13","mode":"submitSocial","container":"all","username":"arwin"}]
2017-09-15 05:02:39	[{"keyword":"@airasiaid","from":"2017-09-13","mode":"submitSocial","container":"all","username":"arwin"}]
2017-09-15 05:02:41	[{"keyword":"@kai121","from":"2017-09-13","mode":"submitSocial","container":"all","username":"arwin"}]
2017-09-15 05:02:43	[{"keyword":"@unilever","from":"2017-09-13","mode":"submitSocial","container":"all","username":"arwin"}]
2017-09-15 05:02:46	[{"keyword":"@nestle","from":"2017-09-13","mode":"submitSocial","container":"all","username":"arwin"}]
2017-09-15 05:02:49	[{"keyword":"@cocacola","from":"2017-09-13","mode":"submitSocial","container":"all","username":"arwin"}]
2017-09-15 05:02:56	[{"keyword":"@cnn","from":"2017-09-13","mode":"submitSocial","container":"all","username":"arwin"}]
2017-09-15 05:03:00	[{"keyword":"@mtv","from":"2017-09-13","mode":"submitSocial","container":"all","username":"arwin"}]
2017-09-15 05:03:02	[{"keyword":"@channelv","from":"2017-09-13","mode":"submitSocial","container":"all","username":"arwin"}]
2017-09-15 05:03:04	[{"keyword":"@itunesmusic","from":"2017-09-13","mode":"submitSocial","container":"all","username":"arwin"}]
2017-09-15 05:03:08	[{"keyword":"@mashable","from":"2017-09-13","mode":"submitSocial","container":"all","username":"arwin"}]
2017-09-15 05:03:10	[{"keyword":"@decacaz","from":"2017-09-13","mode":"submitSocial","container":"all","username":"arwin"}]
2017-09-15 05:03:12	[{"keyword":"@radiobaru967fm","from":"2017-09-13","mode":"submitSocial","container":"all","username":"arwin"}]
2017-09-15 05:03:15	[{"keyword":"@967hitzfm","from":"2017-09-13","mode":"submitSocial","container":"all","username":"arwin"}]
2017-09-15 05:03:17	[{"keyword":"@tvguide","from":"2017-09-13","mode":"submitSocial","container":"all","username":"arwin"}]
2017-09-15 05:03:20	[{"keyword":"@xl123","from":"2017-09-13","mode":"submitSocial","container":"all","username":"arwin"}]
2017-09-15 05:03:22	[{"keyword":"@triindonesia","from":"2017-09-13","mode":"submitSocial","container":"all","username":"arwin"}]
2017-09-15 05:03:25	[{"keyword":"@kaskus","from":"2017-09-13","mode":"submitSocial","container":"all","username":"arwin"}]
2017-09-15 05:03:27	[{"keyword":"@studio_xxi","from":"2017-09-13","mode":"submitSocial","container":"all","username":"arwin"}]
2017-09-15 05:03:29	[{"keyword":"@blitzmegaplex","from":"2017-09-13","mode":"submitSocial","container":"all","username":"arwin"}]
2017-09-15 05:03:31	[{"keyword":"@alfamartku","from":"2017-09-13","mode":"submitSocial","container":"all","username":"arwin"}]
2017-09-15 05:03:33	[{"keyword":"@carrefour_id","from":"2017-09-13","mode":"submitSocial","container":"all","username":"arwin"}]
2017-09-15 05:03:37	[{"keyword":"@bbcbreaking","from":"2017-09-13","mode":"submitSocial","container":"all","username":"arwin"}]
2017-09-15 05:03:43	[{"keyword":"@forbes","from":"2017-09-13","mode":"submitSocial","container":"all","username":"arwin"}]
2017-09-15 05:03:45	[{"keyword":"@bensradio","from":"2017-09-13","mode":"submitSocial","container":"all","username":"arwin"}]
2017-09-15 05:03:51	[{"keyword":"@instagram","from":"2017-09-13","mode":"submitSocial","container":"all","username":"arwin"}]
2017-09-15 05:03:54	[{"keyword":"@pinterest","from":"2017-09-13","mode":"submitSocial","container":"all","username":"arwin"}]
2017-09-15 05:04:00	[{"keyword":"@google","from":"2017-09-13","mode":"submitSocial","container":"all","username":"arwin"}]
2017-09-15 05:04:02	[{"keyword":"@pertaminalub","from":"2017-09-13","mode":"submitSocial","container":"all","username":"arwin"}]
2017-09-15 05:04:05	[{"keyword":"@infolalintol","from":"2017-09-13","mode":"submitSocial","container":"all","username":"arwin"}]
2017-09-15 05:04:07	[{"keyword":"@ptjasamarga","from":"2017-09-13","mode":"submitSocial","container":"all","username":"arwin"}]
2017-09-15 05:04:09	[{"keyword":"@cititransindo","from":"2017-09-13","mode":"submitSocial","container":"all","username":"arwin"}]
2017-09-15 05:04:11	[{"keyword":"#semangatpagisuperr","from":"2017-09-13","mode":"submitSocial","container":"all","username":"arwin"}]
2017-09-15 05:04:13	[{"keyword":"#genkuisinsideout","from":"2017-09-13","mode":"submitSocial","container":"all","username":"arwin"}]
2017-09-15 05:04:15	[{"keyword":"#semangatpagi","from":"2017-09-13","mode":"submitSocial","container":"all","username":"arwin"}]
2017-09-15 05:04:17	[{"keyword":"#dikamar","from":"2017-09-13","mode":"submitSocial","container":"all","username":"arwin"}]
2017-09-15 05:04:20	[{"keyword":"#kopaja","from":"2017-09-13","mode":"submitSocial","container":"all","username":"arwin"}]
2017-09-15 05:04:21	[{"keyword":"#generaksi8","from":"2017-09-13","mode":"submitSocial","container":"all","username":"arwin"}]
2017-09-15 05:04:23	[{"keyword":"#hitztsp","from":"2017-09-13","mode":"submitSocial","container":"all","username":"arwin"}]
2017-09-15 05:04:26	[{"keyword":"#np","from":"2017-09-13","mode":"submitSocial","container":"all","username":"arwin"}]
2017-09-15 05:04:28	[{"keyword":"#hitzlivestage","from":"2017-09-13","mode":"submitSocial","container":"all","username":"arwin"}]
2017-09-15 05:04:31	[{"keyword":"#thefreaks","from":"2017-09-13","mode":"submitSocial","container":"all","username":"arwin"}]
2017-09-15 05:04:33	[{"keyword":"#hitzsirkuspagi","from":"2017-09-13","mode":"submitSocial","container":"all","username":"arwin"}]
2017-09-15 05:04:35	[{"keyword":"#hitzathlon","from":"2017-09-13","mode":"submitSocial","container":"all","username":"arwin"}]
2017-09-15 05:04:37	[{"keyword":"#hitzzombie","from":"2017-09-13","mode":"submitSocial","container":"all","username":"arwin"}]
2017-09-15 05:04:39	[{"keyword":"#hitzkalong","from":"2017-09-13","mode":"submitSocial","container":"all","username":"arwin"}]
2017-09-15 05:04:42	[{"keyword":"#hitzbebas","from":"2017-09-13","mode":"submitSocial","container":"all","username":"arwin"}]
2017-09-15 05:04:44	[{"keyword":"#hitzhorehara","from":"2017-09-13","mode":"submitSocial","container":"all","username":"arwin"}]
2017-09-15 05:04:46	[{"keyword":"@zaloraid","from":"2017-09-13","mode":"submitSocial","container":"all","username":"arwin"}]
2017-09-15 05:04:48	[{"keyword":"@olx_indonesia","from":"2017-09-13","mode":"submitSocial","container":"all","username":"arwin"}]
2017-09-15 05:04:51	[{"keyword":"@lazadaid","from":"2017-09-13","mode":"submitSocial","container":"all","username":"arwin"}]
2017-09-15 05:04:53	[{"keyword":"@utrippers","from":"2017-09-13","mode":"submitSocial","container":"all","username":"arwin"}]
2017-09-15 05:04:56	[{"keyword":"@gogobot","from":"2017-09-13","mode":"submitSocial","container":"all","username":"arwin"}]
2017-09-15 05:04:58	[{"keyword":"@viatortravel","from":"2017-09-13","mode":"submitSocial","container":"all","username":"arwin"}]
2017-09-15 05:05:00	[{"keyword":"@alandakariza","from":"2017-09-13","mode":"submitSocial","container":"all","username":"arwin"}]
2017-09-15 05:05:04	[{"keyword":"@gagasmedia","from":"2017-09-13","mode":"submitSocial","container":"all","username":"arwin"}]
2017-09-15 05:05:06	[{"keyword":"@welovehonda","from":"2017-09-13","mode":"submitSocial","container":"all","username":"arwin"}]
2017-09-15 05:05:08	[{"keyword":"@suzukimotorid","from":"2017-09-13","mode":"submitSocial","container":"all","username":"arwin"}]
2017-09-15 05:05:11	[{"keyword":"@kawasakilovers","from":"2017-09-13","mode":"submitSocial","container":"all","username":"arwin"}]
2017-09-15 05:05:13	[{"keyword":"@yamahaindonesia","from":"2017-09-13","mode":"submitSocial","container":"all","username":"arwin"}]
2017-09-15 05:05:16	[{"keyword":"@tripanzee","from":"2017-09-13","mode":"submitSocial","container":"all","username":"arwin"}]
2017-09-15 05:05:18	[{"keyword":"@arnoldpoernomo","from":"2017-09-13","mode":"submitSocial","container":"all","username":"arwin"}]
2017-09-15 05:05:20	[{"keyword":"@nicsap","from":"2017-09-13","mode":"submitSocial","container":"all","username":"arwin"}]
2017-09-15 05:05:23	[{"keyword":"@tiket2","from":"2017-09-13","mode":"submitSocial","container":"all","username":"arwin"}]
2017-09-15 05:05:25	[{"keyword":"@traveloka","from":"2017-09-13","mode":"submitSocial","container":"all","username":"arwin"}]
2017-09-15 05:05:28	[{"keyword":"@wego","from":"2017-09-13","mode":"submitSocial","container":"all","username":"arwin"}]
2017-09-15 05:05:31	[{"keyword":"@agoda","from":"2017-09-13","mode":"submitSocial","container":"all","username":"arwin"}]
2017-09-15 05:05:33	[{"keyword":"#salahsambung","from":"2017-09-13","mode":"submitSocial","container":"all","username":"arwin"}]
2017-09-15 05:05:35	[{"keyword":"#tulalit","from":"2017-09-13","mode":"submitSocial","container":"all","username":"arwin"}]
2017-09-15 05:05:37	[{"keyword":"#pestageneraksi8","from":"2017-09-13","mode":"submitSocial","container":"all","username":"arwin"}]
2017-09-15 05:05:39	[{"keyword":"#ganaskustik","from":"2017-09-13","mode":"submitSocial","container":"all","username":"arwin"}]
2017-09-15 05:05:40	[{"keyword":"#lnhot20","from":"2017-09-13","mode":"submitSocial","container":"all","username":"arwin"}]
2017-09-15 05:05:43	[{"keyword":"@tripadvisor","from":"2017-09-13","mode":"submitSocial","container":"all","username":"arwin"}]
2017-09-15 05:05:49	[{"keyword":"@google","from":"2017-09-13","mode":"submitSocial","container":"all","username":"arwin"}]
2017-09-15 05:05:53	[{"keyword":"@telkomsel","from":"2017-09-13","mode":"submitSocial","container":"all","username":"arwin"}]
2017-09-15 05:05:55	[{"keyword":"@indosat","from":"2017-09-13","mode":"submitSocial","container":"all","username":"arwin"}]
2017-09-15 05:05:58	[{"keyword":"@bahanafmjkt","from":"2017-09-13","mode":"submitSocial","container":"all","username":""}]
2017-09-15 05:06:02	[{"keyword":"@sonorafm92","from":"2017-09-13","mode":"submitSocial","container":"all","username":"arwin"}]
2017-09-15 05:06:04	[{"keyword":"@litefm1058","from":"2017-09-13","mode":"submitSocial","container":"all","username":"arwin"}]
2017-09-15 05:06:06	[{"keyword":"@bravaradio","from":"2017-09-13","mode":"submitSocial","container":"all","username":"arwin"}]
2017-09-15 05:06:09	[{"keyword":"#dgitm","from":"2017-09-13","mode":"submitSocial","container":"all","username":"arwin"}]
2017-09-15 05:06:11	[{"keyword":"#hitsalaprambors","from":"2017-09-13","mode":"submitSocial","container":"all","username":"arwin"}]
2017-09-15 05:06:13	[{"keyword":"#reqprambors","from":"2017-09-13","mode":"submitSocial","container":"all","username":"arwin"}]
2017-09-15 05:06:15	[{"keyword":"#thedandees","from":"2017-09-13","mode":"submitSocial","container":"all","username":"arwin"}]
2017-09-15 05:06:17	[{"keyword":"#pramborsquiz","from":"2017-09-13","mode":"submitSocial","container":"all","username":"arwin"}]
2017-09-15 05:06:19	[{"keyword":"#jeliprambors","from":"2017-09-13","mode":"submitSocial","container":"all","username":"arwin"}]
2017-09-15 05:06:21	[{"keyword":"#jodohinprambors","from":"2017-09-13","mode":"submitSocial","container":"all","username":"arwin"}]
2017-09-15 05:06:23	[{"keyword":"#ubahdenganbicara","from":"2017-09-13","mode":"submitSocial","container":"all","username":"arwin"}]
2017-09-15 05:06:25	[{"keyword":"#pramborschat","from":"2017-09-13","mode":"submitSocial","container":"all","username":"arwin"}]
2017-09-15 05:06:27	[{"keyword":"#tweetforduit","from":"2017-09-13","mode":"submitSocial","container":"all","username":"arwin"}]
2017-09-15 05:06:29	[{"keyword":"#joki3in1","from":"2017-09-13","mode":"submitSocial","container":"all","username":"arwin"}]
2017-09-15 05:06:31	[{"keyword":"#sarapanseru","from":"2017-09-13","mode":"submitSocial","container":"all","username":"arwin"}]
2017-09-15 05:06:33	[{"keyword":"#rawonkaneloop","from":"2017-09-13","mode":"submitSocial","container":"all","username":"arwin"}]
2017-09-15 05:06:35	[{"keyword":"#gudegkendilkeraton","from":"2017-09-13","mode":"submitSocial","container":"all","username":"arwin"}]
2017-09-15 05:06:37	[{"keyword":"#gadogadobutika","from":"2017-09-13","mode":"submitSocial","container":"all","username":"arwin"}]
2017-09-15 05:06:39	[{"keyword":"#mtvhottest","from":"2017-09-13","mode":"submitSocial","container":"all","username":"arwin"}]
2017-09-15 05:06:42	[{"keyword":"#dimsumcjdw","from":"2017-09-13","mode":"submitSocial","container":"all","username":"arwin"}]
2017-09-15 05:06:43	[{"keyword":"#pecelmadiunmbakniek","from":"2017-09-13","mode":"submitSocial","container":"all","username":"arwin"}]
2017-09-15 05:06:46	[{"keyword":"#depotarema","from":"2017-09-13","mode":"submitSocial","container":"all","username":"arwin"}]
2017-09-15 05:06:48	[{"keyword":"@bni46","from":"2017-09-13","mode":"submitSocial","container":"all","username":"arwin"}]
2017-09-15 05:06:51	[{"keyword":"@bankbri_id","from":"2017-09-13","mode":"submitSocial","container":"all","username":"arwin"}]
2017-09-15 05:06:53	[{"keyword":"#bni46","from":"2017-09-13","mode":"submitSocial","container":"all","username":"arwin"}]
2017-09-15 05:06:57	[{"keyword":"macet","from":"2017-09-13","mode":"submitSocial","container":"all","username":"arwin"}]
2017-09-15 05:06:59	[{"keyword":"#selamatpagi","from":"2017-09-13","mode":"submitSocial","container":"all","username":"arwin"}]
2017-09-15 05:07:01	[{"keyword":"#selamatmalam","from":"2017-09-13","mode":"submitSocial","container":"all","username":"arwin"}]
2017-09-15 05:07:03	[{"keyword":"@884globalradio","from":"2017-09-13","mode":"submitSocial","container":"all","username":"arwin"}]
2017-09-15 05:07:05	[{"keyword":"@day_trans","from":"2017-09-13","mode":"submitSocial","container":"all","username":"arwin"}]
2017-09-15 05:07:07	[{"keyword":"@kencanavoyage","from":"2017-09-13","mode":"submitSocial","container":"all","username":"arwin"}]
2017-09-15 05:07:10	[{"keyword":"@jukebox5d","from":"2017-09-13","mode":"submitSocial","container":"all","username":"arwin"}]
2017-09-15 05:07:12	[{"keyword":"#mtvhottest","from":"2017-09-13","mode":"submitSocial","container":"all","username":"arwin"}]
2017-09-15 05:07:14	[{"keyword":"#semangatpagi","from":"2017-09-13","mode":"submitSocial","container":"all","username":"arwin"}]
2017-09-15 05:07:16	[{"keyword":"lifebuoy","from":"2017-09-13","mode":"submitSocial","container":"all","username":"arwin"}]
2017-09-15 05:07:24	[{"keyword":"jokowi","from":"2017-09-13","mode":"submitSocial","container":"all","username":"arwin"}]
2017-09-15 05:07:33	[{"keyword":"obama","from":"2017-09-13","mode":"submitSocial","container":"all","username":"arwin"}]
2017-09-15 05:07:36	[{"keyword":"starwars","from":"2017-09-13","mode":"submitSocial","container":"all","username":"arwin"}]
2017-09-15 05:07:39	[{"keyword":"jonan","from":"2017-09-13","mode":"submitSocial","container":"all","username":"arwin"}]
2017-09-15 05:07:47	[{"keyword":"pagi","from":"2017-09-13","mode":"submitSocial","container":"all","username":"arwin"}]
2017-09-15 05:07:50	[{"keyword":"sampoerna","from":"2017-09-13","mode":"submitSocial","container":"all","username":"arwin"}]
2017-09-15 05:07:52	[{"keyword":"djarum","from":"2017-09-13","mode":"submitSocial","container":"all","username":"arwin"}]
2017-09-15 05:07:54	[{"keyword":"#semangatpagi","from":"2017-09-13","mode":"submitSocial","container":"all","username":"arwin"}]
2017-09-15 05:07:56	[{"keyword":"#generaksi8","from":"2017-09-13","mode":"submitSocial","container":"all","username":"arwin"}]
2017-09-15 05:07:58	[{"keyword":"#365alasan","from":"2017-09-13","mode":"submitSocial","container":"all","username":"arwin"}]
2017-09-15 05:08:01	[{"keyword":"weew","from":"2017-09-13","mode":"submitSocial","container":"all","username":"arwin"}]
2017-09-15 05:08:09	[{"keyword":"testing","from":"2017-09-13","mode":"submitSocial","container":"all","username":"arwin"}]
2017-09-15 05:08:11	[{"keyword":"#kopaja","from":"2017-09-13","mode":"submitSocial","container":"all","username":"arwin"}]
2017-09-15 05:08:13	[{"keyword":"#genkuisinsideout","from":"2017-09-13","mode":"submitSocial","container":"all","username":"arwin"}]
2017-09-15 05:08:16	[{"keyword":"starwars","from":"2017-09-13","mode":"submitSocial","container":"all","username":"arwin"}]
2017-09-15 05:08:18	[{"keyword":"#kopaja","from":"2017-09-13","mode":"submitSocial","container":"all","username":"arwin"}]
2017-09-15 05:08:21	[{"keyword":"mldspot","from":"2017-09-13","mode":"submitSocial","container":"all","username":"arwin"}]
2017-09-15 05:08:23	[{"keyword":"pbdjarum","from":"2017-09-13","mode":"submitSocial","container":"all","username":"arwin"}]
2017-09-15 05:08:26	[{"keyword":"temannabati","from":"2017-09-13","mode":"submitSocial","container":"all","username":"arwin"}]
2017-09-15 05:08:29	[{"keyword":"nextar","from":"2017-09-13","mode":"submitSocial","container":"all","username":"arwin"}]
2017-09-15 05:08:31	[{"keyword":"jokowo","from":"2017-09-13","mode":"submitSocial","container":"all","username":"arwin"}]
2017-09-15 05:08:35	[{"keyword":"prabowo","from":"2017-09-13","mode":"submitSocial","container":"all","username":"arwin"}]
2017-09-15 05:08:38	[{"keyword":"sudirman said","from":"2017-09-13","mode":"submitSocial","container":"all","username":"arwin"}]
2017-09-15 05:08:44	[{"keyword":"ahok","from":"2017-09-13","mode":"submitSocial","container":"all","username":"arwin"}]
2017-09-15 05:08:46	[{"keyword":"setyanovanto","from":"2017-09-13","mode":"submitSocial","container":"all","username":"arwin"}]
2017-09-15 05:08:54	[{"keyword":"jokowi","from":"2017-09-13","mode":"submitSocial","container":"all","username":"arwin"}]
2017-09-15 05:09:00	[{"keyword":"ahok","from":"2017-09-13","mode":"submitSocial","container":"all","username":"arwin"}]
2017-09-15 05:09:05	[{"keyword":"prabowo","from":"2017-09-13","mode":"submitSocial","container":"all","username":"arwin"}]
2017-09-15 05:09:07	[{"keyword":"sudirman said","from":"2017-09-13","mode":"submitSocial","container":"all","username":"arwin"}]
2017-09-15 05:09:09	[{"keyword":"setyanovanto","from":"2017-09-13","mode":"submitSocial","container":"all","username":"arwin"}]
2017-09-15 05:09:13	[{"keyword":"galau","from":"2017-09-13","mode":"submitSocial","container":"all","username":"arwin"}]
2017-09-15 05:09:15	[{"keyword":"#prestasiindonesia","from":"2017-09-13","mode":"submitSocial","container":"all","username":"arwin"}]
2017-09-15 05:09:17	[{"keyword":"@tw_debi","from":"2017-09-13","mode":"submitSocial","container":"all","username":"arwin"}]
2017-09-15 05:09:19	[{"keyword":"@officialfastron","from":"2017-09-13","mode":"submitSocial","container":"all","username":"arwin"}]
2017-09-15 05:09:21	[{"keyword":"@citibankid","from":"2017-09-13","mode":"submitSocial","container":"all","username":"arwin"}]
2017-09-15 05:09:24	[{"keyword":"@jak101fm","from":"2017-09-13","mode":"submitSocial","container":"all","username":"arwin"}]
2017-09-15 05:09:26	[{"keyword":"@genfm","from":"2017-09-13","mode":"submitSocial","container":"all","username":"arwin"}]
