2017-04-20 05:00:06	[{"keyword":"@987genfm","from":"2017-04-18","mode":"submitSocial","container":"all","username":"arwin"}]
2017-04-20 05:00:08	[{"keyword":"@101jakfm","from":"2017-04-18","mode":"submitSocial","container":"all","username":"arwin"}]
2017-04-20 05:00:12	[{"keyword":"@prambors","from":"2017-04-18","mode":"submitSocial","container":"all","username":"arwin"}]
2017-04-20 05:00:14	[{"keyword":"@hardrockfm","from":"2017-04-18","mode":"submitSocial","container":"all","username":"arwin"}]
2017-04-20 05:00:17	[{"keyword":"@kisfmjakarta","from":"2017-04-18","mode":"submitSocial","container":"all","username":"arwin"}]
2017-04-20 05:00:19	[{"keyword":"@delta_fm","from":"2017-04-18","mode":"submitSocial","container":"all","username":"arwin"}]
2017-04-20 05:00:22	[{"keyword":"@traxfmjkt","from":"2017-04-18","mode":"submitSocial","container":"all","username":"arwin"}]
2017-04-20 05:00:24	[{"keyword":"@iradiojakarta","from":"2017-04-18","mode":"submitSocial","container":"all","username":"arwin"}]
2017-04-20 05:00:27	[{"keyword":"@indika9160fm","from":"2017-04-18","mode":"submitSocial","container":"all","username":"arwin"}]
2017-04-20 05:00:29	[{"keyword":"@shellindonesia","from":"2017-04-18","mode":"submitSocial","container":"all","username":"arwin"}]
2017-04-20 05:00:32	[{"keyword":"@vpowerfans","from":"2017-04-18","mode":"submitSocial","container":"all","username":"arwin"}]
2017-04-20 05:00:35	[{"keyword":"@pertamaxind","from":"2017-04-18","mode":"submitSocial","container":"all","username":"arwin"}]
2017-04-20 05:00:37	[{"keyword":"@ptpertamina","from":"2017-04-18","mode":"submitSocial","container":"all","username":"arwin"}]
2017-04-20 05:00:40	[{"keyword":"@ozradiojakarta","from":"2017-04-18","mode":"submitSocial","container":"all","username":"arwin"}]
2017-04-20 05:00:42	[{"keyword":"@cosmopolitanfm","from":"2017-04-18","mode":"submitSocial","container":"all","username":"arwin"}]
2017-04-20 05:00:45	[{"keyword":"@mustang88fm","from":"2017-04-18","mode":"submitSocial","container":"all","username":"arwin"}]
2017-04-20 05:00:47	[{"keyword":"@debabaz","from":"2017-04-18","mode":"submitSocial","container":"all","username":"arwin"}]
2017-04-20 05:00:51	[{"keyword":"@detikcom","from":"2017-04-18","mode":"submitSocial","container":"all","username":"arwin"}]
2017-04-20 05:00:54	[{"keyword":"@radioelshinta","from":"2017-04-18","mode":"submitSocial","container":"all","username":"arwin"}]
2017-04-20 05:00:56	[{"keyword":"@cinema21","from":"2017-04-18","mode":"submitSocial","container":"all","username":"arwin"}]
2017-04-20 05:00:59	[{"keyword":"@officialrcti","from":"2017-04-18","mode":"submitSocial","container":"all","username":"arwin"}]
2017-04-20 05:01:02	[{"keyword":"@transtv_corp","from":"2017-04-18","mode":"submitSocial","container":"all","username":"arwin"}]
2017-04-20 05:01:05	[{"keyword":"@trans7","from":"2017-04-18","mode":"submitSocial","container":"all","username":"arwin"}]
2017-04-20 05:01:09	[{"keyword":"@metro_tv","from":"2017-04-18","mode":"submitSocial","container":"all","username":"arwin"}]
2017-04-20 05:01:13	[{"keyword":"@tvonenews","from":"2017-04-18","mode":"submitSocial","container":"all","username":"arwin"}]
2017-04-20 05:01:15	[{"keyword":"@whatsonantv","from":"2017-04-18","mode":"submitSocial","container":"all","username":"arwin"}]
2017-04-20 05:01:19	[{"keyword":"@sctv_","from":"2017-04-18","mode":"submitSocial","container":"all","username":"arwin"}]
2017-04-20 05:01:22	[{"keyword":"@kompastv","from":"2017-04-18","mode":"submitSocial","container":"all","username":"arwin"}]
2017-04-20 05:01:25	[{"keyword":"@netmediatama","from":"2017-04-18","mode":"submitSocial","container":"all","username":"arwin"}]
2017-04-20 05:01:28	[{"keyword":"@globaltvseru","from":"2017-04-18","mode":"submitSocial","container":"all","username":"arwin"}]
2017-04-20 05:01:31	[{"keyword":"@jaktvcom","from":"2017-04-18","mode":"submitSocial","container":"all","username":"arwin"}]
2017-04-20 05:01:33	[{"keyword":"@tvrinasional","from":"2017-04-18","mode":"submitSocial","container":"all","username":"arwin"}]
2017-04-20 05:01:36	[{"keyword":"@ochannelupdates","from":"2017-04-18","mode":"submitSocial","container":"all","username":"arwin"}]
2017-04-20 05:01:39	[{"keyword":"@indosiarid","from":"2017-04-18","mode":"submitSocial","container":"all","username":"arwin"}]
2017-04-20 05:01:43	[{"keyword":"@kompascom","from":"2017-04-18","mode":"submitSocial","container":"all","username":"arwin"}]
2017-04-20 05:01:45	[{"keyword":"@merdekadotcom","from":"2017-04-18","mode":"submitSocial","container":"all","username":"arwin"}]
2017-04-20 05:01:47	[{"keyword":"@midotcom","from":"2017-04-18","mode":"submitSocial","container":"all","username":"arwin"}]
2017-04-20 05:01:50	[{"keyword":"@tempodotco","from":"2017-04-18","mode":"submitSocial","container":"all","username":"arwin"}]
2017-04-20 05:01:53	[{"keyword":"@motion975fm","from":"2017-04-18","mode":"submitSocial","container":"all","username":"arwin"}]
2017-04-20 05:01:55	[{"keyword":"@_radiotoday","from":"2017-04-18","mode":"submitSocial","container":"all","username":"arwin"}]
2017-04-20 05:01:58	[{"keyword":"@radioinfo","from":"2017-04-18","mode":"submitSocial","container":"all","username":"arwin"}]
2017-04-20 05:02:00	[{"keyword":"@979femaleradio","from":"2017-04-18","mode":"submitSocial","container":"all","username":"arwin"}]
2017-04-20 05:02:02	[{"keyword":"@womanradio943fm","from":"2017-04-18","mode":"submitSocial","container":"all","username":"arwin"}]
2017-04-20 05:02:05	[{"keyword":"@vradiofm","from":"2017-04-18","mode":"submitSocial","container":"all","username":"arwin"}]
2017-04-20 05:02:07	[{"keyword":"@ufm947","from":"2017-04-18","mode":"submitSocial","container":"all","username":"arwin"}]
2017-04-20 05:02:09	[{"keyword":"@vivanews","from":"2017-04-18","mode":"submitSocial","container":"all","username":"arwin"}]
2017-04-20 05:02:12	[{"keyword":"@antaranews","from":"2017-04-18","mode":"submitSocial","container":"all","username":"arwin"}]
2017-04-20 05:02:15	[{"keyword":"@tribunnews","from":"2017-04-18","mode":"submitSocial","container":"all","username":"arwin"}]
2017-04-20 05:02:18	[{"keyword":"@okezonenews","from":"2017-04-18","mode":"submitSocial","container":"all","username":"arwin"}]
2017-04-20 05:02:22	[{"keyword":"@beritasatu","from":"2017-04-18","mode":"submitSocial","container":"all","username":"arwin"}]
2017-04-20 05:02:24	[{"keyword":"@rollingstoneina","from":"2017-04-18","mode":"submitSocial","container":"all","username":"arwin"}]
2017-04-20 05:02:26	[{"keyword":"@fimeladotcom","from":"2017-04-18","mode":"submitSocial","container":"all","username":"arwin"}]
2017-04-20 05:02:29	[{"keyword":"@kapanlagicom","from":"2017-04-18","mode":"submitSocial","container":"all","username":"arwin"}]
2017-04-20 05:02:32	[{"keyword":"@kompasent","from":"2017-04-18","mode":"submitSocial","container":"all","username":"arwin"}]
2017-04-20 05:02:34	[{"keyword":"@haimagazine","from":"2017-04-18","mode":"submitSocial","container":"all","username":"arwin"}]
2017-04-20 05:02:37	[{"keyword":"@jakartavenue","from":"2017-04-18","mode":"submitSocial","container":"all","username":"arwin"}]
2017-04-20 05:02:39	[{"keyword":"@seputarevent","from":"2017-04-18","mode":"submitSocial","container":"all","username":"arwin"}]
2017-04-20 05:02:41	[{"keyword":"@ismayalive","from":"2017-04-18","mode":"submitSocial","container":"all","username":"arwin"}]
2017-04-20 05:02:44	[{"keyword":"@ecentertainment","from":"2017-04-18","mode":"submitSocial","container":"all","username":"arwin"}]
2017-04-20 05:02:46	[{"keyword":"@synergism_en","from":"2017-04-18","mode":"submitSocial","container":"all","username":"arwin"}]
2017-04-20 05:02:48	[{"keyword":"@urbanbandung","from":"2017-04-18","mode":"submitSocial","container":"all","username":"arwin"}]
2017-04-20 05:02:50	[{"keyword":"@urbanrkm995","from":"2017-04-18","mode":"submitSocial","container":"all","username":"arwin"}]
2017-04-20 05:02:52	[{"keyword":"@garuda_promo","from":"2017-04-18","mode":"submitSocial","container":"all","username":"arwin"}]
2017-04-20 05:02:55	[{"keyword":"@airasiaid","from":"2017-04-18","mode":"submitSocial","container":"all","username":"arwin"}]
2017-04-20 05:02:57	[{"keyword":"@kai121","from":"2017-04-18","mode":"submitSocial","container":"all","username":"arwin"}]
2017-04-20 05:03:00	[{"keyword":"@unilever","from":"2017-04-18","mode":"submitSocial","container":"all","username":"arwin"}]
2017-04-20 05:03:03	[{"keyword":"@nestle","from":"2017-04-18","mode":"submitSocial","container":"all","username":"arwin"}]
2017-04-20 05:03:06	[{"keyword":"@cocacola","from":"2017-04-18","mode":"submitSocial","container":"all","username":"arwin"}]
2017-04-20 05:03:14	[{"keyword":"@cnn","from":"2017-04-18","mode":"submitSocial","container":"all","username":"arwin"}]
2017-04-20 05:03:18	[{"keyword":"@mtv","from":"2017-04-18","mode":"submitSocial","container":"all","username":"arwin"}]
2017-04-20 05:03:20	[{"keyword":"@channelv","from":"2017-04-18","mode":"submitSocial","container":"all","username":"arwin"}]
2017-04-20 05:03:22	[{"keyword":"@itunesmusic","from":"2017-04-18","mode":"submitSocial","container":"all","username":"arwin"}]
2017-04-20 05:03:27	[{"keyword":"@mashable","from":"2017-04-18","mode":"submitSocial","container":"all","username":"arwin"}]
2017-04-20 05:03:29	[{"keyword":"@decacaz","from":"2017-04-18","mode":"submitSocial","container":"all","username":"arwin"}]
2017-04-20 05:03:31	[{"keyword":"@radiobaru967fm","from":"2017-04-18","mode":"submitSocial","container":"all","username":"arwin"}]
2017-04-20 05:03:34	[{"keyword":"@967hitzfm","from":"2017-04-18","mode":"submitSocial","container":"all","username":"arwin"}]
2017-04-20 05:03:36	[{"keyword":"@tvguide","from":"2017-04-18","mode":"submitSocial","container":"all","username":"arwin"}]
2017-04-20 05:03:39	[{"keyword":"@xl123","from":"2017-04-18","mode":"submitSocial","container":"all","username":"arwin"}]
2017-04-20 05:03:41	[{"keyword":"@triindonesia","from":"2017-04-18","mode":"submitSocial","container":"all","username":"arwin"}]
2017-04-20 05:03:44	[{"keyword":"@kaskus","from":"2017-04-18","mode":"submitSocial","container":"all","username":"arwin"}]
2017-04-20 05:03:47	[{"keyword":"@studio_xxi","from":"2017-04-18","mode":"submitSocial","container":"all","username":"arwin"}]
2017-04-20 05:03:49	[{"keyword":"@blitzmegaplex","from":"2017-04-18","mode":"submitSocial","container":"all","username":"arwin"}]
2017-04-20 05:03:51	[{"keyword":"@alfamartku","from":"2017-04-18","mode":"submitSocial","container":"all","username":"arwin"}]
2017-04-20 05:03:54	[{"keyword":"@carrefour_id","from":"2017-04-18","mode":"submitSocial","container":"all","username":"arwin"}]
2017-04-20 05:03:57	[{"keyword":"@bbcbreaking","from":"2017-04-18","mode":"submitSocial","container":"all","username":"arwin"}]
2017-04-20 05:04:05	[{"keyword":"@forbes","from":"2017-04-18","mode":"submitSocial","container":"all","username":"arwin"}]
2017-04-20 05:04:07	[{"keyword":"@bensradio","from":"2017-04-18","mode":"submitSocial","container":"all","username":"arwin"}]
2017-04-20 05:04:14	[{"keyword":"@instagram","from":"2017-04-18","mode":"submitSocial","container":"all","username":"arwin"}]
2017-04-20 05:04:17	[{"keyword":"@pinterest","from":"2017-04-18","mode":"submitSocial","container":"all","username":"arwin"}]
2017-04-20 05:04:24	[{"keyword":"@google","from":"2017-04-18","mode":"submitSocial","container":"all","username":"arwin"}]
2017-04-20 05:04:26	[{"keyword":"@pertaminalub","from":"2017-04-18","mode":"submitSocial","container":"all","username":"arwin"}]
2017-04-20 05:04:29	[{"keyword":"@infolalintol","from":"2017-04-18","mode":"submitSocial","container":"all","username":"arwin"}]
2017-04-20 05:04:31	[{"keyword":"@ptjasamarga","from":"2017-04-18","mode":"submitSocial","container":"all","username":"arwin"}]
2017-04-20 05:04:34	[{"keyword":"@cititransindo","from":"2017-04-18","mode":"submitSocial","container":"all","username":"arwin"}]
2017-04-20 05:04:36	[{"keyword":"#semangatpagisuperr","from":"2017-04-18","mode":"submitSocial","container":"all","username":"arwin"}]
2017-04-20 05:04:39	[{"keyword":"#genkuisinsideout","from":"2017-04-18","mode":"submitSocial","container":"all","username":"arwin"}]
2017-04-20 05:04:41	[{"keyword":"#semangatpagi","from":"2017-04-18","mode":"submitSocial","container":"all","username":"arwin"}]
2017-04-20 05:04:43	[{"keyword":"#dikamar","from":"2017-04-18","mode":"submitSocial","container":"all","username":"arwin"}]
2017-04-20 05:04:46	[{"keyword":"#kopaja","from":"2017-04-18","mode":"submitSocial","container":"all","username":"arwin"}]
2017-04-20 05:04:48	[{"keyword":"#generaksi8","from":"2017-04-18","mode":"submitSocial","container":"all","username":"arwin"}]
2017-04-20 05:04:50	[{"keyword":"#hitztsp","from":"2017-04-18","mode":"submitSocial","container":"all","username":"arwin"}]
2017-04-20 05:04:54	[{"keyword":"#np","from":"2017-04-18","mode":"submitSocial","container":"all","username":"arwin"}]
2017-04-20 05:04:56	[{"keyword":"#hitzlivestage","from":"2017-04-18","mode":"submitSocial","container":"all","username":"arwin"}]
2017-04-20 05:04:58	[{"keyword":"#thefreaks","from":"2017-04-18","mode":"submitSocial","container":"all","username":"arwin"}]
2017-04-20 05:05:00	[{"keyword":"#hitzsirkuspagi","from":"2017-04-18","mode":"submitSocial","container":"all","username":"arwin"}]
2017-04-20 05:05:03	[{"keyword":"#hitzathlon","from":"2017-04-18","mode":"submitSocial","container":"all","username":"arwin"}]
2017-04-20 05:05:06	[{"keyword":"#hitzzombie","from":"2017-04-18","mode":"submitSocial","container":"all","username":"arwin"}]
2017-04-20 05:05:08	[{"keyword":"#hitzkalong","from":"2017-04-18","mode":"submitSocial","container":"all","username":"arwin"}]
2017-04-20 05:05:10	[{"keyword":"#hitzbebas","from":"2017-04-18","mode":"submitSocial","container":"all","username":"arwin"}]
2017-04-20 05:05:13	[{"keyword":"#hitzhorehara","from":"2017-04-18","mode":"submitSocial","container":"all","username":"arwin"}]
2017-04-20 05:05:16	[{"keyword":"@zaloraid","from":"2017-04-18","mode":"submitSocial","container":"all","username":"arwin"}]
2017-04-20 05:05:18	[{"keyword":"@olx_indonesia","from":"2017-04-18","mode":"submitSocial","container":"all","username":"arwin"}]
2017-04-20 05:05:20	[{"keyword":"@lazadaid","from":"2017-04-18","mode":"submitSocial","container":"all","username":"arwin"}]
2017-04-20 05:05:23	[{"keyword":"@utrippers","from":"2017-04-18","mode":"submitSocial","container":"all","username":"arwin"}]
2017-04-20 05:05:25	[{"keyword":"@gogobot","from":"2017-04-18","mode":"submitSocial","container":"all","username":"arwin"}]
2017-04-20 05:05:28	[{"keyword":"@viatortravel","from":"2017-04-18","mode":"submitSocial","container":"all","username":"arwin"}]
2017-04-20 05:05:30	[{"keyword":"@alandakariza","from":"2017-04-18","mode":"submitSocial","container":"all","username":"arwin"}]
2017-04-20 05:05:33	[{"keyword":"@gagasmedia","from":"2017-04-18","mode":"submitSocial","container":"all","username":"arwin"}]
2017-04-20 05:05:35	[{"keyword":"@welovehonda","from":"2017-04-18","mode":"submitSocial","container":"all","username":"arwin"}]
2017-04-20 05:05:38	[{"keyword":"@suzukimotorid","from":"2017-04-18","mode":"submitSocial","container":"all","username":"arwin"}]
2017-04-20 05:05:40	[{"keyword":"@kawasakilovers","from":"2017-04-18","mode":"submitSocial","container":"all","username":"arwin"}]
2017-04-20 05:05:42	[{"keyword":"@yamahaindonesia","from":"2017-04-18","mode":"submitSocial","container":"all","username":"arwin"}]
2017-04-20 05:05:45	[{"keyword":"@tripanzee","from":"2017-04-18","mode":"submitSocial","container":"all","username":"arwin"}]
2017-04-20 05:05:47	[{"keyword":"@arnoldpoernomo","from":"2017-04-18","mode":"submitSocial","container":"all","username":"arwin"}]
2017-04-20 05:05:50	[{"keyword":"@nicsap","from":"2017-04-18","mode":"submitSocial","container":"all","username":"arwin"}]
2017-04-20 05:05:52	[{"keyword":"@tiket2","from":"2017-04-18","mode":"submitSocial","container":"all","username":"arwin"}]
2017-04-20 05:05:54	[{"keyword":"@traveloka","from":"2017-04-18","mode":"submitSocial","container":"all","username":"arwin"}]
2017-04-20 05:05:58	[{"keyword":"@wego","from":"2017-04-18","mode":"submitSocial","container":"all","username":"arwin"}]
2017-04-20 05:06:01	[{"keyword":"@agoda","from":"2017-04-18","mode":"submitSocial","container":"all","username":"arwin"}]
2017-04-20 05:06:03	[{"keyword":"#salahsambung","from":"2017-04-18","mode":"submitSocial","container":"all","username":"arwin"}]
2017-04-20 05:06:05	[{"keyword":"#tulalit","from":"2017-04-18","mode":"submitSocial","container":"all","username":"arwin"}]
2017-04-20 05:06:07	[{"keyword":"#pestageneraksi8","from":"2017-04-18","mode":"submitSocial","container":"all","username":"arwin"}]
2017-04-20 05:06:10	[{"keyword":"#ganaskustik","from":"2017-04-18","mode":"submitSocial","container":"all","username":"arwin"}]
2017-04-20 05:06:12	[{"keyword":"#lnhot20","from":"2017-04-18","mode":"submitSocial","container":"all","username":"arwin"}]
2017-04-20 05:06:14	[{"keyword":"@tripadvisor","from":"2017-04-18","mode":"submitSocial","container":"all","username":"arwin"}]
2017-04-20 05:06:21	[{"keyword":"@google","from":"2017-04-18","mode":"submitSocial","container":"all","username":"arwin"}]
2017-04-20 05:06:24	[{"keyword":"@telkomsel","from":"2017-04-18","mode":"submitSocial","container":"all","username":"arwin"}]
2017-04-20 05:06:26	[{"keyword":"@indosat","from":"2017-04-18","mode":"submitSocial","container":"all","username":"arwin"}]
2017-04-20 05:06:30	[{"keyword":"@bahanafmjkt","from":"2017-04-18","mode":"submitSocial","container":"all","username":""}]
2017-04-20 05:06:34	[{"keyword":"@sonorafm92","from":"2017-04-18","mode":"submitSocial","container":"all","username":"arwin"}]
2017-04-20 05:06:36	[{"keyword":"@litefm1058","from":"2017-04-18","mode":"submitSocial","container":"all","username":"arwin"}]
2017-04-20 05:06:39	[{"keyword":"@bravaradio","from":"2017-04-18","mode":"submitSocial","container":"all","username":"arwin"}]
2017-04-20 05:06:42	[{"keyword":"#dgitm","from":"2017-04-18","mode":"submitSocial","container":"all","username":"arwin"}]
2017-04-20 05:06:44	[{"keyword":"#hitsalaprambors","from":"2017-04-18","mode":"submitSocial","container":"all","username":"arwin"}]
2017-04-20 05:06:46	[{"keyword":"#reqprambors","from":"2017-04-18","mode":"submitSocial","container":"all","username":"arwin"}]
2017-04-20 05:06:48	[{"keyword":"#thedandees","from":"2017-04-18","mode":"submitSocial","container":"all","username":"arwin"}]
2017-04-20 05:06:50	[{"keyword":"#pramborsquiz","from":"2017-04-18","mode":"submitSocial","container":"all","username":"arwin"}]
2017-04-20 05:06:53	[{"keyword":"#jeliprambors","from":"2017-04-18","mode":"submitSocial","container":"all","username":"arwin"}]
2017-04-20 05:06:55	[{"keyword":"#jodohinprambors","from":"2017-04-18","mode":"submitSocial","container":"all","username":"arwin"}]
2017-04-20 05:06:57	[{"keyword":"#ubahdenganbicara","from":"2017-04-18","mode":"submitSocial","container":"all","username":"arwin"}]
2017-04-20 05:06:59	[{"keyword":"#pramborschat","from":"2017-04-18","mode":"submitSocial","container":"all","username":"arwin"}]
2017-04-20 05:07:01	[{"keyword":"#tweetforduit","from":"2017-04-18","mode":"submitSocial","container":"all","username":"arwin"}]
2017-04-20 05:07:03	[{"keyword":"#joki3in1","from":"2017-04-18","mode":"submitSocial","container":"all","username":"arwin"}]
2017-04-20 05:07:06	[{"keyword":"#sarapanseru","from":"2017-04-18","mode":"submitSocial","container":"all","username":"arwin"}]
2017-04-20 05:07:08	[{"keyword":"#rawonkaneloop","from":"2017-04-18","mode":"submitSocial","container":"all","username":"arwin"}]
2017-04-20 05:07:10	[{"keyword":"#gudegkendilkeraton","from":"2017-04-18","mode":"submitSocial","container":"all","username":"arwin"}]
2017-04-20 05:07:12	[{"keyword":"#gadogadobutika","from":"2017-04-18","mode":"submitSocial","container":"all","username":"arwin"}]
2017-04-20 05:07:15	[{"keyword":"#mtvhottest","from":"2017-04-18","mode":"submitSocial","container":"all","username":"arwin"}]
2017-04-20 05:07:17	[{"keyword":"#dimsumcjdw","from":"2017-04-18","mode":"submitSocial","container":"all","username":"arwin"}]
2017-04-20 05:07:19	[{"keyword":"#pecelmadiunmbakniek","from":"2017-04-18","mode":"submitSocial","container":"all","username":"arwin"}]
2017-04-20 05:07:21	[{"keyword":"#depotarema","from":"2017-04-18","mode":"submitSocial","container":"all","username":"arwin"}]
2017-04-20 05:07:23	[{"keyword":"@bni46","from":"2017-04-18","mode":"submitSocial","container":"all","username":"arwin"}]
2017-04-20 05:07:26	[{"keyword":"@bankbri_id","from":"2017-04-18","mode":"submitSocial","container":"all","username":"arwin"}]
2017-04-20 05:07:28	[{"keyword":"#bni46","from":"2017-04-18","mode":"submitSocial","container":"all","username":"arwin"}]
2017-04-20 05:07:33	[{"keyword":"macet","from":"2017-04-18","mode":"submitSocial","container":"all","username":"arwin"}]
2017-04-20 05:07:35	[{"keyword":"#selamatpagi","from":"2017-04-18","mode":"submitSocial","container":"all","username":"arwin"}]
2017-04-20 05:07:37	[{"keyword":"#selamatmalam","from":"2017-04-18","mode":"submitSocial","container":"all","username":"arwin"}]
2017-04-20 05:07:39	[{"keyword":"@884globalradio","from":"2017-04-18","mode":"submitSocial","container":"all","username":"arwin"}]
2017-04-20 05:07:42	[{"keyword":"@day_trans","from":"2017-04-18","mode":"submitSocial","container":"all","username":"arwin"}]
2017-04-20 05:07:44	[{"keyword":"@kencanavoyage","from":"2017-04-18","mode":"submitSocial","container":"all","username":"arwin"}]
2017-04-20 05:07:46	[{"keyword":"@jukebox5d","from":"2017-04-18","mode":"submitSocial","container":"all","username":"arwin"}]
2017-04-20 05:07:49	[{"keyword":"#mtvhottest","from":"2017-04-18","mode":"submitSocial","container":"all","username":"arwin"}]
2017-04-20 05:07:51	[{"keyword":"#semangatpagi","from":"2017-04-18","mode":"submitSocial","container":"all","username":"arwin"}]
2017-04-20 05:07:53	[{"keyword":"lifebuoy","from":"2017-04-18","mode":"submitSocial","container":"all","username":"arwin"}]
2017-04-20 05:07:59	[{"keyword":"jokowi","from":"2017-04-18","mode":"submitSocial","container":"all","username":"arwin"}]
2017-04-20 05:08:08	[{"keyword":"obama","from":"2017-04-18","mode":"submitSocial","container":"all","username":"arwin"}]
2017-04-20 05:08:11	[{"keyword":"starwars","from":"2017-04-18","mode":"submitSocial","container":"all","username":"arwin"}]
2017-04-20 05:08:15	[{"keyword":"jonan","from":"2017-04-18","mode":"submitSocial","container":"all","username":"arwin"}]
2017-04-20 05:08:23	[{"keyword":"pagi","from":"2017-04-18","mode":"submitSocial","container":"all","username":"arwin"}]
2017-04-20 05:08:26	[{"keyword":"sampoerna","from":"2017-04-18","mode":"submitSocial","container":"all","username":"arwin"}]
2017-04-20 05:08:29	[{"keyword":"djarum","from":"2017-04-18","mode":"submitSocial","container":"all","username":"arwin"}]
2017-04-20 05:08:31	[{"keyword":"#semangatpagi","from":"2017-04-18","mode":"submitSocial","container":"all","username":"arwin"}]
2017-04-20 05:08:33	[{"keyword":"#generaksi8","from":"2017-04-18","mode":"submitSocial","container":"all","username":"arwin"}]
2017-04-20 05:08:36	[{"keyword":"#365alasan","from":"2017-04-18","mode":"submitSocial","container":"all","username":"arwin"}]
2017-04-20 05:08:39	[{"keyword":"weew","from":"2017-04-18","mode":"submitSocial","container":"all","username":"arwin"}]
2017-04-20 05:08:46	[{"keyword":"testing","from":"2017-04-18","mode":"submitSocial","container":"all","username":"arwin"}]
2017-04-20 05:08:49	[{"keyword":"#kopaja","from":"2017-04-18","mode":"submitSocial","container":"all","username":"arwin"}]
2017-04-20 05:08:51	[{"keyword":"#genkuisinsideout","from":"2017-04-18","mode":"submitSocial","container":"all","username":"arwin"}]
2017-04-20 05:08:54	[{"keyword":"starwars","from":"2017-04-18","mode":"submitSocial","container":"all","username":"arwin"}]
2017-04-20 05:08:57	[{"keyword":"#kopaja","from":"2017-04-18","mode":"submitSocial","container":"all","username":"arwin"}]
2017-04-20 05:08:59	[{"keyword":"mldspot","from":"2017-04-18","mode":"submitSocial","container":"all","username":"arwin"}]
2017-04-20 05:09:02	[{"keyword":"pbdjarum","from":"2017-04-18","mode":"submitSocial","container":"all","username":"arwin"}]
2017-04-20 05:09:04	[{"keyword":"temannabati","from":"2017-04-18","mode":"submitSocial","container":"all","username":"arwin"}]
2017-04-20 05:09:07	[{"keyword":"nextar","from":"2017-04-18","mode":"submitSocial","container":"all","username":"arwin"}]
2017-04-20 05:09:10	[{"keyword":"jokowo","from":"2017-04-18","mode":"submitSocial","container":"all","username":"arwin"}]
2017-04-20 05:09:14	[{"keyword":"prabowo","from":"2017-04-18","mode":"submitSocial","container":"all","username":"arwin"}]
2017-04-20 05:09:16	[{"keyword":"sudirman said","from":"2017-04-18","mode":"submitSocial","container":"all","username":"arwin"}]
2017-04-20 05:09:24	[{"keyword":"ahok","from":"2017-04-18","mode":"submitSocial","container":"all","username":"arwin"}]
2017-04-20 05:09:26	[{"keyword":"setyanovanto","from":"2017-04-18","mode":"submitSocial","container":"all","username":"arwin"}]
2017-04-20 05:09:33	[{"keyword":"jokowi","from":"2017-04-18","mode":"submitSocial","container":"all","username":"arwin"}]
2017-04-20 05:09:40	[{"keyword":"ahok","from":"2017-04-18","mode":"submitSocial","container":"all","username":"arwin"}]
2017-04-20 05:09:45	[{"keyword":"prabowo","from":"2017-04-18","mode":"submitSocial","container":"all","username":"arwin"}]
2017-04-20 05:09:47	[{"keyword":"sudirman said","from":"2017-04-18","mode":"submitSocial","container":"all","username":"arwin"}]
2017-04-20 05:09:50	[{"keyword":"setyanovanto","from":"2017-04-18","mode":"submitSocial","container":"all","username":"arwin"}]
2017-04-20 05:09:54	[{"keyword":"galau","from":"2017-04-18","mode":"submitSocial","container":"all","username":"arwin"}]
2017-04-20 05:09:58	[{"keyword":"#prestasiindonesia","from":"2017-04-18","mode":"submitSocial","container":"all","username":"arwin"}]
2017-04-20 05:10:01	[{"keyword":"@tw_debi","from":"2017-04-18","mode":"submitSocial","container":"all","username":"arwin"}]
2017-04-20 05:10:03	[{"keyword":"@officialfastron","from":"2017-04-18","mode":"submitSocial","container":"all","username":"arwin"}]
2017-04-20 05:10:06	[{"keyword":"@citibankid","from":"2017-04-18","mode":"submitSocial","container":"all","username":"arwin"}]
2017-04-20 05:10:08	[{"keyword":"@jak101fm","from":"2017-04-18","mode":"submitSocial","container":"all","username":"arwin"}]
2017-04-20 05:10:11	[{"keyword":"@genfm","from":"2017-04-18","mode":"submitSocial","container":"all","username":"arwin"}]
