2017-02-19 05:00:05	[{"keyword":"@987genfm","from":"2017-02-17","mode":"submitSocial","container":"all","username":"arwin"}]
2017-02-19 05:00:08	[{"keyword":"@101jakfm","from":"2017-02-17","mode":"submitSocial","container":"all","username":"arwin"}]
2017-02-19 05:00:11	[{"keyword":"@prambors","from":"2017-02-17","mode":"submitSocial","container":"all","username":"arwin"}]
2017-02-19 05:00:13	[{"keyword":"@hardrockfm","from":"2017-02-17","mode":"submitSocial","container":"all","username":"arwin"}]
2017-02-19 05:00:15	[{"keyword":"@kisfmjakarta","from":"2017-02-17","mode":"submitSocial","container":"all","username":"arwin"}]
2017-02-19 05:00:18	[{"keyword":"@delta_fm","from":"2017-02-17","mode":"submitSocial","container":"all","username":"arwin"}]
2017-02-19 05:00:20	[{"keyword":"@traxfmjkt","from":"2017-02-17","mode":"submitSocial","container":"all","username":"arwin"}]
2017-02-19 05:00:23	[{"keyword":"@iradiojakarta","from":"2017-02-17","mode":"submitSocial","container":"all","username":"arwin"}]
2017-02-19 05:00:25	[{"keyword":"@indika9160fm","from":"2017-02-17","mode":"submitSocial","container":"all","username":"arwin"}]
2017-02-19 05:00:27	[{"keyword":"@shellindonesia","from":"2017-02-17","mode":"submitSocial","container":"all","username":"arwin"}]
2017-02-19 05:00:29	[{"keyword":"@vpowerfans","from":"2017-02-17","mode":"submitSocial","container":"all","username":"arwin"}]
2017-02-19 05:00:32	[{"keyword":"@pertamaxind","from":"2017-02-17","mode":"submitSocial","container":"all","username":"arwin"}]
2017-02-19 05:00:34	[{"keyword":"@ptpertamina","from":"2017-02-17","mode":"submitSocial","container":"all","username":"arwin"}]
2017-02-19 05:00:36	[{"keyword":"@ozradiojakarta","from":"2017-02-17","mode":"submitSocial","container":"all","username":"arwin"}]
2017-02-19 05:00:38	[{"keyword":"@cosmopolitanfm","from":"2017-02-17","mode":"submitSocial","container":"all","username":"arwin"}]
2017-02-19 05:00:41	[{"keyword":"@mustang88fm","from":"2017-02-17","mode":"submitSocial","container":"all","username":"arwin"}]
2017-02-19 05:00:43	[{"keyword":"@debabaz","from":"2017-02-17","mode":"submitSocial","container":"all","username":"arwin"}]
2017-02-19 05:00:46	[{"keyword":"@detikcom","from":"2017-02-17","mode":"submitSocial","container":"all","username":"arwin"}]
2017-02-19 05:00:48	[{"keyword":"@radioelshinta","from":"2017-02-17","mode":"submitSocial","container":"all","username":"arwin"}]
2017-02-19 05:00:50	[{"keyword":"@cinema21","from":"2017-02-17","mode":"submitSocial","container":"all","username":"arwin"}]
2017-02-19 05:00:53	[{"keyword":"@officialrcti","from":"2017-02-17","mode":"submitSocial","container":"all","username":"arwin"}]
2017-02-19 05:00:56	[{"keyword":"@transtv_corp","from":"2017-02-17","mode":"submitSocial","container":"all","username":"arwin"}]
2017-02-19 05:00:58	[{"keyword":"@trans7","from":"2017-02-17","mode":"submitSocial","container":"all","username":"arwin"}]
2017-02-19 05:01:02	[{"keyword":"@metro_tv","from":"2017-02-17","mode":"submitSocial","container":"all","username":"arwin"}]
2017-02-19 05:01:04	[{"keyword":"@tvonenews","from":"2017-02-17","mode":"submitSocial","container":"all","username":"arwin"}]
2017-02-19 05:01:07	[{"keyword":"@whatsonantv","from":"2017-02-17","mode":"submitSocial","container":"all","username":"arwin"}]
2017-02-19 05:01:10	[{"keyword":"@sctv_","from":"2017-02-17","mode":"submitSocial","container":"all","username":"arwin"}]
2017-02-19 05:01:13	[{"keyword":"@kompastv","from":"2017-02-17","mode":"submitSocial","container":"all","username":"arwin"}]
2017-02-19 05:01:16	[{"keyword":"@netmediatama","from":"2017-02-17","mode":"submitSocial","container":"all","username":"arwin"}]
2017-02-19 05:01:18	[{"keyword":"@globaltvseru","from":"2017-02-17","mode":"submitSocial","container":"all","username":"arwin"}]
2017-02-19 05:01:21	[{"keyword":"@jaktvcom","from":"2017-02-17","mode":"submitSocial","container":"all","username":"arwin"}]
2017-02-19 05:01:23	[{"keyword":"@tvrinasional","from":"2017-02-17","mode":"submitSocial","container":"all","username":"arwin"}]
2017-02-19 05:01:25	[{"keyword":"@ochannelupdates","from":"2017-02-17","mode":"submitSocial","container":"all","username":"arwin"}]
2017-02-19 05:01:28	[{"keyword":"@indosiarid","from":"2017-02-17","mode":"submitSocial","container":"all","username":"arwin"}]
2017-02-19 05:01:32	[{"keyword":"@kompascom","from":"2017-02-17","mode":"submitSocial","container":"all","username":"arwin"}]
2017-02-19 05:01:34	[{"keyword":"@merdekadotcom","from":"2017-02-17","mode":"submitSocial","container":"all","username":"arwin"}]
2017-02-19 05:01:36	[{"keyword":"@midotcom","from":"2017-02-17","mode":"submitSocial","container":"all","username":"arwin"}]
2017-02-19 05:01:39	[{"keyword":"@tempodotco","from":"2017-02-17","mode":"submitSocial","container":"all","username":"arwin"}]
2017-02-19 05:01:41	[{"keyword":"@motion975fm","from":"2017-02-17","mode":"submitSocial","container":"all","username":"arwin"}]
2017-02-19 05:01:43	[{"keyword":"@_radiotoday","from":"2017-02-17","mode":"submitSocial","container":"all","username":"arwin"}]
2017-02-19 05:01:45	[{"keyword":"@radioinfo","from":"2017-02-17","mode":"submitSocial","container":"all","username":"arwin"}]
2017-02-19 05:01:47	[{"keyword":"@979femaleradio","from":"2017-02-17","mode":"submitSocial","container":"all","username":"arwin"}]
2017-02-19 05:01:49	[{"keyword":"@womanradio943fm","from":"2017-02-17","mode":"submitSocial","container":"all","username":"arwin"}]
2017-02-19 05:01:52	[{"keyword":"@vradiofm","from":"2017-02-17","mode":"submitSocial","container":"all","username":"arwin"}]
2017-02-19 05:01:54	[{"keyword":"@ufm947","from":"2017-02-17","mode":"submitSocial","container":"all","username":"arwin"}]
2017-02-19 05:01:56	[{"keyword":"@vivanews","from":"2017-02-17","mode":"submitSocial","container":"all","username":"arwin"}]
2017-02-19 05:01:58	[{"keyword":"@antaranews","from":"2017-02-17","mode":"submitSocial","container":"all","username":"arwin"}]
2017-02-19 05:02:01	[{"keyword":"@tribunnews","from":"2017-02-17","mode":"submitSocial","container":"all","username":"arwin"}]
2017-02-19 05:02:03	[{"keyword":"@okezonenews","from":"2017-02-17","mode":"submitSocial","container":"all","username":"arwin"}]
2017-02-19 05:02:06	[{"keyword":"@beritasatu","from":"2017-02-17","mode":"submitSocial","container":"all","username":"arwin"}]
2017-02-19 05:02:08	[{"keyword":"@rollingstoneina","from":"2017-02-17","mode":"submitSocial","container":"all","username":"arwin"}]
2017-02-19 05:02:10	[{"keyword":"@fimeladotcom","from":"2017-02-17","mode":"submitSocial","container":"all","username":"arwin"}]
2017-02-19 05:02:12	[{"keyword":"@kapanlagicom","from":"2017-02-17","mode":"submitSocial","container":"all","username":"arwin"}]
2017-02-19 05:02:15	[{"keyword":"@kompasent","from":"2017-02-17","mode":"submitSocial","container":"all","username":"arwin"}]
2017-02-19 05:02:17	[{"keyword":"@haimagazine","from":"2017-02-17","mode":"submitSocial","container":"all","username":"arwin"}]
2017-02-19 05:02:19	[{"keyword":"@jakartavenue","from":"2017-02-17","mode":"submitSocial","container":"all","username":"arwin"}]
2017-02-19 05:02:21	[{"keyword":"@seputarevent","from":"2017-02-17","mode":"submitSocial","container":"all","username":"arwin"}]
2017-02-19 05:02:23	[{"keyword":"@ismayalive","from":"2017-02-17","mode":"submitSocial","container":"all","username":"arwin"}]
2017-02-19 05:02:26	[{"keyword":"@ecentertainment","from":"2017-02-17","mode":"submitSocial","container":"all","username":"arwin"}]
2017-02-19 05:02:28	[{"keyword":"@synergism_en","from":"2017-02-17","mode":"submitSocial","container":"all","username":"arwin"}]
2017-02-19 05:02:30	[{"keyword":"@urbanbandung","from":"2017-02-17","mode":"submitSocial","container":"all","username":"arwin"}]
2017-02-19 05:02:31	[{"keyword":"@urbanrkm995","from":"2017-02-17","mode":"submitSocial","container":"all","username":"arwin"}]
2017-02-19 05:02:34	[{"keyword":"@garuda_promo","from":"2017-02-17","mode":"submitSocial","container":"all","username":"arwin"}]
2017-02-19 05:02:36	[{"keyword":"@airasiaid","from":"2017-02-17","mode":"submitSocial","container":"all","username":"arwin"}]
2017-02-19 05:02:38	[{"keyword":"@kai121","from":"2017-02-17","mode":"submitSocial","container":"all","username":"arwin"}]
2017-02-19 05:02:41	[{"keyword":"@unilever","from":"2017-02-17","mode":"submitSocial","container":"all","username":"arwin"}]
2017-02-19 05:02:43	[{"keyword":"@nestle","from":"2017-02-17","mode":"submitSocial","container":"all","username":"arwin"}]
2017-02-19 05:02:46	[{"keyword":"@cocacola","from":"2017-02-17","mode":"submitSocial","container":"all","username":"arwin"}]
2017-02-19 05:02:55	[{"keyword":"@cnn","from":"2017-02-17","mode":"submitSocial","container":"all","username":"arwin"}]
2017-02-19 05:02:58	[{"keyword":"@mtv","from":"2017-02-17","mode":"submitSocial","container":"all","username":"arwin"}]
2017-02-19 05:03:00	[{"keyword":"@channelv","from":"2017-02-17","mode":"submitSocial","container":"all","username":"arwin"}]
2017-02-19 05:03:03	[{"keyword":"@itunesmusic","from":"2017-02-17","mode":"submitSocial","container":"all","username":"arwin"}]
2017-02-19 05:03:08	[{"keyword":"@mashable","from":"2017-02-17","mode":"submitSocial","container":"all","username":"arwin"}]
2017-02-19 05:03:10	[{"keyword":"@decacaz","from":"2017-02-17","mode":"submitSocial","container":"all","username":"arwin"}]
2017-02-19 05:03:12	[{"keyword":"@radiobaru967fm","from":"2017-02-17","mode":"submitSocial","container":"all","username":"arwin"}]
2017-02-19 05:03:14	[{"keyword":"@967hitzfm","from":"2017-02-17","mode":"submitSocial","container":"all","username":"arwin"}]
2017-02-19 05:03:17	[{"keyword":"@tvguide","from":"2017-02-17","mode":"submitSocial","container":"all","username":"arwin"}]
2017-02-19 05:03:19	[{"keyword":"@xl123","from":"2017-02-17","mode":"submitSocial","container":"all","username":"arwin"}]
2017-02-19 05:03:22	[{"keyword":"@triindonesia","from":"2017-02-17","mode":"submitSocial","container":"all","username":"arwin"}]
2017-02-19 05:03:25	[{"keyword":"@kaskus","from":"2017-02-17","mode":"submitSocial","container":"all","username":"arwin"}]
2017-02-19 05:03:27	[{"keyword":"@studio_xxi","from":"2017-02-17","mode":"submitSocial","container":"all","username":"arwin"}]
2017-02-19 05:03:29	[{"keyword":"@blitzmegaplex","from":"2017-02-17","mode":"submitSocial","container":"all","username":"arwin"}]
2017-02-19 05:03:31	[{"keyword":"@alfamartku","from":"2017-02-17","mode":"submitSocial","container":"all","username":"arwin"}]
2017-02-19 05:03:33	[{"keyword":"@carrefour_id","from":"2017-02-17","mode":"submitSocial","container":"all","username":"arwin"}]
2017-02-19 05:03:37	[{"keyword":"@bbcbreaking","from":"2017-02-17","mode":"submitSocial","container":"all","username":"arwin"}]
2017-02-19 05:03:46	[{"keyword":"@forbes","from":"2017-02-17","mode":"submitSocial","container":"all","username":"arwin"}]
2017-02-19 05:03:48	[{"keyword":"@bensradio","from":"2017-02-17","mode":"submitSocial","container":"all","username":"arwin"}]
2017-02-19 05:03:53	[{"keyword":"@instagram","from":"2017-02-17","mode":"submitSocial","container":"all","username":"arwin"}]
2017-02-19 05:03:55	[{"keyword":"@pinterest","from":"2017-02-17","mode":"submitSocial","container":"all","username":"arwin"}]
2017-02-19 05:04:01	[{"keyword":"@google","from":"2017-02-17","mode":"submitSocial","container":"all","username":"arwin"}]
2017-02-19 05:04:03	[{"keyword":"@pertaminalub","from":"2017-02-17","mode":"submitSocial","container":"all","username":"arwin"}]
2017-02-19 05:04:05	[{"keyword":"@infolalintol","from":"2017-02-17","mode":"submitSocial","container":"all","username":"arwin"}]
2017-02-19 05:04:08	[{"keyword":"@ptjasamarga","from":"2017-02-17","mode":"submitSocial","container":"all","username":"arwin"}]
2017-02-19 05:04:10	[{"keyword":"@cititransindo","from":"2017-02-17","mode":"submitSocial","container":"all","username":"arwin"}]
2017-02-19 05:04:12	[{"keyword":"#semangatpagisuperr","from":"2017-02-17","mode":"submitSocial","container":"all","username":"arwin"}]
2017-02-19 05:04:14	[{"keyword":"#genkuisinsideout","from":"2017-02-17","mode":"submitSocial","container":"all","username":"arwin"}]
2017-02-19 05:04:16	[{"keyword":"#semangatpagi","from":"2017-02-17","mode":"submitSocial","container":"all","username":"arwin"}]
2017-02-19 05:04:18	[{"keyword":"#dikamar","from":"2017-02-17","mode":"submitSocial","container":"all","username":"arwin"}]
2017-02-19 05:04:21	[{"keyword":"#kopaja","from":"2017-02-17","mode":"submitSocial","container":"all","username":"arwin"}]
2017-02-19 05:04:22	[{"keyword":"#generaksi8","from":"2017-02-17","mode":"submitSocial","container":"all","username":"arwin"}]
2017-02-19 05:04:25	[{"keyword":"#hitztsp","from":"2017-02-17","mode":"submitSocial","container":"all","username":"arwin"}]
2017-02-19 05:04:28	[{"keyword":"#np","from":"2017-02-17","mode":"submitSocial","container":"all","username":"arwin"}]
2017-02-19 05:04:30	[{"keyword":"#hitzlivestage","from":"2017-02-17","mode":"submitSocial","container":"all","username":"arwin"}]
2017-02-19 05:04:32	[{"keyword":"#thefreaks","from":"2017-02-17","mode":"submitSocial","container":"all","username":"arwin"}]
2017-02-19 05:04:34	[{"keyword":"#hitzsirkuspagi","from":"2017-02-17","mode":"submitSocial","container":"all","username":"arwin"}]
2017-02-19 05:04:36	[{"keyword":"#hitzathlon","from":"2017-02-17","mode":"submitSocial","container":"all","username":"arwin"}]
2017-02-19 05:04:38	[{"keyword":"#hitzzombie","from":"2017-02-17","mode":"submitSocial","container":"all","username":"arwin"}]
2017-02-19 05:04:41	[{"keyword":"#hitzkalong","from":"2017-02-17","mode":"submitSocial","container":"all","username":"arwin"}]
2017-02-19 05:04:43	[{"keyword":"#hitzbebas","from":"2017-02-17","mode":"submitSocial","container":"all","username":"arwin"}]
2017-02-19 05:04:45	[{"keyword":"#hitzhorehara","from":"2017-02-17","mode":"submitSocial","container":"all","username":"arwin"}]
2017-02-19 05:04:47	[{"keyword":"@zaloraid","from":"2017-02-17","mode":"submitSocial","container":"all","username":"arwin"}]
2017-02-19 05:04:50	[{"keyword":"@olx_indonesia","from":"2017-02-17","mode":"submitSocial","container":"all","username":"arwin"}]
2017-02-19 05:04:52	[{"keyword":"@lazadaid","from":"2017-02-17","mode":"submitSocial","container":"all","username":"arwin"}]
2017-02-19 05:04:54	[{"keyword":"@utrippers","from":"2017-02-17","mode":"submitSocial","container":"all","username":"arwin"}]
2017-02-19 05:04:56	[{"keyword":"@gogobot","from":"2017-02-17","mode":"submitSocial","container":"all","username":"arwin"}]
2017-02-19 05:04:59	[{"keyword":"@viatortravel","from":"2017-02-17","mode":"submitSocial","container":"all","username":"arwin"}]
2017-02-19 05:05:01	[{"keyword":"@alandakariza","from":"2017-02-17","mode":"submitSocial","container":"all","username":"arwin"}]
2017-02-19 05:05:03	[{"keyword":"@gagasmedia","from":"2017-02-17","mode":"submitSocial","container":"all","username":"arwin"}]
2017-02-19 05:05:05	[{"keyword":"@welovehonda","from":"2017-02-17","mode":"submitSocial","container":"all","username":"arwin"}]
2017-02-19 05:05:08	[{"keyword":"@suzukimotorid","from":"2017-02-17","mode":"submitSocial","container":"all","username":"arwin"}]
2017-02-19 05:05:10	[{"keyword":"@kawasakilovers","from":"2017-02-17","mode":"submitSocial","container":"all","username":"arwin"}]
2017-02-19 05:05:12	[{"keyword":"@yamahaindonesia","from":"2017-02-17","mode":"submitSocial","container":"all","username":"arwin"}]
2017-02-19 05:05:14	[{"keyword":"@tripanzee","from":"2017-02-17","mode":"submitSocial","container":"all","username":"arwin"}]
2017-02-19 05:05:17	[{"keyword":"@arnoldpoernomo","from":"2017-02-17","mode":"submitSocial","container":"all","username":"arwin"}]
2017-02-19 05:05:19	[{"keyword":"@nicsap","from":"2017-02-17","mode":"submitSocial","container":"all","username":"arwin"}]
2017-02-19 05:05:21	[{"keyword":"@tiket2","from":"2017-02-17","mode":"submitSocial","container":"all","username":"arwin"}]
2017-02-19 05:05:23	[{"keyword":"@traveloka","from":"2017-02-17","mode":"submitSocial","container":"all","username":"arwin"}]
2017-02-19 05:05:26	[{"keyword":"@wego","from":"2017-02-17","mode":"submitSocial","container":"all","username":"arwin"}]
2017-02-19 05:05:29	[{"keyword":"@agoda","from":"2017-02-17","mode":"submitSocial","container":"all","username":"arwin"}]
2017-02-19 05:05:31	[{"keyword":"#salahsambung","from":"2017-02-17","mode":"submitSocial","container":"all","username":"arwin"}]
2017-02-19 05:05:34	[{"keyword":"#tulalit","from":"2017-02-17","mode":"submitSocial","container":"all","username":"arwin"}]
2017-02-19 05:05:35	[{"keyword":"#pestageneraksi8","from":"2017-02-17","mode":"submitSocial","container":"all","username":"arwin"}]
2017-02-19 05:05:37	[{"keyword":"#ganaskustik","from":"2017-02-17","mode":"submitSocial","container":"all","username":"arwin"}]
2017-02-19 05:05:39	[{"keyword":"#lnhot20","from":"2017-02-17","mode":"submitSocial","container":"all","username":"arwin"}]
2017-02-19 05:05:42	[{"keyword":"@tripadvisor","from":"2017-02-17","mode":"submitSocial","container":"all","username":"arwin"}]
2017-02-19 05:05:47	[{"keyword":"@google","from":"2017-02-17","mode":"submitSocial","container":"all","username":"arwin"}]
2017-02-19 05:05:50	[{"keyword":"@telkomsel","from":"2017-02-17","mode":"submitSocial","container":"all","username":"arwin"}]
2017-02-19 05:05:53	[{"keyword":"@indosat","from":"2017-02-17","mode":"submitSocial","container":"all","username":"arwin"}]
2017-02-19 05:05:56	[{"keyword":"@bahanafmjkt","from":"2017-02-17","mode":"submitSocial","container":"all","username":""}]
2017-02-19 05:06:00	[{"keyword":"@sonorafm92","from":"2017-02-17","mode":"submitSocial","container":"all","username":"arwin"}]
2017-02-19 05:06:02	[{"keyword":"@litefm1058","from":"2017-02-17","mode":"submitSocial","container":"all","username":"arwin"}]
2017-02-19 05:06:04	[{"keyword":"@bravaradio","from":"2017-02-17","mode":"submitSocial","container":"all","username":"arwin"}]
2017-02-19 05:06:07	[{"keyword":"#dgitm","from":"2017-02-17","mode":"submitSocial","container":"all","username":"arwin"}]
2017-02-19 05:06:09	[{"keyword":"#hitsalaprambors","from":"2017-02-17","mode":"submitSocial","container":"all","username":"arwin"}]
2017-02-19 05:06:11	[{"keyword":"#reqprambors","from":"2017-02-17","mode":"submitSocial","container":"all","username":"arwin"}]
2017-02-19 05:06:13	[{"keyword":"#thedandees","from":"2017-02-17","mode":"submitSocial","container":"all","username":"arwin"}]
2017-02-19 05:06:15	[{"keyword":"#pramborsquiz","from":"2017-02-17","mode":"submitSocial","container":"all","username":"arwin"}]
2017-02-19 05:06:17	[{"keyword":"#jeliprambors","from":"2017-02-17","mode":"submitSocial","container":"all","username":"arwin"}]
2017-02-19 05:06:19	[{"keyword":"#jodohinprambors","from":"2017-02-17","mode":"submitSocial","container":"all","username":"arwin"}]
2017-02-19 05:06:21	[{"keyword":"#ubahdenganbicara","from":"2017-02-17","mode":"submitSocial","container":"all","username":"arwin"}]
2017-02-19 05:06:23	[{"keyword":"#pramborschat","from":"2017-02-17","mode":"submitSocial","container":"all","username":"arwin"}]
2017-02-19 05:06:25	[{"keyword":"#tweetforduit","from":"2017-02-17","mode":"submitSocial","container":"all","username":"arwin"}]
2017-02-19 05:06:27	[{"keyword":"#joki3in1","from":"2017-02-17","mode":"submitSocial","container":"all","username":"arwin"}]
2017-02-19 05:06:29	[{"keyword":"#sarapanseru","from":"2017-02-17","mode":"submitSocial","container":"all","username":"arwin"}]
2017-02-19 05:06:31	[{"keyword":"#rawonkaneloop","from":"2017-02-17","mode":"submitSocial","container":"all","username":"arwin"}]
2017-02-19 05:06:33	[{"keyword":"#gudegkendilkeraton","from":"2017-02-17","mode":"submitSocial","container":"all","username":"arwin"}]
2017-02-19 05:06:35	[{"keyword":"#gadogadobutika","from":"2017-02-17","mode":"submitSocial","container":"all","username":"arwin"}]
2017-02-19 05:06:37	[{"keyword":"#mtvhottest","from":"2017-02-17","mode":"submitSocial","container":"all","username":"arwin"}]
2017-02-19 05:06:40	[{"keyword":"#dimsumcjdw","from":"2017-02-17","mode":"submitSocial","container":"all","username":"arwin"}]
2017-02-19 05:06:41	[{"keyword":"#pecelmadiunmbakniek","from":"2017-02-17","mode":"submitSocial","container":"all","username":"arwin"}]
2017-02-19 05:06:44	[{"keyword":"#depotarema","from":"2017-02-17","mode":"submitSocial","container":"all","username":"arwin"}]
2017-02-19 05:06:46	[{"keyword":"@bni46","from":"2017-02-17","mode":"submitSocial","container":"all","username":"arwin"}]
2017-02-19 05:06:48	[{"keyword":"@bankbri_id","from":"2017-02-17","mode":"submitSocial","container":"all","username":"arwin"}]
2017-02-19 05:06:50	[{"keyword":"#bni46","from":"2017-02-17","mode":"submitSocial","container":"all","username":"arwin"}]
2017-02-19 05:06:55	[{"keyword":"macet","from":"2017-02-17","mode":"submitSocial","container":"all","username":"arwin"}]
2017-02-19 05:06:57	[{"keyword":"#selamatpagi","from":"2017-02-17","mode":"submitSocial","container":"all","username":"arwin"}]
2017-02-19 05:06:59	[{"keyword":"#selamatmalam","from":"2017-02-17","mode":"submitSocial","container":"all","username":"arwin"}]
2017-02-19 05:07:02	[{"keyword":"@884globalradio","from":"2017-02-17","mode":"submitSocial","container":"all","username":"arwin"}]
2017-02-19 05:07:04	[{"keyword":"@day_trans","from":"2017-02-17","mode":"submitSocial","container":"all","username":"arwin"}]
2017-02-19 05:07:06	[{"keyword":"@kencanavoyage","from":"2017-02-17","mode":"submitSocial","container":"all","username":"arwin"}]
2017-02-19 05:07:08	[{"keyword":"@jukebox5d","from":"2017-02-17","mode":"submitSocial","container":"all","username":"arwin"}]
2017-02-19 05:07:10	[{"keyword":"#mtvhottest","from":"2017-02-17","mode":"submitSocial","container":"all","username":"arwin"}]
2017-02-19 05:07:12	[{"keyword":"#semangatpagi","from":"2017-02-17","mode":"submitSocial","container":"all","username":"arwin"}]
2017-02-19 05:07:15	[{"keyword":"lifebuoy","from":"2017-02-17","mode":"submitSocial","container":"all","username":"arwin"}]
2017-02-19 05:07:22	[{"keyword":"jokowi","from":"2017-02-17","mode":"submitSocial","container":"all","username":"arwin"}]
2017-02-19 05:07:31	[{"keyword":"obama","from":"2017-02-17","mode":"submitSocial","container":"all","username":"arwin"}]
2017-02-19 05:07:33	[{"keyword":"starwars","from":"2017-02-17","mode":"submitSocial","container":"all","username":"arwin"}]
2017-02-19 05:07:37	[{"keyword":"jonan","from":"2017-02-17","mode":"submitSocial","container":"all","username":"arwin"}]
2017-02-19 05:07:45	[{"keyword":"pagi","from":"2017-02-17","mode":"submitSocial","container":"all","username":"arwin"}]
2017-02-19 05:07:47	[{"keyword":"sampoerna","from":"2017-02-17","mode":"submitSocial","container":"all","username":"arwin"}]
2017-02-19 05:07:50	[{"keyword":"djarum","from":"2017-02-17","mode":"submitSocial","container":"all","username":"arwin"}]
2017-02-19 05:07:52	[{"keyword":"#semangatpagi","from":"2017-02-17","mode":"submitSocial","container":"all","username":"arwin"}]
2017-02-19 05:07:54	[{"keyword":"#generaksi8","from":"2017-02-17","mode":"submitSocial","container":"all","username":"arwin"}]
2017-02-19 05:07:56	[{"keyword":"#365alasan","from":"2017-02-17","mode":"submitSocial","container":"all","username":"arwin"}]
2017-02-19 05:07:59	[{"keyword":"weew","from":"2017-02-17","mode":"submitSocial","container":"all","username":"arwin"}]
2017-02-19 05:08:06	[{"keyword":"testing","from":"2017-02-17","mode":"submitSocial","container":"all","username":"arwin"}]
2017-02-19 05:08:09	[{"keyword":"#kopaja","from":"2017-02-17","mode":"submitSocial","container":"all","username":"arwin"}]
2017-02-19 05:08:11	[{"keyword":"#genkuisinsideout","from":"2017-02-17","mode":"submitSocial","container":"all","username":"arwin"}]
2017-02-19 05:08:13	[{"keyword":"starwars","from":"2017-02-17","mode":"submitSocial","container":"all","username":"arwin"}]
2017-02-19 05:08:16	[{"keyword":"#kopaja","from":"2017-02-17","mode":"submitSocial","container":"all","username":"arwin"}]
2017-02-19 05:08:18	[{"keyword":"mldspot","from":"2017-02-17","mode":"submitSocial","container":"all","username":"arwin"}]
2017-02-19 05:08:21	[{"keyword":"pbdjarum","from":"2017-02-17","mode":"submitSocial","container":"all","username":"arwin"}]
2017-02-19 05:08:23	[{"keyword":"temannabati","from":"2017-02-17","mode":"submitSocial","container":"all","username":"arwin"}]
2017-02-19 05:08:26	[{"keyword":"nextar","from":"2017-02-17","mode":"submitSocial","container":"all","username":"arwin"}]
2017-02-19 05:08:28	[{"keyword":"jokowo","from":"2017-02-17","mode":"submitSocial","container":"all","username":"arwin"}]
2017-02-19 05:08:32	[{"keyword":"prabowo","from":"2017-02-17","mode":"submitSocial","container":"all","username":"arwin"}]
2017-02-19 05:08:34	[{"keyword":"sudirman said","from":"2017-02-17","mode":"submitSocial","container":"all","username":"arwin"}]
2017-02-19 05:08:41	[{"keyword":"ahok","from":"2017-02-17","mode":"submitSocial","container":"all","username":"arwin"}]
2017-02-19 05:08:44	[{"keyword":"setyanovanto","from":"2017-02-17","mode":"submitSocial","container":"all","username":"arwin"}]
2017-02-19 05:08:50	[{"keyword":"jokowi","from":"2017-02-17","mode":"submitSocial","container":"all","username":"arwin"}]
2017-02-19 05:08:57	[{"keyword":"ahok","from":"2017-02-17","mode":"submitSocial","container":"all","username":"arwin"}]
2017-02-19 05:09:00	[{"keyword":"prabowo","from":"2017-02-17","mode":"submitSocial","container":"all","username":"arwin"}]
2017-02-19 05:09:02	[{"keyword":"sudirman said","from":"2017-02-17","mode":"submitSocial","container":"all","username":"arwin"}]
2017-02-19 05:09:04	[{"keyword":"setyanovanto","from":"2017-02-17","mode":"submitSocial","container":"all","username":"arwin"}]
2017-02-19 05:09:07	[{"keyword":"galau","from":"2017-02-17","mode":"submitSocial","container":"all","username":"arwin"}]
2017-02-19 05:09:09	[{"keyword":"#prestasiindonesia","from":"2017-02-17","mode":"submitSocial","container":"all","username":"arwin"}]
2017-02-19 05:09:12	[{"keyword":"@tw_debi","from":"2017-02-17","mode":"submitSocial","container":"all","username":"arwin"}]
2017-02-19 05:09:14	[{"keyword":"@officialfastron","from":"2017-02-17","mode":"submitSocial","container":"all","username":"arwin"}]
2017-02-19 05:09:16	[{"keyword":"@citibankid","from":"2017-02-17","mode":"submitSocial","container":"all","username":"arwin"}]
2017-02-19 05:09:18	[{"keyword":"@jak101fm","from":"2017-02-17","mode":"submitSocial","container":"all","username":"arwin"}]
2017-02-19 05:09:21	[{"keyword":"@genfm","from":"2017-02-17","mode":"submitSocial","container":"all","username":"arwin"}]
