2017-10-14 05:00:05	[{"keyword":"@987genfm","from":"2017-10-12","mode":"submitSocial","container":"all","username":"arwin"}]
2017-10-14 05:00:08	[{"keyword":"@101jakfm","from":"2017-10-12","mode":"submitSocial","container":"all","username":"arwin"}]
2017-10-14 05:00:11	[{"keyword":"@prambors","from":"2017-10-12","mode":"submitSocial","container":"all","username":"arwin"}]
2017-10-14 05:00:14	[{"keyword":"@hardrockfm","from":"2017-10-12","mode":"submitSocial","container":"all","username":"arwin"}]
2017-10-14 05:00:16	[{"keyword":"@kisfmjakarta","from":"2017-10-12","mode":"submitSocial","container":"all","username":"arwin"}]
2017-10-14 05:00:19	[{"keyword":"@delta_fm","from":"2017-10-12","mode":"submitSocial","container":"all","username":"arwin"}]
2017-10-14 05:00:22	[{"keyword":"@traxfmjkt","from":"2017-10-12","mode":"submitSocial","container":"all","username":"arwin"}]
2017-10-14 05:00:24	[{"keyword":"@iradiojakarta","from":"2017-10-12","mode":"submitSocial","container":"all","username":"arwin"}]
2017-10-14 05:00:26	[{"keyword":"@indika9160fm","from":"2017-10-12","mode":"submitSocial","container":"all","username":"arwin"}]
2017-10-14 05:00:28	[{"keyword":"@shellindonesia","from":"2017-10-12","mode":"submitSocial","container":"all","username":"arwin"}]
2017-10-14 05:00:31	[{"keyword":"@vpowerfans","from":"2017-10-12","mode":"submitSocial","container":"all","username":"arwin"}]
2017-10-14 05:00:33	[{"keyword":"@pertamaxind","from":"2017-10-12","mode":"submitSocial","container":"all","username":"arwin"}]
2017-10-14 05:00:35	[{"keyword":"@ptpertamina","from":"2017-10-12","mode":"submitSocial","container":"all","username":"arwin"}]
2017-10-14 05:00:37	[{"keyword":"@ozradiojakarta","from":"2017-10-12","mode":"submitSocial","container":"all","username":"arwin"}]
2017-10-14 05:00:40	[{"keyword":"@cosmopolitanfm","from":"2017-10-12","mode":"submitSocial","container":"all","username":"arwin"}]
2017-10-14 05:00:42	[{"keyword":"@mustang88fm","from":"2017-10-12","mode":"submitSocial","container":"all","username":"arwin"}]
2017-10-14 05:00:44	[{"keyword":"@debabaz","from":"2017-10-12","mode":"submitSocial","container":"all","username":"arwin"}]
2017-10-14 05:00:47	[{"keyword":"@detikcom","from":"2017-10-12","mode":"submitSocial","container":"all","username":"arwin"}]
2017-10-14 05:00:50	[{"keyword":"@radioelshinta","from":"2017-10-12","mode":"submitSocial","container":"all","username":"arwin"}]
2017-10-14 05:00:52	[{"keyword":"@cinema21","from":"2017-10-12","mode":"submitSocial","container":"all","username":"arwin"}]
2017-10-14 05:00:55	[{"keyword":"@officialrcti","from":"2017-10-12","mode":"submitSocial","container":"all","username":"arwin"}]
2017-10-14 05:00:57	[{"keyword":"@transtv_corp","from":"2017-10-12","mode":"submitSocial","container":"all","username":"arwin"}]
2017-10-14 05:00:59	[{"keyword":"@trans7","from":"2017-10-12","mode":"submitSocial","container":"all","username":"arwin"}]
2017-10-14 05:01:03	[{"keyword":"@metro_tv","from":"2017-10-12","mode":"submitSocial","container":"all","username":"arwin"}]
2017-10-14 05:01:05	[{"keyword":"@tvonenews","from":"2017-10-12","mode":"submitSocial","container":"all","username":"arwin"}]
2017-10-14 05:01:08	[{"keyword":"@whatsonantv","from":"2017-10-12","mode":"submitSocial","container":"all","username":"arwin"}]
2017-10-14 05:01:10	[{"keyword":"@sctv_","from":"2017-10-12","mode":"submitSocial","container":"all","username":"arwin"}]
2017-10-14 05:01:13	[{"keyword":"@kompastv","from":"2017-10-12","mode":"submitSocial","container":"all","username":"arwin"}]
2017-10-14 05:01:15	[{"keyword":"@netmediatama","from":"2017-10-12","mode":"submitSocial","container":"all","username":"arwin"}]
2017-10-14 05:01:18	[{"keyword":"@globaltvseru","from":"2017-10-12","mode":"submitSocial","container":"all","username":"arwin"}]
2017-10-14 05:01:20	[{"keyword":"@jaktvcom","from":"2017-10-12","mode":"submitSocial","container":"all","username":"arwin"}]
2017-10-14 05:01:22	[{"keyword":"@tvrinasional","from":"2017-10-12","mode":"submitSocial","container":"all","username":"arwin"}]
2017-10-14 05:01:25	[{"keyword":"@ochannelupdates","from":"2017-10-12","mode":"submitSocial","container":"all","username":"arwin"}]
2017-10-14 05:01:28	[{"keyword":"@indosiarid","from":"2017-10-12","mode":"submitSocial","container":"all","username":"arwin"}]
2017-10-14 05:01:33	[{"keyword":"@kompascom","from":"2017-10-12","mode":"submitSocial","container":"all","username":"arwin"}]
2017-10-14 05:01:35	[{"keyword":"@merdekadotcom","from":"2017-10-12","mode":"submitSocial","container":"all","username":"arwin"}]
2017-10-14 05:01:38	[{"keyword":"@midotcom","from":"2017-10-12","mode":"submitSocial","container":"all","username":"arwin"}]
2017-10-14 05:01:40	[{"keyword":"@tempodotco","from":"2017-10-12","mode":"submitSocial","container":"all","username":"arwin"}]
2017-10-14 05:01:42	[{"keyword":"@motion975fm","from":"2017-10-12","mode":"submitSocial","container":"all","username":"arwin"}]
2017-10-14 05:01:44	[{"keyword":"@_radiotoday","from":"2017-10-12","mode":"submitSocial","container":"all","username":"arwin"}]
2017-10-14 05:01:47	[{"keyword":"@radioinfo","from":"2017-10-12","mode":"submitSocial","container":"all","username":"arwin"}]
2017-10-14 05:01:49	[{"keyword":"@979femaleradio","from":"2017-10-12","mode":"submitSocial","container":"all","username":"arwin"}]
2017-10-14 05:01:51	[{"keyword":"@womanradio943fm","from":"2017-10-12","mode":"submitSocial","container":"all","username":"arwin"}]
2017-10-14 05:01:53	[{"keyword":"@vradiofm","from":"2017-10-12","mode":"submitSocial","container":"all","username":"arwin"}]
2017-10-14 05:01:55	[{"keyword":"@ufm947","from":"2017-10-12","mode":"submitSocial","container":"all","username":"arwin"}]
2017-10-14 05:01:57	[{"keyword":"@vivanews","from":"2017-10-12","mode":"submitSocial","container":"all","username":"arwin"}]
2017-10-14 05:02:00	[{"keyword":"@antaranews","from":"2017-10-12","mode":"submitSocial","container":"all","username":"arwin"}]
2017-10-14 05:02:03	[{"keyword":"@tribunnews","from":"2017-10-12","mode":"submitSocial","container":"all","username":"arwin"}]
2017-10-14 05:02:05	[{"keyword":"@okezonenews","from":"2017-10-12","mode":"submitSocial","container":"all","username":"arwin"}]
2017-10-14 05:02:08	[{"keyword":"@beritasatu","from":"2017-10-12","mode":"submitSocial","container":"all","username":"arwin"}]
2017-10-14 05:02:10	[{"keyword":"@rollingstoneina","from":"2017-10-12","mode":"submitSocial","container":"all","username":"arwin"}]
2017-10-14 05:02:12	[{"keyword":"@fimeladotcom","from":"2017-10-12","mode":"submitSocial","container":"all","username":"arwin"}]
2017-10-14 05:02:14	[{"keyword":"@kapanlagicom","from":"2017-10-12","mode":"submitSocial","container":"all","username":"arwin"}]
2017-10-14 05:02:17	[{"keyword":"@kompasent","from":"2017-10-12","mode":"submitSocial","container":"all","username":"arwin"}]
2017-10-14 05:02:19	[{"keyword":"@haimagazine","from":"2017-10-12","mode":"submitSocial","container":"all","username":"arwin"}]
2017-10-14 05:02:21	[{"keyword":"@jakartavenue","from":"2017-10-12","mode":"submitSocial","container":"all","username":"arwin"}]
2017-10-14 05:02:24	[{"keyword":"@seputarevent","from":"2017-10-12","mode":"submitSocial","container":"all","username":"arwin"}]
2017-10-14 05:02:26	[{"keyword":"@ismayalive","from":"2017-10-12","mode":"submitSocial","container":"all","username":"arwin"}]
2017-10-14 05:02:28	[{"keyword":"@ecentertainment","from":"2017-10-12","mode":"submitSocial","container":"all","username":"arwin"}]
2017-10-14 05:02:30	[{"keyword":"@synergism_en","from":"2017-10-12","mode":"submitSocial","container":"all","username":"arwin"}]
2017-10-14 05:02:32	[{"keyword":"@urbanbandung","from":"2017-10-12","mode":"submitSocial","container":"all","username":"arwin"}]
2017-10-14 05:02:34	[{"keyword":"@urbanrkm995","from":"2017-10-12","mode":"submitSocial","container":"all","username":"arwin"}]
2017-10-14 05:02:36	[{"keyword":"@garuda_promo","from":"2017-10-12","mode":"submitSocial","container":"all","username":"arwin"}]
2017-10-14 05:02:38	[{"keyword":"@airasiaid","from":"2017-10-12","mode":"submitSocial","container":"all","username":"arwin"}]
2017-10-14 05:02:41	[{"keyword":"@kai121","from":"2017-10-12","mode":"submitSocial","container":"all","username":"arwin"}]
2017-10-14 05:02:43	[{"keyword":"@unilever","from":"2017-10-12","mode":"submitSocial","container":"all","username":"arwin"}]
2017-10-14 05:02:47	[{"keyword":"@nestle","from":"2017-10-12","mode":"submitSocial","container":"all","username":"arwin"}]
2017-10-14 05:02:50	[{"keyword":"@cocacola","from":"2017-10-12","mode":"submitSocial","container":"all","username":"arwin"}]
2017-10-14 05:02:58	[{"keyword":"@cnn","from":"2017-10-12","mode":"submitSocial","container":"all","username":"arwin"}]
2017-10-14 05:03:03	[{"keyword":"@mtv","from":"2017-10-12","mode":"submitSocial","container":"all","username":"arwin"}]
2017-10-14 05:03:05	[{"keyword":"@channelv","from":"2017-10-12","mode":"submitSocial","container":"all","username":"arwin"}]
2017-10-14 05:03:08	[{"keyword":"@itunesmusic","from":"2017-10-12","mode":"submitSocial","container":"all","username":"arwin"}]
2017-10-14 05:03:12	[{"keyword":"@mashable","from":"2017-10-12","mode":"submitSocial","container":"all","username":"arwin"}]
2017-10-14 05:03:14	[{"keyword":"@decacaz","from":"2017-10-12","mode":"submitSocial","container":"all","username":"arwin"}]
2017-10-14 05:03:16	[{"keyword":"@radiobaru967fm","from":"2017-10-12","mode":"submitSocial","container":"all","username":"arwin"}]
2017-10-14 05:03:18	[{"keyword":"@967hitzfm","from":"2017-10-12","mode":"submitSocial","container":"all","username":"arwin"}]
2017-10-14 05:03:21	[{"keyword":"@tvguide","from":"2017-10-12","mode":"submitSocial","container":"all","username":"arwin"}]
2017-10-14 05:03:24	[{"keyword":"@xl123","from":"2017-10-12","mode":"submitSocial","container":"all","username":"arwin"}]
2017-10-14 05:03:26	[{"keyword":"@triindonesia","from":"2017-10-12","mode":"submitSocial","container":"all","username":"arwin"}]
2017-10-14 05:03:29	[{"keyword":"@kaskus","from":"2017-10-12","mode":"submitSocial","container":"all","username":"arwin"}]
2017-10-14 05:03:31	[{"keyword":"@studio_xxi","from":"2017-10-12","mode":"submitSocial","container":"all","username":"arwin"}]
2017-10-14 05:03:35	[{"keyword":"@blitzmegaplex","from":"2017-10-12","mode":"submitSocial","container":"all","username":"arwin"}]
2017-10-14 05:03:37	[{"keyword":"@alfamartku","from":"2017-10-12","mode":"submitSocial","container":"all","username":"arwin"}]
2017-10-14 05:03:39	[{"keyword":"@carrefour_id","from":"2017-10-12","mode":"submitSocial","container":"all","username":"arwin"}]
2017-10-14 05:03:43	[{"keyword":"@bbcbreaking","from":"2017-10-12","mode":"submitSocial","container":"all","username":"arwin"}]
2017-10-14 05:03:48	[{"keyword":"@forbes","from":"2017-10-12","mode":"submitSocial","container":"all","username":"arwin"}]
2017-10-14 05:03:51	[{"keyword":"@bensradio","from":"2017-10-12","mode":"submitSocial","container":"all","username":"arwin"}]
2017-10-14 05:03:56	[{"keyword":"@instagram","from":"2017-10-12","mode":"submitSocial","container":"all","username":"arwin"}]
2017-10-14 05:03:59	[{"keyword":"@pinterest","from":"2017-10-12","mode":"submitSocial","container":"all","username":"arwin"}]
2017-10-14 05:04:09	[{"keyword":"@google","from":"2017-10-12","mode":"submitSocial","container":"all","username":"arwin"}]
2017-10-14 05:04:11	[{"keyword":"@pertaminalub","from":"2017-10-12","mode":"submitSocial","container":"all","username":"arwin"}]
2017-10-14 05:04:14	[{"keyword":"@infolalintol","from":"2017-10-12","mode":"submitSocial","container":"all","username":"arwin"}]
2017-10-14 05:04:16	[{"keyword":"@ptjasamarga","from":"2017-10-12","mode":"submitSocial","container":"all","username":"arwin"}]
2017-10-14 05:04:18	[{"keyword":"@cititransindo","from":"2017-10-12","mode":"submitSocial","container":"all","username":"arwin"}]
2017-10-14 05:04:20	[{"keyword":"#semangatpagisuperr","from":"2017-10-12","mode":"submitSocial","container":"all","username":"arwin"}]
2017-10-14 05:04:22	[{"keyword":"#genkuisinsideout","from":"2017-10-12","mode":"submitSocial","container":"all","username":"arwin"}]
2017-10-14 05:04:24	[{"keyword":"#semangatpagi","from":"2017-10-12","mode":"submitSocial","container":"all","username":"arwin"}]
2017-10-14 05:04:27	[{"keyword":"#dikamar","from":"2017-10-12","mode":"submitSocial","container":"all","username":"arwin"}]
2017-10-14 05:04:29	[{"keyword":"#kopaja","from":"2017-10-12","mode":"submitSocial","container":"all","username":"arwin"}]
2017-10-14 05:04:31	[{"keyword":"#generaksi8","from":"2017-10-12","mode":"submitSocial","container":"all","username":"arwin"}]
2017-10-14 05:04:33	[{"keyword":"#hitztsp","from":"2017-10-12","mode":"submitSocial","container":"all","username":"arwin"}]
2017-10-14 05:04:36	[{"keyword":"#np","from":"2017-10-12","mode":"submitSocial","container":"all","username":"arwin"}]
2017-10-14 05:04:38	[{"keyword":"#hitzlivestage","from":"2017-10-12","mode":"submitSocial","container":"all","username":"arwin"}]
2017-10-14 05:04:40	[{"keyword":"#thefreaks","from":"2017-10-12","mode":"submitSocial","container":"all","username":"arwin"}]
2017-10-14 05:04:43	[{"keyword":"#hitzsirkuspagi","from":"2017-10-12","mode":"submitSocial","container":"all","username":"arwin"}]
2017-10-14 05:04:45	[{"keyword":"#hitzathlon","from":"2017-10-12","mode":"submitSocial","container":"all","username":"arwin"}]
2017-10-14 05:04:47	[{"keyword":"#hitzzombie","from":"2017-10-12","mode":"submitSocial","container":"all","username":"arwin"}]
2017-10-14 05:04:49	[{"keyword":"#hitzkalong","from":"2017-10-12","mode":"submitSocial","container":"all","username":"arwin"}]
2017-10-14 05:04:51	[{"keyword":"#hitzbebas","from":"2017-10-12","mode":"submitSocial","container":"all","username":"arwin"}]
2017-10-14 05:04:53	[{"keyword":"#hitzhorehara","from":"2017-10-12","mode":"submitSocial","container":"all","username":"arwin"}]
2017-10-14 05:04:56	[{"keyword":"@zaloraid","from":"2017-10-12","mode":"submitSocial","container":"all","username":"arwin"}]
2017-10-14 05:04:58	[{"keyword":"@olx_indonesia","from":"2017-10-12","mode":"submitSocial","container":"all","username":"arwin"}]
2017-10-14 05:05:00	[{"keyword":"@lazadaid","from":"2017-10-12","mode":"submitSocial","container":"all","username":"arwin"}]
2017-10-14 05:05:03	[{"keyword":"@utrippers","from":"2017-10-12","mode":"submitSocial","container":"all","username":"arwin"}]
2017-10-14 05:05:06	[{"keyword":"@gogobot","from":"2017-10-12","mode":"submitSocial","container":"all","username":"arwin"}]
2017-10-14 05:05:09	[{"keyword":"@viatortravel","from":"2017-10-12","mode":"submitSocial","container":"all","username":"arwin"}]
2017-10-14 05:05:11	[{"keyword":"@alandakariza","from":"2017-10-12","mode":"submitSocial","container":"all","username":"arwin"}]
2017-10-14 05:05:14	[{"keyword":"@gagasmedia","from":"2017-10-12","mode":"submitSocial","container":"all","username":"arwin"}]
2017-10-14 05:05:16	[{"keyword":"@welovehonda","from":"2017-10-12","mode":"submitSocial","container":"all","username":"arwin"}]
2017-10-14 05:05:19	[{"keyword":"@suzukimotorid","from":"2017-10-12","mode":"submitSocial","container":"all","username":"arwin"}]
2017-10-14 05:05:21	[{"keyword":"@kawasakilovers","from":"2017-10-12","mode":"submitSocial","container":"all","username":"arwin"}]
2017-10-14 05:05:23	[{"keyword":"@yamahaindonesia","from":"2017-10-12","mode":"submitSocial","container":"all","username":"arwin"}]
2017-10-14 05:05:26	[{"keyword":"@tripanzee","from":"2017-10-12","mode":"submitSocial","container":"all","username":"arwin"}]
2017-10-14 05:05:28	[{"keyword":"@arnoldpoernomo","from":"2017-10-12","mode":"submitSocial","container":"all","username":"arwin"}]
2017-10-14 05:05:31	[{"keyword":"@nicsap","from":"2017-10-12","mode":"submitSocial","container":"all","username":"arwin"}]
2017-10-14 05:05:33	[{"keyword":"@tiket2","from":"2017-10-12","mode":"submitSocial","container":"all","username":"arwin"}]
2017-10-14 05:05:35	[{"keyword":"@traveloka","from":"2017-10-12","mode":"submitSocial","container":"all","username":"arwin"}]
2017-10-14 05:05:39	[{"keyword":"@wego","from":"2017-10-12","mode":"submitSocial","container":"all","username":"arwin"}]
2017-10-14 05:05:41	[{"keyword":"@agoda","from":"2017-10-12","mode":"submitSocial","container":"all","username":"arwin"}]
2017-10-14 05:05:44	[{"keyword":"#salahsambung","from":"2017-10-12","mode":"submitSocial","container":"all","username":"arwin"}]
2017-10-14 05:05:46	[{"keyword":"#tulalit","from":"2017-10-12","mode":"submitSocial","container":"all","username":"arwin"}]
2017-10-14 05:05:48	[{"keyword":"#pestageneraksi8","from":"2017-10-12","mode":"submitSocial","container":"all","username":"arwin"}]
2017-10-14 05:05:50	[{"keyword":"#ganaskustik","from":"2017-10-12","mode":"submitSocial","container":"all","username":"arwin"}]
2017-10-14 05:05:52	[{"keyword":"#lnhot20","from":"2017-10-12","mode":"submitSocial","container":"all","username":"arwin"}]
2017-10-14 05:05:54	[{"keyword":"@tripadvisor","from":"2017-10-12","mode":"submitSocial","container":"all","username":"arwin"}]
2017-10-14 05:06:04	[{"keyword":"@google","from":"2017-10-12","mode":"submitSocial","container":"all","username":"arwin"}]
2017-10-14 05:06:07	[{"keyword":"@telkomsel","from":"2017-10-12","mode":"submitSocial","container":"all","username":"arwin"}]
2017-10-14 05:06:10	[{"keyword":"@indosat","from":"2017-10-12","mode":"submitSocial","container":"all","username":"arwin"}]
2017-10-14 05:06:13	[{"keyword":"@bahanafmjkt","from":"2017-10-12","mode":"submitSocial","container":"all","username":""}]
2017-10-14 05:06:17	[{"keyword":"@sonorafm92","from":"2017-10-12","mode":"submitSocial","container":"all","username":"arwin"}]
2017-10-14 05:06:19	[{"keyword":"@litefm1058","from":"2017-10-12","mode":"submitSocial","container":"all","username":"arwin"}]
2017-10-14 05:06:21	[{"keyword":"@bravaradio","from":"2017-10-12","mode":"submitSocial","container":"all","username":"arwin"}]
2017-10-14 05:06:24	[{"keyword":"#dgitm","from":"2017-10-12","mode":"submitSocial","container":"all","username":"arwin"}]
2017-10-14 05:06:26	[{"keyword":"#hitsalaprambors","from":"2017-10-12","mode":"submitSocial","container":"all","username":"arwin"}]
2017-10-14 05:06:28	[{"keyword":"#reqprambors","from":"2017-10-12","mode":"submitSocial","container":"all","username":"arwin"}]
2017-10-14 05:06:30	[{"keyword":"#thedandees","from":"2017-10-12","mode":"submitSocial","container":"all","username":"arwin"}]
2017-10-14 05:06:32	[{"keyword":"#pramborsquiz","from":"2017-10-12","mode":"submitSocial","container":"all","username":"arwin"}]
2017-10-14 05:06:34	[{"keyword":"#jeliprambors","from":"2017-10-12","mode":"submitSocial","container":"all","username":"arwin"}]
2017-10-14 05:06:37	[{"keyword":"#jodohinprambors","from":"2017-10-12","mode":"submitSocial","container":"all","username":"arwin"}]
2017-10-14 05:06:39	[{"keyword":"#ubahdenganbicara","from":"2017-10-12","mode":"submitSocial","container":"all","username":"arwin"}]
2017-10-14 05:06:41	[{"keyword":"#pramborschat","from":"2017-10-12","mode":"submitSocial","container":"all","username":"arwin"}]
2017-10-14 05:06:43	[{"keyword":"#tweetforduit","from":"2017-10-12","mode":"submitSocial","container":"all","username":"arwin"}]
2017-10-14 05:06:45	[{"keyword":"#joki3in1","from":"2017-10-12","mode":"submitSocial","container":"all","username":"arwin"}]
2017-10-14 05:06:47	[{"keyword":"#sarapanseru","from":"2017-10-12","mode":"submitSocial","container":"all","username":"arwin"}]
2017-10-14 05:06:49	[{"keyword":"#rawonkaneloop","from":"2017-10-12","mode":"submitSocial","container":"all","username":"arwin"}]
2017-10-14 05:06:51	[{"keyword":"#gudegkendilkeraton","from":"2017-10-12","mode":"submitSocial","container":"all","username":"arwin"}]
2017-10-14 05:06:53	[{"keyword":"#gadogadobutika","from":"2017-10-12","mode":"submitSocial","container":"all","username":"arwin"}]
2017-10-14 05:06:56	[{"keyword":"#mtvhottest","from":"2017-10-12","mode":"submitSocial","container":"all","username":"arwin"}]
2017-10-14 05:06:58	[{"keyword":"#dimsumcjdw","from":"2017-10-12","mode":"submitSocial","container":"all","username":"arwin"}]
2017-10-14 05:07:00	[{"keyword":"#pecelmadiunmbakniek","from":"2017-10-12","mode":"submitSocial","container":"all","username":"arwin"}]
2017-10-14 05:07:02	[{"keyword":"#depotarema","from":"2017-10-12","mode":"submitSocial","container":"all","username":"arwin"}]
2017-10-14 05:07:04	[{"keyword":"@bni46","from":"2017-10-12","mode":"submitSocial","container":"all","username":"arwin"}]
2017-10-14 05:07:07	[{"keyword":"@bankbri_id","from":"2017-10-12","mode":"submitSocial","container":"all","username":"arwin"}]
2017-10-14 05:07:09	[{"keyword":"#bni46","from":"2017-10-12","mode":"submitSocial","container":"all","username":"arwin"}]
2017-10-14 05:07:13	[{"keyword":"macet","from":"2017-10-12","mode":"submitSocial","container":"all","username":"arwin"}]
2017-10-14 05:07:15	[{"keyword":"#selamatpagi","from":"2017-10-12","mode":"submitSocial","container":"all","username":"arwin"}]
2017-10-14 05:07:17	[{"keyword":"#selamatmalam","from":"2017-10-12","mode":"submitSocial","container":"all","username":"arwin"}]
2017-10-14 05:07:19	[{"keyword":"@884globalradio","from":"2017-10-12","mode":"submitSocial","container":"all","username":"arwin"}]
2017-10-14 05:07:22	[{"keyword":"@day_trans","from":"2017-10-12","mode":"submitSocial","container":"all","username":"arwin"}]
2017-10-14 05:07:24	[{"keyword":"@kencanavoyage","from":"2017-10-12","mode":"submitSocial","container":"all","username":"arwin"}]
2017-10-14 05:07:27	[{"keyword":"@jukebox5d","from":"2017-10-12","mode":"submitSocial","container":"all","username":"arwin"}]
2017-10-14 05:07:29	[{"keyword":"#mtvhottest","from":"2017-10-12","mode":"submitSocial","container":"all","username":"arwin"}]
2017-10-14 05:07:31	[{"keyword":"#semangatpagi","from":"2017-10-12","mode":"submitSocial","container":"all","username":"arwin"}]
2017-10-14 05:07:33	[{"keyword":"lifebuoy","from":"2017-10-12","mode":"submitSocial","container":"all","username":"arwin"}]
2017-10-14 05:07:42	[{"keyword":"jokowi","from":"2017-10-12","mode":"submitSocial","container":"all","username":"arwin"}]
2017-10-14 05:07:51	[{"keyword":"obama","from":"2017-10-12","mode":"submitSocial","container":"all","username":"arwin"}]
2017-10-14 05:07:53	[{"keyword":"starwars","from":"2017-10-12","mode":"submitSocial","container":"all","username":"arwin"}]
2017-10-14 05:07:57	[{"keyword":"jonan","from":"2017-10-12","mode":"submitSocial","container":"all","username":"arwin"}]
2017-10-14 05:08:06	[{"keyword":"pagi","from":"2017-10-12","mode":"submitSocial","container":"all","username":"arwin"}]
2017-10-14 05:08:08	[{"keyword":"sampoerna","from":"2017-10-12","mode":"submitSocial","container":"all","username":"arwin"}]
2017-10-14 05:08:11	[{"keyword":"djarum","from":"2017-10-12","mode":"submitSocial","container":"all","username":"arwin"}]
2017-10-14 05:08:13	[{"keyword":"#semangatpagi","from":"2017-10-12","mode":"submitSocial","container":"all","username":"arwin"}]
2017-10-14 05:08:15	[{"keyword":"#generaksi8","from":"2017-10-12","mode":"submitSocial","container":"all","username":"arwin"}]
2017-10-14 05:08:17	[{"keyword":"#365alasan","from":"2017-10-12","mode":"submitSocial","container":"all","username":"arwin"}]
2017-10-14 05:08:20	[{"keyword":"weew","from":"2017-10-12","mode":"submitSocial","container":"all","username":"arwin"}]
2017-10-14 05:08:28	[{"keyword":"testing","from":"2017-10-12","mode":"submitSocial","container":"all","username":"arwin"}]
2017-10-14 05:08:31	[{"keyword":"#kopaja","from":"2017-10-12","mode":"submitSocial","container":"all","username":"arwin"}]
2017-10-14 05:08:33	[{"keyword":"#genkuisinsideout","from":"2017-10-12","mode":"submitSocial","container":"all","username":"arwin"}]
2017-10-14 05:08:36	[{"keyword":"starwars","from":"2017-10-12","mode":"submitSocial","container":"all","username":"arwin"}]
2017-10-14 05:08:38	[{"keyword":"#kopaja","from":"2017-10-12","mode":"submitSocial","container":"all","username":"arwin"}]
2017-10-14 05:08:41	[{"keyword":"mldspot","from":"2017-10-12","mode":"submitSocial","container":"all","username":"arwin"}]
2017-10-14 05:08:43	[{"keyword":"pbdjarum","from":"2017-10-12","mode":"submitSocial","container":"all","username":"arwin"}]
2017-10-14 05:08:45	[{"keyword":"temannabati","from":"2017-10-12","mode":"submitSocial","container":"all","username":"arwin"}]
2017-10-14 05:08:48	[{"keyword":"nextar","from":"2017-10-12","mode":"submitSocial","container":"all","username":"arwin"}]
2017-10-14 05:08:51	[{"keyword":"jokowo","from":"2017-10-12","mode":"submitSocial","container":"all","username":"arwin"}]
2017-10-14 05:08:54	[{"keyword":"prabowo","from":"2017-10-12","mode":"submitSocial","container":"all","username":"arwin"}]
2017-10-14 05:08:56	[{"keyword":"sudirman said","from":"2017-10-12","mode":"submitSocial","container":"all","username":"arwin"}]
2017-10-14 05:09:04	[{"keyword":"ahok","from":"2017-10-12","mode":"submitSocial","container":"all","username":"arwin"}]
2017-10-14 05:09:06	[{"keyword":"setyanovanto","from":"2017-10-12","mode":"submitSocial","container":"all","username":"arwin"}]
2017-10-14 05:09:14	[{"keyword":"jokowi","from":"2017-10-12","mode":"submitSocial","container":"all","username":"arwin"}]
2017-10-14 05:09:21	[{"keyword":"ahok","from":"2017-10-12","mode":"submitSocial","container":"all","username":"arwin"}]
2017-10-14 05:09:25	[{"keyword":"prabowo","from":"2017-10-12","mode":"submitSocial","container":"all","username":"arwin"}]
2017-10-14 05:09:28	[{"keyword":"sudirman said","from":"2017-10-12","mode":"submitSocial","container":"all","username":"arwin"}]
2017-10-14 05:09:30	[{"keyword":"setyanovanto","from":"2017-10-12","mode":"submitSocial","container":"all","username":"arwin"}]
2017-10-14 05:09:34	[{"keyword":"galau","from":"2017-10-12","mode":"submitSocial","container":"all","username":"arwin"}]
2017-10-14 05:09:36	[{"keyword":"#prestasiindonesia","from":"2017-10-12","mode":"submitSocial","container":"all","username":"arwin"}]
2017-10-14 05:09:38	[{"keyword":"@tw_debi","from":"2017-10-12","mode":"submitSocial","container":"all","username":"arwin"}]
2017-10-14 05:09:40	[{"keyword":"@officialfastron","from":"2017-10-12","mode":"submitSocial","container":"all","username":"arwin"}]
2017-10-14 05:09:42	[{"keyword":"@citibankid","from":"2017-10-12","mode":"submitSocial","container":"all","username":"arwin"}]
2017-10-14 05:09:45	[{"keyword":"@jak101fm","from":"2017-10-12","mode":"submitSocial","container":"all","username":"arwin"}]
2017-10-14 05:09:48	[{"keyword":"@genfm","from":"2017-10-12","mode":"submitSocial","container":"all","username":"arwin"}]
