2017-10-22 05:00:06	[{"keyword":"@987genfm","from":"2017-10-20","mode":"submitSocial","container":"all","username":"arwin"}]
2017-10-22 05:00:09	[{"keyword":"@101jakfm","from":"2017-10-20","mode":"submitSocial","container":"all","username":"arwin"}]
2017-10-22 05:00:12	[{"keyword":"@prambors","from":"2017-10-20","mode":"submitSocial","container":"all","username":"arwin"}]
2017-10-22 05:00:14	[{"keyword":"@hardrockfm","from":"2017-10-20","mode":"submitSocial","container":"all","username":"arwin"}]
2017-10-22 05:00:16	[{"keyword":"@kisfmjakarta","from":"2017-10-20","mode":"submitSocial","container":"all","username":"arwin"}]
2017-10-22 05:00:19	[{"keyword":"@delta_fm","from":"2017-10-20","mode":"submitSocial","container":"all","username":"arwin"}]
2017-10-22 05:00:22	[{"keyword":"@traxfmjkt","from":"2017-10-20","mode":"submitSocial","container":"all","username":"arwin"}]
2017-10-22 05:00:24	[{"keyword":"@iradiojakarta","from":"2017-10-20","mode":"submitSocial","container":"all","username":"arwin"}]
2017-10-22 05:00:26	[{"keyword":"@indika9160fm","from":"2017-10-20","mode":"submitSocial","container":"all","username":"arwin"}]
2017-10-22 05:00:28	[{"keyword":"@shellindonesia","from":"2017-10-20","mode":"submitSocial","container":"all","username":"arwin"}]
2017-10-22 05:00:31	[{"keyword":"@vpowerfans","from":"2017-10-20","mode":"submitSocial","container":"all","username":"arwin"}]
2017-10-22 05:00:33	[{"keyword":"@pertamaxind","from":"2017-10-20","mode":"submitSocial","container":"all","username":"arwin"}]
2017-10-22 05:00:35	[{"keyword":"@ptpertamina","from":"2017-10-20","mode":"submitSocial","container":"all","username":"arwin"}]
2017-10-22 05:00:38	[{"keyword":"@ozradiojakarta","from":"2017-10-20","mode":"submitSocial","container":"all","username":"arwin"}]
2017-10-22 05:00:40	[{"keyword":"@cosmopolitanfm","from":"2017-10-20","mode":"submitSocial","container":"all","username":"arwin"}]
2017-10-22 05:00:42	[{"keyword":"@mustang88fm","from":"2017-10-20","mode":"submitSocial","container":"all","username":"arwin"}]
2017-10-22 05:00:44	[{"keyword":"@debabaz","from":"2017-10-20","mode":"submitSocial","container":"all","username":"arwin"}]
2017-10-22 05:00:50	[{"keyword":"@detikcom","from":"2017-10-20","mode":"submitSocial","container":"all","username":"arwin"}]
2017-10-22 05:00:53	[{"keyword":"@radioelshinta","from":"2017-10-20","mode":"submitSocial","container":"all","username":"arwin"}]
2017-10-22 05:00:55	[{"keyword":"@cinema21","from":"2017-10-20","mode":"submitSocial","container":"all","username":"arwin"}]
2017-10-22 05:00:57	[{"keyword":"@officialrcti","from":"2017-10-20","mode":"submitSocial","container":"all","username":"arwin"}]
2017-10-22 05:01:00	[{"keyword":"@transtv_corp","from":"2017-10-20","mode":"submitSocial","container":"all","username":"arwin"}]
2017-10-22 05:01:02	[{"keyword":"@trans7","from":"2017-10-20","mode":"submitSocial","container":"all","username":"arwin"}]
2017-10-22 05:01:06	[{"keyword":"@metro_tv","from":"2017-10-20","mode":"submitSocial","container":"all","username":"arwin"}]
2017-10-22 05:01:09	[{"keyword":"@tvonenews","from":"2017-10-20","mode":"submitSocial","container":"all","username":"arwin"}]
2017-10-22 05:01:11	[{"keyword":"@whatsonantv","from":"2017-10-20","mode":"submitSocial","container":"all","username":"arwin"}]
2017-10-22 05:01:14	[{"keyword":"@sctv_","from":"2017-10-20","mode":"submitSocial","container":"all","username":"arwin"}]
2017-10-22 05:01:16	[{"keyword":"@kompastv","from":"2017-10-20","mode":"submitSocial","container":"all","username":"arwin"}]
2017-10-22 05:01:20	[{"keyword":"@netmediatama","from":"2017-10-20","mode":"submitSocial","container":"all","username":"arwin"}]
2017-10-22 05:01:22	[{"keyword":"@globaltvseru","from":"2017-10-20","mode":"submitSocial","container":"all","username":"arwin"}]
2017-10-22 05:01:24	[{"keyword":"@jaktvcom","from":"2017-10-20","mode":"submitSocial","container":"all","username":"arwin"}]
2017-10-22 05:01:27	[{"keyword":"@tvrinasional","from":"2017-10-20","mode":"submitSocial","container":"all","username":"arwin"}]
2017-10-22 05:01:29	[{"keyword":"@ochannelupdates","from":"2017-10-20","mode":"submitSocial","container":"all","username":"arwin"}]
2017-10-22 05:01:32	[{"keyword":"@indosiarid","from":"2017-10-20","mode":"submitSocial","container":"all","username":"arwin"}]
2017-10-22 05:01:37	[{"keyword":"@kompascom","from":"2017-10-20","mode":"submitSocial","container":"all","username":"arwin"}]
2017-10-22 05:01:39	[{"keyword":"@merdekadotcom","from":"2017-10-20","mode":"submitSocial","container":"all","username":"arwin"}]
2017-10-22 05:01:41	[{"keyword":"@midotcom","from":"2017-10-20","mode":"submitSocial","container":"all","username":"arwin"}]
2017-10-22 05:01:44	[{"keyword":"@tempodotco","from":"2017-10-20","mode":"submitSocial","container":"all","username":"arwin"}]
2017-10-22 05:01:46	[{"keyword":"@motion975fm","from":"2017-10-20","mode":"submitSocial","container":"all","username":"arwin"}]
2017-10-22 05:01:49	[{"keyword":"@_radiotoday","from":"2017-10-20","mode":"submitSocial","container":"all","username":"arwin"}]
2017-10-22 05:01:51	[{"keyword":"@radioinfo","from":"2017-10-20","mode":"submitSocial","container":"all","username":"arwin"}]
2017-10-22 05:01:54	[{"keyword":"@979femaleradio","from":"2017-10-20","mode":"submitSocial","container":"all","username":"arwin"}]
2017-10-22 05:01:56	[{"keyword":"@womanradio943fm","from":"2017-10-20","mode":"submitSocial","container":"all","username":"arwin"}]
2017-10-22 05:01:58	[{"keyword":"@vradiofm","from":"2017-10-20","mode":"submitSocial","container":"all","username":"arwin"}]
2017-10-22 05:02:00	[{"keyword":"@ufm947","from":"2017-10-20","mode":"submitSocial","container":"all","username":"arwin"}]
2017-10-22 05:02:03	[{"keyword":"@vivanews","from":"2017-10-20","mode":"submitSocial","container":"all","username":"arwin"}]
2017-10-22 05:02:05	[{"keyword":"@antaranews","from":"2017-10-20","mode":"submitSocial","container":"all","username":"arwin"}]
2017-10-22 05:02:08	[{"keyword":"@tribunnews","from":"2017-10-20","mode":"submitSocial","container":"all","username":"arwin"}]
2017-10-22 05:02:11	[{"keyword":"@okezonenews","from":"2017-10-20","mode":"submitSocial","container":"all","username":"arwin"}]
2017-10-22 05:02:13	[{"keyword":"@beritasatu","from":"2017-10-20","mode":"submitSocial","container":"all","username":"arwin"}]
2017-10-22 05:02:15	[{"keyword":"@rollingstoneina","from":"2017-10-20","mode":"submitSocial","container":"all","username":"arwin"}]
2017-10-22 05:02:18	[{"keyword":"@fimeladotcom","from":"2017-10-20","mode":"submitSocial","container":"all","username":"arwin"}]
2017-10-22 05:02:20	[{"keyword":"@kapanlagicom","from":"2017-10-20","mode":"submitSocial","container":"all","username":"arwin"}]
2017-10-22 05:02:22	[{"keyword":"@kompasent","from":"2017-10-20","mode":"submitSocial","container":"all","username":"arwin"}]
2017-10-22 05:02:24	[{"keyword":"@haimagazine","from":"2017-10-20","mode":"submitSocial","container":"all","username":"arwin"}]
2017-10-22 05:02:26	[{"keyword":"@jakartavenue","from":"2017-10-20","mode":"submitSocial","container":"all","username":"arwin"}]
2017-10-22 05:02:29	[{"keyword":"@seputarevent","from":"2017-10-20","mode":"submitSocial","container":"all","username":"arwin"}]
2017-10-22 05:02:31	[{"keyword":"@ismayalive","from":"2017-10-20","mode":"submitSocial","container":"all","username":"arwin"}]
2017-10-22 05:02:33	[{"keyword":"@ecentertainment","from":"2017-10-20","mode":"submitSocial","container":"all","username":"arwin"}]
2017-10-22 05:02:35	[{"keyword":"@synergism_en","from":"2017-10-20","mode":"submitSocial","container":"all","username":"arwin"}]
2017-10-22 05:02:37	[{"keyword":"@urbanbandung","from":"2017-10-20","mode":"submitSocial","container":"all","username":"arwin"}]
2017-10-22 05:02:39	[{"keyword":"@urbanrkm995","from":"2017-10-20","mode":"submitSocial","container":"all","username":"arwin"}]
2017-10-22 05:02:41	[{"keyword":"@garuda_promo","from":"2017-10-20","mode":"submitSocial","container":"all","username":"arwin"}]
2017-10-22 05:02:44	[{"keyword":"@airasiaid","from":"2017-10-20","mode":"submitSocial","container":"all","username":"arwin"}]
2017-10-22 05:02:46	[{"keyword":"@kai121","from":"2017-10-20","mode":"submitSocial","container":"all","username":"arwin"}]
2017-10-22 05:02:49	[{"keyword":"@unilever","from":"2017-10-20","mode":"submitSocial","container":"all","username":"arwin"}]
2017-10-22 05:02:51	[{"keyword":"@nestle","from":"2017-10-20","mode":"submitSocial","container":"all","username":"arwin"}]
2017-10-22 05:02:55	[{"keyword":"@cocacola","from":"2017-10-20","mode":"submitSocial","container":"all","username":"arwin"}]
2017-10-22 05:03:05	[{"keyword":"@cnn","from":"2017-10-20","mode":"submitSocial","container":"all","username":"arwin"}]
2017-10-22 05:03:10	[{"keyword":"@mtv","from":"2017-10-20","mode":"submitSocial","container":"all","username":"arwin"}]
2017-10-22 05:03:12	[{"keyword":"@channelv","from":"2017-10-20","mode":"submitSocial","container":"all","username":"arwin"}]
2017-10-22 05:03:15	[{"keyword":"@itunesmusic","from":"2017-10-20","mode":"submitSocial","container":"all","username":"arwin"}]
2017-10-22 05:03:19	[{"keyword":"@mashable","from":"2017-10-20","mode":"submitSocial","container":"all","username":"arwin"}]
2017-10-22 05:03:21	[{"keyword":"@decacaz","from":"2017-10-20","mode":"submitSocial","container":"all","username":"arwin"}]
2017-10-22 05:03:23	[{"keyword":"@radiobaru967fm","from":"2017-10-20","mode":"submitSocial","container":"all","username":"arwin"}]
2017-10-22 05:03:25	[{"keyword":"@967hitzfm","from":"2017-10-20","mode":"submitSocial","container":"all","username":"arwin"}]
2017-10-22 05:03:28	[{"keyword":"@tvguide","from":"2017-10-20","mode":"submitSocial","container":"all","username":"arwin"}]
2017-10-22 05:03:30	[{"keyword":"@xl123","from":"2017-10-20","mode":"submitSocial","container":"all","username":"arwin"}]
2017-10-22 05:03:32	[{"keyword":"@triindonesia","from":"2017-10-20","mode":"submitSocial","container":"all","username":"arwin"}]
2017-10-22 05:03:35	[{"keyword":"@kaskus","from":"2017-10-20","mode":"submitSocial","container":"all","username":"arwin"}]
2017-10-22 05:03:37	[{"keyword":"@studio_xxi","from":"2017-10-20","mode":"submitSocial","container":"all","username":"arwin"}]
2017-10-22 05:03:39	[{"keyword":"@blitzmegaplex","from":"2017-10-20","mode":"submitSocial","container":"all","username":"arwin"}]
2017-10-22 05:03:42	[{"keyword":"@alfamartku","from":"2017-10-20","mode":"submitSocial","container":"all","username":"arwin"}]
2017-10-22 05:03:44	[{"keyword":"@carrefour_id","from":"2017-10-20","mode":"submitSocial","container":"all","username":"arwin"}]
2017-10-22 05:03:48	[{"keyword":"@bbcbreaking","from":"2017-10-20","mode":"submitSocial","container":"all","username":"arwin"}]
2017-10-22 05:03:55	[{"keyword":"@forbes","from":"2017-10-20","mode":"submitSocial","container":"all","username":"arwin"}]
2017-10-22 05:03:58	[{"keyword":"@bensradio","from":"2017-10-20","mode":"submitSocial","container":"all","username":"arwin"}]
2017-10-22 05:04:03	[{"keyword":"@instagram","from":"2017-10-20","mode":"submitSocial","container":"all","username":"arwin"}]
2017-10-22 05:04:06	[{"keyword":"@pinterest","from":"2017-10-20","mode":"submitSocial","container":"all","username":"arwin"}]
2017-10-22 05:04:15	[{"keyword":"@google","from":"2017-10-20","mode":"submitSocial","container":"all","username":"arwin"}]
2017-10-22 05:04:17	[{"keyword":"@pertaminalub","from":"2017-10-20","mode":"submitSocial","container":"all","username":"arwin"}]
2017-10-22 05:04:20	[{"keyword":"@infolalintol","from":"2017-10-20","mode":"submitSocial","container":"all","username":"arwin"}]
2017-10-22 05:04:22	[{"keyword":"@ptjasamarga","from":"2017-10-20","mode":"submitSocial","container":"all","username":"arwin"}]
2017-10-22 05:04:24	[{"keyword":"@cititransindo","from":"2017-10-20","mode":"submitSocial","container":"all","username":"arwin"}]
2017-10-22 05:04:26	[{"keyword":"#semangatpagisuperr","from":"2017-10-20","mode":"submitSocial","container":"all","username":"arwin"}]
2017-10-22 05:04:28	[{"keyword":"#genkuisinsideout","from":"2017-10-20","mode":"submitSocial","container":"all","username":"arwin"}]
2017-10-22 05:04:30	[{"keyword":"#semangatpagi","from":"2017-10-20","mode":"submitSocial","container":"all","username":"arwin"}]
2017-10-22 05:04:33	[{"keyword":"#dikamar","from":"2017-10-20","mode":"submitSocial","container":"all","username":"arwin"}]
2017-10-22 05:04:35	[{"keyword":"#kopaja","from":"2017-10-20","mode":"submitSocial","container":"all","username":"arwin"}]
2017-10-22 05:04:37	[{"keyword":"#generaksi8","from":"2017-10-20","mode":"submitSocial","container":"all","username":"arwin"}]
2017-10-22 05:04:39	[{"keyword":"#hitztsp","from":"2017-10-20","mode":"submitSocial","container":"all","username":"arwin"}]
2017-10-22 05:04:42	[{"keyword":"#np","from":"2017-10-20","mode":"submitSocial","container":"all","username":"arwin"}]
2017-10-22 05:04:44	[{"keyword":"#hitzlivestage","from":"2017-10-20","mode":"submitSocial","container":"all","username":"arwin"}]
2017-10-22 05:04:46	[{"keyword":"#thefreaks","from":"2017-10-20","mode":"submitSocial","container":"all","username":"arwin"}]
2017-10-22 05:04:49	[{"keyword":"#hitzsirkuspagi","from":"2017-10-20","mode":"submitSocial","container":"all","username":"arwin"}]
2017-10-22 05:04:51	[{"keyword":"#hitzathlon","from":"2017-10-20","mode":"submitSocial","container":"all","username":"arwin"}]
2017-10-22 05:04:53	[{"keyword":"#hitzzombie","from":"2017-10-20","mode":"submitSocial","container":"all","username":"arwin"}]
2017-10-22 05:04:55	[{"keyword":"#hitzkalong","from":"2017-10-20","mode":"submitSocial","container":"all","username":"arwin"}]
2017-10-22 05:04:57	[{"keyword":"#hitzbebas","from":"2017-10-20","mode":"submitSocial","container":"all","username":"arwin"}]
2017-10-22 05:04:59	[{"keyword":"#hitzhorehara","from":"2017-10-20","mode":"submitSocial","container":"all","username":"arwin"}]
2017-10-22 05:05:03	[{"keyword":"@zaloraid","from":"2017-10-20","mode":"submitSocial","container":"all","username":"arwin"}]
2017-10-22 05:05:05	[{"keyword":"@olx_indonesia","from":"2017-10-20","mode":"submitSocial","container":"all","username":"arwin"}]
2017-10-22 05:05:08	[{"keyword":"@lazadaid","from":"2017-10-20","mode":"submitSocial","container":"all","username":"arwin"}]
2017-10-22 05:05:10	[{"keyword":"@utrippers","from":"2017-10-20","mode":"submitSocial","container":"all","username":"arwin"}]
2017-10-22 05:05:13	[{"keyword":"@gogobot","from":"2017-10-20","mode":"submitSocial","container":"all","username":"arwin"}]
2017-10-22 05:05:15	[{"keyword":"@viatortravel","from":"2017-10-20","mode":"submitSocial","container":"all","username":"arwin"}]
2017-10-22 05:05:17	[{"keyword":"@alandakariza","from":"2017-10-20","mode":"submitSocial","container":"all","username":"arwin"}]
2017-10-22 05:05:20	[{"keyword":"@gagasmedia","from":"2017-10-20","mode":"submitSocial","container":"all","username":"arwin"}]
2017-10-22 05:05:22	[{"keyword":"@welovehonda","from":"2017-10-20","mode":"submitSocial","container":"all","username":"arwin"}]
2017-10-22 05:05:24	[{"keyword":"@suzukimotorid","from":"2017-10-20","mode":"submitSocial","container":"all","username":"arwin"}]
2017-10-22 05:05:27	[{"keyword":"@kawasakilovers","from":"2017-10-20","mode":"submitSocial","container":"all","username":"arwin"}]
2017-10-22 05:05:29	[{"keyword":"@yamahaindonesia","from":"2017-10-20","mode":"submitSocial","container":"all","username":"arwin"}]
2017-10-22 05:05:31	[{"keyword":"@tripanzee","from":"2017-10-20","mode":"submitSocial","container":"all","username":"arwin"}]
2017-10-22 05:05:34	[{"keyword":"@arnoldpoernomo","from":"2017-10-20","mode":"submitSocial","container":"all","username":"arwin"}]
2017-10-22 05:05:36	[{"keyword":"@nicsap","from":"2017-10-20","mode":"submitSocial","container":"all","username":"arwin"}]
2017-10-22 05:05:38	[{"keyword":"@tiket2","from":"2017-10-20","mode":"submitSocial","container":"all","username":"arwin"}]
2017-10-22 05:05:41	[{"keyword":"@traveloka","from":"2017-10-20","mode":"submitSocial","container":"all","username":"arwin"}]
2017-10-22 05:05:44	[{"keyword":"@wego","from":"2017-10-20","mode":"submitSocial","container":"all","username":"arwin"}]
2017-10-22 05:05:47	[{"keyword":"@agoda","from":"2017-10-20","mode":"submitSocial","container":"all","username":"arwin"}]
2017-10-22 05:05:49	[{"keyword":"#salahsambung","from":"2017-10-20","mode":"submitSocial","container":"all","username":"arwin"}]
2017-10-22 05:05:52	[{"keyword":"#tulalit","from":"2017-10-20","mode":"submitSocial","container":"all","username":"arwin"}]
2017-10-22 05:05:54	[{"keyword":"#pestageneraksi8","from":"2017-10-20","mode":"submitSocial","container":"all","username":"arwin"}]
2017-10-22 05:05:56	[{"keyword":"#ganaskustik","from":"2017-10-20","mode":"submitSocial","container":"all","username":"arwin"}]
2017-10-22 05:05:58	[{"keyword":"#lnhot20","from":"2017-10-20","mode":"submitSocial","container":"all","username":"arwin"}]
2017-10-22 05:06:00	[{"keyword":"@tripadvisor","from":"2017-10-20","mode":"submitSocial","container":"all","username":"arwin"}]
2017-10-22 05:06:09	[{"keyword":"@google","from":"2017-10-20","mode":"submitSocial","container":"all","username":"arwin"}]
2017-10-22 05:06:12	[{"keyword":"@telkomsel","from":"2017-10-20","mode":"submitSocial","container":"all","username":"arwin"}]
2017-10-22 05:06:15	[{"keyword":"@indosat","from":"2017-10-20","mode":"submitSocial","container":"all","username":"arwin"}]
2017-10-22 05:06:18	[{"keyword":"@bahanafmjkt","from":"2017-10-20","mode":"submitSocial","container":"all","username":""}]
2017-10-22 05:06:22	[{"keyword":"@sonorafm92","from":"2017-10-20","mode":"submitSocial","container":"all","username":"arwin"}]
2017-10-22 05:06:24	[{"keyword":"@litefm1058","from":"2017-10-20","mode":"submitSocial","container":"all","username":"arwin"}]
2017-10-22 05:06:26	[{"keyword":"@bravaradio","from":"2017-10-20","mode":"submitSocial","container":"all","username":"arwin"}]
2017-10-22 05:06:29	[{"keyword":"#dgitm","from":"2017-10-20","mode":"submitSocial","container":"all","username":"arwin"}]
2017-10-22 05:06:31	[{"keyword":"#hitsalaprambors","from":"2017-10-20","mode":"submitSocial","container":"all","username":"arwin"}]
2017-10-22 05:06:33	[{"keyword":"#reqprambors","from":"2017-10-20","mode":"submitSocial","container":"all","username":"arwin"}]
2017-10-22 05:06:35	[{"keyword":"#thedandees","from":"2017-10-20","mode":"submitSocial","container":"all","username":"arwin"}]
2017-10-22 05:06:37	[{"keyword":"#pramborsquiz","from":"2017-10-20","mode":"submitSocial","container":"all","username":"arwin"}]
2017-10-22 05:06:39	[{"keyword":"#jeliprambors","from":"2017-10-20","mode":"submitSocial","container":"all","username":"arwin"}]
2017-10-22 05:06:41	[{"keyword":"#jodohinprambors","from":"2017-10-20","mode":"submitSocial","container":"all","username":"arwin"}]
2017-10-22 05:06:43	[{"keyword":"#ubahdenganbicara","from":"2017-10-20","mode":"submitSocial","container":"all","username":"arwin"}]
2017-10-22 05:06:45	[{"keyword":"#pramborschat","from":"2017-10-20","mode":"submitSocial","container":"all","username":"arwin"}]
2017-10-22 05:06:48	[{"keyword":"#tweetforduit","from":"2017-10-20","mode":"submitSocial","container":"all","username":"arwin"}]
2017-10-22 05:06:50	[{"keyword":"#joki3in1","from":"2017-10-20","mode":"submitSocial","container":"all","username":"arwin"}]
2017-10-22 05:06:52	[{"keyword":"#sarapanseru","from":"2017-10-20","mode":"submitSocial","container":"all","username":"arwin"}]
2017-10-22 05:06:54	[{"keyword":"#rawonkaneloop","from":"2017-10-20","mode":"submitSocial","container":"all","username":"arwin"}]
2017-10-22 05:06:56	[{"keyword":"#gudegkendilkeraton","from":"2017-10-20","mode":"submitSocial","container":"all","username":"arwin"}]
2017-10-22 05:06:58	[{"keyword":"#gadogadobutika","from":"2017-10-20","mode":"submitSocial","container":"all","username":"arwin"}]
2017-10-22 05:07:00	[{"keyword":"#mtvhottest","from":"2017-10-20","mode":"submitSocial","container":"all","username":"arwin"}]
2017-10-22 05:07:02	[{"keyword":"#dimsumcjdw","from":"2017-10-20","mode":"submitSocial","container":"all","username":"arwin"}]
2017-10-22 05:07:04	[{"keyword":"#pecelmadiunmbakniek","from":"2017-10-20","mode":"submitSocial","container":"all","username":"arwin"}]
2017-10-22 05:07:07	[{"keyword":"#depotarema","from":"2017-10-20","mode":"submitSocial","container":"all","username":"arwin"}]
2017-10-22 05:07:09	[{"keyword":"@bni46","from":"2017-10-20","mode":"submitSocial","container":"all","username":"arwin"}]
2017-10-22 05:07:11	[{"keyword":"@bankbri_id","from":"2017-10-20","mode":"submitSocial","container":"all","username":"arwin"}]
2017-10-22 05:07:13	[{"keyword":"#bni46","from":"2017-10-20","mode":"submitSocial","container":"all","username":"arwin"}]
2017-10-22 05:07:20	[{"keyword":"macet","from":"2017-10-20","mode":"submitSocial","container":"all","username":"arwin"}]
2017-10-22 05:07:23	[{"keyword":"#selamatpagi","from":"2017-10-20","mode":"submitSocial","container":"all","username":"arwin"}]
2017-10-22 05:07:25	[{"keyword":"#selamatmalam","from":"2017-10-20","mode":"submitSocial","container":"all","username":"arwin"}]
2017-10-22 05:07:27	[{"keyword":"@884globalradio","from":"2017-10-20","mode":"submitSocial","container":"all","username":"arwin"}]
2017-10-22 05:07:29	[{"keyword":"@day_trans","from":"2017-10-20","mode":"submitSocial","container":"all","username":"arwin"}]
2017-10-22 05:07:31	[{"keyword":"@kencanavoyage","from":"2017-10-20","mode":"submitSocial","container":"all","username":"arwin"}]
2017-10-22 05:07:34	[{"keyword":"@jukebox5d","from":"2017-10-20","mode":"submitSocial","container":"all","username":"arwin"}]
2017-10-22 05:07:36	[{"keyword":"#mtvhottest","from":"2017-10-20","mode":"submitSocial","container":"all","username":"arwin"}]
2017-10-22 05:07:38	[{"keyword":"#semangatpagi","from":"2017-10-20","mode":"submitSocial","container":"all","username":"arwin"}]
2017-10-22 05:07:41	[{"keyword":"lifebuoy","from":"2017-10-20","mode":"submitSocial","container":"all","username":"arwin"}]
2017-10-22 05:07:49	[{"keyword":"jokowi","from":"2017-10-20","mode":"submitSocial","container":"all","username":"arwin"}]
2017-10-22 05:07:58	[{"keyword":"obama","from":"2017-10-20","mode":"submitSocial","container":"all","username":"arwin"}]
2017-10-22 05:08:01	[{"keyword":"starwars","from":"2017-10-20","mode":"submitSocial","container":"all","username":"arwin"}]
2017-10-22 05:08:04	[{"keyword":"jonan","from":"2017-10-20","mode":"submitSocial","container":"all","username":"arwin"}]
2017-10-22 05:08:14	[{"keyword":"pagi","from":"2017-10-20","mode":"submitSocial","container":"all","username":"arwin"}]
2017-10-22 05:08:17	[{"keyword":"sampoerna","from":"2017-10-20","mode":"submitSocial","container":"all","username":"arwin"}]
2017-10-22 05:08:19	[{"keyword":"djarum","from":"2017-10-20","mode":"submitSocial","container":"all","username":"arwin"}]
2017-10-22 05:08:21	[{"keyword":"#semangatpagi","from":"2017-10-20","mode":"submitSocial","container":"all","username":"arwin"}]
2017-10-22 05:08:23	[{"keyword":"#generaksi8","from":"2017-10-20","mode":"submitSocial","container":"all","username":"arwin"}]
2017-10-22 05:08:25	[{"keyword":"#365alasan","from":"2017-10-20","mode":"submitSocial","container":"all","username":"arwin"}]
2017-10-22 05:08:28	[{"keyword":"weew","from":"2017-10-20","mode":"submitSocial","container":"all","username":"arwin"}]
2017-10-22 05:08:36	[{"keyword":"testing","from":"2017-10-20","mode":"submitSocial","container":"all","username":"arwin"}]
2017-10-22 05:08:39	[{"keyword":"#kopaja","from":"2017-10-20","mode":"submitSocial","container":"all","username":"arwin"}]
2017-10-22 05:08:41	[{"keyword":"#genkuisinsideout","from":"2017-10-20","mode":"submitSocial","container":"all","username":"arwin"}]
2017-10-22 05:08:44	[{"keyword":"starwars","from":"2017-10-20","mode":"submitSocial","container":"all","username":"arwin"}]
2017-10-22 05:08:46	[{"keyword":"#kopaja","from":"2017-10-20","mode":"submitSocial","container":"all","username":"arwin"}]
2017-10-22 05:08:49	[{"keyword":"mldspot","from":"2017-10-20","mode":"submitSocial","container":"all","username":"arwin"}]
2017-10-22 05:08:51	[{"keyword":"pbdjarum","from":"2017-10-20","mode":"submitSocial","container":"all","username":"arwin"}]
2017-10-22 05:08:53	[{"keyword":"temannabati","from":"2017-10-20","mode":"submitSocial","container":"all","username":"arwin"}]
2017-10-22 05:08:56	[{"keyword":"nextar","from":"2017-10-20","mode":"submitSocial","container":"all","username":"arwin"}]
2017-10-22 05:08:59	[{"keyword":"jokowo","from":"2017-10-20","mode":"submitSocial","container":"all","username":"arwin"}]
2017-10-22 05:09:03	[{"keyword":"prabowo","from":"2017-10-20","mode":"submitSocial","container":"all","username":"arwin"}]
2017-10-22 05:09:05	[{"keyword":"sudirman said","from":"2017-10-20","mode":"submitSocial","container":"all","username":"arwin"}]
2017-10-22 05:09:13	[{"keyword":"ahok","from":"2017-10-20","mode":"submitSocial","container":"all","username":"arwin"}]
2017-10-22 05:09:15	[{"keyword":"setyanovanto","from":"2017-10-20","mode":"submitSocial","container":"all","username":"arwin"}]
2017-10-22 05:09:23	[{"keyword":"jokowi","from":"2017-10-20","mode":"submitSocial","container":"all","username":"arwin"}]
2017-10-22 05:09:32	[{"keyword":"ahok","from":"2017-10-20","mode":"submitSocial","container":"all","username":"arwin"}]
2017-10-22 05:09:35	[{"keyword":"prabowo","from":"2017-10-20","mode":"submitSocial","container":"all","username":"arwin"}]
2017-10-22 05:09:37	[{"keyword":"sudirman said","from":"2017-10-20","mode":"submitSocial","container":"all","username":"arwin"}]
2017-10-22 05:09:40	[{"keyword":"setyanovanto","from":"2017-10-20","mode":"submitSocial","container":"all","username":"arwin"}]
2017-10-22 05:09:43	[{"keyword":"galau","from":"2017-10-20","mode":"submitSocial","container":"all","username":"arwin"}]
2017-10-22 05:09:45	[{"keyword":"#prestasiindonesia","from":"2017-10-20","mode":"submitSocial","container":"all","username":"arwin"}]
2017-10-22 05:09:48	[{"keyword":"@tw_debi","from":"2017-10-20","mode":"submitSocial","container":"all","username":"arwin"}]
2017-10-22 05:09:50	[{"keyword":"@officialfastron","from":"2017-10-20","mode":"submitSocial","container":"all","username":"arwin"}]
2017-10-22 05:09:52	[{"keyword":"@citibankid","from":"2017-10-20","mode":"submitSocial","container":"all","username":"arwin"}]
2017-10-22 05:09:55	[{"keyword":"@jak101fm","from":"2017-10-20","mode":"submitSocial","container":"all","username":"arwin"}]
2017-10-22 05:09:58	[{"keyword":"@genfm","from":"2017-10-20","mode":"submitSocial","container":"all","username":"arwin"}]
