2017-10-15 05:00:01	worker	@987genfm;2017-10-13 - 2017-10-13;submitSocial;all;arwin
2017-10-15 05:00:06	worker	@101jakfm;2017-10-13 - 2017-10-13;submitSocial;all;arwin
2017-10-15 05:00:09	worker	@prambors;2017-10-13 - 2017-10-13;submitSocial;all;arwin
2017-10-15 05:00:12	worker	@hardrockfm;2017-10-13 - 2017-10-13;submitSocial;all;arwin
2017-10-15 05:00:15	worker	@kisfmjakarta;2017-10-13 - 2017-10-13;submitSocial;all;arwin
2017-10-15 05:00:17	worker	@delta_fm;2017-10-13 - 2017-10-13;submitSocial;all;arwin
2017-10-15 05:00:20	worker	@traxfmjkt;2017-10-13 - 2017-10-13;submitSocial;all;arwin
2017-10-15 05:00:23	worker	@iradiojakarta;2017-10-13 - 2017-10-13;submitSocial;all;arwin
2017-10-15 05:00:25	worker	@indika9160fm;2017-10-13 - 2017-10-13;submitSocial;all;arwin
2017-10-15 05:00:27	worker	@shellindonesia;2017-10-13 - 2017-10-13;submitSocial;all;arwin
2017-10-15 05:00:29	worker	@vpowerfans;2017-10-13 - 2017-10-13;submitSocial;all;arwin
2017-10-15 05:00:32	worker	@pertamaxind;2017-10-13 - 2017-10-13;submitSocial;all;arwin
2017-10-15 05:00:34	worker	@ptpertamina;2017-10-13 - 2017-10-13;submitSocial;all;arwin
2017-10-15 05:00:37	worker	@OZRadioJakarta;2017-10-13 - 2017-10-13;submitSocial;all;arwin
2017-10-15 05:00:39	worker	@CosmopolitanFM;2017-10-13 - 2017-10-13;submitSocial;all;arwin
2017-10-15 05:00:42	worker	@mustang88fm;2017-10-13 - 2017-10-13;submitSocial;all;arwin
2017-10-15 05:00:44	worker	@debabaz;2017-10-13 - 2017-10-13;submitSocial;all;arwin
2017-10-15 05:00:46	worker	@detikcom;2017-10-13 - 2017-10-13;submitSocial;all;arwin
2017-10-15 05:00:50	worker	@radioelshinta;2017-10-13 - 2017-10-13;submitSocial;all;arwin
2017-10-15 05:00:53	worker	@cinema21;2017-10-13 - 2017-10-13;submitSocial;all;arwin
2017-10-15 05:00:56	worker	@OfficialRCTI;2017-10-13 - 2017-10-13;submitSocial;all;arwin
2017-10-15 05:00:58	worker	@TRANSTV_CORP;2017-10-13 - 2017-10-13;submitSocial;all;arwin
2017-10-15 05:01:01	worker	@TRANS7;2017-10-13 - 2017-10-13;submitSocial;all;arwin
2017-10-15 05:01:03	worker	@Metro_TV;2017-10-13 - 2017-10-13;submitSocial;all;arwin
2017-10-15 05:01:06	worker	@tvOneNews;2017-10-13 - 2017-10-13;submitSocial;all;arwin
2017-10-15 05:01:09	worker	@whatsonANTV;2017-10-13 - 2017-10-13;submitSocial;all;arwin
2017-10-15 05:01:12	worker	@SCTV_;2017-10-13 - 2017-10-13;submitSocial;all;arwin
2017-10-15 05:01:14	worker	@KompasTV;2017-10-13 - 2017-10-13;submitSocial;all;arwin
2017-10-15 05:01:17	worker	@netmediatama;2017-10-13 - 2017-10-13;submitSocial;all;arwin
2017-10-15 05:01:20	worker	@Globaltvseru;2017-10-13 - 2017-10-13;submitSocial;all;arwin
2017-10-15 05:01:23	worker	@JaktvCom;2017-10-13 - 2017-10-13;submitSocial;all;arwin
2017-10-15 05:01:25	worker	@TVRINasional;2017-10-13 - 2017-10-13;submitSocial;all;arwin
2017-10-15 05:01:28	worker	@ochannelupdates;2017-10-13 - 2017-10-13;submitSocial;all;arwin
2017-10-15 05:01:30	worker	@IndosiarID;2017-10-13 - 2017-10-13;submitSocial;all;arwin
2017-10-15 05:01:35	worker	@kompascom;2017-10-13 - 2017-10-13;submitSocial;all;arwin
2017-10-15 05:01:39	worker	@merdekadotcom;2017-10-13 - 2017-10-13;submitSocial;all;arwin
2017-10-15 05:01:41	worker	@MIdotcom;2017-10-13 - 2017-10-13;submitSocial;all;arwin
2017-10-15 05:01:44	worker	@tempodotco;2017-10-13 - 2017-10-13;submitSocial;all;arwin
2017-10-15 05:01:47	worker	@motion975fm;2017-10-13 - 2017-10-13;submitSocial;all;arwin
2017-10-15 05:01:49	worker	@_radiotoday;2017-10-13 - 2017-10-13;submitSocial;all;arwin
2017-10-15 05:01:51	worker	@radioinfo;2017-10-13 - 2017-10-13;submitSocial;all;arwin
2017-10-15 05:01:54	worker	@979FeMaleRadio;2017-10-13 - 2017-10-13;submitSocial;all;arwin
2017-10-15 05:01:56	worker	@WomanRadio943FM;2017-10-13 - 2017-10-13;submitSocial;all;arwin
2017-10-15 05:01:58	worker	@VRadioFM;2017-10-13 - 2017-10-13;submitSocial;all;arwin
2017-10-15 05:02:00	worker	@UFM947;2017-10-13 - 2017-10-13;submitSocial;all;arwin
2017-10-15 05:02:03	worker	@VIVAnews;2017-10-13 - 2017-10-13;submitSocial;all;arwin
2017-10-15 05:02:05	worker	@antaranews;2017-10-13 - 2017-10-13;submitSocial;all;arwin
2017-10-15 05:02:08	worker	@tribunnews;2017-10-13 - 2017-10-13;submitSocial;all;arwin
2017-10-15 05:02:11	worker	@okezonenews;2017-10-13 - 2017-10-13;submitSocial;all;arwin
2017-10-15 05:02:13	worker	@Beritasatu;2017-10-13 - 2017-10-13;submitSocial;all;arwin
2017-10-15 05:02:16	worker	@rollingstoneina;2017-10-13 - 2017-10-13;submitSocial;all;arwin
2017-10-15 05:02:18	worker	@FIMELAdotcom;2017-10-13 - 2017-10-13;submitSocial;all;arwin
2017-10-15 05:02:20	worker	@KapanLagicom;2017-10-13 - 2017-10-13;submitSocial;all;arwin
2017-10-15 05:02:23	worker	@KompasEnt ;2017-10-13 - 2017-10-13;submitSocial;all;arwin
2017-10-15 05:02:25	worker	@HaiMagazine;2017-10-13 - 2017-10-13;submitSocial;all;arwin
2017-10-15 05:02:28	worker	@JakartaVenue;2017-10-13 - 2017-10-13;submitSocial;all;arwin
2017-10-15 05:02:30	worker	@SeputarEvent;2017-10-13 - 2017-10-13;submitSocial;all;arwin
2017-10-15 05:02:32	worker	@ismayaLive;2017-10-13 - 2017-10-13;submitSocial;all;arwin
2017-10-15 05:02:35	worker	@ECEntertainment;2017-10-13 - 2017-10-13;submitSocial;all;arwin
2017-10-15 05:02:37	worker	@synergism_En;2017-10-13 - 2017-10-13;submitSocial;all;arwin
2017-10-15 05:02:39	worker	@Urbanbandung;2017-10-13 - 2017-10-13;submitSocial;all;arwin
2017-10-15 05:02:41	worker	@Urbanrkm995;2017-10-13 - 2017-10-13;submitSocial;all;arwin
2017-10-15 05:02:43	worker	@Garuda_Promo;2017-10-13 - 2017-10-13;submitSocial;all;arwin
2017-10-15 05:02:45	worker	@AirAsiaID;2017-10-13 - 2017-10-13;submitSocial;all;arwin
2017-10-15 05:02:48	worker	@KAI121;2017-10-13 - 2017-10-13;submitSocial;all;arwin
2017-10-15 05:02:50	worker	@Unilever;2017-10-13 - 2017-10-13;submitSocial;all;arwin
2017-10-15 05:02:53	worker	@Nestle;2017-10-13 - 2017-10-13;submitSocial;all;arwin
2017-10-15 05:02:56	worker	@CocaCola;2017-10-13 - 2017-10-13;submitSocial;all;arwin
2017-10-15 05:02:59	worker	@CNN;2017-10-13 - 2017-10-13;submitSocial;all;arwin
2017-10-15 05:03:09	worker	@MTV;2017-10-13 - 2017-10-13;submitSocial;all;arwin
2017-10-15 05:03:14	worker	@channelv;2017-10-13 - 2017-10-13;submitSocial;all;arwin
2017-10-15 05:03:16	worker	@iTunesMusic;2017-10-13 - 2017-10-13;submitSocial;all;arwin
2017-10-15 05:03:18	worker	@mashable;2017-10-13 - 2017-10-13;submitSocial;all;arwin
2017-10-15 05:03:23	worker	@decacaz;2017-10-13 - 2017-10-13;submitSocial;all;arwin
2017-10-15 05:03:25	worker	@radiobaru967FM;2017-10-13 - 2017-10-13;submitSocial;all;arwin
2017-10-15 05:03:27	worker	@967HitzFM;2017-10-13 - 2017-10-13;submitSocial;all;arwin
2017-10-15 05:03:30	worker	@TVGuide;2017-10-13 - 2017-10-13;submitSocial;all;arwin
2017-10-15 05:03:33	worker	@XL123;2017-10-13 - 2017-10-13;submitSocial;all;arwin
2017-10-15 05:03:35	worker	@triindonesia;2017-10-13 - 2017-10-13;submitSocial;all;arwin
2017-10-15 05:03:38	worker	@kaskus;2017-10-13 - 2017-10-13;submitSocial;all;arwin
2017-10-15 05:03:41	worker	@Studio_XXI;2017-10-13 - 2017-10-13;submitSocial;all;arwin
2017-10-15 05:03:43	worker	@blitzmegaplex;2017-10-13 - 2017-10-13;submitSocial;all;arwin
2017-10-15 05:03:45	worker	@alfamartku;2017-10-13 - 2017-10-13;submitSocial;all;arwin
2017-10-15 05:03:47	worker	@Carrefour_ID;2017-10-13 - 2017-10-13;submitSocial;all;arwin
2017-10-15 05:03:50	worker	@BBCBreaking;2017-10-13 - 2017-10-13;submitSocial;all;arwin
2017-10-15 05:03:54	worker	@Forbes;2017-10-13 - 2017-10-13;submitSocial;all;arwin
2017-10-15 05:04:00	worker	@BensRadio;2017-10-13 - 2017-10-13;submitSocial;all;arwin
2017-10-15 05:04:02	worker	@instagram;2017-10-13 - 2017-10-13;submitSocial;all;arwin
2017-10-15 05:04:08	worker	@Pinterest;2017-10-13 - 2017-10-13;submitSocial;all;arwin
2017-10-15 05:04:11	worker	@google;2017-10-13 - 2017-10-13;submitSocial;all;arwin
2017-10-15 05:04:21	worker	@Pertaminalub;2017-10-13 - 2017-10-13;submitSocial;all;arwin
2017-10-15 05:04:23	worker	@InfoLalinTol;2017-10-13 - 2017-10-13;submitSocial;all;arwin
2017-10-15 05:04:25	worker	@PTJASAMARGA;2017-10-13 - 2017-10-13;submitSocial;all;arwin
2017-10-15 05:04:28	worker	@cititransindo;2017-10-13 - 2017-10-13;submitSocial;all;arwin
2017-10-15 05:04:30	worker	#semangatpagisuperr;2017-10-13 - 2017-10-13;submitSocial;all;arwin
2017-10-15 05:04:32	worker	#genkuisinsideout;2017-10-13 - 2017-10-13;submitSocial;all;arwin
2017-10-15 05:04:34	worker	#semangatpagi;2017-10-13 - 2017-10-13;submitSocial;all;arwin
2017-10-15 05:04:37	worker	#dikamar;2017-10-13 - 2017-10-13;submitSocial;all;arwin
2017-10-15 05:04:39	worker	#kopaja;2017-10-13 - 2017-10-13;submitSocial;all;arwin
2017-10-15 05:04:42	worker	#generaksi8;2017-10-13 - 2017-10-13;submitSocial;all;arwin
2017-10-15 05:04:44	worker	#hitztsp;2017-10-13 - 2017-10-13;submitSocial;all;arwin
2017-10-15 05:04:46	worker	#np;2017-10-13 - 2017-10-13;submitSocial;all;arwin
2017-10-15 05:04:49	worker	#hitzlivestage;2017-10-13 - 2017-10-13;submitSocial;all;arwin
2017-10-15 05:04:52	worker	#thefreaks;2017-10-13 - 2017-10-13;submitSocial;all;arwin
2017-10-15 05:04:54	worker	#hitzsirkuspagi;2017-10-13 - 2017-10-13;submitSocial;all;arwin
2017-10-15 05:04:56	worker	#hitzathlon;2017-10-13 - 2017-10-13;submitSocial;all;arwin
2017-10-15 05:04:59	worker	#hitzzombie;2017-10-13 - 2017-10-13;submitSocial;all;arwin
2017-10-15 05:05:01	worker	#hitzkalong;2017-10-13 - 2017-10-13;submitSocial;all;arwin
2017-10-15 05:05:04	worker	#hitzbebas;2017-10-13 - 2017-10-13;submitSocial;all;arwin
2017-10-15 05:05:07	worker	#hitzhorehara;2017-10-13 - 2017-10-13;submitSocial;all;arwin
2017-10-15 05:05:09	worker	@ZaloraID;2017-10-13 - 2017-10-13;submitSocial;all;arwin
2017-10-15 05:05:12	worker	@OLX_Indonesia;2017-10-13 - 2017-10-13;submitSocial;all;arwin
2017-10-15 05:05:14	worker	@LazadaID;2017-10-13 - 2017-10-13;submitSocial;all;arwin
2017-10-15 05:05:17	worker	@utrippers;2017-10-13 - 2017-10-13;submitSocial;all;arwin
2017-10-15 05:05:20	worker	@GoGobot;2017-10-13 - 2017-10-13;submitSocial;all;arwin
2017-10-15 05:05:22	worker	@viatortravel;2017-10-13 - 2017-10-13;submitSocial;all;arwin
2017-10-15 05:05:25	worker	@alandakariza;2017-10-13 - 2017-10-13;submitSocial;all;arwin
2017-10-15 05:05:27	worker	@gagasmedia;2017-10-13 - 2017-10-13;submitSocial;all;arwin
2017-10-15 05:05:30	worker	@welovehonda;2017-10-13 - 2017-10-13;submitSocial;all;arwin
2017-10-15 05:05:32	worker	@SuzukiMotorID;2017-10-13 - 2017-10-13;submitSocial;all;arwin
2017-10-15 05:05:35	worker	@kawasakilovers;2017-10-13 - 2017-10-13;submitSocial;all;arwin
2017-10-15 05:05:37	worker	@yamahaindonesia;2017-10-13 - 2017-10-13;submitSocial;all;arwin
2017-10-15 05:05:39	worker	@tripanzee;2017-10-13 - 2017-10-13;submitSocial;all;arwin
2017-10-15 05:05:42	worker	@arnoldpoernomo;2017-10-13 - 2017-10-13;submitSocial;all;arwin
2017-10-15 05:05:44	worker	@nicsap;2017-10-13 - 2017-10-13;submitSocial;all;arwin
2017-10-15 05:05:47	worker	@tiket2;2017-10-13 - 2017-10-13;submitSocial;all;arwin
2017-10-15 05:05:49	worker	@traveloka;2017-10-13 - 2017-10-13;submitSocial;all;arwin
2017-10-15 05:05:51	worker	@wego;2017-10-13 - 2017-10-13;submitSocial;all;arwin
2017-10-15 05:05:54	worker	@agoda;2017-10-13 - 2017-10-13;submitSocial;all;arwin
2017-10-15 05:05:57	worker	#salahsambung;2017-10-13 - 2017-10-13;submitSocial;all;arwin
2017-10-15 05:06:00	worker	#tulalit;2017-10-13 - 2017-10-13;submitSocial;all;arwin
2017-10-15 05:06:02	worker	#pestageneraksi8;2017-10-13 - 2017-10-13;submitSocial;all;arwin
2017-10-15 05:06:04	worker	#ganaskustik;2017-10-13 - 2017-10-13;submitSocial;all;arwin
2017-10-15 05:06:06	worker	#lnhot20;2017-10-13 - 2017-10-13;submitSocial;all;arwin
2017-10-15 05:06:08	worker	@TripAdvisor;2017-10-13 - 2017-10-13;submitSocial;all;arwin
2017-10-15 05:06:11	worker	@google;2017-10-13 - 2017-10-13;submitSocial;all;arwin
2017-10-15 05:06:20	worker	@Telkomsel;2017-10-13 - 2017-10-13;submitSocial;all;arwin
2017-10-15 05:06:24	worker	@indosat;2017-10-13 - 2017-10-13;submitSocial;all;arwin
2017-10-15 05:06:26	worker	@bahanafmjkt;2017-10-13 - 2017-10-13;submitSocial;all;2017-10-15 05:06:32	worker	@sonorafm92;2017-10-13 - 2017-10-13;submitSocial;all;arwin
2017-10-15 05:06:34	worker	@litefm1058;2017-10-13 - 2017-10-13;submitSocial;all;arwin
2017-10-15 05:06:36	worker	@Bravaradio;2017-10-13 - 2017-10-13;submitSocial;all;arwin
2017-10-15 05:06:38	worker	#dgitm;2017-10-13 - 2017-10-13;submitSocial;all;arwin
2017-10-15 05:06:41	worker	#hitsalaprambors;2017-10-13 - 2017-10-13;submitSocial;all;arwin
2017-10-15 05:06:44	worker	#reqprambors;2017-10-13 - 2017-10-13;submitSocial;all;arwin
2017-10-15 05:06:46	worker	#thedandees;2017-10-13 - 2017-10-13;submitSocial;all;arwin
2017-10-15 05:06:48	worker	#pramborsquiz;2017-10-13 - 2017-10-13;submitSocial;all;arwin
2017-10-15 05:06:50	worker	#jeliprambors;2017-10-13 - 2017-10-13;submitSocial;all;arwin
2017-10-15 05:06:52	worker	#jodohinprambors;2017-10-13 - 2017-10-13;submitSocial;all;arwin
2017-10-15 05:06:54	worker	#ubahdenganbicara;2017-10-13 - 2017-10-13;submitSocial;all;arwin
2017-10-15 05:06:57	worker	#pramborschat;2017-10-13 - 2017-10-13;submitSocial;all;arwin
2017-10-15 05:06:59	worker	#tweetforduit;2017-10-13 - 2017-10-13;submitSocial;all;arwin
2017-10-15 05:07:01	worker	#joki3in1;2017-10-13 - 2017-10-13;submitSocial;all;arwin
2017-10-15 05:07:03	worker	#sarapanseru;2017-10-13 - 2017-10-13;submitSocial;all;arwin
2017-10-15 05:07:06	worker	#rawonkaneloop;2017-10-13 - 2017-10-13;submitSocial;all;arwin
2017-10-15 05:07:08	worker	#gudegkendilkeraton;2017-10-13 - 2017-10-13;submitSocial;all;arwin
2017-10-15 05:07:10	worker	#gadogadobutika;2017-10-13 - 2017-10-13;submitSocial;all;arwin
2017-10-15 05:07:12	worker	#mtvhottest;2017-10-13 - 2017-10-13;submitSocial;all;arwin
2017-10-15 05:07:15	worker	#dimsumcjdw;2017-10-13 - 2017-10-13;submitSocial;all;arwin
2017-10-15 05:07:17	worker	#pecelmadiunmbakniek;2017-10-13 - 2017-10-13;submitSocial;all;arwin
2017-10-15 05:07:19	worker	#depotarema;2017-10-13 - 2017-10-13;submitSocial;all;arwin
2017-10-15 05:07:21	worker	@BNI46;2017-10-13 - 2017-10-13;submitSocial;all;arwin
2017-10-15 05:07:24	worker	@BANKBRI_ID;2017-10-13 - 2017-10-13;submitSocial;all;arwin
2017-10-15 05:07:26	worker	#bni46;2017-10-13 - 2017-10-13;submitSocial;all;arwin
2017-10-15 05:07:29	worker	macet;2017-10-13 - 2017-10-13;submitSocial;all;arwin
2017-10-15 05:07:33	worker	#selamatpagi;2017-10-13 - 2017-10-13;submitSocial;all;arwin
2017-10-15 05:07:36	worker	#selamatmalam;2017-10-13 - 2017-10-13;submitSocial;all;arwin
2017-10-15 05:07:38	worker	@884GlobalRadio;2017-10-13 - 2017-10-13;submitSocial;all;arwin
2017-10-15 05:07:40	worker	@day_trans;2017-10-13 - 2017-10-13;submitSocial;all;arwin
2017-10-15 05:07:43	worker	@kencanavoyage;2017-10-13 - 2017-10-13;submitSocial;all;arwin
2017-10-15 05:07:45	worker	@jukebox5d;2017-10-13 - 2017-10-13;submitSocial;all;arwin
2017-10-15 05:07:47	worker	#mtvhottest;2017-10-13 - 2017-10-13;submitSocial;all;arwin
2017-10-15 05:07:50	worker	#semangatpagi;2017-10-13 - 2017-10-13;submitSocial;all;arwin
2017-10-15 05:07:52	worker	lifebuoy;2017-10-13 - 2017-10-13;submitSocial;all;arwin
2017-10-15 05:07:54	worker	jokowi;2017-10-13 - 2017-10-13;submitSocial;all;arwin
2017-10-15 05:08:01	worker	obama;2017-10-13 - 2017-10-13;submitSocial;all;arwin
2017-10-15 05:08:10	worker	starwars;2017-10-13 - 2017-10-13;submitSocial;all;arwin
2017-10-15 05:08:12	worker	jonan;2017-10-13 - 2017-10-13;submitSocial;all;arwin
2017-10-15 05:08:16	worker	pagi;2017-10-13 - 2017-10-13;submitSocial;all;arwin
2017-10-15 05:08:24	worker	sampoerna;2017-10-13 - 2017-10-13;submitSocial;all;arwin
2017-10-15 05:08:27	worker	djarum;2017-10-13 - 2017-10-13;submitSocial;all;arwin
2017-10-15 05:08:30	worker	#semangatpagi;2017-10-13 - 2017-10-13;submitSocial;all;arwin
2017-10-15 05:08:32	worker	#generaksi8;2017-10-13 - 2017-10-13;submitSocial;all;arwin
2017-10-15 05:08:34	worker	#365alasan;2017-10-13 - 2017-10-13;submitSocial;all;arwin
2017-10-15 05:08:36	worker	weew;2017-10-13 - 2017-10-13;submitSocial;all;arwin
2017-10-15 05:08:39	worker	testing;2017-10-13 - 2017-10-13;submitSocial;all;arwin
2017-10-15 05:08:46	worker	#kopaja;2017-10-13 - 2017-10-13;submitSocial;all;arwin
2017-10-15 05:08:49	worker	#genkuisinsideout;2017-10-13 - 2017-10-13;submitSocial;all;arwin
2017-10-15 05:08:51	worker	starwars;2017-10-13 - 2017-10-13;submitSocial;all;arwin
2017-10-15 05:08:54	worker	#kopaja;2017-10-13 - 2017-10-13;submitSocial;all;arwin
2017-10-15 05:08:56	worker	mldspot;2017-10-13 - 2017-10-13;submitSocial;all;arwin
2017-10-15 05:08:59	worker	PBDjarum;2017-10-13 - 2017-10-13;submitSocial;all;arwin
2017-10-15 05:09:01	worker	TemanNabati;2017-10-13 - 2017-10-13;submitSocial;all;arwin
2017-10-15 05:09:04	worker	Nextar;2017-10-13 - 2017-10-13;submitSocial;all;arwin
2017-10-15 05:09:07	worker	jokowo;2017-10-13 - 2017-10-13;submitSocial;all;arwin
2017-10-15 05:09:10	worker	prabowo;2017-10-13 - 2017-10-13;submitSocial;all;arwin
2017-10-15 05:09:14	worker	sudirman said;2017-10-13 - 2017-10-13;submitSocial;all;arwin
2017-10-15 05:09:16	worker	ahok;2017-10-13 - 2017-10-13;submitSocial;all;arwin
2017-10-15 05:09:21	worker	setyanovanto;2017-10-13 - 2017-10-13;submitSocial;all;arwin
2017-10-15 05:09:24	worker	jokowi;2017-10-13 - 2017-10-13;submitSocial;all;arwin
2017-10-15 05:09:32	worker	ahok;2017-10-13 - 2017-10-13;submitSocial;all;arwin
2017-10-15 05:09:37	worker	prabowo;2017-10-13 - 2017-10-13;submitSocial;all;arwin
2017-10-15 05:09:41	worker	sudirman said;2017-10-13 - 2017-10-13;submitSocial;all;arwin
2017-10-15 05:09:43	worker	setyanovanto;2017-10-13 - 2017-10-13;submitSocial;all;arwin
2017-10-15 05:09:46	worker	galau;2017-10-13 - 2017-10-13;submitSocial;all;arwin
2017-10-15 05:09:49	worker	#prestasiindonesia;2017-10-13 - 2017-10-13;submitSocial;all;arwin
2017-10-15 05:09:51	worker	@Tw_Debi;2017-10-13 - 2017-10-13;submitSocial;all;arwin
2017-10-15 05:09:54	worker	@OfficialFastron;2017-10-13 - 2017-10-13;submitSocial;all;arwin
2017-10-15 05:09:56	worker	@CitibankID;2017-10-13 - 2017-10-13;submitSocial;all;arwin
2017-10-15 05:09:59	worker	@jak101fm;2017-10-13 - 2017-10-13;submitSocial;all;arwin
2017-10-15 05:10:02	worker	@genfm;2017-10-13 - 2017-10-13;submitSocial;all;arwin
