2017-10-21 05:00:06	[{"keyword":"@987genfm","from":"2017-10-19","mode":"submitSocial","container":"all","username":"arwin"}]
2017-10-21 05:00:08	[{"keyword":"@101jakfm","from":"2017-10-19","mode":"submitSocial","container":"all","username":"arwin"}]
2017-10-21 05:00:12	[{"keyword":"@prambors","from":"2017-10-19","mode":"submitSocial","container":"all","username":"arwin"}]
2017-10-21 05:00:15	[{"keyword":"@hardrockfm","from":"2017-10-19","mode":"submitSocial","container":"all","username":"arwin"}]
2017-10-21 05:00:17	[{"keyword":"@kisfmjakarta","from":"2017-10-19","mode":"submitSocial","container":"all","username":"arwin"}]
2017-10-21 05:00:20	[{"keyword":"@delta_fm","from":"2017-10-19","mode":"submitSocial","container":"all","username":"arwin"}]
2017-10-21 05:00:23	[{"keyword":"@traxfmjkt","from":"2017-10-19","mode":"submitSocial","container":"all","username":"arwin"}]
2017-10-21 05:00:26	[{"keyword":"@iradiojakarta","from":"2017-10-19","mode":"submitSocial","container":"all","username":"arwin"}]
2017-10-21 05:00:28	[{"keyword":"@indika9160fm","from":"2017-10-19","mode":"submitSocial","container":"all","username":"arwin"}]
2017-10-21 05:00:31	[{"keyword":"@shellindonesia","from":"2017-10-19","mode":"submitSocial","container":"all","username":"arwin"}]
2017-10-21 05:00:33	[{"keyword":"@vpowerfans","from":"2017-10-19","mode":"submitSocial","container":"all","username":"arwin"}]
2017-10-21 05:00:36	[{"keyword":"@pertamaxind","from":"2017-10-19","mode":"submitSocial","container":"all","username":"arwin"}]
2017-10-21 05:00:39	[{"keyword":"@ptpertamina","from":"2017-10-19","mode":"submitSocial","container":"all","username":"arwin"}]
2017-10-21 05:00:41	[{"keyword":"@ozradiojakarta","from":"2017-10-19","mode":"submitSocial","container":"all","username":"arwin"}]
2017-10-21 05:00:44	[{"keyword":"@cosmopolitanfm","from":"2017-10-19","mode":"submitSocial","container":"all","username":"arwin"}]
2017-10-21 05:00:46	[{"keyword":"@mustang88fm","from":"2017-10-19","mode":"submitSocial","container":"all","username":"arwin"}]
2017-10-21 05:00:48	[{"keyword":"@debabaz","from":"2017-10-19","mode":"submitSocial","container":"all","username":"arwin"}]
2017-10-21 05:00:53	[{"keyword":"@detikcom","from":"2017-10-19","mode":"submitSocial","container":"all","username":"arwin"}]
2017-10-21 05:00:56	[{"keyword":"@radioelshinta","from":"2017-10-19","mode":"submitSocial","container":"all","username":"arwin"}]
2017-10-21 05:00:58	[{"keyword":"@cinema21","from":"2017-10-19","mode":"submitSocial","container":"all","username":"arwin"}]
2017-10-21 05:01:01	[{"keyword":"@officialrcti","from":"2017-10-19","mode":"submitSocial","container":"all","username":"arwin"}]
2017-10-21 05:01:04	[{"keyword":"@transtv_corp","from":"2017-10-19","mode":"submitSocial","container":"all","username":"arwin"}]
2017-10-21 05:01:07	[{"keyword":"@trans7","from":"2017-10-19","mode":"submitSocial","container":"all","username":"arwin"}]
2017-10-21 05:01:11	[{"keyword":"@metro_tv","from":"2017-10-19","mode":"submitSocial","container":"all","username":"arwin"}]
2017-10-21 05:01:14	[{"keyword":"@tvonenews","from":"2017-10-19","mode":"submitSocial","container":"all","username":"arwin"}]
2017-10-21 05:01:16	[{"keyword":"@whatsonantv","from":"2017-10-19","mode":"submitSocial","container":"all","username":"arwin"}]
2017-10-21 05:01:19	[{"keyword":"@sctv_","from":"2017-10-19","mode":"submitSocial","container":"all","username":"arwin"}]
2017-10-21 05:01:22	[{"keyword":"@kompastv","from":"2017-10-19","mode":"submitSocial","container":"all","username":"arwin"}]
2017-10-21 05:01:26	[{"keyword":"@netmediatama","from":"2017-10-19","mode":"submitSocial","container":"all","username":"arwin"}]
2017-10-21 05:01:28	[{"keyword":"@globaltvseru","from":"2017-10-19","mode":"submitSocial","container":"all","username":"arwin"}]
2017-10-21 05:01:31	[{"keyword":"@jaktvcom","from":"2017-10-19","mode":"submitSocial","container":"all","username":"arwin"}]
2017-10-21 05:01:34	[{"keyword":"@tvrinasional","from":"2017-10-19","mode":"submitSocial","container":"all","username":"arwin"}]
2017-10-21 05:01:36	[{"keyword":"@ochannelupdates","from":"2017-10-19","mode":"submitSocial","container":"all","username":"arwin"}]
2017-10-21 05:01:39	[{"keyword":"@indosiarid","from":"2017-10-19","mode":"submitSocial","container":"all","username":"arwin"}]
2017-10-21 05:01:44	[{"keyword":"@kompascom","from":"2017-10-19","mode":"submitSocial","container":"all","username":"arwin"}]
2017-10-21 05:01:46	[{"keyword":"@merdekadotcom","from":"2017-10-19","mode":"submitSocial","container":"all","username":"arwin"}]
2017-10-21 05:01:49	[{"keyword":"@midotcom","from":"2017-10-19","mode":"submitSocial","container":"all","username":"arwin"}]
2017-10-21 05:01:52	[{"keyword":"@tempodotco","from":"2017-10-19","mode":"submitSocial","container":"all","username":"arwin"}]
2017-10-21 05:01:55	[{"keyword":"@motion975fm","from":"2017-10-19","mode":"submitSocial","container":"all","username":"arwin"}]
2017-10-21 05:01:57	[{"keyword":"@_radiotoday","from":"2017-10-19","mode":"submitSocial","container":"all","username":"arwin"}]
2017-10-21 05:02:00	[{"keyword":"@radioinfo","from":"2017-10-19","mode":"submitSocial","container":"all","username":"arwin"}]
2017-10-21 05:02:03	[{"keyword":"@979femaleradio","from":"2017-10-19","mode":"submitSocial","container":"all","username":"arwin"}]
2017-10-21 05:02:05	[{"keyword":"@womanradio943fm","from":"2017-10-19","mode":"submitSocial","container":"all","username":"arwin"}]
2017-10-21 05:02:08	[{"keyword":"@vradiofm","from":"2017-10-19","mode":"submitSocial","container":"all","username":"arwin"}]
2017-10-21 05:02:10	[{"keyword":"@ufm947","from":"2017-10-19","mode":"submitSocial","container":"all","username":"arwin"}]
2017-10-21 05:02:13	[{"keyword":"@vivanews","from":"2017-10-19","mode":"submitSocial","container":"all","username":"arwin"}]
2017-10-21 05:02:16	[{"keyword":"@antaranews","from":"2017-10-19","mode":"submitSocial","container":"all","username":"arwin"}]
2017-10-21 05:02:19	[{"keyword":"@tribunnews","from":"2017-10-19","mode":"submitSocial","container":"all","username":"arwin"}]
2017-10-21 05:02:22	[{"keyword":"@okezonenews","from":"2017-10-19","mode":"submitSocial","container":"all","username":"arwin"}]
2017-10-21 05:02:25	[{"keyword":"@beritasatu","from":"2017-10-19","mode":"submitSocial","container":"all","username":"arwin"}]
2017-10-21 05:02:28	[{"keyword":"@rollingstoneina","from":"2017-10-19","mode":"submitSocial","container":"all","username":"arwin"}]
2017-10-21 05:02:30	[{"keyword":"@fimeladotcom","from":"2017-10-19","mode":"submitSocial","container":"all","username":"arwin"}]
2017-10-21 05:02:33	[{"keyword":"@kapanlagicom","from":"2017-10-19","mode":"submitSocial","container":"all","username":"arwin"}]
2017-10-21 05:02:35	[{"keyword":"@kompasent","from":"2017-10-19","mode":"submitSocial","container":"all","username":"arwin"}]
2017-10-21 05:02:38	[{"keyword":"@haimagazine","from":"2017-10-19","mode":"submitSocial","container":"all","username":"arwin"}]
2017-10-21 05:02:40	[{"keyword":"@jakartavenue","from":"2017-10-19","mode":"submitSocial","container":"all","username":"arwin"}]
2017-10-21 05:02:43	[{"keyword":"@seputarevent","from":"2017-10-19","mode":"submitSocial","container":"all","username":"arwin"}]
2017-10-21 05:02:46	[{"keyword":"@ismayalive","from":"2017-10-19","mode":"submitSocial","container":"all","username":"arwin"}]
2017-10-21 05:02:48	[{"keyword":"@ecentertainment","from":"2017-10-19","mode":"submitSocial","container":"all","username":"arwin"}]
2017-10-21 05:02:51	[{"keyword":"@synergism_en","from":"2017-10-19","mode":"submitSocial","container":"all","username":"arwin"}]
2017-10-21 05:02:53	[{"keyword":"@urbanbandung","from":"2017-10-19","mode":"submitSocial","container":"all","username":"arwin"}]
2017-10-21 05:02:55	[{"keyword":"@urbanrkm995","from":"2017-10-19","mode":"submitSocial","container":"all","username":"arwin"}]
2017-10-21 05:02:57	[{"keyword":"@garuda_promo","from":"2017-10-19","mode":"submitSocial","container":"all","username":"arwin"}]
2017-10-21 05:03:00	[{"keyword":"@airasiaid","from":"2017-10-19","mode":"submitSocial","container":"all","username":"arwin"}]
2017-10-21 05:03:03	[{"keyword":"@kai121","from":"2017-10-19","mode":"submitSocial","container":"all","username":"arwin"}]
2017-10-21 05:03:06	[{"keyword":"@unilever","from":"2017-10-19","mode":"submitSocial","container":"all","username":"arwin"}]
2017-10-21 05:03:09	[{"keyword":"@nestle","from":"2017-10-19","mode":"submitSocial","container":"all","username":"arwin"}]
2017-10-21 05:03:14	[{"keyword":"@cocacola","from":"2017-10-19","mode":"submitSocial","container":"all","username":"arwin"}]
2017-10-21 05:03:22	[{"keyword":"@cnn","from":"2017-10-19","mode":"submitSocial","container":"all","username":"arwin"}]
2017-10-21 05:03:27	[{"keyword":"@mtv","from":"2017-10-19","mode":"submitSocial","container":"all","username":"arwin"}]
2017-10-21 05:03:29	[{"keyword":"@channelv","from":"2017-10-19","mode":"submitSocial","container":"all","username":"arwin"}]
2017-10-21 05:03:32	[{"keyword":"@itunesmusic","from":"2017-10-19","mode":"submitSocial","container":"all","username":"arwin"}]
2017-10-21 05:03:36	[{"keyword":"@mashable","from":"2017-10-19","mode":"submitSocial","container":"all","username":"arwin"}]
2017-10-21 05:03:39	[{"keyword":"@decacaz","from":"2017-10-19","mode":"submitSocial","container":"all","username":"arwin"}]
2017-10-21 05:03:41	[{"keyword":"@radiobaru967fm","from":"2017-10-19","mode":"submitSocial","container":"all","username":"arwin"}]
2017-10-21 05:03:43	[{"keyword":"@967hitzfm","from":"2017-10-19","mode":"submitSocial","container":"all","username":"arwin"}]
2017-10-21 05:03:46	[{"keyword":"@tvguide","from":"2017-10-19","mode":"submitSocial","container":"all","username":"arwin"}]
2017-10-21 05:03:49	[{"keyword":"@xl123","from":"2017-10-19","mode":"submitSocial","container":"all","username":"arwin"}]
2017-10-21 05:03:52	[{"keyword":"@triindonesia","from":"2017-10-19","mode":"submitSocial","container":"all","username":"arwin"}]
2017-10-21 05:03:55	[{"keyword":"@kaskus","from":"2017-10-19","mode":"submitSocial","container":"all","username":"arwin"}]
2017-10-21 05:03:58	[{"keyword":"@studio_xxi","from":"2017-10-19","mode":"submitSocial","container":"all","username":"arwin"}]
2017-10-21 05:04:00	[{"keyword":"@blitzmegaplex","from":"2017-10-19","mode":"submitSocial","container":"all","username":"arwin"}]
2017-10-21 05:04:02	[{"keyword":"@alfamartku","from":"2017-10-19","mode":"submitSocial","container":"all","username":"arwin"}]
2017-10-21 05:04:05	[{"keyword":"@carrefour_id","from":"2017-10-19","mode":"submitSocial","container":"all","username":"arwin"}]
2017-10-21 05:04:09	[{"keyword":"@bbcbreaking","from":"2017-10-19","mode":"submitSocial","container":"all","username":"arwin"}]
2017-10-21 05:04:16	[{"keyword":"@forbes","from":"2017-10-19","mode":"submitSocial","container":"all","username":"arwin"}]
2017-10-21 05:04:19	[{"keyword":"@bensradio","from":"2017-10-19","mode":"submitSocial","container":"all","username":"arwin"}]
2017-10-21 05:04:25	[{"keyword":"@instagram","from":"2017-10-19","mode":"submitSocial","container":"all","username":"arwin"}]
2017-10-21 05:04:28	[{"keyword":"@pinterest","from":"2017-10-19","mode":"submitSocial","container":"all","username":"arwin"}]
2017-10-21 05:04:39	[{"keyword":"@google","from":"2017-10-19","mode":"submitSocial","container":"all","username":"arwin"}]
2017-10-21 05:04:41	[{"keyword":"@pertaminalub","from":"2017-10-19","mode":"submitSocial","container":"all","username":"arwin"}]
2017-10-21 05:04:43	[{"keyword":"@infolalintol","from":"2017-10-19","mode":"submitSocial","container":"all","username":"arwin"}]
2017-10-21 05:04:46	[{"keyword":"@ptjasamarga","from":"2017-10-19","mode":"submitSocial","container":"all","username":"arwin"}]
2017-10-21 05:04:49	[{"keyword":"@cititransindo","from":"2017-10-19","mode":"submitSocial","container":"all","username":"arwin"}]
2017-10-21 05:04:51	[{"keyword":"#semangatpagisuperr","from":"2017-10-19","mode":"submitSocial","container":"all","username":"arwin"}]
2017-10-21 05:04:53	[{"keyword":"#genkuisinsideout","from":"2017-10-19","mode":"submitSocial","container":"all","username":"arwin"}]
2017-10-21 05:04:55	[{"keyword":"#semangatpagi","from":"2017-10-19","mode":"submitSocial","container":"all","username":"arwin"}]
2017-10-21 05:04:58	[{"keyword":"#dikamar","from":"2017-10-19","mode":"submitSocial","container":"all","username":"arwin"}]
2017-10-21 05:05:01	[{"keyword":"#kopaja","from":"2017-10-19","mode":"submitSocial","container":"all","username":"arwin"}]
2017-10-21 05:05:04	[{"keyword":"#generaksi8","from":"2017-10-19","mode":"submitSocial","container":"all","username":"arwin"}]
2017-10-21 05:05:07	[{"keyword":"#hitztsp","from":"2017-10-19","mode":"submitSocial","container":"all","username":"arwin"}]
2017-10-21 05:05:11	[{"keyword":"#np","from":"2017-10-19","mode":"submitSocial","container":"all","username":"arwin"}]
2017-10-21 05:05:13	[{"keyword":"#hitzlivestage","from":"2017-10-19","mode":"submitSocial","container":"all","username":"arwin"}]
2017-10-21 05:05:16	[{"keyword":"#thefreaks","from":"2017-10-19","mode":"submitSocial","container":"all","username":"arwin"}]
2017-10-21 05:05:18	[{"keyword":"#hitzsirkuspagi","from":"2017-10-19","mode":"submitSocial","container":"all","username":"arwin"}]
2017-10-21 05:05:21	[{"keyword":"#hitzathlon","from":"2017-10-19","mode":"submitSocial","container":"all","username":"arwin"}]
2017-10-21 05:05:23	[{"keyword":"#hitzzombie","from":"2017-10-19","mode":"submitSocial","container":"all","username":"arwin"}]
2017-10-21 05:05:26	[{"keyword":"#hitzkalong","from":"2017-10-19","mode":"submitSocial","container":"all","username":"arwin"}]
2017-10-21 05:05:28	[{"keyword":"#hitzbebas","from":"2017-10-19","mode":"submitSocial","container":"all","username":"arwin"}]
2017-10-21 05:05:31	[{"keyword":"#hitzhorehara","from":"2017-10-19","mode":"submitSocial","container":"all","username":"arwin"}]
2017-10-21 05:05:34	[{"keyword":"@zaloraid","from":"2017-10-19","mode":"submitSocial","container":"all","username":"arwin"}]
2017-10-21 05:05:36	[{"keyword":"@olx_indonesia","from":"2017-10-19","mode":"submitSocial","container":"all","username":"arwin"}]
2017-10-21 05:05:39	[{"keyword":"@lazadaid","from":"2017-10-19","mode":"submitSocial","container":"all","username":"arwin"}]
2017-10-21 05:05:42	[{"keyword":"@utrippers","from":"2017-10-19","mode":"submitSocial","container":"all","username":"arwin"}]
2017-10-21 05:05:44	[{"keyword":"@gogobot","from":"2017-10-19","mode":"submitSocial","container":"all","username":"arwin"}]
2017-10-21 05:05:47	[{"keyword":"@viatortravel","from":"2017-10-19","mode":"submitSocial","container":"all","username":"arwin"}]
2017-10-21 05:05:50	[{"keyword":"@alandakariza","from":"2017-10-19","mode":"submitSocial","container":"all","username":"arwin"}]
2017-10-21 05:05:52	[{"keyword":"@gagasmedia","from":"2017-10-19","mode":"submitSocial","container":"all","username":"arwin"}]
2017-10-21 05:05:55	[{"keyword":"@welovehonda","from":"2017-10-19","mode":"submitSocial","container":"all","username":"arwin"}]
2017-10-21 05:05:57	[{"keyword":"@suzukimotorid","from":"2017-10-19","mode":"submitSocial","container":"all","username":"arwin"}]
2017-10-21 05:06:00	[{"keyword":"@kawasakilovers","from":"2017-10-19","mode":"submitSocial","container":"all","username":"arwin"}]
2017-10-21 05:06:03	[{"keyword":"@yamahaindonesia","from":"2017-10-19","mode":"submitSocial","container":"all","username":"arwin"}]
2017-10-21 05:06:05	[{"keyword":"@tripanzee","from":"2017-10-19","mode":"submitSocial","container":"all","username":"arwin"}]
2017-10-21 05:06:08	[{"keyword":"@arnoldpoernomo","from":"2017-10-19","mode":"submitSocial","container":"all","username":"arwin"}]
2017-10-21 05:06:11	[{"keyword":"@nicsap","from":"2017-10-19","mode":"submitSocial","container":"all","username":"arwin"}]
2017-10-21 05:06:13	[{"keyword":"@tiket2","from":"2017-10-19","mode":"submitSocial","container":"all","username":"arwin"}]
2017-10-21 05:06:16	[{"keyword":"@traveloka","from":"2017-10-19","mode":"submitSocial","container":"all","username":"arwin"}]
2017-10-21 05:06:19	[{"keyword":"@wego","from":"2017-10-19","mode":"submitSocial","container":"all","username":"arwin"}]
2017-10-21 05:06:23	[{"keyword":"@agoda","from":"2017-10-19","mode":"submitSocial","container":"all","username":"arwin"}]
2017-10-21 05:06:25	[{"keyword":"#salahsambung","from":"2017-10-19","mode":"submitSocial","container":"all","username":"arwin"}]
2017-10-21 05:06:28	[{"keyword":"#tulalit","from":"2017-10-19","mode":"submitSocial","container":"all","username":"arwin"}]
2017-10-21 05:06:30	[{"keyword":"#pestageneraksi8","from":"2017-10-19","mode":"submitSocial","container":"all","username":"arwin"}]
2017-10-21 05:06:32	[{"keyword":"#ganaskustik","from":"2017-10-19","mode":"submitSocial","container":"all","username":"arwin"}]
2017-10-21 05:06:34	[{"keyword":"#lnhot20","from":"2017-10-19","mode":"submitSocial","container":"all","username":"arwin"}]
2017-10-21 05:06:37	[{"keyword":"@tripadvisor","from":"2017-10-19","mode":"submitSocial","container":"all","username":"arwin"}]
2017-10-21 05:06:47	[{"keyword":"@google","from":"2017-10-19","mode":"submitSocial","container":"all","username":"arwin"}]
2017-10-21 05:06:51	[{"keyword":"@telkomsel","from":"2017-10-19","mode":"submitSocial","container":"all","username":"arwin"}]
2017-10-21 05:06:54	[{"keyword":"@indosat","from":"2017-10-19","mode":"submitSocial","container":"all","username":"arwin"}]
2017-10-21 05:06:57	[{"keyword":"@bahanafmjkt","from":"2017-10-19","mode":"submitSocial","container":"all","username":""}]
2017-10-21 05:07:02	[{"keyword":"@sonorafm92","from":"2017-10-19","mode":"submitSocial","container":"all","username":"arwin"}]
2017-10-21 05:07:04	[{"keyword":"@litefm1058","from":"2017-10-19","mode":"submitSocial","container":"all","username":"arwin"}]
2017-10-21 05:07:07	[{"keyword":"@bravaradio","from":"2017-10-19","mode":"submitSocial","container":"all","username":"arwin"}]
2017-10-21 05:07:10	[{"keyword":"#dgitm","from":"2017-10-19","mode":"submitSocial","container":"all","username":"arwin"}]
2017-10-21 05:07:13	[{"keyword":"#hitsalaprambors","from":"2017-10-19","mode":"submitSocial","container":"all","username":"arwin"}]
2017-10-21 05:07:15	[{"keyword":"#reqprambors","from":"2017-10-19","mode":"submitSocial","container":"all","username":"arwin"}]
2017-10-21 05:07:18	[{"keyword":"#thedandees","from":"2017-10-19","mode":"submitSocial","container":"all","username":"arwin"}]
2017-10-21 05:07:20	[{"keyword":"#pramborsquiz","from":"2017-10-19","mode":"submitSocial","container":"all","username":"arwin"}]
2017-10-21 05:07:23	[{"keyword":"#jeliprambors","from":"2017-10-19","mode":"submitSocial","container":"all","username":"arwin"}]
2017-10-21 05:07:25	[{"keyword":"#jodohinprambors","from":"2017-10-19","mode":"submitSocial","container":"all","username":"arwin"}]
2017-10-21 05:07:27	[{"keyword":"#ubahdenganbicara","from":"2017-10-19","mode":"submitSocial","container":"all","username":"arwin"}]
2017-10-21 05:07:30	[{"keyword":"#pramborschat","from":"2017-10-19","mode":"submitSocial","container":"all","username":"arwin"}]
2017-10-21 05:07:32	[{"keyword":"#tweetforduit","from":"2017-10-19","mode":"submitSocial","container":"all","username":"arwin"}]
2017-10-21 05:07:35	[{"keyword":"#joki3in1","from":"2017-10-19","mode":"submitSocial","container":"all","username":"arwin"}]
2017-10-21 05:07:37	[{"keyword":"#sarapanseru","from":"2017-10-19","mode":"submitSocial","container":"all","username":"arwin"}]
2017-10-21 05:07:39	[{"keyword":"#rawonkaneloop","from":"2017-10-19","mode":"submitSocial","container":"all","username":"arwin"}]
2017-10-21 05:07:42	[{"keyword":"#gudegkendilkeraton","from":"2017-10-19","mode":"submitSocial","container":"all","username":"arwin"}]
2017-10-21 05:07:44	[{"keyword":"#gadogadobutika","from":"2017-10-19","mode":"submitSocial","container":"all","username":"arwin"}]
2017-10-21 05:07:47	[{"keyword":"#mtvhottest","from":"2017-10-19","mode":"submitSocial","container":"all","username":"arwin"}]
2017-10-21 05:07:49	[{"keyword":"#dimsumcjdw","from":"2017-10-19","mode":"submitSocial","container":"all","username":"arwin"}]
2017-10-21 05:07:52	[{"keyword":"#pecelmadiunmbakniek","from":"2017-10-19","mode":"submitSocial","container":"all","username":"arwin"}]
2017-10-21 05:07:54	[{"keyword":"#depotarema","from":"2017-10-19","mode":"submitSocial","container":"all","username":"arwin"}]
2017-10-21 05:07:57	[{"keyword":"@bni46","from":"2017-10-19","mode":"submitSocial","container":"all","username":"arwin"}]
2017-10-21 05:07:59	[{"keyword":"@bankbri_id","from":"2017-10-19","mode":"submitSocial","container":"all","username":"arwin"}]
2017-10-21 05:08:02	[{"keyword":"#bni46","from":"2017-10-19","mode":"submitSocial","container":"all","username":"arwin"}]
2017-10-21 05:08:10	[{"keyword":"macet","from":"2017-10-19","mode":"submitSocial","container":"all","username":"arwin"}]
2017-10-21 05:08:12	[{"keyword":"#selamatpagi","from":"2017-10-19","mode":"submitSocial","container":"all","username":"arwin"}]
2017-10-21 05:08:15	[{"keyword":"#selamatmalam","from":"2017-10-19","mode":"submitSocial","container":"all","username":"arwin"}]
2017-10-21 05:08:17	[{"keyword":"@884globalradio","from":"2017-10-19","mode":"submitSocial","container":"all","username":"arwin"}]
2017-10-21 05:08:20	[{"keyword":"@day_trans","from":"2017-10-19","mode":"submitSocial","container":"all","username":"arwin"}]
2017-10-21 05:08:22	[{"keyword":"@kencanavoyage","from":"2017-10-19","mode":"submitSocial","container":"all","username":"arwin"}]
2017-10-21 05:08:25	[{"keyword":"@jukebox5d","from":"2017-10-19","mode":"submitSocial","container":"all","username":"arwin"}]
2017-10-21 05:08:28	[{"keyword":"#mtvhottest","from":"2017-10-19","mode":"submitSocial","container":"all","username":"arwin"}]
2017-10-21 05:08:30	[{"keyword":"#semangatpagi","from":"2017-10-19","mode":"submitSocial","container":"all","username":"arwin"}]
2017-10-21 05:08:33	[{"keyword":"lifebuoy","from":"2017-10-19","mode":"submitSocial","container":"all","username":"arwin"}]
2017-10-21 05:08:39	[{"keyword":"jokowi","from":"2017-10-19","mode":"submitSocial","container":"all","username":"arwin"}]
2017-10-21 05:08:48	[{"keyword":"obama","from":"2017-10-19","mode":"submitSocial","container":"all","username":"arwin"}]
2017-10-21 05:08:51	[{"keyword":"starwars","from":"2017-10-19","mode":"submitSocial","container":"all","username":"arwin"}]
2017-10-21 05:08:56	[{"keyword":"jonan","from":"2017-10-19","mode":"submitSocial","container":"all","username":"arwin"}]
2017-10-21 05:09:06	[{"keyword":"pagi","from":"2017-10-19","mode":"submitSocial","container":"all","username":"arwin"}]
2017-10-21 05:09:09	[{"keyword":"sampoerna","from":"2017-10-19","mode":"submitSocial","container":"all","username":"arwin"}]
2017-10-21 05:09:12	[{"keyword":"djarum","from":"2017-10-19","mode":"submitSocial","container":"all","username":"arwin"}]
2017-10-21 05:09:14	[{"keyword":"#semangatpagi","from":"2017-10-19","mode":"submitSocial","container":"all","username":"arwin"}]
2017-10-21 05:09:16	[{"keyword":"#generaksi8","from":"2017-10-19","mode":"submitSocial","container":"all","username":"arwin"}]
2017-10-21 05:09:19	[{"keyword":"#365alasan","from":"2017-10-19","mode":"submitSocial","container":"all","username":"arwin"}]
2017-10-21 05:09:22	[{"keyword":"weew","from":"2017-10-19","mode":"submitSocial","container":"all","username":"arwin"}]
2017-10-21 05:09:31	[{"keyword":"testing","from":"2017-10-19","mode":"submitSocial","container":"all","username":"arwin"}]
2017-10-21 05:09:34	[{"keyword":"#kopaja","from":"2017-10-19","mode":"submitSocial","container":"all","username":"arwin"}]
2017-10-21 05:09:36	[{"keyword":"#genkuisinsideout","from":"2017-10-19","mode":"submitSocial","container":"all","username":"arwin"}]
2017-10-21 05:09:39	[{"keyword":"starwars","from":"2017-10-19","mode":"submitSocial","container":"all","username":"arwin"}]
2017-10-21 05:09:42	[{"keyword":"#kopaja","from":"2017-10-19","mode":"submitSocial","container":"all","username":"arwin"}]
2017-10-21 05:09:45	[{"keyword":"mldspot","from":"2017-10-19","mode":"submitSocial","container":"all","username":"arwin"}]
2017-10-21 05:09:47	[{"keyword":"pbdjarum","from":"2017-10-19","mode":"submitSocial","container":"all","username":"arwin"}]
2017-10-21 05:09:50	[{"keyword":"temannabati","from":"2017-10-19","mode":"submitSocial","container":"all","username":"arwin"}]
2017-10-21 05:09:53	[{"keyword":"nextar","from":"2017-10-19","mode":"submitSocial","container":"all","username":"arwin"}]
2017-10-21 05:09:57	[{"keyword":"jokowo","from":"2017-10-19","mode":"submitSocial","container":"all","username":"arwin"}]
2017-10-21 05:10:01	[{"keyword":"prabowo","from":"2017-10-19","mode":"submitSocial","container":"all","username":"arwin"}]
2017-10-21 05:10:05	[{"keyword":"sudirman said","from":"2017-10-19","mode":"submitSocial","container":"all","username":"arwin"}]
2017-10-21 05:10:14	[{"keyword":"ahok","from":"2017-10-19","mode":"submitSocial","container":"all","username":"arwin"}]
2017-10-21 05:10:17	[{"keyword":"setyanovanto","from":"2017-10-19","mode":"submitSocial","container":"all","username":"arwin"}]
2017-10-21 05:10:23	[{"keyword":"jokowi","from":"2017-10-19","mode":"submitSocial","container":"all","username":"arwin"}]
2017-10-21 05:10:32	[{"keyword":"ahok","from":"2017-10-19","mode":"submitSocial","container":"all","username":"arwin"}]
2017-10-21 05:10:37	[{"keyword":"prabowo","from":"2017-10-19","mode":"submitSocial","container":"all","username":"arwin"}]
2017-10-21 05:10:39	[{"keyword":"sudirman said","from":"2017-10-19","mode":"submitSocial","container":"all","username":"arwin"}]
2017-10-21 05:10:42	[{"keyword":"setyanovanto","from":"2017-10-19","mode":"submitSocial","container":"all","username":"arwin"}]
2017-10-21 05:10:47	[{"keyword":"galau","from":"2017-10-19","mode":"submitSocial","container":"all","username":"arwin"}]
2017-10-21 05:10:49	[{"keyword":"#prestasiindonesia","from":"2017-10-19","mode":"submitSocial","container":"all","username":"arwin"}]
2017-10-21 05:10:52	[{"keyword":"@tw_debi","from":"2017-10-19","mode":"submitSocial","container":"all","username":"arwin"}]
2017-10-21 05:10:55	[{"keyword":"@officialfastron","from":"2017-10-19","mode":"submitSocial","container":"all","username":"arwin"}]
2017-10-21 05:10:57	[{"keyword":"@citibankid","from":"2017-10-19","mode":"submitSocial","container":"all","username":"arwin"}]
2017-10-21 05:11:00	[{"keyword":"@jak101fm","from":"2017-10-19","mode":"submitSocial","container":"all","username":"arwin"}]
2017-10-21 05:11:03	[{"keyword":"@genfm","from":"2017-10-19","mode":"submitSocial","container":"all","username":"arwin"}]
