2017-12-12 05:00:06	[{"keyword":"@987genfm","from":"2017-12-10","mode":"submitSocial","container":"all","username":"arwin"}]
2017-12-12 05:00:08	[{"keyword":"@101jakfm","from":"2017-12-10","mode":"submitSocial","container":"all","username":"arwin"}]
2017-12-12 05:00:11	[{"keyword":"@prambors","from":"2017-12-10","mode":"submitSocial","container":"all","username":"arwin"}]
2017-12-12 05:00:14	[{"keyword":"@hardrockfm","from":"2017-12-10","mode":"submitSocial","container":"all","username":"arwin"}]
2017-12-12 05:00:16	[{"keyword":"@kisfmjakarta","from":"2017-12-10","mode":"submitSocial","container":"all","username":"arwin"}]
2017-12-12 05:00:18	[{"keyword":"@delta_fm","from":"2017-12-10","mode":"submitSocial","container":"all","username":"arwin"}]
2017-12-12 05:00:20	[{"keyword":"@traxfmjkt","from":"2017-12-10","mode":"submitSocial","container":"all","username":"arwin"}]
2017-12-12 05:00:23	[{"keyword":"@iradiojakarta","from":"2017-12-10","mode":"submitSocial","container":"all","username":"arwin"}]
2017-12-12 05:00:25	[{"keyword":"@indika9160fm","from":"2017-12-10","mode":"submitSocial","container":"all","username":"arwin"}]
2017-12-12 05:00:27	[{"keyword":"@shellindonesia","from":"2017-12-10","mode":"submitSocial","container":"all","username":"arwin"}]
2017-12-12 05:00:29	[{"keyword":"@vpowerfans","from":"2017-12-10","mode":"submitSocial","container":"all","username":"arwin"}]
2017-12-12 05:00:31	[{"keyword":"@pertamaxind","from":"2017-12-10","mode":"submitSocial","container":"all","username":"arwin"}]
2017-12-12 05:00:34	[{"keyword":"@ptpertamina","from":"2017-12-10","mode":"submitSocial","container":"all","username":"arwin"}]
2017-12-12 05:00:36	[{"keyword":"@ozradiojakarta","from":"2017-12-10","mode":"submitSocial","container":"all","username":"arwin"}]
2017-12-12 05:00:38	[{"keyword":"@cosmopolitanfm","from":"2017-12-10","mode":"submitSocial","container":"all","username":"arwin"}]
2017-12-12 05:00:40	[{"keyword":"@mustang88fm","from":"2017-12-10","mode":"submitSocial","container":"all","username":"arwin"}]
2017-12-12 05:00:42	[{"keyword":"@debabaz","from":"2017-12-10","mode":"submitSocial","container":"all","username":"arwin"}]
2017-12-12 05:00:46	[{"keyword":"@detikcom","from":"2017-12-10","mode":"submitSocial","container":"all","username":"arwin"}]
2017-12-12 05:00:48	[{"keyword":"@radioelshinta","from":"2017-12-10","mode":"submitSocial","container":"all","username":"arwin"}]
2017-12-12 05:00:50	[{"keyword":"@cinema21","from":"2017-12-10","mode":"submitSocial","container":"all","username":"arwin"}]
2017-12-12 05:00:53	[{"keyword":"@officialrcti","from":"2017-12-10","mode":"submitSocial","container":"all","username":"arwin"}]
2017-12-12 05:00:55	[{"keyword":"@transtv_corp","from":"2017-12-10","mode":"submitSocial","container":"all","username":"arwin"}]
2017-12-12 05:00:57	[{"keyword":"@trans7","from":"2017-12-10","mode":"submitSocial","container":"all","username":"arwin"}]
2017-12-12 05:00:59	[{"keyword":"@metro_tv","from":"2017-12-10","mode":"submitSocial","container":"all","username":"arwin"}]
2017-12-12 05:01:02	[{"keyword":"@tvonenews","from":"2017-12-10","mode":"submitSocial","container":"all","username":"arwin"}]
2017-12-12 05:01:04	[{"keyword":"@whatsonantv","from":"2017-12-10","mode":"submitSocial","container":"all","username":"arwin"}]
2017-12-12 05:01:07	[{"keyword":"@sctv_","from":"2017-12-10","mode":"submitSocial","container":"all","username":"arwin"}]
2017-12-12 05:01:09	[{"keyword":"@kompastv","from":"2017-12-10","mode":"submitSocial","container":"all","username":"arwin"}]
2017-12-12 05:01:11	[{"keyword":"@netmediatama","from":"2017-12-10","mode":"submitSocial","container":"all","username":"arwin"}]
2017-12-12 05:01:13	[{"keyword":"@globaltvseru","from":"2017-12-10","mode":"submitSocial","container":"all","username":"arwin"}]
2017-12-12 05:01:16	[{"keyword":"@jaktvcom","from":"2017-12-10","mode":"submitSocial","container":"all","username":"arwin"}]
2017-12-12 05:01:18	[{"keyword":"@tvrinasional","from":"2017-12-10","mode":"submitSocial","container":"all","username":"arwin"}]
2017-12-12 05:01:20	[{"keyword":"@ochannelupdates","from":"2017-12-10","mode":"submitSocial","container":"all","username":"arwin"}]
2017-12-12 05:01:22	[{"keyword":"@indosiarid","from":"2017-12-10","mode":"submitSocial","container":"all","username":"arwin"}]
2017-12-12 05:01:27	[{"keyword":"@kompascom","from":"2017-12-10","mode":"submitSocial","container":"all","username":"arwin"}]
2017-12-12 05:01:29	[{"keyword":"@merdekadotcom","from":"2017-12-10","mode":"submitSocial","container":"all","username":"arwin"}]
2017-12-12 05:01:31	[{"keyword":"@midotcom","from":"2017-12-10","mode":"submitSocial","container":"all","username":"arwin"}]
2017-12-12 05:01:34	[{"keyword":"@tempodotco","from":"2017-12-10","mode":"submitSocial","container":"all","username":"arwin"}]
2017-12-12 05:01:36	[{"keyword":"@motion975fm","from":"2017-12-10","mode":"submitSocial","container":"all","username":"arwin"}]
2017-12-12 05:01:38	[{"keyword":"@_radiotoday","from":"2017-12-10","mode":"submitSocial","container":"all","username":"arwin"}]
2017-12-12 05:01:40	[{"keyword":"@radioinfo","from":"2017-12-10","mode":"submitSocial","container":"all","username":"arwin"}]
2017-12-12 05:01:42	[{"keyword":"@979femaleradio","from":"2017-12-10","mode":"submitSocial","container":"all","username":"arwin"}]
2017-12-12 05:01:44	[{"keyword":"@womanradio943fm","from":"2017-12-10","mode":"submitSocial","container":"all","username":"arwin"}]
2017-12-12 05:01:46	[{"keyword":"@vradiofm","from":"2017-12-10","mode":"submitSocial","container":"all","username":"arwin"}]
2017-12-12 05:01:48	[{"keyword":"@ufm947","from":"2017-12-10","mode":"submitSocial","container":"all","username":"arwin"}]
2017-12-12 05:01:50	[{"keyword":"@vivanews","from":"2017-12-10","mode":"submitSocial","container":"all","username":"arwin"}]
2017-12-12 05:01:52	[{"keyword":"@antaranews","from":"2017-12-10","mode":"submitSocial","container":"all","username":"arwin"}]
2017-12-12 05:01:55	[{"keyword":"@tribunnews","from":"2017-12-10","mode":"submitSocial","container":"all","username":"arwin"}]
2017-12-12 05:01:57	[{"keyword":"@okezonenews","from":"2017-12-10","mode":"submitSocial","container":"all","username":"arwin"}]
2017-12-12 05:01:59	[{"keyword":"@beritasatu","from":"2017-12-10","mode":"submitSocial","container":"all","username":"arwin"}]
2017-12-12 05:02:01	[{"keyword":"@rollingstoneina","from":"2017-12-10","mode":"submitSocial","container":"all","username":"arwin"}]
2017-12-12 05:02:03	[{"keyword":"@fimeladotcom","from":"2017-12-10","mode":"submitSocial","container":"all","username":"arwin"}]
2017-12-12 05:02:05	[{"keyword":"@kapanlagicom","from":"2017-12-10","mode":"submitSocial","container":"all","username":"arwin"}]
2017-12-12 05:02:08	[{"keyword":"@kompasent","from":"2017-12-10","mode":"submitSocial","container":"all","username":"arwin"}]
2017-12-12 05:02:10	[{"keyword":"@haimagazine","from":"2017-12-10","mode":"submitSocial","container":"all","username":"arwin"}]
2017-12-12 05:02:12	[{"keyword":"@jakartavenue","from":"2017-12-10","mode":"submitSocial","container":"all","username":"arwin"}]
2017-12-12 05:02:14	[{"keyword":"@seputarevent","from":"2017-12-10","mode":"submitSocial","container":"all","username":"arwin"}]
2017-12-12 05:02:16	[{"keyword":"@ismayalive","from":"2017-12-10","mode":"submitSocial","container":"all","username":"arwin"}]
2017-12-12 05:02:18	[{"keyword":"@ecentertainment","from":"2017-12-10","mode":"submitSocial","container":"all","username":"arwin"}]
2017-12-12 05:02:21	[{"keyword":"@synergism_en","from":"2017-12-10","mode":"submitSocial","container":"all","username":"arwin"}]
2017-12-12 05:02:23	[{"keyword":"@urbanbandung","from":"2017-12-10","mode":"submitSocial","container":"all","username":"arwin"}]
2017-12-12 05:02:24	[{"keyword":"@urbanrkm995","from":"2017-12-10","mode":"submitSocial","container":"all","username":"arwin"}]
2017-12-12 05:02:27	[{"keyword":"@garuda_promo","from":"2017-12-10","mode":"submitSocial","container":"all","username":"arwin"}]
2017-12-12 05:02:29	[{"keyword":"@airasiaid","from":"2017-12-10","mode":"submitSocial","container":"all","username":"arwin"}]
2017-12-12 05:02:31	[{"keyword":"@kai121","from":"2017-12-10","mode":"submitSocial","container":"all","username":"arwin"}]
2017-12-12 05:02:33	[{"keyword":"@unilever","from":"2017-12-10","mode":"submitSocial","container":"all","username":"arwin"}]
2017-12-12 05:02:36	[{"keyword":"@nestle","from":"2017-12-10","mode":"submitSocial","container":"all","username":"arwin"}]
2017-12-12 05:02:40	[{"keyword":"@cocacola","from":"2017-12-10","mode":"submitSocial","container":"all","username":"arwin"}]
2017-12-12 05:02:48	[{"keyword":"@cnn","from":"2017-12-10","mode":"submitSocial","container":"all","username":"arwin"}]
2017-12-12 05:02:51	[{"keyword":"@mtv","from":"2017-12-10","mode":"submitSocial","container":"all","username":"arwin"}]
2017-12-12 05:02:53	[{"keyword":"@channelv","from":"2017-12-10","mode":"submitSocial","container":"all","username":"arwin"}]
2017-12-12 05:02:55	[{"keyword":"@itunesmusic","from":"2017-12-10","mode":"submitSocial","container":"all","username":"arwin"}]
2017-12-12 05:02:58	[{"keyword":"@mashable","from":"2017-12-10","mode":"submitSocial","container":"all","username":"arwin"}]
2017-12-12 05:03:01	[{"keyword":"@decacaz","from":"2017-12-10","mode":"submitSocial","container":"all","username":"arwin"}]
2017-12-12 05:03:03	[{"keyword":"@radiobaru967fm","from":"2017-12-10","mode":"submitSocial","container":"all","username":"arwin"}]
2017-12-12 05:03:05	[{"keyword":"@967hitzfm","from":"2017-12-10","mode":"submitSocial","container":"all","username":"arwin"}]
2017-12-12 05:03:07	[{"keyword":"@tvguide","from":"2017-12-10","mode":"submitSocial","container":"all","username":"arwin"}]
2017-12-12 05:03:10	[{"keyword":"@xl123","from":"2017-12-10","mode":"submitSocial","container":"all","username":"arwin"}]
2017-12-12 05:03:12	[{"keyword":"@triindonesia","from":"2017-12-10","mode":"submitSocial","container":"all","username":"arwin"}]
2017-12-12 05:03:15	[{"keyword":"@kaskus","from":"2017-12-10","mode":"submitSocial","container":"all","username":"arwin"}]
2017-12-12 05:03:17	[{"keyword":"@studio_xxi","from":"2017-12-10","mode":"submitSocial","container":"all","username":"arwin"}]
2017-12-12 05:03:19	[{"keyword":"@blitzmegaplex","from":"2017-12-10","mode":"submitSocial","container":"all","username":"arwin"}]
2017-12-12 05:03:21	[{"keyword":"@alfamartku","from":"2017-12-10","mode":"submitSocial","container":"all","username":"arwin"}]
2017-12-12 05:03:23	[{"keyword":"@carrefour_id","from":"2017-12-10","mode":"submitSocial","container":"all","username":"arwin"}]
2017-12-12 05:03:27	[{"keyword":"@bbcbreaking","from":"2017-12-10","mode":"submitSocial","container":"all","username":"arwin"}]
2017-12-12 05:03:32	[{"keyword":"@forbes","from":"2017-12-10","mode":"submitSocial","container":"all","username":"arwin"}]
2017-12-12 05:03:34	[{"keyword":"@bensradio","from":"2017-12-10","mode":"submitSocial","container":"all","username":"arwin"}]
2017-12-12 05:03:40	[{"keyword":"@instagram","from":"2017-12-10","mode":"submitSocial","container":"all","username":"arwin"}]
2017-12-12 05:03:43	[{"keyword":"@pinterest","from":"2017-12-10","mode":"submitSocial","container":"all","username":"arwin"}]
2017-12-12 05:03:51	[{"keyword":"@google","from":"2017-12-10","mode":"submitSocial","container":"all","username":"arwin"}]
2017-12-12 05:03:53	[{"keyword":"@pertaminalub","from":"2017-12-10","mode":"submitSocial","container":"all","username":"arwin"}]
2017-12-12 05:03:55	[{"keyword":"@infolalintol","from":"2017-12-10","mode":"submitSocial","container":"all","username":"arwin"}]
2017-12-12 05:03:58	[{"keyword":"@ptjasamarga","from":"2017-12-10","mode":"submitSocial","container":"all","username":"arwin"}]
2017-12-12 05:04:00	[{"keyword":"@cititransindo","from":"2017-12-10","mode":"submitSocial","container":"all","username":"arwin"}]
2017-12-12 05:04:02	[{"keyword":"#semangatpagisuperr","from":"2017-12-10","mode":"submitSocial","container":"all","username":"arwin"}]
2017-12-12 05:04:04	[{"keyword":"#genkuisinsideout","from":"2017-12-10","mode":"submitSocial","container":"all","username":"arwin"}]
2017-12-12 05:04:06	[{"keyword":"#semangatpagi","from":"2017-12-10","mode":"submitSocial","container":"all","username":"arwin"}]
2017-12-12 05:04:08	[{"keyword":"#dikamar","from":"2017-12-10","mode":"submitSocial","container":"all","username":"arwin"}]
2017-12-12 05:04:10	[{"keyword":"#kopaja","from":"2017-12-10","mode":"submitSocial","container":"all","username":"arwin"}]
2017-12-12 05:04:12	[{"keyword":"#generaksi8","from":"2017-12-10","mode":"submitSocial","container":"all","username":"arwin"}]
2017-12-12 05:04:14	[{"keyword":"#hitztsp","from":"2017-12-10","mode":"submitSocial","container":"all","username":"arwin"}]
2017-12-12 05:04:17	[{"keyword":"#np","from":"2017-12-10","mode":"submitSocial","container":"all","username":"arwin"}]
2017-12-12 05:04:19	[{"keyword":"#hitzlivestage","from":"2017-12-10","mode":"submitSocial","container":"all","username":"arwin"}]
2017-12-12 05:04:21	[{"keyword":"#thefreaks","from":"2017-12-10","mode":"submitSocial","container":"all","username":"arwin"}]
2017-12-12 05:04:23	[{"keyword":"#hitzsirkuspagi","from":"2017-12-10","mode":"submitSocial","container":"all","username":"arwin"}]
2017-12-12 05:04:25	[{"keyword":"#hitzathlon","from":"2017-12-10","mode":"submitSocial","container":"all","username":"arwin"}]
2017-12-12 05:04:27	[{"keyword":"#hitzzombie","from":"2017-12-10","mode":"submitSocial","container":"all","username":"arwin"}]
2017-12-12 05:04:29	[{"keyword":"#hitzkalong","from":"2017-12-10","mode":"submitSocial","container":"all","username":"arwin"}]
2017-12-12 05:04:32	[{"keyword":"#hitzbebas","from":"2017-12-10","mode":"submitSocial","container":"all","username":"arwin"}]
2017-12-12 05:04:34	[{"keyword":"#hitzhorehara","from":"2017-12-10","mode":"submitSocial","container":"all","username":"arwin"}]
2017-12-12 05:04:36	[{"keyword":"@zaloraid","from":"2017-12-10","mode":"submitSocial","container":"all","username":"arwin"}]
2017-12-12 05:04:38	[{"keyword":"@olx_indonesia","from":"2017-12-10","mode":"submitSocial","container":"all","username":"arwin"}]
2017-12-12 05:04:41	[{"keyword":"@lazadaid","from":"2017-12-10","mode":"submitSocial","container":"all","username":"arwin"}]
2017-12-12 05:04:43	[{"keyword":"@utrippers","from":"2017-12-10","mode":"submitSocial","container":"all","username":"arwin"}]
2017-12-12 05:04:45	[{"keyword":"@gogobot","from":"2017-12-10","mode":"submitSocial","container":"all","username":"arwin"}]
2017-12-12 05:04:47	[{"keyword":"@viatortravel","from":"2017-12-10","mode":"submitSocial","container":"all","username":"arwin"}]
2017-12-12 05:04:49	[{"keyword":"@alandakariza","from":"2017-12-10","mode":"submitSocial","container":"all","username":"arwin"}]
2017-12-12 05:04:51	[{"keyword":"@gagasmedia","from":"2017-12-10","mode":"submitSocial","container":"all","username":"arwin"}]
2017-12-12 05:04:54	[{"keyword":"@welovehonda","from":"2017-12-10","mode":"submitSocial","container":"all","username":"arwin"}]
2017-12-12 05:04:56	[{"keyword":"@suzukimotorid","from":"2017-12-10","mode":"submitSocial","container":"all","username":"arwin"}]
2017-12-12 05:04:58	[{"keyword":"@kawasakilovers","from":"2017-12-10","mode":"submitSocial","container":"all","username":"arwin"}]
2017-12-12 05:05:00	[{"keyword":"@yamahaindonesia","from":"2017-12-10","mode":"submitSocial","container":"all","username":"arwin"}]
2017-12-12 05:05:03	[{"keyword":"@tripanzee","from":"2017-12-10","mode":"submitSocial","container":"all","username":"arwin"}]
2017-12-12 05:05:05	[{"keyword":"@arnoldpoernomo","from":"2017-12-10","mode":"submitSocial","container":"all","username":"arwin"}]
2017-12-12 05:05:07	[{"keyword":"@nicsap","from":"2017-12-10","mode":"submitSocial","container":"all","username":"arwin"}]
2017-12-12 05:05:09	[{"keyword":"@tiket2","from":"2017-12-10","mode":"submitSocial","container":"all","username":"arwin"}]
2017-12-12 05:05:12	[{"keyword":"@traveloka","from":"2017-12-10","mode":"submitSocial","container":"all","username":"arwin"}]
2017-12-12 05:05:15	[{"keyword":"@wego","from":"2017-12-10","mode":"submitSocial","container":"all","username":"arwin"}]
2017-12-12 05:05:17	[{"keyword":"@agoda","from":"2017-12-10","mode":"submitSocial","container":"all","username":"arwin"}]
2017-12-12 05:05:19	[{"keyword":"#salahsambung","from":"2017-12-10","mode":"submitSocial","container":"all","username":"arwin"}]
2017-12-12 05:05:22	[{"keyword":"#tulalit","from":"2017-12-10","mode":"submitSocial","container":"all","username":"arwin"}]
2017-12-12 05:05:23	[{"keyword":"#pestageneraksi8","from":"2017-12-10","mode":"submitSocial","container":"all","username":"arwin"}]
2017-12-12 05:05:25	[{"keyword":"#ganaskustik","from":"2017-12-10","mode":"submitSocial","container":"all","username":"arwin"}]
2017-12-12 05:05:27	[{"keyword":"#lnhot20","from":"2017-12-10","mode":"submitSocial","container":"all","username":"arwin"}]
2017-12-12 05:05:30	[{"keyword":"@tripadvisor","from":"2017-12-10","mode":"submitSocial","container":"all","username":"arwin"}]
2017-12-12 05:05:38	[{"keyword":"@google","from":"2017-12-10","mode":"submitSocial","container":"all","username":"arwin"}]
2017-12-12 05:05:41	[{"keyword":"@telkomsel","from":"2017-12-10","mode":"submitSocial","container":"all","username":"arwin"}]
2017-12-12 05:05:43	[{"keyword":"@indosat","from":"2017-12-10","mode":"submitSocial","container":"all","username":"arwin"}]
2017-12-12 05:05:46	[{"keyword":"@bahanafmjkt","from":"2017-12-10","mode":"submitSocial","container":"all","username":""}]
2017-12-12 05:05:50	[{"keyword":"@sonorafm92","from":"2017-12-10","mode":"submitSocial","container":"all","username":"arwin"}]
2017-12-12 05:05:52	[{"keyword":"@litefm1058","from":"2017-12-10","mode":"submitSocial","container":"all","username":"arwin"}]
2017-12-12 05:05:54	[{"keyword":"@bravaradio","from":"2017-12-10","mode":"submitSocial","container":"all","username":"arwin"}]
2017-12-12 05:05:57	[{"keyword":"#dgitm","from":"2017-12-10","mode":"submitSocial","container":"all","username":"arwin"}]
2017-12-12 05:05:59	[{"keyword":"#hitsalaprambors","from":"2017-12-10","mode":"submitSocial","container":"all","username":"arwin"}]
2017-12-12 05:06:01	[{"keyword":"#reqprambors","from":"2017-12-10","mode":"submitSocial","container":"all","username":"arwin"}]
2017-12-12 05:06:03	[{"keyword":"#thedandees","from":"2017-12-10","mode":"submitSocial","container":"all","username":"arwin"}]
2017-12-12 05:06:05	[{"keyword":"#pramborsquiz","from":"2017-12-10","mode":"submitSocial","container":"all","username":"arwin"}]
2017-12-12 05:06:07	[{"keyword":"#jeliprambors","from":"2017-12-10","mode":"submitSocial","container":"all","username":"arwin"}]
2017-12-12 05:06:09	[{"keyword":"#jodohinprambors","from":"2017-12-10","mode":"submitSocial","container":"all","username":"arwin"}]
2017-12-12 05:06:10	[{"keyword":"#ubahdenganbicara","from":"2017-12-10","mode":"submitSocial","container":"all","username":"arwin"}]
2017-12-12 05:06:12	[{"keyword":"#pramborschat","from":"2017-12-10","mode":"submitSocial","container":"all","username":"arwin"}]
2017-12-12 05:06:15	[{"keyword":"#tweetforduit","from":"2017-12-10","mode":"submitSocial","container":"all","username":"arwin"}]
2017-12-12 05:06:16	[{"keyword":"#joki3in1","from":"2017-12-10","mode":"submitSocial","container":"all","username":"arwin"}]
2017-12-12 05:06:18	[{"keyword":"#sarapanseru","from":"2017-12-10","mode":"submitSocial","container":"all","username":"arwin"}]
2017-12-12 05:06:20	[{"keyword":"#rawonkaneloop","from":"2017-12-10","mode":"submitSocial","container":"all","username":"arwin"}]
2017-12-12 05:06:22	[{"keyword":"#gudegkendilkeraton","from":"2017-12-10","mode":"submitSocial","container":"all","username":"arwin"}]
2017-12-12 05:06:24	[{"keyword":"#gadogadobutika","from":"2017-12-10","mode":"submitSocial","container":"all","username":"arwin"}]
2017-12-12 05:06:26	[{"keyword":"#mtvhottest","from":"2017-12-10","mode":"submitSocial","container":"all","username":"arwin"}]
2017-12-12 05:06:29	[{"keyword":"#dimsumcjdw","from":"2017-12-10","mode":"submitSocial","container":"all","username":"arwin"}]
2017-12-12 05:06:30	[{"keyword":"#pecelmadiunmbakniek","from":"2017-12-10","mode":"submitSocial","container":"all","username":"arwin"}]
2017-12-12 05:06:33	[{"keyword":"#depotarema","from":"2017-12-10","mode":"submitSocial","container":"all","username":"arwin"}]
2017-12-12 05:06:35	[{"keyword":"@bni46","from":"2017-12-10","mode":"submitSocial","container":"all","username":"arwin"}]
2017-12-12 05:06:37	[{"keyword":"@bankbri_id","from":"2017-12-10","mode":"submitSocial","container":"all","username":"arwin"}]
2017-12-12 05:06:39	[{"keyword":"#bni46","from":"2017-12-10","mode":"submitSocial","container":"all","username":"arwin"}]
2017-12-12 05:06:43	[{"keyword":"macet","from":"2017-12-10","mode":"submitSocial","container":"all","username":"arwin"}]
2017-12-12 05:06:45	[{"keyword":"#selamatpagi","from":"2017-12-10","mode":"submitSocial","container":"all","username":"arwin"}]
2017-12-12 05:06:47	[{"keyword":"#selamatmalam","from":"2017-12-10","mode":"submitSocial","container":"all","username":"arwin"}]
2017-12-12 05:06:49	[{"keyword":"@884globalradio","from":"2017-12-10","mode":"submitSocial","container":"all","username":"arwin"}]
2017-12-12 05:06:51	[{"keyword":"@day_trans","from":"2017-12-10","mode":"submitSocial","container":"all","username":"arwin"}]
2017-12-12 05:06:54	[{"keyword":"@kencanavoyage","from":"2017-12-10","mode":"submitSocial","container":"all","username":"arwin"}]
2017-12-12 05:06:56	[{"keyword":"@jukebox5d","from":"2017-12-10","mode":"submitSocial","container":"all","username":"arwin"}]
2017-12-12 05:06:58	[{"keyword":"#mtvhottest","from":"2017-12-10","mode":"submitSocial","container":"all","username":"arwin"}]
2017-12-12 05:07:00	[{"keyword":"#semangatpagi","from":"2017-12-10","mode":"submitSocial","container":"all","username":"arwin"}]
2017-12-12 05:07:02	[{"keyword":"lifebuoy","from":"2017-12-10","mode":"submitSocial","container":"all","username":"arwin"}]
2017-12-12 05:07:08	[{"keyword":"jokowi","from":"2017-12-10","mode":"submitSocial","container":"all","username":"arwin"}]
2017-12-12 05:07:17	[{"keyword":"obama","from":"2017-12-10","mode":"submitSocial","container":"all","username":"arwin"}]
2017-12-12 05:07:20	[{"keyword":"starwars","from":"2017-12-10","mode":"submitSocial","container":"all","username":"arwin"}]
2017-12-12 05:07:23	[{"keyword":"jonan","from":"2017-12-10","mode":"submitSocial","container":"all","username":"arwin"}]
2017-12-12 05:07:30	[{"keyword":"pagi","from":"2017-12-10","mode":"submitSocial","container":"all","username":"arwin"}]
2017-12-12 05:07:33	[{"keyword":"sampoerna","from":"2017-12-10","mode":"submitSocial","container":"all","username":"arwin"}]
2017-12-12 05:07:35	[{"keyword":"djarum","from":"2017-12-10","mode":"submitSocial","container":"all","username":"arwin"}]
2017-12-12 05:07:37	[{"keyword":"#semangatpagi","from":"2017-12-10","mode":"submitSocial","container":"all","username":"arwin"}]
2017-12-12 05:07:39	[{"keyword":"#generaksi8","from":"2017-12-10","mode":"submitSocial","container":"all","username":"arwin"}]
2017-12-12 05:07:41	[{"keyword":"#365alasan","from":"2017-12-10","mode":"submitSocial","container":"all","username":"arwin"}]
2017-12-12 05:07:44	[{"keyword":"weew","from":"2017-12-10","mode":"submitSocial","container":"all","username":"arwin"}]
2017-12-12 05:07:51	[{"keyword":"testing","from":"2017-12-10","mode":"submitSocial","container":"all","username":"arwin"}]
2017-12-12 05:07:53	[{"keyword":"#kopaja","from":"2017-12-10","mode":"submitSocial","container":"all","username":"arwin"}]
2017-12-12 05:07:55	[{"keyword":"#genkuisinsideout","from":"2017-12-10","mode":"submitSocial","container":"all","username":"arwin"}]
2017-12-12 05:07:58	[{"keyword":"starwars","from":"2017-12-10","mode":"submitSocial","container":"all","username":"arwin"}]
2017-12-12 05:08:00	[{"keyword":"#kopaja","from":"2017-12-10","mode":"submitSocial","container":"all","username":"arwin"}]
2017-12-12 05:08:03	[{"keyword":"mldspot","from":"2017-12-10","mode":"submitSocial","container":"all","username":"arwin"}]
2017-12-12 05:08:05	[{"keyword":"pbdjarum","from":"2017-12-10","mode":"submitSocial","container":"all","username":"arwin"}]
2017-12-12 05:08:07	[{"keyword":"temannabati","from":"2017-12-10","mode":"submitSocial","container":"all","username":"arwin"}]
2017-12-12 05:08:10	[{"keyword":"nextar","from":"2017-12-10","mode":"submitSocial","container":"all","username":"arwin"}]
2017-12-12 05:08:12	[{"keyword":"jokowo","from":"2017-12-10","mode":"submitSocial","container":"all","username":"arwin"}]
2017-12-12 05:08:15	[{"keyword":"prabowo","from":"2017-12-10","mode":"submitSocial","container":"all","username":"arwin"}]
2017-12-12 05:08:18	[{"keyword":"sudirman said","from":"2017-12-10","mode":"submitSocial","container":"all","username":"arwin"}]
2017-12-12 05:08:22	[{"keyword":"ahok","from":"2017-12-10","mode":"submitSocial","container":"all","username":"arwin"}]
2017-12-12 05:08:26	[{"keyword":"setyanovanto","from":"2017-12-10","mode":"submitSocial","container":"all","username":"arwin"}]
2017-12-12 05:08:33	[{"keyword":"jokowi","from":"2017-12-10","mode":"submitSocial","container":"all","username":"arwin"}]
2017-12-12 05:08:38	[{"keyword":"ahok","from":"2017-12-10","mode":"submitSocial","container":"all","username":"arwin"}]
2017-12-12 05:08:41	[{"keyword":"prabowo","from":"2017-12-10","mode":"submitSocial","container":"all","username":"arwin"}]
2017-12-12 05:08:43	[{"keyword":"sudirman said","from":"2017-12-10","mode":"submitSocial","container":"all","username":"arwin"}]
2017-12-12 05:08:45	[{"keyword":"setyanovanto","from":"2017-12-10","mode":"submitSocial","container":"all","username":"arwin"}]
2017-12-12 05:08:49	[{"keyword":"galau","from":"2017-12-10","mode":"submitSocial","container":"all","username":"arwin"}]
2017-12-12 05:08:51	[{"keyword":"#prestasiindonesia","from":"2017-12-10","mode":"submitSocial","container":"all","username":"arwin"}]
2017-12-12 05:08:53	[{"keyword":"@tw_debi","from":"2017-12-10","mode":"submitSocial","container":"all","username":"arwin"}]
2017-12-12 05:08:55	[{"keyword":"@officialfastron","from":"2017-12-10","mode":"submitSocial","container":"all","username":"arwin"}]
2017-12-12 05:08:57	[{"keyword":"@citibankid","from":"2017-12-10","mode":"submitSocial","container":"all","username":"arwin"}]
2017-12-12 05:08:59	[{"keyword":"@jak101fm","from":"2017-12-10","mode":"submitSocial","container":"all","username":"arwin"}]
2017-12-12 05:09:02	[{"keyword":"@genfm","from":"2017-12-10","mode":"submitSocial","container":"all","username":"arwin"}]
