2017-08-12 05:00:05	[{"keyword":"@987genfm","from":"2017-08-10","mode":"submitSocial","container":"all","username":"arwin"}]
2017-08-12 05:00:07	[{"keyword":"@101jakfm","from":"2017-08-10","mode":"submitSocial","container":"all","username":"arwin"}]
2017-08-12 05:00:10	[{"keyword":"@prambors","from":"2017-08-10","mode":"submitSocial","container":"all","username":"arwin"}]
2017-08-12 05:00:13	[{"keyword":"@hardrockfm","from":"2017-08-10","mode":"submitSocial","container":"all","username":"arwin"}]
2017-08-12 05:00:16	[{"keyword":"@kisfmjakarta","from":"2017-08-10","mode":"submitSocial","container":"all","username":"arwin"}]
2017-08-12 05:00:18	[{"keyword":"@delta_fm","from":"2017-08-10","mode":"submitSocial","container":"all","username":"arwin"}]
2017-08-12 05:00:21	[{"keyword":"@traxfmjkt","from":"2017-08-10","mode":"submitSocial","container":"all","username":"arwin"}]
2017-08-12 05:00:23	[{"keyword":"@iradiojakarta","from":"2017-08-10","mode":"submitSocial","container":"all","username":"arwin"}]
2017-08-12 05:00:25	[{"keyword":"@indika9160fm","from":"2017-08-10","mode":"submitSocial","container":"all","username":"arwin"}]
2017-08-12 05:00:27	[{"keyword":"@shellindonesia","from":"2017-08-10","mode":"submitSocial","container":"all","username":"arwin"}]
2017-08-12 05:00:29	[{"keyword":"@vpowerfans","from":"2017-08-10","mode":"submitSocial","container":"all","username":"arwin"}]
2017-08-12 05:00:31	[{"keyword":"@pertamaxind","from":"2017-08-10","mode":"submitSocial","container":"all","username":"arwin"}]
2017-08-12 05:00:34	[{"keyword":"@ptpertamina","from":"2017-08-10","mode":"submitSocial","container":"all","username":"arwin"}]
2017-08-12 05:00:36	[{"keyword":"@ozradiojakarta","from":"2017-08-10","mode":"submitSocial","container":"all","username":"arwin"}]
2017-08-12 05:00:38	[{"keyword":"@cosmopolitanfm","from":"2017-08-10","mode":"submitSocial","container":"all","username":"arwin"}]
2017-08-12 05:00:40	[{"keyword":"@mustang88fm","from":"2017-08-10","mode":"submitSocial","container":"all","username":"arwin"}]
2017-08-12 05:00:42	[{"keyword":"@debabaz","from":"2017-08-10","mode":"submitSocial","container":"all","username":"arwin"}]
2017-08-12 05:00:45	[{"keyword":"@detikcom","from":"2017-08-10","mode":"submitSocial","container":"all","username":"arwin"}]
2017-08-12 05:00:48	[{"keyword":"@radioelshinta","from":"2017-08-10","mode":"submitSocial","container":"all","username":"arwin"}]
2017-08-12 05:00:50	[{"keyword":"@cinema21","from":"2017-08-10","mode":"submitSocial","container":"all","username":"arwin"}]
2017-08-12 05:00:53	[{"keyword":"@officialrcti","from":"2017-08-10","mode":"submitSocial","container":"all","username":"arwin"}]
2017-08-12 05:00:55	[{"keyword":"@transtv_corp","from":"2017-08-10","mode":"submitSocial","container":"all","username":"arwin"}]
2017-08-12 05:00:57	[{"keyword":"@trans7","from":"2017-08-10","mode":"submitSocial","container":"all","username":"arwin"}]
2017-08-12 05:01:00	[{"keyword":"@metro_tv","from":"2017-08-10","mode":"submitSocial","container":"all","username":"arwin"}]
2017-08-12 05:01:02	[{"keyword":"@tvonenews","from":"2017-08-10","mode":"submitSocial","container":"all","username":"arwin"}]
2017-08-12 05:01:05	[{"keyword":"@whatsonantv","from":"2017-08-10","mode":"submitSocial","container":"all","username":"arwin"}]
2017-08-12 05:01:08	[{"keyword":"@sctv_","from":"2017-08-10","mode":"submitSocial","container":"all","username":"arwin"}]
2017-08-12 05:01:10	[{"keyword":"@kompastv","from":"2017-08-10","mode":"submitSocial","container":"all","username":"arwin"}]
2017-08-12 05:01:13	[{"keyword":"@netmediatama","from":"2017-08-10","mode":"submitSocial","container":"all","username":"arwin"}]
2017-08-12 05:01:15	[{"keyword":"@globaltvseru","from":"2017-08-10","mode":"submitSocial","container":"all","username":"arwin"}]
2017-08-12 05:01:17	[{"keyword":"@jaktvcom","from":"2017-08-10","mode":"submitSocial","container":"all","username":"arwin"}]
2017-08-12 05:01:20	[{"keyword":"@tvrinasional","from":"2017-08-10","mode":"submitSocial","container":"all","username":"arwin"}]
2017-08-12 05:01:22	[{"keyword":"@ochannelupdates","from":"2017-08-10","mode":"submitSocial","container":"all","username":"arwin"}]
2017-08-12 05:01:24	[{"keyword":"@indosiarid","from":"2017-08-10","mode":"submitSocial","container":"all","username":"arwin"}]
2017-08-12 05:01:28	[{"keyword":"@kompascom","from":"2017-08-10","mode":"submitSocial","container":"all","username":"arwin"}]
2017-08-12 05:01:30	[{"keyword":"@merdekadotcom","from":"2017-08-10","mode":"submitSocial","container":"all","username":"arwin"}]
2017-08-12 05:01:33	[{"keyword":"@midotcom","from":"2017-08-10","mode":"submitSocial","container":"all","username":"arwin"}]
2017-08-12 05:01:35	[{"keyword":"@tempodotco","from":"2017-08-10","mode":"submitSocial","container":"all","username":"arwin"}]
2017-08-12 05:01:37	[{"keyword":"@motion975fm","from":"2017-08-10","mode":"submitSocial","container":"all","username":"arwin"}]
2017-08-12 05:01:39	[{"keyword":"@_radiotoday","from":"2017-08-10","mode":"submitSocial","container":"all","username":"arwin"}]
2017-08-12 05:01:41	[{"keyword":"@radioinfo","from":"2017-08-10","mode":"submitSocial","container":"all","username":"arwin"}]
2017-08-12 05:01:44	[{"keyword":"@979femaleradio","from":"2017-08-10","mode":"submitSocial","container":"all","username":"arwin"}]
2017-08-12 05:01:45	[{"keyword":"@womanradio943fm","from":"2017-08-10","mode":"submitSocial","container":"all","username":"arwin"}]
2017-08-12 05:01:48	[{"keyword":"@vradiofm","from":"2017-08-10","mode":"submitSocial","container":"all","username":"arwin"}]
2017-08-12 05:01:50	[{"keyword":"@ufm947","from":"2017-08-10","mode":"submitSocial","container":"all","username":"arwin"}]
2017-08-12 05:01:52	[{"keyword":"@vivanews","from":"2017-08-10","mode":"submitSocial","container":"all","username":"arwin"}]
2017-08-12 05:01:54	[{"keyword":"@antaranews","from":"2017-08-10","mode":"submitSocial","container":"all","username":"arwin"}]
2017-08-12 05:01:57	[{"keyword":"@tribunnews","from":"2017-08-10","mode":"submitSocial","container":"all","username":"arwin"}]
2017-08-12 05:01:59	[{"keyword":"@okezonenews","from":"2017-08-10","mode":"submitSocial","container":"all","username":"arwin"}]
2017-08-12 05:02:02	[{"keyword":"@beritasatu","from":"2017-08-10","mode":"submitSocial","container":"all","username":"arwin"}]
2017-08-12 05:02:04	[{"keyword":"@rollingstoneina","from":"2017-08-10","mode":"submitSocial","container":"all","username":"arwin"}]
2017-08-12 05:02:06	[{"keyword":"@fimeladotcom","from":"2017-08-10","mode":"submitSocial","container":"all","username":"arwin"}]
2017-08-12 05:02:09	[{"keyword":"@kapanlagicom","from":"2017-08-10","mode":"submitSocial","container":"all","username":"arwin"}]
2017-08-12 05:02:11	[{"keyword":"@kompasent","from":"2017-08-10","mode":"submitSocial","container":"all","username":"arwin"}]
2017-08-12 05:02:13	[{"keyword":"@haimagazine","from":"2017-08-10","mode":"submitSocial","container":"all","username":"arwin"}]
2017-08-12 05:02:16	[{"keyword":"@jakartavenue","from":"2017-08-10","mode":"submitSocial","container":"all","username":"arwin"}]
2017-08-12 05:02:18	[{"keyword":"@seputarevent","from":"2017-08-10","mode":"submitSocial","container":"all","username":"arwin"}]
2017-08-12 05:02:21	[{"keyword":"@ismayalive","from":"2017-08-10","mode":"submitSocial","container":"all","username":"arwin"}]
2017-08-12 05:02:23	[{"keyword":"@ecentertainment","from":"2017-08-10","mode":"submitSocial","container":"all","username":"arwin"}]
2017-08-12 05:02:25	[{"keyword":"@synergism_en","from":"2017-08-10","mode":"submitSocial","container":"all","username":"arwin"}]
2017-08-12 05:02:27	[{"keyword":"@urbanbandung","from":"2017-08-10","mode":"submitSocial","container":"all","username":"arwin"}]
2017-08-12 05:02:29	[{"keyword":"@urbanrkm995","from":"2017-08-10","mode":"submitSocial","container":"all","username":"arwin"}]
2017-08-12 05:02:31	[{"keyword":"@garuda_promo","from":"2017-08-10","mode":"submitSocial","container":"all","username":"arwin"}]
2017-08-12 05:02:34	[{"keyword":"@airasiaid","from":"2017-08-10","mode":"submitSocial","container":"all","username":"arwin"}]
2017-08-12 05:02:36	[{"keyword":"@kai121","from":"2017-08-10","mode":"submitSocial","container":"all","username":"arwin"}]
2017-08-12 05:02:39	[{"keyword":"@unilever","from":"2017-08-10","mode":"submitSocial","container":"all","username":"arwin"}]
2017-08-12 05:02:41	[{"keyword":"@nestle","from":"2017-08-10","mode":"submitSocial","container":"all","username":"arwin"}]
2017-08-12 05:02:45	[{"keyword":"@cocacola","from":"2017-08-10","mode":"submitSocial","container":"all","username":"arwin"}]
2017-08-12 05:02:53	[{"keyword":"@cnn","from":"2017-08-10","mode":"submitSocial","container":"all","username":"arwin"}]
2017-08-12 05:02:59	[{"keyword":"@mtv","from":"2017-08-10","mode":"submitSocial","container":"all","username":"arwin"}]
2017-08-12 05:03:01	[{"keyword":"@channelv","from":"2017-08-10","mode":"submitSocial","container":"all","username":"arwin"}]
2017-08-12 05:03:03	[{"keyword":"@itunesmusic","from":"2017-08-10","mode":"submitSocial","container":"all","username":"arwin"}]
2017-08-12 05:03:07	[{"keyword":"@mashable","from":"2017-08-10","mode":"submitSocial","container":"all","username":"arwin"}]
2017-08-12 05:03:09	[{"keyword":"@decacaz","from":"2017-08-10","mode":"submitSocial","container":"all","username":"arwin"}]
2017-08-12 05:03:12	[{"keyword":"@radiobaru967fm","from":"2017-08-10","mode":"submitSocial","container":"all","username":"arwin"}]
2017-08-12 05:03:14	[{"keyword":"@967hitzfm","from":"2017-08-10","mode":"submitSocial","container":"all","username":"arwin"}]
2017-08-12 05:03:16	[{"keyword":"@tvguide","from":"2017-08-10","mode":"submitSocial","container":"all","username":"arwin"}]
2017-08-12 05:03:18	[{"keyword":"@xl123","from":"2017-08-10","mode":"submitSocial","container":"all","username":"arwin"}]
2017-08-12 05:03:21	[{"keyword":"@triindonesia","from":"2017-08-10","mode":"submitSocial","container":"all","username":"arwin"}]
2017-08-12 05:03:23	[{"keyword":"@kaskus","from":"2017-08-10","mode":"submitSocial","container":"all","username":"arwin"}]
2017-08-12 05:03:25	[{"keyword":"@studio_xxi","from":"2017-08-10","mode":"submitSocial","container":"all","username":"arwin"}]
2017-08-12 05:03:27	[{"keyword":"@blitzmegaplex","from":"2017-08-10","mode":"submitSocial","container":"all","username":"arwin"}]
2017-08-12 05:03:30	[{"keyword":"@alfamartku","from":"2017-08-10","mode":"submitSocial","container":"all","username":"arwin"}]
2017-08-12 05:03:32	[{"keyword":"@carrefour_id","from":"2017-08-10","mode":"submitSocial","container":"all","username":"arwin"}]
2017-08-12 05:03:35	[{"keyword":"@bbcbreaking","from":"2017-08-10","mode":"submitSocial","container":"all","username":"arwin"}]
2017-08-12 05:03:44	[{"keyword":"@forbes","from":"2017-08-10","mode":"submitSocial","container":"all","username":"arwin"}]
2017-08-12 05:03:46	[{"keyword":"@bensradio","from":"2017-08-10","mode":"submitSocial","container":"all","username":"arwin"}]
2017-08-12 05:03:51	[{"keyword":"@instagram","from":"2017-08-10","mode":"submitSocial","container":"all","username":"arwin"}]
2017-08-12 05:03:54	[{"keyword":"@pinterest","from":"2017-08-10","mode":"submitSocial","container":"all","username":"arwin"}]
2017-08-12 05:04:03	[{"keyword":"@google","from":"2017-08-10","mode":"submitSocial","container":"all","username":"arwin"}]
2017-08-12 05:04:05	[{"keyword":"@pertaminalub","from":"2017-08-10","mode":"submitSocial","container":"all","username":"arwin"}]
2017-08-12 05:04:07	[{"keyword":"@infolalintol","from":"2017-08-10","mode":"submitSocial","container":"all","username":"arwin"}]
2017-08-12 05:04:09	[{"keyword":"@ptjasamarga","from":"2017-08-10","mode":"submitSocial","container":"all","username":"arwin"}]
2017-08-12 05:04:11	[{"keyword":"@cititransindo","from":"2017-08-10","mode":"submitSocial","container":"all","username":"arwin"}]
2017-08-12 05:04:13	[{"keyword":"#semangatpagisuperr","from":"2017-08-10","mode":"submitSocial","container":"all","username":"arwin"}]
2017-08-12 05:04:15	[{"keyword":"#genkuisinsideout","from":"2017-08-10","mode":"submitSocial","container":"all","username":"arwin"}]
2017-08-12 05:04:17	[{"keyword":"#semangatpagi","from":"2017-08-10","mode":"submitSocial","container":"all","username":"arwin"}]
2017-08-12 05:04:20	[{"keyword":"#dikamar","from":"2017-08-10","mode":"submitSocial","container":"all","username":"arwin"}]
2017-08-12 05:04:22	[{"keyword":"#kopaja","from":"2017-08-10","mode":"submitSocial","container":"all","username":"arwin"}]
2017-08-12 05:04:24	[{"keyword":"#generaksi8","from":"2017-08-10","mode":"submitSocial","container":"all","username":"arwin"}]
2017-08-12 05:04:26	[{"keyword":"#hitztsp","from":"2017-08-10","mode":"submitSocial","container":"all","username":"arwin"}]
2017-08-12 05:04:29	[{"keyword":"#np","from":"2017-08-10","mode":"submitSocial","container":"all","username":"arwin"}]
2017-08-12 05:04:31	[{"keyword":"#hitzlivestage","from":"2017-08-10","mode":"submitSocial","container":"all","username":"arwin"}]
2017-08-12 05:04:33	[{"keyword":"#thefreaks","from":"2017-08-10","mode":"submitSocial","container":"all","username":"arwin"}]
2017-08-12 05:04:35	[{"keyword":"#hitzsirkuspagi","from":"2017-08-10","mode":"submitSocial","container":"all","username":"arwin"}]
2017-08-12 05:04:37	[{"keyword":"#hitzathlon","from":"2017-08-10","mode":"submitSocial","container":"all","username":"arwin"}]
2017-08-12 05:04:39	[{"keyword":"#hitzzombie","from":"2017-08-10","mode":"submitSocial","container":"all","username":"arwin"}]
2017-08-12 05:04:41	[{"keyword":"#hitzkalong","from":"2017-08-10","mode":"submitSocial","container":"all","username":"arwin"}]
2017-08-12 05:04:44	[{"keyword":"#hitzbebas","from":"2017-08-10","mode":"submitSocial","container":"all","username":"arwin"}]
2017-08-12 05:04:46	[{"keyword":"#hitzhorehara","from":"2017-08-10","mode":"submitSocial","container":"all","username":"arwin"}]
2017-08-12 05:04:48	[{"keyword":"@zaloraid","from":"2017-08-10","mode":"submitSocial","container":"all","username":"arwin"}]
2017-08-12 05:04:50	[{"keyword":"@olx_indonesia","from":"2017-08-10","mode":"submitSocial","container":"all","username":"arwin"}]
2017-08-12 05:04:53	[{"keyword":"@lazadaid","from":"2017-08-10","mode":"submitSocial","container":"all","username":"arwin"}]
2017-08-12 05:04:55	[{"keyword":"@utrippers","from":"2017-08-10","mode":"submitSocial","container":"all","username":"arwin"}]
2017-08-12 05:04:57	[{"keyword":"@gogobot","from":"2017-08-10","mode":"submitSocial","container":"all","username":"arwin"}]
2017-08-12 05:04:59	[{"keyword":"@viatortravel","from":"2017-08-10","mode":"submitSocial","container":"all","username":"arwin"}]
2017-08-12 05:05:02	[{"keyword":"@alandakariza","from":"2017-08-10","mode":"submitSocial","container":"all","username":"arwin"}]
2017-08-12 05:05:04	[{"keyword":"@gagasmedia","from":"2017-08-10","mode":"submitSocial","container":"all","username":"arwin"}]
2017-08-12 05:05:07	[{"keyword":"@welovehonda","from":"2017-08-10","mode":"submitSocial","container":"all","username":"arwin"}]
2017-08-12 05:05:09	[{"keyword":"@suzukimotorid","from":"2017-08-10","mode":"submitSocial","container":"all","username":"arwin"}]
2017-08-12 05:05:11	[{"keyword":"@kawasakilovers","from":"2017-08-10","mode":"submitSocial","container":"all","username":"arwin"}]
2017-08-12 05:05:13	[{"keyword":"@yamahaindonesia","from":"2017-08-10","mode":"submitSocial","container":"all","username":"arwin"}]
2017-08-12 05:05:15	[{"keyword":"@tripanzee","from":"2017-08-10","mode":"submitSocial","container":"all","username":"arwin"}]
2017-08-12 05:05:17	[{"keyword":"@arnoldpoernomo","from":"2017-08-10","mode":"submitSocial","container":"all","username":"arwin"}]
2017-08-12 05:05:20	[{"keyword":"@nicsap","from":"2017-08-10","mode":"submitSocial","container":"all","username":"arwin"}]
2017-08-12 05:05:22	[{"keyword":"@tiket2","from":"2017-08-10","mode":"submitSocial","container":"all","username":"arwin"}]
2017-08-12 05:05:24	[{"keyword":"@traveloka","from":"2017-08-10","mode":"submitSocial","container":"all","username":"arwin"}]
2017-08-12 05:05:27	[{"keyword":"@wego","from":"2017-08-10","mode":"submitSocial","container":"all","username":"arwin"}]
2017-08-12 05:05:30	[{"keyword":"@agoda","from":"2017-08-10","mode":"submitSocial","container":"all","username":"arwin"}]
2017-08-12 05:05:31	[{"keyword":"#salahsambung","from":"2017-08-10","mode":"submitSocial","container":"all","username":"arwin"}]
2017-08-12 05:05:34	[{"keyword":"#tulalit","from":"2017-08-10","mode":"submitSocial","container":"all","username":"arwin"}]
2017-08-12 05:05:36	[{"keyword":"#pestageneraksi8","from":"2017-08-10","mode":"submitSocial","container":"all","username":"arwin"}]
2017-08-12 05:05:38	[{"keyword":"#ganaskustik","from":"2017-08-10","mode":"submitSocial","container":"all","username":"arwin"}]
2017-08-12 05:05:39	[{"keyword":"#lnhot20","from":"2017-08-10","mode":"submitSocial","container":"all","username":"arwin"}]
2017-08-12 05:05:42	[{"keyword":"@tripadvisor","from":"2017-08-10","mode":"submitSocial","container":"all","username":"arwin"}]
2017-08-12 05:05:51	[{"keyword":"@google","from":"2017-08-10","mode":"submitSocial","container":"all","username":"arwin"}]
2017-08-12 05:05:53	[{"keyword":"@telkomsel","from":"2017-08-10","mode":"submitSocial","container":"all","username":"arwin"}]
2017-08-12 05:05:56	[{"keyword":"@indosat","from":"2017-08-10","mode":"submitSocial","container":"all","username":"arwin"}]
2017-08-12 05:05:59	[{"keyword":"@bahanafmjkt","from":"2017-08-10","mode":"submitSocial","container":"all","username":""}]
2017-08-12 05:06:03	[{"keyword":"@sonorafm92","from":"2017-08-10","mode":"submitSocial","container":"all","username":"arwin"}]
2017-08-12 05:06:05	[{"keyword":"@litefm1058","from":"2017-08-10","mode":"submitSocial","container":"all","username":"arwin"}]
2017-08-12 05:06:07	[{"keyword":"@bravaradio","from":"2017-08-10","mode":"submitSocial","container":"all","username":"arwin"}]
2017-08-12 05:06:10	[{"keyword":"#dgitm","from":"2017-08-10","mode":"submitSocial","container":"all","username":"arwin"}]
2017-08-12 05:06:12	[{"keyword":"#hitsalaprambors","from":"2017-08-10","mode":"submitSocial","container":"all","username":"arwin"}]
2017-08-12 05:06:14	[{"keyword":"#reqprambors","from":"2017-08-10","mode":"submitSocial","container":"all","username":"arwin"}]
2017-08-12 05:06:16	[{"keyword":"#thedandees","from":"2017-08-10","mode":"submitSocial","container":"all","username":"arwin"}]
2017-08-12 05:06:18	[{"keyword":"#pramborsquiz","from":"2017-08-10","mode":"submitSocial","container":"all","username":"arwin"}]
2017-08-12 05:06:20	[{"keyword":"#jeliprambors","from":"2017-08-10","mode":"submitSocial","container":"all","username":"arwin"}]
2017-08-12 05:06:22	[{"keyword":"#jodohinprambors","from":"2017-08-10","mode":"submitSocial","container":"all","username":"arwin"}]
2017-08-12 05:06:24	[{"keyword":"#ubahdenganbicara","from":"2017-08-10","mode":"submitSocial","container":"all","username":"arwin"}]
2017-08-12 05:06:26	[{"keyword":"#pramborschat","from":"2017-08-10","mode":"submitSocial","container":"all","username":"arwin"}]
2017-08-12 05:06:28	[{"keyword":"#tweetforduit","from":"2017-08-10","mode":"submitSocial","container":"all","username":"arwin"}]
2017-08-12 05:06:30	[{"keyword":"#joki3in1","from":"2017-08-10","mode":"submitSocial","container":"all","username":"arwin"}]
2017-08-12 05:06:32	[{"keyword":"#sarapanseru","from":"2017-08-10","mode":"submitSocial","container":"all","username":"arwin"}]
2017-08-12 05:06:34	[{"keyword":"#rawonkaneloop","from":"2017-08-10","mode":"submitSocial","container":"all","username":"arwin"}]
2017-08-12 05:06:36	[{"keyword":"#gudegkendilkeraton","from":"2017-08-10","mode":"submitSocial","container":"all","username":"arwin"}]
2017-08-12 05:06:38	[{"keyword":"#gadogadobutika","from":"2017-08-10","mode":"submitSocial","container":"all","username":"arwin"}]
2017-08-12 05:06:40	[{"keyword":"#mtvhottest","from":"2017-08-10","mode":"submitSocial","container":"all","username":"arwin"}]
2017-08-12 05:06:42	[{"keyword":"#dimsumcjdw","from":"2017-08-10","mode":"submitSocial","container":"all","username":"arwin"}]
2017-08-12 05:06:44	[{"keyword":"#pecelmadiunmbakniek","from":"2017-08-10","mode":"submitSocial","container":"all","username":"arwin"}]
2017-08-12 05:06:46	[{"keyword":"#depotarema","from":"2017-08-10","mode":"submitSocial","container":"all","username":"arwin"}]
2017-08-12 05:06:49	[{"keyword":"@bni46","from":"2017-08-10","mode":"submitSocial","container":"all","username":"arwin"}]
2017-08-12 05:06:51	[{"keyword":"@bankbri_id","from":"2017-08-10","mode":"submitSocial","container":"all","username":"arwin"}]
2017-08-12 05:06:53	[{"keyword":"#bni46","from":"2017-08-10","mode":"submitSocial","container":"all","username":"arwin"}]
2017-08-12 05:06:57	[{"keyword":"macet","from":"2017-08-10","mode":"submitSocial","container":"all","username":"arwin"}]
2017-08-12 05:06:59	[{"keyword":"#selamatpagi","from":"2017-08-10","mode":"submitSocial","container":"all","username":"arwin"}]
2017-08-12 05:07:01	[{"keyword":"#selamatmalam","from":"2017-08-10","mode":"submitSocial","container":"all","username":"arwin"}]
2017-08-12 05:07:03	[{"keyword":"@884globalradio","from":"2017-08-10","mode":"submitSocial","container":"all","username":"arwin"}]
2017-08-12 05:07:05	[{"keyword":"@day_trans","from":"2017-08-10","mode":"submitSocial","container":"all","username":"arwin"}]
2017-08-12 05:07:07	[{"keyword":"@kencanavoyage","from":"2017-08-10","mode":"submitSocial","container":"all","username":"arwin"}]
2017-08-12 05:07:09	[{"keyword":"@jukebox5d","from":"2017-08-10","mode":"submitSocial","container":"all","username":"arwin"}]
2017-08-12 05:07:11	[{"keyword":"#mtvhottest","from":"2017-08-10","mode":"submitSocial","container":"all","username":"arwin"}]
2017-08-12 05:07:13	[{"keyword":"#semangatpagi","from":"2017-08-10","mode":"submitSocial","container":"all","username":"arwin"}]
2017-08-12 05:07:16	[{"keyword":"lifebuoy","from":"2017-08-10","mode":"submitSocial","container":"all","username":"arwin"}]
2017-08-12 05:07:22	[{"keyword":"jokowi","from":"2017-08-10","mode":"submitSocial","container":"all","username":"arwin"}]
2017-08-12 05:07:31	[{"keyword":"obama","from":"2017-08-10","mode":"submitSocial","container":"all","username":"arwin"}]
2017-08-12 05:07:33	[{"keyword":"starwars","from":"2017-08-10","mode":"submitSocial","container":"all","username":"arwin"}]
2017-08-12 05:07:37	[{"keyword":"jonan","from":"2017-08-10","mode":"submitSocial","container":"all","username":"arwin"}]
2017-08-12 05:07:45	[{"keyword":"pagi","from":"2017-08-10","mode":"submitSocial","container":"all","username":"arwin"}]
2017-08-12 05:07:47	[{"keyword":"sampoerna","from":"2017-08-10","mode":"submitSocial","container":"all","username":"arwin"}]
2017-08-12 05:07:49	[{"keyword":"djarum","from":"2017-08-10","mode":"submitSocial","container":"all","username":"arwin"}]
2017-08-12 05:07:51	[{"keyword":"#semangatpagi","from":"2017-08-10","mode":"submitSocial","container":"all","username":"arwin"}]
2017-08-12 05:07:53	[{"keyword":"#generaksi8","from":"2017-08-10","mode":"submitSocial","container":"all","username":"arwin"}]
2017-08-12 05:07:55	[{"keyword":"#365alasan","from":"2017-08-10","mode":"submitSocial","container":"all","username":"arwin"}]
2017-08-12 05:07:58	[{"keyword":"weew","from":"2017-08-10","mode":"submitSocial","container":"all","username":"arwin"}]
2017-08-12 05:08:06	[{"keyword":"testing","from":"2017-08-10","mode":"submitSocial","container":"all","username":"arwin"}]
2017-08-12 05:08:09	[{"keyword":"#kopaja","from":"2017-08-10","mode":"submitSocial","container":"all","username":"arwin"}]
2017-08-12 05:08:11	[{"keyword":"#genkuisinsideout","from":"2017-08-10","mode":"submitSocial","container":"all","username":"arwin"}]
2017-08-12 05:08:14	[{"keyword":"starwars","from":"2017-08-10","mode":"submitSocial","container":"all","username":"arwin"}]
2017-08-12 05:08:16	[{"keyword":"#kopaja","from":"2017-08-10","mode":"submitSocial","container":"all","username":"arwin"}]
2017-08-12 05:08:18	[{"keyword":"mldspot","from":"2017-08-10","mode":"submitSocial","container":"all","username":"arwin"}]
2017-08-12 05:08:20	[{"keyword":"pbdjarum","from":"2017-08-10","mode":"submitSocial","container":"all","username":"arwin"}]
2017-08-12 05:08:23	[{"keyword":"temannabati","from":"2017-08-10","mode":"submitSocial","container":"all","username":"arwin"}]
2017-08-12 05:08:25	[{"keyword":"nextar","from":"2017-08-10","mode":"submitSocial","container":"all","username":"arwin"}]
2017-08-12 05:08:29	[{"keyword":"jokowo","from":"2017-08-10","mode":"submitSocial","container":"all","username":"arwin"}]
2017-08-12 05:08:32	[{"keyword":"prabowo","from":"2017-08-10","mode":"submitSocial","container":"all","username":"arwin"}]
2017-08-12 05:08:34	[{"keyword":"sudirman said","from":"2017-08-10","mode":"submitSocial","container":"all","username":"arwin"}]
2017-08-12 05:08:39	[{"keyword":"ahok","from":"2017-08-10","mode":"submitSocial","container":"all","username":"arwin"}]
2017-08-12 05:08:41	[{"keyword":"setyanovanto","from":"2017-08-10","mode":"submitSocial","container":"all","username":"arwin"}]
2017-08-12 05:08:48	[{"keyword":"jokowi","from":"2017-08-10","mode":"submitSocial","container":"all","username":"arwin"}]
2017-08-12 05:08:52	[{"keyword":"ahok","from":"2017-08-10","mode":"submitSocial","container":"all","username":"arwin"}]
2017-08-12 05:08:55	[{"keyword":"prabowo","from":"2017-08-10","mode":"submitSocial","container":"all","username":"arwin"}]
2017-08-12 05:08:57	[{"keyword":"sudirman said","from":"2017-08-10","mode":"submitSocial","container":"all","username":"arwin"}]
2017-08-12 05:08:59	[{"keyword":"setyanovanto","from":"2017-08-10","mode":"submitSocial","container":"all","username":"arwin"}]
2017-08-12 05:09:03	[{"keyword":"galau","from":"2017-08-10","mode":"submitSocial","container":"all","username":"arwin"}]
2017-08-12 05:09:05	[{"keyword":"#prestasiindonesia","from":"2017-08-10","mode":"submitSocial","container":"all","username":"arwin"}]
2017-08-12 05:09:07	[{"keyword":"@tw_debi","from":"2017-08-10","mode":"submitSocial","container":"all","username":"arwin"}]
2017-08-12 05:09:09	[{"keyword":"@officialfastron","from":"2017-08-10","mode":"submitSocial","container":"all","username":"arwin"}]
2017-08-12 05:09:12	[{"keyword":"@citibankid","from":"2017-08-10","mode":"submitSocial","container":"all","username":"arwin"}]
2017-08-12 05:09:14	[{"keyword":"@jak101fm","from":"2017-08-10","mode":"submitSocial","container":"all","username":"arwin"}]
2017-08-12 05:09:17	[{"keyword":"@genfm","from":"2017-08-10","mode":"submitSocial","container":"all","username":"arwin"}]
