2017-11-12 05:00:05	[{"keyword":"@987genfm","from":"2017-11-10","mode":"submitSocial","container":"all","username":"arwin"}]
2017-11-12 05:00:07	[{"keyword":"@101jakfm","from":"2017-11-10","mode":"submitSocial","container":"all","username":"arwin"}]
2017-11-12 05:00:10	[{"keyword":"@prambors","from":"2017-11-10","mode":"submitSocial","container":"all","username":"arwin"}]
2017-11-12 05:00:13	[{"keyword":"@hardrockfm","from":"2017-11-10","mode":"submitSocial","container":"all","username":"arwin"}]
2017-11-12 05:00:15	[{"keyword":"@kisfmjakarta","from":"2017-11-10","mode":"submitSocial","container":"all","username":"arwin"}]
2017-11-12 05:00:18	[{"keyword":"@delta_fm","from":"2017-11-10","mode":"submitSocial","container":"all","username":"arwin"}]
2017-11-12 05:00:20	[{"keyword":"@traxfmjkt","from":"2017-11-10","mode":"submitSocial","container":"all","username":"arwin"}]
2017-11-12 05:00:23	[{"keyword":"@iradiojakarta","from":"2017-11-10","mode":"submitSocial","container":"all","username":"arwin"}]
2017-11-12 05:00:25	[{"keyword":"@indika9160fm","from":"2017-11-10","mode":"submitSocial","container":"all","username":"arwin"}]
2017-11-12 05:00:27	[{"keyword":"@shellindonesia","from":"2017-11-10","mode":"submitSocial","container":"all","username":"arwin"}]
2017-11-12 05:00:29	[{"keyword":"@vpowerfans","from":"2017-11-10","mode":"submitSocial","container":"all","username":"arwin"}]
2017-11-12 05:00:31	[{"keyword":"@pertamaxind","from":"2017-11-10","mode":"submitSocial","container":"all","username":"arwin"}]
2017-11-12 05:00:34	[{"keyword":"@ptpertamina","from":"2017-11-10","mode":"submitSocial","container":"all","username":"arwin"}]
2017-11-12 05:00:36	[{"keyword":"@ozradiojakarta","from":"2017-11-10","mode":"submitSocial","container":"all","username":"arwin"}]
2017-11-12 05:00:38	[{"keyword":"@cosmopolitanfm","from":"2017-11-10","mode":"submitSocial","container":"all","username":"arwin"}]
2017-11-12 05:00:41	[{"keyword":"@mustang88fm","from":"2017-11-10","mode":"submitSocial","container":"all","username":"arwin"}]
2017-11-12 05:00:43	[{"keyword":"@debabaz","from":"2017-11-10","mode":"submitSocial","container":"all","username":"arwin"}]
2017-11-12 05:00:47	[{"keyword":"@detikcom","from":"2017-11-10","mode":"submitSocial","container":"all","username":"arwin"}]
2017-11-12 05:00:50	[{"keyword":"@radioelshinta","from":"2017-11-10","mode":"submitSocial","container":"all","username":"arwin"}]
2017-11-12 05:00:52	[{"keyword":"@cinema21","from":"2017-11-10","mode":"submitSocial","container":"all","username":"arwin"}]
2017-11-12 05:00:54	[{"keyword":"@officialrcti","from":"2017-11-10","mode":"submitSocial","container":"all","username":"arwin"}]
2017-11-12 05:00:56	[{"keyword":"@transtv_corp","from":"2017-11-10","mode":"submitSocial","container":"all","username":"arwin"}]
2017-11-12 05:01:00	[{"keyword":"@trans7","from":"2017-11-10","mode":"submitSocial","container":"all","username":"arwin"}]
2017-11-12 05:01:03	[{"keyword":"@metro_tv","from":"2017-11-10","mode":"submitSocial","container":"all","username":"arwin"}]
2017-11-12 05:01:05	[{"keyword":"@tvonenews","from":"2017-11-10","mode":"submitSocial","container":"all","username":"arwin"}]
2017-11-12 05:01:08	[{"keyword":"@whatsonantv","from":"2017-11-10","mode":"submitSocial","container":"all","username":"arwin"}]
2017-11-12 05:01:10	[{"keyword":"@sctv_","from":"2017-11-10","mode":"submitSocial","container":"all","username":"arwin"}]
2017-11-12 05:01:13	[{"keyword":"@kompastv","from":"2017-11-10","mode":"submitSocial","container":"all","username":"arwin"}]
2017-11-12 05:01:16	[{"keyword":"@netmediatama","from":"2017-11-10","mode":"submitSocial","container":"all","username":"arwin"}]
2017-11-12 05:01:18	[{"keyword":"@globaltvseru","from":"2017-11-10","mode":"submitSocial","container":"all","username":"arwin"}]
2017-11-12 05:01:20	[{"keyword":"@jaktvcom","from":"2017-11-10","mode":"submitSocial","container":"all","username":"arwin"}]
2017-11-12 05:01:23	[{"keyword":"@tvrinasional","from":"2017-11-10","mode":"submitSocial","container":"all","username":"arwin"}]
2017-11-12 05:01:25	[{"keyword":"@ochannelupdates","from":"2017-11-10","mode":"submitSocial","container":"all","username":"arwin"}]
2017-11-12 05:01:27	[{"keyword":"@indosiarid","from":"2017-11-10","mode":"submitSocial","container":"all","username":"arwin"}]
2017-11-12 05:01:32	[{"keyword":"@kompascom","from":"2017-11-10","mode":"submitSocial","container":"all","username":"arwin"}]
2017-11-12 05:01:34	[{"keyword":"@merdekadotcom","from":"2017-11-10","mode":"submitSocial","container":"all","username":"arwin"}]
2017-11-12 05:01:36	[{"keyword":"@midotcom","from":"2017-11-10","mode":"submitSocial","container":"all","username":"arwin"}]
2017-11-12 05:01:39	[{"keyword":"@tempodotco","from":"2017-11-10","mode":"submitSocial","container":"all","username":"arwin"}]
2017-11-12 05:01:41	[{"keyword":"@motion975fm","from":"2017-11-10","mode":"submitSocial","container":"all","username":"arwin"}]
2017-11-12 05:01:43	[{"keyword":"@_radiotoday","from":"2017-11-10","mode":"submitSocial","container":"all","username":"arwin"}]
2017-11-12 05:01:45	[{"keyword":"@radioinfo","from":"2017-11-10","mode":"submitSocial","container":"all","username":"arwin"}]
2017-11-12 05:01:48	[{"keyword":"@979femaleradio","from":"2017-11-10","mode":"submitSocial","container":"all","username":"arwin"}]
2017-11-12 05:01:50	[{"keyword":"@womanradio943fm","from":"2017-11-10","mode":"submitSocial","container":"all","username":"arwin"}]
2017-11-12 05:01:52	[{"keyword":"@vradiofm","from":"2017-11-10","mode":"submitSocial","container":"all","username":"arwin"}]
2017-11-12 05:01:54	[{"keyword":"@ufm947","from":"2017-11-10","mode":"submitSocial","container":"all","username":"arwin"}]
2017-11-12 05:01:56	[{"keyword":"@vivanews","from":"2017-11-10","mode":"submitSocial","container":"all","username":"arwin"}]
2017-11-12 05:01:58	[{"keyword":"@antaranews","from":"2017-11-10","mode":"submitSocial","container":"all","username":"arwin"}]
2017-11-12 05:02:01	[{"keyword":"@tribunnews","from":"2017-11-10","mode":"submitSocial","container":"all","username":"arwin"}]
2017-11-12 05:02:03	[{"keyword":"@okezonenews","from":"2017-11-10","mode":"submitSocial","container":"all","username":"arwin"}]
2017-11-12 05:02:06	[{"keyword":"@beritasatu","from":"2017-11-10","mode":"submitSocial","container":"all","username":"arwin"}]
2017-11-12 05:02:08	[{"keyword":"@rollingstoneina","from":"2017-11-10","mode":"submitSocial","container":"all","username":"arwin"}]
2017-11-12 05:02:10	[{"keyword":"@fimeladotcom","from":"2017-11-10","mode":"submitSocial","container":"all","username":"arwin"}]
2017-11-12 05:02:12	[{"keyword":"@kapanlagicom","from":"2017-11-10","mode":"submitSocial","container":"all","username":"arwin"}]
2017-11-12 05:02:14	[{"keyword":"@kompasent","from":"2017-11-10","mode":"submitSocial","container":"all","username":"arwin"}]
2017-11-12 05:02:17	[{"keyword":"@haimagazine","from":"2017-11-10","mode":"submitSocial","container":"all","username":"arwin"}]
2017-11-12 05:02:19	[{"keyword":"@jakartavenue","from":"2017-11-10","mode":"submitSocial","container":"all","username":"arwin"}]
2017-11-12 05:02:21	[{"keyword":"@seputarevent","from":"2017-11-10","mode":"submitSocial","container":"all","username":"arwin"}]
2017-11-12 05:02:23	[{"keyword":"@ismayalive","from":"2017-11-10","mode":"submitSocial","container":"all","username":"arwin"}]
2017-11-12 05:02:25	[{"keyword":"@ecentertainment","from":"2017-11-10","mode":"submitSocial","container":"all","username":"arwin"}]
2017-11-12 05:02:27	[{"keyword":"@synergism_en","from":"2017-11-10","mode":"submitSocial","container":"all","username":"arwin"}]
2017-11-12 05:02:29	[{"keyword":"@urbanbandung","from":"2017-11-10","mode":"submitSocial","container":"all","username":"arwin"}]
2017-11-12 05:02:31	[{"keyword":"@urbanrkm995","from":"2017-11-10","mode":"submitSocial","container":"all","username":"arwin"}]
2017-11-12 05:02:33	[{"keyword":"@garuda_promo","from":"2017-11-10","mode":"submitSocial","container":"all","username":"arwin"}]
2017-11-12 05:02:35	[{"keyword":"@airasiaid","from":"2017-11-10","mode":"submitSocial","container":"all","username":"arwin"}]
2017-11-12 05:02:38	[{"keyword":"@kai121","from":"2017-11-10","mode":"submitSocial","container":"all","username":"arwin"}]
2017-11-12 05:02:40	[{"keyword":"@unilever","from":"2017-11-10","mode":"submitSocial","container":"all","username":"arwin"}]
2017-11-12 05:02:43	[{"keyword":"@nestle","from":"2017-11-10","mode":"submitSocial","container":"all","username":"arwin"}]
2017-11-12 05:02:47	[{"keyword":"@cocacola","from":"2017-11-10","mode":"submitSocial","container":"all","username":"arwin"}]
2017-11-12 05:02:54	[{"keyword":"@cnn","from":"2017-11-10","mode":"submitSocial","container":"all","username":"arwin"}]
2017-11-12 05:02:59	[{"keyword":"@mtv","from":"2017-11-10","mode":"submitSocial","container":"all","username":"arwin"}]
2017-11-12 05:03:01	[{"keyword":"@channelv","from":"2017-11-10","mode":"submitSocial","container":"all","username":"arwin"}]
2017-11-12 05:03:04	[{"keyword":"@itunesmusic","from":"2017-11-10","mode":"submitSocial","container":"all","username":"arwin"}]
2017-11-12 05:03:08	[{"keyword":"@mashable","from":"2017-11-10","mode":"submitSocial","container":"all","username":"arwin"}]
2017-11-12 05:03:10	[{"keyword":"@decacaz","from":"2017-11-10","mode":"submitSocial","container":"all","username":"arwin"}]
2017-11-12 05:03:12	[{"keyword":"@radiobaru967fm","from":"2017-11-10","mode":"submitSocial","container":"all","username":"arwin"}]
2017-11-12 05:03:14	[{"keyword":"@967hitzfm","from":"2017-11-10","mode":"submitSocial","container":"all","username":"arwin"}]
2017-11-12 05:03:17	[{"keyword":"@tvguide","from":"2017-11-10","mode":"submitSocial","container":"all","username":"arwin"}]
2017-11-12 05:03:19	[{"keyword":"@xl123","from":"2017-11-10","mode":"submitSocial","container":"all","username":"arwin"}]
2017-11-12 05:03:21	[{"keyword":"@triindonesia","from":"2017-11-10","mode":"submitSocial","container":"all","username":"arwin"}]
2017-11-12 05:03:24	[{"keyword":"@kaskus","from":"2017-11-10","mode":"submitSocial","container":"all","username":"arwin"}]
2017-11-12 05:03:26	[{"keyword":"@studio_xxi","from":"2017-11-10","mode":"submitSocial","container":"all","username":"arwin"}]
2017-11-12 05:03:28	[{"keyword":"@blitzmegaplex","from":"2017-11-10","mode":"submitSocial","container":"all","username":"arwin"}]
2017-11-12 05:03:30	[{"keyword":"@alfamartku","from":"2017-11-10","mode":"submitSocial","container":"all","username":"arwin"}]
2017-11-12 05:03:32	[{"keyword":"@carrefour_id","from":"2017-11-10","mode":"submitSocial","container":"all","username":"arwin"}]
2017-11-12 05:03:36	[{"keyword":"@bbcbreaking","from":"2017-11-10","mode":"submitSocial","container":"all","username":"arwin"}]
2017-11-12 05:03:43	[{"keyword":"@forbes","from":"2017-11-10","mode":"submitSocial","container":"all","username":"arwin"}]
2017-11-12 05:03:45	[{"keyword":"@bensradio","from":"2017-11-10","mode":"submitSocial","container":"all","username":"arwin"}]
2017-11-12 05:03:52	[{"keyword":"@instagram","from":"2017-11-10","mode":"submitSocial","container":"all","username":"arwin"}]
2017-11-12 05:03:55	[{"keyword":"@pinterest","from":"2017-11-10","mode":"submitSocial","container":"all","username":"arwin"}]
2017-11-12 05:04:02	[{"keyword":"@google","from":"2017-11-10","mode":"submitSocial","container":"all","username":"arwin"}]
2017-11-12 05:04:04	[{"keyword":"@pertaminalub","from":"2017-11-10","mode":"submitSocial","container":"all","username":"arwin"}]
2017-11-12 05:04:07	[{"keyword":"@infolalintol","from":"2017-11-10","mode":"submitSocial","container":"all","username":"arwin"}]
2017-11-12 05:04:09	[{"keyword":"@ptjasamarga","from":"2017-11-10","mode":"submitSocial","container":"all","username":"arwin"}]
2017-11-12 05:04:11	[{"keyword":"@cititransindo","from":"2017-11-10","mode":"submitSocial","container":"all","username":"arwin"}]
2017-11-12 05:04:13	[{"keyword":"#semangatpagisuperr","from":"2017-11-10","mode":"submitSocial","container":"all","username":"arwin"}]
2017-11-12 05:04:15	[{"keyword":"#genkuisinsideout","from":"2017-11-10","mode":"submitSocial","container":"all","username":"arwin"}]
2017-11-12 05:04:17	[{"keyword":"#semangatpagi","from":"2017-11-10","mode":"submitSocial","container":"all","username":"arwin"}]
2017-11-12 05:04:19	[{"keyword":"#dikamar","from":"2017-11-10","mode":"submitSocial","container":"all","username":"arwin"}]
2017-11-12 05:04:22	[{"keyword":"#kopaja","from":"2017-11-10","mode":"submitSocial","container":"all","username":"arwin"}]
2017-11-12 05:04:23	[{"keyword":"#generaksi8","from":"2017-11-10","mode":"submitSocial","container":"all","username":"arwin"}]
2017-11-12 05:04:26	[{"keyword":"#hitztsp","from":"2017-11-10","mode":"submitSocial","container":"all","username":"arwin"}]
2017-11-12 05:04:28	[{"keyword":"#np","from":"2017-11-10","mode":"submitSocial","container":"all","username":"arwin"}]
2017-11-12 05:04:31	[{"keyword":"#hitzlivestage","from":"2017-11-10","mode":"submitSocial","container":"all","username":"arwin"}]
2017-11-12 05:04:33	[{"keyword":"#thefreaks","from":"2017-11-10","mode":"submitSocial","container":"all","username":"arwin"}]
2017-11-12 05:04:35	[{"keyword":"#hitzsirkuspagi","from":"2017-11-10","mode":"submitSocial","container":"all","username":"arwin"}]
2017-11-12 05:04:37	[{"keyword":"#hitzathlon","from":"2017-11-10","mode":"submitSocial","container":"all","username":"arwin"}]
2017-11-12 05:04:39	[{"keyword":"#hitzzombie","from":"2017-11-10","mode":"submitSocial","container":"all","username":"arwin"}]
2017-11-12 05:04:41	[{"keyword":"#hitzkalong","from":"2017-11-10","mode":"submitSocial","container":"all","username":"arwin"}]
2017-11-12 05:04:43	[{"keyword":"#hitzbebas","from":"2017-11-10","mode":"submitSocial","container":"all","username":"arwin"}]
2017-11-12 05:04:45	[{"keyword":"#hitzhorehara","from":"2017-11-10","mode":"submitSocial","container":"all","username":"arwin"}]
2017-11-12 05:04:48	[{"keyword":"@zaloraid","from":"2017-11-10","mode":"submitSocial","container":"all","username":"arwin"}]
2017-11-12 05:04:50	[{"keyword":"@olx_indonesia","from":"2017-11-10","mode":"submitSocial","container":"all","username":"arwin"}]
2017-11-12 05:04:53	[{"keyword":"@lazadaid","from":"2017-11-10","mode":"submitSocial","container":"all","username":"arwin"}]
2017-11-12 05:04:56	[{"keyword":"@utrippers","from":"2017-11-10","mode":"submitSocial","container":"all","username":"arwin"}]
2017-11-12 05:04:58	[{"keyword":"@gogobot","from":"2017-11-10","mode":"submitSocial","container":"all","username":"arwin"}]
2017-11-12 05:05:01	[{"keyword":"@viatortravel","from":"2017-11-10","mode":"submitSocial","container":"all","username":"arwin"}]
2017-11-12 05:05:03	[{"keyword":"@alandakariza","from":"2017-11-10","mode":"submitSocial","container":"all","username":"arwin"}]
2017-11-12 05:05:06	[{"keyword":"@gagasmedia","from":"2017-11-10","mode":"submitSocial","container":"all","username":"arwin"}]
2017-11-12 05:05:08	[{"keyword":"@welovehonda","from":"2017-11-10","mode":"submitSocial","container":"all","username":"arwin"}]
2017-11-12 05:05:10	[{"keyword":"@suzukimotorid","from":"2017-11-10","mode":"submitSocial","container":"all","username":"arwin"}]
2017-11-12 05:05:12	[{"keyword":"@kawasakilovers","from":"2017-11-10","mode":"submitSocial","container":"all","username":"arwin"}]
2017-11-12 05:05:15	[{"keyword":"@yamahaindonesia","from":"2017-11-10","mode":"submitSocial","container":"all","username":"arwin"}]
2017-11-12 05:05:18	[{"keyword":"@tripanzee","from":"2017-11-10","mode":"submitSocial","container":"all","username":"arwin"}]
2017-11-12 05:05:20	[{"keyword":"@arnoldpoernomo","from":"2017-11-10","mode":"submitSocial","container":"all","username":"arwin"}]
2017-11-12 05:05:24	[{"keyword":"@nicsap","from":"2017-11-10","mode":"submitSocial","container":"all","username":"arwin"}]
2017-11-12 05:05:26	[{"keyword":"@tiket2","from":"2017-11-10","mode":"submitSocial","container":"all","username":"arwin"}]
2017-11-12 05:05:28	[{"keyword":"@traveloka","from":"2017-11-10","mode":"submitSocial","container":"all","username":"arwin"}]
2017-11-12 05:05:31	[{"keyword":"@wego","from":"2017-11-10","mode":"submitSocial","container":"all","username":"arwin"}]
2017-11-12 05:05:34	[{"keyword":"@agoda","from":"2017-11-10","mode":"submitSocial","container":"all","username":"arwin"}]
2017-11-12 05:05:36	[{"keyword":"#salahsambung","from":"2017-11-10","mode":"submitSocial","container":"all","username":"arwin"}]
2017-11-12 05:05:38	[{"keyword":"#tulalit","from":"2017-11-10","mode":"submitSocial","container":"all","username":"arwin"}]
2017-11-12 05:05:40	[{"keyword":"#pestageneraksi8","from":"2017-11-10","mode":"submitSocial","container":"all","username":"arwin"}]
2017-11-12 05:05:42	[{"keyword":"#ganaskustik","from":"2017-11-10","mode":"submitSocial","container":"all","username":"arwin"}]
2017-11-12 05:05:44	[{"keyword":"#lnhot20","from":"2017-11-10","mode":"submitSocial","container":"all","username":"arwin"}]
2017-11-12 05:05:46	[{"keyword":"@tripadvisor","from":"2017-11-10","mode":"submitSocial","container":"all","username":"arwin"}]
2017-11-12 05:05:54	[{"keyword":"@google","from":"2017-11-10","mode":"submitSocial","container":"all","username":"arwin"}]
2017-11-12 05:05:57	[{"keyword":"@telkomsel","from":"2017-11-10","mode":"submitSocial","container":"all","username":"arwin"}]
2017-11-12 05:05:59	[{"keyword":"@indosat","from":"2017-11-10","mode":"submitSocial","container":"all","username":"arwin"}]
2017-11-12 05:06:02	[{"keyword":"@bahanafmjkt","from":"2017-11-10","mode":"submitSocial","container":"all","username":""}]
2017-11-12 05:06:06	[{"keyword":"@sonorafm92","from":"2017-11-10","mode":"submitSocial","container":"all","username":"arwin"}]
2017-11-12 05:06:08	[{"keyword":"@litefm1058","from":"2017-11-10","mode":"submitSocial","container":"all","username":"arwin"}]
2017-11-12 05:06:10	[{"keyword":"@bravaradio","from":"2017-11-10","mode":"submitSocial","container":"all","username":"arwin"}]
2017-11-12 05:06:13	[{"keyword":"#dgitm","from":"2017-11-10","mode":"submitSocial","container":"all","username":"arwin"}]
2017-11-12 05:06:15	[{"keyword":"#hitsalaprambors","from":"2017-11-10","mode":"submitSocial","container":"all","username":"arwin"}]
2017-11-12 05:06:17	[{"keyword":"#reqprambors","from":"2017-11-10","mode":"submitSocial","container":"all","username":"arwin"}]
2017-11-12 05:06:19	[{"keyword":"#thedandees","from":"2017-11-10","mode":"submitSocial","container":"all","username":"arwin"}]
2017-11-12 05:06:21	[{"keyword":"#pramborsquiz","from":"2017-11-10","mode":"submitSocial","container":"all","username":"arwin"}]
2017-11-12 05:06:23	[{"keyword":"#jeliprambors","from":"2017-11-10","mode":"submitSocial","container":"all","username":"arwin"}]
2017-11-12 05:06:25	[{"keyword":"#jodohinprambors","from":"2017-11-10","mode":"submitSocial","container":"all","username":"arwin"}]
2017-11-12 05:06:27	[{"keyword":"#ubahdenganbicara","from":"2017-11-10","mode":"submitSocial","container":"all","username":"arwin"}]
2017-11-12 05:06:29	[{"keyword":"#pramborschat","from":"2017-11-10","mode":"submitSocial","container":"all","username":"arwin"}]
2017-11-12 05:06:31	[{"keyword":"#tweetforduit","from":"2017-11-10","mode":"submitSocial","container":"all","username":"arwin"}]
2017-11-12 05:06:33	[{"keyword":"#joki3in1","from":"2017-11-10","mode":"submitSocial","container":"all","username":"arwin"}]
2017-11-12 05:06:35	[{"keyword":"#sarapanseru","from":"2017-11-10","mode":"submitSocial","container":"all","username":"arwin"}]
2017-11-12 05:06:37	[{"keyword":"#rawonkaneloop","from":"2017-11-10","mode":"submitSocial","container":"all","username":"arwin"}]
2017-11-12 05:06:39	[{"keyword":"#gudegkendilkeraton","from":"2017-11-10","mode":"submitSocial","container":"all","username":"arwin"}]
2017-11-12 05:06:41	[{"keyword":"#gadogadobutika","from":"2017-11-10","mode":"submitSocial","container":"all","username":"arwin"}]
2017-11-12 05:06:44	[{"keyword":"#mtvhottest","from":"2017-11-10","mode":"submitSocial","container":"all","username":"arwin"}]
2017-11-12 05:06:46	[{"keyword":"#dimsumcjdw","from":"2017-11-10","mode":"submitSocial","container":"all","username":"arwin"}]
2017-11-12 05:06:47	[{"keyword":"#pecelmadiunmbakniek","from":"2017-11-10","mode":"submitSocial","container":"all","username":"arwin"}]
2017-11-12 05:06:50	[{"keyword":"#depotarema","from":"2017-11-10","mode":"submitSocial","container":"all","username":"arwin"}]
2017-11-12 05:06:52	[{"keyword":"@bni46","from":"2017-11-10","mode":"submitSocial","container":"all","username":"arwin"}]
2017-11-12 05:06:54	[{"keyword":"@bankbri_id","from":"2017-11-10","mode":"submitSocial","container":"all","username":"arwin"}]
2017-11-12 05:06:57	[{"keyword":"#bni46","from":"2017-11-10","mode":"submitSocial","container":"all","username":"arwin"}]
2017-11-12 05:07:01	[{"keyword":"macet","from":"2017-11-10","mode":"submitSocial","container":"all","username":"arwin"}]
2017-11-12 05:07:03	[{"keyword":"#selamatpagi","from":"2017-11-10","mode":"submitSocial","container":"all","username":"arwin"}]
2017-11-12 05:07:05	[{"keyword":"#selamatmalam","from":"2017-11-10","mode":"submitSocial","container":"all","username":"arwin"}]
2017-11-12 05:07:07	[{"keyword":"@884globalradio","from":"2017-11-10","mode":"submitSocial","container":"all","username":"arwin"}]
2017-11-12 05:07:10	[{"keyword":"@day_trans","from":"2017-11-10","mode":"submitSocial","container":"all","username":"arwin"}]
2017-11-12 05:07:12	[{"keyword":"@kencanavoyage","from":"2017-11-10","mode":"submitSocial","container":"all","username":"arwin"}]
2017-11-12 05:07:14	[{"keyword":"@jukebox5d","from":"2017-11-10","mode":"submitSocial","container":"all","username":"arwin"}]
2017-11-12 05:07:16	[{"keyword":"#mtvhottest","from":"2017-11-10","mode":"submitSocial","container":"all","username":"arwin"}]
2017-11-12 05:07:18	[{"keyword":"#semangatpagi","from":"2017-11-10","mode":"submitSocial","container":"all","username":"arwin"}]
2017-11-12 05:07:20	[{"keyword":"lifebuoy","from":"2017-11-10","mode":"submitSocial","container":"all","username":"arwin"}]
2017-11-12 05:07:27	[{"keyword":"jokowi","from":"2017-11-10","mode":"submitSocial","container":"all","username":"arwin"}]
2017-11-12 05:07:35	[{"keyword":"obama","from":"2017-11-10","mode":"submitSocial","container":"all","username":"arwin"}]
2017-11-12 05:07:38	[{"keyword":"starwars","from":"2017-11-10","mode":"submitSocial","container":"all","username":"arwin"}]
2017-11-12 05:07:41	[{"keyword":"jonan","from":"2017-11-10","mode":"submitSocial","container":"all","username":"arwin"}]
2017-11-12 05:07:48	[{"keyword":"pagi","from":"2017-11-10","mode":"submitSocial","container":"all","username":"arwin"}]
2017-11-12 05:07:50	[{"keyword":"sampoerna","from":"2017-11-10","mode":"submitSocial","container":"all","username":"arwin"}]
2017-11-12 05:07:53	[{"keyword":"djarum","from":"2017-11-10","mode":"submitSocial","container":"all","username":"arwin"}]
2017-11-12 05:07:55	[{"keyword":"#semangatpagi","from":"2017-11-10","mode":"submitSocial","container":"all","username":"arwin"}]
2017-11-12 05:07:57	[{"keyword":"#generaksi8","from":"2017-11-10","mode":"submitSocial","container":"all","username":"arwin"}]
2017-11-12 05:07:59	[{"keyword":"#365alasan","from":"2017-11-10","mode":"submitSocial","container":"all","username":"arwin"}]
2017-11-12 05:08:02	[{"keyword":"weew","from":"2017-11-10","mode":"submitSocial","container":"all","username":"arwin"}]
2017-11-12 05:08:09	[{"keyword":"testing","from":"2017-11-10","mode":"submitSocial","container":"all","username":"arwin"}]
2017-11-12 05:08:12	[{"keyword":"#kopaja","from":"2017-11-10","mode":"submitSocial","container":"all","username":"arwin"}]
2017-11-12 05:08:14	[{"keyword":"#genkuisinsideout","from":"2017-11-10","mode":"submitSocial","container":"all","username":"arwin"}]
2017-11-12 05:08:17	[{"keyword":"starwars","from":"2017-11-10","mode":"submitSocial","container":"all","username":"arwin"}]
2017-11-12 05:08:19	[{"keyword":"#kopaja","from":"2017-11-10","mode":"submitSocial","container":"all","username":"arwin"}]
2017-11-12 05:08:21	[{"keyword":"mldspot","from":"2017-11-10","mode":"submitSocial","container":"all","username":"arwin"}]
2017-11-12 05:08:24	[{"keyword":"pbdjarum","from":"2017-11-10","mode":"submitSocial","container":"all","username":"arwin"}]
2017-11-12 05:08:26	[{"keyword":"temannabati","from":"2017-11-10","mode":"submitSocial","container":"all","username":"arwin"}]
2017-11-12 05:08:29	[{"keyword":"nextar","from":"2017-11-10","mode":"submitSocial","container":"all","username":"arwin"}]
2017-11-12 05:08:31	[{"keyword":"jokowo","from":"2017-11-10","mode":"submitSocial","container":"all","username":"arwin"}]
2017-11-12 05:08:34	[{"keyword":"prabowo","from":"2017-11-10","mode":"submitSocial","container":"all","username":"arwin"}]
2017-11-12 05:08:37	[{"keyword":"sudirman said","from":"2017-11-10","mode":"submitSocial","container":"all","username":"arwin"}]
2017-11-12 05:08:41	[{"keyword":"ahok","from":"2017-11-10","mode":"submitSocial","container":"all","username":"arwin"}]
2017-11-12 05:08:43	[{"keyword":"setyanovanto","from":"2017-11-10","mode":"submitSocial","container":"all","username":"arwin"}]
2017-11-12 05:08:50	[{"keyword":"jokowi","from":"2017-11-10","mode":"submitSocial","container":"all","username":"arwin"}]
2017-11-12 05:08:55	[{"keyword":"ahok","from":"2017-11-10","mode":"submitSocial","container":"all","username":"arwin"}]
2017-11-12 05:08:59	[{"keyword":"prabowo","from":"2017-11-10","mode":"submitSocial","container":"all","username":"arwin"}]
2017-11-12 05:09:01	[{"keyword":"sudirman said","from":"2017-11-10","mode":"submitSocial","container":"all","username":"arwin"}]
2017-11-12 05:09:03	[{"keyword":"setyanovanto","from":"2017-11-10","mode":"submitSocial","container":"all","username":"arwin"}]
2017-11-12 05:09:07	[{"keyword":"galau","from":"2017-11-10","mode":"submitSocial","container":"all","username":"arwin"}]
2017-11-12 05:09:09	[{"keyword":"#prestasiindonesia","from":"2017-11-10","mode":"submitSocial","container":"all","username":"arwin"}]
2017-11-12 05:09:12	[{"keyword":"@tw_debi","from":"2017-11-10","mode":"submitSocial","container":"all","username":"arwin"}]
2017-11-12 05:09:14	[{"keyword":"@officialfastron","from":"2017-11-10","mode":"submitSocial","container":"all","username":"arwin"}]
2017-11-12 05:09:16	[{"keyword":"@citibankid","from":"2017-11-10","mode":"submitSocial","container":"all","username":"arwin"}]
2017-11-12 05:09:18	[{"keyword":"@jak101fm","from":"2017-11-10","mode":"submitSocial","container":"all","username":"arwin"}]
2017-11-12 05:09:21	[{"keyword":"@genfm","from":"2017-11-10","mode":"submitSocial","container":"all","username":"arwin"}]
