2017-09-25 05:00:03	worker	@987genfm;2017-09-23 - 2017-09-23;submitSocial;all;arwin
2017-09-25 05:00:18	worker	@101jakfm;2017-09-23 - 2017-09-23;submitSocial;all;arwin
2017-09-25 05:00:31	worker	@prambors;2017-09-23 - 2017-09-23;submitSocial;all;arwin
2017-09-25 05:00:43	worker	@hardrockfm;2017-09-23 - 2017-09-23;submitSocial;all;arwin
2017-09-25 05:00:55	worker	@kisfmjakarta;2017-09-23 - 2017-09-23;submitSocial;all;arwin
2017-09-25 05:01:07	worker	@delta_fm;2017-09-23 - 2017-09-23;submitSocial;all;arwin
2017-09-25 05:01:20	worker	@traxfmjkt;2017-09-23 - 2017-09-23;submitSocial;all;arwin
2017-09-25 05:01:32	worker	@iradiojakarta;2017-09-23 - 2017-09-23;submitSocial;all;arwin
2017-09-25 05:01:44	worker	@indika9160fm;2017-09-23 - 2017-09-23;submitSocial;all;arwin
2017-09-25 05:01:55	worker	@shellindonesia;2017-09-23 - 2017-09-23;submitSocial;all;arwin
2017-09-25 05:02:07	worker	@vpowerfans;2017-09-23 - 2017-09-23;submitSocial;all;arwin
2017-09-25 05:02:19	worker	@pertamaxind;2017-09-23 - 2017-09-23;submitSocial;all;arwin
2017-09-25 05:02:31	worker	@ptpertamina;2017-09-23 - 2017-09-23;submitSocial;all;arwin
2017-09-25 05:02:43	worker	@OZRadioJakarta;2017-09-23 - 2017-09-23;submitSocial;all;arwin
2017-09-25 05:02:54	worker	@CosmopolitanFM;2017-09-23 - 2017-09-23;submitSocial;all;arwin
2017-09-25 05:03:06	worker	@mustang88fm;2017-09-23 - 2017-09-23;submitSocial;all;arwin
2017-09-25 05:03:18	worker	@debabaz;2017-09-23 - 2017-09-23;submitSocial;all;arwin
2017-09-25 05:03:30	worker	@detikcom;2017-09-23 - 2017-09-23;submitSocial;all;arwin
2017-09-25 05:03:42	worker	@radioelshinta;2017-09-23 - 2017-09-23;submitSocial;all;arwin
2017-09-25 05:03:54	worker	@cinema21;2017-09-23 - 2017-09-23;submitSocial;all;arwin
2017-09-25 05:04:06	worker	@OfficialRCTI;2017-09-23 - 2017-09-23;submitSocial;all;arwin
2017-09-25 05:04:18	worker	@TRANSTV_CORP;2017-09-23 - 2017-09-23;submitSocial;all;arwin
2017-09-25 05:04:30	worker	@TRANS7;2017-09-23 - 2017-09-23;submitSocial;all;arwin
2017-09-25 05:04:41	worker	@Metro_TV;2017-09-23 - 2017-09-23;submitSocial;all;arwin
2017-09-25 05:04:53	worker	@tvOneNews;2017-09-23 - 2017-09-23;submitSocial;all;arwin
2017-09-25 05:05:07	worker	@whatsonANTV;2017-09-23 - 2017-09-23;submitSocial;all;arwin
2017-09-25 05:05:20	worker	@SCTV_;2017-09-23 - 2017-09-23;submitSocial;all;arwin
2017-09-25 05:05:33	worker	@KompasTV;2017-09-23 - 2017-09-23;submitSocial;all;arwin
2017-09-25 05:05:45	worker	@netmediatama;2017-09-23 - 2017-09-23;submitSocial;all;arwin
2017-09-25 05:05:57	worker	@Globaltvseru;2017-09-23 - 2017-09-23;submitSocial;all;arwin
2017-09-25 05:06:10	worker	@JaktvCom;2017-09-23 - 2017-09-23;submitSocial;all;arwin
2017-09-25 05:06:22	worker	@TVRINasional;2017-09-23 - 2017-09-23;submitSocial;all;arwin
2017-09-25 05:06:34	worker	@ochannelupdates;2017-09-23 - 2017-09-23;submitSocial;all;arwin
2017-09-25 05:06:46	worker	@IndosiarID;2017-09-23 - 2017-09-23;submitSocial;all;arwin
2017-09-25 05:06:58	worker	@kompascom;2017-09-23 - 2017-09-23;submitSocial;all;arwin
2017-09-25 05:07:12	worker	@merdekadotcom;2017-09-23 - 2017-09-23;submitSocial;all;arwin
2017-09-25 05:07:23	worker	@MIdotcom;2017-09-23 - 2017-09-23;submitSocial;all;arwin
2017-09-25 05:07:35	worker	@tempodotco;2017-09-23 - 2017-09-23;submitSocial;all;arwin
2017-09-25 05:07:47	worker	@motion975fm;2017-09-23 - 2017-09-23;submitSocial;all;arwin
2017-09-25 05:07:59	worker	@_radiotoday;2017-09-23 - 2017-09-23;submitSocial;all;arwin
2017-09-25 05:08:10	worker	@radioinfo;2017-09-23 - 2017-09-23;submitSocial;all;arwin
2017-09-25 05:08:23	worker	@979FeMaleRadio;2017-09-23 - 2017-09-23;submitSocial;all;arwin
2017-09-25 05:08:34	worker	@WomanRadio943FM;2017-09-23 - 2017-09-23;submitSocial;all;arwin
2017-09-25 05:08:46	worker	@VRadioFM;2017-09-23 - 2017-09-23;submitSocial;all;arwin
2017-09-25 05:08:57	worker	@UFM947;2017-09-23 - 2017-09-23;submitSocial;all;arwin
2017-09-25 05:09:09	worker	@VIVAnews;2017-09-23 - 2017-09-23;submitSocial;all;arwin
2017-09-25 05:09:21	worker	@antaranews;2017-09-23 - 2017-09-23;submitSocial;all;arwin
2017-09-25 05:09:33	worker	@tribunnews;2017-09-23 - 2017-09-23;submitSocial;all;arwin
2017-09-25 05:09:45	worker	@okezonenews;2017-09-23 - 2017-09-23;submitSocial;all;arwin
2017-09-25 05:09:56	worker	@Beritasatu;2017-09-23 - 2017-09-23;submitSocial;all;arwin
2017-09-25 05:10:10	worker	@rollingstoneina;2017-09-23 - 2017-09-23;submitSocial;all;arwin
2017-09-25 05:10:22	worker	@FIMELAdotcom;2017-09-23 - 2017-09-23;submitSocial;all;arwin
2017-09-25 05:10:34	worker	@KapanLagicom;2017-09-23 - 2017-09-23;submitSocial;all;arwin
2017-09-25 05:10:45	worker	@KompasEnt ;2017-09-23 - 2017-09-23;submitSocial;all;arwin
2017-09-25 05:10:57	worker	@HaiMagazine;2017-09-23 - 2017-09-23;submitSocial;all;arwin
2017-09-25 05:11:09	worker	@JakartaVenue;2017-09-23 - 2017-09-23;submitSocial;all;arwin
2017-09-25 05:11:21	worker	@SeputarEvent;2017-09-23 - 2017-09-23;submitSocial;all;arwin
2017-09-25 05:11:32	worker	@ismayaLive;2017-09-23 - 2017-09-23;submitSocial;all;arwin
2017-09-25 05:11:44	worker	@ECEntertainment;2017-09-23 - 2017-09-23;submitSocial;all;arwin
2017-09-25 05:11:56	worker	@synergism_En;2017-09-23 - 2017-09-23;submitSocial;all;arwin
2017-09-25 05:12:08	worker	@Urbanbandung;2017-09-23 - 2017-09-23;submitSocial;all;arwin
2017-09-25 05:12:20	worker	@Urbanrkm995;2017-09-23 - 2017-09-23;submitSocial;all;arwin
2017-09-25 05:12:31	worker	@Garuda_Promo;2017-09-23 - 2017-09-23;submitSocial;all;arwin
2017-09-25 05:12:43	worker	@AirAsiaID;2017-09-23 - 2017-09-23;submitSocial;all;arwin
2017-09-25 05:12:54	worker	@KAI121;2017-09-23 - 2017-09-23;submitSocial;all;arwin
2017-09-25 05:13:06	worker	@Unilever;2017-09-23 - 2017-09-23;submitSocial;all;arwin
2017-09-25 05:13:18	worker	@Nestle;2017-09-23 - 2017-09-23;submitSocial;all;arwin
2017-09-25 05:13:30	worker	@CocaCola;2017-09-23 - 2017-09-23;submitSocial;all;arwin
2017-09-25 05:13:43	worker	@CNN;2017-09-23 - 2017-09-23;submitSocial;all;arwin
2017-09-25 05:14:00	worker	@MTV;2017-09-23 - 2017-09-23;submitSocial;all;arwin
2017-09-25 05:14:19	worker	@channelv;2017-09-23 - 2017-09-23;submitSocial;all;arwin
2017-09-25 05:14:30	worker	@iTunesMusic;2017-09-23 - 2017-09-23;submitSocial;all;arwin
2017-09-25 05:14:42	worker	@mashable;2017-09-23 - 2017-09-23;submitSocial;all;arwin
2017-09-25 05:14:56	worker	@decacaz;2017-09-23 - 2017-09-23;submitSocial;all;arwin
2017-09-25 05:15:09	worker	@radiobaru967FM;2017-09-23 - 2017-09-23;submitSocial;all;arwin
2017-09-25 05:15:22	worker	@967HitzFM;2017-09-23 - 2017-09-23;submitSocial;all;arwin
2017-09-25 05:15:34	worker	@TVGuide;2017-09-23 - 2017-09-23;submitSocial;all;arwin
2017-09-25 05:15:46	worker	@XL123;2017-09-23 - 2017-09-23;submitSocial;all;arwin
2017-09-25 05:15:58	worker	@triindonesia;2017-09-23 - 2017-09-23;submitSocial;all;arwin
2017-09-25 05:16:10	worker	@kaskus;2017-09-23 - 2017-09-23;submitSocial;all;arwin
2017-09-25 05:16:22	worker	@Studio_XXI;2017-09-23 - 2017-09-23;submitSocial;all;arwin
2017-09-25 05:16:34	worker	@blitzmegaplex;2017-09-23 - 2017-09-23;submitSocial;all;arwin
2017-09-25 05:16:45	worker	@alfamartku;2017-09-23 - 2017-09-23;submitSocial;all;arwin
2017-09-25 05:16:57	worker	@Carrefour_ID;2017-09-23 - 2017-09-23;submitSocial;all;arwin
2017-09-25 05:17:08	worker	@BBCBreaking;2017-09-23 - 2017-09-23;submitSocial;all;arwin
2017-09-25 05:17:22	worker	@Forbes;2017-09-23 - 2017-09-23;submitSocial;all;arwin
2017-09-25 05:17:39	worker	@BensRadio;2017-09-23 - 2017-09-23;submitSocial;all;arwin
2017-09-25 05:17:50	worker	@instagram;2017-09-23 - 2017-09-23;submitSocial;all;arwin
2017-09-25 05:18:06	worker	@Pinterest;2017-09-23 - 2017-09-23;submitSocial;all;arwin
2017-09-25 05:18:18	worker	@google;2017-09-23 - 2017-09-23;submitSocial;all;arwin
2017-09-25 05:18:34	worker	@Pertaminalub;2017-09-23 - 2017-09-23;submitSocial;all;arwin
2017-09-25 05:18:45	worker	@InfoLalinTol;2017-09-23 - 2017-09-23;submitSocial;all;arwin
2017-09-25 05:18:57	worker	@PTJASAMARGA;2017-09-23 - 2017-09-23;submitSocial;all;arwin
2017-09-25 05:19:09	worker	@cititransindo;2017-09-23 - 2017-09-23;submitSocial;all;arwin
2017-09-25 05:19:20	worker	#semangatpagisuperr;2017-09-23 - 2017-09-23;submitSocial;all;arwin
2017-09-25 05:19:31	worker	#genkuisinsideout;2017-09-23 - 2017-09-23;submitSocial;all;arwin
2017-09-25 05:19:42	worker	#semangatpagi;2017-09-23 - 2017-09-23;submitSocial;all;arwin
2017-09-25 05:19:54	worker	#dikamar;2017-09-23 - 2017-09-23;submitSocial;all;arwin
2017-09-25 05:20:07	worker	#kopaja;2017-09-23 - 2017-09-23;submitSocial;all;arwin
2017-09-25 05:20:20	worker	#generaksi8;2017-09-23 - 2017-09-23;submitSocial;all;arwin
2017-09-25 05:20:31	worker	#hitztsp;2017-09-23 - 2017-09-23;submitSocial;all;arwin
2017-09-25 05:20:42	worker	#np;2017-09-23 - 2017-09-23;submitSocial;all;arwin
2017-09-25 05:20:55	worker	#hitzlivestage;2017-09-23 - 2017-09-23;submitSocial;all;arwin
2017-09-25 05:21:06	worker	#thefreaks;2017-09-23 - 2017-09-23;submitSocial;all;arwin
2017-09-25 05:21:18	worker	#hitzsirkuspagi;2017-09-23 - 2017-09-23;submitSocial;all;arwin
2017-09-25 05:21:29	worker	#hitzathlon;2017-09-23 - 2017-09-23;submitSocial;all;arwin
2017-09-25 05:21:40	worker	#hitzzombie;2017-09-23 - 2017-09-23;submitSocial;all;arwin
2017-09-25 05:21:52	worker	#hitzkalong;2017-09-23 - 2017-09-23;submitSocial;all;arwin
2017-09-25 05:22:03	worker	#hitzbebas;2017-09-23 - 2017-09-23;submitSocial;all;arwin
2017-09-25 05:22:15	worker	#hitzhorehara;2017-09-23 - 2017-09-23;submitSocial;all;arwin
2017-09-25 05:22:26	worker	@ZaloraID;2017-09-23 - 2017-09-23;submitSocial;all;arwin
2017-09-25 05:22:38	worker	@OLX_Indonesia;2017-09-23 - 2017-09-23;submitSocial;all;arwin
2017-09-25 05:22:49	worker	@LazadaID;2017-09-23 - 2017-09-23;submitSocial;all;arwin
2017-09-25 05:23:01	worker	@utrippers;2017-09-23 - 2017-09-23;submitSocial;all;arwin
2017-09-25 05:23:12	worker	@GoGobot;2017-09-23 - 2017-09-23;submitSocial;all;arwin
2017-09-25 05:23:24	worker	@viatortravel;2017-09-23 - 2017-09-23;submitSocial;all;arwin
2017-09-25 05:23:35	worker	@alandakariza;2017-09-23 - 2017-09-23;submitSocial;all;arwin
2017-09-25 05:23:47	worker	@gagasmedia;2017-09-23 - 2017-09-23;submitSocial;all;arwin
2017-09-25 05:23:58	worker	@welovehonda;2017-09-23 - 2017-09-23;submitSocial;all;arwin
2017-09-25 05:24:11	worker	@SuzukiMotorID;2017-09-23 - 2017-09-23;submitSocial;all;arwin
2017-09-25 05:24:22	worker	@kawasakilovers;2017-09-23 - 2017-09-23;submitSocial;all;arwin
2017-09-25 05:24:33	worker	@yamahaindonesia;2017-09-23 - 2017-09-23;submitSocial;all;arwin
2017-09-25 05:24:45	worker	@tripanzee;2017-09-23 - 2017-09-23;submitSocial;all;arwin
2017-09-25 05:24:56	worker	@arnoldpoernomo;2017-09-23 - 2017-09-23;submitSocial;all;arwin
2017-09-25 05:25:09	worker	@nicsap;2017-09-23 - 2017-09-23;submitSocial;all;arwin
2017-09-25 05:25:21	worker	@tiket2;2017-09-23 - 2017-09-23;submitSocial;all;arwin
2017-09-25 05:25:33	worker	@traveloka;2017-09-23 - 2017-09-23;submitSocial;all;arwin
2017-09-25 05:25:44	worker	@wego;2017-09-23 - 2017-09-23;submitSocial;all;arwin
2017-09-25 05:25:57	worker	@agoda;2017-09-23 - 2017-09-23;submitSocial;all;arwin
2017-09-25 05:26:09	worker	#salahsambung;2017-09-23 - 2017-09-23;submitSocial;all;arwin
2017-09-25 05:26:21	worker	#tulalit;2017-09-23 - 2017-09-23;submitSocial;all;arwin
2017-09-25 05:26:32	worker	#pestageneraksi8;2017-09-23 - 2017-09-23;submitSocial;all;arwin
2017-09-25 05:26:43	worker	#ganaskustik;2017-09-23 - 2017-09-23;submitSocial;all;arwin
2017-09-25 05:26:55	worker	#lnhot20;2017-09-23 - 2017-09-23;submitSocial;all;arwin
2017-09-25 05:27:06	worker	@TripAdvisor;2017-09-23 - 2017-09-23;submitSocial;all;arwin
2017-09-25 05:27:18	worker	@google;2017-09-23 - 2017-09-23;submitSocial;all;arwin
2017-09-25 05:27:34	worker	@Telkomsel;2017-09-23 - 2017-09-23;submitSocial;all;arwin
2017-09-25 05:27:47	worker	@indosat;2017-09-23 - 2017-09-23;submitSocial;all;arwin
2017-09-25 05:27:58	worker	@bahanafmjkt;2017-09-23 - 2017-09-23;submitSocial;all;2017-09-25 05:28:20	worker	@sonorafm92;2017-09-23 - 2017-09-23;submitSocial;all;arwin
2017-09-25 05:28:31	worker	@litefm1058;2017-09-23 - 2017-09-23;submitSocial;all;arwin
2017-09-25 05:28:42	worker	@Bravaradio;2017-09-23 - 2017-09-23;submitSocial;all;arwin
2017-09-25 05:28:53	worker	#dgitm;2017-09-23 - 2017-09-23;submitSocial;all;arwin
2017-09-25 05:29:06	worker	#hitsalaprambors;2017-09-23 - 2017-09-23;submitSocial;all;arwin
2017-09-25 05:29:17	worker	#reqprambors;2017-09-23 - 2017-09-23;submitSocial;all;arwin
2017-09-25 05:29:28	worker	#thedandees;2017-09-23 - 2017-09-23;submitSocial;all;arwin
2017-09-25 05:29:40	worker	#pramborsquiz;2017-09-23 - 2017-09-23;submitSocial;all;arwin
2017-09-25 05:29:51	worker	#jeliprambors;2017-09-23 - 2017-09-23;submitSocial;all;arwin
2017-09-25 05:30:05	worker	#jodohinprambors;2017-09-23 - 2017-09-23;submitSocial;all;arwin
2017-09-25 05:30:18	worker	#ubahdenganbicara;2017-09-23 - 2017-09-23;submitSocial;all;arwin
2017-09-25 05:30:29	worker	#pramborschat;2017-09-23 - 2017-09-23;submitSocial;all;arwin
2017-09-25 05:30:41	worker	#tweetforduit;2017-09-23 - 2017-09-23;submitSocial;all;arwin
2017-09-25 05:30:53	worker	#joki3in1;2017-09-23 - 2017-09-23;submitSocial;all;arwin
2017-09-25 05:31:04	worker	#sarapanseru;2017-09-23 - 2017-09-23;submitSocial;all;arwin
2017-09-25 05:31:15	worker	#rawonkaneloop;2017-09-23 - 2017-09-23;submitSocial;all;arwin
2017-09-25 05:31:27	worker	#gudegkendilkeraton;2017-09-23 - 2017-09-23;submitSocial;all;arwin
2017-09-25 05:31:38	worker	#gadogadobutika;2017-09-23 - 2017-09-23;submitSocial;all;arwin
2017-09-25 05:31:49	worker	#mtvhottest;2017-09-23 - 2017-09-23;submitSocial;all;arwin
2017-09-25 05:32:01	worker	#dimsumcjdw;2017-09-23 - 2017-09-23;submitSocial;all;arwin
2017-09-25 05:32:12	worker	#pecelmadiunmbakniek;2017-09-23 - 2017-09-23;submitSocial;all;arwin
2017-09-25 05:32:24	worker	#depotarema;2017-09-23 - 2017-09-23;submitSocial;all;arwin
2017-09-25 05:32:35	worker	@BNI46;2017-09-23 - 2017-09-23;submitSocial;all;arwin
2017-09-25 05:32:47	worker	@BANKBRI_ID;2017-09-23 - 2017-09-23;submitSocial;all;arwin
2017-09-25 05:32:58	worker	#bni46;2017-09-23 - 2017-09-23;submitSocial;all;arwin
2017-09-25 05:33:10	worker	macet;2017-09-23 - 2017-09-23;submitSocial;all;arwin
2017-09-25 05:33:23	worker	#selamatpagi;2017-09-23 - 2017-09-23;submitSocial;all;arwin
2017-09-25 05:33:34	worker	#selamatmalam;2017-09-23 - 2017-09-23;submitSocial;all;arwin
2017-09-25 05:33:45	worker	@884GlobalRadio;2017-09-23 - 2017-09-23;submitSocial;all;arwin
2017-09-25 05:33:57	worker	@day_trans;2017-09-23 - 2017-09-23;submitSocial;all;arwin
2017-09-25 05:34:08	worker	@kencanavoyage;2017-09-23 - 2017-09-23;submitSocial;all;arwin
2017-09-25 05:34:20	worker	@jukebox5d;2017-09-23 - 2017-09-23;submitSocial;all;arwin
2017-09-25 05:34:31	worker	#mtvhottest;2017-09-23 - 2017-09-23;submitSocial;all;arwin
2017-09-25 05:34:43	worker	#semangatpagi;2017-09-23 - 2017-09-23;submitSocial;all;arwin
2017-09-25 05:34:54	worker	lifebuoy;2017-09-23 - 2017-09-23;submitSocial;all;arwin
2017-09-25 05:35:07	worker	jokowi;2017-09-23 - 2017-09-23;submitSocial;all;arwin
2017-09-25 05:35:23	worker	obama;2017-09-23 - 2017-09-23;submitSocial;all;arwin
2017-09-25 05:35:41	worker	starwars;2017-09-23 - 2017-09-23;submitSocial;all;arwin
2017-09-25 05:35:54	worker	jonan;2017-09-23 - 2017-09-23;submitSocial;all;arwin
2017-09-25 05:36:07	worker	pagi;2017-09-23 - 2017-09-23;submitSocial;all;arwin
2017-09-25 05:36:25	worker	sampoerna;2017-09-23 - 2017-09-23;submitSocial;all;arwin
2017-09-25 05:36:36	worker	djarum;2017-09-23 - 2017-09-23;submitSocial;all;arwin
2017-09-25 05:36:48	worker	#semangatpagi;2017-09-23 - 2017-09-23;submitSocial;all;arwin
2017-09-25 05:37:00	worker	#generaksi8;2017-09-23 - 2017-09-23;submitSocial;all;arwin
2017-09-25 05:37:11	worker	#365alasan;2017-09-23 - 2017-09-23;submitSocial;all;arwin
2017-09-25 05:37:23	worker	weew;2017-09-23 - 2017-09-23;submitSocial;all;arwin
2017-09-25 05:37:35	worker	testing;2017-09-23 - 2017-09-23;submitSocial;all;arwin
2017-09-25 05:37:53	worker	#kopaja;2017-09-23 - 2017-09-23;submitSocial;all;arwin
2017-09-25 05:38:05	worker	#genkuisinsideout;2017-09-23 - 2017-09-23;submitSocial;all;arwin
2017-09-25 05:38:16	worker	starwars;2017-09-23 - 2017-09-23;submitSocial;all;arwin
2017-09-25 05:38:28	worker	#kopaja;2017-09-23 - 2017-09-23;submitSocial;all;arwin
2017-09-25 05:38:40	worker	mldspot;2017-09-23 - 2017-09-23;submitSocial;all;arwin
2017-09-25 05:38:51	worker	PBDjarum;2017-09-23 - 2017-09-23;submitSocial;all;arwin
2017-09-25 05:39:03	worker	TemanNabati;2017-09-23 - 2017-09-23;submitSocial;all;arwin
2017-09-25 05:39:15	worker	Nextar;2017-09-23 - 2017-09-23;submitSocial;all;arwin
2017-09-25 05:39:27	worker	jokowo;2017-09-23 - 2017-09-23;submitSocial;all;arwin
2017-09-25 05:39:39	worker	prabowo;2017-09-23 - 2017-09-23;submitSocial;all;arwin
2017-09-25 05:39:52	worker	sudirman said;2017-09-23 - 2017-09-23;submitSocial;all;arwin
2017-09-25 05:40:04	worker	ahok;2017-09-23 - 2017-09-23;submitSocial;all;arwin
2017-09-25 05:40:19	worker	setyanovanto;2017-09-23 - 2017-09-23;submitSocial;all;arwin
2017-09-25 05:40:31	worker	jokowi;2017-09-23 - 2017-09-23;submitSocial;all;arwin
2017-09-25 05:40:45	worker	ahok;2017-09-23 - 2017-09-23;submitSocial;all;arwin
2017-09-25 05:40:59	worker	prabowo;2017-09-23 - 2017-09-23;submitSocial;all;arwin
2017-09-25 05:41:12	worker	sudirman said;2017-09-23 - 2017-09-23;submitSocial;all;arwin
2017-09-25 05:41:24	worker	setyanovanto;2017-09-23 - 2017-09-23;submitSocial;all;arwin
2017-09-25 05:41:35	worker	galau;2017-09-23 - 2017-09-23;submitSocial;all;arwin
2017-09-25 05:41:48	worker	#prestasiindonesia;2017-09-23 - 2017-09-23;submitSocial;all;arwin
2017-09-25 05:42:00	worker	@Tw_Debi;2017-09-23 - 2017-09-23;submitSocial;all;arwin
2017-09-25 05:42:11	worker	@OfficialFastron;2017-09-23 - 2017-09-23;submitSocial;all;arwin
2017-09-25 05:42:23	worker	@CitibankID;2017-09-23 - 2017-09-23;submitSocial;all;arwin
2017-09-25 05:42:34	worker	@jak101fm;2017-09-23 - 2017-09-23;submitSocial;all;arwin
2017-09-25 05:42:46	worker	@genfm;2017-09-23 - 2017-09-23;submitSocial;all;arwin
