2017-11-25 05:00:05	[{"keyword":"@987genfm","from":"2017-11-23","mode":"submitSocial","container":"all","username":"arwin"}]
2017-11-25 05:00:08	[{"keyword":"@101jakfm","from":"2017-11-23","mode":"submitSocial","container":"all","username":"arwin"}]
2017-11-25 05:00:11	[{"keyword":"@prambors","from":"2017-11-23","mode":"submitSocial","container":"all","username":"arwin"}]
2017-11-25 05:00:14	[{"keyword":"@hardrockfm","from":"2017-11-23","mode":"submitSocial","container":"all","username":"arwin"}]
2017-11-25 05:00:16	[{"keyword":"@kisfmjakarta","from":"2017-11-23","mode":"submitSocial","container":"all","username":"arwin"}]
2017-11-25 05:00:19	[{"keyword":"@delta_fm","from":"2017-11-23","mode":"submitSocial","container":"all","username":"arwin"}]
2017-11-25 05:00:22	[{"keyword":"@traxfmjkt","from":"2017-11-23","mode":"submitSocial","container":"all","username":"arwin"}]
2017-11-25 05:00:25	[{"keyword":"@iradiojakarta","from":"2017-11-23","mode":"submitSocial","container":"all","username":"arwin"}]
2017-11-25 05:00:27	[{"keyword":"@indika9160fm","from":"2017-11-23","mode":"submitSocial","container":"all","username":"arwin"}]
2017-11-25 05:00:30	[{"keyword":"@shellindonesia","from":"2017-11-23","mode":"submitSocial","container":"all","username":"arwin"}]
2017-11-25 05:00:32	[{"keyword":"@vpowerfans","from":"2017-11-23","mode":"submitSocial","container":"all","username":"arwin"}]
2017-11-25 05:00:35	[{"keyword":"@pertamaxind","from":"2017-11-23","mode":"submitSocial","container":"all","username":"arwin"}]
2017-11-25 05:00:37	[{"keyword":"@ptpertamina","from":"2017-11-23","mode":"submitSocial","container":"all","username":"arwin"}]
2017-11-25 05:00:40	[{"keyword":"@ozradiojakarta","from":"2017-11-23","mode":"submitSocial","container":"all","username":"arwin"}]
2017-11-25 05:00:42	[{"keyword":"@cosmopolitanfm","from":"2017-11-23","mode":"submitSocial","container":"all","username":"arwin"}]
2017-11-25 05:00:45	[{"keyword":"@mustang88fm","from":"2017-11-23","mode":"submitSocial","container":"all","username":"arwin"}]
2017-11-25 05:00:47	[{"keyword":"@debabaz","from":"2017-11-23","mode":"submitSocial","container":"all","username":"arwin"}]
2017-11-25 05:00:51	[{"keyword":"@detikcom","from":"2017-11-23","mode":"submitSocial","container":"all","username":"arwin"}]
2017-11-25 05:00:54	[{"keyword":"@radioelshinta","from":"2017-11-23","mode":"submitSocial","container":"all","username":"arwin"}]
2017-11-25 05:00:56	[{"keyword":"@cinema21","from":"2017-11-23","mode":"submitSocial","container":"all","username":"arwin"}]
2017-11-25 05:00:59	[{"keyword":"@officialrcti","from":"2017-11-23","mode":"submitSocial","container":"all","username":"arwin"}]
2017-11-25 05:01:02	[{"keyword":"@transtv_corp","from":"2017-11-23","mode":"submitSocial","container":"all","username":"arwin"}]
2017-11-25 05:01:05	[{"keyword":"@trans7","from":"2017-11-23","mode":"submitSocial","container":"all","username":"arwin"}]
2017-11-25 05:01:08	[{"keyword":"@metro_tv","from":"2017-11-23","mode":"submitSocial","container":"all","username":"arwin"}]
2017-11-25 05:01:11	[{"keyword":"@tvonenews","from":"2017-11-23","mode":"submitSocial","container":"all","username":"arwin"}]
2017-11-25 05:01:14	[{"keyword":"@whatsonantv","from":"2017-11-23","mode":"submitSocial","container":"all","username":"arwin"}]
2017-11-25 05:01:17	[{"keyword":"@sctv_","from":"2017-11-23","mode":"submitSocial","container":"all","username":"arwin"}]
2017-11-25 05:01:20	[{"keyword":"@kompastv","from":"2017-11-23","mode":"submitSocial","container":"all","username":"arwin"}]
2017-11-25 05:01:23	[{"keyword":"@netmediatama","from":"2017-11-23","mode":"submitSocial","container":"all","username":"arwin"}]
2017-11-25 05:01:26	[{"keyword":"@globaltvseru","from":"2017-11-23","mode":"submitSocial","container":"all","username":"arwin"}]
2017-11-25 05:01:28	[{"keyword":"@jaktvcom","from":"2017-11-23","mode":"submitSocial","container":"all","username":"arwin"}]
2017-11-25 05:01:31	[{"keyword":"@tvrinasional","from":"2017-11-23","mode":"submitSocial","container":"all","username":"arwin"}]
2017-11-25 05:01:33	[{"keyword":"@ochannelupdates","from":"2017-11-23","mode":"submitSocial","container":"all","username":"arwin"}]
2017-11-25 05:01:37	[{"keyword":"@indosiarid","from":"2017-11-23","mode":"submitSocial","container":"all","username":"arwin"}]
2017-11-25 05:01:42	[{"keyword":"@kompascom","from":"2017-11-23","mode":"submitSocial","container":"all","username":"arwin"}]
2017-11-25 05:01:44	[{"keyword":"@merdekadotcom","from":"2017-11-23","mode":"submitSocial","container":"all","username":"arwin"}]
2017-11-25 05:01:47	[{"keyword":"@midotcom","from":"2017-11-23","mode":"submitSocial","container":"all","username":"arwin"}]
2017-11-25 05:01:50	[{"keyword":"@tempodotco","from":"2017-11-23","mode":"submitSocial","container":"all","username":"arwin"}]
2017-11-25 05:01:53	[{"keyword":"@motion975fm","from":"2017-11-23","mode":"submitSocial","container":"all","username":"arwin"}]
2017-11-25 05:01:55	[{"keyword":"@_radiotoday","from":"2017-11-23","mode":"submitSocial","container":"all","username":"arwin"}]
2017-11-25 05:01:58	[{"keyword":"@radioinfo","from":"2017-11-23","mode":"submitSocial","container":"all","username":"arwin"}]
2017-11-25 05:02:00	[{"keyword":"@979femaleradio","from":"2017-11-23","mode":"submitSocial","container":"all","username":"arwin"}]
2017-11-25 05:02:03	[{"keyword":"@womanradio943fm","from":"2017-11-23","mode":"submitSocial","container":"all","username":"arwin"}]
2017-11-25 05:02:05	[{"keyword":"@vradiofm","from":"2017-11-23","mode":"submitSocial","container":"all","username":"arwin"}]
2017-11-25 05:02:08	[{"keyword":"@ufm947","from":"2017-11-23","mode":"submitSocial","container":"all","username":"arwin"}]
2017-11-25 05:02:10	[{"keyword":"@vivanews","from":"2017-11-23","mode":"submitSocial","container":"all","username":"arwin"}]
2017-11-25 05:02:13	[{"keyword":"@antaranews","from":"2017-11-23","mode":"submitSocial","container":"all","username":"arwin"}]
2017-11-25 05:02:17	[{"keyword":"@tribunnews","from":"2017-11-23","mode":"submitSocial","container":"all","username":"arwin"}]
2017-11-25 05:02:20	[{"keyword":"@okezonenews","from":"2017-11-23","mode":"submitSocial","container":"all","username":"arwin"}]
2017-11-25 05:02:23	[{"keyword":"@beritasatu","from":"2017-11-23","mode":"submitSocial","container":"all","username":"arwin"}]
2017-11-25 05:02:25	[{"keyword":"@rollingstoneina","from":"2017-11-23","mode":"submitSocial","container":"all","username":"arwin"}]
2017-11-25 05:02:28	[{"keyword":"@fimeladotcom","from":"2017-11-23","mode":"submitSocial","container":"all","username":"arwin"}]
2017-11-25 05:02:30	[{"keyword":"@kapanlagicom","from":"2017-11-23","mode":"submitSocial","container":"all","username":"arwin"}]
2017-11-25 05:02:33	[{"keyword":"@kompasent","from":"2017-11-23","mode":"submitSocial","container":"all","username":"arwin"}]
2017-11-25 05:02:35	[{"keyword":"@haimagazine","from":"2017-11-23","mode":"submitSocial","container":"all","username":"arwin"}]
2017-11-25 05:02:38	[{"keyword":"@jakartavenue","from":"2017-11-23","mode":"submitSocial","container":"all","username":"arwin"}]
2017-11-25 05:02:40	[{"keyword":"@seputarevent","from":"2017-11-23","mode":"submitSocial","container":"all","username":"arwin"}]
2017-11-25 05:02:43	[{"keyword":"@ismayalive","from":"2017-11-23","mode":"submitSocial","container":"all","username":"arwin"}]
2017-11-25 05:02:45	[{"keyword":"@ecentertainment","from":"2017-11-23","mode":"submitSocial","container":"all","username":"arwin"}]
2017-11-25 05:02:48	[{"keyword":"@synergism_en","from":"2017-11-23","mode":"submitSocial","container":"all","username":"arwin"}]
2017-11-25 05:02:50	[{"keyword":"@urbanbandung","from":"2017-11-23","mode":"submitSocial","container":"all","username":"arwin"}]
2017-11-25 05:02:52	[{"keyword":"@urbanrkm995","from":"2017-11-23","mode":"submitSocial","container":"all","username":"arwin"}]
2017-11-25 05:02:54	[{"keyword":"@garuda_promo","from":"2017-11-23","mode":"submitSocial","container":"all","username":"arwin"}]
2017-11-25 05:02:57	[{"keyword":"@airasiaid","from":"2017-11-23","mode":"submitSocial","container":"all","username":"arwin"}]
2017-11-25 05:03:00	[{"keyword":"@kai121","from":"2017-11-23","mode":"submitSocial","container":"all","username":"arwin"}]
2017-11-25 05:03:03	[{"keyword":"@unilever","from":"2017-11-23","mode":"submitSocial","container":"all","username":"arwin"}]
2017-11-25 05:03:06	[{"keyword":"@nestle","from":"2017-11-23","mode":"submitSocial","container":"all","username":"arwin"}]
2017-11-25 05:03:09	[{"keyword":"@cocacola","from":"2017-11-23","mode":"submitSocial","container":"all","username":"arwin"}]
2017-11-25 05:03:16	[{"keyword":"@cnn","from":"2017-11-23","mode":"submitSocial","container":"all","username":"arwin"}]
2017-11-25 05:03:21	[{"keyword":"@mtv","from":"2017-11-23","mode":"submitSocial","container":"all","username":"arwin"}]
2017-11-25 05:03:23	[{"keyword":"@channelv","from":"2017-11-23","mode":"submitSocial","container":"all","username":"arwin"}]
2017-11-25 05:03:26	[{"keyword":"@itunesmusic","from":"2017-11-23","mode":"submitSocial","container":"all","username":"arwin"}]
2017-11-25 05:03:30	[{"keyword":"@mashable","from":"2017-11-23","mode":"submitSocial","container":"all","username":"arwin"}]
2017-11-25 05:03:32	[{"keyword":"@decacaz","from":"2017-11-23","mode":"submitSocial","container":"all","username":"arwin"}]
2017-11-25 05:03:34	[{"keyword":"@radiobaru967fm","from":"2017-11-23","mode":"submitSocial","container":"all","username":"arwin"}]
2017-11-25 05:03:37	[{"keyword":"@967hitzfm","from":"2017-11-23","mode":"submitSocial","container":"all","username":"arwin"}]
2017-11-25 05:03:40	[{"keyword":"@tvguide","from":"2017-11-23","mode":"submitSocial","container":"all","username":"arwin"}]
2017-11-25 05:03:43	[{"keyword":"@xl123","from":"2017-11-23","mode":"submitSocial","container":"all","username":"arwin"}]
2017-11-25 05:03:46	[{"keyword":"@triindonesia","from":"2017-11-23","mode":"submitSocial","container":"all","username":"arwin"}]
2017-11-25 05:03:48	[{"keyword":"@kaskus","from":"2017-11-23","mode":"submitSocial","container":"all","username":"arwin"}]
2017-11-25 05:03:51	[{"keyword":"@studio_xxi","from":"2017-11-23","mode":"submitSocial","container":"all","username":"arwin"}]
2017-11-25 05:03:53	[{"keyword":"@blitzmegaplex","from":"2017-11-23","mode":"submitSocial","container":"all","username":"arwin"}]
2017-11-25 05:03:55	[{"keyword":"@alfamartku","from":"2017-11-23","mode":"submitSocial","container":"all","username":"arwin"}]
2017-11-25 05:03:58	[{"keyword":"@carrefour_id","from":"2017-11-23","mode":"submitSocial","container":"all","username":"arwin"}]
2017-11-25 05:04:02	[{"keyword":"@bbcbreaking","from":"2017-11-23","mode":"submitSocial","container":"all","username":"arwin"}]
2017-11-25 05:04:09	[{"keyword":"@forbes","from":"2017-11-23","mode":"submitSocial","container":"all","username":"arwin"}]
2017-11-25 05:04:12	[{"keyword":"@bensradio","from":"2017-11-23","mode":"submitSocial","container":"all","username":"arwin"}]
2017-11-25 05:04:17	[{"keyword":"@instagram","from":"2017-11-23","mode":"submitSocial","container":"all","username":"arwin"}]
2017-11-25 05:04:20	[{"keyword":"@pinterest","from":"2017-11-23","mode":"submitSocial","container":"all","username":"arwin"}]
2017-11-25 05:04:28	[{"keyword":"@google","from":"2017-11-23","mode":"submitSocial","container":"all","username":"arwin"}]
2017-11-25 05:04:30	[{"keyword":"@pertaminalub","from":"2017-11-23","mode":"submitSocial","container":"all","username":"arwin"}]
2017-11-25 05:04:33	[{"keyword":"@infolalintol","from":"2017-11-23","mode":"submitSocial","container":"all","username":"arwin"}]
2017-11-25 05:04:35	[{"keyword":"@ptjasamarga","from":"2017-11-23","mode":"submitSocial","container":"all","username":"arwin"}]
2017-11-25 05:04:38	[{"keyword":"@cititransindo","from":"2017-11-23","mode":"submitSocial","container":"all","username":"arwin"}]
2017-11-25 05:04:40	[{"keyword":"#semangatpagisuperr","from":"2017-11-23","mode":"submitSocial","container":"all","username":"arwin"}]
2017-11-25 05:04:42	[{"keyword":"#genkuisinsideout","from":"2017-11-23","mode":"submitSocial","container":"all","username":"arwin"}]
2017-11-25 05:04:44	[{"keyword":"#semangatpagi","from":"2017-11-23","mode":"submitSocial","container":"all","username":"arwin"}]
2017-11-25 05:04:47	[{"keyword":"#dikamar","from":"2017-11-23","mode":"submitSocial","container":"all","username":"arwin"}]
2017-11-25 05:04:50	[{"keyword":"#kopaja","from":"2017-11-23","mode":"submitSocial","container":"all","username":"arwin"}]
2017-11-25 05:04:52	[{"keyword":"#generaksi8","from":"2017-11-23","mode":"submitSocial","container":"all","username":"arwin"}]
2017-11-25 05:04:54	[{"keyword":"#hitztsp","from":"2017-11-23","mode":"submitSocial","container":"all","username":"arwin"}]
2017-11-25 05:04:58	[{"keyword":"#np","from":"2017-11-23","mode":"submitSocial","container":"all","username":"arwin"}]
2017-11-25 05:05:00	[{"keyword":"#hitzlivestage","from":"2017-11-23","mode":"submitSocial","container":"all","username":"arwin"}]
2017-11-25 05:05:04	[{"keyword":"#thefreaks","from":"2017-11-23","mode":"submitSocial","container":"all","username":"arwin"}]
2017-11-25 05:05:06	[{"keyword":"#hitzsirkuspagi","from":"2017-11-23","mode":"submitSocial","container":"all","username":"arwin"}]
2017-11-25 05:05:08	[{"keyword":"#hitzathlon","from":"2017-11-23","mode":"submitSocial","container":"all","username":"arwin"}]
2017-11-25 05:05:11	[{"keyword":"#hitzzombie","from":"2017-11-23","mode":"submitSocial","container":"all","username":"arwin"}]
2017-11-25 05:05:13	[{"keyword":"#hitzkalong","from":"2017-11-23","mode":"submitSocial","container":"all","username":"arwin"}]
2017-11-25 05:05:16	[{"keyword":"#hitzbebas","from":"2017-11-23","mode":"submitSocial","container":"all","username":"arwin"}]
2017-11-25 05:05:18	[{"keyword":"#hitzhorehara","from":"2017-11-23","mode":"submitSocial","container":"all","username":"arwin"}]
2017-11-25 05:05:21	[{"keyword":"@zaloraid","from":"2017-11-23","mode":"submitSocial","container":"all","username":"arwin"}]
2017-11-25 05:05:24	[{"keyword":"@olx_indonesia","from":"2017-11-23","mode":"submitSocial","container":"all","username":"arwin"}]
2017-11-25 05:05:26	[{"keyword":"@lazadaid","from":"2017-11-23","mode":"submitSocial","container":"all","username":"arwin"}]
2017-11-25 05:05:29	[{"keyword":"@utrippers","from":"2017-11-23","mode":"submitSocial","container":"all","username":"arwin"}]
2017-11-25 05:05:32	[{"keyword":"@gogobot","from":"2017-11-23","mode":"submitSocial","container":"all","username":"arwin"}]
2017-11-25 05:05:34	[{"keyword":"@viatortravel","from":"2017-11-23","mode":"submitSocial","container":"all","username":"arwin"}]
2017-11-25 05:05:37	[{"keyword":"@alandakariza","from":"2017-11-23","mode":"submitSocial","container":"all","username":"arwin"}]
2017-11-25 05:05:40	[{"keyword":"@gagasmedia","from":"2017-11-23","mode":"submitSocial","container":"all","username":"arwin"}]
2017-11-25 05:05:43	[{"keyword":"@welovehonda","from":"2017-11-23","mode":"submitSocial","container":"all","username":"arwin"}]
2017-11-25 05:05:45	[{"keyword":"@suzukimotorid","from":"2017-11-23","mode":"submitSocial","container":"all","username":"arwin"}]
2017-11-25 05:05:47	[{"keyword":"@kawasakilovers","from":"2017-11-23","mode":"submitSocial","container":"all","username":"arwin"}]
2017-11-25 05:05:50	[{"keyword":"@yamahaindonesia","from":"2017-11-23","mode":"submitSocial","container":"all","username":"arwin"}]
2017-11-25 05:05:52	[{"keyword":"@tripanzee","from":"2017-11-23","mode":"submitSocial","container":"all","username":"arwin"}]
2017-11-25 05:05:55	[{"keyword":"@arnoldpoernomo","from":"2017-11-23","mode":"submitSocial","container":"all","username":"arwin"}]
2017-11-25 05:05:57	[{"keyword":"@nicsap","from":"2017-11-23","mode":"submitSocial","container":"all","username":"arwin"}]
2017-11-25 05:06:00	[{"keyword":"@tiket2","from":"2017-11-23","mode":"submitSocial","container":"all","username":"arwin"}]
2017-11-25 05:06:03	[{"keyword":"@traveloka","from":"2017-11-23","mode":"submitSocial","container":"all","username":"arwin"}]
2017-11-25 05:06:06	[{"keyword":"@wego","from":"2017-11-23","mode":"submitSocial","container":"all","username":"arwin"}]
2017-11-25 05:06:10	[{"keyword":"@agoda","from":"2017-11-23","mode":"submitSocial","container":"all","username":"arwin"}]
2017-11-25 05:06:12	[{"keyword":"#salahsambung","from":"2017-11-23","mode":"submitSocial","container":"all","username":"arwin"}]
2017-11-25 05:06:15	[{"keyword":"#tulalit","from":"2017-11-23","mode":"submitSocial","container":"all","username":"arwin"}]
2017-11-25 05:06:16	[{"keyword":"#pestageneraksi8","from":"2017-11-23","mode":"submitSocial","container":"all","username":"arwin"}]
2017-11-25 05:06:19	[{"keyword":"#ganaskustik","from":"2017-11-23","mode":"submitSocial","container":"all","username":"arwin"}]
2017-11-25 05:06:21	[{"keyword":"#lnhot20","from":"2017-11-23","mode":"submitSocial","container":"all","username":"arwin"}]
2017-11-25 05:06:24	[{"keyword":"@tripadvisor","from":"2017-11-23","mode":"submitSocial","container":"all","username":"arwin"}]
2017-11-25 05:06:32	[{"keyword":"@google","from":"2017-11-23","mode":"submitSocial","container":"all","username":"arwin"}]
2017-11-25 05:06:35	[{"keyword":"@telkomsel","from":"2017-11-23","mode":"submitSocial","container":"all","username":"arwin"}]
2017-11-25 05:06:38	[{"keyword":"@indosat","from":"2017-11-23","mode":"submitSocial","container":"all","username":"arwin"}]
2017-11-25 05:06:42	[{"keyword":"@bahanafmjkt","from":"2017-11-23","mode":"submitSocial","container":"all","username":""}]
2017-11-25 05:06:46	[{"keyword":"@sonorafm92","from":"2017-11-23","mode":"submitSocial","container":"all","username":"arwin"}]
2017-11-25 05:06:48	[{"keyword":"@litefm1058","from":"2017-11-23","mode":"submitSocial","container":"all","username":"arwin"}]
2017-11-25 05:06:50	[{"keyword":"@bravaradio","from":"2017-11-23","mode":"submitSocial","container":"all","username":"arwin"}]
2017-11-25 05:06:53	[{"keyword":"#dgitm","from":"2017-11-23","mode":"submitSocial","container":"all","username":"arwin"}]
2017-11-25 05:06:56	[{"keyword":"#hitsalaprambors","from":"2017-11-23","mode":"submitSocial","container":"all","username":"arwin"}]
2017-11-25 05:06:58	[{"keyword":"#reqprambors","from":"2017-11-23","mode":"submitSocial","container":"all","username":"arwin"}]
2017-11-25 05:07:00	[{"keyword":"#thedandees","from":"2017-11-23","mode":"submitSocial","container":"all","username":"arwin"}]
2017-11-25 05:07:02	[{"keyword":"#pramborsquiz","from":"2017-11-23","mode":"submitSocial","container":"all","username":"arwin"}]
2017-11-25 05:07:05	[{"keyword":"#jeliprambors","from":"2017-11-23","mode":"submitSocial","container":"all","username":"arwin"}]
2017-11-25 05:07:07	[{"keyword":"#jodohinprambors","from":"2017-11-23","mode":"submitSocial","container":"all","username":"arwin"}]
2017-11-25 05:07:10	[{"keyword":"#ubahdenganbicara","from":"2017-11-23","mode":"submitSocial","container":"all","username":"arwin"}]
2017-11-25 05:07:12	[{"keyword":"#pramborschat","from":"2017-11-23","mode":"submitSocial","container":"all","username":"arwin"}]
2017-11-25 05:07:14	[{"keyword":"#tweetforduit","from":"2017-11-23","mode":"submitSocial","container":"all","username":"arwin"}]
2017-11-25 05:07:17	[{"keyword":"#joki3in1","from":"2017-11-23","mode":"submitSocial","container":"all","username":"arwin"}]
2017-11-25 05:07:19	[{"keyword":"#sarapanseru","from":"2017-11-23","mode":"submitSocial","container":"all","username":"arwin"}]
2017-11-25 05:07:21	[{"keyword":"#rawonkaneloop","from":"2017-11-23","mode":"submitSocial","container":"all","username":"arwin"}]
2017-11-25 05:07:23	[{"keyword":"#gudegkendilkeraton","from":"2017-11-23","mode":"submitSocial","container":"all","username":"arwin"}]
2017-11-25 05:07:26	[{"keyword":"#gadogadobutika","from":"2017-11-23","mode":"submitSocial","container":"all","username":"arwin"}]
2017-11-25 05:07:28	[{"keyword":"#mtvhottest","from":"2017-11-23","mode":"submitSocial","container":"all","username":"arwin"}]
2017-11-25 05:07:31	[{"keyword":"#dimsumcjdw","from":"2017-11-23","mode":"submitSocial","container":"all","username":"arwin"}]
2017-11-25 05:07:33	[{"keyword":"#pecelmadiunmbakniek","from":"2017-11-23","mode":"submitSocial","container":"all","username":"arwin"}]
2017-11-25 05:07:35	[{"keyword":"#depotarema","from":"2017-11-23","mode":"submitSocial","container":"all","username":"arwin"}]
2017-11-25 05:07:38	[{"keyword":"@bni46","from":"2017-11-23","mode":"submitSocial","container":"all","username":"arwin"}]
2017-11-25 05:07:40	[{"keyword":"@bankbri_id","from":"2017-11-23","mode":"submitSocial","container":"all","username":"arwin"}]
2017-11-25 05:07:43	[{"keyword":"#bni46","from":"2017-11-23","mode":"submitSocial","container":"all","username":"arwin"}]
2017-11-25 05:07:47	[{"keyword":"macet","from":"2017-11-23","mode":"submitSocial","container":"all","username":"arwin"}]
2017-11-25 05:07:50	[{"keyword":"#selamatpagi","from":"2017-11-23","mode":"submitSocial","container":"all","username":"arwin"}]
2017-11-25 05:07:52	[{"keyword":"#selamatmalam","from":"2017-11-23","mode":"submitSocial","container":"all","username":"arwin"}]
2017-11-25 05:07:54	[{"keyword":"@884globalradio","from":"2017-11-23","mode":"submitSocial","container":"all","username":"arwin"}]
2017-11-25 05:07:57	[{"keyword":"@day_trans","from":"2017-11-23","mode":"submitSocial","container":"all","username":"arwin"}]
2017-11-25 05:07:59	[{"keyword":"@kencanavoyage","from":"2017-11-23","mode":"submitSocial","container":"all","username":"arwin"}]
2017-11-25 05:08:02	[{"keyword":"@jukebox5d","from":"2017-11-23","mode":"submitSocial","container":"all","username":"arwin"}]
2017-11-25 05:08:04	[{"keyword":"#mtvhottest","from":"2017-11-23","mode":"submitSocial","container":"all","username":"arwin"}]
2017-11-25 05:08:07	[{"keyword":"#semangatpagi","from":"2017-11-23","mode":"submitSocial","container":"all","username":"arwin"}]
2017-11-25 05:08:09	[{"keyword":"lifebuoy","from":"2017-11-23","mode":"submitSocial","container":"all","username":"arwin"}]
2017-11-25 05:08:15	[{"keyword":"jokowi","from":"2017-11-23","mode":"submitSocial","container":"all","username":"arwin"}]
2017-11-25 05:08:24	[{"keyword":"obama","from":"2017-11-23","mode":"submitSocial","container":"all","username":"arwin"}]
2017-11-25 05:08:27	[{"keyword":"starwars","from":"2017-11-23","mode":"submitSocial","container":"all","username":"arwin"}]
2017-11-25 05:08:31	[{"keyword":"jonan","from":"2017-11-23","mode":"submitSocial","container":"all","username":"arwin"}]
2017-11-25 05:08:39	[{"keyword":"pagi","from":"2017-11-23","mode":"submitSocial","container":"all","username":"arwin"}]
2017-11-25 05:08:41	[{"keyword":"sampoerna","from":"2017-11-23","mode":"submitSocial","container":"all","username":"arwin"}]
2017-11-25 05:08:45	[{"keyword":"djarum","from":"2017-11-23","mode":"submitSocial","container":"all","username":"arwin"}]
2017-11-25 05:08:47	[{"keyword":"#semangatpagi","from":"2017-11-23","mode":"submitSocial","container":"all","username":"arwin"}]
2017-11-25 05:08:49	[{"keyword":"#generaksi8","from":"2017-11-23","mode":"submitSocial","container":"all","username":"arwin"}]
2017-11-25 05:08:51	[{"keyword":"#365alasan","from":"2017-11-23","mode":"submitSocial","container":"all","username":"arwin"}]
2017-11-25 05:08:55	[{"keyword":"weew","from":"2017-11-23","mode":"submitSocial","container":"all","username":"arwin"}]
2017-11-25 05:09:02	[{"keyword":"testing","from":"2017-11-23","mode":"submitSocial","container":"all","username":"arwin"}]
2017-11-25 05:09:05	[{"keyword":"#kopaja","from":"2017-11-23","mode":"submitSocial","container":"all","username":"arwin"}]
2017-11-25 05:09:07	[{"keyword":"#genkuisinsideout","from":"2017-11-23","mode":"submitSocial","container":"all","username":"arwin"}]
2017-11-25 05:09:10	[{"keyword":"starwars","from":"2017-11-23","mode":"submitSocial","container":"all","username":"arwin"}]
2017-11-25 05:09:13	[{"keyword":"#kopaja","from":"2017-11-23","mode":"submitSocial","container":"all","username":"arwin"}]
2017-11-25 05:09:16	[{"keyword":"mldspot","from":"2017-11-23","mode":"submitSocial","container":"all","username":"arwin"}]
2017-11-25 05:09:18	[{"keyword":"pbdjarum","from":"2017-11-23","mode":"submitSocial","container":"all","username":"arwin"}]
2017-11-25 05:09:21	[{"keyword":"temannabati","from":"2017-11-23","mode":"submitSocial","container":"all","username":"arwin"}]
2017-11-25 05:09:24	[{"keyword":"nextar","from":"2017-11-23","mode":"submitSocial","container":"all","username":"arwin"}]
2017-11-25 05:09:27	[{"keyword":"jokowo","from":"2017-11-23","mode":"submitSocial","container":"all","username":"arwin"}]
2017-11-25 05:09:30	[{"keyword":"prabowo","from":"2017-11-23","mode":"submitSocial","container":"all","username":"arwin"}]
2017-11-25 05:09:33	[{"keyword":"sudirman said","from":"2017-11-23","mode":"submitSocial","container":"all","username":"arwin"}]
2017-11-25 05:09:41	[{"keyword":"ahok","from":"2017-11-23","mode":"submitSocial","container":"all","username":"arwin"}]
2017-11-25 05:09:43	[{"keyword":"setyanovanto","from":"2017-11-23","mode":"submitSocial","container":"all","username":"arwin"}]
2017-11-25 05:09:49	[{"keyword":"jokowi","from":"2017-11-23","mode":"submitSocial","container":"all","username":"arwin"}]
2017-11-25 05:09:56	[{"keyword":"ahok","from":"2017-11-23","mode":"submitSocial","container":"all","username":"arwin"}]
2017-11-25 05:09:59	[{"keyword":"prabowo","from":"2017-11-23","mode":"submitSocial","container":"all","username":"arwin"}]
2017-11-25 05:10:02	[{"keyword":"sudirman said","from":"2017-11-23","mode":"submitSocial","container":"all","username":"arwin"}]
2017-11-25 05:10:05	[{"keyword":"setyanovanto","from":"2017-11-23","mode":"submitSocial","container":"all","username":"arwin"}]
2017-11-25 05:10:10	[{"keyword":"galau","from":"2017-11-23","mode":"submitSocial","container":"all","username":"arwin"}]
2017-11-25 05:10:12	[{"keyword":"#prestasiindonesia","from":"2017-11-23","mode":"submitSocial","container":"all","username":"arwin"}]
2017-11-25 05:10:16	[{"keyword":"@tw_debi","from":"2017-11-23","mode":"submitSocial","container":"all","username":"arwin"}]
2017-11-25 05:10:18	[{"keyword":"@officialfastron","from":"2017-11-23","mode":"submitSocial","container":"all","username":"arwin"}]
2017-11-25 05:10:21	[{"keyword":"@citibankid","from":"2017-11-23","mode":"submitSocial","container":"all","username":"arwin"}]
2017-11-25 05:10:23	[{"keyword":"@jak101fm","from":"2017-11-23","mode":"submitSocial","container":"all","username":"arwin"}]
2017-11-25 05:10:26	[{"keyword":"@genfm","from":"2017-11-23","mode":"submitSocial","container":"all","username":"arwin"}]
