2017-10-14 05:00:03	worker	@987genfm;2017-10-12 - 2017-10-12;submitSocial;all;arwin
2017-10-14 05:00:06	worker	@101jakfm;2017-10-12 - 2017-10-12;submitSocial;all;arwin
2017-10-14 05:00:09	worker	@prambors;2017-10-12 - 2017-10-12;submitSocial;all;arwin
2017-10-14 05:00:12	worker	@hardrockfm;2017-10-12 - 2017-10-12;submitSocial;all;arwin
2017-10-14 05:00:15	worker	@kisfmjakarta;2017-10-12 - 2017-10-12;submitSocial;all;arwin
2017-10-14 05:00:17	worker	@delta_fm;2017-10-12 - 2017-10-12;submitSocial;all;arwin
2017-10-14 05:00:20	worker	@traxfmjkt;2017-10-12 - 2017-10-12;submitSocial;all;arwin
2017-10-14 05:00:23	worker	@iradiojakarta;2017-10-12 - 2017-10-12;submitSocial;all;arwin
2017-10-14 05:00:25	worker	@indika9160fm;2017-10-12 - 2017-10-12;submitSocial;all;arwin
2017-10-14 05:00:27	worker	@shellindonesia;2017-10-12 - 2017-10-12;submitSocial;all;arwin
2017-10-14 05:00:29	worker	@vpowerfans;2017-10-12 - 2017-10-12;submitSocial;all;arwin
2017-10-14 05:00:32	worker	@pertamaxind;2017-10-12 - 2017-10-12;submitSocial;all;arwin
2017-10-14 05:00:34	worker	@ptpertamina;2017-10-12 - 2017-10-12;submitSocial;all;arwin
2017-10-14 05:00:36	worker	@OZRadioJakarta;2017-10-12 - 2017-10-12;submitSocial;all;arwin
2017-10-14 05:00:38	worker	@CosmopolitanFM;2017-10-12 - 2017-10-12;submitSocial;all;arwin
2017-10-14 05:00:41	worker	@mustang88fm;2017-10-12 - 2017-10-12;submitSocial;all;arwin
2017-10-14 05:00:43	worker	@debabaz;2017-10-12 - 2017-10-12;submitSocial;all;arwin
2017-10-14 05:00:45	worker	@detikcom;2017-10-12 - 2017-10-12;submitSocial;all;arwin
2017-10-14 05:00:48	worker	@radioelshinta;2017-10-12 - 2017-10-12;submitSocial;all;arwin
2017-10-14 05:00:51	worker	@cinema21;2017-10-12 - 2017-10-12;submitSocial;all;arwin
2017-10-14 05:00:53	worker	@OfficialRCTI;2017-10-12 - 2017-10-12;submitSocial;all;arwin
2017-10-14 05:00:56	worker	@TRANSTV_CORP;2017-10-12 - 2017-10-12;submitSocial;all;arwin
2017-10-14 05:00:58	worker	@TRANS7;2017-10-12 - 2017-10-12;submitSocial;all;arwin
2017-10-14 05:01:00	worker	@Metro_TV;2017-10-12 - 2017-10-12;submitSocial;all;arwin
2017-10-14 05:01:04	worker	@tvOneNews;2017-10-12 - 2017-10-12;submitSocial;all;arwin
2017-10-14 05:01:06	worker	@whatsonANTV;2017-10-12 - 2017-10-12;submitSocial;all;arwin
2017-10-14 05:01:09	worker	@SCTV_;2017-10-12 - 2017-10-12;submitSocial;all;arwin
2017-10-14 05:01:11	worker	@KompasTV;2017-10-12 - 2017-10-12;submitSocial;all;arwin
2017-10-14 05:01:14	worker	@netmediatama;2017-10-12 - 2017-10-12;submitSocial;all;arwin
2017-10-14 05:01:16	worker	@Globaltvseru;2017-10-12 - 2017-10-12;submitSocial;all;arwin
2017-10-14 05:01:19	worker	@JaktvCom;2017-10-12 - 2017-10-12;submitSocial;all;arwin
2017-10-14 05:01:21	worker	@TVRINasional;2017-10-12 - 2017-10-12;submitSocial;all;arwin
2017-10-14 05:01:23	worker	@ochannelupdates;2017-10-12 - 2017-10-12;submitSocial;all;arwin
2017-10-14 05:01:26	worker	@IndosiarID;2017-10-12 - 2017-10-12;submitSocial;all;arwin
2017-10-14 05:01:29	worker	@kompascom;2017-10-12 - 2017-10-12;submitSocial;all;arwin
2017-10-14 05:01:34	worker	@merdekadotcom;2017-10-12 - 2017-10-12;submitSocial;all;arwin
2017-10-14 05:01:36	worker	@MIdotcom;2017-10-12 - 2017-10-12;submitSocial;all;arwin
2017-10-14 05:01:39	worker	@tempodotco;2017-10-12 - 2017-10-12;submitSocial;all;arwin
2017-10-14 05:01:41	worker	@motion975fm;2017-10-12 - 2017-10-12;submitSocial;all;arwin
2017-10-14 05:01:43	worker	@_radiotoday;2017-10-12 - 2017-10-12;submitSocial;all;arwin
2017-10-14 05:01:45	worker	@radioinfo;2017-10-12 - 2017-10-12;submitSocial;all;arwin
2017-10-14 05:01:48	worker	@979FeMaleRadio;2017-10-12 - 2017-10-12;submitSocial;all;arwin
2017-10-14 05:01:50	worker	@WomanRadio943FM;2017-10-12 - 2017-10-12;submitSocial;all;arwin
2017-10-14 05:01:52	worker	@VRadioFM;2017-10-12 - 2017-10-12;submitSocial;all;arwin
2017-10-14 05:01:54	worker	@UFM947;2017-10-12 - 2017-10-12;submitSocial;all;arwin
2017-10-14 05:01:56	worker	@VIVAnews;2017-10-12 - 2017-10-12;submitSocial;all;arwin
2017-10-14 05:01:58	worker	@antaranews;2017-10-12 - 2017-10-12;submitSocial;all;arwin
2017-10-14 05:02:01	worker	@tribunnews;2017-10-12 - 2017-10-12;submitSocial;all;arwin
2017-10-14 05:02:04	worker	@okezonenews;2017-10-12 - 2017-10-12;submitSocial;all;arwin
2017-10-14 05:02:06	worker	@Beritasatu;2017-10-12 - 2017-10-12;submitSocial;all;arwin
2017-10-14 05:02:09	worker	@rollingstoneina;2017-10-12 - 2017-10-12;submitSocial;all;arwin
2017-10-14 05:02:11	worker	@FIMELAdotcom;2017-10-12 - 2017-10-12;submitSocial;all;arwin
2017-10-14 05:02:13	worker	@KapanLagicom;2017-10-12 - 2017-10-12;submitSocial;all;arwin
2017-10-14 05:02:15	worker	@KompasEnt ;2017-10-12 - 2017-10-12;submitSocial;all;arwin
2017-10-14 05:02:18	worker	@HaiMagazine;2017-10-12 - 2017-10-12;submitSocial;all;arwin
2017-10-14 05:02:20	worker	@JakartaVenue;2017-10-12 - 2017-10-12;submitSocial;all;arwin
2017-10-14 05:02:22	worker	@SeputarEvent;2017-10-12 - 2017-10-12;submitSocial;all;arwin
2017-10-14 05:02:25	worker	@ismayaLive;2017-10-12 - 2017-10-12;submitSocial;all;arwin
2017-10-14 05:02:27	worker	@ECEntertainment;2017-10-12 - 2017-10-12;submitSocial;all;arwin
2017-10-14 05:02:29	worker	@synergism_En;2017-10-12 - 2017-10-12;submitSocial;all;arwin
2017-10-14 05:02:31	worker	@Urbanbandung;2017-10-12 - 2017-10-12;submitSocial;all;arwin
2017-10-14 05:02:33	worker	@Urbanrkm995;2017-10-12 - 2017-10-12;submitSocial;all;arwin
2017-10-14 05:02:35	worker	@Garuda_Promo;2017-10-12 - 2017-10-12;submitSocial;all;arwin
2017-10-14 05:02:37	worker	@AirAsiaID;2017-10-12 - 2017-10-12;submitSocial;all;arwin
2017-10-14 05:02:39	worker	@KAI121;2017-10-12 - 2017-10-12;submitSocial;all;arwin
2017-10-14 05:02:42	worker	@Unilever;2017-10-12 - 2017-10-12;submitSocial;all;arwin
2017-10-14 05:02:44	worker	@Nestle;2017-10-12 - 2017-10-12;submitSocial;all;arwin
2017-10-14 05:02:48	worker	@CocaCola;2017-10-12 - 2017-10-12;submitSocial;all;arwin
2017-10-14 05:02:51	worker	@CNN;2017-10-12 - 2017-10-12;submitSocial;all;arwin
2017-10-14 05:02:59	worker	@MTV;2017-10-12 - 2017-10-12;submitSocial;all;arwin
2017-10-14 05:03:04	worker	@channelv;2017-10-12 - 2017-10-12;submitSocial;all;arwin
2017-10-14 05:03:06	worker	@iTunesMusic;2017-10-12 - 2017-10-12;submitSocial;all;arwin
2017-10-14 05:03:09	worker	@mashable;2017-10-12 - 2017-10-12;submitSocial;all;arwin
2017-10-14 05:03:13	worker	@decacaz;2017-10-12 - 2017-10-12;submitSocial;all;arwin
2017-10-14 05:03:15	worker	@radiobaru967FM;2017-10-12 - 2017-10-12;submitSocial;all;arwin
2017-10-14 05:03:17	worker	@967HitzFM;2017-10-12 - 2017-10-12;submitSocial;all;arwin
2017-10-14 05:03:19	worker	@TVGuide;2017-10-12 - 2017-10-12;submitSocial;all;arwin
2017-10-14 05:03:22	worker	@XL123;2017-10-12 - 2017-10-12;submitSocial;all;arwin
2017-10-14 05:03:25	worker	@triindonesia;2017-10-12 - 2017-10-12;submitSocial;all;arwin
2017-10-14 05:03:27	worker	@kaskus;2017-10-12 - 2017-10-12;submitSocial;all;arwin
2017-10-14 05:03:30	worker	@Studio_XXI;2017-10-12 - 2017-10-12;submitSocial;all;arwin
2017-10-14 05:03:34	worker	@blitzmegaplex;2017-10-12 - 2017-10-12;submitSocial;all;arwin
2017-10-14 05:03:36	worker	@alfamartku;2017-10-12 - 2017-10-12;submitSocial;all;arwin
2017-10-14 05:03:38	worker	@Carrefour_ID;2017-10-12 - 2017-10-12;submitSocial;all;arwin
2017-10-14 05:03:40	worker	@BBCBreaking;2017-10-12 - 2017-10-12;submitSocial;all;arwin
2017-10-14 05:03:44	worker	@Forbes;2017-10-12 - 2017-10-12;submitSocial;all;arwin
2017-10-14 05:03:49	worker	@BensRadio;2017-10-12 - 2017-10-12;submitSocial;all;arwin
2017-10-14 05:03:52	worker	@instagram;2017-10-12 - 2017-10-12;submitSocial;all;arwin
2017-10-14 05:03:57	worker	@Pinterest;2017-10-12 - 2017-10-12;submitSocial;all;arwin
2017-10-14 05:04:00	worker	@google;2017-10-12 - 2017-10-12;submitSocial;all;arwin
2017-10-14 05:04:10	worker	@Pertaminalub;2017-10-12 - 2017-10-12;submitSocial;all;arwin
2017-10-14 05:04:12	worker	@InfoLalinTol;2017-10-12 - 2017-10-12;submitSocial;all;arwin
2017-10-14 05:04:15	worker	@PTJASAMARGA;2017-10-12 - 2017-10-12;submitSocial;all;arwin
2017-10-14 05:04:17	worker	@cititransindo;2017-10-12 - 2017-10-12;submitSocial;all;arwin
2017-10-14 05:04:19	worker	#semangatpagisuperr;2017-10-12 - 2017-10-12;submitSocial;all;arwin
2017-10-14 05:04:21	worker	#genkuisinsideout;2017-10-12 - 2017-10-12;submitSocial;all;arwin
2017-10-14 05:04:23	worker	#semangatpagi;2017-10-12 - 2017-10-12;submitSocial;all;arwin
2017-10-14 05:04:25	worker	#dikamar;2017-10-12 - 2017-10-12;submitSocial;all;arwin
2017-10-14 05:04:28	worker	#kopaja;2017-10-12 - 2017-10-12;submitSocial;all;arwin
2017-10-14 05:04:30	worker	#generaksi8;2017-10-12 - 2017-10-12;submitSocial;all;arwin
2017-10-14 05:04:32	worker	#hitztsp;2017-10-12 - 2017-10-12;submitSocial;all;arwin
2017-10-14 05:04:34	worker	#np;2017-10-12 - 2017-10-12;submitSocial;all;arwin
2017-10-14 05:04:37	worker	#hitzlivestage;2017-10-12 - 2017-10-12;submitSocial;all;arwin
2017-10-14 05:04:39	worker	#thefreaks;2017-10-12 - 2017-10-12;submitSocial;all;arwin
2017-10-14 05:04:41	worker	#hitzsirkuspagi;2017-10-12 - 2017-10-12;submitSocial;all;arwin
2017-10-14 05:04:44	worker	#hitzathlon;2017-10-12 - 2017-10-12;submitSocial;all;arwin
2017-10-14 05:04:46	worker	#hitzzombie;2017-10-12 - 2017-10-12;submitSocial;all;arwin
2017-10-14 05:04:48	worker	#hitzkalong;2017-10-12 - 2017-10-12;submitSocial;all;arwin
2017-10-14 05:04:50	worker	#hitzbebas;2017-10-12 - 2017-10-12;submitSocial;all;arwin
2017-10-14 05:04:52	worker	#hitzhorehara;2017-10-12 - 2017-10-12;submitSocial;all;arwin
2017-10-14 05:04:54	worker	@ZaloraID;2017-10-12 - 2017-10-12;submitSocial;all;arwin
2017-10-14 05:04:57	worker	@OLX_Indonesia;2017-10-12 - 2017-10-12;submitSocial;all;arwin
2017-10-14 05:04:59	worker	@LazadaID;2017-10-12 - 2017-10-12;submitSocial;all;arwin
2017-10-14 05:05:01	worker	@utrippers;2017-10-12 - 2017-10-12;submitSocial;all;arwin
2017-10-14 05:05:04	worker	@GoGobot;2017-10-12 - 2017-10-12;submitSocial;all;arwin
2017-10-14 05:05:07	worker	@viatortravel;2017-10-12 - 2017-10-12;submitSocial;all;arwin
2017-10-14 05:05:10	worker	@alandakariza;2017-10-12 - 2017-10-12;submitSocial;all;arwin
2017-10-14 05:05:12	worker	@gagasmedia;2017-10-12 - 2017-10-12;submitSocial;all;arwin
2017-10-14 05:05:15	worker	@welovehonda;2017-10-12 - 2017-10-12;submitSocial;all;arwin
2017-10-14 05:05:17	worker	@SuzukiMotorID;2017-10-12 - 2017-10-12;submitSocial;all;arwin
2017-10-14 05:05:20	worker	@kawasakilovers;2017-10-12 - 2017-10-12;submitSocial;all;arwin
2017-10-14 05:05:22	worker	@yamahaindonesia;2017-10-12 - 2017-10-12;submitSocial;all;arwin
2017-10-14 05:05:24	worker	@tripanzee;2017-10-12 - 2017-10-12;submitSocial;all;arwin
2017-10-14 05:05:27	worker	@arnoldpoernomo;2017-10-12 - 2017-10-12;submitSocial;all;arwin
2017-10-14 05:05:29	worker	@nicsap;2017-10-12 - 2017-10-12;submitSocial;all;arwin
2017-10-14 05:05:32	worker	@tiket2;2017-10-12 - 2017-10-12;submitSocial;all;arwin
2017-10-14 05:05:34	worker	@traveloka;2017-10-12 - 2017-10-12;submitSocial;all;arwin
2017-10-14 05:05:37	worker	@wego;2017-10-12 - 2017-10-12;submitSocial;all;arwin
2017-10-14 05:05:40	worker	@agoda;2017-10-12 - 2017-10-12;submitSocial;all;arwin
2017-10-14 05:05:42	worker	#salahsambung;2017-10-12 - 2017-10-12;submitSocial;all;arwin
2017-10-14 05:05:45	worker	#tulalit;2017-10-12 - 2017-10-12;submitSocial;all;arwin
2017-10-14 05:05:47	worker	#pestageneraksi8;2017-10-12 - 2017-10-12;submitSocial;all;arwin
2017-10-14 05:05:49	worker	#ganaskustik;2017-10-12 - 2017-10-12;submitSocial;all;arwin
2017-10-14 05:05:51	worker	#lnhot20;2017-10-12 - 2017-10-12;submitSocial;all;arwin
2017-10-14 05:05:53	worker	@TripAdvisor;2017-10-12 - 2017-10-12;submitSocial;all;arwin
2017-10-14 05:05:55	worker	@google;2017-10-12 - 2017-10-12;submitSocial;all;arwin
2017-10-14 05:06:05	worker	@Telkomsel;2017-10-12 - 2017-10-12;submitSocial;all;arwin
2017-10-14 05:06:08	worker	@indosat;2017-10-12 - 2017-10-12;submitSocial;all;arwin
2017-10-14 05:06:11	worker	@bahanafmjkt;2017-10-12 - 2017-10-12;submitSocial;all;2017-10-14 05:06:16	worker	@sonorafm92;2017-10-12 - 2017-10-12;submitSocial;all;arwin
2017-10-14 05:06:18	worker	@litefm1058;2017-10-12 - 2017-10-12;submitSocial;all;arwin
2017-10-14 05:06:20	worker	@Bravaradio;2017-10-12 - 2017-10-12;submitSocial;all;arwin
2017-10-14 05:06:22	worker	#dgitm;2017-10-12 - 2017-10-12;submitSocial;all;arwin
2017-10-14 05:06:25	worker	#hitsalaprambors;2017-10-12 - 2017-10-12;submitSocial;all;arwin
2017-10-14 05:06:27	worker	#reqprambors;2017-10-12 - 2017-10-12;submitSocial;all;arwin
2017-10-14 05:06:29	worker	#thedandees;2017-10-12 - 2017-10-12;submitSocial;all;arwin
2017-10-14 05:06:31	worker	#pramborsquiz;2017-10-12 - 2017-10-12;submitSocial;all;arwin
2017-10-14 05:06:33	worker	#jeliprambors;2017-10-12 - 2017-10-12;submitSocial;all;arwin
2017-10-14 05:06:35	worker	#jodohinprambors;2017-10-12 - 2017-10-12;submitSocial;all;arwin
2017-10-14 05:06:38	worker	#ubahdenganbicara;2017-10-12 - 2017-10-12;submitSocial;all;arwin
2017-10-14 05:06:40	worker	#pramborschat;2017-10-12 - 2017-10-12;submitSocial;all;arwin
2017-10-14 05:06:42	worker	#tweetforduit;2017-10-12 - 2017-10-12;submitSocial;all;arwin
2017-10-14 05:06:44	worker	#joki3in1;2017-10-12 - 2017-10-12;submitSocial;all;arwin
2017-10-14 05:06:46	worker	#sarapanseru;2017-10-12 - 2017-10-12;submitSocial;all;arwin
2017-10-14 05:06:48	worker	#rawonkaneloop;2017-10-12 - 2017-10-12;submitSocial;all;arwin
2017-10-14 05:06:50	worker	#gudegkendilkeraton;2017-10-12 - 2017-10-12;submitSocial;all;arwin
2017-10-14 05:06:52	worker	#gadogadobutika;2017-10-12 - 2017-10-12;submitSocial;all;arwin
2017-10-14 05:06:54	worker	#mtvhottest;2017-10-12 - 2017-10-12;submitSocial;all;arwin
2017-10-14 05:06:57	worker	#dimsumcjdw;2017-10-12 - 2017-10-12;submitSocial;all;arwin
2017-10-14 05:06:59	worker	#pecelmadiunmbakniek;2017-10-12 - 2017-10-12;submitSocial;all;arwin
2017-10-14 05:07:01	worker	#depotarema;2017-10-12 - 2017-10-12;submitSocial;all;arwin
2017-10-14 05:07:03	worker	@BNI46;2017-10-12 - 2017-10-12;submitSocial;all;arwin
2017-10-14 05:07:05	worker	@BANKBRI_ID;2017-10-12 - 2017-10-12;submitSocial;all;arwin
2017-10-14 05:07:08	worker	#bni46;2017-10-12 - 2017-10-12;submitSocial;all;arwin
2017-10-14 05:07:10	worker	macet;2017-10-12 - 2017-10-12;submitSocial;all;arwin
2017-10-14 05:07:14	worker	#selamatpagi;2017-10-12 - 2017-10-12;submitSocial;all;arwin
2017-10-14 05:07:16	worker	#selamatmalam;2017-10-12 - 2017-10-12;submitSocial;all;arwin
2017-10-14 05:07:18	worker	@884GlobalRadio;2017-10-12 - 2017-10-12;submitSocial;all;arwin
2017-10-14 05:07:20	worker	@day_trans;2017-10-12 - 2017-10-12;submitSocial;all;arwin
2017-10-14 05:07:23	worker	@kencanavoyage;2017-10-12 - 2017-10-12;submitSocial;all;arwin
2017-10-14 05:07:25	worker	@jukebox5d;2017-10-12 - 2017-10-12;submitSocial;all;arwin
2017-10-14 05:07:28	worker	#mtvhottest;2017-10-12 - 2017-10-12;submitSocial;all;arwin
2017-10-14 05:07:30	worker	#semangatpagi;2017-10-12 - 2017-10-12;submitSocial;all;arwin
2017-10-14 05:07:32	worker	lifebuoy;2017-10-12 - 2017-10-12;submitSocial;all;arwin
2017-10-14 05:07:34	worker	jokowi;2017-10-12 - 2017-10-12;submitSocial;all;arwin
2017-10-14 05:07:43	worker	obama;2017-10-12 - 2017-10-12;submitSocial;all;arwin
2017-10-14 05:07:52	worker	starwars;2017-10-12 - 2017-10-12;submitSocial;all;arwin
2017-10-14 05:07:54	worker	jonan;2017-10-12 - 2017-10-12;submitSocial;all;arwin
2017-10-14 05:07:58	worker	pagi;2017-10-12 - 2017-10-12;submitSocial;all;arwin
2017-10-14 05:08:07	worker	sampoerna;2017-10-12 - 2017-10-12;submitSocial;all;arwin
2017-10-14 05:08:09	worker	djarum;2017-10-12 - 2017-10-12;submitSocial;all;arwin
2017-10-14 05:08:12	worker	#semangatpagi;2017-10-12 - 2017-10-12;submitSocial;all;arwin
2017-10-14 05:08:14	worker	#generaksi8;2017-10-12 - 2017-10-12;submitSocial;all;arwin
2017-10-14 05:08:16	worker	#365alasan;2017-10-12 - 2017-10-12;submitSocial;all;arwin
2017-10-14 05:08:18	worker	weew;2017-10-12 - 2017-10-12;submitSocial;all;arwin
2017-10-14 05:08:21	worker	testing;2017-10-12 - 2017-10-12;submitSocial;all;arwin
2017-10-14 05:08:29	worker	#kopaja;2017-10-12 - 2017-10-12;submitSocial;all;arwin
2017-10-14 05:08:32	worker	#genkuisinsideout;2017-10-12 - 2017-10-12;submitSocial;all;arwin
2017-10-14 05:08:34	worker	starwars;2017-10-12 - 2017-10-12;submitSocial;all;arwin
2017-10-14 05:08:37	worker	#kopaja;2017-10-12 - 2017-10-12;submitSocial;all;arwin
2017-10-14 05:08:39	worker	mldspot;2017-10-12 - 2017-10-12;submitSocial;all;arwin
2017-10-14 05:08:42	worker	PBDjarum;2017-10-12 - 2017-10-12;submitSocial;all;arwin
2017-10-14 05:08:44	worker	TemanNabati;2017-10-12 - 2017-10-12;submitSocial;all;arwin
2017-10-14 05:08:46	worker	Nextar;2017-10-12 - 2017-10-12;submitSocial;all;arwin
2017-10-14 05:08:49	worker	jokowo;2017-10-12 - 2017-10-12;submitSocial;all;arwin
2017-10-14 05:08:52	worker	prabowo;2017-10-12 - 2017-10-12;submitSocial;all;arwin
2017-10-14 05:08:55	worker	sudirman said;2017-10-12 - 2017-10-12;submitSocial;all;arwin
2017-10-14 05:08:57	worker	ahok;2017-10-12 - 2017-10-12;submitSocial;all;arwin
2017-10-14 05:09:05	worker	setyanovanto;2017-10-12 - 2017-10-12;submitSocial;all;arwin
2017-10-14 05:09:07	worker	jokowi;2017-10-12 - 2017-10-12;submitSocial;all;arwin
2017-10-14 05:09:15	worker	ahok;2017-10-12 - 2017-10-12;submitSocial;all;arwin
2017-10-14 05:09:22	worker	prabowo;2017-10-12 - 2017-10-12;submitSocial;all;arwin
2017-10-14 05:09:26	worker	sudirman said;2017-10-12 - 2017-10-12;submitSocial;all;arwin
2017-10-14 05:09:29	worker	setyanovanto;2017-10-12 - 2017-10-12;submitSocial;all;arwin
2017-10-14 05:09:31	worker	galau;2017-10-12 - 2017-10-12;submitSocial;all;arwin
2017-10-14 05:09:35	worker	#prestasiindonesia;2017-10-12 - 2017-10-12;submitSocial;all;arwin
2017-10-14 05:09:37	worker	@Tw_Debi;2017-10-12 - 2017-10-12;submitSocial;all;arwin
2017-10-14 05:09:39	worker	@OfficialFastron;2017-10-12 - 2017-10-12;submitSocial;all;arwin
2017-10-14 05:09:41	worker	@CitibankID;2017-10-12 - 2017-10-12;submitSocial;all;arwin
2017-10-14 05:09:43	worker	@jak101fm;2017-10-12 - 2017-10-12;submitSocial;all;arwin
2017-10-14 05:09:46	worker	@genfm;2017-10-12 - 2017-10-12;submitSocial;all;arwin
