2017-05-04 05:00:07	[{"keyword":"@987genfm","from":"2017-05-02","mode":"submitSocial","container":"all","username":"arwin"}]
2017-05-04 05:00:09	[{"keyword":"@101jakfm","from":"2017-05-02","mode":"submitSocial","container":"all","username":"arwin"}]
2017-05-04 05:00:12	[{"keyword":"@prambors","from":"2017-05-02","mode":"submitSocial","container":"all","username":"arwin"}]
2017-05-04 05:00:15	[{"keyword":"@hardrockfm","from":"2017-05-02","mode":"submitSocial","container":"all","username":"arwin"}]
2017-05-04 05:00:17	[{"keyword":"@kisfmjakarta","from":"2017-05-02","mode":"submitSocial","container":"all","username":"arwin"}]
2017-05-04 05:00:20	[{"keyword":"@delta_fm","from":"2017-05-02","mode":"submitSocial","container":"all","username":"arwin"}]
2017-05-04 05:00:22	[{"keyword":"@traxfmjkt","from":"2017-05-02","mode":"submitSocial","container":"all","username":"arwin"}]
2017-05-04 05:00:25	[{"keyword":"@iradiojakarta","from":"2017-05-02","mode":"submitSocial","container":"all","username":"arwin"}]
2017-05-04 05:00:27	[{"keyword":"@indika9160fm","from":"2017-05-02","mode":"submitSocial","container":"all","username":"arwin"}]
2017-05-04 05:00:29	[{"keyword":"@shellindonesia","from":"2017-05-02","mode":"submitSocial","container":"all","username":"arwin"}]
2017-05-04 05:00:32	[{"keyword":"@vpowerfans","from":"2017-05-02","mode":"submitSocial","container":"all","username":"arwin"}]
2017-05-04 05:00:34	[{"keyword":"@pertamaxind","from":"2017-05-02","mode":"submitSocial","container":"all","username":"arwin"}]
2017-05-04 05:00:36	[{"keyword":"@ptpertamina","from":"2017-05-02","mode":"submitSocial","container":"all","username":"arwin"}]
2017-05-04 05:00:39	[{"keyword":"@ozradiojakarta","from":"2017-05-02","mode":"submitSocial","container":"all","username":"arwin"}]
2017-05-04 05:00:41	[{"keyword":"@cosmopolitanfm","from":"2017-05-02","mode":"submitSocial","container":"all","username":"arwin"}]
2017-05-04 05:00:43	[{"keyword":"@mustang88fm","from":"2017-05-02","mode":"submitSocial","container":"all","username":"arwin"}]
2017-05-04 05:00:46	[{"keyword":"@debabaz","from":"2017-05-02","mode":"submitSocial","container":"all","username":"arwin"}]
2017-05-04 05:00:49	[{"keyword":"@detikcom","from":"2017-05-02","mode":"submitSocial","container":"all","username":"arwin"}]
2017-05-04 05:00:52	[{"keyword":"@radioelshinta","from":"2017-05-02","mode":"submitSocial","container":"all","username":"arwin"}]
2017-05-04 05:00:54	[{"keyword":"@cinema21","from":"2017-05-02","mode":"submitSocial","container":"all","username":"arwin"}]
2017-05-04 05:00:57	[{"keyword":"@officialrcti","from":"2017-05-02","mode":"submitSocial","container":"all","username":"arwin"}]
2017-05-04 05:00:59	[{"keyword":"@transtv_corp","from":"2017-05-02","mode":"submitSocial","container":"all","username":"arwin"}]
2017-05-04 05:01:02	[{"keyword":"@trans7","from":"2017-05-02","mode":"submitSocial","container":"all","username":"arwin"}]
2017-05-04 05:01:05	[{"keyword":"@metro_tv","from":"2017-05-02","mode":"submitSocial","container":"all","username":"arwin"}]
2017-05-04 05:01:08	[{"keyword":"@tvonenews","from":"2017-05-02","mode":"submitSocial","container":"all","username":"arwin"}]
2017-05-04 05:01:11	[{"keyword":"@whatsonantv","from":"2017-05-02","mode":"submitSocial","container":"all","username":"arwin"}]
2017-05-04 05:01:15	[{"keyword":"@sctv_","from":"2017-05-02","mode":"submitSocial","container":"all","username":"arwin"}]
2017-05-04 05:01:18	[{"keyword":"@kompastv","from":"2017-05-02","mode":"submitSocial","container":"all","username":"arwin"}]
2017-05-04 05:01:21	[{"keyword":"@netmediatama","from":"2017-05-02","mode":"submitSocial","container":"all","username":"arwin"}]
2017-05-04 05:01:24	[{"keyword":"@globaltvseru","from":"2017-05-02","mode":"submitSocial","container":"all","username":"arwin"}]
2017-05-04 05:01:26	[{"keyword":"@jaktvcom","from":"2017-05-02","mode":"submitSocial","container":"all","username":"arwin"}]
2017-05-04 05:01:29	[{"keyword":"@tvrinasional","from":"2017-05-02","mode":"submitSocial","container":"all","username":"arwin"}]
2017-05-04 05:01:31	[{"keyword":"@ochannelupdates","from":"2017-05-02","mode":"submitSocial","container":"all","username":"arwin"}]
2017-05-04 05:01:36	[{"keyword":"@indosiarid","from":"2017-05-02","mode":"submitSocial","container":"all","username":"arwin"}]
2017-05-04 05:01:40	[{"keyword":"@kompascom","from":"2017-05-02","mode":"submitSocial","container":"all","username":"arwin"}]
2017-05-04 05:01:43	[{"keyword":"@merdekadotcom","from":"2017-05-02","mode":"submitSocial","container":"all","username":"arwin"}]
2017-05-04 05:01:45	[{"keyword":"@midotcom","from":"2017-05-02","mode":"submitSocial","container":"all","username":"arwin"}]
2017-05-04 05:01:48	[{"keyword":"@tempodotco","from":"2017-05-02","mode":"submitSocial","container":"all","username":"arwin"}]
2017-05-04 05:01:50	[{"keyword":"@motion975fm","from":"2017-05-02","mode":"submitSocial","container":"all","username":"arwin"}]
2017-05-04 05:01:53	[{"keyword":"@_radiotoday","from":"2017-05-02","mode":"submitSocial","container":"all","username":"arwin"}]
2017-05-04 05:01:55	[{"keyword":"@radioinfo","from":"2017-05-02","mode":"submitSocial","container":"all","username":"arwin"}]
2017-05-04 05:01:57	[{"keyword":"@979femaleradio","from":"2017-05-02","mode":"submitSocial","container":"all","username":"arwin"}]
2017-05-04 05:01:59	[{"keyword":"@womanradio943fm","from":"2017-05-02","mode":"submitSocial","container":"all","username":"arwin"}]
2017-05-04 05:02:02	[{"keyword":"@vradiofm","from":"2017-05-02","mode":"submitSocial","container":"all","username":"arwin"}]
2017-05-04 05:02:04	[{"keyword":"@ufm947","from":"2017-05-02","mode":"submitSocial","container":"all","username":"arwin"}]
2017-05-04 05:02:06	[{"keyword":"@vivanews","from":"2017-05-02","mode":"submitSocial","container":"all","username":"arwin"}]
2017-05-04 05:02:09	[{"keyword":"@antaranews","from":"2017-05-02","mode":"submitSocial","container":"all","username":"arwin"}]
2017-05-04 05:02:12	[{"keyword":"@tribunnews","from":"2017-05-02","mode":"submitSocial","container":"all","username":"arwin"}]
2017-05-04 05:02:15	[{"keyword":"@okezonenews","from":"2017-05-02","mode":"submitSocial","container":"all","username":"arwin"}]
2017-05-04 05:02:17	[{"keyword":"@beritasatu","from":"2017-05-02","mode":"submitSocial","container":"all","username":"arwin"}]
2017-05-04 05:02:20	[{"keyword":"@rollingstoneina","from":"2017-05-02","mode":"submitSocial","container":"all","username":"arwin"}]
2017-05-04 05:02:22	[{"keyword":"@fimeladotcom","from":"2017-05-02","mode":"submitSocial","container":"all","username":"arwin"}]
2017-05-04 05:02:24	[{"keyword":"@kapanlagicom","from":"2017-05-02","mode":"submitSocial","container":"all","username":"arwin"}]
2017-05-04 05:02:27	[{"keyword":"@kompasent","from":"2017-05-02","mode":"submitSocial","container":"all","username":"arwin"}]
2017-05-04 05:02:29	[{"keyword":"@haimagazine","from":"2017-05-02","mode":"submitSocial","container":"all","username":"arwin"}]
2017-05-04 05:02:31	[{"keyword":"@jakartavenue","from":"2017-05-02","mode":"submitSocial","container":"all","username":"arwin"}]
2017-05-04 05:02:33	[{"keyword":"@seputarevent","from":"2017-05-02","mode":"submitSocial","container":"all","username":"arwin"}]
2017-05-04 05:02:36	[{"keyword":"@ismayalive","from":"2017-05-02","mode":"submitSocial","container":"all","username":"arwin"}]
2017-05-04 05:02:38	[{"keyword":"@ecentertainment","from":"2017-05-02","mode":"submitSocial","container":"all","username":"arwin"}]
2017-05-04 05:02:40	[{"keyword":"@synergism_en","from":"2017-05-02","mode":"submitSocial","container":"all","username":"arwin"}]
2017-05-04 05:02:42	[{"keyword":"@urbanbandung","from":"2017-05-02","mode":"submitSocial","container":"all","username":"arwin"}]
2017-05-04 05:02:44	[{"keyword":"@urbanrkm995","from":"2017-05-02","mode":"submitSocial","container":"all","username":"arwin"}]
2017-05-04 05:02:47	[{"keyword":"@garuda_promo","from":"2017-05-02","mode":"submitSocial","container":"all","username":"arwin"}]
2017-05-04 05:02:49	[{"keyword":"@airasiaid","from":"2017-05-02","mode":"submitSocial","container":"all","username":"arwin"}]
2017-05-04 05:02:51	[{"keyword":"@kai121","from":"2017-05-02","mode":"submitSocial","container":"all","username":"arwin"}]
2017-05-04 05:02:54	[{"keyword":"@unilever","from":"2017-05-02","mode":"submitSocial","container":"all","username":"arwin"}]
2017-05-04 05:02:57	[{"keyword":"@nestle","from":"2017-05-02","mode":"submitSocial","container":"all","username":"arwin"}]
2017-05-04 05:03:00	[{"keyword":"@cocacola","from":"2017-05-02","mode":"submitSocial","container":"all","username":"arwin"}]
2017-05-04 05:03:07	[{"keyword":"@cnn","from":"2017-05-02","mode":"submitSocial","container":"all","username":"arwin"}]
2017-05-04 05:03:13	[{"keyword":"@mtv","from":"2017-05-02","mode":"submitSocial","container":"all","username":"arwin"}]
2017-05-04 05:03:15	[{"keyword":"@channelv","from":"2017-05-02","mode":"submitSocial","container":"all","username":"arwin"}]
2017-05-04 05:03:18	[{"keyword":"@itunesmusic","from":"2017-05-02","mode":"submitSocial","container":"all","username":"arwin"}]
2017-05-04 05:03:22	[{"keyword":"@mashable","from":"2017-05-02","mode":"submitSocial","container":"all","username":"arwin"}]
2017-05-04 05:03:24	[{"keyword":"@decacaz","from":"2017-05-02","mode":"submitSocial","container":"all","username":"arwin"}]
2017-05-04 05:03:26	[{"keyword":"@radiobaru967fm","from":"2017-05-02","mode":"submitSocial","container":"all","username":"arwin"}]
2017-05-04 05:03:28	[{"keyword":"@967hitzfm","from":"2017-05-02","mode":"submitSocial","container":"all","username":"arwin"}]
2017-05-04 05:03:31	[{"keyword":"@tvguide","from":"2017-05-02","mode":"submitSocial","container":"all","username":"arwin"}]
2017-05-04 05:03:33	[{"keyword":"@xl123","from":"2017-05-02","mode":"submitSocial","container":"all","username":"arwin"}]
2017-05-04 05:03:36	[{"keyword":"@triindonesia","from":"2017-05-02","mode":"submitSocial","container":"all","username":"arwin"}]
2017-05-04 05:03:39	[{"keyword":"@kaskus","from":"2017-05-02","mode":"submitSocial","container":"all","username":"arwin"}]
2017-05-04 05:03:41	[{"keyword":"@studio_xxi","from":"2017-05-02","mode":"submitSocial","container":"all","username":"arwin"}]
2017-05-04 05:03:43	[{"keyword":"@blitzmegaplex","from":"2017-05-02","mode":"submitSocial","container":"all","username":"arwin"}]
2017-05-04 05:03:45	[{"keyword":"@alfamartku","from":"2017-05-02","mode":"submitSocial","container":"all","username":"arwin"}]
2017-05-04 05:03:47	[{"keyword":"@carrefour_id","from":"2017-05-02","mode":"submitSocial","container":"all","username":"arwin"}]
2017-05-04 05:03:50	[{"keyword":"@bbcbreaking","from":"2017-05-02","mode":"submitSocial","container":"all","username":"arwin"}]
2017-05-04 05:03:58	[{"keyword":"@forbes","from":"2017-05-02","mode":"submitSocial","container":"all","username":"arwin"}]
2017-05-04 05:04:01	[{"keyword":"@bensradio","from":"2017-05-02","mode":"submitSocial","container":"all","username":"arwin"}]
2017-05-04 05:04:07	[{"keyword":"@instagram","from":"2017-05-02","mode":"submitSocial","container":"all","username":"arwin"}]
2017-05-04 05:04:10	[{"keyword":"@pinterest","from":"2017-05-02","mode":"submitSocial","container":"all","username":"arwin"}]
2017-05-04 05:04:15	[{"keyword":"@google","from":"2017-05-02","mode":"submitSocial","container":"all","username":"arwin"}]
2017-05-04 05:04:17	[{"keyword":"@pertaminalub","from":"2017-05-02","mode":"submitSocial","container":"all","username":"arwin"}]
2017-05-04 05:04:19	[{"keyword":"@infolalintol","from":"2017-05-02","mode":"submitSocial","container":"all","username":"arwin"}]
2017-05-04 05:04:22	[{"keyword":"@ptjasamarga","from":"2017-05-02","mode":"submitSocial","container":"all","username":"arwin"}]
2017-05-04 05:04:24	[{"keyword":"@cititransindo","from":"2017-05-02","mode":"submitSocial","container":"all","username":"arwin"}]
2017-05-04 05:04:26	[{"keyword":"#semangatpagisuperr","from":"2017-05-02","mode":"submitSocial","container":"all","username":"arwin"}]
2017-05-04 05:04:28	[{"keyword":"#genkuisinsideout","from":"2017-05-02","mode":"submitSocial","container":"all","username":"arwin"}]
2017-05-04 05:04:30	[{"keyword":"#semangatpagi","from":"2017-05-02","mode":"submitSocial","container":"all","username":"arwin"}]
2017-05-04 05:04:33	[{"keyword":"#dikamar","from":"2017-05-02","mode":"submitSocial","container":"all","username":"arwin"}]
2017-05-04 05:04:36	[{"keyword":"#kopaja","from":"2017-05-02","mode":"submitSocial","container":"all","username":"arwin"}]
2017-05-04 05:04:37	[{"keyword":"#generaksi8","from":"2017-05-02","mode":"submitSocial","container":"all","username":"arwin"}]
2017-05-04 05:04:40	[{"keyword":"#hitztsp","from":"2017-05-02","mode":"submitSocial","container":"all","username":"arwin"}]
2017-05-04 05:04:43	[{"keyword":"#np","from":"2017-05-02","mode":"submitSocial","container":"all","username":"arwin"}]
2017-05-04 05:04:45	[{"keyword":"#hitzlivestage","from":"2017-05-02","mode":"submitSocial","container":"all","username":"arwin"}]
2017-05-04 05:04:48	[{"keyword":"#thefreaks","from":"2017-05-02","mode":"submitSocial","container":"all","username":"arwin"}]
2017-05-04 05:04:50	[{"keyword":"#hitzsirkuspagi","from":"2017-05-02","mode":"submitSocial","container":"all","username":"arwin"}]
2017-05-04 05:04:52	[{"keyword":"#hitzathlon","from":"2017-05-02","mode":"submitSocial","container":"all","username":"arwin"}]
2017-05-04 05:04:54	[{"keyword":"#hitzzombie","from":"2017-05-02","mode":"submitSocial","container":"all","username":"arwin"}]
2017-05-04 05:04:57	[{"keyword":"#hitzkalong","from":"2017-05-02","mode":"submitSocial","container":"all","username":"arwin"}]
2017-05-04 05:04:59	[{"keyword":"#hitzbebas","from":"2017-05-02","mode":"submitSocial","container":"all","username":"arwin"}]
2017-05-04 05:05:01	[{"keyword":"#hitzhorehara","from":"2017-05-02","mode":"submitSocial","container":"all","username":"arwin"}]
2017-05-04 05:05:04	[{"keyword":"@zaloraid","from":"2017-05-02","mode":"submitSocial","container":"all","username":"arwin"}]
2017-05-04 05:05:06	[{"keyword":"@olx_indonesia","from":"2017-05-02","mode":"submitSocial","container":"all","username":"arwin"}]
2017-05-04 05:05:09	[{"keyword":"@lazadaid","from":"2017-05-02","mode":"submitSocial","container":"all","username":"arwin"}]
2017-05-04 05:05:12	[{"keyword":"@utrippers","from":"2017-05-02","mode":"submitSocial","container":"all","username":"arwin"}]
2017-05-04 05:05:14	[{"keyword":"@gogobot","from":"2017-05-02","mode":"submitSocial","container":"all","username":"arwin"}]
2017-05-04 05:05:17	[{"keyword":"@viatortravel","from":"2017-05-02","mode":"submitSocial","container":"all","username":"arwin"}]
2017-05-04 05:05:19	[{"keyword":"@alandakariza","from":"2017-05-02","mode":"submitSocial","container":"all","username":"arwin"}]
2017-05-04 05:05:22	[{"keyword":"@gagasmedia","from":"2017-05-02","mode":"submitSocial","container":"all","username":"arwin"}]
2017-05-04 05:05:24	[{"keyword":"@welovehonda","from":"2017-05-02","mode":"submitSocial","container":"all","username":"arwin"}]
2017-05-04 05:05:26	[{"keyword":"@suzukimotorid","from":"2017-05-02","mode":"submitSocial","container":"all","username":"arwin"}]
2017-05-04 05:05:28	[{"keyword":"@kawasakilovers","from":"2017-05-02","mode":"submitSocial","container":"all","username":"arwin"}]
2017-05-04 05:05:30	[{"keyword":"@yamahaindonesia","from":"2017-05-02","mode":"submitSocial","container":"all","username":"arwin"}]
2017-05-04 05:05:33	[{"keyword":"@tripanzee","from":"2017-05-02","mode":"submitSocial","container":"all","username":"arwin"}]
2017-05-04 05:05:35	[{"keyword":"@arnoldpoernomo","from":"2017-05-02","mode":"submitSocial","container":"all","username":"arwin"}]
2017-05-04 05:05:38	[{"keyword":"@nicsap","from":"2017-05-02","mode":"submitSocial","container":"all","username":"arwin"}]
2017-05-04 05:05:40	[{"keyword":"@tiket2","from":"2017-05-02","mode":"submitSocial","container":"all","username":"arwin"}]
2017-05-04 05:05:42	[{"keyword":"@traveloka","from":"2017-05-02","mode":"submitSocial","container":"all","username":"arwin"}]
2017-05-04 05:05:45	[{"keyword":"@wego","from":"2017-05-02","mode":"submitSocial","container":"all","username":"arwin"}]
2017-05-04 05:05:48	[{"keyword":"@agoda","from":"2017-05-02","mode":"submitSocial","container":"all","username":"arwin"}]
2017-05-04 05:05:50	[{"keyword":"#salahsambung","from":"2017-05-02","mode":"submitSocial","container":"all","username":"arwin"}]
2017-05-04 05:05:53	[{"keyword":"#tulalit","from":"2017-05-02","mode":"submitSocial","container":"all","username":"arwin"}]
2017-05-04 05:05:55	[{"keyword":"#pestageneraksi8","from":"2017-05-02","mode":"submitSocial","container":"all","username":"arwin"}]
2017-05-04 05:05:57	[{"keyword":"#ganaskustik","from":"2017-05-02","mode":"submitSocial","container":"all","username":"arwin"}]
2017-05-04 05:05:59	[{"keyword":"#lnhot20","from":"2017-05-02","mode":"submitSocial","container":"all","username":"arwin"}]
2017-05-04 05:06:01	[{"keyword":"@tripadvisor","from":"2017-05-02","mode":"submitSocial","container":"all","username":"arwin"}]
2017-05-04 05:06:07	[{"keyword":"@google","from":"2017-05-02","mode":"submitSocial","container":"all","username":"arwin"}]
2017-05-04 05:06:10	[{"keyword":"@telkomsel","from":"2017-05-02","mode":"submitSocial","container":"all","username":"arwin"}]
2017-05-04 05:06:13	[{"keyword":"@indosat","from":"2017-05-02","mode":"submitSocial","container":"all","username":"arwin"}]
2017-05-04 05:06:16	[{"keyword":"@bahanafmjkt","from":"2017-05-02","mode":"submitSocial","container":"all","username":""}]
2017-05-04 05:06:20	[{"keyword":"@sonorafm92","from":"2017-05-02","mode":"submitSocial","container":"all","username":"arwin"}]
2017-05-04 05:06:22	[{"keyword":"@litefm1058","from":"2017-05-02","mode":"submitSocial","container":"all","username":"arwin"}]
2017-05-04 05:06:24	[{"keyword":"@bravaradio","from":"2017-05-02","mode":"submitSocial","container":"all","username":"arwin"}]
2017-05-04 05:06:27	[{"keyword":"#dgitm","from":"2017-05-02","mode":"submitSocial","container":"all","username":"arwin"}]
2017-05-04 05:06:29	[{"keyword":"#hitsalaprambors","from":"2017-05-02","mode":"submitSocial","container":"all","username":"arwin"}]
2017-05-04 05:06:31	[{"keyword":"#reqprambors","from":"2017-05-02","mode":"submitSocial","container":"all","username":"arwin"}]
2017-05-04 05:06:34	[{"keyword":"#thedandees","from":"2017-05-02","mode":"submitSocial","container":"all","username":"arwin"}]
2017-05-04 05:06:36	[{"keyword":"#pramborsquiz","from":"2017-05-02","mode":"submitSocial","container":"all","username":"arwin"}]
2017-05-04 05:06:38	[{"keyword":"#jeliprambors","from":"2017-05-02","mode":"submitSocial","container":"all","username":"arwin"}]
2017-05-04 05:06:40	[{"keyword":"#jodohinprambors","from":"2017-05-02","mode":"submitSocial","container":"all","username":"arwin"}]
2017-05-04 05:06:42	[{"keyword":"#ubahdenganbicara","from":"2017-05-02","mode":"submitSocial","container":"all","username":"arwin"}]
2017-05-04 05:06:44	[{"keyword":"#pramborschat","from":"2017-05-02","mode":"submitSocial","container":"all","username":"arwin"}]
2017-05-04 05:06:46	[{"keyword":"#tweetforduit","from":"2017-05-02","mode":"submitSocial","container":"all","username":"arwin"}]
2017-05-04 05:06:48	[{"keyword":"#joki3in1","from":"2017-05-02","mode":"submitSocial","container":"all","username":"arwin"}]
2017-05-04 05:06:50	[{"keyword":"#sarapanseru","from":"2017-05-02","mode":"submitSocial","container":"all","username":"arwin"}]
2017-05-04 05:06:53	[{"keyword":"#rawonkaneloop","from":"2017-05-02","mode":"submitSocial","container":"all","username":"arwin"}]
2017-05-04 05:06:55	[{"keyword":"#gudegkendilkeraton","from":"2017-05-02","mode":"submitSocial","container":"all","username":"arwin"}]
2017-05-04 05:06:57	[{"keyword":"#gadogadobutika","from":"2017-05-02","mode":"submitSocial","container":"all","username":"arwin"}]
2017-05-04 05:06:59	[{"keyword":"#mtvhottest","from":"2017-05-02","mode":"submitSocial","container":"all","username":"arwin"}]
2017-05-04 05:07:01	[{"keyword":"#dimsumcjdw","from":"2017-05-02","mode":"submitSocial","container":"all","username":"arwin"}]
2017-05-04 05:07:03	[{"keyword":"#pecelmadiunmbakniek","from":"2017-05-02","mode":"submitSocial","container":"all","username":"arwin"}]
2017-05-04 05:07:06	[{"keyword":"#depotarema","from":"2017-05-02","mode":"submitSocial","container":"all","username":"arwin"}]
2017-05-04 05:07:08	[{"keyword":"@bni46","from":"2017-05-02","mode":"submitSocial","container":"all","username":"arwin"}]
2017-05-04 05:07:11	[{"keyword":"@bankbri_id","from":"2017-05-02","mode":"submitSocial","container":"all","username":"arwin"}]
2017-05-04 05:07:13	[{"keyword":"#bni46","from":"2017-05-02","mode":"submitSocial","container":"all","username":"arwin"}]
2017-05-04 05:07:18	[{"keyword":"macet","from":"2017-05-02","mode":"submitSocial","container":"all","username":"arwin"}]
2017-05-04 05:07:20	[{"keyword":"#selamatpagi","from":"2017-05-02","mode":"submitSocial","container":"all","username":"arwin"}]
2017-05-04 05:07:22	[{"keyword":"#selamatmalam","from":"2017-05-02","mode":"submitSocial","container":"all","username":"arwin"}]
2017-05-04 05:07:24	[{"keyword":"@884globalradio","from":"2017-05-02","mode":"submitSocial","container":"all","username":"arwin"}]
2017-05-04 05:07:27	[{"keyword":"@day_trans","from":"2017-05-02","mode":"submitSocial","container":"all","username":"arwin"}]
2017-05-04 05:07:29	[{"keyword":"@kencanavoyage","from":"2017-05-02","mode":"submitSocial","container":"all","username":"arwin"}]
2017-05-04 05:07:31	[{"keyword":"@jukebox5d","from":"2017-05-02","mode":"submitSocial","container":"all","username":"arwin"}]
2017-05-04 05:07:33	[{"keyword":"#mtvhottest","from":"2017-05-02","mode":"submitSocial","container":"all","username":"arwin"}]
2017-05-04 05:07:35	[{"keyword":"#semangatpagi","from":"2017-05-02","mode":"submitSocial","container":"all","username":"arwin"}]
2017-05-04 05:07:38	[{"keyword":"lifebuoy","from":"2017-05-02","mode":"submitSocial","container":"all","username":"arwin"}]
2017-05-04 05:07:44	[{"keyword":"jokowi","from":"2017-05-02","mode":"submitSocial","container":"all","username":"arwin"}]
2017-05-04 05:07:52	[{"keyword":"obama","from":"2017-05-02","mode":"submitSocial","container":"all","username":"arwin"}]
2017-05-04 05:07:55	[{"keyword":"starwars","from":"2017-05-02","mode":"submitSocial","container":"all","username":"arwin"}]
2017-05-04 05:07:58	[{"keyword":"jonan","from":"2017-05-02","mode":"submitSocial","container":"all","username":"arwin"}]
2017-05-04 05:08:07	[{"keyword":"pagi","from":"2017-05-02","mode":"submitSocial","container":"all","username":"arwin"}]
2017-05-04 05:08:10	[{"keyword":"sampoerna","from":"2017-05-02","mode":"submitSocial","container":"all","username":"arwin"}]
2017-05-04 05:08:13	[{"keyword":"djarum","from":"2017-05-02","mode":"submitSocial","container":"all","username":"arwin"}]
2017-05-04 05:08:15	[{"keyword":"#semangatpagi","from":"2017-05-02","mode":"submitSocial","container":"all","username":"arwin"}]
2017-05-04 05:08:17	[{"keyword":"#generaksi8","from":"2017-05-02","mode":"submitSocial","container":"all","username":"arwin"}]
2017-05-04 05:08:19	[{"keyword":"#365alasan","from":"2017-05-02","mode":"submitSocial","container":"all","username":"arwin"}]
2017-05-04 05:08:22	[{"keyword":"weew","from":"2017-05-02","mode":"submitSocial","container":"all","username":"arwin"}]
2017-05-04 05:08:30	[{"keyword":"testing","from":"2017-05-02","mode":"submitSocial","container":"all","username":"arwin"}]
2017-05-04 05:08:33	[{"keyword":"#kopaja","from":"2017-05-02","mode":"submitSocial","container":"all","username":"arwin"}]
2017-05-04 05:08:35	[{"keyword":"#genkuisinsideout","from":"2017-05-02","mode":"submitSocial","container":"all","username":"arwin"}]
2017-05-04 05:08:38	[{"keyword":"starwars","from":"2017-05-02","mode":"submitSocial","container":"all","username":"arwin"}]
2017-05-04 05:08:40	[{"keyword":"#kopaja","from":"2017-05-02","mode":"submitSocial","container":"all","username":"arwin"}]
2017-05-04 05:08:43	[{"keyword":"mldspot","from":"2017-05-02","mode":"submitSocial","container":"all","username":"arwin"}]
2017-05-04 05:08:45	[{"keyword":"pbdjarum","from":"2017-05-02","mode":"submitSocial","container":"all","username":"arwin"}]
2017-05-04 05:08:48	[{"keyword":"temannabati","from":"2017-05-02","mode":"submitSocial","container":"all","username":"arwin"}]
2017-05-04 05:08:51	[{"keyword":"nextar","from":"2017-05-02","mode":"submitSocial","container":"all","username":"arwin"}]
2017-05-04 05:08:53	[{"keyword":"jokowo","from":"2017-05-02","mode":"submitSocial","container":"all","username":"arwin"}]
2017-05-04 05:08:58	[{"keyword":"prabowo","from":"2017-05-02","mode":"submitSocial","container":"all","username":"arwin"}]
2017-05-04 05:09:00	[{"keyword":"sudirman said","from":"2017-05-02","mode":"submitSocial","container":"all","username":"arwin"}]
2017-05-04 05:09:08	[{"keyword":"ahok","from":"2017-05-02","mode":"submitSocial","container":"all","username":"arwin"}]
2017-05-04 05:09:11	[{"keyword":"setyanovanto","from":"2017-05-02","mode":"submitSocial","container":"all","username":"arwin"}]
2017-05-04 05:09:19	[{"keyword":"jokowi","from":"2017-05-02","mode":"submitSocial","container":"all","username":"arwin"}]
2017-05-04 05:09:27	[{"keyword":"ahok","from":"2017-05-02","mode":"submitSocial","container":"all","username":"arwin"}]
2017-05-04 05:09:32	[{"keyword":"prabowo","from":"2017-05-02","mode":"submitSocial","container":"all","username":"arwin"}]
2017-05-04 05:09:34	[{"keyword":"sudirman said","from":"2017-05-02","mode":"submitSocial","container":"all","username":"arwin"}]
2017-05-04 05:09:36	[{"keyword":"setyanovanto","from":"2017-05-02","mode":"submitSocial","container":"all","username":"arwin"}]
2017-05-04 05:09:41	[{"keyword":"galau","from":"2017-05-02","mode":"submitSocial","container":"all","username":"arwin"}]
2017-05-04 05:09:43	[{"keyword":"#prestasiindonesia","from":"2017-05-02","mode":"submitSocial","container":"all","username":"arwin"}]
2017-05-04 05:09:46	[{"keyword":"@tw_debi","from":"2017-05-02","mode":"submitSocial","container":"all","username":"arwin"}]
2017-05-04 05:09:48	[{"keyword":"@officialfastron","from":"2017-05-02","mode":"submitSocial","container":"all","username":"arwin"}]
2017-05-04 05:09:50	[{"keyword":"@citibankid","from":"2017-05-02","mode":"submitSocial","container":"all","username":"arwin"}]
2017-05-04 05:09:53	[{"keyword":"@jak101fm","from":"2017-05-02","mode":"submitSocial","container":"all","username":"arwin"}]
2017-05-04 05:09:55	[{"keyword":"@genfm","from":"2017-05-02","mode":"submitSocial","container":"all","username":"arwin"}]
