2017-06-27 05:00:02	worker	@987genfm;2017-06-25 - 2017-06-25;submitSocial;all;arwin
2017-06-27 05:00:06	worker	@101jakfm;2017-06-25 - 2017-06-25;submitSocial;all;arwin
2017-06-27 05:00:09	worker	@prambors;2017-06-25 - 2017-06-25;submitSocial;all;arwin
2017-06-27 05:00:12	worker	@hardrockfm;2017-06-25 - 2017-06-25;submitSocial;all;arwin
2017-06-27 05:00:15	worker	@kisfmjakarta;2017-06-25 - 2017-06-25;submitSocial;all;arwin
2017-06-27 05:00:18	worker	@delta_fm;2017-06-25 - 2017-06-25;submitSocial;all;arwin
2017-06-27 05:00:21	worker	@traxfmjkt;2017-06-25 - 2017-06-25;submitSocial;all;arwin
2017-06-27 05:00:23	worker	@iradiojakarta;2017-06-25 - 2017-06-25;submitSocial;all;arwin
2017-06-27 05:00:26	worker	@indika9160fm;2017-06-25 - 2017-06-25;submitSocial;all;arwin
2017-06-27 05:00:29	worker	@shellindonesia;2017-06-25 - 2017-06-25;submitSocial;all;arwin
2017-06-27 05:00:31	worker	@vpowerfans;2017-06-25 - 2017-06-25;submitSocial;all;arwin
2017-06-27 05:00:33	worker	@pertamaxind;2017-06-25 - 2017-06-25;submitSocial;all;arwin
2017-06-27 05:00:36	worker	@ptpertamina;2017-06-25 - 2017-06-25;submitSocial;all;arwin
2017-06-27 05:00:38	worker	@OZRadioJakarta;2017-06-25 - 2017-06-25;submitSocial;all;arwin
2017-06-27 05:00:41	worker	@CosmopolitanFM;2017-06-25 - 2017-06-25;submitSocial;all;arwin
2017-06-27 05:00:43	worker	@mustang88fm;2017-06-25 - 2017-06-25;submitSocial;all;arwin
2017-06-27 05:00:46	worker	@debabaz;2017-06-25 - 2017-06-25;submitSocial;all;arwin
2017-06-27 05:00:48	worker	@detikcom;2017-06-25 - 2017-06-25;submitSocial;all;arwin
2017-06-27 05:00:52	worker	@radioelshinta;2017-06-25 - 2017-06-25;submitSocial;all;arwin
2017-06-27 05:00:55	worker	@cinema21;2017-06-25 - 2017-06-25;submitSocial;all;arwin
2017-06-27 05:00:57	worker	@OfficialRCTI;2017-06-25 - 2017-06-25;submitSocial;all;arwin
2017-06-27 05:01:00	worker	@TRANSTV_CORP;2017-06-25 - 2017-06-25;submitSocial;all;arwin
2017-06-27 05:01:03	worker	@TRANS7;2017-06-25 - 2017-06-25;submitSocial;all;arwin
2017-06-27 05:01:05	worker	@Metro_TV;2017-06-25 - 2017-06-25;submitSocial;all;arwin
2017-06-27 05:01:08	worker	@tvOneNews;2017-06-25 - 2017-06-25;submitSocial;all;arwin
2017-06-27 05:01:11	worker	@whatsonANTV;2017-06-25 - 2017-06-25;submitSocial;all;arwin
2017-06-27 05:01:14	worker	@SCTV_;2017-06-25 - 2017-06-25;submitSocial;all;arwin
2017-06-27 05:01:17	worker	@KompasTV;2017-06-25 - 2017-06-25;submitSocial;all;arwin
2017-06-27 05:01:19	worker	@netmediatama;2017-06-25 - 2017-06-25;submitSocial;all;arwin
2017-06-27 05:01:22	worker	@Globaltvseru;2017-06-25 - 2017-06-25;submitSocial;all;arwin
2017-06-27 05:01:25	worker	@JaktvCom;2017-06-25 - 2017-06-25;submitSocial;all;arwin
2017-06-27 05:01:27	worker	@TVRINasional;2017-06-25 - 2017-06-25;submitSocial;all;arwin
2017-06-27 05:01:30	worker	@ochannelupdates;2017-06-25 - 2017-06-25;submitSocial;all;arwin
2017-06-27 05:01:32	worker	@IndosiarID;2017-06-25 - 2017-06-25;submitSocial;all;arwin
2017-06-27 05:01:35	worker	@kompascom;2017-06-25 - 2017-06-25;submitSocial;all;arwin
2017-06-27 05:01:38	worker	@merdekadotcom;2017-06-25 - 2017-06-25;submitSocial;all;arwin
2017-06-27 05:01:40	worker	@MIdotcom;2017-06-25 - 2017-06-25;submitSocial;all;arwin
2017-06-27 05:01:43	worker	@tempodotco;2017-06-25 - 2017-06-25;submitSocial;all;arwin
2017-06-27 05:01:45	worker	@motion975fm;2017-06-25 - 2017-06-25;submitSocial;all;arwin
2017-06-27 05:01:48	worker	@_radiotoday;2017-06-25 - 2017-06-25;submitSocial;all;arwin
2017-06-27 05:01:50	worker	@radioinfo;2017-06-25 - 2017-06-25;submitSocial;all;arwin
2017-06-27 05:01:53	worker	@979FeMaleRadio;2017-06-25 - 2017-06-25;submitSocial;all;arwin
2017-06-27 05:01:55	worker	@WomanRadio943FM;2017-06-25 - 2017-06-25;submitSocial;all;arwin
2017-06-27 05:01:57	worker	@VRadioFM;2017-06-25 - 2017-06-25;submitSocial;all;arwin
2017-06-27 05:02:00	worker	@UFM947;2017-06-25 - 2017-06-25;submitSocial;all;arwin
2017-06-27 05:02:02	worker	@VIVAnews;2017-06-25 - 2017-06-25;submitSocial;all;arwin
2017-06-27 05:02:05	worker	@antaranews;2017-06-25 - 2017-06-25;submitSocial;all;arwin
2017-06-27 05:02:07	worker	@tribunnews;2017-06-25 - 2017-06-25;submitSocial;all;arwin
2017-06-27 05:02:10	worker	@okezonenews;2017-06-25 - 2017-06-25;submitSocial;all;arwin
2017-06-27 05:02:13	worker	@Beritasatu;2017-06-25 - 2017-06-25;submitSocial;all;arwin
2017-06-27 05:02:16	worker	@rollingstoneina;2017-06-25 - 2017-06-25;submitSocial;all;arwin
2017-06-27 05:02:19	worker	@FIMELAdotcom;2017-06-25 - 2017-06-25;submitSocial;all;arwin
2017-06-27 05:02:21	worker	@KapanLagicom;2017-06-25 - 2017-06-25;submitSocial;all;arwin
2017-06-27 05:02:23	worker	@KompasEnt ;2017-06-25 - 2017-06-25;submitSocial;all;arwin
2017-06-27 05:02:26	worker	@HaiMagazine;2017-06-25 - 2017-06-25;submitSocial;all;arwin
2017-06-27 05:02:28	worker	@JakartaVenue;2017-06-25 - 2017-06-25;submitSocial;all;arwin
2017-06-27 05:02:31	worker	@SeputarEvent;2017-06-25 - 2017-06-25;submitSocial;all;arwin
2017-06-27 05:02:33	worker	@ismayaLive;2017-06-25 - 2017-06-25;submitSocial;all;arwin
2017-06-27 05:02:35	worker	@ECEntertainment;2017-06-25 - 2017-06-25;submitSocial;all;arwin
2017-06-27 05:02:37	worker	@synergism_En;2017-06-25 - 2017-06-25;submitSocial;all;arwin
2017-06-27 05:02:40	worker	@Urbanbandung;2017-06-25 - 2017-06-25;submitSocial;all;arwin
2017-06-27 05:02:42	worker	@Urbanrkm995;2017-06-25 - 2017-06-25;submitSocial;all;arwin
2017-06-27 05:02:44	worker	@Garuda_Promo;2017-06-25 - 2017-06-25;submitSocial;all;arwin
2017-06-27 05:02:46	worker	@AirAsiaID;2017-06-25 - 2017-06-25;submitSocial;all;arwin
2017-06-27 05:02:48	worker	@KAI121;2017-06-25 - 2017-06-25;submitSocial;all;arwin
2017-06-27 05:02:51	worker	@Unilever;2017-06-25 - 2017-06-25;submitSocial;all;arwin
2017-06-27 05:02:53	worker	@Nestle;2017-06-25 - 2017-06-25;submitSocial;all;arwin
2017-06-27 05:02:56	worker	@CocaCola;2017-06-25 - 2017-06-25;submitSocial;all;arwin
2017-06-27 05:02:59	worker	@CNN;2017-06-25 - 2017-06-25;submitSocial;all;arwin
2017-06-27 05:03:08	worker	@MTV;2017-06-25 - 2017-06-25;submitSocial;all;arwin
2017-06-27 05:03:15	worker	@channelv;2017-06-25 - 2017-06-25;submitSocial;all;arwin
2017-06-27 05:03:17	worker	@iTunesMusic;2017-06-25 - 2017-06-25;submitSocial;all;arwin
2017-06-27 05:03:19	worker	@mashable;2017-06-25 - 2017-06-25;submitSocial;all;arwin
2017-06-27 05:03:23	worker	@decacaz;2017-06-25 - 2017-06-25;submitSocial;all;arwin
2017-06-27 05:03:25	worker	@radiobaru967FM;2017-06-25 - 2017-06-25;submitSocial;all;arwin
2017-06-27 05:03:27	worker	@967HitzFM;2017-06-25 - 2017-06-25;submitSocial;all;arwin
2017-06-27 05:03:29	worker	@TVGuide;2017-06-25 - 2017-06-25;submitSocial;all;arwin
2017-06-27 05:03:32	worker	@XL123;2017-06-25 - 2017-06-25;submitSocial;all;arwin
2017-06-27 05:03:34	worker	@triindonesia;2017-06-25 - 2017-06-25;submitSocial;all;arwin
2017-06-27 05:03:37	worker	@kaskus;2017-06-25 - 2017-06-25;submitSocial;all;arwin
2017-06-27 05:03:39	worker	@Studio_XXI;2017-06-25 - 2017-06-25;submitSocial;all;arwin
2017-06-27 05:03:42	worker	@blitzmegaplex;2017-06-25 - 2017-06-25;submitSocial;all;arwin
2017-06-27 05:03:43	worker	@alfamartku;2017-06-25 - 2017-06-25;submitSocial;all;arwin
2017-06-27 05:03:46	worker	@Carrefour_ID;2017-06-25 - 2017-06-25;submitSocial;all;arwin
2017-06-27 05:03:48	worker	@BBCBreaking;2017-06-25 - 2017-06-25;submitSocial;all;arwin
2017-06-27 05:03:52	worker	@Forbes;2017-06-25 - 2017-06-25;submitSocial;all;arwin
2017-06-27 05:03:59	worker	@BensRadio;2017-06-25 - 2017-06-25;submitSocial;all;arwin
2017-06-27 05:04:01	worker	@instagram;2017-06-25 - 2017-06-25;submitSocial;all;arwin
2017-06-27 05:04:08	worker	@Pinterest;2017-06-25 - 2017-06-25;submitSocial;all;arwin
2017-06-27 05:04:11	worker	@google;2017-06-25 - 2017-06-25;submitSocial;all;arwin
2017-06-27 05:04:16	worker	@Pertaminalub;2017-06-25 - 2017-06-25;submitSocial;all;arwin
2017-06-27 05:04:19	worker	@InfoLalinTol;2017-06-25 - 2017-06-25;submitSocial;all;arwin
2017-06-27 05:04:21	worker	@PTJASAMARGA;2017-06-25 - 2017-06-25;submitSocial;all;arwin
2017-06-27 05:04:23	worker	@cititransindo;2017-06-25 - 2017-06-25;submitSocial;all;arwin
2017-06-27 05:04:26	worker	#semangatpagisuperr;2017-06-25 - 2017-06-25;submitSocial;all;arwin
2017-06-27 05:04:28	worker	#genkuisinsideout;2017-06-25 - 2017-06-25;submitSocial;all;arwin
2017-06-27 05:04:30	worker	#semangatpagi;2017-06-25 - 2017-06-25;submitSocial;all;arwin
2017-06-27 05:04:32	worker	#dikamar;2017-06-25 - 2017-06-25;submitSocial;all;arwin
2017-06-27 05:04:35	worker	#kopaja;2017-06-25 - 2017-06-25;submitSocial;all;arwin
2017-06-27 05:04:37	worker	#generaksi8;2017-06-25 - 2017-06-25;submitSocial;all;arwin
2017-06-27 05:04:39	worker	#hitztsp;2017-06-25 - 2017-06-25;submitSocial;all;arwin
2017-06-27 05:04:41	worker	#np;2017-06-25 - 2017-06-25;submitSocial;all;arwin
2017-06-27 05:04:44	worker	#hitzlivestage;2017-06-25 - 2017-06-25;submitSocial;all;arwin
2017-06-27 05:04:47	worker	#thefreaks;2017-06-25 - 2017-06-25;submitSocial;all;arwin
2017-06-27 05:04:49	worker	#hitzsirkuspagi;2017-06-25 - 2017-06-25;submitSocial;all;arwin
2017-06-27 05:04:51	worker	#hitzathlon;2017-06-25 - 2017-06-25;submitSocial;all;arwin
2017-06-27 05:04:53	worker	#hitzzombie;2017-06-25 - 2017-06-25;submitSocial;all;arwin
2017-06-27 05:04:56	worker	#hitzkalong;2017-06-25 - 2017-06-25;submitSocial;all;arwin
2017-06-27 05:04:58	worker	#hitzbebas;2017-06-25 - 2017-06-25;submitSocial;all;arwin
2017-06-27 05:05:00	worker	#hitzhorehara;2017-06-25 - 2017-06-25;submitSocial;all;arwin
2017-06-27 05:05:03	worker	@ZaloraID;2017-06-25 - 2017-06-25;submitSocial;all;arwin
2017-06-27 05:05:06	worker	@OLX_Indonesia;2017-06-25 - 2017-06-25;submitSocial;all;arwin
2017-06-27 05:05:08	worker	@LazadaID;2017-06-25 - 2017-06-25;submitSocial;all;arwin
2017-06-27 05:05:11	worker	@utrippers;2017-06-25 - 2017-06-25;submitSocial;all;arwin
2017-06-27 05:05:15	worker	@GoGobot;2017-06-25 - 2017-06-25;submitSocial;all;arwin
2017-06-27 05:05:17	worker	@viatortravel;2017-06-25 - 2017-06-25;submitSocial;all;arwin
2017-06-27 05:05:19	worker	@alandakariza;2017-06-25 - 2017-06-25;submitSocial;all;arwin
2017-06-27 05:05:22	worker	@gagasmedia;2017-06-25 - 2017-06-25;submitSocial;all;arwin
2017-06-27 05:05:24	worker	@welovehonda;2017-06-25 - 2017-06-25;submitSocial;all;arwin
2017-06-27 05:05:27	worker	@SuzukiMotorID;2017-06-25 - 2017-06-25;submitSocial;all;arwin
2017-06-27 05:05:29	worker	@kawasakilovers;2017-06-25 - 2017-06-25;submitSocial;all;arwin
2017-06-27 05:05:32	worker	@yamahaindonesia;2017-06-25 - 2017-06-25;submitSocial;all;arwin
2017-06-27 05:05:34	worker	@tripanzee;2017-06-25 - 2017-06-25;submitSocial;all;arwin
2017-06-27 05:05:37	worker	@arnoldpoernomo;2017-06-25 - 2017-06-25;submitSocial;all;arwin
2017-06-27 05:05:39	worker	@nicsap;2017-06-25 - 2017-06-25;submitSocial;all;arwin
2017-06-27 05:05:42	worker	@tiket2;2017-06-25 - 2017-06-25;submitSocial;all;arwin
2017-06-27 05:05:44	worker	@traveloka;2017-06-25 - 2017-06-25;submitSocial;all;arwin
2017-06-27 05:05:47	worker	@wego;2017-06-25 - 2017-06-25;submitSocial;all;arwin
2017-06-27 05:05:50	worker	@agoda;2017-06-25 - 2017-06-25;submitSocial;all;arwin
2017-06-27 05:05:53	worker	#salahsambung;2017-06-25 - 2017-06-25;submitSocial;all;arwin
2017-06-27 05:05:55	worker	#tulalit;2017-06-25 - 2017-06-25;submitSocial;all;arwin
2017-06-27 05:05:58	worker	#pestageneraksi8;2017-06-25 - 2017-06-25;submitSocial;all;arwin
2017-06-27 05:06:00	worker	#ganaskustik;2017-06-25 - 2017-06-25;submitSocial;all;arwin
2017-06-27 05:06:02	worker	#lnhot20;2017-06-25 - 2017-06-25;submitSocial;all;arwin
2017-06-27 05:06:04	worker	@TripAdvisor;2017-06-25 - 2017-06-25;submitSocial;all;arwin
2017-06-27 05:06:08	worker	@google;2017-06-25 - 2017-06-25;submitSocial;all;arwin
2017-06-27 05:06:14	worker	@Telkomsel;2017-06-25 - 2017-06-25;submitSocial;all;arwin
2017-06-27 05:06:16	worker	@indosat;2017-06-25 - 2017-06-25;submitSocial;all;arwin
2017-06-27 05:06:19	worker	@bahanafmjkt;2017-06-25 - 2017-06-25;submitSocial;all;2017-06-27 05:06:24	worker	@sonorafm92;2017-06-25 - 2017-06-25;submitSocial;all;arwin
2017-06-27 05:06:26	worker	@litefm1058;2017-06-25 - 2017-06-25;submitSocial;all;arwin
2017-06-27 05:06:28	worker	@Bravaradio;2017-06-25 - 2017-06-25;submitSocial;all;arwin
2017-06-27 05:06:31	worker	#dgitm;2017-06-25 - 2017-06-25;submitSocial;all;arwin
2017-06-27 05:06:33	worker	#hitsalaprambors;2017-06-25 - 2017-06-25;submitSocial;all;arwin
2017-06-27 05:06:36	worker	#reqprambors;2017-06-25 - 2017-06-25;submitSocial;all;arwin
2017-06-27 05:06:38	worker	#thedandees;2017-06-25 - 2017-06-25;submitSocial;all;arwin
2017-06-27 05:06:40	worker	#pramborsquiz;2017-06-25 - 2017-06-25;submitSocial;all;arwin
2017-06-27 05:06:42	worker	#jeliprambors;2017-06-25 - 2017-06-25;submitSocial;all;arwin
2017-06-27 05:06:44	worker	#jodohinprambors;2017-06-25 - 2017-06-25;submitSocial;all;arwin
2017-06-27 05:06:46	worker	#ubahdenganbicara;2017-06-25 - 2017-06-25;submitSocial;all;arwin
2017-06-27 05:06:48	worker	#pramborschat;2017-06-25 - 2017-06-25;submitSocial;all;arwin
2017-06-27 05:06:51	worker	#tweetforduit;2017-06-25 - 2017-06-25;submitSocial;all;arwin
2017-06-27 05:06:53	worker	#joki3in1;2017-06-25 - 2017-06-25;submitSocial;all;arwin
2017-06-27 05:06:55	worker	#sarapanseru;2017-06-25 - 2017-06-25;submitSocial;all;arwin
2017-06-27 05:06:57	worker	#rawonkaneloop;2017-06-25 - 2017-06-25;submitSocial;all;arwin
2017-06-27 05:07:00	worker	#gudegkendilkeraton;2017-06-25 - 2017-06-25;submitSocial;all;arwin
2017-06-27 05:07:02	worker	#gadogadobutika;2017-06-25 - 2017-06-25;submitSocial;all;arwin
2017-06-27 05:07:04	worker	#mtvhottest;2017-06-25 - 2017-06-25;submitSocial;all;arwin
2017-06-27 05:07:06	worker	#dimsumcjdw;2017-06-25 - 2017-06-25;submitSocial;all;arwin
2017-06-27 05:07:08	worker	#pecelmadiunmbakniek;2017-06-25 - 2017-06-25;submitSocial;all;arwin
2017-06-27 05:07:10	worker	#depotarema;2017-06-25 - 2017-06-25;submitSocial;all;arwin
2017-06-27 05:07:13	worker	@BNI46;2017-06-25 - 2017-06-25;submitSocial;all;arwin
2017-06-27 05:07:15	worker	@BANKBRI_ID;2017-06-25 - 2017-06-25;submitSocial;all;arwin
2017-06-27 05:07:17	worker	#bni46;2017-06-25 - 2017-06-25;submitSocial;all;arwin
2017-06-27 05:07:20	worker	macet;2017-06-25 - 2017-06-25;submitSocial;all;arwin
2017-06-27 05:07:25	worker	#selamatpagi;2017-06-25 - 2017-06-25;submitSocial;all;arwin
2017-06-27 05:07:27	worker	#selamatmalam;2017-06-25 - 2017-06-25;submitSocial;all;arwin
2017-06-27 05:07:30	worker	@884GlobalRadio;2017-06-25 - 2017-06-25;submitSocial;all;arwin
2017-06-27 05:07:32	worker	@day_trans;2017-06-25 - 2017-06-25;submitSocial;all;arwin
2017-06-27 05:07:34	worker	@kencanavoyage;2017-06-25 - 2017-06-25;submitSocial;all;arwin
2017-06-27 05:07:36	worker	@jukebox5d;2017-06-25 - 2017-06-25;submitSocial;all;arwin
2017-06-27 05:07:39	worker	#mtvhottest;2017-06-25 - 2017-06-25;submitSocial;all;arwin
2017-06-27 05:07:41	worker	#semangatpagi;2017-06-25 - 2017-06-25;submitSocial;all;arwin
2017-06-27 05:07:43	worker	lifebuoy;2017-06-25 - 2017-06-25;submitSocial;all;arwin
2017-06-27 05:07:45	worker	jokowi;2017-06-25 - 2017-06-25;submitSocial;all;arwin
2017-06-27 05:07:52	worker	obama;2017-06-25 - 2017-06-25;submitSocial;all;arwin
2017-06-27 05:08:04	worker	starwars;2017-06-25 - 2017-06-25;submitSocial;all;arwin
2017-06-27 05:08:07	worker	jonan;2017-06-25 - 2017-06-25;submitSocial;all;arwin
2017-06-27 05:08:10	worker	pagi;2017-06-25 - 2017-06-25;submitSocial;all;arwin
2017-06-27 05:08:20	worker	sampoerna;2017-06-25 - 2017-06-25;submitSocial;all;arwin
2017-06-27 05:08:23	worker	djarum;2017-06-25 - 2017-06-25;submitSocial;all;arwin
2017-06-27 05:08:26	worker	#semangatpagi;2017-06-25 - 2017-06-25;submitSocial;all;arwin
2017-06-27 05:08:28	worker	#generaksi8;2017-06-25 - 2017-06-25;submitSocial;all;arwin
2017-06-27 05:08:30	worker	#365alasan;2017-06-25 - 2017-06-25;submitSocial;all;arwin
2017-06-27 05:08:32	worker	weew;2017-06-25 - 2017-06-25;submitSocial;all;arwin
2017-06-27 05:08:35	worker	testing;2017-06-25 - 2017-06-25;submitSocial;all;arwin
2017-06-27 05:08:45	worker	#kopaja;2017-06-25 - 2017-06-25;submitSocial;all;arwin
2017-06-27 05:08:47	worker	#genkuisinsideout;2017-06-25 - 2017-06-25;submitSocial;all;arwin
2017-06-27 05:08:50	worker	starwars;2017-06-25 - 2017-06-25;submitSocial;all;arwin
2017-06-27 05:08:53	worker	#kopaja;2017-06-25 - 2017-06-25;submitSocial;all;arwin
2017-06-27 05:08:56	worker	mldspot;2017-06-25 - 2017-06-25;submitSocial;all;arwin
2017-06-27 05:08:59	worker	PBDjarum;2017-06-25 - 2017-06-25;submitSocial;all;arwin
2017-06-27 05:09:03	worker	TemanNabati;2017-06-25 - 2017-06-25;submitSocial;all;arwin
2017-06-27 05:09:05	worker	Nextar;2017-06-25 - 2017-06-25;submitSocial;all;arwin
2017-06-27 05:09:08	worker	jokowo;2017-06-25 - 2017-06-25;submitSocial;all;arwin
2017-06-27 05:09:11	worker	prabowo;2017-06-25 - 2017-06-25;submitSocial;all;arwin
2017-06-27 05:09:15	worker	sudirman said;2017-06-25 - 2017-06-25;submitSocial;all;arwin
2017-06-27 05:09:17	worker	ahok;2017-06-25 - 2017-06-25;submitSocial;all;arwin
2017-06-27 05:09:22	worker	setyanovanto;2017-06-25 - 2017-06-25;submitSocial;all;arwin
2017-06-27 05:09:25	worker	jokowi;2017-06-25 - 2017-06-25;submitSocial;all;arwin
2017-06-27 05:09:31	worker	ahok;2017-06-25 - 2017-06-25;submitSocial;all;arwin
2017-06-27 05:09:36	worker	prabowo;2017-06-25 - 2017-06-25;submitSocial;all;arwin
2017-06-27 05:09:39	worker	sudirman said;2017-06-25 - 2017-06-25;submitSocial;all;arwin
2017-06-27 05:09:42	worker	setyanovanto;2017-06-25 - 2017-06-25;submitSocial;all;arwin
2017-06-27 05:09:44	worker	galau;2017-06-25 - 2017-06-25;submitSocial;all;arwin
2017-06-27 05:09:48	worker	#prestasiindonesia;2017-06-25 - 2017-06-25;submitSocial;all;arwin
2017-06-27 05:09:50	worker	@Tw_Debi;2017-06-25 - 2017-06-25;submitSocial;all;arwin
2017-06-27 05:09:53	worker	@OfficialFastron;2017-06-25 - 2017-06-25;submitSocial;all;arwin
2017-06-27 05:09:55	worker	@CitibankID;2017-06-25 - 2017-06-25;submitSocial;all;arwin
2017-06-27 05:09:57	worker	@jak101fm;2017-06-25 - 2017-06-25;submitSocial;all;arwin
2017-06-27 05:10:00	worker	@genfm;2017-06-25 - 2017-06-25;submitSocial;all;arwin
