2017-06-19 05:00:01	worker	@987genfm;2017-06-17 - 2017-06-17;submitSocial;all;arwin
2017-06-19 05:00:14	worker	@101jakfm;2017-06-17 - 2017-06-17;submitSocial;all;arwin
2017-06-19 05:00:25	worker	@prambors;2017-06-17 - 2017-06-17;submitSocial;all;arwin
2017-06-19 05:00:37	worker	@hardrockfm;2017-06-17 - 2017-06-17;submitSocial;all;arwin
2017-06-19 05:00:47	worker	@kisfmjakarta;2017-06-17 - 2017-06-17;submitSocial;all;arwin
2017-06-19 05:00:58	worker	@delta_fm;2017-06-17 - 2017-06-17;submitSocial;all;arwin
2017-06-19 05:01:09	worker	@traxfmjkt;2017-06-17 - 2017-06-17;submitSocial;all;arwin
2017-06-19 05:01:19	worker	@iradiojakarta;2017-06-17 - 2017-06-17;submitSocial;all;arwin
2017-06-19 05:01:30	worker	@indika9160fm;2017-06-17 - 2017-06-17;submitSocial;all;arwin
2017-06-19 05:01:40	worker	@shellindonesia;2017-06-17 - 2017-06-17;submitSocial;all;arwin
2017-06-19 05:01:50	worker	@vpowerfans;2017-06-17 - 2017-06-17;submitSocial;all;arwin
2017-06-19 05:02:00	worker	@pertamaxind;2017-06-17 - 2017-06-17;submitSocial;all;arwin
2017-06-19 05:02:11	worker	@ptpertamina;2017-06-17 - 2017-06-17;submitSocial;all;arwin
2017-06-19 05:02:21	worker	@OZRadioJakarta;2017-06-17 - 2017-06-17;submitSocial;all;arwin
2017-06-19 05:02:31	worker	@CosmopolitanFM;2017-06-17 - 2017-06-17;submitSocial;all;arwin
2017-06-19 05:02:41	worker	@mustang88fm;2017-06-17 - 2017-06-17;submitSocial;all;arwin
2017-06-19 05:02:51	worker	@debabaz;2017-06-17 - 2017-06-17;submitSocial;all;arwin
2017-06-19 05:03:01	worker	@detikcom;2017-06-17 - 2017-06-17;submitSocial;all;arwin
2017-06-19 05:03:14	worker	@radioelshinta;2017-06-17 - 2017-06-17;submitSocial;all;arwin
2017-06-19 05:03:25	worker	@cinema21;2017-06-17 - 2017-06-17;submitSocial;all;arwin
2017-06-19 05:03:35	worker	@OfficialRCTI;2017-06-17 - 2017-06-17;submitSocial;all;arwin
2017-06-19 05:03:46	worker	@TRANSTV_CORP;2017-06-17 - 2017-06-17;submitSocial;all;arwin
2017-06-19 05:03:56	worker	@TRANS7;2017-06-17 - 2017-06-17;submitSocial;all;arwin
2017-06-19 05:04:08	worker	@Metro_TV;2017-06-17 - 2017-06-17;submitSocial;all;arwin
2017-06-19 05:04:19	worker	@tvOneNews;2017-06-17 - 2017-06-17;submitSocial;all;arwin
2017-06-19 05:04:30	worker	@whatsonANTV;2017-06-17 - 2017-06-17;submitSocial;all;arwin
2017-06-19 05:04:42	worker	@SCTV_;2017-06-17 - 2017-06-17;submitSocial;all;arwin
2017-06-19 05:04:53	worker	@KompasTV;2017-06-17 - 2017-06-17;submitSocial;all;arwin
2017-06-19 05:05:04	worker	@netmediatama;2017-06-17 - 2017-06-17;submitSocial;all;arwin
2017-06-19 05:05:17	worker	@Globaltvseru;2017-06-17 - 2017-06-17;submitSocial;all;arwin
2017-06-19 05:05:27	worker	@JaktvCom;2017-06-17 - 2017-06-17;submitSocial;all;arwin
2017-06-19 05:05:38	worker	@TVRINasional;2017-06-17 - 2017-06-17;submitSocial;all;arwin
2017-06-19 05:05:48	worker	@ochannelupdates;2017-06-17 - 2017-06-17;submitSocial;all;arwin
2017-06-19 05:05:59	worker	@IndosiarID;2017-06-17 - 2017-06-17;submitSocial;all;arwin
2017-06-19 05:06:10	worker	@kompascom;2017-06-17 - 2017-06-17;submitSocial;all;arwin
2017-06-19 05:06:21	worker	@merdekadotcom;2017-06-17 - 2017-06-17;submitSocial;all;arwin
2017-06-19 05:06:32	worker	@MIdotcom;2017-06-17 - 2017-06-17;submitSocial;all;arwin
2017-06-19 05:06:42	worker	@tempodotco;2017-06-17 - 2017-06-17;submitSocial;all;arwin
2017-06-19 05:06:53	worker	@motion975fm;2017-06-17 - 2017-06-17;submitSocial;all;arwin
2017-06-19 05:07:04	worker	@_radiotoday;2017-06-17 - 2017-06-17;submitSocial;all;arwin
2017-06-19 05:07:14	worker	@radioinfo;2017-06-17 - 2017-06-17;submitSocial;all;arwin
2017-06-19 05:07:25	worker	@979FeMaleRadio;2017-06-17 - 2017-06-17;submitSocial;all;arwin
2017-06-19 05:07:35	worker	@WomanRadio943FM;2017-06-17 - 2017-06-17;submitSocial;all;arwin
2017-06-19 05:07:46	worker	@VRadioFM;2017-06-17 - 2017-06-17;submitSocial;all;arwin
2017-06-19 05:07:56	worker	@UFM947;2017-06-17 - 2017-06-17;submitSocial;all;arwin
2017-06-19 05:08:06	worker	@VIVAnews;2017-06-17 - 2017-06-17;submitSocial;all;arwin
2017-06-19 05:08:17	worker	@antaranews;2017-06-17 - 2017-06-17;submitSocial;all;arwin
2017-06-19 05:08:28	worker	@tribunnews;2017-06-17 - 2017-06-17;submitSocial;all;arwin
2017-06-19 05:08:39	worker	@okezonenews;2017-06-17 - 2017-06-17;submitSocial;all;arwin
2017-06-19 05:08:50	worker	@Beritasatu;2017-06-17 - 2017-06-17;submitSocial;all;arwin
2017-06-19 05:09:00	worker	@rollingstoneina;2017-06-17 - 2017-06-17;submitSocial;all;arwin
2017-06-19 05:09:11	worker	@FIMELAdotcom;2017-06-17 - 2017-06-17;submitSocial;all;arwin
2017-06-19 05:09:22	worker	@KapanLagicom;2017-06-17 - 2017-06-17;submitSocial;all;arwin
2017-06-19 05:09:32	worker	@KompasEnt ;2017-06-17 - 2017-06-17;submitSocial;all;arwin
2017-06-19 05:09:43	worker	@HaiMagazine;2017-06-17 - 2017-06-17;submitSocial;all;arwin
2017-06-19 05:09:53	worker	@JakartaVenue;2017-06-17 - 2017-06-17;submitSocial;all;arwin
2017-06-19 05:10:05	worker	@SeputarEvent;2017-06-17 - 2017-06-17;submitSocial;all;arwin
2017-06-19 05:10:16	worker	@ismayaLive;2017-06-17 - 2017-06-17;submitSocial;all;arwin
2017-06-19 05:10:27	worker	@ECEntertainment;2017-06-17 - 2017-06-17;submitSocial;all;arwin
2017-06-19 05:10:37	worker	@synergism_En;2017-06-17 - 2017-06-17;submitSocial;all;arwin
2017-06-19 05:10:47	worker	@Urbanbandung;2017-06-17 - 2017-06-17;submitSocial;all;arwin
2017-06-19 05:10:58	worker	@Urbanrkm995;2017-06-17 - 2017-06-17;submitSocial;all;arwin
2017-06-19 05:11:08	worker	@Garuda_Promo;2017-06-17 - 2017-06-17;submitSocial;all;arwin
2017-06-19 05:11:18	worker	@AirAsiaID;2017-06-17 - 2017-06-17;submitSocial;all;arwin
2017-06-19 05:11:29	worker	@KAI121;2017-06-17 - 2017-06-17;submitSocial;all;arwin
2017-06-19 05:11:40	worker	@Unilever;2017-06-17 - 2017-06-17;submitSocial;all;arwin
2017-06-19 05:11:51	worker	@Nestle;2017-06-17 - 2017-06-17;submitSocial;all;arwin
2017-06-19 05:12:01	worker	@CocaCola;2017-06-17 - 2017-06-17;submitSocial;all;arwin
2017-06-19 05:12:13	worker	@CNN;2017-06-17 - 2017-06-17;submitSocial;all;arwin
2017-06-19 05:12:28	worker	@MTV;2017-06-17 - 2017-06-17;submitSocial;all;arwin
2017-06-19 05:12:43	worker	@channelv;2017-06-17 - 2017-06-17;submitSocial;all;arwin
2017-06-19 05:12:53	worker	@iTunesMusic;2017-06-17 - 2017-06-17;submitSocial;all;arwin
2017-06-19 05:13:03	worker	@mashable;2017-06-17 - 2017-06-17;submitSocial;all;arwin
2017-06-19 05:13:15	worker	@decacaz;2017-06-17 - 2017-06-17;submitSocial;all;arwin
2017-06-19 05:13:26	worker	@radiobaru967FM;2017-06-17 - 2017-06-17;submitSocial;all;arwin
2017-06-19 05:13:36	worker	@967HitzFM;2017-06-17 - 2017-06-17;submitSocial;all;arwin
2017-06-19 05:13:47	worker	@TVGuide;2017-06-17 - 2017-06-17;submitSocial;all;arwin
2017-06-19 05:13:58	worker	@XL123;2017-06-17 - 2017-06-17;submitSocial;all;arwin
2017-06-19 05:14:08	worker	@triindonesia;2017-06-17 - 2017-06-17;submitSocial;all;arwin
2017-06-19 05:14:19	worker	@kaskus;2017-06-17 - 2017-06-17;submitSocial;all;arwin
2017-06-19 05:14:29	worker	@Studio_XXI;2017-06-17 - 2017-06-17;submitSocial;all;arwin
2017-06-19 05:14:40	worker	@blitzmegaplex;2017-06-17 - 2017-06-17;submitSocial;all;arwin
2017-06-19 05:14:50	worker	@alfamartku;2017-06-17 - 2017-06-17;submitSocial;all;arwin
2017-06-19 05:15:00	worker	@Carrefour_ID;2017-06-17 - 2017-06-17;submitSocial;all;arwin
2017-06-19 05:15:12	worker	@BBCBreaking;2017-06-17 - 2017-06-17;submitSocial;all;arwin
2017-06-19 05:15:26	worker	@Forbes;2017-06-17 - 2017-06-17;submitSocial;all;arwin
2017-06-19 05:15:41	worker	@BensRadio;2017-06-17 - 2017-06-17;submitSocial;all;arwin
2017-06-19 05:15:52	worker	@instagram;2017-06-17 - 2017-06-17;submitSocial;all;arwin
2017-06-19 05:16:05	worker	@Pinterest;2017-06-17 - 2017-06-17;submitSocial;all;arwin
2017-06-19 05:16:17	worker	@google;2017-06-17 - 2017-06-17;submitSocial;all;arwin
2017-06-19 05:16:36	worker	@Pertaminalub;2017-06-17 - 2017-06-17;submitSocial;all;arwin
2017-06-19 05:16:46	worker	@InfoLalinTol;2017-06-17 - 2017-06-17;submitSocial;all;arwin
2017-06-19 05:16:56	worker	@PTJASAMARGA;2017-06-17 - 2017-06-17;submitSocial;all;arwin
2017-06-19 05:17:07	worker	@cititransindo;2017-06-17 - 2017-06-17;submitSocial;all;arwin
2017-06-19 05:17:17	worker	#semangatpagisuperr;2017-06-17 - 2017-06-17;submitSocial;all;arwin
2017-06-19 05:17:27	worker	#genkuisinsideout;2017-06-17 - 2017-06-17;submitSocial;all;arwin
2017-06-19 05:17:38	worker	#semangatpagi;2017-06-17 - 2017-06-17;submitSocial;all;arwin
2017-06-19 05:17:48	worker	#dikamar;2017-06-17 - 2017-06-17;submitSocial;all;arwin
2017-06-19 05:17:58	worker	#kopaja;2017-06-17 - 2017-06-17;submitSocial;all;arwin
2017-06-19 05:18:09	worker	#generaksi8;2017-06-17 - 2017-06-17;submitSocial;all;arwin
2017-06-19 05:18:19	worker	#hitztsp;2017-06-17 - 2017-06-17;submitSocial;all;arwin
2017-06-19 05:18:29	worker	#np;2017-06-17 - 2017-06-17;submitSocial;all;arwin
2017-06-19 05:18:40	worker	#hitzlivestage;2017-06-17 - 2017-06-17;submitSocial;all;arwin
2017-06-19 05:18:50	worker	#thefreaks;2017-06-17 - 2017-06-17;submitSocial;all;arwin
2017-06-19 05:19:00	worker	#hitzsirkuspagi;2017-06-17 - 2017-06-17;submitSocial;all;arwin
2017-06-19 05:19:10	worker	#hitzathlon;2017-06-17 - 2017-06-17;submitSocial;all;arwin
2017-06-19 05:19:21	worker	#hitzzombie;2017-06-17 - 2017-06-17;submitSocial;all;arwin
2017-06-19 05:19:31	worker	#hitzkalong;2017-06-17 - 2017-06-17;submitSocial;all;arwin
2017-06-19 05:19:42	worker	#hitzbebas;2017-06-17 - 2017-06-17;submitSocial;all;arwin
2017-06-19 05:19:52	worker	#hitzhorehara;2017-06-17 - 2017-06-17;submitSocial;all;arwin
2017-06-19 05:20:02	worker	@ZaloraID;2017-06-17 - 2017-06-17;submitSocial;all;arwin
2017-06-19 05:20:13	worker	@OLX_Indonesia;2017-06-17 - 2017-06-17;submitSocial;all;arwin
2017-06-19 05:20:24	worker	@LazadaID;2017-06-17 - 2017-06-17;submitSocial;all;arwin
2017-06-19 05:20:34	worker	@utrippers;2017-06-17 - 2017-06-17;submitSocial;all;arwin
2017-06-19 05:20:44	worker	@GoGobot;2017-06-17 - 2017-06-17;submitSocial;all;arwin
2017-06-19 05:20:55	worker	@viatortravel;2017-06-17 - 2017-06-17;submitSocial;all;arwin
2017-06-19 05:21:05	worker	@alandakariza;2017-06-17 - 2017-06-17;submitSocial;all;arwin
2017-06-19 05:21:16	worker	@gagasmedia;2017-06-17 - 2017-06-17;submitSocial;all;arwin
2017-06-19 05:21:26	worker	@welovehonda;2017-06-17 - 2017-06-17;submitSocial;all;arwin
2017-06-19 05:21:38	worker	@SuzukiMotorID;2017-06-17 - 2017-06-17;submitSocial;all;arwin
2017-06-19 05:21:48	worker	@kawasakilovers;2017-06-17 - 2017-06-17;submitSocial;all;arwin
2017-06-19 05:21:58	worker	@yamahaindonesia;2017-06-17 - 2017-06-17;submitSocial;all;arwin
2017-06-19 05:22:09	worker	@tripanzee;2017-06-17 - 2017-06-17;submitSocial;all;arwin
2017-06-19 05:22:20	worker	@arnoldpoernomo;2017-06-17 - 2017-06-17;submitSocial;all;arwin
2017-06-19 05:22:30	worker	@nicsap;2017-06-17 - 2017-06-17;submitSocial;all;arwin
2017-06-19 05:22:40	worker	@tiket2;2017-06-17 - 2017-06-17;submitSocial;all;arwin
2017-06-19 05:22:50	worker	@traveloka;2017-06-17 - 2017-06-17;submitSocial;all;arwin
2017-06-19 05:23:00	worker	@wego;2017-06-17 - 2017-06-17;submitSocial;all;arwin
2017-06-19 05:23:11	worker	@agoda;2017-06-17 - 2017-06-17;submitSocial;all;arwin
2017-06-19 05:23:22	worker	#salahsambung;2017-06-17 - 2017-06-17;submitSocial;all;arwin
2017-06-19 05:23:33	worker	#tulalit;2017-06-17 - 2017-06-17;submitSocial;all;arwin
2017-06-19 05:23:43	worker	#pestageneraksi8;2017-06-17 - 2017-06-17;submitSocial;all;arwin
2017-06-19 05:23:53	worker	#ganaskustik;2017-06-17 - 2017-06-17;submitSocial;all;arwin
2017-06-19 05:24:04	worker	#lnhot20;2017-06-17 - 2017-06-17;submitSocial;all;arwin
2017-06-19 05:24:14	worker	@TripAdvisor;2017-06-17 - 2017-06-17;submitSocial;all;arwin
2017-06-19 05:24:24	worker	@google;2017-06-17 - 2017-06-17;submitSocial;all;arwin
2017-06-19 05:24:42	worker	@Telkomsel;2017-06-17 - 2017-06-17;submitSocial;all;arwin
2017-06-19 05:24:53	worker	@indosat;2017-06-17 - 2017-06-17;submitSocial;all;arwin
2017-06-19 05:25:04	worker	@bahanafmjkt;2017-06-17 - 2017-06-17;submitSocial;all;2017-06-19 05:25:24	worker	@sonorafm92;2017-06-17 - 2017-06-17;submitSocial;all;arwin
2017-06-19 05:25:35	worker	@litefm1058;2017-06-17 - 2017-06-17;submitSocial;all;arwin
2017-06-19 05:25:45	worker	@Bravaradio;2017-06-17 - 2017-06-17;submitSocial;all;arwin
2017-06-19 05:25:55	worker	#dgitm;2017-06-17 - 2017-06-17;submitSocial;all;arwin
2017-06-19 05:26:06	worker	#hitsalaprambors;2017-06-17 - 2017-06-17;submitSocial;all;arwin
2017-06-19 05:26:16	worker	#reqprambors;2017-06-17 - 2017-06-17;submitSocial;all;arwin
2017-06-19 05:26:26	worker	#thedandees;2017-06-17 - 2017-06-17;submitSocial;all;arwin
2017-06-19 05:26:36	worker	#pramborsquiz;2017-06-17 - 2017-06-17;submitSocial;all;arwin
2017-06-19 05:26:46	worker	#jeliprambors;2017-06-17 - 2017-06-17;submitSocial;all;arwin
2017-06-19 05:26:56	worker	#jodohinprambors;2017-06-17 - 2017-06-17;submitSocial;all;arwin
2017-06-19 05:27:07	worker	#ubahdenganbicara;2017-06-17 - 2017-06-17;submitSocial;all;arwin
2017-06-19 05:27:17	worker	#pramborschat;2017-06-17 - 2017-06-17;submitSocial;all;arwin
2017-06-19 05:27:27	worker	#tweetforduit;2017-06-17 - 2017-06-17;submitSocial;all;arwin
2017-06-19 05:27:38	worker	#joki3in1;2017-06-17 - 2017-06-17;submitSocial;all;arwin
2017-06-19 05:27:48	worker	#sarapanseru;2017-06-17 - 2017-06-17;submitSocial;all;arwin
2017-06-19 05:27:58	worker	#rawonkaneloop;2017-06-17 - 2017-06-17;submitSocial;all;arwin
2017-06-19 05:28:09	worker	#gudegkendilkeraton;2017-06-17 - 2017-06-17;submitSocial;all;arwin
2017-06-19 05:28:19	worker	#gadogadobutika;2017-06-17 - 2017-06-17;submitSocial;all;arwin
2017-06-19 05:28:29	worker	#mtvhottest;2017-06-17 - 2017-06-17;submitSocial;all;arwin
2017-06-19 05:28:40	worker	#dimsumcjdw;2017-06-17 - 2017-06-17;submitSocial;all;arwin
2017-06-19 05:28:50	worker	#pecelmadiunmbakniek;2017-06-17 - 2017-06-17;submitSocial;all;arwin
2017-06-19 05:29:00	worker	#depotarema;2017-06-17 - 2017-06-17;submitSocial;all;arwin
2017-06-19 05:29:10	worker	@BNI46;2017-06-17 - 2017-06-17;submitSocial;all;arwin
2017-06-19 05:29:20	worker	@BANKBRI_ID;2017-06-17 - 2017-06-17;submitSocial;all;arwin
2017-06-19 05:29:31	worker	#bni46;2017-06-17 - 2017-06-17;submitSocial;all;arwin
2017-06-19 05:29:42	worker	macet;2017-06-17 - 2017-06-17;submitSocial;all;arwin
2017-06-19 05:29:55	worker	#selamatpagi;2017-06-17 - 2017-06-17;submitSocial;all;arwin
2017-06-19 05:30:06	worker	#selamatmalam;2017-06-17 - 2017-06-17;submitSocial;all;arwin
2017-06-19 05:30:18	worker	@884GlobalRadio;2017-06-17 - 2017-06-17;submitSocial;all;arwin
2017-06-19 05:30:28	worker	@day_trans;2017-06-17 - 2017-06-17;submitSocial;all;arwin
2017-06-19 05:30:39	worker	@kencanavoyage;2017-06-17 - 2017-06-17;submitSocial;all;arwin
2017-06-19 05:30:49	worker	@jukebox5d;2017-06-17 - 2017-06-17;submitSocial;all;arwin
2017-06-19 05:30:59	worker	#mtvhottest;2017-06-17 - 2017-06-17;submitSocial;all;arwin
2017-06-19 05:31:10	worker	#semangatpagi;2017-06-17 - 2017-06-17;submitSocial;all;arwin
2017-06-19 05:31:20	worker	lifebuoy;2017-06-17 - 2017-06-17;submitSocial;all;arwin
2017-06-19 05:31:31	worker	jokowi;2017-06-17 - 2017-06-17;submitSocial;all;arwin
2017-06-19 05:31:45	worker	obama;2017-06-17 - 2017-06-17;submitSocial;all;arwin
2017-06-19 05:32:01	worker	starwars;2017-06-17 - 2017-06-17;submitSocial;all;arwin
2017-06-19 05:32:12	worker	jonan;2017-06-17 - 2017-06-17;submitSocial;all;arwin
2017-06-19 05:32:24	worker	pagi;2017-06-17 - 2017-06-17;submitSocial;all;arwin
2017-06-19 05:32:40	worker	sampoerna;2017-06-17 - 2017-06-17;submitSocial;all;arwin
2017-06-19 05:32:51	worker	djarum;2017-06-17 - 2017-06-17;submitSocial;all;arwin
2017-06-19 05:33:02	worker	#semangatpagi;2017-06-17 - 2017-06-17;submitSocial;all;arwin
2017-06-19 05:33:12	worker	#generaksi8;2017-06-17 - 2017-06-17;submitSocial;all;arwin
2017-06-19 05:33:22	worker	#365alasan;2017-06-17 - 2017-06-17;submitSocial;all;arwin
2017-06-19 05:33:32	worker	weew;2017-06-17 - 2017-06-17;submitSocial;all;arwin
2017-06-19 05:33:44	worker	testing;2017-06-17 - 2017-06-17;submitSocial;all;arwin
2017-06-19 05:34:00	worker	#kopaja;2017-06-17 - 2017-06-17;submitSocial;all;arwin
2017-06-19 05:34:11	worker	#genkuisinsideout;2017-06-17 - 2017-06-17;submitSocial;all;arwin
2017-06-19 05:34:21	worker	starwars;2017-06-17 - 2017-06-17;submitSocial;all;arwin
2017-06-19 05:34:32	worker	#kopaja;2017-06-17 - 2017-06-17;submitSocial;all;arwin
2017-06-19 05:34:42	worker	mldspot;2017-06-17 - 2017-06-17;submitSocial;all;arwin
2017-06-19 05:34:52	worker	PBDjarum;2017-06-17 - 2017-06-17;submitSocial;all;arwin
2017-06-19 05:35:04	worker	TemanNabati;2017-06-17 - 2017-06-17;submitSocial;all;arwin
2017-06-19 05:35:15	worker	Nextar;2017-06-17 - 2017-06-17;submitSocial;all;arwin
2017-06-19 05:35:26	worker	jokowo;2017-06-17 - 2017-06-17;submitSocial;all;arwin
2017-06-19 05:35:38	worker	prabowo;2017-06-17 - 2017-06-17;submitSocial;all;arwin
2017-06-19 05:35:48	worker	sudirman said;2017-06-17 - 2017-06-17;submitSocial;all;arwin
2017-06-19 05:35:59	worker	ahok;2017-06-17 - 2017-06-17;submitSocial;all;arwin
2017-06-19 05:36:12	worker	setyanovanto;2017-06-17 - 2017-06-17;submitSocial;all;arwin
2017-06-19 05:36:22	worker	jokowi;2017-06-17 - 2017-06-17;submitSocial;all;arwin
2017-06-19 05:36:36	worker	ahok;2017-06-17 - 2017-06-17;submitSocial;all;arwin
2017-06-19 05:36:49	worker	prabowo;2017-06-17 - 2017-06-17;submitSocial;all;arwin
2017-06-19 05:37:00	worker	sudirman said;2017-06-17 - 2017-06-17;submitSocial;all;arwin
2017-06-19 05:37:11	worker	setyanovanto;2017-06-17 - 2017-06-17;submitSocial;all;arwin
2017-06-19 05:37:21	worker	galau;2017-06-17 - 2017-06-17;submitSocial;all;arwin
2017-06-19 05:37:33	worker	#prestasiindonesia;2017-06-17 - 2017-06-17;submitSocial;all;arwin
2017-06-19 05:37:44	worker	@Tw_Debi;2017-06-17 - 2017-06-17;submitSocial;all;arwin
2017-06-19 05:37:54	worker	@OfficialFastron;2017-06-17 - 2017-06-17;submitSocial;all;arwin
2017-06-19 05:38:04	worker	@CitibankID;2017-06-17 - 2017-06-17;submitSocial;all;arwin
2017-06-19 05:38:15	worker	@jak101fm;2017-06-17 - 2017-06-17;submitSocial;all;arwin
2017-06-19 05:38:25	worker	@genfm;2017-06-17 - 2017-06-17;submitSocial;all;arwin
2017-06-19 12:08:34	worker	#takjilimpor from @indika9160fm;2017-06-01 - 2017-06-18;submitAdvanced;all;tommy5D	#takjilimpor from @indika9160fm;2017-06-01 - 2017-06-18;submitAdvanced;all;tommy5D
2017-06-19 12:09:35	done	#takjilimpor from @indika9160fm;2017-06-01 - 2017-06-18;submitAdvanced;all;tommy5D
2017-06-19 12:09:35	worker	#takjilimpor from @indika9160fm;2017-06-01 - 2017-06-18;submitAdvanced;all;tommy5D	#takjilimpor from @indika9160fm;2017-06-01 - 2017-06-18;submitAdvanced;all;tommy5D
2017-06-19 12:09:41	report	#takjilimpor From @indika9160fm!#takjilimpor From @indika9160fm;06/01/2017 - 06/18/2017;tommy5D;submitAdvanced	{"#takjilimpor From @indika9160fm":{"area":0,"medium":{"2017-06-01":0,"2017-06-02":0,"2017-06-03":0,"2017-06-04":0,"2017-06-05":0,"2017-06-06":0,"2017-06-07":0,"2017-06-08":0,"2017-06-09":0,"2017-06-10":0,"2017-06-11":0,"2017-06-12":0,"2017-06-13":0,"2017-06-14":0,"2017-06-15":0,"2017-06-16":0,"2017-06-17":0,"2017-06-18":0},"unique_screenname":0,"dev":{"Iphone":0,"Android":0,"Web":0,"Blackberry":0},"loc":{"Jakarta":0,"Depok":0,"Bogor":0,"Tangerang":0,"Bekasi":0},"sentimen":{"goodwords":0,"badwords":0,"netral":100},"ER":0,"ER_daily":{"2017-06-01":0,"2017-06-02":0,"2017-06-03":0,"2017-06-04":0,"2017-06-05":0,"2017-06-06":0,"2017-06-07":0,"2017-06-08":0,"2017-06-09":0,"2017-06-10":0,"2017-06-11":0,"2017-06-12":0,"2017-06-13":0,"2017-06-14":0,"2017-06-15":0,"2017-06-16":0,"2017-06-17":0,"2017-06-18":0}}}
2017-06-19 12:10:44	done	#takjilimpor from @indika9160fm;2017-06-01 - 2017-06-18;submitAdvanced;all;tommy5D
2017-06-19 12:15:14	worker	#takjilimpor;2017-06-01 - 2017-06-18;submitSocial;all;tommy5D	#takjilimpor;2017-06-01 - 2017-06-18;submitSocial;all;tommy5D
2017-06-19 12:16:11	done	#takjilimpor;2017-06-01 - 2017-06-18;submitSocial;all;tommy5D
2017-06-19 12:16:12	worker	#takjilimporvd;2017-06-01 - 2017-06-18;submitSocial;all;tommy5D	#takjilimporvd;2017-06-01 - 2017-06-18;submitSocial;all;tommy5D
2017-06-19 12:17:10	done	#takjilimporvd;2017-06-01 - 2017-06-18;submitSocial;all;tommy5D
2017-06-19 12:17:13	report	#takjilimpor!#takjilimporvd;06/01/2017 - 06/18/2017;tommy5D;submitSocial	{"#takjilimpor":{"area":10,"medium":{"2017-06-01":0,"2017-06-02":0,"2017-06-03":0,"2017-06-04":0,"2017-06-05":0,"2017-06-06":0,"2017-06-07":0,"2017-06-08":0,"2017-06-09":0,"2017-06-10":0,"2017-06-11":0,"2017-06-12":0,"2017-06-13":0,"2017-06-14":0,"2017-06-15":4,"2017-06-16":6,"2017-06-17":0,"2017-06-18":0},"unique_screenname":8,"dev":{"Iphone":2,"Android":6,"Web":2,"Blackberry":0},"loc":{"Jakarta":6,"Depok":0,"Bogor":0,"Tangerang":0,"Bekasi":0},"sentimen":{"goodwords":0.03,"badwords":0,"netral":99.97}},"#takjilimporvd":{"area":0,"medium":{"2017-06-01":0,"2017-06-02":0,"2017-06-03":0,"2017-06-04":0,"2017-06-05":0,"2017-06-06":0,"2017-06-07":0,"2017-06-08":0,"2017-06-09":0,"2017-06-10":0,"2017-06-11":0,"2017-06-12":0,"2017-06-13":0,"2017-06-14":0,"2017-06-15":0,"2017-06-16":0,"2017-06-17":0,"2017-06-18":0},"unique_screenname":0,"dev":{"Iphone":0,"Android":0,"Web":0,"Blackberry":0},"loc":{"Jakarta":0,"Depok":0,"Bogor":0,"Tangerang":0,"Bekasi":0},"sentimen":{"goodwords":0,"badwords":0,"netral":100}}}
2017-06-19 12:43:45	worker	#goodliferamadan;2017-06-01 - 2017-06-18;submitSocial;all;tommy5D	#goodliferamadan;2017-06-01 - 2017-06-18;submitSocial;all;tommy5D
2017-06-19 12:44:39	worker	#goodliferamadhan;2017-06-01 - 2017-06-18;submitSocial;all;tommy5D	#goodliferamadhan;2017-06-01 - 2017-06-18;submitSocial;all;tommy5D
2017-06-19 12:44:39	done	#goodliferamadan;2017-06-01 - 2017-06-18;submitSocial;all;tommy5D
2017-06-19 12:45:40	done	#goodliferamadhan;2017-06-01 - 2017-06-18;submitSocial;all;tommy5D
2017-06-19 12:45:44	report	#Goodliferamadan!#Goodliferamadhan;06/01/2017 - 06/18/2017;tommy5D;submitSocial	{"#Goodliferamadan":{"area":218,"medium":{"2017-06-01":0,"2017-06-02":0,"2017-06-03":0,"2017-06-04":0,"2017-06-05":0,"2017-06-06":0,"2017-06-07":3,"2017-06-08":3,"2017-06-09":3,"2017-06-10":0,"2017-06-11":0,"2017-06-12":47,"2017-06-13":34,"2017-06-14":27,"2017-06-15":11,"2017-06-16":32,"2017-06-17":27,"2017-06-18":31},"unique_screenname":159,"dev":{"Iphone":28,"Android":125,"Web":22,"Blackberry":6},"loc":{"Jakarta":64,"Depok":3,"Bogor":0,"Tangerang":2,"Bekasi":8},"sentimen":{"goodwords":0.11,"badwords":0.05,"netral":99.84}},"#Goodliferamadhan":{"area":14,"medium":{"2017-06-01":0,"2017-06-02":0,"2017-06-03":0,"2017-06-04":0,"2017-06-05":0,"2017-06-06":0,"2017-06-07":0,"2017-06-08":0,"2017-06-09":1,"2017-06-10":0,"2017-06-11":0,"2017-06-12":0,"2017-06-13":3,"2017-06-14":2,"2017-06-15":0,"2017-06-16":1,"2017-06-17":5,"2017-06-18":2},"unique_screenname":14,"dev":{"Iphone":4,"Android":9,"Web":1,"Blackberry":0},"loc":{"Jakarta":4,"Depok":0,"Bogor":0,"Tangerang":1,"Bekasi":1},"sentimen":{"goodwords":0.02,"badwords":0.03,"netral":99.95}}}
2017-06-19 14:42:44	worker	#takjilimporvds;2017-06-01 - 2017-06-18;submitSocial;all;tommy5D	#takjilimporvds;2017-06-01 - 2017-06-18;submitSocial;all;tommy5D
2017-06-19 14:43:44	done	#takjilimporvds;2017-06-01 - 2017-06-18;submitSocial;all;tommy5D
2017-06-19 14:43:48	report	#takjilimpor!#takjilimporvds;06/01/2017 - 06/18/2017;tommy5D;submitSocial	{"#takjilimpor":{"area":10,"medium":{"2017-06-01":0,"2017-06-02":0,"2017-06-03":0,"2017-06-04":0,"2017-06-05":0,"2017-06-06":0,"2017-06-07":0,"2017-06-08":0,"2017-06-09":0,"2017-06-10":0,"2017-06-11":0,"2017-06-12":0,"2017-06-13":0,"2017-06-14":0,"2017-06-15":4,"2017-06-16":6,"2017-06-17":0,"2017-06-18":0},"unique_screenname":8,"dev":{"Iphone":2,"Android":6,"Web":2,"Blackberry":0},"loc":{"Jakarta":6,"Depok":0,"Bogor":0,"Tangerang":0,"Bekasi":0},"sentimen":{"goodwords":0.03,"badwords":0,"netral":99.97}},"#takjilimporvds":{"area":0,"medium":{"2017-06-01":0,"2017-06-02":0,"2017-06-03":0,"2017-06-04":0,"2017-06-05":0,"2017-06-06":0,"2017-06-07":0,"2017-06-08":0,"2017-06-09":0,"2017-06-10":0,"2017-06-11":0,"2017-06-12":0,"2017-06-13":0,"2017-06-14":0,"2017-06-15":0,"2017-06-16":0,"2017-06-17":0,"2017-06-18":0},"unique_screenname":0,"dev":{"Iphone":0,"Android":0,"Web":0,"Blackberry":0},"loc":{"Jakarta":0,"Depok":0,"Bogor":0,"Tangerang":0,"Bekasi":0},"sentimen":{"goodwords":0,"badwords":0,"netral":100}}}
