2017-07-01 05:00:02	worker	@987genfm;2017-06-29 - 2017-06-29;submitSocial;all;arwin
2017-07-01 05:00:07	worker	@101jakfm;2017-06-29 - 2017-06-29;submitSocial;all;arwin
2017-07-01 05:00:10	worker	@prambors;2017-06-29 - 2017-06-29;submitSocial;all;arwin
2017-07-01 05:00:13	worker	@hardrockfm;2017-06-29 - 2017-06-29;submitSocial;all;arwin
2017-07-01 05:00:15	worker	@kisfmjakarta;2017-06-29 - 2017-06-29;submitSocial;all;arwin
2017-07-01 05:00:18	worker	@delta_fm;2017-06-29 - 2017-06-29;submitSocial;all;arwin
2017-07-01 05:00:20	worker	@traxfmjkt;2017-06-29 - 2017-06-29;submitSocial;all;arwin
2017-07-01 05:00:23	worker	@iradiojakarta;2017-06-29 - 2017-06-29;submitSocial;all;arwin
2017-07-01 05:00:25	worker	@indika9160fm;2017-06-29 - 2017-06-29;submitSocial;all;arwin
2017-07-01 05:00:28	worker	@shellindonesia;2017-06-29 - 2017-06-29;submitSocial;all;arwin
2017-07-01 05:00:30	worker	@vpowerfans;2017-06-29 - 2017-06-29;submitSocial;all;arwin
2017-07-01 05:00:32	worker	@pertamaxind;2017-06-29 - 2017-06-29;submitSocial;all;arwin
2017-07-01 05:00:34	worker	@ptpertamina;2017-06-29 - 2017-06-29;submitSocial;all;arwin
2017-07-01 05:00:37	worker	@OZRadioJakarta;2017-06-29 - 2017-06-29;submitSocial;all;arwin
2017-07-01 05:00:39	worker	@CosmopolitanFM;2017-06-29 - 2017-06-29;submitSocial;all;arwin
2017-07-01 05:00:41	worker	@mustang88fm;2017-06-29 - 2017-06-29;submitSocial;all;arwin
2017-07-01 05:00:44	worker	@debabaz;2017-06-29 - 2017-06-29;submitSocial;all;arwin
2017-07-01 05:00:46	worker	@detikcom;2017-06-29 - 2017-06-29;submitSocial;all;arwin
2017-07-01 05:00:49	worker	@radioelshinta;2017-06-29 - 2017-06-29;submitSocial;all;arwin
2017-07-01 05:00:52	worker	@cinema21;2017-06-29 - 2017-06-29;submitSocial;all;arwin
2017-07-01 05:00:54	worker	@OfficialRCTI;2017-06-29 - 2017-06-29;submitSocial;all;arwin
2017-07-01 05:00:57	worker	@TRANSTV_CORP;2017-06-29 - 2017-06-29;submitSocial;all;arwin
2017-07-01 05:00:59	worker	@TRANS7;2017-06-29 - 2017-06-29;submitSocial;all;arwin
2017-07-01 05:01:02	worker	@Metro_TV;2017-06-29 - 2017-06-29;submitSocial;all;arwin
2017-07-01 05:01:04	worker	@tvOneNews;2017-06-29 - 2017-06-29;submitSocial;all;arwin
2017-07-01 05:01:07	worker	@whatsonANTV;2017-06-29 - 2017-06-29;submitSocial;all;arwin
2017-07-01 05:01:09	worker	@SCTV_;2017-06-29 - 2017-06-29;submitSocial;all;arwin
2017-07-01 05:01:12	worker	@KompasTV;2017-06-29 - 2017-06-29;submitSocial;all;arwin
2017-07-01 05:01:14	worker	@netmediatama;2017-06-29 - 2017-06-29;submitSocial;all;arwin
2017-07-01 05:01:17	worker	@Globaltvseru;2017-06-29 - 2017-06-29;submitSocial;all;arwin
2017-07-01 05:01:20	worker	@JaktvCom;2017-06-29 - 2017-06-29;submitSocial;all;arwin
2017-07-01 05:01:22	worker	@TVRINasional;2017-06-29 - 2017-06-29;submitSocial;all;arwin
2017-07-01 05:01:24	worker	@ochannelupdates;2017-06-29 - 2017-06-29;submitSocial;all;arwin
2017-07-01 05:01:27	worker	@IndosiarID;2017-06-29 - 2017-06-29;submitSocial;all;arwin
2017-07-01 05:01:29	worker	@kompascom;2017-06-29 - 2017-06-29;submitSocial;all;arwin
2017-07-01 05:01:32	worker	@merdekadotcom;2017-06-29 - 2017-06-29;submitSocial;all;arwin
2017-07-01 05:01:35	worker	@MIdotcom;2017-06-29 - 2017-06-29;submitSocial;all;arwin
2017-07-01 05:01:37	worker	@tempodotco;2017-06-29 - 2017-06-29;submitSocial;all;arwin
2017-07-01 05:01:40	worker	@motion975fm;2017-06-29 - 2017-06-29;submitSocial;all;arwin
2017-07-01 05:01:42	worker	@_radiotoday;2017-06-29 - 2017-06-29;submitSocial;all;arwin
2017-07-01 05:01:44	worker	@radioinfo;2017-06-29 - 2017-06-29;submitSocial;all;arwin
2017-07-01 05:01:47	worker	@979FeMaleRadio;2017-06-29 - 2017-06-29;submitSocial;all;arwin
2017-07-01 05:01:49	worker	@WomanRadio943FM;2017-06-29 - 2017-06-29;submitSocial;all;arwin
2017-07-01 05:01:51	worker	@VRadioFM;2017-06-29 - 2017-06-29;submitSocial;all;arwin
2017-07-01 05:01:54	worker	@UFM947;2017-06-29 - 2017-06-29;submitSocial;all;arwin
2017-07-01 05:01:56	worker	@VIVAnews;2017-06-29 - 2017-06-29;submitSocial;all;arwin
2017-07-01 05:01:58	worker	@antaranews;2017-06-29 - 2017-06-29;submitSocial;all;arwin
2017-07-01 05:02:01	worker	@tribunnews;2017-06-29 - 2017-06-29;submitSocial;all;arwin
2017-07-01 05:02:04	worker	@okezonenews;2017-06-29 - 2017-06-29;submitSocial;all;arwin
2017-07-01 05:02:06	worker	@Beritasatu;2017-06-29 - 2017-06-29;submitSocial;all;arwin
2017-07-01 05:02:09	worker	@rollingstoneina;2017-06-29 - 2017-06-29;submitSocial;all;arwin
2017-07-01 05:02:11	worker	@FIMELAdotcom;2017-06-29 - 2017-06-29;submitSocial;all;arwin
2017-07-01 05:02:14	worker	@KapanLagicom;2017-06-29 - 2017-06-29;submitSocial;all;arwin
2017-07-01 05:02:16	worker	@KompasEnt ;2017-06-29 - 2017-06-29;submitSocial;all;arwin
2017-07-01 05:02:18	worker	@HaiMagazine;2017-06-29 - 2017-06-29;submitSocial;all;arwin
2017-07-01 05:02:21	worker	@JakartaVenue;2017-06-29 - 2017-06-29;submitSocial;all;arwin
2017-07-01 05:02:23	worker	@SeputarEvent;2017-06-29 - 2017-06-29;submitSocial;all;arwin
2017-07-01 05:02:25	worker	@ismayaLive;2017-06-29 - 2017-06-29;submitSocial;all;arwin
2017-07-01 05:02:28	worker	@ECEntertainment;2017-06-29 - 2017-06-29;submitSocial;all;arwin
2017-07-01 05:02:30	worker	@synergism_En;2017-06-29 - 2017-06-29;submitSocial;all;arwin
2017-07-01 05:02:32	worker	@Urbanbandung;2017-06-29 - 2017-06-29;submitSocial;all;arwin
2017-07-01 05:02:34	worker	@Urbanrkm995;2017-06-29 - 2017-06-29;submitSocial;all;arwin
2017-07-01 05:02:36	worker	@Garuda_Promo;2017-06-29 - 2017-06-29;submitSocial;all;arwin
2017-07-01 05:02:38	worker	@AirAsiaID;2017-06-29 - 2017-06-29;submitSocial;all;arwin
2017-07-01 05:02:41	worker	@KAI121;2017-06-29 - 2017-06-29;submitSocial;all;arwin
2017-07-01 05:02:43	worker	@Unilever;2017-06-29 - 2017-06-29;submitSocial;all;arwin
2017-07-01 05:02:46	worker	@Nestle;2017-06-29 - 2017-06-29;submitSocial;all;arwin
2017-07-01 05:02:49	worker	@CocaCola;2017-06-29 - 2017-06-29;submitSocial;all;arwin
2017-07-01 05:02:52	worker	@CNN;2017-06-29 - 2017-06-29;submitSocial;all;arwin
2017-07-01 05:03:01	worker	@MTV;2017-06-29 - 2017-06-29;submitSocial;all;arwin
2017-07-01 05:03:08	worker	@channelv;2017-06-29 - 2017-06-29;submitSocial;all;arwin
2017-07-01 05:03:11	worker	@iTunesMusic;2017-06-29 - 2017-06-29;submitSocial;all;arwin
2017-07-01 05:03:13	worker	@mashable;2017-06-29 - 2017-06-29;submitSocial;all;arwin
2017-07-01 05:03:18	worker	@decacaz;2017-06-29 - 2017-06-29;submitSocial;all;arwin
2017-07-01 05:03:20	worker	@radiobaru967FM;2017-06-29 - 2017-06-29;submitSocial;all;arwin
2017-07-01 05:03:22	worker	@967HitzFM;2017-06-29 - 2017-06-29;submitSocial;all;arwin
2017-07-01 05:03:24	worker	@TVGuide;2017-06-29 - 2017-06-29;submitSocial;all;arwin
2017-07-01 05:03:27	worker	@XL123;2017-06-29 - 2017-06-29;submitSocial;all;arwin
2017-07-01 05:03:29	worker	@triindonesia;2017-06-29 - 2017-06-29;submitSocial;all;arwin
2017-07-01 05:03:32	worker	@kaskus;2017-06-29 - 2017-06-29;submitSocial;all;arwin
2017-07-01 05:03:34	worker	@Studio_XXI;2017-06-29 - 2017-06-29;submitSocial;all;arwin
2017-07-01 05:03:37	worker	@blitzmegaplex;2017-06-29 - 2017-06-29;submitSocial;all;arwin
2017-07-01 05:03:39	worker	@alfamartku;2017-06-29 - 2017-06-29;submitSocial;all;arwin
2017-07-01 05:03:41	worker	@Carrefour_ID;2017-06-29 - 2017-06-29;submitSocial;all;arwin
2017-07-01 05:03:43	worker	@BBCBreaking;2017-06-29 - 2017-06-29;submitSocial;all;arwin
2017-07-01 05:03:48	worker	@Forbes;2017-06-29 - 2017-06-29;submitSocial;all;arwin
2017-07-01 05:03:56	worker	@BensRadio;2017-06-29 - 2017-06-29;submitSocial;all;arwin
2017-07-01 05:03:58	worker	@instagram;2017-06-29 - 2017-06-29;submitSocial;all;arwin
2017-07-01 05:04:06	worker	@Pinterest;2017-06-29 - 2017-06-29;submitSocial;all;arwin
2017-07-01 05:04:09	worker	@google;2017-06-29 - 2017-06-29;submitSocial;all;arwin
2017-07-01 05:04:16	worker	@Pertaminalub;2017-06-29 - 2017-06-29;submitSocial;all;arwin
2017-07-01 05:04:19	worker	@InfoLalinTol;2017-06-29 - 2017-06-29;submitSocial;all;arwin
2017-07-01 05:04:21	worker	@PTJASAMARGA;2017-06-29 - 2017-06-29;submitSocial;all;arwin
2017-07-01 05:04:23	worker	@cititransindo;2017-06-29 - 2017-06-29;submitSocial;all;arwin
2017-07-01 05:04:26	worker	#semangatpagisuperr;2017-06-29 - 2017-06-29;submitSocial;all;arwin
2017-07-01 05:04:28	worker	#genkuisinsideout;2017-06-29 - 2017-06-29;submitSocial;all;arwin
2017-07-01 05:04:30	worker	#semangatpagi;2017-06-29 - 2017-06-29;submitSocial;all;arwin
2017-07-01 05:04:32	worker	#dikamar;2017-06-29 - 2017-06-29;submitSocial;all;arwin
2017-07-01 05:04:34	worker	#kopaja;2017-06-29 - 2017-06-29;submitSocial;all;arwin
2017-07-01 05:04:37	worker	#generaksi8;2017-06-29 - 2017-06-29;submitSocial;all;arwin
2017-07-01 05:04:39	worker	#hitztsp;2017-06-29 - 2017-06-29;submitSocial;all;arwin
2017-07-01 05:04:41	worker	#np;2017-06-29 - 2017-06-29;submitSocial;all;arwin
2017-07-01 05:04:44	worker	#hitzlivestage;2017-06-29 - 2017-06-29;submitSocial;all;arwin
2017-07-01 05:04:46	worker	#thefreaks;2017-06-29 - 2017-06-29;submitSocial;all;arwin
2017-07-01 05:04:49	worker	#hitzsirkuspagi;2017-06-29 - 2017-06-29;submitSocial;all;arwin
2017-07-01 05:04:51	worker	#hitzathlon;2017-06-29 - 2017-06-29;submitSocial;all;arwin
2017-07-01 05:04:53	worker	#hitzzombie;2017-06-29 - 2017-06-29;submitSocial;all;arwin
2017-07-01 05:04:55	worker	#hitzkalong;2017-06-29 - 2017-06-29;submitSocial;all;arwin
2017-07-01 05:04:58	worker	#hitzbebas;2017-06-29 - 2017-06-29;submitSocial;all;arwin
2017-07-01 05:05:00	worker	#hitzhorehara;2017-06-29 - 2017-06-29;submitSocial;all;arwin
2017-07-01 05:05:02	worker	@ZaloraID;2017-06-29 - 2017-06-29;submitSocial;all;arwin
2017-07-01 05:05:05	worker	@OLX_Indonesia;2017-06-29 - 2017-06-29;submitSocial;all;arwin
2017-07-01 05:05:07	worker	@LazadaID;2017-06-29 - 2017-06-29;submitSocial;all;arwin
2017-07-01 05:05:10	worker	@utrippers;2017-06-29 - 2017-06-29;submitSocial;all;arwin
2017-07-01 05:05:12	worker	@GoGobot;2017-06-29 - 2017-06-29;submitSocial;all;arwin
2017-07-01 05:05:15	worker	@viatortravel;2017-06-29 - 2017-06-29;submitSocial;all;arwin
2017-07-01 05:05:17	worker	@alandakariza;2017-06-29 - 2017-06-29;submitSocial;all;arwin
2017-07-01 05:05:19	worker	@gagasmedia;2017-06-29 - 2017-06-29;submitSocial;all;arwin
2017-07-01 05:05:22	worker	@welovehonda;2017-06-29 - 2017-06-29;submitSocial;all;arwin
2017-07-01 05:05:24	worker	@SuzukiMotorID;2017-06-29 - 2017-06-29;submitSocial;all;arwin
2017-07-01 05:05:26	worker	@kawasakilovers;2017-06-29 - 2017-06-29;submitSocial;all;arwin
2017-07-01 05:05:29	worker	@yamahaindonesia;2017-06-29 - 2017-06-29;submitSocial;all;arwin
2017-07-01 05:05:31	worker	@tripanzee;2017-06-29 - 2017-06-29;submitSocial;all;arwin
2017-07-01 05:05:33	worker	@arnoldpoernomo;2017-06-29 - 2017-06-29;submitSocial;all;arwin
2017-07-01 05:05:35	worker	@nicsap;2017-06-29 - 2017-06-29;submitSocial;all;arwin
2017-07-01 05:05:38	worker	@tiket2;2017-06-29 - 2017-06-29;submitSocial;all;arwin
2017-07-01 05:05:40	worker	@traveloka;2017-06-29 - 2017-06-29;submitSocial;all;arwin
2017-07-01 05:05:43	worker	@wego;2017-06-29 - 2017-06-29;submitSocial;all;arwin
2017-07-01 05:05:46	worker	@agoda;2017-06-29 - 2017-06-29;submitSocial;all;arwin
2017-07-01 05:05:49	worker	#salahsambung;2017-06-29 - 2017-06-29;submitSocial;all;arwin
2017-07-01 05:05:51	worker	#tulalit;2017-06-29 - 2017-06-29;submitSocial;all;arwin
2017-07-01 05:05:53	worker	#pestageneraksi8;2017-06-29 - 2017-06-29;submitSocial;all;arwin
2017-07-01 05:05:55	worker	#ganaskustik;2017-06-29 - 2017-06-29;submitSocial;all;arwin
2017-07-01 05:05:57	worker	#lnhot20;2017-06-29 - 2017-06-29;submitSocial;all;arwin
2017-07-01 05:05:59	worker	@TripAdvisor;2017-06-29 - 2017-06-29;submitSocial;all;arwin
2017-07-01 05:06:02	worker	@google;2017-06-29 - 2017-06-29;submitSocial;all;arwin
2017-07-01 05:06:10	worker	@Telkomsel;2017-06-29 - 2017-06-29;submitSocial;all;arwin
2017-07-01 05:06:13	worker	@indosat;2017-06-29 - 2017-06-29;submitSocial;all;arwin
2017-07-01 05:06:15	worker	@bahanafmjkt;2017-06-29 - 2017-06-29;submitSocial;all;2017-07-01 05:06:20	worker	@sonorafm92;2017-06-29 - 2017-06-29;submitSocial;all;arwin
2017-07-01 05:06:23	worker	@litefm1058;2017-06-29 - 2017-06-29;submitSocial;all;arwin
2017-07-01 05:06:24	worker	@Bravaradio;2017-06-29 - 2017-06-29;submitSocial;all;arwin
2017-07-01 05:06:27	worker	#dgitm;2017-06-29 - 2017-06-29;submitSocial;all;arwin
2017-07-01 05:06:30	worker	#hitsalaprambors;2017-06-29 - 2017-06-29;submitSocial;all;arwin
2017-07-01 05:06:32	worker	#reqprambors;2017-06-29 - 2017-06-29;submitSocial;all;arwin
2017-07-01 05:06:34	worker	#thedandees;2017-06-29 - 2017-06-29;submitSocial;all;arwin
2017-07-01 05:06:36	worker	#pramborsquiz;2017-06-29 - 2017-06-29;submitSocial;all;arwin
2017-07-01 05:06:38	worker	#jeliprambors;2017-06-29 - 2017-06-29;submitSocial;all;arwin
2017-07-01 05:06:40	worker	#jodohinprambors;2017-06-29 - 2017-06-29;submitSocial;all;arwin
2017-07-01 05:06:42	worker	#ubahdenganbicara;2017-06-29 - 2017-06-29;submitSocial;all;arwin
2017-07-01 05:06:44	worker	#pramborschat;2017-06-29 - 2017-06-29;submitSocial;all;arwin
2017-07-01 05:06:47	worker	#tweetforduit;2017-06-29 - 2017-06-29;submitSocial;all;arwin
2017-07-01 05:06:49	worker	#joki3in1;2017-06-29 - 2017-06-29;submitSocial;all;arwin
2017-07-01 05:06:51	worker	#sarapanseru;2017-06-29 - 2017-06-29;submitSocial;all;arwin
2017-07-01 05:06:53	worker	#rawonkaneloop;2017-06-29 - 2017-06-29;submitSocial;all;arwin
2017-07-01 05:06:55	worker	#gudegkendilkeraton;2017-06-29 - 2017-06-29;submitSocial;all;arwin
2017-07-01 05:06:57	worker	#gadogadobutika;2017-06-29 - 2017-06-29;submitSocial;all;arwin
2017-07-01 05:06:59	worker	#mtvhottest;2017-06-29 - 2017-06-29;submitSocial;all;arwin
2017-07-01 05:07:02	worker	#dimsumcjdw;2017-06-29 - 2017-06-29;submitSocial;all;arwin
2017-07-01 05:07:04	worker	#pecelmadiunmbakniek;2017-06-29 - 2017-06-29;submitSocial;all;arwin
2017-07-01 05:07:06	worker	#depotarema;2017-06-29 - 2017-06-29;submitSocial;all;arwin
2017-07-01 05:07:08	worker	@BNI46;2017-06-29 - 2017-06-29;submitSocial;all;arwin
2017-07-01 05:07:11	worker	@BANKBRI_ID;2017-06-29 - 2017-06-29;submitSocial;all;arwin
2017-07-01 05:07:13	worker	#bni46;2017-06-29 - 2017-06-29;submitSocial;all;arwin
2017-07-01 05:07:15	worker	macet;2017-06-29 - 2017-06-29;submitSocial;all;arwin
2017-07-01 05:07:23	worker	#selamatpagi;2017-06-29 - 2017-06-29;submitSocial;all;arwin
2017-07-01 05:07:25	worker	#selamatmalam;2017-06-29 - 2017-06-29;submitSocial;all;arwin
2017-07-01 05:07:27	worker	@884GlobalRadio;2017-06-29 - 2017-06-29;submitSocial;all;arwin
2017-07-01 05:07:30	worker	@day_trans;2017-06-29 - 2017-06-29;submitSocial;all;arwin
2017-07-01 05:07:32	worker	@kencanavoyage;2017-06-29 - 2017-06-29;submitSocial;all;arwin
2017-07-01 05:07:34	worker	@jukebox5d;2017-06-29 - 2017-06-29;submitSocial;all;arwin
2017-07-01 05:07:36	worker	#mtvhottest;2017-06-29 - 2017-06-29;submitSocial;all;arwin
2017-07-01 05:07:39	worker	#semangatpagi;2017-06-29 - 2017-06-29;submitSocial;all;arwin
2017-07-01 05:07:41	worker	lifebuoy;2017-06-29 - 2017-06-29;submitSocial;all;arwin
2017-07-01 05:07:43	worker	jokowi;2017-06-29 - 2017-06-29;submitSocial;all;arwin
2017-07-01 05:07:50	worker	obama;2017-06-29 - 2017-06-29;submitSocial;all;arwin
2017-07-01 05:08:01	worker	starwars;2017-06-29 - 2017-06-29;submitSocial;all;arwin
2017-07-01 05:08:03	worker	jonan;2017-06-29 - 2017-06-29;submitSocial;all;arwin
2017-07-01 05:08:07	worker	pagi;2017-06-29 - 2017-06-29;submitSocial;all;arwin
2017-07-01 05:08:16	worker	sampoerna;2017-06-29 - 2017-06-29;submitSocial;all;arwin
2017-07-01 05:08:19	worker	djarum;2017-06-29 - 2017-06-29;submitSocial;all;arwin
2017-07-01 05:08:22	worker	#semangatpagi;2017-06-29 - 2017-06-29;submitSocial;all;arwin
2017-07-01 05:08:24	worker	#generaksi8;2017-06-29 - 2017-06-29;submitSocial;all;arwin
2017-07-01 05:08:26	worker	#365alasan;2017-06-29 - 2017-06-29;submitSocial;all;arwin
2017-07-01 05:08:28	worker	weew;2017-06-29 - 2017-06-29;submitSocial;all;arwin
2017-07-01 05:08:31	worker	testing;2017-06-29 - 2017-06-29;submitSocial;all;arwin
2017-07-01 05:08:41	worker	#kopaja;2017-06-29 - 2017-06-29;submitSocial;all;arwin
2017-07-01 05:08:43	worker	#genkuisinsideout;2017-06-29 - 2017-06-29;submitSocial;all;arwin
2017-07-01 05:08:45	worker	starwars;2017-06-29 - 2017-06-29;submitSocial;all;arwin
2017-07-01 05:08:48	worker	#kopaja;2017-06-29 - 2017-06-29;submitSocial;all;arwin
2017-07-01 05:08:51	worker	mldspot;2017-06-29 - 2017-06-29;submitSocial;all;arwin
2017-07-01 05:08:53	worker	PBDjarum;2017-06-29 - 2017-06-29;submitSocial;all;arwin
2017-07-01 05:08:56	worker	TemanNabati;2017-06-29 - 2017-06-29;submitSocial;all;arwin
2017-07-01 05:08:58	worker	Nextar;2017-06-29 - 2017-06-29;submitSocial;all;arwin
2017-07-01 05:09:01	worker	jokowo;2017-06-29 - 2017-06-29;submitSocial;all;arwin
2017-07-01 05:09:04	worker	prabowo;2017-06-29 - 2017-06-29;submitSocial;all;arwin
2017-07-01 05:09:07	worker	sudirman said;2017-06-29 - 2017-06-29;submitSocial;all;arwin
2017-07-01 05:09:10	worker	ahok;2017-06-29 - 2017-06-29;submitSocial;all;arwin
2017-07-01 05:09:18	worker	setyanovanto;2017-06-29 - 2017-06-29;submitSocial;all;arwin
2017-07-01 05:09:20	worker	jokowi;2017-06-29 - 2017-06-29;submitSocial;all;arwin
2017-07-01 05:09:28	worker	ahok;2017-06-29 - 2017-06-29;submitSocial;all;arwin
2017-07-01 05:09:36	worker	prabowo;2017-06-29 - 2017-06-29;submitSocial;all;arwin
2017-07-01 05:09:39	worker	sudirman said;2017-06-29 - 2017-06-29;submitSocial;all;arwin
2017-07-01 05:09:41	worker	setyanovanto;2017-06-29 - 2017-06-29;submitSocial;all;arwin
2017-07-01 05:09:43	worker	galau;2017-06-29 - 2017-06-29;submitSocial;all;arwin
2017-07-01 05:09:48	worker	#prestasiindonesia;2017-06-29 - 2017-06-29;submitSocial;all;arwin
2017-07-01 05:09:50	worker	@Tw_Debi;2017-06-29 - 2017-06-29;submitSocial;all;arwin
2017-07-01 05:09:52	worker	@OfficialFastron;2017-06-29 - 2017-06-29;submitSocial;all;arwin
2017-07-01 05:09:54	worker	@CitibankID;2017-06-29 - 2017-06-29;submitSocial;all;arwin
2017-07-01 05:09:57	worker	@jak101fm;2017-06-29 - 2017-06-29;submitSocial;all;arwin
2017-07-01 05:09:59	worker	@genfm;2017-06-29 - 2017-06-29;submitSocial;all;arwin
