2017-12-24 05:00:06	[{"keyword":"@987genfm","from":"2017-12-22","mode":"submitSocial","container":"all","username":"arwin"}]
2017-12-24 05:00:09	[{"keyword":"@101jakfm","from":"2017-12-22","mode":"submitSocial","container":"all","username":"arwin"}]
2017-12-24 05:00:12	[{"keyword":"@prambors","from":"2017-12-22","mode":"submitSocial","container":"all","username":"arwin"}]
2017-12-24 05:00:15	[{"keyword":"@hardrockfm","from":"2017-12-22","mode":"submitSocial","container":"all","username":"arwin"}]
2017-12-24 05:00:17	[{"keyword":"@kisfmjakarta","from":"2017-12-22","mode":"submitSocial","container":"all","username":"arwin"}]
2017-12-24 05:00:20	[{"keyword":"@delta_fm","from":"2017-12-22","mode":"submitSocial","container":"all","username":"arwin"}]
2017-12-24 05:00:22	[{"keyword":"@traxfmjkt","from":"2017-12-22","mode":"submitSocial","container":"all","username":"arwin"}]
2017-12-24 05:00:25	[{"keyword":"@iradiojakarta","from":"2017-12-22","mode":"submitSocial","container":"all","username":"arwin"}]
2017-12-24 05:00:27	[{"keyword":"@indika9160fm","from":"2017-12-22","mode":"submitSocial","container":"all","username":"arwin"}]
2017-12-24 05:00:29	[{"keyword":"@shellindonesia","from":"2017-12-22","mode":"submitSocial","container":"all","username":"arwin"}]
2017-12-24 05:00:32	[{"keyword":"@vpowerfans","from":"2017-12-22","mode":"submitSocial","container":"all","username":"arwin"}]
2017-12-24 05:00:34	[{"keyword":"@pertamaxind","from":"2017-12-22","mode":"submitSocial","container":"all","username":"arwin"}]
2017-12-24 05:00:37	[{"keyword":"@ptpertamina","from":"2017-12-22","mode":"submitSocial","container":"all","username":"arwin"}]
2017-12-24 05:00:39	[{"keyword":"@ozradiojakarta","from":"2017-12-22","mode":"submitSocial","container":"all","username":"arwin"}]
2017-12-24 05:00:41	[{"keyword":"@cosmopolitanfm","from":"2017-12-22","mode":"submitSocial","container":"all","username":"arwin"}]
2017-12-24 05:00:43	[{"keyword":"@mustang88fm","from":"2017-12-22","mode":"submitSocial","container":"all","username":"arwin"}]
2017-12-24 05:00:46	[{"keyword":"@debabaz","from":"2017-12-22","mode":"submitSocial","container":"all","username":"arwin"}]
2017-12-24 05:00:50	[{"keyword":"@detikcom","from":"2017-12-22","mode":"submitSocial","container":"all","username":"arwin"}]
2017-12-24 05:00:53	[{"keyword":"@radioelshinta","from":"2017-12-22","mode":"submitSocial","container":"all","username":"arwin"}]
2017-12-24 05:00:55	[{"keyword":"@cinema21","from":"2017-12-22","mode":"submitSocial","container":"all","username":"arwin"}]
2017-12-24 05:00:58	[{"keyword":"@officialrcti","from":"2017-12-22","mode":"submitSocial","container":"all","username":"arwin"}]
2017-12-24 05:01:00	[{"keyword":"@transtv_corp","from":"2017-12-22","mode":"submitSocial","container":"all","username":"arwin"}]
2017-12-24 05:01:02	[{"keyword":"@trans7","from":"2017-12-22","mode":"submitSocial","container":"all","username":"arwin"}]
2017-12-24 05:01:05	[{"keyword":"@metro_tv","from":"2017-12-22","mode":"submitSocial","container":"all","username":"arwin"}]
2017-12-24 05:01:08	[{"keyword":"@tvonenews","from":"2017-12-22","mode":"submitSocial","container":"all","username":"arwin"}]
2017-12-24 05:01:10	[{"keyword":"@rollingstoneina","from":"2017-12-22","mode":"submitSocial","container":"all","username":"arwin"}]
2017-12-24 05:01:13	[{"keyword":"@fimeladotcom","from":"2017-12-22","mode":"submitSocial","container":"all","username":"arwin"}]
2017-12-24 05:01:15	[{"keyword":"@kapanlagicom","from":"2017-12-22","mode":"submitSocial","container":"all","username":"arwin"}]
2017-12-24 05:01:18	[{"keyword":"@kompasent","from":"2017-12-22","mode":"submitSocial","container":"all","username":"arwin"}]
2017-12-24 05:01:20	[{"keyword":"@haimagazine","from":"2017-12-22","mode":"submitSocial","container":"all","username":"arwin"}]
2017-12-24 05:01:22	[{"keyword":"@jakartavenue","from":"2017-12-22","mode":"submitSocial","container":"all","username":"arwin"}]
2017-12-24 05:01:25	[{"keyword":"@seputarevent","from":"2017-12-22","mode":"submitSocial","container":"all","username":"arwin"}]
2017-12-24 05:01:27	[{"keyword":"@ismayalive","from":"2017-12-22","mode":"submitSocial","container":"all","username":"arwin"}]
2017-12-24 05:01:29	[{"keyword":"@ecentertainment","from":"2017-12-22","mode":"submitSocial","container":"all","username":"arwin"}]
2017-12-24 05:01:32	[{"keyword":"@synergism_en","from":"2017-12-22","mode":"submitSocial","container":"all","username":"arwin"}]
2017-12-24 05:01:34	[{"keyword":"@urbanbandung","from":"2017-12-22","mode":"submitSocial","container":"all","username":"arwin"}]
2017-12-24 05:01:36	[{"keyword":"@urbanrkm995","from":"2017-12-22","mode":"submitSocial","container":"all","username":"arwin"}]
2017-12-24 05:01:38	[{"keyword":"@garuda_promo","from":"2017-12-22","mode":"submitSocial","container":"all","username":"arwin"}]
2017-12-24 05:01:40	[{"keyword":"@airasiaid","from":"2017-12-22","mode":"submitSocial","container":"all","username":"arwin"}]
2017-12-24 05:01:43	[{"keyword":"@kai121","from":"2017-12-22","mode":"submitSocial","container":"all","username":"arwin"}]
2017-12-24 05:01:46	[{"keyword":"@unilever","from":"2017-12-22","mode":"submitSocial","container":"all","username":"arwin"}]
2017-12-24 05:01:49	[{"keyword":"@nestle","from":"2017-12-22","mode":"submitSocial","container":"all","username":"arwin"}]
2017-12-24 05:01:52	[{"keyword":"@cocacola","from":"2017-12-22","mode":"submitSocial","container":"all","username":"arwin"}]
2017-12-24 05:01:58	[{"keyword":"@cnn","from":"2017-12-22","mode":"submitSocial","container":"all","username":"arwin"}]
2017-12-24 05:02:01	[{"keyword":"@mtv","from":"2017-12-22","mode":"submitSocial","container":"all","username":"arwin"}]
2017-12-24 05:02:03	[{"keyword":"@channelv","from":"2017-12-22","mode":"submitSocial","container":"all","username":"arwin"}]
2017-12-24 05:02:06	[{"keyword":"@itunesmusic","from":"2017-12-22","mode":"submitSocial","container":"all","username":"arwin"}]
2017-12-24 05:02:09	[{"keyword":"@mashable","from":"2017-12-22","mode":"submitSocial","container":"all","username":"arwin"}]
2017-12-24 05:02:12	[{"keyword":"@decacaz","from":"2017-12-22","mode":"submitSocial","container":"all","username":"arwin"}]
2017-12-24 05:02:14	[{"keyword":"@radiobaru967fm","from":"2017-12-22","mode":"submitSocial","container":"all","username":"arwin"}]
2017-12-24 05:02:16	[{"keyword":"@967hitzfm","from":"2017-12-22","mode":"submitSocial","container":"all","username":"arwin"}]
2017-12-24 05:02:19	[{"keyword":"@tvguide","from":"2017-12-22","mode":"submitSocial","container":"all","username":"arwin"}]
2017-12-24 05:02:21	[{"keyword":"@xl123","from":"2017-12-22","mode":"submitSocial","container":"all","username":"arwin"}]
2017-12-24 05:02:24	[{"keyword":"@triindonesia","from":"2017-12-22","mode":"submitSocial","container":"all","username":"arwin"}]
2017-12-24 05:02:27	[{"keyword":"@kaskus","from":"2017-12-22","mode":"submitSocial","container":"all","username":"arwin"}]
2017-12-24 05:02:29	[{"keyword":"@studio_xxi","from":"2017-12-22","mode":"submitSocial","container":"all","username":"arwin"}]
2017-12-24 05:02:31	[{"keyword":"@blitzmegaplex","from":"2017-12-22","mode":"submitSocial","container":"all","username":"arwin"}]
2017-12-24 05:02:33	[{"keyword":"@alfamartku","from":"2017-12-22","mode":"submitSocial","container":"all","username":"arwin"}]
2017-12-24 05:02:36	[{"keyword":"@carrefour_id","from":"2017-12-22","mode":"submitSocial","container":"all","username":"arwin"}]
2017-12-24 05:02:39	[{"keyword":"@bbcbreaking","from":"2017-12-22","mode":"submitSocial","container":"all","username":"arwin"}]
2017-12-24 05:02:45	[{"keyword":"@forbes","from":"2017-12-22","mode":"submitSocial","container":"all","username":"arwin"}]
2017-12-24 05:02:47	[{"keyword":"@bensradio","from":"2017-12-22","mode":"submitSocial","container":"all","username":"arwin"}]
2017-12-24 05:02:52	[{"keyword":"@instagram","from":"2017-12-22","mode":"submitSocial","container":"all","username":"arwin"}]
2017-12-24 05:02:55	[{"keyword":"@pinterest","from":"2017-12-22","mode":"submitSocial","container":"all","username":"arwin"}]
2017-12-24 05:03:01	[{"keyword":"@google","from":"2017-12-22","mode":"submitSocial","container":"all","username":"arwin"}]
2017-12-24 05:03:04	[{"keyword":"@pertaminalub","from":"2017-12-22","mode":"submitSocial","container":"all","username":"arwin"}]
2017-12-24 05:03:06	[{"keyword":"@infolalintol","from":"2017-12-22","mode":"submitSocial","container":"all","username":"arwin"}]
2017-12-24 05:03:09	[{"keyword":"@ptjasamarga","from":"2017-12-22","mode":"submitSocial","container":"all","username":"arwin"}]
2017-12-24 05:03:12	[{"keyword":"@cititransindo","from":"2017-12-22","mode":"submitSocial","container":"all","username":"arwin"}]
2017-12-24 05:03:14	[{"keyword":"#semangatpagisuperr","from":"2017-12-22","mode":"submitSocial","container":"all","username":"arwin"}]
2017-12-24 05:03:16	[{"keyword":"#genkuisinsideout","from":"2017-12-22","mode":"submitSocial","container":"all","username":"arwin"}]
2017-12-24 05:03:18	[{"keyword":"#semangatpagi","from":"2017-12-22","mode":"submitSocial","container":"all","username":"arwin"}]
2017-12-24 05:03:20	[{"keyword":"#dikamar","from":"2017-12-22","mode":"submitSocial","container":"all","username":"arwin"}]
2017-12-24 05:03:23	[{"keyword":"#kopaja","from":"2017-12-22","mode":"submitSocial","container":"all","username":"arwin"}]
2017-12-24 05:03:25	[{"keyword":"#generaksi8","from":"2017-12-22","mode":"submitSocial","container":"all","username":"arwin"}]
2017-12-24 05:03:27	[{"keyword":"#hitztsp","from":"2017-12-22","mode":"submitSocial","container":"all","username":"arwin"}]
2017-12-24 05:03:31	[{"keyword":"#np","from":"2017-12-22","mode":"submitSocial","container":"all","username":"arwin"}]
2017-12-24 05:03:33	[{"keyword":"#hitzlivestage","from":"2017-12-22","mode":"submitSocial","container":"all","username":"arwin"}]
2017-12-24 05:03:35	[{"keyword":"#thefreaks","from":"2017-12-22","mode":"submitSocial","container":"all","username":"arwin"}]
2017-12-24 05:03:37	[{"keyword":"#hitzsirkuspagi","from":"2017-12-22","mode":"submitSocial","container":"all","username":"arwin"}]
2017-12-24 05:03:40	[{"keyword":"#hitzathlon","from":"2017-12-22","mode":"submitSocial","container":"all","username":"arwin"}]
2017-12-24 05:03:42	[{"keyword":"#hitzzombie","from":"2017-12-22","mode":"submitSocial","container":"all","username":"arwin"}]
2017-12-24 05:03:44	[{"keyword":"#hitzkalong","from":"2017-12-22","mode":"submitSocial","container":"all","username":"arwin"}]
2017-12-24 05:03:47	[{"keyword":"#hitzbebas","from":"2017-12-22","mode":"submitSocial","container":"all","username":"arwin"}]
2017-12-24 05:03:49	[{"keyword":"#hitzhorehara","from":"2017-12-22","mode":"submitSocial","container":"all","username":"arwin"}]
2017-12-24 05:03:51	[{"keyword":"@zaloraid","from":"2017-12-22","mode":"submitSocial","container":"all","username":"arwin"}]
2017-12-24 05:03:54	[{"keyword":"@olx_indonesia","from":"2017-12-22","mode":"submitSocial","container":"all","username":"arwin"}]
2017-12-24 05:03:56	[{"keyword":"@lazadaid","from":"2017-12-22","mode":"submitSocial","container":"all","username":"arwin"}]
2017-12-24 05:03:59	[{"keyword":"@utrippers","from":"2017-12-22","mode":"submitSocial","container":"all","username":"arwin"}]
2017-12-24 05:04:01	[{"keyword":"@gogobot","from":"2017-12-22","mode":"submitSocial","container":"all","username":"arwin"}]
2017-12-24 05:04:04	[{"keyword":"@viatortravel","from":"2017-12-22","mode":"submitSocial","container":"all","username":"arwin"}]
2017-12-24 05:04:06	[{"keyword":"@alandakariza","from":"2017-12-22","mode":"submitSocial","container":"all","username":"arwin"}]
2017-12-24 05:04:08	[{"keyword":"@gagasmedia","from":"2017-12-22","mode":"submitSocial","container":"all","username":"arwin"}]
2017-12-24 05:04:11	[{"keyword":"@welovehonda","from":"2017-12-22","mode":"submitSocial","container":"all","username":"arwin"}]
2017-12-24 05:04:13	[{"keyword":"@suzukimotorid","from":"2017-12-22","mode":"submitSocial","container":"all","username":"arwin"}]
2017-12-24 05:04:15	[{"keyword":"@kawasakilovers","from":"2017-12-22","mode":"submitSocial","container":"all","username":"arwin"}]
2017-12-24 05:04:18	[{"keyword":"@yamahaindonesia","from":"2017-12-22","mode":"submitSocial","container":"all","username":"arwin"}]
2017-12-24 05:04:20	[{"keyword":"@tripanzee","from":"2017-12-22","mode":"submitSocial","container":"all","username":"arwin"}]
2017-12-24 05:04:22	[{"keyword":"@arnoldpoernomo","from":"2017-12-22","mode":"submitSocial","container":"all","username":"arwin"}]
2017-12-24 05:04:25	[{"keyword":"@nicsap","from":"2017-12-22","mode":"submitSocial","container":"all","username":"arwin"}]
2017-12-24 05:04:27	[{"keyword":"@tiket2","from":"2017-12-22","mode":"submitSocial","container":"all","username":"arwin"}]
2017-12-24 05:04:30	[{"keyword":"@traveloka","from":"2017-12-22","mode":"submitSocial","container":"all","username":"arwin"}]
2017-12-24 05:04:33	[{"keyword":"@wego","from":"2017-12-22","mode":"submitSocial","container":"all","username":"arwin"}]
2017-12-24 05:04:36	[{"keyword":"@agoda","from":"2017-12-22","mode":"submitSocial","container":"all","username":"arwin"}]
2017-12-24 05:04:38	[{"keyword":"#salahsambung","from":"2017-12-22","mode":"submitSocial","container":"all","username":"arwin"}]
2017-12-24 05:04:40	[{"keyword":"#tulalit","from":"2017-12-22","mode":"submitSocial","container":"all","username":"arwin"}]
2017-12-24 05:04:42	[{"keyword":"#pestageneraksi8","from":"2017-12-22","mode":"submitSocial","container":"all","username":"arwin"}]
2017-12-24 05:04:44	[{"keyword":"#ganaskustik","from":"2017-12-22","mode":"submitSocial","container":"all","username":"arwin"}]
2017-12-24 05:04:46	[{"keyword":"#lnhot20","from":"2017-12-22","mode":"submitSocial","container":"all","username":"arwin"}]
2017-12-24 05:04:49	[{"keyword":"@tripadvisor","from":"2017-12-22","mode":"submitSocial","container":"all","username":"arwin"}]
2017-12-24 05:04:55	[{"keyword":"@google","from":"2017-12-22","mode":"submitSocial","container":"all","username":"arwin"}]
2017-12-24 05:04:59	[{"keyword":"@telkomsel","from":"2017-12-22","mode":"submitSocial","container":"all","username":"arwin"}]
2017-12-24 05:05:02	[{"keyword":"@indosat","from":"2017-12-22","mode":"submitSocial","container":"all","username":"arwin"}]
2017-12-24 05:05:04	[{"keyword":"@bahanafmjkt","from":"2017-12-22","mode":"submitSocial","container":"all","username":"arwin"}]
2017-12-24 05:05:07	[{"keyword":"@sonorafm92","from":"2017-12-22","mode":"submitSocial","container":"all","username":"arwin"}]
2017-12-24 05:05:09	[{"keyword":"@litefm1058","from":"2017-12-22","mode":"submitSocial","container":"all","username":"arwin"}]
2017-12-24 05:05:11	[{"keyword":"@bravaradio","from":"2017-12-22","mode":"submitSocial","container":"all","username":"arwin"}]
2017-12-24 05:05:15	[{"keyword":"#dgitm","from":"2017-12-22","mode":"submitSocial","container":"all","username":"arwin"}]
2017-12-24 05:05:17	[{"keyword":"#hitsalaprambors","from":"2017-12-22","mode":"submitSocial","container":"all","username":"arwin"}]
2017-12-24 05:05:19	[{"keyword":"#reqprambors","from":"2017-12-22","mode":"submitSocial","container":"all","username":"arwin"}]
2017-12-24 05:05:22	[{"keyword":"#thedandees","from":"2017-12-22","mode":"submitSocial","container":"all","username":"arwin"}]
2017-12-24 05:05:23	[{"keyword":"#pramborsquiz","from":"2017-12-22","mode":"submitSocial","container":"all","username":"arwin"}]
2017-12-24 05:05:26	[{"keyword":"#jeliprambors","from":"2017-12-22","mode":"submitSocial","container":"all","username":"arwin"}]
2017-12-24 05:05:28	[{"keyword":"#jodohinprambors","from":"2017-12-22","mode":"submitSocial","container":"all","username":"arwin"}]
2017-12-24 05:05:30	[{"keyword":"#ubahdenganbicara","from":"2017-12-22","mode":"submitSocial","container":"all","username":"arwin"}]
2017-12-24 05:05:32	[{"keyword":"#pramborschat","from":"2017-12-22","mode":"submitSocial","container":"all","username":"arwin"}]
2017-12-24 05:05:34	[{"keyword":"#tweetforduit","from":"2017-12-22","mode":"submitSocial","container":"all","username":"arwin"}]
2017-12-24 05:05:36	[{"keyword":"#joki3in1","from":"2017-12-22","mode":"submitSocial","container":"all","username":"arwin"}]
2017-12-24 05:05:39	[{"keyword":"#sarapanseru","from":"2017-12-22","mode":"submitSocial","container":"all","username":"arwin"}]
2017-12-24 05:05:41	[{"keyword":"#rawonkaneloop","from":"2017-12-22","mode":"submitSocial","container":"all","username":"arwin"}]
2017-12-24 05:05:43	[{"keyword":"#gudegkendilkeraton","from":"2017-12-22","mode":"submitSocial","container":"all","username":"arwin"}]
2017-12-24 05:05:45	[{"keyword":"#gadogadobutika","from":"2017-12-22","mode":"submitSocial","container":"all","username":"arwin"}]
2017-12-24 05:05:48	[{"keyword":"#mtvhottest","from":"2017-12-22","mode":"submitSocial","container":"all","username":"arwin"}]
2017-12-24 05:05:50	[{"keyword":"#dimsumcjdw","from":"2017-12-22","mode":"submitSocial","container":"all","username":"arwin"}]
2017-12-24 05:05:52	[{"keyword":"#pecelmadiunmbakniek","from":"2017-12-22","mode":"submitSocial","container":"all","username":"arwin"}]
2017-12-24 05:05:54	[{"keyword":"#depotarema","from":"2017-12-22","mode":"submitSocial","container":"all","username":"arwin"}]
2017-12-24 05:05:56	[{"keyword":"@bni46","from":"2017-12-22","mode":"submitSocial","container":"all","username":"arwin"}]
2017-12-24 05:05:59	[{"keyword":"@bankbri_id","from":"2017-12-22","mode":"submitSocial","container":"all","username":"arwin"}]
2017-12-24 05:06:01	[{"keyword":"#bni46","from":"2017-12-22","mode":"submitSocial","container":"all","username":"arwin"}]
2017-12-24 05:06:06	[{"keyword":"macet","from":"2017-12-22","mode":"submitSocial","container":"all","username":"arwin"}]
2017-12-24 05:06:09	[{"keyword":"#selamatpagi","from":"2017-12-22","mode":"submitSocial","container":"all","username":"arwin"}]
2017-12-24 05:06:11	[{"keyword":"#selamatmalam","from":"2017-12-22","mode":"submitSocial","container":"all","username":"arwin"}]
2017-12-24 05:06:13	[{"keyword":"@884globalradio","from":"2017-12-22","mode":"submitSocial","container":"all","username":"arwin"}]
2017-12-24 05:06:15	[{"keyword":"@day_trans","from":"2017-12-22","mode":"submitSocial","container":"all","username":"arwin"}]
2017-12-24 05:06:18	[{"keyword":"@kencanavoyage","from":"2017-12-22","mode":"submitSocial","container":"all","username":"arwin"}]
2017-12-24 05:06:20	[{"keyword":"@jukebox5d","from":"2017-12-22","mode":"submitSocial","container":"all","username":"arwin"}]
2017-12-24 05:06:22	[{"keyword":"#mtvhottest","from":"2017-12-22","mode":"submitSocial","container":"all","username":"arwin"}]
2017-12-24 05:06:25	[{"keyword":"#semangatpagi","from":"2017-12-22","mode":"submitSocial","container":"all","username":"arwin"}]
2017-12-24 05:06:27	[{"keyword":"lifebuoy","from":"2017-12-22","mode":"submitSocial","container":"all","username":"arwin"}]
2017-12-24 05:06:33	[{"keyword":"jokowi","from":"2017-12-22","mode":"submitSocial","container":"all","username":"arwin"}]
2017-12-24 05:06:41	[{"keyword":"obama","from":"2017-12-22","mode":"submitSocial","container":"all","username":"arwin"}]
2017-12-24 05:06:44	[{"keyword":"starwars","from":"2017-12-22","mode":"submitSocial","container":"all","username":"arwin"}]
2017-12-24 05:06:47	[{"keyword":"jonan","from":"2017-12-22","mode":"submitSocial","container":"all","username":"arwin"}]
2017-12-24 05:06:55	[{"keyword":"pagi","from":"2017-12-22","mode":"submitSocial","container":"all","username":"arwin"}]
2017-12-24 05:06:57	[{"keyword":"sampoerna","from":"2017-12-22","mode":"submitSocial","container":"all","username":"arwin"}]
2017-12-24 05:07:01	[{"keyword":"djarum","from":"2017-12-22","mode":"submitSocial","container":"all","username":"arwin"}]
2017-12-24 05:07:03	[{"keyword":"#semangatpagi","from":"2017-12-22","mode":"submitSocial","container":"all","username":"arwin"}]
2017-12-24 05:07:05	[{"keyword":"#generaksi8","from":"2017-12-22","mode":"submitSocial","container":"all","username":"arwin"}]
2017-12-24 05:07:07	[{"keyword":"#365alasan","from":"2017-12-22","mode":"submitSocial","container":"all","username":"arwin"}]
2017-12-24 05:07:10	[{"keyword":"weew","from":"2017-12-22","mode":"submitSocial","container":"all","username":"arwin"}]
2017-12-24 05:07:18	[{"keyword":"testing","from":"2017-12-22","mode":"submitSocial","container":"all","username":"arwin"}]
2017-12-24 05:07:21	[{"keyword":"#kopaja","from":"2017-12-22","mode":"submitSocial","container":"all","username":"arwin"}]
2017-12-24 05:07:23	[{"keyword":"#genkuisinsideout","from":"2017-12-22","mode":"submitSocial","container":"all","username":"arwin"}]
2017-12-24 05:07:26	[{"keyword":"starwars","from":"2017-12-22","mode":"submitSocial","container":"all","username":"arwin"}]
2017-12-24 05:07:27	null
2017-12-24 05:07:31	[{"keyword":"#selamatpagi","from":"2017-12-22","mode":"submitSocial","container":"all","username":"arwin"}]
2017-12-24 05:07:33	[{"keyword":"#selamatmalam","from":"2017-12-22","mode":"submitSocial","container":"all","username":"arwin"}]
2017-12-24 05:07:35	[{"keyword":"@884globalradio","from":"2017-12-22","mode":"submitSocial","container":"all","username":"arwin"}]
2017-12-24 05:07:38	[{"keyword":"@day_trans","from":"2017-12-22","mode":"submitSocial","container":"all","username":"arwin"}]
2017-12-24 05:07:40	[{"keyword":"@kencanavoyage","from":"2017-12-22","mode":"submitSocial","container":"all","username":"arwin"}]
2017-12-24 05:07:42	[{"keyword":"@jukebox5d","from":"2017-12-22","mode":"submitSocial","container":"all","username":"arwin"}]
2017-12-24 05:07:45	[{"keyword":"#mtvhottest","from":"2017-12-22","mode":"submitSocial","container":"all","username":"arwin"}]
2017-12-24 05:07:47	[{"keyword":"#semangatpagi","from":"2017-12-22","mode":"submitSocial","container":"all","username":"arwin"}]
2017-12-24 05:07:49	[{"keyword":"lifebuoy","from":"2017-12-22","mode":"submitSocial","container":"all","username":"arwin"}]
2017-12-24 05:07:56	[{"keyword":"jokowi","from":"2017-12-22","mode":"submitSocial","container":"all","username":"arwin"}]
2017-12-24 05:08:04	[{"keyword":"obama","from":"2017-12-22","mode":"submitSocial","container":"all","username":"arwin"}]
2017-12-24 05:08:07	[{"keyword":"starwars","from":"2017-12-22","mode":"submitSocial","container":"all","username":"arwin"}]
2017-12-24 05:08:10	[{"keyword":"jonan","from":"2017-12-22","mode":"submitSocial","container":"all","username":"arwin"}]
2017-12-24 05:08:18	[{"keyword":"pagi","from":"2017-12-22","mode":"submitSocial","container":"all","username":"arwin"}]
2017-12-24 05:08:20	[{"keyword":"sampoerna","from":"2017-12-22","mode":"submitSocial","container":"all","username":"arwin"}]
2017-12-24 05:08:23	[{"keyword":"djarum","from":"2017-12-22","mode":"submitSocial","container":"all","username":"arwin"}]
2017-12-24 05:08:25	[{"keyword":"#semangatpagi","from":"2017-12-22","mode":"submitSocial","container":"all","username":"arwin"}]
2017-12-24 05:08:27	[{"keyword":"#generaksi8","from":"2017-12-22","mode":"submitSocial","container":"all","username":"arwin"}]
2017-12-24 05:08:30	[{"keyword":"#365alasan","from":"2017-12-22","mode":"submitSocial","container":"all","username":"arwin"}]
2017-12-24 05:08:33	[{"keyword":"weew","from":"2017-12-22","mode":"submitSocial","container":"all","username":"arwin"}]
2017-12-24 05:08:40	[{"keyword":"testing","from":"2017-12-22","mode":"submitSocial","container":"all","username":"arwin"}]
2017-12-24 05:08:43	[{"keyword":"#kopaja","from":"2017-12-22","mode":"submitSocial","container":"all","username":"arwin"}]
2017-12-24 05:08:45	[{"keyword":"#genkuisinsideout","from":"2017-12-22","mode":"submitSocial","container":"all","username":"arwin"}]
2017-12-24 05:08:48	[{"keyword":"starwars","from":"2017-12-22","mode":"submitSocial","container":"all","username":"arwin"}]
2017-12-24 05:08:51	[{"keyword":"#kopaja","from":"2017-12-22","mode":"submitSocial","container":"all","username":"arwin"}]
2017-12-24 05:08:53	[{"keyword":"mldspot","from":"2017-12-22","mode":"submitSocial","container":"all","username":"arwin"}]
2017-12-24 05:08:56	[{"keyword":"pbdjarum","from":"2017-12-22","mode":"submitSocial","container":"all","username":"arwin"}]
2017-12-24 05:08:58	[{"keyword":"temannabati","from":"2017-12-22","mode":"submitSocial","container":"all","username":"arwin"}]
2017-12-24 05:09:02	[{"keyword":"nextar","from":"2017-12-22","mode":"submitSocial","container":"all","username":"arwin"}]
2017-12-24 05:09:05	[{"keyword":"jokowo","from":"2017-12-22","mode":"submitSocial","container":"all","username":"arwin"}]
2017-12-24 05:09:08	[{"keyword":"prabowo","from":"2017-12-22","mode":"submitSocial","container":"all","username":"arwin"}]
2017-12-24 05:09:11	[{"keyword":"sudirman said","from":"2017-12-22","mode":"submitSocial","container":"all","username":"arwin"}]
2017-12-24 05:09:18	[{"keyword":"ahok","from":"2017-12-22","mode":"submitSocial","container":"all","username":"arwin"}]
2017-12-24 05:09:21	[{"keyword":"setyanovanto","from":"2017-12-22","mode":"submitSocial","container":"all","username":"arwin"}]
2017-12-24 05:09:27	[{"keyword":"jokowi","from":"2017-12-22","mode":"submitSocial","container":"all","username":"arwin"}]
2017-12-24 05:09:35	[{"keyword":"ahok","from":"2017-12-22","mode":"submitSocial","container":"all","username":"arwin"}]
2017-12-24 05:09:38	[{"keyword":"prabowo","from":"2017-12-22","mode":"submitSocial","container":"all","username":"arwin"}]
2017-12-24 05:09:40	[{"keyword":"sudirman said","from":"2017-12-22","mode":"submitSocial","container":"all","username":"arwin"}]
2017-12-24 05:09:43	[{"keyword":"setyanovanto","from":"2017-12-22","mode":"submitSocial","container":"all","username":"arwin"}]
2017-12-24 05:09:47	[{"keyword":"galau","from":"2017-12-22","mode":"submitSocial","container":"all","username":"arwin"}]
2017-12-24 05:09:49	[{"keyword":"#prestasiindonesia","from":"2017-12-22","mode":"submitSocial","container":"all","username":"arwin"}]
2017-12-24 05:09:52	[{"keyword":"@tw_debi","from":"2017-12-22","mode":"submitSocial","container":"all","username":"arwin"}]
2017-12-24 05:09:54	[{"keyword":"@officialfastron","from":"2017-12-22","mode":"submitSocial","container":"all","username":"arwin"}]
2017-12-24 05:09:56	[{"keyword":"@citibankid","from":"2017-12-22","mode":"submitSocial","container":"all","username":"arwin"}]
2017-12-24 05:09:59	[{"keyword":"@jak101fm","from":"2017-12-22","mode":"submitSocial","container":"all","username":"arwin"}]
2017-12-24 05:10:02	[{"keyword":"@genfm","from":"2017-12-22","mode":"submitSocial","container":"all","username":"arwin"}]
