2017-06-20 05:00:06	[{"keyword":"@987genfm","from":"2017-06-18","mode":"submitSocial","container":"all","username":"arwin"}]
2017-06-20 05:00:09	[{"keyword":"@101jakfm","from":"2017-06-18","mode":"submitSocial","container":"all","username":"arwin"}]
2017-06-20 05:00:12	[{"keyword":"@prambors","from":"2017-06-18","mode":"submitSocial","container":"all","username":"arwin"}]
2017-06-20 05:00:14	[{"keyword":"@hardrockfm","from":"2017-06-18","mode":"submitSocial","container":"all","username":"arwin"}]
2017-06-20 05:00:18	[{"keyword":"@kisfmjakarta","from":"2017-06-18","mode":"submitSocial","container":"all","username":"arwin"}]
2017-06-20 05:00:20	[{"keyword":"@delta_fm","from":"2017-06-18","mode":"submitSocial","container":"all","username":"arwin"}]
2017-06-20 05:00:23	[{"keyword":"@traxfmjkt","from":"2017-06-18","mode":"submitSocial","container":"all","username":"arwin"}]
2017-06-20 05:00:25	[{"keyword":"@iradiojakarta","from":"2017-06-18","mode":"submitSocial","container":"all","username":"arwin"}]
2017-06-20 05:00:28	[{"keyword":"@indika9160fm","from":"2017-06-18","mode":"submitSocial","container":"all","username":"arwin"}]
2017-06-20 05:00:30	[{"keyword":"@shellindonesia","from":"2017-06-18","mode":"submitSocial","container":"all","username":"arwin"}]
2017-06-20 05:00:33	[{"keyword":"@vpowerfans","from":"2017-06-18","mode":"submitSocial","container":"all","username":"arwin"}]
2017-06-20 05:00:35	[{"keyword":"@pertamaxind","from":"2017-06-18","mode":"submitSocial","container":"all","username":"arwin"}]
2017-06-20 05:00:38	[{"keyword":"@ptpertamina","from":"2017-06-18","mode":"submitSocial","container":"all","username":"arwin"}]
2017-06-20 05:00:40	[{"keyword":"@ozradiojakarta","from":"2017-06-18","mode":"submitSocial","container":"all","username":"arwin"}]
2017-06-20 05:00:42	[{"keyword":"@cosmopolitanfm","from":"2017-06-18","mode":"submitSocial","container":"all","username":"arwin"}]
2017-06-20 05:00:45	[{"keyword":"@mustang88fm","from":"2017-06-18","mode":"submitSocial","container":"all","username":"arwin"}]
2017-06-20 05:00:47	[{"keyword":"@debabaz","from":"2017-06-18","mode":"submitSocial","container":"all","username":"arwin"}]
2017-06-20 05:00:50	[{"keyword":"@detikcom","from":"2017-06-18","mode":"submitSocial","container":"all","username":"arwin"}]
2017-06-20 05:00:53	[{"keyword":"@radioelshinta","from":"2017-06-18","mode":"submitSocial","container":"all","username":"arwin"}]
2017-06-20 05:00:55	[{"keyword":"@cinema21","from":"2017-06-18","mode":"submitSocial","container":"all","username":"arwin"}]
2017-06-20 05:00:58	[{"keyword":"@officialrcti","from":"2017-06-18","mode":"submitSocial","container":"all","username":"arwin"}]
2017-06-20 05:01:01	[{"keyword":"@transtv_corp","from":"2017-06-18","mode":"submitSocial","container":"all","username":"arwin"}]
2017-06-20 05:01:04	[{"keyword":"@trans7","from":"2017-06-18","mode":"submitSocial","container":"all","username":"arwin"}]
2017-06-20 05:01:07	[{"keyword":"@metro_tv","from":"2017-06-18","mode":"submitSocial","container":"all","username":"arwin"}]
2017-06-20 05:01:10	[{"keyword":"@tvonenews","from":"2017-06-18","mode":"submitSocial","container":"all","username":"arwin"}]
2017-06-20 05:01:15	[{"keyword":"@whatsonantv","from":"2017-06-18","mode":"submitSocial","container":"all","username":"arwin"}]
2017-06-20 05:01:19	[{"keyword":"@sctv_","from":"2017-06-18","mode":"submitSocial","container":"all","username":"arwin"}]
2017-06-20 05:01:21	[{"keyword":"@kompastv","from":"2017-06-18","mode":"submitSocial","container":"all","username":"arwin"}]
2017-06-20 05:01:24	[{"keyword":"@netmediatama","from":"2017-06-18","mode":"submitSocial","container":"all","username":"arwin"}]
2017-06-20 05:01:27	[{"keyword":"@globaltvseru","from":"2017-06-18","mode":"submitSocial","container":"all","username":"arwin"}]
2017-06-20 05:01:30	[{"keyword":"@jaktvcom","from":"2017-06-18","mode":"submitSocial","container":"all","username":"arwin"}]
2017-06-20 05:01:32	[{"keyword":"@tvrinasional","from":"2017-06-18","mode":"submitSocial","container":"all","username":"arwin"}]
2017-06-20 05:01:35	[{"keyword":"@ochannelupdates","from":"2017-06-18","mode":"submitSocial","container":"all","username":"arwin"}]
2017-06-20 05:01:37	[{"keyword":"@indosiarid","from":"2017-06-18","mode":"submitSocial","container":"all","username":"arwin"}]
2017-06-20 05:01:41	[{"keyword":"@kompascom","from":"2017-06-18","mode":"submitSocial","container":"all","username":"arwin"}]
2017-06-20 05:01:44	[{"keyword":"@merdekadotcom","from":"2017-06-18","mode":"submitSocial","container":"all","username":"arwin"}]
2017-06-20 05:01:46	[{"keyword":"@midotcom","from":"2017-06-18","mode":"submitSocial","container":"all","username":"arwin"}]
2017-06-20 05:01:49	[{"keyword":"@tempodotco","from":"2017-06-18","mode":"submitSocial","container":"all","username":"arwin"}]
2017-06-20 05:01:52	[{"keyword":"@motion975fm","from":"2017-06-18","mode":"submitSocial","container":"all","username":"arwin"}]
2017-06-20 05:01:54	[{"keyword":"@_radiotoday","from":"2017-06-18","mode":"submitSocial","container":"all","username":"arwin"}]
2017-06-20 05:01:56	[{"keyword":"@radioinfo","from":"2017-06-18","mode":"submitSocial","container":"all","username":"arwin"}]
2017-06-20 05:01:59	[{"keyword":"@979femaleradio","from":"2017-06-18","mode":"submitSocial","container":"all","username":"arwin"}]
2017-06-20 05:02:01	[{"keyword":"@womanradio943fm","from":"2017-06-18","mode":"submitSocial","container":"all","username":"arwin"}]
2017-06-20 05:02:04	[{"keyword":"@vradiofm","from":"2017-06-18","mode":"submitSocial","container":"all","username":"arwin"}]
2017-06-20 05:02:06	[{"keyword":"@ufm947","from":"2017-06-18","mode":"submitSocial","container":"all","username":"arwin"}]
2017-06-20 05:02:09	[{"keyword":"@vivanews","from":"2017-06-18","mode":"submitSocial","container":"all","username":"arwin"}]
2017-06-20 05:02:11	[{"keyword":"@antaranews","from":"2017-06-18","mode":"submitSocial","container":"all","username":"arwin"}]
2017-06-20 05:02:14	[{"keyword":"@tribunnews","from":"2017-06-18","mode":"submitSocial","container":"all","username":"arwin"}]
2017-06-20 05:02:16	[{"keyword":"@okezonenews","from":"2017-06-18","mode":"submitSocial","container":"all","username":"arwin"}]
2017-06-20 05:02:19	[{"keyword":"@beritasatu","from":"2017-06-18","mode":"submitSocial","container":"all","username":"arwin"}]
2017-06-20 05:02:21	[{"keyword":"@rollingstoneina","from":"2017-06-18","mode":"submitSocial","container":"all","username":"arwin"}]
2017-06-20 05:02:24	[{"keyword":"@fimeladotcom","from":"2017-06-18","mode":"submitSocial","container":"all","username":"arwin"}]
2017-06-20 05:02:26	[{"keyword":"@kapanlagicom","from":"2017-06-18","mode":"submitSocial","container":"all","username":"arwin"}]
2017-06-20 05:02:29	[{"keyword":"@kompasent","from":"2017-06-18","mode":"submitSocial","container":"all","username":"arwin"}]
2017-06-20 05:02:31	[{"keyword":"@haimagazine","from":"2017-06-18","mode":"submitSocial","container":"all","username":"arwin"}]
2017-06-20 05:02:33	[{"keyword":"@jakartavenue","from":"2017-06-18","mode":"submitSocial","container":"all","username":"arwin"}]
2017-06-20 05:02:36	[{"keyword":"@seputarevent","from":"2017-06-18","mode":"submitSocial","container":"all","username":"arwin"}]
2017-06-20 05:02:38	[{"keyword":"@ismayalive","from":"2017-06-18","mode":"submitSocial","container":"all","username":"arwin"}]
2017-06-20 05:02:40	[{"keyword":"@ecentertainment","from":"2017-06-18","mode":"submitSocial","container":"all","username":"arwin"}]
2017-06-20 05:02:43	[{"keyword":"@synergism_en","from":"2017-06-18","mode":"submitSocial","container":"all","username":"arwin"}]
2017-06-20 05:02:45	[{"keyword":"@urbanbandung","from":"2017-06-18","mode":"submitSocial","container":"all","username":"arwin"}]
2017-06-20 05:02:47	[{"keyword":"@urbanrkm995","from":"2017-06-18","mode":"submitSocial","container":"all","username":"arwin"}]
2017-06-20 05:02:49	[{"keyword":"@garuda_promo","from":"2017-06-18","mode":"submitSocial","container":"all","username":"arwin"}]
2017-06-20 05:02:51	[{"keyword":"@airasiaid","from":"2017-06-18","mode":"submitSocial","container":"all","username":"arwin"}]
2017-06-20 05:02:54	[{"keyword":"@kai121","from":"2017-06-18","mode":"submitSocial","container":"all","username":"arwin"}]
2017-06-20 05:02:57	[{"keyword":"@unilever","from":"2017-06-18","mode":"submitSocial","container":"all","username":"arwin"}]
2017-06-20 05:03:00	[{"keyword":"@nestle","from":"2017-06-18","mode":"submitSocial","container":"all","username":"arwin"}]
2017-06-20 05:03:03	[{"keyword":"@cocacola","from":"2017-06-18","mode":"submitSocial","container":"all","username":"arwin"}]
2017-06-20 05:03:11	[{"keyword":"@cnn","from":"2017-06-18","mode":"submitSocial","container":"all","username":"arwin"}]
2017-06-20 05:03:19	[{"keyword":"@mtv","from":"2017-06-18","mode":"submitSocial","container":"all","username":"arwin"}]
2017-06-20 05:03:21	[{"keyword":"@channelv","from":"2017-06-18","mode":"submitSocial","container":"all","username":"arwin"}]
2017-06-20 05:03:23	[{"keyword":"@itunesmusic","from":"2017-06-18","mode":"submitSocial","container":"all","username":"arwin"}]
2017-06-20 05:03:27	[{"keyword":"@mashable","from":"2017-06-18","mode":"submitSocial","container":"all","username":"arwin"}]
2017-06-20 05:03:29	[{"keyword":"@decacaz","from":"2017-06-18","mode":"submitSocial","container":"all","username":"arwin"}]
2017-06-20 05:03:31	[{"keyword":"@radiobaru967fm","from":"2017-06-18","mode":"submitSocial","container":"all","username":"arwin"}]
2017-06-20 05:03:34	[{"keyword":"@967hitzfm","from":"2017-06-18","mode":"submitSocial","container":"all","username":"arwin"}]
2017-06-20 05:03:37	[{"keyword":"@tvguide","from":"2017-06-18","mode":"submitSocial","container":"all","username":"arwin"}]
2017-06-20 05:03:39	[{"keyword":"@xl123","from":"2017-06-18","mode":"submitSocial","container":"all","username":"arwin"}]
2017-06-20 05:03:42	[{"keyword":"@triindonesia","from":"2017-06-18","mode":"submitSocial","container":"all","username":"arwin"}]
2017-06-20 05:03:45	[{"keyword":"@kaskus","from":"2017-06-18","mode":"submitSocial","container":"all","username":"arwin"}]
2017-06-20 05:03:47	[{"keyword":"@studio_xxi","from":"2017-06-18","mode":"submitSocial","container":"all","username":"arwin"}]
2017-06-20 05:03:49	[{"keyword":"@blitzmegaplex","from":"2017-06-18","mode":"submitSocial","container":"all","username":"arwin"}]
2017-06-20 05:03:51	[{"keyword":"@alfamartku","from":"2017-06-18","mode":"submitSocial","container":"all","username":"arwin"}]
2017-06-20 05:03:54	[{"keyword":"@carrefour_id","from":"2017-06-18","mode":"submitSocial","container":"all","username":"arwin"}]
2017-06-20 05:03:59	[{"keyword":"@bbcbreaking","from":"2017-06-18","mode":"submitSocial","container":"all","username":"arwin"}]
2017-06-20 05:04:07	[{"keyword":"@forbes","from":"2017-06-18","mode":"submitSocial","container":"all","username":"arwin"}]
2017-06-20 05:04:10	[{"keyword":"@bensradio","from":"2017-06-18","mode":"submitSocial","container":"all","username":"arwin"}]
2017-06-20 05:04:15	[{"keyword":"@instagram","from":"2017-06-18","mode":"submitSocial","container":"all","username":"arwin"}]
2017-06-20 05:04:19	[{"keyword":"@pinterest","from":"2017-06-18","mode":"submitSocial","container":"all","username":"arwin"}]
2017-06-20 05:04:27	[{"keyword":"@google","from":"2017-06-18","mode":"submitSocial","container":"all","username":"arwin"}]
2017-06-20 05:04:30	[{"keyword":"@pertaminalub","from":"2017-06-18","mode":"submitSocial","container":"all","username":"arwin"}]
2017-06-20 05:04:32	[{"keyword":"@infolalintol","from":"2017-06-18","mode":"submitSocial","container":"all","username":"arwin"}]
2017-06-20 05:04:34	[{"keyword":"@ptjasamarga","from":"2017-06-18","mode":"submitSocial","container":"all","username":"arwin"}]
2017-06-20 05:04:37	[{"keyword":"@cititransindo","from":"2017-06-18","mode":"submitSocial","container":"all","username":"arwin"}]
2017-06-20 05:04:39	[{"keyword":"#semangatpagisuperr","from":"2017-06-18","mode":"submitSocial","container":"all","username":"arwin"}]
2017-06-20 05:04:41	[{"keyword":"#genkuisinsideout","from":"2017-06-18","mode":"submitSocial","container":"all","username":"arwin"}]
2017-06-20 05:04:43	[{"keyword":"#semangatpagi","from":"2017-06-18","mode":"submitSocial","container":"all","username":"arwin"}]
2017-06-20 05:04:46	[{"keyword":"#dikamar","from":"2017-06-18","mode":"submitSocial","container":"all","username":"arwin"}]
2017-06-20 05:04:48	[{"keyword":"#kopaja","from":"2017-06-18","mode":"submitSocial","container":"all","username":"arwin"}]
2017-06-20 05:04:50	[{"keyword":"#generaksi8","from":"2017-06-18","mode":"submitSocial","container":"all","username":"arwin"}]
2017-06-20 05:04:53	[{"keyword":"#hitztsp","from":"2017-06-18","mode":"submitSocial","container":"all","username":"arwin"}]
2017-06-20 05:04:56	[{"keyword":"#np","from":"2017-06-18","mode":"submitSocial","container":"all","username":"arwin"}]
2017-06-20 05:04:58	[{"keyword":"#hitzlivestage","from":"2017-06-18","mode":"submitSocial","container":"all","username":"arwin"}]
2017-06-20 05:05:01	[{"keyword":"#thefreaks","from":"2017-06-18","mode":"submitSocial","container":"all","username":"arwin"}]
2017-06-20 05:05:04	[{"keyword":"#hitzsirkuspagi","from":"2017-06-18","mode":"submitSocial","container":"all","username":"arwin"}]
2017-06-20 05:05:06	[{"keyword":"#hitzathlon","from":"2017-06-18","mode":"submitSocial","container":"all","username":"arwin"}]
2017-06-20 05:05:09	[{"keyword":"#hitzzombie","from":"2017-06-18","mode":"submitSocial","container":"all","username":"arwin"}]
2017-06-20 05:05:11	[{"keyword":"#hitzkalong","from":"2017-06-18","mode":"submitSocial","container":"all","username":"arwin"}]
2017-06-20 05:05:14	[{"keyword":"#hitzbebas","from":"2017-06-18","mode":"submitSocial","container":"all","username":"arwin"}]
2017-06-20 05:05:16	[{"keyword":"#hitzhorehara","from":"2017-06-18","mode":"submitSocial","container":"all","username":"arwin"}]
2017-06-20 05:05:19	[{"keyword":"@zaloraid","from":"2017-06-18","mode":"submitSocial","container":"all","username":"arwin"}]
2017-06-20 05:05:22	[{"keyword":"@olx_indonesia","from":"2017-06-18","mode":"submitSocial","container":"all","username":"arwin"}]
2017-06-20 05:05:24	[{"keyword":"@lazadaid","from":"2017-06-18","mode":"submitSocial","container":"all","username":"arwin"}]
2017-06-20 05:05:27	[{"keyword":"@utrippers","from":"2017-06-18","mode":"submitSocial","container":"all","username":"arwin"}]
2017-06-20 05:05:30	[{"keyword":"@gogobot","from":"2017-06-18","mode":"submitSocial","container":"all","username":"arwin"}]
2017-06-20 05:05:32	[{"keyword":"@viatortravel","from":"2017-06-18","mode":"submitSocial","container":"all","username":"arwin"}]
2017-06-20 05:05:35	[{"keyword":"@alandakariza","from":"2017-06-18","mode":"submitSocial","container":"all","username":"arwin"}]
2017-06-20 05:05:37	[{"keyword":"@gagasmedia","from":"2017-06-18","mode":"submitSocial","container":"all","username":"arwin"}]
2017-06-20 05:05:40	[{"keyword":"@welovehonda","from":"2017-06-18","mode":"submitSocial","container":"all","username":"arwin"}]
2017-06-20 05:05:43	[{"keyword":"@suzukimotorid","from":"2017-06-18","mode":"submitSocial","container":"all","username":"arwin"}]
2017-06-20 05:05:45	[{"keyword":"@kawasakilovers","from":"2017-06-18","mode":"submitSocial","container":"all","username":"arwin"}]
2017-06-20 05:05:47	[{"keyword":"@yamahaindonesia","from":"2017-06-18","mode":"submitSocial","container":"all","username":"arwin"}]
2017-06-20 05:05:50	[{"keyword":"@tripanzee","from":"2017-06-18","mode":"submitSocial","container":"all","username":"arwin"}]
2017-06-20 05:05:53	[{"keyword":"@arnoldpoernomo","from":"2017-06-18","mode":"submitSocial","container":"all","username":"arwin"}]
2017-06-20 05:05:56	[{"keyword":"@nicsap","from":"2017-06-18","mode":"submitSocial","container":"all","username":"arwin"}]
2017-06-20 05:05:58	[{"keyword":"@tiket2","from":"2017-06-18","mode":"submitSocial","container":"all","username":"arwin"}]
2017-06-20 05:06:00	[{"keyword":"@traveloka","from":"2017-06-18","mode":"submitSocial","container":"all","username":"arwin"}]
2017-06-20 05:06:04	[{"keyword":"@wego","from":"2017-06-18","mode":"submitSocial","container":"all","username":"arwin"}]
2017-06-20 05:06:07	[{"keyword":"@agoda","from":"2017-06-18","mode":"submitSocial","container":"all","username":"arwin"}]
2017-06-20 05:06:09	[{"keyword":"#salahsambung","from":"2017-06-18","mode":"submitSocial","container":"all","username":"arwin"}]
2017-06-20 05:06:12	[{"keyword":"#tulalit","from":"2017-06-18","mode":"submitSocial","container":"all","username":"arwin"}]
2017-06-20 05:06:14	[{"keyword":"#pestageneraksi8","from":"2017-06-18","mode":"submitSocial","container":"all","username":"arwin"}]
2017-06-20 05:06:16	[{"keyword":"#ganaskustik","from":"2017-06-18","mode":"submitSocial","container":"all","username":"arwin"}]
2017-06-20 05:06:18	[{"keyword":"#lnhot20","from":"2017-06-18","mode":"submitSocial","container":"all","username":"arwin"}]
2017-06-20 05:06:20	[{"keyword":"@tripadvisor","from":"2017-06-18","mode":"submitSocial","container":"all","username":"arwin"}]
2017-06-20 05:06:29	[{"keyword":"@google","from":"2017-06-18","mode":"submitSocial","container":"all","username":"arwin"}]
2017-06-20 05:06:33	[{"keyword":"@telkomsel","from":"2017-06-18","mode":"submitSocial","container":"all","username":"arwin"}]
2017-06-20 05:06:36	[{"keyword":"@indosat","from":"2017-06-18","mode":"submitSocial","container":"all","username":"arwin"}]
2017-06-20 05:06:39	[{"keyword":"@bahanafmjkt","from":"2017-06-18","mode":"submitSocial","container":"all","username":""}]
2017-06-20 05:06:44	[{"keyword":"@sonorafm92","from":"2017-06-18","mode":"submitSocial","container":"all","username":"arwin"}]
2017-06-20 05:06:45	[{"keyword":"@litefm1058","from":"2017-06-18","mode":"submitSocial","container":"all","username":"arwin"}]
2017-06-20 05:06:48	[{"keyword":"@bravaradio","from":"2017-06-18","mode":"submitSocial","container":"all","username":"arwin"}]
2017-06-20 05:06:51	[{"keyword":"#dgitm","from":"2017-06-18","mode":"submitSocial","container":"all","username":"arwin"}]
2017-06-20 05:06:53	[{"keyword":"#hitsalaprambors","from":"2017-06-18","mode":"submitSocial","container":"all","username":"arwin"}]
2017-06-20 05:06:55	[{"keyword":"#reqprambors","from":"2017-06-18","mode":"submitSocial","container":"all","username":"arwin"}]
2017-06-20 05:06:58	[{"keyword":"#thedandees","from":"2017-06-18","mode":"submitSocial","container":"all","username":"arwin"}]
2017-06-20 05:06:59	[{"keyword":"#pramborsquiz","from":"2017-06-18","mode":"submitSocial","container":"all","username":"arwin"}]
2017-06-20 05:07:02	[{"keyword":"#jeliprambors","from":"2017-06-18","mode":"submitSocial","container":"all","username":"arwin"}]
2017-06-20 05:07:04	[{"keyword":"#jodohinprambors","from":"2017-06-18","mode":"submitSocial","container":"all","username":"arwin"}]
2017-06-20 05:07:06	[{"keyword":"#ubahdenganbicara","from":"2017-06-18","mode":"submitSocial","container":"all","username":"arwin"}]
2017-06-20 05:07:09	[{"keyword":"#pramborschat","from":"2017-06-18","mode":"submitSocial","container":"all","username":"arwin"}]
2017-06-20 05:07:11	[{"keyword":"#tweetforduit","from":"2017-06-18","mode":"submitSocial","container":"all","username":"arwin"}]
2017-06-20 05:07:13	[{"keyword":"#joki3in1","from":"2017-06-18","mode":"submitSocial","container":"all","username":"arwin"}]
2017-06-20 05:07:15	[{"keyword":"#sarapanseru","from":"2017-06-18","mode":"submitSocial","container":"all","username":"arwin"}]
2017-06-20 05:07:18	[{"keyword":"#rawonkaneloop","from":"2017-06-18","mode":"submitSocial","container":"all","username":"arwin"}]
2017-06-20 05:07:20	[{"keyword":"#gudegkendilkeraton","from":"2017-06-18","mode":"submitSocial","container":"all","username":"arwin"}]
2017-06-20 05:07:22	[{"keyword":"#gadogadobutika","from":"2017-06-18","mode":"submitSocial","container":"all","username":"arwin"}]
2017-06-20 05:07:24	[{"keyword":"#mtvhottest","from":"2017-06-18","mode":"submitSocial","container":"all","username":"arwin"}]
2017-06-20 05:07:27	[{"keyword":"#dimsumcjdw","from":"2017-06-18","mode":"submitSocial","container":"all","username":"arwin"}]
2017-06-20 05:07:29	[{"keyword":"#pecelmadiunmbakniek","from":"2017-06-18","mode":"submitSocial","container":"all","username":"arwin"}]
2017-06-20 05:07:31	[{"keyword":"#depotarema","from":"2017-06-18","mode":"submitSocial","container":"all","username":"arwin"}]
2017-06-20 05:07:34	[{"keyword":"@bni46","from":"2017-06-18","mode":"submitSocial","container":"all","username":"arwin"}]
2017-06-20 05:07:36	[{"keyword":"@bankbri_id","from":"2017-06-18","mode":"submitSocial","container":"all","username":"arwin"}]
2017-06-20 05:07:39	[{"keyword":"#bni46","from":"2017-06-18","mode":"submitSocial","container":"all","username":"arwin"}]
2017-06-20 05:07:44	[{"keyword":"macet","from":"2017-06-18","mode":"submitSocial","container":"all","username":"arwin"}]
2017-06-20 05:07:47	[{"keyword":"#selamatpagi","from":"2017-06-18","mode":"submitSocial","container":"all","username":"arwin"}]
2017-06-20 05:07:49	[{"keyword":"#selamatmalam","from":"2017-06-18","mode":"submitSocial","container":"all","username":"arwin"}]
2017-06-20 05:07:51	[{"keyword":"@884globalradio","from":"2017-06-18","mode":"submitSocial","container":"all","username":"arwin"}]
2017-06-20 05:07:54	[{"keyword":"@day_trans","from":"2017-06-18","mode":"submitSocial","container":"all","username":"arwin"}]
2017-06-20 05:07:56	[{"keyword":"@kencanavoyage","from":"2017-06-18","mode":"submitSocial","container":"all","username":"arwin"}]
2017-06-20 05:07:58	[{"keyword":"@jukebox5d","from":"2017-06-18","mode":"submitSocial","container":"all","username":"arwin"}]
2017-06-20 05:08:01	[{"keyword":"#mtvhottest","from":"2017-06-18","mode":"submitSocial","container":"all","username":"arwin"}]
2017-06-20 05:08:03	[{"keyword":"#semangatpagi","from":"2017-06-18","mode":"submitSocial","container":"all","username":"arwin"}]
2017-06-20 05:08:06	[{"keyword":"lifebuoy","from":"2017-06-18","mode":"submitSocial","container":"all","username":"arwin"}]
2017-06-20 05:08:13	[{"keyword":"jokowi","from":"2017-06-18","mode":"submitSocial","container":"all","username":"arwin"}]
2017-06-20 05:08:20	[{"keyword":"obama","from":"2017-06-18","mode":"submitSocial","container":"all","username":"arwin"}]
2017-06-20 05:08:23	[{"keyword":"starwars","from":"2017-06-18","mode":"submitSocial","container":"all","username":"arwin"}]
2017-06-20 05:08:28	[{"keyword":"jonan","from":"2017-06-18","mode":"submitSocial","container":"all","username":"arwin"}]
2017-06-20 05:08:37	[{"keyword":"pagi","from":"2017-06-18","mode":"submitSocial","container":"all","username":"arwin"}]
2017-06-20 05:08:40	[{"keyword":"sampoerna","from":"2017-06-18","mode":"submitSocial","container":"all","username":"arwin"}]
2017-06-20 05:08:43	[{"keyword":"djarum","from":"2017-06-18","mode":"submitSocial","container":"all","username":"arwin"}]
2017-06-20 05:08:46	[{"keyword":"#semangatpagi","from":"2017-06-18","mode":"submitSocial","container":"all","username":"arwin"}]
2017-06-20 05:08:48	[{"keyword":"#generaksi8","from":"2017-06-18","mode":"submitSocial","container":"all","username":"arwin"}]
2017-06-20 05:08:50	[{"keyword":"#365alasan","from":"2017-06-18","mode":"submitSocial","container":"all","username":"arwin"}]
2017-06-20 05:08:53	[{"keyword":"weew","from":"2017-06-18","mode":"submitSocial","container":"all","username":"arwin"}]
2017-06-20 05:09:03	[{"keyword":"testing","from":"2017-06-18","mode":"submitSocial","container":"all","username":"arwin"}]
2017-06-20 05:09:06	[{"keyword":"#kopaja","from":"2017-06-18","mode":"submitSocial","container":"all","username":"arwin"}]
2017-06-20 05:09:08	[{"keyword":"#genkuisinsideout","from":"2017-06-18","mode":"submitSocial","container":"all","username":"arwin"}]
2017-06-20 05:09:11	[{"keyword":"starwars","from":"2017-06-18","mode":"submitSocial","container":"all","username":"arwin"}]
2017-06-20 05:09:14	[{"keyword":"#kopaja","from":"2017-06-18","mode":"submitSocial","container":"all","username":"arwin"}]
2017-06-20 05:09:16	[{"keyword":"mldspot","from":"2017-06-18","mode":"submitSocial","container":"all","username":"arwin"}]
2017-06-20 05:09:19	[{"keyword":"pbdjarum","from":"2017-06-18","mode":"submitSocial","container":"all","username":"arwin"}]
2017-06-20 05:09:21	[{"keyword":"temannabati","from":"2017-06-18","mode":"submitSocial","container":"all","username":"arwin"}]
2017-06-20 05:09:24	[{"keyword":"nextar","from":"2017-06-18","mode":"submitSocial","container":"all","username":"arwin"}]
2017-06-20 05:09:27	[{"keyword":"jokowo","from":"2017-06-18","mode":"submitSocial","container":"all","username":"arwin"}]
2017-06-20 05:09:30	[{"keyword":"prabowo","from":"2017-06-18","mode":"submitSocial","container":"all","username":"arwin"}]
2017-06-20 05:09:33	[{"keyword":"sudirman said","from":"2017-06-18","mode":"submitSocial","container":"all","username":"arwin"}]
2017-06-20 05:09:42	[{"keyword":"ahok","from":"2017-06-18","mode":"submitSocial","container":"all","username":"arwin"}]
2017-06-20 05:09:44	[{"keyword":"setyanovanto","from":"2017-06-18","mode":"submitSocial","container":"all","username":"arwin"}]
2017-06-20 05:09:51	[{"keyword":"jokowi","from":"2017-06-18","mode":"submitSocial","container":"all","username":"arwin"}]
2017-06-20 05:09:59	[{"keyword":"ahok","from":"2017-06-18","mode":"submitSocial","container":"all","username":"arwin"}]
2017-06-20 05:10:03	[{"keyword":"prabowo","from":"2017-06-18","mode":"submitSocial","container":"all","username":"arwin"}]
2017-06-20 05:10:06	[{"keyword":"sudirman said","from":"2017-06-18","mode":"submitSocial","container":"all","username":"arwin"}]
2017-06-20 05:10:08	[{"keyword":"setyanovanto","from":"2017-06-18","mode":"submitSocial","container":"all","username":"arwin"}]
2017-06-20 05:10:13	[{"keyword":"galau","from":"2017-06-18","mode":"submitSocial","container":"all","username":"arwin"}]
2017-06-20 05:10:16	[{"keyword":"#prestasiindonesia","from":"2017-06-18","mode":"submitSocial","container":"all","username":"arwin"}]
2017-06-20 05:10:18	[{"keyword":"@tw_debi","from":"2017-06-18","mode":"submitSocial","container":"all","username":"arwin"}]
2017-06-20 05:10:21	[{"keyword":"@officialfastron","from":"2017-06-18","mode":"submitSocial","container":"all","username":"arwin"}]
2017-06-20 05:10:23	[{"keyword":"@citibankid","from":"2017-06-18","mode":"submitSocial","container":"all","username":"arwin"}]
2017-06-20 05:10:26	[{"keyword":"@jak101fm","from":"2017-06-18","mode":"submitSocial","container":"all","username":"arwin"}]
2017-06-20 05:10:29	[{"keyword":"@genfm","from":"2017-06-18","mode":"submitSocial","container":"all","username":"arwin"}]
2017-06-20 10:59:39	[{"keyword":"takjilimpor","from":"2017-06-01","mode":"submitSocial","container":"all","username":"tommy5D"},{"keyword":"takjilimpor","from":"2017-06-02","mode":"submitSocial","container":"all","username":"tommy5D"},{"keyword":"takjilimpor","from":"2017-06-03","mode":"submitSocial","container":"all","username":"tommy5D"},{"keyword":"takjilimpor","from":"2017-06-04","mode":"submitSocial","container":"all","username":"tommy5D"},{"keyword":"takjilimpor","from":"2017-06-05","mode":"submitSocial","container":"all","username":"tommy5D"},{"keyword":"takjilimpor","from":"2017-06-06","mode":"submitSocial","container":"all","username":"tommy5D"},{"keyword":"takjilimpor","from":"2017-06-07","mode":"submitSocial","container":"all","username":"tommy5D"},{"keyword":"takjilimpor","from":"2017-06-08","mode":"submitSocial","container":"all","username":"tommy5D"},{"keyword":"takjilimpor","from":"2017-06-09","mode":"submitSocial","container":"all","username":"tommy5D"},{"keyword":"takjilimpor","from":"2017-06-10","mode":"submitSocial","container":"all","username":"tommy5D"},{"keyword":"takjilimpor","from":"2017-06-11","mode":"submitSocial","container":"all","username":"tommy5D"},{"keyword":"takjilimpor","from":"2017-06-12","mode":"submitSocial","container":"all","username":"tommy5D"},{"keyword":"takjilimpor","from":"2017-06-13","mode":"submitSocial","container":"all","username":"tommy5D"},{"keyword":"takjilimpor","from":"2017-06-14","mode":"submitSocial","container":"all","username":"tommy5D"},{"keyword":"takjilimpor","from":"2017-06-15","mode":"submitSocial","container":"all","username":"tommy5D"},{"keyword":"takjilimpor","from":"2017-06-16","mode":"submitSocial","container":"all","username":"tommy5D"},{"keyword":"takjilimpor","from":"2017-06-17","mode":"submitSocial","container":"all","username":"tommy5D"},{"keyword":"takjilimpor","from":"2017-06-18","mode":"submitSocial","container":"all","username":"tommy5D"},{"keyword":"takjilimpor","from":"2017-06-19","mode":"submitSocial","container":"all","username":"tommy5D"}]
2017-06-20 10:59:41	[{"keyword":"#takjilimpor","from":"2017-06-19","mode":"submitSocial","container":"all","username":"tommy5D"}]
