2017-03-07 05:00:04	[{"keyword":"@987genfm","from":"2017-03-05","mode":"submitSocial","container":"all","username":"arwin"}]
2017-03-07 05:00:07	[{"keyword":"@101jakfm","from":"2017-03-05","mode":"submitSocial","container":"all","username":"arwin"}]
2017-03-07 05:00:10	[{"keyword":"@prambors","from":"2017-03-05","mode":"submitSocial","container":"all","username":"arwin"}]
2017-03-07 05:00:12	[{"keyword":"@hardrockfm","from":"2017-03-05","mode":"submitSocial","container":"all","username":"arwin"}]
2017-03-07 05:00:15	[{"keyword":"@kisfmjakarta","from":"2017-03-05","mode":"submitSocial","container":"all","username":"arwin"}]
2017-03-07 05:00:17	[{"keyword":"@delta_fm","from":"2017-03-05","mode":"submitSocial","container":"all","username":"arwin"}]
2017-03-07 05:00:20	[{"keyword":"@traxfmjkt","from":"2017-03-05","mode":"submitSocial","container":"all","username":"arwin"}]
2017-03-07 05:00:22	[{"keyword":"@iradiojakarta","from":"2017-03-05","mode":"submitSocial","container":"all","username":"arwin"}]
2017-03-07 05:00:24	[{"keyword":"@indika9160fm","from":"2017-03-05","mode":"submitSocial","container":"all","username":"arwin"}]
2017-03-07 05:00:27	[{"keyword":"@shellindonesia","from":"2017-03-05","mode":"submitSocial","container":"all","username":"arwin"}]
2017-03-07 05:00:29	[{"keyword":"@vpowerfans","from":"2017-03-05","mode":"submitSocial","container":"all","username":"arwin"}]
2017-03-07 05:00:31	[{"keyword":"@pertamaxind","from":"2017-03-05","mode":"submitSocial","container":"all","username":"arwin"}]
2017-03-07 05:00:34	[{"keyword":"@ptpertamina","from":"2017-03-05","mode":"submitSocial","container":"all","username":"arwin"}]
2017-03-07 05:00:36	[{"keyword":"@ozradiojakarta","from":"2017-03-05","mode":"submitSocial","container":"all","username":"arwin"}]
2017-03-07 05:00:39	[{"keyword":"@cosmopolitanfm","from":"2017-03-05","mode":"submitSocial","container":"all","username":"arwin"}]
2017-03-07 05:00:41	[{"keyword":"@mustang88fm","from":"2017-03-05","mode":"submitSocial","container":"all","username":"arwin"}]
2017-03-07 05:00:43	[{"keyword":"@debabaz","from":"2017-03-05","mode":"submitSocial","container":"all","username":"arwin"}]
2017-03-07 05:00:46	[{"keyword":"@detikcom","from":"2017-03-05","mode":"submitSocial","container":"all","username":"arwin"}]
2017-03-07 05:00:49	[{"keyword":"@radioelshinta","from":"2017-03-05","mode":"submitSocial","container":"all","username":"arwin"}]
2017-03-07 05:00:51	[{"keyword":"@cinema21","from":"2017-03-05","mode":"submitSocial","container":"all","username":"arwin"}]
2017-03-07 05:00:54	[{"keyword":"@officialrcti","from":"2017-03-05","mode":"submitSocial","container":"all","username":"arwin"}]
2017-03-07 05:00:56	[{"keyword":"@transtv_corp","from":"2017-03-05","mode":"submitSocial","container":"all","username":"arwin"}]
2017-03-07 05:00:59	[{"keyword":"@trans7","from":"2017-03-05","mode":"submitSocial","container":"all","username":"arwin"}]
2017-03-07 05:01:02	[{"keyword":"@metro_tv","from":"2017-03-05","mode":"submitSocial","container":"all","username":"arwin"}]
2017-03-07 05:01:05	[{"keyword":"@tvonenews","from":"2017-03-05","mode":"submitSocial","container":"all","username":"arwin"}]
2017-03-07 05:01:07	[{"keyword":"@whatsonantv","from":"2017-03-05","mode":"submitSocial","container":"all","username":"arwin"}]
2017-03-07 05:01:11	[{"keyword":"@sctv_","from":"2017-03-05","mode":"submitSocial","container":"all","username":"arwin"}]
2017-03-07 05:01:13	[{"keyword":"@kompastv","from":"2017-03-05","mode":"submitSocial","container":"all","username":"arwin"}]
2017-03-07 05:01:16	[{"keyword":"@netmediatama","from":"2017-03-05","mode":"submitSocial","container":"all","username":"arwin"}]
2017-03-07 05:01:19	[{"keyword":"@globaltvseru","from":"2017-03-05","mode":"submitSocial","container":"all","username":"arwin"}]
2017-03-07 05:01:21	[{"keyword":"@jaktvcom","from":"2017-03-05","mode":"submitSocial","container":"all","username":"arwin"}]
2017-03-07 05:01:24	[{"keyword":"@tvrinasional","from":"2017-03-05","mode":"submitSocial","container":"all","username":"arwin"}]
2017-03-07 05:01:26	[{"keyword":"@ochannelupdates","from":"2017-03-05","mode":"submitSocial","container":"all","username":"arwin"}]
2017-03-07 05:01:29	[{"keyword":"@indosiarid","from":"2017-03-05","mode":"submitSocial","container":"all","username":"arwin"}]
2017-03-07 05:01:33	[{"keyword":"@kompascom","from":"2017-03-05","mode":"submitSocial","container":"all","username":"arwin"}]
2017-03-07 05:01:36	[{"keyword":"@merdekadotcom","from":"2017-03-05","mode":"submitSocial","container":"all","username":"arwin"}]
2017-03-07 05:01:38	[{"keyword":"@midotcom","from":"2017-03-05","mode":"submitSocial","container":"all","username":"arwin"}]
2017-03-07 05:01:41	[{"keyword":"@tempodotco","from":"2017-03-05","mode":"submitSocial","container":"all","username":"arwin"}]
2017-03-07 05:01:43	[{"keyword":"@motion975fm","from":"2017-03-05","mode":"submitSocial","container":"all","username":"arwin"}]
2017-03-07 05:01:45	[{"keyword":"@_radiotoday","from":"2017-03-05","mode":"submitSocial","container":"all","username":"arwin"}]
2017-03-07 05:01:48	[{"keyword":"@radioinfo","from":"2017-03-05","mode":"submitSocial","container":"all","username":"arwin"}]
2017-03-07 05:01:50	[{"keyword":"@979femaleradio","from":"2017-03-05","mode":"submitSocial","container":"all","username":"arwin"}]
2017-03-07 05:01:52	[{"keyword":"@womanradio943fm","from":"2017-03-05","mode":"submitSocial","container":"all","username":"arwin"}]
2017-03-07 05:01:54	[{"keyword":"@vradiofm","from":"2017-03-05","mode":"submitSocial","container":"all","username":"arwin"}]
2017-03-07 05:01:56	[{"keyword":"@ufm947","from":"2017-03-05","mode":"submitSocial","container":"all","username":"arwin"}]
2017-03-07 05:01:59	[{"keyword":"@vivanews","from":"2017-03-05","mode":"submitSocial","container":"all","username":"arwin"}]
2017-03-07 05:02:02	[{"keyword":"@antaranews","from":"2017-03-05","mode":"submitSocial","container":"all","username":"arwin"}]
2017-03-07 05:02:05	[{"keyword":"@tribunnews","from":"2017-03-05","mode":"submitSocial","container":"all","username":"arwin"}]
2017-03-07 05:02:07	[{"keyword":"@okezonenews","from":"2017-03-05","mode":"submitSocial","container":"all","username":"arwin"}]
2017-03-07 05:02:10	[{"keyword":"@beritasatu","from":"2017-03-05","mode":"submitSocial","container":"all","username":"arwin"}]
2017-03-07 05:02:12	[{"keyword":"@rollingstoneina","from":"2017-03-05","mode":"submitSocial","container":"all","username":"arwin"}]
2017-03-07 05:02:15	[{"keyword":"@fimeladotcom","from":"2017-03-05","mode":"submitSocial","container":"all","username":"arwin"}]
2017-03-07 05:02:17	[{"keyword":"@kapanlagicom","from":"2017-03-05","mode":"submitSocial","container":"all","username":"arwin"}]
2017-03-07 05:02:20	[{"keyword":"@kompasent","from":"2017-03-05","mode":"submitSocial","container":"all","username":"arwin"}]
2017-03-07 05:02:22	[{"keyword":"@haimagazine","from":"2017-03-05","mode":"submitSocial","container":"all","username":"arwin"}]
2017-03-07 05:02:24	[{"keyword":"@jakartavenue","from":"2017-03-05","mode":"submitSocial","container":"all","username":"arwin"}]
2017-03-07 05:02:27	[{"keyword":"@seputarevent","from":"2017-03-05","mode":"submitSocial","container":"all","username":"arwin"}]
2017-03-07 05:02:29	[{"keyword":"@ismayalive","from":"2017-03-05","mode":"submitSocial","container":"all","username":"arwin"}]
2017-03-07 05:02:31	[{"keyword":"@ecentertainment","from":"2017-03-05","mode":"submitSocial","container":"all","username":"arwin"}]
2017-03-07 05:02:34	[{"keyword":"@synergism_en","from":"2017-03-05","mode":"submitSocial","container":"all","username":"arwin"}]
2017-03-07 05:02:36	[{"keyword":"@urbanbandung","from":"2017-03-05","mode":"submitSocial","container":"all","username":"arwin"}]
2017-03-07 05:02:38	[{"keyword":"@urbanrkm995","from":"2017-03-05","mode":"submitSocial","container":"all","username":"arwin"}]
2017-03-07 05:02:40	[{"keyword":"@garuda_promo","from":"2017-03-05","mode":"submitSocial","container":"all","username":"arwin"}]
2017-03-07 05:02:43	[{"keyword":"@airasiaid","from":"2017-03-05","mode":"submitSocial","container":"all","username":"arwin"}]
2017-03-07 05:02:45	[{"keyword":"@kai121","from":"2017-03-05","mode":"submitSocial","container":"all","username":"arwin"}]
2017-03-07 05:02:48	[{"keyword":"@unilever","from":"2017-03-05","mode":"submitSocial","container":"all","username":"arwin"}]
2017-03-07 05:02:51	[{"keyword":"@nestle","from":"2017-03-05","mode":"submitSocial","container":"all","username":"arwin"}]
2017-03-07 05:02:54	[{"keyword":"@cocacola","from":"2017-03-05","mode":"submitSocial","container":"all","username":"arwin"}]
2017-03-07 05:03:02	[{"keyword":"@cnn","from":"2017-03-05","mode":"submitSocial","container":"all","username":"arwin"}]
2017-03-07 05:03:06	[{"keyword":"@mtv","from":"2017-03-05","mode":"submitSocial","container":"all","username":"arwin"}]
2017-03-07 05:03:08	[{"keyword":"@channelv","from":"2017-03-05","mode":"submitSocial","container":"all","username":"arwin"}]
2017-03-07 05:03:11	[{"keyword":"@itunesmusic","from":"2017-03-05","mode":"submitSocial","container":"all","username":"arwin"}]
2017-03-07 05:03:15	[{"keyword":"@mashable","from":"2017-03-05","mode":"submitSocial","container":"all","username":"arwin"}]
2017-03-07 05:03:17	[{"keyword":"@decacaz","from":"2017-03-05","mode":"submitSocial","container":"all","username":"arwin"}]
2017-03-07 05:03:19	[{"keyword":"@radiobaru967fm","from":"2017-03-05","mode":"submitSocial","container":"all","username":"arwin"}]
2017-03-07 05:03:21	[{"keyword":"@967hitzfm","from":"2017-03-05","mode":"submitSocial","container":"all","username":"arwin"}]
2017-03-07 05:03:24	[{"keyword":"@tvguide","from":"2017-03-05","mode":"submitSocial","container":"all","username":"arwin"}]
2017-03-07 05:03:27	[{"keyword":"@xl123","from":"2017-03-05","mode":"submitSocial","container":"all","username":"arwin"}]
2017-03-07 05:03:29	[{"keyword":"@triindonesia","from":"2017-03-05","mode":"submitSocial","container":"all","username":"arwin"}]
2017-03-07 05:03:32	[{"keyword":"@kaskus","from":"2017-03-05","mode":"submitSocial","container":"all","username":"arwin"}]
2017-03-07 05:03:34	[{"keyword":"@studio_xxi","from":"2017-03-05","mode":"submitSocial","container":"all","username":"arwin"}]
2017-03-07 05:03:36	[{"keyword":"@blitzmegaplex","from":"2017-03-05","mode":"submitSocial","container":"all","username":"arwin"}]
2017-03-07 05:03:39	[{"keyword":"@alfamartku","from":"2017-03-05","mode":"submitSocial","container":"all","username":"arwin"}]
2017-03-07 05:03:41	[{"keyword":"@carrefour_id","from":"2017-03-05","mode":"submitSocial","container":"all","username":"arwin"}]
2017-03-07 05:03:44	[{"keyword":"@bbcbreaking","from":"2017-03-05","mode":"submitSocial","container":"all","username":"arwin"}]
2017-03-07 05:03:51	[{"keyword":"@forbes","from":"2017-03-05","mode":"submitSocial","container":"all","username":"arwin"}]
2017-03-07 05:03:54	[{"keyword":"@bensradio","from":"2017-03-05","mode":"submitSocial","container":"all","username":"arwin"}]
2017-03-07 05:03:58	[{"keyword":"@instagram","from":"2017-03-05","mode":"submitSocial","container":"all","username":"arwin"}]
2017-03-07 05:04:01	[{"keyword":"@pinterest","from":"2017-03-05","mode":"submitSocial","container":"all","username":"arwin"}]
2017-03-07 05:04:07	[{"keyword":"@google","from":"2017-03-05","mode":"submitSocial","container":"all","username":"arwin"}]
2017-03-07 05:04:09	[{"keyword":"@pertaminalub","from":"2017-03-05","mode":"submitSocial","container":"all","username":"arwin"}]
2017-03-07 05:04:12	[{"keyword":"@infolalintol","from":"2017-03-05","mode":"submitSocial","container":"all","username":"arwin"}]
2017-03-07 05:04:14	[{"keyword":"@ptjasamarga","from":"2017-03-05","mode":"submitSocial","container":"all","username":"arwin"}]
2017-03-07 05:04:16	[{"keyword":"@cititransindo","from":"2017-03-05","mode":"submitSocial","container":"all","username":"arwin"}]
2017-03-07 05:04:18	[{"keyword":"#semangatpagisuperr","from":"2017-03-05","mode":"submitSocial","container":"all","username":"arwin"}]
2017-03-07 05:04:20	[{"keyword":"#genkuisinsideout","from":"2017-03-05","mode":"submitSocial","container":"all","username":"arwin"}]
2017-03-07 05:04:23	[{"keyword":"#semangatpagi","from":"2017-03-05","mode":"submitSocial","container":"all","username":"arwin"}]
2017-03-07 05:04:25	[{"keyword":"#dikamar","from":"2017-03-05","mode":"submitSocial","container":"all","username":"arwin"}]
2017-03-07 05:04:28	[{"keyword":"#kopaja","from":"2017-03-05","mode":"submitSocial","container":"all","username":"arwin"}]
2017-03-07 05:04:30	[{"keyword":"#generaksi8","from":"2017-03-05","mode":"submitSocial","container":"all","username":"arwin"}]
2017-03-07 05:04:32	[{"keyword":"#hitztsp","from":"2017-03-05","mode":"submitSocial","container":"all","username":"arwin"}]
2017-03-07 05:04:35	[{"keyword":"#np","from":"2017-03-05","mode":"submitSocial","container":"all","username":"arwin"}]
2017-03-07 05:04:38	[{"keyword":"#hitzlivestage","from":"2017-03-05","mode":"submitSocial","container":"all","username":"arwin"}]
2017-03-07 05:04:40	[{"keyword":"#thefreaks","from":"2017-03-05","mode":"submitSocial","container":"all","username":"arwin"}]
2017-03-07 05:04:42	[{"keyword":"#hitzsirkuspagi","from":"2017-03-05","mode":"submitSocial","container":"all","username":"arwin"}]
2017-03-07 05:04:44	[{"keyword":"#hitzathlon","from":"2017-03-05","mode":"submitSocial","container":"all","username":"arwin"}]
2017-03-07 05:04:47	[{"keyword":"#hitzzombie","from":"2017-03-05","mode":"submitSocial","container":"all","username":"arwin"}]
2017-03-07 05:04:49	[{"keyword":"#hitzkalong","from":"2017-03-05","mode":"submitSocial","container":"all","username":"arwin"}]
2017-03-07 05:04:51	[{"keyword":"#hitzbebas","from":"2017-03-05","mode":"submitSocial","container":"all","username":"arwin"}]
2017-03-07 05:04:54	[{"keyword":"#hitzhorehara","from":"2017-03-05","mode":"submitSocial","container":"all","username":"arwin"}]
2017-03-07 05:04:56	[{"keyword":"@zaloraid","from":"2017-03-05","mode":"submitSocial","container":"all","username":"arwin"}]
2017-03-07 05:04:58	[{"keyword":"@olx_indonesia","from":"2017-03-05","mode":"submitSocial","container":"all","username":"arwin"}]
2017-03-07 05:05:01	[{"keyword":"@lazadaid","from":"2017-03-05","mode":"submitSocial","container":"all","username":"arwin"}]
2017-03-07 05:05:03	[{"keyword":"@utrippers","from":"2017-03-05","mode":"submitSocial","container":"all","username":"arwin"}]
2017-03-07 05:05:06	[{"keyword":"@gogobot","from":"2017-03-05","mode":"submitSocial","container":"all","username":"arwin"}]
2017-03-07 05:05:08	[{"keyword":"@viatortravel","from":"2017-03-05","mode":"submitSocial","container":"all","username":"arwin"}]
2017-03-07 05:05:11	[{"keyword":"@alandakariza","from":"2017-03-05","mode":"submitSocial","container":"all","username":"arwin"}]
2017-03-07 05:05:13	[{"keyword":"@gagasmedia","from":"2017-03-05","mode":"submitSocial","container":"all","username":"arwin"}]
2017-03-07 05:05:16	[{"keyword":"@welovehonda","from":"2017-03-05","mode":"submitSocial","container":"all","username":"arwin"}]
2017-03-07 05:05:18	[{"keyword":"@suzukimotorid","from":"2017-03-05","mode":"submitSocial","container":"all","username":"arwin"}]
2017-03-07 05:05:20	[{"keyword":"@kawasakilovers","from":"2017-03-05","mode":"submitSocial","container":"all","username":"arwin"}]
2017-03-07 05:05:22	[{"keyword":"@yamahaindonesia","from":"2017-03-05","mode":"submitSocial","container":"all","username":"arwin"}]
2017-03-07 05:05:25	[{"keyword":"@tripanzee","from":"2017-03-05","mode":"submitSocial","container":"all","username":"arwin"}]
2017-03-07 05:05:27	[{"keyword":"@arnoldpoernomo","from":"2017-03-05","mode":"submitSocial","container":"all","username":"arwin"}]
2017-03-07 05:05:30	[{"keyword":"@nicsap","from":"2017-03-05","mode":"submitSocial","container":"all","username":"arwin"}]
2017-03-07 05:05:32	[{"keyword":"@tiket2","from":"2017-03-05","mode":"submitSocial","container":"all","username":"arwin"}]
2017-03-07 05:05:34	[{"keyword":"@traveloka","from":"2017-03-05","mode":"submitSocial","container":"all","username":"arwin"}]
2017-03-07 05:05:37	[{"keyword":"@wego","from":"2017-03-05","mode":"submitSocial","container":"all","username":"arwin"}]
2017-03-07 05:05:40	[{"keyword":"@agoda","from":"2017-03-05","mode":"submitSocial","container":"all","username":"arwin"}]
2017-03-07 05:05:43	[{"keyword":"#salahsambung","from":"2017-03-05","mode":"submitSocial","container":"all","username":"arwin"}]
2017-03-07 05:05:45	[{"keyword":"#tulalit","from":"2017-03-05","mode":"submitSocial","container":"all","username":"arwin"}]
2017-03-07 05:05:47	[{"keyword":"#pestageneraksi8","from":"2017-03-05","mode":"submitSocial","container":"all","username":"arwin"}]
2017-03-07 05:05:49	[{"keyword":"#ganaskustik","from":"2017-03-05","mode":"submitSocial","container":"all","username":"arwin"}]
2017-03-07 05:05:51	[{"keyword":"#lnhot20","from":"2017-03-05","mode":"submitSocial","container":"all","username":"arwin"}]
2017-03-07 05:05:54	[{"keyword":"@tripadvisor","from":"2017-03-05","mode":"submitSocial","container":"all","username":"arwin"}]
2017-03-07 05:05:59	[{"keyword":"@google","from":"2017-03-05","mode":"submitSocial","container":"all","username":"arwin"}]
2017-03-07 05:06:02	[{"keyword":"@telkomsel","from":"2017-03-05","mode":"submitSocial","container":"all","username":"arwin"}]
2017-03-07 05:06:05	[{"keyword":"@indosat","from":"2017-03-05","mode":"submitSocial","container":"all","username":"arwin"}]
2017-03-07 05:06:08	[{"keyword":"@bahanafmjkt","from":"2017-03-05","mode":"submitSocial","container":"all","username":""}]
2017-03-07 05:06:12	[{"keyword":"@sonorafm92","from":"2017-03-05","mode":"submitSocial","container":"all","username":"arwin"}]
2017-03-07 05:06:14	[{"keyword":"@litefm1058","from":"2017-03-05","mode":"submitSocial","container":"all","username":"arwin"}]
2017-03-07 05:06:17	[{"keyword":"@bravaradio","from":"2017-03-05","mode":"submitSocial","container":"all","username":"arwin"}]
2017-03-07 05:06:20	[{"keyword":"#dgitm","from":"2017-03-05","mode":"submitSocial","container":"all","username":"arwin"}]
2017-03-07 05:06:22	[{"keyword":"#hitsalaprambors","from":"2017-03-05","mode":"submitSocial","container":"all","username":"arwin"}]
2017-03-07 05:06:24	[{"keyword":"#reqprambors","from":"2017-03-05","mode":"submitSocial","container":"all","username":"arwin"}]
2017-03-07 05:06:26	[{"keyword":"#thedandees","from":"2017-03-05","mode":"submitSocial","container":"all","username":"arwin"}]
2017-03-07 05:06:28	[{"keyword":"#pramborsquiz","from":"2017-03-05","mode":"submitSocial","container":"all","username":"arwin"}]
2017-03-07 05:06:31	[{"keyword":"#jeliprambors","from":"2017-03-05","mode":"submitSocial","container":"all","username":"arwin"}]
2017-03-07 05:06:33	[{"keyword":"#jodohinprambors","from":"2017-03-05","mode":"submitSocial","container":"all","username":"arwin"}]
2017-03-07 05:06:35	[{"keyword":"#ubahdenganbicara","from":"2017-03-05","mode":"submitSocial","container":"all","username":"arwin"}]
2017-03-07 05:06:37	[{"keyword":"#pramborschat","from":"2017-03-05","mode":"submitSocial","container":"all","username":"arwin"}]
2017-03-07 05:06:39	[{"keyword":"#tweetforduit","from":"2017-03-05","mode":"submitSocial","container":"all","username":"arwin"}]
2017-03-07 05:06:41	[{"keyword":"#joki3in1","from":"2017-03-05","mode":"submitSocial","container":"all","username":"arwin"}]
2017-03-07 05:06:44	[{"keyword":"#sarapanseru","from":"2017-03-05","mode":"submitSocial","container":"all","username":"arwin"}]
2017-03-07 05:06:46	[{"keyword":"#rawonkaneloop","from":"2017-03-05","mode":"submitSocial","container":"all","username":"arwin"}]
2017-03-07 05:06:48	[{"keyword":"#gudegkendilkeraton","from":"2017-03-05","mode":"submitSocial","container":"all","username":"arwin"}]
2017-03-07 05:06:50	[{"keyword":"#gadogadobutika","from":"2017-03-05","mode":"submitSocial","container":"all","username":"arwin"}]
2017-03-07 05:06:52	[{"keyword":"#mtvhottest","from":"2017-03-05","mode":"submitSocial","container":"all","username":"arwin"}]
2017-03-07 05:06:55	[{"keyword":"#dimsumcjdw","from":"2017-03-05","mode":"submitSocial","container":"all","username":"arwin"}]
2017-03-07 05:06:57	[{"keyword":"#pecelmadiunmbakniek","from":"2017-03-05","mode":"submitSocial","container":"all","username":"arwin"}]
2017-03-07 05:06:59	[{"keyword":"#depotarema","from":"2017-03-05","mode":"submitSocial","container":"all","username":"arwin"}]
2017-03-07 05:07:01	[{"keyword":"@bni46","from":"2017-03-05","mode":"submitSocial","container":"all","username":"arwin"}]
2017-03-07 05:07:04	[{"keyword":"@bankbri_id","from":"2017-03-05","mode":"submitSocial","container":"all","username":"arwin"}]
2017-03-07 05:07:06	[{"keyword":"#bni46","from":"2017-03-05","mode":"submitSocial","container":"all","username":"arwin"}]
2017-03-07 05:07:10	[{"keyword":"macet","from":"2017-03-05","mode":"submitSocial","container":"all","username":"arwin"}]
2017-03-07 05:07:12	[{"keyword":"#selamatpagi","from":"2017-03-05","mode":"submitSocial","container":"all","username":"arwin"}]
2017-03-07 05:07:15	[{"keyword":"#selamatmalam","from":"2017-03-05","mode":"submitSocial","container":"all","username":"arwin"}]
2017-03-07 05:07:17	[{"keyword":"@884globalradio","from":"2017-03-05","mode":"submitSocial","container":"all","username":"arwin"}]
2017-03-07 05:07:19	[{"keyword":"@day_trans","from":"2017-03-05","mode":"submitSocial","container":"all","username":"arwin"}]
2017-03-07 05:07:21	[{"keyword":"@kencanavoyage","from":"2017-03-05","mode":"submitSocial","container":"all","username":"arwin"}]
2017-03-07 05:07:24	[{"keyword":"@jukebox5d","from":"2017-03-05","mode":"submitSocial","container":"all","username":"arwin"}]
2017-03-07 05:07:26	[{"keyword":"#mtvhottest","from":"2017-03-05","mode":"submitSocial","container":"all","username":"arwin"}]
2017-03-07 05:07:28	[{"keyword":"#semangatpagi","from":"2017-03-05","mode":"submitSocial","container":"all","username":"arwin"}]
2017-03-07 05:07:31	[{"keyword":"lifebuoy","from":"2017-03-05","mode":"submitSocial","container":"all","username":"arwin"}]
2017-03-07 05:07:37	[{"keyword":"jokowi","from":"2017-03-05","mode":"submitSocial","container":"all","username":"arwin"}]
2017-03-07 05:07:48	[{"keyword":"obama","from":"2017-03-05","mode":"submitSocial","container":"all","username":"arwin"}]
2017-03-07 05:07:51	[{"keyword":"starwars","from":"2017-03-05","mode":"submitSocial","container":"all","username":"arwin"}]
2017-03-07 05:07:54	[{"keyword":"jonan","from":"2017-03-05","mode":"submitSocial","container":"all","username":"arwin"}]
2017-03-07 05:08:03	[{"keyword":"pagi","from":"2017-03-05","mode":"submitSocial","container":"all","username":"arwin"}]
2017-03-07 05:08:06	[{"keyword":"sampoerna","from":"2017-03-05","mode":"submitSocial","container":"all","username":"arwin"}]
2017-03-07 05:08:09	[{"keyword":"djarum","from":"2017-03-05","mode":"submitSocial","container":"all","username":"arwin"}]
2017-03-07 05:08:12	[{"keyword":"#semangatpagi","from":"2017-03-05","mode":"submitSocial","container":"all","username":"arwin"}]
2017-03-07 05:08:13	[{"keyword":"#generaksi8","from":"2017-03-05","mode":"submitSocial","container":"all","username":"arwin"}]
2017-03-07 05:08:16	[{"keyword":"#365alasan","from":"2017-03-05","mode":"submitSocial","container":"all","username":"arwin"}]
2017-03-07 05:08:19	[{"keyword":"weew","from":"2017-03-05","mode":"submitSocial","container":"all","username":"arwin"}]
2017-03-07 05:08:26	[{"keyword":"testing","from":"2017-03-05","mode":"submitSocial","container":"all","username":"arwin"}]
2017-03-07 05:08:29	[{"keyword":"#kopaja","from":"2017-03-05","mode":"submitSocial","container":"all","username":"arwin"}]
2017-03-07 05:08:31	[{"keyword":"#genkuisinsideout","from":"2017-03-05","mode":"submitSocial","container":"all","username":"arwin"}]
2017-03-07 05:08:34	[{"keyword":"starwars","from":"2017-03-05","mode":"submitSocial","container":"all","username":"arwin"}]
2017-03-07 05:08:37	[{"keyword":"#kopaja","from":"2017-03-05","mode":"submitSocial","container":"all","username":"arwin"}]
2017-03-07 05:08:39	[{"keyword":"mldspot","from":"2017-03-05","mode":"submitSocial","container":"all","username":"arwin"}]
2017-03-07 05:08:42	[{"keyword":"pbdjarum","from":"2017-03-05","mode":"submitSocial","container":"all","username":"arwin"}]
2017-03-07 05:08:44	[{"keyword":"temannabati","from":"2017-03-05","mode":"submitSocial","container":"all","username":"arwin"}]
2017-03-07 05:08:47	[{"keyword":"nextar","from":"2017-03-05","mode":"submitSocial","container":"all","username":"arwin"}]
2017-03-07 05:08:50	[{"keyword":"jokowo","from":"2017-03-05","mode":"submitSocial","container":"all","username":"arwin"}]
2017-03-07 05:08:53	[{"keyword":"prabowo","from":"2017-03-05","mode":"submitSocial","container":"all","username":"arwin"}]
2017-03-07 05:08:56	[{"keyword":"sudirman said","from":"2017-03-05","mode":"submitSocial","container":"all","username":"arwin"}]
2017-03-07 05:09:05	[{"keyword":"ahok","from":"2017-03-05","mode":"submitSocial","container":"all","username":"arwin"}]
2017-03-07 05:09:07	[{"keyword":"setyanovanto","from":"2017-03-05","mode":"submitSocial","container":"all","username":"arwin"}]
2017-03-07 05:09:13	[{"keyword":"jokowi","from":"2017-03-05","mode":"submitSocial","container":"all","username":"arwin"}]
2017-03-07 05:09:22	[{"keyword":"ahok","from":"2017-03-05","mode":"submitSocial","container":"all","username":"arwin"}]
2017-03-07 05:09:25	[{"keyword":"prabowo","from":"2017-03-05","mode":"submitSocial","container":"all","username":"arwin"}]
2017-03-07 05:09:27	[{"keyword":"sudirman said","from":"2017-03-05","mode":"submitSocial","container":"all","username":"arwin"}]
2017-03-07 05:09:30	[{"keyword":"setyanovanto","from":"2017-03-05","mode":"submitSocial","container":"all","username":"arwin"}]
2017-03-07 05:09:34	[{"keyword":"galau","from":"2017-03-05","mode":"submitSocial","container":"all","username":"arwin"}]
2017-03-07 05:09:36	[{"keyword":"#prestasiindonesia","from":"2017-03-05","mode":"submitSocial","container":"all","username":"arwin"}]
2017-03-07 05:09:39	[{"keyword":"@tw_debi","from":"2017-03-05","mode":"submitSocial","container":"all","username":"arwin"}]
2017-03-07 05:09:41	[{"keyword":"@officialfastron","from":"2017-03-05","mode":"submitSocial","container":"all","username":"arwin"}]
2017-03-07 05:09:43	[{"keyword":"@citibankid","from":"2017-03-05","mode":"submitSocial","container":"all","username":"arwin"}]
2017-03-07 05:09:46	[{"keyword":"@jak101fm","from":"2017-03-05","mode":"submitSocial","container":"all","username":"arwin"}]
2017-03-07 05:09:49	[{"keyword":"@genfm","from":"2017-03-05","mode":"submitSocial","container":"all","username":"arwin"}]
