2017-07-24 05:00:03	worker	@987genfm;2017-07-22 - 2017-07-22;submitSocial;all;arwin
2017-07-24 05:00:14	worker	@101jakfm;2017-07-22 - 2017-07-22;submitSocial;all;arwin
2017-07-24 05:00:25	worker	@prambors;2017-07-22 - 2017-07-22;submitSocial;all;arwin
2017-07-24 05:00:35	worker	@hardrockfm;2017-07-22 - 2017-07-22;submitSocial;all;arwin
2017-07-24 05:00:44	worker	@kisfmjakarta;2017-07-22 - 2017-07-22;submitSocial;all;arwin
2017-07-24 05:00:54	worker	@delta_fm;2017-07-22 - 2017-07-22;submitSocial;all;arwin
2017-07-24 05:01:03	worker	@traxfmjkt;2017-07-22 - 2017-07-22;submitSocial;all;arwin
2017-07-24 05:01:13	worker	@iradiojakarta;2017-07-22 - 2017-07-22;submitSocial;all;arwin
2017-07-24 05:01:23	worker	@indika9160fm;2017-07-22 - 2017-07-22;submitSocial;all;arwin
2017-07-24 05:01:32	worker	@shellindonesia;2017-07-22 - 2017-07-22;submitSocial;all;arwin
2017-07-24 05:01:41	worker	@vpowerfans;2017-07-22 - 2017-07-22;submitSocial;all;arwin
2017-07-24 05:01:51	worker	@pertamaxind;2017-07-22 - 2017-07-22;submitSocial;all;arwin
2017-07-24 05:02:00	worker	@ptpertamina;2017-07-22 - 2017-07-22;submitSocial;all;arwin
2017-07-24 05:02:10	worker	@OZRadioJakarta;2017-07-22 - 2017-07-22;submitSocial;all;arwin
2017-07-24 05:02:19	worker	@CosmopolitanFM;2017-07-22 - 2017-07-22;submitSocial;all;arwin
2017-07-24 05:02:28	worker	@mustang88fm;2017-07-22 - 2017-07-22;submitSocial;all;arwin
2017-07-24 05:02:37	worker	@debabaz;2017-07-22 - 2017-07-22;submitSocial;all;arwin
2017-07-24 05:02:47	worker	@detikcom;2017-07-22 - 2017-07-22;submitSocial;all;arwin
2017-07-24 05:02:58	worker	@radioelshinta;2017-07-22 - 2017-07-22;submitSocial;all;arwin
2017-07-24 05:03:08	worker	@cinema21;2017-07-22 - 2017-07-22;submitSocial;all;arwin
2017-07-24 05:03:17	worker	@OfficialRCTI;2017-07-22 - 2017-07-22;submitSocial;all;arwin
2017-07-24 05:03:27	worker	@TRANSTV_CORP;2017-07-22 - 2017-07-22;submitSocial;all;arwin
2017-07-24 05:03:37	worker	@TRANS7;2017-07-22 - 2017-07-22;submitSocial;all;arwin
2017-07-24 05:03:46	worker	@Metro_TV;2017-07-22 - 2017-07-22;submitSocial;all;arwin
2017-07-24 05:03:56	worker	@tvOneNews;2017-07-22 - 2017-07-22;submitSocial;all;arwin
2017-07-24 05:04:07	worker	@whatsonANTV;2017-07-22 - 2017-07-22;submitSocial;all;arwin
2017-07-24 05:04:17	worker	@SCTV_;2017-07-22 - 2017-07-22;submitSocial;all;arwin
2017-07-24 05:04:27	worker	@KompasTV;2017-07-22 - 2017-07-22;submitSocial;all;arwin
2017-07-24 05:04:37	worker	@netmediatama;2017-07-22 - 2017-07-22;submitSocial;all;arwin
2017-07-24 05:04:46	worker	@Globaltvseru;2017-07-22 - 2017-07-22;submitSocial;all;arwin
2017-07-24 05:04:56	worker	@JaktvCom;2017-07-22 - 2017-07-22;submitSocial;all;arwin
2017-07-24 05:05:06	worker	@TVRINasional;2017-07-22 - 2017-07-22;submitSocial;all;arwin
2017-07-24 05:05:16	worker	@ochannelupdates;2017-07-22 - 2017-07-22;submitSocial;all;arwin
2017-07-24 05:05:26	worker	@IndosiarID;2017-07-22 - 2017-07-22;submitSocial;all;arwin
2017-07-24 05:05:36	worker	@kompascom;2017-07-22 - 2017-07-22;submitSocial;all;arwin
2017-07-24 05:05:46	worker	@merdekadotcom;2017-07-22 - 2017-07-22;submitSocial;all;arwin
2017-07-24 05:05:56	worker	@MIdotcom;2017-07-22 - 2017-07-22;submitSocial;all;arwin
2017-07-24 05:06:05	worker	@tempodotco;2017-07-22 - 2017-07-22;submitSocial;all;arwin
2017-07-24 05:06:15	worker	@motion975fm;2017-07-22 - 2017-07-22;submitSocial;all;arwin
2017-07-24 05:06:25	worker	@_radiotoday;2017-07-22 - 2017-07-22;submitSocial;all;arwin
2017-07-24 05:06:34	worker	@radioinfo;2017-07-22 - 2017-07-22;submitSocial;all;arwin
2017-07-24 05:06:43	worker	@979FeMaleRadio;2017-07-22 - 2017-07-22;submitSocial;all;arwin
2017-07-24 05:06:52	worker	@WomanRadio943FM;2017-07-22 - 2017-07-22;submitSocial;all;arwin
2017-07-24 05:07:02	worker	@VRadioFM;2017-07-22 - 2017-07-22;submitSocial;all;arwin
2017-07-24 05:07:11	worker	@UFM947;2017-07-22 - 2017-07-22;submitSocial;all;arwin
2017-07-24 05:07:21	worker	@VIVAnews;2017-07-22 - 2017-07-22;submitSocial;all;arwin
2017-07-24 05:07:30	worker	@antaranews;2017-07-22 - 2017-07-22;submitSocial;all;arwin
2017-07-24 05:07:40	worker	@tribunnews;2017-07-22 - 2017-07-22;submitSocial;all;arwin
2017-07-24 05:07:50	worker	@okezonenews;2017-07-22 - 2017-07-22;submitSocial;all;arwin
2017-07-24 05:07:59	worker	@Beritasatu;2017-07-22 - 2017-07-22;submitSocial;all;arwin
2017-07-24 05:08:09	worker	@rollingstoneina;2017-07-22 - 2017-07-22;submitSocial;all;arwin
2017-07-24 05:08:19	worker	@FIMELAdotcom;2017-07-22 - 2017-07-22;submitSocial;all;arwin
2017-07-24 05:08:28	worker	@KapanLagicom;2017-07-22 - 2017-07-22;submitSocial;all;arwin
2017-07-24 05:08:38	worker	@KompasEnt ;2017-07-22 - 2017-07-22;submitSocial;all;arwin
2017-07-24 05:08:47	worker	@HaiMagazine;2017-07-22 - 2017-07-22;submitSocial;all;arwin
2017-07-24 05:08:57	worker	@JakartaVenue;2017-07-22 - 2017-07-22;submitSocial;all;arwin
2017-07-24 05:09:07	worker	@SeputarEvent;2017-07-22 - 2017-07-22;submitSocial;all;arwin
2017-07-24 05:09:16	worker	@ismayaLive;2017-07-22 - 2017-07-22;submitSocial;all;arwin
2017-07-24 05:09:27	worker	@ECEntertainment;2017-07-22 - 2017-07-22;submitSocial;all;arwin
2017-07-24 05:09:36	worker	@synergism_En;2017-07-22 - 2017-07-22;submitSocial;all;arwin
2017-07-24 05:09:46	worker	@Urbanbandung;2017-07-22 - 2017-07-22;submitSocial;all;arwin
2017-07-24 05:09:55	worker	@Urbanrkm995;2017-07-22 - 2017-07-22;submitSocial;all;arwin
2017-07-24 05:10:05	worker	@Garuda_Promo;2017-07-22 - 2017-07-22;submitSocial;all;arwin
2017-07-24 05:10:15	worker	@AirAsiaID;2017-07-22 - 2017-07-22;submitSocial;all;arwin
2017-07-24 05:10:25	worker	@KAI121;2017-07-22 - 2017-07-22;submitSocial;all;arwin
2017-07-24 05:10:34	worker	@Unilever;2017-07-22 - 2017-07-22;submitSocial;all;arwin
2017-07-24 05:10:44	worker	@Nestle;2017-07-22 - 2017-07-22;submitSocial;all;arwin
2017-07-24 05:10:55	worker	@CocaCola;2017-07-22 - 2017-07-22;submitSocial;all;arwin
2017-07-24 05:11:05	worker	@CNN;2017-07-22 - 2017-07-22;submitSocial;all;arwin
2017-07-24 05:11:21	worker	@MTV;2017-07-22 - 2017-07-22;submitSocial;all;arwin
2017-07-24 05:11:34	worker	@channelv;2017-07-22 - 2017-07-22;submitSocial;all;arwin
2017-07-24 05:11:43	worker	@iTunesMusic;2017-07-22 - 2017-07-22;submitSocial;all;arwin
2017-07-24 05:11:53	worker	@mashable;2017-07-22 - 2017-07-22;submitSocial;all;arwin
2017-07-24 05:12:04	worker	@decacaz;2017-07-22 - 2017-07-22;submitSocial;all;arwin
2017-07-24 05:12:13	worker	@radiobaru967FM;2017-07-22 - 2017-07-22;submitSocial;all;arwin
2017-07-24 05:12:23	worker	@967HitzFM;2017-07-22 - 2017-07-22;submitSocial;all;arwin
2017-07-24 05:12:32	worker	@TVGuide;2017-07-22 - 2017-07-22;submitSocial;all;arwin
2017-07-24 05:12:42	worker	@XL123;2017-07-22 - 2017-07-22;submitSocial;all;arwin
2017-07-24 05:12:51	worker	@triindonesia;2017-07-22 - 2017-07-22;submitSocial;all;arwin
2017-07-24 05:13:01	worker	@kaskus;2017-07-22 - 2017-07-22;submitSocial;all;arwin
2017-07-24 05:13:11	worker	@Studio_XXI;2017-07-22 - 2017-07-22;submitSocial;all;arwin
2017-07-24 05:13:21	worker	@blitzmegaplex;2017-07-22 - 2017-07-22;submitSocial;all;arwin
2017-07-24 05:13:30	worker	@alfamartku;2017-07-22 - 2017-07-22;submitSocial;all;arwin
2017-07-24 05:13:39	worker	@Carrefour_ID;2017-07-22 - 2017-07-22;submitSocial;all;arwin
2017-07-24 05:13:49	worker	@BBCBreaking;2017-07-22 - 2017-07-22;submitSocial;all;arwin
2017-07-24 05:13:59	worker	@Forbes;2017-07-22 - 2017-07-22;submitSocial;all;arwin
2017-07-24 05:14:13	worker	@BensRadio;2017-07-22 - 2017-07-22;submitSocial;all;arwin
2017-07-24 05:14:22	worker	@instagram;2017-07-22 - 2017-07-22;submitSocial;all;arwin
2017-07-24 05:14:34	worker	@Pinterest;2017-07-22 - 2017-07-22;submitSocial;all;arwin
2017-07-24 05:14:44	worker	@google;2017-07-22 - 2017-07-22;submitSocial;all;arwin
2017-07-24 05:14:57	worker	@Pertaminalub;2017-07-22 - 2017-07-22;submitSocial;all;arwin
2017-07-24 05:15:07	worker	@InfoLalinTol;2017-07-22 - 2017-07-22;submitSocial;all;arwin
2017-07-24 05:15:17	worker	@PTJASAMARGA;2017-07-22 - 2017-07-22;submitSocial;all;arwin
2017-07-24 05:15:27	worker	@cititransindo;2017-07-22 - 2017-07-22;submitSocial;all;arwin
2017-07-24 05:15:37	worker	#semangatpagisuperr;2017-07-22 - 2017-07-22;submitSocial;all;arwin
2017-07-24 05:15:46	worker	#genkuisinsideout;2017-07-22 - 2017-07-22;submitSocial;all;arwin
2017-07-24 05:15:55	worker	#semangatpagi;2017-07-22 - 2017-07-22;submitSocial;all;arwin
2017-07-24 05:16:04	worker	#dikamar;2017-07-22 - 2017-07-22;submitSocial;all;arwin
2017-07-24 05:16:14	worker	#kopaja;2017-07-22 - 2017-07-22;submitSocial;all;arwin
2017-07-24 05:16:23	worker	#generaksi8;2017-07-22 - 2017-07-22;submitSocial;all;arwin
2017-07-24 05:16:32	worker	#hitztsp;2017-07-22 - 2017-07-22;submitSocial;all;arwin
2017-07-24 05:16:42	worker	#np;2017-07-22 - 2017-07-22;submitSocial;all;arwin
2017-07-24 05:16:51	worker	#hitzlivestage;2017-07-22 - 2017-07-22;submitSocial;all;arwin
2017-07-24 05:17:01	worker	#thefreaks;2017-07-22 - 2017-07-22;submitSocial;all;arwin
2017-07-24 05:17:10	worker	#hitzsirkuspagi;2017-07-22 - 2017-07-22;submitSocial;all;arwin
2017-07-24 05:17:20	worker	#hitzathlon;2017-07-22 - 2017-07-22;submitSocial;all;arwin
2017-07-24 05:17:30	worker	#hitzzombie;2017-07-22 - 2017-07-22;submitSocial;all;arwin
2017-07-24 05:17:39	worker	#hitzkalong;2017-07-22 - 2017-07-22;submitSocial;all;arwin
2017-07-24 05:17:48	worker	#hitzbebas;2017-07-22 - 2017-07-22;submitSocial;all;arwin
2017-07-24 05:17:57	worker	#hitzhorehara;2017-07-22 - 2017-07-22;submitSocial;all;arwin
2017-07-24 05:18:07	worker	@ZaloraID;2017-07-22 - 2017-07-22;submitSocial;all;arwin
2017-07-24 05:18:16	worker	@OLX_Indonesia;2017-07-22 - 2017-07-22;submitSocial;all;arwin
2017-07-24 05:18:25	worker	@LazadaID;2017-07-22 - 2017-07-22;submitSocial;all;arwin
2017-07-24 05:18:35	worker	@utrippers;2017-07-22 - 2017-07-22;submitSocial;all;arwin
2017-07-24 05:18:44	worker	@GoGobot;2017-07-22 - 2017-07-22;submitSocial;all;arwin
2017-07-24 05:18:54	worker	@viatortravel;2017-07-22 - 2017-07-22;submitSocial;all;arwin
2017-07-24 05:19:03	worker	@alandakariza;2017-07-22 - 2017-07-22;submitSocial;all;arwin
2017-07-24 05:19:12	worker	@gagasmedia;2017-07-22 - 2017-07-22;submitSocial;all;arwin
2017-07-24 05:19:22	worker	@welovehonda;2017-07-22 - 2017-07-22;submitSocial;all;arwin
2017-07-24 05:19:32	worker	@SuzukiMotorID;2017-07-22 - 2017-07-22;submitSocial;all;arwin
2017-07-24 05:19:41	worker	@kawasakilovers;2017-07-22 - 2017-07-22;submitSocial;all;arwin
2017-07-24 05:19:50	worker	@yamahaindonesia;2017-07-22 - 2017-07-22;submitSocial;all;arwin
2017-07-24 05:19:59	worker	@tripanzee;2017-07-22 - 2017-07-22;submitSocial;all;arwin
2017-07-24 05:20:10	worker	@arnoldpoernomo;2017-07-22 - 2017-07-22;submitSocial;all;arwin
2017-07-24 05:20:19	worker	@nicsap;2017-07-22 - 2017-07-22;submitSocial;all;arwin
2017-07-24 05:20:29	worker	@tiket2;2017-07-22 - 2017-07-22;submitSocial;all;arwin
2017-07-24 05:20:38	worker	@traveloka;2017-07-22 - 2017-07-22;submitSocial;all;arwin
2017-07-24 05:20:47	worker	@wego;2017-07-22 - 2017-07-22;submitSocial;all;arwin
2017-07-24 05:20:57	worker	@agoda;2017-07-22 - 2017-07-22;submitSocial;all;arwin
2017-07-24 05:21:07	worker	#salahsambung;2017-07-22 - 2017-07-22;submitSocial;all;arwin
2017-07-24 05:21:17	worker	#tulalit;2017-07-22 - 2017-07-22;submitSocial;all;arwin
2017-07-24 05:21:27	worker	#pestageneraksi8;2017-07-22 - 2017-07-22;submitSocial;all;arwin
2017-07-24 05:21:36	worker	#ganaskustik;2017-07-22 - 2017-07-22;submitSocial;all;arwin
2017-07-24 05:21:45	worker	#lnhot20;2017-07-22 - 2017-07-22;submitSocial;all;arwin
2017-07-24 05:21:55	worker	@TripAdvisor;2017-07-22 - 2017-07-22;submitSocial;all;arwin
2017-07-24 05:22:05	worker	@google;2017-07-22 - 2017-07-22;submitSocial;all;arwin
2017-07-24 05:22:17	worker	@Telkomsel;2017-07-22 - 2017-07-22;submitSocial;all;arwin
2017-07-24 05:22:28	worker	@indosat;2017-07-22 - 2017-07-22;submitSocial;all;arwin
2017-07-24 05:22:37	worker	@bahanafmjkt;2017-07-22 - 2017-07-22;submitSocial;all;2017-07-24 05:22:55	worker	@sonorafm92;2017-07-22 - 2017-07-22;submitSocial;all;arwin
2017-07-24 05:23:04	worker	@litefm1058;2017-07-22 - 2017-07-22;submitSocial;all;arwin
2017-07-24 05:23:13	worker	@Bravaradio;2017-07-22 - 2017-07-22;submitSocial;all;arwin
2017-07-24 05:23:23	worker	#dgitm;2017-07-22 - 2017-07-22;submitSocial;all;arwin
2017-07-24 05:23:33	worker	#hitsalaprambors;2017-07-22 - 2017-07-22;submitSocial;all;arwin
2017-07-24 05:23:42	worker	#reqprambors;2017-07-22 - 2017-07-22;submitSocial;all;arwin
2017-07-24 05:23:51	worker	#thedandees;2017-07-22 - 2017-07-22;submitSocial;all;arwin
2017-07-24 05:24:00	worker	#pramborsquiz;2017-07-22 - 2017-07-22;submitSocial;all;arwin
2017-07-24 05:24:09	worker	#jeliprambors;2017-07-22 - 2017-07-22;submitSocial;all;arwin
2017-07-24 05:24:19	worker	#jodohinprambors;2017-07-22 - 2017-07-22;submitSocial;all;arwin
2017-07-24 05:24:28	worker	#ubahdenganbicara;2017-07-22 - 2017-07-22;submitSocial;all;arwin
2017-07-24 05:24:37	worker	#pramborschat;2017-07-22 - 2017-07-22;submitSocial;all;arwin
2017-07-24 05:24:46	worker	#tweetforduit;2017-07-22 - 2017-07-22;submitSocial;all;arwin
2017-07-24 05:24:55	worker	#joki3in1;2017-07-22 - 2017-07-22;submitSocial;all;arwin
2017-07-24 05:25:05	worker	#sarapanseru;2017-07-22 - 2017-07-22;submitSocial;all;arwin
2017-07-24 05:25:15	worker	#rawonkaneloop;2017-07-22 - 2017-07-22;submitSocial;all;arwin
2017-07-24 05:25:25	worker	#gudegkendilkeraton;2017-07-22 - 2017-07-22;submitSocial;all;arwin
2017-07-24 05:25:34	worker	#gadogadobutika;2017-07-22 - 2017-07-22;submitSocial;all;arwin
2017-07-24 05:25:43	worker	#mtvhottest;2017-07-22 - 2017-07-22;submitSocial;all;arwin
2017-07-24 05:25:53	worker	#dimsumcjdw;2017-07-22 - 2017-07-22;submitSocial;all;arwin
2017-07-24 05:26:02	worker	#pecelmadiunmbakniek;2017-07-22 - 2017-07-22;submitSocial;all;arwin
2017-07-24 05:26:11	worker	#depotarema;2017-07-22 - 2017-07-22;submitSocial;all;arwin
2017-07-24 05:26:20	worker	@BNI46;2017-07-22 - 2017-07-22;submitSocial;all;arwin
2017-07-24 05:26:30	worker	@BANKBRI_ID;2017-07-22 - 2017-07-22;submitSocial;all;arwin
2017-07-24 05:26:39	worker	#bni46;2017-07-22 - 2017-07-22;submitSocial;all;arwin
2017-07-24 05:26:48	worker	macet;2017-07-22 - 2017-07-22;submitSocial;all;arwin
2017-07-24 05:26:59	worker	#selamatpagi;2017-07-22 - 2017-07-22;submitSocial;all;arwin
2017-07-24 05:27:08	worker	#selamatmalam;2017-07-22 - 2017-07-22;submitSocial;all;arwin
2017-07-24 05:27:18	worker	@884GlobalRadio;2017-07-22 - 2017-07-22;submitSocial;all;arwin
2017-07-24 05:27:27	worker	@day_trans;2017-07-22 - 2017-07-22;submitSocial;all;arwin
2017-07-24 05:27:37	worker	@kencanavoyage;2017-07-22 - 2017-07-22;submitSocial;all;arwin
2017-07-24 05:27:46	worker	@jukebox5d;2017-07-22 - 2017-07-22;submitSocial;all;arwin
2017-07-24 05:27:55	worker	#mtvhottest;2017-07-22 - 2017-07-22;submitSocial;all;arwin
2017-07-24 05:28:05	worker	#semangatpagi;2017-07-22 - 2017-07-22;submitSocial;all;arwin
2017-07-24 05:28:14	worker	lifebuoy;2017-07-22 - 2017-07-22;submitSocial;all;arwin
2017-07-24 05:28:23	worker	jokowi;2017-07-22 - 2017-07-22;submitSocial;all;arwin
2017-07-24 05:28:37	worker	obama;2017-07-22 - 2017-07-22;submitSocial;all;arwin
2017-07-24 05:28:53	worker	starwars;2017-07-22 - 2017-07-22;submitSocial;all;arwin
2017-07-24 05:29:03	worker	jonan;2017-07-22 - 2017-07-22;submitSocial;all;arwin
2017-07-24 05:29:13	worker	pagi;2017-07-22 - 2017-07-22;submitSocial;all;arwin
2017-07-24 05:29:29	worker	sampoerna;2017-07-22 - 2017-07-22;submitSocial;all;arwin
2017-07-24 05:29:38	worker	djarum;2017-07-22 - 2017-07-22;submitSocial;all;arwin
2017-07-24 05:29:48	worker	#semangatpagi;2017-07-22 - 2017-07-22;submitSocial;all;arwin
2017-07-24 05:29:57	worker	#generaksi8;2017-07-22 - 2017-07-22;submitSocial;all;arwin
2017-07-24 05:30:07	worker	#365alasan;2017-07-22 - 2017-07-22;submitSocial;all;arwin
2017-07-24 05:30:17	worker	weew;2017-07-22 - 2017-07-22;submitSocial;all;arwin
2017-07-24 05:30:27	worker	testing;2017-07-22 - 2017-07-22;submitSocial;all;arwin
2017-07-24 05:30:39	worker	#kopaja;2017-07-22 - 2017-07-22;submitSocial;all;arwin
2017-07-24 05:30:49	worker	#genkuisinsideout;2017-07-22 - 2017-07-22;submitSocial;all;arwin
2017-07-24 05:30:58	worker	starwars;2017-07-22 - 2017-07-22;submitSocial;all;arwin
2017-07-24 05:31:08	worker	#kopaja;2017-07-22 - 2017-07-22;submitSocial;all;arwin
2017-07-24 05:31:18	worker	mldspot;2017-07-22 - 2017-07-22;submitSocial;all;arwin
2017-07-24 05:31:28	worker	PBDjarum;2017-07-22 - 2017-07-22;submitSocial;all;arwin
2017-07-24 05:31:38	worker	TemanNabati;2017-07-22 - 2017-07-22;submitSocial;all;arwin
2017-07-24 05:31:47	worker	Nextar;2017-07-22 - 2017-07-22;submitSocial;all;arwin
2017-07-24 05:31:56	worker	jokowo;2017-07-22 - 2017-07-22;submitSocial;all;arwin
2017-07-24 05:32:07	worker	prabowo;2017-07-22 - 2017-07-22;submitSocial;all;arwin
2017-07-24 05:32:17	worker	sudirman said;2017-07-22 - 2017-07-22;submitSocial;all;arwin
2017-07-24 05:32:26	worker	ahok;2017-07-22 - 2017-07-22;submitSocial;all;arwin
2017-07-24 05:32:37	worker	setyanovanto;2017-07-22 - 2017-07-22;submitSocial;all;arwin
2017-07-24 05:32:47	worker	jokowi;2017-07-22 - 2017-07-22;submitSocial;all;arwin
2017-07-24 05:33:01	worker	ahok;2017-07-22 - 2017-07-22;submitSocial;all;arwin
2017-07-24 05:33:11	worker	prabowo;2017-07-22 - 2017-07-22;submitSocial;all;arwin
2017-07-24 05:33:23	worker	sudirman said;2017-07-22 - 2017-07-22;submitSocial;all;arwin
2017-07-24 05:33:32	worker	setyanovanto;2017-07-22 - 2017-07-22;submitSocial;all;arwin
2017-07-24 05:33:41	worker	galau;2017-07-22 - 2017-07-22;submitSocial;all;arwin
2017-07-24 05:33:51	worker	#prestasiindonesia;2017-07-22 - 2017-07-22;submitSocial;all;arwin
2017-07-24 05:34:00	worker	@Tw_Debi;2017-07-22 - 2017-07-22;submitSocial;all;arwin
2017-07-24 05:34:10	worker	@OfficialFastron;2017-07-22 - 2017-07-22;submitSocial;all;arwin
2017-07-24 05:34:19	worker	@CitibankID;2017-07-22 - 2017-07-22;submitSocial;all;arwin
2017-07-24 05:34:28	worker	@jak101fm;2017-07-22 - 2017-07-22;submitSocial;all;arwin
2017-07-24 05:34:37	worker	@genfm;2017-07-22 - 2017-07-22;submitSocial;all;arwin
