2017-04-07 05:00:03	worker	@987genfm;2017-04-05 - 2017-04-05;submitSocial;all;arwin
2017-04-07 05:00:06	worker	@101jakfm;2017-04-05 - 2017-04-05;submitSocial;all;arwin
2017-04-07 05:00:08	worker	@prambors;2017-04-05 - 2017-04-05;submitSocial;all;arwin
2017-04-07 05:00:11	worker	@hardrockfm;2017-04-05 - 2017-04-05;submitSocial;all;arwin
2017-04-07 05:00:13	worker	@kisfmjakarta;2017-04-05 - 2017-04-05;submitSocial;all;arwin
2017-04-07 05:00:16	worker	@delta_fm;2017-04-05 - 2017-04-05;submitSocial;all;arwin
2017-04-07 05:00:18	worker	@traxfmjkt;2017-04-05 - 2017-04-05;submitSocial;all;arwin
2017-04-07 05:00:20	worker	@iradiojakarta;2017-04-05 - 2017-04-05;submitSocial;all;arwin
2017-04-07 05:00:23	worker	@indika9160fm;2017-04-05 - 2017-04-05;submitSocial;all;arwin
2017-04-07 05:00:25	worker	@shellindonesia;2017-04-05 - 2017-04-05;submitSocial;all;arwin
2017-04-07 05:00:27	worker	@vpowerfans;2017-04-05 - 2017-04-05;submitSocial;all;arwin
2017-04-07 05:00:30	worker	@pertamaxind;2017-04-05 - 2017-04-05;submitSocial;all;arwin
2017-04-07 05:00:32	worker	@ptpertamina;2017-04-05 - 2017-04-05;submitSocial;all;arwin
2017-04-07 05:00:35	worker	@OZRadioJakarta;2017-04-05 - 2017-04-05;submitSocial;all;arwin
2017-04-07 05:00:37	worker	@CosmopolitanFM;2017-04-05 - 2017-04-05;submitSocial;all;arwin
2017-04-07 05:00:39	worker	@mustang88fm;2017-04-05 - 2017-04-05;submitSocial;all;arwin
2017-04-07 05:00:42	worker	@debabaz;2017-04-05 - 2017-04-05;submitSocial;all;arwin
2017-04-07 05:00:44	worker	@detikcom;2017-04-05 - 2017-04-05;submitSocial;all;arwin
2017-04-07 05:00:47	worker	@radioelshinta;2017-04-05 - 2017-04-05;submitSocial;all;arwin
2017-04-07 05:00:50	worker	@cinema21;2017-04-05 - 2017-04-05;submitSocial;all;arwin
2017-04-07 05:00:52	worker	@OfficialRCTI;2017-04-05 - 2017-04-05;submitSocial;all;arwin
2017-04-07 05:00:55	worker	@TRANSTV_CORP;2017-04-05 - 2017-04-05;submitSocial;all;arwin
2017-04-07 05:00:57	worker	@TRANS7;2017-04-05 - 2017-04-05;submitSocial;all;arwin
2017-04-07 05:01:00	worker	@Metro_TV;2017-04-05 - 2017-04-05;submitSocial;all;arwin
2017-04-07 05:01:03	worker	@tvOneNews;2017-04-05 - 2017-04-05;submitSocial;all;arwin
2017-04-07 05:01:06	worker	@whatsonANTV;2017-04-05 - 2017-04-05;submitSocial;all;arwin
2017-04-07 05:01:09	worker	@SCTV_;2017-04-05 - 2017-04-05;submitSocial;all;arwin
2017-04-07 05:01:12	worker	@KompasTV;2017-04-05 - 2017-04-05;submitSocial;all;arwin
2017-04-07 05:01:15	worker	@netmediatama;2017-04-05 - 2017-04-05;submitSocial;all;arwin
2017-04-07 05:01:18	worker	@Globaltvseru;2017-04-05 - 2017-04-05;submitSocial;all;arwin
2017-04-07 05:01:20	worker	@JaktvCom;2017-04-05 - 2017-04-05;submitSocial;all;arwin
2017-04-07 05:01:23	worker	@TVRINasional;2017-04-05 - 2017-04-05;submitSocial;all;arwin
2017-04-07 05:01:25	worker	@ochannelupdates;2017-04-05 - 2017-04-05;submitSocial;all;arwin
2017-04-07 05:01:27	worker	@IndosiarID;2017-04-05 - 2017-04-05;submitSocial;all;arwin
2017-04-07 05:01:30	worker	@kompascom;2017-04-05 - 2017-04-05;submitSocial;all;arwin
2017-04-07 05:01:34	worker	@merdekadotcom;2017-04-05 - 2017-04-05;submitSocial;all;arwin
2017-04-07 05:01:36	worker	@MIdotcom;2017-04-05 - 2017-04-05;submitSocial;all;arwin
2017-04-07 05:01:38	worker	@tempodotco;2017-04-05 - 2017-04-05;submitSocial;all;arwin
2017-04-07 05:01:41	worker	@motion975fm;2017-04-05 - 2017-04-05;submitSocial;all;arwin
2017-04-07 05:01:43	worker	@_radiotoday;2017-04-05 - 2017-04-05;submitSocial;all;arwin
2017-04-07 05:01:46	worker	@radioinfo;2017-04-05 - 2017-04-05;submitSocial;all;arwin
2017-04-07 05:01:48	worker	@979FeMaleRadio;2017-04-05 - 2017-04-05;submitSocial;all;arwin
2017-04-07 05:01:50	worker	@WomanRadio943FM;2017-04-05 - 2017-04-05;submitSocial;all;arwin
2017-04-07 05:01:52	worker	@VRadioFM;2017-04-05 - 2017-04-05;submitSocial;all;arwin
2017-04-07 05:01:55	worker	@UFM947;2017-04-05 - 2017-04-05;submitSocial;all;arwin
2017-04-07 05:01:57	worker	@VIVAnews;2017-04-05 - 2017-04-05;submitSocial;all;arwin
2017-04-07 05:01:59	worker	@antaranews;2017-04-05 - 2017-04-05;submitSocial;all;arwin
2017-04-07 05:02:02	worker	@tribunnews;2017-04-05 - 2017-04-05;submitSocial;all;arwin
2017-04-07 05:02:04	worker	@okezonenews;2017-04-05 - 2017-04-05;submitSocial;all;arwin
2017-04-07 05:02:07	worker	@Beritasatu;2017-04-05 - 2017-04-05;submitSocial;all;arwin
2017-04-07 05:02:10	worker	@rollingstoneina;2017-04-05 - 2017-04-05;submitSocial;all;arwin
2017-04-07 05:02:12	worker	@FIMELAdotcom;2017-04-05 - 2017-04-05;submitSocial;all;arwin
2017-04-07 05:02:14	worker	@KapanLagicom;2017-04-05 - 2017-04-05;submitSocial;all;arwin
2017-04-07 05:02:16	worker	@KompasEnt ;2017-04-05 - 2017-04-05;submitSocial;all;arwin
2017-04-07 05:02:19	worker	@HaiMagazine;2017-04-05 - 2017-04-05;submitSocial;all;arwin
2017-04-07 05:02:21	worker	@JakartaVenue;2017-04-05 - 2017-04-05;submitSocial;all;arwin
2017-04-07 05:02:23	worker	@SeputarEvent;2017-04-05 - 2017-04-05;submitSocial;all;arwin
2017-04-07 05:02:25	worker	@ismayaLive;2017-04-05 - 2017-04-05;submitSocial;all;arwin
2017-04-07 05:02:27	worker	@ECEntertainment;2017-04-05 - 2017-04-05;submitSocial;all;arwin
2017-04-07 05:02:29	worker	@synergism_En;2017-04-05 - 2017-04-05;submitSocial;all;arwin
2017-04-07 05:02:32	worker	@Urbanbandung;2017-04-05 - 2017-04-05;submitSocial;all;arwin
2017-04-07 05:02:34	worker	@Urbanrkm995;2017-04-05 - 2017-04-05;submitSocial;all;arwin
2017-04-07 05:02:35	worker	@Garuda_Promo;2017-04-05 - 2017-04-05;submitSocial;all;arwin
2017-04-07 05:02:38	worker	@AirAsiaID;2017-04-05 - 2017-04-05;submitSocial;all;arwin
2017-04-07 05:02:40	worker	@KAI121;2017-04-05 - 2017-04-05;submitSocial;all;arwin
2017-04-07 05:02:42	worker	@Unilever;2017-04-05 - 2017-04-05;submitSocial;all;arwin
2017-04-07 05:02:45	worker	@Nestle;2017-04-05 - 2017-04-05;submitSocial;all;arwin
2017-04-07 05:02:48	worker	@CocaCola;2017-04-05 - 2017-04-05;submitSocial;all;arwin
2017-04-07 05:02:54	worker	@CNN;2017-04-05 - 2017-04-05;submitSocial;all;arwin
2017-04-07 05:03:02	worker	@MTV;2017-04-05 - 2017-04-05;submitSocial;all;arwin
2017-04-07 05:03:05	worker	@channelv;2017-04-05 - 2017-04-05;submitSocial;all;arwin
2017-04-07 05:03:07	worker	@iTunesMusic;2017-04-05 - 2017-04-05;submitSocial;all;arwin
2017-04-07 05:03:10	worker	@mashable;2017-04-05 - 2017-04-05;submitSocial;all;arwin
2017-04-07 05:03:15	worker	@decacaz;2017-04-05 - 2017-04-05;submitSocial;all;arwin
2017-04-07 05:03:18	worker	@radiobaru967FM;2017-04-05 - 2017-04-05;submitSocial;all;arwin
2017-04-07 05:03:20	worker	@967HitzFM;2017-04-05 - 2017-04-05;submitSocial;all;arwin
2017-04-07 05:03:22	worker	@TVGuide;2017-04-05 - 2017-04-05;submitSocial;all;arwin
2017-04-07 05:03:25	worker	@XL123;2017-04-05 - 2017-04-05;submitSocial;all;arwin
2017-04-07 05:03:27	worker	@triindonesia;2017-04-05 - 2017-04-05;submitSocial;all;arwin
2017-04-07 05:03:29	worker	@kaskus;2017-04-05 - 2017-04-05;submitSocial;all;arwin
2017-04-07 05:03:32	worker	@Studio_XXI;2017-04-05 - 2017-04-05;submitSocial;all;arwin
2017-04-07 05:03:34	worker	@blitzmegaplex;2017-04-05 - 2017-04-05;submitSocial;all;arwin
2017-04-07 05:03:36	worker	@alfamartku;2017-04-05 - 2017-04-05;submitSocial;all;arwin
2017-04-07 05:03:38	worker	@Carrefour_ID;2017-04-05 - 2017-04-05;submitSocial;all;arwin
2017-04-07 05:03:41	worker	@BBCBreaking;2017-04-05 - 2017-04-05;submitSocial;all;arwin
2017-04-07 05:03:46	worker	@Forbes;2017-04-05 - 2017-04-05;submitSocial;all;arwin
2017-04-07 05:03:54	worker	@BensRadio;2017-04-05 - 2017-04-05;submitSocial;all;arwin
2017-04-07 05:03:57	worker	@instagram;2017-04-05 - 2017-04-05;submitSocial;all;arwin
2017-04-07 05:04:02	worker	@Pinterest;2017-04-05 - 2017-04-05;submitSocial;all;arwin
2017-04-07 05:04:06	worker	@google;2017-04-05 - 2017-04-05;submitSocial;all;arwin
2017-04-07 05:04:12	worker	@Pertaminalub;2017-04-05 - 2017-04-05;submitSocial;all;arwin
2017-04-07 05:04:14	worker	@InfoLalinTol;2017-04-05 - 2017-04-05;submitSocial;all;arwin
2017-04-07 05:04:16	worker	@PTJASAMARGA;2017-04-05 - 2017-04-05;submitSocial;all;arwin
2017-04-07 05:04:18	worker	@cititransindo;2017-04-05 - 2017-04-05;submitSocial;all;arwin
2017-04-07 05:04:20	worker	#semangatpagisuperr;2017-04-05 - 2017-04-05;submitSocial;all;arwin
2017-04-07 05:04:22	worker	#genkuisinsideout;2017-04-05 - 2017-04-05;submitSocial;all;arwin
2017-04-07 05:04:24	worker	#semangatpagi;2017-04-05 - 2017-04-05;submitSocial;all;arwin
2017-04-07 05:04:26	worker	#dikamar;2017-04-05 - 2017-04-05;submitSocial;all;arwin
2017-04-07 05:04:29	worker	#kopaja;2017-04-05 - 2017-04-05;submitSocial;all;arwin
2017-04-07 05:04:31	worker	#generaksi8;2017-04-05 - 2017-04-05;submitSocial;all;arwin
2017-04-07 05:04:33	worker	#hitztsp;2017-04-05 - 2017-04-05;submitSocial;all;arwin
2017-04-07 05:04:35	worker	#np;2017-04-05 - 2017-04-05;submitSocial;all;arwin
2017-04-07 05:04:38	worker	#hitzlivestage;2017-04-05 - 2017-04-05;submitSocial;all;arwin
2017-04-07 05:04:40	worker	#thefreaks;2017-04-05 - 2017-04-05;submitSocial;all;arwin
2017-04-07 05:04:43	worker	#hitzsirkuspagi;2017-04-05 - 2017-04-05;submitSocial;all;arwin
2017-04-07 05:04:45	worker	#hitzathlon;2017-04-05 - 2017-04-05;submitSocial;all;arwin
2017-04-07 05:04:47	worker	#hitzzombie;2017-04-05 - 2017-04-05;submitSocial;all;arwin
2017-04-07 05:04:49	worker	#hitzkalong;2017-04-05 - 2017-04-05;submitSocial;all;arwin
2017-04-07 05:04:51	worker	#hitzbebas;2017-04-05 - 2017-04-05;submitSocial;all;arwin
2017-04-07 05:04:53	worker	#hitzhorehara;2017-04-05 - 2017-04-05;submitSocial;all;arwin
2017-04-07 05:04:56	worker	@ZaloraID;2017-04-05 - 2017-04-05;submitSocial;all;arwin
2017-04-07 05:04:58	worker	@OLX_Indonesia;2017-04-05 - 2017-04-05;submitSocial;all;arwin
2017-04-07 05:05:00	worker	@LazadaID;2017-04-05 - 2017-04-05;submitSocial;all;arwin
2017-04-07 05:05:03	worker	@utrippers;2017-04-05 - 2017-04-05;submitSocial;all;arwin
2017-04-07 05:05:05	worker	@GoGobot;2017-04-05 - 2017-04-05;submitSocial;all;arwin
2017-04-07 05:05:08	worker	@viatortravel;2017-04-05 - 2017-04-05;submitSocial;all;arwin
2017-04-07 05:05:10	worker	@alandakariza;2017-04-05 - 2017-04-05;submitSocial;all;arwin
2017-04-07 05:05:12	worker	@gagasmedia;2017-04-05 - 2017-04-05;submitSocial;all;arwin
2017-04-07 05:05:14	worker	@welovehonda;2017-04-05 - 2017-04-05;submitSocial;all;arwin
2017-04-07 05:05:17	worker	@SuzukiMotorID;2017-04-05 - 2017-04-05;submitSocial;all;arwin
2017-04-07 05:05:19	worker	@kawasakilovers;2017-04-05 - 2017-04-05;submitSocial;all;arwin
2017-04-07 05:05:21	worker	@yamahaindonesia;2017-04-05 - 2017-04-05;submitSocial;all;arwin
2017-04-07 05:05:24	worker	@tripanzee;2017-04-05 - 2017-04-05;submitSocial;all;arwin
2017-04-07 05:05:26	worker	@arnoldpoernomo;2017-04-05 - 2017-04-05;submitSocial;all;arwin
2017-04-07 05:05:28	worker	@nicsap;2017-04-05 - 2017-04-05;submitSocial;all;arwin
2017-04-07 05:05:31	worker	@tiket2;2017-04-05 - 2017-04-05;submitSocial;all;arwin
2017-04-07 05:05:32	worker	@traveloka;2017-04-05 - 2017-04-05;submitSocial;all;arwin
2017-04-07 05:05:35	worker	@wego;2017-04-05 - 2017-04-05;submitSocial;all;arwin
2017-04-07 05:05:38	worker	@agoda;2017-04-05 - 2017-04-05;submitSocial;all;arwin
2017-04-07 05:05:41	worker	#salahsambung;2017-04-05 - 2017-04-05;submitSocial;all;arwin
2017-04-07 05:05:43	worker	#tulalit;2017-04-05 - 2017-04-05;submitSocial;all;arwin
2017-04-07 05:05:46	worker	#pestageneraksi8;2017-04-05 - 2017-04-05;submitSocial;all;arwin
2017-04-07 05:05:47	worker	#ganaskustik;2017-04-05 - 2017-04-05;submitSocial;all;arwin
2017-04-07 05:05:50	worker	#lnhot20;2017-04-05 - 2017-04-05;submitSocial;all;arwin
2017-04-07 05:05:51	worker	@TripAdvisor;2017-04-05 - 2017-04-05;submitSocial;all;arwin
2017-04-07 05:05:54	worker	@google;2017-04-05 - 2017-04-05;submitSocial;all;arwin
2017-04-07 05:06:00	worker	@Telkomsel;2017-04-05 - 2017-04-05;submitSocial;all;arwin
2017-04-07 05:06:03	worker	@indosat;2017-04-05 - 2017-04-05;submitSocial;all;arwin
2017-04-07 05:06:06	worker	@bahanafmjkt;2017-04-05 - 2017-04-05;submitSocial;all;2017-04-07 05:06:11	worker	@sonorafm92;2017-04-05 - 2017-04-05;submitSocial;all;arwin
2017-04-07 05:06:13	worker	@litefm1058;2017-04-05 - 2017-04-05;submitSocial;all;arwin
2017-04-07 05:06:14	worker	@Bravaradio;2017-04-05 - 2017-04-05;submitSocial;all;arwin
2017-04-07 05:06:17	worker	#dgitm;2017-04-05 - 2017-04-05;submitSocial;all;arwin
2017-04-07 05:06:19	worker	#hitsalaprambors;2017-04-05 - 2017-04-05;submitSocial;all;arwin
2017-04-07 05:06:22	worker	#reqprambors;2017-04-05 - 2017-04-05;submitSocial;all;arwin
2017-04-07 05:06:24	worker	#thedandees;2017-04-05 - 2017-04-05;submitSocial;all;arwin
2017-04-07 05:06:26	worker	#pramborsquiz;2017-04-05 - 2017-04-05;submitSocial;all;arwin
2017-04-07 05:06:28	worker	#jeliprambors;2017-04-05 - 2017-04-05;submitSocial;all;arwin
2017-04-07 05:06:30	worker	#jodohinprambors;2017-04-05 - 2017-04-05;submitSocial;all;arwin
2017-04-07 05:06:32	worker	#ubahdenganbicara;2017-04-05 - 2017-04-05;submitSocial;all;arwin
2017-04-07 05:06:34	worker	#pramborschat;2017-04-05 - 2017-04-05;submitSocial;all;arwin
2017-04-07 05:06:36	worker	#tweetforduit;2017-04-05 - 2017-04-05;submitSocial;all;arwin
2017-04-07 05:06:38	worker	#joki3in1;2017-04-05 - 2017-04-05;submitSocial;all;arwin
2017-04-07 05:06:40	worker	#sarapanseru;2017-04-05 - 2017-04-05;submitSocial;all;arwin
2017-04-07 05:06:42	worker	#rawonkaneloop;2017-04-05 - 2017-04-05;submitSocial;all;arwin
2017-04-07 05:06:44	worker	#gudegkendilkeraton;2017-04-05 - 2017-04-05;submitSocial;all;arwin
2017-04-07 05:06:46	worker	#gadogadobutika;2017-04-05 - 2017-04-05;submitSocial;all;arwin
2017-04-07 05:06:48	worker	#mtvhottest;2017-04-05 - 2017-04-05;submitSocial;all;arwin
2017-04-07 05:06:51	worker	#dimsumcjdw;2017-04-05 - 2017-04-05;submitSocial;all;arwin
2017-04-07 05:06:53	worker	#pecelmadiunmbakniek;2017-04-05 - 2017-04-05;submitSocial;all;arwin
2017-04-07 05:06:55	worker	#depotarema;2017-04-05 - 2017-04-05;submitSocial;all;arwin
2017-04-07 05:06:57	worker	@BNI46;2017-04-05 - 2017-04-05;submitSocial;all;arwin
2017-04-07 05:06:59	worker	@BANKBRI_ID;2017-04-05 - 2017-04-05;submitSocial;all;arwin
2017-04-07 05:07:01	worker	#bni46;2017-04-05 - 2017-04-05;submitSocial;all;arwin
2017-04-07 05:07:04	worker	macet;2017-04-05 - 2017-04-05;submitSocial;all;arwin
2017-04-07 05:07:08	worker	#selamatpagi;2017-04-05 - 2017-04-05;submitSocial;all;arwin
2017-04-07 05:07:10	worker	#selamatmalam;2017-04-05 - 2017-04-05;submitSocial;all;arwin
2017-04-07 05:07:12	worker	@884GlobalRadio;2017-04-05 - 2017-04-05;submitSocial;all;arwin
2017-04-07 05:07:14	worker	@day_trans;2017-04-05 - 2017-04-05;submitSocial;all;arwin
2017-04-07 05:07:17	worker	@kencanavoyage;2017-04-05 - 2017-04-05;submitSocial;all;arwin
2017-04-07 05:07:19	worker	@jukebox5d;2017-04-05 - 2017-04-05;submitSocial;all;arwin
2017-04-07 05:07:21	worker	#mtvhottest;2017-04-05 - 2017-04-05;submitSocial;all;arwin
2017-04-07 05:07:23	worker	#semangatpagi;2017-04-05 - 2017-04-05;submitSocial;all;arwin
2017-04-07 05:07:25	worker	lifebuoy;2017-04-05 - 2017-04-05;submitSocial;all;arwin
2017-04-07 05:07:28	worker	jokowi;2017-04-05 - 2017-04-05;submitSocial;all;arwin
2017-04-07 05:07:33	worker	obama;2017-04-05 - 2017-04-05;submitSocial;all;arwin
2017-04-07 05:07:43	worker	starwars;2017-04-05 - 2017-04-05;submitSocial;all;arwin
2017-04-07 05:07:46	worker	jonan;2017-04-05 - 2017-04-05;submitSocial;all;arwin
2017-04-07 05:07:49	worker	pagi;2017-04-05 - 2017-04-05;submitSocial;all;arwin
2017-04-07 05:07:58	worker	sampoerna;2017-04-05 - 2017-04-05;submitSocial;all;arwin
2017-04-07 05:08:00	worker	djarum;2017-04-05 - 2017-04-05;submitSocial;all;arwin
2017-04-07 05:08:03	worker	#semangatpagi;2017-04-05 - 2017-04-05;submitSocial;all;arwin
2017-04-07 05:08:05	worker	#generaksi8;2017-04-05 - 2017-04-05;submitSocial;all;arwin
2017-04-07 05:08:07	worker	#365alasan;2017-04-05 - 2017-04-05;submitSocial;all;arwin
2017-04-07 05:08:09	worker	weew;2017-04-05 - 2017-04-05;submitSocial;all;arwin
2017-04-07 05:08:12	worker	testing;2017-04-05 - 2017-04-05;submitSocial;all;arwin
2017-04-07 05:08:19	worker	#kopaja;2017-04-05 - 2017-04-05;submitSocial;all;arwin
2017-04-07 05:08:21	worker	#genkuisinsideout;2017-04-05 - 2017-04-05;submitSocial;all;arwin
2017-04-07 05:08:23	worker	starwars;2017-04-05 - 2017-04-05;submitSocial;all;arwin
2017-04-07 05:08:26	worker	#kopaja;2017-04-05 - 2017-04-05;submitSocial;all;arwin
2017-04-07 05:08:28	worker	mldspot;2017-04-05 - 2017-04-05;submitSocial;all;arwin
2017-04-07 05:08:31	worker	PBDjarum;2017-04-05 - 2017-04-05;submitSocial;all;arwin
2017-04-07 05:08:33	worker	TemanNabati;2017-04-05 - 2017-04-05;submitSocial;all;arwin
2017-04-07 05:08:35	worker	Nextar;2017-04-05 - 2017-04-05;submitSocial;all;arwin
2017-04-07 05:08:38	worker	jokowo;2017-04-05 - 2017-04-05;submitSocial;all;arwin
2017-04-07 05:08:41	worker	prabowo;2017-04-05 - 2017-04-05;submitSocial;all;arwin
2017-04-07 05:08:44	worker	sudirman said;2017-04-05 - 2017-04-05;submitSocial;all;arwin
2017-04-07 05:08:46	worker	ahok;2017-04-05 - 2017-04-05;submitSocial;all;arwin
2017-04-07 05:08:52	worker	setyanovanto;2017-04-05 - 2017-04-05;submitSocial;all;arwin
2017-04-07 05:08:54	worker	jokowi;2017-04-05 - 2017-04-05;submitSocial;all;arwin
2017-04-07 05:09:00	worker	ahok;2017-04-05 - 2017-04-05;submitSocial;all;arwin
2017-04-07 05:09:07	worker	prabowo;2017-04-05 - 2017-04-05;submitSocial;all;arwin
2017-04-07 05:09:09	worker	sudirman said;2017-04-05 - 2017-04-05;submitSocial;all;arwin
2017-04-07 05:09:12	worker	setyanovanto;2017-04-05 - 2017-04-05;submitSocial;all;arwin
2017-04-07 05:09:14	worker	galau;2017-04-05 - 2017-04-05;submitSocial;all;arwin
2017-04-07 05:09:17	worker	#prestasiindonesia;2017-04-05 - 2017-04-05;submitSocial;all;arwin
2017-04-07 05:09:19	worker	@Tw_Debi;2017-04-05 - 2017-04-05;submitSocial;all;arwin
2017-04-07 05:09:22	worker	@OfficialFastron;2017-04-05 - 2017-04-05;submitSocial;all;arwin
2017-04-07 05:09:24	worker	@CitibankID;2017-04-05 - 2017-04-05;submitSocial;all;arwin
2017-04-07 05:09:26	worker	@jak101fm;2017-04-05 - 2017-04-05;submitSocial;all;arwin
2017-04-07 05:09:28	worker	@genfm;2017-04-05 - 2017-04-05;submitSocial;all;arwin
