2017-08-27 05:00:08	[{"keyword":"@987genfm","from":"2017-08-25","mode":"submitSocial","container":"all","username":"arwin"}]
2017-08-27 05:00:11	[{"keyword":"@101jakfm","from":"2017-08-25","mode":"submitSocial","container":"all","username":"arwin"}]
2017-08-27 05:00:14	[{"keyword":"@prambors","from":"2017-08-25","mode":"submitSocial","container":"all","username":"arwin"}]
2017-08-27 05:00:17	[{"keyword":"@hardrockfm","from":"2017-08-25","mode":"submitSocial","container":"all","username":"arwin"}]
2017-08-27 05:00:20	[{"keyword":"@kisfmjakarta","from":"2017-08-25","mode":"submitSocial","container":"all","username":"arwin"}]
2017-08-27 05:00:23	[{"keyword":"@delta_fm","from":"2017-08-25","mode":"submitSocial","container":"all","username":"arwin"}]
2017-08-27 05:00:25	[{"keyword":"@traxfmjkt","from":"2017-08-25","mode":"submitSocial","container":"all","username":"arwin"}]
2017-08-27 05:00:28	[{"keyword":"@iradiojakarta","from":"2017-08-25","mode":"submitSocial","container":"all","username":"arwin"}]
2017-08-27 05:00:31	[{"keyword":"@indika9160fm","from":"2017-08-25","mode":"submitSocial","container":"all","username":"arwin"}]
2017-08-27 05:00:33	[{"keyword":"@shellindonesia","from":"2017-08-25","mode":"submitSocial","container":"all","username":"arwin"}]
2017-08-27 05:00:36	[{"keyword":"@vpowerfans","from":"2017-08-25","mode":"submitSocial","container":"all","username":"arwin"}]
2017-08-27 05:00:38	[{"keyword":"@pertamaxind","from":"2017-08-25","mode":"submitSocial","container":"all","username":"arwin"}]
2017-08-27 05:00:41	[{"keyword":"@ptpertamina","from":"2017-08-25","mode":"submitSocial","container":"all","username":"arwin"}]
2017-08-27 05:00:45	[{"keyword":"@ozradiojakarta","from":"2017-08-25","mode":"submitSocial","container":"all","username":"arwin"}]
2017-08-27 05:00:47	[{"keyword":"@cosmopolitanfm","from":"2017-08-25","mode":"submitSocial","container":"all","username":"arwin"}]
2017-08-27 05:00:50	[{"keyword":"@mustang88fm","from":"2017-08-25","mode":"submitSocial","container":"all","username":"arwin"}]
2017-08-27 05:00:52	[{"keyword":"@debabaz","from":"2017-08-25","mode":"submitSocial","container":"all","username":"arwin"}]
2017-08-27 05:00:57	[{"keyword":"@detikcom","from":"2017-08-25","mode":"submitSocial","container":"all","username":"arwin"}]
2017-08-27 05:01:01	[{"keyword":"@radioelshinta","from":"2017-08-25","mode":"submitSocial","container":"all","username":"arwin"}]
2017-08-27 05:01:03	[{"keyword":"@cinema21","from":"2017-08-25","mode":"submitSocial","container":"all","username":"arwin"}]
2017-08-27 05:01:06	[{"keyword":"@officialrcti","from":"2017-08-25","mode":"submitSocial","container":"all","username":"arwin"}]
2017-08-27 05:01:10	[{"keyword":"@transtv_corp","from":"2017-08-25","mode":"submitSocial","container":"all","username":"arwin"}]
2017-08-27 05:01:12	[{"keyword":"@trans7","from":"2017-08-25","mode":"submitSocial","container":"all","username":"arwin"}]
2017-08-27 05:01:16	[{"keyword":"@metro_tv","from":"2017-08-25","mode":"submitSocial","container":"all","username":"arwin"}]
2017-08-27 05:01:19	[{"keyword":"@tvonenews","from":"2017-08-25","mode":"submitSocial","container":"all","username":"arwin"}]
2017-08-27 05:01:22	[{"keyword":"@whatsonantv","from":"2017-08-25","mode":"submitSocial","container":"all","username":"arwin"}]
2017-08-27 05:01:26	[{"keyword":"@sctv_","from":"2017-08-25","mode":"submitSocial","container":"all","username":"arwin"}]
2017-08-27 05:01:29	[{"keyword":"@kompastv","from":"2017-08-25","mode":"submitSocial","container":"all","username":"arwin"}]
2017-08-27 05:01:33	[{"keyword":"@netmediatama","from":"2017-08-25","mode":"submitSocial","container":"all","username":"arwin"}]
2017-08-27 05:01:36	[{"keyword":"@globaltvseru","from":"2017-08-25","mode":"submitSocial","container":"all","username":"arwin"}]
2017-08-27 05:01:38	[{"keyword":"@jaktvcom","from":"2017-08-25","mode":"submitSocial","container":"all","username":"arwin"}]
2017-08-27 05:01:41	[{"keyword":"@tvrinasional","from":"2017-08-25","mode":"submitSocial","container":"all","username":"arwin"}]
2017-08-27 05:01:43	[{"keyword":"@ochannelupdates","from":"2017-08-25","mode":"submitSocial","container":"all","username":"arwin"}]
2017-08-27 05:01:46	[{"keyword":"@indosiarid","from":"2017-08-25","mode":"submitSocial","container":"all","username":"arwin"}]
2017-08-27 05:01:51	[{"keyword":"@kompascom","from":"2017-08-25","mode":"submitSocial","container":"all","username":"arwin"}]
2017-08-27 05:01:53	[{"keyword":"@merdekadotcom","from":"2017-08-25","mode":"submitSocial","container":"all","username":"arwin"}]
2017-08-27 05:01:56	[{"keyword":"@midotcom","from":"2017-08-25","mode":"submitSocial","container":"all","username":"arwin"}]
2017-08-27 05:01:59	[{"keyword":"@tempodotco","from":"2017-08-25","mode":"submitSocial","container":"all","username":"arwin"}]
2017-08-27 05:02:01	[{"keyword":"@motion975fm","from":"2017-08-25","mode":"submitSocial","container":"all","username":"arwin"}]
2017-08-27 05:02:04	[{"keyword":"@_radiotoday","from":"2017-08-25","mode":"submitSocial","container":"all","username":"arwin"}]
2017-08-27 05:02:06	[{"keyword":"@radioinfo","from":"2017-08-25","mode":"submitSocial","container":"all","username":"arwin"}]
2017-08-27 05:02:09	[{"keyword":"@979femaleradio","from":"2017-08-25","mode":"submitSocial","container":"all","username":"arwin"}]
2017-08-27 05:02:11	[{"keyword":"@womanradio943fm","from":"2017-08-25","mode":"submitSocial","container":"all","username":"arwin"}]
2017-08-27 05:02:13	[{"keyword":"@vradiofm","from":"2017-08-25","mode":"submitSocial","container":"all","username":"arwin"}]
2017-08-27 05:02:16	[{"keyword":"@ufm947","from":"2017-08-25","mode":"submitSocial","container":"all","username":"arwin"}]
2017-08-27 05:02:18	[{"keyword":"@vivanews","from":"2017-08-25","mode":"submitSocial","container":"all","username":"arwin"}]
2017-08-27 05:02:21	[{"keyword":"@antaranews","from":"2017-08-25","mode":"submitSocial","container":"all","username":"arwin"}]
2017-08-27 05:02:24	[{"keyword":"@tribunnews","from":"2017-08-25","mode":"submitSocial","container":"all","username":"arwin"}]
2017-08-27 05:02:27	[{"keyword":"@okezonenews","from":"2017-08-25","mode":"submitSocial","container":"all","username":"arwin"}]
2017-08-27 05:02:29	[{"keyword":"@beritasatu","from":"2017-08-25","mode":"submitSocial","container":"all","username":"arwin"}]
2017-08-27 05:02:32	[{"keyword":"@rollingstoneina","from":"2017-08-25","mode":"submitSocial","container":"all","username":"arwin"}]
2017-08-27 05:02:34	[{"keyword":"@fimeladotcom","from":"2017-08-25","mode":"submitSocial","container":"all","username":"arwin"}]
2017-08-27 05:02:37	[{"keyword":"@kapanlagicom","from":"2017-08-25","mode":"submitSocial","container":"all","username":"arwin"}]
2017-08-27 05:02:40	[{"keyword":"@kompasent","from":"2017-08-25","mode":"submitSocial","container":"all","username":"arwin"}]
2017-08-27 05:02:42	[{"keyword":"@haimagazine","from":"2017-08-25","mode":"submitSocial","container":"all","username":"arwin"}]
2017-08-27 05:02:45	[{"keyword":"@jakartavenue","from":"2017-08-25","mode":"submitSocial","container":"all","username":"arwin"}]
2017-08-27 05:02:48	[{"keyword":"@seputarevent","from":"2017-08-25","mode":"submitSocial","container":"all","username":"arwin"}]
2017-08-27 05:02:50	[{"keyword":"@ismayalive","from":"2017-08-25","mode":"submitSocial","container":"all","username":"arwin"}]
2017-08-27 05:02:53	[{"keyword":"@ecentertainment","from":"2017-08-25","mode":"submitSocial","container":"all","username":"arwin"}]
2017-08-27 05:02:55	[{"keyword":"@synergism_en","from":"2017-08-25","mode":"submitSocial","container":"all","username":"arwin"}]
2017-08-27 05:02:58	[{"keyword":"@urbanbandung","from":"2017-08-25","mode":"submitSocial","container":"all","username":"arwin"}]
2017-08-27 05:03:00	[{"keyword":"@urbanrkm995","from":"2017-08-25","mode":"submitSocial","container":"all","username":"arwin"}]
2017-08-27 05:03:03	[{"keyword":"@garuda_promo","from":"2017-08-25","mode":"submitSocial","container":"all","username":"arwin"}]
2017-08-27 05:03:06	[{"keyword":"@airasiaid","from":"2017-08-25","mode":"submitSocial","container":"all","username":"arwin"}]
2017-08-27 05:03:09	[{"keyword":"@kai121","from":"2017-08-25","mode":"submitSocial","container":"all","username":"arwin"}]
2017-08-27 05:03:12	[{"keyword":"@unilever","from":"2017-08-25","mode":"submitSocial","container":"all","username":"arwin"}]
2017-08-27 05:03:15	[{"keyword":"@nestle","from":"2017-08-25","mode":"submitSocial","container":"all","username":"arwin"}]
2017-08-27 05:03:18	[{"keyword":"@cocacola","from":"2017-08-25","mode":"submitSocial","container":"all","username":"arwin"}]
2017-08-27 05:03:26	[{"keyword":"@cnn","from":"2017-08-25","mode":"submitSocial","container":"all","username":"arwin"}]
2017-08-27 05:03:30	[{"keyword":"@mtv","from":"2017-08-25","mode":"submitSocial","container":"all","username":"arwin"}]
2017-08-27 05:03:32	[{"keyword":"@channelv","from":"2017-08-25","mode":"submitSocial","container":"all","username":"arwin"}]
2017-08-27 05:03:35	[{"keyword":"@itunesmusic","from":"2017-08-25","mode":"submitSocial","container":"all","username":"arwin"}]
2017-08-27 05:03:39	[{"keyword":"@mashable","from":"2017-08-25","mode":"submitSocial","container":"all","username":"arwin"}]
2017-08-27 05:03:42	[{"keyword":"@decacaz","from":"2017-08-25","mode":"submitSocial","container":"all","username":"arwin"}]
2017-08-27 05:03:44	[{"keyword":"@radiobaru967fm","from":"2017-08-25","mode":"submitSocial","container":"all","username":"arwin"}]
2017-08-27 05:03:46	[{"keyword":"@967hitzfm","from":"2017-08-25","mode":"submitSocial","container":"all","username":"arwin"}]
2017-08-27 05:03:49	[{"keyword":"@tvguide","from":"2017-08-25","mode":"submitSocial","container":"all","username":"arwin"}]
2017-08-27 05:03:52	[{"keyword":"@xl123","from":"2017-08-25","mode":"submitSocial","container":"all","username":"arwin"}]
2017-08-27 05:03:55	[{"keyword":"@triindonesia","from":"2017-08-25","mode":"submitSocial","container":"all","username":"arwin"}]
2017-08-27 05:03:58	[{"keyword":"@kaskus","from":"2017-08-25","mode":"submitSocial","container":"all","username":"arwin"}]
2017-08-27 05:04:00	[{"keyword":"@studio_xxi","from":"2017-08-25","mode":"submitSocial","container":"all","username":"arwin"}]
2017-08-27 05:04:02	[{"keyword":"@blitzmegaplex","from":"2017-08-25","mode":"submitSocial","container":"all","username":"arwin"}]
2017-08-27 05:04:05	[{"keyword":"@alfamartku","from":"2017-08-25","mode":"submitSocial","container":"all","username":"arwin"}]
2017-08-27 05:04:07	[{"keyword":"@carrefour_id","from":"2017-08-25","mode":"submitSocial","container":"all","username":"arwin"}]
2017-08-27 05:04:11	[{"keyword":"@bbcbreaking","from":"2017-08-25","mode":"submitSocial","container":"all","username":"arwin"}]
2017-08-27 05:04:18	[{"keyword":"@forbes","from":"2017-08-25","mode":"submitSocial","container":"all","username":"arwin"}]
2017-08-27 05:04:21	[{"keyword":"@bensradio","from":"2017-08-25","mode":"submitSocial","container":"all","username":"arwin"}]
2017-08-27 05:04:27	[{"keyword":"@instagram","from":"2017-08-25","mode":"submitSocial","container":"all","username":"arwin"}]
2017-08-27 05:04:30	[{"keyword":"@pinterest","from":"2017-08-25","mode":"submitSocial","container":"all","username":"arwin"}]
2017-08-27 05:04:39	[{"keyword":"@google","from":"2017-08-25","mode":"submitSocial","container":"all","username":"arwin"}]
2017-08-27 05:04:41	[{"keyword":"@pertaminalub","from":"2017-08-25","mode":"submitSocial","container":"all","username":"arwin"}]
2017-08-27 05:04:43	[{"keyword":"@infolalintol","from":"2017-08-25","mode":"submitSocial","container":"all","username":"arwin"}]
2017-08-27 05:04:46	[{"keyword":"@ptjasamarga","from":"2017-08-25","mode":"submitSocial","container":"all","username":"arwin"}]
2017-08-27 05:04:48	[{"keyword":"@cititransindo","from":"2017-08-25","mode":"submitSocial","container":"all","username":"arwin"}]
2017-08-27 05:04:50	[{"keyword":"#semangatpagisuperr","from":"2017-08-25","mode":"submitSocial","container":"all","username":"arwin"}]
2017-08-27 05:04:53	[{"keyword":"#genkuisinsideout","from":"2017-08-25","mode":"submitSocial","container":"all","username":"arwin"}]
2017-08-27 05:04:55	[{"keyword":"#semangatpagi","from":"2017-08-25","mode":"submitSocial","container":"all","username":"arwin"}]
2017-08-27 05:04:58	[{"keyword":"#dikamar","from":"2017-08-25","mode":"submitSocial","container":"all","username":"arwin"}]
2017-08-27 05:05:01	[{"keyword":"#kopaja","from":"2017-08-25","mode":"submitSocial","container":"all","username":"arwin"}]
2017-08-27 05:05:04	[{"keyword":"#generaksi8","from":"2017-08-25","mode":"submitSocial","container":"all","username":"arwin"}]
2017-08-27 05:05:07	[{"keyword":"#hitztsp","from":"2017-08-25","mode":"submitSocial","container":"all","username":"arwin"}]
2017-08-27 05:05:10	[{"keyword":"#np","from":"2017-08-25","mode":"submitSocial","container":"all","username":"arwin"}]
2017-08-27 05:05:13	[{"keyword":"#hitzlivestage","from":"2017-08-25","mode":"submitSocial","container":"all","username":"arwin"}]
2017-08-27 05:05:16	[{"keyword":"#thefreaks","from":"2017-08-25","mode":"submitSocial","container":"all","username":"arwin"}]
2017-08-27 05:05:18	[{"keyword":"#hitzsirkuspagi","from":"2017-08-25","mode":"submitSocial","container":"all","username":"arwin"}]
2017-08-27 05:05:20	[{"keyword":"#hitzathlon","from":"2017-08-25","mode":"submitSocial","container":"all","username":"arwin"}]
2017-08-27 05:05:23	[{"keyword":"#hitzzombie","from":"2017-08-25","mode":"submitSocial","container":"all","username":"arwin"}]
2017-08-27 05:05:25	[{"keyword":"#hitzkalong","from":"2017-08-25","mode":"submitSocial","container":"all","username":"arwin"}]
2017-08-27 05:05:28	[{"keyword":"#hitzbebas","from":"2017-08-25","mode":"submitSocial","container":"all","username":"arwin"}]
2017-08-27 05:05:30	[{"keyword":"#hitzhorehara","from":"2017-08-25","mode":"submitSocial","container":"all","username":"arwin"}]
2017-08-27 05:05:33	[{"keyword":"@zaloraid","from":"2017-08-25","mode":"submitSocial","container":"all","username":"arwin"}]
2017-08-27 05:05:36	[{"keyword":"@olx_indonesia","from":"2017-08-25","mode":"submitSocial","container":"all","username":"arwin"}]
2017-08-27 05:05:38	[{"keyword":"@lazadaid","from":"2017-08-25","mode":"submitSocial","container":"all","username":"arwin"}]
2017-08-27 05:05:41	[{"keyword":"@utrippers","from":"2017-08-25","mode":"submitSocial","container":"all","username":"arwin"}]
2017-08-27 05:05:44	[{"keyword":"@gogobot","from":"2017-08-25","mode":"submitSocial","container":"all","username":"arwin"}]
2017-08-27 05:05:46	[{"keyword":"@viatortravel","from":"2017-08-25","mode":"submitSocial","container":"all","username":"arwin"}]
2017-08-27 05:05:49	[{"keyword":"@alandakariza","from":"2017-08-25","mode":"submitSocial","container":"all","username":"arwin"}]
2017-08-27 05:05:51	[{"keyword":"@gagasmedia","from":"2017-08-25","mode":"submitSocial","container":"all","username":"arwin"}]
2017-08-27 05:05:54	[{"keyword":"@welovehonda","from":"2017-08-25","mode":"submitSocial","container":"all","username":"arwin"}]
2017-08-27 05:05:56	[{"keyword":"@suzukimotorid","from":"2017-08-25","mode":"submitSocial","container":"all","username":"arwin"}]
2017-08-27 05:05:58	[{"keyword":"@kawasakilovers","from":"2017-08-25","mode":"submitSocial","container":"all","username":"arwin"}]
2017-08-27 05:06:01	[{"keyword":"@yamahaindonesia","from":"2017-08-25","mode":"submitSocial","container":"all","username":"arwin"}]
2017-08-27 05:06:04	[{"keyword":"@tripanzee","from":"2017-08-25","mode":"submitSocial","container":"all","username":"arwin"}]
2017-08-27 05:06:06	[{"keyword":"@arnoldpoernomo","from":"2017-08-25","mode":"submitSocial","container":"all","username":"arwin"}]
2017-08-27 05:06:09	[{"keyword":"@nicsap","from":"2017-08-25","mode":"submitSocial","container":"all","username":"arwin"}]
2017-08-27 05:06:11	[{"keyword":"@tiket2","from":"2017-08-25","mode":"submitSocial","container":"all","username":"arwin"}]
2017-08-27 05:06:14	[{"keyword":"@traveloka","from":"2017-08-25","mode":"submitSocial","container":"all","username":"arwin"}]
2017-08-27 05:06:17	[{"keyword":"@wego","from":"2017-08-25","mode":"submitSocial","container":"all","username":"arwin"}]
2017-08-27 05:06:20	[{"keyword":"@agoda","from":"2017-08-25","mode":"submitSocial","container":"all","username":"arwin"}]
2017-08-27 05:06:23	[{"keyword":"#salahsambung","from":"2017-08-25","mode":"submitSocial","container":"all","username":"arwin"}]
2017-08-27 05:06:25	[{"keyword":"#tulalit","from":"2017-08-25","mode":"submitSocial","container":"all","username":"arwin"}]
2017-08-27 05:06:27	[{"keyword":"#pestageneraksi8","from":"2017-08-25","mode":"submitSocial","container":"all","username":"arwin"}]
2017-08-27 05:06:30	[{"keyword":"#ganaskustik","from":"2017-08-25","mode":"submitSocial","container":"all","username":"arwin"}]
2017-08-27 05:06:32	[{"keyword":"#lnhot20","from":"2017-08-25","mode":"submitSocial","container":"all","username":"arwin"}]
2017-08-27 05:06:34	[{"keyword":"@tripadvisor","from":"2017-08-25","mode":"submitSocial","container":"all","username":"arwin"}]
2017-08-27 05:06:43	[{"keyword":"@google","from":"2017-08-25","mode":"submitSocial","container":"all","username":"arwin"}]
2017-08-27 05:06:46	[{"keyword":"@telkomsel","from":"2017-08-25","mode":"submitSocial","container":"all","username":"arwin"}]
2017-08-27 05:06:49	[{"keyword":"@indosat","from":"2017-08-25","mode":"submitSocial","container":"all","username":"arwin"}]
2017-08-27 05:06:53	[{"keyword":"@bahanafmjkt","from":"2017-08-25","mode":"submitSocial","container":"all","username":""}]
2017-08-27 05:06:58	[{"keyword":"@sonorafm92","from":"2017-08-25","mode":"submitSocial","container":"all","username":"arwin"}]
2017-08-27 05:07:00	[{"keyword":"@litefm1058","from":"2017-08-25","mode":"submitSocial","container":"all","username":"arwin"}]
2017-08-27 05:07:03	[{"keyword":"@bravaradio","from":"2017-08-25","mode":"submitSocial","container":"all","username":"arwin"}]
2017-08-27 05:07:06	[{"keyword":"#dgitm","from":"2017-08-25","mode":"submitSocial","container":"all","username":"arwin"}]
2017-08-27 05:07:08	[{"keyword":"#hitsalaprambors","from":"2017-08-25","mode":"submitSocial","container":"all","username":"arwin"}]
2017-08-27 05:07:10	[{"keyword":"#reqprambors","from":"2017-08-25","mode":"submitSocial","container":"all","username":"arwin"}]
2017-08-27 05:07:13	[{"keyword":"#thedandees","from":"2017-08-25","mode":"submitSocial","container":"all","username":"arwin"}]
2017-08-27 05:07:15	[{"keyword":"#pramborsquiz","from":"2017-08-25","mode":"submitSocial","container":"all","username":"arwin"}]
2017-08-27 05:07:18	[{"keyword":"#jeliprambors","from":"2017-08-25","mode":"submitSocial","container":"all","username":"arwin"}]
2017-08-27 05:07:20	[{"keyword":"#jodohinprambors","from":"2017-08-25","mode":"submitSocial","container":"all","username":"arwin"}]
2017-08-27 05:07:22	[{"keyword":"#ubahdenganbicara","from":"2017-08-25","mode":"submitSocial","container":"all","username":"arwin"}]
2017-08-27 05:07:24	[{"keyword":"#pramborschat","from":"2017-08-25","mode":"submitSocial","container":"all","username":"arwin"}]
2017-08-27 05:07:27	[{"keyword":"#tweetforduit","from":"2017-08-25","mode":"submitSocial","container":"all","username":"arwin"}]
2017-08-27 05:07:29	[{"keyword":"#joki3in1","from":"2017-08-25","mode":"submitSocial","container":"all","username":"arwin"}]
2017-08-27 05:07:32	[{"keyword":"#sarapanseru","from":"2017-08-25","mode":"submitSocial","container":"all","username":"arwin"}]
2017-08-27 05:07:34	[{"keyword":"#rawonkaneloop","from":"2017-08-25","mode":"submitSocial","container":"all","username":"arwin"}]
2017-08-27 05:07:36	[{"keyword":"#gudegkendilkeraton","from":"2017-08-25","mode":"submitSocial","container":"all","username":"arwin"}]
2017-08-27 05:07:39	[{"keyword":"#gadogadobutika","from":"2017-08-25","mode":"submitSocial","container":"all","username":"arwin"}]
2017-08-27 05:07:41	[{"keyword":"#mtvhottest","from":"2017-08-25","mode":"submitSocial","container":"all","username":"arwin"}]
2017-08-27 05:07:44	[{"keyword":"#dimsumcjdw","from":"2017-08-25","mode":"submitSocial","container":"all","username":"arwin"}]
2017-08-27 05:07:46	[{"keyword":"#pecelmadiunmbakniek","from":"2017-08-25","mode":"submitSocial","container":"all","username":"arwin"}]
2017-08-27 05:07:49	[{"keyword":"#depotarema","from":"2017-08-25","mode":"submitSocial","container":"all","username":"arwin"}]
2017-08-27 05:07:52	[{"keyword":"@bni46","from":"2017-08-25","mode":"submitSocial","container":"all","username":"arwin"}]
2017-08-27 05:07:55	[{"keyword":"@bankbri_id","from":"2017-08-25","mode":"submitSocial","container":"all","username":"arwin"}]
2017-08-27 05:07:57	[{"keyword":"#bni46","from":"2017-08-25","mode":"submitSocial","container":"all","username":"arwin"}]
2017-08-27 05:08:02	[{"keyword":"macet","from":"2017-08-25","mode":"submitSocial","container":"all","username":"arwin"}]
2017-08-27 05:08:04	[{"keyword":"#selamatpagi","from":"2017-08-25","mode":"submitSocial","container":"all","username":"arwin"}]
2017-08-27 05:08:06	[{"keyword":"#selamatmalam","from":"2017-08-25","mode":"submitSocial","container":"all","username":"arwin"}]
2017-08-27 05:08:09	[{"keyword":"@884globalradio","from":"2017-08-25","mode":"submitSocial","container":"all","username":"arwin"}]
2017-08-27 05:08:11	[{"keyword":"@day_trans","from":"2017-08-25","mode":"submitSocial","container":"all","username":"arwin"}]
2017-08-27 05:08:14	[{"keyword":"@kencanavoyage","from":"2017-08-25","mode":"submitSocial","container":"all","username":"arwin"}]
2017-08-27 05:08:16	[{"keyword":"@jukebox5d","from":"2017-08-25","mode":"submitSocial","container":"all","username":"arwin"}]
2017-08-27 05:08:18	[{"keyword":"#mtvhottest","from":"2017-08-25","mode":"submitSocial","container":"all","username":"arwin"}]
2017-08-27 05:08:21	[{"keyword":"#semangatpagi","from":"2017-08-25","mode":"submitSocial","container":"all","username":"arwin"}]
2017-08-27 05:08:23	[{"keyword":"lifebuoy","from":"2017-08-25","mode":"submitSocial","container":"all","username":"arwin"}]
2017-08-27 05:08:31	[{"keyword":"jokowi","from":"2017-08-25","mode":"submitSocial","container":"all","username":"arwin"}]
2017-08-27 05:08:40	[{"keyword":"obama","from":"2017-08-25","mode":"submitSocial","container":"all","username":"arwin"}]
2017-08-27 05:08:43	[{"keyword":"starwars","from":"2017-08-25","mode":"submitSocial","container":"all","username":"arwin"}]
2017-08-27 05:08:47	[{"keyword":"jonan","from":"2017-08-25","mode":"submitSocial","container":"all","username":"arwin"}]
2017-08-27 05:08:54	[{"keyword":"pagi","from":"2017-08-25","mode":"submitSocial","container":"all","username":"arwin"}]
2017-08-27 05:08:57	[{"keyword":"sampoerna","from":"2017-08-25","mode":"submitSocial","container":"all","username":"arwin"}]
2017-08-27 05:09:01	[{"keyword":"djarum","from":"2017-08-25","mode":"submitSocial","container":"all","username":"arwin"}]
2017-08-27 05:09:04	[{"keyword":"#semangatpagi","from":"2017-08-25","mode":"submitSocial","container":"all","username":"arwin"}]
2017-08-27 05:09:06	[{"keyword":"#generaksi8","from":"2017-08-25","mode":"submitSocial","container":"all","username":"arwin"}]
2017-08-27 05:09:08	[{"keyword":"#365alasan","from":"2017-08-25","mode":"submitSocial","container":"all","username":"arwin"}]
2017-08-27 05:09:12	[{"keyword":"weew","from":"2017-08-25","mode":"submitSocial","container":"all","username":"arwin"}]
2017-08-27 05:09:21	[{"keyword":"testing","from":"2017-08-25","mode":"submitSocial","container":"all","username":"arwin"}]
2017-08-27 05:09:24	[{"keyword":"#kopaja","from":"2017-08-25","mode":"submitSocial","container":"all","username":"arwin"}]
2017-08-27 05:09:26	[{"keyword":"#genkuisinsideout","from":"2017-08-25","mode":"submitSocial","container":"all","username":"arwin"}]
2017-08-27 05:09:29	[{"keyword":"starwars","from":"2017-08-25","mode":"submitSocial","container":"all","username":"arwin"}]
2017-08-27 05:09:32	[{"keyword":"#kopaja","from":"2017-08-25","mode":"submitSocial","container":"all","username":"arwin"}]
2017-08-27 05:09:37	[{"keyword":"mldspot","from":"2017-08-25","mode":"submitSocial","container":"all","username":"arwin"}]
2017-08-27 05:09:40	[{"keyword":"pbdjarum","from":"2017-08-25","mode":"submitSocial","container":"all","username":"arwin"}]
2017-08-27 05:09:43	[{"keyword":"temannabati","from":"2017-08-25","mode":"submitSocial","container":"all","username":"arwin"}]
2017-08-27 05:09:46	[{"keyword":"nextar","from":"2017-08-25","mode":"submitSocial","container":"all","username":"arwin"}]
2017-08-27 05:09:49	[{"keyword":"jokowo","from":"2017-08-25","mode":"submitSocial","container":"all","username":"arwin"}]
2017-08-27 05:09:53	[{"keyword":"prabowo","from":"2017-08-25","mode":"submitSocial","container":"all","username":"arwin"}]
2017-08-27 05:09:56	[{"keyword":"sudirman said","from":"2017-08-25","mode":"submitSocial","container":"all","username":"arwin"}]
2017-08-27 05:10:04	[{"keyword":"ahok","from":"2017-08-25","mode":"submitSocial","container":"all","username":"arwin"}]
2017-08-27 05:10:07	[{"keyword":"setyanovanto","from":"2017-08-25","mode":"submitSocial","container":"all","username":"arwin"}]
2017-08-27 05:10:15	[{"keyword":"jokowi","from":"2017-08-25","mode":"submitSocial","container":"all","username":"arwin"}]
2017-08-27 05:10:23	[{"keyword":"ahok","from":"2017-08-25","mode":"submitSocial","container":"all","username":"arwin"}]
2017-08-27 05:10:27	[{"keyword":"prabowo","from":"2017-08-25","mode":"submitSocial","container":"all","username":"arwin"}]
2017-08-27 05:10:29	[{"keyword":"sudirman said","from":"2017-08-25","mode":"submitSocial","container":"all","username":"arwin"}]
2017-08-27 05:10:32	[{"keyword":"setyanovanto","from":"2017-08-25","mode":"submitSocial","container":"all","username":"arwin"}]
2017-08-27 05:10:37	[{"keyword":"galau","from":"2017-08-25","mode":"submitSocial","container":"all","username":"arwin"}]
2017-08-27 05:10:39	[{"keyword":"#prestasiindonesia","from":"2017-08-25","mode":"submitSocial","container":"all","username":"arwin"}]
2017-08-27 05:10:42	[{"keyword":"@tw_debi","from":"2017-08-25","mode":"submitSocial","container":"all","username":"arwin"}]
2017-08-27 05:10:44	[{"keyword":"@officialfastron","from":"2017-08-25","mode":"submitSocial","container":"all","username":"arwin"}]
2017-08-27 05:10:47	[{"keyword":"@citibankid","from":"2017-08-25","mode":"submitSocial","container":"all","username":"arwin"}]
2017-08-27 05:10:49	[{"keyword":"@jak101fm","from":"2017-08-25","mode":"submitSocial","container":"all","username":"arwin"}]
2017-08-27 05:10:52	[{"keyword":"@genfm","from":"2017-08-25","mode":"submitSocial","container":"all","username":"arwin"}]
