2017-05-11 05:00:05	[{"keyword":"@987genfm","from":"2017-05-09","mode":"submitSocial","container":"all","username":"arwin"}]
2017-05-11 05:00:08	[{"keyword":"@101jakfm","from":"2017-05-09","mode":"submitSocial","container":"all","username":"arwin"}]
2017-05-11 05:00:11	[{"keyword":"@prambors","from":"2017-05-09","mode":"submitSocial","container":"all","username":"arwin"}]
2017-05-11 05:00:13	[{"keyword":"@hardrockfm","from":"2017-05-09","mode":"submitSocial","container":"all","username":"arwin"}]
2017-05-11 05:00:16	[{"keyword":"@kisfmjakarta","from":"2017-05-09","mode":"submitSocial","container":"all","username":"arwin"}]
2017-05-11 05:00:18	[{"keyword":"@delta_fm","from":"2017-05-09","mode":"submitSocial","container":"all","username":"arwin"}]
2017-05-11 05:00:21	[{"keyword":"@traxfmjkt","from":"2017-05-09","mode":"submitSocial","container":"all","username":"arwin"}]
2017-05-11 05:00:23	[{"keyword":"@iradiojakarta","from":"2017-05-09","mode":"submitSocial","container":"all","username":"arwin"}]
2017-05-11 05:00:26	[{"keyword":"@indika9160fm","from":"2017-05-09","mode":"submitSocial","container":"all","username":"arwin"}]
2017-05-11 05:00:28	[{"keyword":"@shellindonesia","from":"2017-05-09","mode":"submitSocial","container":"all","username":"arwin"}]
2017-05-11 05:00:31	[{"keyword":"@vpowerfans","from":"2017-05-09","mode":"submitSocial","container":"all","username":"arwin"}]
2017-05-11 05:00:33	[{"keyword":"@pertamaxind","from":"2017-05-09","mode":"submitSocial","container":"all","username":"arwin"}]
2017-05-11 05:00:36	[{"keyword":"@ptpertamina","from":"2017-05-09","mode":"submitSocial","container":"all","username":"arwin"}]
2017-05-11 05:00:38	[{"keyword":"@ozradiojakarta","from":"2017-05-09","mode":"submitSocial","container":"all","username":"arwin"}]
2017-05-11 05:00:40	[{"keyword":"@cosmopolitanfm","from":"2017-05-09","mode":"submitSocial","container":"all","username":"arwin"}]
2017-05-11 05:00:43	[{"keyword":"@mustang88fm","from":"2017-05-09","mode":"submitSocial","container":"all","username":"arwin"}]
2017-05-11 05:00:45	[{"keyword":"@debabaz","from":"2017-05-09","mode":"submitSocial","container":"all","username":"arwin"}]
2017-05-11 05:00:49	[{"keyword":"@detikcom","from":"2017-05-09","mode":"submitSocial","container":"all","username":"arwin"}]
2017-05-11 05:00:53	[{"keyword":"@radioelshinta","from":"2017-05-09","mode":"submitSocial","container":"all","username":"arwin"}]
2017-05-11 05:00:55	[{"keyword":"@cinema21","from":"2017-05-09","mode":"submitSocial","container":"all","username":"arwin"}]
2017-05-11 05:00:58	[{"keyword":"@officialrcti","from":"2017-05-09","mode":"submitSocial","container":"all","username":"arwin"}]
2017-05-11 05:01:00	[{"keyword":"@transtv_corp","from":"2017-05-09","mode":"submitSocial","container":"all","username":"arwin"}]
2017-05-11 05:01:02	[{"keyword":"@trans7","from":"2017-05-09","mode":"submitSocial","container":"all","username":"arwin"}]
2017-05-11 05:01:08	[{"keyword":"@metro_tv","from":"2017-05-09","mode":"submitSocial","container":"all","username":"arwin"}]
2017-05-11 05:01:11	[{"keyword":"@tvonenews","from":"2017-05-09","mode":"submitSocial","container":"all","username":"arwin"}]
2017-05-11 05:01:14	[{"keyword":"@whatsonantv","from":"2017-05-09","mode":"submitSocial","container":"all","username":"arwin"}]
2017-05-11 05:01:18	[{"keyword":"@sctv_","from":"2017-05-09","mode":"submitSocial","container":"all","username":"arwin"}]
2017-05-11 05:01:21	[{"keyword":"@kompastv","from":"2017-05-09","mode":"submitSocial","container":"all","username":"arwin"}]
2017-05-11 05:01:25	[{"keyword":"@netmediatama","from":"2017-05-09","mode":"submitSocial","container":"all","username":"arwin"}]
2017-05-11 05:01:27	[{"keyword":"@globaltvseru","from":"2017-05-09","mode":"submitSocial","container":"all","username":"arwin"}]
2017-05-11 05:01:29	[{"keyword":"@jaktvcom","from":"2017-05-09","mode":"submitSocial","container":"all","username":"arwin"}]
2017-05-11 05:01:32	[{"keyword":"@tvrinasional","from":"2017-05-09","mode":"submitSocial","container":"all","username":"arwin"}]
2017-05-11 05:01:34	[{"keyword":"@ochannelupdates","from":"2017-05-09","mode":"submitSocial","container":"all","username":"arwin"}]
2017-05-11 05:01:38	[{"keyword":"@indosiarid","from":"2017-05-09","mode":"submitSocial","container":"all","username":"arwin"}]
2017-05-11 05:01:43	[{"keyword":"@kompascom","from":"2017-05-09","mode":"submitSocial","container":"all","username":"arwin"}]
2017-05-11 05:01:46	[{"keyword":"@merdekadotcom","from":"2017-05-09","mode":"submitSocial","container":"all","username":"arwin"}]
2017-05-11 05:01:48	[{"keyword":"@midotcom","from":"2017-05-09","mode":"submitSocial","container":"all","username":"arwin"}]
2017-05-11 05:01:51	[{"keyword":"@tempodotco","from":"2017-05-09","mode":"submitSocial","container":"all","username":"arwin"}]
2017-05-11 05:01:53	[{"keyword":"@motion975fm","from":"2017-05-09","mode":"submitSocial","container":"all","username":"arwin"}]
2017-05-11 05:01:56	[{"keyword":"@_radiotoday","from":"2017-05-09","mode":"submitSocial","container":"all","username":"arwin"}]
2017-05-11 05:01:58	[{"keyword":"@radioinfo","from":"2017-05-09","mode":"submitSocial","container":"all","username":"arwin"}]
2017-05-11 05:02:00	[{"keyword":"@979femaleradio","from":"2017-05-09","mode":"submitSocial","container":"all","username":"arwin"}]
2017-05-11 05:02:02	[{"keyword":"@womanradio943fm","from":"2017-05-09","mode":"submitSocial","container":"all","username":"arwin"}]
2017-05-11 05:02:05	[{"keyword":"@vradiofm","from":"2017-05-09","mode":"submitSocial","container":"all","username":"arwin"}]
2017-05-11 05:02:07	[{"keyword":"@ufm947","from":"2017-05-09","mode":"submitSocial","container":"all","username":"arwin"}]
2017-05-11 05:02:09	[{"keyword":"@vivanews","from":"2017-05-09","mode":"submitSocial","container":"all","username":"arwin"}]
2017-05-11 05:02:12	[{"keyword":"@antaranews","from":"2017-05-09","mode":"submitSocial","container":"all","username":"arwin"}]
2017-05-11 05:02:16	[{"keyword":"@tribunnews","from":"2017-05-09","mode":"submitSocial","container":"all","username":"arwin"}]
2017-05-11 05:02:19	[{"keyword":"@okezonenews","from":"2017-05-09","mode":"submitSocial","container":"all","username":"arwin"}]
2017-05-11 05:02:23	[{"keyword":"@beritasatu","from":"2017-05-09","mode":"submitSocial","container":"all","username":"arwin"}]
2017-05-11 05:02:25	[{"keyword":"@rollingstoneina","from":"2017-05-09","mode":"submitSocial","container":"all","username":"arwin"}]
2017-05-11 05:02:28	[{"keyword":"@fimeladotcom","from":"2017-05-09","mode":"submitSocial","container":"all","username":"arwin"}]
2017-05-11 05:02:30	[{"keyword":"@kapanlagicom","from":"2017-05-09","mode":"submitSocial","container":"all","username":"arwin"}]
2017-05-11 05:02:32	[{"keyword":"@kompasent","from":"2017-05-09","mode":"submitSocial","container":"all","username":"arwin"}]
2017-05-11 05:02:35	[{"keyword":"@haimagazine","from":"2017-05-09","mode":"submitSocial","container":"all","username":"arwin"}]
2017-05-11 05:02:37	[{"keyword":"@jakartavenue","from":"2017-05-09","mode":"submitSocial","container":"all","username":"arwin"}]
2017-05-11 05:02:39	[{"keyword":"@seputarevent","from":"2017-05-09","mode":"submitSocial","container":"all","username":"arwin"}]
2017-05-11 05:02:42	[{"keyword":"@ismayalive","from":"2017-05-09","mode":"submitSocial","container":"all","username":"arwin"}]
2017-05-11 05:02:44	[{"keyword":"@ecentertainment","from":"2017-05-09","mode":"submitSocial","container":"all","username":"arwin"}]
2017-05-11 05:02:46	[{"keyword":"@synergism_en","from":"2017-05-09","mode":"submitSocial","container":"all","username":"arwin"}]
2017-05-11 05:02:48	[{"keyword":"@urbanbandung","from":"2017-05-09","mode":"submitSocial","container":"all","username":"arwin"}]
2017-05-11 05:02:50	[{"keyword":"@urbanrkm995","from":"2017-05-09","mode":"submitSocial","container":"all","username":"arwin"}]
2017-05-11 05:02:52	[{"keyword":"@garuda_promo","from":"2017-05-09","mode":"submitSocial","container":"all","username":"arwin"}]
2017-05-11 05:02:55	[{"keyword":"@airasiaid","from":"2017-05-09","mode":"submitSocial","container":"all","username":"arwin"}]
2017-05-11 05:02:57	[{"keyword":"@kai121","from":"2017-05-09","mode":"submitSocial","container":"all","username":"arwin"}]
2017-05-11 05:03:00	[{"keyword":"@unilever","from":"2017-05-09","mode":"submitSocial","container":"all","username":"arwin"}]
2017-05-11 05:03:03	[{"keyword":"@nestle","from":"2017-05-09","mode":"submitSocial","container":"all","username":"arwin"}]
2017-05-11 05:03:07	[{"keyword":"@cocacola","from":"2017-05-09","mode":"submitSocial","container":"all","username":"arwin"}]
2017-05-11 05:03:14	[{"keyword":"@cnn","from":"2017-05-09","mode":"submitSocial","container":"all","username":"arwin"}]
2017-05-11 05:03:19	[{"keyword":"@mtv","from":"2017-05-09","mode":"submitSocial","container":"all","username":"arwin"}]
2017-05-11 05:03:21	[{"keyword":"@channelv","from":"2017-05-09","mode":"submitSocial","container":"all","username":"arwin"}]
2017-05-11 05:03:24	[{"keyword":"@itunesmusic","from":"2017-05-09","mode":"submitSocial","container":"all","username":"arwin"}]
2017-05-11 05:03:28	[{"keyword":"@mashable","from":"2017-05-09","mode":"submitSocial","container":"all","username":"arwin"}]
2017-05-11 05:03:30	[{"keyword":"@decacaz","from":"2017-05-09","mode":"submitSocial","container":"all","username":"arwin"}]
2017-05-11 05:03:32	[{"keyword":"@radiobaru967fm","from":"2017-05-09","mode":"submitSocial","container":"all","username":"arwin"}]
2017-05-11 05:03:35	[{"keyword":"@967hitzfm","from":"2017-05-09","mode":"submitSocial","container":"all","username":"arwin"}]
2017-05-11 05:03:37	[{"keyword":"@tvguide","from":"2017-05-09","mode":"submitSocial","container":"all","username":"arwin"}]
2017-05-11 05:03:40	[{"keyword":"@xl123","from":"2017-05-09","mode":"submitSocial","container":"all","username":"arwin"}]
2017-05-11 05:03:43	[{"keyword":"@triindonesia","from":"2017-05-09","mode":"submitSocial","container":"all","username":"arwin"}]
2017-05-11 05:03:46	[{"keyword":"@kaskus","from":"2017-05-09","mode":"submitSocial","container":"all","username":"arwin"}]
2017-05-11 05:03:48	[{"keyword":"@studio_xxi","from":"2017-05-09","mode":"submitSocial","container":"all","username":"arwin"}]
2017-05-11 05:03:50	[{"keyword":"@blitzmegaplex","from":"2017-05-09","mode":"submitSocial","container":"all","username":"arwin"}]
2017-05-11 05:03:53	[{"keyword":"@alfamartku","from":"2017-05-09","mode":"submitSocial","container":"all","username":"arwin"}]
2017-05-11 05:03:55	[{"keyword":"@carrefour_id","from":"2017-05-09","mode":"submitSocial","container":"all","username":"arwin"}]
2017-05-11 05:03:59	[{"keyword":"@bbcbreaking","from":"2017-05-09","mode":"submitSocial","container":"all","username":"arwin"}]
2017-05-11 05:04:06	[{"keyword":"@forbes","from":"2017-05-09","mode":"submitSocial","container":"all","username":"arwin"}]
2017-05-11 05:04:08	[{"keyword":"@bensradio","from":"2017-05-09","mode":"submitSocial","container":"all","username":"arwin"}]
2017-05-11 05:04:14	[{"keyword":"@instagram","from":"2017-05-09","mode":"submitSocial","container":"all","username":"arwin"}]
2017-05-11 05:04:17	[{"keyword":"@pinterest","from":"2017-05-09","mode":"submitSocial","container":"all","username":"arwin"}]
2017-05-11 05:04:24	[{"keyword":"@google","from":"2017-05-09","mode":"submitSocial","container":"all","username":"arwin"}]
2017-05-11 05:04:26	[{"keyword":"@pertaminalub","from":"2017-05-09","mode":"submitSocial","container":"all","username":"arwin"}]
2017-05-11 05:04:28	[{"keyword":"@infolalintol","from":"2017-05-09","mode":"submitSocial","container":"all","username":"arwin"}]
2017-05-11 05:04:31	[{"keyword":"@ptjasamarga","from":"2017-05-09","mode":"submitSocial","container":"all","username":"arwin"}]
2017-05-11 05:04:33	[{"keyword":"@cititransindo","from":"2017-05-09","mode":"submitSocial","container":"all","username":"arwin"}]
2017-05-11 05:04:35	[{"keyword":"#semangatpagisuperr","from":"2017-05-09","mode":"submitSocial","container":"all","username":"arwin"}]
2017-05-11 05:04:37	[{"keyword":"#genkuisinsideout","from":"2017-05-09","mode":"submitSocial","container":"all","username":"arwin"}]
2017-05-11 05:04:39	[{"keyword":"#semangatpagi","from":"2017-05-09","mode":"submitSocial","container":"all","username":"arwin"}]
2017-05-11 05:04:41	[{"keyword":"#dikamar","from":"2017-05-09","mode":"submitSocial","container":"all","username":"arwin"}]
2017-05-11 05:04:44	[{"keyword":"#kopaja","from":"2017-05-09","mode":"submitSocial","container":"all","username":"arwin"}]
2017-05-11 05:04:46	[{"keyword":"#generaksi8","from":"2017-05-09","mode":"submitSocial","container":"all","username":"arwin"}]
2017-05-11 05:04:48	[{"keyword":"#hitztsp","from":"2017-05-09","mode":"submitSocial","container":"all","username":"arwin"}]
2017-05-11 05:04:51	[{"keyword":"#np","from":"2017-05-09","mode":"submitSocial","container":"all","username":"arwin"}]
2017-05-11 05:04:53	[{"keyword":"#hitzlivestage","from":"2017-05-09","mode":"submitSocial","container":"all","username":"arwin"}]
2017-05-11 05:04:56	[{"keyword":"#thefreaks","from":"2017-05-09","mode":"submitSocial","container":"all","username":"arwin"}]
2017-05-11 05:04:58	[{"keyword":"#hitzsirkuspagi","from":"2017-05-09","mode":"submitSocial","container":"all","username":"arwin"}]
2017-05-11 05:05:00	[{"keyword":"#hitzathlon","from":"2017-05-09","mode":"submitSocial","container":"all","username":"arwin"}]
2017-05-11 05:05:03	[{"keyword":"#hitzzombie","from":"2017-05-09","mode":"submitSocial","container":"all","username":"arwin"}]
2017-05-11 05:05:05	[{"keyword":"#hitzkalong","from":"2017-05-09","mode":"submitSocial","container":"all","username":"arwin"}]
2017-05-11 05:05:08	[{"keyword":"#hitzbebas","from":"2017-05-09","mode":"submitSocial","container":"all","username":"arwin"}]
2017-05-11 05:05:10	[{"keyword":"#hitzhorehara","from":"2017-05-09","mode":"submitSocial","container":"all","username":"arwin"}]
2017-05-11 05:05:13	[{"keyword":"@zaloraid","from":"2017-05-09","mode":"submitSocial","container":"all","username":"arwin"}]
2017-05-11 05:05:15	[{"keyword":"@olx_indonesia","from":"2017-05-09","mode":"submitSocial","container":"all","username":"arwin"}]
2017-05-11 05:05:17	[{"keyword":"@lazadaid","from":"2017-05-09","mode":"submitSocial","container":"all","username":"arwin"}]
2017-05-11 05:05:20	[{"keyword":"@utrippers","from":"2017-05-09","mode":"submitSocial","container":"all","username":"arwin"}]
2017-05-11 05:05:22	[{"keyword":"@gogobot","from":"2017-05-09","mode":"submitSocial","container":"all","username":"arwin"}]
2017-05-11 05:05:25	[{"keyword":"@viatortravel","from":"2017-05-09","mode":"submitSocial","container":"all","username":"arwin"}]
2017-05-11 05:05:27	[{"keyword":"@alandakariza","from":"2017-05-09","mode":"submitSocial","container":"all","username":"arwin"}]
2017-05-11 05:05:30	[{"keyword":"@gagasmedia","from":"2017-05-09","mode":"submitSocial","container":"all","username":"arwin"}]
2017-05-11 05:05:32	[{"keyword":"@welovehonda","from":"2017-05-09","mode":"submitSocial","container":"all","username":"arwin"}]
2017-05-11 05:05:34	[{"keyword":"@suzukimotorid","from":"2017-05-09","mode":"submitSocial","container":"all","username":"arwin"}]
2017-05-11 05:05:37	[{"keyword":"@kawasakilovers","from":"2017-05-09","mode":"submitSocial","container":"all","username":"arwin"}]
2017-05-11 05:05:39	[{"keyword":"@yamahaindonesia","from":"2017-05-09","mode":"submitSocial","container":"all","username":"arwin"}]
2017-05-11 05:05:42	[{"keyword":"@tripanzee","from":"2017-05-09","mode":"submitSocial","container":"all","username":"arwin"}]
2017-05-11 05:05:44	[{"keyword":"@arnoldpoernomo","from":"2017-05-09","mode":"submitSocial","container":"all","username":"arwin"}]
2017-05-11 05:05:46	[{"keyword":"@nicsap","from":"2017-05-09","mode":"submitSocial","container":"all","username":"arwin"}]
2017-05-11 05:05:49	[{"keyword":"@tiket2","from":"2017-05-09","mode":"submitSocial","container":"all","username":"arwin"}]
2017-05-11 05:05:51	[{"keyword":"@traveloka","from":"2017-05-09","mode":"submitSocial","container":"all","username":"arwin"}]
2017-05-11 05:05:54	[{"keyword":"@wego","from":"2017-05-09","mode":"submitSocial","container":"all","username":"arwin"}]
2017-05-11 05:05:57	[{"keyword":"@agoda","from":"2017-05-09","mode":"submitSocial","container":"all","username":"arwin"}]
2017-05-11 05:05:59	[{"keyword":"#salahsambung","from":"2017-05-09","mode":"submitSocial","container":"all","username":"arwin"}]
2017-05-11 05:06:02	[{"keyword":"#tulalit","from":"2017-05-09","mode":"submitSocial","container":"all","username":"arwin"}]
2017-05-11 05:06:04	[{"keyword":"#pestageneraksi8","from":"2017-05-09","mode":"submitSocial","container":"all","username":"arwin"}]
2017-05-11 05:06:06	[{"keyword":"#ganaskustik","from":"2017-05-09","mode":"submitSocial","container":"all","username":"arwin"}]
2017-05-11 05:06:08	[{"keyword":"#lnhot20","from":"2017-05-09","mode":"submitSocial","container":"all","username":"arwin"}]
2017-05-11 05:06:10	[{"keyword":"@tripadvisor","from":"2017-05-09","mode":"submitSocial","container":"all","username":"arwin"}]
2017-05-11 05:06:17	[{"keyword":"@google","from":"2017-05-09","mode":"submitSocial","container":"all","username":"arwin"}]
2017-05-11 05:06:21	[{"keyword":"@telkomsel","from":"2017-05-09","mode":"submitSocial","container":"all","username":"arwin"}]
2017-05-11 05:06:23	[{"keyword":"@indosat","from":"2017-05-09","mode":"submitSocial","container":"all","username":"arwin"}]
2017-05-11 05:06:27	[{"keyword":"@bahanafmjkt","from":"2017-05-09","mode":"submitSocial","container":"all","username":""}]
2017-05-11 05:06:31	[{"keyword":"@sonorafm92","from":"2017-05-09","mode":"submitSocial","container":"all","username":"arwin"}]
2017-05-11 05:06:33	[{"keyword":"@litefm1058","from":"2017-05-09","mode":"submitSocial","container":"all","username":"arwin"}]
2017-05-11 05:06:35	[{"keyword":"@bravaradio","from":"2017-05-09","mode":"submitSocial","container":"all","username":"arwin"}]
2017-05-11 05:06:38	[{"keyword":"#dgitm","from":"2017-05-09","mode":"submitSocial","container":"all","username":"arwin"}]
2017-05-11 05:06:40	[{"keyword":"#hitsalaprambors","from":"2017-05-09","mode":"submitSocial","container":"all","username":"arwin"}]
2017-05-11 05:06:42	[{"keyword":"#reqprambors","from":"2017-05-09","mode":"submitSocial","container":"all","username":"arwin"}]
2017-05-11 05:06:45	[{"keyword":"#thedandees","from":"2017-05-09","mode":"submitSocial","container":"all","username":"arwin"}]
2017-05-11 05:06:47	[{"keyword":"#pramborsquiz","from":"2017-05-09","mode":"submitSocial","container":"all","username":"arwin"}]
2017-05-11 05:06:49	[{"keyword":"#jeliprambors","from":"2017-05-09","mode":"submitSocial","container":"all","username":"arwin"}]
2017-05-11 05:06:51	[{"keyword":"#jodohinprambors","from":"2017-05-09","mode":"submitSocial","container":"all","username":"arwin"}]
2017-05-11 05:06:53	[{"keyword":"#ubahdenganbicara","from":"2017-05-09","mode":"submitSocial","container":"all","username":"arwin"}]
2017-05-11 05:06:55	[{"keyword":"#pramborschat","from":"2017-05-09","mode":"submitSocial","container":"all","username":"arwin"}]
2017-05-11 05:06:57	[{"keyword":"#tweetforduit","from":"2017-05-09","mode":"submitSocial","container":"all","username":"arwin"}]
2017-05-11 05:06:59	[{"keyword":"#joki3in1","from":"2017-05-09","mode":"submitSocial","container":"all","username":"arwin"}]
2017-05-11 05:07:02	[{"keyword":"#sarapanseru","from":"2017-05-09","mode":"submitSocial","container":"all","username":"arwin"}]
2017-05-11 05:07:04	[{"keyword":"#rawonkaneloop","from":"2017-05-09","mode":"submitSocial","container":"all","username":"arwin"}]
2017-05-11 05:07:06	[{"keyword":"#gudegkendilkeraton","from":"2017-05-09","mode":"submitSocial","container":"all","username":"arwin"}]
2017-05-11 05:07:08	[{"keyword":"#gadogadobutika","from":"2017-05-09","mode":"submitSocial","container":"all","username":"arwin"}]
2017-05-11 05:07:11	[{"keyword":"#mtvhottest","from":"2017-05-09","mode":"submitSocial","container":"all","username":"arwin"}]
2017-05-11 05:07:13	[{"keyword":"#dimsumcjdw","from":"2017-05-09","mode":"submitSocial","container":"all","username":"arwin"}]
2017-05-11 05:07:15	[{"keyword":"#pecelmadiunmbakniek","from":"2017-05-09","mode":"submitSocial","container":"all","username":"arwin"}]
2017-05-11 05:07:17	[{"keyword":"#depotarema","from":"2017-05-09","mode":"submitSocial","container":"all","username":"arwin"}]
2017-05-11 05:07:19	[{"keyword":"@bni46","from":"2017-05-09","mode":"submitSocial","container":"all","username":"arwin"}]
2017-05-11 05:07:22	[{"keyword":"@bankbri_id","from":"2017-05-09","mode":"submitSocial","container":"all","username":"arwin"}]
2017-05-11 05:07:24	[{"keyword":"#bni46","from":"2017-05-09","mode":"submitSocial","container":"all","username":"arwin"}]
2017-05-11 05:07:30	[{"keyword":"macet","from":"2017-05-09","mode":"submitSocial","container":"all","username":"arwin"}]
2017-05-11 05:07:32	[{"keyword":"#selamatpagi","from":"2017-05-09","mode":"submitSocial","container":"all","username":"arwin"}]
2017-05-11 05:07:34	[{"keyword":"#selamatmalam","from":"2017-05-09","mode":"submitSocial","container":"all","username":"arwin"}]
2017-05-11 05:07:37	[{"keyword":"@884globalradio","from":"2017-05-09","mode":"submitSocial","container":"all","username":"arwin"}]
2017-05-11 05:07:39	[{"keyword":"@day_trans","from":"2017-05-09","mode":"submitSocial","container":"all","username":"arwin"}]
2017-05-11 05:07:42	[{"keyword":"@kencanavoyage","from":"2017-05-09","mode":"submitSocial","container":"all","username":"arwin"}]
2017-05-11 05:07:44	[{"keyword":"@jukebox5d","from":"2017-05-09","mode":"submitSocial","container":"all","username":"arwin"}]
2017-05-11 05:07:46	[{"keyword":"#mtvhottest","from":"2017-05-09","mode":"submitSocial","container":"all","username":"arwin"}]
2017-05-11 05:07:49	[{"keyword":"#semangatpagi","from":"2017-05-09","mode":"submitSocial","container":"all","username":"arwin"}]
2017-05-11 05:07:51	[{"keyword":"lifebuoy","from":"2017-05-09","mode":"submitSocial","container":"all","username":"arwin"}]
2017-05-11 05:07:57	[{"keyword":"jokowi","from":"2017-05-09","mode":"submitSocial","container":"all","username":"arwin"}]
2017-05-11 05:08:07	[{"keyword":"obama","from":"2017-05-09","mode":"submitSocial","container":"all","username":"arwin"}]
2017-05-11 05:08:10	[{"keyword":"starwars","from":"2017-05-09","mode":"submitSocial","container":"all","username":"arwin"}]
2017-05-11 05:08:14	[{"keyword":"jonan","from":"2017-05-09","mode":"submitSocial","container":"all","username":"arwin"}]
2017-05-11 05:08:22	[{"keyword":"pagi","from":"2017-05-09","mode":"submitSocial","container":"all","username":"arwin"}]
2017-05-11 05:08:25	[{"keyword":"sampoerna","from":"2017-05-09","mode":"submitSocial","container":"all","username":"arwin"}]
2017-05-11 05:08:27	[{"keyword":"djarum","from":"2017-05-09","mode":"submitSocial","container":"all","username":"arwin"}]
2017-05-11 05:08:30	[{"keyword":"#semangatpagi","from":"2017-05-09","mode":"submitSocial","container":"all","username":"arwin"}]
2017-05-11 05:08:31	[{"keyword":"#generaksi8","from":"2017-05-09","mode":"submitSocial","container":"all","username":"arwin"}]
2017-05-11 05:08:34	[{"keyword":"#365alasan","from":"2017-05-09","mode":"submitSocial","container":"all","username":"arwin"}]
2017-05-11 05:08:37	[{"keyword":"weew","from":"2017-05-09","mode":"submitSocial","container":"all","username":"arwin"}]
2017-05-11 05:08:43	[{"keyword":"testing","from":"2017-05-09","mode":"submitSocial","container":"all","username":"arwin"}]
2017-05-11 05:08:46	[{"keyword":"#kopaja","from":"2017-05-09","mode":"submitSocial","container":"all","username":"arwin"}]
2017-05-11 05:08:48	[{"keyword":"#genkuisinsideout","from":"2017-05-09","mode":"submitSocial","container":"all","username":"arwin"}]
2017-05-11 05:08:51	[{"keyword":"starwars","from":"2017-05-09","mode":"submitSocial","container":"all","username":"arwin"}]
2017-05-11 05:08:54	[{"keyword":"#kopaja","from":"2017-05-09","mode":"submitSocial","container":"all","username":"arwin"}]
2017-05-11 05:08:56	[{"keyword":"mldspot","from":"2017-05-09","mode":"submitSocial","container":"all","username":"arwin"}]
2017-05-11 05:08:59	[{"keyword":"pbdjarum","from":"2017-05-09","mode":"submitSocial","container":"all","username":"arwin"}]
2017-05-11 05:09:01	[{"keyword":"temannabati","from":"2017-05-09","mode":"submitSocial","container":"all","username":"arwin"}]
2017-05-11 05:09:04	[{"keyword":"nextar","from":"2017-05-09","mode":"submitSocial","container":"all","username":"arwin"}]
2017-05-11 05:09:07	[{"keyword":"jokowo","from":"2017-05-09","mode":"submitSocial","container":"all","username":"arwin"}]
2017-05-11 05:09:10	[{"keyword":"prabowo","from":"2017-05-09","mode":"submitSocial","container":"all","username":"arwin"}]
2017-05-11 05:09:13	[{"keyword":"sudirman said","from":"2017-05-09","mode":"submitSocial","container":"all","username":"arwin"}]
2017-05-11 05:09:32	[{"keyword":"ahok","from":"2017-05-09","mode":"submitSocial","container":"all","username":"arwin"}]
2017-05-11 05:09:35	[{"keyword":"setyanovanto","from":"2017-05-09","mode":"submitSocial","container":"all","username":"arwin"}]
2017-05-11 05:09:42	[{"keyword":"jokowi","from":"2017-05-09","mode":"submitSocial","container":"all","username":"arwin"}]
2017-05-11 05:10:02	[{"keyword":"ahok","from":"2017-05-09","mode":"submitSocial","container":"all","username":"arwin"}]
2017-05-11 05:10:06	[{"keyword":"prabowo","from":"2017-05-09","mode":"submitSocial","container":"all","username":"arwin"}]
2017-05-11 05:10:08	[{"keyword":"sudirman said","from":"2017-05-09","mode":"submitSocial","container":"all","username":"arwin"}]
2017-05-11 05:10:11	[{"keyword":"setyanovanto","from":"2017-05-09","mode":"submitSocial","container":"all","username":"arwin"}]
2017-05-11 05:10:15	[{"keyword":"galau","from":"2017-05-09","mode":"submitSocial","container":"all","username":"arwin"}]
2017-05-11 05:10:17	[{"keyword":"#prestasiindonesia","from":"2017-05-09","mode":"submitSocial","container":"all","username":"arwin"}]
2017-05-11 05:10:20	[{"keyword":"@tw_debi","from":"2017-05-09","mode":"submitSocial","container":"all","username":"arwin"}]
2017-05-11 05:10:22	[{"keyword":"@officialfastron","from":"2017-05-09","mode":"submitSocial","container":"all","username":"arwin"}]
2017-05-11 05:10:24	[{"keyword":"@citibankid","from":"2017-05-09","mode":"submitSocial","container":"all","username":"arwin"}]
2017-05-11 05:10:26	[{"keyword":"@jak101fm","from":"2017-05-09","mode":"submitSocial","container":"all","username":"arwin"}]
2017-05-11 05:10:29	[{"keyword":"@genfm","from":"2017-05-09","mode":"submitSocial","container":"all","username":"arwin"}]
