2017-07-04 05:00:01	worker	@987genfm;2017-07-02 - 2017-07-02;submitSocial;all;arwin
2017-07-04 05:00:05	worker	@101jakfm;2017-07-02 - 2017-07-02;submitSocial;all;arwin
2017-07-04 05:00:08	worker	@prambors;2017-07-02 - 2017-07-02;submitSocial;all;arwin
2017-07-04 05:00:11	worker	@hardrockfm;2017-07-02 - 2017-07-02;submitSocial;all;arwin
2017-07-04 05:00:13	worker	@kisfmjakarta;2017-07-02 - 2017-07-02;submitSocial;all;arwin
2017-07-04 05:00:16	worker	@delta_fm;2017-07-02 - 2017-07-02;submitSocial;all;arwin
2017-07-04 05:00:18	worker	@traxfmjkt;2017-07-02 - 2017-07-02;submitSocial;all;arwin
2017-07-04 05:00:21	worker	@iradiojakarta;2017-07-02 - 2017-07-02;submitSocial;all;arwin
2017-07-04 05:00:24	worker	@indika9160fm;2017-07-02 - 2017-07-02;submitSocial;all;arwin
2017-07-04 05:00:26	worker	@shellindonesia;2017-07-02 - 2017-07-02;submitSocial;all;arwin
2017-07-04 05:00:29	worker	@vpowerfans;2017-07-02 - 2017-07-02;submitSocial;all;arwin
2017-07-04 05:00:31	worker	@pertamaxind;2017-07-02 - 2017-07-02;submitSocial;all;arwin
2017-07-04 05:00:35	worker	@ptpertamina;2017-07-02 - 2017-07-02;submitSocial;all;arwin
2017-07-04 05:00:38	worker	@OZRadioJakarta;2017-07-02 - 2017-07-02;submitSocial;all;arwin
2017-07-04 05:00:40	worker	@CosmopolitanFM;2017-07-02 - 2017-07-02;submitSocial;all;arwin
2017-07-04 05:00:42	worker	@mustang88fm;2017-07-02 - 2017-07-02;submitSocial;all;arwin
2017-07-04 05:00:45	worker	@debabaz;2017-07-02 - 2017-07-02;submitSocial;all;arwin
2017-07-04 05:00:47	worker	@detikcom;2017-07-02 - 2017-07-02;submitSocial;all;arwin
2017-07-04 05:00:51	worker	@radioelshinta;2017-07-02 - 2017-07-02;submitSocial;all;arwin
2017-07-04 05:00:54	worker	@cinema21;2017-07-02 - 2017-07-02;submitSocial;all;arwin
2017-07-04 05:00:56	worker	@OfficialRCTI;2017-07-02 - 2017-07-02;submitSocial;all;arwin
2017-07-04 05:00:59	worker	@TRANSTV_CORP;2017-07-02 - 2017-07-02;submitSocial;all;arwin
2017-07-04 05:01:02	worker	@TRANS7;2017-07-02 - 2017-07-02;submitSocial;all;arwin
2017-07-04 05:01:05	worker	@Metro_TV;2017-07-02 - 2017-07-02;submitSocial;all;arwin
2017-07-04 05:01:08	worker	@tvOneNews;2017-07-02 - 2017-07-02;submitSocial;all;arwin
2017-07-04 05:01:11	worker	@whatsonANTV;2017-07-02 - 2017-07-02;submitSocial;all;arwin
2017-07-04 05:01:15	worker	@SCTV_;2017-07-02 - 2017-07-02;submitSocial;all;arwin
2017-07-04 05:01:18	worker	@KompasTV;2017-07-02 - 2017-07-02;submitSocial;all;arwin
2017-07-04 05:01:20	worker	@netmediatama;2017-07-02 - 2017-07-02;submitSocial;all;arwin
2017-07-04 05:01:24	worker	@Globaltvseru;2017-07-02 - 2017-07-02;submitSocial;all;arwin
2017-07-04 05:01:26	worker	@JaktvCom;2017-07-02 - 2017-07-02;submitSocial;all;arwin
2017-07-04 05:01:28	worker	@TVRINasional;2017-07-02 - 2017-07-02;submitSocial;all;arwin
2017-07-04 05:01:31	worker	@ochannelupdates;2017-07-02 - 2017-07-02;submitSocial;all;arwin
2017-07-04 05:01:33	worker	@IndosiarID;2017-07-02 - 2017-07-02;submitSocial;all;arwin
2017-07-04 05:01:37	worker	@kompascom;2017-07-02 - 2017-07-02;submitSocial;all;arwin
2017-07-04 05:01:40	worker	@merdekadotcom;2017-07-02 - 2017-07-02;submitSocial;all;arwin
2017-07-04 05:01:43	worker	@MIdotcom;2017-07-02 - 2017-07-02;submitSocial;all;arwin
2017-07-04 05:01:45	worker	@tempodotco;2017-07-02 - 2017-07-02;submitSocial;all;arwin
2017-07-04 05:01:48	worker	@motion975fm;2017-07-02 - 2017-07-02;submitSocial;all;arwin
2017-07-04 05:01:51	worker	@_radiotoday;2017-07-02 - 2017-07-02;submitSocial;all;arwin
2017-07-04 05:01:53	worker	@radioinfo;2017-07-02 - 2017-07-02;submitSocial;all;arwin
2017-07-04 05:01:55	worker	@979FeMaleRadio;2017-07-02 - 2017-07-02;submitSocial;all;arwin
2017-07-04 05:01:57	worker	@WomanRadio943FM;2017-07-02 - 2017-07-02;submitSocial;all;arwin
2017-07-04 05:02:00	worker	@VRadioFM;2017-07-02 - 2017-07-02;submitSocial;all;arwin
2017-07-04 05:02:03	worker	@UFM947;2017-07-02 - 2017-07-02;submitSocial;all;arwin
2017-07-04 05:02:05	worker	@VIVAnews;2017-07-02 - 2017-07-02;submitSocial;all;arwin
2017-07-04 05:02:07	worker	@antaranews;2017-07-02 - 2017-07-02;submitSocial;all;arwin
2017-07-04 05:02:10	worker	@tribunnews;2017-07-02 - 2017-07-02;submitSocial;all;arwin
2017-07-04 05:02:14	worker	@okezonenews;2017-07-02 - 2017-07-02;submitSocial;all;arwin
2017-07-04 05:02:16	worker	@Beritasatu;2017-07-02 - 2017-07-02;submitSocial;all;arwin
2017-07-04 05:02:19	worker	@rollingstoneina;2017-07-02 - 2017-07-02;submitSocial;all;arwin
2017-07-04 05:02:21	worker	@FIMELAdotcom;2017-07-02 - 2017-07-02;submitSocial;all;arwin
2017-07-04 05:02:24	worker	@KapanLagicom;2017-07-02 - 2017-07-02;submitSocial;all;arwin
2017-07-04 05:02:26	worker	@KompasEnt ;2017-07-02 - 2017-07-02;submitSocial;all;arwin
2017-07-04 05:02:29	worker	@HaiMagazine;2017-07-02 - 2017-07-02;submitSocial;all;arwin
2017-07-04 05:02:32	worker	@JakartaVenue;2017-07-02 - 2017-07-02;submitSocial;all;arwin
2017-07-04 05:02:34	worker	@SeputarEvent;2017-07-02 - 2017-07-02;submitSocial;all;arwin
2017-07-04 05:02:37	worker	@ismayaLive;2017-07-02 - 2017-07-02;submitSocial;all;arwin
2017-07-04 05:02:39	worker	@ECEntertainment;2017-07-02 - 2017-07-02;submitSocial;all;arwin
2017-07-04 05:02:41	worker	@synergism_En;2017-07-02 - 2017-07-02;submitSocial;all;arwin
2017-07-04 05:02:44	worker	@Urbanbandung;2017-07-02 - 2017-07-02;submitSocial;all;arwin
2017-07-04 05:02:46	worker	@Urbanrkm995;2017-07-02 - 2017-07-02;submitSocial;all;arwin
2017-07-04 05:02:47	worker	@Garuda_Promo;2017-07-02 - 2017-07-02;submitSocial;all;arwin
2017-07-04 05:02:50	worker	@AirAsiaID;2017-07-02 - 2017-07-02;submitSocial;all;arwin
2017-07-04 05:02:52	worker	@KAI121;2017-07-02 - 2017-07-02;submitSocial;all;arwin
2017-07-04 05:02:55	worker	@Unilever;2017-07-02 - 2017-07-02;submitSocial;all;arwin
2017-07-04 05:02:57	worker	@Nestle;2017-07-02 - 2017-07-02;submitSocial;all;arwin
2017-07-04 05:03:00	worker	@CocaCola;2017-07-02 - 2017-07-02;submitSocial;all;arwin
2017-07-04 05:03:07	worker	@CNN;2017-07-02 - 2017-07-02;submitSocial;all;arwin
2017-07-04 05:03:16	worker	@MTV;2017-07-02 - 2017-07-02;submitSocial;all;arwin
2017-07-04 05:03:21	worker	@channelv;2017-07-02 - 2017-07-02;submitSocial;all;arwin
2017-07-04 05:03:23	worker	@iTunesMusic;2017-07-02 - 2017-07-02;submitSocial;all;arwin
2017-07-04 05:03:25	worker	@mashable;2017-07-02 - 2017-07-02;submitSocial;all;arwin
2017-07-04 05:03:29	worker	@decacaz;2017-07-02 - 2017-07-02;submitSocial;all;arwin
2017-07-04 05:03:31	worker	@radiobaru967FM;2017-07-02 - 2017-07-02;submitSocial;all;arwin
2017-07-04 05:03:33	worker	@967HitzFM;2017-07-02 - 2017-07-02;submitSocial;all;arwin
2017-07-04 05:03:35	worker	@TVGuide;2017-07-02 - 2017-07-02;submitSocial;all;arwin
2017-07-04 05:03:38	worker	@XL123;2017-07-02 - 2017-07-02;submitSocial;all;arwin
2017-07-04 05:03:41	worker	@triindonesia;2017-07-02 - 2017-07-02;submitSocial;all;arwin
2017-07-04 05:03:43	worker	@kaskus;2017-07-02 - 2017-07-02;submitSocial;all;arwin
2017-07-04 05:03:46	worker	@Studio_XXI;2017-07-02 - 2017-07-02;submitSocial;all;arwin
2017-07-04 05:03:48	worker	@blitzmegaplex;2017-07-02 - 2017-07-02;submitSocial;all;arwin
2017-07-04 05:03:50	worker	@alfamartku;2017-07-02 - 2017-07-02;submitSocial;all;arwin
2017-07-04 05:03:52	worker	@Carrefour_ID;2017-07-02 - 2017-07-02;submitSocial;all;arwin
2017-07-04 05:03:55	worker	@BBCBreaking;2017-07-02 - 2017-07-02;submitSocial;all;arwin
2017-07-04 05:03:58	worker	@Forbes;2017-07-02 - 2017-07-02;submitSocial;all;arwin
2017-07-04 05:04:04	worker	@BensRadio;2017-07-02 - 2017-07-02;submitSocial;all;arwin
2017-07-04 05:04:07	worker	@instagram;2017-07-02 - 2017-07-02;submitSocial;all;arwin
2017-07-04 05:04:11	worker	@Pinterest;2017-07-02 - 2017-07-02;submitSocial;all;arwin
2017-07-04 05:04:14	worker	@google;2017-07-02 - 2017-07-02;submitSocial;all;arwin
2017-07-04 05:04:20	worker	@Pertaminalub;2017-07-02 - 2017-07-02;submitSocial;all;arwin
2017-07-04 05:04:22	worker	@InfoLalinTol;2017-07-02 - 2017-07-02;submitSocial;all;arwin
2017-07-04 05:04:25	worker	@PTJASAMARGA;2017-07-02 - 2017-07-02;submitSocial;all;arwin
2017-07-04 05:04:27	worker	@cititransindo;2017-07-02 - 2017-07-02;submitSocial;all;arwin
2017-07-04 05:04:30	worker	#semangatpagisuperr;2017-07-02 - 2017-07-02;submitSocial;all;arwin
2017-07-04 05:04:32	worker	#genkuisinsideout;2017-07-02 - 2017-07-02;submitSocial;all;arwin
2017-07-04 05:04:34	worker	#semangatpagi;2017-07-02 - 2017-07-02;submitSocial;all;arwin
2017-07-04 05:04:36	worker	#dikamar;2017-07-02 - 2017-07-02;submitSocial;all;arwin
2017-07-04 05:04:38	worker	#kopaja;2017-07-02 - 2017-07-02;submitSocial;all;arwin
2017-07-04 05:04:41	worker	#generaksi8;2017-07-02 - 2017-07-02;submitSocial;all;arwin
2017-07-04 05:04:43	worker	#hitztsp;2017-07-02 - 2017-07-02;submitSocial;all;arwin
2017-07-04 05:04:45	worker	#np;2017-07-02 - 2017-07-02;submitSocial;all;arwin
2017-07-04 05:04:48	worker	#hitzlivestage;2017-07-02 - 2017-07-02;submitSocial;all;arwin
2017-07-04 05:04:51	worker	#thefreaks;2017-07-02 - 2017-07-02;submitSocial;all;arwin
2017-07-04 05:04:53	worker	#hitzsirkuspagi;2017-07-02 - 2017-07-02;submitSocial;all;arwin
2017-07-04 05:04:55	worker	#hitzathlon;2017-07-02 - 2017-07-02;submitSocial;all;arwin
2017-07-04 05:04:57	worker	#hitzzombie;2017-07-02 - 2017-07-02;submitSocial;all;arwin
2017-07-04 05:05:00	worker	#hitzkalong;2017-07-02 - 2017-07-02;submitSocial;all;arwin
2017-07-04 05:05:02	worker	#hitzbebas;2017-07-02 - 2017-07-02;submitSocial;all;arwin
2017-07-04 05:05:04	worker	#hitzhorehara;2017-07-02 - 2017-07-02;submitSocial;all;arwin
2017-07-04 05:05:07	worker	@ZaloraID;2017-07-02 - 2017-07-02;submitSocial;all;arwin
2017-07-04 05:05:09	worker	@OLX_Indonesia;2017-07-02 - 2017-07-02;submitSocial;all;arwin
2017-07-04 05:05:12	worker	@LazadaID;2017-07-02 - 2017-07-02;submitSocial;all;arwin
2017-07-04 05:05:14	worker	@utrippers;2017-07-02 - 2017-07-02;submitSocial;all;arwin
2017-07-04 05:05:17	worker	@GoGobot;2017-07-02 - 2017-07-02;submitSocial;all;arwin
2017-07-04 05:05:19	worker	@viatortravel;2017-07-02 - 2017-07-02;submitSocial;all;arwin
2017-07-04 05:05:21	worker	@alandakariza;2017-07-02 - 2017-07-02;submitSocial;all;arwin
2017-07-04 05:05:24	worker	@gagasmedia;2017-07-02 - 2017-07-02;submitSocial;all;arwin
2017-07-04 05:05:26	worker	@welovehonda;2017-07-02 - 2017-07-02;submitSocial;all;arwin
2017-07-04 05:05:29	worker	@SuzukiMotorID;2017-07-02 - 2017-07-02;submitSocial;all;arwin
2017-07-04 05:05:31	worker	@kawasakilovers;2017-07-02 - 2017-07-02;submitSocial;all;arwin
2017-07-04 05:05:34	worker	@yamahaindonesia;2017-07-02 - 2017-07-02;submitSocial;all;arwin
2017-07-04 05:05:36	worker	@tripanzee;2017-07-02 - 2017-07-02;submitSocial;all;arwin
2017-07-04 05:05:39	worker	@arnoldpoernomo;2017-07-02 - 2017-07-02;submitSocial;all;arwin
2017-07-04 05:05:41	worker	@nicsap;2017-07-02 - 2017-07-02;submitSocial;all;arwin
2017-07-04 05:05:44	worker	@tiket2;2017-07-02 - 2017-07-02;submitSocial;all;arwin
2017-07-04 05:05:46	worker	@traveloka;2017-07-02 - 2017-07-02;submitSocial;all;arwin
2017-07-04 05:05:48	worker	@wego;2017-07-02 - 2017-07-02;submitSocial;all;arwin
2017-07-04 05:05:51	worker	@agoda;2017-07-02 - 2017-07-02;submitSocial;all;arwin
2017-07-04 05:05:54	worker	#salahsambung;2017-07-02 - 2017-07-02;submitSocial;all;arwin
2017-07-04 05:05:56	worker	#tulalit;2017-07-02 - 2017-07-02;submitSocial;all;arwin
2017-07-04 05:05:59	worker	#pestageneraksi8;2017-07-02 - 2017-07-02;submitSocial;all;arwin
2017-07-04 05:06:01	worker	#ganaskustik;2017-07-02 - 2017-07-02;submitSocial;all;arwin
2017-07-04 05:06:03	worker	#lnhot20;2017-07-02 - 2017-07-02;submitSocial;all;arwin
2017-07-04 05:06:05	worker	@TripAdvisor;2017-07-02 - 2017-07-02;submitSocial;all;arwin
2017-07-04 05:06:08	worker	@google;2017-07-02 - 2017-07-02;submitSocial;all;arwin
2017-07-04 05:06:13	worker	@Telkomsel;2017-07-02 - 2017-07-02;submitSocial;all;arwin
2017-07-04 05:06:16	worker	@indosat;2017-07-02 - 2017-07-02;submitSocial;all;arwin
2017-07-04 05:06:19	worker	@bahanafmjkt;2017-07-02 - 2017-07-02;submitSocial;all;2017-07-04 05:06:24	worker	@sonorafm92;2017-07-02 - 2017-07-02;submitSocial;all;arwin
2017-07-04 05:06:26	worker	@litefm1058;2017-07-02 - 2017-07-02;submitSocial;all;arwin
2017-07-04 05:06:28	worker	@Bravaradio;2017-07-02 - 2017-07-02;submitSocial;all;arwin
2017-07-04 05:06:31	worker	#dgitm;2017-07-02 - 2017-07-02;submitSocial;all;arwin
2017-07-04 05:06:34	worker	#hitsalaprambors;2017-07-02 - 2017-07-02;submitSocial;all;arwin
2017-07-04 05:06:36	worker	#reqprambors;2017-07-02 - 2017-07-02;submitSocial;all;arwin
2017-07-04 05:06:38	worker	#thedandees;2017-07-02 - 2017-07-02;submitSocial;all;arwin
2017-07-04 05:06:40	worker	#pramborsquiz;2017-07-02 - 2017-07-02;submitSocial;all;arwin
2017-07-04 05:06:42	worker	#jeliprambors;2017-07-02 - 2017-07-02;submitSocial;all;arwin
2017-07-04 05:06:44	worker	#jodohinprambors;2017-07-02 - 2017-07-02;submitSocial;all;arwin
2017-07-04 05:06:46	worker	#ubahdenganbicara;2017-07-02 - 2017-07-02;submitSocial;all;arwin
2017-07-04 05:06:49	worker	#pramborschat;2017-07-02 - 2017-07-02;submitSocial;all;arwin
2017-07-04 05:06:51	worker	#tweetforduit;2017-07-02 - 2017-07-02;submitSocial;all;arwin
2017-07-04 05:06:53	worker	#joki3in1;2017-07-02 - 2017-07-02;submitSocial;all;arwin
2017-07-04 05:06:55	worker	#sarapanseru;2017-07-02 - 2017-07-02;submitSocial;all;arwin
2017-07-04 05:06:57	worker	#rawonkaneloop;2017-07-02 - 2017-07-02;submitSocial;all;arwin
2017-07-04 05:06:59	worker	#gudegkendilkeraton;2017-07-02 - 2017-07-02;submitSocial;all;arwin
2017-07-04 05:07:02	worker	#gadogadobutika;2017-07-02 - 2017-07-02;submitSocial;all;arwin
2017-07-04 05:07:04	worker	#mtvhottest;2017-07-02 - 2017-07-02;submitSocial;all;arwin
2017-07-04 05:07:06	worker	#dimsumcjdw;2017-07-02 - 2017-07-02;submitSocial;all;arwin
2017-07-04 05:07:08	worker	#pecelmadiunmbakniek;2017-07-02 - 2017-07-02;submitSocial;all;arwin
2017-07-04 05:07:10	worker	#depotarema;2017-07-02 - 2017-07-02;submitSocial;all;arwin
2017-07-04 05:07:13	worker	@BNI46;2017-07-02 - 2017-07-02;submitSocial;all;arwin
2017-07-04 05:07:15	worker	@BANKBRI_ID;2017-07-02 - 2017-07-02;submitSocial;all;arwin
2017-07-04 05:07:17	worker	#bni46;2017-07-02 - 2017-07-02;submitSocial;all;arwin
2017-07-04 05:07:20	worker	macet;2017-07-02 - 2017-07-02;submitSocial;all;arwin
2017-07-04 05:07:25	worker	#selamatpagi;2017-07-02 - 2017-07-02;submitSocial;all;arwin
2017-07-04 05:07:27	worker	#selamatmalam;2017-07-02 - 2017-07-02;submitSocial;all;arwin
2017-07-04 05:07:29	worker	@884GlobalRadio;2017-07-02 - 2017-07-02;submitSocial;all;arwin
2017-07-04 05:07:31	worker	@day_trans;2017-07-02 - 2017-07-02;submitSocial;all;arwin
2017-07-04 05:07:34	worker	@kencanavoyage;2017-07-02 - 2017-07-02;submitSocial;all;arwin
2017-07-04 05:07:36	worker	@jukebox5d;2017-07-02 - 2017-07-02;submitSocial;all;arwin
2017-07-04 05:07:38	worker	#mtvhottest;2017-07-02 - 2017-07-02;submitSocial;all;arwin
2017-07-04 05:07:41	worker	#semangatpagi;2017-07-02 - 2017-07-02;submitSocial;all;arwin
2017-07-04 05:07:43	worker	lifebuoy;2017-07-02 - 2017-07-02;submitSocial;all;arwin
2017-07-04 05:07:45	worker	jokowi;2017-07-02 - 2017-07-02;submitSocial;all;arwin
2017-07-04 05:07:53	worker	obama;2017-07-02 - 2017-07-02;submitSocial;all;arwin
2017-07-04 05:08:05	worker	starwars;2017-07-02 - 2017-07-02;submitSocial;all;arwin
2017-07-04 05:08:08	worker	jonan;2017-07-02 - 2017-07-02;submitSocial;all;arwin
2017-07-04 05:08:12	worker	pagi;2017-07-02 - 2017-07-02;submitSocial;all;arwin
2017-07-04 05:08:20	worker	sampoerna;2017-07-02 - 2017-07-02;submitSocial;all;arwin
2017-07-04 05:08:23	worker	djarum;2017-07-02 - 2017-07-02;submitSocial;all;arwin
2017-07-04 05:08:26	worker	#semangatpagi;2017-07-02 - 2017-07-02;submitSocial;all;arwin
2017-07-04 05:08:29	worker	#generaksi8;2017-07-02 - 2017-07-02;submitSocial;all;arwin
2017-07-04 05:08:31	worker	#365alasan;2017-07-02 - 2017-07-02;submitSocial;all;arwin
2017-07-04 05:08:33	worker	weew;2017-07-02 - 2017-07-02;submitSocial;all;arwin
2017-07-04 05:08:37	worker	testing;2017-07-02 - 2017-07-02;submitSocial;all;arwin
2017-07-04 05:08:46	worker	#kopaja;2017-07-02 - 2017-07-02;submitSocial;all;arwin
2017-07-04 05:08:48	worker	#genkuisinsideout;2017-07-02 - 2017-07-02;submitSocial;all;arwin
2017-07-04 05:08:50	worker	starwars;2017-07-02 - 2017-07-02;submitSocial;all;arwin
2017-07-04 05:08:53	worker	#kopaja;2017-07-02 - 2017-07-02;submitSocial;all;arwin
2017-07-04 05:08:56	worker	mldspot;2017-07-02 - 2017-07-02;submitSocial;all;arwin
2017-07-04 05:08:58	worker	PBDjarum;2017-07-02 - 2017-07-02;submitSocial;all;arwin
2017-07-04 05:09:01	worker	TemanNabati;2017-07-02 - 2017-07-02;submitSocial;all;arwin
2017-07-04 05:09:03	worker	Nextar;2017-07-02 - 2017-07-02;submitSocial;all;arwin
2017-07-04 05:09:06	worker	jokowo;2017-07-02 - 2017-07-02;submitSocial;all;arwin
2017-07-04 05:09:09	worker	prabowo;2017-07-02 - 2017-07-02;submitSocial;all;arwin
2017-07-04 05:09:12	worker	sudirman said;2017-07-02 - 2017-07-02;submitSocial;all;arwin
2017-07-04 05:09:15	worker	ahok;2017-07-02 - 2017-07-02;submitSocial;all;arwin
2017-07-04 05:09:22	worker	setyanovanto;2017-07-02 - 2017-07-02;submitSocial;all;arwin
2017-07-04 05:09:25	worker	jokowi;2017-07-02 - 2017-07-02;submitSocial;all;arwin
2017-07-04 05:09:33	worker	ahok;2017-07-02 - 2017-07-02;submitSocial;all;arwin
2017-07-04 05:09:39	worker	prabowo;2017-07-02 - 2017-07-02;submitSocial;all;arwin
2017-07-04 05:09:42	worker	sudirman said;2017-07-02 - 2017-07-02;submitSocial;all;arwin
2017-07-04 05:09:45	worker	setyanovanto;2017-07-02 - 2017-07-02;submitSocial;all;arwin
2017-07-04 05:09:47	worker	galau;2017-07-02 - 2017-07-02;submitSocial;all;arwin
2017-07-04 05:09:51	worker	#prestasiindonesia;2017-07-02 - 2017-07-02;submitSocial;all;arwin
2017-07-04 05:09:54	worker	@Tw_Debi;2017-07-02 - 2017-07-02;submitSocial;all;arwin
2017-07-04 05:09:56	worker	@OfficialFastron;2017-07-02 - 2017-07-02;submitSocial;all;arwin
2017-07-04 05:09:59	worker	@CitibankID;2017-07-02 - 2017-07-02;submitSocial;all;arwin
2017-07-04 05:10:01	worker	@jak101fm;2017-07-02 - 2017-07-02;submitSocial;all;arwin
2017-07-04 05:10:04	worker	@genfm;2017-07-02 - 2017-07-02;submitSocial;all;arwin
