2017-03-13 05:00:15	[{"keyword":"@987genfm","from":"2017-03-11","mode":"submitSocial","container":"all","username":"arwin"}]
2017-03-13 05:00:28	[{"keyword":"@101jakfm","from":"2017-03-11","mode":"submitSocial","container":"all","username":"arwin"}]
2017-03-13 05:00:41	[{"keyword":"@prambors","from":"2017-03-11","mode":"submitSocial","container":"all","username":"arwin"}]
2017-03-13 05:00:53	[{"keyword":"@hardrockfm","from":"2017-03-11","mode":"submitSocial","container":"all","username":"arwin"}]
2017-03-13 05:01:06	[{"keyword":"@kisfmjakarta","from":"2017-03-11","mode":"submitSocial","container":"all","username":"arwin"}]
2017-03-13 05:01:18	[{"keyword":"@delta_fm","from":"2017-03-11","mode":"submitSocial","container":"all","username":"arwin"}]
2017-03-13 05:01:31	[{"keyword":"@traxfmjkt","from":"2017-03-11","mode":"submitSocial","container":"all","username":"arwin"}]
2017-03-13 05:01:43	[{"keyword":"@iradiojakarta","from":"2017-03-11","mode":"submitSocial","container":"all","username":"arwin"}]
2017-03-13 05:01:55	[{"keyword":"@indika9160fm","from":"2017-03-11","mode":"submitSocial","container":"all","username":"arwin"}]
2017-03-13 05:02:07	[{"keyword":"@shellindonesia","from":"2017-03-11","mode":"submitSocial","container":"all","username":"arwin"}]
2017-03-13 05:02:19	[{"keyword":"@vpowerfans","from":"2017-03-11","mode":"submitSocial","container":"all","username":"arwin"}]
2017-03-13 05:02:32	[{"keyword":"@pertamaxind","from":"2017-03-11","mode":"submitSocial","container":"all","username":"arwin"}]
2017-03-13 05:02:44	[{"keyword":"@ptpertamina","from":"2017-03-11","mode":"submitSocial","container":"all","username":"arwin"}]
2017-03-13 05:02:56	[{"keyword":"@ozradiojakarta","from":"2017-03-11","mode":"submitSocial","container":"all","username":"arwin"}]
2017-03-13 05:03:09	[{"keyword":"@cosmopolitanfm","from":"2017-03-11","mode":"submitSocial","container":"all","username":"arwin"}]
2017-03-13 05:03:21	[{"keyword":"@mustang88fm","from":"2017-03-11","mode":"submitSocial","container":"all","username":"arwin"}]
2017-03-13 05:03:33	[{"keyword":"@debabaz","from":"2017-03-11","mode":"submitSocial","container":"all","username":"arwin"}]
2017-03-13 05:03:46	[{"keyword":"@detikcom","from":"2017-03-11","mode":"submitSocial","container":"all","username":"arwin"}]
2017-03-13 05:03:59	[{"keyword":"@radioelshinta","from":"2017-03-11","mode":"submitSocial","container":"all","username":"arwin"}]
2017-03-13 05:04:11	[{"keyword":"@cinema21","from":"2017-03-11","mode":"submitSocial","container":"all","username":"arwin"}]
2017-03-13 05:04:24	[{"keyword":"@officialrcti","from":"2017-03-11","mode":"submitSocial","container":"all","username":"arwin"}]
2017-03-13 05:04:37	[{"keyword":"@transtv_corp","from":"2017-03-11","mode":"submitSocial","container":"all","username":"arwin"}]
2017-03-13 05:04:50	[{"keyword":"@trans7","from":"2017-03-11","mode":"submitSocial","container":"all","username":"arwin"}]
2017-03-13 05:05:03	[{"keyword":"@metro_tv","from":"2017-03-11","mode":"submitSocial","container":"all","username":"arwin"}]
2017-03-13 05:05:16	[{"keyword":"@tvonenews","from":"2017-03-11","mode":"submitSocial","container":"all","username":"arwin"}]
2017-03-13 05:05:29	[{"keyword":"@whatsonantv","from":"2017-03-11","mode":"submitSocial","container":"all","username":"arwin"}]
2017-03-13 05:05:42	[{"keyword":"@sctv_","from":"2017-03-11","mode":"submitSocial","container":"all","username":"arwin"}]
2017-03-13 05:05:55	[{"keyword":"@kompastv","from":"2017-03-11","mode":"submitSocial","container":"all","username":"arwin"}]
2017-03-13 05:06:08	[{"keyword":"@netmediatama","from":"2017-03-11","mode":"submitSocial","container":"all","username":"arwin"}]
2017-03-13 05:06:20	[{"keyword":"@globaltvseru","from":"2017-03-11","mode":"submitSocial","container":"all","username":"arwin"}]
2017-03-13 05:06:33	[{"keyword":"@jaktvcom","from":"2017-03-11","mode":"submitSocial","container":"all","username":"arwin"}]
2017-03-13 05:06:45	[{"keyword":"@tvrinasional","from":"2017-03-11","mode":"submitSocial","container":"all","username":"arwin"}]
2017-03-13 05:06:57	[{"keyword":"@ochannelupdates","from":"2017-03-11","mode":"submitSocial","container":"all","username":"arwin"}]
2017-03-13 05:07:10	[{"keyword":"@indosiarid","from":"2017-03-11","mode":"submitSocial","container":"all","username":"arwin"}]
2017-03-13 05:07:24	[{"keyword":"@kompascom","from":"2017-03-11","mode":"submitSocial","container":"all","username":"arwin"}]
2017-03-13 05:07:36	[{"keyword":"@merdekadotcom","from":"2017-03-11","mode":"submitSocial","container":"all","username":"arwin"}]
2017-03-13 05:07:48	[{"keyword":"@midotcom","from":"2017-03-11","mode":"submitSocial","container":"all","username":"arwin"}]
2017-03-13 05:08:01	[{"keyword":"@tempodotco","from":"2017-03-11","mode":"submitSocial","container":"all","username":"arwin"}]
2017-03-13 05:08:13	[{"keyword":"@motion975fm","from":"2017-03-11","mode":"submitSocial","container":"all","username":"arwin"}]
2017-03-13 05:08:26	[{"keyword":"@_radiotoday","from":"2017-03-11","mode":"submitSocial","container":"all","username":"arwin"}]
2017-03-13 05:08:38	[{"keyword":"@radioinfo","from":"2017-03-11","mode":"submitSocial","container":"all","username":"arwin"}]
2017-03-13 05:08:51	[{"keyword":"@979femaleradio","from":"2017-03-11","mode":"submitSocial","container":"all","username":"arwin"}]
2017-03-13 05:09:03	[{"keyword":"@womanradio943fm","from":"2017-03-11","mode":"submitSocial","container":"all","username":"arwin"}]
2017-03-13 05:09:16	[{"keyword":"@vradiofm","from":"2017-03-11","mode":"submitSocial","container":"all","username":"arwin"}]
2017-03-13 05:09:28	[{"keyword":"@ufm947","from":"2017-03-11","mode":"submitSocial","container":"all","username":"arwin"}]
2017-03-13 05:09:40	[{"keyword":"@vivanews","from":"2017-03-11","mode":"submitSocial","container":"all","username":"arwin"}]
2017-03-13 05:09:52	[{"keyword":"@antaranews","from":"2017-03-11","mode":"submitSocial","container":"all","username":"arwin"}]
2017-03-13 05:10:06	[{"keyword":"@tribunnews","from":"2017-03-11","mode":"submitSocial","container":"all","username":"arwin"}]
2017-03-13 05:10:19	[{"keyword":"@okezonenews","from":"2017-03-11","mode":"submitSocial","container":"all","username":"arwin"}]
2017-03-13 05:10:33	[{"keyword":"@beritasatu","from":"2017-03-11","mode":"submitSocial","container":"all","username":"arwin"}]
2017-03-13 05:10:45	[{"keyword":"@rollingstoneina","from":"2017-03-11","mode":"submitSocial","container":"all","username":"arwin"}]
2017-03-13 05:10:57	[{"keyword":"@fimeladotcom","from":"2017-03-11","mode":"submitSocial","container":"all","username":"arwin"}]
2017-03-13 05:11:10	[{"keyword":"@kapanlagicom","from":"2017-03-11","mode":"submitSocial","container":"all","username":"arwin"}]
2017-03-13 05:11:22	[{"keyword":"@kompasent","from":"2017-03-11","mode":"submitSocial","container":"all","username":"arwin"}]
2017-03-13 05:11:35	[{"keyword":"@haimagazine","from":"2017-03-11","mode":"submitSocial","container":"all","username":"arwin"}]
2017-03-13 05:11:47	[{"keyword":"@jakartavenue","from":"2017-03-11","mode":"submitSocial","container":"all","username":"arwin"}]
2017-03-13 05:11:59	[{"keyword":"@seputarevent","from":"2017-03-11","mode":"submitSocial","container":"all","username":"arwin"}]
2017-03-13 05:12:12	[{"keyword":"@ismayalive","from":"2017-03-11","mode":"submitSocial","container":"all","username":"arwin"}]
2017-03-13 05:12:24	[{"keyword":"@ecentertainment","from":"2017-03-11","mode":"submitSocial","container":"all","username":"arwin"}]
2017-03-13 05:12:37	[{"keyword":"@synergism_en","from":"2017-03-11","mode":"submitSocial","container":"all","username":"arwin"}]
2017-03-13 05:12:48	[{"keyword":"@urbanbandung","from":"2017-03-11","mode":"submitSocial","container":"all","username":"arwin"}]
2017-03-13 05:13:00	[{"keyword":"@urbanrkm995","from":"2017-03-11","mode":"submitSocial","container":"all","username":"arwin"}]
2017-03-13 05:13:12	[{"keyword":"@garuda_promo","from":"2017-03-11","mode":"submitSocial","container":"all","username":"arwin"}]
2017-03-13 05:13:25	[{"keyword":"@airasiaid","from":"2017-03-11","mode":"submitSocial","container":"all","username":"arwin"}]
2017-03-13 05:13:37	[{"keyword":"@kai121","from":"2017-03-11","mode":"submitSocial","container":"all","username":"arwin"}]
2017-03-13 05:13:50	[{"keyword":"@unilever","from":"2017-03-11","mode":"submitSocial","container":"all","username":"arwin"}]
2017-03-13 05:14:03	[{"keyword":"@nestle","from":"2017-03-11","mode":"submitSocial","container":"all","username":"arwin"}]
2017-03-13 05:14:16	[{"keyword":"@cocacola","from":"2017-03-11","mode":"submitSocial","container":"all","username":"arwin"}]
2017-03-13 05:14:34	[{"keyword":"@cnn","from":"2017-03-11","mode":"submitSocial","container":"all","username":"arwin"}]
2017-03-13 05:14:48	[{"keyword":"@mtv","from":"2017-03-11","mode":"submitSocial","container":"all","username":"arwin"}]
2017-03-13 05:15:00	[{"keyword":"@channelv","from":"2017-03-11","mode":"submitSocial","container":"all","username":"arwin"}]
2017-03-13 05:15:13	[{"keyword":"@itunesmusic","from":"2017-03-11","mode":"submitSocial","container":"all","username":"arwin"}]
2017-03-13 05:15:27	[{"keyword":"@mashable","from":"2017-03-11","mode":"submitSocial","container":"all","username":"arwin"}]
2017-03-13 05:15:39	[{"keyword":"@decacaz","from":"2017-03-11","mode":"submitSocial","container":"all","username":"arwin"}]
2017-03-13 05:15:51	[{"keyword":"@radiobaru967fm","from":"2017-03-11","mode":"submitSocial","container":"all","username":"arwin"}]
2017-03-13 05:16:04	[{"keyword":"@967hitzfm","from":"2017-03-11","mode":"submitSocial","container":"all","username":"arwin"}]
2017-03-13 05:16:16	[{"keyword":"@tvguide","from":"2017-03-11","mode":"submitSocial","container":"all","username":"arwin"}]
2017-03-13 05:16:29	[{"keyword":"@xl123","from":"2017-03-11","mode":"submitSocial","container":"all","username":"arwin"}]
2017-03-13 05:16:42	[{"keyword":"@triindonesia","from":"2017-03-11","mode":"submitSocial","container":"all","username":"arwin"}]
2017-03-13 05:16:54	[{"keyword":"@kaskus","from":"2017-03-11","mode":"submitSocial","container":"all","username":"arwin"}]
2017-03-13 05:17:06	[{"keyword":"@studio_xxi","from":"2017-03-11","mode":"submitSocial","container":"all","username":"arwin"}]
2017-03-13 05:17:18	[{"keyword":"@blitzmegaplex","from":"2017-03-11","mode":"submitSocial","container":"all","username":"arwin"}]
2017-03-13 05:17:31	[{"keyword":"@alfamartku","from":"2017-03-11","mode":"submitSocial","container":"all","username":"arwin"}]
2017-03-13 05:17:43	[{"keyword":"@carrefour_id","from":"2017-03-11","mode":"submitSocial","container":"all","username":"arwin"}]
2017-03-13 05:17:56	[{"keyword":"@bbcbreaking","from":"2017-03-11","mode":"submitSocial","container":"all","username":"arwin"}]
2017-03-13 05:18:13	[{"keyword":"@forbes","from":"2017-03-11","mode":"submitSocial","container":"all","username":"arwin"}]
2017-03-13 05:18:26	[{"keyword":"@bensradio","from":"2017-03-11","mode":"submitSocial","container":"all","username":"arwin"}]
2017-03-13 05:18:41	[{"keyword":"@instagram","from":"2017-03-11","mode":"submitSocial","container":"all","username":"arwin"}]
2017-03-13 05:18:54	[{"keyword":"@pinterest","from":"2017-03-11","mode":"submitSocial","container":"all","username":"arwin"}]
2017-03-13 05:19:10	[{"keyword":"@google","from":"2017-03-11","mode":"submitSocial","container":"all","username":"arwin"}]
2017-03-13 05:19:22	[{"keyword":"@pertaminalub","from":"2017-03-11","mode":"submitSocial","container":"all","username":"arwin"}]
2017-03-13 05:19:34	[{"keyword":"@infolalintol","from":"2017-03-11","mode":"submitSocial","container":"all","username":"arwin"}]
2017-03-13 05:19:46	[{"keyword":"@ptjasamarga","from":"2017-03-11","mode":"submitSocial","container":"all","username":"arwin"}]
2017-03-13 05:19:58	[{"keyword":"@cititransindo","from":"2017-03-11","mode":"submitSocial","container":"all","username":"arwin"}]
2017-03-13 05:20:11	[{"keyword":"#semangatpagisuperr","from":"2017-03-11","mode":"submitSocial","container":"all","username":"arwin"}]
2017-03-13 05:20:23	[{"keyword":"#genkuisinsideout","from":"2017-03-11","mode":"submitSocial","container":"all","username":"arwin"}]
2017-03-13 05:20:36	[{"keyword":"#semangatpagi","from":"2017-03-11","mode":"submitSocial","container":"all","username":"arwin"}]
2017-03-13 05:20:48	[{"keyword":"#dikamar","from":"2017-03-11","mode":"submitSocial","container":"all","username":"arwin"}]
2017-03-13 05:21:00	[{"keyword":"#kopaja","from":"2017-03-11","mode":"submitSocial","container":"all","username":"arwin"}]
2017-03-13 05:21:12	[{"keyword":"#generaksi8","from":"2017-03-11","mode":"submitSocial","container":"all","username":"arwin"}]
2017-03-13 05:21:25	[{"keyword":"#hitztsp","from":"2017-03-11","mode":"submitSocial","container":"all","username":"arwin"}]
2017-03-13 05:21:38	[{"keyword":"#np","from":"2017-03-11","mode":"submitSocial","container":"all","username":"arwin"}]
2017-03-13 05:21:50	[{"keyword":"#hitzlivestage","from":"2017-03-11","mode":"submitSocial","container":"all","username":"arwin"}]
2017-03-13 05:22:03	[{"keyword":"#thefreaks","from":"2017-03-11","mode":"submitSocial","container":"all","username":"arwin"}]
2017-03-13 05:22:15	[{"keyword":"#hitzsirkuspagi","from":"2017-03-11","mode":"submitSocial","container":"all","username":"arwin"}]
2017-03-13 05:22:28	[{"keyword":"#hitzathlon","from":"2017-03-11","mode":"submitSocial","container":"all","username":"arwin"}]
2017-03-13 05:22:40	[{"keyword":"#hitzzombie","from":"2017-03-11","mode":"submitSocial","container":"all","username":"arwin"}]
2017-03-13 05:22:52	[{"keyword":"#hitzkalong","from":"2017-03-11","mode":"submitSocial","container":"all","username":"arwin"}]
2017-03-13 05:23:04	[{"keyword":"#hitzbebas","from":"2017-03-11","mode":"submitSocial","container":"all","username":"arwin"}]
2017-03-13 05:23:17	[{"keyword":"#hitzhorehara","from":"2017-03-11","mode":"submitSocial","container":"all","username":"arwin"}]
2017-03-13 05:23:29	[{"keyword":"@zaloraid","from":"2017-03-11","mode":"submitSocial","container":"all","username":"arwin"}]
2017-03-13 05:23:41	[{"keyword":"@olx_indonesia","from":"2017-03-11","mode":"submitSocial","container":"all","username":"arwin"}]
2017-03-13 05:23:53	[{"keyword":"@lazadaid","from":"2017-03-11","mode":"submitSocial","container":"all","username":"arwin"}]
2017-03-13 05:24:06	[{"keyword":"@utrippers","from":"2017-03-11","mode":"submitSocial","container":"all","username":"arwin"}]
2017-03-13 05:24:18	[{"keyword":"@gogobot","from":"2017-03-11","mode":"submitSocial","container":"all","username":"arwin"}]
2017-03-13 05:24:31	[{"keyword":"@viatortravel","from":"2017-03-11","mode":"submitSocial","container":"all","username":"arwin"}]
2017-03-13 05:24:43	[{"keyword":"@alandakariza","from":"2017-03-11","mode":"submitSocial","container":"all","username":"arwin"}]
2017-03-13 05:24:55	[{"keyword":"@gagasmedia","from":"2017-03-11","mode":"submitSocial","container":"all","username":"arwin"}]
2017-03-13 05:25:08	[{"keyword":"@welovehonda","from":"2017-03-11","mode":"submitSocial","container":"all","username":"arwin"}]
2017-03-13 05:25:21	[{"keyword":"@suzukimotorid","from":"2017-03-11","mode":"submitSocial","container":"all","username":"arwin"}]
2017-03-13 05:25:33	[{"keyword":"@kawasakilovers","from":"2017-03-11","mode":"submitSocial","container":"all","username":"arwin"}]
2017-03-13 05:25:45	[{"keyword":"@yamahaindonesia","from":"2017-03-11","mode":"submitSocial","container":"all","username":"arwin"}]
2017-03-13 05:25:57	[{"keyword":"@tripanzee","from":"2017-03-11","mode":"submitSocial","container":"all","username":"arwin"}]
2017-03-13 05:26:09	[{"keyword":"@arnoldpoernomo","from":"2017-03-11","mode":"submitSocial","container":"all","username":"arwin"}]
2017-03-13 05:26:22	[{"keyword":"@nicsap","from":"2017-03-11","mode":"submitSocial","container":"all","username":"arwin"}]
2017-03-13 05:26:35	[{"keyword":"@tiket2","from":"2017-03-11","mode":"submitSocial","container":"all","username":"arwin"}]
2017-03-13 05:26:47	[{"keyword":"@traveloka","from":"2017-03-11","mode":"submitSocial","container":"all","username":"arwin"}]
2017-03-13 05:27:00	[{"keyword":"@wego","from":"2017-03-11","mode":"submitSocial","container":"all","username":"arwin"}]
2017-03-13 05:27:13	[{"keyword":"@agoda","from":"2017-03-11","mode":"submitSocial","container":"all","username":"arwin"}]
2017-03-13 05:27:26	[{"keyword":"#salahsambung","from":"2017-03-11","mode":"submitSocial","container":"all","username":"arwin"}]
2017-03-13 05:27:38	[{"keyword":"#tulalit","from":"2017-03-11","mode":"submitSocial","container":"all","username":"arwin"}]
2017-03-13 05:27:50	[{"keyword":"#pestageneraksi8","from":"2017-03-11","mode":"submitSocial","container":"all","username":"arwin"}]
2017-03-13 05:28:02	[{"keyword":"#ganaskustik","from":"2017-03-11","mode":"submitSocial","container":"all","username":"arwin"}]
2017-03-13 05:28:14	[{"keyword":"#lnhot20","from":"2017-03-11","mode":"submitSocial","container":"all","username":"arwin"}]
2017-03-13 05:28:26	[{"keyword":"@tripadvisor","from":"2017-03-11","mode":"submitSocial","container":"all","username":"arwin"}]
2017-03-13 05:28:42	[{"keyword":"@google","from":"2017-03-11","mode":"submitSocial","container":"all","username":"arwin"}]
2017-03-13 05:28:56	[{"keyword":"@telkomsel","from":"2017-03-11","mode":"submitSocial","container":"all","username":"arwin"}]
2017-03-13 05:29:08	[{"keyword":"@indosat","from":"2017-03-11","mode":"submitSocial","container":"all","username":"arwin"}]
2017-03-13 05:29:29	[{"keyword":"@bahanafmjkt","from":"2017-03-11","mode":"submitSocial","container":"all","username":""}]
2017-03-13 05:29:43	[{"keyword":"@sonorafm92","from":"2017-03-11","mode":"submitSocial","container":"all","username":"arwin"}]
2017-03-13 05:29:55	[{"keyword":"@litefm1058","from":"2017-03-11","mode":"submitSocial","container":"all","username":"arwin"}]
2017-03-13 05:30:08	[{"keyword":"@bravaradio","from":"2017-03-11","mode":"submitSocial","container":"all","username":"arwin"}]
2017-03-13 05:30:21	[{"keyword":"#dgitm","from":"2017-03-11","mode":"submitSocial","container":"all","username":"arwin"}]
2017-03-13 05:30:34	[{"keyword":"#hitsalaprambors","from":"2017-03-11","mode":"submitSocial","container":"all","username":"arwin"}]
2017-03-13 05:30:46	[{"keyword":"#reqprambors","from":"2017-03-11","mode":"submitSocial","container":"all","username":"arwin"}]
2017-03-13 05:30:58	[{"keyword":"#thedandees","from":"2017-03-11","mode":"submitSocial","container":"all","username":"arwin"}]
2017-03-13 05:31:10	[{"keyword":"#pramborsquiz","from":"2017-03-11","mode":"submitSocial","container":"all","username":"arwin"}]
2017-03-13 05:31:22	[{"keyword":"#jeliprambors","from":"2017-03-11","mode":"submitSocial","container":"all","username":"arwin"}]
2017-03-13 05:31:34	[{"keyword":"#jodohinprambors","from":"2017-03-11","mode":"submitSocial","container":"all","username":"arwin"}]
2017-03-13 05:31:46	[{"keyword":"#ubahdenganbicara","from":"2017-03-11","mode":"submitSocial","container":"all","username":"arwin"}]
2017-03-13 05:31:58	[{"keyword":"#pramborschat","from":"2017-03-11","mode":"submitSocial","container":"all","username":"arwin"}]
2017-03-13 05:32:10	[{"keyword":"#tweetforduit","from":"2017-03-11","mode":"submitSocial","container":"all","username":"arwin"}]
2017-03-13 05:32:22	[{"keyword":"#joki3in1","from":"2017-03-11","mode":"submitSocial","container":"all","username":"arwin"}]
2017-03-13 05:32:35	[{"keyword":"#sarapanseru","from":"2017-03-11","mode":"submitSocial","container":"all","username":"arwin"}]
2017-03-13 05:32:47	[{"keyword":"#rawonkaneloop","from":"2017-03-11","mode":"submitSocial","container":"all","username":"arwin"}]
2017-03-13 05:32:59	[{"keyword":"#gudegkendilkeraton","from":"2017-03-11","mode":"submitSocial","container":"all","username":"arwin"}]
2017-03-13 05:33:11	[{"keyword":"#gadogadobutika","from":"2017-03-11","mode":"submitSocial","container":"all","username":"arwin"}]
2017-03-13 05:33:24	[{"keyword":"#mtvhottest","from":"2017-03-11","mode":"submitSocial","container":"all","username":"arwin"}]
2017-03-13 05:33:36	[{"keyword":"#dimsumcjdw","from":"2017-03-11","mode":"submitSocial","container":"all","username":"arwin"}]
2017-03-13 05:33:47	[{"keyword":"#pecelmadiunmbakniek","from":"2017-03-11","mode":"submitSocial","container":"all","username":"arwin"}]
2017-03-13 05:34:00	[{"keyword":"#depotarema","from":"2017-03-11","mode":"submitSocial","container":"all","username":"arwin"}]
2017-03-13 05:34:12	[{"keyword":"@bni46","from":"2017-03-11","mode":"submitSocial","container":"all","username":"arwin"}]
2017-03-13 05:34:25	[{"keyword":"@bankbri_id","from":"2017-03-11","mode":"submitSocial","container":"all","username":"arwin"}]
2017-03-13 05:34:37	[{"keyword":"#bni46","from":"2017-03-11","mode":"submitSocial","container":"all","username":"arwin"}]
2017-03-13 05:34:51	[{"keyword":"macet","from":"2017-03-11","mode":"submitSocial","container":"all","username":"arwin"}]
2017-03-13 05:35:04	[{"keyword":"#selamatpagi","from":"2017-03-11","mode":"submitSocial","container":"all","username":"arwin"}]
2017-03-13 05:35:16	[{"keyword":"#selamatmalam","from":"2017-03-11","mode":"submitSocial","container":"all","username":"arwin"}]
2017-03-13 05:35:28	[{"keyword":"@884globalradio","from":"2017-03-11","mode":"submitSocial","container":"all","username":"arwin"}]
2017-03-13 05:35:40	[{"keyword":"@day_trans","from":"2017-03-11","mode":"submitSocial","container":"all","username":"arwin"}]
2017-03-13 05:35:53	[{"keyword":"@kencanavoyage","from":"2017-03-11","mode":"submitSocial","container":"all","username":"arwin"}]
2017-03-13 05:36:05	[{"keyword":"@jukebox5d","from":"2017-03-11","mode":"submitSocial","container":"all","username":"arwin"}]
2017-03-13 05:36:17	[{"keyword":"#mtvhottest","from":"2017-03-11","mode":"submitSocial","container":"all","username":"arwin"}]
2017-03-13 05:36:30	[{"keyword":"#semangatpagi","from":"2017-03-11","mode":"submitSocial","container":"all","username":"arwin"}]
2017-03-13 05:36:42	[{"keyword":"lifebuoy","from":"2017-03-11","mode":"submitSocial","container":"all","username":"arwin"}]
2017-03-13 05:36:58	[{"keyword":"jokowi","from":"2017-03-11","mode":"submitSocial","container":"all","username":"arwin"}]
2017-03-13 05:37:17	[{"keyword":"obama","from":"2017-03-11","mode":"submitSocial","container":"all","username":"arwin"}]
2017-03-13 05:37:29	[{"keyword":"starwars","from":"2017-03-11","mode":"submitSocial","container":"all","username":"arwin"}]
2017-03-13 05:37:43	[{"keyword":"jonan","from":"2017-03-11","mode":"submitSocial","container":"all","username":"arwin"}]
2017-03-13 05:38:02	[{"keyword":"pagi","from":"2017-03-11","mode":"submitSocial","container":"all","username":"arwin"}]
2017-03-13 05:38:14	[{"keyword":"sampoerna","from":"2017-03-11","mode":"submitSocial","container":"all","username":"arwin"}]
2017-03-13 05:38:27	[{"keyword":"djarum","from":"2017-03-11","mode":"submitSocial","container":"all","username":"arwin"}]
2017-03-13 05:38:39	[{"keyword":"#semangatpagi","from":"2017-03-11","mode":"submitSocial","container":"all","username":"arwin"}]
2017-03-13 05:38:51	[{"keyword":"#generaksi8","from":"2017-03-11","mode":"submitSocial","container":"all","username":"arwin"}]
2017-03-13 05:39:03	[{"keyword":"#365alasan","from":"2017-03-11","mode":"submitSocial","container":"all","username":"arwin"}]
2017-03-13 05:39:17	[{"keyword":"weew","from":"2017-03-11","mode":"submitSocial","container":"all","username":"arwin"}]
2017-03-13 05:39:33	[{"keyword":"testing","from":"2017-03-11","mode":"submitSocial","container":"all","username":"arwin"}]
2017-03-13 05:39:46	[{"keyword":"#kopaja","from":"2017-03-11","mode":"submitSocial","container":"all","username":"arwin"}]
2017-03-13 05:39:58	[{"keyword":"#genkuisinsideout","from":"2017-03-11","mode":"submitSocial","container":"all","username":"arwin"}]
2017-03-13 05:40:11	[{"keyword":"starwars","from":"2017-03-11","mode":"submitSocial","container":"all","username":"arwin"}]
2017-03-13 05:40:24	[{"keyword":"#kopaja","from":"2017-03-11","mode":"submitSocial","container":"all","username":"arwin"}]
2017-03-13 05:40:37	[{"keyword":"mldspot","from":"2017-03-11","mode":"submitSocial","container":"all","username":"arwin"}]
2017-03-13 05:40:49	[{"keyword":"pbdjarum","from":"2017-03-11","mode":"submitSocial","container":"all","username":"arwin"}]
2017-03-13 05:41:02	[{"keyword":"temannabati","from":"2017-03-11","mode":"submitSocial","container":"all","username":"arwin"}]
2017-03-13 05:41:15	[{"keyword":"nextar","from":"2017-03-11","mode":"submitSocial","container":"all","username":"arwin"}]
2017-03-13 05:41:28	[{"keyword":"jokowo","from":"2017-03-11","mode":"submitSocial","container":"all","username":"arwin"}]
2017-03-13 05:41:42	[{"keyword":"prabowo","from":"2017-03-11","mode":"submitSocial","container":"all","username":"arwin"}]
2017-03-13 05:41:54	[{"keyword":"sudirman said","from":"2017-03-11","mode":"submitSocial","container":"all","username":"arwin"}]
2017-03-13 05:42:11	[{"keyword":"ahok","from":"2017-03-11","mode":"submitSocial","container":"all","username":"arwin"}]
2017-03-13 05:42:23	[{"keyword":"setyanovanto","from":"2017-03-11","mode":"submitSocial","container":"all","username":"arwin"}]
2017-03-13 05:42:39	[{"keyword":"jokowi","from":"2017-03-11","mode":"submitSocial","container":"all","username":"arwin"}]
2017-03-13 05:42:56	[{"keyword":"ahok","from":"2017-03-11","mode":"submitSocial","container":"all","username":"arwin"}]
2017-03-13 05:43:10	[{"keyword":"prabowo","from":"2017-03-11","mode":"submitSocial","container":"all","username":"arwin"}]
2017-03-13 05:43:22	[{"keyword":"sudirman said","from":"2017-03-11","mode":"submitSocial","container":"all","username":"arwin"}]
2017-03-13 05:43:34	[{"keyword":"setyanovanto","from":"2017-03-11","mode":"submitSocial","container":"all","username":"arwin"}]
2017-03-13 05:43:49	[{"keyword":"galau","from":"2017-03-11","mode":"submitSocial","container":"all","username":"arwin"}]
2017-03-13 05:44:00	[{"keyword":"#prestasiindonesia","from":"2017-03-11","mode":"submitSocial","container":"all","username":"arwin"}]
2017-03-13 05:44:13	[{"keyword":"@tw_debi","from":"2017-03-11","mode":"submitSocial","container":"all","username":"arwin"}]
2017-03-13 05:44:25	[{"keyword":"@officialfastron","from":"2017-03-11","mode":"submitSocial","container":"all","username":"arwin"}]
2017-03-13 05:44:38	[{"keyword":"@citibankid","from":"2017-03-11","mode":"submitSocial","container":"all","username":"arwin"}]
2017-03-13 05:44:50	[{"keyword":"@jak101fm","from":"2017-03-11","mode":"submitSocial","container":"all","username":"arwin"}]
2017-03-13 05:45:04	[{"keyword":"@genfm","from":"2017-03-11","mode":"submitSocial","container":"all","username":"arwin"}]
