2017-03-21 05:00:02	worker	@987genfm;2017-03-19 - 2017-03-19;submitSocial;all;arwin
2017-03-21 05:00:05	worker	@101jakfm;2017-03-19 - 2017-03-19;submitSocial;all;arwin
2017-03-21 05:00:08	worker	@prambors;2017-03-19 - 2017-03-19;submitSocial;all;arwin
2017-03-21 05:00:11	worker	@hardrockfm;2017-03-19 - 2017-03-19;submitSocial;all;arwin
2017-03-21 05:00:14	worker	@kisfmjakarta;2017-03-19 - 2017-03-19;submitSocial;all;arwin
2017-03-21 05:00:16	worker	@delta_fm;2017-03-19 - 2017-03-19;submitSocial;all;arwin
2017-03-21 05:00:19	worker	@traxfmjkt;2017-03-19 - 2017-03-19;submitSocial;all;arwin
2017-03-21 05:00:22	worker	@iradiojakarta;2017-03-19 - 2017-03-19;submitSocial;all;arwin
2017-03-21 05:00:24	worker	@indika9160fm;2017-03-19 - 2017-03-19;submitSocial;all;arwin
2017-03-21 05:00:27	worker	@shellindonesia;2017-03-19 - 2017-03-19;submitSocial;all;arwin
2017-03-21 05:00:29	worker	@vpowerfans;2017-03-19 - 2017-03-19;submitSocial;all;arwin
2017-03-21 05:00:31	worker	@pertamaxind;2017-03-19 - 2017-03-19;submitSocial;all;arwin
2017-03-21 05:00:34	worker	@ptpertamina;2017-03-19 - 2017-03-19;submitSocial;all;arwin
2017-03-21 05:00:37	worker	@OZRadioJakarta;2017-03-19 - 2017-03-19;submitSocial;all;arwin
2017-03-21 05:00:39	worker	@CosmopolitanFM;2017-03-19 - 2017-03-19;submitSocial;all;arwin
2017-03-21 05:00:42	worker	@mustang88fm;2017-03-19 - 2017-03-19;submitSocial;all;arwin
2017-03-21 05:00:44	worker	@debabaz;2017-03-19 - 2017-03-19;submitSocial;all;arwin
2017-03-21 05:00:46	worker	@detikcom;2017-03-19 - 2017-03-19;submitSocial;all;arwin
2017-03-21 05:00:50	worker	@radioelshinta;2017-03-19 - 2017-03-19;submitSocial;all;arwin
2017-03-21 05:00:53	worker	@cinema21;2017-03-19 - 2017-03-19;submitSocial;all;arwin
2017-03-21 05:00:55	worker	@OfficialRCTI;2017-03-19 - 2017-03-19;submitSocial;all;arwin
2017-03-21 05:00:58	worker	@TRANSTV_CORP;2017-03-19 - 2017-03-19;submitSocial;all;arwin
2017-03-21 05:01:02	worker	@TRANS7;2017-03-19 - 2017-03-19;submitSocial;all;arwin
2017-03-21 05:01:04	worker	@Metro_TV;2017-03-19 - 2017-03-19;submitSocial;all;arwin
2017-03-21 05:01:07	worker	@tvOneNews;2017-03-19 - 2017-03-19;submitSocial;all;arwin
2017-03-21 05:01:10	worker	@whatsonANTV;2017-03-19 - 2017-03-19;submitSocial;all;arwin
2017-03-21 05:01:13	worker	@SCTV_;2017-03-19 - 2017-03-19;submitSocial;all;arwin
2017-03-21 05:01:16	worker	@KompasTV;2017-03-19 - 2017-03-19;submitSocial;all;arwin
2017-03-21 05:01:19	worker	@netmediatama;2017-03-19 - 2017-03-19;submitSocial;all;arwin
2017-03-21 05:01:22	worker	@Globaltvseru;2017-03-19 - 2017-03-19;submitSocial;all;arwin
2017-03-21 05:01:25	worker	@JaktvCom;2017-03-19 - 2017-03-19;submitSocial;all;arwin
2017-03-21 05:01:27	worker	@TVRINasional;2017-03-19 - 2017-03-19;submitSocial;all;arwin
2017-03-21 05:01:30	worker	@ochannelupdates;2017-03-19 - 2017-03-19;submitSocial;all;arwin
2017-03-21 05:01:32	worker	@IndosiarID;2017-03-19 - 2017-03-19;submitSocial;all;arwin
2017-03-21 05:01:35	worker	@kompascom;2017-03-19 - 2017-03-19;submitSocial;all;arwin
2017-03-21 05:01:39	worker	@merdekadotcom;2017-03-19 - 2017-03-19;submitSocial;all;arwin
2017-03-21 05:01:41	worker	@MIdotcom;2017-03-19 - 2017-03-19;submitSocial;all;arwin
2017-03-21 05:01:44	worker	@tempodotco;2017-03-19 - 2017-03-19;submitSocial;all;arwin
2017-03-21 05:01:46	worker	@motion975fm;2017-03-19 - 2017-03-19;submitSocial;all;arwin
2017-03-21 05:01:49	worker	@_radiotoday;2017-03-19 - 2017-03-19;submitSocial;all;arwin
2017-03-21 05:01:51	worker	@radioinfo;2017-03-19 - 2017-03-19;submitSocial;all;arwin
2017-03-21 05:01:54	worker	@979FeMaleRadio;2017-03-19 - 2017-03-19;submitSocial;all;arwin
2017-03-21 05:01:56	worker	@WomanRadio943FM;2017-03-19 - 2017-03-19;submitSocial;all;arwin
2017-03-21 05:01:58	worker	@VRadioFM;2017-03-19 - 2017-03-19;submitSocial;all;arwin
2017-03-21 05:02:01	worker	@UFM947;2017-03-19 - 2017-03-19;submitSocial;all;arwin
2017-03-21 05:02:03	worker	@VIVAnews;2017-03-19 - 2017-03-19;submitSocial;all;arwin
2017-03-21 05:02:06	worker	@antaranews;2017-03-19 - 2017-03-19;submitSocial;all;arwin
2017-03-21 05:02:08	worker	@tribunnews;2017-03-19 - 2017-03-19;submitSocial;all;arwin
2017-03-21 05:02:11	worker	@okezonenews;2017-03-19 - 2017-03-19;submitSocial;all;arwin
2017-03-21 05:02:14	worker	@Beritasatu;2017-03-19 - 2017-03-19;submitSocial;all;arwin
2017-03-21 05:02:17	worker	@rollingstoneina;2017-03-19 - 2017-03-19;submitSocial;all;arwin
2017-03-21 05:02:19	worker	@FIMELAdotcom;2017-03-19 - 2017-03-19;submitSocial;all;arwin
2017-03-21 05:02:22	worker	@KapanLagicom;2017-03-19 - 2017-03-19;submitSocial;all;arwin
2017-03-21 05:02:24	worker	@KompasEnt ;2017-03-19 - 2017-03-19;submitSocial;all;arwin
2017-03-21 05:02:27	worker	@HaiMagazine;2017-03-19 - 2017-03-19;submitSocial;all;arwin
2017-03-21 05:02:30	worker	@JakartaVenue;2017-03-19 - 2017-03-19;submitSocial;all;arwin
2017-03-21 05:02:32	worker	@SeputarEvent;2017-03-19 - 2017-03-19;submitSocial;all;arwin
2017-03-21 05:02:34	worker	@ismayaLive;2017-03-19 - 2017-03-19;submitSocial;all;arwin
2017-03-21 05:02:37	worker	@ECEntertainment;2017-03-19 - 2017-03-19;submitSocial;all;arwin
2017-03-21 05:02:39	worker	@synergism_En;2017-03-19 - 2017-03-19;submitSocial;all;arwin
2017-03-21 05:02:42	worker	@Urbanbandung;2017-03-19 - 2017-03-19;submitSocial;all;arwin
2017-03-21 05:02:44	worker	@Urbanrkm995;2017-03-19 - 2017-03-19;submitSocial;all;arwin
2017-03-21 05:02:46	worker	@Garuda_Promo;2017-03-19 - 2017-03-19;submitSocial;all;arwin
2017-03-21 05:02:48	worker	@AirAsiaID;2017-03-19 - 2017-03-19;submitSocial;all;arwin
2017-03-21 05:02:51	worker	@KAI121;2017-03-19 - 2017-03-19;submitSocial;all;arwin
2017-03-21 05:02:53	worker	@Unilever;2017-03-19 - 2017-03-19;submitSocial;all;arwin
2017-03-21 05:02:56	worker	@Nestle;2017-03-19 - 2017-03-19;submitSocial;all;arwin
2017-03-21 05:03:00	worker	@CocaCola;2017-03-19 - 2017-03-19;submitSocial;all;arwin
2017-03-21 05:03:04	worker	@CNN;2017-03-19 - 2017-03-19;submitSocial;all;arwin
2017-03-21 05:03:10	worker	@MTV;2017-03-19 - 2017-03-19;submitSocial;all;arwin
2017-03-21 05:03:14	worker	@channelv;2017-03-19 - 2017-03-19;submitSocial;all;arwin
2017-03-21 05:03:17	worker	@iTunesMusic;2017-03-19 - 2017-03-19;submitSocial;all;arwin
2017-03-21 05:03:19	worker	@mashable;2017-03-19 - 2017-03-19;submitSocial;all;arwin
2017-03-21 05:03:23	worker	@decacaz;2017-03-19 - 2017-03-19;submitSocial;all;arwin
2017-03-21 05:03:25	worker	@radiobaru967FM;2017-03-19 - 2017-03-19;submitSocial;all;arwin
2017-03-21 05:03:28	worker	@967HitzFM;2017-03-19 - 2017-03-19;submitSocial;all;arwin
2017-03-21 05:03:30	worker	@TVGuide;2017-03-19 - 2017-03-19;submitSocial;all;arwin
2017-03-21 05:03:33	worker	@XL123;2017-03-19 - 2017-03-19;submitSocial;all;arwin
2017-03-21 05:03:36	worker	@triindonesia;2017-03-19 - 2017-03-19;submitSocial;all;arwin
2017-03-21 05:03:38	worker	@kaskus;2017-03-19 - 2017-03-19;submitSocial;all;arwin
2017-03-21 05:03:42	worker	@Studio_XXI;2017-03-19 - 2017-03-19;submitSocial;all;arwin
2017-03-21 05:03:44	worker	@blitzmegaplex;2017-03-19 - 2017-03-19;submitSocial;all;arwin
2017-03-21 05:03:46	worker	@alfamartku;2017-03-19 - 2017-03-19;submitSocial;all;arwin
2017-03-21 05:03:48	worker	@Carrefour_ID;2017-03-19 - 2017-03-19;submitSocial;all;arwin
2017-03-21 05:03:51	worker	@BBCBreaking;2017-03-19 - 2017-03-19;submitSocial;all;arwin
2017-03-21 05:03:54	worker	@Forbes;2017-03-19 - 2017-03-19;submitSocial;all;arwin
2017-03-21 05:03:59	worker	@BensRadio;2017-03-19 - 2017-03-19;submitSocial;all;arwin
2017-03-21 05:04:02	worker	@instagram;2017-03-19 - 2017-03-19;submitSocial;all;arwin
2017-03-21 05:04:07	worker	@Pinterest;2017-03-19 - 2017-03-19;submitSocial;all;arwin
2017-03-21 05:04:10	worker	@google;2017-03-19 - 2017-03-19;submitSocial;all;arwin
2017-03-21 05:04:15	worker	@Pertaminalub;2017-03-19 - 2017-03-19;submitSocial;all;arwin
2017-03-21 05:04:18	worker	@InfoLalinTol;2017-03-19 - 2017-03-19;submitSocial;all;arwin
2017-03-21 05:04:20	worker	@PTJASAMARGA;2017-03-19 - 2017-03-19;submitSocial;all;arwin
2017-03-21 05:04:23	worker	@cititransindo;2017-03-19 - 2017-03-19;submitSocial;all;arwin
2017-03-21 05:04:25	worker	#semangatpagisuperr;2017-03-19 - 2017-03-19;submitSocial;all;arwin
2017-03-21 05:04:27	worker	#genkuisinsideout;2017-03-19 - 2017-03-19;submitSocial;all;arwin
2017-03-21 05:04:29	worker	#semangatpagi;2017-03-19 - 2017-03-19;submitSocial;all;arwin
2017-03-21 05:04:32	worker	#dikamar;2017-03-19 - 2017-03-19;submitSocial;all;arwin
2017-03-21 05:04:34	worker	#kopaja;2017-03-19 - 2017-03-19;submitSocial;all;arwin
2017-03-21 05:04:37	worker	#generaksi8;2017-03-19 - 2017-03-19;submitSocial;all;arwin
2017-03-21 05:04:39	worker	#hitztsp;2017-03-19 - 2017-03-19;submitSocial;all;arwin
2017-03-21 05:04:42	worker	#np;2017-03-19 - 2017-03-19;submitSocial;all;arwin
2017-03-21 05:04:45	worker	#hitzlivestage;2017-03-19 - 2017-03-19;submitSocial;all;arwin
2017-03-21 05:04:48	worker	#thefreaks;2017-03-19 - 2017-03-19;submitSocial;all;arwin
2017-03-21 05:04:50	worker	#hitzsirkuspagi;2017-03-19 - 2017-03-19;submitSocial;all;arwin
2017-03-21 05:04:52	worker	#hitzathlon;2017-03-19 - 2017-03-19;submitSocial;all;arwin
2017-03-21 05:04:55	worker	#hitzzombie;2017-03-19 - 2017-03-19;submitSocial;all;arwin
2017-03-21 05:04:58	worker	#hitzkalong;2017-03-19 - 2017-03-19;submitSocial;all;arwin
2017-03-21 05:05:00	worker	#hitzbebas;2017-03-19 - 2017-03-19;submitSocial;all;arwin
2017-03-21 05:05:03	worker	#hitzhorehara;2017-03-19 - 2017-03-19;submitSocial;all;arwin
2017-03-21 05:05:05	worker	@ZaloraID;2017-03-19 - 2017-03-19;submitSocial;all;arwin
2017-03-21 05:05:08	worker	@OLX_Indonesia;2017-03-19 - 2017-03-19;submitSocial;all;arwin
2017-03-21 05:05:10	worker	@LazadaID;2017-03-19 - 2017-03-19;submitSocial;all;arwin
2017-03-21 05:05:13	worker	@utrippers;2017-03-19 - 2017-03-19;submitSocial;all;arwin
2017-03-21 05:05:16	worker	@GoGobot;2017-03-19 - 2017-03-19;submitSocial;all;arwin
2017-03-21 05:05:18	worker	@viatortravel;2017-03-19 - 2017-03-19;submitSocial;all;arwin
2017-03-21 05:05:21	worker	@alandakariza;2017-03-19 - 2017-03-19;submitSocial;all;arwin
2017-03-21 05:05:23	worker	@gagasmedia;2017-03-19 - 2017-03-19;submitSocial;all;arwin
2017-03-21 05:05:26	worker	@welovehonda;2017-03-19 - 2017-03-19;submitSocial;all;arwin
2017-03-21 05:05:28	worker	@SuzukiMotorID;2017-03-19 - 2017-03-19;submitSocial;all;arwin
2017-03-21 05:05:31	worker	@kawasakilovers;2017-03-19 - 2017-03-19;submitSocial;all;arwin
2017-03-21 05:05:33	worker	@yamahaindonesia;2017-03-19 - 2017-03-19;submitSocial;all;arwin
2017-03-21 05:05:35	worker	@tripanzee;2017-03-19 - 2017-03-19;submitSocial;all;arwin
2017-03-21 05:05:38	worker	@arnoldpoernomo;2017-03-19 - 2017-03-19;submitSocial;all;arwin
2017-03-21 05:05:41	worker	@nicsap;2017-03-19 - 2017-03-19;submitSocial;all;arwin
2017-03-21 05:05:43	worker	@tiket2;2017-03-19 - 2017-03-19;submitSocial;all;arwin
2017-03-21 05:05:45	worker	@traveloka;2017-03-19 - 2017-03-19;submitSocial;all;arwin
2017-03-21 05:05:48	worker	@wego;2017-03-19 - 2017-03-19;submitSocial;all;arwin
2017-03-21 05:05:52	worker	@agoda;2017-03-19 - 2017-03-19;submitSocial;all;arwin
2017-03-21 05:05:55	worker	#salahsambung;2017-03-19 - 2017-03-19;submitSocial;all;arwin
2017-03-21 05:05:57	worker	#tulalit;2017-03-19 - 2017-03-19;submitSocial;all;arwin
2017-03-21 05:06:00	worker	#pestageneraksi8;2017-03-19 - 2017-03-19;submitSocial;all;arwin
2017-03-21 05:06:02	worker	#ganaskustik;2017-03-19 - 2017-03-19;submitSocial;all;arwin
2017-03-21 05:06:04	worker	#lnhot20;2017-03-19 - 2017-03-19;submitSocial;all;arwin
2017-03-21 05:06:06	worker	@TripAdvisor;2017-03-19 - 2017-03-19;submitSocial;all;arwin
2017-03-21 05:06:09	worker	@google;2017-03-19 - 2017-03-19;submitSocial;all;arwin
2017-03-21 05:06:14	worker	@Telkomsel;2017-03-19 - 2017-03-19;submitSocial;all;arwin
2017-03-21 05:06:18	worker	@indosat;2017-03-19 - 2017-03-19;submitSocial;all;arwin
2017-03-21 05:06:20	worker	@bahanafmjkt;2017-03-19 - 2017-03-19;submitSocial;all;2017-03-21 05:06:26	worker	@sonorafm92;2017-03-19 - 2017-03-19;submitSocial;all;arwin
2017-03-21 05:06:28	worker	@litefm1058;2017-03-19 - 2017-03-19;submitSocial;all;arwin
2017-03-21 05:06:30	worker	@Bravaradio;2017-03-19 - 2017-03-19;submitSocial;all;arwin
2017-03-21 05:06:32	worker	#dgitm;2017-03-19 - 2017-03-19;submitSocial;all;arwin
2017-03-21 05:06:35	worker	#hitsalaprambors;2017-03-19 - 2017-03-19;submitSocial;all;arwin
2017-03-21 05:06:38	worker	#reqprambors;2017-03-19 - 2017-03-19;submitSocial;all;arwin
2017-03-21 05:06:40	worker	#thedandees;2017-03-19 - 2017-03-19;submitSocial;all;arwin
2017-03-21 05:06:43	worker	#pramborsquiz;2017-03-19 - 2017-03-19;submitSocial;all;arwin
2017-03-21 05:06:45	worker	#jeliprambors;2017-03-19 - 2017-03-19;submitSocial;all;arwin
2017-03-21 05:06:47	worker	#jodohinprambors;2017-03-19 - 2017-03-19;submitSocial;all;arwin
2017-03-21 05:06:49	worker	#ubahdenganbicara;2017-03-19 - 2017-03-19;submitSocial;all;arwin
2017-03-21 05:06:52	worker	#pramborschat;2017-03-19 - 2017-03-19;submitSocial;all;arwin
2017-03-21 05:06:54	worker	#tweetforduit;2017-03-19 - 2017-03-19;submitSocial;all;arwin
2017-03-21 05:06:57	worker	#joki3in1;2017-03-19 - 2017-03-19;submitSocial;all;arwin
2017-03-21 05:06:59	worker	#sarapanseru;2017-03-19 - 2017-03-19;submitSocial;all;arwin
2017-03-21 05:07:01	worker	#rawonkaneloop;2017-03-19 - 2017-03-19;submitSocial;all;arwin
2017-03-21 05:07:03	worker	#gudegkendilkeraton;2017-03-19 - 2017-03-19;submitSocial;all;arwin
2017-03-21 05:07:06	worker	#gadogadobutika;2017-03-19 - 2017-03-19;submitSocial;all;arwin
2017-03-21 05:07:08	worker	#mtvhottest;2017-03-19 - 2017-03-19;submitSocial;all;arwin
2017-03-21 05:07:10	worker	#dimsumcjdw;2017-03-19 - 2017-03-19;submitSocial;all;arwin
2017-03-21 05:07:13	worker	#pecelmadiunmbakniek;2017-03-19 - 2017-03-19;submitSocial;all;arwin
2017-03-21 05:07:15	worker	#depotarema;2017-03-19 - 2017-03-19;submitSocial;all;arwin
2017-03-21 05:07:17	worker	@BNI46;2017-03-19 - 2017-03-19;submitSocial;all;arwin
2017-03-21 05:07:20	worker	@BANKBRI_ID;2017-03-19 - 2017-03-19;submitSocial;all;arwin
2017-03-21 05:07:22	worker	#bni46;2017-03-19 - 2017-03-19;submitSocial;all;arwin
2017-03-21 05:07:25	worker	macet;2017-03-19 - 2017-03-19;submitSocial;all;arwin
2017-03-21 05:07:29	worker	#selamatpagi;2017-03-19 - 2017-03-19;submitSocial;all;arwin
2017-03-21 05:07:32	worker	#selamatmalam;2017-03-19 - 2017-03-19;submitSocial;all;arwin
2017-03-21 05:07:34	worker	@884GlobalRadio;2017-03-19 - 2017-03-19;submitSocial;all;arwin
2017-03-21 05:07:36	worker	@day_trans;2017-03-19 - 2017-03-19;submitSocial;all;arwin
2017-03-21 05:07:39	worker	@kencanavoyage;2017-03-19 - 2017-03-19;submitSocial;all;arwin
2017-03-21 05:07:41	worker	@jukebox5d;2017-03-19 - 2017-03-19;submitSocial;all;arwin
2017-03-21 05:07:44	worker	#mtvhottest;2017-03-19 - 2017-03-19;submitSocial;all;arwin
2017-03-21 05:07:46	worker	#semangatpagi;2017-03-19 - 2017-03-19;submitSocial;all;arwin
2017-03-21 05:07:48	worker	lifebuoy;2017-03-19 - 2017-03-19;submitSocial;all;arwin
2017-03-21 05:07:51	worker	jokowi;2017-03-19 - 2017-03-19;submitSocial;all;arwin
2017-03-21 05:07:56	worker	obama;2017-03-19 - 2017-03-19;submitSocial;all;arwin
2017-03-21 05:08:06	worker	starwars;2017-03-19 - 2017-03-19;submitSocial;all;arwin
2017-03-21 05:08:09	worker	jonan;2017-03-19 - 2017-03-19;submitSocial;all;arwin
2017-03-21 05:08:13	worker	pagi;2017-03-19 - 2017-03-19;submitSocial;all;arwin
2017-03-21 05:08:23	worker	sampoerna;2017-03-19 - 2017-03-19;submitSocial;all;arwin
2017-03-21 05:08:25	worker	djarum;2017-03-19 - 2017-03-19;submitSocial;all;arwin
2017-03-21 05:08:29	worker	#semangatpagi;2017-03-19 - 2017-03-19;submitSocial;all;arwin
2017-03-21 05:08:31	worker	#generaksi8;2017-03-19 - 2017-03-19;submitSocial;all;arwin
2017-03-21 05:08:33	worker	#365alasan;2017-03-19 - 2017-03-19;submitSocial;all;arwin
2017-03-21 05:08:35	worker	weew;2017-03-19 - 2017-03-19;submitSocial;all;arwin
2017-03-21 05:08:39	worker	testing;2017-03-19 - 2017-03-19;submitSocial;all;arwin
2017-03-21 05:08:48	worker	#kopaja;2017-03-19 - 2017-03-19;submitSocial;all;arwin
2017-03-21 05:08:51	worker	#genkuisinsideout;2017-03-19 - 2017-03-19;submitSocial;all;arwin
2017-03-21 05:08:53	worker	starwars;2017-03-19 - 2017-03-19;submitSocial;all;arwin
2017-03-21 05:08:56	worker	#kopaja;2017-03-19 - 2017-03-19;submitSocial;all;arwin
2017-03-21 05:08:59	worker	mldspot;2017-03-19 - 2017-03-19;submitSocial;all;arwin
2017-03-21 05:09:02	worker	PBDjarum;2017-03-19 - 2017-03-19;submitSocial;all;arwin
2017-03-21 05:09:05	worker	TemanNabati;2017-03-19 - 2017-03-19;submitSocial;all;arwin
2017-03-21 05:09:08	worker	Nextar;2017-03-19 - 2017-03-19;submitSocial;all;arwin
2017-03-21 05:09:11	worker	jokowo;2017-03-19 - 2017-03-19;submitSocial;all;arwin
2017-03-21 05:09:14	worker	prabowo;2017-03-19 - 2017-03-19;submitSocial;all;arwin
2017-03-21 05:09:17	worker	sudirman said;2017-03-19 - 2017-03-19;submitSocial;all;arwin
2017-03-21 05:09:20	worker	ahok;2017-03-19 - 2017-03-19;submitSocial;all;arwin
2017-03-21 05:09:28	worker	setyanovanto;2017-03-19 - 2017-03-19;submitSocial;all;arwin
2017-03-21 05:09:31	worker	jokowi;2017-03-19 - 2017-03-19;submitSocial;all;arwin
2017-03-21 05:09:36	worker	ahok;2017-03-19 - 2017-03-19;submitSocial;all;arwin
2017-03-21 05:09:45	worker	prabowo;2017-03-19 - 2017-03-19;submitSocial;all;arwin
2017-03-21 05:09:48	worker	sudirman said;2017-03-19 - 2017-03-19;submitSocial;all;arwin
2017-03-21 05:09:50	worker	setyanovanto;2017-03-19 - 2017-03-19;submitSocial;all;arwin
2017-03-21 05:09:53	worker	galau;2017-03-19 - 2017-03-19;submitSocial;all;arwin
2017-03-21 05:09:58	worker	#prestasiindonesia;2017-03-19 - 2017-03-19;submitSocial;all;arwin
2017-03-21 05:10:00	worker	@Tw_Debi;2017-03-19 - 2017-03-19;submitSocial;all;arwin
2017-03-21 05:10:03	worker	@OfficialFastron;2017-03-19 - 2017-03-19;submitSocial;all;arwin
2017-03-21 05:10:06	worker	@CitibankID;2017-03-19 - 2017-03-19;submitSocial;all;arwin
2017-03-21 05:10:08	worker	@jak101fm;2017-03-19 - 2017-03-19;submitSocial;all;arwin
2017-03-21 05:10:11	worker	@genfm;2017-03-19 - 2017-03-19;submitSocial;all;arwin
