2017-04-10 05:00:02	worker	@987genfm;2017-04-08 - 2017-04-08;submitSocial;all;arwin
2017-04-10 05:00:15	worker	@101jakfm;2017-04-08 - 2017-04-08;submitSocial;all;arwin
2017-04-10 05:00:28	worker	@prambors;2017-04-08 - 2017-04-08;submitSocial;all;arwin
2017-04-10 05:00:40	worker	@hardrockfm;2017-04-08 - 2017-04-08;submitSocial;all;arwin
2017-04-10 05:00:52	worker	@kisfmjakarta;2017-04-08 - 2017-04-08;submitSocial;all;arwin
2017-04-10 05:01:04	worker	@delta_fm;2017-04-08 - 2017-04-08;submitSocial;all;arwin
2017-04-10 05:01:16	worker	@traxfmjkt;2017-04-08 - 2017-04-08;submitSocial;all;arwin
2017-04-10 05:01:28	worker	@iradiojakarta;2017-04-08 - 2017-04-08;submitSocial;all;arwin
2017-04-10 05:01:41	worker	@indika9160fm;2017-04-08 - 2017-04-08;submitSocial;all;arwin
2017-04-10 05:01:52	worker	@shellindonesia;2017-04-08 - 2017-04-08;submitSocial;all;arwin
2017-04-10 05:02:05	worker	@vpowerfans;2017-04-08 - 2017-04-08;submitSocial;all;arwin
2017-04-10 05:02:17	worker	@pertamaxind;2017-04-08 - 2017-04-08;submitSocial;all;arwin
2017-04-10 05:02:29	worker	@ptpertamina;2017-04-08 - 2017-04-08;submitSocial;all;arwin
2017-04-10 05:02:41	worker	@OZRadioJakarta;2017-04-08 - 2017-04-08;submitSocial;all;arwin
2017-04-10 05:02:53	worker	@CosmopolitanFM;2017-04-08 - 2017-04-08;submitSocial;all;arwin
2017-04-10 05:03:05	worker	@mustang88fm;2017-04-08 - 2017-04-08;submitSocial;all;arwin
2017-04-10 05:03:17	worker	@debabaz;2017-04-08 - 2017-04-08;submitSocial;all;arwin
2017-04-10 05:03:28	worker	@detikcom;2017-04-08 - 2017-04-08;submitSocial;all;arwin
2017-04-10 05:03:41	worker	@radioelshinta;2017-04-08 - 2017-04-08;submitSocial;all;arwin
2017-04-10 05:03:53	worker	@cinema21;2017-04-08 - 2017-04-08;submitSocial;all;arwin
2017-04-10 05:04:06	worker	@OfficialRCTI;2017-04-08 - 2017-04-08;submitSocial;all;arwin
2017-04-10 05:04:18	worker	@TRANSTV_CORP;2017-04-08 - 2017-04-08;submitSocial;all;arwin
2017-04-10 05:04:30	worker	@TRANS7;2017-04-08 - 2017-04-08;submitSocial;all;arwin
2017-04-10 05:04:42	worker	@Metro_TV;2017-04-08 - 2017-04-08;submitSocial;all;arwin
2017-04-10 05:04:55	worker	@tvOneNews;2017-04-08 - 2017-04-08;submitSocial;all;arwin
2017-04-10 05:05:08	worker	@whatsonANTV;2017-04-08 - 2017-04-08;submitSocial;all;arwin
2017-04-10 05:05:20	worker	@SCTV_;2017-04-08 - 2017-04-08;submitSocial;all;arwin
2017-04-10 05:05:33	worker	@KompasTV;2017-04-08 - 2017-04-08;submitSocial;all;arwin
2017-04-10 05:05:46	worker	@netmediatama;2017-04-08 - 2017-04-08;submitSocial;all;arwin
2017-04-10 05:06:00	worker	@Globaltvseru;2017-04-08 - 2017-04-08;submitSocial;all;arwin
2017-04-10 05:06:12	worker	@JaktvCom;2017-04-08 - 2017-04-08;submitSocial;all;arwin
2017-04-10 05:06:24	worker	@TVRINasional;2017-04-08 - 2017-04-08;submitSocial;all;arwin
2017-04-10 05:06:36	worker	@ochannelupdates;2017-04-08 - 2017-04-08;submitSocial;all;arwin
2017-04-10 05:06:47	worker	@IndosiarID;2017-04-08 - 2017-04-08;submitSocial;all;arwin
2017-04-10 05:07:00	worker	@kompascom;2017-04-08 - 2017-04-08;submitSocial;all;arwin
2017-04-10 05:07:13	worker	@merdekadotcom;2017-04-08 - 2017-04-08;submitSocial;all;arwin
2017-04-10 05:07:25	worker	@MIdotcom;2017-04-08 - 2017-04-08;submitSocial;all;arwin
2017-04-10 05:07:37	worker	@tempodotco;2017-04-08 - 2017-04-08;submitSocial;all;arwin
2017-04-10 05:07:49	worker	@motion975fm;2017-04-08 - 2017-04-08;submitSocial;all;arwin
2017-04-10 05:08:02	worker	@_radiotoday;2017-04-08 - 2017-04-08;submitSocial;all;arwin
2017-04-10 05:08:14	worker	@radioinfo;2017-04-08 - 2017-04-08;submitSocial;all;arwin
2017-04-10 05:08:26	worker	@979FeMaleRadio;2017-04-08 - 2017-04-08;submitSocial;all;arwin
2017-04-10 05:08:38	worker	@WomanRadio943FM;2017-04-08 - 2017-04-08;submitSocial;all;arwin
2017-04-10 05:08:50	worker	@VRadioFM;2017-04-08 - 2017-04-08;submitSocial;all;arwin
2017-04-10 05:09:03	worker	@UFM947;2017-04-08 - 2017-04-08;submitSocial;all;arwin
2017-04-10 05:09:15	worker	@VIVAnews;2017-04-08 - 2017-04-08;submitSocial;all;arwin
2017-04-10 05:09:27	worker	@antaranews;2017-04-08 - 2017-04-08;submitSocial;all;arwin
2017-04-10 05:09:39	worker	@tribunnews;2017-04-08 - 2017-04-08;submitSocial;all;arwin
2017-04-10 05:09:52	worker	@okezonenews;2017-04-08 - 2017-04-08;submitSocial;all;arwin
2017-04-10 05:10:06	worker	@Beritasatu;2017-04-08 - 2017-04-08;submitSocial;all;arwin
2017-04-10 05:10:18	worker	@rollingstoneina;2017-04-08 - 2017-04-08;submitSocial;all;arwin
2017-04-10 05:10:31	worker	@FIMELAdotcom;2017-04-08 - 2017-04-08;submitSocial;all;arwin
2017-04-10 05:10:42	worker	@KapanLagicom;2017-04-08 - 2017-04-08;submitSocial;all;arwin
2017-04-10 05:10:54	worker	@KompasEnt ;2017-04-08 - 2017-04-08;submitSocial;all;arwin
2017-04-10 05:11:07	worker	@HaiMagazine;2017-04-08 - 2017-04-08;submitSocial;all;arwin
2017-04-10 05:11:19	worker	@JakartaVenue;2017-04-08 - 2017-04-08;submitSocial;all;arwin
2017-04-10 05:11:31	worker	@SeputarEvent;2017-04-08 - 2017-04-08;submitSocial;all;arwin
2017-04-10 05:11:43	worker	@ismayaLive;2017-04-08 - 2017-04-08;submitSocial;all;arwin
2017-04-10 05:11:55	worker	@ECEntertainment;2017-04-08 - 2017-04-08;submitSocial;all;arwin
2017-04-10 05:12:07	worker	@synergism_En;2017-04-08 - 2017-04-08;submitSocial;all;arwin
2017-04-10 05:12:19	worker	@Urbanbandung;2017-04-08 - 2017-04-08;submitSocial;all;arwin
2017-04-10 05:12:31	worker	@Urbanrkm995;2017-04-08 - 2017-04-08;submitSocial;all;arwin
2017-04-10 05:12:42	worker	@Garuda_Promo;2017-04-08 - 2017-04-08;submitSocial;all;arwin
2017-04-10 05:12:54	worker	@AirAsiaID;2017-04-08 - 2017-04-08;submitSocial;all;arwin
2017-04-10 05:13:06	worker	@KAI121;2017-04-08 - 2017-04-08;submitSocial;all;arwin
2017-04-10 05:13:18	worker	@Unilever;2017-04-08 - 2017-04-08;submitSocial;all;arwin
2017-04-10 05:13:30	worker	@Nestle;2017-04-08 - 2017-04-08;submitSocial;all;arwin
2017-04-10 05:13:43	worker	@CocaCola;2017-04-08 - 2017-04-08;submitSocial;all;arwin
2017-04-10 05:13:59	worker	@CNN;2017-04-08 - 2017-04-08;submitSocial;all;arwin
2017-04-10 05:14:16	worker	@MTV;2017-04-08 - 2017-04-08;submitSocial;all;arwin
2017-04-10 05:14:30	worker	@channelv;2017-04-08 - 2017-04-08;submitSocial;all;arwin
2017-04-10 05:14:42	worker	@iTunesMusic;2017-04-08 - 2017-04-08;submitSocial;all;arwin
2017-04-10 05:14:54	worker	@mashable;2017-04-08 - 2017-04-08;submitSocial;all;arwin
2017-04-10 05:15:08	worker	@decacaz;2017-04-08 - 2017-04-08;submitSocial;all;arwin
2017-04-10 05:15:20	worker	@radiobaru967FM;2017-04-08 - 2017-04-08;submitSocial;all;arwin
2017-04-10 05:15:32	worker	@967HitzFM;2017-04-08 - 2017-04-08;submitSocial;all;arwin
2017-04-10 05:15:44	worker	@TVGuide;2017-04-08 - 2017-04-08;submitSocial;all;arwin
2017-04-10 05:15:57	worker	@XL123;2017-04-08 - 2017-04-08;submitSocial;all;arwin
2017-04-10 05:16:09	worker	@triindonesia;2017-04-08 - 2017-04-08;submitSocial;all;arwin
2017-04-10 05:16:21	worker	@kaskus;2017-04-08 - 2017-04-08;submitSocial;all;arwin
2017-04-10 05:16:33	worker	@Studio_XXI;2017-04-08 - 2017-04-08;submitSocial;all;arwin
2017-04-10 05:16:45	worker	@blitzmegaplex;2017-04-08 - 2017-04-08;submitSocial;all;arwin
2017-04-10 05:16:57	worker	@alfamartku;2017-04-08 - 2017-04-08;submitSocial;all;arwin
2017-04-10 05:17:09	worker	@Carrefour_ID;2017-04-08 - 2017-04-08;submitSocial;all;arwin
2017-04-10 05:17:21	worker	@BBCBreaking;2017-04-08 - 2017-04-08;submitSocial;all;arwin
2017-04-10 05:17:34	worker	@Forbes;2017-04-08 - 2017-04-08;submitSocial;all;arwin
2017-04-10 05:17:49	worker	@BensRadio;2017-04-08 - 2017-04-08;submitSocial;all;arwin
2017-04-10 05:18:02	worker	@instagram;2017-04-08 - 2017-04-08;submitSocial;all;arwin
2017-04-10 05:18:17	worker	@Pinterest;2017-04-08 - 2017-04-08;submitSocial;all;arwin
2017-04-10 05:18:30	worker	@google;2017-04-08 - 2017-04-08;submitSocial;all;arwin
2017-04-10 05:18:45	worker	@Pertaminalub;2017-04-08 - 2017-04-08;submitSocial;all;arwin
2017-04-10 05:18:57	worker	@InfoLalinTol;2017-04-08 - 2017-04-08;submitSocial;all;arwin
2017-04-10 05:19:09	worker	@PTJASAMARGA;2017-04-08 - 2017-04-08;submitSocial;all;arwin
2017-04-10 05:19:21	worker	@cititransindo;2017-04-08 - 2017-04-08;submitSocial;all;arwin
2017-04-10 05:19:33	worker	#semangatpagisuperr;2017-04-08 - 2017-04-08;submitSocial;all;arwin
2017-04-10 05:19:45	worker	#genkuisinsideout;2017-04-08 - 2017-04-08;submitSocial;all;arwin
2017-04-10 05:19:57	worker	#semangatpagi;2017-04-08 - 2017-04-08;submitSocial;all;arwin
2017-04-10 05:20:10	worker	#dikamar;2017-04-08 - 2017-04-08;submitSocial;all;arwin
2017-04-10 05:20:22	worker	#kopaja;2017-04-08 - 2017-04-08;submitSocial;all;arwin
2017-04-10 05:20:34	worker	#generaksi8;2017-04-08 - 2017-04-08;submitSocial;all;arwin
2017-04-10 05:20:46	worker	#hitztsp;2017-04-08 - 2017-04-08;submitSocial;all;arwin
2017-04-10 05:20:58	worker	#np;2017-04-08 - 2017-04-08;submitSocial;all;arwin
2017-04-10 05:21:10	worker	#hitzlivestage;2017-04-08 - 2017-04-08;submitSocial;all;arwin
2017-04-10 05:21:22	worker	#thefreaks;2017-04-08 - 2017-04-08;submitSocial;all;arwin
2017-04-10 05:21:34	worker	#hitzsirkuspagi;2017-04-08 - 2017-04-08;submitSocial;all;arwin
2017-04-10 05:21:46	worker	#hitzathlon;2017-04-08 - 2017-04-08;submitSocial;all;arwin
2017-04-10 05:21:58	worker	#hitzzombie;2017-04-08 - 2017-04-08;submitSocial;all;arwin
2017-04-10 05:22:11	worker	#hitzkalong;2017-04-08 - 2017-04-08;submitSocial;all;arwin
2017-04-10 05:22:22	worker	#hitzbebas;2017-04-08 - 2017-04-08;submitSocial;all;arwin
2017-04-10 05:22:34	worker	#hitzhorehara;2017-04-08 - 2017-04-08;submitSocial;all;arwin
2017-04-10 05:22:46	worker	@ZaloraID;2017-04-08 - 2017-04-08;submitSocial;all;arwin
2017-04-10 05:22:58	worker	@OLX_Indonesia;2017-04-08 - 2017-04-08;submitSocial;all;arwin
2017-04-10 05:23:10	worker	@LazadaID;2017-04-08 - 2017-04-08;submitSocial;all;arwin
2017-04-10 05:23:22	worker	@utrippers;2017-04-08 - 2017-04-08;submitSocial;all;arwin
2017-04-10 05:23:34	worker	@GoGobot;2017-04-08 - 2017-04-08;submitSocial;all;arwin
2017-04-10 05:23:46	worker	@viatortravel;2017-04-08 - 2017-04-08;submitSocial;all;arwin
2017-04-10 05:23:59	worker	@alandakariza;2017-04-08 - 2017-04-08;submitSocial;all;arwin
2017-04-10 05:24:11	worker	@gagasmedia;2017-04-08 - 2017-04-08;submitSocial;all;arwin
2017-04-10 05:24:23	worker	@welovehonda;2017-04-08 - 2017-04-08;submitSocial;all;arwin
2017-04-10 05:24:35	worker	@SuzukiMotorID;2017-04-08 - 2017-04-08;submitSocial;all;arwin
2017-04-10 05:24:47	worker	@kawasakilovers;2017-04-08 - 2017-04-08;submitSocial;all;arwin
2017-04-10 05:24:59	worker	@yamahaindonesia;2017-04-08 - 2017-04-08;submitSocial;all;arwin
2017-04-10 05:25:11	worker	@tripanzee;2017-04-08 - 2017-04-08;submitSocial;all;arwin
2017-04-10 05:25:24	worker	@arnoldpoernomo;2017-04-08 - 2017-04-08;submitSocial;all;arwin
2017-04-10 05:25:35	worker	@nicsap;2017-04-08 - 2017-04-08;submitSocial;all;arwin
2017-04-10 05:25:48	worker	@tiket2;2017-04-08 - 2017-04-08;submitSocial;all;arwin
2017-04-10 05:26:00	worker	@traveloka;2017-04-08 - 2017-04-08;submitSocial;all;arwin
2017-04-10 05:26:13	worker	@wego;2017-04-08 - 2017-04-08;submitSocial;all;arwin
2017-04-10 05:26:26	worker	@agoda;2017-04-08 - 2017-04-08;submitSocial;all;arwin
2017-04-10 05:26:38	worker	#salahsambung;2017-04-08 - 2017-04-08;submitSocial;all;arwin
2017-04-10 05:26:50	worker	#tulalit;2017-04-08 - 2017-04-08;submitSocial;all;arwin
2017-04-10 05:27:02	worker	#pestageneraksi8;2017-04-08 - 2017-04-08;submitSocial;all;arwin
2017-04-10 05:27:14	worker	#ganaskustik;2017-04-08 - 2017-04-08;submitSocial;all;arwin
2017-04-10 05:27:26	worker	#lnhot20;2017-04-08 - 2017-04-08;submitSocial;all;arwin
2017-04-10 05:27:37	worker	@TripAdvisor;2017-04-08 - 2017-04-08;submitSocial;all;arwin
2017-04-10 05:27:50	worker	@google;2017-04-08 - 2017-04-08;submitSocial;all;arwin
2017-04-10 05:28:06	worker	@Telkomsel;2017-04-08 - 2017-04-08;submitSocial;all;arwin
2017-04-10 05:28:19	worker	@indosat;2017-04-08 - 2017-04-08;submitSocial;all;arwin
2017-04-10 05:28:31	worker	@bahanafmjkt;2017-04-08 - 2017-04-08;submitSocial;all;2017-04-10 05:28:53	worker	@sonorafm92;2017-04-08 - 2017-04-08;submitSocial;all;arwin
2017-04-10 05:29:05	worker	@litefm1058;2017-04-08 - 2017-04-08;submitSocial;all;arwin
2017-04-10 05:29:17	worker	@Bravaradio;2017-04-08 - 2017-04-08;submitSocial;all;arwin
2017-04-10 05:29:29	worker	#dgitm;2017-04-08 - 2017-04-08;submitSocial;all;arwin
2017-04-10 05:29:41	worker	#hitsalaprambors;2017-04-08 - 2017-04-08;submitSocial;all;arwin
2017-04-10 05:29:53	worker	#reqprambors;2017-04-08 - 2017-04-08;submitSocial;all;arwin
2017-04-10 05:30:06	worker	#thedandees;2017-04-08 - 2017-04-08;submitSocial;all;arwin
2017-04-10 05:30:18	worker	#pramborsquiz;2017-04-08 - 2017-04-08;submitSocial;all;arwin
2017-04-10 05:30:30	worker	#jeliprambors;2017-04-08 - 2017-04-08;submitSocial;all;arwin
2017-04-10 05:30:42	worker	#jodohinprambors;2017-04-08 - 2017-04-08;submitSocial;all;arwin
2017-04-10 05:30:54	worker	#ubahdenganbicara;2017-04-08 - 2017-04-08;submitSocial;all;arwin
2017-04-10 05:31:05	worker	#pramborschat;2017-04-08 - 2017-04-08;submitSocial;all;arwin
2017-04-10 05:31:17	worker	#tweetforduit;2017-04-08 - 2017-04-08;submitSocial;all;arwin
2017-04-10 05:31:29	worker	#joki3in1;2017-04-08 - 2017-04-08;submitSocial;all;arwin
2017-04-10 05:31:40	worker	#sarapanseru;2017-04-08 - 2017-04-08;submitSocial;all;arwin
2017-04-10 05:31:52	worker	#rawonkaneloop;2017-04-08 - 2017-04-08;submitSocial;all;arwin
2017-04-10 05:32:05	worker	#gudegkendilkeraton;2017-04-08 - 2017-04-08;submitSocial;all;arwin
2017-04-10 05:32:17	worker	#gadogadobutika;2017-04-08 - 2017-04-08;submitSocial;all;arwin
2017-04-10 05:32:28	worker	#mtvhottest;2017-04-08 - 2017-04-08;submitSocial;all;arwin
2017-04-10 05:32:40	worker	#dimsumcjdw;2017-04-08 - 2017-04-08;submitSocial;all;arwin
2017-04-10 05:32:52	worker	#pecelmadiunmbakniek;2017-04-08 - 2017-04-08;submitSocial;all;arwin
2017-04-10 05:33:03	worker	#depotarema;2017-04-08 - 2017-04-08;submitSocial;all;arwin
2017-04-10 05:33:15	worker	@BNI46;2017-04-08 - 2017-04-08;submitSocial;all;arwin
2017-04-10 05:33:27	worker	@BANKBRI_ID;2017-04-08 - 2017-04-08;submitSocial;all;arwin
2017-04-10 05:33:39	worker	#bni46;2017-04-08 - 2017-04-08;submitSocial;all;arwin
2017-04-10 05:33:51	worker	macet;2017-04-08 - 2017-04-08;submitSocial;all;arwin
2017-04-10 05:34:05	worker	#selamatpagi;2017-04-08 - 2017-04-08;submitSocial;all;arwin
2017-04-10 05:34:17	worker	#selamatmalam;2017-04-08 - 2017-04-08;submitSocial;all;arwin
2017-04-10 05:34:29	worker	@884GlobalRadio;2017-04-08 - 2017-04-08;submitSocial;all;arwin
2017-04-10 05:34:41	worker	@day_trans;2017-04-08 - 2017-04-08;submitSocial;all;arwin
2017-04-10 05:34:53	worker	@kencanavoyage;2017-04-08 - 2017-04-08;submitSocial;all;arwin
2017-04-10 05:35:05	worker	@jukebox5d;2017-04-08 - 2017-04-08;submitSocial;all;arwin
2017-04-10 05:35:18	worker	#mtvhottest;2017-04-08 - 2017-04-08;submitSocial;all;arwin
2017-04-10 05:35:29	worker	#semangatpagi;2017-04-08 - 2017-04-08;submitSocial;all;arwin
2017-04-10 05:35:41	worker	lifebuoy;2017-04-08 - 2017-04-08;submitSocial;all;arwin
2017-04-10 05:35:53	worker	jokowi;2017-04-08 - 2017-04-08;submitSocial;all;arwin
2017-04-10 05:36:10	worker	obama;2017-04-08 - 2017-04-08;submitSocial;all;arwin
2017-04-10 05:36:29	worker	starwars;2017-04-08 - 2017-04-08;submitSocial;all;arwin
2017-04-10 05:36:41	worker	jonan;2017-04-08 - 2017-04-08;submitSocial;all;arwin
2017-04-10 05:36:54	worker	pagi;2017-04-08 - 2017-04-08;submitSocial;all;arwin
2017-04-10 05:37:13	worker	sampoerna;2017-04-08 - 2017-04-08;submitSocial;all;arwin
2017-04-10 05:37:25	worker	djarum;2017-04-08 - 2017-04-08;submitSocial;all;arwin
2017-04-10 05:37:38	worker	#semangatpagi;2017-04-08 - 2017-04-08;submitSocial;all;arwin
2017-04-10 05:37:49	worker	#generaksi8;2017-04-08 - 2017-04-08;submitSocial;all;arwin
2017-04-10 05:38:02	worker	#365alasan;2017-04-08 - 2017-04-08;submitSocial;all;arwin
2017-04-10 05:38:14	worker	weew;2017-04-08 - 2017-04-08;submitSocial;all;arwin
2017-04-10 05:38:27	worker	testing;2017-04-08 - 2017-04-08;submitSocial;all;arwin
2017-04-10 05:38:44	worker	#kopaja;2017-04-08 - 2017-04-08;submitSocial;all;arwin
2017-04-10 05:38:57	worker	#genkuisinsideout;2017-04-08 - 2017-04-08;submitSocial;all;arwin
2017-04-10 05:39:08	worker	starwars;2017-04-08 - 2017-04-08;submitSocial;all;arwin
2017-04-10 05:39:21	worker	#kopaja;2017-04-08 - 2017-04-08;submitSocial;all;arwin
2017-04-10 05:39:33	worker	mldspot;2017-04-08 - 2017-04-08;submitSocial;all;arwin
2017-04-10 05:39:45	worker	PBDjarum;2017-04-08 - 2017-04-08;submitSocial;all;arwin
2017-04-10 05:39:58	worker	TemanNabati;2017-04-08 - 2017-04-08;submitSocial;all;arwin
2017-04-10 05:40:11	worker	Nextar;2017-04-08 - 2017-04-08;submitSocial;all;arwin
2017-04-10 05:40:24	worker	jokowo;2017-04-08 - 2017-04-08;submitSocial;all;arwin
2017-04-10 05:40:37	worker	prabowo;2017-04-08 - 2017-04-08;submitSocial;all;arwin
2017-04-10 05:40:49	worker	sudirman said;2017-04-08 - 2017-04-08;submitSocial;all;arwin
2017-04-10 05:41:01	worker	ahok;2017-04-08 - 2017-04-08;submitSocial;all;arwin
2017-04-10 05:41:19	worker	setyanovanto;2017-04-08 - 2017-04-08;submitSocial;all;arwin
2017-04-10 05:41:31	worker	jokowi;2017-04-08 - 2017-04-08;submitSocial;all;arwin
2017-04-10 05:41:47	worker	ahok;2017-04-08 - 2017-04-08;submitSocial;all;arwin
2017-04-10 05:42:05	worker	prabowo;2017-04-08 - 2017-04-08;submitSocial;all;arwin
2017-04-10 05:42:18	worker	sudirman said;2017-04-08 - 2017-04-08;submitSocial;all;arwin
2017-04-10 05:42:29	worker	setyanovanto;2017-04-08 - 2017-04-08;submitSocial;all;arwin
2017-04-10 05:42:41	worker	galau;2017-04-08 - 2017-04-08;submitSocial;all;arwin
2017-04-10 05:42:55	worker	#prestasiindonesia;2017-04-08 - 2017-04-08;submitSocial;all;arwin
2017-04-10 05:43:07	worker	@Tw_Debi;2017-04-08 - 2017-04-08;submitSocial;all;arwin
2017-04-10 05:43:19	worker	@OfficialFastron;2017-04-08 - 2017-04-08;submitSocial;all;arwin
2017-04-10 05:43:31	worker	@CitibankID;2017-04-08 - 2017-04-08;submitSocial;all;arwin
2017-04-10 05:43:42	worker	@jak101fm;2017-04-08 - 2017-04-08;submitSocial;all;arwin
2017-04-10 05:43:55	worker	@genfm;2017-04-08 - 2017-04-08;submitSocial;all;arwin
