2017-12-25 05:00:13	[{"keyword":"@987genfm","from":"2017-12-23","mode":"submitSocial","container":"all","username":"arwin"}]
2017-12-25 05:00:23	[{"keyword":"@101jakfm","from":"2017-12-23","mode":"submitSocial","container":"all","username":"arwin"}]
2017-12-25 05:00:32	[{"keyword":"@prambors","from":"2017-12-23","mode":"submitSocial","container":"all","username":"arwin"}]
2017-12-25 05:00:42	[{"keyword":"@hardrockfm","from":"2017-12-23","mode":"submitSocial","container":"all","username":"arwin"}]
2017-12-25 05:00:51	[{"keyword":"@kisfmjakarta","from":"2017-12-23","mode":"submitSocial","container":"all","username":"arwin"}]
2017-12-25 05:01:01	[{"keyword":"@delta_fm","from":"2017-12-23","mode":"submitSocial","container":"all","username":"arwin"}]
2017-12-25 05:01:11	[{"keyword":"@traxfmjkt","from":"2017-12-23","mode":"submitSocial","container":"all","username":"arwin"}]
2017-12-25 05:01:21	[{"keyword":"@iradiojakarta","from":"2017-12-23","mode":"submitSocial","container":"all","username":"arwin"}]
2017-12-25 05:01:30	[{"keyword":"@indika9160fm","from":"2017-12-23","mode":"submitSocial","container":"all","username":"arwin"}]
2017-12-25 05:01:40	[{"keyword":"@shellindonesia","from":"2017-12-23","mode":"submitSocial","container":"all","username":"arwin"}]
2017-12-25 05:01:49	[{"keyword":"@vpowerfans","from":"2017-12-23","mode":"submitSocial","container":"all","username":"arwin"}]
2017-12-25 05:01:58	[{"keyword":"@pertamaxind","from":"2017-12-23","mode":"submitSocial","container":"all","username":"arwin"}]
2017-12-25 05:02:08	[{"keyword":"@ptpertamina","from":"2017-12-23","mode":"submitSocial","container":"all","username":"arwin"}]
2017-12-25 05:02:17	[{"keyword":"@ozradiojakarta","from":"2017-12-23","mode":"submitSocial","container":"all","username":"arwin"}]
2017-12-25 05:02:27	[{"keyword":"@cosmopolitanfm","from":"2017-12-23","mode":"submitSocial","container":"all","username":"arwin"}]
2017-12-25 05:02:36	[{"keyword":"@mustang88fm","from":"2017-12-23","mode":"submitSocial","container":"all","username":"arwin"}]
2017-12-25 05:02:45	[{"keyword":"@debabaz","from":"2017-12-23","mode":"submitSocial","container":"all","username":"arwin"}]
2017-12-25 05:02:56	[{"keyword":"@detikcom","from":"2017-12-23","mode":"submitSocial","container":"all","username":"arwin"}]
2017-12-25 05:03:06	[{"keyword":"@radioelshinta","from":"2017-12-23","mode":"submitSocial","container":"all","username":"arwin"}]
2017-12-25 05:03:16	[{"keyword":"@cinema21","from":"2017-12-23","mode":"submitSocial","container":"all","username":"arwin"}]
2017-12-25 05:03:26	[{"keyword":"@officialrcti","from":"2017-12-23","mode":"submitSocial","container":"all","username":"arwin"}]
2017-12-25 05:03:35	[{"keyword":"@transtv_corp","from":"2017-12-23","mode":"submitSocial","container":"all","username":"arwin"}]
2017-12-25 05:03:44	[{"keyword":"@trans7","from":"2017-12-23","mode":"submitSocial","container":"all","username":"arwin"}]
2017-12-25 05:03:54	[{"keyword":"@metro_tv","from":"2017-12-23","mode":"submitSocial","container":"all","username":"arwin"}]
2017-12-25 05:04:04	[{"keyword":"@tvonenews","from":"2017-12-23","mode":"submitSocial","container":"all","username":"arwin"}]
2017-12-25 05:04:13	[{"keyword":"@whatsonantv","from":"2017-12-23","mode":"submitSocial","container":"all","username":"arwin"}]
2017-12-25 05:04:23	[{"keyword":"@sctv_","from":"2017-12-23","mode":"submitSocial","container":"all","username":"arwin"}]
2017-12-25 05:04:32	[{"keyword":"@kompastv","from":"2017-12-23","mode":"submitSocial","container":"all","username":"arwin"}]
2017-12-25 05:04:42	[{"keyword":"@netmediatama","from":"2017-12-23","mode":"submitSocial","container":"all","username":"arwin"}]
2017-12-25 05:04:52	[{"keyword":"@globaltvseru","from":"2017-12-23","mode":"submitSocial","container":"all","username":"arwin"}]
2017-12-25 05:05:03	[{"keyword":"@jaktvcom","from":"2017-12-23","mode":"submitSocial","container":"all","username":"arwin"}]
2017-12-25 05:05:13	[{"keyword":"@tvrinasional","from":"2017-12-23","mode":"submitSocial","container":"all","username":"arwin"}]
2017-12-25 05:05:23	[{"keyword":"@ochannelupdates","from":"2017-12-23","mode":"submitSocial","container":"all","username":"arwin"}]
2017-12-25 05:05:34	[{"keyword":"@indosiarid","from":"2017-12-23","mode":"submitSocial","container":"all","username":"arwin"}]
2017-12-25 05:05:46	[{"keyword":"@kompascom","from":"2017-12-23","mode":"submitSocial","container":"all","username":"arwin"}]
2017-12-25 05:05:56	[{"keyword":"@merdekadotcom","from":"2017-12-23","mode":"submitSocial","container":"all","username":"arwin"}]
2017-12-25 05:06:05	[{"keyword":"@midotcom","from":"2017-12-23","mode":"submitSocial","container":"all","username":"arwin"}]
2017-12-25 05:06:15	[{"keyword":"@tempodotco","from":"2017-12-23","mode":"submitSocial","container":"all","username":"arwin"}]
2017-12-25 05:06:24	[{"keyword":"@motion975fm","from":"2017-12-23","mode":"submitSocial","container":"all","username":"arwin"}]
2017-12-25 05:06:34	[{"keyword":"@_radiotoday","from":"2017-12-23","mode":"submitSocial","container":"all","username":"arwin"}]
2017-12-25 05:06:43	[{"keyword":"@radioinfo","from":"2017-12-23","mode":"submitSocial","container":"all","username":"arwin"}]
2017-12-25 05:06:52	[{"keyword":"@979femaleradio","from":"2017-12-23","mode":"submitSocial","container":"all","username":"arwin"}]
2017-12-25 05:07:02	[{"keyword":"@womanradio943fm","from":"2017-12-23","mode":"submitSocial","container":"all","username":"arwin"}]
2017-12-25 05:07:12	[{"keyword":"@vradiofm","from":"2017-12-23","mode":"submitSocial","container":"all","username":"arwin"}]
2017-12-25 05:07:21	[{"keyword":"@ufm947","from":"2017-12-23","mode":"submitSocial","container":"all","username":"arwin"}]
2017-12-25 05:07:30	[{"keyword":"@vivanews","from":"2017-12-23","mode":"submitSocial","container":"all","username":"arwin"}]
2017-12-25 05:07:40	[{"keyword":"@antaranews","from":"2017-12-23","mode":"submitSocial","container":"all","username":"arwin"}]
2017-12-25 05:07:50	[{"keyword":"@tribunnews","from":"2017-12-23","mode":"submitSocial","container":"all","username":"arwin"}]
2017-12-25 05:07:59	[{"keyword":"@okezonenews","from":"2017-12-23","mode":"submitSocial","container":"all","username":"arwin"}]
2017-12-25 05:08:09	[{"keyword":"@beritasatu","from":"2017-12-23","mode":"submitSocial","container":"all","username":"arwin"}]
2017-12-25 05:08:19	[{"keyword":"@rollingstoneina","from":"2017-12-23","mode":"submitSocial","container":"all","username":"arwin"}]
2017-12-25 05:08:28	[{"keyword":"@fimeladotcom","from":"2017-12-23","mode":"submitSocial","container":"all","username":"arwin"}]
2017-12-25 05:08:37	[{"keyword":"@kapanlagicom","from":"2017-12-23","mode":"submitSocial","container":"all","username":"arwin"}]
2017-12-25 05:08:47	[{"keyword":"@kompasent","from":"2017-12-23","mode":"submitSocial","container":"all","username":"arwin"}]
2017-12-25 05:08:57	[{"keyword":"@haimagazine","from":"2017-12-23","mode":"submitSocial","container":"all","username":"arwin"}]
2017-12-25 05:09:06	[{"keyword":"@jakartavenue","from":"2017-12-23","mode":"submitSocial","container":"all","username":"arwin"}]
2017-12-25 05:09:16	[{"keyword":"@seputarevent","from":"2017-12-23","mode":"submitSocial","container":"all","username":"arwin"}]
2017-12-25 05:09:26	[{"keyword":"@ismayalive","from":"2017-12-23","mode":"submitSocial","container":"all","username":"arwin"}]
2017-12-25 05:09:35	[{"keyword":"@ecentertainment","from":"2017-12-23","mode":"submitSocial","container":"all","username":"arwin"}]
2017-12-25 05:09:44	[{"keyword":"@synergism_en","from":"2017-12-23","mode":"submitSocial","container":"all","username":"arwin"}]
2017-12-25 05:09:53	[{"keyword":"@urbanbandung","from":"2017-12-23","mode":"submitSocial","container":"all","username":"arwin"}]
2017-12-25 05:10:03	[{"keyword":"@urbanrkm995","from":"2017-12-23","mode":"submitSocial","container":"all","username":"arwin"}]
2017-12-25 05:10:13	[{"keyword":"@garuda_promo","from":"2017-12-23","mode":"submitSocial","container":"all","username":"arwin"}]
2017-12-25 05:10:23	[{"keyword":"@airasiaid","from":"2017-12-23","mode":"submitSocial","container":"all","username":"arwin"}]
2017-12-25 05:10:33	[{"keyword":"@kai121","from":"2017-12-23","mode":"submitSocial","container":"all","username":"arwin"}]
2017-12-25 05:10:43	[{"keyword":"@unilever","from":"2017-12-23","mode":"submitSocial","container":"all","username":"arwin"}]
2017-12-25 05:10:53	[{"keyword":"@nestle","from":"2017-12-23","mode":"submitSocial","container":"all","username":"arwin"}]
2017-12-25 05:11:03	[{"keyword":"@cocacola","from":"2017-12-23","mode":"submitSocial","container":"all","username":"arwin"}]
2017-12-25 05:11:19	[{"keyword":"@cnn","from":"2017-12-23","mode":"submitSocial","container":"all","username":"arwin"}]
2017-12-25 05:11:29	[{"keyword":"@mtv","from":"2017-12-23","mode":"submitSocial","container":"all","username":"arwin"}]
2017-12-25 05:11:39	[{"keyword":"@channelv","from":"2017-12-23","mode":"submitSocial","container":"all","username":"arwin"}]
2017-12-25 05:11:48	[{"keyword":"@itunesmusic","from":"2017-12-23","mode":"submitSocial","container":"all","username":"arwin"}]
2017-12-25 05:11:59	[{"keyword":"@mashable","from":"2017-12-23","mode":"submitSocial","container":"all","username":"arwin"}]
2017-12-25 05:12:08	[{"keyword":"@decacaz","from":"2017-12-23","mode":"submitSocial","container":"all","username":"arwin"}]
2017-12-25 05:12:18	[{"keyword":"@radiobaru967fm","from":"2017-12-23","mode":"submitSocial","container":"all","username":"arwin"}]
2017-12-25 05:12:27	[{"keyword":"@967hitzfm","from":"2017-12-23","mode":"submitSocial","container":"all","username":"arwin"}]
2017-12-25 05:12:37	[{"keyword":"@tvguide","from":"2017-12-23","mode":"submitSocial","container":"all","username":"arwin"}]
2017-12-25 05:12:46	[{"keyword":"@xl123","from":"2017-12-23","mode":"submitSocial","container":"all","username":"arwin"}]
2017-12-25 05:12:56	[{"keyword":"@triindonesia","from":"2017-12-23","mode":"submitSocial","container":"all","username":"arwin"}]
2017-12-25 05:13:06	[{"keyword":"@kaskus","from":"2017-12-23","mode":"submitSocial","container":"all","username":"arwin"}]
2017-12-25 05:13:16	[{"keyword":"@studio_xxi","from":"2017-12-23","mode":"submitSocial","container":"all","username":"arwin"}]
2017-12-25 05:13:25	[{"keyword":"@blitzmegaplex","from":"2017-12-23","mode":"submitSocial","container":"all","username":"arwin"}]
2017-12-25 05:13:34	[{"keyword":"@alfamartku","from":"2017-12-23","mode":"submitSocial","container":"all","username":"arwin"}]
2017-12-25 05:13:43	[{"keyword":"@carrefour_id","from":"2017-12-23","mode":"submitSocial","container":"all","username":"arwin"}]
2017-12-25 05:13:54	[{"keyword":"@bbcbreaking","from":"2017-12-23","mode":"submitSocial","container":"all","username":"arwin"}]
2017-12-25 05:14:08	[{"keyword":"@forbes","from":"2017-12-23","mode":"submitSocial","container":"all","username":"arwin"}]
2017-12-25 05:14:17	[{"keyword":"@bensradio","from":"2017-12-23","mode":"submitSocial","container":"all","username":"arwin"}]
2017-12-25 05:14:29	[{"keyword":"@instagram","from":"2017-12-23","mode":"submitSocial","container":"all","username":"arwin"}]
2017-12-25 05:14:38	[{"keyword":"@pinterest","from":"2017-12-23","mode":"submitSocial","container":"all","username":"arwin"}]
2017-12-25 05:14:50	[{"keyword":"@google","from":"2017-12-23","mode":"submitSocial","container":"all","username":"arwin"}]
2017-12-25 05:14:59	[{"keyword":"@pertaminalub","from":"2017-12-23","mode":"submitSocial","container":"all","username":"arwin"}]
2017-12-25 05:15:10	[{"keyword":"@infolalintol","from":"2017-12-23","mode":"submitSocial","container":"all","username":"arwin"}]
2017-12-25 05:15:21	[{"keyword":"@ptjasamarga","from":"2017-12-23","mode":"submitSocial","container":"all","username":"arwin"}]
2017-12-25 05:15:30	[{"keyword":"@cititransindo","from":"2017-12-23","mode":"submitSocial","container":"all","username":"arwin"}]
2017-12-25 05:15:40	[{"keyword":"#semangatpagisuperr","from":"2017-12-23","mode":"submitSocial","container":"all","username":"arwin"}]
2017-12-25 05:15:49	[{"keyword":"#genkuisinsideout","from":"2017-12-23","mode":"submitSocial","container":"all","username":"arwin"}]
2017-12-25 05:15:58	[{"keyword":"#semangatpagi","from":"2017-12-23","mode":"submitSocial","container":"all","username":"arwin"}]
2017-12-25 05:16:08	[{"keyword":"#dikamar","from":"2017-12-23","mode":"submitSocial","container":"all","username":"arwin"}]
2017-12-25 05:16:17	[{"keyword":"#kopaja","from":"2017-12-23","mode":"submitSocial","container":"all","username":"arwin"}]
2017-12-25 05:16:26	[{"keyword":"#generaksi8","from":"2017-12-23","mode":"submitSocial","container":"all","username":"arwin"}]
2017-12-25 05:16:36	[{"keyword":"#hitztsp","from":"2017-12-23","mode":"submitSocial","container":"all","username":"arwin"}]
2017-12-25 05:16:46	[{"keyword":"#np","from":"2017-12-23","mode":"submitSocial","container":"all","username":"arwin"}]
2017-12-25 05:16:55	[{"keyword":"#hitzlivestage","from":"2017-12-23","mode":"submitSocial","container":"all","username":"arwin"}]
2017-12-25 05:17:05	[{"keyword":"#thefreaks","from":"2017-12-23","mode":"submitSocial","container":"all","username":"arwin"}]
2017-12-25 05:17:14	[{"keyword":"#hitzsirkuspagi","from":"2017-12-23","mode":"submitSocial","container":"all","username":"arwin"}]
2017-12-25 05:17:24	[{"keyword":"#hitzathlon","from":"2017-12-23","mode":"submitSocial","container":"all","username":"arwin"}]
2017-12-25 05:17:33	[{"keyword":"#hitzzombie","from":"2017-12-23","mode":"submitSocial","container":"all","username":"arwin"}]
2017-12-25 05:17:42	[{"keyword":"#hitzkalong","from":"2017-12-23","mode":"submitSocial","container":"all","username":"arwin"}]
2017-12-25 05:17:51	[{"keyword":"#hitzbebas","from":"2017-12-23","mode":"submitSocial","container":"all","username":"arwin"}]
2017-12-25 05:18:01	[{"keyword":"#hitzhorehara","from":"2017-12-23","mode":"submitSocial","container":"all","username":"arwin"}]
2017-12-25 05:18:10	[{"keyword":"@zaloraid","from":"2017-12-23","mode":"submitSocial","container":"all","username":"arwin"}]
2017-12-25 05:18:20	[{"keyword":"@olx_indonesia","from":"2017-12-23","mode":"submitSocial","container":"all","username":"arwin"}]
2017-12-25 05:18:29	[{"keyword":"@lazadaid","from":"2017-12-23","mode":"submitSocial","container":"all","username":"arwin"}]
2017-12-25 05:18:39	[{"keyword":"@utrippers","from":"2017-12-23","mode":"submitSocial","container":"all","username":"arwin"}]
2017-12-25 05:18:49	[{"keyword":"@gogobot","from":"2017-12-23","mode":"submitSocial","container":"all","username":"arwin"}]
2017-12-25 05:18:58	[{"keyword":"@viatortravel","from":"2017-12-23","mode":"submitSocial","container":"all","username":"arwin"}]
2017-12-25 05:19:08	[{"keyword":"@alandakariza","from":"2017-12-23","mode":"submitSocial","container":"all","username":"arwin"}]
2017-12-25 05:19:18	[{"keyword":"@gagasmedia","from":"2017-12-23","mode":"submitSocial","container":"all","username":"arwin"}]
2017-12-25 05:19:27	[{"keyword":"@welovehonda","from":"2017-12-23","mode":"submitSocial","container":"all","username":"arwin"}]
2017-12-25 05:19:36	[{"keyword":"@suzukimotorid","from":"2017-12-23","mode":"submitSocial","container":"all","username":"arwin"}]
2017-12-25 05:19:46	[{"keyword":"@kawasakilovers","from":"2017-12-23","mode":"submitSocial","container":"all","username":"arwin"}]
2017-12-25 05:19:55	[{"keyword":"@yamahaindonesia","from":"2017-12-23","mode":"submitSocial","container":"all","username":"arwin"}]
2017-12-25 05:20:05	[{"keyword":"@tripanzee","from":"2017-12-23","mode":"submitSocial","container":"all","username":"arwin"}]
2017-12-25 05:20:15	[{"keyword":"@arnoldpoernomo","from":"2017-12-23","mode":"submitSocial","container":"all","username":"arwin"}]
2017-12-25 05:20:25	[{"keyword":"@nicsap","from":"2017-12-23","mode":"submitSocial","container":"all","username":"arwin"}]
2017-12-25 05:20:34	[{"keyword":"@tiket2","from":"2017-12-23","mode":"submitSocial","container":"all","username":"arwin"}]
2017-12-25 05:20:43	[{"keyword":"@traveloka","from":"2017-12-23","mode":"submitSocial","container":"all","username":"arwin"}]
2017-12-25 05:20:53	[{"keyword":"@wego","from":"2017-12-23","mode":"submitSocial","container":"all","username":"arwin"}]
2017-12-25 05:21:03	[{"keyword":"@agoda","from":"2017-12-23","mode":"submitSocial","container":"all","username":"arwin"}]
2017-12-25 05:21:13	[{"keyword":"#salahsambung","from":"2017-12-23","mode":"submitSocial","container":"all","username":"arwin"}]
2017-12-25 05:21:23	[{"keyword":"#tulalit","from":"2017-12-23","mode":"submitSocial","container":"all","username":"arwin"}]
2017-12-25 05:21:32	[{"keyword":"#pestageneraksi8","from":"2017-12-23","mode":"submitSocial","container":"all","username":"arwin"}]
2017-12-25 05:21:41	[{"keyword":"#ganaskustik","from":"2017-12-23","mode":"submitSocial","container":"all","username":"arwin"}]
2017-12-25 05:21:50	[{"keyword":"#lnhot20","from":"2017-12-23","mode":"submitSocial","container":"all","username":"arwin"}]
2017-12-25 05:21:59	[{"keyword":"@tripadvisor","from":"2017-12-23","mode":"submitSocial","container":"all","username":"arwin"}]
2017-12-25 05:22:11	[{"keyword":"@google","from":"2017-12-23","mode":"submitSocial","container":"all","username":"arwin"}]
2017-12-25 05:22:21	[{"keyword":"@telkomsel","from":"2017-12-23","mode":"submitSocial","container":"all","username":"arwin"}]
2017-12-25 05:22:31	[{"keyword":"@indosat","from":"2017-12-23","mode":"submitSocial","container":"all","username":"arwin"}]
2017-12-25 05:22:46	[{"keyword":"@bahanafmjkt","from":"2017-12-23","mode":"submitSocial","container":"all","username":""}]
2017-12-25 05:22:58	[{"keyword":"@sonorafm92","from":"2017-12-23","mode":"submitSocial","container":"all","username":"arwin"}]
2017-12-25 05:23:07	[{"keyword":"@litefm1058","from":"2017-12-23","mode":"submitSocial","container":"all","username":"arwin"}]
2017-12-25 05:23:17	[{"keyword":"@bravaradio","from":"2017-12-23","mode":"submitSocial","container":"all","username":"arwin"}]
2017-12-25 05:23:27	[{"keyword":"#dgitm","from":"2017-12-23","mode":"submitSocial","container":"all","username":"arwin"}]
2017-12-25 05:23:36	[{"keyword":"#hitsalaprambors","from":"2017-12-23","mode":"submitSocial","container":"all","username":"arwin"}]
2017-12-25 05:23:45	[{"keyword":"#reqprambors","from":"2017-12-23","mode":"submitSocial","container":"all","username":"arwin"}]
2017-12-25 05:23:54	[{"keyword":"#thedandees","from":"2017-12-23","mode":"submitSocial","container":"all","username":"arwin"}]
2017-12-25 05:24:03	[{"keyword":"#pramborsquiz","from":"2017-12-23","mode":"submitSocial","container":"all","username":"arwin"}]
2017-12-25 05:24:13	[{"keyword":"#jeliprambors","from":"2017-12-23","mode":"submitSocial","container":"all","username":"arwin"}]
2017-12-25 05:24:22	[{"keyword":"#jodohinprambors","from":"2017-12-23","mode":"submitSocial","container":"all","username":"arwin"}]
2017-12-25 05:24:31	[{"keyword":"#ubahdenganbicara","from":"2017-12-23","mode":"submitSocial","container":"all","username":"arwin"}]
2017-12-25 05:24:40	[{"keyword":"#pramborschat","from":"2017-12-23","mode":"submitSocial","container":"all","username":"arwin"}]
2017-12-25 05:24:49	[{"keyword":"#tweetforduit","from":"2017-12-23","mode":"submitSocial","container":"all","username":"arwin"}]
2017-12-25 05:24:59	[{"keyword":"#joki3in1","from":"2017-12-23","mode":"submitSocial","container":"all","username":"arwin"}]
2017-12-25 05:25:10	[{"keyword":"#sarapanseru","from":"2017-12-23","mode":"submitSocial","container":"all","username":"arwin"}]
2017-12-25 05:25:19	[{"keyword":"#rawonkaneloop","from":"2017-12-23","mode":"submitSocial","container":"all","username":"arwin"}]
2017-12-25 05:25:29	[{"keyword":"#gudegkendilkeraton","from":"2017-12-23","mode":"submitSocial","container":"all","username":"arwin"}]
2017-12-25 05:25:38	[{"keyword":"#gadogadobutika","from":"2017-12-23","mode":"submitSocial","container":"all","username":"arwin"}]
2017-12-25 05:25:47	[{"keyword":"#mtvhottest","from":"2017-12-23","mode":"submitSocial","container":"all","username":"arwin"}]
2017-12-25 05:25:56	[{"keyword":"#dimsumcjdw","from":"2017-12-23","mode":"submitSocial","container":"all","username":"arwin"}]
2017-12-25 05:26:05	[{"keyword":"#pecelmadiunmbakniek","from":"2017-12-23","mode":"submitSocial","container":"all","username":"arwin"}]
2017-12-25 05:26:15	[{"keyword":"#depotarema","from":"2017-12-23","mode":"submitSocial","container":"all","username":"arwin"}]
2017-12-25 05:26:24	[{"keyword":"@bni46","from":"2017-12-23","mode":"submitSocial","container":"all","username":"arwin"}]
2017-12-25 05:26:34	[{"keyword":"@bankbri_id","from":"2017-12-23","mode":"submitSocial","container":"all","username":"arwin"}]
2017-12-25 05:26:43	[{"keyword":"#bni46","from":"2017-12-23","mode":"submitSocial","container":"all","username":"arwin"}]
2017-12-25 05:26:55	[{"keyword":"macet","from":"2017-12-23","mode":"submitSocial","container":"all","username":"arwin"}]
2017-12-25 05:27:05	[{"keyword":"#selamatpagi","from":"2017-12-23","mode":"submitSocial","container":"all","username":"arwin"}]
2017-12-25 05:27:15	[{"keyword":"#selamatmalam","from":"2017-12-23","mode":"submitSocial","container":"all","username":"arwin"}]
2017-12-25 05:27:24	[{"keyword":"@884globalradio","from":"2017-12-23","mode":"submitSocial","container":"all","username":"arwin"}]
2017-12-25 05:27:33	[{"keyword":"@day_trans","from":"2017-12-23","mode":"submitSocial","container":"all","username":"arwin"}]
2017-12-25 05:27:42	[{"keyword":"@kencanavoyage","from":"2017-12-23","mode":"submitSocial","container":"all","username":"arwin"}]
2017-12-25 05:27:52	[{"keyword":"@jukebox5d","from":"2017-12-23","mode":"submitSocial","container":"all","username":"arwin"}]
2017-12-25 05:28:01	[{"keyword":"#mtvhottest","from":"2017-12-23","mode":"submitSocial","container":"all","username":"arwin"}]
2017-12-25 05:28:10	[{"keyword":"#semangatpagi","from":"2017-12-23","mode":"submitSocial","container":"all","username":"arwin"}]
2017-12-25 05:28:20	[{"keyword":"lifebuoy","from":"2017-12-23","mode":"submitSocial","container":"all","username":"arwin"}]
2017-12-25 05:28:32	[{"keyword":"jokowi","from":"2017-12-23","mode":"submitSocial","container":"all","username":"arwin"}]
2017-12-25 05:28:47	[{"keyword":"obama","from":"2017-12-23","mode":"submitSocial","container":"all","username":"arwin"}]
2017-12-25 05:28:57	[{"keyword":"starwars","from":"2017-12-23","mode":"submitSocial","container":"all","username":"arwin"}]
2017-12-25 05:29:08	[{"keyword":"jonan","from":"2017-12-23","mode":"submitSocial","container":"all","username":"arwin"}]
2017-12-25 05:29:23	[{"keyword":"pagi","from":"2017-12-23","mode":"submitSocial","container":"all","username":"arwin"}]
2017-12-25 05:29:32	[{"keyword":"sampoerna","from":"2017-12-23","mode":"submitSocial","container":"all","username":"arwin"}]
2017-12-25 05:29:42	[{"keyword":"djarum","from":"2017-12-23","mode":"submitSocial","container":"all","username":"arwin"}]
2017-12-25 05:29:51	[{"keyword":"#semangatpagi","from":"2017-12-23","mode":"submitSocial","container":"all","username":"arwin"}]
2017-12-25 05:30:00	[{"keyword":"#generaksi8","from":"2017-12-23","mode":"submitSocial","container":"all","username":"arwin"}]
2017-12-25 05:30:11	[{"keyword":"#365alasan","from":"2017-12-23","mode":"submitSocial","container":"all","username":"arwin"}]
2017-12-25 05:30:21	[{"keyword":"weew","from":"2017-12-23","mode":"submitSocial","container":"all","username":"arwin"}]
2017-12-25 05:30:35	[{"keyword":"testing","from":"2017-12-23","mode":"submitSocial","container":"all","username":"arwin"}]
2017-12-25 05:30:44	[{"keyword":"#kopaja","from":"2017-12-23","mode":"submitSocial","container":"all","username":"arwin"}]
2017-12-25 05:30:53	[{"keyword":"#genkuisinsideout","from":"2017-12-23","mode":"submitSocial","container":"all","username":"arwin"}]
2017-12-25 05:31:03	[{"keyword":"starwars","from":"2017-12-23","mode":"submitSocial","container":"all","username":"arwin"}]
2017-12-25 05:31:13	[{"keyword":"#kopaja","from":"2017-12-23","mode":"submitSocial","container":"all","username":"arwin"}]
2017-12-25 05:31:23	[{"keyword":"mldspot","from":"2017-12-23","mode":"submitSocial","container":"all","username":"arwin"}]
2017-12-25 05:31:32	[{"keyword":"pbdjarum","from":"2017-12-23","mode":"submitSocial","container":"all","username":"arwin"}]
2017-12-25 05:31:41	[{"keyword":"temannabati","from":"2017-12-23","mode":"submitSocial","container":"all","username":"arwin"}]
2017-12-25 05:31:51	[{"keyword":"nextar","from":"2017-12-23","mode":"submitSocial","container":"all","username":"arwin"}]
2017-12-25 05:32:01	[{"keyword":"jokowo","from":"2017-12-23","mode":"submitSocial","container":"all","username":"arwin"}]
2017-12-25 05:32:11	[{"keyword":"prabowo","from":"2017-12-23","mode":"submitSocial","container":"all","username":"arwin"}]
2017-12-25 05:32:20	[{"keyword":"sudirman said","from":"2017-12-23","mode":"submitSocial","container":"all","username":"arwin"}]
2017-12-25 05:32:32	[{"keyword":"ahok","from":"2017-12-23","mode":"submitSocial","container":"all","username":"arwin"}]
2017-12-25 05:32:41	[{"keyword":"setyanovanto","from":"2017-12-23","mode":"submitSocial","container":"all","username":"arwin"}]
2017-12-25 05:32:53	[{"keyword":"jokowi","from":"2017-12-23","mode":"submitSocial","container":"all","username":"arwin"}]
2017-12-25 05:33:06	[{"keyword":"ahok","from":"2017-12-23","mode":"submitSocial","container":"all","username":"arwin"}]
2017-12-25 05:33:16	[{"keyword":"prabowo","from":"2017-12-23","mode":"submitSocial","container":"all","username":"arwin"}]
2017-12-25 05:33:26	[{"keyword":"sudirman said","from":"2017-12-23","mode":"submitSocial","container":"all","username":"arwin"}]
2017-12-25 05:33:35	[{"keyword":"setyanovanto","from":"2017-12-23","mode":"submitSocial","container":"all","username":"arwin"}]
2017-12-25 05:33:45	[{"keyword":"galau","from":"2017-12-23","mode":"submitSocial","container":"all","username":"arwin"}]
2017-12-25 05:33:54	[{"keyword":"#prestasiindonesia","from":"2017-12-23","mode":"submitSocial","container":"all","username":"arwin"}]
2017-12-25 05:34:04	[{"keyword":"@tw_debi","from":"2017-12-23","mode":"submitSocial","container":"all","username":"arwin"}]
2017-12-25 05:34:13	[{"keyword":"@officialfastron","from":"2017-12-23","mode":"submitSocial","container":"all","username":"arwin"}]
2017-12-25 05:34:23	[{"keyword":"@citibankid","from":"2017-12-23","mode":"submitSocial","container":"all","username":"arwin"}]
2017-12-25 05:34:32	[{"keyword":"@jak101fm","from":"2017-12-23","mode":"submitSocial","container":"all","username":"arwin"}]
2017-12-25 05:34:42	[{"keyword":"@genfm","from":"2017-12-23","mode":"submitSocial","container":"all","username":"arwin"}]
