2017-01-24 05:00:04	[{"keyword":"@987genfm","from":"2017-01-22","mode":"submitSocial","container":"all","username":"arwin"}]
2017-01-24 05:00:07	[{"keyword":"@101jakfm","from":"2017-01-22","mode":"submitSocial","container":"all","username":"arwin"}]
2017-01-24 05:00:10	[{"keyword":"@prambors","from":"2017-01-22","mode":"submitSocial","container":"all","username":"arwin"}]
2017-01-24 05:00:13	[{"keyword":"@hardrockfm","from":"2017-01-22","mode":"submitSocial","container":"all","username":"arwin"}]
2017-01-24 05:00:15	[{"keyword":"@kisfmjakarta","from":"2017-01-22","mode":"submitSocial","container":"all","username":"arwin"}]
2017-01-24 05:00:18	[{"keyword":"@delta_fm","from":"2017-01-22","mode":"submitSocial","container":"all","username":"arwin"}]
2017-01-24 05:00:21	[{"keyword":"@traxfmjkt","from":"2017-01-22","mode":"submitSocial","container":"all","username":"arwin"}]
2017-01-24 05:00:24	[{"keyword":"@iradiojakarta","from":"2017-01-22","mode":"submitSocial","container":"all","username":"arwin"}]
2017-01-24 05:00:26	[{"keyword":"@indika9160fm","from":"2017-01-22","mode":"submitSocial","container":"all","username":"arwin"}]
2017-01-24 05:00:29	[{"keyword":"@shellindonesia","from":"2017-01-22","mode":"submitSocial","container":"all","username":"arwin"}]
2017-01-24 05:00:31	[{"keyword":"@vpowerfans","from":"2017-01-22","mode":"submitSocial","container":"all","username":"arwin"}]
2017-01-24 05:00:34	[{"keyword":"@pertamaxind","from":"2017-01-22","mode":"submitSocial","container":"all","username":"arwin"}]
2017-01-24 05:00:36	[{"keyword":"@ptpertamina","from":"2017-01-22","mode":"submitSocial","container":"all","username":"arwin"}]
2017-01-24 05:00:39	[{"keyword":"@ozradiojakarta","from":"2017-01-22","mode":"submitSocial","container":"all","username":"arwin"}]
2017-01-24 05:00:41	[{"keyword":"@cosmopolitanfm","from":"2017-01-22","mode":"submitSocial","container":"all","username":"arwin"}]
2017-01-24 05:00:44	[{"keyword":"@mustang88fm","from":"2017-01-22","mode":"submitSocial","container":"all","username":"arwin"}]
2017-01-24 05:00:46	[{"keyword":"@debabaz","from":"2017-01-22","mode":"submitSocial","container":"all","username":"arwin"}]
2017-01-24 05:00:49	[{"keyword":"@detikcom","from":"2017-01-22","mode":"submitSocial","container":"all","username":"arwin"}]
2017-01-24 05:00:52	[{"keyword":"@radioelshinta","from":"2017-01-22","mode":"submitSocial","container":"all","username":"arwin"}]
2017-01-24 05:00:55	[{"keyword":"@cinema21","from":"2017-01-22","mode":"submitSocial","container":"all","username":"arwin"}]
2017-01-24 05:00:58	[{"keyword":"@officialrcti","from":"2017-01-22","mode":"submitSocial","container":"all","username":"arwin"}]
2017-01-24 05:01:00	[{"keyword":"@transtv_corp","from":"2017-01-22","mode":"submitSocial","container":"all","username":"arwin"}]
2017-01-24 05:01:03	[{"keyword":"@trans7","from":"2017-01-22","mode":"submitSocial","container":"all","username":"arwin"}]
2017-01-24 05:01:06	[{"keyword":"@metro_tv","from":"2017-01-22","mode":"submitSocial","container":"all","username":"arwin"}]
2017-01-24 05:01:09	[{"keyword":"@tvonenews","from":"2017-01-22","mode":"submitSocial","container":"all","username":"arwin"}]
2017-01-24 05:01:11	[{"keyword":"@whatsonantv","from":"2017-01-22","mode":"submitSocial","container":"all","username":"arwin"}]
2017-01-24 05:01:15	[{"keyword":"@sctv_","from":"2017-01-22","mode":"submitSocial","container":"all","username":"arwin"}]
2017-01-24 05:01:18	[{"keyword":"@kompastv","from":"2017-01-22","mode":"submitSocial","container":"all","username":"arwin"}]
2017-01-24 05:01:21	[{"keyword":"@netmediatama","from":"2017-01-22","mode":"submitSocial","container":"all","username":"arwin"}]
2017-01-24 05:01:24	[{"keyword":"@globaltvseru","from":"2017-01-22","mode":"submitSocial","container":"all","username":"arwin"}]
2017-01-24 05:01:27	[{"keyword":"@jaktvcom","from":"2017-01-22","mode":"submitSocial","container":"all","username":"arwin"}]
2017-01-24 05:01:29	[{"keyword":"@tvrinasional","from":"2017-01-22","mode":"submitSocial","container":"all","username":"arwin"}]
2017-01-24 05:01:31	[{"keyword":"@ochannelupdates","from":"2017-01-22","mode":"submitSocial","container":"all","username":"arwin"}]
2017-01-24 05:01:35	[{"keyword":"@indosiarid","from":"2017-01-22","mode":"submitSocial","container":"all","username":"arwin"}]
2017-01-24 05:01:39	[{"keyword":"@kompascom","from":"2017-01-22","mode":"submitSocial","container":"all","username":"arwin"}]
2017-01-24 05:01:41	[{"keyword":"@merdekadotcom","from":"2017-01-22","mode":"submitSocial","container":"all","username":"arwin"}]
2017-01-24 05:01:44	[{"keyword":"@midotcom","from":"2017-01-22","mode":"submitSocial","container":"all","username":"arwin"}]
2017-01-24 05:01:47	[{"keyword":"@tempodotco","from":"2017-01-22","mode":"submitSocial","container":"all","username":"arwin"}]
2017-01-24 05:01:49	[{"keyword":"@motion975fm","from":"2017-01-22","mode":"submitSocial","container":"all","username":"arwin"}]
2017-01-24 05:01:52	[{"keyword":"@_radiotoday","from":"2017-01-22","mode":"submitSocial","container":"all","username":"arwin"}]
2017-01-24 05:01:54	[{"keyword":"@radioinfo","from":"2017-01-22","mode":"submitSocial","container":"all","username":"arwin"}]
2017-01-24 05:01:57	[{"keyword":"@979femaleradio","from":"2017-01-22","mode":"submitSocial","container":"all","username":"arwin"}]
2017-01-24 05:01:59	[{"keyword":"@womanradio943fm","from":"2017-01-22","mode":"submitSocial","container":"all","username":"arwin"}]
2017-01-24 05:02:02	[{"keyword":"@vradiofm","from":"2017-01-22","mode":"submitSocial","container":"all","username":"arwin"}]
2017-01-24 05:02:04	[{"keyword":"@ufm947","from":"2017-01-22","mode":"submitSocial","container":"all","username":"arwin"}]
2017-01-24 05:02:07	[{"keyword":"@vivanews","from":"2017-01-22","mode":"submitSocial","container":"all","username":"arwin"}]
2017-01-24 05:02:09	[{"keyword":"@antaranews","from":"2017-01-22","mode":"submitSocial","container":"all","username":"arwin"}]
2017-01-24 05:02:13	[{"keyword":"@tribunnews","from":"2017-01-22","mode":"submitSocial","container":"all","username":"arwin"}]
2017-01-24 05:02:15	[{"keyword":"@okezonenews","from":"2017-01-22","mode":"submitSocial","container":"all","username":"arwin"}]
2017-01-24 05:02:18	[{"keyword":"@beritasatu","from":"2017-01-22","mode":"submitSocial","container":"all","username":"arwin"}]
2017-01-24 05:02:21	[{"keyword":"@rollingstoneina","from":"2017-01-22","mode":"submitSocial","container":"all","username":"arwin"}]
2017-01-24 05:02:23	[{"keyword":"@fimeladotcom","from":"2017-01-22","mode":"submitSocial","container":"all","username":"arwin"}]
2017-01-24 05:02:26	[{"keyword":"@kapanlagicom","from":"2017-01-22","mode":"submitSocial","container":"all","username":"arwin"}]
2017-01-24 05:02:28	[{"keyword":"@kompasent","from":"2017-01-22","mode":"submitSocial","container":"all","username":"arwin"}]
2017-01-24 05:02:31	[{"keyword":"@haimagazine","from":"2017-01-22","mode":"submitSocial","container":"all","username":"arwin"}]
2017-01-24 05:02:33	[{"keyword":"@jakartavenue","from":"2017-01-22","mode":"submitSocial","container":"all","username":"arwin"}]
2017-01-24 05:02:36	[{"keyword":"@seputarevent","from":"2017-01-22","mode":"submitSocial","container":"all","username":"arwin"}]
2017-01-24 05:02:38	[{"keyword":"@ismayalive","from":"2017-01-22","mode":"submitSocial","container":"all","username":"arwin"}]
2017-01-24 05:02:41	[{"keyword":"@ecentertainment","from":"2017-01-22","mode":"submitSocial","container":"all","username":"arwin"}]
2017-01-24 05:02:43	[{"keyword":"@synergism_en","from":"2017-01-22","mode":"submitSocial","container":"all","username":"arwin"}]
2017-01-24 05:02:45	[{"keyword":"@urbanbandung","from":"2017-01-22","mode":"submitSocial","container":"all","username":"arwin"}]
2017-01-24 05:02:47	[{"keyword":"@urbanrkm995","from":"2017-01-22","mode":"submitSocial","container":"all","username":"arwin"}]
2017-01-24 05:02:50	[{"keyword":"@garuda_promo","from":"2017-01-22","mode":"submitSocial","container":"all","username":"arwin"}]
2017-01-24 05:02:52	[{"keyword":"@airasiaid","from":"2017-01-22","mode":"submitSocial","container":"all","username":"arwin"}]
2017-01-24 05:02:55	[{"keyword":"@kai121","from":"2017-01-22","mode":"submitSocial","container":"all","username":"arwin"}]
2017-01-24 05:02:57	[{"keyword":"@unilever","from":"2017-01-22","mode":"submitSocial","container":"all","username":"arwin"}]
2017-01-24 05:03:01	[{"keyword":"@nestle","from":"2017-01-22","mode":"submitSocial","container":"all","username":"arwin"}]
2017-01-24 05:03:04	[{"keyword":"@cocacola","from":"2017-01-22","mode":"submitSocial","container":"all","username":"arwin"}]
2017-01-24 05:03:11	[{"keyword":"@cnn","from":"2017-01-22","mode":"submitSocial","container":"all","username":"arwin"}]
2017-01-24 05:03:15	[{"keyword":"@mtv","from":"2017-01-22","mode":"submitSocial","container":"all","username":"arwin"}]
2017-01-24 05:03:17	[{"keyword":"@channelv","from":"2017-01-22","mode":"submitSocial","container":"all","username":"arwin"}]
2017-01-24 05:03:20	[{"keyword":"@itunesmusic","from":"2017-01-22","mode":"submitSocial","container":"all","username":"arwin"}]
2017-01-24 05:03:24	[{"keyword":"@mashable","from":"2017-01-22","mode":"submitSocial","container":"all","username":"arwin"}]
2017-01-24 05:03:26	[{"keyword":"@decacaz","from":"2017-01-22","mode":"submitSocial","container":"all","username":"arwin"}]
2017-01-24 05:03:28	[{"keyword":"@radiobaru967fm","from":"2017-01-22","mode":"submitSocial","container":"all","username":"arwin"}]
2017-01-24 05:03:31	[{"keyword":"borschat","from":"2017-01-22","mode":"submitSocial","container":"all","username":"arwin"}]
2017-01-24 05:03:34	[{"keyword":"#tweetforduit","from":"2017-01-22","mode":"submitSocial","container":"all","username":"arwin"}]
2017-01-24 05:03:36	[{"keyword":"#joki3in1","from":"2017-01-22","mode":"submitSocial","container":"all","username":"arwin"}]
2017-01-24 05:03:38	[{"keyword":"#sarapanseru","from":"2017-01-22","mode":"submitSocial","container":"all","username":"arwin"}]
2017-01-24 05:03:40	[{"keyword":"#rawonkaneloop","from":"2017-01-22","mode":"submitSocial","container":"all","username":"arwin"}]
2017-01-24 05:03:43	[{"keyword":"#gudegkendilkeraton","from":"2017-01-22","mode":"submitSocial","container":"all","username":"arwin"}]
2017-01-24 05:03:45	[{"keyword":"#gadogadobutika","from":"2017-01-22","mode":"submitSocial","container":"all","username":"arwin"}]
2017-01-24 05:03:47	[{"keyword":"#mtvhottest","from":"2017-01-22","mode":"submitSocial","container":"all","username":"arwin"}]
2017-01-24 05:03:50	[{"keyword":"#dimsumcjdw","from":"2017-01-22","mode":"submitSocial","container":"all","username":"arwin"}]
2017-01-24 05:03:52	[{"keyword":"#pecelmadiunmbakniek","from":"2017-01-22","mode":"submitSocial","container":"all","username":"arwin"}]
2017-01-24 05:03:54	[{"keyword":"#depotarema","from":"2017-01-22","mode":"submitSocial","container":"all","username":"arwin"}]
2017-01-24 05:03:57	[{"keyword":"@bni46","from":"2017-01-22","mode":"submitSocial","container":"all","username":"arwin"}]
2017-01-24 05:03:59	[{"keyword":"@bankbri_id","from":"2017-01-22","mode":"submitSocial","container":"all","username":"arwin"}]
2017-01-24 05:04:02	[{"keyword":"#bni46","from":"2017-01-22","mode":"submitSocial","container":"all","username":"arwin"}]
2017-01-24 05:04:07	[{"keyword":"macet","from":"2017-01-22","mode":"submitSocial","container":"all","username":"arwin"}]
2017-01-24 05:04:09	[{"keyword":"#selamatpagi","from":"2017-01-22","mode":"submitSocial","container":"all","username":"arwin"}]
2017-01-24 05:04:11	[{"keyword":"#selamatmalam","from":"2017-01-22","mode":"submitSocial","container":"all","username":"arwin"}]
2017-01-24 05:04:14	[{"keyword":"@884globalradio","from":"2017-01-22","mode":"submitSocial","container":"all","username":"arwin"}]
2017-01-24 05:04:16	[{"keyword":"@day_trans","from":"2017-01-22","mode":"submitSocial","container":"all","username":"arwin"}]
2017-01-24 05:04:18	[{"keyword":"@kencanavoyage","from":"2017-01-22","mode":"submitSocial","container":"all","username":"arwin"}]
2017-01-24 05:04:21	[{"keyword":"@jukebox5d","from":"2017-01-22","mode":"submitSocial","container":"all","username":"arwin"}]
2017-01-24 05:04:23	[{"keyword":"#mtvhottest","from":"2017-01-22","mode":"submitSocial","container":"all","username":"arwin"}]
2017-01-24 05:04:26	[{"keyword":"#semangatpagi","from":"2017-01-22","mode":"submitSocial","container":"all","username":"arwin"}]
2017-01-24 05:04:28	[{"keyword":"lifebuoy","from":"2017-01-22","mode":"submitSocial","container":"all","username":"arwin"}]
2017-01-24 05:04:37	[{"keyword":"jokowi","from":"2017-01-22","mode":"submitSocial","container":"all","username":"arwin"}]
2017-01-24 05:04:46	[{"keyword":"obama","from":"2017-01-22","mode":"submitSocial","container":"all","username":"arwin"}]
2017-01-24 05:04:49	[{"keyword":"starwars","from":"2017-01-22","mode":"submitSocial","container":"all","username":"arwin"}]
2017-01-24 05:04:53	[{"keyword":"jonan","from":"2017-01-22","mode":"submitSocial","container":"all","username":"arwin"}]
2017-01-24 05:05:03	[{"keyword":"pagi","from":"2017-01-22","mode":"submitSocial","container":"all","username":"arwin"}]
2017-01-24 05:05:06	[{"keyword":"sampoerna","from":"2017-01-22","mode":"submitSocial","container":"all","username":"arwin"}]
2017-01-24 05:05:09	[{"keyword":"djarum","from":"2017-01-22","mode":"submitSocial","container":"all","username":"arwin"}]
2017-01-24 05:05:11	[{"keyword":"#semangatpagi","from":"2017-01-22","mode":"submitSocial","container":"all","username":"arwin"}]
2017-01-24 05:05:13	[{"keyword":"#generaksi8","from":"2017-01-22","mode":"submitSocial","container":"all","username":"arwin"}]
2017-01-24 05:05:16	[{"keyword":"#365alasan","from":"2017-01-22","mode":"submitSocial","container":"all","username":"arwin"}]
2017-01-24 05:05:19	[{"keyword":"weew","from":"2017-01-22","mode":"submitSocial","container":"all","username":"arwin"}]
2017-01-24 05:05:27	[{"keyword":"testing","from":"2017-01-22","mode":"submitSocial","container":"all","username":"arwin"}]
2017-01-24 05:05:30	[{"keyword":"#kopaja","from":"2017-01-22","mode":"submitSocial","container":"all","username":"arwin"}]
2017-01-24 05:05:32	[{"keyword":"#genkuisinsideout","from":"2017-01-22","mode":"submitSocial","container":"all","username":"arwin"}]
2017-01-24 05:05:35	[{"keyword":"starwars","from":"2017-01-22","mode":"submitSocial","container":"all","username":"arwin"}]
2017-01-24 05:05:38	[{"keyword":"#kopaja","from":"2017-01-22","mode":"submitSocial","container":"all","username":"arwin"}]
2017-01-24 05:05:41	[{"keyword":"mldspot","from":"2017-01-22","mode":"submitSocial","container":"all","username":"arwin"}]
2017-01-24 05:05:43	[{"keyword":"pbdjarum","from":"2017-01-22","mode":"submitSocial","container":"all","username":"arwin"}]
2017-01-24 05:05:46	[{"keyword":"temannabati","from":"2017-01-22","mode":"submitSocial","container":"all","username":"arwin"}]
2017-01-24 05:05:49	[{"keyword":"nextar","from":"2017-01-22","mode":"submitSocial","container":"all","username":"arwin"}]
2017-01-24 05:05:52	[{"keyword":"jokowo","from":"2017-01-22","mode":"submitSocial","container":"all","username":"arwin"}]
2017-01-24 05:05:56	[{"keyword":"prabowo","from":"2017-01-22","mode":"submitSocial","container":"all","username":"arwin"}]
2017-01-24 05:05:59	[{"keyword":"sudirman said","from":"2017-01-22","mode":"submitSocial","container":"all","username":"arwin"}]
2017-01-24 05:06:07	[{"keyword":"ahok","from":"2017-01-22","mode":"submitSocial","container":"all","username":"arwin"}]
2017-01-24 05:06:10	[{"keyword":"setyanovanto","from":"2017-01-22","mode":"submitSocial","container":"all","username":"arwin"}]
2017-01-24 05:06:18	[{"keyword":"jokowi","from":"2017-01-22","mode":"submitSocial","container":"all","username":"arwin"}]
2017-01-24 05:06:26	[{"keyword":"ahok","from":"2017-01-22","mode":"submitSocial","container":"all","username":"arwin"}]
2017-01-24 05:06:30	[{"keyword":"prabowo","from":"2017-01-22","mode":"submitSocial","container":"all","username":"arwin"}]
2017-01-24 05:06:33	[{"keyword":"sudirman said","from":"2017-01-22","mode":"submitSocial","container":"all","username":"arwin"}]
2017-01-24 05:06:35	[{"keyword":"setyanovanto","from":"2017-01-22","mode":"submitSocial","container":"all","username":"arwin"}]
2017-01-24 05:06:41	[{"keyword":"galau","from":"2017-01-22","mode":"submitSocial","container":"all","username":"arwin"}]
2017-01-24 05:06:43	[{"keyword":"#prestasiindonesia","from":"2017-01-22","mode":"submitSocial","container":"all","username":"arwin"}]
2017-01-24 05:06:46	[{"keyword":"@tw_debi","from":"2017-01-22","mode":"submitSocial","container":"all","username":"arwin"}]
2017-01-24 05:06:48	[{"keyword":"@officialfastron","from":"2017-01-22","mode":"submitSocial","container":"all","username":"arwin"}]
2017-01-24 05:06:50	[{"keyword":"@citibankid","from":"2017-01-22","mode":"submitSocial","container":"all","username":"arwin"}]
2017-01-24 05:06:55	[{"keyword":"@tripadvisor","from":"2017-01-22","mode":"submitSocial","container":"all","username":"arwin"}]
2017-01-24 05:07:00	[{"keyword":"@google","from":"2017-01-22","mode":"submitSocial","container":"all","username":"arwin"}]
2017-01-24 05:07:03	[{"keyword":"@telkomsel","from":"2017-01-22","mode":"submitSocial","container":"all","username":"arwin"}]
2017-01-24 05:07:06	[{"keyword":"@indosat","from":"2017-01-22","mode":"submitSocial","container":"all","username":"arwin"}]
2017-01-24 05:07:09	[{"keyword":"@bahanafmjkt","from":"2017-01-22","mode":"submitSocial","container":"all","username":"arwin"}]
2017-01-24 05:07:11	[{"keyword":"@sonorafm92","from":"2017-01-22","mode":"submitSocial","container":"all","username":"arwin"}]
2017-01-24 05:07:13	[{"keyword":"@litefm1058","from":"2017-01-22","mode":"submitSocial","container":"all","username":"arwin"}]
2017-01-24 05:07:15	[{"keyword":"@bravaradio","from":"2017-01-22","mode":"submitSocial","container":"all","username":"arwin"}]
2017-01-24 05:07:18	[{"keyword":"#dgitm","from":"2017-01-22","mode":"submitSocial","container":"all","username":"arwin"}]
2017-01-24 05:07:20	[{"keyword":"#hitsalaprambors","from":"2017-01-22","mode":"submitSocial","container":"all","username":"arwin"}]
2017-01-24 05:07:23	[{"keyword":"#reqprambors","from":"2017-01-22","mode":"submitSocial","container":"all","username":"arwin"}]
2017-01-24 05:07:25	[{"keyword":"#thedandees","from":"2017-01-22","mode":"submitSocial","container":"all","username":"arwin"}]
2017-01-24 05:07:27	[{"keyword":"#pramborsquiz","from":"2017-01-22","mode":"submitSocial","container":"all","username":"arwin"}]
2017-01-24 05:07:30	[{"keyword":"#jeliprambors","from":"2017-01-22","mode":"submitSocial","container":"all","username":"arwin"}]
2017-01-24 05:07:32	[{"keyword":"#jodohinprambors","from":"2017-01-22","mode":"submitSocial","container":"all","username":"arwin"}]
2017-01-24 05:07:35	[{"keyword":"#ubahdenganbicara","from":"2017-01-22","mode":"submitSocial","container":"all","username":"arwin"}]
2017-01-24 05:07:37	[{"keyword":"#pramborschat","from":"2017-01-22","mode":"submitSocial","container":"all","username":"arwin"}]
2017-01-24 05:07:40	[{"keyword":"#tweetforduit","from":"2017-01-22","mode":"submitSocial","container":"all","username":"arwin"}]
2017-01-24 05:07:42	[{"keyword":"#joki3in1","from":"2017-01-22","mode":"submitSocial","container":"all","username":"arwin"}]
2017-01-24 05:07:44	[{"keyword":"#sarapanseru","from":"2017-01-22","mode":"submitSocial","container":"all","username":"arwin"}]
2017-01-24 05:07:46	[{"keyword":"#rawonkaneloop","from":"2017-01-22","mode":"submitSocial","container":"all","username":"arwin"}]
2017-01-24 05:07:49	[{"keyword":"#gudegkendilkeraton","from":"2017-01-22","mode":"submitSocial","container":"all","username":"arwin"}]
2017-01-24 05:07:51	[{"keyword":"#gadogadobutika","from":"2017-01-22","mode":"submitSocial","container":"all","username":"arwin"}]
2017-01-24 05:07:53	[{"keyword":"#mtvhottest","from":"2017-01-22","mode":"submitSocial","container":"all","username":"arwin"}]
2017-01-24 05:07:56	[{"keyword":"#dimsumcjdw","from":"2017-01-22","mode":"submitSocial","container":"all","username":"arwin"}]
2017-01-24 05:07:58	[{"keyword":"#pecelmadiunmbakniek","from":"2017-01-22","mode":"submitSocial","container":"all","username":"arwin"}]
2017-01-24 05:08:00	[{"keyword":"#depotarema","from":"2017-01-22","mode":"submitSocial","container":"all","username":"arwin"}]
2017-01-24 05:08:03	[{"keyword":"@bni46","from":"2017-01-22","mode":"submitSocial","container":"all","username":"arwin"}]
2017-01-24 05:08:06	[{"keyword":"@bankbri_id","from":"2017-01-22","mode":"submitSocial","container":"all","username":"arwin"}]
2017-01-24 05:08:08	[{"keyword":"#bni46","from":"2017-01-22","mode":"submitSocial","container":"all","username":"arwin"}]
2017-01-24 05:08:12	[{"keyword":"macet","from":"2017-01-22","mode":"submitSocial","container":"all","username":"arwin"}]
2017-01-24 05:08:15	[{"keyword":"#selamatpagi","from":"2017-01-22","mode":"submitSocial","container":"all","username":"arwin"}]
2017-01-24 05:08:17	[{"keyword":"#selamatmalam","from":"2017-01-22","mode":"submitSocial","container":"all","username":"arwin"}]
2017-01-24 05:08:20	[{"keyword":"@884globalradio","from":"2017-01-22","mode":"submitSocial","container":"all","username":"arwin"}]
2017-01-24 05:08:22	[{"keyword":"@day_trans","from":"2017-01-22","mode":"submitSocial","container":"all","username":"arwin"}]
2017-01-24 05:08:25	[{"keyword":"@kencanavoyage","from":"2017-01-22","mode":"submitSocial","container":"all","username":"arwin"}]
2017-01-24 05:08:27	[{"keyword":"@jukebox5d","from":"2017-01-22","mode":"submitSocial","container":"all","username":"arwin"}]
2017-01-24 05:08:30	[{"keyword":"#mtvhottest","from":"2017-01-22","mode":"submitSocial","container":"all","username":"arwin"}]
2017-01-24 05:08:32	[{"keyword":"#semangatpagi","from":"2017-01-22","mode":"submitSocial","container":"all","username":"arwin"}]
2017-01-24 05:08:34	[{"keyword":"lifebuoy","from":"2017-01-22","mode":"submitSocial","container":"all","username":"arwin"}]
2017-01-24 05:08:43	[{"keyword":"jokowi","from":"2017-01-22","mode":"submitSocial","container":"all","username":"arwin"}]
2017-01-24 05:08:53	[{"keyword":"obama","from":"2017-01-22","mode":"submitSocial","container":"all","username":"arwin"}]
2017-01-24 05:08:56	[{"keyword":"starwars","from":"2017-01-22","mode":"submitSocial","container":"all","username":"arwin"}]
2017-01-24 05:09:00	[{"keyword":"jonan","from":"2017-01-22","mode":"submitSocial","container":"all","username":"arwin"}]
2017-01-24 05:09:09	[{"keyword":"pagi","from":"2017-01-22","mode":"submitSocial","container":"all","username":"arwin"}]
2017-01-24 05:09:12	[{"keyword":"sampoerna","from":"2017-01-22","mode":"submitSocial","container":"all","username":"arwin"}]
2017-01-24 05:09:15	[{"keyword":"djarum","from":"2017-01-22","mode":"submitSocial","container":"all","username":"arwin"}]
2017-01-24 05:09:18	[{"keyword":"#semangatpagi","from":"2017-01-22","mode":"submitSocial","container":"all","username":"arwin"}]
2017-01-24 05:09:19	[{"keyword":"#generaksi8","from":"2017-01-22","mode":"submitSocial","container":"all","username":"arwin"}]
2017-01-24 05:09:22	[{"keyword":"#365alasan","from":"2017-01-22","mode":"submitSocial","container":"all","username":"arwin"}]
2017-01-24 05:09:25	[{"keyword":"weew","from":"2017-01-22","mode":"submitSocial","container":"all","username":"arwin"}]
2017-01-24 05:09:34	[{"keyword":"testing","from":"2017-01-22","mode":"submitSocial","container":"all","username":"arwin"}]
2017-01-24 05:09:37	[{"keyword":"#kopaja","from":"2017-01-22","mode":"submitSocial","container":"all","username":"arwin"}]
2017-01-24 05:09:39	[{"keyword":"#genkuisinsideout","from":"2017-01-22","mode":"submitSocial","container":"all","username":"arwin"}]
2017-01-24 05:09:42	[{"keyword":"starwars","from":"2017-01-22","mode":"submitSocial","container":"all","username":"arwin"}]
2017-01-24 05:09:45	[{"keyword":"#kopaja","from":"2017-01-22","mode":"submitSocial","container":"all","username":"arwin"}]
2017-01-24 05:09:48	[{"keyword":"mldspot","from":"2017-01-22","mode":"submitSocial","container":"all","username":"arwin"}]
2017-01-24 05:09:51	[{"keyword":"pbdjarum","from":"2017-01-22","mode":"submitSocial","container":"all","username":"arwin"}]
2017-01-24 05:09:53	[{"keyword":"temannabati","from":"2017-01-22","mode":"submitSocial","container":"all","username":"arwin"}]
2017-01-24 05:09:56	[{"keyword":"nextar","from":"2017-01-22","mode":"submitSocial","container":"all","username":"arwin"}]
2017-01-24 05:10:00	[{"keyword":"jokowo","from":"2017-01-22","mode":"submitSocial","container":"all","username":"arwin"}]
2017-01-24 05:10:06	[{"keyword":"prabowo","from":"2017-01-22","mode":"submitSocial","container":"all","username":"arwin"}]
2017-01-24 05:10:09	[{"keyword":"sudirman said","from":"2017-01-22","mode":"submitSocial","container":"all","username":"arwin"}]
2017-01-24 05:10:17	[{"keyword":"ahok","from":"2017-01-22","mode":"submitSocial","container":"all","username":"arwin"}]
2017-01-24 05:10:20	[{"keyword":"setyanovanto","from":"2017-01-22","mode":"submitSocial","container":"all","username":"arwin"}]
2017-01-24 05:10:29	[{"keyword":"jokowi","from":"2017-01-22","mode":"submitSocial","container":"all","username":"arwin"}]
2017-01-24 05:10:37	[{"keyword":"ahok","from":"2017-01-22","mode":"submitSocial","container":"all","username":"arwin"}]
2017-01-24 05:10:41	[{"keyword":"prabowo","from":"2017-01-22","mode":"submitSocial","container":"all","username":"arwin"}]
2017-01-24 05:10:44	[{"keyword":"sudirman said","from":"2017-01-22","mode":"submitSocial","container":"all","username":"arwin"}]
2017-01-24 05:10:46	[{"keyword":"setyanovanto","from":"2017-01-22","mode":"submitSocial","container":"all","username":"arwin"}]
2017-01-24 05:10:52	[{"keyword":"galau","from":"2017-01-22","mode":"submitSocial","container":"all","username":"arwin"}]
2017-01-24 05:10:54	[{"keyword":"#prestasiindonesia","from":"2017-01-22","mode":"submitSocial","container":"all","username":"arwin"}]
2017-01-24 05:10:57	[{"keyword":"@tw_debi","from":"2017-01-22","mode":"submitSocial","container":"all","username":"arwin"}]
2017-01-24 05:10:59	[{"keyword":"@officialfastron","from":"2017-01-22","mode":"submitSocial","container":"all","username":"arwin"}]
2017-01-24 05:11:02	[{"keyword":"@citibankid","from":"2017-01-22","mode":"submitSocial","container":"all","username":"arwin"}]
2017-01-24 13:26:26	[{"keyword":"#oskarlive","from":"2016-10-01","mode":"submitSocial","container":"all","username":"indika_2"},{"keyword":"#oskarlive","from":"2016-10-02","mode":"submitSocial","container":"all","username":"indika_2"},{"keyword":"#oskarlive","from":"2016-10-03","mode":"submitSocial","container":"all","username":"indika_2"},{"keyword":"#oskarlive","from":"2016-10-04","mode":"submitSocial","container":"all","username":"indika_2"},{"keyword":"#oskarlive","from":"2016-10-05","mode":"submitSocial","container":"all","username":"indika_2"},{"keyword":"#oskarlive","from":"2016-10-06","mode":"submitSocial","container":"all","username":"indika_2"},{"keyword":"#oskarlive","from":"2016-10-07","mode":"submitSocial","container":"all","username":"indika_2"},{"keyword":"#oskarlive","from":"2016-10-08","mode":"submitSocial","container":"all","username":"indika_2"},{"keyword":"#oskarlive","from":"2016-10-09","mode":"submitSocial","container":"all","username":"indika_2"},{"keyword":"#oskarlive","from":"2016-10-10","mode":"submitSocial","container":"all","username":"indika_2"},{"keyword":"#oskarlive","from":"2016-10-11","mode":"submitSocial","container":"all","username":"indika_2"},{"keyword":"#oskarlive","from":"2016-10-12","mode":"submitSocial","container":"all","username":"indika_2"},{"keyword":"#oskarlive","from":"2016-10-13","mode":"submitSocial","container":"all","username":"indika_2"},{"keyword":"#oskarlive","from":"2016-10-14","mode":"submitSocial","container":"all","username":"indika_2"},{"keyword":"#oskarlive","from":"2016-10-15","mode":"submitSocial","container":"all","username":"indika_2"},{"keyword":"#oskarlive","from":"2016-10-16","mode":"submitSocial","container":"all","username":"indika_2"},{"keyword":"#oskarlive","from":"2016-10-17","mode":"submitSocial","container":"all","username":"indika_2"},{"keyword":"#oskarlive","from":"2016-10-18","mode":"submitSocial","container":"all","username":"indika_2"},{"keyword":"#oskarlive","from":"2016-10-19","mode":"submitSocial","container":"all","username":"indika_2"},{"keyword":"#oskarlive","from":"2016-10-20","mode":"submitSocial","container":"all","username":"indika_2"},{"keyword":"#oskarlive","from":"2016-10-21","mode":"submitSocial","container":"all","username":"indika_2"},{"keyword":"#oskarlive","from":"2016-10-22","mode":"submitSocial","container":"all","username":"indika_2"},{"keyword":"#oskarlive","from":"2016-10-23","mode":"submitSocial","container":"all","username":"indika_2"},{"keyword":"#oskarlive","from":"2016-10-24","mode":"submitSocial","container":"all","username":"indika_2"},{"keyword":"#oskarlive","from":"2016-10-25","mode":"submitSocial","container":"all","username":"indika_2"},{"keyword":"#oskarlive","from":"2016-10-26","mode":"submitSocial","container":"all","username":"indika_2"},{"keyword":"#oskarlive","from":"2016-10-27","mode":"submitSocial","container":"all","username":"indika_2"},{"keyword":"#oskarlive","from":"2016-10-28","mode":"submitSocial","container":"all","username":"indika_2"},{"keyword":"#oskarlive","from":"2016-10-29","mode":"submitSocial","container":"all","username":"indika_2"},{"keyword":"#oskarlive","from":"2016-10-30","mode":"submitSocial","container":"all","username":"indika_2"},{"keyword":"#oskarlive","from":"2016-10-31","mode":"submitSocial","container":"all","username":"indika_2"},{"keyword":"#oskarlive","from":"2016-11-01","mode":"submitSocial","container":"all","username":"indika_2"},{"keyword":"#oskarlive","from":"2016-11-02","mode":"submitSocial","container":"all","username":"indika_2"},{"keyword":"#oskarlive","from":"2016-11-03","mode":"submitSocial","container":"all","username":"indika_2"},{"keyword":"#oskarlive","from":"2016-11-04","mode":"submitSocial","container":"all","username":"indika_2"},{"keyword":"#oskarlive","from":"2016-11-05","mode":"submitSocial","container":"all","username":"indika_2"},{"keyword":"#oskarlive","from":"2016-11-06","mode":"submitSocial","container":"all","username":"indika_2"},{"keyword":"#oskarlive","from":"2016-11-07","mode":"submitSocial","container":"all","username":"indika_2"},{"keyword":"#oskarlive","from":"2016-11-08","mode":"submitSocial","container":"all","username":"indika_2"},{"keyword":"#oskarlive","from":"2016-11-09","mode":"submitSocial","container":"all","username":"indika_2"},{"keyword":"#oskarlive","from":"2016-11-10","mode":"submitSocial","container":"all","username":"indika_2"},{"keyword":"#oskarlive","from":"2016-11-11","mode":"submitSocial","container":"all","username":"indika_2"},{"keyword":"#oskarlive","from":"2016-11-12","mode":"submitSocial","container":"all","username":"indika_2"},{"keyword":"#oskarlive","from":"2016-11-13","mode":"submitSocial","container":"all","username":"indika_2"},{"keyword":"#oskarlive","from":"2016-11-14","mode":"submitSocial","container":"all","username":"indika_2"},{"keyword":"#oskarlive","from":"2016-11-15","mode":"submitSocial","container":"all","username":"indika_2"},{"keyword":"#oskarlive","from":"2016-11-16","mode":"submitSocial","container":"all","username":"indika_2"},{"keyword":"#oskarlive","from":"2016-11-17","mode":"submitSocial","container":"all","username":"indika_2"},{"keyword":"#oskarlive","from":"2016-11-18","mode":"submitSocial","container":"all","username":"indika_2"},{"keyword":"#oskarlive","from":"2016-11-19","mode":"submitSocial","container":"all","username":"indika_2"},{"keyword":"#oskarlive","from":"2016-11-20","mode":"submitSocial","container":"all","username":"indika_2"},{"keyword":"#oskarlive","from":"2016-11-21","mode":"submitSocial","container":"all","username":"indika_2"},{"keyword":"#oskarlive","from":"2016-11-22","mode":"submitSocial","container":"all","username":"indika_2"},{"keyword":"#oskarlive","from":"2016-11-23","mode":"submitSocial","container":"all","username":"indika_2"},{"keyword":"#oskarlive","from":"2016-11-24","mode":"submitSocial","container":"all","username":"indika_2"},{"keyword":"#oskarlive","from":"2016-11-25","mode":"submitSocial","container":"all","username":"indika_2"},{"keyword":"#oskarlive","from":"2016-11-26","mode":"submitSocial","container":"all","username":"indika_2"},{"keyword":"#oskarlive","from":"2016-11-27","mode":"submitSocial","container":"all","username":"indika_2"},{"keyword":"#oskarlive","from":"2016-11-28","mode":"submitSocial","container":"all","username":"indika_2"},{"keyword":"#oskarlive","from":"2016-11-29","mode":"submitSocial","container":"all","username":"indika_2"},{"keyword":"#oskarlive","from":"2016-11-30","mode":"submitSocial","container":"all","username":"indika_2"},{"keyword":"#oskarlive","from":"2016-12-01","mode":"submitSocial","container":"all","username":"indika_2"},{"keyword":"#oskarlive","from":"2016-12-02","mode":"submitSocial","container":"all","username":"indika_2"},{"keyword":"#oskarlive","from":"2016-12-03","mode":"submitSocial","container":"all","username":"indika_2"},{"keyword":"#oskarlive","from":"2016-12-04","mode":"submitSocial","container":"all","username":"indika_2"},{"keyword":"#oskarlive","from":"2016-12-05","mode":"submitSocial","container":"all","username":"indika_2"},{"keyword":"#oskarlive","from":"2016-12-06","mode":"submitSocial","container":"all","username":"indika_2"},{"keyword":"#oskarlive","from":"2016-12-07","mode":"submitSocial","container":"all","username":"indika_2"},{"keyword":"#oskarlive","from":"2016-12-08","mode":"submitSocial","container":"all","username":"indika_2"},{"keyword":"#oskarlive","from":"2016-12-09","mode":"submitSocial","container":"all","username":"indika_2"},{"keyword":"#oskarlive","from":"2016-12-10","mode":"submitSocial","container":"all","username":"indika_2"},{"keyword":"#oskarlive","from":"2016-12-11","mode":"submitSocial","container":"all","username":"indika_2"},{"keyword":"#oskarlive","from":"2016-12-12","mode":"submitSocial","container":"all","username":"indika_2"},{"keyword":"#oskarlive","from":"2016-12-13","mode":"submitSocial","container":"all","username":"indika_2"},{"keyword":"#oskarlive","from":"2016-12-14","mode":"submitSocial","container":"all","username":"indika_2"},{"keyword":"#oskarlive","from":"2016-12-15","mode":"submitSocial","container":"all","username":"indika_2"},{"keyword":"#oskarlive","from":"2016-12-16","mode":"submitSocial","container":"all","username":"indika_2"},{"keyword":"#oskarlive","from":"2016-12-17","mode":"submitSocial","container":"all","username":"indika_2"},{"keyword":"#oskarlive","from":"2016-12-18","mode":"submitSocial","container":"all","username":"indika_2"},{"keyword":"#oskarlive","from":"2016-12-19","mode":"submitSocial","container":"all","username":"indika_2"},{"keyword":"#oskarlive","from":"2016-12-20","mode":"submitSocial","container":"all","username":"indika_2"},{"keyword":"#oskarlive","from":"2016-12-21","mode":"submitSocial","container":"all","username":"indika_2"},{"keyword":"#oskarlive","from":"2016-12-22","mode":"submitSocial","container":"all","username":"indika_2"},{"keyword":"#oskarlive","from":"2016-12-23","mode":"submitSocial","container":"all","username":"indika_2"},{"keyword":"#oskarlive","from":"2016-12-24","mode":"submitSocial","container":"all","username":"indika_2"},{"keyword":"#oskarlive","from":"2016-12-25","mode":"submitSocial","container":"all","username":"indika_2"},{"keyword":"#oskarlive","from":"2016-12-26","mode":"submitSocial","container":"all","username":"indika_2"},{"keyword":"#oskarlive","from":"2016-12-27","mode":"submitSocial","container":"all","username":"indika_2"},{"keyword":"#oskarlive","from":"2016-12-28","mode":"submitSocial","container":"all","username":"indika_2"},{"keyword":"#oskarlive","from":"2016-12-29","mode":"submitSocial","container":"all","username":"indika_2"},{"keyword":"#oskarlive","from":"2016-12-30","mode":"submitSocial","container":"all","username":"indika_2"},{"keyword":"#oskarlive","from":"2016-12-31","mode":"submitSocial","container":"all","username":"indika_2"}]
2017-01-24 13:31:46	[{"keyword":"oskar live","from":"2016-10-01","mode":"submitSocial","container":"all","username":"indika_2"},{"keyword":"oskar live","from":"2016-10-02","mode":"submitSocial","container":"all","username":"indika_2"},{"keyword":"oskar live","from":"2016-10-03","mode":"submitSocial","container":"all","username":"indika_2"},{"keyword":"oskar live","from":"2016-10-04","mode":"submitSocial","container":"all","username":"indika_2"},{"keyword":"oskar live","from":"2016-10-05","mode":"submitSocial","container":"all","username":"indika_2"},{"keyword":"oskar live","from":"2016-10-06","mode":"submitSocial","container":"all","username":"indika_2"},{"keyword":"oskar live","from":"2016-10-07","mode":"submitSocial","container":"all","username":"indika_2"},{"keyword":"oskar live","from":"2016-10-08","mode":"submitSocial","container":"all","username":"indika_2"},{"keyword":"oskar live","from":"2016-10-09","mode":"submitSocial","container":"all","username":"indika_2"},{"keyword":"oskar live","from":"2016-10-10","mode":"submitSocial","container":"all","username":"indika_2"},{"keyword":"oskar live","from":"2016-10-11","mode":"submitSocial","container":"all","username":"indika_2"},{"keyword":"oskar live","from":"2016-10-12","mode":"submitSocial","container":"all","username":"indika_2"},{"keyword":"oskar live","from":"2016-10-13","mode":"submitSocial","container":"all","username":"indika_2"},{"keyword":"oskar live","from":"2016-10-14","mode":"submitSocial","container":"all","username":"indika_2"},{"keyword":"oskar live","from":"2016-10-15","mode":"submitSocial","container":"all","username":"indika_2"},{"keyword":"oskar live","from":"2016-10-16","mode":"submitSocial","container":"all","username":"indika_2"},{"keyword":"oskar live","from":"2016-10-17","mode":"submitSocial","container":"all","username":"indika_2"},{"keyword":"oskar live","from":"2016-10-18","mode":"submitSocial","container":"all","username":"indika_2"},{"keyword":"oskar live","from":"2016-10-19","mode":"submitSocial","container":"all","username":"indika_2"},{"keyword":"oskar live","from":"2016-10-20","mode":"submitSocial","container":"all","username":"indika_2"},{"keyword":"oskar live","from":"2016-10-21","mode":"submitSocial","container":"all","username":"indika_2"},{"keyword":"oskar live","from":"2016-10-22","mode":"submitSocial","container":"all","username":"indika_2"},{"keyword":"oskar live","from":"2016-10-23","mode":"submitSocial","container":"all","username":"indika_2"},{"keyword":"oskar live","from":"2016-10-24","mode":"submitSocial","container":"all","username":"indika_2"},{"keyword":"oskar live","from":"2016-10-25","mode":"submitSocial","container":"all","username":"indika_2"},{"keyword":"oskar live","from":"2016-10-26","mode":"submitSocial","container":"all","username":"indika_2"},{"keyword":"oskar live","from":"2016-10-27","mode":"submitSocial","container":"all","username":"indika_2"},{"keyword":"oskar live","from":"2016-10-28","mode":"submitSocial","container":"all","username":"indika_2"},{"keyword":"oskar live","from":"2016-10-29","mode":"submitSocial","container":"all","username":"indika_2"},{"keyword":"oskar live","from":"2016-10-30","mode":"submitSocial","container":"all","username":"indika_2"},{"keyword":"oskar live","from":"2016-10-31","mode":"submitSocial","container":"all","username":"indika_2"},{"keyword":"oskar live","from":"2016-11-01","mode":"submitSocial","container":"all","username":"indika_2"},{"keyword":"oskar live","from":"2016-11-02","mode":"submitSocial","container":"all","username":"indika_2"},{"keyword":"oskar live","from":"2016-11-03","mode":"submitSocial","container":"all","username":"indika_2"},{"keyword":"oskar live","from":"2016-11-04","mode":"submitSocial","container":"all","username":"indika_2"},{"keyword":"oskar live","from":"2016-11-05","mode":"submitSocial","container":"all","username":"indika_2"},{"keyword":"oskar live","from":"2016-11-06","mode":"submitSocial","container":"all","username":"indika_2"},{"keyword":"oskar live","from":"2016-11-07","mode":"submitSocial","container":"all","username":"indika_2"},{"keyword":"oskar live","from":"2016-11-08","mode":"submitSocial","container":"all","username":"indika_2"},{"keyword":"oskar live","from":"2016-11-09","mode":"submitSocial","container":"all","username":"indika_2"},{"keyword":"oskar live","from":"2016-11-10","mode":"submitSocial","container":"all","username":"indika_2"},{"keyword":"oskar live","from":"2016-11-11","mode":"submitSocial","container":"all","username":"indika_2"},{"keyword":"oskar live","from":"2016-11-12","mode":"submitSocial","container":"all","username":"indika_2"},{"keyword":"oskar live","from":"2016-11-13","mode":"submitSocial","container":"all","username":"indika_2"},{"keyword":"oskar live","from":"2016-11-14","mode":"submitSocial","container":"all","username":"indika_2"},{"keyword":"oskar live","from":"2016-11-15","mode":"submitSocial","container":"all","username":"indika_2"},{"keyword":"oskar live","from":"2016-11-16","mode":"submitSocial","container":"all","username":"indika_2"},{"keyword":"oskar live","from":"2016-11-17","mode":"submitSocial","container":"all","username":"indika_2"},{"keyword":"oskar live","from":"2016-11-18","mode":"submitSocial","container":"all","username":"indika_2"},{"keyword":"oskar live","from":"2016-11-19","mode":"submitSocial","container":"all","username":"indika_2"},{"keyword":"oskar live","from":"2016-11-20","mode":"submitSocial","container":"all","username":"indika_2"},{"keyword":"oskar live","from":"2016-11-21","mode":"submitSocial","container":"all","username":"indika_2"},{"keyword":"oskar live","from":"2016-11-22","mode":"submitSocial","container":"all","username":"indika_2"},{"keyword":"oskar live","from":"2016-11-23","mode":"submitSocial","container":"all","username":"indika_2"},{"keyword":"oskar live","from":"2016-11-24","mode":"submitSocial","container":"all","username":"indika_2"},{"keyword":"oskar live","from":"2016-11-25","mode":"submitSocial","container":"all","username":"indika_2"},{"keyword":"oskar live","from":"2016-11-26","mode":"submitSocial","container":"all","username":"indika_2"},{"keyword":"oskar live","from":"2016-11-27","mode":"submitSocial","container":"all","username":"indika_2"},{"keyword":"oskar live","from":"2016-11-28","mode":"submitSocial","container":"all","username":"indika_2"},{"keyword":"oskar live","from":"2016-11-29","mode":"submitSocial","container":"all","username":"indika_2"},{"keyword":"oskar live","from":"2016-11-30","mode":"submitSocial","container":"all","username":"indika_2"},{"keyword":"oskar live","from":"2016-12-01","mode":"submitSocial","container":"all","username":"indika_2"},{"keyword":"oskar live","from":"2016-12-02","mode":"submitSocial","container":"all","username":"indika_2"},{"keyword":"oskar live","from":"2016-12-03","mode":"submitSocial","container":"all","username":"indika_2"},{"keyword":"oskar live","from":"2016-12-04","mode":"submitSocial","container":"all","username":"indika_2"},{"keyword":"oskar live","from":"2016-12-05","mode":"submitSocial","container":"all","username":"indika_2"},{"keyword":"oskar live","from":"2016-12-06","mode":"submitSocial","container":"all","username":"indika_2"},{"keyword":"oskar live","from":"2016-12-07","mode":"submitSocial","container":"all","username":"indika_2"},{"keyword":"oskar live","from":"2016-12-08","mode":"submitSocial","container":"all","username":"indika_2"},{"keyword":"oskar live","from":"2016-12-09","mode":"submitSocial","container":"all","username":"indika_2"},{"keyword":"oskar live","from":"2016-12-10","mode":"submitSocial","container":"all","username":"indika_2"},{"keyword":"oskar live","from":"2016-12-11","mode":"submitSocial","container":"all","username":"indika_2"},{"keyword":"oskar live","from":"2016-12-12","mode":"submitSocial","container":"all","username":"indika_2"},{"keyword":"oskar live","from":"2016-12-13","mode":"submitSocial","container":"all","username":"indika_2"},{"keyword":"oskar live","from":"2016-12-14","mode":"submitSocial","container":"all","username":"indika_2"},{"keyword":"oskar live","from":"2016-12-15","mode":"submitSocial","container":"all","username":"indika_2"},{"keyword":"oskar live","from":"2016-12-16","mode":"submitSocial","container":"all","username":"indika_2"},{"keyword":"oskar live","from":"2016-12-17","mode":"submitSocial","container":"all","username":"indika_2"},{"keyword":"oskar live","from":"2016-12-18","mode":"submitSocial","container":"all","username":"indika_2"},{"keyword":"oskar live","from":"2016-12-19","mode":"submitSocial","container":"all","username":"indika_2"},{"keyword":"oskar live","from":"2016-12-20","mode":"submitSocial","container":"all","username":"indika_2"},{"keyword":"oskar live","from":"2016-12-21","mode":"submitSocial","container":"all","username":"indika_2"},{"keyword":"oskar live","from":"2016-12-22","mode":"submitSocial","container":"all","username":"indika_2"},{"keyword":"oskar live","from":"2016-12-23","mode":"submitSocial","container":"all","username":"indika_2"},{"keyword":"oskar live","from":"2016-12-24","mode":"submitSocial","container":"all","username":"indika_2"},{"keyword":"oskar live","from":"2016-12-25","mode":"submitSocial","container":"all","username":"indika_2"},{"keyword":"oskar live","from":"2016-12-26","mode":"submitSocial","container":"all","username":"indika_2"},{"keyword":"oskar live","from":"2016-12-27","mode":"submitSocial","container":"all","username":"indika_2"},{"keyword":"oskar live","from":"2016-12-28","mode":"submitSocial","container":"all","username":"indika_2"},{"keyword":"oskar live","from":"2016-12-29","mode":"submitSocial","container":"all","username":"indika_2"},{"keyword":"oskar live","from":"2016-12-30","mode":"submitSocial","container":"all","username":"indika_2"},{"keyword":"oskar live","from":"2016-12-31","mode":"submitSocial","container":"all","username":"indika_2"}]
