2017-09-26 05:00:05	[{"keyword":"@987genfm","from":"2017-09-24","mode":"submitSocial","container":"all","username":"arwin"}]
2017-09-26 05:00:08	[{"keyword":"@101jakfm","from":"2017-09-24","mode":"submitSocial","container":"all","username":"arwin"}]
2017-09-26 05:00:11	[{"keyword":"@prambors","from":"2017-09-24","mode":"submitSocial","container":"all","username":"arwin"}]
2017-09-26 05:00:14	[{"keyword":"@hardrockfm","from":"2017-09-24","mode":"submitSocial","container":"all","username":"arwin"}]
2017-09-26 05:00:16	[{"keyword":"@kisfmjakarta","from":"2017-09-24","mode":"submitSocial","container":"all","username":"arwin"}]
2017-09-26 05:00:19	[{"keyword":"@delta_fm","from":"2017-09-24","mode":"submitSocial","container":"all","username":"arwin"}]
2017-09-26 05:00:22	[{"keyword":"@traxfmjkt","from":"2017-09-24","mode":"submitSocial","container":"all","username":"arwin"}]
2017-09-26 05:00:24	[{"keyword":"@iradiojakarta","from":"2017-09-24","mode":"submitSocial","container":"all","username":"arwin"}]
2017-09-26 05:00:26	[{"keyword":"@indika9160fm","from":"2017-09-24","mode":"submitSocial","container":"all","username":"arwin"}]
2017-09-26 05:00:29	[{"keyword":"@shellindonesia","from":"2017-09-24","mode":"submitSocial","container":"all","username":"arwin"}]
2017-09-26 05:00:32	[{"keyword":"@vpowerfans","from":"2017-09-24","mode":"submitSocial","container":"all","username":"arwin"}]
2017-09-26 05:00:34	[{"keyword":"@pertamaxind","from":"2017-09-24","mode":"submitSocial","container":"all","username":"arwin"}]
2017-09-26 05:00:37	[{"keyword":"@ptpertamina","from":"2017-09-24","mode":"submitSocial","container":"all","username":"arwin"}]
2017-09-26 05:00:39	[{"keyword":"@ozradiojakarta","from":"2017-09-24","mode":"submitSocial","container":"all","username":"arwin"}]
2017-09-26 05:00:42	[{"keyword":"@cosmopolitanfm","from":"2017-09-24","mode":"submitSocial","container":"all","username":"arwin"}]
2017-09-26 05:00:44	[{"keyword":"@mustang88fm","from":"2017-09-24","mode":"submitSocial","container":"all","username":"arwin"}]
2017-09-26 05:00:46	[{"keyword":"@debabaz","from":"2017-09-24","mode":"submitSocial","container":"all","username":"arwin"}]
2017-09-26 05:00:51	[{"keyword":"@detikcom","from":"2017-09-24","mode":"submitSocial","container":"all","username":"arwin"}]
2017-09-26 05:00:54	[{"keyword":"@radioelshinta","from":"2017-09-24","mode":"submitSocial","container":"all","username":"arwin"}]
2017-09-26 05:00:56	[{"keyword":"@cinema21","from":"2017-09-24","mode":"submitSocial","container":"all","username":"arwin"}]
2017-09-26 05:00:59	[{"keyword":"@officialrcti","from":"2017-09-24","mode":"submitSocial","container":"all","username":"arwin"}]
2017-09-26 05:01:02	[{"keyword":"@transtv_corp","from":"2017-09-24","mode":"submitSocial","container":"all","username":"arwin"}]
2017-09-26 05:01:04	[{"keyword":"@trans7","from":"2017-09-24","mode":"submitSocial","container":"all","username":"arwin"}]
2017-09-26 05:01:07	[{"keyword":"@metro_tv","from":"2017-09-24","mode":"submitSocial","container":"all","username":"arwin"}]
2017-09-26 05:01:11	[{"keyword":"@tvonenews","from":"2017-09-24","mode":"submitSocial","container":"all","username":"arwin"}]
2017-09-26 05:01:13	[{"keyword":"@whatsonantv","from":"2017-09-24","mode":"submitSocial","container":"all","username":"arwin"}]
2017-09-26 05:01:17	[{"keyword":"@sctv_","from":"2017-09-24","mode":"submitSocial","container":"all","username":"arwin"}]
2017-09-26 05:01:20	[{"keyword":"@kompastv","from":"2017-09-24","mode":"submitSocial","container":"all","username":"arwin"}]
2017-09-26 05:01:23	[{"keyword":"@netmediatama","from":"2017-09-24","mode":"submitSocial","container":"all","username":"arwin"}]
2017-09-26 05:01:26	[{"keyword":"@globaltvseru","from":"2017-09-24","mode":"submitSocial","container":"all","username":"arwin"}]
2017-09-26 05:01:28	[{"keyword":"@jaktvcom","from":"2017-09-24","mode":"submitSocial","container":"all","username":"arwin"}]
2017-09-26 05:01:31	[{"keyword":"@tvrinasional","from":"2017-09-24","mode":"submitSocial","container":"all","username":"arwin"}]
2017-09-26 05:01:33	[{"keyword":"@ochannelupdates","from":"2017-09-24","mode":"submitSocial","container":"all","username":"arwin"}]
2017-09-26 05:01:37	[{"keyword":"@indosiarid","from":"2017-09-24","mode":"submitSocial","container":"all","username":"arwin"}]
2017-09-26 05:01:41	[{"keyword":"@kompascom","from":"2017-09-24","mode":"submitSocial","container":"all","username":"arwin"}]
2017-09-26 05:01:44	[{"keyword":"@merdekadotcom","from":"2017-09-24","mode":"submitSocial","container":"all","username":"arwin"}]
2017-09-26 05:01:46	[{"keyword":"@midotcom","from":"2017-09-24","mode":"submitSocial","container":"all","username":"arwin"}]
2017-09-26 05:01:49	[{"keyword":"@tempodotco","from":"2017-09-24","mode":"submitSocial","container":"all","username":"arwin"}]
2017-09-26 05:01:51	[{"keyword":"@motion975fm","from":"2017-09-24","mode":"submitSocial","container":"all","username":"arwin"}]
2017-09-26 05:01:53	[{"keyword":"@_radiotoday","from":"2017-09-24","mode":"submitSocial","container":"all","username":"arwin"}]
2017-09-26 05:01:56	[{"keyword":"@radioinfo","from":"2017-09-24","mode":"submitSocial","container":"all","username":"arwin"}]
2017-09-26 05:01:58	[{"keyword":"@979femaleradio","from":"2017-09-24","mode":"submitSocial","container":"all","username":"arwin"}]
2017-09-26 05:02:00	[{"keyword":"@womanradio943fm","from":"2017-09-24","mode":"submitSocial","container":"all","username":"arwin"}]
2017-09-26 05:02:03	[{"keyword":"@vradiofm","from":"2017-09-24","mode":"submitSocial","container":"all","username":"arwin"}]
2017-09-26 05:02:05	[{"keyword":"@ufm947","from":"2017-09-24","mode":"submitSocial","container":"all","username":"arwin"}]
2017-09-26 05:02:08	[{"keyword":"@vivanews","from":"2017-09-24","mode":"submitSocial","container":"all","username":"arwin"}]
2017-09-26 05:02:10	[{"keyword":"@antaranews","from":"2017-09-24","mode":"submitSocial","container":"all","username":"arwin"}]
2017-09-26 05:02:14	[{"keyword":"@tribunnews","from":"2017-09-24","mode":"submitSocial","container":"all","username":"arwin"}]
2017-09-26 05:02:16	[{"keyword":"@okezonenews","from":"2017-09-24","mode":"submitSocial","container":"all","username":"arwin"}]
2017-09-26 05:02:19	[{"keyword":"@beritasatu","from":"2017-09-24","mode":"submitSocial","container":"all","username":"arwin"}]
2017-09-26 05:02:21	[{"keyword":"@rollingstoneina","from":"2017-09-24","mode":"submitSocial","container":"all","username":"arwin"}]
2017-09-26 05:02:23	[{"keyword":"@fimeladotcom","from":"2017-09-24","mode":"submitSocial","container":"all","username":"arwin"}]
2017-09-26 05:02:26	[{"keyword":"@kapanlagicom","from":"2017-09-24","mode":"submitSocial","container":"all","username":"arwin"}]
2017-09-26 05:02:29	[{"keyword":"@kompasent","from":"2017-09-24","mode":"submitSocial","container":"all","username":"arwin"}]
2017-09-26 05:02:31	[{"keyword":"@haimagazine","from":"2017-09-24","mode":"submitSocial","container":"all","username":"arwin"}]
2017-09-26 05:02:33	[{"keyword":"@jakartavenue","from":"2017-09-24","mode":"submitSocial","container":"all","username":"arwin"}]
2017-09-26 05:02:36	[{"keyword":"@seputarevent","from":"2017-09-24","mode":"submitSocial","container":"all","username":"arwin"}]
2017-09-26 05:02:38	[{"keyword":"@ismayalive","from":"2017-09-24","mode":"submitSocial","container":"all","username":"arwin"}]
2017-09-26 05:02:40	[{"keyword":"@ecentertainment","from":"2017-09-24","mode":"submitSocial","container":"all","username":"arwin"}]
2017-09-26 05:02:43	[{"keyword":"@synergism_en","from":"2017-09-24","mode":"submitSocial","container":"all","username":"arwin"}]
2017-09-26 05:02:45	[{"keyword":"@urbanbandung","from":"2017-09-24","mode":"submitSocial","container":"all","username":"arwin"}]
2017-09-26 05:02:47	[{"keyword":"@urbanrkm995","from":"2017-09-24","mode":"submitSocial","container":"all","username":"arwin"}]
2017-09-26 05:02:49	[{"keyword":"@garuda_promo","from":"2017-09-24","mode":"submitSocial","container":"all","username":"arwin"}]
2017-09-26 05:02:51	[{"keyword":"@airasiaid","from":"2017-09-24","mode":"submitSocial","container":"all","username":"arwin"}]
2017-09-26 05:02:54	[{"keyword":"@kai121","from":"2017-09-24","mode":"submitSocial","container":"all","username":"arwin"}]
2017-09-26 05:02:56	[{"keyword":"@unilever","from":"2017-09-24","mode":"submitSocial","container":"all","username":"arwin"}]
2017-09-26 05:02:59	[{"keyword":"@nestle","from":"2017-09-24","mode":"submitSocial","container":"all","username":"arwin"}]
2017-09-26 05:03:05	[{"keyword":"@cocacola","from":"2017-09-24","mode":"submitSocial","container":"all","username":"arwin"}]
2017-09-26 05:03:12	[{"keyword":"@cnn","from":"2017-09-24","mode":"submitSocial","container":"all","username":"arwin"}]
2017-09-26 05:03:18	[{"keyword":"@mtv","from":"2017-09-24","mode":"submitSocial","container":"all","username":"arwin"}]
2017-09-26 05:03:20	[{"keyword":"@channelv","from":"2017-09-24","mode":"submitSocial","container":"all","username":"arwin"}]
2017-09-26 05:03:23	[{"keyword":"@itunesmusic","from":"2017-09-24","mode":"submitSocial","container":"all","username":"arwin"}]
2017-09-26 05:03:26	[{"keyword":"@mashable","from":"2017-09-24","mode":"submitSocial","container":"all","username":"arwin"}]
2017-09-26 05:03:28	[{"keyword":"@decacaz","from":"2017-09-24","mode":"submitSocial","container":"all","username":"arwin"}]
2017-09-26 05:03:30	[{"keyword":"@radiobaru967fm","from":"2017-09-24","mode":"submitSocial","container":"all","username":"arwin"}]
2017-09-26 05:03:33	[{"keyword":"@967hitzfm","from":"2017-09-24","mode":"submitSocial","container":"all","username":"arwin"}]
2017-09-26 05:03:35	[{"keyword":"@tvguide","from":"2017-09-24","mode":"submitSocial","container":"all","username":"arwin"}]
2017-09-26 05:03:37	[{"keyword":"@xl123","from":"2017-09-24","mode":"submitSocial","container":"all","username":"arwin"}]
2017-09-26 05:03:40	[{"keyword":"@triindonesia","from":"2017-09-24","mode":"submitSocial","container":"all","username":"arwin"}]
2017-09-26 05:03:43	[{"keyword":"@kaskus","from":"2017-09-24","mode":"submitSocial","container":"all","username":"arwin"}]
2017-09-26 05:03:45	[{"keyword":"@studio_xxi","from":"2017-09-24","mode":"submitSocial","container":"all","username":"arwin"}]
2017-09-26 05:03:47	[{"keyword":"@blitzmegaplex","from":"2017-09-24","mode":"submitSocial","container":"all","username":"arwin"}]
2017-09-26 05:03:49	[{"keyword":"@alfamartku","from":"2017-09-24","mode":"submitSocial","container":"all","username":"arwin"}]
2017-09-26 05:03:51	[{"keyword":"@carrefour_id","from":"2017-09-24","mode":"submitSocial","container":"all","username":"arwin"}]
2017-09-26 05:03:55	[{"keyword":"@bbcbreaking","from":"2017-09-24","mode":"submitSocial","container":"all","username":"arwin"}]
2017-09-26 05:04:02	[{"keyword":"@forbes","from":"2017-09-24","mode":"submitSocial","container":"all","username":"arwin"}]
2017-09-26 05:04:04	[{"keyword":"@bensradio","from":"2017-09-24","mode":"submitSocial","container":"all","username":"arwin"}]
2017-09-26 05:04:09	[{"keyword":"@instagram","from":"2017-09-24","mode":"submitSocial","container":"all","username":"arwin"}]
2017-09-26 05:04:12	[{"keyword":"@pinterest","from":"2017-09-24","mode":"submitSocial","container":"all","username":"arwin"}]
2017-09-26 05:04:19	[{"keyword":"@google","from":"2017-09-24","mode":"submitSocial","container":"all","username":"arwin"}]
2017-09-26 05:04:21	[{"keyword":"@pertaminalub","from":"2017-09-24","mode":"submitSocial","container":"all","username":"arwin"}]
2017-09-26 05:04:23	[{"keyword":"@infolalintol","from":"2017-09-24","mode":"submitSocial","container":"all","username":"arwin"}]
2017-09-26 05:04:26	[{"keyword":"@ptjasamarga","from":"2017-09-24","mode":"submitSocial","container":"all","username":"arwin"}]
2017-09-26 05:04:28	[{"keyword":"@cititransindo","from":"2017-09-24","mode":"submitSocial","container":"all","username":"arwin"}]
2017-09-26 05:04:30	[{"keyword":"#semangatpagisuperr","from":"2017-09-24","mode":"submitSocial","container":"all","username":"arwin"}]
2017-09-26 05:04:32	[{"keyword":"#genkuisinsideout","from":"2017-09-24","mode":"submitSocial","container":"all","username":"arwin"}]
2017-09-26 05:04:34	[{"keyword":"#semangatpagi","from":"2017-09-24","mode":"submitSocial","container":"all","username":"arwin"}]
2017-09-26 05:04:37	[{"keyword":"#dikamar","from":"2017-09-24","mode":"submitSocial","container":"all","username":"arwin"}]
2017-09-26 05:04:40	[{"keyword":"#kopaja","from":"2017-09-24","mode":"submitSocial","container":"all","username":"arwin"}]
2017-09-26 05:04:41	[{"keyword":"#generaksi8","from":"2017-09-24","mode":"submitSocial","container":"all","username":"arwin"}]
2017-09-26 05:04:44	[{"keyword":"#hitztsp","from":"2017-09-24","mode":"submitSocial","container":"all","username":"arwin"}]
2017-09-26 05:04:47	[{"keyword":"#np","from":"2017-09-24","mode":"submitSocial","container":"all","username":"arwin"}]
2017-09-26 05:04:49	[{"keyword":"#hitzlivestage","from":"2017-09-24","mode":"submitSocial","container":"all","username":"arwin"}]
2017-09-26 05:04:51	[{"keyword":"#thefreaks","from":"2017-09-24","mode":"submitSocial","container":"all","username":"arwin"}]
2017-09-26 05:04:53	[{"keyword":"#hitzsirkuspagi","from":"2017-09-24","mode":"submitSocial","container":"all","username":"arwin"}]
2017-09-26 05:04:56	[{"keyword":"#hitzathlon","from":"2017-09-24","mode":"submitSocial","container":"all","username":"arwin"}]
2017-09-26 05:04:58	[{"keyword":"#hitzzombie","from":"2017-09-24","mode":"submitSocial","container":"all","username":"arwin"}]
2017-09-26 05:05:00	[{"keyword":"#hitzkalong","from":"2017-09-24","mode":"submitSocial","container":"all","username":"arwin"}]
2017-09-26 05:05:04	[{"keyword":"#hitzbebas","from":"2017-09-24","mode":"submitSocial","container":"all","username":"arwin"}]
2017-09-26 05:05:06	[{"keyword":"#hitzhorehara","from":"2017-09-24","mode":"submitSocial","container":"all","username":"arwin"}]
2017-09-26 05:05:09	[{"keyword":"@zaloraid","from":"2017-09-24","mode":"submitSocial","container":"all","username":"arwin"}]
2017-09-26 05:05:12	[{"keyword":"@olx_indonesia","from":"2017-09-24","mode":"submitSocial","container":"all","username":"arwin"}]
2017-09-26 05:05:14	[{"keyword":"@lazadaid","from":"2017-09-24","mode":"submitSocial","container":"all","username":"arwin"}]
2017-09-26 05:05:17	[{"keyword":"@utrippers","from":"2017-09-24","mode":"submitSocial","container":"all","username":"arwin"}]
2017-09-26 05:05:19	[{"keyword":"@gogobot","from":"2017-09-24","mode":"submitSocial","container":"all","username":"arwin"}]
2017-09-26 05:05:21	[{"keyword":"@viatortravel","from":"2017-09-24","mode":"submitSocial","container":"all","username":"arwin"}]
2017-09-26 05:05:24	[{"keyword":"@alandakariza","from":"2017-09-24","mode":"submitSocial","container":"all","username":"arwin"}]
2017-09-26 05:05:26	[{"keyword":"@gagasmedia","from":"2017-09-24","mode":"submitSocial","container":"all","username":"arwin"}]
2017-09-26 05:05:29	[{"keyword":"@welovehonda","from":"2017-09-24","mode":"submitSocial","container":"all","username":"arwin"}]
2017-09-26 05:05:31	[{"keyword":"@suzukimotorid","from":"2017-09-24","mode":"submitSocial","container":"all","username":"arwin"}]
2017-09-26 05:05:33	[{"keyword":"@kawasakilovers","from":"2017-09-24","mode":"submitSocial","container":"all","username":"arwin"}]
2017-09-26 05:05:36	[{"keyword":"@yamahaindonesia","from":"2017-09-24","mode":"submitSocial","container":"all","username":"arwin"}]
2017-09-26 05:05:39	[{"keyword":"@tripanzee","from":"2017-09-24","mode":"submitSocial","container":"all","username":"arwin"}]
2017-09-26 05:05:41	[{"keyword":"@arnoldpoernomo","from":"2017-09-24","mode":"submitSocial","container":"all","username":"arwin"}]
2017-09-26 05:05:45	[{"keyword":"@nicsap","from":"2017-09-24","mode":"submitSocial","container":"all","username":"arwin"}]
2017-09-26 05:05:47	[{"keyword":"@tiket2","from":"2017-09-24","mode":"submitSocial","container":"all","username":"arwin"}]
2017-09-26 05:05:50	[{"keyword":"@traveloka","from":"2017-09-24","mode":"submitSocial","container":"all","username":"arwin"}]
2017-09-26 05:05:53	[{"keyword":"@wego","from":"2017-09-24","mode":"submitSocial","container":"all","username":"arwin"}]
2017-09-26 05:05:56	[{"keyword":"@agoda","from":"2017-09-24","mode":"submitSocial","container":"all","username":"arwin"}]
2017-09-26 05:05:58	[{"keyword":"#salahsambung","from":"2017-09-24","mode":"submitSocial","container":"all","username":"arwin"}]
2017-09-26 05:06:00	[{"keyword":"#tulalit","from":"2017-09-24","mode":"submitSocial","container":"all","username":"arwin"}]
2017-09-26 05:06:02	[{"keyword":"#pestageneraksi8","from":"2017-09-24","mode":"submitSocial","container":"all","username":"arwin"}]
2017-09-26 05:06:05	[{"keyword":"#ganaskustik","from":"2017-09-24","mode":"submitSocial","container":"all","username":"arwin"}]
2017-09-26 05:06:07	[{"keyword":"#lnhot20","from":"2017-09-24","mode":"submitSocial","container":"all","username":"arwin"}]
2017-09-26 05:06:09	[{"keyword":"@tripadvisor","from":"2017-09-24","mode":"submitSocial","container":"all","username":"arwin"}]
2017-09-26 05:06:15	[{"keyword":"@google","from":"2017-09-24","mode":"submitSocial","container":"all","username":"arwin"}]
2017-09-26 05:06:19	[{"keyword":"@telkomsel","from":"2017-09-24","mode":"submitSocial","container":"all","username":"arwin"}]
2017-09-26 05:06:21	[{"keyword":"@indosat","from":"2017-09-24","mode":"submitSocial","container":"all","username":"arwin"}]
2017-09-26 05:06:24	[{"keyword":"@bahanafmjkt","from":"2017-09-24","mode":"submitSocial","container":"all","username":""}]
2017-09-26 05:06:29	[{"keyword":"@sonorafm92","from":"2017-09-24","mode":"submitSocial","container":"all","username":"arwin"}]
2017-09-26 05:06:31	[{"keyword":"@litefm1058","from":"2017-09-24","mode":"submitSocial","container":"all","username":"arwin"}]
2017-09-26 05:06:33	[{"keyword":"@bravaradio","from":"2017-09-24","mode":"submitSocial","container":"all","username":"arwin"}]
2017-09-26 05:06:36	[{"keyword":"#dgitm","from":"2017-09-24","mode":"submitSocial","container":"all","username":"arwin"}]
2017-09-26 05:06:38	[{"keyword":"#hitsalaprambors","from":"2017-09-24","mode":"submitSocial","container":"all","username":"arwin"}]
2017-09-26 05:06:41	[{"keyword":"#reqprambors","from":"2017-09-24","mode":"submitSocial","container":"all","username":"arwin"}]
2017-09-26 05:06:43	[{"keyword":"#thedandees","from":"2017-09-24","mode":"submitSocial","container":"all","username":"arwin"}]
2017-09-26 05:06:45	[{"keyword":"#pramborsquiz","from":"2017-09-24","mode":"submitSocial","container":"all","username":"arwin"}]
2017-09-26 05:06:47	[{"keyword":"#jeliprambors","from":"2017-09-24","mode":"submitSocial","container":"all","username":"arwin"}]
2017-09-26 05:06:49	[{"keyword":"#jodohinprambors","from":"2017-09-24","mode":"submitSocial","container":"all","username":"arwin"}]
2017-09-26 05:06:51	[{"keyword":"#ubahdenganbicara","from":"2017-09-24","mode":"submitSocial","container":"all","username":"arwin"}]
2017-09-26 05:06:53	[{"keyword":"#pramborschat","from":"2017-09-24","mode":"submitSocial","container":"all","username":"arwin"}]
2017-09-26 05:06:56	[{"keyword":"#tweetforduit","from":"2017-09-24","mode":"submitSocial","container":"all","username":"arwin"}]
2017-09-26 05:06:58	[{"keyword":"#joki3in1","from":"2017-09-24","mode":"submitSocial","container":"all","username":"arwin"}]
2017-09-26 05:07:00	[{"keyword":"#sarapanseru","from":"2017-09-24","mode":"submitSocial","container":"all","username":"arwin"}]
2017-09-26 05:07:02	[{"keyword":"#rawonkaneloop","from":"2017-09-24","mode":"submitSocial","container":"all","username":"arwin"}]
2017-09-26 05:07:04	[{"keyword":"#gudegkendilkeraton","from":"2017-09-24","mode":"submitSocial","container":"all","username":"arwin"}]
2017-09-26 05:07:06	[{"keyword":"#gadogadobutika","from":"2017-09-24","mode":"submitSocial","container":"all","username":"arwin"}]
2017-09-26 05:07:09	[{"keyword":"#mtvhottest","from":"2017-09-24","mode":"submitSocial","container":"all","username":"arwin"}]
2017-09-26 05:07:11	[{"keyword":"#dimsumcjdw","from":"2017-09-24","mode":"submitSocial","container":"all","username":"arwin"}]
2017-09-26 05:07:13	[{"keyword":"#pecelmadiunmbakniek","from":"2017-09-24","mode":"submitSocial","container":"all","username":"arwin"}]
2017-09-26 05:07:16	[{"keyword":"#depotarema","from":"2017-09-24","mode":"submitSocial","container":"all","username":"arwin"}]
2017-09-26 05:07:18	[{"keyword":"@bni46","from":"2017-09-24","mode":"submitSocial","container":"all","username":"arwin"}]
2017-09-26 05:07:20	[{"keyword":"@bankbri_id","from":"2017-09-24","mode":"submitSocial","container":"all","username":"arwin"}]
2017-09-26 05:07:23	[{"keyword":"#bni46","from":"2017-09-24","mode":"submitSocial","container":"all","username":"arwin"}]
2017-09-26 05:07:26	[{"keyword":"macet","from":"2017-09-24","mode":"submitSocial","container":"all","username":"arwin"}]
2017-09-26 05:07:28	[{"keyword":"#selamatpagi","from":"2017-09-24","mode":"submitSocial","container":"all","username":"arwin"}]
2017-09-26 05:07:31	[{"keyword":"#selamatmalam","from":"2017-09-24","mode":"submitSocial","container":"all","username":"arwin"}]
2017-09-26 05:07:33	[{"keyword":"@884globalradio","from":"2017-09-24","mode":"submitSocial","container":"all","username":"arwin"}]
2017-09-26 05:07:36	[{"keyword":"@day_trans","from":"2017-09-24","mode":"submitSocial","container":"all","username":"arwin"}]
2017-09-26 05:07:38	[{"keyword":"@kencanavoyage","from":"2017-09-24","mode":"submitSocial","container":"all","username":"arwin"}]
2017-09-26 05:07:40	[{"keyword":"@jukebox5d","from":"2017-09-24","mode":"submitSocial","container":"all","username":"arwin"}]
2017-09-26 05:07:43	[{"keyword":"#mtvhottest","from":"2017-09-24","mode":"submitSocial","container":"all","username":"arwin"}]
2017-09-26 05:07:45	[{"keyword":"#semangatpagi","from":"2017-09-24","mode":"submitSocial","container":"all","username":"arwin"}]
2017-09-26 05:07:47	[{"keyword":"lifebuoy","from":"2017-09-24","mode":"submitSocial","container":"all","username":"arwin"}]
2017-09-26 05:07:53	[{"keyword":"jokowi","from":"2017-09-24","mode":"submitSocial","container":"all","username":"arwin"}]
2017-09-26 05:08:03	[{"keyword":"obama","from":"2017-09-24","mode":"submitSocial","container":"all","username":"arwin"}]
2017-09-26 05:08:06	[{"keyword":"starwars","from":"2017-09-24","mode":"submitSocial","container":"all","username":"arwin"}]
2017-09-26 05:08:09	[{"keyword":"jonan","from":"2017-09-24","mode":"submitSocial","container":"all","username":"arwin"}]
2017-09-26 05:08:18	[{"keyword":"pagi","from":"2017-09-24","mode":"submitSocial","container":"all","username":"arwin"}]
2017-09-26 05:08:21	[{"keyword":"sampoerna","from":"2017-09-24","mode":"submitSocial","container":"all","username":"arwin"}]
2017-09-26 05:08:24	[{"keyword":"djarum","from":"2017-09-24","mode":"submitSocial","container":"all","username":"arwin"}]
2017-09-26 05:08:26	[{"keyword":"#semangatpagi","from":"2017-09-24","mode":"submitSocial","container":"all","username":"arwin"}]
2017-09-26 05:08:28	[{"keyword":"#generaksi8","from":"2017-09-24","mode":"submitSocial","container":"all","username":"arwin"}]
2017-09-26 05:08:31	[{"keyword":"#365alasan","from":"2017-09-24","mode":"submitSocial","container":"all","username":"arwin"}]
2017-09-26 05:08:34	[{"keyword":"weew","from":"2017-09-24","mode":"submitSocial","container":"all","username":"arwin"}]
2017-09-26 05:08:43	[{"keyword":"testing","from":"2017-09-24","mode":"submitSocial","container":"all","username":"arwin"}]
2017-09-26 05:08:46	[{"keyword":"#kopaja","from":"2017-09-24","mode":"submitSocial","container":"all","username":"arwin"}]
2017-09-26 05:08:48	[{"keyword":"#genkuisinsideout","from":"2017-09-24","mode":"submitSocial","container":"all","username":"arwin"}]
2017-09-26 05:08:52	[{"keyword":"starwars","from":"2017-09-24","mode":"submitSocial","container":"all","username":"arwin"}]
2017-09-26 05:08:54	[{"keyword":"#kopaja","from":"2017-09-24","mode":"submitSocial","container":"all","username":"arwin"}]
2017-09-26 05:08:57	[{"keyword":"mldspot","from":"2017-09-24","mode":"submitSocial","container":"all","username":"arwin"}]
2017-09-26 05:09:00	[{"keyword":"pbdjarum","from":"2017-09-24","mode":"submitSocial","container":"all","username":"arwin"}]
2017-09-26 05:09:03	[{"keyword":"temannabati","from":"2017-09-24","mode":"submitSocial","container":"all","username":"arwin"}]
2017-09-26 05:09:05	[{"keyword":"nextar","from":"2017-09-24","mode":"submitSocial","container":"all","username":"arwin"}]
2017-09-26 05:09:08	[{"keyword":"jokowo","from":"2017-09-24","mode":"submitSocial","container":"all","username":"arwin"}]
2017-09-26 05:09:12	[{"keyword":"prabowo","from":"2017-09-24","mode":"submitSocial","container":"all","username":"arwin"}]
2017-09-26 05:09:14	[{"keyword":"sudirman said","from":"2017-09-24","mode":"submitSocial","container":"all","username":"arwin"}]
2017-09-26 05:09:18	[{"keyword":"ahok","from":"2017-09-24","mode":"submitSocial","container":"all","username":"arwin"}]
2017-09-26 05:09:20	[{"keyword":"setyanovanto","from":"2017-09-24","mode":"submitSocial","container":"all","username":"arwin"}]
2017-09-26 05:09:27	[{"keyword":"jokowi","from":"2017-09-24","mode":"submitSocial","container":"all","username":"arwin"}]
2017-09-26 05:09:31	[{"keyword":"ahok","from":"2017-09-24","mode":"submitSocial","container":"all","username":"arwin"}]
2017-09-26 05:09:34	[{"keyword":"prabowo","from":"2017-09-24","mode":"submitSocial","container":"all","username":"arwin"}]
2017-09-26 05:09:37	[{"keyword":"sudirman said","from":"2017-09-24","mode":"submitSocial","container":"all","username":"arwin"}]
2017-09-26 05:09:39	[{"keyword":"setyanovanto","from":"2017-09-24","mode":"submitSocial","container":"all","username":"arwin"}]
2017-09-26 05:09:43	[{"keyword":"galau","from":"2017-09-24","mode":"submitSocial","container":"all","username":"arwin"}]
2017-09-26 05:09:45	[{"keyword":"#prestasiindonesia","from":"2017-09-24","mode":"submitSocial","container":"all","username":"arwin"}]
2017-09-26 05:09:47	[{"keyword":"@tw_debi","from":"2017-09-24","mode":"submitSocial","container":"all","username":"arwin"}]
2017-09-26 05:09:49	[{"keyword":"@officialfastron","from":"2017-09-24","mode":"submitSocial","container":"all","username":"arwin"}]
2017-09-26 05:09:52	[{"keyword":"@citibankid","from":"2017-09-24","mode":"submitSocial","container":"all","username":"arwin"}]
2017-09-26 05:09:54	[{"keyword":"@jak101fm","from":"2017-09-24","mode":"submitSocial","container":"all","username":"arwin"}]
2017-09-26 05:09:57	[{"keyword":"@genfm","from":"2017-09-24","mode":"submitSocial","container":"all","username":"arwin"}]
