2017-07-11 05:00:04	[{"keyword":"@987genfm","from":"2017-07-09","mode":"submitSocial","container":"all","username":"arwin"}]
2017-07-11 05:00:07	[{"keyword":"@prambors","from":"2017-07-09","mode":"submitSocial","container":"all","username":"arwin"}]
2017-07-11 05:00:09	[{"keyword":"@hardrockfm","from":"2017-07-09","mode":"submitSocial","container":"all","username":"arwin"}]
2017-07-11 05:00:11	[{"keyword":"@kisfmjakarta","from":"2017-07-09","mode":"submitSocial","container":"all","username":"arwin"}]
2017-07-11 05:00:13	[{"keyword":"@delta_fm","from":"2017-07-09","mode":"submitSocial","container":"all","username":"arwin"}]
2017-07-11 05:00:16	[{"keyword":"@traxfmjkt","from":"2017-07-09","mode":"submitSocial","container":"all","username":"arwin"}]
2017-07-11 05:00:18	[{"keyword":"@iradiojakarta","from":"2017-07-09","mode":"submitSocial","container":"all","username":"arwin"}]
2017-07-11 05:00:20	[{"keyword":"@indika9160fm","from":"2017-07-09","mode":"submitSocial","container":"all","username":"arwin"}]
2017-07-11 05:00:22	[{"keyword":"@shellindonesia","from":"2017-07-09","mode":"submitSocial","container":"all","username":"arwin"}]
2017-07-11 05:00:24	[{"keyword":"@vpowerfans","from":"2017-07-09","mode":"submitSocial","container":"all","username":"arwin"}]
2017-07-11 05:00:26	[{"keyword":"@pertamaxind","from":"2017-07-09","mode":"submitSocial","container":"all","username":"arwin"}]
2017-07-11 05:00:28	[{"keyword":"@ptpertamina","from":"2017-07-09","mode":"submitSocial","container":"all","username":"arwin"}]
2017-07-11 05:00:31	[{"keyword":"@ozradiojakarta","from":"2017-07-09","mode":"submitSocial","container":"all","username":"arwin"}]
2017-07-11 05:00:33	[{"keyword":"@cosmopolitanfm","from":"2017-07-09","mode":"submitSocial","container":"all","username":"arwin"}]
2017-07-11 05:00:35	[{"keyword":"@mustang88fm","from":"2017-07-09","mode":"submitSocial","container":"all","username":"arwin"}]
2017-07-11 05:00:37	[{"keyword":"@debabaz","from":"2017-07-09","mode":"submitSocial","container":"all","username":"arwin"}]
2017-07-11 05:00:40	[{"keyword":"@detikcom","from":"2017-07-09","mode":"submitSocial","container":"all","username":"arwin"}]
2017-07-11 05:00:43	[{"keyword":"@radioelshinta","from":"2017-07-09","mode":"submitSocial","container":"all","username":"arwin"}]
2017-07-11 05:00:45	[{"keyword":"@cinema21","from":"2017-07-09","mode":"submitSocial","container":"all","username":"arwin"}]
2017-07-11 05:00:47	[{"keyword":"@officialrcti","from":"2017-07-09","mode":"submitSocial","container":"all","username":"arwin"}]
2017-07-11 05:00:50	[{"keyword":"@transtv_corp","from":"2017-07-09","mode":"submitSocial","container":"all","username":"arwin"}]
2017-07-11 05:00:52	[{"keyword":"@trans7","from":"2017-07-09","mode":"submitSocial","container":"all","username":"arwin"}]
2017-07-11 05:00:54	[{"keyword":"@metro_tv","from":"2017-07-09","mode":"submitSocial","container":"all","username":"arwin"}]
2017-07-11 05:00:57	[{"keyword":"@tvonenews","from":"2017-07-09","mode":"submitSocial","container":"all","username":"arwin"}]
2017-07-11 05:01:00	[{"keyword":"@whatsonantv","from":"2017-07-09","mode":"submitSocial","container":"all","username":"arwin"}]
2017-07-11 05:01:02	[{"keyword":"@sctv_","from":"2017-07-09","mode":"submitSocial","container":"all","username":"arwin"}]
2017-07-11 05:01:05	[{"keyword":"@kompastv","from":"2017-07-09","mode":"submitSocial","container":"all","username":"arwin"}]
2017-07-11 05:01:08	[{"keyword":"@netmediatama","from":"2017-07-09","mode":"submitSocial","container":"all","username":"arwin"}]
2017-07-11 05:01:10	[{"keyword":"@globaltvseru","from":"2017-07-09","mode":"submitSocial","container":"all","username":"arwin"}]
2017-07-11 05:01:12	[{"keyword":"@jaktvcom","from":"2017-07-09","mode":"submitSocial","container":"all","username":"arwin"}]
2017-07-11 05:01:14	[{"keyword":"@tvrinasional","from":"2017-07-09","mode":"submitSocial","container":"all","username":"arwin"}]
2017-07-11 05:01:16	[{"keyword":"@ochannelupdates","from":"2017-07-09","mode":"submitSocial","container":"all","username":"arwin"}]
2017-07-11 05:01:18	[{"keyword":"@indosiarid","from":"2017-07-09","mode":"submitSocial","container":"all","username":"arwin"}]
2017-07-11 05:01:22	[{"keyword":"@kompascom","from":"2017-07-09","mode":"submitSocial","container":"all","username":"arwin"}]
2017-07-11 05:01:24	[{"keyword":"@merdekadotcom","from":"2017-07-09","mode":"submitSocial","container":"all","username":"arwin"}]
2017-07-11 05:01:26	[{"keyword":"@midotcom","from":"2017-07-09","mode":"submitSocial","container":"all","username":"arwin"}]
2017-07-11 05:01:29	[{"keyword":"@tempodotco","from":"2017-07-09","mode":"submitSocial","container":"all","username":"arwin"}]
2017-07-11 05:01:31	[{"keyword":"@motion975fm","from":"2017-07-09","mode":"submitSocial","container":"all","username":"arwin"}]
2017-07-11 05:01:33	[{"keyword":"@_radiotoday","from":"2017-07-09","mode":"submitSocial","container":"all","username":"arwin"}]
2017-07-11 05:01:35	[{"keyword":"@radioinfo","from":"2017-07-09","mode":"submitSocial","container":"all","username":"arwin"}]
2017-07-11 05:01:37	[{"keyword":"@979femaleradio","from":"2017-07-09","mode":"submitSocial","container":"all","username":"arwin"}]
2017-07-11 05:01:39	[{"keyword":"@womanradio943fm","from":"2017-07-09","mode":"submitSocial","container":"all","username":"arwin"}]
2017-07-11 05:01:41	[{"keyword":"@vradiofm","from":"2017-07-09","mode":"submitSocial","container":"all","username":"arwin"}]
2017-07-11 05:01:43	[{"keyword":"@ufm947","from":"2017-07-09","mode":"submitSocial","container":"all","username":"arwin"}]
2017-07-11 05:01:45	[{"keyword":"@vivanews","from":"2017-07-09","mode":"submitSocial","container":"all","username":"arwin"}]
2017-07-11 05:01:47	[{"keyword":"@antaranews","from":"2017-07-09","mode":"submitSocial","container":"all","username":"arwin"}]
2017-07-11 05:01:50	[{"keyword":"@tribunnews","from":"2017-07-09","mode":"submitSocial","container":"all","username":"arwin"}]
2017-07-11 05:01:52	[{"keyword":"@okezonenews","from":"2017-07-09","mode":"submitSocial","container":"all","username":"arwin"}]
2017-07-11 05:01:55	[{"keyword":"@beritasatu","from":"2017-07-09","mode":"submitSocial","container":"all","username":"arwin"}]
2017-07-11 05:01:57	[{"keyword":"@rollingstoneina","from":"2017-07-09","mode":"submitSocial","container":"all","username":"arwin"}]
2017-07-11 05:01:59	[{"keyword":"@fimeladotcom","from":"2017-07-09","mode":"submitSocial","container":"all","username":"arwin"}]
2017-07-11 05:02:01	[{"keyword":"@kapanlagicom","from":"2017-07-09","mode":"submitSocial","container":"all","username":"arwin"}]
2017-07-11 05:02:03	[{"keyword":"@kompasent","from":"2017-07-09","mode":"submitSocial","container":"all","username":"arwin"}]
2017-07-11 05:02:05	[{"keyword":"@haimagazine","from":"2017-07-09","mode":"submitSocial","container":"all","username":"arwin"}]
2017-07-11 05:02:07	[{"keyword":"@jakartavenue","from":"2017-07-09","mode":"submitSocial","container":"all","username":"arwin"}]
2017-07-11 05:02:09	[{"keyword":"@seputarevent","from":"2017-07-09","mode":"submitSocial","container":"all","username":"arwin"}]
2017-07-11 05:02:11	[{"keyword":"@ismayalive","from":"2017-07-09","mode":"submitSocial","container":"all","username":"arwin"}]
2017-07-11 05:02:13	[{"keyword":"@ecentertainment","from":"2017-07-09","mode":"submitSocial","container":"all","username":"arwin"}]
2017-07-11 05:02:15	[{"keyword":"@synergism_en","from":"2017-07-09","mode":"submitSocial","container":"all","username":"arwin"}]
2017-07-11 05:02:17	[{"keyword":"@urbanbandung","from":"2017-07-09","mode":"submitSocial","container":"all","username":"arwin"}]
2017-07-11 05:02:19	[{"keyword":"@urbanrkm995","from":"2017-07-09","mode":"submitSocial","container":"all","username":"arwin"}]
2017-07-11 05:02:21	[{"keyword":"@garuda_promo","from":"2017-07-09","mode":"submitSocial","container":"all","username":"arwin"}]
2017-07-11 05:02:23	[{"keyword":"@airasiaid","from":"2017-07-09","mode":"submitSocial","container":"all","username":"arwin"}]
2017-07-11 05:02:25	[{"keyword":"@kai121","from":"2017-07-09","mode":"submitSocial","container":"all","username":"arwin"}]
2017-07-11 05:02:27	[{"keyword":"@unilever","from":"2017-07-09","mode":"submitSocial","container":"all","username":"arwin"}]
2017-07-11 05:02:30	[{"keyword":"@nestle","from":"2017-07-09","mode":"submitSocial","container":"all","username":"arwin"}]
2017-07-11 05:02:33	[{"keyword":"@cocacola","from":"2017-07-09","mode":"submitSocial","container":"all","username":"arwin"}]
2017-07-11 05:02:43	[{"keyword":"@cnn","from":"2017-07-09","mode":"submitSocial","container":"all","username":"arwin"}]
2017-07-11 05:02:49	[{"keyword":"@mtv","from":"2017-07-09","mode":"submitSocial","container":"all","username":"arwin"}]
2017-07-11 05:02:51	[{"keyword":"@channelv","from":"2017-07-09","mode":"submitSocial","container":"all","username":"arwin"}]
2017-07-11 05:02:53	[{"keyword":"@itunesmusic","from":"2017-07-09","mode":"submitSocial","container":"all","username":"arwin"}]
2017-07-11 05:02:56	[{"keyword":"@mashable","from":"2017-07-09","mode":"submitSocial","container":"all","username":"arwin"}]
2017-07-11 05:02:58	[{"keyword":"@decacaz","from":"2017-07-09","mode":"submitSocial","container":"all","username":"arwin"}]
2017-07-11 05:03:00	[{"keyword":"@radiobaru967fm","from":"2017-07-09","mode":"submitSocial","container":"all","username":"arwin"}]
2017-07-11 05:03:02	[{"keyword":"@967hitzfm","from":"2017-07-09","mode":"submitSocial","container":"all","username":"arwin"}]
2017-07-11 05:03:04	[{"keyword":"@tvguide","from":"2017-07-09","mode":"submitSocial","container":"all","username":"arwin"}]
2017-07-11 05:03:07	[{"keyword":"@xl123","from":"2017-07-09","mode":"submitSocial","container":"all","username":"arwin"}]
2017-07-11 05:03:09	[{"keyword":"@triindonesia","from":"2017-07-09","mode":"submitSocial","container":"all","username":"arwin"}]
2017-07-11 05:03:11	[{"keyword":"@kaskus","from":"2017-07-09","mode":"submitSocial","container":"all","username":"arwin"}]
2017-07-11 05:03:13	[{"keyword":"@studio_xxi","from":"2017-07-09","mode":"submitSocial","container":"all","username":"arwin"}]
2017-07-11 05:03:15	[{"keyword":"@blitzmegaplex","from":"2017-07-09","mode":"submitSocial","container":"all","username":"arwin"}]
2017-07-11 05:03:17	[{"keyword":"@alfamartku","from":"2017-07-09","mode":"submitSocial","container":"all","username":"arwin"}]
2017-07-11 05:03:19	[{"keyword":"@carrefour_id","from":"2017-07-09","mode":"submitSocial","container":"all","username":"arwin"}]
2017-07-11 05:03:22	[{"keyword":"@bbcbreaking","from":"2017-07-09","mode":"submitSocial","container":"all","username":"arwin"}]
2017-07-11 05:03:29	[{"keyword":"@forbes","from":"2017-07-09","mode":"submitSocial","container":"all","username":"arwin"}]
2017-07-11 05:03:31	[{"keyword":"@bensradio","from":"2017-07-09","mode":"submitSocial","container":"all","username":"arwin"}]
2017-07-11 05:03:36	[{"keyword":"@instagram","from":"2017-07-09","mode":"submitSocial","container":"all","username":"arwin"}]
2017-07-11 05:03:39	[{"keyword":"@pinterest","from":"2017-07-09","mode":"submitSocial","container":"all","username":"arwin"}]
2017-07-11 05:03:44	[{"keyword":"@google","from":"2017-07-09","mode":"submitSocial","container":"all","username":"arwin"}]
2017-07-11 05:03:46	[{"keyword":"@pertaminalub","from":"2017-07-09","mode":"submitSocial","container":"all","username":"arwin"}]
2017-07-11 05:03:48	[{"keyword":"@infolalintol","from":"2017-07-09","mode":"submitSocial","container":"all","username":"arwin"}]
2017-07-11 05:03:50	[{"keyword":"@ptjasamarga","from":"2017-07-09","mode":"submitSocial","container":"all","username":"arwin"}]
2017-07-11 05:03:52	[{"keyword":"@cititransindo","from":"2017-07-09","mode":"submitSocial","container":"all","username":"arwin"}]
2017-07-11 05:03:54	[{"keyword":"#semangatpagisuperr","from":"2017-07-09","mode":"submitSocial","container":"all","username":"arwin"}]
2017-07-11 05:03:56	[{"keyword":"#genkuisinsideout","from":"2017-07-09","mode":"submitSocial","container":"all","username":"arwin"}]
2017-07-11 05:03:58	[{"keyword":"#semangatpagi","from":"2017-07-09","mode":"submitSocial","container":"all","username":"arwin"}]
2017-07-11 05:04:00	[{"keyword":"#dikamar","from":"2017-07-09","mode":"submitSocial","container":"all","username":"arwin"}]
2017-07-11 05:04:03	[{"keyword":"#kopaja","from":"2017-07-09","mode":"submitSocial","container":"all","username":"arwin"}]
2017-07-11 05:04:04	[{"keyword":"#generaksi8","from":"2017-07-09","mode":"submitSocial","container":"all","username":"arwin"}]
2017-07-11 05:04:06	[{"keyword":"#hitztsp","from":"2017-07-09","mode":"submitSocial","container":"all","username":"arwin"}]
2017-07-11 05:04:09	[{"keyword":"#np","from":"2017-07-09","mode":"submitSocial","container":"all","username":"arwin"}]
2017-07-11 05:04:11	[{"keyword":"#hitzlivestage","from":"2017-07-09","mode":"submitSocial","container":"all","username":"arwin"}]
2017-07-11 05:04:13	[{"keyword":"#thefreaks","from":"2017-07-09","mode":"submitSocial","container":"all","username":"arwin"}]
2017-07-11 05:04:15	[{"keyword":"#hitzsirkuspagi","from":"2017-07-09","mode":"submitSocial","container":"all","username":"arwin"}]
2017-07-11 05:04:17	[{"keyword":"#hitzathlon","from":"2017-07-09","mode":"submitSocial","container":"all","username":"arwin"}]
2017-07-11 05:04:19	[{"keyword":"#hitzzombie","from":"2017-07-09","mode":"submitSocial","container":"all","username":"arwin"}]
2017-07-11 05:04:21	[{"keyword":"#hitzkalong","from":"2017-07-09","mode":"submitSocial","container":"all","username":"arwin"}]
2017-07-11 05:04:23	[{"keyword":"#hitzbebas","from":"2017-07-09","mode":"submitSocial","container":"all","username":"arwin"}]
2017-07-11 05:04:25	[{"keyword":"#hitzhorehara","from":"2017-07-09","mode":"submitSocial","container":"all","username":"arwin"}]
2017-07-11 05:04:27	[{"keyword":"@zaloraid","from":"2017-07-09","mode":"submitSocial","container":"all","username":"arwin"}]
2017-07-11 05:04:29	[{"keyword":"@olx_indonesia","from":"2017-07-09","mode":"submitSocial","container":"all","username":"arwin"}]
2017-07-11 05:04:32	[{"keyword":"@lazadaid","from":"2017-07-09","mode":"submitSocial","container":"all","username":"arwin"}]
2017-07-11 05:04:34	[{"keyword":"@utrippers","from":"2017-07-09","mode":"submitSocial","container":"all","username":"arwin"}]
2017-07-11 05:04:36	[{"keyword":"@gogobot","from":"2017-07-09","mode":"submitSocial","container":"all","username":"arwin"}]
2017-07-11 05:04:38	[{"keyword":"@viatortravel","from":"2017-07-09","mode":"submitSocial","container":"all","username":"arwin"}]
2017-07-11 05:04:40	[{"keyword":"@alandakariza","from":"2017-07-09","mode":"submitSocial","container":"all","username":"arwin"}]
2017-07-11 05:04:42	[{"keyword":"@gagasmedia","from":"2017-07-09","mode":"submitSocial","container":"all","username":"arwin"}]
2017-07-11 05:04:44	[{"keyword":"@welovehonda","from":"2017-07-09","mode":"submitSocial","container":"all","username":"arwin"}]
2017-07-11 05:04:46	[{"keyword":"@suzukimotorid","from":"2017-07-09","mode":"submitSocial","container":"all","username":"arwin"}]
2017-07-11 05:04:48	[{"keyword":"@kawasakilovers","from":"2017-07-09","mode":"submitSocial","container":"all","username":"arwin"}]
2017-07-11 05:04:50	[{"keyword":"@yamahaindonesia","from":"2017-07-09","mode":"submitSocial","container":"all","username":"arwin"}]
2017-07-11 05:04:52	[{"keyword":"@tripanzee","from":"2017-07-09","mode":"submitSocial","container":"all","username":"arwin"}]
2017-07-11 05:04:54	[{"keyword":"@arnoldpoernomo","from":"2017-07-09","mode":"submitSocial","container":"all","username":"arwin"}]
2017-07-11 05:04:57	[{"keyword":"@nicsap","from":"2017-07-09","mode":"submitSocial","container":"all","username":"arwin"}]
2017-07-11 05:04:58	[{"keyword":"@tiket2","from":"2017-07-09","mode":"submitSocial","container":"all","username":"arwin"}]
2017-07-11 05:05:01	[{"keyword":"@traveloka","from":"2017-07-09","mode":"submitSocial","container":"all","username":"arwin"}]
2017-07-11 05:05:04	[{"keyword":"@wego","from":"2017-07-09","mode":"submitSocial","container":"all","username":"arwin"}]
2017-07-11 05:05:07	[{"keyword":"@agoda","from":"2017-07-09","mode":"submitSocial","container":"all","username":"arwin"}]
2017-07-11 05:05:09	[{"keyword":"#salahsambung","from":"2017-07-09","mode":"submitSocial","container":"all","username":"arwin"}]
2017-07-11 05:05:12	[{"keyword":"#tulalit","from":"2017-07-09","mode":"submitSocial","container":"all","username":"arwin"}]
2017-07-11 05:05:13	[{"keyword":"#pestageneraksi8","from":"2017-07-09","mode":"submitSocial","container":"all","username":"arwin"}]
2017-07-11 05:05:15	[{"keyword":"#ganaskustik","from":"2017-07-09","mode":"submitSocial","container":"all","username":"arwin"}]
2017-07-11 05:05:17	[{"keyword":"#lnhot20","from":"2017-07-09","mode":"submitSocial","container":"all","username":"arwin"}]
2017-07-11 05:05:19	[{"keyword":"@tripadvisor","from":"2017-07-09","mode":"submitSocial","container":"all","username":"arwin"}]
2017-07-11 05:05:24	[{"keyword":"@google","from":"2017-07-09","mode":"submitSocial","container":"all","username":"arwin"}]
2017-07-11 05:05:27	[{"keyword":"@telkomsel","from":"2017-07-09","mode":"submitSocial","container":"all","username":"arwin"}]
2017-07-11 05:05:29	[{"keyword":"@indosat","from":"2017-07-09","mode":"submitSocial","container":"all","username":"arwin"}]
2017-07-11 05:05:31	[{"keyword":"@bahanafmjkt","from":"2017-07-09","mode":"submitSocial","container":"all","username":"arwin"}]
2017-07-11 05:05:33	[{"keyword":"@sonorafm92","from":"2017-07-09","mode":"submitSocial","container":"all","username":"arwin"}]
2017-07-11 05:05:35	[{"keyword":"@litefm1058","from":"2017-07-09","mode":"submitSocial","container":"","username":""}]
2017-07-11 05:05:39	[{"keyword":"@litefm1058","from":"2017-07-09","mode":"submitSocial","container":"all","username":"arwin"}]
2017-07-11 05:05:41	[{"keyword":"@bravaradio","from":"2017-07-09","mode":"submitSocial","container":"all","username":"arwin"}]
2017-07-11 05:05:43	[{"keyword":"#dgitm","from":"2017-07-09","mode":"submitSocial","container":"all","username":"arwin"}]
2017-07-11 05:05:45	[{"keyword":"#hitsalaprambors","from":"2017-07-09","mode":"submitSocial","container":"all","username":"arwin"}]
2017-07-11 05:05:47	[{"keyword":"#reqprambors","from":"2017-07-09","mode":"submitSocial","container":"all","username":"arwin"}]
2017-07-11 05:05:49	[{"keyword":"#thedandees","from":"2017-07-09","mode":"submitSocial","container":"all","username":"arwin"}]
2017-07-11 05:05:51	[{"keyword":"#pramborsquiz","from":"2017-07-09","mode":"submitSocial","container":"all","username":"arwin"}]
2017-07-11 05:05:53	[{"keyword":"#jeliprambors","from":"2017-07-09","mode":"submitSocial","container":"all","username":"arwin"}]
2017-07-11 05:05:55	[{"keyword":"#jodohinprambors","from":"2017-07-09","mode":"submitSocial","container":"all","username":"arwin"}]
2017-07-11 05:05:57	[{"keyword":"#ubahdenganbicara","from":"2017-07-09","mode":"submitSocial","container":"all","username":"arwin"}]
2017-07-11 05:05:59	[{"keyword":"#pramborschat","from":"2017-07-09","mode":"submitSocial","container":"all","username":"arwin"}]
2017-07-11 05:06:01	[{"keyword":"#tweetforduit","from":"2017-07-09","mode":"submitSocial","container":"all","username":"arwin"}]
2017-07-11 05:06:03	[{"keyword":"#joki3in1","from":"2017-07-09","mode":"submitSocial","container":"all","username":"arwin"}]
2017-07-11 05:06:05	[{"keyword":"#sarapanseru","from":"2017-07-09","mode":"submitSocial","container":"all","username":"arwin"}]
2017-07-11 05:06:07	[{"keyword":"#rawonkaneloop","from":"2017-07-09","mode":"submitSocial","container":"all","username":"arwin"}]
2017-07-11 05:06:09	[{"keyword":"#gudegkendilkeraton","from":"2017-07-09","mode":"submitSocial","container":"all","username":"arwin"}]
2017-07-11 05:06:11	[{"keyword":"#gadogadobutika","from":"2017-07-09","mode":"submitSocial","container":"all","username":"arwin"}]
2017-07-11 05:06:13	[{"keyword":"#mtvhottest","from":"2017-07-09","mode":"submitSocial","container":"all","username":"arwin"}]
2017-07-11 05:06:15	[{"keyword":"#dimsumcjdw","from":"2017-07-09","mode":"submitSocial","container":"all","username":"arwin"}]
2017-07-11 05:06:17	[{"keyword":"#pecelmadiunmbakniek","from":"2017-07-09","mode":"submitSocial","container":"all","username":"arwin"}]
2017-07-11 05:06:19	[{"keyword":"#depotarema","from":"2017-07-09","mode":"submitSocial","container":"all","username":"arwin"}]
2017-07-11 05:06:21	[{"keyword":"@bni46","from":"2017-07-09","mode":"submitSocial","container":"all","username":"arwin"}]
2017-07-11 05:06:23	[{"keyword":"@bankbri_id","from":"2017-07-09","mode":"submitSocial","container":"all","username":"arwin"}]
2017-07-11 05:06:25	[{"keyword":"#bni46","from":"2017-07-09","mode":"submitSocial","container":"all","username":"arwin"}]
2017-07-11 05:06:29	[{"keyword":"macet","from":"2017-07-09","mode":"submitSocial","container":"all","username":"arwin"}]
2017-07-11 05:06:31	[{"keyword":"#selamatpagi","from":"2017-07-09","mode":"submitSocial","container":"all","username":"arwin"}]
2017-07-11 05:06:33	[{"keyword":"#selamatmalam","from":"2017-07-09","mode":"submitSocial","container":"all","username":"arwin"}]
2017-07-11 05:06:36	[{"keyword":"@884globalradio","from":"2017-07-09","mode":"submitSocial","container":"all","username":"arwin"}]
2017-07-11 05:06:38	[{"keyword":"@day_trans","from":"2017-07-09","mode":"submitSocial","container":"all","username":"arwin"}]
2017-07-11 05:06:40	[{"keyword":"@kencanavoyage","from":"2017-07-09","mode":"submitSocial","container":"all","username":"arwin"}]
2017-07-11 05:06:42	[{"keyword":"@jukebox5d","from":"2017-07-09","mode":"submitSocial","container":"all","username":"arwin"}]
2017-07-11 05:06:44	[{"keyword":"#mtvhottest","from":"2017-07-09","mode":"submitSocial","container":"all","username":"arwin"}]
2017-07-11 05:06:46	[{"keyword":"#semangatpagi","from":"2017-07-09","mode":"submitSocial","container":"all","username":"arwin"}]
2017-07-11 05:06:48	[{"keyword":"lifebuoy","from":"2017-07-09","mode":"submitSocial","container":"all","username":"arwin"}]
2017-07-11 05:06:56	[{"keyword":"jokowi","from":"2017-07-09","mode":"submitSocial","container":"all","username":"arwin"}]
2017-07-11 05:07:06	[{"keyword":"obama","from":"2017-07-09","mode":"submitSocial","container":"all","username":"arwin"}]
2017-07-11 05:07:08	[{"keyword":"starwars","from":"2017-07-09","mode":"submitSocial","container":"all","username":"arwin"}]
2017-07-11 05:07:11	[{"keyword":"jonan","from":"2017-07-09","mode":"submitSocial","container":"all","username":"arwin"}]
2017-07-11 05:07:19	[{"keyword":"pagi","from":"2017-07-09","mode":"submitSocial","container":"all","username":"arwin"}]
2017-07-11 05:07:22	[{"keyword":"sampoerna","from":"2017-07-09","mode":"submitSocial","container":"all","username":"arwin"}]
2017-07-11 05:07:24	[{"keyword":"djarum","from":"2017-07-09","mode":"submitSocial","container":"all","username":"arwin"}]
2017-07-11 05:07:26	[{"keyword":"#semangatpagi","from":"2017-07-09","mode":"submitSocial","container":"all","username":"arwin"}]
2017-07-11 05:07:28	[{"keyword":"#generaksi8","from":"2017-07-09","mode":"submitSocial","container":"all","username":"arwin"}]
2017-07-11 05:07:30	[{"keyword":"#365alasan","from":"2017-07-09","mode":"submitSocial","container":"all","username":"arwin"}]
2017-07-11 05:07:32	[{"keyword":"weew","from":"2017-07-09","mode":"submitSocial","container":"all","username":"arwin"}]
2017-07-11 05:07:39	[{"keyword":"testing","from":"2017-07-09","mode":"submitSocial","container":"all","username":"arwin"}]
2017-07-11 05:07:41	[{"keyword":"#kopaja","from":"2017-07-09","mode":"submitSocial","container":"all","username":"arwin"}]
2017-07-11 05:07:43	[{"keyword":"#genkuisinsideout","from":"2017-07-09","mode":"submitSocial","container":"all","username":"arwin"}]
2017-07-11 05:07:46	[{"keyword":"starwars","from":"2017-07-09","mode":"submitSocial","container":"all","username":"arwin"}]
2017-07-11 05:07:48	[{"keyword":"#kopaja","from":"2017-07-09","mode":"submitSocial","container":"all","username":"arwin"}]
2017-07-11 05:07:50	[{"keyword":"mldspot","from":"2017-07-09","mode":"submitSocial","container":"all","username":"arwin"}]
2017-07-11 05:07:52	[{"keyword":"pbdjarum","from":"2017-07-09","mode":"submitSocial","container":"all","username":"arwin"}]
2017-07-11 05:07:54	[{"keyword":"temannabati","from":"2017-07-09","mode":"submitSocial","container":"all","username":"arwin"}]
2017-07-11 05:07:57	[{"keyword":"nextar","from":"2017-07-09","mode":"submitSocial","container":"all","username":"arwin"}]
2017-07-11 05:07:59	[{"keyword":"jokowo","from":"2017-07-09","mode":"submitSocial","container":"all","username":"arwin"}]
2017-07-11 05:08:02	[{"keyword":"prabowo","from":"2017-07-09","mode":"submitSocial","container":"all","username":"arwin"}]
2017-07-11 05:08:04	[{"keyword":"sudirman said","from":"2017-07-09","mode":"submitSocial","container":"all","username":"arwin"}]
2017-07-11 05:08:08	[{"keyword":"ahok","from":"2017-07-09","mode":"submitSocial","container":"all","username":"arwin"}]
2017-07-11 05:08:10	[{"keyword":"setyanovanto","from":"2017-07-09","mode":"submitSocial","container":"all","username":"arwin"}]
2017-07-11 05:08:17	[{"keyword":"jokowi","from":"2017-07-09","mode":"submitSocial","container":"all","username":"arwin"}]
2017-07-11 05:08:21	[{"keyword":"ahok","from":"2017-07-09","mode":"submitSocial","container":"all","username":"arwin"}]
2017-07-11 05:08:24	[{"keyword":"prabowo","from":"2017-07-09","mode":"submitSocial","container":"all","username":"arwin"}]
2017-07-11 05:08:26	[{"keyword":"sudirman said","from":"2017-07-09","mode":"submitSocial","container":"all","username":"arwin"}]
2017-07-11 05:08:28	[{"keyword":"setyanovanto","from":"2017-07-09","mode":"submitSocial","container":"all","username":"arwin"}]
2017-07-11 05:08:32	[{"keyword":"galau","from":"2017-07-09","mode":"submitSocial","container":"all","username":"arwin"}]
2017-07-11 05:08:34	[{"keyword":"#prestasiindonesia","from":"2017-07-09","mode":"submitSocial","container":"all","username":"arwin"}]
2017-07-11 05:08:36	[{"keyword":"@tw_debi","from":"2017-07-09","mode":"submitSocial","container":"all","username":"arwin"}]
2017-07-11 05:08:38	[{"keyword":"@officialfastron","from":"2017-07-09","mode":"submitSocial","container":"all","username":"arwin"}]
2017-07-11 05:08:40	[{"keyword":"@citibankid","from":"2017-07-09","mode":"submitSocial","container":"all","username":"arwin"}]
2017-07-11 05:08:42	[{"keyword":"@jak101fm","from":"2017-07-09","mode":"submitSocial","container":"all","username":"arwin"}]
2017-07-11 05:08:45	[{"keyword":"@genfm","from":"2017-07-09","mode":"submitSocial","container":"all","username":"arwin"}]
2017-07-11 19:11:33	[{"keyword":"@987genfm","from":"2017-07-10","mode":"submitSocial","container":"all","username":"alanmr"}]
2017-07-11 19:11:37	[{"keyword":"@101jakfm","from":"2017-07-09","mode":"submitSocial","container":"all","username":"alanmr"},{"keyword":"@101jakfm","from":"2017-07-10","mode":"submitSocial","container":"all","username":"alanmr"}]
