2017-02-14 05:00:04	[{"keyword":"@987genfm","from":"2017-02-12","mode":"submitSocial","container":"all","username":"arwin"}]
2017-02-14 05:00:06	[{"keyword":"@101jakfm","from":"2017-02-12","mode":"submitSocial","container":"all","username":"arwin"}]
2017-02-14 05:00:09	[{"keyword":"@prambors","from":"2017-02-12","mode":"submitSocial","container":"all","username":"arwin"}]
2017-02-14 05:00:11	[{"keyword":"@hardrockfm","from":"2017-02-12","mode":"submitSocial","container":"all","username":"arwin"}]
2017-02-14 05:00:13	[{"keyword":"@kisfmjakarta","from":"2017-02-12","mode":"submitSocial","container":"all","username":"arwin"}]
2017-02-14 05:00:16	[{"keyword":"@delta_fm","from":"2017-02-12","mode":"submitSocial","container":"all","username":"arwin"}]
2017-02-14 05:00:18	[{"keyword":"@traxfmjkt","from":"2017-02-12","mode":"submitSocial","container":"all","username":"arwin"}]
2017-02-14 05:00:20	[{"keyword":"@iradiojakarta","from":"2017-02-12","mode":"submitSocial","container":"all","username":"arwin"}]
2017-02-14 05:00:23	[{"keyword":"@indika9160fm","from":"2017-02-12","mode":"submitSocial","container":"all","username":"arwin"}]
2017-02-14 05:00:25	[{"keyword":"@shellindonesia","from":"2017-02-12","mode":"submitSocial","container":"all","username":"arwin"}]
2017-02-14 05:00:27	[{"keyword":"@vpowerfans","from":"2017-02-12","mode":"submitSocial","container":"all","username":"arwin"}]
2017-02-14 05:00:29	[{"keyword":"@pertamaxind","from":"2017-02-12","mode":"submitSocial","container":"all","username":"arwin"}]
2017-02-14 05:00:31	[{"keyword":"@ptpertamina","from":"2017-02-12","mode":"submitSocial","container":"all","username":"arwin"}]
2017-02-14 05:00:34	[{"keyword":"@ozradiojakarta","from":"2017-02-12","mode":"submitSocial","container":"all","username":"arwin"}]
2017-02-14 05:00:36	[{"keyword":"@cosmopolitanfm","from":"2017-02-12","mode":"submitSocial","container":"all","username":"arwin"}]
2017-02-14 05:00:38	[{"keyword":"@mustang88fm","from":"2017-02-12","mode":"submitSocial","container":"all","username":"arwin"}]
2017-02-14 05:00:40	[{"keyword":"@debabaz","from":"2017-02-12","mode":"submitSocial","container":"all","username":"arwin"}]
2017-02-14 05:00:44	[{"keyword":"@detikcom","from":"2017-02-12","mode":"submitSocial","container":"all","username":"arwin"}]
2017-02-14 05:00:46	[{"keyword":"@radioelshinta","from":"2017-02-12","mode":"submitSocial","container":"all","username":"arwin"}]
2017-02-14 05:00:48	[{"keyword":"@cinema21","from":"2017-02-12","mode":"submitSocial","container":"all","username":"arwin"}]
2017-02-14 05:00:51	[{"keyword":"@officialrcti","from":"2017-02-12","mode":"submitSocial","container":"all","username":"arwin"}]
2017-02-14 05:00:54	[{"keyword":"@transtv_corp","from":"2017-02-12","mode":"submitSocial","container":"all","username":"arwin"}]
2017-02-14 05:00:56	[{"keyword":"@trans7","from":"2017-02-12","mode":"submitSocial","container":"all","username":"arwin"}]
2017-02-14 05:01:05	[{"keyword":"@metro_tv","from":"2017-02-12","mode":"submitSocial","container":"all","username":"arwin"}]
2017-02-14 05:01:07	[{"keyword":"@tvonenews","from":"2017-02-12","mode":"submitSocial","container":"all","username":"arwin"}]
2017-02-14 05:01:10	[{"keyword":"@whatsonantv","from":"2017-02-12","mode":"submitSocial","container":"all","username":"arwin"}]
2017-02-14 05:01:13	[{"keyword":"@sctv_","from":"2017-02-12","mode":"submitSocial","container":"all","username":"arwin"}]
2017-02-14 05:01:17	[{"keyword":"@kompastv","from":"2017-02-12","mode":"submitSocial","container":"all","username":"arwin"}]
2017-02-14 05:01:20	[{"keyword":"@netmediatama","from":"2017-02-12","mode":"submitSocial","container":"all","username":"arwin"}]
2017-02-14 05:01:22	[{"keyword":"@globaltvseru","from":"2017-02-12","mode":"submitSocial","container":"all","username":"arwin"}]
2017-02-14 05:01:24	[{"keyword":"@jaktvcom","from":"2017-02-12","mode":"submitSocial","container":"all","username":"arwin"}]
2017-02-14 05:01:27	[{"keyword":"@tvrinasional","from":"2017-02-12","mode":"submitSocial","container":"all","username":"arwin"}]
2017-02-14 05:01:29	[{"keyword":"@ochannelupdates","from":"2017-02-12","mode":"submitSocial","container":"all","username":"arwin"}]
2017-02-14 05:01:31	[{"keyword":"@indosiarid","from":"2017-02-12","mode":"submitSocial","container":"all","username":"arwin"}]
2017-02-14 05:01:35	[{"keyword":"@kompascom","from":"2017-02-12","mode":"submitSocial","container":"all","username":"arwin"}]
2017-02-14 05:01:37	[{"keyword":"@merdekadotcom","from":"2017-02-12","mode":"submitSocial","container":"all","username":"arwin"}]
2017-02-14 05:01:39	[{"keyword":"@midotcom","from":"2017-02-12","mode":"submitSocial","container":"all","username":"arwin"}]
2017-02-14 05:01:42	[{"keyword":"@tempodotco","from":"2017-02-12","mode":"submitSocial","container":"all","username":"arwin"}]
2017-02-14 05:01:44	[{"keyword":"@motion975fm","from":"2017-02-12","mode":"submitSocial","container":"all","username":"arwin"}]
2017-02-14 05:01:46	[{"keyword":"@_radiotoday","from":"2017-02-12","mode":"submitSocial","container":"all","username":"arwin"}]
2017-02-14 05:01:48	[{"keyword":"@radioinfo","from":"2017-02-12","mode":"submitSocial","container":"all","username":"arwin"}]
2017-02-14 05:01:50	[{"keyword":"@979femaleradio","from":"2017-02-12","mode":"submitSocial","container":"all","username":"arwin"}]
2017-02-14 05:01:52	[{"keyword":"@womanradio943fm","from":"2017-02-12","mode":"submitSocial","container":"all","username":"arwin"}]
2017-02-14 05:01:55	[{"keyword":"@vradiofm","from":"2017-02-12","mode":"submitSocial","container":"all","username":"arwin"}]
2017-02-14 05:01:56	[{"keyword":"@ufm947","from":"2017-02-12","mode":"submitSocial","container":"all","username":"arwin"}]
2017-02-14 05:01:59	[{"keyword":"@vivanews","from":"2017-02-12","mode":"submitSocial","container":"all","username":"arwin"}]
2017-02-14 05:02:01	[{"keyword":"@antaranews","from":"2017-02-12","mode":"submitSocial","container":"all","username":"arwin"}]
2017-02-14 05:02:04	[{"keyword":"@tribunnews","from":"2017-02-12","mode":"submitSocial","container":"all","username":"arwin"}]
2017-02-14 05:02:06	[{"keyword":"@okezonenews","from":"2017-02-12","mode":"submitSocial","container":"all","username":"arwin"}]
2017-02-14 05:02:09	[{"keyword":"@beritasatu","from":"2017-02-12","mode":"submitSocial","container":"all","username":"arwin"}]
2017-02-14 05:02:11	[{"keyword":"@rollingstoneina","from":"2017-02-12","mode":"submitSocial","container":"all","username":"arwin"}]
2017-02-14 05:02:13	[{"keyword":"@fimeladotcom","from":"2017-02-12","mode":"submitSocial","container":"all","username":"arwin"}]
2017-02-14 05:02:16	[{"keyword":"@kapanlagicom","from":"2017-02-12","mode":"submitSocial","container":"all","username":"arwin"}]
2017-02-14 05:02:18	[{"keyword":"@kompasent","from":"2017-02-12","mode":"submitSocial","container":"all","username":"arwin"}]
2017-02-14 05:02:20	[{"keyword":"@haimagazine","from":"2017-02-12","mode":"submitSocial","container":"all","username":"arwin"}]
2017-02-14 05:02:22	[{"keyword":"@jakartavenue","from":"2017-02-12","mode":"submitSocial","container":"all","username":"arwin"}]
2017-02-14 05:02:24	[{"keyword":"@seputarevent","from":"2017-02-12","mode":"submitSocial","container":"all","username":"arwin"}]
2017-02-14 05:02:26	[{"keyword":"@ismayalive","from":"2017-02-12","mode":"submitSocial","container":"all","username":"arwin"}]
2017-02-14 05:02:28	[{"keyword":"@ecentertainment","from":"2017-02-12","mode":"submitSocial","container":"all","username":"arwin"}]
2017-02-14 05:02:30	[{"keyword":"@synergism_en","from":"2017-02-12","mode":"submitSocial","container":"all","username":"arwin"}]
2017-02-14 05:02:32	[{"keyword":"@urbanbandung","from":"2017-02-12","mode":"submitSocial","container":"all","username":"arwin"}]
2017-02-14 05:02:34	[{"keyword":"@urbanrkm995","from":"2017-02-12","mode":"submitSocial","container":"all","username":"arwin"}]
2017-02-14 05:02:36	[{"keyword":"@garuda_promo","from":"2017-02-12","mode":"submitSocial","container":"all","username":"arwin"}]
2017-02-14 05:02:38	[{"keyword":"@airasiaid","from":"2017-02-12","mode":"submitSocial","container":"all","username":"arwin"}]
2017-02-14 05:02:40	[{"keyword":"@kai121","from":"2017-02-12","mode":"submitSocial","container":"all","username":"arwin"}]
2017-02-14 05:02:42	[{"keyword":"@unilever","from":"2017-02-12","mode":"submitSocial","container":"all","username":"arwin"}]
2017-02-14 05:02:45	[{"keyword":"@nestle","from":"2017-02-12","mode":"submitSocial","container":"all","username":"arwin"}]
2017-02-14 05:02:47	[{"keyword":"@cocacola","from":"2017-02-12","mode":"submitSocial","container":"all","username":"arwin"}]
2017-02-14 05:02:56	[{"keyword":"@cnn","from":"2017-02-12","mode":"submitSocial","container":"all","username":"arwin"}]
2017-02-14 05:02:59	[{"keyword":"@mtv","from":"2017-02-12","mode":"submitSocial","container":"all","username":"arwin"}]
2017-02-14 05:03:01	[{"keyword":"@channelv","from":"2017-02-12","mode":"submitSocial","container":"all","username":"arwin"}]
2017-02-14 05:03:04	[{"keyword":"@itunesmusic","from":"2017-02-12","mode":"submitSocial","container":"all","username":"arwin"}]
2017-02-14 05:03:08	[{"keyword":"@mashable","from":"2017-02-12","mode":"submitSocial","container":"all","username":"arwin"}]
2017-02-14 05:03:10	[{"keyword":"@decacaz","from":"2017-02-12","mode":"submitSocial","container":"all","username":"arwin"}]
2017-02-14 05:03:12	[{"keyword":"@radiobaru967fm","from":"2017-02-12","mode":"submitSocial","container":"all","username":"arwin"}]
2017-02-14 05:03:14	[{"keyword":"@967hitzfm","from":"2017-02-12","mode":"submitSocial","container":"all","username":"arwin"}]
2017-02-14 05:03:17	[{"keyword":"@tvguide","from":"2017-02-12","mode":"submitSocial","container":"all","username":"arwin"}]
2017-02-14 05:03:19	[{"keyword":"@xl123","from":"2017-02-12","mode":"submitSocial","container":"all","username":"arwin"}]
2017-02-14 05:03:21	[{"keyword":"@triindonesia","from":"2017-02-12","mode":"submitSocial","container":"all","username":"arwin"}]
2017-02-14 05:03:24	[{"keyword":"@kaskus","from":"2017-02-12","mode":"submitSocial","container":"all","username":"arwin"}]
2017-02-14 05:03:26	[{"keyword":"@studio_xxi","from":"2017-02-12","mode":"submitSocial","container":"all","username":"arwin"}]
2017-02-14 05:03:27	[{"keyword":"@blitzmegaplex","from":"2017-02-12","mode":"submitSocial","container":"all","username":"arwin"}]
2017-02-14 05:03:30	[{"keyword":"@alfamartku","from":"2017-02-12","mode":"submitSocial","container":"all","username":"arwin"}]
2017-02-14 05:03:32	[{"keyword":"@carrefour_id","from":"2017-02-12","mode":"submitSocial","container":"all","username":"arwin"}]
2017-02-14 05:03:35	[{"keyword":"@bbcbreaking","from":"2017-02-12","mode":"submitSocial","container":"all","username":"arwin"}]
2017-02-14 05:03:42	[{"keyword":"@forbes","from":"2017-02-12","mode":"submitSocial","container":"all","username":"arwin"}]
2017-02-14 05:03:44	[{"keyword":"@bensradio","from":"2017-02-12","mode":"submitSocial","container":"all","username":"arwin"}]
2017-02-14 05:03:48	[{"keyword":"@instagram","from":"2017-02-12","mode":"submitSocial","container":"all","username":"arwin"}]
2017-02-14 05:03:51	[{"keyword":"@pinterest","from":"2017-02-12","mode":"submitSocial","container":"all","username":"arwin"}]
2017-02-14 05:03:56	[{"keyword":"@google","from":"2017-02-12","mode":"submitSocial","container":"all","username":"arwin"}]
2017-02-14 05:03:58	[{"keyword":"@pertaminalub","from":"2017-02-12","mode":"submitSocial","container":"all","username":"arwin"}]
2017-02-14 05:04:00	[{"keyword":"@infolalintol","from":"2017-02-12","mode":"submitSocial","container":"all","username":"arwin"}]
2017-02-14 05:04:02	[{"keyword":"@ptjasamarga","from":"2017-02-12","mode":"submitSocial","container":"all","username":"arwin"}]
2017-02-14 05:04:09	[{"keyword":"@cititransindo","from":"2017-02-12","mode":"submitSocial","container":"all","username":"arwin"}]
2017-02-14 05:04:11	[{"keyword":"#semangatpagisuperr","from":"2017-02-12","mode":"submitSocial","container":"all","username":"arwin"}]
2017-02-14 05:04:13	[{"keyword":"#genkuisinsideout","from":"2017-02-12","mode":"submitSocial","container":"all","username":"arwin"}]
2017-02-14 05:04:15	[{"keyword":"#semangatpagi","from":"2017-02-12","mode":"submitSocial","container":"all","username":"arwin"}]
2017-02-14 05:04:17	[{"keyword":"#dikamar","from":"2017-02-12","mode":"submitSocial","container":"all","username":"arwin"}]
2017-02-14 05:04:20	[{"keyword":"#kopaja","from":"2017-02-12","mode":"submitSocial","container":"all","username":"arwin"}]
2017-02-14 05:04:21	[{"keyword":"#generaksi8","from":"2017-02-12","mode":"submitSocial","container":"all","username":"arwin"}]
2017-02-14 05:04:24	[{"keyword":"#hitztsp","from":"2017-02-12","mode":"submitSocial","container":"all","username":"arwin"}]
2017-02-14 05:04:26	[{"keyword":"#np","from":"2017-02-12","mode":"submitSocial","container":"all","username":"arwin"}]
2017-02-14 05:04:28	[{"keyword":"#hitzlivestage","from":"2017-02-12","mode":"submitSocial","container":"all","username":"arwin"}]
2017-02-14 05:04:30	[{"keyword":"#thefreaks","from":"2017-02-12","mode":"submitSocial","container":"all","username":"arwin"}]
2017-02-14 05:04:32	[{"keyword":"#hitzsirkuspagi","from":"2017-02-12","mode":"submitSocial","container":"all","username":"arwin"}]
2017-02-14 05:04:35	[{"keyword":"#hitzathlon","from":"2017-02-12","mode":"submitSocial","container":"all","username":"arwin"}]
2017-02-14 05:04:37	[{"keyword":"#hitzzombie","from":"2017-02-12","mode":"submitSocial","container":"all","username":"arwin"}]
2017-02-14 05:04:39	[{"keyword":"#hitzkalong","from":"2017-02-12","mode":"submitSocial","container":"all","username":"arwin"}]
2017-02-14 05:04:41	[{"keyword":"#hitzbebas","from":"2017-02-12","mode":"submitSocial","container":"all","username":"arwin"}]
2017-02-14 05:04:43	[{"keyword":"#hitzhorehara","from":"2017-02-12","mode":"submitSocial","container":"all","username":"arwin"}]
2017-02-14 05:04:45	[{"keyword":"@zaloraid","from":"2017-02-12","mode":"submitSocial","container":"all","username":"arwin"}]
2017-02-14 05:04:47	[{"keyword":"@olx_indonesia","from":"2017-02-12","mode":"submitSocial","container":"all","username":"arwin"}]
2017-02-14 05:04:49	[{"keyword":"@lazadaid","from":"2017-02-12","mode":"submitSocial","container":"all","username":"arwin"}]
2017-02-14 05:04:51	[{"keyword":"@utrippers","from":"2017-02-12","mode":"submitSocial","container":"all","username":"arwin"}]
2017-02-14 05:04:54	[{"keyword":"@gogobot","from":"2017-02-12","mode":"submitSocial","container":"all","username":"arwin"}]
2017-02-14 05:04:56	[{"keyword":"@viatortravel","from":"2017-02-12","mode":"submitSocial","container":"all","username":"arwin"}]
2017-02-14 05:04:58	[{"keyword":"@alandakariza","from":"2017-02-12","mode":"submitSocial","container":"all","username":"arwin"}]
2017-02-14 05:05:00	[{"keyword":"@gagasmedia","from":"2017-02-12","mode":"submitSocial","container":"all","username":"arwin"}]
2017-02-14 05:05:03	[{"keyword":"@welovehonda","from":"2017-02-12","mode":"submitSocial","container":"all","username":"arwin"}]
2017-02-14 05:05:05	[{"keyword":"@suzukimotorid","from":"2017-02-12","mode":"submitSocial","container":"all","username":"arwin"}]
2017-02-14 05:05:07	[{"keyword":"@kawasakilovers","from":"2017-02-12","mode":"submitSocial","container":"all","username":"arwin"}]
2017-02-14 05:05:09	[{"keyword":"@yamahaindonesia","from":"2017-02-12","mode":"submitSocial","container":"all","username":"arwin"}]
2017-02-14 05:05:12	[{"keyword":"@tripanzee","from":"2017-02-12","mode":"submitSocial","container":"all","username":"arwin"}]
2017-02-14 05:05:14	[{"keyword":"@arnoldpoernomo","from":"2017-02-12","mode":"submitSocial","container":"all","username":"arwin"}]
2017-02-14 05:05:17	[{"keyword":"@nicsap","from":"2017-02-12","mode":"submitSocial","container":"all","username":"arwin"}]
2017-02-14 05:05:19	[{"keyword":"@tiket2","from":"2017-02-12","mode":"submitSocial","container":"all","username":"arwin"}]
2017-02-14 05:05:21	[{"keyword":"@traveloka","from":"2017-02-12","mode":"submitSocial","container":"all","username":"arwin"}]
2017-02-14 05:05:24	[{"keyword":"@wego","from":"2017-02-12","mode":"submitSocial","container":"all","username":"arwin"}]
2017-02-14 05:05:27	[{"keyword":"@agoda","from":"2017-02-12","mode":"submitSocial","container":"all","username":"arwin"}]
2017-02-14 05:05:28	[{"keyword":"#salahsambung","from":"2017-02-12","mode":"submitSocial","container":"all","username":"arwin"}]
2017-02-14 05:05:31	[{"keyword":"#tulalit","from":"2017-02-12","mode":"submitSocial","container":"all","username":"arwin"}]
2017-02-14 05:05:32	[{"keyword":"#pestageneraksi8","from":"2017-02-12","mode":"submitSocial","container":"all","username":"arwin"}]
2017-02-14 05:05:34	[{"keyword":"#ganaskustik","from":"2017-02-12","mode":"submitSocial","container":"all","username":"arwin"}]
2017-02-14 05:05:36	[{"keyword":"#lnhot20","from":"2017-02-12","mode":"submitSocial","container":"all","username":"arwin"}]
2017-02-14 05:05:38	[{"keyword":"@tripadvisor","from":"2017-02-12","mode":"submitSocial","container":"all","username":"arwin"}]
2017-02-14 05:05:43	[{"keyword":"@google","from":"2017-02-12","mode":"submitSocial","container":"all","username":"arwin"}]
2017-02-14 05:05:46	[{"keyword":"@telkomsel","from":"2017-02-12","mode":"submitSocial","container":"all","username":"arwin"}]
2017-02-14 05:05:48	[{"keyword":"@indosat","from":"2017-02-12","mode":"submitSocial","container":"all","username":"arwin"}]
2017-02-14 05:05:51	[{"keyword":"@bahanafmjkt","from":"2017-02-12","mode":"submitSocial","container":"all","username":""}]
2017-02-14 05:05:55	[{"keyword":"@sonorafm92","from":"2017-02-12","mode":"submitSocial","container":"all","username":"arwin"}]
2017-02-14 05:05:57	[{"keyword":"@litefm1058","from":"2017-02-12","mode":"submitSocial","container":"all","username":"arwin"}]
2017-02-14 05:05:59	[{"keyword":"@bravaradio","from":"2017-02-12","mode":"submitSocial","container":"all","username":"arwin"}]
2017-02-14 05:06:02	[{"keyword":"#dgitm","from":"2017-02-12","mode":"submitSocial","container":"all","username":"arwin"}]
2017-02-14 05:06:04	[{"keyword":"#hitsalaprambors","from":"2017-02-12","mode":"submitSocial","container":"all","username":"arwin"}]
2017-02-14 05:06:06	[{"keyword":"#reqprambors","from":"2017-02-12","mode":"submitSocial","container":"all","username":"arwin"}]
2017-02-14 05:06:08	[{"keyword":"#thedandees","from":"2017-02-12","mode":"submitSocial","container":"all","username":"arwin"}]
2017-02-14 05:06:10	[{"keyword":"#pramborsquiz","from":"2017-02-12","mode":"submitSocial","container":"all","username":"arwin"}]
2017-02-14 05:06:12	[{"keyword":"#jeliprambors","from":"2017-02-12","mode":"submitSocial","container":"all","username":"arwin"}]
2017-02-14 05:06:14	[{"keyword":"#jodohinprambors","from":"2017-02-12","mode":"submitSocial","container":"all","username":"arwin"}]
2017-02-14 05:06:16	[{"keyword":"#ubahdenganbicara","from":"2017-02-12","mode":"submitSocial","container":"all","username":"arwin"}]
2017-02-14 05:06:18	[{"keyword":"#pramborschat","from":"2017-02-12","mode":"submitSocial","container":"all","username":"arwin"}]
2017-02-14 05:06:20	[{"keyword":"#tweetforduit","from":"2017-02-12","mode":"submitSocial","container":"all","username":"arwin"}]
2017-02-14 05:06:21	[{"keyword":"#joki3in1","from":"2017-02-12","mode":"submitSocial","container":"all","username":"arwin"}]
2017-02-14 05:06:23	[{"keyword":"#sarapanseru","from":"2017-02-12","mode":"submitSocial","container":"all","username":"arwin"}]
2017-02-14 05:06:25	[{"keyword":"#rawonkaneloop","from":"2017-02-12","mode":"submitSocial","container":"all","username":"arwin"}]
2017-02-14 05:06:27	[{"keyword":"#gudegkendilkeraton","from":"2017-02-12","mode":"submitSocial","container":"all","username":"arwin"}]
2017-02-14 05:06:29	[{"keyword":"#gadogadobutika","from":"2017-02-12","mode":"submitSocial","container":"all","username":"arwin"}]
2017-02-14 05:06:31	[{"keyword":"#mtvhottest","from":"2017-02-12","mode":"submitSocial","container":"all","username":"arwin"}]
2017-02-14 05:06:33	[{"keyword":"#dimsumcjdw","from":"2017-02-12","mode":"submitSocial","container":"all","username":"arwin"}]
2017-02-14 05:06:35	[{"keyword":"#pecelmadiunmbakniek","from":"2017-02-12","mode":"submitSocial","container":"all","username":"arwin"}]
2017-02-14 05:06:37	[{"keyword":"#depotarema","from":"2017-02-12","mode":"submitSocial","container":"all","username":"arwin"}]
2017-02-14 05:06:39	[{"keyword":"@bni46","from":"2017-02-12","mode":"submitSocial","container":"all","username":"arwin"}]
2017-02-14 05:06:42	[{"keyword":"@bankbri_id","from":"2017-02-12","mode":"submitSocial","container":"all","username":"arwin"}]
2017-02-14 05:06:44	[{"keyword":"#bni46","from":"2017-02-12","mode":"submitSocial","container":"all","username":"arwin"}]
2017-02-14 05:06:47	[{"keyword":"macet","from":"2017-02-12","mode":"submitSocial","container":"all","username":"arwin"}]
2017-02-14 05:06:49	[{"keyword":"#selamatpagi","from":"2017-02-12","mode":"submitSocial","container":"all","username":"arwin"}]
2017-02-14 05:06:51	[{"keyword":"#selamatmalam","from":"2017-02-12","mode":"submitSocial","container":"all","username":"arwin"}]
2017-02-14 05:06:54	[{"keyword":"@884globalradio","from":"2017-02-12","mode":"submitSocial","container":"all","username":"arwin"}]
2017-02-14 05:06:56	[{"keyword":"@day_trans","from":"2017-02-12","mode":"submitSocial","container":"all","username":"arwin"}]
2017-02-14 05:06:58	[{"keyword":"@kencanavoyage","from":"2017-02-12","mode":"submitSocial","container":"all","username":"arwin"}]
2017-02-14 05:07:00	[{"keyword":"@jukebox5d","from":"2017-02-12","mode":"submitSocial","container":"all","username":"arwin"}]
2017-02-14 05:07:02	[{"keyword":"#mtvhottest","from":"2017-02-12","mode":"submitSocial","container":"all","username":"arwin"}]
2017-02-14 05:07:04	[{"keyword":"#semangatpagi","from":"2017-02-12","mode":"submitSocial","container":"all","username":"arwin"}]
2017-02-14 05:07:06	[{"keyword":"lifebuoy","from":"2017-02-12","mode":"submitSocial","container":"all","username":"arwin"}]
2017-02-14 05:07:13	[{"keyword":"jokowi","from":"2017-02-12","mode":"submitSocial","container":"all","username":"arwin"}]
2017-02-14 05:07:23	[{"keyword":"obama","from":"2017-02-12","mode":"submitSocial","container":"all","username":"arwin"}]
2017-02-14 05:07:26	[{"keyword":"starwars","from":"2017-02-12","mode":"submitSocial","container":"all","username":"arwin"}]
2017-02-14 05:07:29	[{"keyword":"jonan","from":"2017-02-12","mode":"submitSocial","container":"all","username":"arwin"}]
2017-02-14 05:07:38	[{"keyword":"pagi","from":"2017-02-12","mode":"submitSocial","container":"all","username":"arwin"}]
2017-02-14 05:07:40	[{"keyword":"sampoerna","from":"2017-02-12","mode":"submitSocial","container":"all","username":"arwin"}]
2017-02-14 05:07:43	[{"keyword":"djarum","from":"2017-02-12","mode":"submitSocial","container":"all","username":"arwin"}]
2017-02-14 05:07:45	[{"keyword":"#semangatpagi","from":"2017-02-12","mode":"submitSocial","container":"all","username":"arwin"}]
2017-02-14 05:07:46	[{"keyword":"#generaksi8","from":"2017-02-12","mode":"submitSocial","container":"all","username":"arwin"}]
2017-02-14 05:07:48	[{"keyword":"#365alasan","from":"2017-02-12","mode":"submitSocial","container":"all","username":"arwin"}]
2017-02-14 05:07:51	[{"keyword":"weew","from":"2017-02-12","mode":"submitSocial","container":"all","username":"arwin"}]
2017-02-14 05:07:58	[{"keyword":"testing","from":"2017-02-12","mode":"submitSocial","container":"all","username":"arwin"}]
2017-02-14 05:08:00	[{"keyword":"#kopaja","from":"2017-02-12","mode":"submitSocial","container":"all","username":"arwin"}]
2017-02-14 05:08:02	[{"keyword":"#genkuisinsideout","from":"2017-02-12","mode":"submitSocial","container":"all","username":"arwin"}]
2017-02-14 05:08:05	[{"keyword":"starwars","from":"2017-02-12","mode":"submitSocial","container":"all","username":"arwin"}]
2017-02-14 05:08:07	[{"keyword":"#kopaja","from":"2017-02-12","mode":"submitSocial","container":"all","username":"arwin"}]
2017-02-14 05:08:09	[{"keyword":"mldspot","from":"2017-02-12","mode":"submitSocial","container":"all","username":"arwin"}]
2017-02-14 05:08:12	[{"keyword":"pbdjarum","from":"2017-02-12","mode":"submitSocial","container":"all","username":"arwin"}]
2017-02-14 05:08:14	[{"keyword":"temannabati","from":"2017-02-12","mode":"submitSocial","container":"all","username":"arwin"}]
2017-02-14 05:08:17	[{"keyword":"nextar","from":"2017-02-12","mode":"submitSocial","container":"all","username":"arwin"}]
2017-02-14 05:08:19	[{"keyword":"jokowo","from":"2017-02-12","mode":"submitSocial","container":"all","username":"arwin"}]
2017-02-14 05:08:23	[{"keyword":"prabowo","from":"2017-02-12","mode":"submitSocial","container":"all","username":"arwin"}]
2017-02-14 05:08:25	[{"keyword":"sudirman said","from":"2017-02-12","mode":"submitSocial","container":"all","username":"arwin"}]
2017-02-14 05:08:32	[{"keyword":"ahok","from":"2017-02-12","mode":"submitSocial","container":"all","username":"arwin"}]
2017-02-14 05:08:34	[{"keyword":"setyanovanto","from":"2017-02-12","mode":"submitSocial","container":"all","username":"arwin"}]
2017-02-14 05:08:41	[{"keyword":"jokowi","from":"2017-02-12","mode":"submitSocial","container":"all","username":"arwin"}]
2017-02-14 05:08:48	[{"keyword":"ahok","from":"2017-02-12","mode":"submitSocial","container":"all","username":"arwin"}]
2017-02-14 05:08:51	[{"keyword":"prabowo","from":"2017-02-12","mode":"submitSocial","container":"all","username":"arwin"}]
2017-02-14 05:08:53	[{"keyword":"sudirman said","from":"2017-02-12","mode":"submitSocial","container":"all","username":"arwin"}]
2017-02-14 05:08:56	[{"keyword":"setyanovanto","from":"2017-02-12","mode":"submitSocial","container":"all","username":"arwin"}]
2017-02-14 05:08:59	[{"keyword":"galau","from":"2017-02-12","mode":"submitSocial","container":"all","username":"arwin"}]
2017-02-14 05:09:01	[{"keyword":"#prestasiindonesia","from":"2017-02-12","mode":"submitSocial","container":"all","username":"arwin"}]
2017-02-14 05:09:04	[{"keyword":"@tw_debi","from":"2017-02-12","mode":"submitSocial","container":"all","username":"arwin"}]
2017-02-14 05:09:06	[{"keyword":"@officialfastron","from":"2017-02-12","mode":"submitSocial","container":"all","username":"arwin"}]
2017-02-14 05:09:08	[{"keyword":"@citibankid","from":"2017-02-12","mode":"submitSocial","container":"all","username":"arwin"}]
2017-02-14 16:42:48	[{"keyword":"instagram from @101jakfm","from":"2017-02-07","mode":"submitAdvanced","container":"all","username":"tommy5D"},{"keyword":"instagram from @101jakfm","from":"2017-02-08","mode":"submitAdvanced","container":"all","username":"tommy5D"},{"keyword":"instagram from @101jakfm","from":"2017-02-09","mode":"submitAdvanced","container":"all","username":"tommy5D"},{"keyword":"instagram from @101jakfm","from":"2017-02-10","mode":"submitAdvanced","container":"all","username":"tommy5D"},{"keyword":"instagram from @101jakfm","from":"2017-02-11","mode":"submitAdvanced","container":"all","username":"tommy5D"},{"keyword":"instagram from @101jakfm","from":"2017-02-12","mode":"submitAdvanced","container":"all","username":"tommy5D"},{"keyword":"instagram from @101jakfm","from":"2017-02-13","mode":"submitAdvanced","container":"all","username":"tommy5D"}]
2017-02-14 16:43:07	[{"keyword":"instagram from @987genfm","from":"2017-02-07","mode":"submitAdvanced","container":"all","username":"tommy5D"},{"keyword":"instagram from @987genfm","from":"2017-02-08","mode":"submitAdvanced","container":"all","username":"tommy5D"},{"keyword":"instagram from @987genfm","from":"2017-02-09","mode":"submitAdvanced","container":"all","username":"tommy5D"},{"keyword":"instagram from @987genfm","from":"2017-02-10","mode":"submitAdvanced","container":"all","username":"tommy5D"},{"keyword":"instagram from @987genfm","from":"2017-02-11","mode":"submitAdvanced","container":"all","username":"tommy5D"},{"keyword":"instagram from @987genfm","from":"2017-02-12","mode":"submitAdvanced","container":"all","username":"tommy5D"},{"keyword":"instagram from @987genfm","from":"2017-02-13","mode":"submitAdvanced","container":"all","username":"tommy5D"}]
