2018-01-10 05:00:02	worker	@987genfm;2018-01-08 - 2018-01-08;submitSocial;all;arwin
2018-01-10 05:00:06	worker	@101jakfm;2018-01-08 - 2018-01-08;submitSocial;all;arwin
2018-01-10 05:00:08	worker	@prambors;2018-01-08 - 2018-01-08;submitSocial;all;arwin
2018-01-10 05:00:11	worker	@hardrockfm;2018-01-08 - 2018-01-08;submitSocial;all;arwin
2018-01-10 05:00:13	worker	@kisfmjakarta;2018-01-08 - 2018-01-08;submitSocial;all;arwin
2018-01-10 05:00:15	worker	@delta_fm;2018-01-08 - 2018-01-08;submitSocial;all;arwin
2018-01-10 05:00:18	worker	@traxfmjkt;2018-01-08 - 2018-01-08;submitSocial;all;arwin
2018-01-10 05:00:20	worker	@iradiojakarta;2018-01-08 - 2018-01-08;submitSocial;all;arwin
2018-01-10 05:00:22	worker	@indika9160fm;2018-01-08 - 2018-01-08;submitSocial;all;arwin
2018-01-10 05:00:24	worker	@shellindonesia;2018-01-08 - 2018-01-08;submitSocial;all;arwin
2018-01-10 05:00:26	worker	@vpowerfans;2018-01-08 - 2018-01-08;submitSocial;all;arwin
2018-01-10 05:00:28	worker	@pertamaxind;2018-01-08 - 2018-01-08;submitSocial;all;arwin
2018-01-10 05:00:30	worker	@ptpertamina;2018-01-08 - 2018-01-08;submitSocial;all;arwin
2018-01-10 05:00:33	worker	@OZRadioJakarta;2018-01-08 - 2018-01-08;submitSocial;all;arwin
2018-01-10 05:00:35	worker	@CosmopolitanFM;2018-01-08 - 2018-01-08;submitSocial;all;arwin
2018-01-10 05:00:37	worker	@mustang88fm;2018-01-08 - 2018-01-08;submitSocial;all;arwin
2018-01-10 05:00:39	worker	@debabaz;2018-01-08 - 2018-01-08;submitSocial;all;arwin
2018-01-10 05:00:41	worker	@detikcom;2018-01-08 - 2018-01-08;submitSocial;all;arwin
2018-01-10 05:00:45	worker	@radioelshinta;2018-01-08 - 2018-01-08;submitSocial;all;arwin
2018-01-10 05:00:47	worker	@cinema21;2018-01-08 - 2018-01-08;submitSocial;all;arwin
2018-01-10 05:00:49	worker	@OfficialRCTI;2018-01-08 - 2018-01-08;submitSocial;all;arwin
2018-01-10 05:00:51	worker	@TRANSTV_CORP;2018-01-08 - 2018-01-08;submitSocial;all;arwin
2018-01-10 05:00:54	worker	@TRANS7;2018-01-08 - 2018-01-08;submitSocial;all;arwin
2018-01-10 05:00:56	worker	@Metro_TV;2018-01-08 - 2018-01-08;submitSocial;all;arwin
2018-01-10 05:00:58	worker	@tvOneNews;2018-01-08 - 2018-01-08;submitSocial;all;arwin
2018-01-10 05:01:00	worker	@whatsonANTV;2018-01-08 - 2018-01-08;submitSocial;all;arwin
2018-01-10 05:01:03	worker	@SCTV_;2018-01-08 - 2018-01-08;submitSocial;all;arwin
2018-01-10 05:01:06	worker	@KompasTV;2018-01-08 - 2018-01-08;submitSocial;all;arwin
2018-01-10 05:01:08	worker	@netmediatama;2018-01-08 - 2018-01-08;submitSocial;all;arwin
2018-01-10 05:01:11	worker	@Globaltvseru;2018-01-08 - 2018-01-08;submitSocial;all;arwin
2018-01-10 05:01:13	worker	@JaktvCom;2018-01-08 - 2018-01-08;submitSocial;all;arwin
2018-01-10 05:01:15	worker	@TVRINasional;2018-01-08 - 2018-01-08;submitSocial;all;arwin
2018-01-10 05:01:17	worker	@ochannelupdates;2018-01-08 - 2018-01-08;submitSocial;all;arwin
2018-01-10 05:01:19	worker	@IndosiarID;2018-01-08 - 2018-01-08;submitSocial;all;arwin
2018-01-10 05:01:22	worker	@kompascom;2018-01-08 - 2018-01-08;submitSocial;all;arwin
2018-01-10 05:01:27	worker	@merdekadotcom;2018-01-08 - 2018-01-08;submitSocial;all;arwin
2018-01-10 05:01:29	worker	@MIdotcom;2018-01-08 - 2018-01-08;submitSocial;all;arwin
2018-01-10 05:01:31	worker	@tempodotco;2018-01-08 - 2018-01-08;submitSocial;all;arwin
2018-01-10 05:01:34	worker	@motion975fm;2018-01-08 - 2018-01-08;submitSocial;all;arwin
2018-01-10 05:01:36	worker	@_radiotoday;2018-01-08 - 2018-01-08;submitSocial;all;arwin
2018-01-10 05:01:38	worker	@radioinfo;2018-01-08 - 2018-01-08;submitSocial;all;arwin
2018-01-10 05:01:40	worker	@979FeMaleRadio;2018-01-08 - 2018-01-08;submitSocial;all;arwin
2018-01-10 05:01:42	worker	@WomanRadio943FM;2018-01-08 - 2018-01-08;submitSocial;all;arwin
2018-01-10 05:01:44	worker	@VRadioFM;2018-01-08 - 2018-01-08;submitSocial;all;arwin
2018-01-10 05:01:46	worker	@UFM947;2018-01-08 - 2018-01-08;submitSocial;all;arwin
2018-01-10 05:01:48	worker	@VIVAnews;2018-01-08 - 2018-01-08;submitSocial;all;arwin
2018-01-10 05:01:50	worker	@antaranews;2018-01-08 - 2018-01-08;submitSocial;all;arwin
2018-01-10 05:01:53	worker	@tribunnews;2018-01-08 - 2018-01-08;submitSocial;all;arwin
2018-01-10 05:01:56	worker	@okezonenews;2018-01-08 - 2018-01-08;submitSocial;all;arwin
2018-01-10 05:01:58	worker	@Beritasatu;2018-01-08 - 2018-01-08;submitSocial;all;arwin
2018-01-10 05:02:00	worker	@rollingstoneina;2018-01-08 - 2018-01-08;submitSocial;all;arwin
2018-01-10 05:02:03	worker	@FIMELAdotcom;2018-01-08 - 2018-01-08;submitSocial;all;arwin
2018-01-10 05:02:05	worker	@KapanLagicom;2018-01-08 - 2018-01-08;submitSocial;all;arwin
2018-01-10 05:02:07	worker	@KompasEnt ;2018-01-08 - 2018-01-08;submitSocial;all;arwin
2018-01-10 05:02:09	worker	@HaiMagazine;2018-01-08 - 2018-01-08;submitSocial;all;arwin
2018-01-10 05:02:11	worker	@JakartaVenue;2018-01-08 - 2018-01-08;submitSocial;all;arwin
2018-01-10 05:02:13	worker	@SeputarEvent;2018-01-08 - 2018-01-08;submitSocial;all;arwin
2018-01-10 05:02:16	worker	@ismayaLive;2018-01-08 - 2018-01-08;submitSocial;all;arwin
2018-01-10 05:02:18	worker	@ECEntertainment;2018-01-08 - 2018-01-08;submitSocial;all;arwin
2018-01-10 05:02:20	worker	@synergism_En;2018-01-08 - 2018-01-08;submitSocial;all;arwin
2018-01-10 05:02:22	worker	@Urbanbandung;2018-01-08 - 2018-01-08;submitSocial;all;arwin
2018-01-10 05:02:24	worker	@Urbanrkm995;2018-01-08 - 2018-01-08;submitSocial;all;arwin
2018-01-10 05:02:26	worker	@Garuda_Promo;2018-01-08 - 2018-01-08;submitSocial;all;arwin
2018-01-10 05:02:28	worker	@AirAsiaID;2018-01-08 - 2018-01-08;submitSocial;all;arwin
2018-01-10 05:02:30	worker	@KAI121;2018-01-08 - 2018-01-08;submitSocial;all;arwin
2018-01-10 05:02:32	worker	@Unilever;2018-01-08 - 2018-01-08;submitSocial;all;arwin
2018-01-10 05:02:34	worker	@Nestle;2018-01-08 - 2018-01-08;submitSocial;all;arwin
2018-01-10 05:02:37	worker	@CocaCola;2018-01-08 - 2018-01-08;submitSocial;all;arwin
2018-01-10 05:02:40	worker	@CNN;2018-01-08 - 2018-01-08;submitSocial;all;arwin
2018-01-10 05:02:46	worker	@MTV;2018-01-08 - 2018-01-08;submitSocial;all;arwin
2018-01-10 05:02:49	worker	@channelv;2018-01-08 - 2018-01-08;submitSocial;all;arwin
2018-01-10 05:02:51	worker	@iTunesMusic;2018-01-08 - 2018-01-08;submitSocial;all;arwin
2018-01-10 05:02:54	worker	@mashable;2018-01-08 - 2018-01-08;submitSocial;all;arwin
2018-01-10 05:02:57	worker	@decacaz;2018-01-08 - 2018-01-08;submitSocial;all;arwin
2018-01-10 05:02:59	worker	@radiobaru967FM;2018-01-08 - 2018-01-08;submitSocial;all;arwin
2018-01-10 05:03:00	worker	@967HitzFM;2018-01-08 - 2018-01-08;submitSocial;all;arwin
2018-01-10 05:03:03	worker	@TVGuide;2018-01-08 - 2018-01-08;submitSocial;all;arwin
2018-01-10 05:03:05	worker	@XL123;2018-01-08 - 2018-01-08;submitSocial;all;arwin
2018-01-10 05:03:07	worker	@triindonesia;2018-01-08 - 2018-01-08;submitSocial;all;arwin
2018-01-10 05:03:10	worker	@kaskus;2018-01-08 - 2018-01-08;submitSocial;all;arwin
2018-01-10 05:03:12	worker	@Studio_XXI;2018-01-08 - 2018-01-08;submitSocial;all;arwin
2018-01-10 05:03:14	worker	@blitzmegaplex;2018-01-08 - 2018-01-08;submitSocial;all;arwin
2018-01-10 05:03:16	worker	@alfamartku;2018-01-08 - 2018-01-08;submitSocial;all;arwin
2018-01-10 05:03:18	worker	@Carrefour_ID;2018-01-08 - 2018-01-08;submitSocial;all;arwin
2018-01-10 05:03:20	worker	@BBCBreaking;2018-01-08 - 2018-01-08;submitSocial;all;arwin
2018-01-10 05:03:24	worker	@Forbes;2018-01-08 - 2018-01-08;submitSocial;all;arwin
2018-01-10 05:03:30	worker	@BensRadio;2018-01-08 - 2018-01-08;submitSocial;all;arwin
2018-01-10 05:03:32	worker	@instagram;2018-01-08 - 2018-01-08;submitSocial;all;arwin
2018-01-10 05:03:38	worker	@Pinterest;2018-01-08 - 2018-01-08;submitSocial;all;arwin
2018-01-10 05:03:40	worker	@google;2018-01-08 - 2018-01-08;submitSocial;all;arwin
2018-01-10 05:03:46	worker	@Pertaminalub;2018-01-08 - 2018-01-08;submitSocial;all;arwin
2018-01-10 05:03:48	worker	@InfoLalinTol;2018-01-08 - 2018-01-08;submitSocial;all;arwin
2018-01-10 05:03:50	worker	@PTJASAMARGA;2018-01-08 - 2018-01-08;submitSocial;all;arwin
2018-01-10 05:03:52	worker	@cititransindo;2018-01-08 - 2018-01-08;submitSocial;all;arwin
2018-01-10 05:03:54	worker	#semangatpagisuperr;2018-01-08 - 2018-01-08;submitSocial;all;arwin
2018-01-10 05:03:56	worker	#genkuisinsideout;2018-01-08 - 2018-01-08;submitSocial;all;arwin
2018-01-10 05:03:58	worker	#semangatpagi;2018-01-08 - 2018-01-08;submitSocial;all;arwin
2018-01-10 05:04:00	worker	#dikamar;2018-01-08 - 2018-01-08;submitSocial;all;arwin
2018-01-10 05:04:03	worker	#kopaja;2018-01-08 - 2018-01-08;submitSocial;all;arwin
2018-01-10 05:04:05	worker	#generaksi8;2018-01-08 - 2018-01-08;submitSocial;all;arwin
2018-01-10 05:04:07	worker	#hitztsp;2018-01-08 - 2018-01-08;submitSocial;all;arwin
2018-01-10 05:04:09	worker	#np;2018-01-08 - 2018-01-08;submitSocial;all;arwin
2018-01-10 05:04:12	worker	#hitzlivestage;2018-01-08 - 2018-01-08;submitSocial;all;arwin
2018-01-10 05:04:14	worker	#thefreaks;2018-01-08 - 2018-01-08;submitSocial;all;arwin
2018-01-10 05:04:16	worker	#hitzsirkuspagi;2018-01-08 - 2018-01-08;submitSocial;all;arwin
2018-01-10 05:04:18	worker	#hitzathlon;2018-01-08 - 2018-01-08;submitSocial;all;arwin
2018-01-10 05:04:21	worker	#hitzzombie;2018-01-08 - 2018-01-08;submitSocial;all;arwin
2018-01-10 05:04:23	worker	#hitzkalong;2018-01-08 - 2018-01-08;submitSocial;all;arwin
2018-01-10 05:04:25	worker	#hitzbebas;2018-01-08 - 2018-01-08;submitSocial;all;arwin
2018-01-10 05:04:27	worker	#hitzhorehara;2018-01-08 - 2018-01-08;submitSocial;all;arwin
2018-01-10 05:04:29	worker	@ZaloraID;2018-01-08 - 2018-01-08;submitSocial;all;arwin
2018-01-10 05:04:31	worker	@OLX_Indonesia;2018-01-08 - 2018-01-08;submitSocial;all;arwin
2018-01-10 05:04:33	worker	@LazadaID;2018-01-08 - 2018-01-08;submitSocial;all;arwin
2018-01-10 05:04:36	worker	@utrippers;2018-01-08 - 2018-01-08;submitSocial;all;arwin
2018-01-10 05:04:38	worker	@GoGobot;2018-01-08 - 2018-01-08;submitSocial;all;arwin
2018-01-10 05:04:40	worker	@viatortravel;2018-01-08 - 2018-01-08;submitSocial;all;arwin
2018-01-10 05:04:43	worker	@alandakariza;2018-01-08 - 2018-01-08;submitSocial;all;arwin
2018-01-10 05:04:45	worker	@gagasmedia;2018-01-08 - 2018-01-08;submitSocial;all;arwin
2018-01-10 05:04:47	worker	@welovehonda;2018-01-08 - 2018-01-08;submitSocial;all;arwin
2018-01-10 05:04:49	worker	@SuzukiMotorID;2018-01-08 - 2018-01-08;submitSocial;all;arwin
2018-01-10 05:04:51	worker	@kawasakilovers;2018-01-08 - 2018-01-08;submitSocial;all;arwin
2018-01-10 05:04:53	worker	@yamahaindonesia;2018-01-08 - 2018-01-08;submitSocial;all;arwin
2018-01-10 05:04:55	worker	@tripanzee;2018-01-08 - 2018-01-08;submitSocial;all;arwin
2018-01-10 05:04:58	worker	@arnoldpoernomo;2018-01-08 - 2018-01-08;submitSocial;all;arwin
2018-01-10 05:05:00	worker	@nicsap;2018-01-08 - 2018-01-08;submitSocial;all;arwin
2018-01-10 05:05:02	worker	@tiket2;2018-01-08 - 2018-01-08;submitSocial;all;arwin
2018-01-10 05:05:05	worker	@traveloka;2018-01-08 - 2018-01-08;submitSocial;all;arwin
2018-01-10 05:05:07	worker	@wego;2018-01-08 - 2018-01-08;submitSocial;all;arwin
2018-01-10 05:05:10	worker	@agoda;2018-01-08 - 2018-01-08;submitSocial;all;arwin
2018-01-10 05:05:13	worker	#salahsambung;2018-01-08 - 2018-01-08;submitSocial;all;arwin
2018-01-10 05:05:15	worker	#tulalit;2018-01-08 - 2018-01-08;submitSocial;all;arwin
2018-01-10 05:05:17	worker	#pestageneraksi8;2018-01-08 - 2018-01-08;submitSocial;all;arwin
2018-01-10 05:05:19	worker	#ganaskustik;2018-01-08 - 2018-01-08;submitSocial;all;arwin
2018-01-10 05:05:21	worker	#lnhot20;2018-01-08 - 2018-01-08;submitSocial;all;arwin
2018-01-10 05:05:23	worker	@TripAdvisor;2018-01-08 - 2018-01-08;submitSocial;all;arwin
2018-01-10 05:05:26	worker	@google;2018-01-08 - 2018-01-08;submitSocial;all;arwin
2018-01-10 05:05:31	worker	@Telkomsel;2018-01-08 - 2018-01-08;submitSocial;all;arwin
2018-01-10 05:05:34	worker	@indosat;2018-01-08 - 2018-01-08;submitSocial;all;arwin
2018-01-10 05:05:36	worker	@bahanafmjkt;2018-01-08 - 2018-01-08;submitSocial;all;2018-01-10 05:05:41	worker	@sonorafm92;2018-01-08 - 2018-01-08;submitSocial;all;arwin
2018-01-10 05:05:43	worker	@litefm1058;2018-01-08 - 2018-01-08;submitSocial;all;arwin
2018-01-10 05:05:45	worker	@Bravaradio;2018-01-08 - 2018-01-08;submitSocial;all;arwin
2018-01-10 05:05:47	worker	#dgitm;2018-01-08 - 2018-01-08;submitSocial;all;arwin
2018-01-10 05:05:50	worker	#hitsalaprambors;2018-01-08 - 2018-01-08;submitSocial;all;arwin
2018-01-10 05:05:52	worker	#reqprambors;2018-01-08 - 2018-01-08;submitSocial;all;arwin
2018-01-10 05:05:54	worker	#thedandees;2018-01-08 - 2018-01-08;submitSocial;all;arwin
2018-01-10 05:05:56	worker	#pramborsquiz;2018-01-08 - 2018-01-08;submitSocial;all;arwin
2018-01-10 05:05:58	worker	#jeliprambors;2018-01-08 - 2018-01-08;submitSocial;all;arwin
2018-01-10 05:06:00	worker	#jodohinprambors;2018-01-08 - 2018-01-08;submitSocial;all;arwin
2018-01-10 05:06:02	worker	#ubahdenganbicara;2018-01-08 - 2018-01-08;submitSocial;all;arwin
2018-01-10 05:06:04	worker	#pramborschat;2018-01-08 - 2018-01-08;submitSocial;all;arwin
2018-01-10 05:06:06	worker	#tweetforduit;2018-01-08 - 2018-01-08;submitSocial;all;arwin
2018-01-10 05:06:08	worker	#joki3in1;2018-01-08 - 2018-01-08;submitSocial;all;arwin
2018-01-10 05:06:10	worker	#sarapanseru;2018-01-08 - 2018-01-08;submitSocial;all;arwin
2018-01-10 05:06:12	worker	#rawonkaneloop;2018-01-08 - 2018-01-08;submitSocial;all;arwin
2018-01-10 05:06:14	worker	#gudegkendilkeraton;2018-01-08 - 2018-01-08;submitSocial;all;arwin
2018-01-10 05:06:16	worker	#gadogadobutika;2018-01-08 - 2018-01-08;submitSocial;all;arwin
2018-01-10 05:06:18	worker	#mtvhottest;2018-01-08 - 2018-01-08;submitSocial;all;arwin
2018-01-10 05:06:20	worker	#dimsumcjdw;2018-01-08 - 2018-01-08;submitSocial;all;arwin
2018-01-10 05:06:22	worker	#pecelmadiunmbakniek;2018-01-08 - 2018-01-08;submitSocial;all;arwin
2018-01-10 05:06:24	worker	#depotarema;2018-01-08 - 2018-01-08;submitSocial;all;arwin
2018-01-10 05:06:26	worker	@BNI46;2018-01-08 - 2018-01-08;submitSocial;all;arwin
2018-01-10 05:06:28	worker	@BANKBRI_ID;2018-01-08 - 2018-01-08;submitSocial;all;arwin
2018-01-10 05:06:31	worker	#bni46;2018-01-08 - 2018-01-08;submitSocial;all;arwin
2018-01-10 05:06:33	worker	macet;2018-01-08 - 2018-01-08;submitSocial;all;arwin
2018-01-10 05:06:36	worker	#selamatpagi;2018-01-08 - 2018-01-08;submitSocial;all;arwin
2018-01-10 05:06:38	worker	#selamatmalam;2018-01-08 - 2018-01-08;submitSocial;all;arwin
2018-01-10 05:06:40	worker	@884GlobalRadio;2018-01-08 - 2018-01-08;submitSocial;all;arwin
2018-01-10 05:06:43	worker	@day_trans;2018-01-08 - 2018-01-08;submitSocial;all;arwin
2018-01-10 05:06:45	worker	@kencanavoyage;2018-01-08 - 2018-01-08;submitSocial;all;arwin
2018-01-10 05:06:47	worker	@jukebox5d;2018-01-08 - 2018-01-08;submitSocial;all;arwin
2018-01-10 05:06:50	worker	#mtvhottest;2018-01-08 - 2018-01-08;submitSocial;all;arwin
2018-01-10 05:06:52	worker	#semangatpagi;2018-01-08 - 2018-01-08;submitSocial;all;arwin
2018-01-10 05:06:54	worker	lifebuoy;2018-01-08 - 2018-01-08;submitSocial;all;arwin
2018-01-10 05:06:58	worker	jokowi;2018-01-08 - 2018-01-08;submitSocial;all;arwin
2018-01-10 05:07:04	worker	obama;2018-01-08 - 2018-01-08;submitSocial;all;arwin
2018-01-10 05:07:11	worker	starwars;2018-01-08 - 2018-01-08;submitSocial;all;arwin
2018-01-10 05:07:13	worker	jonan;2018-01-08 - 2018-01-08;submitSocial;all;arwin
2018-01-10 05:07:16	worker	pagi;2018-01-08 - 2018-01-08;submitSocial;all;arwin
2018-01-10 05:07:25	worker	sampoerna;2018-01-08 - 2018-01-08;submitSocial;all;arwin
2018-01-10 05:07:27	worker	djarum;2018-01-08 - 2018-01-08;submitSocial;all;arwin
2018-01-10 05:07:30	worker	#semangatpagi;2018-01-08 - 2018-01-08;submitSocial;all;arwin
2018-01-10 05:07:32	worker	#generaksi8;2018-01-08 - 2018-01-08;submitSocial;all;arwin
2018-01-10 05:07:33	worker	#365alasan;2018-01-08 - 2018-01-08;submitSocial;all;arwin
2018-01-10 05:07:36	worker	weew;2018-01-08 - 2018-01-08;submitSocial;all;arwin
2018-01-10 05:07:38	worker	testing;2018-01-08 - 2018-01-08;submitSocial;all;arwin
2018-01-10 05:07:45	worker	#kopaja;2018-01-08 - 2018-01-08;submitSocial;all;arwin
2018-01-10 05:07:47	worker	#genkuisinsideout;2018-01-08 - 2018-01-08;submitSocial;all;arwin
2018-01-10 05:07:49	worker	starwars;2018-01-08 - 2018-01-08;submitSocial;all;arwin
2018-01-10 05:07:52	worker	#kopaja;2018-01-08 - 2018-01-08;submitSocial;all;arwin
2018-01-10 05:07:54	worker	mldspot;2018-01-08 - 2018-01-08;submitSocial;all;arwin
2018-01-10 05:07:56	worker	PBDjarum;2018-01-08 - 2018-01-08;submitSocial;all;arwin
2018-01-10 05:07:59	worker	TemanNabati;2018-01-08 - 2018-01-08;submitSocial;all;arwin
2018-01-10 05:08:01	worker	Nextar;2018-01-08 - 2018-01-08;submitSocial;all;arwin
2018-01-10 05:08:04	worker	jokowo;2018-01-08 - 2018-01-08;submitSocial;all;arwin
2018-01-10 05:08:07	worker	prabowo;2018-01-08 - 2018-01-08;submitSocial;all;arwin
2018-01-10 05:08:10	worker	sudirman said;2018-01-08 - 2018-01-08;submitSocial;all;arwin
2018-01-10 05:08:13	worker	ahok;2018-01-08 - 2018-01-08;submitSocial;all;arwin
2018-01-10 05:08:20	worker	setyanovanto;2018-01-08 - 2018-01-08;submitSocial;all;arwin
2018-01-10 05:08:23	worker	jokowi;2018-01-08 - 2018-01-08;submitSocial;all;arwin
2018-01-10 05:08:28	worker	ahok;2018-01-08 - 2018-01-08;submitSocial;all;arwin
2018-01-10 05:08:36	worker	prabowo;2018-01-08 - 2018-01-08;submitSocial;all;arwin
2018-01-10 05:08:40	worker	sudirman said;2018-01-08 - 2018-01-08;submitSocial;all;arwin
2018-01-10 05:08:42	worker	setyanovanto;2018-01-08 - 2018-01-08;submitSocial;all;arwin
2018-01-10 05:08:44	worker	galau;2018-01-08 - 2018-01-08;submitSocial;all;arwin
2018-01-10 05:08:48	worker	#prestasiindonesia;2018-01-08 - 2018-01-08;submitSocial;all;arwin
2018-01-10 05:08:50	worker	@Tw_Debi;2018-01-08 - 2018-01-08;submitSocial;all;arwin
2018-01-10 05:08:52	worker	@OfficialFastron;2018-01-08 - 2018-01-08;submitSocial;all;arwin
2018-01-10 05:08:54	worker	@CitibankID;2018-01-08 - 2018-01-08;submitSocial;all;arwin
2018-01-10 05:08:56	worker	@jak101fm;2018-01-08 - 2018-01-08;submitSocial;all;arwin
2018-01-10 05:08:58	worker	@genfm;2018-01-08 - 2018-01-08;submitSocial;all;arwin
