2017-02-20 05:00:15	[{"keyword":"@987genfm","from":"2017-02-18","mode":"submitSocial","container":"all","username":"arwin"}]
2017-02-20 05:00:27	[{"keyword":"@101jakfm","from":"2017-02-18","mode":"submitSocial","container":"all","username":"arwin"}]
2017-02-20 05:00:40	[{"keyword":"@prambors","from":"2017-02-18","mode":"submitSocial","container":"all","username":"arwin"}]
2017-02-20 05:00:52	[{"keyword":"@hardrockfm","from":"2017-02-18","mode":"submitSocial","container":"all","username":"arwin"}]
2017-02-20 05:01:05	[{"keyword":"@kisfmjakarta","from":"2017-02-18","mode":"submitSocial","container":"all","username":"arwin"}]
2017-02-20 05:01:17	[{"keyword":"@delta_fm","from":"2017-02-18","mode":"submitSocial","container":"all","username":"arwin"}]
2017-02-20 05:01:30	[{"keyword":"@traxfmjkt","from":"2017-02-18","mode":"submitSocial","container":"all","username":"arwin"}]
2017-02-20 05:01:42	[{"keyword":"@iradiojakarta","from":"2017-02-18","mode":"submitSocial","container":"all","username":"arwin"}]
2017-02-20 05:01:54	[{"keyword":"@indika9160fm","from":"2017-02-18","mode":"submitSocial","container":"all","username":"arwin"}]
2017-02-20 05:02:06	[{"keyword":"@shellindonesia","from":"2017-02-18","mode":"submitSocial","container":"all","username":"arwin"}]
2017-02-20 05:02:18	[{"keyword":"@vpowerfans","from":"2017-02-18","mode":"submitSocial","container":"all","username":"arwin"}]
2017-02-20 05:02:30	[{"keyword":"@pertamaxind","from":"2017-02-18","mode":"submitSocial","container":"all","username":"arwin"}]
2017-02-20 05:02:42	[{"keyword":"@ptpertamina","from":"2017-02-18","mode":"submitSocial","container":"all","username":"arwin"}]
2017-02-20 05:02:54	[{"keyword":"@ozradiojakarta","from":"2017-02-18","mode":"submitSocial","container":"all","username":"arwin"}]
2017-02-20 05:03:06	[{"keyword":"@cosmopolitanfm","from":"2017-02-18","mode":"submitSocial","container":"all","username":"arwin"}]
2017-02-20 05:03:19	[{"keyword":"@mustang88fm","from":"2017-02-18","mode":"submitSocial","container":"all","username":"arwin"}]
2017-02-20 05:03:31	[{"keyword":"@debabaz","from":"2017-02-18","mode":"submitSocial","container":"all","username":"arwin"}]
2017-02-20 05:03:44	[{"keyword":"@detikcom","from":"2017-02-18","mode":"submitSocial","container":"all","username":"arwin"}]
2017-02-20 05:03:57	[{"keyword":"@radioelshinta","from":"2017-02-18","mode":"submitSocial","container":"all","username":"arwin"}]
2017-02-20 05:04:09	[{"keyword":"@cinema21","from":"2017-02-18","mode":"submitSocial","container":"all","username":"arwin"}]
2017-02-20 05:04:21	[{"keyword":"@officialrcti","from":"2017-02-18","mode":"submitSocial","container":"all","username":"arwin"}]
2017-02-20 05:04:34	[{"keyword":"@transtv_corp","from":"2017-02-18","mode":"submitSocial","container":"all","username":"arwin"}]
2017-02-20 05:04:46	[{"keyword":"@trans7","from":"2017-02-18","mode":"submitSocial","container":"all","username":"arwin"}]
2017-02-20 05:04:59	[{"keyword":"@metro_tv","from":"2017-02-18","mode":"submitSocial","container":"all","username":"arwin"}]
2017-02-20 05:05:13	[{"keyword":"@tvonenews","from":"2017-02-18","mode":"submitSocial","container":"all","username":"arwin"}]
2017-02-20 05:05:26	[{"keyword":"@whatsonantv","from":"2017-02-18","mode":"submitSocial","container":"all","username":"arwin"}]
2017-02-20 05:05:39	[{"keyword":"@sctv_","from":"2017-02-18","mode":"submitSocial","container":"all","username":"arwin"}]
2017-02-20 05:05:51	[{"keyword":"@kompastv","from":"2017-02-18","mode":"submitSocial","container":"all","username":"arwin"}]
2017-02-20 05:06:04	[{"keyword":"@netmediatama","from":"2017-02-18","mode":"submitSocial","container":"all","username":"arwin"}]
2017-02-20 05:06:17	[{"keyword":"@globaltvseru","from":"2017-02-18","mode":"submitSocial","container":"all","username":"arwin"}]
2017-02-20 05:06:29	[{"keyword":"@jaktvcom","from":"2017-02-18","mode":"submitSocial","container":"all","username":"arwin"}]
2017-02-20 05:06:41	[{"keyword":"@tvrinasional","from":"2017-02-18","mode":"submitSocial","container":"all","username":"arwin"}]
2017-02-20 05:06:53	[{"keyword":"@ochannelupdates","from":"2017-02-18","mode":"submitSocial","container":"all","username":"arwin"}]
2017-02-20 05:07:06	[{"keyword":"@indosiarid","from":"2017-02-18","mode":"submitSocial","container":"all","username":"arwin"}]
2017-02-20 05:07:20	[{"keyword":"@kompascom","from":"2017-02-18","mode":"submitSocial","container":"all","username":"arwin"}]
2017-02-20 05:07:32	[{"keyword":"@merdekadotcom","from":"2017-02-18","mode":"submitSocial","container":"all","username":"arwin"}]
2017-02-20 05:07:44	[{"keyword":"@midotcom","from":"2017-02-18","mode":"submitSocial","container":"all","username":"arwin"}]
2017-02-20 05:07:57	[{"keyword":"@tempodotco","from":"2017-02-18","mode":"submitSocial","container":"all","username":"arwin"}]
2017-02-20 05:08:09	[{"keyword":"@motion975fm","from":"2017-02-18","mode":"submitSocial","container":"all","username":"arwin"}]
2017-02-20 05:08:22	[{"keyword":"@_radiotoday","from":"2017-02-18","mode":"submitSocial","container":"all","username":"arwin"}]
2017-02-20 05:08:35	[{"keyword":"@radioinfo","from":"2017-02-18","mode":"submitSocial","container":"all","username":"arwin"}]
2017-02-20 05:08:47	[{"keyword":"@979femaleradio","from":"2017-02-18","mode":"submitSocial","container":"all","username":"arwin"}]
2017-02-20 05:08:59	[{"keyword":"@womanradio943fm","from":"2017-02-18","mode":"submitSocial","container":"all","username":"arwin"}]
2017-02-20 05:09:12	[{"keyword":"@vradiofm","from":"2017-02-18","mode":"submitSocial","container":"all","username":"arwin"}]
2017-02-20 05:09:25	[{"keyword":"@ufm947","from":"2017-02-18","mode":"submitSocial","container":"all","username":"arwin"}]
2017-02-20 05:09:37	[{"keyword":"@vivanews","from":"2017-02-18","mode":"submitSocial","container":"all","username":"arwin"}]
2017-02-20 05:09:49	[{"keyword":"@antaranews","from":"2017-02-18","mode":"submitSocial","container":"all","username":"arwin"}]
2017-02-20 05:10:03	[{"keyword":"@tribunnews","from":"2017-02-18","mode":"submitSocial","container":"all","username":"arwin"}]
2017-02-20 05:10:16	[{"keyword":"@okezonenews","from":"2017-02-18","mode":"submitSocial","container":"all","username":"arwin"}]
2017-02-20 05:10:29	[{"keyword":"@beritasatu","from":"2017-02-18","mode":"submitSocial","container":"all","username":"arwin"}]
2017-02-20 05:10:41	[{"keyword":"@rollingstoneina","from":"2017-02-18","mode":"submitSocial","container":"all","username":"arwin"}]
2017-02-20 05:10:53	[{"keyword":"@fimeladotcom","from":"2017-02-18","mode":"submitSocial","container":"all","username":"arwin"}]
2017-02-20 05:11:05	[{"keyword":"@kapanlagicom","from":"2017-02-18","mode":"submitSocial","container":"all","username":"arwin"}]
2017-02-20 05:11:18	[{"keyword":"@kompasent","from":"2017-02-18","mode":"submitSocial","container":"all","username":"arwin"}]
2017-02-20 05:11:30	[{"keyword":"@haimagazine","from":"2017-02-18","mode":"submitSocial","container":"all","username":"arwin"}]
2017-02-20 05:11:42	[{"keyword":"@jakartavenue","from":"2017-02-18","mode":"submitSocial","container":"all","username":"arwin"}]
2017-02-20 05:11:54	[{"keyword":"@seputarevent","from":"2017-02-18","mode":"submitSocial","container":"all","username":"arwin"}]
2017-02-20 05:12:07	[{"keyword":"@ismayalive","from":"2017-02-18","mode":"submitSocial","container":"all","username":"arwin"}]
2017-02-20 05:12:19	[{"keyword":"@ecentertainment","from":"2017-02-18","mode":"submitSocial","container":"all","username":"arwin"}]
2017-02-20 05:12:31	[{"keyword":"@synergism_en","from":"2017-02-18","mode":"submitSocial","container":"all","username":"arwin"}]
2017-02-20 05:12:43	[{"keyword":"@urbanbandung","from":"2017-02-18","mode":"submitSocial","container":"all","username":"arwin"}]
2017-02-20 05:12:54	[{"keyword":"@urbanrkm995","from":"2017-02-18","mode":"submitSocial","container":"all","username":"arwin"}]
2017-02-20 05:13:07	[{"keyword":"@garuda_promo","from":"2017-02-18","mode":"submitSocial","container":"all","username":"arwin"}]
2017-02-20 05:13:19	[{"keyword":"@airasiaid","from":"2017-02-18","mode":"submitSocial","container":"all","username":"arwin"}]
2017-02-20 05:13:32	[{"keyword":"@kai121","from":"2017-02-18","mode":"submitSocial","container":"all","username":"arwin"}]
2017-02-20 05:13:44	[{"keyword":"@unilever","from":"2017-02-18","mode":"submitSocial","container":"all","username":"arwin"}]
2017-02-20 05:13:56	[{"keyword":"@nestle","from":"2017-02-18","mode":"submitSocial","container":"all","username":"arwin"}]
2017-02-20 05:14:09	[{"keyword":"@cocacola","from":"2017-02-18","mode":"submitSocial","container":"all","username":"arwin"}]
2017-02-20 05:14:27	[{"keyword":"@cnn","from":"2017-02-18","mode":"submitSocial","container":"all","username":"arwin"}]
2017-02-20 05:14:40	[{"keyword":"@mtv","from":"2017-02-18","mode":"submitSocial","container":"all","username":"arwin"}]
2017-02-20 05:14:52	[{"keyword":"@channelv","from":"2017-02-18","mode":"submitSocial","container":"all","username":"arwin"}]
2017-02-20 05:15:05	[{"keyword":"@itunesmusic","from":"2017-02-18","mode":"submitSocial","container":"all","username":"arwin"}]
2017-02-20 05:15:20	[{"keyword":"@mashable","from":"2017-02-18","mode":"submitSocial","container":"all","username":"arwin"}]
2017-02-20 05:15:32	[{"keyword":"@decacaz","from":"2017-02-18","mode":"submitSocial","container":"all","username":"arwin"}]
2017-02-20 05:15:44	[{"keyword":"@radiobaru967fm","from":"2017-02-18","mode":"submitSocial","container":"all","username":"arwin"}]
2017-02-20 05:15:56	[{"keyword":"@967hitzfm","from":"2017-02-18","mode":"submitSocial","container":"all","username":"arwin"}]
2017-02-20 05:16:09	[{"keyword":"@tvguide","from":"2017-02-18","mode":"submitSocial","container":"all","username":"arwin"}]
2017-02-20 05:16:21	[{"keyword":"@xl123","from":"2017-02-18","mode":"submitSocial","container":"all","username":"arwin"}]
2017-02-20 05:16:33	[{"keyword":"@triindonesia","from":"2017-02-18","mode":"submitSocial","container":"all","username":"arwin"}]
2017-02-20 05:16:46	[{"keyword":"@kaskus","from":"2017-02-18","mode":"submitSocial","container":"all","username":"arwin"}]
2017-02-20 05:16:58	[{"keyword":"@studio_xxi","from":"2017-02-18","mode":"submitSocial","container":"all","username":"arwin"}]
2017-02-20 05:17:10	[{"keyword":"@blitzmegaplex","from":"2017-02-18","mode":"submitSocial","container":"all","username":"arwin"}]
2017-02-20 05:17:22	[{"keyword":"@alfamartku","from":"2017-02-18","mode":"submitSocial","container":"all","username":"arwin"}]
2017-02-20 05:17:34	[{"keyword":"@carrefour_id","from":"2017-02-18","mode":"submitSocial","container":"all","username":"arwin"}]
2017-02-20 05:17:48	[{"keyword":"@bbcbreaking","from":"2017-02-18","mode":"submitSocial","container":"all","username":"arwin"}]
2017-02-20 05:18:06	[{"keyword":"@forbes","from":"2017-02-18","mode":"submitSocial","container":"all","username":"arwin"}]
2017-02-20 05:18:18	[{"keyword":"@bensradio","from":"2017-02-18","mode":"submitSocial","container":"all","username":"arwin"}]
2017-02-20 05:18:35	[{"keyword":"@instagram","from":"2017-02-18","mode":"submitSocial","container":"all","username":"arwin"}]
2017-02-20 05:18:48	[{"keyword":"@pinterest","from":"2017-02-18","mode":"submitSocial","container":"all","username":"arwin"}]
2017-02-20 05:19:02	[{"keyword":"@google","from":"2017-02-18","mode":"submitSocial","container":"all","username":"arwin"}]
2017-02-20 05:19:14	[{"keyword":"@pertaminalub","from":"2017-02-18","mode":"submitSocial","container":"all","username":"arwin"}]
2017-02-20 05:19:27	[{"keyword":"@infolalintol","from":"2017-02-18","mode":"submitSocial","container":"all","username":"arwin"}]
2017-02-20 05:19:39	[{"keyword":"@ptjasamarga","from":"2017-02-18","mode":"submitSocial","container":"all","username":"arwin"}]
2017-02-20 05:19:51	[{"keyword":"@cititransindo","from":"2017-02-18","mode":"submitSocial","container":"all","username":"arwin"}]
2017-02-20 05:20:03	[{"keyword":"#semangatpagisuperr","from":"2017-02-18","mode":"submitSocial","container":"all","username":"arwin"}]
2017-02-20 05:20:15	[{"keyword":"#genkuisinsideout","from":"2017-02-18","mode":"submitSocial","container":"all","username":"arwin"}]
2017-02-20 05:20:27	[{"keyword":"#semangatpagi","from":"2017-02-18","mode":"submitSocial","container":"all","username":"arwin"}]
2017-02-20 05:20:40	[{"keyword":"#dikamar","from":"2017-02-18","mode":"submitSocial","container":"all","username":"arwin"}]
2017-02-20 05:20:52	[{"keyword":"#kopaja","from":"2017-02-18","mode":"submitSocial","container":"all","username":"arwin"}]
2017-02-20 05:21:03	[{"keyword":"#generaksi8","from":"2017-02-18","mode":"submitSocial","container":"all","username":"arwin"}]
2017-02-20 05:21:16	[{"keyword":"#hitztsp","from":"2017-02-18","mode":"submitSocial","container":"all","username":"arwin"}]
2017-02-20 05:21:29	[{"keyword":"#np","from":"2017-02-18","mode":"submitSocial","container":"all","username":"arwin"}]
2017-02-20 05:21:41	[{"keyword":"#hitzlivestage","from":"2017-02-18","mode":"submitSocial","container":"all","username":"arwin"}]
2017-02-20 05:21:53	[{"keyword":"#thefreaks","from":"2017-02-18","mode":"submitSocial","container":"all","username":"arwin"}]
2017-02-20 05:22:05	[{"keyword":"#hitzsirkuspagi","from":"2017-02-18","mode":"submitSocial","container":"all","username":"arwin"}]
2017-02-20 05:22:17	[{"keyword":"#hitzathlon","from":"2017-02-18","mode":"submitSocial","container":"all","username":"arwin"}]
2017-02-20 05:22:29	[{"keyword":"#hitzzombie","from":"2017-02-18","mode":"submitSocial","container":"all","username":"arwin"}]
2017-02-20 05:22:41	[{"keyword":"#hitzkalong","from":"2017-02-18","mode":"submitSocial","container":"all","username":"arwin"}]
2017-02-20 05:22:53	[{"keyword":"#hitzbebas","from":"2017-02-18","mode":"submitSocial","container":"all","username":"arwin"}]
2017-02-20 05:23:05	[{"keyword":"#hitzhorehara","from":"2017-02-18","mode":"submitSocial","container":"all","username":"arwin"}]
2017-02-20 05:23:17	[{"keyword":"@zaloraid","from":"2017-02-18","mode":"submitSocial","container":"all","username":"arwin"}]
2017-02-20 05:23:29	[{"keyword":"@olx_indonesia","from":"2017-02-18","mode":"submitSocial","container":"all","username":"arwin"}]
2017-02-20 05:23:42	[{"keyword":"@lazadaid","from":"2017-02-18","mode":"submitSocial","container":"all","username":"arwin"}]
2017-02-20 05:23:54	[{"keyword":"@utrippers","from":"2017-02-18","mode":"submitSocial","container":"all","username":"arwin"}]
2017-02-20 05:24:06	[{"keyword":"@gogobot","from":"2017-02-18","mode":"submitSocial","container":"all","username":"arwin"}]
2017-02-20 05:24:18	[{"keyword":"@viatortravel","from":"2017-02-18","mode":"submitSocial","container":"all","username":"arwin"}]
2017-02-20 05:24:30	[{"keyword":"@alandakariza","from":"2017-02-18","mode":"submitSocial","container":"all","username":"arwin"}]
2017-02-20 05:24:42	[{"keyword":"@gagasmedia","from":"2017-02-18","mode":"submitSocial","container":"all","username":"arwin"}]
2017-02-20 05:24:54	[{"keyword":"@welovehonda","from":"2017-02-18","mode":"submitSocial","container":"all","username":"arwin"}]
2017-02-20 05:25:07	[{"keyword":"@suzukimotorid","from":"2017-02-18","mode":"submitSocial","container":"all","username":"arwin"}]
2017-02-20 05:25:19	[{"keyword":"@kawasakilovers","from":"2017-02-18","mode":"submitSocial","container":"all","username":"arwin"}]
2017-02-20 05:25:31	[{"keyword":"@yamahaindonesia","from":"2017-02-18","mode":"submitSocial","container":"all","username":"arwin"}]
2017-02-20 05:25:43	[{"keyword":"@tripanzee","from":"2017-02-18","mode":"submitSocial","container":"all","username":"arwin"}]
2017-02-20 05:25:55	[{"keyword":"@arnoldpoernomo","from":"2017-02-18","mode":"submitSocial","container":"all","username":"arwin"}]
2017-02-20 05:26:08	[{"keyword":"@nicsap","from":"2017-02-18","mode":"submitSocial","container":"all","username":"arwin"}]
2017-02-20 05:26:20	[{"keyword":"@tiket2","from":"2017-02-18","mode":"submitSocial","container":"all","username":"arwin"}]
2017-02-20 05:26:32	[{"keyword":"@traveloka","from":"2017-02-18","mode":"submitSocial","container":"all","username":"arwin"}]
2017-02-20 05:26:45	[{"keyword":"@wego","from":"2017-02-18","mode":"submitSocial","container":"all","username":"arwin"}]
2017-02-20 05:26:57	[{"keyword":"@agoda","from":"2017-02-18","mode":"submitSocial","container":"all","username":"arwin"}]
2017-02-20 05:27:09	[{"keyword":"#salahsambung","from":"2017-02-18","mode":"submitSocial","container":"all","username":"arwin"}]
2017-02-20 05:27:22	[{"keyword":"#tulalit","from":"2017-02-18","mode":"submitSocial","container":"all","username":"arwin"}]
2017-02-20 05:27:34	[{"keyword":"#pestageneraksi8","from":"2017-02-18","mode":"submitSocial","container":"all","username":"arwin"}]
2017-02-20 05:27:46	[{"keyword":"#ganaskustik","from":"2017-02-18","mode":"submitSocial","container":"all","username":"arwin"}]
2017-02-20 05:27:57	[{"keyword":"#lnhot20","from":"2017-02-18","mode":"submitSocial","container":"all","username":"arwin"}]
2017-02-20 05:28:10	[{"keyword":"@tripadvisor","from":"2017-02-18","mode":"submitSocial","container":"all","username":"arwin"}]
2017-02-20 05:28:24	[{"keyword":"@google","from":"2017-02-18","mode":"submitSocial","container":"all","username":"arwin"}]
2017-02-20 05:28:37	[{"keyword":"@telkomsel","from":"2017-02-18","mode":"submitSocial","container":"all","username":"arwin"}]
2017-02-20 05:28:49	[{"keyword":"@indosat","from":"2017-02-18","mode":"submitSocial","container":"all","username":"arwin"}]
2017-02-20 05:29:10	[{"keyword":"@bahanafmjkt","from":"2017-02-18","mode":"submitSocial","container":"all","username":""}]
2017-02-20 05:29:24	[{"keyword":"@sonorafm92","from":"2017-02-18","mode":"submitSocial","container":"all","username":"arwin"}]
2017-02-20 05:29:35	[{"keyword":"@litefm1058","from":"2017-02-18","mode":"submitSocial","container":"all","username":"arwin"}]
2017-02-20 05:29:47	[{"keyword":"@bravaradio","from":"2017-02-18","mode":"submitSocial","container":"all","username":"arwin"}]
2017-02-20 05:30:00	[{"keyword":"#dgitm","from":"2017-02-18","mode":"submitSocial","container":"all","username":"arwin"}]
2017-02-20 05:30:13	[{"keyword":"#hitsalaprambors","from":"2017-02-18","mode":"submitSocial","container":"all","username":"arwin"}]
2017-02-20 05:30:26	[{"keyword":"#reqprambors","from":"2017-02-18","mode":"submitSocial","container":"all","username":"arwin"}]
2017-02-20 05:30:38	[{"keyword":"#thedandees","from":"2017-02-18","mode":"submitSocial","container":"all","username":"arwin"}]
2017-02-20 05:30:50	[{"keyword":"#pramborsquiz","from":"2017-02-18","mode":"submitSocial","container":"all","username":"arwin"}]
2017-02-20 05:31:02	[{"keyword":"#jeliprambors","from":"2017-02-18","mode":"submitSocial","container":"all","username":"arwin"}]
2017-02-20 05:31:14	[{"keyword":"#jodohinprambors","from":"2017-02-18","mode":"submitSocial","container":"all","username":"arwin"}]
2017-02-20 05:31:26	[{"keyword":"#ubahdenganbicara","from":"2017-02-18","mode":"submitSocial","container":"all","username":"arwin"}]
2017-02-20 05:31:39	[{"keyword":"#pramborschat","from":"2017-02-18","mode":"submitSocial","container":"all","username":"arwin"}]
2017-02-20 05:31:51	[{"keyword":"#tweetforduit","from":"2017-02-18","mode":"submitSocial","container":"all","username":"arwin"}]
2017-02-20 05:32:03	[{"keyword":"#joki3in1","from":"2017-02-18","mode":"submitSocial","container":"all","username":"arwin"}]
2017-02-20 05:32:15	[{"keyword":"#sarapanseru","from":"2017-02-18","mode":"submitSocial","container":"all","username":"arwin"}]
2017-02-20 05:32:27	[{"keyword":"#rawonkaneloop","from":"2017-02-18","mode":"submitSocial","container":"all","username":"arwin"}]
2017-02-20 05:32:39	[{"keyword":"#gudegkendilkeraton","from":"2017-02-18","mode":"submitSocial","container":"all","username":"arwin"}]
2017-02-20 05:32:51	[{"keyword":"#gadogadobutika","from":"2017-02-18","mode":"submitSocial","container":"all","username":"arwin"}]
2017-02-20 05:33:03	[{"keyword":"#mtvhottest","from":"2017-02-18","mode":"submitSocial","container":"all","username":"arwin"}]
2017-02-20 05:33:15	[{"keyword":"#dimsumcjdw","from":"2017-02-18","mode":"submitSocial","container":"all","username":"arwin"}]
2017-02-20 05:33:27	[{"keyword":"#pecelmadiunmbakniek","from":"2017-02-18","mode":"submitSocial","container":"all","username":"arwin"}]
2017-02-20 05:33:39	[{"keyword":"#depotarema","from":"2017-02-18","mode":"submitSocial","container":"all","username":"arwin"}]
2017-02-20 05:33:52	[{"keyword":"@bni46","from":"2017-02-18","mode":"submitSocial","container":"all","username":"arwin"}]
2017-02-20 05:34:04	[{"keyword":"@bankbri_id","from":"2017-02-18","mode":"submitSocial","container":"all","username":"arwin"}]
2017-02-20 05:34:16	[{"keyword":"#bni46","from":"2017-02-18","mode":"submitSocial","container":"all","username":"arwin"}]
2017-02-20 05:34:30	[{"keyword":"macet","from":"2017-02-18","mode":"submitSocial","container":"all","username":"arwin"}]
2017-02-20 05:34:42	[{"keyword":"#selamatpagi","from":"2017-02-18","mode":"submitSocial","container":"all","username":"arwin"}]
2017-02-20 05:34:54	[{"keyword":"#selamatmalam","from":"2017-02-18","mode":"submitSocial","container":"all","username":"arwin"}]
2017-02-20 05:35:06	[{"keyword":"@884globalradio","from":"2017-02-18","mode":"submitSocial","container":"all","username":"arwin"}]
2017-02-20 05:35:18	[{"keyword":"@day_trans","from":"2017-02-18","mode":"submitSocial","container":"all","username":"arwin"}]
2017-02-20 05:35:31	[{"keyword":"@kencanavoyage","from":"2017-02-18","mode":"submitSocial","container":"all","username":"arwin"}]
2017-02-20 05:35:43	[{"keyword":"@jukebox5d","from":"2017-02-18","mode":"submitSocial","container":"all","username":"arwin"}]
2017-02-20 05:35:55	[{"keyword":"#mtvhottest","from":"2017-02-18","mode":"submitSocial","container":"all","username":"arwin"}]
2017-02-20 05:36:08	[{"keyword":"#semangatpagi","from":"2017-02-18","mode":"submitSocial","container":"all","username":"arwin"}]
2017-02-20 05:36:20	[{"keyword":"lifebuoy","from":"2017-02-18","mode":"submitSocial","container":"all","username":"arwin"}]
2017-02-20 05:36:36	[{"keyword":"jokowi","from":"2017-02-18","mode":"submitSocial","container":"all","username":"arwin"}]
2017-02-20 05:36:55	[{"keyword":"obama","from":"2017-02-18","mode":"submitSocial","container":"all","username":"arwin"}]
2017-02-20 05:37:09	[{"keyword":"starwars","from":"2017-02-18","mode":"submitSocial","container":"all","username":"arwin"}]
2017-02-20 05:37:22	[{"keyword":"jonan","from":"2017-02-18","mode":"submitSocial","container":"all","username":"arwin"}]
2017-02-20 05:37:41	[{"keyword":"pagi","from":"2017-02-18","mode":"submitSocial","container":"all","username":"arwin"}]
2017-02-20 05:37:53	[{"keyword":"sampoerna","from":"2017-02-18","mode":"submitSocial","container":"all","username":"arwin"}]
2017-02-20 05:38:07	[{"keyword":"djarum","from":"2017-02-18","mode":"submitSocial","container":"all","username":"arwin"}]
2017-02-20 05:38:19	[{"keyword":"#semangatpagi","from":"2017-02-18","mode":"submitSocial","container":"all","username":"arwin"}]
2017-02-20 05:38:31	[{"keyword":"#generaksi8","from":"2017-02-18","mode":"submitSocial","container":"all","username":"arwin"}]
2017-02-20 05:38:43	[{"keyword":"#365alasan","from":"2017-02-18","mode":"submitSocial","container":"all","username":"arwin"}]
2017-02-20 05:38:56	[{"keyword":"weew","from":"2017-02-18","mode":"submitSocial","container":"all","username":"arwin"}]
2017-02-20 05:39:14	[{"keyword":"testing","from":"2017-02-18","mode":"submitSocial","container":"all","username":"arwin"}]
2017-02-20 05:39:27	[{"keyword":"#kopaja","from":"2017-02-18","mode":"submitSocial","container":"all","username":"arwin"}]
2017-02-20 05:39:39	[{"keyword":"#genkuisinsideout","from":"2017-02-18","mode":"submitSocial","container":"all","username":"arwin"}]
2017-02-20 05:39:52	[{"keyword":"starwars","from":"2017-02-18","mode":"submitSocial","container":"all","username":"arwin"}]
2017-02-20 05:40:05	[{"keyword":"#kopaja","from":"2017-02-18","mode":"submitSocial","container":"all","username":"arwin"}]
2017-02-20 05:40:17	[{"keyword":"mldspot","from":"2017-02-18","mode":"submitSocial","container":"all","username":"arwin"}]
2017-02-20 05:40:30	[{"keyword":"pbdjarum","from":"2017-02-18","mode":"submitSocial","container":"all","username":"arwin"}]
2017-02-20 05:40:42	[{"keyword":"temannabati","from":"2017-02-18","mode":"submitSocial","container":"all","username":"arwin"}]
2017-02-20 05:40:55	[{"keyword":"nextar","from":"2017-02-18","mode":"submitSocial","container":"all","username":"arwin"}]
2017-02-20 05:41:08	[{"keyword":"jokowo","from":"2017-02-18","mode":"submitSocial","container":"all","username":"arwin"}]
2017-02-20 05:41:21	[{"keyword":"prabowo","from":"2017-02-18","mode":"submitSocial","container":"all","username":"arwin"}]
2017-02-20 05:41:33	[{"keyword":"sudirman said","from":"2017-02-18","mode":"submitSocial","container":"all","username":"arwin"}]
2017-02-20 05:41:51	[{"keyword":"ahok","from":"2017-02-18","mode":"submitSocial","container":"all","username":"arwin"}]
2017-02-20 05:42:03	[{"keyword":"setyanovanto","from":"2017-02-18","mode":"submitSocial","container":"all","username":"arwin"}]
2017-02-20 05:42:19	[{"keyword":"jokowi","from":"2017-02-18","mode":"submitSocial","container":"all","username":"arwin"}]
2017-02-20 05:42:37	[{"keyword":"ahok","from":"2017-02-18","mode":"submitSocial","container":"all","username":"arwin"}]
2017-02-20 05:42:50	[{"keyword":"prabowo","from":"2017-02-18","mode":"submitSocial","container":"all","username":"arwin"}]
2017-02-20 05:43:01	[{"keyword":"sudirman said","from":"2017-02-18","mode":"submitSocial","container":"all","username":"arwin"}]
2017-02-20 05:43:14	[{"keyword":"setyanovanto","from":"2017-02-18","mode":"submitSocial","container":"all","username":"arwin"}]
2017-02-20 05:43:28	[{"keyword":"galau","from":"2017-02-18","mode":"submitSocial","container":"all","username":"arwin"}]
2017-02-20 05:43:40	[{"keyword":"#prestasiindonesia","from":"2017-02-18","mode":"submitSocial","container":"all","username":"arwin"}]
2017-02-20 05:43:52	[{"keyword":"@tw_debi","from":"2017-02-18","mode":"submitSocial","container":"all","username":"arwin"}]
2017-02-20 05:44:04	[{"keyword":"@officialfastron","from":"2017-02-18","mode":"submitSocial","container":"all","username":"arwin"}]
2017-02-20 05:44:16	[{"keyword":"@citibankid","from":"2017-02-18","mode":"submitSocial","container":"all","username":"arwin"}]
2017-02-20 05:44:28	[{"keyword":"@jak101fm","from":"2017-02-18","mode":"submitSocial","container":"all","username":"arwin"}]
2017-02-20 05:44:41	[{"keyword":"@genfm","from":"2017-02-18","mode":"submitSocial","container":"all","username":"arwin"}]
2017-02-20 16:12:06	[{"keyword":"#sensor from @bahanafmjkt","from":"2016-10-01","mode":"submitAdvanced","container":"all","username":"tommy5D"},{"keyword":"#sensor from @bahanafmjkt","from":"2016-10-02","mode":"submitAdvanced","container":"all","username":"tommy5D"},{"keyword":"#sensor from @bahanafmjkt","from":"2016-10-03","mode":"submitAdvanced","container":"all","username":"tommy5D"},{"keyword":"#sensor from @bahanafmjkt","from":"2016-10-04","mode":"submitAdvanced","container":"all","username":"tommy5D"},{"keyword":"#sensor from @bahanafmjkt","from":"2016-10-05","mode":"submitAdvanced","container":"all","username":"tommy5D"},{"keyword":"#sensor from @bahanafmjkt","from":"2016-10-06","mode":"submitAdvanced","container":"all","username":"tommy5D"},{"keyword":"#sensor from @bahanafmjkt","from":"2016-10-07","mode":"submitAdvanced","container":"all","username":"tommy5D"},{"keyword":"#sensor from @bahanafmjkt","from":"2016-10-08","mode":"submitAdvanced","container":"all","username":"tommy5D"},{"keyword":"#sensor from @bahanafmjkt","from":"2016-10-09","mode":"submitAdvanced","container":"all","username":"tommy5D"},{"keyword":"#sensor from @bahanafmjkt","from":"2016-10-10","mode":"submitAdvanced","container":"all","username":"tommy5D"},{"keyword":"#sensor from @bahanafmjkt","from":"2016-10-11","mode":"submitAdvanced","container":"all","username":"tommy5D"},{"keyword":"#sensor from @bahanafmjkt","from":"2016-10-12","mode":"submitAdvanced","container":"all","username":"tommy5D"},{"keyword":"#sensor from @bahanafmjkt","from":"2016-10-13","mode":"submitAdvanced","container":"all","username":"tommy5D"},{"keyword":"#sensor from @bahanafmjkt","from":"2016-10-14","mode":"submitAdvanced","container":"all","username":"tommy5D"},{"keyword":"#sensor from @bahanafmjkt","from":"2016-10-15","mode":"submitAdvanced","container":"all","username":"tommy5D"},{"keyword":"#sensor from @bahanafmjkt","from":"2016-10-16","mode":"submitAdvanced","container":"all","username":"tommy5D"},{"keyword":"#sensor from @bahanafmjkt","from":"2016-10-17","mode":"submitAdvanced","container":"all","username":"tommy5D"},{"keyword":"#sensor from @bahanafmjkt","from":"2016-10-18","mode":"submitAdvanced","container":"all","username":"tommy5D"},{"keyword":"#sensor from @bahanafmjkt","from":"2016-10-19","mode":"submitAdvanced","container":"all","username":"tommy5D"},{"keyword":"#sensor from @bahanafmjkt","from":"2016-10-20","mode":"submitAdvanced","container":"all","username":"tommy5D"},{"keyword":"#sensor from @bahanafmjkt","from":"2016-10-21","mode":"submitAdvanced","container":"all","username":"tommy5D"},{"keyword":"#sensor from @bahanafmjkt","from":"2016-10-22","mode":"submitAdvanced","container":"all","username":"tommy5D"},{"keyword":"#sensor from @bahanafmjkt","from":"2016-10-23","mode":"submitAdvanced","container":"all","username":"tommy5D"},{"keyword":"#sensor from @bahanafmjkt","from":"2016-10-24","mode":"submitAdvanced","container":"all","username":"tommy5D"},{"keyword":"#sensor from @bahanafmjkt","from":"2016-10-25","mode":"submitAdvanced","container":"all","username":"tommy5D"},{"keyword":"#sensor from @bahanafmjkt","from":"2016-10-26","mode":"submitAdvanced","container":"all","username":"tommy5D"},{"keyword":"#sensor from @bahanafmjkt","from":"2016-10-27","mode":"submitAdvanced","container":"all","username":"tommy5D"},{"keyword":"#sensor from @bahanafmjkt","from":"2016-10-28","mode":"submitAdvanced","container":"all","username":"tommy5D"},{"keyword":"#sensor from @bahanafmjkt","from":"2016-10-29","mode":"submitAdvanced","container":"all","username":"tommy5D"},{"keyword":"#sensor from @bahanafmjkt","from":"2016-10-30","mode":"submitAdvanced","container":"all","username":"tommy5D"},{"keyword":"#sensor from @bahanafmjkt","from":"2016-10-31","mode":"submitAdvanced","container":"all","username":"tommy5D"}]
2017-02-20 16:21:35	[{"keyword":"#sensor from @bahanafmjkt","from":"2016-11-01","mode":"submitAdvanced","container":"all","username":"tommy5D"},{"keyword":"#sensor from @bahanafmjkt","from":"2016-11-02","mode":"submitAdvanced","container":"all","username":"tommy5D"},{"keyword":"#sensor from @bahanafmjkt","from":"2016-11-03","mode":"submitAdvanced","container":"all","username":"tommy5D"},{"keyword":"#sensor from @bahanafmjkt","from":"2016-11-04","mode":"submitAdvanced","container":"all","username":"tommy5D"},{"keyword":"#sensor from @bahanafmjkt","from":"2016-11-05","mode":"submitAdvanced","container":"all","username":"tommy5D"},{"keyword":"#sensor from @bahanafmjkt","from":"2016-11-06","mode":"submitAdvanced","container":"all","username":"tommy5D"},{"keyword":"#sensor from @bahanafmjkt","from":"2016-11-07","mode":"submitAdvanced","container":"all","username":"tommy5D"},{"keyword":"#sensor from @bahanafmjkt","from":"2016-11-08","mode":"submitAdvanced","container":"all","username":"tommy5D"},{"keyword":"#sensor from @bahanafmjkt","from":"2016-11-09","mode":"submitAdvanced","container":"all","username":"tommy5D"},{"keyword":"#sensor from @bahanafmjkt","from":"2016-11-10","mode":"submitAdvanced","container":"all","username":"tommy5D"},{"keyword":"#sensor from @bahanafmjkt","from":"2016-11-11","mode":"submitAdvanced","container":"all","username":"tommy5D"},{"keyword":"#sensor from @bahanafmjkt","from":"2016-11-12","mode":"submitAdvanced","container":"all","username":"tommy5D"},{"keyword":"#sensor from @bahanafmjkt","from":"2016-11-13","mode":"submitAdvanced","container":"all","username":"tommy5D"},{"keyword":"#sensor from @bahanafmjkt","from":"2016-11-14","mode":"submitAdvanced","container":"all","username":"tommy5D"},{"keyword":"#sensor from @bahanafmjkt","from":"2016-11-15","mode":"submitAdvanced","container":"all","username":"tommy5D"},{"keyword":"#sensor from @bahanafmjkt","from":"2016-11-16","mode":"submitAdvanced","container":"all","username":"tommy5D"},{"keyword":"#sensor from @bahanafmjkt","from":"2016-11-17","mode":"submitAdvanced","container":"all","username":"tommy5D"},{"keyword":"#sensor from @bahanafmjkt","from":"2016-11-18","mode":"submitAdvanced","container":"all","username":"tommy5D"},{"keyword":"#sensor from @bahanafmjkt","from":"2016-11-19","mode":"submitAdvanced","container":"all","username":"tommy5D"},{"keyword":"#sensor from @bahanafmjkt","from":"2016-11-20","mode":"submitAdvanced","container":"all","username":"tommy5D"},{"keyword":"#sensor from @bahanafmjkt","from":"2016-11-21","mode":"submitAdvanced","container":"all","username":"tommy5D"},{"keyword":"#sensor from @bahanafmjkt","from":"2016-11-22","mode":"submitAdvanced","container":"all","username":"tommy5D"},{"keyword":"#sensor from @bahanafmjkt","from":"2016-11-23","mode":"submitAdvanced","container":"all","username":"tommy5D"},{"keyword":"#sensor from @bahanafmjkt","from":"2016-11-24","mode":"submitAdvanced","container":"all","username":"tommy5D"},{"keyword":"#sensor from @bahanafmjkt","from":"2016-11-25","mode":"submitAdvanced","container":"all","username":"tommy5D"},{"keyword":"#sensor from @bahanafmjkt","from":"2016-11-26","mode":"submitAdvanced","container":"all","username":"tommy5D"},{"keyword":"#sensor from @bahanafmjkt","from":"2016-11-27","mode":"submitAdvanced","container":"all","username":"tommy5D"},{"keyword":"#sensor from @bahanafmjkt","from":"2016-11-28","mode":"submitAdvanced","container":"all","username":"tommy5D"},{"keyword":"#sensor from @bahanafmjkt","from":"2016-11-29","mode":"submitAdvanced","container":"all","username":"tommy5D"},{"keyword":"#sensor from @bahanafmjkt","from":"2016-11-30","mode":"submitAdvanced","container":"all","username":"tommy5D"}]
2017-02-20 16:30:13	[{"keyword":"#sensor from @bahanafmjkt","from":"2016-12-01","mode":"submitAdvanced","container":"all","username":"tommy5D"},{"keyword":"#sensor from @bahanafmjkt","from":"2016-12-02","mode":"submitAdvanced","container":"all","username":"tommy5D"},{"keyword":"#sensor from @bahanafmjkt","from":"2016-12-03","mode":"submitAdvanced","container":"all","username":"tommy5D"},{"keyword":"#sensor from @bahanafmjkt","from":"2016-12-04","mode":"submitAdvanced","container":"all","username":"tommy5D"},{"keyword":"#sensor from @bahanafmjkt","from":"2016-12-05","mode":"submitAdvanced","container":"all","username":"tommy5D"},{"keyword":"#sensor from @bahanafmjkt","from":"2016-12-06","mode":"submitAdvanced","container":"all","username":"tommy5D"},{"keyword":"#sensor from @bahanafmjkt","from":"2016-12-07","mode":"submitAdvanced","container":"all","username":"tommy5D"},{"keyword":"#sensor from @bahanafmjkt","from":"2016-12-08","mode":"submitAdvanced","container":"all","username":"tommy5D"},{"keyword":"#sensor from @bahanafmjkt","from":"2016-12-09","mode":"submitAdvanced","container":"all","username":"tommy5D"},{"keyword":"#sensor from @bahanafmjkt","from":"2016-12-10","mode":"submitAdvanced","container":"all","username":"tommy5D"},{"keyword":"#sensor from @bahanafmjkt","from":"2016-12-11","mode":"submitAdvanced","container":"all","username":"tommy5D"},{"keyword":"#sensor from @bahanafmjkt","from":"2016-12-12","mode":"submitAdvanced","container":"all","username":"tommy5D"},{"keyword":"#sensor from @bahanafmjkt","from":"2016-12-13","mode":"submitAdvanced","container":"all","username":"tommy5D"},{"keyword":"#sensor from @bahanafmjkt","from":"2016-12-14","mode":"submitAdvanced","container":"all","username":"tommy5D"},{"keyword":"#sensor from @bahanafmjkt","from":"2016-12-15","mode":"submitAdvanced","container":"all","username":"tommy5D"},{"keyword":"#sensor from @bahanafmjkt","from":"2016-12-16","mode":"submitAdvanced","container":"all","username":"tommy5D"},{"keyword":"#sensor from @bahanafmjkt","from":"2016-12-17","mode":"submitAdvanced","container":"all","username":"tommy5D"},{"keyword":"#sensor from @bahanafmjkt","from":"2016-12-18","mode":"submitAdvanced","container":"all","username":"tommy5D"},{"keyword":"#sensor from @bahanafmjkt","from":"2016-12-19","mode":"submitAdvanced","container":"all","username":"tommy5D"},{"keyword":"#sensor from @bahanafmjkt","from":"2016-12-20","mode":"submitAdvanced","container":"all","username":"tommy5D"},{"keyword":"#sensor from @bahanafmjkt","from":"2016-12-21","mode":"submitAdvanced","container":"all","username":"tommy5D"},{"keyword":"#sensor from @bahanafmjkt","from":"2016-12-22","mode":"submitAdvanced","container":"all","username":"tommy5D"},{"keyword":"#sensor from @bahanafmjkt","from":"2016-12-23","mode":"submitAdvanced","container":"all","username":"tommy5D"},{"keyword":"#sensor from @bahanafmjkt","from":"2016-12-24","mode":"submitAdvanced","container":"all","username":"tommy5D"},{"keyword":"#sensor from @bahanafmjkt","from":"2016-12-25","mode":"submitAdvanced","container":"all","username":"tommy5D"},{"keyword":"#sensor from @bahanafmjkt","from":"2016-12-26","mode":"submitAdvanced","container":"all","username":"tommy5D"},{"keyword":"#sensor from @bahanafmjkt","from":"2016-12-27","mode":"submitAdvanced","container":"all","username":"tommy5D"},{"keyword":"#sensor from @bahanafmjkt","from":"2016-12-28","mode":"submitAdvanced","container":"all","username":"tommy5D"},{"keyword":"#sensor from @bahanafmjkt","from":"2016-12-29","mode":"submitAdvanced","container":"all","username":"tommy5D"},{"keyword":"#sensor from @bahanafmjkt","from":"2016-12-30","mode":"submitAdvanced","container":"all","username":"tommy5D"},{"keyword":"#sensor from @bahanafmjkt","from":"2016-12-31","mode":"submitAdvanced","container":"all","username":"tommy5D"}]
