2017-08-16 05:00:03	worker	@987genfm;2017-08-14 - 2017-08-14;submitSocial;all;arwin
2017-08-16 05:00:08	worker	@101jakfm;2017-08-14 - 2017-08-14;submitSocial;all;arwin
2017-08-16 05:00:11	worker	@prambors;2017-08-14 - 2017-08-14;submitSocial;all;arwin
2017-08-16 05:00:14	worker	@hardrockfm;2017-08-14 - 2017-08-14;submitSocial;all;arwin
2017-08-16 05:00:17	worker	@kisfmjakarta;2017-08-14 - 2017-08-14;submitSocial;all;arwin
2017-08-16 05:00:20	worker	@delta_fm;2017-08-14 - 2017-08-14;submitSocial;all;arwin
2017-08-16 05:00:23	worker	@traxfmjkt;2017-08-14 - 2017-08-14;submitSocial;all;arwin
2017-08-16 05:00:26	worker	@iradiojakarta;2017-08-14 - 2017-08-14;submitSocial;all;arwin
2017-08-16 05:00:29	worker	@indika9160fm;2017-08-14 - 2017-08-14;submitSocial;all;arwin
2017-08-16 05:00:32	worker	@shellindonesia;2017-08-14 - 2017-08-14;submitSocial;all;arwin
2017-08-16 05:00:34	worker	@vpowerfans;2017-08-14 - 2017-08-14;submitSocial;all;arwin
2017-08-16 05:00:37	worker	@pertamaxind;2017-08-14 - 2017-08-14;submitSocial;all;arwin
2017-08-16 05:00:40	worker	@ptpertamina;2017-08-14 - 2017-08-14;submitSocial;all;arwin
2017-08-16 05:00:42	worker	@OZRadioJakarta;2017-08-14 - 2017-08-14;submitSocial;all;arwin
2017-08-16 05:00:45	worker	@CosmopolitanFM;2017-08-14 - 2017-08-14;submitSocial;all;arwin
2017-08-16 05:00:47	worker	@mustang88fm;2017-08-14 - 2017-08-14;submitSocial;all;arwin
2017-08-16 05:00:50	worker	@debabaz;2017-08-14 - 2017-08-14;submitSocial;all;arwin
2017-08-16 05:00:53	worker	@detikcom;2017-08-14 - 2017-08-14;submitSocial;all;arwin
2017-08-16 05:00:58	worker	@radioelshinta;2017-08-14 - 2017-08-14;submitSocial;all;arwin
2017-08-16 05:01:01	worker	@cinema21;2017-08-14 - 2017-08-14;submitSocial;all;arwin
2017-08-16 05:01:04	worker	@OfficialRCTI;2017-08-14 - 2017-08-14;submitSocial;all;arwin
2017-08-16 05:01:07	worker	@TRANSTV_CORP;2017-08-14 - 2017-08-14;submitSocial;all;arwin
2017-08-16 05:01:10	worker	@TRANS7;2017-08-14 - 2017-08-14;submitSocial;all;arwin
2017-08-16 05:01:13	worker	@Metro_TV;2017-08-14 - 2017-08-14;submitSocial;all;arwin
2017-08-16 05:01:16	worker	@tvOneNews;2017-08-14 - 2017-08-14;submitSocial;all;arwin
2017-08-16 05:01:20	worker	@whatsonANTV;2017-08-14 - 2017-08-14;submitSocial;all;arwin
2017-08-16 05:01:23	worker	@SCTV_;2017-08-14 - 2017-08-14;submitSocial;all;arwin
2017-08-16 05:01:26	worker	@KompasTV;2017-08-14 - 2017-08-14;submitSocial;all;arwin
2017-08-16 05:01:30	worker	@netmediatama;2017-08-14 - 2017-08-14;submitSocial;all;arwin
2017-08-16 05:01:34	worker	@Globaltvseru;2017-08-14 - 2017-08-14;submitSocial;all;arwin
2017-08-16 05:01:37	worker	@JaktvCom;2017-08-14 - 2017-08-14;submitSocial;all;arwin
2017-08-16 05:01:39	worker	@TVRINasional;2017-08-14 - 2017-08-14;submitSocial;all;arwin
2017-08-16 05:01:42	worker	@ochannelupdates;2017-08-14 - 2017-08-14;submitSocial;all;arwin
2017-08-16 05:01:45	worker	@IndosiarID;2017-08-14 - 2017-08-14;submitSocial;all;arwin
2017-08-16 05:01:48	worker	@kompascom;2017-08-14 - 2017-08-14;submitSocial;all;arwin
2017-08-16 05:01:53	worker	@merdekadotcom;2017-08-14 - 2017-08-14;submitSocial;all;arwin
2017-08-16 05:01:56	worker	@MIdotcom;2017-08-14 - 2017-08-14;submitSocial;all;arwin
2017-08-16 05:01:58	worker	@tempodotco;2017-08-14 - 2017-08-14;submitSocial;all;arwin
2017-08-16 05:02:02	worker	@motion975fm;2017-08-14 - 2017-08-14;submitSocial;all;arwin
2017-08-16 05:02:04	worker	@_radiotoday;2017-08-14 - 2017-08-14;submitSocial;all;arwin
2017-08-16 05:02:07	worker	@radioinfo;2017-08-14 - 2017-08-14;submitSocial;all;arwin
2017-08-16 05:02:10	worker	@979FeMaleRadio;2017-08-14 - 2017-08-14;submitSocial;all;arwin
2017-08-16 05:02:12	worker	@WomanRadio943FM;2017-08-14 - 2017-08-14;submitSocial;all;arwin
2017-08-16 05:02:15	worker	@VRadioFM;2017-08-14 - 2017-08-14;submitSocial;all;arwin
2017-08-16 05:02:18	worker	@UFM947;2017-08-14 - 2017-08-14;submitSocial;all;arwin
2017-08-16 05:02:20	worker	@VIVAnews;2017-08-14 - 2017-08-14;submitSocial;all;arwin
2017-08-16 05:02:23	worker	@antaranews;2017-08-14 - 2017-08-14;submitSocial;all;arwin
2017-08-16 05:02:26	worker	@tribunnews;2017-08-14 - 2017-08-14;submitSocial;all;arwin
2017-08-16 05:02:30	worker	@okezonenews;2017-08-14 - 2017-08-14;submitSocial;all;arwin
2017-08-16 05:02:33	worker	@Beritasatu;2017-08-14 - 2017-08-14;submitSocial;all;arwin
2017-08-16 05:02:36	worker	@rollingstoneina;2017-08-14 - 2017-08-14;submitSocial;all;arwin
2017-08-16 05:02:39	worker	@FIMELAdotcom;2017-08-14 - 2017-08-14;submitSocial;all;arwin
2017-08-16 05:02:41	worker	@KapanLagicom;2017-08-14 - 2017-08-14;submitSocial;all;arwin
2017-08-16 05:02:44	worker	@KompasEnt ;2017-08-14 - 2017-08-14;submitSocial;all;arwin
2017-08-16 05:02:47	worker	@HaiMagazine;2017-08-14 - 2017-08-14;submitSocial;all;arwin
2017-08-16 05:02:49	worker	@JakartaVenue;2017-08-14 - 2017-08-14;submitSocial;all;arwin
2017-08-16 05:02:52	worker	@SeputarEvent;2017-08-14 - 2017-08-14;submitSocial;all;arwin
2017-08-16 05:02:55	worker	@ismayaLive;2017-08-14 - 2017-08-14;submitSocial;all;arwin
2017-08-16 05:02:58	worker	@ECEntertainment;2017-08-14 - 2017-08-14;submitSocial;all;arwin
2017-08-16 05:03:00	worker	@synergism_En;2017-08-14 - 2017-08-14;submitSocial;all;arwin
2017-08-16 05:03:03	worker	@Urbanbandung;2017-08-14 - 2017-08-14;submitSocial;all;arwin
2017-08-16 05:03:06	worker	@Urbanrkm995;2017-08-14 - 2017-08-14;submitSocial;all;arwin
2017-08-16 05:03:08	worker	@Garuda_Promo;2017-08-14 - 2017-08-14;submitSocial;all;arwin
2017-08-16 05:03:10	worker	@AirAsiaID;2017-08-14 - 2017-08-14;submitSocial;all;arwin
2017-08-16 05:03:13	worker	@KAI121;2017-08-14 - 2017-08-14;submitSocial;all;arwin
2017-08-16 05:03:16	worker	@Unilever;2017-08-14 - 2017-08-14;submitSocial;all;arwin
2017-08-16 05:03:19	worker	@Nestle;2017-08-14 - 2017-08-14;submitSocial;all;arwin
2017-08-16 05:03:23	worker	@CocaCola;2017-08-14 - 2017-08-14;submitSocial;all;arwin
2017-08-16 05:03:26	worker	@CNN;2017-08-14 - 2017-08-14;submitSocial;all;arwin
2017-08-16 05:03:33	worker	@MTV;2017-08-14 - 2017-08-14;submitSocial;all;arwin
2017-08-16 05:03:38	worker	@channelv;2017-08-14 - 2017-08-14;submitSocial;all;arwin
2017-08-16 05:03:41	worker	@iTunesMusic;2017-08-14 - 2017-08-14;submitSocial;all;arwin
2017-08-16 05:03:44	worker	@mashable;2017-08-14 - 2017-08-14;submitSocial;all;arwin
2017-08-16 05:03:47	worker	@decacaz;2017-08-14 - 2017-08-14;submitSocial;all;arwin
2017-08-16 05:03:50	worker	@radiobaru967FM;2017-08-14 - 2017-08-14;submitSocial;all;arwin
2017-08-16 05:03:52	worker	@967HitzFM;2017-08-14 - 2017-08-14;submitSocial;all;arwin
2017-08-16 05:03:55	worker	@TVGuide;2017-08-14 - 2017-08-14;submitSocial;all;arwin
2017-08-16 05:03:58	worker	@XL123;2017-08-14 - 2017-08-14;submitSocial;all;arwin
2017-08-16 05:04:01	worker	@triindonesia;2017-08-14 - 2017-08-14;submitSocial;all;arwin
2017-08-16 05:04:04	worker	@kaskus;2017-08-14 - 2017-08-14;submitSocial;all;arwin
2017-08-16 05:04:07	worker	@Studio_XXI;2017-08-14 - 2017-08-14;submitSocial;all;arwin
2017-08-16 05:04:10	worker	@blitzmegaplex;2017-08-14 - 2017-08-14;submitSocial;all;arwin
2017-08-16 05:04:12	worker	@alfamartku;2017-08-14 - 2017-08-14;submitSocial;all;arwin
2017-08-16 05:04:15	worker	@Carrefour_ID;2017-08-14 - 2017-08-14;submitSocial;all;arwin
2017-08-16 05:04:18	worker	@BBCBreaking;2017-08-14 - 2017-08-14;submitSocial;all;arwin
2017-08-16 05:04:22	worker	@Forbes;2017-08-14 - 2017-08-14;submitSocial;all;arwin
2017-08-16 05:04:29	worker	@BensRadio;2017-08-14 - 2017-08-14;submitSocial;all;arwin
2017-08-16 05:04:32	worker	@instagram;2017-08-14 - 2017-08-14;submitSocial;all;arwin
2017-08-16 05:04:38	worker	@Pinterest;2017-08-14 - 2017-08-14;submitSocial;all;arwin
2017-08-16 05:04:41	worker	@google;2017-08-14 - 2017-08-14;submitSocial;all;arwin
2017-08-16 05:04:49	worker	@Pertaminalub;2017-08-14 - 2017-08-14;submitSocial;all;arwin
2017-08-16 05:04:52	worker	@InfoLalinTol;2017-08-14 - 2017-08-14;submitSocial;all;arwin
2017-08-16 05:04:54	worker	@PTJASAMARGA;2017-08-14 - 2017-08-14;submitSocial;all;arwin
2017-08-16 05:04:57	worker	@cititransindo;2017-08-14 - 2017-08-14;submitSocial;all;arwin
2017-08-16 05:04:59	worker	#semangatpagisuperr;2017-08-14 - 2017-08-14;submitSocial;all;arwin
2017-08-16 05:05:02	worker	#genkuisinsideout;2017-08-14 - 2017-08-14;submitSocial;all;arwin
2017-08-16 05:05:04	worker	#semangatpagi;2017-08-14 - 2017-08-14;submitSocial;all;arwin
2017-08-16 05:05:07	worker	#dikamar;2017-08-14 - 2017-08-14;submitSocial;all;arwin
2017-08-16 05:05:10	worker	#kopaja;2017-08-14 - 2017-08-14;submitSocial;all;arwin
2017-08-16 05:05:13	worker	#generaksi8;2017-08-14 - 2017-08-14;submitSocial;all;arwin
2017-08-16 05:05:15	worker	#hitztsp;2017-08-14 - 2017-08-14;submitSocial;all;arwin
2017-08-16 05:05:18	worker	#np;2017-08-14 - 2017-08-14;submitSocial;all;arwin
2017-08-16 05:05:22	worker	#hitzlivestage;2017-08-14 - 2017-08-14;submitSocial;all;arwin
2017-08-16 05:05:24	worker	#thefreaks;2017-08-14 - 2017-08-14;submitSocial;all;arwin
2017-08-16 05:05:27	worker	#hitzsirkuspagi;2017-08-14 - 2017-08-14;submitSocial;all;arwin
2017-08-16 05:05:29	worker	#hitzathlon;2017-08-14 - 2017-08-14;submitSocial;all;arwin
2017-08-16 05:05:32	worker	#hitzzombie;2017-08-14 - 2017-08-14;submitSocial;all;arwin
2017-08-16 05:05:34	worker	#hitzkalong;2017-08-14 - 2017-08-14;submitSocial;all;arwin
2017-08-16 05:05:37	worker	#hitzbebas;2017-08-14 - 2017-08-14;submitSocial;all;arwin
2017-08-16 05:05:39	worker	#hitzhorehara;2017-08-14 - 2017-08-14;submitSocial;all;arwin
2017-08-16 05:05:42	worker	@ZaloraID;2017-08-14 - 2017-08-14;submitSocial;all;arwin
2017-08-16 05:05:45	worker	@OLX_Indonesia;2017-08-14 - 2017-08-14;submitSocial;all;arwin
2017-08-16 05:05:48	worker	@LazadaID;2017-08-14 - 2017-08-14;submitSocial;all;arwin
2017-08-16 05:05:51	worker	@utrippers;2017-08-14 - 2017-08-14;submitSocial;all;arwin
2017-08-16 05:05:53	worker	@GoGobot;2017-08-14 - 2017-08-14;submitSocial;all;arwin
2017-08-16 05:05:56	worker	@viatortravel;2017-08-14 - 2017-08-14;submitSocial;all;arwin
2017-08-16 05:05:59	worker	@alandakariza;2017-08-14 - 2017-08-14;submitSocial;all;arwin
2017-08-16 05:06:01	worker	@gagasmedia;2017-08-14 - 2017-08-14;submitSocial;all;arwin
2017-08-16 05:06:04	worker	@welovehonda;2017-08-14 - 2017-08-14;submitSocial;all;arwin
2017-08-16 05:06:07	worker	@SuzukiMotorID;2017-08-14 - 2017-08-14;submitSocial;all;arwin
2017-08-16 05:06:10	worker	@kawasakilovers;2017-08-14 - 2017-08-14;submitSocial;all;arwin
2017-08-16 05:06:12	worker	@yamahaindonesia;2017-08-14 - 2017-08-14;submitSocial;all;arwin
2017-08-16 05:06:15	worker	@tripanzee;2017-08-14 - 2017-08-14;submitSocial;all;arwin
2017-08-16 05:06:18	worker	@arnoldpoernomo;2017-08-14 - 2017-08-14;submitSocial;all;arwin
2017-08-16 05:06:20	worker	@nicsap;2017-08-14 - 2017-08-14;submitSocial;all;arwin
2017-08-16 05:06:23	worker	@tiket2;2017-08-14 - 2017-08-14;submitSocial;all;arwin
2017-08-16 05:06:25	worker	@traveloka;2017-08-14 - 2017-08-14;submitSocial;all;arwin
2017-08-16 05:06:28	worker	@wego;2017-08-14 - 2017-08-14;submitSocial;all;arwin
2017-08-16 05:06:32	worker	@agoda;2017-08-14 - 2017-08-14;submitSocial;all;arwin
2017-08-16 05:06:36	worker	#salahsambung;2017-08-14 - 2017-08-14;submitSocial;all;arwin
2017-08-16 05:06:38	worker	#tulalit;2017-08-14 - 2017-08-14;submitSocial;all;arwin
2017-08-16 05:06:41	worker	#pestageneraksi8;2017-08-14 - 2017-08-14;submitSocial;all;arwin
2017-08-16 05:06:43	worker	#ganaskustik;2017-08-14 - 2017-08-14;submitSocial;all;arwin
2017-08-16 05:06:46	worker	#lnhot20;2017-08-14 - 2017-08-14;submitSocial;all;arwin
2017-08-16 05:06:48	worker	@TripAdvisor;2017-08-14 - 2017-08-14;submitSocial;all;arwin
2017-08-16 05:06:51	worker	@google;2017-08-14 - 2017-08-14;submitSocial;all;arwin
2017-08-16 05:06:59	worker	@Telkomsel;2017-08-14 - 2017-08-14;submitSocial;all;arwin
2017-08-16 05:07:02	worker	@indosat;2017-08-14 - 2017-08-14;submitSocial;all;arwin
2017-08-16 05:07:05	worker	@bahanafmjkt;2017-08-14 - 2017-08-14;submitSocial;all;2017-08-16 05:07:11	worker	@sonorafm92;2017-08-14 - 2017-08-14;submitSocial;all;arwin
2017-08-16 05:07:13	worker	@litefm1058;2017-08-14 - 2017-08-14;submitSocial;all;arwin
2017-08-16 05:07:15	worker	@Bravaradio;2017-08-14 - 2017-08-14;submitSocial;all;arwin
2017-08-16 05:07:18	worker	#dgitm;2017-08-14 - 2017-08-14;submitSocial;all;arwin
2017-08-16 05:07:21	worker	#hitsalaprambors;2017-08-14 - 2017-08-14;submitSocial;all;arwin
2017-08-16 05:07:24	worker	#reqprambors;2017-08-14 - 2017-08-14;submitSocial;all;arwin
2017-08-16 05:07:26	worker	#thedandees;2017-08-14 - 2017-08-14;submitSocial;all;arwin
2017-08-16 05:07:29	worker	#pramborsquiz;2017-08-14 - 2017-08-14;submitSocial;all;arwin
2017-08-16 05:07:31	worker	#jeliprambors;2017-08-14 - 2017-08-14;submitSocial;all;arwin
2017-08-16 05:07:34	worker	#jodohinprambors;2017-08-14 - 2017-08-14;submitSocial;all;arwin
2017-08-16 05:07:36	worker	#ubahdenganbicara;2017-08-14 - 2017-08-14;submitSocial;all;arwin
2017-08-16 05:07:39	worker	#pramborschat;2017-08-14 - 2017-08-14;submitSocial;all;arwin
2017-08-16 05:07:41	worker	#tweetforduit;2017-08-14 - 2017-08-14;submitSocial;all;arwin
2017-08-16 05:07:44	worker	#joki3in1;2017-08-14 - 2017-08-14;submitSocial;all;arwin
2017-08-16 05:07:46	worker	#sarapanseru;2017-08-14 - 2017-08-14;submitSocial;all;arwin
2017-08-16 05:07:48	worker	#rawonkaneloop;2017-08-14 - 2017-08-14;submitSocial;all;arwin
2017-08-16 05:07:51	worker	#gudegkendilkeraton;2017-08-14 - 2017-08-14;submitSocial;all;arwin
2017-08-16 05:07:53	worker	#gadogadobutika;2017-08-14 - 2017-08-14;submitSocial;all;arwin
2017-08-16 05:07:56	worker	#mtvhottest;2017-08-14 - 2017-08-14;submitSocial;all;arwin
2017-08-16 05:07:58	worker	#dimsumcjdw;2017-08-14 - 2017-08-14;submitSocial;all;arwin
2017-08-16 05:08:01	worker	#pecelmadiunmbakniek;2017-08-14 - 2017-08-14;submitSocial;all;arwin
2017-08-16 05:08:03	worker	#depotarema;2017-08-14 - 2017-08-14;submitSocial;all;arwin
2017-08-16 05:08:06	worker	@BNI46;2017-08-14 - 2017-08-14;submitSocial;all;arwin
2017-08-16 05:08:09	worker	@BANKBRI_ID;2017-08-14 - 2017-08-14;submitSocial;all;arwin
2017-08-16 05:08:12	worker	#bni46;2017-08-14 - 2017-08-14;submitSocial;all;arwin
2017-08-16 05:08:14	worker	macet;2017-08-14 - 2017-08-14;submitSocial;all;arwin
2017-08-16 05:08:19	worker	#selamatpagi;2017-08-14 - 2017-08-14;submitSocial;all;arwin
2017-08-16 05:08:21	worker	#selamatmalam;2017-08-14 - 2017-08-14;submitSocial;all;arwin
2017-08-16 05:08:24	worker	@884GlobalRadio;2017-08-14 - 2017-08-14;submitSocial;all;arwin
2017-08-16 05:08:26	worker	@day_trans;2017-08-14 - 2017-08-14;submitSocial;all;arwin
2017-08-16 05:08:29	worker	@kencanavoyage;2017-08-14 - 2017-08-14;submitSocial;all;arwin
2017-08-16 05:08:32	worker	@jukebox5d;2017-08-14 - 2017-08-14;submitSocial;all;arwin
2017-08-16 05:08:34	worker	#mtvhottest;2017-08-14 - 2017-08-14;submitSocial;all;arwin
2017-08-16 05:08:37	worker	#semangatpagi;2017-08-14 - 2017-08-14;submitSocial;all;arwin
2017-08-16 05:08:40	worker	lifebuoy;2017-08-14 - 2017-08-14;submitSocial;all;arwin
2017-08-16 05:08:42	worker	jokowi;2017-08-14 - 2017-08-14;submitSocial;all;arwin
2017-08-16 05:08:49	worker	obama;2017-08-14 - 2017-08-14;submitSocial;all;arwin
2017-08-16 05:08:59	worker	starwars;2017-08-14 - 2017-08-14;submitSocial;all;arwin
2017-08-16 05:09:02	worker	jonan;2017-08-14 - 2017-08-14;submitSocial;all;arwin
2017-08-16 05:09:07	worker	pagi;2017-08-14 - 2017-08-14;submitSocial;all;arwin
2017-08-16 05:09:15	worker	sampoerna;2017-08-14 - 2017-08-14;submitSocial;all;arwin
2017-08-16 05:09:18	worker	djarum;2017-08-14 - 2017-08-14;submitSocial;all;arwin
2017-08-16 05:09:21	worker	#semangatpagi;2017-08-14 - 2017-08-14;submitSocial;all;arwin
2017-08-16 05:09:24	worker	#generaksi8;2017-08-14 - 2017-08-14;submitSocial;all;arwin
2017-08-16 05:09:26	worker	#365alasan;2017-08-14 - 2017-08-14;submitSocial;all;arwin
2017-08-16 05:09:28	worker	weew;2017-08-14 - 2017-08-14;submitSocial;all;arwin
2017-08-16 05:09:32	worker	testing;2017-08-14 - 2017-08-14;submitSocial;all;arwin
2017-08-16 05:09:40	worker	#kopaja;2017-08-14 - 2017-08-14;submitSocial;all;arwin
2017-08-16 05:09:43	worker	#genkuisinsideout;2017-08-14 - 2017-08-14;submitSocial;all;arwin
2017-08-16 05:09:46	worker	starwars;2017-08-14 - 2017-08-14;submitSocial;all;arwin
2017-08-16 05:09:49	worker	#kopaja;2017-08-14 - 2017-08-14;submitSocial;all;arwin
2017-08-16 05:09:52	worker	mldspot;2017-08-14 - 2017-08-14;submitSocial;all;arwin
2017-08-16 05:09:54	worker	PBDjarum;2017-08-14 - 2017-08-14;submitSocial;all;arwin
2017-08-16 05:09:57	worker	TemanNabati;2017-08-14 - 2017-08-14;submitSocial;all;arwin
2017-08-16 05:10:00	worker	Nextar;2017-08-14 - 2017-08-14;submitSocial;all;arwin
2017-08-16 05:10:04	worker	jokowo;2017-08-14 - 2017-08-14;submitSocial;all;arwin
2017-08-16 05:10:08	worker	prabowo;2017-08-14 - 2017-08-14;submitSocial;all;arwin
2017-08-16 05:10:11	worker	sudirman said;2017-08-14 - 2017-08-14;submitSocial;all;arwin
2017-08-16 05:10:14	worker	ahok;2017-08-14 - 2017-08-14;submitSocial;all;arwin
2017-08-16 05:10:19	worker	setyanovanto;2017-08-14 - 2017-08-14;submitSocial;all;arwin
2017-08-16 05:10:22	worker	jokowi;2017-08-14 - 2017-08-14;submitSocial;all;arwin
2017-08-16 05:10:30	worker	ahok;2017-08-14 - 2017-08-14;submitSocial;all;arwin
2017-08-16 05:10:35	worker	prabowo;2017-08-14 - 2017-08-14;submitSocial;all;arwin
2017-08-16 05:10:38	worker	sudirman said;2017-08-14 - 2017-08-14;submitSocial;all;arwin
2017-08-16 05:10:41	worker	setyanovanto;2017-08-14 - 2017-08-14;submitSocial;all;arwin
2017-08-16 05:10:43	worker	galau;2017-08-14 - 2017-08-14;submitSocial;all;arwin
2017-08-16 05:10:48	worker	#prestasiindonesia;2017-08-14 - 2017-08-14;submitSocial;all;arwin
2017-08-16 05:10:50	worker	@Tw_Debi;2017-08-14 - 2017-08-14;submitSocial;all;arwin
2017-08-16 05:10:53	worker	@OfficialFastron;2017-08-14 - 2017-08-14;submitSocial;all;arwin
2017-08-16 05:10:56	worker	@CitibankID;2017-08-14 - 2017-08-14;submitSocial;all;arwin
2017-08-16 05:10:58	worker	@jak101fm;2017-08-14 - 2017-08-14;submitSocial;all;arwin
2017-08-16 05:11:01	worker	@genfm;2017-08-14 - 2017-08-14;submitSocial;all;arwin
