2017-10-04 05:00:04	[{"keyword":"@987genfm","from":"2017-10-02","mode":"submitSocial","container":"all","username":"arwin"}]
2017-10-04 05:00:07	[{"keyword":"@101jakfm","from":"2017-10-02","mode":"submitSocial","container":"all","username":"arwin"}]
2017-10-04 05:00:11	[{"keyword":"@prambors","from":"2017-10-02","mode":"submitSocial","container":"all","username":"arwin"}]
2017-10-04 05:00:14	[{"keyword":"@hardrockfm","from":"2017-10-02","mode":"submitSocial","container":"all","username":"arwin"}]
2017-10-04 05:00:16	[{"keyword":"@kisfmjakarta","from":"2017-10-02","mode":"submitSocial","container":"all","username":"arwin"}]
2017-10-04 05:00:19	[{"keyword":"@delta_fm","from":"2017-10-02","mode":"submitSocial","container":"all","username":"arwin"}]
2017-10-04 05:00:22	[{"keyword":"@traxfmjkt","from":"2017-10-02","mode":"submitSocial","container":"all","username":"arwin"}]
2017-10-04 05:00:24	[{"keyword":"@iradiojakarta","from":"2017-10-02","mode":"submitSocial","container":"all","username":"arwin"}]
2017-10-04 05:00:27	[{"keyword":"@indika9160fm","from":"2017-10-02","mode":"submitSocial","container":"all","username":"arwin"}]
2017-10-04 05:00:29	[{"keyword":"@shellindonesia","from":"2017-10-02","mode":"submitSocial","container":"all","username":"arwin"}]
2017-10-04 05:00:31	[{"keyword":"@vpowerfans","from":"2017-10-02","mode":"submitSocial","container":"all","username":"arwin"}]
2017-10-04 05:00:34	[{"keyword":"@pertamaxind","from":"2017-10-02","mode":"submitSocial","container":"all","username":"arwin"}]
2017-10-04 05:00:36	[{"keyword":"@ptpertamina","from":"2017-10-02","mode":"submitSocial","container":"all","username":"arwin"}]
2017-10-04 05:00:39	[{"keyword":"@ozradiojakarta","from":"2017-10-02","mode":"submitSocial","container":"all","username":"arwin"}]
2017-10-04 05:00:41	[{"keyword":"@cosmopolitanfm","from":"2017-10-02","mode":"submitSocial","container":"all","username":"arwin"}]
2017-10-04 05:00:43	[{"keyword":"@mustang88fm","from":"2017-10-02","mode":"submitSocial","container":"all","username":"arwin"}]
2017-10-04 05:00:45	[{"keyword":"@debabaz","from":"2017-10-02","mode":"submitSocial","container":"all","username":"arwin"}]
2017-10-04 05:00:49	[{"keyword":"@detikcom","from":"2017-10-02","mode":"submitSocial","container":"all","username":"arwin"}]
2017-10-04 05:00:52	[{"keyword":"@radioelshinta","from":"2017-10-02","mode":"submitSocial","container":"all","username":"arwin"}]
2017-10-04 05:00:55	[{"keyword":"@cinema21","from":"2017-10-02","mode":"submitSocial","container":"all","username":"arwin"}]
2017-10-04 05:00:57	[{"keyword":"@officialrcti","from":"2017-10-02","mode":"submitSocial","container":"all","username":"arwin"}]
2017-10-04 05:01:00	[{"keyword":"@transtv_corp","from":"2017-10-02","mode":"submitSocial","container":"all","username":"arwin"}]
2017-10-04 05:01:03	[{"keyword":"@trans7","from":"2017-10-02","mode":"submitSocial","container":"all","username":"arwin"}]
2017-10-04 05:01:06	[{"keyword":"@metro_tv","from":"2017-10-02","mode":"submitSocial","container":"all","username":"arwin"}]
2017-10-04 05:01:09	[{"keyword":"@tvonenews","from":"2017-10-02","mode":"submitSocial","container":"all","username":"arwin"}]
2017-10-04 05:01:11	[{"keyword":"@whatsonantv","from":"2017-10-02","mode":"submitSocial","container":"all","username":"arwin"}]
2017-10-04 05:01:14	[{"keyword":"@sctv_","from":"2017-10-02","mode":"submitSocial","container":"all","username":"arwin"}]
2017-10-04 05:01:17	[{"keyword":"@kompastv","from":"2017-10-02","mode":"submitSocial","container":"all","username":"arwin"}]
2017-10-04 05:01:20	[{"keyword":"@netmediatama","from":"2017-10-02","mode":"submitSocial","container":"all","username":"arwin"}]
2017-10-04 05:01:23	[{"keyword":"@globaltvseru","from":"2017-10-02","mode":"submitSocial","container":"all","username":"arwin"}]
2017-10-04 05:01:26	[{"keyword":"@jaktvcom","from":"2017-10-02","mode":"submitSocial","container":"all","username":"arwin"}]
2017-10-04 05:01:28	[{"keyword":"@tvrinasional","from":"2017-10-02","mode":"submitSocial","container":"all","username":"arwin"}]
2017-10-04 05:01:30	[{"keyword":"@ochannelupdates","from":"2017-10-02","mode":"submitSocial","container":"all","username":"arwin"}]
2017-10-04 05:01:33	[{"keyword":"@indosiarid","from":"2017-10-02","mode":"submitSocial","container":"all","username":"arwin"}]
2017-10-04 05:01:36	[{"keyword":"@kompascom","from":"2017-10-02","mode":"submitSocial","container":"all","username":"arwin"}]
2017-10-04 05:01:38	[{"keyword":"@merdekadotcom","from":"2017-10-02","mode":"submitSocial","container":"all","username":"arwin"}]
2017-10-04 05:01:41	[{"keyword":"@midotcom","from":"2017-10-02","mode":"submitSocial","container":"all","username":"arwin"}]
2017-10-04 05:01:44	[{"keyword":"@tempodotco","from":"2017-10-02","mode":"submitSocial","container":"all","username":"arwin"}]
2017-10-04 05:01:46	[{"keyword":"@motion975fm","from":"2017-10-02","mode":"submitSocial","container":"all","username":"arwin"}]
2017-10-04 05:01:48	[{"keyword":"@_radiotoday","from":"2017-10-02","mode":"submitSocial","container":"all","username":"arwin"}]
2017-10-04 05:01:51	[{"keyword":"@radioinfo","from":"2017-10-02","mode":"submitSocial","container":"all","username":"arwin"}]
2017-10-04 05:01:53	[{"keyword":"@979femaleradio","from":"2017-10-02","mode":"submitSocial","container":"all","username":"arwin"}]
2017-10-04 05:01:55	[{"keyword":"@womanradio943fm","from":"2017-10-02","mode":"submitSocial","container":"all","username":"arwin"}]
2017-10-04 05:01:58	[{"keyword":"@vradiofm","from":"2017-10-02","mode":"submitSocial","container":"all","username":"arwin"}]
2017-10-04 05:02:00	[{"keyword":"@ufm947","from":"2017-10-02","mode":"submitSocial","container":"all","username":"arwin"}]
2017-10-04 05:02:02	[{"keyword":"@vivanews","from":"2017-10-02","mode":"submitSocial","container":"all","username":"arwin"}]
2017-10-04 05:02:05	[{"keyword":"@antaranews","from":"2017-10-02","mode":"submitSocial","container":"all","username":"arwin"}]
2017-10-04 05:02:07	[{"keyword":"@tribunnews","from":"2017-10-02","mode":"submitSocial","container":"all","username":"arwin"}]
2017-10-04 05:02:10	[{"keyword":"@okezonenews","from":"2017-10-02","mode":"submitSocial","container":"all","username":"arwin"}]
2017-10-04 05:02:13	[{"keyword":"@beritasatu","from":"2017-10-02","mode":"submitSocial","container":"all","username":"arwin"}]
2017-10-04 05:02:15	[{"keyword":"@rollingstoneina","from":"2017-10-02","mode":"submitSocial","container":"all","username":"arwin"}]
2017-10-04 05:02:17	[{"keyword":"@fimeladotcom","from":"2017-10-02","mode":"submitSocial","container":"all","username":"arwin"}]
2017-10-04 05:02:19	[{"keyword":"@kapanlagicom","from":"2017-10-02","mode":"submitSocial","container":"all","username":"arwin"}]
2017-10-04 05:02:22	[{"keyword":"@kompasent","from":"2017-10-02","mode":"submitSocial","container":"all","username":"arwin"}]
2017-10-04 05:02:24	[{"keyword":"@haimagazine","from":"2017-10-02","mode":"submitSocial","container":"all","username":"arwin"}]
2017-10-04 05:02:27	[{"keyword":"@jakartavenue","from":"2017-10-02","mode":"submitSocial","container":"all","username":"arwin"}]
2017-10-04 05:02:29	[{"keyword":"@seputarevent","from":"2017-10-02","mode":"submitSocial","container":"all","username":"arwin"}]
2017-10-04 05:02:31	[{"keyword":"@ismayalive","from":"2017-10-02","mode":"submitSocial","container":"all","username":"arwin"}]
2017-10-04 05:02:34	[{"keyword":"@ecentertainment","from":"2017-10-02","mode":"submitSocial","container":"all","username":"arwin"}]
2017-10-04 05:02:36	[{"keyword":"@synergism_en","from":"2017-10-02","mode":"submitSocial","container":"all","username":"arwin"}]
2017-10-04 05:02:38	[{"keyword":"@urbanbandung","from":"2017-10-02","mode":"submitSocial","container":"all","username":"arwin"}]
2017-10-04 05:02:40	[{"keyword":"@urbanrkm995","from":"2017-10-02","mode":"submitSocial","container":"all","username":"arwin"}]
2017-10-04 05:02:42	[{"keyword":"@garuda_promo","from":"2017-10-02","mode":"submitSocial","container":"all","username":"arwin"}]
2017-10-04 05:02:44	[{"keyword":"@airasiaid","from":"2017-10-02","mode":"submitSocial","container":"all","username":"arwin"}]
2017-10-04 05:02:47	[{"keyword":"@kai121","from":"2017-10-02","mode":"submitSocial","container":"all","username":"arwin"}]
2017-10-04 05:02:50	[{"keyword":"@unilever","from":"2017-10-02","mode":"submitSocial","container":"all","username":"arwin"}]
2017-10-04 05:02:54	[{"keyword":"@nestle","from":"2017-10-02","mode":"submitSocial","container":"all","username":"arwin"}]
2017-10-04 05:02:58	[{"keyword":"@cocacola","from":"2017-10-02","mode":"submitSocial","container":"all","username":"arwin"}]
2017-10-04 05:03:06	[{"keyword":"@cnn","from":"2017-10-02","mode":"submitSocial","container":"all","username":"arwin"}]
2017-10-04 05:03:11	[{"keyword":"@mtv","from":"2017-10-02","mode":"submitSocial","container":"all","username":"arwin"}]
2017-10-04 05:03:13	[{"keyword":"@channelv","from":"2017-10-02","mode":"submitSocial","container":"all","username":"arwin"}]
2017-10-04 05:03:16	[{"keyword":"@itunesmusic","from":"2017-10-02","mode":"submitSocial","container":"all","username":"arwin"}]
2017-10-04 05:03:20	[{"keyword":"@mashable","from":"2017-10-02","mode":"submitSocial","container":"all","username":"arwin"}]
2017-10-04 05:03:22	[{"keyword":"@decacaz","from":"2017-10-02","mode":"submitSocial","container":"all","username":"arwin"}]
2017-10-04 05:03:24	[{"keyword":"@radiobaru967fm","from":"2017-10-02","mode":"submitSocial","container":"all","username":"arwin"}]
2017-10-04 05:03:26	[{"keyword":"@967hitzfm","from":"2017-10-02","mode":"submitSocial","container":"all","username":"arwin"}]
2017-10-04 05:03:29	[{"keyword":"@tvguide","from":"2017-10-02","mode":"submitSocial","container":"all","username":"arwin"}]
2017-10-04 05:03:31	[{"keyword":"@xl123","from":"2017-10-02","mode":"submitSocial","container":"all","username":"arwin"}]
2017-10-04 05:03:34	[{"keyword":"@triindonesia","from":"2017-10-02","mode":"submitSocial","container":"all","username":"arwin"}]
2017-10-04 05:03:37	[{"keyword":"@kaskus","from":"2017-10-02","mode":"submitSocial","container":"all","username":"arwin"}]
2017-10-04 05:03:39	[{"keyword":"@studio_xxi","from":"2017-10-02","mode":"submitSocial","container":"all","username":"arwin"}]
2017-10-04 05:03:41	[{"keyword":"@blitzmegaplex","from":"2017-10-02","mode":"submitSocial","container":"all","username":"arwin"}]
2017-10-04 05:03:43	[{"keyword":"@alfamartku","from":"2017-10-02","mode":"submitSocial","container":"all","username":"arwin"}]
2017-10-04 05:03:46	[{"keyword":"@carrefour_id","from":"2017-10-02","mode":"submitSocial","container":"all","username":"arwin"}]
2017-10-04 05:03:50	[{"keyword":"@bbcbreaking","from":"2017-10-02","mode":"submitSocial","container":"all","username":"arwin"}]
2017-10-04 05:03:57	[{"keyword":"@forbes","from":"2017-10-02","mode":"submitSocial","container":"all","username":"arwin"}]
2017-10-04 05:03:59	[{"keyword":"@bensradio","from":"2017-10-02","mode":"submitSocial","container":"all","username":"arwin"}]
2017-10-04 05:04:05	[{"keyword":"@instagram","from":"2017-10-02","mode":"submitSocial","container":"all","username":"arwin"}]
2017-10-04 05:04:08	[{"keyword":"@pinterest","from":"2017-10-02","mode":"submitSocial","container":"all","username":"arwin"}]
2017-10-04 05:04:14	[{"keyword":"@google","from":"2017-10-02","mode":"submitSocial","container":"all","username":"arwin"}]
2017-10-04 05:04:16	[{"keyword":"@pertaminalub","from":"2017-10-02","mode":"submitSocial","container":"all","username":"arwin"}]
2017-10-04 05:04:18	[{"keyword":"@infolalintol","from":"2017-10-02","mode":"submitSocial","container":"all","username":"arwin"}]
2017-10-04 05:04:21	[{"keyword":"@ptjasamarga","from":"2017-10-02","mode":"submitSocial","container":"all","username":"arwin"}]
2017-10-04 05:04:23	[{"keyword":"@cititransindo","from":"2017-10-02","mode":"submitSocial","container":"all","username":"arwin"}]
2017-10-04 05:04:25	[{"keyword":"#semangatpagisuperr","from":"2017-10-02","mode":"submitSocial","container":"all","username":"arwin"}]
2017-10-04 05:04:27	[{"keyword":"#genkuisinsideout","from":"2017-10-02","mode":"submitSocial","container":"all","username":"arwin"}]
2017-10-04 05:04:30	[{"keyword":"#semangatpagi","from":"2017-10-02","mode":"submitSocial","container":"all","username":"arwin"}]
2017-10-04 05:04:32	[{"keyword":"#dikamar","from":"2017-10-02","mode":"submitSocial","container":"all","username":"arwin"}]
2017-10-04 05:04:35	[{"keyword":"#kopaja","from":"2017-10-02","mode":"submitSocial","container":"all","username":"arwin"}]
2017-10-04 05:04:36	[{"keyword":"#generaksi8","from":"2017-10-02","mode":"submitSocial","container":"all","username":"arwin"}]
2017-10-04 05:04:39	[{"keyword":"#hitztsp","from":"2017-10-02","mode":"submitSocial","container":"all","username":"arwin"}]
2017-10-04 05:04:42	[{"keyword":"#np","from":"2017-10-02","mode":"submitSocial","container":"all","username":"arwin"}]
2017-10-04 05:04:44	[{"keyword":"#hitzlivestage","from":"2017-10-02","mode":"submitSocial","container":"all","username":"arwin"}]
2017-10-04 05:04:47	[{"keyword":"#thefreaks","from":"2017-10-02","mode":"submitSocial","container":"all","username":"arwin"}]
2017-10-04 05:04:49	[{"keyword":"#hitzsirkuspagi","from":"2017-10-02","mode":"submitSocial","container":"all","username":"arwin"}]
2017-10-04 05:04:51	[{"keyword":"#hitzathlon","from":"2017-10-02","mode":"submitSocial","container":"all","username":"arwin"}]
2017-10-04 05:04:54	[{"keyword":"#hitzzombie","from":"2017-10-02","mode":"submitSocial","container":"all","username":"arwin"}]
2017-10-04 05:04:56	[{"keyword":"#hitzkalong","from":"2017-10-02","mode":"submitSocial","container":"all","username":"arwin"}]
2017-10-04 05:04:58	[{"keyword":"#hitzbebas","from":"2017-10-02","mode":"submitSocial","container":"all","username":"arwin"}]
2017-10-04 05:05:01	[{"keyword":"#hitzhorehara","from":"2017-10-02","mode":"submitSocial","container":"all","username":"arwin"}]
2017-10-04 05:05:04	[{"keyword":"@zaloraid","from":"2017-10-02","mode":"submitSocial","container":"all","username":"arwin"}]
2017-10-04 05:05:07	[{"keyword":"@olx_indonesia","from":"2017-10-02","mode":"submitSocial","container":"all","username":"arwin"}]
2017-10-04 05:05:11	[{"keyword":"@lazadaid","from":"2017-10-02","mode":"submitSocial","container":"all","username":"arwin"}]
2017-10-04 05:05:14	[{"keyword":"@utrippers","from":"2017-10-02","mode":"submitSocial","container":"all","username":"arwin"}]
2017-10-04 05:05:16	[{"keyword":"@gogobot","from":"2017-10-02","mode":"submitSocial","container":"all","username":"arwin"}]
2017-10-04 05:05:19	[{"keyword":"@viatortravel","from":"2017-10-02","mode":"submitSocial","container":"all","username":"arwin"}]
2017-10-04 05:05:21	[{"keyword":"@alandakariza","from":"2017-10-02","mode":"submitSocial","container":"all","username":"arwin"}]
2017-10-04 05:05:24	[{"keyword":"@gagasmedia","from":"2017-10-02","mode":"submitSocial","container":"all","username":"arwin"}]
2017-10-04 05:05:26	[{"keyword":"@welovehonda","from":"2017-10-02","mode":"submitSocial","container":"all","username":"arwin"}]
2017-10-04 05:05:28	[{"keyword":"@suzukimotorid","from":"2017-10-02","mode":"submitSocial","container":"all","username":"arwin"}]
2017-10-04 05:05:31	[{"keyword":"@kawasakilovers","from":"2017-10-02","mode":"submitSocial","container":"all","username":"arwin"}]
2017-10-04 05:05:33	[{"keyword":"@yamahaindonesia","from":"2017-10-02","mode":"submitSocial","container":"all","username":"arwin"}]
2017-10-04 05:05:35	[{"keyword":"@tripanzee","from":"2017-10-02","mode":"submitSocial","container":"all","username":"arwin"}]
2017-10-04 05:05:37	[{"keyword":"@arnoldpoernomo","from":"2017-10-02","mode":"submitSocial","container":"all","username":"arwin"}]
2017-10-04 05:05:40	[{"keyword":"@nicsap","from":"2017-10-02","mode":"submitSocial","container":"all","username":"arwin"}]
2017-10-04 05:05:42	[{"keyword":"@tiket2","from":"2017-10-02","mode":"submitSocial","container":"all","username":"arwin"}]
2017-10-04 05:05:45	[{"keyword":"@traveloka","from":"2017-10-02","mode":"submitSocial","container":"all","username":"arwin"}]
2017-10-04 05:05:48	[{"keyword":"@wego","from":"2017-10-02","mode":"submitSocial","container":"all","username":"arwin"}]
2017-10-04 05:05:51	[{"keyword":"@agoda","from":"2017-10-02","mode":"submitSocial","container":"all","username":"arwin"}]
2017-10-04 05:05:53	[{"keyword":"#salahsambung","from":"2017-10-02","mode":"submitSocial","container":"all","username":"arwin"}]
2017-10-04 05:05:55	[{"keyword":"#tulalit","from":"2017-10-02","mode":"submitSocial","container":"all","username":"arwin"}]
2017-10-04 05:05:57	[{"keyword":"#pestageneraksi8","from":"2017-10-02","mode":"submitSocial","container":"all","username":"arwin"}]
2017-10-04 05:05:59	[{"keyword":"#ganaskustik","from":"2017-10-02","mode":"submitSocial","container":"all","username":"arwin"}]
2017-10-04 05:06:02	[{"keyword":"#lnhot20","from":"2017-10-02","mode":"submitSocial","container":"all","username":"arwin"}]
2017-10-04 05:06:04	[{"keyword":"@tripadvisor","from":"2017-10-02","mode":"submitSocial","container":"all","username":"arwin"}]
2017-10-04 05:06:10	[{"keyword":"@google","from":"2017-10-02","mode":"submitSocial","container":"all","username":"arwin"}]
2017-10-04 05:06:14	[{"keyword":"@telkomsel","from":"2017-10-02","mode":"submitSocial","container":"all","username":"arwin"}]
2017-10-04 05:06:16	[{"keyword":"@indosat","from":"2017-10-02","mode":"submitSocial","container":"all","username":"arwin"}]
2017-10-04 05:06:20	[{"keyword":"@bahanafmjkt","from":"2017-10-02","mode":"submitSocial","container":"all","username":""}]
2017-10-04 05:06:24	[{"keyword":"@sonorafm92","from":"2017-10-02","mode":"submitSocial","container":"all","username":"arwin"}]
2017-10-04 05:06:26	[{"keyword":"@litefm1058","from":"2017-10-02","mode":"submitSocial","container":"all","username":"arwin"}]
2017-10-04 05:06:28	[{"keyword":"@bravaradio","from":"2017-10-02","mode":"submitSocial","container":"all","username":"arwin"}]
2017-10-04 05:06:31	[{"keyword":"#dgitm","from":"2017-10-02","mode":"submitSocial","container":"all","username":"arwin"}]
2017-10-04 05:06:33	[{"keyword":"#hitsalaprambors","from":"2017-10-02","mode":"submitSocial","container":"all","username":"arwin"}]
2017-10-04 05:06:36	[{"keyword":"#reqprambors","from":"2017-10-02","mode":"submitSocial","container":"all","username":"arwin"}]
2017-10-04 05:06:38	[{"keyword":"#thedandees","from":"2017-10-02","mode":"submitSocial","container":"all","username":"arwin"}]
2017-10-04 05:06:40	[{"keyword":"#pramborsquiz","from":"2017-10-02","mode":"submitSocial","container":"all","username":"arwin"}]
2017-10-04 05:06:42	[{"keyword":"#jeliprambors","from":"2017-10-02","mode":"submitSocial","container":"all","username":"arwin"}]
2017-10-04 05:06:44	[{"keyword":"#jodohinprambors","from":"2017-10-02","mode":"submitSocial","container":"all","username":"arwin"}]
2017-10-04 05:06:46	[{"keyword":"#ubahdenganbicara","from":"2017-10-02","mode":"submitSocial","container":"all","username":"arwin"}]
2017-10-04 05:06:49	[{"keyword":"#pramborschat","from":"2017-10-02","mode":"submitSocial","container":"all","username":"arwin"}]
2017-10-04 05:06:51	[{"keyword":"#tweetforduit","from":"2017-10-02","mode":"submitSocial","container":"all","username":"arwin"}]
2017-10-04 05:06:53	[{"keyword":"#joki3in1","from":"2017-10-02","mode":"submitSocial","container":"all","username":"arwin"}]
2017-10-04 05:06:55	[{"keyword":"#sarapanseru","from":"2017-10-02","mode":"submitSocial","container":"all","username":"arwin"}]
2017-10-04 05:06:58	[{"keyword":"#rawonkaneloop","from":"2017-10-02","mode":"submitSocial","container":"all","username":"arwin"}]
2017-10-04 05:07:00	[{"keyword":"#gudegkendilkeraton","from":"2017-10-02","mode":"submitSocial","container":"all","username":"arwin"}]
2017-10-04 05:07:03	[{"keyword":"#gadogadobutika","from":"2017-10-02","mode":"submitSocial","container":"all","username":"arwin"}]
2017-10-04 05:07:06	[{"keyword":"#mtvhottest","from":"2017-10-02","mode":"submitSocial","container":"all","username":"arwin"}]
2017-10-04 05:07:08	[{"keyword":"#dimsumcjdw","from":"2017-10-02","mode":"submitSocial","container":"all","username":"arwin"}]
2017-10-04 05:07:10	[{"keyword":"#pecelmadiunmbakniek","from":"2017-10-02","mode":"submitSocial","container":"all","username":"arwin"}]
2017-10-04 05:07:12	[{"keyword":"#depotarema","from":"2017-10-02","mode":"submitSocial","container":"all","username":"arwin"}]
2017-10-04 05:07:15	[{"keyword":"@bni46","from":"2017-10-02","mode":"submitSocial","container":"all","username":"arwin"}]
2017-10-04 05:07:17	[{"keyword":"@bankbri_id","from":"2017-10-02","mode":"submitSocial","container":"all","username":"arwin"}]
2017-10-04 05:07:19	[{"keyword":"#bni46","from":"2017-10-02","mode":"submitSocial","container":"all","username":"arwin"}]
2017-10-04 05:07:24	[{"keyword":"macet","from":"2017-10-02","mode":"submitSocial","container":"all","username":"arwin"}]
2017-10-04 05:07:26	[{"keyword":"#selamatpagi","from":"2017-10-02","mode":"submitSocial","container":"all","username":"arwin"}]
2017-10-04 05:07:28	[{"keyword":"#selamatmalam","from":"2017-10-02","mode":"submitSocial","container":"all","username":"arwin"}]
2017-10-04 05:07:30	[{"keyword":"@884globalradio","from":"2017-10-02","mode":"submitSocial","container":"all","username":"arwin"}]
2017-10-04 05:07:33	[{"keyword":"@day_trans","from":"2017-10-02","mode":"submitSocial","container":"all","username":"arwin"}]
2017-10-04 05:07:35	[{"keyword":"@kencanavoyage","from":"2017-10-02","mode":"submitSocial","container":"all","username":"arwin"}]
2017-10-04 05:07:37	[{"keyword":"@jukebox5d","from":"2017-10-02","mode":"submitSocial","container":"all","username":"arwin"}]
2017-10-04 05:07:40	[{"keyword":"#mtvhottest","from":"2017-10-02","mode":"submitSocial","container":"all","username":"arwin"}]
2017-10-04 05:07:42	[{"keyword":"#semangatpagi","from":"2017-10-02","mode":"submitSocial","container":"all","username":"arwin"}]
2017-10-04 05:07:44	[{"keyword":"lifebuoy","from":"2017-10-02","mode":"submitSocial","container":"all","username":"arwin"}]
2017-10-04 05:07:51	[{"keyword":"jokowi","from":"2017-10-02","mode":"submitSocial","container":"all","username":"arwin"}]
2017-10-04 05:08:00	[{"keyword":"obama","from":"2017-10-02","mode":"submitSocial","container":"all","username":"arwin"}]
2017-10-04 05:08:04	[{"keyword":"starwars","from":"2017-10-02","mode":"submitSocial","container":"all","username":"arwin"}]
2017-10-04 05:08:07	[{"keyword":"jonan","from":"2017-10-02","mode":"submitSocial","container":"all","username":"arwin"}]
2017-10-04 05:08:15	[{"keyword":"pagi","from":"2017-10-02","mode":"submitSocial","container":"all","username":"arwin"}]
2017-10-04 05:08:18	[{"keyword":"sampoerna","from":"2017-10-02","mode":"submitSocial","container":"all","username":"arwin"}]
2017-10-04 05:08:21	[{"keyword":"djarum","from":"2017-10-02","mode":"submitSocial","container":"all","username":"arwin"}]
2017-10-04 05:08:24	[{"keyword":"#semangatpagi","from":"2017-10-02","mode":"submitSocial","container":"all","username":"arwin"}]
2017-10-04 05:08:26	[{"keyword":"#generaksi8","from":"2017-10-02","mode":"submitSocial","container":"all","username":"arwin"}]
2017-10-04 05:08:28	[{"keyword":"#365alasan","from":"2017-10-02","mode":"submitSocial","container":"all","username":"arwin"}]
2017-10-04 05:08:31	[{"keyword":"weew","from":"2017-10-02","mode":"submitSocial","container":"all","username":"arwin"}]
2017-10-04 05:08:39	[{"keyword":"testing","from":"2017-10-02","mode":"submitSocial","container":"all","username":"arwin"}]
2017-10-04 05:08:42	[{"keyword":"#kopaja","from":"2017-10-02","mode":"submitSocial","container":"all","username":"arwin"}]
2017-10-04 05:08:44	[{"keyword":"#genkuisinsideout","from":"2017-10-02","mode":"submitSocial","container":"all","username":"arwin"}]
2017-10-04 05:08:47	[{"keyword":"starwars","from":"2017-10-02","mode":"submitSocial","container":"all","username":"arwin"}]
2017-10-04 05:08:50	[{"keyword":"#kopaja","from":"2017-10-02","mode":"submitSocial","container":"all","username":"arwin"}]
2017-10-04 05:08:52	[{"keyword":"mldspot","from":"2017-10-02","mode":"submitSocial","container":"all","username":"arwin"}]
2017-10-04 05:08:55	[{"keyword":"pbdjarum","from":"2017-10-02","mode":"submitSocial","container":"all","username":"arwin"}]
2017-10-04 05:08:57	[{"keyword":"temannabati","from":"2017-10-02","mode":"submitSocial","container":"all","username":"arwin"}]
2017-10-04 05:09:00	[{"keyword":"nextar","from":"2017-10-02","mode":"submitSocial","container":"all","username":"arwin"}]
2017-10-04 05:09:04	[{"keyword":"jokowo","from":"2017-10-02","mode":"submitSocial","container":"all","username":"arwin"}]
2017-10-04 05:09:08	[{"keyword":"prabowo","from":"2017-10-02","mode":"submitSocial","container":"all","username":"arwin"}]
2017-10-04 05:09:11	[{"keyword":"sudirman said","from":"2017-10-02","mode":"submitSocial","container":"all","username":"arwin"}]
2017-10-04 05:09:15	[{"keyword":"ahok","from":"2017-10-02","mode":"submitSocial","container":"all","username":"arwin"}]
2017-10-04 05:09:18	[{"keyword":"setyanovanto","from":"2017-10-02","mode":"submitSocial","container":"all","username":"arwin"}]
2017-10-04 05:09:25	[{"keyword":"jokowi","from":"2017-10-02","mode":"submitSocial","container":"all","username":"arwin"}]
2017-10-04 05:09:29	[{"keyword":"ahok","from":"2017-10-02","mode":"submitSocial","container":"all","username":"arwin"}]
2017-10-04 05:09:34	[{"keyword":"prabowo","from":"2017-10-02","mode":"submitSocial","container":"all","username":"arwin"}]
2017-10-04 05:09:36	[{"keyword":"sudirman said","from":"2017-10-02","mode":"submitSocial","container":"all","username":"arwin"}]
2017-10-04 05:09:39	[{"keyword":"setyanovanto","from":"2017-10-02","mode":"submitSocial","container":"all","username":"arwin"}]
2017-10-04 05:09:43	[{"keyword":"galau","from":"2017-10-02","mode":"submitSocial","container":"all","username":"arwin"}]
2017-10-04 05:09:45	[{"keyword":"#prestasiindonesia","from":"2017-10-02","mode":"submitSocial","container":"all","username":"arwin"}]
2017-10-04 05:09:48	[{"keyword":"@tw_debi","from":"2017-10-02","mode":"submitSocial","container":"all","username":"arwin"}]
2017-10-04 05:09:50	[{"keyword":"@officialfastron","from":"2017-10-02","mode":"submitSocial","container":"all","username":"arwin"}]
2017-10-04 05:09:52	[{"keyword":"@citibankid","from":"2017-10-02","mode":"submitSocial","container":"all","username":"arwin"}]
2017-10-04 05:09:55	[{"keyword":"@jak101fm","from":"2017-10-02","mode":"submitSocial","container":"all","username":"arwin"}]
2017-10-04 05:09:58	[{"keyword":"@genfm","from":"2017-10-02","mode":"submitSocial","container":"all","username":"arwin"}]
