2017-05-16 05:00:02	worker	@987genfm;2017-05-14 - 2017-05-14;submitSocial;all;arwin
2017-05-16 05:00:06	worker	@101jakfm;2017-05-14 - 2017-05-14;submitSocial;all;arwin
2017-05-16 05:00:08	worker	@prambors;2017-05-14 - 2017-05-14;submitSocial;all;arwin
2017-05-16 05:00:11	worker	@hardrockfm;2017-05-14 - 2017-05-14;submitSocial;all;arwin
2017-05-16 05:00:13	worker	@kisfmjakarta;2017-05-14 - 2017-05-14;submitSocial;all;arwin
2017-05-16 05:00:15	worker	@delta_fm;2017-05-14 - 2017-05-14;submitSocial;all;arwin
2017-05-16 05:00:18	worker	@traxfmjkt;2017-05-14 - 2017-05-14;submitSocial;all;arwin
2017-05-16 05:00:20	worker	@iradiojakarta;2017-05-14 - 2017-05-14;submitSocial;all;arwin
2017-05-16 05:00:23	worker	@indika9160fm;2017-05-14 - 2017-05-14;submitSocial;all;arwin
2017-05-16 05:00:25	worker	@shellindonesia;2017-05-14 - 2017-05-14;submitSocial;all;arwin
2017-05-16 05:00:27	worker	@vpowerfans;2017-05-14 - 2017-05-14;submitSocial;all;arwin
2017-05-16 05:00:29	worker	@pertamaxind;2017-05-14 - 2017-05-14;submitSocial;all;arwin
2017-05-16 05:00:31	worker	@ptpertamina;2017-05-14 - 2017-05-14;submitSocial;all;arwin
2017-05-16 05:00:33	worker	@OZRadioJakarta;2017-05-14 - 2017-05-14;submitSocial;all;arwin
2017-05-16 05:00:35	worker	@CosmopolitanFM;2017-05-14 - 2017-05-14;submitSocial;all;arwin
2017-05-16 05:00:38	worker	@mustang88fm;2017-05-14 - 2017-05-14;submitSocial;all;arwin
2017-05-16 05:00:40	worker	@debabaz;2017-05-14 - 2017-05-14;submitSocial;all;arwin
2017-05-16 05:00:42	worker	@detikcom;2017-05-14 - 2017-05-14;submitSocial;all;arwin
2017-05-16 05:00:46	worker	@radioelshinta;2017-05-14 - 2017-05-14;submitSocial;all;arwin
2017-05-16 05:00:49	worker	@cinema21;2017-05-14 - 2017-05-14;submitSocial;all;arwin
2017-05-16 05:00:51	worker	@OfficialRCTI;2017-05-14 - 2017-05-14;submitSocial;all;arwin
2017-05-16 05:00:54	worker	@TRANSTV_CORP;2017-05-14 - 2017-05-14;submitSocial;all;arwin
2017-05-16 05:00:56	worker	@TRANS7;2017-05-14 - 2017-05-14;submitSocial;all;arwin
2017-05-16 05:00:59	worker	@Metro_TV;2017-05-14 - 2017-05-14;submitSocial;all;arwin
2017-05-16 05:01:03	worker	@tvOneNews;2017-05-14 - 2017-05-14;submitSocial;all;arwin
2017-05-16 05:01:06	worker	@whatsonANTV;2017-05-14 - 2017-05-14;submitSocial;all;arwin
2017-05-16 05:01:09	worker	@SCTV_;2017-05-14 - 2017-05-14;submitSocial;all;arwin
2017-05-16 05:01:12	worker	@KompasTV;2017-05-14 - 2017-05-14;submitSocial;all;arwin
2017-05-16 05:01:14	worker	@netmediatama;2017-05-14 - 2017-05-14;submitSocial;all;arwin
2017-05-16 05:01:18	worker	@Globaltvseru;2017-05-14 - 2017-05-14;submitSocial;all;arwin
2017-05-16 05:01:20	worker	@JaktvCom;2017-05-14 - 2017-05-14;submitSocial;all;arwin
2017-05-16 05:01:22	worker	@TVRINasional;2017-05-14 - 2017-05-14;submitSocial;all;arwin
2017-05-16 05:01:25	worker	@ochannelupdates;2017-05-14 - 2017-05-14;submitSocial;all;arwin
2017-05-16 05:01:27	worker	@IndosiarID;2017-05-14 - 2017-05-14;submitSocial;all;arwin
2017-05-16 05:01:29	worker	@kompascom;2017-05-14 - 2017-05-14;submitSocial;all;arwin
2017-05-16 05:01:35	worker	@merdekadotcom;2017-05-14 - 2017-05-14;submitSocial;all;arwin
2017-05-16 05:01:37	worker	@MIdotcom;2017-05-14 - 2017-05-14;submitSocial;all;arwin
2017-05-16 05:01:40	worker	@tempodotco;2017-05-14 - 2017-05-14;submitSocial;all;arwin
2017-05-16 05:01:43	worker	@motion975fm;2017-05-14 - 2017-05-14;submitSocial;all;arwin
2017-05-16 05:01:45	worker	@_radiotoday;2017-05-14 - 2017-05-14;submitSocial;all;arwin
2017-05-16 05:01:47	worker	@radioinfo;2017-05-14 - 2017-05-14;submitSocial;all;arwin
2017-05-16 05:01:49	worker	@979FeMaleRadio;2017-05-14 - 2017-05-14;submitSocial;all;arwin
2017-05-16 05:01:52	worker	@WomanRadio943FM;2017-05-14 - 2017-05-14;submitSocial;all;arwin
2017-05-16 05:01:54	worker	@VRadioFM;2017-05-14 - 2017-05-14;submitSocial;all;arwin
2017-05-16 05:01:56	worker	@UFM947;2017-05-14 - 2017-05-14;submitSocial;all;arwin
2017-05-16 05:01:58	worker	@VIVAnews;2017-05-14 - 2017-05-14;submitSocial;all;arwin
2017-05-16 05:02:00	worker	@antaranews;2017-05-14 - 2017-05-14;submitSocial;all;arwin
2017-05-16 05:02:03	worker	@tribunnews;2017-05-14 - 2017-05-14;submitSocial;all;arwin
2017-05-16 05:02:07	worker	@okezonenews;2017-05-14 - 2017-05-14;submitSocial;all;arwin
2017-05-16 05:02:09	worker	@Beritasatu;2017-05-14 - 2017-05-14;submitSocial;all;arwin
2017-05-16 05:02:12	worker	@rollingstoneina;2017-05-14 - 2017-05-14;submitSocial;all;arwin
2017-05-16 05:02:14	worker	@FIMELAdotcom;2017-05-14 - 2017-05-14;submitSocial;all;arwin
2017-05-16 05:02:16	worker	@KapanLagicom;2017-05-14 - 2017-05-14;submitSocial;all;arwin
2017-05-16 05:02:18	worker	@KompasEnt ;2017-05-14 - 2017-05-14;submitSocial;all;arwin
2017-05-16 05:02:20	worker	@HaiMagazine;2017-05-14 - 2017-05-14;submitSocial;all;arwin
2017-05-16 05:02:22	worker	@JakartaVenue;2017-05-14 - 2017-05-14;submitSocial;all;arwin
2017-05-16 05:02:24	worker	@SeputarEvent;2017-05-14 - 2017-05-14;submitSocial;all;arwin
2017-05-16 05:02:26	worker	@ismayaLive;2017-05-14 - 2017-05-14;submitSocial;all;arwin
2017-05-16 05:02:29	worker	@ECEntertainment;2017-05-14 - 2017-05-14;submitSocial;all;arwin
2017-05-16 05:02:31	worker	@synergism_En;2017-05-14 - 2017-05-14;submitSocial;all;arwin
2017-05-16 05:02:33	worker	@Urbanbandung;2017-05-14 - 2017-05-14;submitSocial;all;arwin
2017-05-16 05:02:35	worker	@Urbanrkm995;2017-05-14 - 2017-05-14;submitSocial;all;arwin
2017-05-16 05:02:37	worker	@Garuda_Promo;2017-05-14 - 2017-05-14;submitSocial;all;arwin
2017-05-16 05:02:39	worker	@AirAsiaID;2017-05-14 - 2017-05-14;submitSocial;all;arwin
2017-05-16 05:02:41	worker	@KAI121;2017-05-14 - 2017-05-14;submitSocial;all;arwin
2017-05-16 05:02:43	worker	@Unilever;2017-05-14 - 2017-05-14;submitSocial;all;arwin
2017-05-16 05:02:46	worker	@Nestle;2017-05-14 - 2017-05-14;submitSocial;all;arwin
2017-05-16 05:02:48	worker	@CocaCola;2017-05-14 - 2017-05-14;submitSocial;all;arwin
2017-05-16 05:02:51	worker	@CNN;2017-05-14 - 2017-05-14;submitSocial;all;arwin
2017-05-16 05:02:59	worker	@MTV;2017-05-14 - 2017-05-14;submitSocial;all;arwin
2017-05-16 05:03:05	worker	@channelv;2017-05-14 - 2017-05-14;submitSocial;all;arwin
2017-05-16 05:03:07	worker	@iTunesMusic;2017-05-14 - 2017-05-14;submitSocial;all;arwin
2017-05-16 05:03:09	worker	@mashable;2017-05-14 - 2017-05-14;submitSocial;all;arwin
2017-05-16 05:03:13	worker	@decacaz;2017-05-14 - 2017-05-14;submitSocial;all;arwin
2017-05-16 05:03:15	worker	@radiobaru967FM;2017-05-14 - 2017-05-14;submitSocial;all;arwin
2017-05-16 05:03:17	worker	@967HitzFM;2017-05-14 - 2017-05-14;submitSocial;all;arwin
2017-05-16 05:03:19	worker	@TVGuide;2017-05-14 - 2017-05-14;submitSocial;all;arwin
2017-05-16 05:03:22	worker	@XL123;2017-05-14 - 2017-05-14;submitSocial;all;arwin
2017-05-16 05:03:24	worker	@triindonesia;2017-05-14 - 2017-05-14;submitSocial;all;arwin
2017-05-16 05:03:26	worker	@kaskus;2017-05-14 - 2017-05-14;submitSocial;all;arwin
2017-05-16 05:03:29	worker	@Studio_XXI;2017-05-14 - 2017-05-14;submitSocial;all;arwin
2017-05-16 05:03:31	worker	@blitzmegaplex;2017-05-14 - 2017-05-14;submitSocial;all;arwin
2017-05-16 05:03:33	worker	@alfamartku;2017-05-14 - 2017-05-14;submitSocial;all;arwin
2017-05-16 05:03:35	worker	@Carrefour_ID;2017-05-14 - 2017-05-14;submitSocial;all;arwin
2017-05-16 05:03:37	worker	@BBCBreaking;2017-05-14 - 2017-05-14;submitSocial;all;arwin
2017-05-16 05:03:40	worker	@Forbes;2017-05-14 - 2017-05-14;submitSocial;all;arwin
2017-05-16 05:03:48	worker	@BensRadio;2017-05-14 - 2017-05-14;submitSocial;all;arwin
2017-05-16 05:03:51	worker	@instagram;2017-05-14 - 2017-05-14;submitSocial;all;arwin
2017-05-16 05:03:55	worker	@Pinterest;2017-05-14 - 2017-05-14;submitSocial;all;arwin
2017-05-16 05:03:58	worker	@google;2017-05-14 - 2017-05-14;submitSocial;all;arwin
2017-05-16 05:04:03	worker	@Pertaminalub;2017-05-14 - 2017-05-14;submitSocial;all;arwin
2017-05-16 05:04:05	worker	@InfoLalinTol;2017-05-14 - 2017-05-14;submitSocial;all;arwin
2017-05-16 05:04:07	worker	@PTJASAMARGA;2017-05-14 - 2017-05-14;submitSocial;all;arwin
2017-05-16 05:04:09	worker	@cititransindo;2017-05-14 - 2017-05-14;submitSocial;all;arwin
2017-05-16 05:04:12	worker	#semangatpagisuperr;2017-05-14 - 2017-05-14;submitSocial;all;arwin
2017-05-16 05:04:13	worker	#genkuisinsideout;2017-05-14 - 2017-05-14;submitSocial;all;arwin
2017-05-16 05:04:15	worker	#semangatpagi;2017-05-14 - 2017-05-14;submitSocial;all;arwin
2017-05-16 05:04:17	worker	#dikamar;2017-05-14 - 2017-05-14;submitSocial;all;arwin
2017-05-16 05:04:20	worker	#kopaja;2017-05-14 - 2017-05-14;submitSocial;all;arwin
2017-05-16 05:04:22	worker	#generaksi8;2017-05-14 - 2017-05-14;submitSocial;all;arwin
2017-05-16 05:04:24	worker	#hitztsp;2017-05-14 - 2017-05-14;submitSocial;all;arwin
2017-05-16 05:04:26	worker	#np;2017-05-14 - 2017-05-14;submitSocial;all;arwin
2017-05-16 05:04:29	worker	#hitzlivestage;2017-05-14 - 2017-05-14;submitSocial;all;arwin
2017-05-16 05:04:31	worker	#thefreaks;2017-05-14 - 2017-05-14;submitSocial;all;arwin
2017-05-16 05:04:34	worker	#hitzsirkuspagi;2017-05-14 - 2017-05-14;submitSocial;all;arwin
2017-05-16 05:04:36	worker	#hitzathlon;2017-05-14 - 2017-05-14;submitSocial;all;arwin
2017-05-16 05:04:38	worker	#hitzzombie;2017-05-14 - 2017-05-14;submitSocial;all;arwin
2017-05-16 05:04:40	worker	#hitzkalong;2017-05-14 - 2017-05-14;submitSocial;all;arwin
2017-05-16 05:04:42	worker	#hitzbebas;2017-05-14 - 2017-05-14;submitSocial;all;arwin
2017-05-16 05:04:44	worker	#hitzhorehara;2017-05-14 - 2017-05-14;submitSocial;all;arwin
2017-05-16 05:04:46	worker	@ZaloraID;2017-05-14 - 2017-05-14;submitSocial;all;arwin
2017-05-16 05:04:49	worker	@OLX_Indonesia;2017-05-14 - 2017-05-14;submitSocial;all;arwin
2017-05-16 05:04:51	worker	@LazadaID;2017-05-14 - 2017-05-14;submitSocial;all;arwin
2017-05-16 05:04:53	worker	@utrippers;2017-05-14 - 2017-05-14;submitSocial;all;arwin
2017-05-16 05:04:55	worker	@GoGobot;2017-05-14 - 2017-05-14;submitSocial;all;arwin
2017-05-16 05:04:58	worker	@viatortravel;2017-05-14 - 2017-05-14;submitSocial;all;arwin
2017-05-16 05:05:00	worker	@alandakariza;2017-05-14 - 2017-05-14;submitSocial;all;arwin
2017-05-16 05:05:03	worker	@gagasmedia;2017-05-14 - 2017-05-14;submitSocial;all;arwin
2017-05-16 05:05:05	worker	@welovehonda;2017-05-14 - 2017-05-14;submitSocial;all;arwin
2017-05-16 05:05:08	worker	@SuzukiMotorID;2017-05-14 - 2017-05-14;submitSocial;all;arwin
2017-05-16 05:05:10	worker	@kawasakilovers;2017-05-14 - 2017-05-14;submitSocial;all;arwin
2017-05-16 05:05:12	worker	@yamahaindonesia;2017-05-14 - 2017-05-14;submitSocial;all;arwin
2017-05-16 05:05:14	worker	@tripanzee;2017-05-14 - 2017-05-14;submitSocial;all;arwin
2017-05-16 05:05:17	worker	@arnoldpoernomo;2017-05-14 - 2017-05-14;submitSocial;all;arwin
2017-05-16 05:05:19	worker	@nicsap;2017-05-14 - 2017-05-14;submitSocial;all;arwin
2017-05-16 05:05:21	worker	@tiket2;2017-05-14 - 2017-05-14;submitSocial;all;arwin
2017-05-16 05:05:23	worker	@traveloka;2017-05-14 - 2017-05-14;submitSocial;all;arwin
2017-05-16 05:05:26	worker	@wego;2017-05-14 - 2017-05-14;submitSocial;all;arwin
2017-05-16 05:05:29	worker	@agoda;2017-05-14 - 2017-05-14;submitSocial;all;arwin
2017-05-16 05:05:31	worker	#salahsambung;2017-05-14 - 2017-05-14;submitSocial;all;arwin
2017-05-16 05:05:33	worker	#tulalit;2017-05-14 - 2017-05-14;submitSocial;all;arwin
2017-05-16 05:05:36	worker	#pestageneraksi8;2017-05-14 - 2017-05-14;submitSocial;all;arwin
2017-05-16 05:05:37	worker	#ganaskustik;2017-05-14 - 2017-05-14;submitSocial;all;arwin
2017-05-16 05:05:40	worker	#lnhot20;2017-05-14 - 2017-05-14;submitSocial;all;arwin
2017-05-16 05:05:41	worker	@TripAdvisor;2017-05-14 - 2017-05-14;submitSocial;all;arwin
2017-05-16 05:05:44	worker	@google;2017-05-14 - 2017-05-14;submitSocial;all;arwin
2017-05-16 05:05:49	worker	@Telkomsel;2017-05-14 - 2017-05-14;submitSocial;all;arwin
2017-05-16 05:05:52	worker	@indosat;2017-05-14 - 2017-05-14;submitSocial;all;arwin
2017-05-16 05:05:55	worker	@bahanafmjkt;2017-05-14 - 2017-05-14;submitSocial;all;2017-05-16 05:06:00	worker	@sonorafm92;2017-05-14 - 2017-05-14;submitSocial;all;arwin
2017-05-16 05:06:02	worker	@litefm1058;2017-05-14 - 2017-05-14;submitSocial;all;arwin
2017-05-16 05:06:04	worker	@Bravaradio;2017-05-14 - 2017-05-14;submitSocial;all;arwin
2017-05-16 05:06:06	worker	#dgitm;2017-05-14 - 2017-05-14;submitSocial;all;arwin
2017-05-16 05:06:08	worker	#hitsalaprambors;2017-05-14 - 2017-05-14;submitSocial;all;arwin
2017-05-16 05:06:10	worker	#reqprambors;2017-05-14 - 2017-05-14;submitSocial;all;arwin
2017-05-16 05:06:13	worker	#thedandees;2017-05-14 - 2017-05-14;submitSocial;all;arwin
2017-05-16 05:06:15	worker	#pramborsquiz;2017-05-14 - 2017-05-14;submitSocial;all;arwin
2017-05-16 05:06:17	worker	#jeliprambors;2017-05-14 - 2017-05-14;submitSocial;all;arwin
2017-05-16 05:06:19	worker	#jodohinprambors;2017-05-14 - 2017-05-14;submitSocial;all;arwin
2017-05-16 05:06:21	worker	#ubahdenganbicara;2017-05-14 - 2017-05-14;submitSocial;all;arwin
2017-05-16 05:06:23	worker	#pramborschat;2017-05-14 - 2017-05-14;submitSocial;all;arwin
2017-05-16 05:06:25	worker	#tweetforduit;2017-05-14 - 2017-05-14;submitSocial;all;arwin
2017-05-16 05:06:27	worker	#joki3in1;2017-05-14 - 2017-05-14;submitSocial;all;arwin
2017-05-16 05:06:29	worker	#sarapanseru;2017-05-14 - 2017-05-14;submitSocial;all;arwin
2017-05-16 05:06:31	worker	#rawonkaneloop;2017-05-14 - 2017-05-14;submitSocial;all;arwin
2017-05-16 05:06:33	worker	#gudegkendilkeraton;2017-05-14 - 2017-05-14;submitSocial;all;arwin
2017-05-16 05:06:36	worker	#gadogadobutika;2017-05-14 - 2017-05-14;submitSocial;all;arwin
2017-05-16 05:06:38	worker	#mtvhottest;2017-05-14 - 2017-05-14;submitSocial;all;arwin
2017-05-16 05:06:40	worker	#dimsumcjdw;2017-05-14 - 2017-05-14;submitSocial;all;arwin
2017-05-16 05:06:42	worker	#pecelmadiunmbakniek;2017-05-14 - 2017-05-14;submitSocial;all;arwin
2017-05-16 05:06:44	worker	#depotarema;2017-05-14 - 2017-05-14;submitSocial;all;arwin
2017-05-16 05:06:46	worker	@BNI46;2017-05-14 - 2017-05-14;submitSocial;all;arwin
2017-05-16 05:06:48	worker	@BANKBRI_ID;2017-05-14 - 2017-05-14;submitSocial;all;arwin
2017-05-16 05:06:51	worker	#bni46;2017-05-14 - 2017-05-14;submitSocial;all;arwin
2017-05-16 05:06:53	worker	macet;2017-05-14 - 2017-05-14;submitSocial;all;arwin
2017-05-16 05:06:57	worker	#selamatpagi;2017-05-14 - 2017-05-14;submitSocial;all;arwin
2017-05-16 05:06:59	worker	#selamatmalam;2017-05-14 - 2017-05-14;submitSocial;all;arwin
2017-05-16 05:07:01	worker	@884GlobalRadio;2017-05-14 - 2017-05-14;submitSocial;all;arwin
2017-05-16 05:07:03	worker	@day_trans;2017-05-14 - 2017-05-14;submitSocial;all;arwin
2017-05-16 05:07:05	worker	@kencanavoyage;2017-05-14 - 2017-05-14;submitSocial;all;arwin
2017-05-16 05:07:07	worker	@jukebox5d;2017-05-14 - 2017-05-14;submitSocial;all;arwin
2017-05-16 05:07:09	worker	#mtvhottest;2017-05-14 - 2017-05-14;submitSocial;all;arwin
2017-05-16 05:07:12	worker	#semangatpagi;2017-05-14 - 2017-05-14;submitSocial;all;arwin
2017-05-16 05:07:14	worker	lifebuoy;2017-05-14 - 2017-05-14;submitSocial;all;arwin
2017-05-16 05:07:16	worker	jokowi;2017-05-14 - 2017-05-14;submitSocial;all;arwin
2017-05-16 05:07:22	worker	obama;2017-05-14 - 2017-05-14;submitSocial;all;arwin
2017-05-16 05:07:31	worker	starwars;2017-05-14 - 2017-05-14;submitSocial;all;arwin
2017-05-16 05:07:34	worker	jonan;2017-05-14 - 2017-05-14;submitSocial;all;arwin
2017-05-16 05:07:37	worker	pagi;2017-05-14 - 2017-05-14;submitSocial;all;arwin
2017-05-16 05:07:45	worker	sampoerna;2017-05-14 - 2017-05-14;submitSocial;all;arwin
2017-05-16 05:07:48	worker	djarum;2017-05-14 - 2017-05-14;submitSocial;all;arwin
2017-05-16 05:07:51	worker	#semangatpagi;2017-05-14 - 2017-05-14;submitSocial;all;arwin
2017-05-16 05:07:53	worker	#generaksi8;2017-05-14 - 2017-05-14;submitSocial;all;arwin
2017-05-16 05:07:54	worker	#365alasan;2017-05-14 - 2017-05-14;submitSocial;all;arwin
2017-05-16 05:07:57	worker	weew;2017-05-14 - 2017-05-14;submitSocial;all;arwin
2017-05-16 05:07:59	worker	testing;2017-05-14 - 2017-05-14;submitSocial;all;arwin
2017-05-16 05:08:07	worker	#kopaja;2017-05-14 - 2017-05-14;submitSocial;all;arwin
2017-05-16 05:08:10	worker	#genkuisinsideout;2017-05-14 - 2017-05-14;submitSocial;all;arwin
2017-05-16 05:08:12	worker	starwars;2017-05-14 - 2017-05-14;submitSocial;all;arwin
2017-05-16 05:08:15	worker	#kopaja;2017-05-14 - 2017-05-14;submitSocial;all;arwin
2017-05-16 05:08:17	worker	mldspot;2017-05-14 - 2017-05-14;submitSocial;all;arwin
2017-05-16 05:08:19	worker	PBDjarum;2017-05-14 - 2017-05-14;submitSocial;all;arwin
2017-05-16 05:08:22	worker	TemanNabati;2017-05-14 - 2017-05-14;submitSocial;all;arwin
2017-05-16 05:08:24	worker	Nextar;2017-05-14 - 2017-05-14;submitSocial;all;arwin
2017-05-16 05:08:27	worker	jokowo;2017-05-14 - 2017-05-14;submitSocial;all;arwin
2017-05-16 05:08:29	worker	prabowo;2017-05-14 - 2017-05-14;submitSocial;all;arwin
2017-05-16 05:08:33	worker	sudirman said;2017-05-14 - 2017-05-14;submitSocial;all;arwin
2017-05-16 05:08:35	worker	ahok;2017-05-14 - 2017-05-14;submitSocial;all;arwin
2017-05-16 05:08:46	worker	setyanovanto;2017-05-14 - 2017-05-14;submitSocial;all;arwin
2017-05-16 05:08:48	worker	jokowi;2017-05-14 - 2017-05-14;submitSocial;all;arwin
2017-05-16 05:08:54	worker	ahok;2017-05-14 - 2017-05-14;submitSocial;all;arwin
2017-05-16 05:09:05	worker	prabowo;2017-05-14 - 2017-05-14;submitSocial;all;arwin
2017-05-16 05:09:09	worker	sudirman said;2017-05-14 - 2017-05-14;submitSocial;all;arwin
2017-05-16 05:09:11	worker	setyanovanto;2017-05-14 - 2017-05-14;submitSocial;all;arwin
2017-05-16 05:09:13	worker	galau;2017-05-14 - 2017-05-14;submitSocial;all;arwin
2017-05-16 05:09:17	worker	#prestasiindonesia;2017-05-14 - 2017-05-14;submitSocial;all;arwin
2017-05-16 05:09:19	worker	@Tw_Debi;2017-05-14 - 2017-05-14;submitSocial;all;arwin
2017-05-16 05:09:22	worker	@OfficialFastron;2017-05-14 - 2017-05-14;submitSocial;all;arwin
2017-05-16 05:09:24	worker	@CitibankID;2017-05-14 - 2017-05-14;submitSocial;all;arwin
2017-05-16 05:09:26	worker	@jak101fm;2017-05-14 - 2017-05-14;submitSocial;all;arwin
2017-05-16 05:09:29	worker	@genfm;2017-05-14 - 2017-05-14;submitSocial;all;arwin
