2017-05-17 05:00:06	[{"keyword":"@987genfm","from":"2017-05-15","mode":"submitSocial","container":"all","username":"arwin"}]
2017-05-17 05:00:09	[{"keyword":"@101jakfm","from":"2017-05-15","mode":"submitSocial","container":"all","username":"arwin"}]
2017-05-17 05:00:13	[{"keyword":"@prambors","from":"2017-05-15","mode":"submitSocial","container":"all","username":"arwin"}]
2017-05-17 05:00:16	[{"keyword":"@hardrockfm","from":"2017-05-15","mode":"submitSocial","container":"all","username":"arwin"}]
2017-05-17 05:00:19	[{"keyword":"@kisfmjakarta","from":"2017-05-15","mode":"submitSocial","container":"all","username":"arwin"}]
2017-05-17 05:00:21	[{"keyword":"@delta_fm","from":"2017-05-15","mode":"submitSocial","container":"all","username":"arwin"}]
2017-05-17 05:00:24	[{"keyword":"@traxfmjkt","from":"2017-05-15","mode":"submitSocial","container":"all","username":"arwin"}]
2017-05-17 05:00:27	[{"keyword":"@iradiojakarta","from":"2017-05-15","mode":"submitSocial","container":"all","username":"arwin"}]
2017-05-17 05:00:29	[{"keyword":"@indika9160fm","from":"2017-05-15","mode":"submitSocial","container":"all","username":"arwin"}]
2017-05-17 05:00:32	[{"keyword":"@shellindonesia","from":"2017-05-15","mode":"submitSocial","container":"all","username":"arwin"}]
2017-05-17 05:00:35	[{"keyword":"@vpowerfans","from":"2017-05-15","mode":"submitSocial","container":"all","username":"arwin"}]
2017-05-17 05:00:37	[{"keyword":"@pertamaxind","from":"2017-05-15","mode":"submitSocial","container":"all","username":"arwin"}]
2017-05-17 05:00:40	[{"keyword":"@ptpertamina","from":"2017-05-15","mode":"submitSocial","container":"all","username":"arwin"}]
2017-05-17 05:00:42	[{"keyword":"@ozradiojakarta","from":"2017-05-15","mode":"submitSocial","container":"all","username":"arwin"}]
2017-05-17 05:00:45	[{"keyword":"@cosmopolitanfm","from":"2017-05-15","mode":"submitSocial","container":"all","username":"arwin"}]
2017-05-17 05:00:48	[{"keyword":"@mustang88fm","from":"2017-05-15","mode":"submitSocial","container":"all","username":"arwin"}]
2017-05-17 05:00:50	[{"keyword":"@debabaz","from":"2017-05-15","mode":"submitSocial","container":"all","username":"arwin"}]
2017-05-17 05:00:54	[{"keyword":"@detikcom","from":"2017-05-15","mode":"submitSocial","container":"all","username":"arwin"}]
2017-05-17 05:00:58	[{"keyword":"@radioelshinta","from":"2017-05-15","mode":"submitSocial","container":"all","username":"arwin"}]
2017-05-17 05:01:00	[{"keyword":"@cinema21","from":"2017-05-15","mode":"submitSocial","container":"all","username":"arwin"}]
2017-05-17 05:01:03	[{"keyword":"@officialrcti","from":"2017-05-15","mode":"submitSocial","container":"all","username":"arwin"}]
2017-05-17 05:01:06	[{"keyword":"@transtv_corp","from":"2017-05-15","mode":"submitSocial","container":"all","username":"arwin"}]
2017-05-17 05:01:08	[{"keyword":"@trans7","from":"2017-05-15","mode":"submitSocial","container":"all","username":"arwin"}]
2017-05-17 05:01:14	[{"keyword":"@metro_tv","from":"2017-05-15","mode":"submitSocial","container":"all","username":"arwin"}]
2017-05-17 05:01:18	[{"keyword":"@tvonenews","from":"2017-05-15","mode":"submitSocial","container":"all","username":"arwin"}]
2017-05-17 05:01:20	[{"keyword":"@whatsonantv","from":"2017-05-15","mode":"submitSocial","container":"all","username":"arwin"}]
2017-05-17 05:01:24	[{"keyword":"@sctv_","from":"2017-05-15","mode":"submitSocial","container":"all","username":"arwin"}]
2017-05-17 05:01:27	[{"keyword":"@kompastv","from":"2017-05-15","mode":"submitSocial","container":"all","username":"arwin"}]
2017-05-17 05:01:30	[{"keyword":"@netmediatama","from":"2017-05-15","mode":"submitSocial","container":"all","username":"arwin"}]
2017-05-17 05:01:33	[{"keyword":"@globaltvseru","from":"2017-05-15","mode":"submitSocial","container":"all","username":"arwin"}]
2017-05-17 05:01:36	[{"keyword":"@jaktvcom","from":"2017-05-15","mode":"submitSocial","container":"all","username":"arwin"}]
2017-05-17 05:01:39	[{"keyword":"@tvrinasional","from":"2017-05-15","mode":"submitSocial","container":"all","username":"arwin"}]
2017-05-17 05:01:41	[{"keyword":"@ochannelupdates","from":"2017-05-15","mode":"submitSocial","container":"all","username":"arwin"}]
2017-05-17 05:01:45	[{"keyword":"@indosiarid","from":"2017-05-15","mode":"submitSocial","container":"all","username":"arwin"}]
2017-05-17 05:01:49	[{"keyword":"@kompascom","from":"2017-05-15","mode":"submitSocial","container":"all","username":"arwin"}]
2017-05-17 05:01:52	[{"keyword":"@merdekadotcom","from":"2017-05-15","mode":"submitSocial","container":"all","username":"arwin"}]
2017-05-17 05:01:55	[{"keyword":"@midotcom","from":"2017-05-15","mode":"submitSocial","container":"all","username":"arwin"}]
2017-05-17 05:01:59	[{"keyword":"@tempodotco","from":"2017-05-15","mode":"submitSocial","container":"all","username":"arwin"}]
2017-05-17 05:02:01	[{"keyword":"@motion975fm","from":"2017-05-15","mode":"submitSocial","container":"all","username":"arwin"}]
2017-05-17 05:02:04	[{"keyword":"@_radiotoday","from":"2017-05-15","mode":"submitSocial","container":"all","username":"arwin"}]
2017-05-17 05:02:07	[{"keyword":"@radioinfo","from":"2017-05-15","mode":"submitSocial","container":"all","username":"arwin"}]
2017-05-17 05:02:09	[{"keyword":"@979femaleradio","from":"2017-05-15","mode":"submitSocial","container":"all","username":"arwin"}]
2017-05-17 05:02:12	[{"keyword":"@womanradio943fm","from":"2017-05-15","mode":"submitSocial","container":"all","username":"arwin"}]
2017-05-17 05:02:15	[{"keyword":"@vradiofm","from":"2017-05-15","mode":"submitSocial","container":"all","username":"arwin"}]
2017-05-17 05:02:17	[{"keyword":"@ufm947","from":"2017-05-15","mode":"submitSocial","container":"all","username":"arwin"}]
2017-05-17 05:02:20	[{"keyword":"@vivanews","from":"2017-05-15","mode":"submitSocial","container":"all","username":"arwin"}]
2017-05-17 05:02:22	[{"keyword":"@antaranews","from":"2017-05-15","mode":"submitSocial","container":"all","username":"arwin"}]
2017-05-17 05:02:26	[{"keyword":"@tribunnews","from":"2017-05-15","mode":"submitSocial","container":"all","username":"arwin"}]
2017-05-17 05:02:29	[{"keyword":"@okezonenews","from":"2017-05-15","mode":"submitSocial","container":"all","username":"arwin"}]
2017-05-17 05:02:32	[{"keyword":"@beritasatu","from":"2017-05-15","mode":"submitSocial","container":"all","username":"arwin"}]
2017-05-17 05:02:34	[{"keyword":"@rollingstoneina","from":"2017-05-15","mode":"submitSocial","container":"all","username":"arwin"}]
2017-05-17 05:02:37	[{"keyword":"@fimeladotcom","from":"2017-05-15","mode":"submitSocial","container":"all","username":"arwin"}]
2017-05-17 05:02:40	[{"keyword":"@kapanlagicom","from":"2017-05-15","mode":"submitSocial","container":"all","username":"arwin"}]
2017-05-17 05:02:42	[{"keyword":"@kompasent","from":"2017-05-15","mode":"submitSocial","container":"all","username":"arwin"}]
2017-05-17 05:02:45	[{"keyword":"@haimagazine","from":"2017-05-15","mode":"submitSocial","container":"all","username":"arwin"}]
2017-05-17 05:02:47	[{"keyword":"@jakartavenue","from":"2017-05-15","mode":"submitSocial","container":"all","username":"arwin"}]
2017-05-17 05:02:50	[{"keyword":"@seputarevent","from":"2017-05-15","mode":"submitSocial","container":"all","username":"arwin"}]
2017-05-17 05:02:53	[{"keyword":"@ismayalive","from":"2017-05-15","mode":"submitSocial","container":"all","username":"arwin"}]
2017-05-17 05:02:55	[{"keyword":"@ecentertainment","from":"2017-05-15","mode":"submitSocial","container":"all","username":"arwin"}]
2017-05-17 05:02:58	[{"keyword":"@synergism_en","from":"2017-05-15","mode":"submitSocial","container":"all","username":"arwin"}]
2017-05-17 05:03:00	[{"keyword":"@urbanbandung","from":"2017-05-15","mode":"submitSocial","container":"all","username":"arwin"}]
2017-05-17 05:03:02	[{"keyword":"@urbanrkm995","from":"2017-05-15","mode":"submitSocial","container":"all","username":"arwin"}]
2017-05-17 05:03:05	[{"keyword":"@garuda_promo","from":"2017-05-15","mode":"submitSocial","container":"all","username":"arwin"}]
2017-05-17 05:03:07	[{"keyword":"@airasiaid","from":"2017-05-15","mode":"submitSocial","container":"all","username":"arwin"}]
2017-05-17 05:03:10	[{"keyword":"@kai121","from":"2017-05-15","mode":"submitSocial","container":"all","username":"arwin"}]
2017-05-17 05:03:13	[{"keyword":"@unilever","from":"2017-05-15","mode":"submitSocial","container":"all","username":"arwin"}]
2017-05-17 05:03:17	[{"keyword":"@nestle","from":"2017-05-15","mode":"submitSocial","container":"all","username":"arwin"}]
2017-05-17 05:03:21	[{"keyword":"@cocacola","from":"2017-05-15","mode":"submitSocial","container":"all","username":"arwin"}]
2017-05-17 05:03:27	[{"keyword":"@cnn","from":"2017-05-15","mode":"submitSocial","container":"all","username":"arwin"}]
2017-05-17 05:03:31	[{"keyword":"@mtv","from":"2017-05-15","mode":"submitSocial","container":"all","username":"arwin"}]
2017-05-17 05:03:34	[{"keyword":"@channelv","from":"2017-05-15","mode":"submitSocial","container":"all","username":"arwin"}]
2017-05-17 05:03:36	[{"keyword":"@itunesmusic","from":"2017-05-15","mode":"submitSocial","container":"all","username":"arwin"}]
2017-05-17 05:03:40	[{"keyword":"@mashable","from":"2017-05-15","mode":"submitSocial","container":"all","username":"arwin"}]
2017-05-17 05:03:42	[{"keyword":"@decacaz","from":"2017-05-15","mode":"submitSocial","container":"all","username":"arwin"}]
2017-05-17 05:03:44	[{"keyword":"@radiobaru967fm","from":"2017-05-15","mode":"submitSocial","container":"all","username":"arwin"}]
2017-05-17 05:03:47	[{"keyword":"@967hitzfm","from":"2017-05-15","mode":"submitSocial","container":"all","username":"arwin"}]
2017-05-17 05:03:50	[{"keyword":"@tvguide","from":"2017-05-15","mode":"submitSocial","container":"all","username":"arwin"}]
2017-05-17 05:03:53	[{"keyword":"@xl123","from":"2017-05-15","mode":"submitSocial","container":"all","username":"arwin"}]
2017-05-17 05:03:56	[{"keyword":"@triindonesia","from":"2017-05-15","mode":"submitSocial","container":"all","username":"arwin"}]
2017-05-17 05:03:59	[{"keyword":"@kaskus","from":"2017-05-15","mode":"submitSocial","container":"all","username":"arwin"}]
2017-05-17 05:04:02	[{"keyword":"@studio_xxi","from":"2017-05-15","mode":"submitSocial","container":"all","username":"arwin"}]
2017-05-17 05:04:04	[{"keyword":"@blitzmegaplex","from":"2017-05-15","mode":"submitSocial","container":"all","username":"arwin"}]
2017-05-17 05:04:07	[{"keyword":"@alfamartku","from":"2017-05-15","mode":"submitSocial","container":"all","username":"arwin"}]
2017-05-17 05:04:10	[{"keyword":"@carrefour_id","from":"2017-05-15","mode":"submitSocial","container":"all","username":"arwin"}]
2017-05-17 05:04:13	[{"keyword":"@bbcbreaking","from":"2017-05-15","mode":"submitSocial","container":"all","username":"arwin"}]
2017-05-17 05:04:20	[{"keyword":"@forbes","from":"2017-05-15","mode":"submitSocial","container":"all","username":"arwin"}]
2017-05-17 05:04:23	[{"keyword":"@bensradio","from":"2017-05-15","mode":"submitSocial","container":"all","username":"arwin"}]
2017-05-17 05:04:29	[{"keyword":"@instagram","from":"2017-05-15","mode":"submitSocial","container":"all","username":"arwin"}]
2017-05-17 05:04:32	[{"keyword":"@pinterest","from":"2017-05-15","mode":"submitSocial","container":"all","username":"arwin"}]
2017-05-17 05:04:38	[{"keyword":"@google","from":"2017-05-15","mode":"submitSocial","container":"all","username":"arwin"}]
2017-05-17 05:04:40	[{"keyword":"@pertaminalub","from":"2017-05-15","mode":"submitSocial","container":"all","username":"arwin"}]
2017-05-17 05:04:43	[{"keyword":"@infolalintol","from":"2017-05-15","mode":"submitSocial","container":"all","username":"arwin"}]
2017-05-17 05:04:45	[{"keyword":"@ptjasamarga","from":"2017-05-15","mode":"submitSocial","container":"all","username":"arwin"}]
2017-05-17 05:04:48	[{"keyword":"@cititransindo","from":"2017-05-15","mode":"submitSocial","container":"all","username":"arwin"}]
2017-05-17 05:04:50	[{"keyword":"#semangatpagisuperr","from":"2017-05-15","mode":"submitSocial","container":"all","username":"arwin"}]
2017-05-17 05:04:52	[{"keyword":"#genkuisinsideout","from":"2017-05-15","mode":"submitSocial","container":"all","username":"arwin"}]
2017-05-17 05:04:55	[{"keyword":"#semangatpagi","from":"2017-05-15","mode":"submitSocial","container":"all","username":"arwin"}]
2017-05-17 05:04:57	[{"keyword":"#dikamar","from":"2017-05-15","mode":"submitSocial","container":"all","username":"arwin"}]
2017-05-17 05:05:00	[{"keyword":"#kopaja","from":"2017-05-15","mode":"submitSocial","container":"all","username":"arwin"}]
2017-05-17 05:05:03	[{"keyword":"#generaksi8","from":"2017-05-15","mode":"submitSocial","container":"all","username":"arwin"}]
2017-05-17 05:05:06	[{"keyword":"#hitztsp","from":"2017-05-15","mode":"submitSocial","container":"all","username":"arwin"}]
2017-05-17 05:05:10	[{"keyword":"#np","from":"2017-05-15","mode":"submitSocial","container":"all","username":"arwin"}]
2017-05-17 05:05:12	[{"keyword":"#hitzlivestage","from":"2017-05-15","mode":"submitSocial","container":"all","username":"arwin"}]
2017-05-17 05:05:15	[{"keyword":"#thefreaks","from":"2017-05-15","mode":"submitSocial","container":"all","username":"arwin"}]
2017-05-17 05:05:18	[{"keyword":"#hitzsirkuspagi","from":"2017-05-15","mode":"submitSocial","container":"all","username":"arwin"}]
2017-05-17 05:05:20	[{"keyword":"#hitzathlon","from":"2017-05-15","mode":"submitSocial","container":"all","username":"arwin"}]
2017-05-17 05:05:23	[{"keyword":"#hitzzombie","from":"2017-05-15","mode":"submitSocial","container":"all","username":"arwin"}]
2017-05-17 05:05:25	[{"keyword":"#hitzkalong","from":"2017-05-15","mode":"submitSocial","container":"all","username":"arwin"}]
2017-05-17 05:05:28	[{"keyword":"#hitzbebas","from":"2017-05-15","mode":"submitSocial","container":"all","username":"arwin"}]
2017-05-17 05:05:30	[{"keyword":"#hitzhorehara","from":"2017-05-15","mode":"submitSocial","container":"all","username":"arwin"}]
2017-05-17 05:05:33	[{"keyword":"@zaloraid","from":"2017-05-15","mode":"submitSocial","container":"all","username":"arwin"}]
2017-05-17 05:05:35	[{"keyword":"@olx_indonesia","from":"2017-05-15","mode":"submitSocial","container":"all","username":"arwin"}]
2017-05-17 05:05:38	[{"keyword":"@lazadaid","from":"2017-05-15","mode":"submitSocial","container":"all","username":"arwin"}]
2017-05-17 05:05:41	[{"keyword":"@utrippers","from":"2017-05-15","mode":"submitSocial","container":"all","username":"arwin"}]
2017-05-17 05:05:44	[{"keyword":"@gogobot","from":"2017-05-15","mode":"submitSocial","container":"all","username":"arwin"}]
2017-05-17 05:05:46	[{"keyword":"@viatortravel","from":"2017-05-15","mode":"submitSocial","container":"all","username":"arwin"}]
2017-05-17 05:05:49	[{"keyword":"@alandakariza","from":"2017-05-15","mode":"submitSocial","container":"all","username":"arwin"}]
2017-05-17 05:05:52	[{"keyword":"@gagasmedia","from":"2017-05-15","mode":"submitSocial","container":"all","username":"arwin"}]
2017-05-17 05:05:55	[{"keyword":"@welovehonda","from":"2017-05-15","mode":"submitSocial","container":"all","username":"arwin"}]
2017-05-17 05:05:57	[{"keyword":"@suzukimotorid","from":"2017-05-15","mode":"submitSocial","container":"all","username":"arwin"}]
2017-05-17 05:06:00	[{"keyword":"@kawasakilovers","from":"2017-05-15","mode":"submitSocial","container":"all","username":"arwin"}]
2017-05-17 05:06:02	[{"keyword":"@yamahaindonesia","from":"2017-05-15","mode":"submitSocial","container":"all","username":"arwin"}]
2017-05-17 05:06:05	[{"keyword":"@tripanzee","from":"2017-05-15","mode":"submitSocial","container":"all","username":"arwin"}]
2017-05-17 05:06:08	[{"keyword":"@arnoldpoernomo","from":"2017-05-15","mode":"submitSocial","container":"all","username":"arwin"}]
2017-05-17 05:06:11	[{"keyword":"@nicsap","from":"2017-05-15","mode":"submitSocial","container":"all","username":"arwin"}]
2017-05-17 05:06:13	[{"keyword":"@tiket2","from":"2017-05-15","mode":"submitSocial","container":"all","username":"arwin"}]
2017-05-17 05:06:16	[{"keyword":"@traveloka","from":"2017-05-15","mode":"submitSocial","container":"all","username":"arwin"}]
2017-05-17 05:06:20	[{"keyword":"@wego","from":"2017-05-15","mode":"submitSocial","container":"all","username":"arwin"}]
2017-05-17 05:06:23	[{"keyword":"@agoda","from":"2017-05-15","mode":"submitSocial","container":"all","username":"arwin"}]
2017-05-17 05:06:25	[{"keyword":"#salahsambung","from":"2017-05-15","mode":"submitSocial","container":"all","username":"arwin"}]
2017-05-17 05:06:28	[{"keyword":"#tulalit","from":"2017-05-15","mode":"submitSocial","container":"all","username":"arwin"}]
2017-05-17 05:06:30	[{"keyword":"#pestageneraksi8","from":"2017-05-15","mode":"submitSocial","container":"all","username":"arwin"}]
2017-05-17 05:06:33	[{"keyword":"#ganaskustik","from":"2017-05-15","mode":"submitSocial","container":"all","username":"arwin"}]
2017-05-17 05:06:35	[{"keyword":"#lnhot20","from":"2017-05-15","mode":"submitSocial","container":"all","username":"arwin"}]
2017-05-17 05:06:38	[{"keyword":"@tripadvisor","from":"2017-05-15","mode":"submitSocial","container":"all","username":"arwin"}]
2017-05-17 05:06:43	[{"keyword":"@google","from":"2017-05-15","mode":"submitSocial","container":"all","username":"arwin"}]
2017-05-17 05:06:47	[{"keyword":"@telkomsel","from":"2017-05-15","mode":"submitSocial","container":"all","username":"arwin"}]
2017-05-17 05:06:50	[{"keyword":"@indosat","from":"2017-05-15","mode":"submitSocial","container":"all","username":"arwin"}]
2017-05-17 05:06:54	[{"keyword":"@bahanafmjkt","from":"2017-05-15","mode":"submitSocial","container":"all","username":""}]
2017-05-17 05:06:58	[{"keyword":"@sonorafm92","from":"2017-05-15","mode":"submitSocial","container":"all","username":"arwin"}]
2017-05-17 05:07:00	[{"keyword":"@litefm1058","from":"2017-05-15","mode":"submitSocial","container":"all","username":"arwin"}]
2017-05-17 05:07:03	[{"keyword":"@bravaradio","from":"2017-05-15","mode":"submitSocial","container":"all","username":"arwin"}]
2017-05-17 05:07:07	[{"keyword":"#dgitm","from":"2017-05-15","mode":"submitSocial","container":"all","username":"arwin"}]
2017-05-17 05:07:09	[{"keyword":"#hitsalaprambors","from":"2017-05-15","mode":"submitSocial","container":"all","username":"arwin"}]
2017-05-17 05:07:11	[{"keyword":"#reqprambors","from":"2017-05-15","mode":"submitSocial","container":"all","username":"arwin"}]
2017-05-17 05:07:14	[{"keyword":"#thedandees","from":"2017-05-15","mode":"submitSocial","container":"all","username":"arwin"}]
2017-05-17 05:07:16	[{"keyword":"#pramborsquiz","from":"2017-05-15","mode":"submitSocial","container":"all","username":"arwin"}]
2017-05-17 05:07:18	[{"keyword":"#jeliprambors","from":"2017-05-15","mode":"submitSocial","container":"all","username":"arwin"}]
2017-05-17 05:07:21	[{"keyword":"#jodohinprambors","from":"2017-05-15","mode":"submitSocial","container":"all","username":"arwin"}]
2017-05-17 05:07:23	[{"keyword":"#ubahdenganbicara","from":"2017-05-15","mode":"submitSocial","container":"all","username":"arwin"}]
2017-05-17 05:07:26	[{"keyword":"#pramborschat","from":"2017-05-15","mode":"submitSocial","container":"all","username":"arwin"}]
2017-05-17 05:07:28	[{"keyword":"#tweetforduit","from":"2017-05-15","mode":"submitSocial","container":"all","username":"arwin"}]
2017-05-17 05:07:30	[{"keyword":"#joki3in1","from":"2017-05-15","mode":"submitSocial","container":"all","username":"arwin"}]
2017-05-17 05:07:33	[{"keyword":"#sarapanseru","from":"2017-05-15","mode":"submitSocial","container":"all","username":"arwin"}]
2017-05-17 05:07:35	[{"keyword":"#rawonkaneloop","from":"2017-05-15","mode":"submitSocial","container":"all","username":"arwin"}]
2017-05-17 05:07:37	[{"keyword":"#gudegkendilkeraton","from":"2017-05-15","mode":"submitSocial","container":"all","username":"arwin"}]
2017-05-17 05:07:40	[{"keyword":"#gadogadobutika","from":"2017-05-15","mode":"submitSocial","container":"all","username":"arwin"}]
2017-05-17 05:07:42	[{"keyword":"#mtvhottest","from":"2017-05-15","mode":"submitSocial","container":"all","username":"arwin"}]
2017-05-17 05:07:45	[{"keyword":"#dimsumcjdw","from":"2017-05-15","mode":"submitSocial","container":"all","username":"arwin"}]
2017-05-17 05:07:47	[{"keyword":"#pecelmadiunmbakniek","from":"2017-05-15","mode":"submitSocial","container":"all","username":"arwin"}]
2017-05-17 05:07:50	[{"keyword":"#depotarema","from":"2017-05-15","mode":"submitSocial","container":"all","username":"arwin"}]
2017-05-17 05:07:52	[{"keyword":"@bni46","from":"2017-05-15","mode":"submitSocial","container":"all","username":"arwin"}]
2017-05-17 05:07:55	[{"keyword":"@bankbri_id","from":"2017-05-15","mode":"submitSocial","container":"all","username":"arwin"}]
2017-05-17 05:07:58	[{"keyword":"#bni46","from":"2017-05-15","mode":"submitSocial","container":"all","username":"arwin"}]
2017-05-17 05:08:03	[{"keyword":"macet","from":"2017-05-15","mode":"submitSocial","container":"all","username":"arwin"}]
2017-05-17 05:08:06	[{"keyword":"#selamatpagi","from":"2017-05-15","mode":"submitSocial","container":"all","username":"arwin"}]
2017-05-17 05:08:09	[{"keyword":"#selamatmalam","from":"2017-05-15","mode":"submitSocial","container":"all","username":"arwin"}]
2017-05-17 05:08:11	[{"keyword":"@884globalradio","from":"2017-05-15","mode":"submitSocial","container":"all","username":"arwin"}]
2017-05-17 05:08:14	[{"keyword":"@day_trans","from":"2017-05-15","mode":"submitSocial","container":"all","username":"arwin"}]
2017-05-17 05:08:16	[{"keyword":"@kencanavoyage","from":"2017-05-15","mode":"submitSocial","container":"all","username":"arwin"}]
2017-05-17 05:08:19	[{"keyword":"@jukebox5d","from":"2017-05-15","mode":"submitSocial","container":"all","username":"arwin"}]
2017-05-17 05:08:22	[{"keyword":"#mtvhottest","from":"2017-05-15","mode":"submitSocial","container":"all","username":"arwin"}]
2017-05-17 05:08:24	[{"keyword":"#semangatpagi","from":"2017-05-15","mode":"submitSocial","container":"all","username":"arwin"}]
2017-05-17 05:08:27	[{"keyword":"lifebuoy","from":"2017-05-15","mode":"submitSocial","container":"all","username":"arwin"}]
2017-05-17 05:08:34	[{"keyword":"jokowi","from":"2017-05-15","mode":"submitSocial","container":"all","username":"arwin"}]
2017-05-17 05:08:44	[{"keyword":"obama","from":"2017-05-15","mode":"submitSocial","container":"all","username":"arwin"}]
2017-05-17 05:08:47	[{"keyword":"starwars","from":"2017-05-15","mode":"submitSocial","container":"all","username":"arwin"}]
2017-05-17 05:08:51	[{"keyword":"jonan","from":"2017-05-15","mode":"submitSocial","container":"all","username":"arwin"}]
2017-05-17 05:09:01	[{"keyword":"pagi","from":"2017-05-15","mode":"submitSocial","container":"all","username":"arwin"}]
2017-05-17 05:09:04	[{"keyword":"sampoerna","from":"2017-05-15","mode":"submitSocial","container":"all","username":"arwin"}]
2017-05-17 05:09:07	[{"keyword":"djarum","from":"2017-05-15","mode":"submitSocial","container":"all","username":"arwin"}]
2017-05-17 05:09:10	[{"keyword":"#semangatpagi","from":"2017-05-15","mode":"submitSocial","container":"all","username":"arwin"}]
2017-05-17 05:09:11	[{"keyword":"#generaksi8","from":"2017-05-15","mode":"submitSocial","container":"all","username":"arwin"}]
2017-05-17 05:09:14	[{"keyword":"#365alasan","from":"2017-05-15","mode":"submitSocial","container":"all","username":"arwin"}]
2017-05-17 05:09:18	[{"keyword":"weew","from":"2017-05-15","mode":"submitSocial","container":"all","username":"arwin"}]
2017-05-17 05:09:27	[{"keyword":"testing","from":"2017-05-15","mode":"submitSocial","container":"all","username":"arwin"}]
2017-05-17 05:09:30	[{"keyword":"#kopaja","from":"2017-05-15","mode":"submitSocial","container":"all","username":"arwin"}]
2017-05-17 05:09:32	[{"keyword":"#genkuisinsideout","from":"2017-05-15","mode":"submitSocial","container":"all","username":"arwin"}]
2017-05-17 05:09:36	[{"keyword":"starwars","from":"2017-05-15","mode":"submitSocial","container":"all","username":"arwin"}]
2017-05-17 05:09:39	[{"keyword":"#kopaja","from":"2017-05-15","mode":"submitSocial","container":"all","username":"arwin"}]
2017-05-17 05:09:42	[{"keyword":"mldspot","from":"2017-05-15","mode":"submitSocial","container":"all","username":"arwin"}]
2017-05-17 05:09:44	[{"keyword":"pbdjarum","from":"2017-05-15","mode":"submitSocial","container":"all","username":"arwin"}]
2017-05-17 05:09:47	[{"keyword":"temannabati","from":"2017-05-15","mode":"submitSocial","container":"all","username":"arwin"}]
2017-05-17 05:09:51	[{"keyword":"nextar","from":"2017-05-15","mode":"submitSocial","container":"all","username":"arwin"}]
2017-05-17 05:09:54	[{"keyword":"jokowo","from":"2017-05-15","mode":"submitSocial","container":"all","username":"arwin"}]
2017-05-17 05:09:58	[{"keyword":"prabowo","from":"2017-05-15","mode":"submitSocial","container":"all","username":"arwin"}]
2017-05-17 05:10:02	[{"keyword":"sudirman said","from":"2017-05-15","mode":"submitSocial","container":"all","username":"arwin"}]
2017-05-17 05:10:16	[{"keyword":"ahok","from":"2017-05-15","mode":"submitSocial","container":"all","username":"arwin"}]
2017-05-17 05:10:18	[{"keyword":"setyanovanto","from":"2017-05-15","mode":"submitSocial","container":"all","username":"arwin"}]
2017-05-17 05:10:26	[{"keyword":"jokowi","from":"2017-05-15","mode":"submitSocial","container":"all","username":"arwin"}]
2017-05-17 05:10:38	[{"keyword":"ahok","from":"2017-05-15","mode":"submitSocial","container":"all","username":"arwin"}]
2017-05-17 05:10:42	[{"keyword":"prabowo","from":"2017-05-15","mode":"submitSocial","container":"all","username":"arwin"}]
2017-05-17 05:10:45	[{"keyword":"sudirman said","from":"2017-05-15","mode":"submitSocial","container":"all","username":"arwin"}]
2017-05-17 05:10:47	[{"keyword":"setyanovanto","from":"2017-05-15","mode":"submitSocial","container":"all","username":"arwin"}]
2017-05-17 05:10:52	[{"keyword":"galau","from":"2017-05-15","mode":"submitSocial","container":"all","username":"arwin"}]
2017-05-17 05:10:55	[{"keyword":"#prestasiindonesia","from":"2017-05-15","mode":"submitSocial","container":"all","username":"arwin"}]
2017-05-17 05:10:58	[{"keyword":"@tw_debi","from":"2017-05-15","mode":"submitSocial","container":"all","username":"arwin"}]
2017-05-17 05:11:00	[{"keyword":"@officialfastron","from":"2017-05-15","mode":"submitSocial","container":"all","username":"arwin"}]
2017-05-17 05:11:03	[{"keyword":"@citibankid","from":"2017-05-15","mode":"submitSocial","container":"all","username":"arwin"}]
2017-05-17 05:11:06	[{"keyword":"@jak101fm","from":"2017-05-15","mode":"submitSocial","container":"all","username":"arwin"}]
2017-05-17 05:11:09	[{"keyword":"@genfm","from":"2017-05-15","mode":"submitSocial","container":"all","username":"arwin"}]
2017-05-17 09:57:50	[{"keyword":"macet from pagi","from":"2017-05-01","mode":"submitAdvanced","container":"all","username":"tommy5D"},{"keyword":"macet from pagi","from":"2017-05-02","mode":"submitAdvanced","container":"all","username":"tommy5D"},{"keyword":"macet from pagi","from":"2017-05-03","mode":"submitAdvanced","container":"all","username":"tommy5D"},{"keyword":"macet from pagi","from":"2017-05-04","mode":"submitAdvanced","container":"all","username":"tommy5D"},{"keyword":"macet from pagi","from":"2017-05-05","mode":"submitAdvanced","container":"all","username":"tommy5D"},{"keyword":"macet from pagi","from":"2017-05-06","mode":"submitAdvanced","container":"all","username":"tommy5D"},{"keyword":"macet from pagi","from":"2017-05-07","mode":"submitAdvanced","container":"all","username":"tommy5D"},{"keyword":"macet from pagi","from":"2017-05-08","mode":"submitAdvanced","container":"all","username":"tommy5D"},{"keyword":"macet from pagi","from":"2017-05-09","mode":"submitAdvanced","container":"all","username":"tommy5D"},{"keyword":"macet from pagi","from":"2017-05-10","mode":"submitAdvanced","container":"all","username":"tommy5D"},{"keyword":"macet from pagi","from":"2017-05-11","mode":"submitAdvanced","container":"all","username":"tommy5D"},{"keyword":"macet from pagi","from":"2017-05-12","mode":"submitAdvanced","container":"all","username":"tommy5D"},{"keyword":"macet from pagi","from":"2017-05-13","mode":"submitAdvanced","container":"all","username":"tommy5D"},{"keyword":"macet from pagi","from":"2017-05-14","mode":"submitAdvanced","container":"all","username":"tommy5D"},{"keyword":"macet from pagi","from":"2017-05-15","mode":"submitAdvanced","container":"all","username":"tommy5D"},{"keyword":"macet from pagi","from":"2017-05-16","mode":"submitAdvanced","container":"all","username":"tommy5D"}]
2017-05-17 09:58:43	[{"keyword":"macet from siang","from":"2017-05-01","mode":"submitAdvanced","container":"all","username":"tommy5D"},{"keyword":"macet from siang","from":"2017-05-02","mode":"submitAdvanced","container":"all","username":"tommy5D"},{"keyword":"macet from siang","from":"2017-05-03","mode":"submitAdvanced","container":"all","username":"tommy5D"},{"keyword":"macet from siang","from":"2017-05-04","mode":"submitAdvanced","container":"all","username":"tommy5D"},{"keyword":"macet from siang","from":"2017-05-05","mode":"submitAdvanced","container":"all","username":"tommy5D"},{"keyword":"macet from siang","from":"2017-05-06","mode":"submitAdvanced","container":"all","username":"tommy5D"},{"keyword":"macet from siang","from":"2017-05-07","mode":"submitAdvanced","container":"all","username":"tommy5D"},{"keyword":"macet from siang","from":"2017-05-08","mode":"submitAdvanced","container":"all","username":"tommy5D"},{"keyword":"macet from siang","from":"2017-05-09","mode":"submitAdvanced","container":"all","username":"tommy5D"},{"keyword":"macet from siang","from":"2017-05-10","mode":"submitAdvanced","container":"all","username":"tommy5D"},{"keyword":"macet from siang","from":"2017-05-11","mode":"submitAdvanced","container":"all","username":"tommy5D"},{"keyword":"macet from siang","from":"2017-05-12","mode":"submitAdvanced","container":"all","username":"tommy5D"},{"keyword":"macet from siang","from":"2017-05-13","mode":"submitAdvanced","container":"all","username":"tommy5D"},{"keyword":"macet from siang","from":"2017-05-14","mode":"submitAdvanced","container":"all","username":"tommy5D"},{"keyword":"macet from siang","from":"2017-05-15","mode":"submitAdvanced","container":"all","username":"tommy5D"},{"keyword":"macet from siang","from":"2017-05-16","mode":"submitAdvanced","container":"all","username":"tommy5D"}]
2017-05-17 09:59:34	[{"keyword":"macet from sore","from":"2017-05-01","mode":"submitAdvanced","container":"all","username":"tommy5D"},{"keyword":"macet from sore","from":"2017-05-02","mode":"submitAdvanced","container":"all","username":"tommy5D"},{"keyword":"macet from sore","from":"2017-05-03","mode":"submitAdvanced","container":"all","username":"tommy5D"},{"keyword":"macet from sore","from":"2017-05-04","mode":"submitAdvanced","container":"all","username":"tommy5D"},{"keyword":"macet from sore","from":"2017-05-05","mode":"submitAdvanced","container":"all","username":"tommy5D"},{"keyword":"macet from sore","from":"2017-05-06","mode":"submitAdvanced","container":"all","username":"tommy5D"},{"keyword":"macet from sore","from":"2017-05-07","mode":"submitAdvanced","container":"all","username":"tommy5D"},{"keyword":"macet from sore","from":"2017-05-08","mode":"submitAdvanced","container":"all","username":"tommy5D"},{"keyword":"macet from sore","from":"2017-05-09","mode":"submitAdvanced","container":"all","username":"tommy5D"},{"keyword":"macet from sore","from":"2017-05-10","mode":"submitAdvanced","container":"all","username":"tommy5D"},{"keyword":"macet from sore","from":"2017-05-11","mode":"submitAdvanced","container":"all","username":"tommy5D"},{"keyword":"macet from sore","from":"2017-05-12","mode":"submitAdvanced","container":"all","username":"tommy5D"},{"keyword":"macet from sore","from":"2017-05-13","mode":"submitAdvanced","container":"all","username":"tommy5D"},{"keyword":"macet from sore","from":"2017-05-14","mode":"submitAdvanced","container":"all","username":"tommy5D"},{"keyword":"macet from sore","from":"2017-05-15","mode":"submitAdvanced","container":"all","username":"tommy5D"},{"keyword":"macet from sore","from":"2017-05-16","mode":"submitAdvanced","container":"all","username":"tommy5D"}]
2017-05-17 14:13:38	[{"keyword":"jakarta from senang","from":"2017-05-01","mode":"submitAdvanced","container":"all","username":"tommy5D"},{"keyword":"jakarta from senang","from":"2017-05-02","mode":"submitAdvanced","container":"all","username":"tommy5D"},{"keyword":"jakarta from senang","from":"2017-05-03","mode":"submitAdvanced","container":"all","username":"tommy5D"},{"keyword":"jakarta from senang","from":"2017-05-04","mode":"submitAdvanced","container":"all","username":"tommy5D"},{"keyword":"jakarta from senang","from":"2017-05-05","mode":"submitAdvanced","container":"all","username":"tommy5D"},{"keyword":"jakarta from senang","from":"2017-05-06","mode":"submitAdvanced","container":"all","username":"tommy5D"},{"keyword":"jakarta from senang","from":"2017-05-07","mode":"submitAdvanced","container":"all","username":"tommy5D"},{"keyword":"jakarta from senang","from":"2017-05-08","mode":"submitAdvanced","container":"all","username":"tommy5D"},{"keyword":"jakarta from senang","from":"2017-05-09","mode":"submitAdvanced","container":"all","username":"tommy5D"},{"keyword":"jakarta from senang","from":"2017-05-10","mode":"submitAdvanced","container":"all","username":"tommy5D"},{"keyword":"jakarta from senang","from":"2017-05-11","mode":"submitAdvanced","container":"all","username":"tommy5D"},{"keyword":"jakarta from senang","from":"2017-05-12","mode":"submitAdvanced","container":"all","username":"tommy5D"},{"keyword":"jakarta from senang","from":"2017-05-13","mode":"submitAdvanced","container":"all","username":"tommy5D"},{"keyword":"jakarta from senang","from":"2017-05-14","mode":"submitAdvanced","container":"all","username":"tommy5D"},{"keyword":"jakarta from senang","from":"2017-05-15","mode":"submitAdvanced","container":"all","username":"tommy5D"},{"keyword":"jakarta from senang","from":"2017-05-16","mode":"submitAdvanced","container":"all","username":"tommy5D"}]
2017-05-17 14:14:26	[{"keyword":"bandung from senang","from":"2017-05-01","mode":"submitAdvanced","container":"all","username":"tommy5D"},{"keyword":"bandung from senang","from":"2017-05-02","mode":"submitAdvanced","container":"all","username":"tommy5D"},{"keyword":"bandung from senang","from":"2017-05-03","mode":"submitAdvanced","container":"all","username":"tommy5D"},{"keyword":"bandung from senang","from":"2017-05-04","mode":"submitAdvanced","container":"all","username":"tommy5D"},{"keyword":"bandung from senang","from":"2017-05-05","mode":"submitAdvanced","container":"all","username":"tommy5D"},{"keyword":"bandung from senang","from":"2017-05-06","mode":"submitAdvanced","container":"all","username":"tommy5D"},{"keyword":"bandung from senang","from":"2017-05-07","mode":"submitAdvanced","container":"all","username":"tommy5D"},{"keyword":"bandung from senang","from":"2017-05-08","mode":"submitAdvanced","container":"all","username":"tommy5D"},{"keyword":"bandung from senang","from":"2017-05-09","mode":"submitAdvanced","container":"all","username":"tommy5D"},{"keyword":"bandung from senang","from":"2017-05-10","mode":"submitAdvanced","container":"all","username":"tommy5D"},{"keyword":"bandung from senang","from":"2017-05-11","mode":"submitAdvanced","container":"all","username":"tommy5D"},{"keyword":"bandung from senang","from":"2017-05-12","mode":"submitAdvanced","container":"all","username":"tommy5D"},{"keyword":"bandung from senang","from":"2017-05-13","mode":"submitAdvanced","container":"all","username":"tommy5D"},{"keyword":"bandung from senang","from":"2017-05-14","mode":"submitAdvanced","container":"all","username":"tommy5D"},{"keyword":"bandung from senang","from":"2017-05-15","mode":"submitAdvanced","container":"all","username":"tommy5D"},{"keyword":"bandung from senang","from":"2017-05-16","mode":"submitAdvanced","container":"all","username":"tommy5D"}]
2017-05-17 14:15:20	[{"keyword":"bekasi from senang","from":"2017-05-01","mode":"submitAdvanced","container":"all","username":"tommy5D"},{"keyword":"bekasi from senang","from":"2017-05-02","mode":"submitAdvanced","container":"all","username":"tommy5D"},{"keyword":"bekasi from senang","from":"2017-05-03","mode":"submitAdvanced","container":"all","username":"tommy5D"},{"keyword":"bekasi from senang","from":"2017-05-04","mode":"submitAdvanced","container":"all","username":"tommy5D"},{"keyword":"bekasi from senang","from":"2017-05-05","mode":"submitAdvanced","container":"all","username":"tommy5D"},{"keyword":"bekasi from senang","from":"2017-05-06","mode":"submitAdvanced","container":"all","username":"tommy5D"},{"keyword":"bekasi from senang","from":"2017-05-07","mode":"submitAdvanced","container":"all","username":"tommy5D"},{"keyword":"bekasi from senang","from":"2017-05-08","mode":"submitAdvanced","container":"all","username":"tommy5D"},{"keyword":"bekasi from senang","from":"2017-05-09","mode":"submitAdvanced","container":"all","username":"tommy5D"},{"keyword":"bekasi from senang","from":"2017-05-10","mode":"submitAdvanced","container":"all","username":"tommy5D"},{"keyword":"bekasi from senang","from":"2017-05-11","mode":"submitAdvanced","container":"all","username":"tommy5D"},{"keyword":"bekasi from senang","from":"2017-05-12","mode":"submitAdvanced","container":"all","username":"tommy5D"},{"keyword":"bekasi from senang","from":"2017-05-13","mode":"submitAdvanced","container":"all","username":"tommy5D"},{"keyword":"bekasi from senang","from":"2017-05-14","mode":"submitAdvanced","container":"all","username":"tommy5D"},{"keyword":"bekasi from senang","from":"2017-05-15","mode":"submitAdvanced","container":"all","username":"tommy5D"},{"keyword":"bekasi from senang","from":"2017-05-16","mode":"submitAdvanced","container":"all","username":"tommy5D"}]
