2017-04-15 05:00:02	worker	@987genfm;2017-04-13 - 2017-04-13;submitSocial;all;arwin
2017-04-15 05:00:06	worker	@101jakfm;2017-04-13 - 2017-04-13;submitSocial;all;arwin
2017-04-15 05:00:09	worker	@prambors;2017-04-13 - 2017-04-13;submitSocial;all;arwin
2017-04-15 05:00:13	worker	@hardrockfm;2017-04-13 - 2017-04-13;submitSocial;all;arwin
2017-04-15 05:00:16	worker	@kisfmjakarta;2017-04-13 - 2017-04-13;submitSocial;all;arwin
2017-04-15 05:00:20	worker	@delta_fm;2017-04-13 - 2017-04-13;submitSocial;all;arwin
2017-04-15 05:00:23	worker	@traxfmjkt;2017-04-13 - 2017-04-13;submitSocial;all;arwin
2017-04-15 05:00:26	worker	@iradiojakarta;2017-04-13 - 2017-04-13;submitSocial;all;arwin
2017-04-15 05:00:29	worker	@indika9160fm;2017-04-13 - 2017-04-13;submitSocial;all;arwin
2017-04-15 05:00:32	worker	@shellindonesia;2017-04-13 - 2017-04-13;submitSocial;all;arwin
2017-04-15 05:00:34	worker	@vpowerfans;2017-04-13 - 2017-04-13;submitSocial;all;arwin
2017-04-15 05:00:37	worker	@pertamaxind;2017-04-13 - 2017-04-13;submitSocial;all;arwin
2017-04-15 05:00:40	worker	@ptpertamina;2017-04-13 - 2017-04-13;submitSocial;all;arwin
2017-04-15 05:00:43	worker	@OZRadioJakarta;2017-04-13 - 2017-04-13;submitSocial;all;arwin
2017-04-15 05:00:46	worker	@CosmopolitanFM;2017-04-13 - 2017-04-13;submitSocial;all;arwin
2017-04-15 05:00:48	worker	@mustang88fm;2017-04-13 - 2017-04-13;submitSocial;all;arwin
2017-04-15 05:00:51	worker	@debabaz;2017-04-13 - 2017-04-13;submitSocial;all;arwin
2017-04-15 05:00:53	worker	@detikcom;2017-04-13 - 2017-04-13;submitSocial;all;arwin
2017-04-15 05:00:57	worker	@radioelshinta;2017-04-13 - 2017-04-13;submitSocial;all;arwin
2017-04-15 05:01:01	worker	@cinema21;2017-04-13 - 2017-04-13;submitSocial;all;arwin
2017-04-15 05:01:04	worker	@OfficialRCTI;2017-04-13 - 2017-04-13;submitSocial;all;arwin
2017-04-15 05:01:07	worker	@TRANSTV_CORP;2017-04-13 - 2017-04-13;submitSocial;all;arwin
2017-04-15 05:01:11	worker	@TRANS7;2017-04-13 - 2017-04-13;submitSocial;all;arwin
2017-04-15 05:01:14	worker	@Metro_TV;2017-04-13 - 2017-04-13;submitSocial;all;arwin
2017-04-15 05:01:18	worker	@tvOneNews;2017-04-13 - 2017-04-13;submitSocial;all;arwin
2017-04-15 05:01:22	worker	@whatsonANTV;2017-04-13 - 2017-04-13;submitSocial;all;arwin
2017-04-15 05:01:25	worker	@SCTV_;2017-04-13 - 2017-04-13;submitSocial;all;arwin
2017-04-15 05:01:28	worker	@KompasTV;2017-04-13 - 2017-04-13;submitSocial;all;arwin
2017-04-15 05:01:32	worker	@netmediatama;2017-04-13 - 2017-04-13;submitSocial;all;arwin
2017-04-15 05:01:35	worker	@Globaltvseru;2017-04-13 - 2017-04-13;submitSocial;all;arwin
2017-04-15 05:01:38	worker	@JaktvCom;2017-04-13 - 2017-04-13;submitSocial;all;arwin
2017-04-15 05:01:41	worker	@TVRINasional;2017-04-13 - 2017-04-13;submitSocial;all;arwin
2017-04-15 05:01:44	worker	@ochannelupdates;2017-04-13 - 2017-04-13;submitSocial;all;arwin
2017-04-15 05:01:47	worker	@IndosiarID;2017-04-13 - 2017-04-13;submitSocial;all;arwin
2017-04-15 05:01:51	worker	@kompascom;2017-04-13 - 2017-04-13;submitSocial;all;arwin
2017-04-15 05:01:55	worker	@merdekadotcom;2017-04-13 - 2017-04-13;submitSocial;all;arwin
2017-04-15 05:01:58	worker	@MIdotcom;2017-04-13 - 2017-04-13;submitSocial;all;arwin
2017-04-15 05:02:01	worker	@tempodotco;2017-04-13 - 2017-04-13;submitSocial;all;arwin
2017-04-15 05:02:04	worker	@motion975fm;2017-04-13 - 2017-04-13;submitSocial;all;arwin
2017-04-15 05:02:07	worker	@_radiotoday;2017-04-13 - 2017-04-13;submitSocial;all;arwin
2017-04-15 05:02:10	worker	@radioinfo;2017-04-13 - 2017-04-13;submitSocial;all;arwin
2017-04-15 05:02:13	worker	@979FeMaleRadio;2017-04-13 - 2017-04-13;submitSocial;all;arwin
2017-04-15 05:02:16	worker	@WomanRadio943FM;2017-04-13 - 2017-04-13;submitSocial;all;arwin
2017-04-15 05:02:18	worker	@VRadioFM;2017-04-13 - 2017-04-13;submitSocial;all;arwin
2017-04-15 05:02:22	worker	@UFM947;2017-04-13 - 2017-04-13;submitSocial;all;arwin
2017-04-15 05:02:24	worker	@VIVAnews;2017-04-13 - 2017-04-13;submitSocial;all;arwin
2017-04-15 05:02:27	worker	@antaranews;2017-04-13 - 2017-04-13;submitSocial;all;arwin
2017-04-15 05:02:30	worker	@tribunnews;2017-04-13 - 2017-04-13;submitSocial;all;arwin
2017-04-15 05:02:34	worker	@okezonenews;2017-04-13 - 2017-04-13;submitSocial;all;arwin
2017-04-15 05:02:37	worker	@Beritasatu;2017-04-13 - 2017-04-13;submitSocial;all;arwin
2017-04-15 05:02:41	worker	@rollingstoneina;2017-04-13 - 2017-04-13;submitSocial;all;arwin
2017-04-15 05:02:44	worker	@FIMELAdotcom;2017-04-13 - 2017-04-13;submitSocial;all;arwin
2017-04-15 05:02:47	worker	@KapanLagicom;2017-04-13 - 2017-04-13;submitSocial;all;arwin
2017-04-15 05:02:50	worker	@KompasEnt ;2017-04-13 - 2017-04-13;submitSocial;all;arwin
2017-04-15 05:02:53	worker	@HaiMagazine;2017-04-13 - 2017-04-13;submitSocial;all;arwin
2017-04-15 05:02:56	worker	@JakartaVenue;2017-04-13 - 2017-04-13;submitSocial;all;arwin
2017-04-15 05:02:58	worker	@SeputarEvent;2017-04-13 - 2017-04-13;submitSocial;all;arwin
2017-04-15 05:03:01	worker	@ismayaLive;2017-04-13 - 2017-04-13;submitSocial;all;arwin
2017-04-15 05:03:04	worker	@ECEntertainment;2017-04-13 - 2017-04-13;submitSocial;all;arwin
2017-04-15 05:03:07	worker	@synergism_En;2017-04-13 - 2017-04-13;submitSocial;all;arwin
2017-04-15 05:03:10	worker	@Urbanbandung;2017-04-13 - 2017-04-13;submitSocial;all;arwin
2017-04-15 05:03:12	worker	@Urbanrkm995;2017-04-13 - 2017-04-13;submitSocial;all;arwin
2017-04-15 05:03:14	worker	@Garuda_Promo;2017-04-13 - 2017-04-13;submitSocial;all;arwin
2017-04-15 05:03:17	worker	@AirAsiaID;2017-04-13 - 2017-04-13;submitSocial;all;arwin
2017-04-15 05:03:20	worker	@KAI121;2017-04-13 - 2017-04-13;submitSocial;all;arwin
2017-04-15 05:03:23	worker	@Unilever;2017-04-13 - 2017-04-13;submitSocial;all;arwin
2017-04-15 05:03:26	worker	@Nestle;2017-04-13 - 2017-04-13;submitSocial;all;arwin
2017-04-15 05:03:30	worker	@CocaCola;2017-04-13 - 2017-04-13;submitSocial;all;arwin
2017-04-15 05:03:35	worker	@CNN;2017-04-13 - 2017-04-13;submitSocial;all;arwin
2017-04-15 05:03:44	worker	@MTV;2017-04-13 - 2017-04-13;submitSocial;all;arwin
2017-04-15 05:03:48	worker	@channelv;2017-04-13 - 2017-04-13;submitSocial;all;arwin
2017-04-15 05:03:50	worker	@iTunesMusic;2017-04-13 - 2017-04-13;submitSocial;all;arwin
2017-04-15 05:03:53	worker	@mashable;2017-04-13 - 2017-04-13;submitSocial;all;arwin
2017-04-15 05:03:58	worker	@decacaz;2017-04-13 - 2017-04-13;submitSocial;all;arwin
2017-04-15 05:04:00	worker	@radiobaru967FM;2017-04-13 - 2017-04-13;submitSocial;all;arwin
2017-04-15 05:04:03	worker	@967HitzFM;2017-04-13 - 2017-04-13;submitSocial;all;arwin
2017-04-15 05:04:06	worker	@TVGuide;2017-04-13 - 2017-04-13;submitSocial;all;arwin
2017-04-15 05:04:09	worker	@XL123;2017-04-13 - 2017-04-13;submitSocial;all;arwin
2017-04-15 05:04:12	worker	@triindonesia;2017-04-13 - 2017-04-13;submitSocial;all;arwin
2017-04-15 05:04:15	worker	@kaskus;2017-04-13 - 2017-04-13;submitSocial;all;arwin
2017-04-15 05:04:19	worker	@Studio_XXI;2017-04-13 - 2017-04-13;submitSocial;all;arwin
2017-04-15 05:04:22	worker	@blitzmegaplex;2017-04-13 - 2017-04-13;submitSocial;all;arwin
2017-04-15 05:04:24	worker	@alfamartku;2017-04-13 - 2017-04-13;submitSocial;all;arwin
2017-04-15 05:04:27	worker	@Carrefour_ID;2017-04-13 - 2017-04-13;submitSocial;all;arwin
2017-04-15 05:04:30	worker	@BBCBreaking;2017-04-13 - 2017-04-13;submitSocial;all;arwin
2017-04-15 05:04:35	worker	@Forbes;2017-04-13 - 2017-04-13;submitSocial;all;arwin
2017-04-15 05:04:41	worker	@BensRadio;2017-04-13 - 2017-04-13;submitSocial;all;arwin
2017-04-15 05:04:44	worker	@instagram;2017-04-13 - 2017-04-13;submitSocial;all;arwin
2017-04-15 05:04:51	worker	@Pinterest;2017-04-13 - 2017-04-13;submitSocial;all;arwin
2017-04-15 05:04:54	worker	@google;2017-04-13 - 2017-04-13;submitSocial;all;arwin
2017-04-15 05:05:02	worker	@Pertaminalub;2017-04-13 - 2017-04-13;submitSocial;all;arwin
2017-04-15 05:05:05	worker	@InfoLalinTol;2017-04-13 - 2017-04-13;submitSocial;all;arwin
2017-04-15 05:05:07	worker	@PTJASAMARGA;2017-04-13 - 2017-04-13;submitSocial;all;arwin
2017-04-15 05:05:11	worker	@cititransindo;2017-04-13 - 2017-04-13;submitSocial;all;arwin
2017-04-15 05:05:13	worker	#semangatpagisuperr;2017-04-13 - 2017-04-13;submitSocial;all;arwin
2017-04-15 05:05:16	worker	#genkuisinsideout;2017-04-13 - 2017-04-13;submitSocial;all;arwin
2017-04-15 05:05:18	worker	#semangatpagi;2017-04-13 - 2017-04-13;submitSocial;all;arwin
2017-04-15 05:05:21	worker	#dikamar;2017-04-13 - 2017-04-13;submitSocial;all;arwin
2017-04-15 05:05:24	worker	#kopaja;2017-04-13 - 2017-04-13;submitSocial;all;arwin
2017-04-15 05:05:27	worker	#generaksi8;2017-04-13 - 2017-04-13;submitSocial;all;arwin
2017-04-15 05:05:29	worker	#hitztsp;2017-04-13 - 2017-04-13;submitSocial;all;arwin
2017-04-15 05:05:32	worker	#np;2017-04-13 - 2017-04-13;submitSocial;all;arwin
2017-04-15 05:05:36	worker	#hitzlivestage;2017-04-13 - 2017-04-13;submitSocial;all;arwin
2017-04-15 05:05:39	worker	#thefreaks;2017-04-13 - 2017-04-13;submitSocial;all;arwin
2017-04-15 05:05:41	worker	#hitzsirkuspagi;2017-04-13 - 2017-04-13;submitSocial;all;arwin
2017-04-15 05:05:44	worker	#hitzathlon;2017-04-13 - 2017-04-13;submitSocial;all;arwin
2017-04-15 05:05:47	worker	#hitzzombie;2017-04-13 - 2017-04-13;submitSocial;all;arwin
2017-04-15 05:05:49	worker	#hitzkalong;2017-04-13 - 2017-04-13;submitSocial;all;arwin
2017-04-15 05:05:52	worker	#hitzbebas;2017-04-13 - 2017-04-13;submitSocial;all;arwin
2017-04-15 05:05:55	worker	#hitzhorehara;2017-04-13 - 2017-04-13;submitSocial;all;arwin
2017-04-15 05:05:57	worker	@ZaloraID;2017-04-13 - 2017-04-13;submitSocial;all;arwin
2017-04-15 05:06:00	worker	@OLX_Indonesia;2017-04-13 - 2017-04-13;submitSocial;all;arwin
2017-04-15 05:06:03	worker	@LazadaID;2017-04-13 - 2017-04-13;submitSocial;all;arwin
2017-04-15 05:06:06	worker	@utrippers;2017-04-13 - 2017-04-13;submitSocial;all;arwin
2017-04-15 05:06:09	worker	@GoGobot;2017-04-13 - 2017-04-13;submitSocial;all;arwin
2017-04-15 05:06:12	worker	@viatortravel;2017-04-13 - 2017-04-13;submitSocial;all;arwin
2017-04-15 05:06:15	worker	@alandakariza;2017-04-13 - 2017-04-13;submitSocial;all;arwin
2017-04-15 05:06:18	worker	@gagasmedia;2017-04-13 - 2017-04-13;submitSocial;all;arwin
2017-04-15 05:06:21	worker	@welovehonda;2017-04-13 - 2017-04-13;submitSocial;all;arwin
2017-04-15 05:06:24	worker	@SuzukiMotorID;2017-04-13 - 2017-04-13;submitSocial;all;arwin
2017-04-15 05:06:26	worker	@kawasakilovers;2017-04-13 - 2017-04-13;submitSocial;all;arwin
2017-04-15 05:06:29	worker	@yamahaindonesia;2017-04-13 - 2017-04-13;submitSocial;all;arwin
2017-04-15 05:06:32	worker	@tripanzee;2017-04-13 - 2017-04-13;submitSocial;all;arwin
2017-04-15 05:06:35	worker	@arnoldpoernomo;2017-04-13 - 2017-04-13;submitSocial;all;arwin
2017-04-15 05:06:37	worker	@nicsap;2017-04-13 - 2017-04-13;submitSocial;all;arwin
2017-04-15 05:06:40	worker	@tiket2;2017-04-13 - 2017-04-13;submitSocial;all;arwin
2017-04-15 05:06:43	worker	@traveloka;2017-04-13 - 2017-04-13;submitSocial;all;arwin
2017-04-15 05:06:46	worker	@wego;2017-04-13 - 2017-04-13;submitSocial;all;arwin
2017-04-15 05:06:50	worker	@agoda;2017-04-13 - 2017-04-13;submitSocial;all;arwin
2017-04-15 05:06:53	worker	#salahsambung;2017-04-13 - 2017-04-13;submitSocial;all;arwin
2017-04-15 05:06:56	worker	#tulalit;2017-04-13 - 2017-04-13;submitSocial;all;arwin
2017-04-15 05:06:59	worker	#pestageneraksi8;2017-04-13 - 2017-04-13;submitSocial;all;arwin
2017-04-15 05:07:01	worker	#ganaskustik;2017-04-13 - 2017-04-13;submitSocial;all;arwin
2017-04-15 05:07:04	worker	#lnhot20;2017-04-13 - 2017-04-13;submitSocial;all;arwin
2017-04-15 05:07:06	worker	@TripAdvisor;2017-04-13 - 2017-04-13;submitSocial;all;arwin
2017-04-15 05:07:09	worker	@google;2017-04-13 - 2017-04-13;submitSocial;all;arwin
2017-04-15 05:07:17	worker	@Telkomsel;2017-04-13 - 2017-04-13;submitSocial;all;arwin
2017-04-15 05:07:21	worker	@indosat;2017-04-13 - 2017-04-13;submitSocial;all;arwin
2017-04-15 05:07:24	worker	@bahanafmjkt;2017-04-13 - 2017-04-13;submitSocial;all;2017-04-15 05:07:30	worker	@sonorafm92;2017-04-13 - 2017-04-13;submitSocial;all;arwin
2017-04-15 05:07:33	worker	@litefm1058;2017-04-13 - 2017-04-13;submitSocial;all;arwin
2017-04-15 05:07:35	worker	@Bravaradio;2017-04-13 - 2017-04-13;submitSocial;all;arwin
2017-04-15 05:07:37	worker	#dgitm;2017-04-13 - 2017-04-13;submitSocial;all;arwin
2017-04-15 05:07:41	worker	#hitsalaprambors;2017-04-13 - 2017-04-13;submitSocial;all;arwin
2017-04-15 05:07:43	worker	#reqprambors;2017-04-13 - 2017-04-13;submitSocial;all;arwin
2017-04-15 05:07:46	worker	#thedandees;2017-04-13 - 2017-04-13;submitSocial;all;arwin
2017-04-15 05:07:49	worker	#pramborsquiz;2017-04-13 - 2017-04-13;submitSocial;all;arwin
2017-04-15 05:07:51	worker	#jeliprambors;2017-04-13 - 2017-04-13;submitSocial;all;arwin
2017-04-15 05:07:54	worker	#jodohinprambors;2017-04-13 - 2017-04-13;submitSocial;all;arwin
2017-04-15 05:07:56	worker	#ubahdenganbicara;2017-04-13 - 2017-04-13;submitSocial;all;arwin
2017-04-15 05:07:59	worker	#pramborschat;2017-04-13 - 2017-04-13;submitSocial;all;arwin
2017-04-15 05:08:01	worker	#tweetforduit;2017-04-13 - 2017-04-13;submitSocial;all;arwin
2017-04-15 05:08:04	worker	#joki3in1;2017-04-13 - 2017-04-13;submitSocial;all;arwin
2017-04-15 05:08:06	worker	#sarapanseru;2017-04-13 - 2017-04-13;submitSocial;all;arwin
2017-04-15 05:08:09	worker	#rawonkaneloop;2017-04-13 - 2017-04-13;submitSocial;all;arwin
2017-04-15 05:08:12	worker	#gudegkendilkeraton;2017-04-13 - 2017-04-13;submitSocial;all;arwin
2017-04-15 05:08:14	worker	#gadogadobutika;2017-04-13 - 2017-04-13;submitSocial;all;arwin
2017-04-15 05:08:17	worker	#mtvhottest;2017-04-13 - 2017-04-13;submitSocial;all;arwin
2017-04-15 05:08:20	worker	#dimsumcjdw;2017-04-13 - 2017-04-13;submitSocial;all;arwin
2017-04-15 05:08:23	worker	#pecelmadiunmbakniek;2017-04-13 - 2017-04-13;submitSocial;all;arwin
2017-04-15 05:08:25	worker	#depotarema;2017-04-13 - 2017-04-13;submitSocial;all;arwin
2017-04-15 05:08:28	worker	@BNI46;2017-04-13 - 2017-04-13;submitSocial;all;arwin
2017-04-15 05:08:31	worker	@BANKBRI_ID;2017-04-13 - 2017-04-13;submitSocial;all;arwin
2017-04-15 05:08:34	worker	#bni46;2017-04-13 - 2017-04-13;submitSocial;all;arwin
2017-04-15 05:08:37	worker	macet;2017-04-13 - 2017-04-13;submitSocial;all;arwin
2017-04-15 05:08:43	worker	#selamatpagi;2017-04-13 - 2017-04-13;submitSocial;all;arwin
2017-04-15 05:08:46	worker	#selamatmalam;2017-04-13 - 2017-04-13;submitSocial;all;arwin
2017-04-15 05:08:49	worker	@884GlobalRadio;2017-04-13 - 2017-04-13;submitSocial;all;arwin
2017-04-15 05:08:51	worker	@day_trans;2017-04-13 - 2017-04-13;submitSocial;all;arwin
2017-04-15 05:08:54	worker	@kencanavoyage;2017-04-13 - 2017-04-13;submitSocial;all;arwin
2017-04-15 05:08:57	worker	@jukebox5d;2017-04-13 - 2017-04-13;submitSocial;all;arwin
2017-04-15 05:09:00	worker	#mtvhottest;2017-04-13 - 2017-04-13;submitSocial;all;arwin
2017-04-15 05:09:03	worker	#semangatpagi;2017-04-13 - 2017-04-13;submitSocial;all;arwin
2017-04-15 05:09:05	worker	lifebuoy;2017-04-13 - 2017-04-13;submitSocial;all;arwin
2017-04-15 05:09:08	worker	jokowi;2017-04-13 - 2017-04-13;submitSocial;all;arwin
2017-04-15 05:09:16	worker	obama;2017-04-13 - 2017-04-13;submitSocial;all;arwin
2017-04-15 05:09:26	worker	starwars;2017-04-13 - 2017-04-13;submitSocial;all;arwin
2017-04-15 05:09:30	worker	jonan;2017-04-13 - 2017-04-13;submitSocial;all;arwin
2017-04-15 05:09:34	worker	pagi;2017-04-13 - 2017-04-13;submitSocial;all;arwin
2017-04-15 05:09:43	worker	sampoerna;2017-04-13 - 2017-04-13;submitSocial;all;arwin
2017-04-15 05:09:46	worker	djarum;2017-04-13 - 2017-04-13;submitSocial;all;arwin
2017-04-15 05:09:50	worker	#semangatpagi;2017-04-13 - 2017-04-13;submitSocial;all;arwin
2017-04-15 05:09:53	worker	#generaksi8;2017-04-13 - 2017-04-13;submitSocial;all;arwin
2017-04-15 05:09:55	worker	#365alasan;2017-04-13 - 2017-04-13;submitSocial;all;arwin
2017-04-15 05:09:58	worker	weew;2017-04-13 - 2017-04-13;submitSocial;all;arwin
2017-04-15 05:10:01	worker	testing;2017-04-13 - 2017-04-13;submitSocial;all;arwin
2017-04-15 05:10:12	worker	#kopaja;2017-04-13 - 2017-04-13;submitSocial;all;arwin
2017-04-15 05:10:15	worker	#genkuisinsideout;2017-04-13 - 2017-04-13;submitSocial;all;arwin
2017-04-15 05:10:18	worker	starwars;2017-04-13 - 2017-04-13;submitSocial;all;arwin
2017-04-15 05:10:22	worker	#kopaja;2017-04-13 - 2017-04-13;submitSocial;all;arwin
2017-04-15 05:10:25	worker	mldspot;2017-04-13 - 2017-04-13;submitSocial;all;arwin
2017-04-15 05:10:28	worker	PBDjarum;2017-04-13 - 2017-04-13;submitSocial;all;arwin
2017-04-15 05:10:31	worker	TemanNabati;2017-04-13 - 2017-04-13;submitSocial;all;arwin
2017-04-15 05:10:34	worker	Nextar;2017-04-13 - 2017-04-13;submitSocial;all;arwin
2017-04-15 05:10:37	worker	jokowo;2017-04-13 - 2017-04-13;submitSocial;all;arwin
2017-04-15 05:10:41	worker	prabowo;2017-04-13 - 2017-04-13;submitSocial;all;arwin
2017-04-15 05:10:46	worker	sudirman said;2017-04-13 - 2017-04-13;submitSocial;all;arwin
2017-04-15 05:10:49	worker	ahok;2017-04-13 - 2017-04-13;submitSocial;all;arwin
2017-04-15 05:10:59	worker	setyanovanto;2017-04-13 - 2017-04-13;submitSocial;all;arwin
2017-04-15 05:11:02	worker	jokowi;2017-04-13 - 2017-04-13;submitSocial;all;arwin
2017-04-15 05:11:11	worker	ahok;2017-04-13 - 2017-04-13;submitSocial;all;arwin
2017-04-15 05:11:21	worker	prabowo;2017-04-13 - 2017-04-13;submitSocial;all;arwin
2017-04-15 05:11:26	worker	sudirman said;2017-04-13 - 2017-04-13;submitSocial;all;arwin
2017-04-15 05:11:29	worker	setyanovanto;2017-04-13 - 2017-04-13;submitSocial;all;arwin
2017-04-15 05:11:32	worker	galau;2017-04-13 - 2017-04-13;submitSocial;all;arwin
2017-04-15 05:11:37	worker	#prestasiindonesia;2017-04-13 - 2017-04-13;submitSocial;all;arwin
2017-04-15 05:11:40	worker	@Tw_Debi;2017-04-13 - 2017-04-13;submitSocial;all;arwin
2017-04-15 05:11:43	worker	@OfficialFastron;2017-04-13 - 2017-04-13;submitSocial;all;arwin
2017-04-15 05:11:45	worker	@CitibankID;2017-04-13 - 2017-04-13;submitSocial;all;arwin
2017-04-15 05:11:48	worker	@jak101fm;2017-04-13 - 2017-04-13;submitSocial;all;arwin
2017-04-15 05:11:51	worker	@genfm;2017-04-13 - 2017-04-13;submitSocial;all;arwin
