2017-03-05 05:00:06	[{"keyword":"@987genfm","from":"2017-03-03","mode":"submitSocial","container":"all","username":"arwin"}]
2017-03-05 05:00:09	[{"keyword":"@101jakfm","from":"2017-03-03","mode":"submitSocial","container":"all","username":"arwin"}]
2017-03-05 05:00:12	[{"keyword":"@prambors","from":"2017-03-03","mode":"submitSocial","container":"all","username":"arwin"}]
2017-03-05 05:00:15	[{"keyword":"@hardrockfm","from":"2017-03-03","mode":"submitSocial","container":"all","username":"arwin"}]
2017-03-05 05:00:18	[{"keyword":"@kisfmjakarta","from":"2017-03-03","mode":"submitSocial","container":"all","username":"arwin"}]
2017-03-05 05:00:22	[{"keyword":"@delta_fm","from":"2017-03-03","mode":"submitSocial","container":"all","username":"arwin"}]
2017-03-05 05:00:25	[{"keyword":"@traxfmjkt","from":"2017-03-03","mode":"submitSocial","container":"all","username":"arwin"}]
2017-03-05 05:00:28	[{"keyword":"@iradiojakarta","from":"2017-03-03","mode":"submitSocial","container":"all","username":"arwin"}]
2017-03-05 05:00:31	[{"keyword":"@indika9160fm","from":"2017-03-03","mode":"submitSocial","container":"all","username":"arwin"}]
2017-03-05 05:00:33	[{"keyword":"@shellindonesia","from":"2017-03-03","mode":"submitSocial","container":"all","username":"arwin"}]
2017-03-05 05:00:36	[{"keyword":"@vpowerfans","from":"2017-03-03","mode":"submitSocial","container":"all","username":"arwin"}]
2017-03-05 05:00:39	[{"keyword":"@pertamaxind","from":"2017-03-03","mode":"submitSocial","container":"all","username":"arwin"}]
2017-03-05 05:00:42	[{"keyword":"@ptpertamina","from":"2017-03-03","mode":"submitSocial","container":"all","username":"arwin"}]
2017-03-05 05:00:45	[{"keyword":"@ozradiojakarta","from":"2017-03-03","mode":"submitSocial","container":"all","username":"arwin"}]
2017-03-05 05:00:48	[{"keyword":"@cosmopolitanfm","from":"2017-03-03","mode":"submitSocial","container":"all","username":"arwin"}]
2017-03-05 05:00:51	[{"keyword":"@mustang88fm","from":"2017-03-03","mode":"submitSocial","container":"all","username":"arwin"}]
2017-03-05 05:00:53	[{"keyword":"@debabaz","from":"2017-03-03","mode":"submitSocial","container":"all","username":"arwin"}]
2017-03-05 05:00:57	[{"keyword":"@detikcom","from":"2017-03-03","mode":"submitSocial","container":"all","username":"arwin"}]
2017-03-05 05:01:00	[{"keyword":"@radioelshinta","from":"2017-03-03","mode":"submitSocial","container":"all","username":"arwin"}]
2017-03-05 05:01:03	[{"keyword":"@cinema21","from":"2017-03-03","mode":"submitSocial","container":"all","username":"arwin"}]
2017-03-05 05:01:06	[{"keyword":"@officialrcti","from":"2017-03-03","mode":"submitSocial","container":"all","username":"arwin"}]
2017-03-05 05:01:09	[{"keyword":"@transtv_corp","from":"2017-03-03","mode":"submitSocial","container":"all","username":"arwin"}]
2017-03-05 05:01:12	[{"keyword":"@trans7","from":"2017-03-03","mode":"submitSocial","container":"all","username":"arwin"}]
2017-03-05 05:01:16	[{"keyword":"@metro_tv","from":"2017-03-03","mode":"submitSocial","container":"all","username":"arwin"}]
2017-03-05 05:01:19	[{"keyword":"@tvonenews","from":"2017-03-03","mode":"submitSocial","container":"all","username":"arwin"}]
2017-03-05 05:01:22	[{"keyword":"@whatsonantv","from":"2017-03-03","mode":"submitSocial","container":"all","username":"arwin"}]
2017-03-05 05:01:26	[{"keyword":"@sctv_","from":"2017-03-03","mode":"submitSocial","container":"all","username":"arwin"}]
2017-03-05 05:01:29	[{"keyword":"@kompastv","from":"2017-03-03","mode":"submitSocial","container":"all","username":"arwin"}]
2017-03-05 05:01:32	[{"keyword":"@netmediatama","from":"2017-03-03","mode":"submitSocial","container":"all","username":"arwin"}]
2017-03-05 05:01:36	[{"keyword":"@globaltvseru","from":"2017-03-03","mode":"submitSocial","container":"all","username":"arwin"}]
2017-03-05 05:01:39	[{"keyword":"@jaktvcom","from":"2017-03-03","mode":"submitSocial","container":"all","username":"arwin"}]
2017-03-05 05:01:42	[{"keyword":"@tvrinasional","from":"2017-03-03","mode":"submitSocial","container":"all","username":"arwin"}]
2017-03-05 05:01:45	[{"keyword":"@ochannelupdates","from":"2017-03-03","mode":"submitSocial","container":"all","username":"arwin"}]
2017-03-05 05:01:48	[{"keyword":"@indosiarid","from":"2017-03-03","mode":"submitSocial","container":"all","username":"arwin"}]
2017-03-05 05:01:52	[{"keyword":"@kompascom","from":"2017-03-03","mode":"submitSocial","container":"all","username":"arwin"}]
2017-03-05 05:01:55	[{"keyword":"@merdekadotcom","from":"2017-03-03","mode":"submitSocial","container":"all","username":"arwin"}]
2017-03-05 05:01:58	[{"keyword":"@midotcom","from":"2017-03-03","mode":"submitSocial","container":"all","username":"arwin"}]
2017-03-05 05:02:01	[{"keyword":"@tempodotco","from":"2017-03-03","mode":"submitSocial","container":"all","username":"arwin"}]
2017-03-05 05:02:04	[{"keyword":"@motion975fm","from":"2017-03-03","mode":"submitSocial","container":"all","username":"arwin"}]
2017-03-05 05:02:07	[{"keyword":"@_radiotoday","from":"2017-03-03","mode":"submitSocial","container":"all","username":"arwin"}]
2017-03-05 05:02:10	[{"keyword":"@radioinfo","from":"2017-03-03","mode":"submitSocial","container":"all","username":"arwin"}]
2017-03-05 05:02:13	[{"keyword":"@979femaleradio","from":"2017-03-03","mode":"submitSocial","container":"all","username":"arwin"}]
2017-03-05 05:02:15	[{"keyword":"@womanradio943fm","from":"2017-03-03","mode":"submitSocial","container":"all","username":"arwin"}]
2017-03-05 05:02:18	[{"keyword":"@vradiofm","from":"2017-03-03","mode":"submitSocial","container":"all","username":"arwin"}]
2017-03-05 05:02:21	[{"keyword":"@ufm947","from":"2017-03-03","mode":"submitSocial","container":"all","username":"arwin"}]
2017-03-05 05:02:23	[{"keyword":"@vivanews","from":"2017-03-03","mode":"submitSocial","container":"all","username":"arwin"}]
2017-03-05 05:02:26	[{"keyword":"@antaranews","from":"2017-03-03","mode":"submitSocial","container":"all","username":"arwin"}]
2017-03-05 05:02:30	[{"keyword":"@tribunnews","from":"2017-03-03","mode":"submitSocial","container":"all","username":"arwin"}]
2017-03-05 05:02:33	[{"keyword":"@okezonenews","from":"2017-03-03","mode":"submitSocial","container":"all","username":"arwin"}]
2017-03-05 05:02:36	[{"keyword":"@beritasatu","from":"2017-03-03","mode":"submitSocial","container":"all","username":"arwin"}]
2017-03-05 05:02:39	[{"keyword":"@rollingstoneina","from":"2017-03-03","mode":"submitSocial","container":"all","username":"arwin"}]
2017-03-05 05:02:42	[{"keyword":"@fimeladotcom","from":"2017-03-03","mode":"submitSocial","container":"all","username":"arwin"}]
2017-03-05 05:02:44	[{"keyword":"@kapanlagicom","from":"2017-03-03","mode":"submitSocial","container":"all","username":"arwin"}]
2017-03-05 05:02:47	[{"keyword":"@kompasent","from":"2017-03-03","mode":"submitSocial","container":"all","username":"arwin"}]
2017-03-05 05:02:50	[{"keyword":"@haimagazine","from":"2017-03-03","mode":"submitSocial","container":"all","username":"arwin"}]
2017-03-05 05:02:53	[{"keyword":"@jakartavenue","from":"2017-03-03","mode":"submitSocial","container":"all","username":"arwin"}]
2017-03-05 05:02:55	[{"keyword":"@seputarevent","from":"2017-03-03","mode":"submitSocial","container":"all","username":"arwin"}]
2017-03-05 05:02:58	[{"keyword":"@ismayalive","from":"2017-03-03","mode":"submitSocial","container":"all","username":"arwin"}]
2017-03-05 05:03:01	[{"keyword":"@ecentertainment","from":"2017-03-03","mode":"submitSocial","container":"all","username":"arwin"}]
2017-03-05 05:03:04	[{"keyword":"@synergism_en","from":"2017-03-03","mode":"submitSocial","container":"all","username":"arwin"}]
2017-03-05 05:03:06	[{"keyword":"@urbanbandung","from":"2017-03-03","mode":"submitSocial","container":"all","username":"arwin"}]
2017-03-05 05:03:08	[{"keyword":"@urbanrkm995","from":"2017-03-03","mode":"submitSocial","container":"all","username":"arwin"}]
2017-03-05 05:03:11	[{"keyword":"@garuda_promo","from":"2017-03-03","mode":"submitSocial","container":"all","username":"arwin"}]
2017-03-05 05:03:14	[{"keyword":"@airasiaid","from":"2017-03-03","mode":"submitSocial","container":"all","username":"arwin"}]
2017-03-05 05:03:16	[{"keyword":"@kai121","from":"2017-03-03","mode":"submitSocial","container":"all","username":"arwin"}]
2017-03-05 05:03:20	[{"keyword":"@unilever","from":"2017-03-03","mode":"submitSocial","container":"all","username":"arwin"}]
2017-03-05 05:03:23	[{"keyword":"@nestle","from":"2017-03-03","mode":"submitSocial","container":"all","username":"arwin"}]
2017-03-05 05:03:27	[{"keyword":"@cocacola","from":"2017-03-03","mode":"submitSocial","container":"all","username":"arwin"}]
2017-03-05 05:03:35	[{"keyword":"@cnn","from":"2017-03-03","mode":"submitSocial","container":"all","username":"arwin"}]
2017-03-05 05:03:39	[{"keyword":"@mtv","from":"2017-03-03","mode":"submitSocial","container":"all","username":"arwin"}]
2017-03-05 05:03:41	[{"keyword":"@channelv","from":"2017-03-03","mode":"submitSocial","container":"all","username":"arwin"}]
2017-03-05 05:03:44	[{"keyword":"@itunesmusic","from":"2017-03-03","mode":"submitSocial","container":"all","username":"arwin"}]
2017-03-05 05:03:49	[{"keyword":"@mashable","from":"2017-03-03","mode":"submitSocial","container":"all","username":"arwin"}]
2017-03-05 05:03:51	[{"keyword":"@decacaz","from":"2017-03-03","mode":"submitSocial","container":"all","username":"arwin"}]
2017-03-05 05:03:54	[{"keyword":"@radiobaru967fm","from":"2017-03-03","mode":"submitSocial","container":"all","username":"arwin"}]
2017-03-05 05:03:57	[{"keyword":"@967hitzfm","from":"2017-03-03","mode":"submitSocial","container":"all","username":"arwin"}]
2017-03-05 05:04:00	[{"keyword":"@tvguide","from":"2017-03-03","mode":"submitSocial","container":"all","username":"arwin"}]
2017-03-05 05:04:04	[{"keyword":"@xl123","from":"2017-03-03","mode":"submitSocial","container":"all","username":"arwin"}]
2017-03-05 05:04:07	[{"keyword":"@triindonesia","from":"2017-03-03","mode":"submitSocial","container":"all","username":"arwin"}]
2017-03-05 05:04:10	[{"keyword":"@kaskus","from":"2017-03-03","mode":"submitSocial","container":"all","username":"arwin"}]
2017-03-05 05:04:13	[{"keyword":"@studio_xxi","from":"2017-03-03","mode":"submitSocial","container":"all","username":"arwin"}]
2017-03-05 05:04:15	[{"keyword":"@blitzmegaplex","from":"2017-03-03","mode":"submitSocial","container":"all","username":"arwin"}]
2017-03-05 05:04:18	[{"keyword":"@alfamartku","from":"2017-03-03","mode":"submitSocial","container":"all","username":"arwin"}]
2017-03-05 05:04:20	[{"keyword":"@carrefour_id","from":"2017-03-03","mode":"submitSocial","container":"all","username":"arwin"}]
2017-03-05 05:04:24	[{"keyword":"@bbcbreaking","from":"2017-03-03","mode":"submitSocial","container":"all","username":"arwin"}]
2017-03-05 05:04:31	[{"keyword":"@forbes","from":"2017-03-03","mode":"submitSocial","container":"all","username":"arwin"}]
2017-03-05 05:04:34	[{"keyword":"@bensradio","from":"2017-03-03","mode":"submitSocial","container":"all","username":"arwin"}]
2017-03-05 05:04:40	[{"keyword":"@instagram","from":"2017-03-03","mode":"submitSocial","container":"all","username":"arwin"}]
2017-03-05 05:04:44	[{"keyword":"@pinterest","from":"2017-03-03","mode":"submitSocial","container":"all","username":"arwin"}]
2017-03-05 05:04:51	[{"keyword":"@google","from":"2017-03-03","mode":"submitSocial","container":"all","username":"arwin"}]
2017-03-05 05:04:54	[{"keyword":"@pertaminalub","from":"2017-03-03","mode":"submitSocial","container":"all","username":"arwin"}]
2017-03-05 05:04:56	[{"keyword":"@infolalintol","from":"2017-03-03","mode":"submitSocial","container":"all","username":"arwin"}]
2017-03-05 05:04:59	[{"keyword":"@ptjasamarga","from":"2017-03-03","mode":"submitSocial","container":"all","username":"arwin"}]
2017-03-05 05:05:02	[{"keyword":"@cititransindo","from":"2017-03-03","mode":"submitSocial","container":"all","username":"arwin"}]
2017-03-05 05:05:05	[{"keyword":"#semangatpagisuperr","from":"2017-03-03","mode":"submitSocial","container":"all","username":"arwin"}]
2017-03-05 05:05:07	[{"keyword":"#genkuisinsideout","from":"2017-03-03","mode":"submitSocial","container":"all","username":"arwin"}]
2017-03-05 05:05:10	[{"keyword":"#semangatpagi","from":"2017-03-03","mode":"submitSocial","container":"all","username":"arwin"}]
2017-03-05 05:05:13	[{"keyword":"#dikamar","from":"2017-03-03","mode":"submitSocial","container":"all","username":"arwin"}]
2017-03-05 05:05:16	[{"keyword":"#kopaja","from":"2017-03-03","mode":"submitSocial","container":"all","username":"arwin"}]
2017-03-05 05:05:18	[{"keyword":"#generaksi8","from":"2017-03-03","mode":"submitSocial","container":"all","username":"arwin"}]
2017-03-05 05:05:21	[{"keyword":"#hitztsp","from":"2017-03-03","mode":"submitSocial","container":"all","username":"arwin"}]
2017-03-05 05:05:25	[{"keyword":"#np","from":"2017-03-03","mode":"submitSocial","container":"all","username":"arwin"}]
2017-03-05 05:05:28	[{"keyword":"#hitzlivestage","from":"2017-03-03","mode":"submitSocial","container":"all","username":"arwin"}]
2017-03-05 05:05:31	[{"keyword":"#thefreaks","from":"2017-03-03","mode":"submitSocial","container":"all","username":"arwin"}]
2017-03-05 05:05:33	[{"keyword":"#hitzsirkuspagi","from":"2017-03-03","mode":"submitSocial","container":"all","username":"arwin"}]
2017-03-05 05:05:36	[{"keyword":"#hitzathlon","from":"2017-03-03","mode":"submitSocial","container":"all","username":"arwin"}]
2017-03-05 05:05:39	[{"keyword":"#hitzzombie","from":"2017-03-03","mode":"submitSocial","container":"all","username":"arwin"}]
2017-03-05 05:05:42	[{"keyword":"#hitzkalong","from":"2017-03-03","mode":"submitSocial","container":"all","username":"arwin"}]
2017-03-05 05:05:45	[{"keyword":"#hitzbebas","from":"2017-03-03","mode":"submitSocial","container":"all","username":"arwin"}]
2017-03-05 05:05:48	[{"keyword":"#hitzhorehara","from":"2017-03-03","mode":"submitSocial","container":"all","username":"arwin"}]
2017-03-05 05:05:50	[{"keyword":"@zaloraid","from":"2017-03-03","mode":"submitSocial","container":"all","username":"arwin"}]
2017-03-05 05:05:53	[{"keyword":"@olx_indonesia","from":"2017-03-03","mode":"submitSocial","container":"all","username":"arwin"}]
2017-03-05 05:05:56	[{"keyword":"@lazadaid","from":"2017-03-03","mode":"submitSocial","container":"all","username":"arwin"}]
2017-03-05 05:05:59	[{"keyword":"@utrippers","from":"2017-03-03","mode":"submitSocial","container":"all","username":"arwin"}]
2017-03-05 05:06:02	[{"keyword":"@gogobot","from":"2017-03-03","mode":"submitSocial","container":"all","username":"arwin"}]
2017-03-05 05:06:05	[{"keyword":"@viatortravel","from":"2017-03-03","mode":"submitSocial","container":"all","username":"arwin"}]
2017-03-05 05:06:08	[{"keyword":"@alandakariza","from":"2017-03-03","mode":"submitSocial","container":"all","username":"arwin"}]
2017-03-05 05:06:10	[{"keyword":"@gagasmedia","from":"2017-03-03","mode":"submitSocial","container":"all","username":"arwin"}]
2017-03-05 05:06:13	[{"keyword":"@welovehonda","from":"2017-03-03","mode":"submitSocial","container":"all","username":"arwin"}]
2017-03-05 05:06:16	[{"keyword":"@suzukimotorid","from":"2017-03-03","mode":"submitSocial","container":"all","username":"arwin"}]
2017-03-05 05:06:19	[{"keyword":"@kawasakilovers","from":"2017-03-03","mode":"submitSocial","container":"all","username":"arwin"}]
2017-03-05 05:06:21	[{"keyword":"@yamahaindonesia","from":"2017-03-03","mode":"submitSocial","container":"all","username":"arwin"}]
2017-03-05 05:06:24	[{"keyword":"@tripanzee","from":"2017-03-03","mode":"submitSocial","container":"all","username":"arwin"}]
2017-03-05 05:06:27	[{"keyword":"@arnoldpoernomo","from":"2017-03-03","mode":"submitSocial","container":"all","username":"arwin"}]
2017-03-05 05:06:30	[{"keyword":"@nicsap","from":"2017-03-03","mode":"submitSocial","container":"all","username":"arwin"}]
2017-03-05 05:06:32	[{"keyword":"@tiket2","from":"2017-03-03","mode":"submitSocial","container":"all","username":"arwin"}]
2017-03-05 05:06:35	[{"keyword":"@traveloka","from":"2017-03-03","mode":"submitSocial","container":"all","username":"arwin"}]
2017-03-05 05:06:39	[{"keyword":"@wego","from":"2017-03-03","mode":"submitSocial","container":"all","username":"arwin"}]
2017-03-05 05:06:43	[{"keyword":"@agoda","from":"2017-03-03","mode":"submitSocial","container":"all","username":"arwin"}]
2017-03-05 05:06:46	[{"keyword":"#salahsambung","from":"2017-03-03","mode":"submitSocial","container":"all","username":"arwin"}]
2017-03-05 05:06:49	[{"keyword":"#tulalit","from":"2017-03-03","mode":"submitSocial","container":"all","username":"arwin"}]
2017-03-05 05:06:51	[{"keyword":"#pestageneraksi8","from":"2017-03-03","mode":"submitSocial","container":"all","username":"arwin"}]
2017-03-05 05:06:53	[{"keyword":"#ganaskustik","from":"2017-03-03","mode":"submitSocial","container":"all","username":"arwin"}]
2017-03-05 05:06:56	[{"keyword":"#lnhot20","from":"2017-03-03","mode":"submitSocial","container":"all","username":"arwin"}]
2017-03-05 05:06:59	[{"keyword":"@tripadvisor","from":"2017-03-03","mode":"submitSocial","container":"all","username":"arwin"}]
2017-03-05 05:07:06	[{"keyword":"@google","from":"2017-03-03","mode":"submitSocial","container":"all","username":"arwin"}]
2017-03-05 05:07:12	[{"keyword":"@telkomsel","from":"2017-03-03","mode":"submitSocial","container":"all","username":"arwin"}]
2017-03-05 05:07:15	[{"keyword":"@indosat","from":"2017-03-03","mode":"submitSocial","container":"all","username":"arwin"}]
2017-03-05 05:07:19	[{"keyword":"@bahanafmjkt","from":"2017-03-03","mode":"submitSocial","container":"all","username":""}]
2017-03-05 05:07:23	[{"keyword":"@sonorafm92","from":"2017-03-03","mode":"submitSocial","container":"all","username":"arwin"}]
2017-03-05 05:07:25	[{"keyword":"@litefm1058","from":"2017-03-03","mode":"submitSocial","container":"all","username":"arwin"}]
2017-03-05 05:07:28	[{"keyword":"@bravaradio","from":"2017-03-03","mode":"submitSocial","container":"all","username":"arwin"}]
2017-03-05 05:07:32	[{"keyword":"#dgitm","from":"2017-03-03","mode":"submitSocial","container":"all","username":"arwin"}]
2017-03-05 05:07:34	[{"keyword":"#hitsalaprambors","from":"2017-03-03","mode":"submitSocial","container":"all","username":"arwin"}]
2017-03-05 05:07:37	[{"keyword":"#reqprambors","from":"2017-03-03","mode":"submitSocial","container":"all","username":"arwin"}]
2017-03-05 05:07:40	[{"keyword":"#thedandees","from":"2017-03-03","mode":"submitSocial","container":"all","username":"arwin"}]
2017-03-05 05:07:42	[{"keyword":"#pramborsquiz","from":"2017-03-03","mode":"submitSocial","container":"all","username":"arwin"}]
2017-03-05 05:07:45	[{"keyword":"#jeliprambors","from":"2017-03-03","mode":"submitSocial","container":"all","username":"arwin"}]
2017-03-05 05:07:47	[{"keyword":"#jodohinprambors","from":"2017-03-03","mode":"submitSocial","container":"all","username":"arwin"}]
2017-03-05 05:07:49	[{"keyword":"#ubahdenganbicara","from":"2017-03-03","mode":"submitSocial","container":"all","username":"arwin"}]
2017-03-05 05:07:52	[{"keyword":"#pramborschat","from":"2017-03-03","mode":"submitSocial","container":"all","username":"arwin"}]
2017-03-05 05:07:55	[{"keyword":"#tweetforduit","from":"2017-03-03","mode":"submitSocial","container":"all","username":"arwin"}]
2017-03-05 05:07:57	[{"keyword":"#joki3in1","from":"2017-03-03","mode":"submitSocial","container":"all","username":"arwin"}]
2017-03-05 05:08:00	[{"keyword":"#sarapanseru","from":"2017-03-03","mode":"submitSocial","container":"all","username":"arwin"}]
2017-03-05 05:08:03	[{"keyword":"#rawonkaneloop","from":"2017-03-03","mode":"submitSocial","container":"all","username":"arwin"}]
2017-03-05 05:08:05	[{"keyword":"#gudegkendilkeraton","from":"2017-03-03","mode":"submitSocial","container":"all","username":"arwin"}]
2017-03-05 05:08:08	[{"keyword":"#gadogadobutika","from":"2017-03-03","mode":"submitSocial","container":"all","username":"arwin"}]
2017-03-05 05:08:11	[{"keyword":"#mtvhottest","from":"2017-03-03","mode":"submitSocial","container":"all","username":"arwin"}]
2017-03-05 05:08:14	[{"keyword":"#dimsumcjdw","from":"2017-03-03","mode":"submitSocial","container":"all","username":"arwin"}]
2017-03-05 05:08:16	[{"keyword":"#pecelmadiunmbakniek","from":"2017-03-03","mode":"submitSocial","container":"all","username":"arwin"}]
2017-03-05 05:08:19	[{"keyword":"#depotarema","from":"2017-03-03","mode":"submitSocial","container":"all","username":"arwin"}]
2017-03-05 05:08:22	[{"keyword":"@bni46","from":"2017-03-03","mode":"submitSocial","container":"all","username":"arwin"}]
2017-03-05 05:08:24	[{"keyword":"@bankbri_id","from":"2017-03-03","mode":"submitSocial","container":"all","username":"arwin"}]
2017-03-05 05:08:27	[{"keyword":"#bni46","from":"2017-03-03","mode":"submitSocial","container":"all","username":"arwin"}]
2017-03-05 05:08:33	[{"keyword":"macet","from":"2017-03-03","mode":"submitSocial","container":"all","username":"arwin"}]
2017-03-05 05:08:35	[{"keyword":"#selamatpagi","from":"2017-03-03","mode":"submitSocial","container":"all","username":"arwin"}]
2017-03-05 05:08:38	[{"keyword":"#selamatmalam","from":"2017-03-03","mode":"submitSocial","container":"all","username":"arwin"}]
2017-03-05 05:08:41	[{"keyword":"@884globalradio","from":"2017-03-03","mode":"submitSocial","container":"all","username":"arwin"}]
2017-03-05 05:08:44	[{"keyword":"@day_trans","from":"2017-03-03","mode":"submitSocial","container":"all","username":"arwin"}]
2017-03-05 05:08:46	[{"keyword":"@kencanavoyage","from":"2017-03-03","mode":"submitSocial","container":"all","username":"arwin"}]
2017-03-05 05:08:49	[{"keyword":"@jukebox5d","from":"2017-03-03","mode":"submitSocial","container":"all","username":"arwin"}]
2017-03-05 05:08:52	[{"keyword":"#mtvhottest","from":"2017-03-03","mode":"submitSocial","container":"all","username":"arwin"}]
2017-03-05 05:08:55	[{"keyword":"#semangatpagi","from":"2017-03-03","mode":"submitSocial","container":"all","username":"arwin"}]
2017-03-05 05:08:57	[{"keyword":"lifebuoy","from":"2017-03-03","mode":"submitSocial","container":"all","username":"arwin"}]
2017-03-05 05:09:05	[{"keyword":"jokowi","from":"2017-03-03","mode":"submitSocial","container":"all","username":"arwin"}]
2017-03-05 05:09:15	[{"keyword":"obama","from":"2017-03-03","mode":"submitSocial","container":"all","username":"arwin"}]
2017-03-05 05:09:18	[{"keyword":"starwars","from":"2017-03-03","mode":"submitSocial","container":"all","username":"arwin"}]
2017-03-05 05:09:23	[{"keyword":"jonan","from":"2017-03-03","mode":"submitSocial","container":"all","username":"arwin"}]
2017-03-05 05:09:32	[{"keyword":"pagi","from":"2017-03-03","mode":"submitSocial","container":"all","username":"arwin"}]
2017-03-05 05:09:35	[{"keyword":"sampoerna","from":"2017-03-03","mode":"submitSocial","container":"all","username":"arwin"}]
2017-03-05 05:09:39	[{"keyword":"djarum","from":"2017-03-03","mode":"submitSocial","container":"all","username":"arwin"}]
2017-03-05 05:09:42	[{"keyword":"#semangatpagi","from":"2017-03-03","mode":"submitSocial","container":"all","username":"arwin"}]
2017-03-05 05:09:44	[{"keyword":"#generaksi8","from":"2017-03-03","mode":"submitSocial","container":"all","username":"arwin"}]
2017-03-05 05:09:46	[{"keyword":"#365alasan","from":"2017-03-03","mode":"submitSocial","container":"all","username":"arwin"}]
2017-03-05 05:09:50	[{"keyword":"weew","from":"2017-03-03","mode":"submitSocial","container":"all","username":"arwin"}]
2017-03-05 05:09:59	[{"keyword":"testing","from":"2017-03-03","mode":"submitSocial","container":"all","username":"arwin"}]
2017-03-05 05:10:04	[{"keyword":"#kopaja","from":"2017-03-03","mode":"submitSocial","container":"all","username":"arwin"}]
2017-03-05 05:10:06	[{"keyword":"#genkuisinsideout","from":"2017-03-03","mode":"submitSocial","container":"all","username":"arwin"}]
2017-03-05 05:10:10	[{"keyword":"starwars","from":"2017-03-03","mode":"submitSocial","container":"all","username":"arwin"}]
2017-03-05 05:10:13	[{"keyword":"#kopaja","from":"2017-03-03","mode":"submitSocial","container":"all","username":"arwin"}]
2017-03-05 05:10:16	[{"keyword":"mldspot","from":"2017-03-03","mode":"submitSocial","container":"all","username":"arwin"}]
2017-03-05 05:10:19	[{"keyword":"pbdjarum","from":"2017-03-03","mode":"submitSocial","container":"all","username":"arwin"}]
2017-03-05 05:10:22	[{"keyword":"temannabati","from":"2017-03-03","mode":"submitSocial","container":"all","username":"arwin"}]
2017-03-05 05:10:26	[{"keyword":"nextar","from":"2017-03-03","mode":"submitSocial","container":"all","username":"arwin"}]
2017-03-05 05:10:30	[{"keyword":"jokowo","from":"2017-03-03","mode":"submitSocial","container":"all","username":"arwin"}]
2017-03-05 05:10:34	[{"keyword":"prabowo","from":"2017-03-03","mode":"submitSocial","container":"all","username":"arwin"}]
2017-03-05 05:10:37	[{"keyword":"sudirman said","from":"2017-03-03","mode":"submitSocial","container":"all","username":"arwin"}]
2017-03-05 05:10:47	[{"keyword":"ahok","from":"2017-03-03","mode":"submitSocial","container":"all","username":"arwin"}]
2017-03-05 05:10:50	[{"keyword":"setyanovanto","from":"2017-03-03","mode":"submitSocial","container":"all","username":"arwin"}]
2017-03-05 05:10:57	[{"keyword":"jokowi","from":"2017-03-03","mode":"submitSocial","container":"all","username":"arwin"}]
2017-03-05 05:11:08	[{"keyword":"ahok","from":"2017-03-03","mode":"submitSocial","container":"all","username":"arwin"}]
2017-03-05 05:11:11	[{"keyword":"prabowo","from":"2017-03-03","mode":"submitSocial","container":"all","username":"arwin"}]
2017-03-05 05:11:14	[{"keyword":"sudirman said","from":"2017-03-03","mode":"submitSocial","container":"all","username":"arwin"}]
2017-03-05 05:11:17	[{"keyword":"setyanovanto","from":"2017-03-03","mode":"submitSocial","container":"all","username":"arwin"}]
2017-03-05 05:11:22	[{"keyword":"galau","from":"2017-03-03","mode":"submitSocial","container":"all","username":"arwin"}]
2017-03-05 05:11:25	[{"keyword":"#prestasiindonesia","from":"2017-03-03","mode":"submitSocial","container":"all","username":"arwin"}]
2017-03-05 05:11:28	[{"keyword":"@tw_debi","from":"2017-03-03","mode":"submitSocial","container":"all","username":"arwin"}]
2017-03-05 05:11:31	[{"keyword":"@officialfastron","from":"2017-03-03","mode":"submitSocial","container":"all","username":"arwin"}]
2017-03-05 05:11:33	[{"keyword":"@citibankid","from":"2017-03-03","mode":"submitSocial","container":"all","username":"arwin"}]
2017-03-05 05:11:36	[{"keyword":"@jak101fm","from":"2017-03-03","mode":"submitSocial","container":"all","username":"arwin"}]
2017-03-05 05:11:40	[{"keyword":"@genfm","from":"2017-03-03","mode":"submitSocial","container":"all","username":"arwin"}]
