2017-10-25 05:00:05	[{"keyword":"@987genfm","from":"2017-10-23","mode":"submitSocial","container":"all","username":"arwin"}]
2017-10-25 05:00:08	[{"keyword":"@101jakfm","from":"2017-10-23","mode":"submitSocial","container":"all","username":"arwin"}]
2017-10-25 05:00:11	[{"keyword":"@prambors","from":"2017-10-23","mode":"submitSocial","container":"all","username":"arwin"}]
2017-10-25 05:00:14	[{"keyword":"@hardrockfm","from":"2017-10-23","mode":"submitSocial","container":"all","username":"arwin"}]
2017-10-25 05:00:16	[{"keyword":"@kisfmjakarta","from":"2017-10-23","mode":"submitSocial","container":"all","username":"arwin"}]
2017-10-25 05:00:19	[{"keyword":"@delta_fm","from":"2017-10-23","mode":"submitSocial","container":"all","username":"arwin"}]
2017-10-25 05:00:21	[{"keyword":"@traxfmjkt","from":"2017-10-23","mode":"submitSocial","container":"all","username":"arwin"}]
2017-10-25 05:00:24	[{"keyword":"@iradiojakarta","from":"2017-10-23","mode":"submitSocial","container":"all","username":"arwin"}]
2017-10-25 05:00:26	[{"keyword":"@indika9160fm","from":"2017-10-23","mode":"submitSocial","container":"all","username":"arwin"}]
2017-10-25 05:00:28	[{"keyword":"@shellindonesia","from":"2017-10-23","mode":"submitSocial","container":"all","username":"arwin"}]
2017-10-25 05:00:31	[{"keyword":"@vpowerfans","from":"2017-10-23","mode":"submitSocial","container":"all","username":"arwin"}]
2017-10-25 05:00:33	[{"keyword":"@pertamaxind","from":"2017-10-23","mode":"submitSocial","container":"all","username":"arwin"}]
2017-10-25 05:00:35	[{"keyword":"@ptpertamina","from":"2017-10-23","mode":"submitSocial","container":"all","username":"arwin"}]
2017-10-25 05:00:38	[{"keyword":"@ozradiojakarta","from":"2017-10-23","mode":"submitSocial","container":"all","username":"arwin"}]
2017-10-25 05:00:40	[{"keyword":"@cosmopolitanfm","from":"2017-10-23","mode":"submitSocial","container":"all","username":"arwin"}]
2017-10-25 05:00:43	[{"keyword":"@mustang88fm","from":"2017-10-23","mode":"submitSocial","container":"all","username":"arwin"}]
2017-10-25 05:00:45	[{"keyword":"@debabaz","from":"2017-10-23","mode":"submitSocial","container":"all","username":"arwin"}]
2017-10-25 05:00:50	[{"keyword":"@detikcom","from":"2017-10-23","mode":"submitSocial","container":"all","username":"arwin"}]
2017-10-25 05:00:53	[{"keyword":"@radioelshinta","from":"2017-10-23","mode":"submitSocial","container":"all","username":"arwin"}]
2017-10-25 05:00:55	[{"keyword":"@cinema21","from":"2017-10-23","mode":"submitSocial","container":"all","username":"arwin"}]
2017-10-25 05:00:57	[{"keyword":"@officialrcti","from":"2017-10-23","mode":"submitSocial","container":"all","username":"arwin"}]
2017-10-25 05:01:00	[{"keyword":"@transtv_corp","from":"2017-10-23","mode":"submitSocial","container":"all","username":"arwin"}]
2017-10-25 05:01:02	[{"keyword":"@trans7","from":"2017-10-23","mode":"submitSocial","container":"all","username":"arwin"}]
2017-10-25 05:01:06	[{"keyword":"@metro_tv","from":"2017-10-23","mode":"submitSocial","container":"all","username":"arwin"}]
2017-10-25 05:01:09	[{"keyword":"@tvonenews","from":"2017-10-23","mode":"submitSocial","container":"all","username":"arwin"}]
2017-10-25 05:01:11	[{"keyword":"@whatsonantv","from":"2017-10-23","mode":"submitSocial","container":"all","username":"arwin"}]
2017-10-25 05:01:14	[{"keyword":"@sctv_","from":"2017-10-23","mode":"submitSocial","container":"all","username":"arwin"}]
2017-10-25 05:01:16	[{"keyword":"@kompastv","from":"2017-10-23","mode":"submitSocial","container":"all","username":"arwin"}]
2017-10-25 05:01:20	[{"keyword":"@netmediatama","from":"2017-10-23","mode":"submitSocial","container":"all","username":"arwin"}]
2017-10-25 05:01:23	[{"keyword":"@globaltvseru","from":"2017-10-23","mode":"submitSocial","container":"all","username":"arwin"}]
2017-10-25 05:01:25	[{"keyword":"@jaktvcom","from":"2017-10-23","mode":"submitSocial","container":"all","username":"arwin"}]
2017-10-25 05:01:27	[{"keyword":"@tvrinasional","from":"2017-10-23","mode":"submitSocial","container":"all","username":"arwin"}]
2017-10-25 05:01:29	[{"keyword":"@ochannelupdates","from":"2017-10-23","mode":"submitSocial","container":"all","username":"arwin"}]
2017-10-25 05:01:34	[{"keyword":"@indosiarid","from":"2017-10-23","mode":"submitSocial","container":"all","username":"arwin"}]
2017-10-25 05:01:39	[{"keyword":"@kompascom","from":"2017-10-23","mode":"submitSocial","container":"all","username":"arwin"}]
2017-10-25 05:01:41	[{"keyword":"@merdekadotcom","from":"2017-10-23","mode":"submitSocial","container":"all","username":"arwin"}]
2017-10-25 05:01:44	[{"keyword":"@midotcom","from":"2017-10-23","mode":"submitSocial","container":"all","username":"arwin"}]
2017-10-25 05:01:46	[{"keyword":"@tempodotco","from":"2017-10-23","mode":"submitSocial","container":"all","username":"arwin"}]
2017-10-25 05:01:48	[{"keyword":"@motion975fm","from":"2017-10-23","mode":"submitSocial","container":"all","username":"arwin"}]
2017-10-25 05:01:51	[{"keyword":"@_radiotoday","from":"2017-10-23","mode":"submitSocial","container":"all","username":"arwin"}]
2017-10-25 05:01:53	[{"keyword":"@radioinfo","from":"2017-10-23","mode":"submitSocial","container":"all","username":"arwin"}]
2017-10-25 05:01:55	[{"keyword":"@979femaleradio","from":"2017-10-23","mode":"submitSocial","container":"all","username":"arwin"}]
2017-10-25 05:01:57	[{"keyword":"@womanradio943fm","from":"2017-10-23","mode":"submitSocial","container":"all","username":"arwin"}]
2017-10-25 05:02:00	[{"keyword":"@vradiofm","from":"2017-10-23","mode":"submitSocial","container":"all","username":"arwin"}]
2017-10-25 05:02:02	[{"keyword":"@ufm947","from":"2017-10-23","mode":"submitSocial","container":"all","username":"arwin"}]
2017-10-25 05:02:05	[{"keyword":"@vivanews","from":"2017-10-23","mode":"submitSocial","container":"all","username":"arwin"}]
2017-10-25 05:02:07	[{"keyword":"@antaranews","from":"2017-10-23","mode":"submitSocial","container":"all","username":"arwin"}]
2017-10-25 05:02:10	[{"keyword":"@tribunnews","from":"2017-10-23","mode":"submitSocial","container":"all","username":"arwin"}]
2017-10-25 05:02:13	[{"keyword":"@okezonenews","from":"2017-10-23","mode":"submitSocial","container":"all","username":"arwin"}]
2017-10-25 05:02:16	[{"keyword":"@beritasatu","from":"2017-10-23","mode":"submitSocial","container":"all","username":"arwin"}]
2017-10-25 05:02:18	[{"keyword":"@rollingstoneina","from":"2017-10-23","mode":"submitSocial","container":"all","username":"arwin"}]
2017-10-25 05:02:20	[{"keyword":"@fimeladotcom","from":"2017-10-23","mode":"submitSocial","container":"all","username":"arwin"}]
2017-10-25 05:02:23	[{"keyword":"@kapanlagicom","from":"2017-10-23","mode":"submitSocial","container":"all","username":"arwin"}]
2017-10-25 05:02:25	[{"keyword":"@kompasent","from":"2017-10-23","mode":"submitSocial","container":"all","username":"arwin"}]
2017-10-25 05:02:27	[{"keyword":"@haimagazine","from":"2017-10-23","mode":"submitSocial","container":"all","username":"arwin"}]
2017-10-25 05:02:29	[{"keyword":"@jakartavenue","from":"2017-10-23","mode":"submitSocial","container":"all","username":"arwin"}]
2017-10-25 05:02:32	[{"keyword":"@seputarevent","from":"2017-10-23","mode":"submitSocial","container":"all","username":"arwin"}]
2017-10-25 05:02:34	[{"keyword":"@ismayalive","from":"2017-10-23","mode":"submitSocial","container":"all","username":"arwin"}]
2017-10-25 05:02:36	[{"keyword":"@ecentertainment","from":"2017-10-23","mode":"submitSocial","container":"all","username":"arwin"}]
2017-10-25 05:02:38	[{"keyword":"@synergism_en","from":"2017-10-23","mode":"submitSocial","container":"all","username":"arwin"}]
2017-10-25 05:02:40	[{"keyword":"@urbanbandung","from":"2017-10-23","mode":"submitSocial","container":"all","username":"arwin"}]
2017-10-25 05:02:42	[{"keyword":"@urbanrkm995","from":"2017-10-23","mode":"submitSocial","container":"all","username":"arwin"}]
2017-10-25 05:02:44	[{"keyword":"@garuda_promo","from":"2017-10-23","mode":"submitSocial","container":"all","username":"arwin"}]
2017-10-25 05:02:46	[{"keyword":"@airasiaid","from":"2017-10-23","mode":"submitSocial","container":"all","username":"arwin"}]
2017-10-25 05:02:49	[{"keyword":"@kai121","from":"2017-10-23","mode":"submitSocial","container":"all","username":"arwin"}]
2017-10-25 05:02:51	[{"keyword":"@unilever","from":"2017-10-23","mode":"submitSocial","container":"all","username":"arwin"}]
2017-10-25 05:02:54	[{"keyword":"@nestle","from":"2017-10-23","mode":"submitSocial","container":"all","username":"arwin"}]
2017-10-25 05:02:58	[{"keyword":"@cocacola","from":"2017-10-23","mode":"submitSocial","container":"all","username":"arwin"}]
2017-10-25 05:03:06	[{"keyword":"@cnn","from":"2017-10-23","mode":"submitSocial","container":"all","username":"arwin"}]
2017-10-25 05:03:09	[{"keyword":"@mtv","from":"2017-10-23","mode":"submitSocial","container":"all","username":"arwin"}]
2017-10-25 05:03:11	[{"keyword":"@channelv","from":"2017-10-23","mode":"submitSocial","container":"all","username":"arwin"}]
2017-10-25 05:03:14	[{"keyword":"@itunesmusic","from":"2017-10-23","mode":"submitSocial","container":"all","username":"arwin"}]
2017-10-25 05:03:17	[{"keyword":"@mashable","from":"2017-10-23","mode":"submitSocial","container":"all","username":"arwin"}]
2017-10-25 05:03:19	[{"keyword":"@decacaz","from":"2017-10-23","mode":"submitSocial","container":"all","username":"arwin"}]
2017-10-25 05:03:21	[{"keyword":"@radiobaru967fm","from":"2017-10-23","mode":"submitSocial","container":"all","username":"arwin"}]
2017-10-25 05:03:24	[{"keyword":"@967hitzfm","from":"2017-10-23","mode":"submitSocial","container":"all","username":"arwin"}]
2017-10-25 05:03:26	[{"keyword":"@tvguide","from":"2017-10-23","mode":"submitSocial","container":"all","username":"arwin"}]
2017-10-25 05:03:28	[{"keyword":"@xl123","from":"2017-10-23","mode":"submitSocial","container":"all","username":"arwin"}]
2017-10-25 05:03:31	[{"keyword":"@triindonesia","from":"2017-10-23","mode":"submitSocial","container":"all","username":"arwin"}]
2017-10-25 05:03:34	[{"keyword":"@kaskus","from":"2017-10-23","mode":"submitSocial","container":"all","username":"arwin"}]
2017-10-25 05:03:36	[{"keyword":"@studio_xxi","from":"2017-10-23","mode":"submitSocial","container":"all","username":"arwin"}]
2017-10-25 05:03:38	[{"keyword":"@blitzmegaplex","from":"2017-10-23","mode":"submitSocial","container":"all","username":"arwin"}]
2017-10-25 05:03:40	[{"keyword":"@alfamartku","from":"2017-10-23","mode":"submitSocial","container":"all","username":"arwin"}]
2017-10-25 05:03:42	[{"keyword":"@carrefour_id","from":"2017-10-23","mode":"submitSocial","container":"all","username":"arwin"}]
2017-10-25 05:03:47	[{"keyword":"@bbcbreaking","from":"2017-10-23","mode":"submitSocial","container":"all","username":"arwin"}]
2017-10-25 05:03:53	[{"keyword":"@forbes","from":"2017-10-23","mode":"submitSocial","container":"all","username":"arwin"}]
2017-10-25 05:03:55	[{"keyword":"@bensradio","from":"2017-10-23","mode":"submitSocial","container":"all","username":"arwin"}]
2017-10-25 05:04:03	[{"keyword":"@instagram","from":"2017-10-23","mode":"submitSocial","container":"all","username":"arwin"}]
2017-10-25 05:04:06	[{"keyword":"@pinterest","from":"2017-10-23","mode":"submitSocial","container":"all","username":"arwin"}]
2017-10-25 05:04:13	[{"keyword":"@google","from":"2017-10-23","mode":"submitSocial","container":"all","username":"arwin"}]
2017-10-25 05:04:15	[{"keyword":"@pertaminalub","from":"2017-10-23","mode":"submitSocial","container":"all","username":"arwin"}]
2017-10-25 05:04:17	[{"keyword":"@infolalintol","from":"2017-10-23","mode":"submitSocial","container":"all","username":"arwin"}]
2017-10-25 05:04:20	[{"keyword":"@ptjasamarga","from":"2017-10-23","mode":"submitSocial","container":"all","username":"arwin"}]
2017-10-25 05:04:22	[{"keyword":"@cititransindo","from":"2017-10-23","mode":"submitSocial","container":"all","username":"arwin"}]
2017-10-25 05:04:24	[{"keyword":"#semangatpagisuperr","from":"2017-10-23","mode":"submitSocial","container":"all","username":"arwin"}]
2017-10-25 05:04:26	[{"keyword":"#genkuisinsideout","from":"2017-10-23","mode":"submitSocial","container":"all","username":"arwin"}]
2017-10-25 05:04:28	[{"keyword":"#semangatpagi","from":"2017-10-23","mode":"submitSocial","container":"all","username":"arwin"}]
2017-10-25 05:04:30	[{"keyword":"#dikamar","from":"2017-10-23","mode":"submitSocial","container":"all","username":"arwin"}]
2017-10-25 05:04:33	[{"keyword":"#kopaja","from":"2017-10-23","mode":"submitSocial","container":"all","username":"arwin"}]
2017-10-25 05:04:34	[{"keyword":"#generaksi8","from":"2017-10-23","mode":"submitSocial","container":"all","username":"arwin"}]
2017-10-25 05:04:37	[{"keyword":"#hitztsp","from":"2017-10-23","mode":"submitSocial","container":"all","username":"arwin"}]
2017-10-25 05:04:40	[{"keyword":"#np","from":"2017-10-23","mode":"submitSocial","container":"all","username":"arwin"}]
2017-10-25 05:04:42	[{"keyword":"#hitzlivestage","from":"2017-10-23","mode":"submitSocial","container":"all","username":"arwin"}]
2017-10-25 05:04:44	[{"keyword":"#thefreaks","from":"2017-10-23","mode":"submitSocial","container":"all","username":"arwin"}]
2017-10-25 05:04:46	[{"keyword":"#hitzsirkuspagi","from":"2017-10-23","mode":"submitSocial","container":"all","username":"arwin"}]
2017-10-25 05:04:48	[{"keyword":"#hitzathlon","from":"2017-10-23","mode":"submitSocial","container":"all","username":"arwin"}]
2017-10-25 05:04:51	[{"keyword":"#hitzzombie","from":"2017-10-23","mode":"submitSocial","container":"all","username":"arwin"}]
2017-10-25 05:04:53	[{"keyword":"#hitzkalong","from":"2017-10-23","mode":"submitSocial","container":"all","username":"arwin"}]
2017-10-25 05:04:55	[{"keyword":"#hitzbebas","from":"2017-10-23","mode":"submitSocial","container":"all","username":"arwin"}]
2017-10-25 05:04:57	[{"keyword":"#hitzhorehara","from":"2017-10-23","mode":"submitSocial","container":"all","username":"arwin"}]
2017-10-25 05:05:00	[{"keyword":"@zaloraid","from":"2017-10-23","mode":"submitSocial","container":"all","username":"arwin"}]
2017-10-25 05:05:03	[{"keyword":"@olx_indonesia","from":"2017-10-23","mode":"submitSocial","container":"all","username":"arwin"}]
2017-10-25 05:05:06	[{"keyword":"@lazadaid","from":"2017-10-23","mode":"submitSocial","container":"all","username":"arwin"}]
2017-10-25 05:05:08	[{"keyword":"@utrippers","from":"2017-10-23","mode":"submitSocial","container":"all","username":"arwin"}]
2017-10-25 05:05:11	[{"keyword":"@gogobot","from":"2017-10-23","mode":"submitSocial","container":"all","username":"arwin"}]
2017-10-25 05:05:13	[{"keyword":"@viatortravel","from":"2017-10-23","mode":"submitSocial","container":"all","username":"arwin"}]
2017-10-25 05:05:16	[{"keyword":"@alandakariza","from":"2017-10-23","mode":"submitSocial","container":"all","username":"arwin"}]
2017-10-25 05:05:18	[{"keyword":"@gagasmedia","from":"2017-10-23","mode":"submitSocial","container":"all","username":"arwin"}]
2017-10-25 05:05:21	[{"keyword":"@welovehonda","from":"2017-10-23","mode":"submitSocial","container":"all","username":"arwin"}]
2017-10-25 05:05:23	[{"keyword":"@suzukimotorid","from":"2017-10-23","mode":"submitSocial","container":"all","username":"arwin"}]
2017-10-25 05:05:25	[{"keyword":"@kawasakilovers","from":"2017-10-23","mode":"submitSocial","container":"all","username":"arwin"}]
2017-10-25 05:05:27	[{"keyword":"@yamahaindonesia","from":"2017-10-23","mode":"submitSocial","container":"all","username":"arwin"}]
2017-10-25 05:05:30	[{"keyword":"@tripanzee","from":"2017-10-23","mode":"submitSocial","container":"all","username":"arwin"}]
2017-10-25 05:05:32	[{"keyword":"@arnoldpoernomo","from":"2017-10-23","mode":"submitSocial","container":"all","username":"arwin"}]
2017-10-25 05:05:34	[{"keyword":"@nicsap","from":"2017-10-23","mode":"submitSocial","container":"all","username":"arwin"}]
2017-10-25 05:05:36	[{"keyword":"@tiket2","from":"2017-10-23","mode":"submitSocial","container":"all","username":"arwin"}]
2017-10-25 05:05:39	[{"keyword":"@traveloka","from":"2017-10-23","mode":"submitSocial","container":"all","username":"arwin"}]
2017-10-25 05:05:42	[{"keyword":"@wego","from":"2017-10-23","mode":"submitSocial","container":"all","username":"arwin"}]
2017-10-25 05:05:44	[{"keyword":"@agoda","from":"2017-10-23","mode":"submitSocial","container":"all","username":"arwin"}]
2017-10-25 05:05:46	[{"keyword":"#salahsambung","from":"2017-10-23","mode":"submitSocial","container":"all","username":"arwin"}]
2017-10-25 05:05:49	[{"keyword":"#tulalit","from":"2017-10-23","mode":"submitSocial","container":"all","username":"arwin"}]
2017-10-25 05:05:51	[{"keyword":"#pestageneraksi8","from":"2017-10-23","mode":"submitSocial","container":"all","username":"arwin"}]
2017-10-25 05:05:53	[{"keyword":"#ganaskustik","from":"2017-10-23","mode":"submitSocial","container":"all","username":"arwin"}]
2017-10-25 05:05:55	[{"keyword":"#lnhot20","from":"2017-10-23","mode":"submitSocial","container":"all","username":"arwin"}]
2017-10-25 05:05:57	[{"keyword":"@tripadvisor","from":"2017-10-23","mode":"submitSocial","container":"all","username":"arwin"}]
2017-10-25 05:06:05	[{"keyword":"@google","from":"2017-10-23","mode":"submitSocial","container":"all","username":"arwin"}]
2017-10-25 05:06:09	[{"keyword":"@telkomsel","from":"2017-10-23","mode":"submitSocial","container":"all","username":"arwin"}]
2017-10-25 05:06:12	[{"keyword":"@indosat","from":"2017-10-23","mode":"submitSocial","container":"all","username":"arwin"}]
2017-10-25 05:06:15	[{"keyword":"@bahanafmjkt","from":"2017-10-23","mode":"submitSocial","container":"all","username":""}]
2017-10-25 05:06:20	[{"keyword":"@sonorafm92","from":"2017-10-23","mode":"submitSocial","container":"all","username":"arwin"}]
2017-10-25 05:06:21	[{"keyword":"@litefm1058","from":"2017-10-23","mode":"submitSocial","container":"all","username":"arwin"}]
2017-10-25 05:06:24	[{"keyword":"@bravaradio","from":"2017-10-23","mode":"submitSocial","container":"all","username":"arwin"}]
2017-10-25 05:06:27	[{"keyword":"#dgitm","from":"2017-10-23","mode":"submitSocial","container":"all","username":"arwin"}]
2017-10-25 05:06:29	[{"keyword":"#hitsalaprambors","from":"2017-10-23","mode":"submitSocial","container":"all","username":"arwin"}]
2017-10-25 05:06:31	[{"keyword":"#reqprambors","from":"2017-10-23","mode":"submitSocial","container":"all","username":"arwin"}]
2017-10-25 05:06:33	[{"keyword":"#thedandees","from":"2017-10-23","mode":"submitSocial","container":"all","username":"arwin"}]
2017-10-25 05:06:35	[{"keyword":"#pramborsquiz","from":"2017-10-23","mode":"submitSocial","container":"all","username":"arwin"}]
2017-10-25 05:06:37	[{"keyword":"#jeliprambors","from":"2017-10-23","mode":"submitSocial","container":"all","username":"arwin"}]
2017-10-25 05:06:39	[{"keyword":"#jodohinprambors","from":"2017-10-23","mode":"submitSocial","container":"all","username":"arwin"}]
2017-10-25 05:06:41	[{"keyword":"#ubahdenganbicara","from":"2017-10-23","mode":"submitSocial","container":"all","username":"arwin"}]
2017-10-25 05:06:43	[{"keyword":"#pramborschat","from":"2017-10-23","mode":"submitSocial","container":"all","username":"arwin"}]
2017-10-25 05:06:45	[{"keyword":"#tweetforduit","from":"2017-10-23","mode":"submitSocial","container":"all","username":"arwin"}]
2017-10-25 05:06:47	[{"keyword":"#joki3in1","from":"2017-10-23","mode":"submitSocial","container":"all","username":"arwin"}]
2017-10-25 05:06:50	[{"keyword":"#sarapanseru","from":"2017-10-23","mode":"submitSocial","container":"all","username":"arwin"}]
2017-10-25 05:06:52	[{"keyword":"#rawonkaneloop","from":"2017-10-23","mode":"submitSocial","container":"all","username":"arwin"}]
2017-10-25 05:06:54	[{"keyword":"#gudegkendilkeraton","from":"2017-10-23","mode":"submitSocial","container":"all","username":"arwin"}]
2017-10-25 05:06:56	[{"keyword":"#gadogadobutika","from":"2017-10-23","mode":"submitSocial","container":"all","username":"arwin"}]
2017-10-25 05:06:58	[{"keyword":"#mtvhottest","from":"2017-10-23","mode":"submitSocial","container":"all","username":"arwin"}]
2017-10-25 05:07:00	[{"keyword":"#dimsumcjdw","from":"2017-10-23","mode":"submitSocial","container":"all","username":"arwin"}]
2017-10-25 05:07:02	[{"keyword":"#pecelmadiunmbakniek","from":"2017-10-23","mode":"submitSocial","container":"all","username":"arwin"}]
2017-10-25 05:07:05	[{"keyword":"#depotarema","from":"2017-10-23","mode":"submitSocial","container":"all","username":"arwin"}]
2017-10-25 05:07:07	[{"keyword":"@bni46","from":"2017-10-23","mode":"submitSocial","container":"all","username":"arwin"}]
2017-10-25 05:07:09	[{"keyword":"@bankbri_id","from":"2017-10-23","mode":"submitSocial","container":"all","username":"arwin"}]
2017-10-25 05:07:11	[{"keyword":"#bni46","from":"2017-10-23","mode":"submitSocial","container":"all","username":"arwin"}]
2017-10-25 05:07:17	[{"keyword":"macet","from":"2017-10-23","mode":"submitSocial","container":"all","username":"arwin"}]
2017-10-25 05:07:19	[{"keyword":"#selamatpagi","from":"2017-10-23","mode":"submitSocial","container":"all","username":"arwin"}]
2017-10-25 05:07:21	[{"keyword":"#selamatmalam","from":"2017-10-23","mode":"submitSocial","container":"all","username":"arwin"}]
2017-10-25 05:07:23	[{"keyword":"@884globalradio","from":"2017-10-23","mode":"submitSocial","container":"all","username":"arwin"}]
2017-10-25 05:07:25	[{"keyword":"@day_trans","from":"2017-10-23","mode":"submitSocial","container":"all","username":"arwin"}]
2017-10-25 05:07:28	[{"keyword":"@kencanavoyage","from":"2017-10-23","mode":"submitSocial","container":"all","username":"arwin"}]
2017-10-25 05:07:30	[{"keyword":"@jukebox5d","from":"2017-10-23","mode":"submitSocial","container":"all","username":"arwin"}]
2017-10-25 05:07:32	[{"keyword":"#mtvhottest","from":"2017-10-23","mode":"submitSocial","container":"all","username":"arwin"}]
2017-10-25 05:07:34	[{"keyword":"#semangatpagi","from":"2017-10-23","mode":"submitSocial","container":"all","username":"arwin"}]
2017-10-25 05:07:36	[{"keyword":"lifebuoy","from":"2017-10-23","mode":"submitSocial","container":"all","username":"arwin"}]
2017-10-25 05:07:43	[{"keyword":"jokowi","from":"2017-10-23","mode":"submitSocial","container":"all","username":"arwin"}]
2017-10-25 05:07:51	[{"keyword":"obama","from":"2017-10-23","mode":"submitSocial","container":"all","username":"arwin"}]
2017-10-25 05:07:54	[{"keyword":"starwars","from":"2017-10-23","mode":"submitSocial","container":"all","username":"arwin"}]
2017-10-25 05:07:57	[{"keyword":"jonan","from":"2017-10-23","mode":"submitSocial","container":"all","username":"arwin"}]
2017-10-25 05:08:06	[{"keyword":"pagi","from":"2017-10-23","mode":"submitSocial","container":"all","username":"arwin"}]
2017-10-25 05:08:09	[{"keyword":"sampoerna","from":"2017-10-23","mode":"submitSocial","container":"all","username":"arwin"}]
2017-10-25 05:08:12	[{"keyword":"djarum","from":"2017-10-23","mode":"submitSocial","container":"all","username":"arwin"}]
2017-10-25 05:08:14	[{"keyword":"#semangatpagi","from":"2017-10-23","mode":"submitSocial","container":"all","username":"arwin"}]
2017-10-25 05:08:16	[{"keyword":"#generaksi8","from":"2017-10-23","mode":"submitSocial","container":"all","username":"arwin"}]
2017-10-25 05:08:18	[{"keyword":"#365alasan","from":"2017-10-23","mode":"submitSocial","container":"all","username":"arwin"}]
2017-10-25 05:08:21	[{"keyword":"weew","from":"2017-10-23","mode":"submitSocial","container":"all","username":"arwin"}]
2017-10-25 05:08:29	[{"keyword":"testing","from":"2017-10-23","mode":"submitSocial","container":"all","username":"arwin"}]
2017-10-25 05:08:32	[{"keyword":"#kopaja","from":"2017-10-23","mode":"submitSocial","container":"all","username":"arwin"}]
2017-10-25 05:08:34	[{"keyword":"#genkuisinsideout","from":"2017-10-23","mode":"submitSocial","container":"all","username":"arwin"}]
2017-10-25 05:08:36	[{"keyword":"starwars","from":"2017-10-23","mode":"submitSocial","container":"all","username":"arwin"}]
2017-10-25 05:08:39	[{"keyword":"#kopaja","from":"2017-10-23","mode":"submitSocial","container":"all","username":"arwin"}]
2017-10-25 05:08:41	[{"keyword":"mldspot","from":"2017-10-23","mode":"submitSocial","container":"all","username":"arwin"}]
2017-10-25 05:08:44	[{"keyword":"pbdjarum","from":"2017-10-23","mode":"submitSocial","container":"all","username":"arwin"}]
2017-10-25 05:08:46	[{"keyword":"temannabati","from":"2017-10-23","mode":"submitSocial","container":"all","username":"arwin"}]
2017-10-25 05:08:49	[{"keyword":"nextar","from":"2017-10-23","mode":"submitSocial","container":"all","username":"arwin"}]
2017-10-25 05:08:52	[{"keyword":"jokowo","from":"2017-10-23","mode":"submitSocial","container":"all","username":"arwin"}]
2017-10-25 05:08:55	[{"keyword":"prabowo","from":"2017-10-23","mode":"submitSocial","container":"all","username":"arwin"}]
2017-10-25 05:08:57	[{"keyword":"sudirman said","from":"2017-10-23","mode":"submitSocial","container":"all","username":"arwin"}]
2017-10-25 05:09:03	[{"keyword":"ahok","from":"2017-10-23","mode":"submitSocial","container":"all","username":"arwin"}]
2017-10-25 05:09:06	[{"keyword":"setyanovanto","from":"2017-10-23","mode":"submitSocial","container":"all","username":"arwin"}]
2017-10-25 05:09:13	[{"keyword":"jokowi","from":"2017-10-23","mode":"submitSocial","container":"all","username":"arwin"}]
2017-10-25 05:09:18	[{"keyword":"ahok","from":"2017-10-23","mode":"submitSocial","container":"all","username":"arwin"}]
2017-10-25 05:09:22	[{"keyword":"prabowo","from":"2017-10-23","mode":"submitSocial","container":"all","username":"arwin"}]
2017-10-25 05:09:24	[{"keyword":"sudirman said","from":"2017-10-23","mode":"submitSocial","container":"all","username":"arwin"}]
2017-10-25 05:09:26	[{"keyword":"setyanovanto","from":"2017-10-23","mode":"submitSocial","container":"all","username":"arwin"}]
2017-10-25 05:09:30	[{"keyword":"galau","from":"2017-10-23","mode":"submitSocial","container":"all","username":"arwin"}]
2017-10-25 05:09:32	[{"keyword":"#prestasiindonesia","from":"2017-10-23","mode":"submitSocial","container":"all","username":"arwin"}]
2017-10-25 05:09:34	[{"keyword":"@tw_debi","from":"2017-10-23","mode":"submitSocial","container":"all","username":"arwin"}]
2017-10-25 05:09:36	[{"keyword":"@officialfastron","from":"2017-10-23","mode":"submitSocial","container":"all","username":"arwin"}]
2017-10-25 05:09:39	[{"keyword":"@citibankid","from":"2017-10-23","mode":"submitSocial","container":"all","username":"arwin"}]
2017-10-25 05:09:41	[{"keyword":"@jak101fm","from":"2017-10-23","mode":"submitSocial","container":"all","username":"arwin"}]
2017-10-25 05:09:44	[{"keyword":"@genfm","from":"2017-10-23","mode":"submitSocial","container":"all","username":"arwin"}]
