2017-03-06 05:00:15	[{"keyword":"@987genfm","from":"2017-03-04","mode":"submitSocial","container":"all","username":"arwin"}]
2017-03-06 05:00:27	[{"keyword":"@101jakfm","from":"2017-03-04","mode":"submitSocial","container":"all","username":"arwin"}]
2017-03-06 05:00:40	[{"keyword":"@prambors","from":"2017-03-04","mode":"submitSocial","container":"all","username":"arwin"}]
2017-03-06 05:00:52	[{"keyword":"@hardrockfm","from":"2017-03-04","mode":"submitSocial","container":"all","username":"arwin"}]
2017-03-06 05:01:04	[{"keyword":"@kisfmjakarta","from":"2017-03-04","mode":"submitSocial","container":"all","username":"arwin"}]
2017-03-06 05:01:16	[{"keyword":"@delta_fm","from":"2017-03-04","mode":"submitSocial","container":"all","username":"arwin"}]
2017-03-06 05:01:28	[{"keyword":"@traxfmjkt","from":"2017-03-04","mode":"submitSocial","container":"all","username":"arwin"}]
2017-03-06 05:01:40	[{"keyword":"@iradiojakarta","from":"2017-03-04","mode":"submitSocial","container":"all","username":"arwin"}]
2017-03-06 05:01:52	[{"keyword":"@indika9160fm","from":"2017-03-04","mode":"submitSocial","container":"all","username":"arwin"}]
2017-03-06 05:02:04	[{"keyword":"@shellindonesia","from":"2017-03-04","mode":"submitSocial","container":"all","username":"arwin"}]
2017-03-06 05:02:17	[{"keyword":"@vpowerfans","from":"2017-03-04","mode":"submitSocial","container":"all","username":"arwin"}]
2017-03-06 05:02:29	[{"keyword":"@pertamaxind","from":"2017-03-04","mode":"submitSocial","container":"all","username":"arwin"}]
2017-03-06 05:02:41	[{"keyword":"@ptpertamina","from":"2017-03-04","mode":"submitSocial","container":"all","username":"arwin"}]
2017-03-06 05:02:53	[{"keyword":"@ozradiojakarta","from":"2017-03-04","mode":"submitSocial","container":"all","username":"arwin"}]
2017-03-06 05:03:05	[{"keyword":"@cosmopolitanfm","from":"2017-03-04","mode":"submitSocial","container":"all","username":"arwin"}]
2017-03-06 05:03:17	[{"keyword":"@mustang88fm","from":"2017-03-04","mode":"submitSocial","container":"all","username":"arwin"}]
2017-03-06 05:03:28	[{"keyword":"@debabaz","from":"2017-03-04","mode":"submitSocial","container":"all","username":"arwin"}]
2017-03-06 05:03:41	[{"keyword":"@detikcom","from":"2017-03-04","mode":"submitSocial","container":"all","username":"arwin"}]
2017-03-06 05:03:54	[{"keyword":"@radioelshinta","from":"2017-03-04","mode":"submitSocial","container":"all","username":"arwin"}]
2017-03-06 05:04:06	[{"keyword":"@cinema21","from":"2017-03-04","mode":"submitSocial","container":"all","username":"arwin"}]
2017-03-06 05:04:19	[{"keyword":"@officialrcti","from":"2017-03-04","mode":"submitSocial","container":"all","username":"arwin"}]
2017-03-06 05:04:31	[{"keyword":"@transtv_corp","from":"2017-03-04","mode":"submitSocial","container":"all","username":"arwin"}]
2017-03-06 05:04:43	[{"keyword":"@trans7","from":"2017-03-04","mode":"submitSocial","container":"all","username":"arwin"}]
2017-03-06 05:04:56	[{"keyword":"@metro_tv","from":"2017-03-04","mode":"submitSocial","container":"all","username":"arwin"}]
2017-03-06 05:05:09	[{"keyword":"@tvonenews","from":"2017-03-04","mode":"submitSocial","container":"all","username":"arwin"}]
2017-03-06 05:05:21	[{"keyword":"@whatsonantv","from":"2017-03-04","mode":"submitSocial","container":"all","username":"arwin"}]
2017-03-06 05:05:34	[{"keyword":"@sctv_","from":"2017-03-04","mode":"submitSocial","container":"all","username":"arwin"}]
2017-03-06 05:05:47	[{"keyword":"@kompastv","from":"2017-03-04","mode":"submitSocial","container":"all","username":"arwin"}]
2017-03-06 05:05:59	[{"keyword":"@netmediatama","from":"2017-03-04","mode":"submitSocial","container":"all","username":"arwin"}]
2017-03-06 05:06:13	[{"keyword":"@globaltvseru","from":"2017-03-04","mode":"submitSocial","container":"all","username":"arwin"}]
2017-03-06 05:06:25	[{"keyword":"@jaktvcom","from":"2017-03-04","mode":"submitSocial","container":"all","username":"arwin"}]
2017-03-06 05:06:36	[{"keyword":"@tvrinasional","from":"2017-03-04","mode":"submitSocial","container":"all","username":"arwin"}]
2017-03-06 05:06:48	[{"keyword":"@ochannelupdates","from":"2017-03-04","mode":"submitSocial","container":"all","username":"arwin"}]
2017-03-06 05:07:01	[{"keyword":"@indosiarid","from":"2017-03-04","mode":"submitSocial","container":"all","username":"arwin"}]
2017-03-06 05:07:15	[{"keyword":"@kompascom","from":"2017-03-04","mode":"submitSocial","container":"all","username":"arwin"}]
2017-03-06 05:07:27	[{"keyword":"nelv","from":"2017-03-04","mode":"submitSocial","container":"all","username":"arwin"}]
2017-03-06 05:07:39	[{"keyword":"@itunesmusic","from":"2017-03-04","mode":"submitSocial","container":"all","username":"arwin"}]
2017-03-06 05:07:53	[{"keyword":"@mashable","from":"2017-03-04","mode":"submitSocial","container":"all","username":"arwin"}]
2017-03-06 05:08:06	[{"keyword":"@decacaz","from":"2017-03-04","mode":"submitSocial","container":"all","username":"arwin"}]
2017-03-06 05:08:18	[{"keyword":"@radiobaru967fm","from":"2017-03-04","mode":"submitSocial","container":"all","username":"arwin"}]
2017-03-06 05:08:30	[{"keyword":"@967hitzfm","from":"2017-03-04","mode":"submitSocial","container":"all","username":"arwin"}]
2017-03-06 05:08:43	[{"keyword":"@tvguide","from":"2017-03-04","mode":"submitSocial","container":"all","username":"arwin"}]
2017-03-06 05:08:56	[{"keyword":"@xl123","from":"2017-03-04","mode":"submitSocial","container":"all","username":"arwin"}]
2017-03-06 05:09:09	[{"keyword":"@triindonesia","from":"2017-03-04","mode":"submitSocial","container":"all","username":"arwin"}]
2017-03-06 05:09:22	[{"keyword":"@kaskus","from":"2017-03-04","mode":"submitSocial","container":"all","username":"arwin"}]
2017-03-06 05:09:34	[{"keyword":"@studio_xxi","from":"2017-03-04","mode":"submitSocial","container":"all","username":"arwin"}]
2017-03-06 05:09:45	[{"keyword":"@blitzmegaplex","from":"2017-03-04","mode":"submitSocial","container":"all","username":"arwin"}]
2017-03-06 05:09:57	[{"keyword":"@alfamartku","from":"2017-03-04","mode":"submitSocial","container":"all","username":"arwin"}]
2017-03-06 05:10:12	[{"keyword":"@carrefour_id","from":"2017-03-04","mode":"submitSocial","container":"all","username":"arwin"}]
2017-03-06 05:10:25	[{"keyword":"@bbcbreaking","from":"2017-03-04","mode":"submitSocial","container":"all","username":"arwin"}]
2017-03-06 05:10:40	[{"keyword":"@forbes","from":"2017-03-04","mode":"submitSocial","container":"all","username":"arwin"}]
2017-03-06 05:10:52	[{"keyword":"@bensradio","from":"2017-03-04","mode":"submitSocial","container":"all","username":"arwin"}]
2017-03-06 05:11:07	[{"keyword":"@instagram","from":"2017-03-04","mode":"submitSocial","container":"all","username":"arwin"}]
2017-03-06 05:11:19	[{"keyword":"@pinterest","from":"2017-03-04","mode":"submitSocial","container":"all","username":"arwin"}]
2017-03-06 05:11:34	[{"keyword":"@google","from":"2017-03-04","mode":"submitSocial","container":"all","username":"arwin"}]
2017-03-06 05:11:46	[{"keyword":"@pertaminalub","from":"2017-03-04","mode":"submitSocial","container":"all","username":"arwin"}]
2017-03-06 05:11:58	[{"keyword":"@infolalintol","from":"2017-03-04","mode":"submitSocial","container":"all","username":"arwin"}]
2017-03-06 05:12:11	[{"keyword":"@ptjasamarga","from":"2017-03-04","mode":"submitSocial","container":"all","username":"arwin"}]
2017-03-06 05:12:23	[{"keyword":"@cititransindo","from":"2017-03-04","mode":"submitSocial","container":"all","username":"arwin"}]
2017-03-06 05:12:35	[{"keyword":"#semangatpagisuperr","from":"2017-03-04","mode":"submitSocial","container":"all","username":"arwin"}]
2017-03-06 05:12:47	[{"keyword":"#genkuisinsideout","from":"2017-03-04","mode":"submitSocial","container":"all","username":"arwin"}]
2017-03-06 05:12:59	[{"keyword":"#semangatpagi","from":"2017-03-04","mode":"submitSocial","container":"all","username":"arwin"}]
2017-03-06 05:13:11	[{"keyword":"#dikamar","from":"2017-03-04","mode":"submitSocial","container":"all","username":"arwin"}]
2017-03-06 05:13:23	[{"keyword":"#kopaja","from":"2017-03-04","mode":"submitSocial","container":"all","username":"arwin"}]
2017-03-06 05:13:35	[{"keyword":"#generaksi8","from":"2017-03-04","mode":"submitSocial","container":"all","username":"arwin"}]
2017-03-06 05:13:47	[{"keyword":"#hitztsp","from":"2017-03-04","mode":"submitSocial","container":"all","username":"arwin"}]
2017-03-06 05:14:00	[{"keyword":"#np","from":"2017-03-04","mode":"submitSocial","container":"all","username":"arwin"}]
2017-03-06 05:14:12	[{"keyword":"#hitzlivestage","from":"2017-03-04","mode":"submitSocial","container":"all","username":"arwin"}]
2017-03-06 05:14:24	[{"keyword":"#thefreaks","from":"2017-03-04","mode":"submitSocial","container":"all","username":"arwin"}]
2017-03-06 05:14:36	[{"keyword":"#hitzsirkuspagi","from":"2017-03-04","mode":"submitSocial","container":"all","username":"arwin"}]
2017-03-06 05:14:48	[{"keyword":"#hitzathlon","from":"2017-03-04","mode":"submitSocial","container":"all","username":"arwin"}]
2017-03-06 05:15:00	[{"keyword":"#hitzzombie","from":"2017-03-04","mode":"submitSocial","container":"all","username":"arwin"}]
2017-03-06 05:15:12	[{"keyword":"#hitzkalong","from":"2017-03-04","mode":"submitSocial","container":"all","username":"arwin"}]
2017-03-06 05:15:25	[{"keyword":"#hitzbebas","from":"2017-03-04","mode":"submitSocial","container":"all","username":"arwin"}]
2017-03-06 05:15:37	[{"keyword":"#hitzhorehara","from":"2017-03-04","mode":"submitSocial","container":"all","username":"arwin"}]
2017-03-06 05:15:49	[{"keyword":"@zaloraid","from":"2017-03-04","mode":"submitSocial","container":"all","username":"arwin"}]
2017-03-06 05:16:01	[{"keyword":"@olx_indonesia","from":"2017-03-04","mode":"submitSocial","container":"all","username":"arwin"}]
2017-03-06 05:16:13	[{"keyword":"@lazadaid","from":"2017-03-04","mode":"submitSocial","container":"all","username":"arwin"}]
2017-03-06 05:16:25	[{"keyword":"@utrippers","from":"2017-03-04","mode":"submitSocial","container":"all","username":"arwin"}]
2017-03-06 05:16:37	[{"keyword":"@gogobot","from":"2017-03-04","mode":"submitSocial","container":"all","username":"arwin"}]
2017-03-06 05:16:49	[{"keyword":"@viatortravel","from":"2017-03-04","mode":"submitSocial","container":"all","username":"arwin"}]
2017-03-06 05:17:01	[{"keyword":"@alandakariza","from":"2017-03-04","mode":"submitSocial","container":"all","username":"arwin"}]
2017-03-06 05:17:14	[{"keyword":"@gagasmedia","from":"2017-03-04","mode":"submitSocial","container":"all","username":"arwin"}]
2017-03-06 05:17:26	[{"keyword":"@welovehonda","from":"2017-03-04","mode":"submitSocial","container":"all","username":"arwin"}]
2017-03-06 05:17:37	[{"keyword":"@suzukimotorid","from":"2017-03-04","mode":"submitSocial","container":"all","username":"arwin"}]
2017-03-06 05:17:49	[{"keyword":"@kawasakilovers","from":"2017-03-04","mode":"submitSocial","container":"all","username":"arwin"}]
2017-03-06 05:18:01	[{"keyword":"@yamahaindonesia","from":"2017-03-04","mode":"submitSocial","container":"all","username":"arwin"}]
2017-03-06 05:18:14	[{"keyword":"@tripanzee","from":"2017-03-04","mode":"submitSocial","container":"all","username":"arwin"}]
2017-03-06 05:18:26	[{"keyword":"@arnoldpoernomo","from":"2017-03-04","mode":"submitSocial","container":"all","username":"arwin"}]
2017-03-06 05:18:38	[{"keyword":"@nicsap","from":"2017-03-04","mode":"submitSocial","container":"all","username":"arwin"}]
2017-03-06 05:18:50	[{"keyword":"@tiket2","from":"2017-03-04","mode":"submitSocial","container":"all","username":"arwin"}]
2017-03-06 05:19:02	[{"keyword":"@traveloka","from":"2017-03-04","mode":"submitSocial","container":"all","username":"arwin"}]
2017-03-06 05:19:15	[{"keyword":"@wego","from":"2017-03-04","mode":"submitSocial","container":"all","username":"arwin"}]
2017-03-06 05:19:28	[{"keyword":"@agoda","from":"2017-03-04","mode":"submitSocial","container":"all","username":"arwin"}]
2017-03-06 05:19:39	[{"keyword":"#salahsambung","from":"2017-03-04","mode":"submitSocial","container":"all","username":"arwin"}]
2017-03-06 05:19:51	[{"keyword":"#tulalit","from":"2017-03-04","mode":"submitSocial","container":"all","username":"arwin"}]
2017-03-06 05:20:04	[{"keyword":"#pestageneraksi8","from":"2017-03-04","mode":"submitSocial","container":"all","username":"arwin"}]
2017-03-06 05:20:16	[{"keyword":"#ganaskustik","from":"2017-03-04","mode":"submitSocial","container":"all","username":"arwin"}]
2017-03-06 05:20:28	[{"keyword":"#lnhot20","from":"2017-03-04","mode":"submitSocial","container":"all","username":"arwin"}]
2017-03-06 05:20:41	[{"keyword":"@tripadvisor","from":"2017-03-04","mode":"submitSocial","container":"all","username":"arwin"}]
2017-03-06 05:20:55	[{"keyword":"@google","from":"2017-03-04","mode":"submitSocial","container":"all","username":"arwin"}]
2017-03-06 05:21:08	[{"keyword":"@telkomsel","from":"2017-03-04","mode":"submitSocial","container":"all","username":"arwin"}]
2017-03-06 05:21:20	[{"keyword":"@indosat","from":"2017-03-04","mode":"submitSocial","container":"all","username":"arwin"}]
2017-03-06 05:21:32	[{"keyword":"@bahanafmjkt","from":"2017-03-04","mode":"submitSocial","container":"all","username":"arwin"}]
2017-03-06 05:21:44	[{"keyword":"@sonorafm92","from":"2017-03-04","mode":"submitSocial","container":"all","username":"arwin"}]
2017-03-06 05:21:56	[{"keyword":"@litefm1058","from":"2017-03-04","mode":"submitSocial","container":"all","username":"arwin"}]
2017-03-06 05:22:09	[{"keyword":"@bravaradio","from":"2017-03-04","mode":"submitSocial","container":"all","username":"arwin"}]
2017-03-06 05:22:21	[{"keyword":"#dgitm","from":"2017-03-04","mode":"submitSocial","container":"all","username":"arwin"}]
2017-03-06 05:22:33	[{"keyword":"#hitsalaprambors","from":"2017-03-04","mode":"submitSocial","container":"all","username":"arwin"}]
2017-03-06 05:22:45	[{"keyword":"#reqprambors","from":"2017-03-04","mode":"submitSocial","container":"all","username":"arwin"}]
2017-03-06 05:22:57	[{"keyword":"#thedandees","from":"2017-03-04","mode":"submitSocial","container":"all","username":"arwin"}]
2017-03-06 05:23:09	[{"keyword":"#pramborsquiz","from":"2017-03-04","mode":"submitSocial","container":"all","username":"arwin"}]
2017-03-06 05:23:21	[{"keyword":"#jeliprambors","from":"2017-03-04","mode":"submitSocial","container":"all","username":"arwin"}]
2017-03-06 05:23:33	[{"keyword":"#jodohinprambors","from":"2017-03-04","mode":"submitSocial","container":"all","username":"arwin"}]
2017-03-06 05:23:45	[{"keyword":"#ubahdenganbicara","from":"2017-03-04","mode":"submitSocial","container":"all","username":"arwin"}]
2017-03-06 05:23:57	[{"keyword":"#pramborschat","from":"2017-03-04","mode":"submitSocial","container":"all","username":"arwin"}]
2017-03-06 05:24:10	[{"keyword":"#tweetforduit","from":"2017-03-04","mode":"submitSocial","container":"all","username":"arwin"}]
2017-03-06 05:24:22	[{"keyword":"#joki3in1","from":"2017-03-04","mode":"submitSocial","container":"all","username":"arwin"}]
2017-03-06 05:24:34	[{"keyword":"#sarapanseru","from":"2017-03-04","mode":"submitSocial","container":"all","username":"arwin"}]
2017-03-06 05:24:46	[{"keyword":"#rawonkaneloop","from":"2017-03-04","mode":"submitSocial","container":"all","username":"arwin"}]
2017-03-06 05:24:57	[{"keyword":"#gudegkendilkeraton","from":"2017-03-04","mode":"submitSocial","container":"all","username":"arwin"}]
2017-03-06 05:25:10	[{"keyword":"#gadogadobutika","from":"2017-03-04","mode":"submitSocial","container":"all","username":"arwin"}]
2017-03-06 05:25:22	[{"keyword":"#mtvhottest","from":"2017-03-04","mode":"submitSocial","container":"all","username":"arwin"}]
2017-03-06 05:25:34	[{"keyword":"#dimsumcjdw","from":"2017-03-04","mode":"submitSocial","container":"all","username":"arwin"}]
2017-03-06 05:25:46	[{"keyword":"#pecelmadiunmbakniek","from":"2017-03-04","mode":"submitSocial","container":"all","username":"arwin"}]
2017-03-06 05:25:58	[{"keyword":"#depotarema","from":"2017-03-04","mode":"submitSocial","container":"all","username":"arwin"}]
2017-03-06 05:26:11	[{"keyword":"@bni46","from":"2017-03-04","mode":"submitSocial","container":"all","username":"arwin"}]
2017-03-06 05:26:23	[{"keyword":"@bankbri_id","from":"2017-03-04","mode":"submitSocial","container":"all","username":"arwin"}]
2017-03-06 05:26:35	[{"keyword":"#bni46","from":"2017-03-04","mode":"submitSocial","container":"all","username":"arwin"}]
2017-03-06 05:26:49	[{"keyword":"macet","from":"2017-03-04","mode":"submitSocial","container":"all","username":"arwin"}]
2017-03-06 05:27:02	[{"keyword":"#selamatpagi","from":"2017-03-04","mode":"submitSocial","container":"all","username":"arwin"}]
2017-03-06 05:27:14	[{"keyword":"#selamatmalam","from":"2017-03-04","mode":"submitSocial","container":"all","username":"arwin"}]
2017-03-06 05:27:26	[{"keyword":"@884globalradio","from":"2017-03-04","mode":"submitSocial","container":"all","username":"arwin"}]
2017-03-06 05:27:38	[{"keyword":"@day_trans","from":"2017-03-04","mode":"submitSocial","container":"all","username":"arwin"}]
2017-03-06 05:27:50	[{"keyword":"@kencanavoyage","from":"2017-03-04","mode":"submitSocial","container":"all","username":"arwin"}]
2017-03-06 05:28:02	[{"keyword":"@jukebox5d","from":"2017-03-04","mode":"submitSocial","container":"all","username":"arwin"}]
2017-03-06 05:28:15	[{"keyword":"#mtvhottest","from":"2017-03-04","mode":"submitSocial","container":"all","username":"arwin"}]
2017-03-06 05:28:26	[{"keyword":"#semangatpagi","from":"2017-03-04","mode":"submitSocial","container":"all","username":"arwin"}]
2017-03-06 05:28:38	[{"keyword":"lifebuoy","from":"2017-03-04","mode":"submitSocial","container":"all","username":"arwin"}]
2017-03-06 05:28:54	[{"keyword":"jokowi","from":"2017-03-04","mode":"submitSocial","container":"all","username":"arwin"}]
2017-03-06 05:29:14	[{"keyword":"obama","from":"2017-03-04","mode":"submitSocial","container":"all","username":"arwin"}]
2017-03-06 05:29:26	[{"keyword":"starwars","from":"2017-03-04","mode":"submitSocial","container":"all","username":"arwin"}]
2017-03-06 05:29:39	[{"keyword":"jonan","from":"2017-03-04","mode":"submitSocial","container":"all","username":"arwin"}]
2017-03-06 05:29:57	[{"keyword":"pagi","from":"2017-03-04","mode":"submitSocial","container":"all","username":"arwin"}]
2017-03-06 05:30:12	[{"keyword":"sampoerna","from":"2017-03-04","mode":"submitSocial","container":"all","username":"arwin"}]
2017-03-06 05:30:25	[{"keyword":"djarum","from":"2017-03-04","mode":"submitSocial","container":"all","username":"arwin"}]
2017-03-06 05:30:37	[{"keyword":"#semangatpagi","from":"2017-03-04","mode":"submitSocial","container":"all","username":"arwin"}]
2017-03-06 05:30:48	[{"keyword":"#generaksi8","from":"2017-03-04","mode":"submitSocial","container":"all","username":"arwin"}]
2017-03-06 05:31:00	[{"keyword":"#365alasan","from":"2017-03-04","mode":"submitSocial","container":"all","username":"arwin"}]
2017-03-06 05:31:13	[{"keyword":"weew","from":"2017-03-04","mode":"submitSocial","container":"all","username":"arwin"}]
2017-03-06 05:31:30	[{"keyword":"testing","from":"2017-03-04","mode":"submitSocial","container":"all","username":"arwin"}]
2017-03-06 05:31:42	[{"keyword":"#kopaja","from":"2017-03-04","mode":"submitSocial","container":"all","username":"arwin"}]
2017-03-06 05:31:54	[{"keyword":"#genkuisinsideout","from":"2017-03-04","mode":"submitSocial","container":"all","username":"arwin"}]
2017-03-06 05:32:07	[{"keyword":"starwars","from":"2017-03-04","mode":"submitSocial","container":"all","username":"arwin"}]
2017-03-06 05:32:20	[{"keyword":"#kopaja","from":"2017-03-04","mode":"submitSocial","container":"all","username":"arwin"}]
2017-03-06 05:32:32	[{"keyword":"mldspot","from":"2017-03-04","mode":"submitSocial","container":"all","username":"arwin"}]
2017-03-06 05:32:44	[{"keyword":"pbdjarum","from":"2017-03-04","mode":"submitSocial","container":"all","username":"arwin"}]
2017-03-06 05:32:56	[{"keyword":"temannabati","from":"2017-03-04","mode":"submitSocial","container":"all","username":"arwin"}]
2017-03-06 05:33:09	[{"keyword":"nextar","from":"2017-03-04","mode":"submitSocial","container":"all","username":"arwin"}]
2017-03-06 05:33:21	[{"keyword":"jokowo","from":"2017-03-04","mode":"submitSocial","container":"all","username":"arwin"}]
2017-03-06 05:33:34	[{"keyword":"prabowo","from":"2017-03-04","mode":"submitSocial","container":"all","username":"arwin"}]
2017-03-06 05:33:46	[{"keyword":"sudirman said","from":"2017-03-04","mode":"submitSocial","container":"all","username":"arwin"}]
2017-03-06 05:34:06	[{"keyword":"ahok","from":"2017-03-04","mode":"submitSocial","container":"all","username":"arwin"}]
2017-03-06 05:34:18	[{"keyword":"setyanovanto","from":"2017-03-04","mode":"submitSocial","container":"all","username":"arwin"}]
2017-03-06 05:34:34	[{"keyword":"jokowi","from":"2017-03-04","mode":"submitSocial","container":"all","username":"arwin"}]
2017-03-06 05:34:53	[{"keyword":"ahok","from":"2017-03-04","mode":"submitSocial","container":"all","username":"arwin"}]
2017-03-06 05:35:06	[{"keyword":"prabowo","from":"2017-03-04","mode":"submitSocial","container":"all","username":"arwin"}]
2017-03-06 05:35:18	[{"keyword":"sudirman said","from":"2017-03-04","mode":"submitSocial","container":"all","username":"arwin"}]
2017-03-06 05:35:30	[{"keyword":"setyanovanto","from":"2017-03-04","mode":"submitSocial","container":"all","username":"arwin"}]
2017-03-06 05:35:45	[{"keyword":"galau","from":"2017-03-04","mode":"submitSocial","container":"all","username":"arwin"}]
2017-03-06 05:35:56	[{"keyword":"#prestasiindonesia","from":"2017-03-04","mode":"submitSocial","container":"all","username":"arwin"}]
2017-03-06 05:36:09	[{"keyword":"@tw_debi","from":"2017-03-04","mode":"submitSocial","container":"all","username":"arwin"}]
2017-03-06 05:36:21	[{"keyword":"@officialfastron","from":"2017-03-04","mode":"submitSocial","container":"all","username":"arwin"}]
2017-03-06 05:36:33	[{"keyword":"@citibankid","from":"2017-03-04","mode":"submitSocial","container":"all","username":"arwin"}]
2017-03-06 05:36:45	[{"keyword":"@jak101fm","from":"2017-03-04","mode":"submitSocial","container":"all","username":"arwin"}]
2017-03-06 05:36:46	[{"keyword":"@ge","from":"","mode":"","container":"","username":""}]
2017-03-06 05:37:01	[{"keyword":"starwars","from":"2017-03-04","mode":"submitSocial","container":"all","username":"arwin"}]
2017-03-06 05:37:14	[{"keyword":"jonan","from":"2017-03-04","mode":"submitSocial","container":"all","username":"arwin"}]
2017-03-06 05:37:32	[{"keyword":"pagi","from":"2017-03-04","mode":"submitSocial","container":"all","username":"arwin"}]
2017-03-06 05:37:44	[{"keyword":"sampoerna","from":"2017-03-04","mode":"submitSocial","container":"all","username":"arwin"}]
2017-03-06 05:37:57	[{"keyword":"djarum","from":"2017-03-04","mode":"submitSocial","container":"all","username":"arwin"}]
2017-03-06 05:38:09	[{"keyword":"#semangatpagi","from":"2017-03-04","mode":"submitSocial","container":"all","username":"arwin"}]
2017-03-06 05:38:21	[{"keyword":"#generaksi8","from":"2017-03-04","mode":"submitSocial","container":"all","username":"arwin"}]
2017-03-06 05:38:33	[{"keyword":"#365alasan","from":"2017-03-04","mode":"submitSocial","container":"all","username":"arwin"}]
2017-03-06 05:38:45	[{"keyword":"weew","from":"2017-03-04","mode":"submitSocial","container":"all","username":"arwin"}]
2017-03-06 05:39:03	[{"keyword":"testing","from":"2017-03-04","mode":"submitSocial","container":"all","username":"arwin"}]
2017-03-06 05:39:15	[{"keyword":"#kopaja","from":"2017-03-04","mode":"submitSocial","container":"all","username":"arwin"}]
2017-03-06 05:39:27	[{"keyword":"#genkuisinsideout","from":"2017-03-04","mode":"submitSocial","container":"all","username":"arwin"}]
2017-03-06 05:39:39	[{"keyword":"starwars","from":"2017-03-04","mode":"submitSocial","container":"all","username":"arwin"}]
2017-03-06 05:39:52	[{"keyword":"#kopaja","from":"2017-03-04","mode":"submitSocial","container":"all","username":"arwin"}]
2017-03-06 05:40:05	[{"keyword":"mldspot","from":"2017-03-04","mode":"submitSocial","container":"all","username":"arwin"}]
2017-03-06 05:40:17	[{"keyword":"pbdjarum","from":"2017-03-04","mode":"submitSocial","container":"all","username":"arwin"}]
2017-03-06 05:40:29	[{"keyword":"temannabati","from":"2017-03-04","mode":"submitSocial","container":"all","username":"arwin"}]
2017-03-06 05:40:42	[{"keyword":"nextar","from":"2017-03-04","mode":"submitSocial","container":"all","username":"arwin"}]
2017-03-06 05:40:55	[{"keyword":"jokowo","from":"2017-03-04","mode":"submitSocial","container":"all","username":"arwin"}]
2017-03-06 05:41:08	[{"keyword":"prabowo","from":"2017-03-04","mode":"submitSocial","container":"all","username":"arwin"}]
2017-03-06 05:41:19	[{"keyword":"sudirman said","from":"2017-03-04","mode":"submitSocial","container":"all","username":"arwin"}]
2017-03-06 05:41:39	[{"keyword":"ahok","from":"2017-03-04","mode":"submitSocial","container":"all","username":"arwin"}]
2017-03-06 05:41:51	[{"keyword":"setyanovanto","from":"2017-03-04","mode":"submitSocial","container":"all","username":"arwin"}]
2017-03-06 05:42:07	[{"keyword":"jokowi","from":"2017-03-04","mode":"submitSocial","container":"all","username":"arwin"}]
2017-03-06 05:42:26	[{"keyword":"ahok","from":"2017-03-04","mode":"submitSocial","container":"all","username":"arwin"}]
2017-03-06 05:42:39	[{"keyword":"prabowo","from":"2017-03-04","mode":"submitSocial","container":"all","username":"arwin"}]
2017-03-06 05:42:51	[{"keyword":"sudirman said","from":"2017-03-04","mode":"submitSocial","container":"all","username":"arwin"}]
2017-03-06 05:43:03	[{"keyword":"setyanovanto","from":"2017-03-04","mode":"submitSocial","container":"all","username":"arwin"}]
2017-03-06 05:43:17	[{"keyword":"galau","from":"2017-03-04","mode":"submitSocial","container":"all","username":"arwin"}]
2017-03-06 05:43:29	[{"keyword":"#prestasiindonesia","from":"2017-03-04","mode":"submitSocial","container":"all","username":"arwin"}]
2017-03-06 05:43:41	[{"keyword":"@tw_debi","from":"2017-03-04","mode":"submitSocial","container":"all","username":"arwin"}]
2017-03-06 05:43:53	[{"keyword":"@officialfastron","from":"2017-03-04","mode":"submitSocial","container":"all","username":"arwin"}]
2017-03-06 05:44:05	[{"keyword":"@citibankid","from":"2017-03-04","mode":"submitSocial","container":"all","username":"arwin"}]
2017-03-06 05:44:17	[{"keyword":"@jak101fm","from":"2017-03-04","mode":"submitSocial","container":"all","username":"arwin"}]
2017-03-06 05:44:30	[{"keyword":"@genfm","from":"2017-03-04","mode":"submitSocial","container":"all","username":"arwin"}]
2017-03-06 13:38:26	[{"keyword":"ahok","from":"2017-03-05","mode":"submitSocial","container":"all","username":"arwin"}]
2017-03-06 13:38:51	[{"keyword":"anies","from":"2017-02-27","mode":"submitSocial","container":"all","username":"arwin"},{"keyword":"anies","from":"2017-02-28","mode":"submitSocial","container":"all","username":"arwin"},{"keyword":"anies","from":"2017-03-01","mode":"submitSocial","container":"all","username":"arwin"},{"keyword":"anies","from":"2017-03-02","mode":"submitSocial","container":"all","username":"arwin"},{"keyword":"anies","from":"2017-03-03","mode":"submitSocial","container":"all","username":"arwin"},{"keyword":"anies","from":"2017-03-04","mode":"submitSocial","container":"all","username":"arwin"},{"keyword":"anies","from":"2017-03-05","mode":"submitSocial","container":"all","username":"arwin"}]
