2017-11-21 05:00:12	[{"keyword":"@987genfm","from":"2017-11-19","mode":"submitSocial","container":"all","username":"arwin"}]
2017-11-21 05:00:16	[{"keyword":"@101jakfm","from":"2017-11-19","mode":"submitSocial","container":"all","username":"arwin"}]
2017-11-21 05:00:19	[{"keyword":"@prambors","from":"2017-11-19","mode":"submitSocial","container":"all","username":"arwin"}]
2017-11-21 05:00:21	[{"keyword":"@hardrockfm","from":"2017-11-19","mode":"submitSocial","container":"all","username":"arwin"}]
2017-11-21 05:00:24	[{"keyword":"@kisfmjakarta","from":"2017-11-19","mode":"submitSocial","container":"all","username":"arwin"}]
2017-11-21 05:00:26	[{"keyword":"@delta_fm","from":"2017-11-19","mode":"submitSocial","container":"all","username":"arwin"}]
2017-11-21 05:00:29	[{"keyword":"@traxfmjkt","from":"2017-11-19","mode":"submitSocial","container":"all","username":"arwin"}]
2017-11-21 05:00:32	[{"keyword":"@iradiojakarta","from":"2017-11-19","mode":"submitSocial","container":"all","username":"arwin"}]
2017-11-21 05:00:34	[{"keyword":"@indika9160fm","from":"2017-11-19","mode":"submitSocial","container":"all","username":"arwin"}]
2017-11-21 05:00:36	[{"keyword":"@shellindonesia","from":"2017-11-19","mode":"submitSocial","container":"all","username":"arwin"}]
2017-11-21 05:00:39	[{"keyword":"@vpowerfans","from":"2017-11-19","mode":"submitSocial","container":"all","username":"arwin"}]
2017-11-21 05:00:41	[{"keyword":"@pertamaxind","from":"2017-11-19","mode":"submitSocial","container":"all","username":"arwin"}]
2017-11-21 05:00:44	[{"keyword":"@ptpertamina","from":"2017-11-19","mode":"submitSocial","container":"all","username":"arwin"}]
2017-11-21 05:00:46	[{"keyword":"@ozradiojakarta","from":"2017-11-19","mode":"submitSocial","container":"all","username":"arwin"}]
2017-11-21 05:00:48	[{"keyword":"@cosmopolitanfm","from":"2017-11-19","mode":"submitSocial","container":"all","username":"arwin"}]
2017-11-21 05:00:51	[{"keyword":"@mustang88fm","from":"2017-11-19","mode":"submitSocial","container":"all","username":"arwin"}]
2017-11-21 05:00:53	[{"keyword":"@debabaz","from":"2017-11-19","mode":"submitSocial","container":"all","username":"arwin"}]
2017-11-21 05:00:56	[{"keyword":"@detikcom","from":"2017-11-19","mode":"submitSocial","container":"all","username":"arwin"}]
2017-11-21 05:00:59	[{"keyword":"@radioelshinta","from":"2017-11-19","mode":"submitSocial","container":"all","username":"arwin"}]
2017-11-21 05:01:02	[{"keyword":"@cinema21","from":"2017-11-19","mode":"submitSocial","container":"all","username":"arwin"}]
2017-11-21 05:01:04	[{"keyword":"@officialrcti","from":"2017-11-19","mode":"submitSocial","container":"all","username":"arwin"}]
2017-11-21 05:01:07	[{"keyword":"@transtv_corp","from":"2017-11-19","mode":"submitSocial","container":"all","username":"arwin"}]
2017-11-21 05:01:09	[{"keyword":"@trans7","from":"2017-11-19","mode":"submitSocial","container":"all","username":"arwin"}]
2017-11-21 05:01:12	[{"keyword":"@metro_tv","from":"2017-11-19","mode":"submitSocial","container":"all","username":"arwin"}]
2017-11-21 05:01:15	[{"keyword":"@tvonenews","from":"2017-11-19","mode":"submitSocial","container":"all","username":"arwin"}]
2017-11-21 05:01:17	[{"keyword":"@whatsonantv","from":"2017-11-19","mode":"submitSocial","container":"all","username":"arwin"}]
2017-11-21 05:01:20	[{"keyword":"@sctv_","from":"2017-11-19","mode":"submitSocial","container":"all","username":"arwin"}]
2017-11-21 05:01:24	[{"keyword":"@kompastv","from":"2017-11-19","mode":"submitSocial","container":"all","username":"arwin"}]
2017-11-21 05:01:27	[{"keyword":"@netmediatama","from":"2017-11-19","mode":"submitSocial","container":"all","username":"arwin"}]
2017-11-21 05:01:29	[{"keyword":"@globaltvseru","from":"2017-11-19","mode":"submitSocial","container":"all","username":"arwin"}]
2017-11-21 05:01:32	[{"keyword":"@jaktvcom","from":"2017-11-19","mode":"submitSocial","container":"all","username":"arwin"}]
2017-11-21 05:01:35	[{"keyword":"@tvrinasional","from":"2017-11-19","mode":"submitSocial","container":"all","username":"arwin"}]
2017-11-21 05:01:37	[{"keyword":"@ochannelupdates","from":"2017-11-19","mode":"submitSocial","container":"all","username":"arwin"}]
2017-11-21 05:01:40	[{"keyword":"@indosiarid","from":"2017-11-19","mode":"submitSocial","container":"all","username":"arwin"}]
2017-11-21 05:01:44	[{"keyword":"@kompascom","from":"2017-11-19","mode":"submitSocial","container":"all","username":"arwin"}]
2017-11-21 05:01:47	[{"keyword":"@merdekadotcom","from":"2017-11-19","mode":"submitSocial","container":"all","username":"arwin"}]
2017-11-21 05:01:49	[{"keyword":"@midotcom","from":"2017-11-19","mode":"submitSocial","container":"all","username":"arwin"}]
2017-11-21 05:01:52	[{"keyword":"@tempodotco","from":"2017-11-19","mode":"submitSocial","container":"all","username":"arwin"}]
2017-11-21 05:01:55	[{"keyword":"@motion975fm","from":"2017-11-19","mode":"submitSocial","container":"all","username":"arwin"}]
2017-11-21 05:01:57	[{"keyword":"@_radiotoday","from":"2017-11-19","mode":"submitSocial","container":"all","username":"arwin"}]
2017-11-21 05:01:59	[{"keyword":"@radioinfo","from":"2017-11-19","mode":"submitSocial","container":"all","username":"arwin"}]
2017-11-21 05:02:02	[{"keyword":"@979femaleradio","from":"2017-11-19","mode":"submitSocial","container":"all","username":"arwin"}]
2017-11-21 05:02:04	[{"keyword":"@womanradio943fm","from":"2017-11-19","mode":"submitSocial","container":"all","username":"arwin"}]
2017-11-21 05:02:06	[{"keyword":"@vradiofm","from":"2017-11-19","mode":"submitSocial","container":"all","username":"arwin"}]
2017-11-21 05:02:09	[{"keyword":"@ufm947","from":"2017-11-19","mode":"submitSocial","container":"all","username":"arwin"}]
2017-11-21 05:02:11	[{"keyword":"@vivanews","from":"2017-11-19","mode":"submitSocial","container":"all","username":"arwin"}]
2017-11-21 05:02:13	[{"keyword":"@antaranews","from":"2017-11-19","mode":"submitSocial","container":"all","username":"arwin"}]
2017-11-21 05:02:16	[{"keyword":"@tribunnews","from":"2017-11-19","mode":"submitSocial","container":"all","username":"arwin"}]
2017-11-21 05:02:19	[{"keyword":"@okezonenews","from":"2017-11-19","mode":"submitSocial","container":"all","username":"arwin"}]
2017-11-21 05:02:22	[{"keyword":"@beritasatu","from":"2017-11-19","mode":"submitSocial","container":"all","username":"arwin"}]
2017-11-21 05:02:24	[{"keyword":"@rollingstoneina","from":"2017-11-19","mode":"submitSocial","container":"all","username":"arwin"}]
2017-11-21 05:02:26	[{"keyword":"@fimeladotcom","from":"2017-11-19","mode":"submitSocial","container":"all","username":"arwin"}]
2017-11-21 05:02:28	[{"keyword":"@kapanlagicom","from":"2017-11-19","mode":"submitSocial","container":"all","username":"arwin"}]
2017-11-21 05:02:31	[{"keyword":"@kompasent","from":"2017-11-19","mode":"submitSocial","container":"all","username":"arwin"}]
2017-11-21 05:02:33	[{"keyword":"@haimagazine","from":"2017-11-19","mode":"submitSocial","container":"all","username":"arwin"}]
2017-11-21 05:02:35	[{"keyword":"@jakartavenue","from":"2017-11-19","mode":"submitSocial","container":"all","username":"arwin"}]
2017-11-21 05:02:38	[{"keyword":"@seputarevent","from":"2017-11-19","mode":"submitSocial","container":"all","username":"arwin"}]
2017-11-21 05:02:40	[{"keyword":"@ismayalive","from":"2017-11-19","mode":"submitSocial","container":"all","username":"arwin"}]
2017-11-21 05:02:42	[{"keyword":"@ecentertainment","from":"2017-11-19","mode":"submitSocial","container":"all","username":"arwin"}]
2017-11-21 05:02:44	[{"keyword":"@synergism_en","from":"2017-11-19","mode":"submitSocial","container":"all","username":"arwin"}]
2017-11-21 05:02:47	[{"keyword":"@urbanbandung","from":"2017-11-19","mode":"submitSocial","container":"all","username":"arwin"}]
2017-11-21 05:02:48	[{"keyword":"@urbanrkm995","from":"2017-11-19","mode":"submitSocial","container":"all","username":"arwin"}]
2017-11-21 05:02:51	[{"keyword":"@garuda_promo","from":"2017-11-19","mode":"submitSocial","container":"all","username":"arwin"}]
2017-11-21 05:02:53	[{"keyword":"@airasiaid","from":"2017-11-19","mode":"submitSocial","container":"all","username":"arwin"}]
2017-11-21 05:02:55	[{"keyword":"@kai121","from":"2017-11-19","mode":"submitSocial","container":"all","username":"arwin"}]
2017-11-21 05:02:58	[{"keyword":"@unilever","from":"2017-11-19","mode":"submitSocial","container":"all","username":"arwin"}]
2017-11-21 05:03:01	[{"keyword":"@nestle","from":"2017-11-19","mode":"submitSocial","container":"all","username":"arwin"}]
2017-11-21 05:03:06	[{"keyword":"@cocacola","from":"2017-11-19","mode":"submitSocial","container":"all","username":"arwin"}]
2017-11-21 05:03:14	[{"keyword":"@cnn","from":"2017-11-19","mode":"submitSocial","container":"all","username":"arwin"}]
2017-11-21 05:03:18	[{"keyword":"@mtv","from":"2017-11-19","mode":"submitSocial","container":"all","username":"arwin"}]
2017-11-21 05:03:21	[{"keyword":"@channelv","from":"2017-11-19","mode":"submitSocial","container":"all","username":"arwin"}]
2017-11-21 05:03:23	[{"keyword":"@itunesmusic","from":"2017-11-19","mode":"submitSocial","container":"all","username":"arwin"}]
2017-11-21 05:03:28	[{"keyword":"@mashable","from":"2017-11-19","mode":"submitSocial","container":"all","username":"arwin"}]
2017-11-21 05:03:30	[{"keyword":"@decacaz","from":"2017-11-19","mode":"submitSocial","container":"all","username":"arwin"}]
2017-11-21 05:03:32	[{"keyword":"@radiobaru967fm","from":"2017-11-19","mode":"submitSocial","container":"all","username":"arwin"}]
2017-11-21 05:03:34	[{"keyword":"@967hitzfm","from":"2017-11-19","mode":"submitSocial","container":"all","username":"arwin"}]
2017-11-21 05:03:37	[{"keyword":"@tvguide","from":"2017-11-19","mode":"submitSocial","container":"all","username":"arwin"}]
2017-11-21 05:03:39	[{"keyword":"@xl123","from":"2017-11-19","mode":"submitSocial","container":"all","username":"arwin"}]
2017-11-21 05:03:42	[{"keyword":"@triindonesia","from":"2017-11-19","mode":"submitSocial","container":"all","username":"arwin"}]
2017-11-21 05:03:44	[{"keyword":"@kaskus","from":"2017-11-19","mode":"submitSocial","container":"all","username":"arwin"}]
2017-11-21 05:03:46	[{"keyword":"@studio_xxi","from":"2017-11-19","mode":"submitSocial","container":"all","username":"arwin"}]
2017-11-21 05:03:48	[{"keyword":"@blitzmegaplex","from":"2017-11-19","mode":"submitSocial","container":"all","username":"arwin"}]
2017-11-21 05:03:51	[{"keyword":"@alfamartku","from":"2017-11-19","mode":"submitSocial","container":"all","username":"arwin"}]
2017-11-21 05:03:54	[{"keyword":"@carrefour_id","from":"2017-11-19","mode":"submitSocial","container":"all","username":"arwin"}]
2017-11-21 05:03:57	[{"keyword":"@bbcbreaking","from":"2017-11-19","mode":"submitSocial","container":"all","username":"arwin"}]
2017-11-21 05:04:05	[{"keyword":"@forbes","from":"2017-11-19","mode":"submitSocial","container":"all","username":"arwin"}]
2017-11-21 05:04:08	[{"keyword":"@bensradio","from":"2017-11-19","mode":"submitSocial","container":"all","username":"arwin"}]
2017-11-21 05:04:13	[{"keyword":"@instagram","from":"2017-11-19","mode":"submitSocial","container":"all","username":"arwin"}]
2017-11-21 05:04:16	[{"keyword":"@pinterest","from":"2017-11-19","mode":"submitSocial","container":"all","username":"arwin"}]
2017-11-21 05:04:21	[{"keyword":"@google","from":"2017-11-19","mode":"submitSocial","container":"all","username":"arwin"}]
2017-11-21 05:04:23	[{"keyword":"@pertaminalub","from":"2017-11-19","mode":"submitSocial","container":"all","username":"arwin"}]
2017-11-21 05:04:26	[{"keyword":"@infolalintol","from":"2017-11-19","mode":"submitSocial","container":"all","username":"arwin"}]
2017-11-21 05:04:28	[{"keyword":"@ptjasamarga","from":"2017-11-19","mode":"submitSocial","container":"all","username":"arwin"}]
2017-11-21 05:04:30	[{"keyword":"@cititransindo","from":"2017-11-19","mode":"submitSocial","container":"all","username":"arwin"}]
2017-11-21 05:04:32	[{"keyword":"#semangatpagisuperr","from":"2017-11-19","mode":"submitSocial","container":"all","username":"arwin"}]
2017-11-21 05:04:34	[{"keyword":"#genkuisinsideout","from":"2017-11-19","mode":"submitSocial","container":"all","username":"arwin"}]
2017-11-21 05:04:36	[{"keyword":"#semangatpagi","from":"2017-11-19","mode":"submitSocial","container":"all","username":"arwin"}]
2017-11-21 05:04:39	[{"keyword":"#dikamar","from":"2017-11-19","mode":"submitSocial","container":"all","username":"arwin"}]
2017-11-21 05:04:41	[{"keyword":"#kopaja","from":"2017-11-19","mode":"submitSocial","container":"all","username":"arwin"}]
2017-11-21 05:04:43	[{"keyword":"#generaksi8","from":"2017-11-19","mode":"submitSocial","container":"all","username":"arwin"}]
2017-11-21 05:04:45	[{"keyword":"#hitztsp","from":"2017-11-19","mode":"submitSocial","container":"all","username":"arwin"}]
2017-11-21 05:04:48	[{"keyword":"#np","from":"2017-11-19","mode":"submitSocial","container":"all","username":"arwin"}]
2017-11-21 05:04:51	[{"keyword":"#hitzlivestage","from":"2017-11-19","mode":"submitSocial","container":"all","username":"arwin"}]
2017-11-21 05:04:53	[{"keyword":"#thefreaks","from":"2017-11-19","mode":"submitSocial","container":"all","username":"arwin"}]
2017-11-21 05:04:55	[{"keyword":"#hitzsirkuspagi","from":"2017-11-19","mode":"submitSocial","container":"all","username":"arwin"}]
2017-11-21 05:04:57	[{"keyword":"#hitzathlon","from":"2017-11-19","mode":"submitSocial","container":"all","username":"arwin"}]
2017-11-21 05:04:59	[{"keyword":"#hitzzombie","from":"2017-11-19","mode":"submitSocial","container":"all","username":"arwin"}]
2017-11-21 05:05:02	[{"keyword":"#hitzkalong","from":"2017-11-19","mode":"submitSocial","container":"all","username":"arwin"}]
2017-11-21 05:05:05	[{"keyword":"#hitzbebas","from":"2017-11-19","mode":"submitSocial","container":"all","username":"arwin"}]
2017-11-21 05:05:07	[{"keyword":"#hitzhorehara","from":"2017-11-19","mode":"submitSocial","container":"all","username":"arwin"}]
2017-11-21 05:05:10	[{"keyword":"@zaloraid","from":"2017-11-19","mode":"submitSocial","container":"all","username":"arwin"}]
2017-11-21 05:05:12	[{"keyword":"@olx_indonesia","from":"2017-11-19","mode":"submitSocial","container":"all","username":"arwin"}]
2017-11-21 05:05:14	[{"keyword":"@lazadaid","from":"2017-11-19","mode":"submitSocial","container":"all","username":"arwin"}]
2017-11-21 05:05:17	[{"keyword":"@utrippers","from":"2017-11-19","mode":"submitSocial","container":"all","username":"arwin"}]
2017-11-21 05:05:19	[{"keyword":"@gogobot","from":"2017-11-19","mode":"submitSocial","container":"all","username":"arwin"}]
2017-11-21 05:05:22	[{"keyword":"@viatortravel","from":"2017-11-19","mode":"submitSocial","container":"all","username":"arwin"}]
2017-11-21 05:05:24	[{"keyword":"@alandakariza","from":"2017-11-19","mode":"submitSocial","container":"all","username":"arwin"}]
2017-11-21 05:05:27	[{"keyword":"@gagasmedia","from":"2017-11-19","mode":"submitSocial","container":"all","username":"arwin"}]
2017-11-21 05:05:29	[{"keyword":"@welovehonda","from":"2017-11-19","mode":"submitSocial","container":"all","username":"arwin"}]
2017-11-21 05:05:31	[{"keyword":"@suzukimotorid","from":"2017-11-19","mode":"submitSocial","container":"all","username":"arwin"}]
2017-11-21 05:05:34	[{"keyword":"@kawasakilovers","from":"2017-11-19","mode":"submitSocial","container":"all","username":"arwin"}]
2017-11-21 05:05:36	[{"keyword":"@yamahaindonesia","from":"2017-11-19","mode":"submitSocial","container":"all","username":"arwin"}]
2017-11-21 05:05:38	[{"keyword":"@tripanzee","from":"2017-11-19","mode":"submitSocial","container":"all","username":"arwin"}]
2017-11-21 05:05:40	[{"keyword":"@arnoldpoernomo","from":"2017-11-19","mode":"submitSocial","container":"all","username":"arwin"}]
2017-11-21 05:05:43	[{"keyword":"@nicsap","from":"2017-11-19","mode":"submitSocial","container":"all","username":"arwin"}]
2017-11-21 05:05:45	[{"keyword":"@tiket2","from":"2017-11-19","mode":"submitSocial","container":"all","username":"arwin"}]
2017-11-21 05:05:47	[{"keyword":"@traveloka","from":"2017-11-19","mode":"submitSocial","container":"all","username":"arwin"}]
2017-11-21 05:05:50	[{"keyword":"@wego","from":"2017-11-19","mode":"submitSocial","container":"all","username":"arwin"}]
2017-11-21 05:05:53	[{"keyword":"@agoda","from":"2017-11-19","mode":"submitSocial","container":"all","username":"arwin"}]
2017-11-21 05:05:55	[{"keyword":"#salahsambung","from":"2017-11-19","mode":"submitSocial","container":"all","username":"arwin"}]
2017-11-21 05:05:58	[{"keyword":"#tulalit","from":"2017-11-19","mode":"submitSocial","container":"all","username":"arwin"}]
2017-11-21 05:06:00	[{"keyword":"#pestageneraksi8","from":"2017-11-19","mode":"submitSocial","container":"all","username":"arwin"}]
2017-11-21 05:06:02	[{"keyword":"#ganaskustik","from":"2017-11-19","mode":"submitSocial","container":"all","username":"arwin"}]
2017-11-21 05:06:04	[{"keyword":"#lnhot20","from":"2017-11-19","mode":"submitSocial","container":"all","username":"arwin"}]
2017-11-21 05:06:06	[{"keyword":"@tripadvisor","from":"2017-11-19","mode":"submitSocial","container":"all","username":"arwin"}]
2017-11-21 05:06:12	[{"keyword":"@google","from":"2017-11-19","mode":"submitSocial","container":"all","username":"arwin"}]
2017-11-21 05:06:15	[{"keyword":"@telkomsel","from":"2017-11-19","mode":"submitSocial","container":"all","username":"arwin"}]
2017-11-21 05:06:17	[{"keyword":"@indosat","from":"2017-11-19","mode":"submitSocial","container":"all","username":"arwin"}]
2017-11-21 05:06:20	[{"keyword":"@bahanafmjkt","from":"2017-11-19","mode":"submitSocial","container":"all","username":""}]
2017-11-21 05:06:24	[{"keyword":"@sonorafm92","from":"2017-11-19","mode":"submitSocial","container":"all","username":"arwin"}]
2017-11-21 05:06:26	[{"keyword":"@litefm1058","from":"2017-11-19","mode":"submitSocial","container":"all","username":"arwin"}]
2017-11-21 05:06:28	[{"keyword":"@bravaradio","from":"2017-11-19","mode":"submitSocial","container":"all","username":"arwin"}]
2017-11-21 05:06:31	[{"keyword":"#dgitm","from":"2017-11-19","mode":"submitSocial","container":"all","username":"arwin"}]
2017-11-21 05:06:33	[{"keyword":"#hitsalaprambors","from":"2017-11-19","mode":"submitSocial","container":"all","username":"arwin"}]
2017-11-21 05:06:36	[{"keyword":"#reqprambors","from":"2017-11-19","mode":"submitSocial","container":"all","username":"arwin"}]
2017-11-21 05:06:38	[{"keyword":"#thedandees","from":"2017-11-19","mode":"submitSocial","container":"all","username":"arwin"}]
2017-11-21 05:06:40	[{"keyword":"#pramborsquiz","from":"2017-11-19","mode":"submitSocial","container":"all","username":"arwin"}]
2017-11-21 05:06:42	[{"keyword":"#jeliprambors","from":"2017-11-19","mode":"submitSocial","container":"all","username":"arwin"}]
2017-11-21 05:06:44	[{"keyword":"#jodohinprambors","from":"2017-11-19","mode":"submitSocial","container":"all","username":"arwin"}]
2017-11-21 05:06:46	[{"keyword":"#ubahdenganbicara","from":"2017-11-19","mode":"submitSocial","container":"all","username":"arwin"}]
2017-11-21 05:06:48	[{"keyword":"#pramborschat","from":"2017-11-19","mode":"submitSocial","container":"all","username":"arwin"}]
2017-11-21 05:06:50	[{"keyword":"#tweetforduit","from":"2017-11-19","mode":"submitSocial","container":"all","username":"arwin"}]
2017-11-21 05:06:52	[{"keyword":"#joki3in1","from":"2017-11-19","mode":"submitSocial","container":"all","username":"arwin"}]
2017-11-21 05:06:54	[{"keyword":"#sarapanseru","from":"2017-11-19","mode":"submitSocial","container":"all","username":"arwin"}]
2017-11-21 05:06:56	[{"keyword":"#rawonkaneloop","from":"2017-11-19","mode":"submitSocial","container":"all","username":"arwin"}]
2017-11-21 05:06:59	[{"keyword":"#gudegkendilkeraton","from":"2017-11-19","mode":"submitSocial","container":"all","username":"arwin"}]
2017-11-21 05:07:01	[{"keyword":"#gadogadobutika","from":"2017-11-19","mode":"submitSocial","container":"all","username":"arwin"}]
2017-11-21 05:07:03	[{"keyword":"#mtvhottest","from":"2017-11-19","mode":"submitSocial","container":"all","username":"arwin"}]
2017-11-21 05:07:05	[{"keyword":"#dimsumcjdw","from":"2017-11-19","mode":"submitSocial","container":"all","username":"arwin"}]
2017-11-21 05:07:07	[{"keyword":"#pecelmadiunmbakniek","from":"2017-11-19","mode":"submitSocial","container":"all","username":"arwin"}]
2017-11-21 05:07:09	[{"keyword":"#depotarema","from":"2017-11-19","mode":"submitSocial","container":"all","username":"arwin"}]
2017-11-21 05:07:12	[{"keyword":"@bni46","from":"2017-11-19","mode":"submitSocial","container":"all","username":"arwin"}]
2017-11-21 05:07:14	[{"keyword":"@bankbri_id","from":"2017-11-19","mode":"submitSocial","container":"all","username":"arwin"}]
2017-11-21 05:07:16	[{"keyword":"#bni46","from":"2017-11-19","mode":"submitSocial","container":"all","username":"arwin"}]
2017-11-21 05:07:20	[{"keyword":"macet","from":"2017-11-19","mode":"submitSocial","container":"all","username":"arwin"}]
2017-11-21 05:07:23	[{"keyword":"#selamatpagi","from":"2017-11-19","mode":"submitSocial","container":"all","username":"arwin"}]
2017-11-21 05:07:25	[{"keyword":"#selamatmalam","from":"2017-11-19","mode":"submitSocial","container":"all","username":"arwin"}]
2017-11-21 05:07:27	[{"keyword":"@884globalradio","from":"2017-11-19","mode":"submitSocial","container":"all","username":"arwin"}]
2017-11-21 05:07:30	[{"keyword":"@day_trans","from":"2017-11-19","mode":"submitSocial","container":"all","username":"arwin"}]
2017-11-21 05:07:32	[{"keyword":"@kencanavoyage","from":"2017-11-19","mode":"submitSocial","container":"all","username":"arwin"}]
2017-11-21 05:07:34	[{"keyword":"@jukebox5d","from":"2017-11-19","mode":"submitSocial","container":"all","username":"arwin"}]
2017-11-21 05:07:36	[{"keyword":"#mtvhottest","from":"2017-11-19","mode":"submitSocial","container":"all","username":"arwin"}]
2017-11-21 05:07:38	[{"keyword":"#semangatpagi","from":"2017-11-19","mode":"submitSocial","container":"all","username":"arwin"}]
2017-11-21 05:07:41	[{"keyword":"lifebuoy","from":"2017-11-19","mode":"submitSocial","container":"all","username":"arwin"}]
2017-11-21 05:07:46	[{"keyword":"jokowi","from":"2017-11-19","mode":"submitSocial","container":"all","username":"arwin"}]
2017-11-21 05:07:54	[{"keyword":"obama","from":"2017-11-19","mode":"submitSocial","container":"all","username":"arwin"}]
2017-11-21 05:07:56	[{"keyword":"starwars","from":"2017-11-19","mode":"submitSocial","container":"all","username":"arwin"}]
2017-11-21 05:08:00	[{"keyword":"jonan","from":"2017-11-19","mode":"submitSocial","container":"all","username":"arwin"}]
2017-11-21 05:08:08	[{"keyword":"pagi","from":"2017-11-19","mode":"submitSocial","container":"all","username":"arwin"}]
2017-11-21 05:08:10	[{"keyword":"sampoerna","from":"2017-11-19","mode":"submitSocial","container":"all","username":"arwin"}]
2017-11-21 05:08:13	[{"keyword":"djarum","from":"2017-11-19","mode":"submitSocial","container":"all","username":"arwin"}]
2017-11-21 05:08:15	[{"keyword":"#semangatpagi","from":"2017-11-19","mode":"submitSocial","container":"all","username":"arwin"}]
2017-11-21 05:08:17	[{"keyword":"#generaksi8","from":"2017-11-19","mode":"submitSocial","container":"all","username":"arwin"}]
2017-11-21 05:08:20	[{"keyword":"#365alasan","from":"2017-11-19","mode":"submitSocial","container":"all","username":"arwin"}]
2017-11-21 05:08:22	[{"keyword":"weew","from":"2017-11-19","mode":"submitSocial","container":"all","username":"arwin"}]
2017-11-21 05:08:30	[{"keyword":"testing","from":"2017-11-19","mode":"submitSocial","container":"all","username":"arwin"}]
2017-11-21 05:08:32	[{"keyword":"#kopaja","from":"2017-11-19","mode":"submitSocial","container":"all","username":"arwin"}]
2017-11-21 05:08:35	[{"keyword":"#genkuisinsideout","from":"2017-11-19","mode":"submitSocial","container":"all","username":"arwin"}]
2017-11-21 05:08:38	[{"keyword":"starwars","from":"2017-11-19","mode":"submitSocial","container":"all","username":"arwin"}]
2017-11-21 05:08:40	[{"keyword":"#kopaja","from":"2017-11-19","mode":"submitSocial","container":"all","username":"arwin"}]
2017-11-21 05:08:43	[{"keyword":"mldspot","from":"2017-11-19","mode":"submitSocial","container":"all","username":"arwin"}]
2017-11-21 05:08:45	[{"keyword":"pbdjarum","from":"2017-11-19","mode":"submitSocial","container":"all","username":"arwin"}]
2017-11-21 05:08:47	[{"keyword":"temannabati","from":"2017-11-19","mode":"submitSocial","container":"all","username":"arwin"}]
2017-11-21 05:08:50	[{"keyword":"nextar","from":"2017-11-19","mode":"submitSocial","container":"all","username":"arwin"}]
2017-11-21 05:08:53	[{"keyword":"jokowo","from":"2017-11-19","mode":"submitSocial","container":"all","username":"arwin"}]
2017-11-21 05:08:56	[{"keyword":"prabowo","from":"2017-11-19","mode":"submitSocial","container":"all","username":"arwin"}]
2017-11-21 05:08:58	[{"keyword":"sudirman said","from":"2017-11-19","mode":"submitSocial","container":"all","username":"arwin"}]
2017-11-21 05:09:05	[{"keyword":"ahok","from":"2017-11-19","mode":"submitSocial","container":"all","username":"arwin"}]
2017-11-21 05:09:07	[{"keyword":"setyanovanto","from":"2017-11-19","mode":"submitSocial","container":"all","username":"arwin"}]
2017-11-21 05:09:12	[{"keyword":"jokowi","from":"2017-11-19","mode":"submitSocial","container":"all","username":"arwin"}]
2017-11-21 05:09:18	[{"keyword":"ahok","from":"2017-11-19","mode":"submitSocial","container":"all","username":"arwin"}]
2017-11-21 05:09:22	[{"keyword":"prabowo","from":"2017-11-19","mode":"submitSocial","container":"all","username":"arwin"}]
2017-11-21 05:09:24	[{"keyword":"sudirman said","from":"2017-11-19","mode":"submitSocial","container":"all","username":"arwin"}]
2017-11-21 05:09:26	[{"keyword":"setyanovanto","from":"2017-11-19","mode":"submitSocial","container":"all","username":"arwin"}]
2017-11-21 05:09:31	[{"keyword":"galau","from":"2017-11-19","mode":"submitSocial","container":"all","username":"arwin"}]
2017-11-21 05:09:33	[{"keyword":"#prestasiindonesia","from":"2017-11-19","mode":"submitSocial","container":"all","username":"arwin"}]
2017-11-21 05:09:36	[{"keyword":"@tw_debi","from":"2017-11-19","mode":"submitSocial","container":"all","username":"arwin"}]
2017-11-21 05:09:38	[{"keyword":"@officialfastron","from":"2017-11-19","mode":"submitSocial","container":"all","username":"arwin"}]
2017-11-21 05:09:40	[{"keyword":"@citibankid","from":"2017-11-19","mode":"submitSocial","container":"all","username":"arwin"}]
2017-11-21 05:09:42	[{"keyword":"@jak101fm","from":"2017-11-19","mode":"submitSocial","container":"all","username":"arwin"}]
2017-11-21 05:09:45	[{"keyword":"@genfm","from":"2017-11-19","mode":"submitSocial","container":"all","username":"arwin"}]
