2017-07-05 05:00:03	worker	@987genfm;2017-07-03 - 2017-07-03;submitSocial;all;arwin
2017-07-05 05:00:07	worker	@101jakfm;2017-07-03 - 2017-07-03;submitSocial;all;arwin
2017-07-05 05:00:10	worker	@prambors;2017-07-03 - 2017-07-03;submitSocial;all;arwin
2017-07-05 05:00:14	worker	@hardrockfm;2017-07-03 - 2017-07-03;submitSocial;all;arwin
2017-07-05 05:00:19	worker	@kisfmjakarta;2017-07-03 - 2017-07-03;submitSocial;all;arwin
2017-07-05 05:00:22	worker	@delta_fm;2017-07-03 - 2017-07-03;submitSocial;all;arwin
2017-07-05 05:00:26	worker	@traxfmjkt;2017-07-03 - 2017-07-03;submitSocial;all;arwin
2017-07-05 05:00:29	worker	@iradiojakarta;2017-07-03 - 2017-07-03;submitSocial;all;arwin
2017-07-05 05:00:32	worker	@indika9160fm;2017-07-03 - 2017-07-03;submitSocial;all;arwin
2017-07-05 05:00:35	worker	@shellindonesia;2017-07-03 - 2017-07-03;submitSocial;all;arwin
2017-07-05 05:00:37	worker	@vpowerfans;2017-07-03 - 2017-07-03;submitSocial;all;arwin
2017-07-05 05:00:40	worker	@pertamaxind;2017-07-03 - 2017-07-03;submitSocial;all;arwin
2017-07-05 05:00:43	worker	@ptpertamina;2017-07-03 - 2017-07-03;submitSocial;all;arwin
2017-07-05 05:00:46	worker	@OZRadioJakarta;2017-07-03 - 2017-07-03;submitSocial;all;arwin
2017-07-05 05:00:48	worker	@CosmopolitanFM;2017-07-03 - 2017-07-03;submitSocial;all;arwin
2017-07-05 05:00:51	worker	@mustang88fm;2017-07-03 - 2017-07-03;submitSocial;all;arwin
2017-07-05 05:00:54	worker	@debabaz;2017-07-03 - 2017-07-03;submitSocial;all;arwin
2017-07-05 05:00:56	worker	@detikcom;2017-07-03 - 2017-07-03;submitSocial;all;arwin
2017-07-05 05:01:00	worker	@radioelshinta;2017-07-03 - 2017-07-03;submitSocial;all;arwin
2017-07-05 05:01:03	worker	@cinema21;2017-07-03 - 2017-07-03;submitSocial;all;arwin
2017-07-05 05:01:06	worker	@OfficialRCTI;2017-07-03 - 2017-07-03;submitSocial;all;arwin
2017-07-05 05:01:09	worker	@TRANSTV_CORP;2017-07-03 - 2017-07-03;submitSocial;all;arwin
2017-07-05 05:01:12	worker	@TRANS7;2017-07-03 - 2017-07-03;submitSocial;all;arwin
2017-07-05 05:01:14	worker	@Metro_TV;2017-07-03 - 2017-07-03;submitSocial;all;arwin
2017-07-05 05:01:17	worker	@tvOneNews;2017-07-03 - 2017-07-03;submitSocial;all;arwin
2017-07-05 05:01:20	worker	@whatsonANTV;2017-07-03 - 2017-07-03;submitSocial;all;arwin
2017-07-05 05:01:24	worker	@SCTV_;2017-07-03 - 2017-07-03;submitSocial;all;arwin
2017-07-05 05:01:27	worker	@KompasTV;2017-07-03 - 2017-07-03;submitSocial;all;arwin
2017-07-05 05:01:29	worker	@netmediatama;2017-07-03 - 2017-07-03;submitSocial;all;arwin
2017-07-05 05:01:32	worker	@Globaltvseru;2017-07-03 - 2017-07-03;submitSocial;all;arwin
2017-07-05 05:01:35	worker	@JaktvCom;2017-07-03 - 2017-07-03;submitSocial;all;arwin
2017-07-05 05:01:37	worker	@TVRINasional;2017-07-03 - 2017-07-03;submitSocial;all;arwin
2017-07-05 05:01:40	worker	@ochannelupdates;2017-07-03 - 2017-07-03;submitSocial;all;arwin
2017-07-05 05:01:42	worker	@IndosiarID;2017-07-03 - 2017-07-03;submitSocial;all;arwin
2017-07-05 05:01:45	worker	@kompascom;2017-07-03 - 2017-07-03;submitSocial;all;arwin
2017-07-05 05:01:49	worker	@merdekadotcom;2017-07-03 - 2017-07-03;submitSocial;all;arwin
2017-07-05 05:01:52	worker	@MIdotcom;2017-07-03 - 2017-07-03;submitSocial;all;arwin
2017-07-05 05:01:55	worker	@tempodotco;2017-07-03 - 2017-07-03;submitSocial;all;arwin
2017-07-05 05:01:58	worker	@motion975fm;2017-07-03 - 2017-07-03;submitSocial;all;arwin
2017-07-05 05:02:00	worker	@_radiotoday;2017-07-03 - 2017-07-03;submitSocial;all;arwin
2017-07-05 05:02:03	worker	@radioinfo;2017-07-03 - 2017-07-03;submitSocial;all;arwin
2017-07-05 05:02:06	worker	@979FeMaleRadio;2017-07-03 - 2017-07-03;submitSocial;all;arwin
2017-07-05 05:02:08	worker	@WomanRadio943FM;2017-07-03 - 2017-07-03;submitSocial;all;arwin
2017-07-05 05:02:10	worker	@VRadioFM;2017-07-03 - 2017-07-03;submitSocial;all;arwin
2017-07-05 05:02:13	worker	@UFM947;2017-07-03 - 2017-07-03;submitSocial;all;arwin
2017-07-05 05:02:15	worker	@VIVAnews;2017-07-03 - 2017-07-03;submitSocial;all;arwin
2017-07-05 05:02:18	worker	@antaranews;2017-07-03 - 2017-07-03;submitSocial;all;arwin
2017-07-05 05:02:21	worker	@tribunnews;2017-07-03 - 2017-07-03;submitSocial;all;arwin
2017-07-05 05:02:24	worker	@okezonenews;2017-07-03 - 2017-07-03;submitSocial;all;arwin
2017-07-05 05:02:27	worker	@Beritasatu;2017-07-03 - 2017-07-03;submitSocial;all;arwin
2017-07-05 05:02:30	worker	@rollingstoneina;2017-07-03 - 2017-07-03;submitSocial;all;arwin
2017-07-05 05:02:33	worker	@FIMELAdotcom;2017-07-03 - 2017-07-03;submitSocial;all;arwin
2017-07-05 05:02:35	worker	@KapanLagicom;2017-07-03 - 2017-07-03;submitSocial;all;arwin
2017-07-05 05:02:38	worker	@KompasEnt ;2017-07-03 - 2017-07-03;submitSocial;all;arwin
2017-07-05 05:02:40	worker	@HaiMagazine;2017-07-03 - 2017-07-03;submitSocial;all;arwin
2017-07-05 05:02:43	worker	@JakartaVenue;2017-07-03 - 2017-07-03;submitSocial;all;arwin
2017-07-05 05:02:45	worker	@SeputarEvent;2017-07-03 - 2017-07-03;submitSocial;all;arwin
2017-07-05 05:02:47	worker	@ismayaLive;2017-07-03 - 2017-07-03;submitSocial;all;arwin
2017-07-05 05:02:50	worker	@ECEntertainment;2017-07-03 - 2017-07-03;submitSocial;all;arwin
2017-07-05 05:02:52	worker	@synergism_En;2017-07-03 - 2017-07-03;submitSocial;all;arwin
2017-07-05 05:02:55	worker	@Urbanbandung;2017-07-03 - 2017-07-03;submitSocial;all;arwin
2017-07-05 05:02:57	worker	@Urbanrkm995;2017-07-03 - 2017-07-03;submitSocial;all;arwin
2017-07-05 05:02:59	worker	@Garuda_Promo;2017-07-03 - 2017-07-03;submitSocial;all;arwin
2017-07-05 05:03:01	worker	@AirAsiaID;2017-07-03 - 2017-07-03;submitSocial;all;arwin
2017-07-05 05:03:03	worker	@KAI121;2017-07-03 - 2017-07-03;submitSocial;all;arwin
2017-07-05 05:03:06	worker	@Unilever;2017-07-03 - 2017-07-03;submitSocial;all;arwin
2017-07-05 05:03:09	worker	@Nestle;2017-07-03 - 2017-07-03;submitSocial;all;arwin
2017-07-05 05:03:12	worker	@CocaCola;2017-07-03 - 2017-07-03;submitSocial;all;arwin
2017-07-05 05:03:16	worker	@CNN;2017-07-03 - 2017-07-03;submitSocial;all;arwin
2017-07-05 05:03:25	worker	@MTV;2017-07-03 - 2017-07-03;submitSocial;all;arwin
2017-07-05 05:03:30	worker	@channelv;2017-07-03 - 2017-07-03;submitSocial;all;arwin
2017-07-05 05:03:32	worker	@iTunesMusic;2017-07-03 - 2017-07-03;submitSocial;all;arwin
2017-07-05 05:03:34	worker	@mashable;2017-07-03 - 2017-07-03;submitSocial;all;arwin
2017-07-05 05:03:38	worker	@decacaz;2017-07-03 - 2017-07-03;submitSocial;all;arwin
2017-07-05 05:03:40	worker	@radiobaru967FM;2017-07-03 - 2017-07-03;submitSocial;all;arwin
2017-07-05 05:03:43	worker	@967HitzFM;2017-07-03 - 2017-07-03;submitSocial;all;arwin
2017-07-05 05:03:45	worker	@TVGuide;2017-07-03 - 2017-07-03;submitSocial;all;arwin
2017-07-05 05:03:48	worker	@XL123;2017-07-03 - 2017-07-03;submitSocial;all;arwin
2017-07-05 05:03:50	worker	@triindonesia;2017-07-03 - 2017-07-03;submitSocial;all;arwin
2017-07-05 05:03:53	worker	@kaskus;2017-07-03 - 2017-07-03;submitSocial;all;arwin
2017-07-05 05:03:55	worker	@Studio_XXI;2017-07-03 - 2017-07-03;submitSocial;all;arwin
2017-07-05 05:03:58	worker	@blitzmegaplex;2017-07-03 - 2017-07-03;submitSocial;all;arwin
2017-07-05 05:04:00	worker	@alfamartku;2017-07-03 - 2017-07-03;submitSocial;all;arwin
2017-07-05 05:04:02	worker	@Carrefour_ID;2017-07-03 - 2017-07-03;submitSocial;all;arwin
2017-07-05 05:04:05	worker	@BBCBreaking;2017-07-03 - 2017-07-03;submitSocial;all;arwin
2017-07-05 05:04:08	worker	@Forbes;2017-07-03 - 2017-07-03;submitSocial;all;arwin
2017-07-05 05:04:15	worker	@BensRadio;2017-07-03 - 2017-07-03;submitSocial;all;arwin
2017-07-05 05:04:18	worker	@instagram;2017-07-03 - 2017-07-03;submitSocial;all;arwin
2017-07-05 05:04:24	worker	@Pinterest;2017-07-03 - 2017-07-03;submitSocial;all;arwin
2017-07-05 05:04:27	worker	@google;2017-07-03 - 2017-07-03;submitSocial;all;arwin
2017-07-05 05:04:33	worker	@Pertaminalub;2017-07-03 - 2017-07-03;submitSocial;all;arwin
2017-07-05 05:04:35	worker	@InfoLalinTol;2017-07-03 - 2017-07-03;submitSocial;all;arwin
2017-07-05 05:04:38	worker	@PTJASAMARGA;2017-07-03 - 2017-07-03;submitSocial;all;arwin
2017-07-05 05:04:40	worker	@cititransindo;2017-07-03 - 2017-07-03;submitSocial;all;arwin
2017-07-05 05:04:42	worker	#semangatpagisuperr;2017-07-03 - 2017-07-03;submitSocial;all;arwin
2017-07-05 05:04:44	worker	#genkuisinsideout;2017-07-03 - 2017-07-03;submitSocial;all;arwin
2017-07-05 05:04:46	worker	#semangatpagi;2017-07-03 - 2017-07-03;submitSocial;all;arwin
2017-07-05 05:04:49	worker	#dikamar;2017-07-03 - 2017-07-03;submitSocial;all;arwin
2017-07-05 05:04:51	worker	#kopaja;2017-07-03 - 2017-07-03;submitSocial;all;arwin
2017-07-05 05:04:54	worker	#generaksi8;2017-07-03 - 2017-07-03;submitSocial;all;arwin
2017-07-05 05:04:56	worker	#hitztsp;2017-07-03 - 2017-07-03;submitSocial;all;arwin
2017-07-05 05:04:58	worker	#np;2017-07-03 - 2017-07-03;submitSocial;all;arwin
2017-07-05 05:05:01	worker	#hitzlivestage;2017-07-03 - 2017-07-03;submitSocial;all;arwin
2017-07-05 05:05:04	worker	#thefreaks;2017-07-03 - 2017-07-03;submitSocial;all;arwin
2017-07-05 05:05:07	worker	#hitzsirkuspagi;2017-07-03 - 2017-07-03;submitSocial;all;arwin
2017-07-05 05:05:09	worker	#hitzathlon;2017-07-03 - 2017-07-03;submitSocial;all;arwin
2017-07-05 05:05:12	worker	#hitzzombie;2017-07-03 - 2017-07-03;submitSocial;all;arwin
2017-07-05 05:05:14	worker	#hitzkalong;2017-07-03 - 2017-07-03;submitSocial;all;arwin
2017-07-05 05:05:16	worker	#hitzbebas;2017-07-03 - 2017-07-03;submitSocial;all;arwin
2017-07-05 05:05:19	worker	#hitzhorehara;2017-07-03 - 2017-07-03;submitSocial;all;arwin
2017-07-05 05:05:21	worker	@ZaloraID;2017-07-03 - 2017-07-03;submitSocial;all;arwin
2017-07-05 05:05:24	worker	@OLX_Indonesia;2017-07-03 - 2017-07-03;submitSocial;all;arwin
2017-07-05 05:05:26	worker	@LazadaID;2017-07-03 - 2017-07-03;submitSocial;all;arwin
2017-07-05 05:05:29	worker	@utrippers;2017-07-03 - 2017-07-03;submitSocial;all;arwin
2017-07-05 05:05:31	worker	@GoGobot;2017-07-03 - 2017-07-03;submitSocial;all;arwin
2017-07-05 05:05:34	worker	@viatortravel;2017-07-03 - 2017-07-03;submitSocial;all;arwin
2017-07-05 05:05:36	worker	@alandakariza;2017-07-03 - 2017-07-03;submitSocial;all;arwin
2017-07-05 05:05:38	worker	@gagasmedia;2017-07-03 - 2017-07-03;submitSocial;all;arwin
2017-07-05 05:05:41	worker	@welovehonda;2017-07-03 - 2017-07-03;submitSocial;all;arwin
2017-07-05 05:05:43	worker	@SuzukiMotorID;2017-07-03 - 2017-07-03;submitSocial;all;arwin
2017-07-05 05:05:45	worker	@kawasakilovers;2017-07-03 - 2017-07-03;submitSocial;all;arwin
2017-07-05 05:05:48	worker	@yamahaindonesia;2017-07-03 - 2017-07-03;submitSocial;all;arwin
2017-07-05 05:05:50	worker	@tripanzee;2017-07-03 - 2017-07-03;submitSocial;all;arwin
2017-07-05 05:05:53	worker	@arnoldpoernomo;2017-07-03 - 2017-07-03;submitSocial;all;arwin
2017-07-05 05:05:55	worker	@nicsap;2017-07-03 - 2017-07-03;submitSocial;all;arwin
2017-07-05 05:05:58	worker	@tiket2;2017-07-03 - 2017-07-03;submitSocial;all;arwin
2017-07-05 05:06:00	worker	@traveloka;2017-07-03 - 2017-07-03;submitSocial;all;arwin
2017-07-05 05:06:02	worker	@wego;2017-07-03 - 2017-07-03;submitSocial;all;arwin
2017-07-05 05:06:06	worker	@agoda;2017-07-03 - 2017-07-03;submitSocial;all;arwin
2017-07-05 05:06:09	worker	#salahsambung;2017-07-03 - 2017-07-03;submitSocial;all;arwin
2017-07-05 05:06:11	worker	#tulalit;2017-07-03 - 2017-07-03;submitSocial;all;arwin
2017-07-05 05:06:14	worker	#pestageneraksi8;2017-07-03 - 2017-07-03;submitSocial;all;arwin
2017-07-05 05:06:16	worker	#ganaskustik;2017-07-03 - 2017-07-03;submitSocial;all;arwin
2017-07-05 05:06:18	worker	#lnhot20;2017-07-03 - 2017-07-03;submitSocial;all;arwin
2017-07-05 05:06:20	worker	@TripAdvisor;2017-07-03 - 2017-07-03;submitSocial;all;arwin
2017-07-05 05:06:23	worker	@google;2017-07-03 - 2017-07-03;submitSocial;all;arwin
2017-07-05 05:06:29	worker	@Telkomsel;2017-07-03 - 2017-07-03;submitSocial;all;arwin
2017-07-05 05:06:33	worker	@indosat;2017-07-03 - 2017-07-03;submitSocial;all;arwin
2017-07-05 05:06:35	worker	@bahanafmjkt;2017-07-03 - 2017-07-03;submitSocial;all;2017-07-05 05:06:41	worker	@sonorafm92;2017-07-03 - 2017-07-03;submitSocial;all;arwin
2017-07-05 05:06:43	worker	@litefm1058;2017-07-03 - 2017-07-03;submitSocial;all;arwin
2017-07-05 05:06:45	worker	@Bravaradio;2017-07-03 - 2017-07-03;submitSocial;all;arwin
2017-07-05 05:06:47	worker	#dgitm;2017-07-03 - 2017-07-03;submitSocial;all;arwin
2017-07-05 05:06:50	worker	#hitsalaprambors;2017-07-03 - 2017-07-03;submitSocial;all;arwin
2017-07-05 05:06:52	worker	#reqprambors;2017-07-03 - 2017-07-03;submitSocial;all;arwin
2017-07-05 05:06:55	worker	#thedandees;2017-07-03 - 2017-07-03;submitSocial;all;arwin
2017-07-05 05:06:57	worker	#pramborsquiz;2017-07-03 - 2017-07-03;submitSocial;all;arwin
2017-07-05 05:06:59	worker	#jeliprambors;2017-07-03 - 2017-07-03;submitSocial;all;arwin
2017-07-05 05:07:01	worker	#jodohinprambors;2017-07-03 - 2017-07-03;submitSocial;all;arwin
2017-07-05 05:07:04	worker	#ubahdenganbicara;2017-07-03 - 2017-07-03;submitSocial;all;arwin
2017-07-05 05:07:06	worker	#pramborschat;2017-07-03 - 2017-07-03;submitSocial;all;arwin
2017-07-05 05:07:08	worker	#tweetforduit;2017-07-03 - 2017-07-03;submitSocial;all;arwin
2017-07-05 05:07:10	worker	#joki3in1;2017-07-03 - 2017-07-03;submitSocial;all;arwin
2017-07-05 05:07:12	worker	#sarapanseru;2017-07-03 - 2017-07-03;submitSocial;all;arwin
2017-07-05 05:07:15	worker	#rawonkaneloop;2017-07-03 - 2017-07-03;submitSocial;all;arwin
2017-07-05 05:07:17	worker	#gudegkendilkeraton;2017-07-03 - 2017-07-03;submitSocial;all;arwin
2017-07-05 05:07:19	worker	#gadogadobutika;2017-07-03 - 2017-07-03;submitSocial;all;arwin
2017-07-05 05:07:21	worker	#mtvhottest;2017-07-03 - 2017-07-03;submitSocial;all;arwin
2017-07-05 05:07:24	worker	#dimsumcjdw;2017-07-03 - 2017-07-03;submitSocial;all;arwin
2017-07-05 05:07:26	worker	#pecelmadiunmbakniek;2017-07-03 - 2017-07-03;submitSocial;all;arwin
2017-07-05 05:07:28	worker	#depotarema;2017-07-03 - 2017-07-03;submitSocial;all;arwin
2017-07-05 05:07:31	worker	@BNI46;2017-07-03 - 2017-07-03;submitSocial;all;arwin
2017-07-05 05:07:33	worker	@BANKBRI_ID;2017-07-03 - 2017-07-03;submitSocial;all;arwin
2017-07-05 05:07:36	worker	#bni46;2017-07-03 - 2017-07-03;submitSocial;all;arwin
2017-07-05 05:07:38	worker	macet;2017-07-03 - 2017-07-03;submitSocial;all;arwin
2017-07-05 05:07:44	worker	#selamatpagi;2017-07-03 - 2017-07-03;submitSocial;all;arwin
2017-07-05 05:07:46	worker	#selamatmalam;2017-07-03 - 2017-07-03;submitSocial;all;arwin
2017-07-05 05:07:48	worker	@884GlobalRadio;2017-07-03 - 2017-07-03;submitSocial;all;arwin
2017-07-05 05:07:51	worker	@day_trans;2017-07-03 - 2017-07-03;submitSocial;all;arwin
2017-07-05 05:07:53	worker	@kencanavoyage;2017-07-03 - 2017-07-03;submitSocial;all;arwin
2017-07-05 05:07:55	worker	@jukebox5d;2017-07-03 - 2017-07-03;submitSocial;all;arwin
2017-07-05 05:07:58	worker	#mtvhottest;2017-07-03 - 2017-07-03;submitSocial;all;arwin
2017-07-05 05:08:00	worker	#semangatpagi;2017-07-03 - 2017-07-03;submitSocial;all;arwin
2017-07-05 05:08:03	worker	lifebuoy;2017-07-03 - 2017-07-03;submitSocial;all;arwin
2017-07-05 05:08:05	worker	jokowi;2017-07-03 - 2017-07-03;submitSocial;all;arwin
2017-07-05 05:08:12	worker	obama;2017-07-03 - 2017-07-03;submitSocial;all;arwin
2017-07-05 05:08:24	worker	starwars;2017-07-03 - 2017-07-03;submitSocial;all;arwin
2017-07-05 05:08:28	worker	jonan;2017-07-03 - 2017-07-03;submitSocial;all;arwin
2017-07-05 05:08:31	worker	pagi;2017-07-03 - 2017-07-03;submitSocial;all;arwin
2017-07-05 05:08:40	worker	sampoerna;2017-07-03 - 2017-07-03;submitSocial;all;arwin
2017-07-05 05:08:42	worker	djarum;2017-07-03 - 2017-07-03;submitSocial;all;arwin
2017-07-05 05:08:45	worker	#semangatpagi;2017-07-03 - 2017-07-03;submitSocial;all;arwin
2017-07-05 05:08:48	worker	#generaksi8;2017-07-03 - 2017-07-03;submitSocial;all;arwin
2017-07-05 05:08:49	worker	#365alasan;2017-07-03 - 2017-07-03;submitSocial;all;arwin
2017-07-05 05:08:52	worker	weew;2017-07-03 - 2017-07-03;submitSocial;all;arwin
2017-07-05 05:08:55	worker	testing;2017-07-03 - 2017-07-03;submitSocial;all;arwin
2017-07-05 05:09:04	worker	#kopaja;2017-07-03 - 2017-07-03;submitSocial;all;arwin
2017-07-05 05:09:07	worker	#genkuisinsideout;2017-07-03 - 2017-07-03;submitSocial;all;arwin
2017-07-05 05:09:09	worker	starwars;2017-07-03 - 2017-07-03;submitSocial;all;arwin
2017-07-05 05:09:12	worker	#kopaja;2017-07-03 - 2017-07-03;submitSocial;all;arwin
2017-07-05 05:09:15	worker	mldspot;2017-07-03 - 2017-07-03;submitSocial;all;arwin
2017-07-05 05:09:17	worker	PBDjarum;2017-07-03 - 2017-07-03;submitSocial;all;arwin
2017-07-05 05:09:20	worker	TemanNabati;2017-07-03 - 2017-07-03;submitSocial;all;arwin
2017-07-05 05:09:22	worker	Nextar;2017-07-03 - 2017-07-03;submitSocial;all;arwin
2017-07-05 05:09:25	worker	jokowo;2017-07-03 - 2017-07-03;submitSocial;all;arwin
2017-07-05 05:09:29	worker	prabowo;2017-07-03 - 2017-07-03;submitSocial;all;arwin
2017-07-05 05:09:32	worker	sudirman said;2017-07-03 - 2017-07-03;submitSocial;all;arwin
2017-07-05 05:09:34	worker	ahok;2017-07-03 - 2017-07-03;submitSocial;all;arwin
2017-07-05 05:09:42	worker	setyanovanto;2017-07-03 - 2017-07-03;submitSocial;all;arwin
2017-07-05 05:09:44	worker	jokowi;2017-07-03 - 2017-07-03;submitSocial;all;arwin
2017-07-05 05:09:52	worker	ahok;2017-07-03 - 2017-07-03;submitSocial;all;arwin
2017-07-05 05:09:59	worker	prabowo;2017-07-03 - 2017-07-03;submitSocial;all;arwin
2017-07-05 05:10:03	worker	sudirman said;2017-07-03 - 2017-07-03;submitSocial;all;arwin
2017-07-05 05:10:06	worker	setyanovanto;2017-07-03 - 2017-07-03;submitSocial;all;arwin
2017-07-05 05:10:08	worker	galau;2017-07-03 - 2017-07-03;submitSocial;all;arwin
2017-07-05 05:10:14	worker	#prestasiindonesia;2017-07-03 - 2017-07-03;submitSocial;all;arwin
2017-07-05 05:10:16	worker	@Tw_Debi;2017-07-03 - 2017-07-03;submitSocial;all;arwin
2017-07-05 05:10:19	worker	@OfficialFastron;2017-07-03 - 2017-07-03;submitSocial;all;arwin
2017-07-05 05:10:22	worker	@CitibankID;2017-07-03 - 2017-07-03;submitSocial;all;arwin
2017-07-05 05:10:24	worker	@jak101fm;2017-07-03 - 2017-07-03;submitSocial;all;arwin
2017-07-05 05:10:27	worker	@genfm;2017-07-03 - 2017-07-03;submitSocial;all;arwin
