2017-07-13 05:00:04	worker	@987genfm;2017-07-11 - 2017-07-11;submitSocial;all;arwin
2017-07-13 05:00:07	worker	@101jakfm;2017-07-11 - 2017-07-11;submitSocial;all;arwin
2017-07-13 05:00:10	worker	@prambors;2017-07-11 - 2017-07-11;submitSocial;all;arwin
2017-07-13 05:00:13	worker	@hardrockfm;2017-07-11 - 2017-07-11;submitSocial;all;arwin
2017-07-13 05:00:16	worker	@kisfmjakarta;2017-07-11 - 2017-07-11;submitSocial;all;arwin
2017-07-13 05:00:18	worker	@delta_fm;2017-07-11 - 2017-07-11;submitSocial;all;arwin
2017-07-13 05:00:21	worker	@traxfmjkt;2017-07-11 - 2017-07-11;submitSocial;all;arwin
2017-07-13 05:00:24	worker	@iradiojakarta;2017-07-11 - 2017-07-11;submitSocial;all;arwin
2017-07-13 05:00:26	worker	@indika9160fm;2017-07-11 - 2017-07-11;submitSocial;all;arwin
2017-07-13 05:00:28	worker	@shellindonesia;2017-07-11 - 2017-07-11;submitSocial;all;arwin
2017-07-13 05:00:31	worker	@vpowerfans;2017-07-11 - 2017-07-11;submitSocial;all;arwin
2017-07-13 05:00:33	worker	@pertamaxind;2017-07-11 - 2017-07-11;submitSocial;all;arwin
2017-07-13 05:00:36	worker	@ptpertamina;2017-07-11 - 2017-07-11;submitSocial;all;arwin
2017-07-13 05:00:38	worker	@OZRadioJakarta;2017-07-11 - 2017-07-11;submitSocial;all;arwin
2017-07-13 05:00:41	worker	@CosmopolitanFM;2017-07-11 - 2017-07-11;submitSocial;all;arwin
2017-07-13 05:00:43	worker	@mustang88fm;2017-07-11 - 2017-07-11;submitSocial;all;arwin
2017-07-13 05:00:46	worker	@debabaz;2017-07-11 - 2017-07-11;submitSocial;all;arwin
2017-07-13 05:00:48	worker	@detikcom;2017-07-11 - 2017-07-11;submitSocial;all;arwin
2017-07-13 05:00:52	worker	@radioelshinta;2017-07-11 - 2017-07-11;submitSocial;all;arwin
2017-07-13 05:00:54	worker	@cinema21;2017-07-11 - 2017-07-11;submitSocial;all;arwin
2017-07-13 05:00:57	worker	@OfficialRCTI;2017-07-11 - 2017-07-11;submitSocial;all;arwin
2017-07-13 05:01:00	worker	@TRANSTV_CORP;2017-07-11 - 2017-07-11;submitSocial;all;arwin
2017-07-13 05:01:02	worker	@TRANS7;2017-07-11 - 2017-07-11;submitSocial;all;arwin
2017-07-13 05:01:05	worker	@Metro_TV;2017-07-11 - 2017-07-11;submitSocial;all;arwin
2017-07-13 05:01:08	worker	@tvOneNews;2017-07-11 - 2017-07-11;submitSocial;all;arwin
2017-07-13 05:01:13	worker	@whatsonANTV;2017-07-11 - 2017-07-11;submitSocial;all;arwin
2017-07-13 05:01:16	worker	@SCTV_;2017-07-11 - 2017-07-11;submitSocial;all;arwin
2017-07-13 05:01:19	worker	@KompasTV;2017-07-11 - 2017-07-11;submitSocial;all;arwin
2017-07-13 05:01:22	worker	@netmediatama;2017-07-11 - 2017-07-11;submitSocial;all;arwin
2017-07-13 05:01:25	worker	@Globaltvseru;2017-07-11 - 2017-07-11;submitSocial;all;arwin
2017-07-13 05:01:27	worker	@JaktvCom;2017-07-11 - 2017-07-11;submitSocial;all;arwin
2017-07-13 05:01:31	worker	@TVRINasional;2017-07-11 - 2017-07-11;submitSocial;all;arwin
2017-07-13 05:01:33	worker	@ochannelupdates;2017-07-11 - 2017-07-11;submitSocial;all;arwin
2017-07-13 05:01:36	worker	@IndosiarID;2017-07-11 - 2017-07-11;submitSocial;all;arwin
2017-07-13 05:01:39	worker	@kompascom;2017-07-11 - 2017-07-11;submitSocial;all;arwin
2017-07-13 05:01:42	worker	@merdekadotcom;2017-07-11 - 2017-07-11;submitSocial;all;arwin
2017-07-13 05:01:44	worker	@MIdotcom;2017-07-11 - 2017-07-11;submitSocial;all;arwin
2017-07-13 05:01:47	worker	@tempodotco;2017-07-11 - 2017-07-11;submitSocial;all;arwin
2017-07-13 05:01:50	worker	@motion975fm;2017-07-11 - 2017-07-11;submitSocial;all;arwin
2017-07-13 05:01:52	worker	@_radiotoday;2017-07-11 - 2017-07-11;submitSocial;all;arwin
2017-07-13 05:01:54	worker	@radioinfo;2017-07-11 - 2017-07-11;submitSocial;all;arwin
2017-07-13 05:01:57	worker	@979FeMaleRadio;2017-07-11 - 2017-07-11;submitSocial;all;arwin
2017-07-13 05:01:59	worker	@WomanRadio943FM;2017-07-11 - 2017-07-11;submitSocial;all;arwin
2017-07-13 05:02:01	worker	@VRadioFM;2017-07-11 - 2017-07-11;submitSocial;all;arwin
2017-07-13 05:02:03	worker	@UFM947;2017-07-11 - 2017-07-11;submitSocial;all;arwin
2017-07-13 05:02:05	worker	@VIVAnews;2017-07-11 - 2017-07-11;submitSocial;all;arwin
2017-07-13 05:02:08	worker	@antaranews;2017-07-11 - 2017-07-11;submitSocial;all;arwin
2017-07-13 05:02:11	worker	@tribunnews;2017-07-11 - 2017-07-11;submitSocial;all;arwin
2017-07-13 05:02:14	worker	@okezonenews;2017-07-11 - 2017-07-11;submitSocial;all;arwin
2017-07-13 05:02:17	worker	@Beritasatu;2017-07-11 - 2017-07-11;submitSocial;all;arwin
2017-07-13 05:02:19	worker	@rollingstoneina;2017-07-11 - 2017-07-11;submitSocial;all;arwin
2017-07-13 05:02:21	worker	@FIMELAdotcom;2017-07-11 - 2017-07-11;submitSocial;all;arwin
2017-07-13 05:02:24	worker	@KapanLagicom;2017-07-11 - 2017-07-11;submitSocial;all;arwin
2017-07-13 05:02:26	worker	@KompasEnt ;2017-07-11 - 2017-07-11;submitSocial;all;arwin
2017-07-13 05:02:28	worker	@HaiMagazine;2017-07-11 - 2017-07-11;submitSocial;all;arwin
2017-07-13 05:02:31	worker	@JakartaVenue;2017-07-11 - 2017-07-11;submitSocial;all;arwin
2017-07-13 05:02:33	worker	@SeputarEvent;2017-07-11 - 2017-07-11;submitSocial;all;arwin
2017-07-13 05:02:35	worker	@ismayaLive;2017-07-11 - 2017-07-11;submitSocial;all;arwin
2017-07-13 05:02:37	worker	@ECEntertainment;2017-07-11 - 2017-07-11;submitSocial;all;arwin
2017-07-13 05:02:39	worker	@synergism_En;2017-07-11 - 2017-07-11;submitSocial;all;arwin
2017-07-13 05:02:42	worker	@Urbanbandung;2017-07-11 - 2017-07-11;submitSocial;all;arwin
2017-07-13 05:02:44	worker	@Urbanrkm995;2017-07-11 - 2017-07-11;submitSocial;all;arwin
2017-07-13 05:02:46	worker	@Garuda_Promo;2017-07-11 - 2017-07-11;submitSocial;all;arwin
2017-07-13 05:02:48	worker	@AirAsiaID;2017-07-11 - 2017-07-11;submitSocial;all;arwin
2017-07-13 05:02:51	worker	@KAI121;2017-07-11 - 2017-07-11;submitSocial;all;arwin
2017-07-13 05:02:53	worker	@Unilever;2017-07-11 - 2017-07-11;submitSocial;all;arwin
2017-07-13 05:02:56	worker	@Nestle;2017-07-11 - 2017-07-11;submitSocial;all;arwin
2017-07-13 05:02:59	worker	@CocaCola;2017-07-11 - 2017-07-11;submitSocial;all;arwin
2017-07-13 05:03:02	worker	@CNN;2017-07-11 - 2017-07-11;submitSocial;all;arwin
2017-07-13 05:03:12	worker	@MTV;2017-07-11 - 2017-07-11;submitSocial;all;arwin
2017-07-13 05:03:18	worker	@channelv;2017-07-11 - 2017-07-11;submitSocial;all;arwin
2017-07-13 05:03:20	worker	@iTunesMusic;2017-07-11 - 2017-07-11;submitSocial;all;arwin
2017-07-13 05:03:23	worker	@mashable;2017-07-11 - 2017-07-11;submitSocial;all;arwin
2017-07-13 05:03:27	worker	@decacaz;2017-07-11 - 2017-07-11;submitSocial;all;arwin
2017-07-13 05:03:29	worker	@radiobaru967FM;2017-07-11 - 2017-07-11;submitSocial;all;arwin
2017-07-13 05:03:31	worker	@967HitzFM;2017-07-11 - 2017-07-11;submitSocial;all;arwin
2017-07-13 05:03:33	worker	@TVGuide;2017-07-11 - 2017-07-11;submitSocial;all;arwin
2017-07-13 05:03:36	worker	@XL123;2017-07-11 - 2017-07-11;submitSocial;all;arwin
2017-07-13 05:03:38	worker	@triindonesia;2017-07-11 - 2017-07-11;submitSocial;all;arwin
2017-07-13 05:03:41	worker	@kaskus;2017-07-11 - 2017-07-11;submitSocial;all;arwin
2017-07-13 05:03:43	worker	@Studio_XXI;2017-07-11 - 2017-07-11;submitSocial;all;arwin
2017-07-13 05:03:46	worker	@blitzmegaplex;2017-07-11 - 2017-07-11;submitSocial;all;arwin
2017-07-13 05:03:48	worker	@alfamartku;2017-07-11 - 2017-07-11;submitSocial;all;arwin
2017-07-13 05:03:50	worker	@Carrefour_ID;2017-07-11 - 2017-07-11;submitSocial;all;arwin
2017-07-13 05:03:52	worker	@BBCBreaking;2017-07-11 - 2017-07-11;submitSocial;all;arwin
2017-07-13 05:03:57	worker	@Forbes;2017-07-11 - 2017-07-11;submitSocial;all;arwin
2017-07-13 05:04:05	worker	@BensRadio;2017-07-11 - 2017-07-11;submitSocial;all;arwin
2017-07-13 05:04:07	worker	@instagram;2017-07-11 - 2017-07-11;submitSocial;all;arwin
2017-07-13 05:04:13	worker	@Pinterest;2017-07-11 - 2017-07-11;submitSocial;all;arwin
2017-07-13 05:04:16	worker	@google;2017-07-11 - 2017-07-11;submitSocial;all;arwin
2017-07-13 05:04:23	worker	@Pertaminalub;2017-07-11 - 2017-07-11;submitSocial;all;arwin
2017-07-13 05:04:25	worker	@InfoLalinTol;2017-07-11 - 2017-07-11;submitSocial;all;arwin
2017-07-13 05:04:27	worker	@PTJASAMARGA;2017-07-11 - 2017-07-11;submitSocial;all;arwin
2017-07-13 05:04:30	worker	@cititransindo;2017-07-11 - 2017-07-11;submitSocial;all;arwin
2017-07-13 05:04:32	worker	#semangatpagisuperr;2017-07-11 - 2017-07-11;submitSocial;all;arwin
2017-07-13 05:04:34	worker	#genkuisinsideout;2017-07-11 - 2017-07-11;submitSocial;all;arwin
2017-07-13 05:04:36	worker	#semangatpagi;2017-07-11 - 2017-07-11;submitSocial;all;arwin
2017-07-13 05:04:38	worker	#dikamar;2017-07-11 - 2017-07-11;submitSocial;all;arwin
2017-07-13 05:04:41	worker	#kopaja;2017-07-11 - 2017-07-11;submitSocial;all;arwin
2017-07-13 05:04:44	worker	#generaksi8;2017-07-11 - 2017-07-11;submitSocial;all;arwin
2017-07-13 05:04:45	worker	#hitztsp;2017-07-11 - 2017-07-11;submitSocial;all;arwin
2017-07-13 05:04:48	worker	#np;2017-07-11 - 2017-07-11;submitSocial;all;arwin
2017-07-13 05:04:51	worker	#hitzlivestage;2017-07-11 - 2017-07-11;submitSocial;all;arwin
2017-07-13 05:04:53	worker	#thefreaks;2017-07-11 - 2017-07-11;submitSocial;all;arwin
2017-07-13 05:04:56	worker	#hitzsirkuspagi;2017-07-11 - 2017-07-11;submitSocial;all;arwin
2017-07-13 05:04:58	worker	#hitzathlon;2017-07-11 - 2017-07-11;submitSocial;all;arwin
2017-07-13 05:05:00	worker	#hitzzombie;2017-07-11 - 2017-07-11;submitSocial;all;arwin
2017-07-13 05:05:02	worker	#hitzkalong;2017-07-11 - 2017-07-11;submitSocial;all;arwin
2017-07-13 05:05:05	worker	#hitzbebas;2017-07-11 - 2017-07-11;submitSocial;all;arwin
2017-07-13 05:05:07	worker	#hitzhorehara;2017-07-11 - 2017-07-11;submitSocial;all;arwin
2017-07-13 05:05:10	worker	@ZaloraID;2017-07-11 - 2017-07-11;submitSocial;all;arwin
2017-07-13 05:05:13	worker	@OLX_Indonesia;2017-07-11 - 2017-07-11;submitSocial;all;arwin
2017-07-13 05:05:15	worker	@LazadaID;2017-07-11 - 2017-07-11;submitSocial;all;arwin
2017-07-13 05:05:17	worker	@utrippers;2017-07-11 - 2017-07-11;submitSocial;all;arwin
2017-07-13 05:05:20	worker	@GoGobot;2017-07-11 - 2017-07-11;submitSocial;all;arwin
2017-07-13 05:05:22	worker	@viatortravel;2017-07-11 - 2017-07-11;submitSocial;all;arwin
2017-07-13 05:05:25	worker	@alandakariza;2017-07-11 - 2017-07-11;submitSocial;all;arwin
2017-07-13 05:05:27	worker	@gagasmedia;2017-07-11 - 2017-07-11;submitSocial;all;arwin
2017-07-13 05:05:30	worker	@welovehonda;2017-07-11 - 2017-07-11;submitSocial;all;arwin
2017-07-13 05:05:32	worker	@SuzukiMotorID;2017-07-11 - 2017-07-11;submitSocial;all;arwin
2017-07-13 05:05:35	worker	@kawasakilovers;2017-07-11 - 2017-07-11;submitSocial;all;arwin
2017-07-13 05:05:37	worker	@yamahaindonesia;2017-07-11 - 2017-07-11;submitSocial;all;arwin
2017-07-13 05:05:39	worker	@tripanzee;2017-07-11 - 2017-07-11;submitSocial;all;arwin
2017-07-13 05:05:41	worker	@arnoldpoernomo;2017-07-11 - 2017-07-11;submitSocial;all;arwin
2017-07-13 05:05:44	worker	@nicsap;2017-07-11 - 2017-07-11;submitSocial;all;arwin
2017-07-13 05:05:46	worker	@tiket2;2017-07-11 - 2017-07-11;submitSocial;all;arwin
2017-07-13 05:05:48	worker	@traveloka;2017-07-11 - 2017-07-11;submitSocial;all;arwin
2017-07-13 05:05:51	worker	@wego;2017-07-11 - 2017-07-11;submitSocial;all;arwin
2017-07-13 05:05:54	worker	@agoda;2017-07-11 - 2017-07-11;submitSocial;all;arwin
2017-07-13 05:05:57	worker	#salahsambung;2017-07-11 - 2017-07-11;submitSocial;all;arwin
2017-07-13 05:05:59	worker	#tulalit;2017-07-11 - 2017-07-11;submitSocial;all;arwin
2017-07-13 05:06:01	worker	#pestageneraksi8;2017-07-11 - 2017-07-11;submitSocial;all;arwin
2017-07-13 05:06:03	worker	#ganaskustik;2017-07-11 - 2017-07-11;submitSocial;all;arwin
2017-07-13 05:06:05	worker	#lnhot20;2017-07-11 - 2017-07-11;submitSocial;all;arwin
2017-07-13 05:06:07	worker	@TripAdvisor;2017-07-11 - 2017-07-11;submitSocial;all;arwin
2017-07-13 05:06:10	worker	@google;2017-07-11 - 2017-07-11;submitSocial;all;arwin
2017-07-13 05:06:16	worker	@Telkomsel;2017-07-11 - 2017-07-11;submitSocial;all;arwin
2017-07-13 05:06:19	worker	@indosat;2017-07-11 - 2017-07-11;submitSocial;all;arwin
2017-07-13 05:06:22	worker	@bahanafmjkt;2017-07-11 - 2017-07-11;submitSocial;all;2017-07-13 05:06:27	worker	@sonorafm92;2017-07-11 - 2017-07-11;submitSocial;all;arwin
2017-07-13 05:06:29	worker	@litefm1058;2017-07-11 - 2017-07-11;submitSocial;all;arwin
2017-07-13 05:06:31	worker	@Bravaradio;2017-07-11 - 2017-07-11;submitSocial;all;arwin
2017-07-13 05:06:33	worker	#dgitm;2017-07-11 - 2017-07-11;submitSocial;all;arwin
2017-07-13 05:06:36	worker	#hitsalaprambors;2017-07-11 - 2017-07-11;submitSocial;all;arwin
2017-07-13 05:06:38	worker	#reqprambors;2017-07-11 - 2017-07-11;submitSocial;all;arwin
2017-07-13 05:06:40	worker	#thedandees;2017-07-11 - 2017-07-11;submitSocial;all;arwin
2017-07-13 05:06:43	worker	#pramborsquiz;2017-07-11 - 2017-07-11;submitSocial;all;arwin
2017-07-13 05:06:45	worker	#jeliprambors;2017-07-11 - 2017-07-11;submitSocial;all;arwin
2017-07-13 05:06:47	worker	#jodohinprambors;2017-07-11 - 2017-07-11;submitSocial;all;arwin
2017-07-13 05:06:49	worker	#ubahdenganbicara;2017-07-11 - 2017-07-11;submitSocial;all;arwin
2017-07-13 05:06:51	worker	#pramborschat;2017-07-11 - 2017-07-11;submitSocial;all;arwin
2017-07-13 05:06:53	worker	#tweetforduit;2017-07-11 - 2017-07-11;submitSocial;all;arwin
2017-07-13 05:06:56	worker	#joki3in1;2017-07-11 - 2017-07-11;submitSocial;all;arwin
2017-07-13 05:06:58	worker	#sarapanseru;2017-07-11 - 2017-07-11;submitSocial;all;arwin
2017-07-13 05:07:00	worker	#rawonkaneloop;2017-07-11 - 2017-07-11;submitSocial;all;arwin
2017-07-13 05:07:02	worker	#gudegkendilkeraton;2017-07-11 - 2017-07-11;submitSocial;all;arwin
2017-07-13 05:07:04	worker	#gadogadobutika;2017-07-11 - 2017-07-11;submitSocial;all;arwin
2017-07-13 05:07:06	worker	#mtvhottest;2017-07-11 - 2017-07-11;submitSocial;all;arwin
2017-07-13 05:07:08	worker	#dimsumcjdw;2017-07-11 - 2017-07-11;submitSocial;all;arwin
2017-07-13 05:07:11	worker	#pecelmadiunmbakniek;2017-07-11 - 2017-07-11;submitSocial;all;arwin
2017-07-13 05:07:13	worker	#depotarema;2017-07-11 - 2017-07-11;submitSocial;all;arwin
2017-07-13 05:07:15	worker	@BNI46;2017-07-11 - 2017-07-11;submitSocial;all;arwin
2017-07-13 05:07:17	worker	@BANKBRI_ID;2017-07-11 - 2017-07-11;submitSocial;all;arwin
2017-07-13 05:07:20	worker	#bni46;2017-07-11 - 2017-07-11;submitSocial;all;arwin
2017-07-13 05:07:22	worker	macet;2017-07-11 - 2017-07-11;submitSocial;all;arwin
2017-07-13 05:07:26	worker	#selamatpagi;2017-07-11 - 2017-07-11;submitSocial;all;arwin
2017-07-13 05:07:28	worker	#selamatmalam;2017-07-11 - 2017-07-11;submitSocial;all;arwin
2017-07-13 05:07:31	worker	@884GlobalRadio;2017-07-11 - 2017-07-11;submitSocial;all;arwin
2017-07-13 05:07:33	worker	@day_trans;2017-07-11 - 2017-07-11;submitSocial;all;arwin
2017-07-13 05:07:35	worker	@kencanavoyage;2017-07-11 - 2017-07-11;submitSocial;all;arwin
2017-07-13 05:07:37	worker	@jukebox5d;2017-07-11 - 2017-07-11;submitSocial;all;arwin
2017-07-13 05:07:40	worker	#mtvhottest;2017-07-11 - 2017-07-11;submitSocial;all;arwin
2017-07-13 05:07:42	worker	#semangatpagi;2017-07-11 - 2017-07-11;submitSocial;all;arwin
2017-07-13 05:07:44	worker	lifebuoy;2017-07-11 - 2017-07-11;submitSocial;all;arwin
2017-07-13 05:07:46	worker	jokowi;2017-07-11 - 2017-07-11;submitSocial;all;arwin
2017-07-13 05:07:52	worker	obama;2017-07-11 - 2017-07-11;submitSocial;all;arwin
2017-07-13 05:08:01	worker	starwars;2017-07-11 - 2017-07-11;submitSocial;all;arwin
2017-07-13 05:08:04	worker	jonan;2017-07-11 - 2017-07-11;submitSocial;all;arwin
2017-07-13 05:08:07	worker	pagi;2017-07-11 - 2017-07-11;submitSocial;all;arwin
2017-07-13 05:08:16	worker	sampoerna;2017-07-11 - 2017-07-11;submitSocial;all;arwin
2017-07-13 05:08:19	worker	djarum;2017-07-11 - 2017-07-11;submitSocial;all;arwin
2017-07-13 05:08:22	worker	#semangatpagi;2017-07-11 - 2017-07-11;submitSocial;all;arwin
2017-07-13 05:08:24	worker	#generaksi8;2017-07-11 - 2017-07-11;submitSocial;all;arwin
2017-07-13 05:08:26	worker	#365alasan;2017-07-11 - 2017-07-11;submitSocial;all;arwin
2017-07-13 05:08:28	worker	weew;2017-07-11 - 2017-07-11;submitSocial;all;arwin
2017-07-13 05:08:31	worker	testing;2017-07-11 - 2017-07-11;submitSocial;all;arwin
2017-07-13 05:08:40	worker	#kopaja;2017-07-11 - 2017-07-11;submitSocial;all;arwin
2017-07-13 05:08:43	worker	#genkuisinsideout;2017-07-11 - 2017-07-11;submitSocial;all;arwin
2017-07-13 05:08:45	worker	starwars;2017-07-11 - 2017-07-11;submitSocial;all;arwin
2017-07-13 05:08:48	worker	#kopaja;2017-07-11 - 2017-07-11;submitSocial;all;arwin
2017-07-13 05:08:50	worker	mldspot;2017-07-11 - 2017-07-11;submitSocial;all;arwin
2017-07-13 05:08:53	worker	PBDjarum;2017-07-11 - 2017-07-11;submitSocial;all;arwin
2017-07-13 05:08:55	worker	TemanNabati;2017-07-11 - 2017-07-11;submitSocial;all;arwin
2017-07-13 05:08:58	worker	Nextar;2017-07-11 - 2017-07-11;submitSocial;all;arwin
2017-07-13 05:09:01	worker	jokowo;2017-07-11 - 2017-07-11;submitSocial;all;arwin
2017-07-13 05:09:04	worker	prabowo;2017-07-11 - 2017-07-11;submitSocial;all;arwin
2017-07-13 05:09:07	worker	sudirman said;2017-07-11 - 2017-07-11;submitSocial;all;arwin
2017-07-13 05:09:09	worker	ahok;2017-07-11 - 2017-07-11;submitSocial;all;arwin
2017-07-13 05:09:13	worker	setyanovanto;2017-07-11 - 2017-07-11;submitSocial;all;arwin
2017-07-13 05:09:16	worker	jokowi;2017-07-11 - 2017-07-11;submitSocial;all;arwin
2017-07-13 05:09:22	worker	ahok;2017-07-11 - 2017-07-11;submitSocial;all;arwin
2017-07-13 05:09:27	worker	prabowo;2017-07-11 - 2017-07-11;submitSocial;all;arwin
2017-07-13 05:09:29	worker	sudirman said;2017-07-11 - 2017-07-11;submitSocial;all;arwin
2017-07-13 05:09:32	worker	setyanovanto;2017-07-11 - 2017-07-11;submitSocial;all;arwin
2017-07-13 05:09:34	worker	galau;2017-07-11 - 2017-07-11;submitSocial;all;arwin
2017-07-13 05:09:38	worker	#prestasiindonesia;2017-07-11 - 2017-07-11;submitSocial;all;arwin
2017-07-13 05:09:40	worker	@Tw_Debi;2017-07-11 - 2017-07-11;submitSocial;all;arwin
2017-07-13 05:09:43	worker	@OfficialFastron;2017-07-11 - 2017-07-11;submitSocial;all;arwin
2017-07-13 05:09:45	worker	@CitibankID;2017-07-11 - 2017-07-11;submitSocial;all;arwin
2017-07-13 05:09:47	worker	@jak101fm;2017-07-11 - 2017-07-11;submitSocial;all;arwin
2017-07-13 05:09:50	worker	@genfm;2017-07-11 - 2017-07-11;submitSocial;all;arwin
