2017-11-24 05:00:02	worker	@987genfm;2017-11-22 - 2017-11-22;submitSocial;all;arwin
2017-11-24 05:00:06	worker	@101jakfm;2017-11-22 - 2017-11-22;submitSocial;all;arwin
2017-11-24 05:00:09	worker	@prambors;2017-11-22 - 2017-11-22;submitSocial;all;arwin
2017-11-24 05:00:12	worker	@hardrockfm;2017-11-22 - 2017-11-22;submitSocial;all;arwin
2017-11-24 05:00:14	worker	@kisfmjakarta;2017-11-22 - 2017-11-22;submitSocial;all;arwin
2017-11-24 05:00:17	worker	@delta_fm;2017-11-22 - 2017-11-22;submitSocial;all;arwin
2017-11-24 05:00:19	worker	@traxfmjkt;2017-11-22 - 2017-11-22;submitSocial;all;arwin
2017-11-24 05:00:22	worker	@iradiojakarta;2017-11-22 - 2017-11-22;submitSocial;all;arwin
2017-11-24 05:00:24	worker	@indika9160fm;2017-11-22 - 2017-11-22;submitSocial;all;arwin
2017-11-24 05:00:26	worker	@shellindonesia;2017-11-22 - 2017-11-22;submitSocial;all;arwin
2017-11-24 05:00:28	worker	@vpowerfans;2017-11-22 - 2017-11-22;submitSocial;all;arwin
2017-11-24 05:00:31	worker	@pertamaxind;2017-11-22 - 2017-11-22;submitSocial;all;arwin
2017-11-24 05:00:33	worker	@ptpertamina;2017-11-22 - 2017-11-22;submitSocial;all;arwin
2017-11-24 05:00:35	worker	@OZRadioJakarta;2017-11-22 - 2017-11-22;submitSocial;all;arwin
2017-11-24 05:00:38	worker	@CosmopolitanFM;2017-11-22 - 2017-11-22;submitSocial;all;arwin
2017-11-24 05:00:40	worker	@mustang88fm;2017-11-22 - 2017-11-22;submitSocial;all;arwin
2017-11-24 05:00:42	worker	@debabaz;2017-11-22 - 2017-11-22;submitSocial;all;arwin
2017-11-24 05:00:44	worker	@detikcom;2017-11-22 - 2017-11-22;submitSocial;all;arwin
2017-11-24 05:00:49	worker	@radioelshinta;2017-11-22 - 2017-11-22;submitSocial;all;arwin
2017-11-24 05:00:51	worker	@cinema21;2017-11-22 - 2017-11-22;submitSocial;all;arwin
2017-11-24 05:00:54	worker	@OfficialRCTI;2017-11-22 - 2017-11-22;submitSocial;all;arwin
2017-11-24 05:00:56	worker	@TRANSTV_CORP;2017-11-22 - 2017-11-22;submitSocial;all;arwin
2017-11-24 05:00:58	worker	@TRANS7;2017-11-22 - 2017-11-22;submitSocial;all;arwin
2017-11-24 05:01:00	worker	@Metro_TV;2017-11-22 - 2017-11-22;submitSocial;all;arwin
2017-11-24 05:01:05	worker	@tvOneNews;2017-11-22 - 2017-11-22;submitSocial;all;arwin
2017-11-24 05:01:07	worker	@whatsonANTV;2017-11-22 - 2017-11-22;submitSocial;all;arwin
2017-11-24 05:01:09	worker	@SCTV_;2017-11-22 - 2017-11-22;submitSocial;all;arwin
2017-11-24 05:01:13	worker	@KompasTV;2017-11-22 - 2017-11-22;submitSocial;all;arwin
2017-11-24 05:01:16	worker	@netmediatama;2017-11-22 - 2017-11-22;submitSocial;all;arwin
2017-11-24 05:01:18	worker	@Globaltvseru;2017-11-22 - 2017-11-22;submitSocial;all;arwin
2017-11-24 05:01:20	worker	@JaktvCom;2017-11-22 - 2017-11-22;submitSocial;all;arwin
2017-11-24 05:01:23	worker	@TVRINasional;2017-11-22 - 2017-11-22;submitSocial;all;arwin
2017-11-24 05:01:25	worker	@ochannelupdates;2017-11-22 - 2017-11-22;submitSocial;all;arwin
2017-11-24 05:01:28	worker	@IndosiarID;2017-11-22 - 2017-11-22;submitSocial;all;arwin
2017-11-24 05:01:31	worker	@kompascom;2017-11-22 - 2017-11-22;submitSocial;all;arwin
2017-11-24 05:01:37	worker	@merdekadotcom;2017-11-22 - 2017-11-22;submitSocial;all;arwin
2017-11-24 05:01:39	worker	@MIdotcom;2017-11-22 - 2017-11-22;submitSocial;all;arwin
2017-11-24 05:01:42	worker	@tempodotco;2017-11-22 - 2017-11-22;submitSocial;all;arwin
2017-11-24 05:01:45	worker	@motion975fm;2017-11-22 - 2017-11-22;submitSocial;all;arwin
2017-11-24 05:01:47	worker	@_radiotoday;2017-11-22 - 2017-11-22;submitSocial;all;arwin
2017-11-24 05:01:49	worker	@radioinfo;2017-11-22 - 2017-11-22;submitSocial;all;arwin
2017-11-24 05:01:52	worker	@979FeMaleRadio;2017-11-22 - 2017-11-22;submitSocial;all;arwin
2017-11-24 05:01:54	worker	@WomanRadio943FM;2017-11-22 - 2017-11-22;submitSocial;all;arwin
2017-11-24 05:01:56	worker	@VRadioFM;2017-11-22 - 2017-11-22;submitSocial;all;arwin
2017-11-24 05:01:58	worker	@UFM947;2017-11-22 - 2017-11-22;submitSocial;all;arwin
2017-11-24 05:02:00	worker	@VIVAnews;2017-11-22 - 2017-11-22;submitSocial;all;arwin
2017-11-24 05:02:03	worker	@antaranews;2017-11-22 - 2017-11-22;submitSocial;all;arwin
2017-11-24 05:02:05	worker	@tribunnews;2017-11-22 - 2017-11-22;submitSocial;all;arwin
2017-11-24 05:02:08	worker	@okezonenews;2017-11-22 - 2017-11-22;submitSocial;all;arwin
2017-11-24 05:02:11	worker	@Beritasatu;2017-11-22 - 2017-11-22;submitSocial;all;arwin
2017-11-24 05:02:13	worker	@rollingstoneina;2017-11-22 - 2017-11-22;submitSocial;all;arwin
2017-11-24 05:02:16	worker	@FIMELAdotcom;2017-11-22 - 2017-11-22;submitSocial;all;arwin
2017-11-24 05:02:18	worker	@KapanLagicom;2017-11-22 - 2017-11-22;submitSocial;all;arwin
2017-11-24 05:02:20	worker	@KompasEnt ;2017-11-22 - 2017-11-22;submitSocial;all;arwin
2017-11-24 05:02:23	worker	@HaiMagazine;2017-11-22 - 2017-11-22;submitSocial;all;arwin
2017-11-24 05:02:25	worker	@JakartaVenue;2017-11-22 - 2017-11-22;submitSocial;all;arwin
2017-11-24 05:02:27	worker	@SeputarEvent;2017-11-22 - 2017-11-22;submitSocial;all;arwin
2017-11-24 05:02:29	worker	@ismayaLive;2017-11-22 - 2017-11-22;submitSocial;all;arwin
2017-11-24 05:02:32	worker	@ECEntertainment;2017-11-22 - 2017-11-22;submitSocial;all;arwin
2017-11-24 05:02:34	worker	@synergism_En;2017-11-22 - 2017-11-22;submitSocial;all;arwin
2017-11-24 05:02:36	worker	@Urbanbandung;2017-11-22 - 2017-11-22;submitSocial;all;arwin
2017-11-24 05:02:38	worker	@Urbanrkm995;2017-11-22 - 2017-11-22;submitSocial;all;arwin
2017-11-24 05:02:40	worker	@Garuda_Promo;2017-11-22 - 2017-11-22;submitSocial;all;arwin
2017-11-24 05:02:42	worker	@AirAsiaID;2017-11-22 - 2017-11-22;submitSocial;all;arwin
2017-11-24 05:02:44	worker	@KAI121;2017-11-22 - 2017-11-22;submitSocial;all;arwin
2017-11-24 05:02:47	worker	@Unilever;2017-11-22 - 2017-11-22;submitSocial;all;arwin
2017-11-24 05:02:49	worker	@Nestle;2017-11-22 - 2017-11-22;submitSocial;all;arwin
2017-11-24 05:02:52	worker	@CocaCola;2017-11-22 - 2017-11-22;submitSocial;all;arwin
2017-11-24 05:02:56	worker	@CNN;2017-11-22 - 2017-11-22;submitSocial;all;arwin
2017-11-24 05:03:02	worker	@MTV;2017-11-22 - 2017-11-22;submitSocial;all;arwin
2017-11-24 05:03:05	worker	@channelv;2017-11-22 - 2017-11-22;submitSocial;all;arwin
2017-11-24 05:03:07	worker	@iTunesMusic;2017-11-22 - 2017-11-22;submitSocial;all;arwin
2017-11-24 05:03:10	worker	@mashable;2017-11-22 - 2017-11-22;submitSocial;all;arwin
2017-11-24 05:03:13	worker	@decacaz;2017-11-22 - 2017-11-22;submitSocial;all;arwin
2017-11-24 05:03:15	worker	@radiobaru967FM;2017-11-22 - 2017-11-22;submitSocial;all;arwin
2017-11-24 05:03:17	worker	@967HitzFM;2017-11-22 - 2017-11-22;submitSocial;all;arwin
2017-11-24 05:03:20	worker	@TVGuide;2017-11-22 - 2017-11-22;submitSocial;all;arwin
2017-11-24 05:03:22	worker	@XL123;2017-11-22 - 2017-11-22;submitSocial;all;arwin
2017-11-24 05:03:25	worker	@triindonesia;2017-11-22 - 2017-11-22;submitSocial;all;arwin
2017-11-24 05:03:28	worker	@kaskus;2017-11-22 - 2017-11-22;submitSocial;all;arwin
2017-11-24 05:03:31	worker	@Studio_XXI;2017-11-22 - 2017-11-22;submitSocial;all;arwin
2017-11-24 05:03:33	worker	@blitzmegaplex;2017-11-22 - 2017-11-22;submitSocial;all;arwin
2017-11-24 05:03:35	worker	@alfamartku;2017-11-22 - 2017-11-22;submitSocial;all;arwin
2017-11-24 05:03:37	worker	@Carrefour_ID;2017-11-22 - 2017-11-22;submitSocial;all;arwin
2017-11-24 05:03:40	worker	@BBCBreaking;2017-11-22 - 2017-11-22;submitSocial;all;arwin
2017-11-24 05:03:43	worker	@Forbes;2017-11-22 - 2017-11-22;submitSocial;all;arwin
2017-11-24 05:03:49	worker	@BensRadio;2017-11-22 - 2017-11-22;submitSocial;all;arwin
2017-11-24 05:03:51	worker	@instagram;2017-11-22 - 2017-11-22;submitSocial;all;arwin
2017-11-24 05:03:56	worker	@Pinterest;2017-11-22 - 2017-11-22;submitSocial;all;arwin
2017-11-24 05:03:59	worker	@google;2017-11-22 - 2017-11-22;submitSocial;all;arwin
2017-11-24 05:04:06	worker	@Pertaminalub;2017-11-22 - 2017-11-22;submitSocial;all;arwin
2017-11-24 05:04:09	worker	@InfoLalinTol;2017-11-22 - 2017-11-22;submitSocial;all;arwin
2017-11-24 05:04:12	worker	@PTJASAMARGA;2017-11-22 - 2017-11-22;submitSocial;all;arwin
2017-11-24 05:04:14	worker	@cititransindo;2017-11-22 - 2017-11-22;submitSocial;all;arwin
2017-11-24 05:04:16	worker	#semangatpagisuperr;2017-11-22 - 2017-11-22;submitSocial;all;arwin
2017-11-24 05:04:18	worker	#genkuisinsideout;2017-11-22 - 2017-11-22;submitSocial;all;arwin
2017-11-24 05:04:20	worker	#semangatpagi;2017-11-22 - 2017-11-22;submitSocial;all;arwin
2017-11-24 05:04:22	worker	#dikamar;2017-11-22 - 2017-11-22;submitSocial;all;arwin
2017-11-24 05:04:25	worker	#kopaja;2017-11-22 - 2017-11-22;submitSocial;all;arwin
2017-11-24 05:04:28	worker	#generaksi8;2017-11-22 - 2017-11-22;submitSocial;all;arwin
2017-11-24 05:04:29	worker	#hitztsp;2017-11-22 - 2017-11-22;submitSocial;all;arwin
2017-11-24 05:04:32	worker	#np;2017-11-22 - 2017-11-22;submitSocial;all;arwin
2017-11-24 05:04:35	worker	#hitzlivestage;2017-11-22 - 2017-11-22;submitSocial;all;arwin
2017-11-24 05:04:37	worker	#thefreaks;2017-11-22 - 2017-11-22;submitSocial;all;arwin
2017-11-24 05:04:39	worker	#hitzsirkuspagi;2017-11-22 - 2017-11-22;submitSocial;all;arwin
2017-11-24 05:04:41	worker	#hitzathlon;2017-11-22 - 2017-11-22;submitSocial;all;arwin
2017-11-24 05:04:44	worker	#hitzzombie;2017-11-22 - 2017-11-22;submitSocial;all;arwin
2017-11-24 05:04:46	worker	#hitzkalong;2017-11-22 - 2017-11-22;submitSocial;all;arwin
2017-11-24 05:04:48	worker	#hitzbebas;2017-11-22 - 2017-11-22;submitSocial;all;arwin
2017-11-24 05:04:50	worker	#hitzhorehara;2017-11-22 - 2017-11-22;submitSocial;all;arwin
2017-11-24 05:04:52	worker	@ZaloraID;2017-11-22 - 2017-11-22;submitSocial;all;arwin
2017-11-24 05:04:55	worker	@OLX_Indonesia;2017-11-22 - 2017-11-22;submitSocial;all;arwin
2017-11-24 05:04:57	worker	@LazadaID;2017-11-22 - 2017-11-22;submitSocial;all;arwin
2017-11-24 05:05:01	worker	@utrippers;2017-11-22 - 2017-11-22;submitSocial;all;arwin
2017-11-24 05:05:05	worker	@GoGobot;2017-11-22 - 2017-11-22;submitSocial;all;arwin
2017-11-24 05:05:08	worker	@viatortravel;2017-11-22 - 2017-11-22;submitSocial;all;arwin
2017-11-24 05:05:11	worker	@alandakariza;2017-11-22 - 2017-11-22;submitSocial;all;arwin
2017-11-24 05:05:14	worker	@gagasmedia;2017-11-22 - 2017-11-22;submitSocial;all;arwin
2017-11-24 05:05:16	worker	@welovehonda;2017-11-22 - 2017-11-22;submitSocial;all;arwin
2017-11-24 05:05:18	worker	@SuzukiMotorID;2017-11-22 - 2017-11-22;submitSocial;all;arwin
2017-11-24 05:05:21	worker	@kawasakilovers;2017-11-22 - 2017-11-22;submitSocial;all;arwin
2017-11-24 05:05:23	worker	@yamahaindonesia;2017-11-22 - 2017-11-22;submitSocial;all;arwin
2017-11-24 05:05:25	worker	@tripanzee;2017-11-22 - 2017-11-22;submitSocial;all;arwin
2017-11-24 05:05:28	worker	@arnoldpoernomo;2017-11-22 - 2017-11-22;submitSocial;all;arwin
2017-11-24 05:05:31	worker	@nicsap;2017-11-22 - 2017-11-22;submitSocial;all;arwin
2017-11-24 05:05:33	worker	@tiket2;2017-11-22 - 2017-11-22;submitSocial;all;arwin
2017-11-24 05:05:36	worker	@traveloka;2017-11-22 - 2017-11-22;submitSocial;all;arwin
2017-11-24 05:05:38	worker	@wego;2017-11-22 - 2017-11-22;submitSocial;all;arwin
2017-11-24 05:05:42	worker	@agoda;2017-11-22 - 2017-11-22;submitSocial;all;arwin
2017-11-24 05:05:45	worker	#salahsambung;2017-11-22 - 2017-11-22;submitSocial;all;arwin
2017-11-24 05:05:47	worker	#tulalit;2017-11-22 - 2017-11-22;submitSocial;all;arwin
2017-11-24 05:05:49	worker	#pestageneraksi8;2017-11-22 - 2017-11-22;submitSocial;all;arwin
2017-11-24 05:05:51	worker	#ganaskustik;2017-11-22 - 2017-11-22;submitSocial;all;arwin
2017-11-24 05:05:53	worker	#lnhot20;2017-11-22 - 2017-11-22;submitSocial;all;arwin
2017-11-24 05:05:55	worker	@TripAdvisor;2017-11-22 - 2017-11-22;submitSocial;all;arwin
2017-11-24 05:05:58	worker	@google;2017-11-22 - 2017-11-22;submitSocial;all;arwin
2017-11-24 05:06:04	worker	@Telkomsel;2017-11-22 - 2017-11-22;submitSocial;all;arwin
2017-11-24 05:06:08	worker	@indosat;2017-11-22 - 2017-11-22;submitSocial;all;arwin
2017-11-24 05:06:10	worker	@bahanafmjkt;2017-11-22 - 2017-11-22;submitSocial;all;2017-11-24 05:06:16	worker	@sonorafm92;2017-11-22 - 2017-11-22;submitSocial;all;arwin
2017-11-24 05:06:18	worker	@litefm1058;2017-11-22 - 2017-11-22;submitSocial;all;arwin
2017-11-24 05:06:20	worker	@Bravaradio;2017-11-22 - 2017-11-22;submitSocial;all;arwin
2017-11-24 05:06:24	worker	#dgitm;2017-11-22 - 2017-11-22;submitSocial;all;arwin
2017-11-24 05:06:26	worker	#hitsalaprambors;2017-11-22 - 2017-11-22;submitSocial;all;arwin
2017-11-24 05:06:29	worker	#reqprambors;2017-11-22 - 2017-11-22;submitSocial;all;arwin
2017-11-24 05:06:31	worker	#thedandees;2017-11-22 - 2017-11-22;submitSocial;all;arwin
2017-11-24 05:06:33	worker	#pramborsquiz;2017-11-22 - 2017-11-22;submitSocial;all;arwin
2017-11-24 05:06:35	worker	#jeliprambors;2017-11-22 - 2017-11-22;submitSocial;all;arwin
2017-11-24 05:06:37	worker	#jodohinprambors;2017-11-22 - 2017-11-22;submitSocial;all;arwin
2017-11-24 05:06:39	worker	#ubahdenganbicara;2017-11-22 - 2017-11-22;submitSocial;all;arwin
2017-11-24 05:06:41	worker	#pramborschat;2017-11-22 - 2017-11-22;submitSocial;all;arwin
2017-11-24 05:06:43	worker	#tweetforduit;2017-11-22 - 2017-11-22;submitSocial;all;arwin
2017-11-24 05:06:46	worker	#joki3in1;2017-11-22 - 2017-11-22;submitSocial;all;arwin
2017-11-24 05:06:48	worker	#sarapanseru;2017-11-22 - 2017-11-22;submitSocial;all;arwin
2017-11-24 05:06:50	worker	#rawonkaneloop;2017-11-22 - 2017-11-22;submitSocial;all;arwin
2017-11-24 05:06:52	worker	#gudegkendilkeraton;2017-11-22 - 2017-11-22;submitSocial;all;arwin
2017-11-24 05:06:54	worker	#gadogadobutika;2017-11-22 - 2017-11-22;submitSocial;all;arwin
2017-11-24 05:06:56	worker	#mtvhottest;2017-11-22 - 2017-11-22;submitSocial;all;arwin
2017-11-24 05:06:58	worker	#dimsumcjdw;2017-11-22 - 2017-11-22;submitSocial;all;arwin
2017-11-24 05:07:00	worker	#pecelmadiunmbakniek;2017-11-22 - 2017-11-22;submitSocial;all;arwin
2017-11-24 05:07:02	worker	#depotarema;2017-11-22 - 2017-11-22;submitSocial;all;arwin
2017-11-24 05:07:05	worker	@BNI46;2017-11-22 - 2017-11-22;submitSocial;all;arwin
2017-11-24 05:07:07	worker	@BANKBRI_ID;2017-11-22 - 2017-11-22;submitSocial;all;arwin
2017-11-24 05:07:09	worker	#bni46;2017-11-22 - 2017-11-22;submitSocial;all;arwin
2017-11-24 05:07:12	worker	macet;2017-11-22 - 2017-11-22;submitSocial;all;arwin
2017-11-24 05:07:16	worker	#selamatpagi;2017-11-22 - 2017-11-22;submitSocial;all;arwin
2017-11-24 05:07:18	worker	#selamatmalam;2017-11-22 - 2017-11-22;submitSocial;all;arwin
2017-11-24 05:07:20	worker	@884GlobalRadio;2017-11-22 - 2017-11-22;submitSocial;all;arwin
2017-11-24 05:07:22	worker	@day_trans;2017-11-22 - 2017-11-22;submitSocial;all;arwin
2017-11-24 05:07:25	worker	@kencanavoyage;2017-11-22 - 2017-11-22;submitSocial;all;arwin
2017-11-24 05:07:28	worker	@jukebox5d;2017-11-22 - 2017-11-22;submitSocial;all;arwin
2017-11-24 05:07:34	worker	#mtvhottest;2017-11-22 - 2017-11-22;submitSocial;all;arwin
2017-11-24 05:07:36	worker	#semangatpagi;2017-11-22 - 2017-11-22;submitSocial;all;arwin
2017-11-24 05:07:38	worker	lifebuoy;2017-11-22 - 2017-11-22;submitSocial;all;arwin
2017-11-24 05:07:41	worker	jokowi;2017-11-22 - 2017-11-22;submitSocial;all;arwin
2017-11-24 05:07:46	worker	obama;2017-11-22 - 2017-11-22;submitSocial;all;arwin
2017-11-24 05:07:54	worker	starwars;2017-11-22 - 2017-11-22;submitSocial;all;arwin
2017-11-24 05:07:57	worker	jonan;2017-11-22 - 2017-11-22;submitSocial;all;arwin
2017-11-24 05:08:00	worker	pagi;2017-11-22 - 2017-11-22;submitSocial;all;arwin
2017-11-24 05:08:08	worker	sampoerna;2017-11-22 - 2017-11-22;submitSocial;all;arwin
2017-11-24 05:08:11	worker	djarum;2017-11-22 - 2017-11-22;submitSocial;all;arwin
2017-11-24 05:08:14	worker	#semangatpagi;2017-11-22 - 2017-11-22;submitSocial;all;arwin
2017-11-24 05:08:16	worker	#generaksi8;2017-11-22 - 2017-11-22;submitSocial;all;arwin
2017-11-24 05:08:18	worker	#365alasan;2017-11-22 - 2017-11-22;submitSocial;all;arwin
2017-11-24 05:08:20	worker	weew;2017-11-22 - 2017-11-22;submitSocial;all;arwin
2017-11-24 05:08:23	worker	testing;2017-11-22 - 2017-11-22;submitSocial;all;arwin
2017-11-24 05:08:30	worker	#kopaja;2017-11-22 - 2017-11-22;submitSocial;all;arwin
2017-11-24 05:08:33	worker	#genkuisinsideout;2017-11-22 - 2017-11-22;submitSocial;all;arwin
2017-11-24 05:08:35	worker	starwars;2017-11-22 - 2017-11-22;submitSocial;all;arwin
2017-11-24 05:08:38	worker	#kopaja;2017-11-22 - 2017-11-22;submitSocial;all;arwin
2017-11-24 05:08:41	worker	mldspot;2017-11-22 - 2017-11-22;submitSocial;all;arwin
2017-11-24 05:08:43	worker	PBDjarum;2017-11-22 - 2017-11-22;submitSocial;all;arwin
2017-11-24 05:08:46	worker	TemanNabati;2017-11-22 - 2017-11-22;submitSocial;all;arwin
2017-11-24 05:08:48	worker	Nextar;2017-11-22 - 2017-11-22;submitSocial;all;arwin
2017-11-24 05:08:51	worker	jokowo;2017-11-22 - 2017-11-22;submitSocial;all;arwin
2017-11-24 05:08:54	worker	prabowo;2017-11-22 - 2017-11-22;submitSocial;all;arwin
2017-11-24 05:08:57	worker	sudirman said;2017-11-22 - 2017-11-22;submitSocial;all;arwin
2017-11-24 05:08:59	worker	ahok;2017-11-22 - 2017-11-22;submitSocial;all;arwin
2017-11-24 05:09:08	worker	setyanovanto;2017-11-22 - 2017-11-22;submitSocial;all;arwin
2017-11-24 05:09:10	worker	jokowi;2017-11-22 - 2017-11-22;submitSocial;all;arwin
2017-11-24 05:09:16	worker	ahok;2017-11-22 - 2017-11-22;submitSocial;all;arwin
2017-11-24 05:09:25	worker	prabowo;2017-11-22 - 2017-11-22;submitSocial;all;arwin
2017-11-24 05:09:28	worker	sudirman said;2017-11-22 - 2017-11-22;submitSocial;all;arwin
2017-11-24 05:09:30	worker	setyanovanto;2017-11-22 - 2017-11-22;submitSocial;all;arwin
2017-11-24 05:09:33	worker	galau;2017-11-22 - 2017-11-22;submitSocial;all;arwin
2017-11-24 05:09:37	worker	#prestasiindonesia;2017-11-22 - 2017-11-22;submitSocial;all;arwin
2017-11-24 05:09:39	worker	@Tw_Debi;2017-11-22 - 2017-11-22;submitSocial;all;arwin
2017-11-24 05:09:42	worker	@OfficialFastron;2017-11-22 - 2017-11-22;submitSocial;all;arwin
2017-11-24 05:09:44	worker	@CitibankID;2017-11-22 - 2017-11-22;submitSocial;all;arwin
2017-11-24 05:09:47	worker	@jak101fm;2017-11-22 - 2017-11-22;submitSocial;all;arwin
2017-11-24 05:09:49	worker	@genfm;2017-11-22 - 2017-11-22;submitSocial;all;arwin
