2017-01-25 05:00:04	[{"keyword":"@987genfm","from":"2017-01-23","mode":"submitSocial","container":"all","username":"arwin"}]
2017-01-25 05:00:07	[{"keyword":"@101jakfm","from":"2017-01-23","mode":"submitSocial","container":"all","username":"arwin"}]
2017-01-25 05:00:10	[{"keyword":"@prambors","from":"2017-01-23","mode":"submitSocial","container":"all","username":"arwin"}]
2017-01-25 05:00:12	[{"keyword":"@hardrockfm","from":"2017-01-23","mode":"submitSocial","container":"all","username":"arwin"}]
2017-01-25 05:00:14	[{"keyword":"@kisfmjakarta","from":"2017-01-23","mode":"submitSocial","container":"all","username":"arwin"}]
2017-01-25 05:00:17	[{"keyword":"@delta_fm","from":"2017-01-23","mode":"submitSocial","container":"all","username":"arwin"}]
2017-01-25 05:00:19	[{"keyword":"@traxfmjkt","from":"2017-01-23","mode":"submitSocial","container":"all","username":"arwin"}]
2017-01-25 05:00:22	[{"keyword":"@iradiojakarta","from":"2017-01-23","mode":"submitSocial","container":"all","username":"arwin"}]
2017-01-25 05:00:24	[{"keyword":"@indika9160fm","from":"2017-01-23","mode":"submitSocial","container":"all","username":"arwin"}]
2017-01-25 05:00:26	[{"keyword":"@shellindonesia","from":"2017-01-23","mode":"submitSocial","container":"all","username":"arwin"}]
2017-01-25 05:00:28	[{"keyword":"@vpowerfans","from":"2017-01-23","mode":"submitSocial","container":"all","username":"arwin"}]
2017-01-25 05:00:30	[{"keyword":"@pertamaxind","from":"2017-01-23","mode":"submitSocial","container":"all","username":"arwin"}]
2017-01-25 05:00:33	[{"keyword":"@ptpertamina","from":"2017-01-23","mode":"submitSocial","container":"all","username":"arwin"}]
2017-01-25 05:00:35	[{"keyword":"@ozradiojakarta","from":"2017-01-23","mode":"submitSocial","container":"all","username":"arwin"}]
2017-01-25 05:00:37	[{"keyword":"@cosmopolitanfm","from":"2017-01-23","mode":"submitSocial","container":"all","username":"arwin"}]
2017-01-25 05:00:40	[{"keyword":"@mustang88fm","from":"2017-01-23","mode":"submitSocial","container":"all","username":"arwin"}]
2017-01-25 05:00:42	[{"keyword":"@debabaz","from":"2017-01-23","mode":"submitSocial","container":"all","username":"arwin"}]
2017-01-25 05:00:46	[{"keyword":"@detikcom","from":"2017-01-23","mode":"submitSocial","container":"all","username":"arwin"}]
2017-01-25 05:00:48	[{"keyword":"@radioelshinta","from":"2017-01-23","mode":"submitSocial","container":"all","username":"arwin"}]
2017-01-25 05:00:51	[{"keyword":"@cinema21","from":"2017-01-23","mode":"submitSocial","container":"all","username":"arwin"}]
2017-01-25 05:00:53	[{"keyword":"@officialrcti","from":"2017-01-23","mode":"submitSocial","container":"all","username":"arwin"}]
2017-01-25 05:00:56	[{"keyword":"@transtv_corp","from":"2017-01-23","mode":"submitSocial","container":"all","username":"arwin"}]
2017-01-25 05:00:58	[{"keyword":"@trans7","from":"2017-01-23","mode":"submitSocial","container":"all","username":"arwin"}]
2017-01-25 05:01:02	[{"keyword":"@metro_tv","from":"2017-01-23","mode":"submitSocial","container":"all","username":"arwin"}]
2017-01-25 05:01:05	[{"keyword":"@tvonenews","from":"2017-01-23","mode":"submitSocial","container":"all","username":"arwin"}]
2017-01-25 05:01:08	[{"keyword":"@whatsonantv","from":"2017-01-23","mode":"submitSocial","container":"all","username":"arwin"}]
2017-01-25 05:01:12	[{"keyword":"@sctv_","from":"2017-01-23","mode":"submitSocial","container":"all","username":"arwin"}]
2017-01-25 05:01:15	[{"keyword":"@kompastv","from":"2017-01-23","mode":"submitSocial","container":"all","username":"arwin"}]
2017-01-25 05:01:18	[{"keyword":"@netmediatama","from":"2017-01-23","mode":"submitSocial","container":"all","username":"arwin"}]
2017-01-25 05:01:21	[{"keyword":"@globaltvseru","from":"2017-01-23","mode":"submitSocial","container":"all","username":"arwin"}]
2017-01-25 05:01:23	[{"keyword":"@jaktvcom","from":"2017-01-23","mode":"submitSocial","container":"all","username":"arwin"}]
2017-01-25 05:01:25	[{"keyword":"@tvrinasional","from":"2017-01-23","mode":"submitSocial","container":"all","username":"arwin"}]
2017-01-25 05:01:27	[{"keyword":"@ochannelupdates","from":"2017-01-23","mode":"submitSocial","container":"all","username":"arwin"}]
2017-01-25 05:01:30	[{"keyword":"@indosiarid","from":"2017-01-23","mode":"submitSocial","container":"all","username":"arwin"}]
2017-01-25 05:01:35	[{"keyword":"@kompascom","from":"2017-01-23","mode":"submitSocial","container":"all","username":"arwin"}]
2017-01-25 05:01:37	[{"keyword":"@merdekadotcom","from":"2017-01-23","mode":"submitSocial","container":"all","username":"arwin"}]
2017-01-25 05:01:40	[{"keyword":"@midotcom","from":"2017-01-23","mode":"submitSocial","container":"all","username":"arwin"}]
2017-01-25 05:01:42	[{"keyword":"@tempodotco","from":"2017-01-23","mode":"submitSocial","container":"all","username":"arwin"}]
2017-01-25 05:01:45	[{"keyword":"@motion975fm","from":"2017-01-23","mode":"submitSocial","container":"all","username":"arwin"}]
2017-01-25 05:01:47	[{"keyword":"@_radiotoday","from":"2017-01-23","mode":"submitSocial","container":"all","username":"arwin"}]
2017-01-25 05:01:49	[{"keyword":"@radioinfo","from":"2017-01-23","mode":"submitSocial","container":"all","username":"arwin"}]
2017-01-25 05:01:51	[{"keyword":"@979femaleradio","from":"2017-01-23","mode":"submitSocial","container":"all","username":"arwin"}]
2017-01-25 05:01:53	[{"keyword":"@womanradio943fm","from":"2017-01-23","mode":"submitSocial","container":"all","username":"arwin"}]
2017-01-25 05:01:55	[{"keyword":"@vradiofm","from":"2017-01-23","mode":"submitSocial","container":"all","username":"arwin"}]
2017-01-25 05:01:57	[{"keyword":"@ufm947","from":"2017-01-23","mode":"submitSocial","container":"all","username":"arwin"}]
2017-01-25 05:01:59	[{"keyword":"@vivanews","from":"2017-01-23","mode":"submitSocial","container":"all","username":"arwin"}]
2017-01-25 05:02:02	[{"keyword":"@antaranews","from":"2017-01-23","mode":"submitSocial","container":"all","username":"arwin"}]
2017-01-25 05:02:05	[{"keyword":"@tribunnews","from":"2017-01-23","mode":"submitSocial","container":"all","username":"arwin"}]
2017-01-25 05:02:08	[{"keyword":"@okezonenews","from":"2017-01-23","mode":"submitSocial","container":"all","username":"arwin"}]
2017-01-25 05:02:11	[{"keyword":"@beritasatu","from":"2017-01-23","mode":"submitSocial","container":"all","username":"arwin"}]
2017-01-25 05:02:13	[{"keyword":"@rollingstoneina","from":"2017-01-23","mode":"submitSocial","container":"all","username":"arwin"}]
2017-01-25 05:02:15	[{"keyword":"@fimeladotcom","from":"2017-01-23","mode":"submitSocial","container":"all","username":"arwin"}]
2017-01-25 05:02:17	[{"keyword":"@kapanlagicom","from":"2017-01-23","mode":"submitSocial","container":"all","username":"arwin"}]
2017-01-25 05:02:19	[{"keyword":"@kompasent","from":"2017-01-23","mode":"submitSocial","container":"all","username":"arwin"}]
2017-01-25 05:02:22	[{"keyword":"@haimagazine","from":"2017-01-23","mode":"submitSocial","container":"all","username":"arwin"}]
2017-01-25 05:02:24	[{"keyword":"@jakartavenue","from":"2017-01-23","mode":"submitSocial","container":"all","username":"arwin"}]
2017-01-25 05:02:26	[{"keyword":"@seputarevent","from":"2017-01-23","mode":"submitSocial","container":"all","username":"arwin"}]
2017-01-25 05:02:28	[{"keyword":"@ismayalive","from":"2017-01-23","mode":"submitSocial","container":"all","username":"arwin"}]
2017-01-25 05:02:30	[{"keyword":"@ecentertainment","from":"2017-01-23","mode":"submitSocial","container":"all","username":"arwin"}]
2017-01-25 05:02:32	[{"keyword":"@synergism_en","from":"2017-01-23","mode":"submitSocial","container":"all","username":"arwin"}]
2017-01-25 05:02:34	[{"keyword":"@urbanbandung","from":"2017-01-23","mode":"submitSocial","container":"all","username":"arwin"}]
2017-01-25 05:02:36	[{"keyword":"@urbanrkm995","from":"2017-01-23","mode":"submitSocial","container":"all","username":"arwin"}]
2017-01-25 05:02:38	[{"keyword":"@garuda_promo","from":"2017-01-23","mode":"submitSocial","container":"all","username":"arwin"}]
2017-01-25 05:02:41	[{"keyword":"@airasiaid","from":"2017-01-23","mode":"submitSocial","container":"all","username":"arwin"}]
2017-01-25 05:02:43	[{"keyword":"@kai121","from":"2017-01-23","mode":"submitSocial","container":"all","username":"arwin"}]
2017-01-25 05:02:45	[{"keyword":"@unilever","from":"2017-01-23","mode":"submitSocial","container":"all","username":"arwin"}]
2017-01-25 05:02:48	[{"keyword":"@nestle","from":"2017-01-23","mode":"submitSocial","container":"all","username":"arwin"}]
2017-01-25 05:02:50	[{"keyword":"@cocacola","from":"2017-01-23","mode":"submitSocial","container":"all","username":"arwin"}]
2017-01-25 05:02:58	[{"keyword":"@cnn","from":"2017-01-23","mode":"submitSocial","container":"all","username":"arwin"}]
2017-01-25 05:03:01	[{"keyword":"@mtv","from":"2017-01-23","mode":"submitSocial","container":"all","username":"arwin"}]
2017-01-25 05:03:03	[{"keyword":"@channelv","from":"2017-01-23","mode":"submitSocial","container":"all","username":"arwin"}]
2017-01-25 05:03:06	[{"keyword":"@itunesmusic","from":"2017-01-23","mode":"submitSocial","container":"all","username":"arwin"}]
2017-01-25 05:03:10	[{"keyword":"@mashable","from":"2017-01-23","mode":"submitSocial","container":"all","username":"arwin"}]
2017-01-25 05:03:11	[{"keyword":"@decacaz","from":"2017-01-23","mode":"submitSocial","container":"all","username":"arwin"}]
2017-01-25 05:03:13	[{"keyword":"@radiobaru967fm","from":"2017-01-23","mode":"submitSocial","container":"all","username":"arwin"}]
2017-01-25 05:03:16	[{"keyword":"@967hitzfm","from":"2017-01-23","mode":"submitSocial","container":"all","username":"arwin"}]
2017-01-25 05:03:18	[{"keyword":"@tvguide","from":"2017-01-23","mode":"submitSocial","container":"all","username":"arwin"}]
2017-01-25 05:03:20	[{"keyword":"@xl123","from":"2017-01-23","mode":"submitSocial","container":"all","username":"arwin"}]
2017-01-25 05:03:23	[{"keyword":"@triindonesia","from":"2017-01-23","mode":"submitSocial","container":"all","username":"arwin"}]
2017-01-25 05:03:25	[{"keyword":"@kaskus","from":"2017-01-23","mode":"submitSocial","container":"all","username":"arwin"}]
2017-01-25 05:03:28	[{"keyword":"@studio_xxi","from":"2017-01-23","mode":"submitSocial","container":"all","username":"arwin"}]
2017-01-25 05:03:29	[{"keyword":"@blitzmegaplex","from":"2017-01-23","mode":"submitSocial","container":"all","username":"arwin"}]
2017-01-25 05:03:32	[{"keyword":"@alfamartku","from":"2017-01-23","mode":"submitSocial","container":"all","username":"arwin"}]
2017-01-25 05:03:34	[{"keyword":"@carrefour_id","from":"2017-01-23","mode":"submitSocial","container":"all","username":"arwin"}]
2017-01-25 05:03:37	[{"keyword":"@bbcbreaking","from":"2017-01-23","mode":"submitSocial","container":"all","username":"arwin"}]
2017-01-25 05:03:44	[{"keyword":"@forbes","from":"2017-01-23","mode":"submitSocial","container":"all","username":"arwin"}]
2017-01-25 05:03:47	[{"keyword":"@bensradio","from":"2017-01-23","mode":"submitSocial","container":"all","username":"arwin"}]
2017-01-25 05:03:51	[{"keyword":"@instagram","from":"2017-01-23","mode":"submitSocial","container":"all","username":"arwin"}]
2017-01-25 05:03:54	[{"keyword":"@pinterest","from":"2017-01-23","mode":"submitSocial","container":"all","username":"arwin"}]
2017-01-25 05:03:59	[{"keyword":"@google","from":"2017-01-23","mode":"submitSocial","container":"all","username":"arwin"}]
2017-01-25 05:04:01	[{"keyword":"@pertaminalub","from":"2017-01-23","mode":"submitSocial","container":"all","username":"arwin"}]
2017-01-25 05:04:03	[{"keyword":"@infolalintol","from":"2017-01-23","mode":"submitSocial","container":"all","username":"arwin"}]
2017-01-25 05:04:06	[{"keyword":"@ptjasamarga","from":"2017-01-23","mode":"submitSocial","container":"all","username":"arwin"}]
2017-01-25 05:04:08	[{"keyword":"@cititransindo","from":"2017-01-23","mode":"submitSocial","container":"all","username":"arwin"}]
2017-01-25 05:04:10	[{"keyword":"#semangatpagisuperr","from":"2017-01-23","mode":"submitSocial","container":"all","username":"arwin"}]
2017-01-25 05:04:12	[{"keyword":"#genkuisinsideout","from":"2017-01-23","mode":"submitSocial","container":"all","username":"arwin"}]
2017-01-25 05:04:14	[{"keyword":"#semangatpagi","from":"2017-01-23","mode":"submitSocial","container":"all","username":"arwin"}]
2017-01-25 05:04:16	[{"keyword":"#dikamar","from":"2017-01-23","mode":"submitSocial","container":"all","username":"arwin"}]
2017-01-25 05:04:18	[{"keyword":"#kopaja","from":"2017-01-23","mode":"submitSocial","container":"all","username":"arwin"}]
2017-01-25 05:04:20	[{"keyword":"#generaksi8","from":"2017-01-23","mode":"submitSocial","container":"all","username":"arwin"}]
2017-01-25 05:04:22	[{"keyword":"#hitztsp","from":"2017-01-23","mode":"submitSocial","container":"all","username":"arwin"}]
2017-01-25 05:04:25	[{"keyword":"#np","from":"2017-01-23","mode":"submitSocial","container":"all","username":"arwin"}]
2017-01-25 05:04:27	[{"keyword":"#hitzlivestage","from":"2017-01-23","mode":"submitSocial","container":"all","username":"arwin"}]
2017-01-25 05:04:30	[{"keyword":"#thefreaks","from":"2017-01-23","mode":"submitSocial","container":"all","username":"arwin"}]
2017-01-25 05:04:32	[{"keyword":"#hitzsirkuspagi","from":"2017-01-23","mode":"submitSocial","container":"all","username":"arwin"}]
2017-01-25 05:04:34	[{"keyword":"#hitzathlon","from":"2017-01-23","mode":"submitSocial","container":"all","username":"arwin"}]
2017-01-25 05:04:36	[{"keyword":"#hitzzombie","from":"2017-01-23","mode":"submitSocial","container":"all","username":"arwin"}]
2017-01-25 05:04:38	[{"keyword":"#hitzkalong","from":"2017-01-23","mode":"submitSocial","container":"all","username":"arwin"}]
2017-01-25 05:04:40	[{"keyword":"#hitzbebas","from":"2017-01-23","mode":"submitSocial","container":"all","username":"arwin"}]
2017-01-25 05:04:42	[{"keyword":"#hitzhorehara","from":"2017-01-23","mode":"submitSocial","container":"all","username":"arwin"}]
2017-01-25 05:04:45	[{"keyword":"@zaloraid","from":"2017-01-23","mode":"submitSocial","container":"all","username":"arwin"}]
2017-01-25 05:04:47	[{"keyword":"@olx_indonesia","from":"2017-01-23","mode":"submitSocial","container":"all","username":"arwin"}]
2017-01-25 05:04:49	[{"keyword":"@lazadaid","from":"2017-01-23","mode":"submitSocial","container":"all","username":"arwin"}]
2017-01-25 05:04:51	[{"keyword":"@utrippers","from":"2017-01-23","mode":"submitSocial","container":"all","username":"arwin"}]
2017-01-25 05:04:54	[{"keyword":"@gogobot","from":"2017-01-23","mode":"submitSocial","container":"all","username":"arwin"}]
2017-01-25 05:04:56	[{"keyword":"@viatortravel","from":"2017-01-23","mode":"submitSocial","container":"all","username":"arwin"}]
2017-01-25 05:04:58	[{"keyword":"@alandakariza","from":"2017-01-23","mode":"submitSocial","container":"all","username":"arwin"}]
2017-01-25 05:05:00	[{"keyword":"@gagasmedia","from":"2017-01-23","mode":"submitSocial","container":"all","username":"arwin"}]
2017-01-25 05:05:03	[{"keyword":"@welovehonda","from":"2017-01-23","mode":"submitSocial","container":"all","username":"arwin"}]
2017-01-25 05:05:05	[{"keyword":"@suzukimotorid","from":"2017-01-23","mode":"submitSocial","container":"all","username":"arwin"}]
2017-01-25 05:05:08	[{"keyword":"@kawasakilovers","from":"2017-01-23","mode":"submitSocial","container":"all","username":"arwin"}]
2017-01-25 05:05:10	[{"keyword":"@yamahaindonesia","from":"2017-01-23","mode":"submitSocial","container":"all","username":"arwin"}]
2017-01-25 05:05:12	[{"keyword":"@tripanzee","from":"2017-01-23","mode":"submitSocial","container":"all","username":"arwin"}]
2017-01-25 05:05:14	[{"keyword":"@arnoldpoernomo","from":"2017-01-23","mode":"submitSocial","container":"all","username":"arwin"}]
2017-01-25 05:05:17	[{"keyword":"@nicsap","from":"2017-01-23","mode":"submitSocial","container":"all","username":"arwin"}]
2017-01-25 05:05:19	[{"keyword":"@tiket2","from":"2017-01-23","mode":"submitSocial","container":"all","username":"arwin"}]
2017-01-25 05:05:21	[{"keyword":"@traveloka","from":"2017-01-23","mode":"submitSocial","container":"all","username":"arwin"}]
2017-01-25 05:05:24	[{"keyword":"@wego","from":"2017-01-23","mode":"submitSocial","container":"all","username":"arwin"}]
2017-01-25 05:05:27	[{"keyword":"@agoda","from":"2017-01-23","mode":"submitSocial","container":"all","username":"arwin"}]
2017-01-25 05:05:29	[{"keyword":"#salahsambung","from":"2017-01-23","mode":"submitSocial","container":"all","username":"arwin"}]
2017-01-25 05:05:31	[{"keyword":"#tulalit","from":"2017-01-23","mode":"submitSocial","container":"all","username":"arwin"}]
2017-01-25 05:05:33	[{"keyword":"#pestageneraksi8","from":"2017-01-23","mode":"submitSocial","container":"all","username":"arwin"}]
2017-01-25 05:05:35	[{"keyword":"#ganaskustik","from":"2017-01-23","mode":"submitSocial","container":"all","username":"arwin"}]
2017-01-25 05:05:37	[{"keyword":"#lnhot20","from":"2017-01-23","mode":"submitSocial","container":"all","username":"arwin"}]
2017-01-25 05:05:39	[{"keyword":"@tripadvisor","from":"2017-01-23","mode":"submitSocial","container":"all","username":"arwin"}]
2017-01-25 05:05:44	[{"keyword":"@google","from":"2017-01-23","mode":"submitSocial","container":"all","username":"arwin"}]
2017-01-25 05:05:47	[{"keyword":"@telkomsel","from":"2017-01-23","mode":"submitSocial","container":"all","username":"arwin"}]
2017-01-25 05:05:50	[{"keyword":"@indosat","from":"2017-01-23","mode":"submitSocial","container":"all","username":"arwin"}]
2017-01-25 05:05:53	[{"keyword":"@bahanafmjkt","from":"2017-01-23","mode":"submitSocial","container":"all","username":""}]
2017-01-25 05:05:57	[{"keyword":"@sonorafm92","from":"2017-01-23","mode":"submitSocial","container":"all","username":"arwin"}]
2017-01-25 05:05:59	[{"keyword":"@litefm1058","from":"2017-01-23","mode":"submitSocial","container":"all","username":"arwin"}]
2017-01-25 05:06:01	[{"keyword":"@bravaradio","from":"2017-01-23","mode":"submitSocial","container":"all","username":"arwin"}]
2017-01-25 05:06:04	[{"keyword":"#dgitm","from":"2017-01-23","mode":"submitSocial","container":"all","username":"arwin"}]
2017-01-25 05:06:06	[{"keyword":"#hitsalaprambors","from":"2017-01-23","mode":"submitSocial","container":"all","username":"arwin"}]
2017-01-25 05:06:08	[{"keyword":"#reqprambors","from":"2017-01-23","mode":"submitSocial","container":"all","username":"arwin"}]
2017-01-25 05:06:10	[{"keyword":"#thedandees","from":"2017-01-23","mode":"submitSocial","container":"all","username":"arwin"}]
2017-01-25 05:06:12	[{"keyword":"#pramborsquiz","from":"2017-01-23","mode":"submitSocial","container":"all","username":"arwin"}]
2017-01-25 05:06:14	[{"keyword":"#jeliprambors","from":"2017-01-23","mode":"submitSocial","container":"all","username":"arwin"}]
2017-01-25 05:06:16	[{"keyword":"#jodohinprambors","from":"2017-01-23","mode":"submitSocial","container":"all","username":"arwin"}]
2017-01-25 05:06:18	[{"keyword":"#ubahdenganbicara","from":"2017-01-23","mode":"submitSocial","container":"all","username":"arwin"}]
2017-01-25 05:06:20	[{"keyword":"#pramborschat","from":"2017-01-23","mode":"submitSocial","container":"all","username":"arwin"}]
2017-01-25 05:06:23	[{"keyword":"#tweetforduit","from":"2017-01-23","mode":"submitSocial","container":"all","username":"arwin"}]
2017-01-25 05:06:24	[{"keyword":"#joki3in1","from":"2017-01-23","mode":"submitSocial","container":"all","username":"arwin"}]
2017-01-25 05:06:27	[{"keyword":"#sarapanseru","from":"2017-01-23","mode":"submitSocial","container":"all","username":"arwin"}]
2017-01-25 05:06:29	[{"keyword":"#rawonkaneloop","from":"2017-01-23","mode":"submitSocial","container":"all","username":"arwin"}]
2017-01-25 05:06:31	[{"keyword":"#gudegkendilkeraton","from":"2017-01-23","mode":"submitSocial","container":"all","username":"arwin"}]
2017-01-25 05:06:32	[{"keyword":"#gadogadobutika","from":"2017-01-23","mode":"submitSocial","container":"all","username":"arwin"}]
2017-01-25 05:06:35	[{"keyword":"#mtvhottest","from":"2017-01-23","mode":"submitSocial","container":"all","username":"arwin"}]
2017-01-25 05:06:37	[{"keyword":"#dimsumcjdw","from":"2017-01-23","mode":"submitSocial","container":"all","username":"arwin"}]
2017-01-25 05:06:39	[{"keyword":"#pecelmadiunmbakniek","from":"2017-01-23","mode":"submitSocial","container":"all","username":"arwin"}]
2017-01-25 05:06:41	[{"keyword":"#depotarema","from":"2017-01-23","mode":"submitSocial","container":"all","username":"arwin"}]
2017-01-25 05:06:43	[{"keyword":"@bni46","from":"2017-01-23","mode":"submitSocial","container":"all","username":"arwin"}]
2017-01-25 05:06:45	[{"keyword":"@bankbri_id","from":"2017-01-23","mode":"submitSocial","container":"all","username":"arwin"}]
2017-01-25 05:06:47	[{"keyword":"#bni46","from":"2017-01-23","mode":"submitSocial","container":"all","username":"arwin"}]
2017-01-25 05:06:52	[{"keyword":"macet","from":"2017-01-23","mode":"submitSocial","container":"all","username":"arwin"}]
2017-01-25 05:06:54	[{"keyword":"#selamatpagi","from":"2017-01-23","mode":"submitSocial","container":"all","username":"arwin"}]
2017-01-25 05:06:56	[{"keyword":"#selamatmalam","from":"2017-01-23","mode":"submitSocial","container":"all","username":"arwin"}]
2017-01-25 05:06:58	[{"keyword":"@884globalradio","from":"2017-01-23","mode":"submitSocial","container":"all","username":"arwin"}]
2017-01-25 05:07:00	[{"keyword":"@day_trans","from":"2017-01-23","mode":"submitSocial","container":"all","username":"arwin"}]
2017-01-25 05:07:02	[{"keyword":"@kencanavoyage","from":"2017-01-23","mode":"submitSocial","container":"all","username":"arwin"}]
2017-01-25 05:07:05	[{"keyword":"@jukebox5d","from":"2017-01-23","mode":"submitSocial","container":"all","username":"arwin"}]
2017-01-25 05:07:07	[{"keyword":"#mtvhottest","from":"2017-01-23","mode":"submitSocial","container":"all","username":"arwin"}]
2017-01-25 05:07:09	[{"keyword":"#semangatpagi","from":"2017-01-23","mode":"submitSocial","container":"all","username":"arwin"}]
2017-01-25 05:07:11	[{"keyword":"lifebuoy","from":"2017-01-23","mode":"submitSocial","container":"all","username":"arwin"}]
2017-01-25 05:07:17	[{"keyword":"jokowi","from":"2017-01-23","mode":"submitSocial","container":"all","username":"arwin"}]
2017-01-25 05:07:25	[{"keyword":"obama","from":"2017-01-23","mode":"submitSocial","container":"all","username":"arwin"}]
2017-01-25 05:07:28	[{"keyword":"starwars","from":"2017-01-23","mode":"submitSocial","container":"all","username":"arwin"}]
2017-01-25 05:07:32	[{"keyword":"jonan","from":"2017-01-23","mode":"submitSocial","container":"all","username":"arwin"}]
2017-01-25 05:07:40	[{"keyword":"pagi","from":"2017-01-23","mode":"submitSocial","container":"all","username":"arwin"}]
2017-01-25 05:07:42	[{"keyword":"sampoerna","from":"2017-01-23","mode":"submitSocial","container":"all","username":"arwin"}]
2017-01-25 05:07:45	[{"keyword":"djarum","from":"2017-01-23","mode":"submitSocial","container":"all","username":"arwin"}]
2017-01-25 05:07:47	[{"keyword":"#semangatpagi","from":"2017-01-23","mode":"submitSocial","container":"all","username":"arwin"}]
2017-01-25 05:07:48	[{"keyword":"#generaksi8","from":"2017-01-23","mode":"submitSocial","container":"all","username":"arwin"}]
2017-01-25 05:07:51	[{"keyword":"#365alasan","from":"2017-01-23","mode":"submitSocial","container":"all","username":"arwin"}]
2017-01-25 05:07:53	[{"keyword":"weew","from":"2017-01-23","mode":"submitSocial","container":"all","username":"arwin"}]
2017-01-25 05:08:01	[{"keyword":"testing","from":"2017-01-23","mode":"submitSocial","container":"all","username":"arwin"}]
2017-01-25 05:08:03	[{"keyword":"#kopaja","from":"2017-01-23","mode":"submitSocial","container":"all","username":"arwin"}]
2017-01-25 05:08:06	[{"keyword":"#genkuisinsideout","from":"2017-01-23","mode":"submitSocial","container":"all","username":"arwin"}]
2017-01-25 05:08:08	[{"keyword":"starwars","from":"2017-01-23","mode":"submitSocial","container":"all","username":"arwin"}]
2017-01-25 05:08:11	[{"keyword":"#kopaja","from":"2017-01-23","mode":"submitSocial","container":"all","username":"arwin"}]
2017-01-25 05:08:13	[{"keyword":"mldspot","from":"2017-01-23","mode":"submitSocial","container":"all","username":"arwin"}]
2017-01-25 05:08:16	[{"keyword":"pbdjarum","from":"2017-01-23","mode":"submitSocial","container":"all","username":"arwin"}]
2017-01-25 05:08:18	[{"keyword":"temannabati","from":"2017-01-23","mode":"submitSocial","container":"all","username":"arwin"}]
2017-01-25 05:08:21	[{"keyword":"nextar","from":"2017-01-23","mode":"submitSocial","container":"all","username":"arwin"}]
2017-01-25 05:08:24	[{"keyword":"jokowo","from":"2017-01-23","mode":"submitSocial","container":"all","username":"arwin"}]
2017-01-25 05:08:27	[{"keyword":"prabowo","from":"2017-01-23","mode":"submitSocial","container":"all","username":"arwin"}]
2017-01-25 05:08:29	[{"keyword":"sudirman said","from":"2017-01-23","mode":"submitSocial","container":"all","username":"arwin"}]
2017-01-25 05:08:37	[{"keyword":"ahok","from":"2017-01-23","mode":"submitSocial","container":"all","username":"arwin"}]
2017-01-25 05:08:40	[{"keyword":"setyanovanto","from":"2017-01-23","mode":"submitSocial","container":"all","username":"arwin"}]
2017-01-25 05:08:46	[{"keyword":"jokowi","from":"2017-01-23","mode":"submitSocial","container":"all","username":"arwin"}]
2017-01-25 05:08:54	[{"keyword":"ahok","from":"2017-01-23","mode":"submitSocial","container":"all","username":"arwin"}]
2017-01-25 05:08:57	[{"keyword":"prabowo","from":"2017-01-23","mode":"submitSocial","container":"all","username":"arwin"}]
2017-01-25 05:08:59	[{"keyword":"sudirman said","from":"2017-01-23","mode":"submitSocial","container":"all","username":"arwin"}]
2017-01-25 05:09:02	[{"keyword":"setyanovanto","from":"2017-01-23","mode":"submitSocial","container":"all","username":"arwin"}]
2017-01-25 05:09:05	[{"keyword":"galau","from":"2017-01-23","mode":"submitSocial","container":"all","username":"arwin"}]
2017-01-25 05:09:07	[{"keyword":"#prestasiindonesia","from":"2017-01-23","mode":"submitSocial","container":"all","username":"arwin"}]
2017-01-25 05:09:10	[{"keyword":"@tw_debi","from":"2017-01-23","mode":"submitSocial","container":"all","username":"arwin"}]
2017-01-25 05:09:12	[{"keyword":"@officialfastron","from":"2017-01-23","mode":"submitSocial","container":"all","username":"arwin"}]
2017-01-25 05:09:14	[{"keyword":"@citibankid","from":"2017-01-23","mode":"submitSocial","container":"all","username":"arwin"}]
2017-01-25 08:46:11	[{"keyword":"@987genfm","from":"2017-01-24","mode":"submitSocial","container":"all","username":"alanmr"}]
2017-01-25 08:46:14	[{"keyword":"@967hitzfm","from":"2017-01-24","mode":"submitSocial","container":"all","username":"alanmr"}]
