2017-02-09 05:00:08	[{"keyword":"@987genfm","from":"2017-02-07","mode":"submitSocial","container":"all","username":"arwin"}]
2017-02-09 05:00:11	[{"keyword":"@101jakfm","from":"2017-02-07","mode":"submitSocial","container":"all","username":"arwin"}]
2017-02-09 05:00:15	[{"keyword":"@prambors","from":"2017-02-07","mode":"submitSocial","container":"all","username":"arwin"}]
2017-02-09 05:00:17	[{"keyword":"@hardrockfm","from":"2017-02-07","mode":"submitSocial","container":"all","username":"arwin"}]
2017-02-09 05:00:20	[{"keyword":"@kisfmjakarta","from":"2017-02-07","mode":"submitSocial","container":"all","username":"arwin"}]
2017-02-09 05:00:23	[{"keyword":"@delta_fm","from":"2017-02-07","mode":"submitSocial","container":"all","username":"arwin"}]
2017-02-09 05:00:27	[{"keyword":"@traxfmjkt","from":"2017-02-07","mode":"submitSocial","container":"all","username":"arwin"}]
2017-02-09 05:00:29	[{"keyword":"@iradiojakarta","from":"2017-02-07","mode":"submitSocial","container":"all","username":"arwin"}]
2017-02-09 05:00:32	[{"keyword":"@indika9160fm","from":"2017-02-07","mode":"submitSocial","container":"all","username":"arwin"}]
2017-02-09 05:00:35	[{"keyword":"@shellindonesia","from":"2017-02-07","mode":"submitSocial","container":"all","username":"arwin"}]
2017-02-09 05:00:37	[{"keyword":"@vpowerfans","from":"2017-02-07","mode":"submitSocial","container":"all","username":"arwin"}]
2017-02-09 05:00:40	[{"keyword":"@pertamaxind","from":"2017-02-07","mode":"submitSocial","container":"all","username":"arwin"}]
2017-02-09 05:00:43	[{"keyword":"@ptpertamina","from":"2017-02-07","mode":"submitSocial","container":"all","username":"arwin"}]
2017-02-09 05:00:45	[{"keyword":"@ozradiojakarta","from":"2017-02-07","mode":"submitSocial","container":"all","username":"arwin"}]
2017-02-09 05:00:48	[{"keyword":"@cosmopolitanfm","from":"2017-02-07","mode":"submitSocial","container":"all","username":"arwin"}]
2017-02-09 05:00:51	[{"keyword":"@mustang88fm","from":"2017-02-07","mode":"submitSocial","container":"all","username":"arwin"}]
2017-02-09 05:00:54	[{"keyword":"@debabaz","from":"2017-02-07","mode":"submitSocial","container":"all","username":"arwin"}]
2017-02-09 05:00:58	[{"keyword":"@detikcom","from":"2017-02-07","mode":"submitSocial","container":"all","username":"arwin"}]
2017-02-09 05:01:01	[{"keyword":"@radioelshinta","from":"2017-02-07","mode":"submitSocial","container":"all","username":"arwin"}]
2017-02-09 05:01:04	[{"keyword":"@cinema21","from":"2017-02-07","mode":"submitSocial","container":"all","username":"arwin"}]
2017-02-09 05:01:07	[{"keyword":"@officialrcti","from":"2017-02-07","mode":"submitSocial","container":"all","username":"arwin"}]
2017-02-09 05:01:10	[{"keyword":"@transtv_corp","from":"2017-02-07","mode":"submitSocial","container":"all","username":"arwin"}]
2017-02-09 05:01:12	[{"keyword":"@trans7","from":"2017-02-07","mode":"submitSocial","container":"all","username":"arwin"}]
2017-02-09 05:01:16	[{"keyword":"@metro_tv","from":"2017-02-07","mode":"submitSocial","container":"all","username":"arwin"}]
2017-02-09 05:01:19	[{"keyword":"@tvonenews","from":"2017-02-07","mode":"submitSocial","container":"all","username":"arwin"}]
2017-02-09 05:01:22	[{"keyword":"@whatsonantv","from":"2017-02-07","mode":"submitSocial","container":"all","username":"arwin"}]
2017-02-09 05:01:25	[{"keyword":"@sctv_","from":"2017-02-07","mode":"submitSocial","container":"all","username":"arwin"}]
2017-02-09 05:01:29	[{"keyword":"@kompastv","from":"2017-02-07","mode":"submitSocial","container":"all","username":"arwin"}]
2017-02-09 05:01:32	[{"keyword":"@netmediatama","from":"2017-02-07","mode":"submitSocial","container":"all","username":"arwin"}]
2017-02-09 05:01:35	[{"keyword":"@globaltvseru","from":"2017-02-07","mode":"submitSocial","container":"all","username":"arwin"}]
2017-02-09 05:01:37	[{"keyword":"@jaktvcom","from":"2017-02-07","mode":"submitSocial","container":"all","username":"arwin"}]
2017-02-09 05:01:40	[{"keyword":"@tvrinasional","from":"2017-02-07","mode":"submitSocial","container":"all","username":"arwin"}]
2017-02-09 05:01:42	[{"keyword":"@ochannelupdates","from":"2017-02-07","mode":"submitSocial","container":"all","username":"arwin"}]
2017-02-09 05:01:46	[{"keyword":"@indosiarid","from":"2017-02-07","mode":"submitSocial","container":"all","username":"arwin"}]
2017-02-09 05:01:50	[{"keyword":"@kompascom","from":"2017-02-07","mode":"submitSocial","container":"all","username":"arwin"}]
2017-02-09 05:01:53	[{"keyword":"@merdekadotcom","from":"2017-02-07","mode":"submitSocial","container":"all","username":"arwin"}]
2017-02-09 05:01:56	[{"keyword":"@midotcom","from":"2017-02-07","mode":"submitSocial","container":"all","username":"arwin"}]
2017-02-09 05:01:59	[{"keyword":"@tempodotco","from":"2017-02-07","mode":"submitSocial","container":"all","username":"arwin"}]
2017-02-09 05:02:02	[{"keyword":"@motion975fm","from":"2017-02-07","mode":"submitSocial","container":"all","username":"arwin"}]
2017-02-09 05:02:04	[{"keyword":"@_radiotoday","from":"2017-02-07","mode":"submitSocial","container":"all","username":"arwin"}]
2017-02-09 05:02:07	[{"keyword":"@radioinfo","from":"2017-02-07","mode":"submitSocial","container":"all","username":"arwin"}]
2017-02-09 05:02:10	[{"keyword":"@979femaleradio","from":"2017-02-07","mode":"submitSocial","container":"all","username":"arwin"}]
2017-02-09 05:02:12	[{"keyword":"@womanradio943fm","from":"2017-02-07","mode":"submitSocial","container":"all","username":"arwin"}]
2017-02-09 05:02:15	[{"keyword":"@vradiofm","from":"2017-02-07","mode":"submitSocial","container":"all","username":"arwin"}]
2017-02-09 05:02:17	[{"keyword":"@ufm947","from":"2017-02-07","mode":"submitSocial","container":"all","username":"arwin"}]
2017-02-09 05:02:20	[{"keyword":"@vivanews","from":"2017-02-07","mode":"submitSocial","container":"all","username":"arwin"}]
2017-02-09 05:02:23	[{"keyword":"@antaranews","from":"2017-02-07","mode":"submitSocial","container":"all","username":"arwin"}]
2017-02-09 05:02:27	[{"keyword":"@tribunnews","from":"2017-02-07","mode":"submitSocial","container":"all","username":"arwin"}]
2017-02-09 05:02:30	[{"keyword":"@okezonenews","from":"2017-02-07","mode":"submitSocial","container":"all","username":"arwin"}]
2017-02-09 05:02:33	[{"keyword":"@beritasatu","from":"2017-02-07","mode":"submitSocial","container":"all","username":"arwin"}]
2017-02-09 05:02:35	[{"keyword":"@rollingstoneina","from":"2017-02-07","mode":"submitSocial","container":"all","username":"arwin"}]
2017-02-09 05:02:38	[{"keyword":"@fimeladotcom","from":"2017-02-07","mode":"submitSocial","container":"all","username":"arwin"}]
2017-02-09 05:02:41	[{"keyword":"@kapanlagicom","from":"2017-02-07","mode":"submitSocial","container":"all","username":"arwin"}]
2017-02-09 05:02:43	[{"keyword":"@kompasent","from":"2017-02-07","mode":"submitSocial","container":"all","username":"arwin"}]
2017-02-09 05:02:46	[{"keyword":"@haimagazine","from":"2017-02-07","mode":"submitSocial","container":"all","username":"arwin"}]
2017-02-09 05:02:49	[{"keyword":"@jakartavenue","from":"2017-02-07","mode":"submitSocial","container":"all","username":"arwin"}]
2017-02-09 05:02:52	[{"keyword":"@seputarevent","from":"2017-02-07","mode":"submitSocial","container":"all","username":"arwin"}]
2017-02-09 05:02:54	[{"keyword":"@ismayalive","from":"2017-02-07","mode":"submitSocial","container":"all","username":"arwin"}]
2017-02-09 05:02:57	[{"keyword":"@ecentertainment","from":"2017-02-07","mode":"submitSocial","container":"all","username":"arwin"}]
2017-02-09 05:02:59	[{"keyword":"@synergism_en","from":"2017-02-07","mode":"submitSocial","container":"all","username":"arwin"}]
2017-02-09 05:03:02	[{"keyword":"@urbanbandung","from":"2017-02-07","mode":"submitSocial","container":"all","username":"arwin"}]
2017-02-09 05:03:04	[{"keyword":"@urbanrkm995","from":"2017-02-07","mode":"submitSocial","container":"all","username":"arwin"}]
2017-02-09 05:03:07	[{"keyword":"@garuda_promo","from":"2017-02-07","mode":"submitSocial","container":"all","username":"arwin"}]
2017-02-09 05:03:09	[{"keyword":"@airasiaid","from":"2017-02-07","mode":"submitSocial","container":"all","username":"arwin"}]
2017-02-09 05:03:12	[{"keyword":"@kai121","from":"2017-02-07","mode":"submitSocial","container":"all","username":"arwin"}]
2017-02-09 05:03:15	[{"keyword":"@unilever","from":"2017-02-07","mode":"submitSocial","container":"all","username":"arwin"}]
2017-02-09 05:03:18	[{"keyword":"@nestle","from":"2017-02-07","mode":"submitSocial","container":"all","username":"arwin"}]
2017-02-09 05:03:22	[{"keyword":"@cocacola","from":"2017-02-07","mode":"submitSocial","container":"all","username":"arwin"}]
2017-02-09 05:03:30	[{"keyword":"@cnn","from":"2017-02-07","mode":"submitSocial","container":"all","username":"arwin"}]
2017-02-09 05:03:34	[{"keyword":"@mtv","from":"2017-02-07","mode":"submitSocial","container":"all","username":"arwin"}]
2017-02-09 05:03:36	[{"keyword":"@channelv","from":"2017-02-07","mode":"submitSocial","container":"all","username":"arwin"}]
2017-02-09 05:03:39	[{"keyword":"@itunesmusic","from":"2017-02-07","mode":"submitSocial","container":"all","username":"arwin"}]
2017-02-09 05:03:44	[{"keyword":"@mashable","from":"2017-02-07","mode":"submitSocial","container":"all","username":"arwin"}]
2017-02-09 05:03:46	[{"keyword":"@decacaz","from":"2017-02-07","mode":"submitSocial","container":"all","username":"arwin"}]
2017-02-09 05:03:48	[{"keyword":"@radiobaru967fm","from":"2017-02-07","mode":"submitSocial","container":"all","username":"arwin"}]
2017-02-09 05:03:51	[{"keyword":"@967hitzfm","from":"2017-02-07","mode":"submitSocial","container":"all","username":"arwin"}]
2017-02-09 05:03:54	[{"keyword":"@tvguide","from":"2017-02-07","mode":"submitSocial","container":"all","username":"arwin"}]
2017-02-09 05:03:57	[{"keyword":"@xl123","from":"2017-02-07","mode":"submitSocial","container":"all","username":"arwin"}]
2017-02-09 05:04:00	[{"keyword":"@triindonesia","from":"2017-02-07","mode":"submitSocial","container":"all","username":"arwin"}]
2017-02-09 05:04:03	[{"keyword":"@kaskus","from":"2017-02-07","mode":"submitSocial","container":"all","username":"arwin"}]
2017-02-09 05:04:06	[{"keyword":"@studio_xxi","from":"2017-02-07","mode":"submitSocial","container":"all","username":"arwin"}]
2017-02-09 05:04:08	[{"keyword":"@blitzmegaplex","from":"2017-02-07","mode":"submitSocial","container":"all","username":"arwin"}]
2017-02-09 05:04:11	[{"keyword":"@alfamartku","from":"2017-02-07","mode":"submitSocial","container":"all","username":"arwin"}]
2017-02-09 05:04:13	[{"keyword":"@carrefour_id","from":"2017-02-07","mode":"submitSocial","container":"all","username":"arwin"}]
2017-02-09 05:04:17	[{"keyword":"@bbcbreaking","from":"2017-02-07","mode":"submitSocial","container":"all","username":"arwin"}]
2017-02-09 05:04:24	[{"keyword":"@forbes","from":"2017-02-07","mode":"submitSocial","container":"all","username":"arwin"}]
2017-02-09 05:04:27	[{"keyword":"@bensradio","from":"2017-02-07","mode":"submitSocial","container":"all","username":"arwin"}]
2017-02-09 05:04:33	[{"keyword":"@instagram","from":"2017-02-07","mode":"submitSocial","container":"all","username":"arwin"}]
2017-02-09 05:04:36	[{"keyword":"@pinterest","from":"2017-02-07","mode":"submitSocial","container":"all","username":"arwin"}]
2017-02-09 05:04:43	[{"keyword":"@google","from":"2017-02-07","mode":"submitSocial","container":"all","username":"arwin"}]
2017-02-09 05:04:46	[{"keyword":"@pertaminalub","from":"2017-02-07","mode":"submitSocial","container":"all","username":"arwin"}]
2017-02-09 05:04:48	[{"keyword":"@infolalintol","from":"2017-02-07","mode":"submitSocial","container":"all","username":"arwin"}]
2017-02-09 05:04:51	[{"keyword":"@ptjasamarga","from":"2017-02-07","mode":"submitSocial","container":"all","username":"arwin"}]
2017-02-09 05:04:54	[{"keyword":"@cititransindo","from":"2017-02-07","mode":"submitSocial","container":"all","username":"arwin"}]
2017-02-09 05:04:56	[{"keyword":"#semangatpagisuperr","from":"2017-02-07","mode":"submitSocial","container":"all","username":"arwin"}]
2017-02-09 05:04:59	[{"keyword":"#genkuisinsideout","from":"2017-02-07","mode":"submitSocial","container":"all","username":"arwin"}]
2017-02-09 05:05:01	[{"keyword":"#semangatpagi","from":"2017-02-07","mode":"submitSocial","container":"all","username":"arwin"}]
2017-02-09 05:05:04	[{"keyword":"#dikamar","from":"2017-02-07","mode":"submitSocial","container":"all","username":"arwin"}]
2017-02-09 05:05:08	[{"keyword":"#kopaja","from":"2017-02-07","mode":"submitSocial","container":"all","username":"arwin"}]
2017-02-09 05:05:10	[{"keyword":"#generaksi8","from":"2017-02-07","mode":"submitSocial","container":"all","username":"arwin"}]
2017-02-09 05:05:13	[{"keyword":"#hitztsp","from":"2017-02-07","mode":"submitSocial","container":"all","username":"arwin"}]
2017-02-09 05:05:16	[{"keyword":"#np","from":"2017-02-07","mode":"submitSocial","container":"all","username":"arwin"}]
2017-02-09 05:05:19	[{"keyword":"#hitzlivestage","from":"2017-02-07","mode":"submitSocial","container":"all","username":"arwin"}]
2017-02-09 05:05:22	[{"keyword":"#thefreaks","from":"2017-02-07","mode":"submitSocial","container":"all","username":"arwin"}]
2017-02-09 05:05:24	[{"keyword":"#hitzsirkuspagi","from":"2017-02-07","mode":"submitSocial","container":"all","username":"arwin"}]
2017-02-09 05:05:27	[{"keyword":"#hitzathlon","from":"2017-02-07","mode":"submitSocial","container":"all","username":"arwin"}]
2017-02-09 05:05:29	[{"keyword":"#hitzzombie","from":"2017-02-07","mode":"submitSocial","container":"all","username":"arwin"}]
2017-02-09 05:05:32	[{"keyword":"#hitzkalong","from":"2017-02-07","mode":"submitSocial","container":"all","username":"arwin"}]
2017-02-09 05:05:35	[{"keyword":"#hitzbebas","from":"2017-02-07","mode":"submitSocial","container":"all","username":"arwin"}]
2017-02-09 05:05:37	[{"keyword":"#hitzhorehara","from":"2017-02-07","mode":"submitSocial","container":"all","username":"arwin"}]
2017-02-09 05:05:40	[{"keyword":"@zaloraid","from":"2017-02-07","mode":"submitSocial","container":"all","username":"arwin"}]
2017-02-09 05:05:43	[{"keyword":"@olx_indonesia","from":"2017-02-07","mode":"submitSocial","container":"all","username":"arwin"}]
2017-02-09 05:05:46	[{"keyword":"@lazadaid","from":"2017-02-07","mode":"submitSocial","container":"all","username":"arwin"}]
2017-02-09 05:05:48	[{"keyword":"@utrippers","from":"2017-02-07","mode":"submitSocial","container":"all","username":"arwin"}]
2017-02-09 05:05:51	[{"keyword":"@gogobot","from":"2017-02-07","mode":"submitSocial","container":"all","username":"arwin"}]
2017-02-09 05:05:54	[{"keyword":"@viatortravel","from":"2017-02-07","mode":"submitSocial","container":"all","username":"arwin"}]
2017-02-09 05:05:56	[{"keyword":"@alandakariza","from":"2017-02-07","mode":"submitSocial","container":"all","username":"arwin"}]
2017-02-09 05:05:59	[{"keyword":"@gagasmedia","from":"2017-02-07","mode":"submitSocial","container":"all","username":"arwin"}]
2017-02-09 05:06:02	[{"keyword":"@welovehonda","from":"2017-02-07","mode":"submitSocial","container":"all","username":"arwin"}]
2017-02-09 05:06:04	[{"keyword":"@suzukimotorid","from":"2017-02-07","mode":"submitSocial","container":"all","username":"arwin"}]
2017-02-09 05:06:07	[{"keyword":"@kawasakilovers","from":"2017-02-07","mode":"submitSocial","container":"all","username":"arwin"}]
2017-02-09 05:06:09	[{"keyword":"@yamahaindonesia","from":"2017-02-07","mode":"submitSocial","container":"all","username":"arwin"}]
2017-02-09 05:06:12	[{"keyword":"@tripanzee","from":"2017-02-07","mode":"submitSocial","container":"all","username":"arwin"}]
2017-02-09 05:06:15	[{"keyword":"@arnoldpoernomo","from":"2017-02-07","mode":"submitSocial","container":"all","username":"arwin"}]
2017-02-09 05:06:18	[{"keyword":"@nicsap","from":"2017-02-07","mode":"submitSocial","container":"all","username":"arwin"}]
2017-02-09 05:06:20	[{"keyword":"@tiket2","from":"2017-02-07","mode":"submitSocial","container":"all","username":"arwin"}]
2017-02-09 05:06:23	[{"keyword":"@traveloka","from":"2017-02-07","mode":"submitSocial","container":"all","username":"arwin"}]
2017-02-09 05:06:27	[{"keyword":"@wego","from":"2017-02-07","mode":"submitSocial","container":"all","username":"arwin"}]
2017-02-09 05:06:30	[{"keyword":"@agoda","from":"2017-02-07","mode":"submitSocial","container":"all","username":"arwin"}]
2017-02-09 05:06:33	[{"keyword":"#salahsambung","from":"2017-02-07","mode":"submitSocial","container":"all","username":"arwin"}]
2017-02-09 05:06:36	[{"keyword":"#tulalit","from":"2017-02-07","mode":"submitSocial","container":"all","username":"arwin"}]
2017-02-09 05:06:38	[{"keyword":"#pestageneraksi8","from":"2017-02-07","mode":"submitSocial","container":"all","username":"arwin"}]
2017-02-09 05:06:40	[{"keyword":"#ganaskustik","from":"2017-02-07","mode":"submitSocial","container":"all","username":"arwin"}]
2017-02-09 05:06:43	[{"keyword":"#lnhot20","from":"2017-02-07","mode":"submitSocial","container":"all","username":"arwin"}]
2017-02-09 05:06:46	[{"keyword":"@tripadvisor","from":"2017-02-07","mode":"submitSocial","container":"all","username":"arwin"}]
2017-02-09 05:06:53	[{"keyword":"@google","from":"2017-02-07","mode":"submitSocial","container":"all","username":"arwin"}]
2017-02-09 05:06:58	[{"keyword":"@telkomsel","from":"2017-02-07","mode":"submitSocial","container":"all","username":"arwin"}]
2017-02-09 05:07:01	[{"keyword":"@indosat","from":"2017-02-07","mode":"submitSocial","container":"all","username":"arwin"}]
2017-02-09 05:07:05	[{"keyword":"@bahanafmjkt","from":"2017-02-07","mode":"submitSocial","container":"all","username":""}]
2017-02-09 05:07:09	[{"keyword":"@sonorafm92","from":"2017-02-07","mode":"submitSocial","container":"all","username":"arwin"}]
2017-02-09 05:07:11	[{"keyword":"@litefm1058","from":"2017-02-07","mode":"submitSocial","container":"all","username":"arwin"}]
2017-02-09 05:07:14	[{"keyword":"@bravaradio","from":"2017-02-07","mode":"submitSocial","container":"all","username":"arwin"}]
2017-02-09 05:07:17	[{"keyword":"#dgitm","from":"2017-02-07","mode":"submitSocial","container":"all","username":"arwin"}]
2017-02-09 05:07:20	[{"keyword":"#hitsalaprambors","from":"2017-02-07","mode":"submitSocial","container":"all","username":"arwin"}]
2017-02-09 05:07:22	[{"keyword":"#reqprambors","from":"2017-02-07","mode":"submitSocial","container":"all","username":"arwin"}]
2017-02-09 05:07:25	[{"keyword":"#thedandees","from":"2017-02-07","mode":"submitSocial","container":"all","username":"arwin"}]
2017-02-09 05:07:27	[{"keyword":"#pramborsquiz","from":"2017-02-07","mode":"submitSocial","container":"all","username":"arwin"}]
2017-02-09 05:07:30	[{"keyword":"#jeliprambors","from":"2017-02-07","mode":"submitSocial","container":"all","username":"arwin"}]
2017-02-09 05:07:32	[{"keyword":"#jodohinprambors","from":"2017-02-07","mode":"submitSocial","container":"all","username":"arwin"}]
2017-02-09 05:07:35	[{"keyword":"#ubahdenganbicara","from":"2017-02-07","mode":"submitSocial","container":"all","username":"arwin"}]
2017-02-09 05:07:37	[{"keyword":"#pramborschat","from":"2017-02-07","mode":"submitSocial","container":"all","username":"arwin"}]
2017-02-09 05:07:40	[{"keyword":"#tweetforduit","from":"2017-02-07","mode":"submitSocial","container":"all","username":"arwin"}]
2017-02-09 05:07:42	[{"keyword":"#joki3in1","from":"2017-02-07","mode":"submitSocial","container":"all","username":"arwin"}]
2017-02-09 05:07:45	[{"keyword":"#sarapanseru","from":"2017-02-07","mode":"submitSocial","container":"all","username":"arwin"}]
2017-02-09 05:07:47	[{"keyword":"#rawonkaneloop","from":"2017-02-07","mode":"submitSocial","container":"all","username":"arwin"}]
2017-02-09 05:07:50	[{"keyword":"#gudegkendilkeraton","from":"2017-02-07","mode":"submitSocial","container":"all","username":"arwin"}]
2017-02-09 05:07:52	[{"keyword":"#gadogadobutika","from":"2017-02-07","mode":"submitSocial","container":"all","username":"arwin"}]
2017-02-09 05:07:55	[{"keyword":"#mtvhottest","from":"2017-02-07","mode":"submitSocial","container":"all","username":"arwin"}]
2017-02-09 05:07:57	[{"keyword":"#dimsumcjdw","from":"2017-02-07","mode":"submitSocial","container":"all","username":"arwin"}]
2017-02-09 05:08:00	[{"keyword":"#pecelmadiunmbakniek","from":"2017-02-07","mode":"submitSocial","container":"all","username":"arwin"}]
2017-02-09 05:08:03	[{"keyword":"#depotarema","from":"2017-02-07","mode":"submitSocial","container":"all","username":"arwin"}]
2017-02-09 05:08:05	[{"keyword":"@bni46","from":"2017-02-07","mode":"submitSocial","container":"all","username":"arwin"}]
2017-02-09 05:08:13	[{"keyword":"@bankbri_id","from":"2017-02-07","mode":"submitSocial","container":"all","username":"arwin"}]
2017-02-09 05:08:16	[{"keyword":"#bni46","from":"2017-02-07","mode":"submitSocial","container":"all","username":"arwin"}]
2017-02-09 05:08:20	[{"keyword":"macet","from":"2017-02-07","mode":"submitSocial","container":"all","username":"arwin"}]
2017-02-09 05:08:23	[{"keyword":"#selamatpagi","from":"2017-02-07","mode":"submitSocial","container":"all","username":"arwin"}]
2017-02-09 05:08:26	[{"keyword":"#selamatmalam","from":"2017-02-07","mode":"submitSocial","container":"all","username":"arwin"}]
2017-02-09 05:08:28	[{"keyword":"@884globalradio","from":"2017-02-07","mode":"submitSocial","container":"all","username":"arwin"}]
2017-02-09 05:08:31	[{"keyword":"@day_trans","from":"2017-02-07","mode":"submitSocial","container":"all","username":"arwin"}]
2017-02-09 05:08:34	[{"keyword":"@kencanavoyage","from":"2017-02-07","mode":"submitSocial","container":"all","username":"arwin"}]
2017-02-09 05:08:36	[{"keyword":"@jukebox5d","from":"2017-02-07","mode":"submitSocial","container":"all","username":"arwin"}]
2017-02-09 05:08:39	[{"keyword":"#mtvhottest","from":"2017-02-07","mode":"submitSocial","container":"all","username":"arwin"}]
2017-02-09 05:08:42	[{"keyword":"#semangatpagi","from":"2017-02-07","mode":"submitSocial","container":"all","username":"arwin"}]
2017-02-09 05:08:44	[{"keyword":"lifebuoy","from":"2017-02-07","mode":"submitSocial","container":"all","username":"arwin"}]
2017-02-09 05:08:53	[{"keyword":"jokowi","from":"2017-02-07","mode":"submitSocial","container":"all","username":"arwin"}]
2017-02-09 05:09:03	[{"keyword":"obama","from":"2017-02-07","mode":"submitSocial","container":"all","username":"arwin"}]
2017-02-09 05:09:07	[{"keyword":"starwars","from":"2017-02-07","mode":"submitSocial","container":"all","username":"arwin"}]
2017-02-09 05:09:11	[{"keyword":"jonan","from":"2017-02-07","mode":"submitSocial","container":"all","username":"arwin"}]
2017-02-09 05:09:20	[{"keyword":"pagi","from":"2017-02-07","mode":"submitSocial","container":"all","username":"arwin"}]
2017-02-09 05:09:23	[{"keyword":"sampoerna","from":"2017-02-07","mode":"submitSocial","container":"all","username":"arwin"}]
2017-02-09 05:09:27	[{"keyword":"djarum","from":"2017-02-07","mode":"submitSocial","container":"all","username":"arwin"}]
2017-02-09 05:09:29	[{"keyword":"#semangatpagi","from":"2017-02-07","mode":"submitSocial","container":"all","username":"arwin"}]
2017-02-09 05:09:31	[{"keyword":"#generaksi8","from":"2017-02-07","mode":"submitSocial","container":"all","username":"arwin"}]
2017-02-09 05:09:34	[{"keyword":"#365alasan","from":"2017-02-07","mode":"submitSocial","container":"all","username":"arwin"}]
2017-02-09 05:09:38	[{"keyword":"weew","from":"2017-02-07","mode":"submitSocial","container":"all","username":"arwin"}]
2017-02-09 05:09:47	[{"keyword":"testing","from":"2017-02-07","mode":"submitSocial","container":"all","username":"arwin"}]
2017-02-09 05:09:50	[{"keyword":"#kopaja","from":"2017-02-07","mode":"submitSocial","container":"all","username":"arwin"}]
2017-02-09 05:09:52	[{"keyword":"#genkuisinsideout","from":"2017-02-07","mode":"submitSocial","container":"all","username":"arwin"}]
2017-02-09 05:09:56	[{"keyword":"starwars","from":"2017-02-07","mode":"submitSocial","container":"all","username":"arwin"}]
2017-02-09 05:09:59	[{"keyword":"#kopaja","from":"2017-02-07","mode":"submitSocial","container":"all","username":"arwin"}]
2017-02-09 05:10:02	[{"keyword":"mldspot","from":"2017-02-07","mode":"submitSocial","container":"all","username":"arwin"}]
2017-02-09 05:10:05	[{"keyword":"pbdjarum","from":"2017-02-07","mode":"submitSocial","container":"all","username":"arwin"}]
2017-02-09 05:10:08	[{"keyword":"temannabati","from":"2017-02-07","mode":"submitSocial","container":"all","username":"arwin"}]
2017-02-09 05:10:12	[{"keyword":"nextar","from":"2017-02-07","mode":"submitSocial","container":"all","username":"arwin"}]
2017-02-09 05:10:15	[{"keyword":"jokowo","from":"2017-02-07","mode":"submitSocial","container":"all","username":"arwin"}]
2017-02-09 05:10:20	[{"keyword":"prabowo","from":"2017-02-07","mode":"submitSocial","container":"all","username":"arwin"}]
2017-02-09 05:10:22	[{"keyword":"sudirman said","from":"2017-02-07","mode":"submitSocial","container":"all","username":"arwin"}]
2017-02-09 05:10:33	[{"keyword":"ahok","from":"2017-02-07","mode":"submitSocial","container":"all","username":"arwin"}]
2017-02-09 05:10:36	[{"keyword":"setyanovanto","from":"2017-02-07","mode":"submitSocial","container":"all","username":"arwin"}]
2017-02-09 05:10:43	[{"keyword":"jokowi","from":"2017-02-07","mode":"submitSocial","container":"all","username":"arwin"}]
2017-02-09 05:10:55	[{"keyword":"ahok","from":"2017-02-07","mode":"submitSocial","container":"all","username":"arwin"}]
2017-02-09 05:11:00	[{"keyword":"prabowo","from":"2017-02-07","mode":"submitSocial","container":"all","username":"arwin"}]
2017-02-09 05:11:02	[{"keyword":"sudirman said","from":"2017-02-07","mode":"submitSocial","container":"all","username":"arwin"}]
2017-02-09 05:11:05	[{"keyword":"setyanovanto","from":"2017-02-07","mode":"submitSocial","container":"all","username":"arwin"}]
2017-02-09 05:11:12	[{"keyword":"galau","from":"2017-02-07","mode":"submitSocial","container":"all","username":"arwin"}]
2017-02-09 05:11:14	[{"keyword":"#prestasiindonesia","from":"2017-02-07","mode":"submitSocial","container":"all","username":"arwin"}]
2017-02-09 05:11:17	[{"keyword":"@tw_debi","from":"2017-02-07","mode":"submitSocial","container":"all","username":"arwin"}]
2017-02-09 05:11:20	[{"keyword":"@officialfastron","from":"2017-02-07","mode":"submitSocial","container":"all","username":"arwin"}]
2017-02-09 05:11:22	[{"keyword":"@citibankid","from":"2017-02-07","mode":"submitSocial","container":"all","username":"arwin"}]
