2017-04-29 05:00:02	worker	@987genfm;2017-04-27 - 2017-04-27;submitSocial;all;arwin
2017-04-29 05:00:06	worker	@101jakfm;2017-04-27 - 2017-04-27;submitSocial;all;arwin
2017-04-29 05:00:09	worker	@prambors;2017-04-27 - 2017-04-27;submitSocial;all;arwin
2017-04-29 05:00:13	worker	@hardrockfm;2017-04-27 - 2017-04-27;submitSocial;all;arwin
2017-04-29 05:00:16	worker	@kisfmjakarta;2017-04-27 - 2017-04-27;submitSocial;all;arwin
2017-04-29 05:00:19	worker	@delta_fm;2017-04-27 - 2017-04-27;submitSocial;all;arwin
2017-04-29 05:00:22	worker	@traxfmjkt;2017-04-27 - 2017-04-27;submitSocial;all;arwin
2017-04-29 05:00:26	worker	@iradiojakarta;2017-04-27 - 2017-04-27;submitSocial;all;arwin
2017-04-29 05:00:29	worker	@indika9160fm;2017-04-27 - 2017-04-27;submitSocial;all;arwin
2017-04-29 05:00:32	worker	@shellindonesia;2017-04-27 - 2017-04-27;submitSocial;all;arwin
2017-04-29 05:00:34	worker	@vpowerfans;2017-04-27 - 2017-04-27;submitSocial;all;arwin
2017-04-29 05:00:37	worker	@pertamaxind;2017-04-27 - 2017-04-27;submitSocial;all;arwin
2017-04-29 05:00:40	worker	@ptpertamina;2017-04-27 - 2017-04-27;submitSocial;all;arwin
2017-04-29 05:00:43	worker	@OZRadioJakarta;2017-04-27 - 2017-04-27;submitSocial;all;arwin
2017-04-29 05:00:46	worker	@CosmopolitanFM;2017-04-27 - 2017-04-27;submitSocial;all;arwin
2017-04-29 05:00:48	worker	@mustang88fm;2017-04-27 - 2017-04-27;submitSocial;all;arwin
2017-04-29 05:00:51	worker	@debabaz;2017-04-27 - 2017-04-27;submitSocial;all;arwin
2017-04-29 05:00:54	worker	@detikcom;2017-04-27 - 2017-04-27;submitSocial;all;arwin
2017-04-29 05:00:59	worker	@radioelshinta;2017-04-27 - 2017-04-27;submitSocial;all;arwin
2017-04-29 05:01:03	worker	@cinema21;2017-04-27 - 2017-04-27;submitSocial;all;arwin
2017-04-29 05:01:05	worker	@OfficialRCTI;2017-04-27 - 2017-04-27;submitSocial;all;arwin
2017-04-29 05:01:09	worker	@TRANSTV_CORP;2017-04-27 - 2017-04-27;submitSocial;all;arwin
2017-04-29 05:01:12	worker	@TRANS7;2017-04-27 - 2017-04-27;submitSocial;all;arwin
2017-04-29 05:01:15	worker	@Metro_TV;2017-04-27 - 2017-04-27;submitSocial;all;arwin
2017-04-29 05:01:19	worker	@tvOneNews;2017-04-27 - 2017-04-27;submitSocial;all;arwin
2017-04-29 05:01:22	worker	@whatsonANTV;2017-04-27 - 2017-04-27;submitSocial;all;arwin
2017-04-29 05:01:25	worker	@SCTV_;2017-04-27 - 2017-04-27;submitSocial;all;arwin
2017-04-29 05:01:29	worker	@KompasTV;2017-04-27 - 2017-04-27;submitSocial;all;arwin
2017-04-29 05:01:32	worker	@netmediatama;2017-04-27 - 2017-04-27;submitSocial;all;arwin
2017-04-29 05:01:36	worker	@Globaltvseru;2017-04-27 - 2017-04-27;submitSocial;all;arwin
2017-04-29 05:01:39	worker	@JaktvCom;2017-04-27 - 2017-04-27;submitSocial;all;arwin
2017-04-29 05:01:42	worker	@TVRINasional;2017-04-27 - 2017-04-27;submitSocial;all;arwin
2017-04-29 05:01:44	worker	@ochannelupdates;2017-04-27 - 2017-04-27;submitSocial;all;arwin
2017-04-29 05:01:47	worker	@IndosiarID;2017-04-27 - 2017-04-27;submitSocial;all;arwin
2017-04-29 05:01:51	worker	@kompascom;2017-04-27 - 2017-04-27;submitSocial;all;arwin
2017-04-29 05:01:55	worker	@merdekadotcom;2017-04-27 - 2017-04-27;submitSocial;all;arwin
2017-04-29 05:01:58	worker	@MIdotcom;2017-04-27 - 2017-04-27;submitSocial;all;arwin
2017-04-29 05:02:01	worker	@tempodotco;2017-04-27 - 2017-04-27;submitSocial;all;arwin
2017-04-29 05:02:05	worker	@motion975fm;2017-04-27 - 2017-04-27;submitSocial;all;arwin
2017-04-29 05:02:08	worker	@_radiotoday;2017-04-27 - 2017-04-27;submitSocial;all;arwin
2017-04-29 05:02:10	worker	@radioinfo;2017-04-27 - 2017-04-27;submitSocial;all;arwin
2017-04-29 05:02:13	worker	@979FeMaleRadio;2017-04-27 - 2017-04-27;submitSocial;all;arwin
2017-04-29 05:02:16	worker	@WomanRadio943FM;2017-04-27 - 2017-04-27;submitSocial;all;arwin
2017-04-29 05:02:18	worker	@VRadioFM;2017-04-27 - 2017-04-27;submitSocial;all;arwin
2017-04-29 05:02:21	worker	@UFM947;2017-04-27 - 2017-04-27;submitSocial;all;arwin
2017-04-29 05:02:24	worker	@VIVAnews;2017-04-27 - 2017-04-27;submitSocial;all;arwin
2017-04-29 05:02:27	worker	@antaranews;2017-04-27 - 2017-04-27;submitSocial;all;arwin
2017-04-29 05:02:31	worker	@tribunnews;2017-04-27 - 2017-04-27;submitSocial;all;arwin
2017-04-29 05:02:34	worker	@okezonenews;2017-04-27 - 2017-04-27;submitSocial;all;arwin
2017-04-29 05:02:38	worker	@Beritasatu;2017-04-27 - 2017-04-27;submitSocial;all;arwin
2017-04-29 05:02:41	worker	@rollingstoneina;2017-04-27 - 2017-04-27;submitSocial;all;arwin
2017-04-29 05:02:44	worker	@FIMELAdotcom;2017-04-27 - 2017-04-27;submitSocial;all;arwin
2017-04-29 05:02:46	worker	@KapanLagicom;2017-04-27 - 2017-04-27;submitSocial;all;arwin
2017-04-29 05:02:49	worker	@KompasEnt ;2017-04-27 - 2017-04-27;submitSocial;all;arwin
2017-04-29 05:02:52	worker	@HaiMagazine;2017-04-27 - 2017-04-27;submitSocial;all;arwin
2017-04-29 05:02:55	worker	@JakartaVenue;2017-04-27 - 2017-04-27;submitSocial;all;arwin
2017-04-29 05:02:58	worker	@SeputarEvent;2017-04-27 - 2017-04-27;submitSocial;all;arwin
2017-04-29 05:03:01	worker	@ismayaLive;2017-04-27 - 2017-04-27;submitSocial;all;arwin
2017-04-29 05:03:04	worker	@ECEntertainment;2017-04-27 - 2017-04-27;submitSocial;all;arwin
2017-04-29 05:03:06	worker	@synergism_En;2017-04-27 - 2017-04-27;submitSocial;all;arwin
2017-04-29 05:03:09	worker	@Urbanbandung;2017-04-27 - 2017-04-27;submitSocial;all;arwin
2017-04-29 05:03:11	worker	@Urbanrkm995;2017-04-27 - 2017-04-27;submitSocial;all;arwin
2017-04-29 05:03:14	worker	@Garuda_Promo;2017-04-27 - 2017-04-27;submitSocial;all;arwin
2017-04-29 05:03:16	worker	@AirAsiaID;2017-04-27 - 2017-04-27;submitSocial;all;arwin
2017-04-29 05:03:19	worker	@KAI121;2017-04-27 - 2017-04-27;submitSocial;all;arwin
2017-04-29 05:03:22	worker	@Unilever;2017-04-27 - 2017-04-27;submitSocial;all;arwin
2017-04-29 05:03:25	worker	@Nestle;2017-04-27 - 2017-04-27;submitSocial;all;arwin
2017-04-29 05:03:28	worker	@CocaCola;2017-04-27 - 2017-04-27;submitSocial;all;arwin
2017-04-29 05:03:32	worker	@CNN;2017-04-27 - 2017-04-27;submitSocial;all;arwin
2017-04-29 05:03:39	worker	@MTV;2017-04-27 - 2017-04-27;submitSocial;all;arwin
2017-04-29 05:03:44	worker	@channelv;2017-04-27 - 2017-04-27;submitSocial;all;arwin
2017-04-29 05:03:46	worker	@iTunesMusic;2017-04-27 - 2017-04-27;submitSocial;all;arwin
2017-04-29 05:03:49	worker	@mashable;2017-04-27 - 2017-04-27;submitSocial;all;arwin
2017-04-29 05:03:54	worker	@decacaz;2017-04-27 - 2017-04-27;submitSocial;all;arwin
2017-04-29 05:03:56	worker	@radiobaru967FM;2017-04-27 - 2017-04-27;submitSocial;all;arwin
2017-04-29 05:03:59	worker	@967HitzFM;2017-04-27 - 2017-04-27;submitSocial;all;arwin
2017-04-29 05:04:02	worker	@TVGuide;2017-04-27 - 2017-04-27;submitSocial;all;arwin
2017-04-29 05:04:05	worker	@XL123;2017-04-27 - 2017-04-27;submitSocial;all;arwin
2017-04-29 05:04:08	worker	@triindonesia;2017-04-27 - 2017-04-27;submitSocial;all;arwin
2017-04-29 05:04:11	worker	@kaskus;2017-04-27 - 2017-04-27;submitSocial;all;arwin
2017-04-29 05:04:14	worker	@Studio_XXI;2017-04-27 - 2017-04-27;submitSocial;all;arwin
2017-04-29 05:04:17	worker	@blitzmegaplex;2017-04-27 - 2017-04-27;submitSocial;all;arwin
2017-04-29 05:04:19	worker	@alfamartku;2017-04-27 - 2017-04-27;submitSocial;all;arwin
2017-04-29 05:04:22	worker	@Carrefour_ID;2017-04-27 - 2017-04-27;submitSocial;all;arwin
2017-04-29 05:04:25	worker	@BBCBreaking;2017-04-27 - 2017-04-27;submitSocial;all;arwin
2017-04-29 05:04:28	worker	@Forbes;2017-04-27 - 2017-04-27;submitSocial;all;arwin
2017-04-29 05:04:36	worker	@BensRadio;2017-04-27 - 2017-04-27;submitSocial;all;arwin
2017-04-29 05:04:39	worker	@instagram;2017-04-27 - 2017-04-27;submitSocial;all;arwin
2017-04-29 05:04:46	worker	@Pinterest;2017-04-27 - 2017-04-27;submitSocial;all;arwin
2017-04-29 05:04:50	worker	@google;2017-04-27 - 2017-04-27;submitSocial;all;arwin
2017-04-29 05:04:58	worker	@Pertaminalub;2017-04-27 - 2017-04-27;submitSocial;all;arwin
2017-04-29 05:05:00	worker	@InfoLalinTol;2017-04-27 - 2017-04-27;submitSocial;all;arwin
2017-04-29 05:05:04	worker	@PTJASAMARGA;2017-04-27 - 2017-04-27;submitSocial;all;arwin
2017-04-29 05:05:07	worker	@cititransindo;2017-04-27 - 2017-04-27;submitSocial;all;arwin
2017-04-29 05:05:10	worker	#semangatpagisuperr;2017-04-27 - 2017-04-27;submitSocial;all;arwin
2017-04-29 05:05:13	worker	#genkuisinsideout;2017-04-27 - 2017-04-27;submitSocial;all;arwin
2017-04-29 05:05:15	worker	#semangatpagi;2017-04-27 - 2017-04-27;submitSocial;all;arwin
2017-04-29 05:05:18	worker	#dikamar;2017-04-27 - 2017-04-27;submitSocial;all;arwin
2017-04-29 05:05:21	worker	#kopaja;2017-04-27 - 2017-04-27;submitSocial;all;arwin
2017-04-29 05:05:24	worker	#generaksi8;2017-04-27 - 2017-04-27;submitSocial;all;arwin
2017-04-29 05:05:26	worker	#hitztsp;2017-04-27 - 2017-04-27;submitSocial;all;arwin
2017-04-29 05:05:29	worker	#np;2017-04-27 - 2017-04-27;submitSocial;all;arwin
2017-04-29 05:05:33	worker	#hitzlivestage;2017-04-27 - 2017-04-27;submitSocial;all;arwin
2017-04-29 05:05:36	worker	#thefreaks;2017-04-27 - 2017-04-27;submitSocial;all;arwin
2017-04-29 05:05:38	worker	#hitzsirkuspagi;2017-04-27 - 2017-04-27;submitSocial;all;arwin
2017-04-29 05:05:41	worker	#hitzathlon;2017-04-27 - 2017-04-27;submitSocial;all;arwin
2017-04-29 05:05:44	worker	#hitzzombie;2017-04-27 - 2017-04-27;submitSocial;all;arwin
2017-04-29 05:05:46	worker	#hitzkalong;2017-04-27 - 2017-04-27;submitSocial;all;arwin
2017-04-29 05:05:49	worker	#hitzbebas;2017-04-27 - 2017-04-27;submitSocial;all;arwin
2017-04-29 05:05:52	worker	#hitzhorehara;2017-04-27 - 2017-04-27;submitSocial;all;arwin
2017-04-29 05:05:54	worker	@ZaloraID;2017-04-27 - 2017-04-27;submitSocial;all;arwin
2017-04-29 05:05:57	worker	@OLX_Indonesia;2017-04-27 - 2017-04-27;submitSocial;all;arwin
2017-04-29 05:06:00	worker	@LazadaID;2017-04-27 - 2017-04-27;submitSocial;all;arwin
2017-04-29 05:06:03	worker	@utrippers;2017-04-27 - 2017-04-27;submitSocial;all;arwin
2017-04-29 05:06:06	worker	@GoGobot;2017-04-27 - 2017-04-27;submitSocial;all;arwin
2017-04-29 05:06:09	worker	@viatortravel;2017-04-27 - 2017-04-27;submitSocial;all;arwin
2017-04-29 05:06:11	worker	@alandakariza;2017-04-27 - 2017-04-27;submitSocial;all;arwin
2017-04-29 05:06:14	worker	@gagasmedia;2017-04-27 - 2017-04-27;submitSocial;all;arwin
2017-04-29 05:06:17	worker	@welovehonda;2017-04-27 - 2017-04-27;submitSocial;all;arwin
2017-04-29 05:06:20	worker	@SuzukiMotorID;2017-04-27 - 2017-04-27;submitSocial;all;arwin
2017-04-29 05:06:23	worker	@kawasakilovers;2017-04-27 - 2017-04-27;submitSocial;all;arwin
2017-04-29 05:06:25	worker	@yamahaindonesia;2017-04-27 - 2017-04-27;submitSocial;all;arwin
2017-04-29 05:06:28	worker	@tripanzee;2017-04-27 - 2017-04-27;submitSocial;all;arwin
2017-04-29 05:06:31	worker	@arnoldpoernomo;2017-04-27 - 2017-04-27;submitSocial;all;arwin
2017-04-29 05:06:33	worker	@nicsap;2017-04-27 - 2017-04-27;submitSocial;all;arwin
2017-04-29 05:06:36	worker	@tiket2;2017-04-27 - 2017-04-27;submitSocial;all;arwin
2017-04-29 05:06:39	worker	@traveloka;2017-04-27 - 2017-04-27;submitSocial;all;arwin
2017-04-29 05:06:42	worker	@wego;2017-04-27 - 2017-04-27;submitSocial;all;arwin
2017-04-29 05:06:46	worker	@agoda;2017-04-27 - 2017-04-27;submitSocial;all;arwin
2017-04-29 05:06:49	worker	#salahsambung;2017-04-27 - 2017-04-27;submitSocial;all;arwin
2017-04-29 05:06:52	worker	#tulalit;2017-04-27 - 2017-04-27;submitSocial;all;arwin
2017-04-29 05:06:55	worker	#pestageneraksi8;2017-04-27 - 2017-04-27;submitSocial;all;arwin
2017-04-29 05:06:57	worker	#ganaskustik;2017-04-27 - 2017-04-27;submitSocial;all;arwin
2017-04-29 05:07:00	worker	#lnhot20;2017-04-27 - 2017-04-27;submitSocial;all;arwin
2017-04-29 05:07:03	worker	@TripAdvisor;2017-04-27 - 2017-04-27;submitSocial;all;arwin
2017-04-29 05:07:06	worker	@google;2017-04-27 - 2017-04-27;submitSocial;all;arwin
2017-04-29 05:07:13	worker	@Telkomsel;2017-04-27 - 2017-04-27;submitSocial;all;arwin
2017-04-29 05:07:17	worker	@indosat;2017-04-27 - 2017-04-27;submitSocial;all;arwin
2017-04-29 05:07:20	worker	@bahanafmjkt;2017-04-27 - 2017-04-27;submitSocial;all;2017-04-29 05:07:26	worker	@sonorafm92;2017-04-27 - 2017-04-27;submitSocial;all;arwin
2017-04-29 05:07:28	worker	@litefm1058;2017-04-27 - 2017-04-27;submitSocial;all;arwin
2017-04-29 05:07:30	worker	@Bravaradio;2017-04-27 - 2017-04-27;submitSocial;all;arwin
2017-04-29 05:07:33	worker	#dgitm;2017-04-27 - 2017-04-27;submitSocial;all;arwin
2017-04-29 05:07:37	worker	#hitsalaprambors;2017-04-27 - 2017-04-27;submitSocial;all;arwin
2017-04-29 05:07:39	worker	#reqprambors;2017-04-27 - 2017-04-27;submitSocial;all;arwin
2017-04-29 05:07:42	worker	#thedandees;2017-04-27 - 2017-04-27;submitSocial;all;arwin
2017-04-29 05:07:44	worker	#pramborsquiz;2017-04-27 - 2017-04-27;submitSocial;all;arwin
2017-04-29 05:07:47	worker	#jeliprambors;2017-04-27 - 2017-04-27;submitSocial;all;arwin
2017-04-29 05:07:49	worker	#jodohinprambors;2017-04-27 - 2017-04-27;submitSocial;all;arwin
2017-04-29 05:07:52	worker	#ubahdenganbicara;2017-04-27 - 2017-04-27;submitSocial;all;arwin
2017-04-29 05:07:54	worker	#pramborschat;2017-04-27 - 2017-04-27;submitSocial;all;arwin
2017-04-29 05:07:57	worker	#tweetforduit;2017-04-27 - 2017-04-27;submitSocial;all;arwin
2017-04-29 05:07:59	worker	#joki3in1;2017-04-27 - 2017-04-27;submitSocial;all;arwin
2017-04-29 05:08:02	worker	#sarapanseru;2017-04-27 - 2017-04-27;submitSocial;all;arwin
2017-04-29 05:08:04	worker	#rawonkaneloop;2017-04-27 - 2017-04-27;submitSocial;all;arwin
2017-04-29 05:08:07	worker	#gudegkendilkeraton;2017-04-27 - 2017-04-27;submitSocial;all;arwin
2017-04-29 05:08:09	worker	#gadogadobutika;2017-04-27 - 2017-04-27;submitSocial;all;arwin
2017-04-29 05:08:12	worker	#mtvhottest;2017-04-27 - 2017-04-27;submitSocial;all;arwin
2017-04-29 05:08:15	worker	#dimsumcjdw;2017-04-27 - 2017-04-27;submitSocial;all;arwin
2017-04-29 05:08:17	worker	#pecelmadiunmbakniek;2017-04-27 - 2017-04-27;submitSocial;all;arwin
2017-04-29 05:08:20	worker	#depotarema;2017-04-27 - 2017-04-27;submitSocial;all;arwin
2017-04-29 05:08:22	worker	@BNI46;2017-04-27 - 2017-04-27;submitSocial;all;arwin
2017-04-29 05:08:25	worker	@BANKBRI_ID;2017-04-27 - 2017-04-27;submitSocial;all;arwin
2017-04-29 05:08:28	worker	#bni46;2017-04-27 - 2017-04-27;submitSocial;all;arwin
2017-04-29 05:08:31	worker	macet;2017-04-27 - 2017-04-27;submitSocial;all;arwin
2017-04-29 05:08:37	worker	#selamatpagi;2017-04-27 - 2017-04-27;submitSocial;all;arwin
2017-04-29 05:08:40	worker	#selamatmalam;2017-04-27 - 2017-04-27;submitSocial;all;arwin
2017-04-29 05:08:42	worker	@884GlobalRadio;2017-04-27 - 2017-04-27;submitSocial;all;arwin
2017-04-29 05:08:45	worker	@day_trans;2017-04-27 - 2017-04-27;submitSocial;all;arwin
2017-04-29 05:08:48	worker	@kencanavoyage;2017-04-27 - 2017-04-27;submitSocial;all;arwin
2017-04-29 05:08:50	worker	@jukebox5d;2017-04-27 - 2017-04-27;submitSocial;all;arwin
2017-04-29 05:08:53	worker	#mtvhottest;2017-04-27 - 2017-04-27;submitSocial;all;arwin
2017-04-29 05:08:56	worker	#semangatpagi;2017-04-27 - 2017-04-27;submitSocial;all;arwin
2017-04-29 05:08:59	worker	lifebuoy;2017-04-27 - 2017-04-27;submitSocial;all;arwin
2017-04-29 05:09:01	worker	jokowi;2017-04-27 - 2017-04-27;submitSocial;all;arwin
2017-04-29 05:09:10	worker	obama;2017-04-27 - 2017-04-27;submitSocial;all;arwin
2017-04-29 05:09:20	worker	starwars;2017-04-27 - 2017-04-27;submitSocial;all;arwin
2017-04-29 05:09:24	worker	jonan;2017-04-27 - 2017-04-27;submitSocial;all;arwin
2017-04-29 05:09:28	worker	pagi;2017-04-27 - 2017-04-27;submitSocial;all;arwin
2017-04-29 05:09:37	worker	sampoerna;2017-04-27 - 2017-04-27;submitSocial;all;arwin
2017-04-29 05:09:40	worker	djarum;2017-04-27 - 2017-04-27;submitSocial;all;arwin
2017-04-29 05:09:44	worker	#semangatpagi;2017-04-27 - 2017-04-27;submitSocial;all;arwin
2017-04-29 05:09:46	worker	#generaksi8;2017-04-27 - 2017-04-27;submitSocial;all;arwin
2017-04-29 05:09:48	worker	#365alasan;2017-04-27 - 2017-04-27;submitSocial;all;arwin
2017-04-29 05:09:51	worker	weew;2017-04-27 - 2017-04-27;submitSocial;all;arwin
2017-04-29 05:09:55	worker	testing;2017-04-27 - 2017-04-27;submitSocial;all;arwin
2017-04-29 05:10:05	worker	#kopaja;2017-04-27 - 2017-04-27;submitSocial;all;arwin
2017-04-29 05:10:08	worker	#genkuisinsideout;2017-04-27 - 2017-04-27;submitSocial;all;arwin
2017-04-29 05:10:11	worker	starwars;2017-04-27 - 2017-04-27;submitSocial;all;arwin
2017-04-29 05:10:14	worker	#kopaja;2017-04-27 - 2017-04-27;submitSocial;all;arwin
2017-04-29 05:10:18	worker	mldspot;2017-04-27 - 2017-04-27;submitSocial;all;arwin
2017-04-29 05:10:21	worker	PBDjarum;2017-04-27 - 2017-04-27;submitSocial;all;arwin
2017-04-29 05:10:24	worker	TemanNabati;2017-04-27 - 2017-04-27;submitSocial;all;arwin
2017-04-29 05:10:26	worker	Nextar;2017-04-27 - 2017-04-27;submitSocial;all;arwin
2017-04-29 05:10:30	worker	jokowo;2017-04-27 - 2017-04-27;submitSocial;all;arwin
2017-04-29 05:10:34	worker	prabowo;2017-04-27 - 2017-04-27;submitSocial;all;arwin
2017-04-29 05:10:39	worker	sudirman said;2017-04-27 - 2017-04-27;submitSocial;all;arwin
2017-04-29 05:10:41	worker	ahok;2017-04-27 - 2017-04-27;submitSocial;all;arwin
2017-04-29 05:10:54	worker	setyanovanto;2017-04-27 - 2017-04-27;submitSocial;all;arwin
2017-04-29 05:10:57	worker	jokowi;2017-04-27 - 2017-04-27;submitSocial;all;arwin
2017-04-29 05:11:05	worker	ahok;2017-04-27 - 2017-04-27;submitSocial;all;arwin
2017-04-29 05:11:18	worker	prabowo;2017-04-27 - 2017-04-27;submitSocial;all;arwin
2017-04-29 05:11:22	worker	sudirman said;2017-04-27 - 2017-04-27;submitSocial;all;arwin
2017-04-29 05:11:25	worker	setyanovanto;2017-04-27 - 2017-04-27;submitSocial;all;arwin
2017-04-29 05:11:28	worker	galau;2017-04-27 - 2017-04-27;submitSocial;all;arwin
2017-04-29 05:11:33	worker	#prestasiindonesia;2017-04-27 - 2017-04-27;submitSocial;all;arwin
2017-04-29 05:11:36	worker	@Tw_Debi;2017-04-27 - 2017-04-27;submitSocial;all;arwin
2017-04-29 05:11:39	worker	@OfficialFastron;2017-04-27 - 2017-04-27;submitSocial;all;arwin
2017-04-29 05:11:41	worker	@CitibankID;2017-04-27 - 2017-04-27;submitSocial;all;arwin
2017-04-29 05:11:44	worker	@jak101fm;2017-04-27 - 2017-04-27;submitSocial;all;arwin
2017-04-29 05:11:47	worker	@genfm;2017-04-27 - 2017-04-27;submitSocial;all;arwin
