2017-07-19 05:00:05	[{"keyword":"@987genfm","from":"2017-07-17","mode":"submitSocial","container":"all","username":"arwin"}]
2017-07-19 05:00:08	[{"keyword":"@101jakfm","from":"2017-07-17","mode":"submitSocial","container":"all","username":"arwin"}]
2017-07-19 05:00:11	[{"keyword":"@prambors","from":"2017-07-17","mode":"submitSocial","container":"all","username":"arwin"}]
2017-07-19 05:00:13	[{"keyword":"@hardrockfm","from":"2017-07-17","mode":"submitSocial","container":"all","username":"arwin"}]
2017-07-19 05:00:16	[{"keyword":"@kisfmjakarta","from":"2017-07-17","mode":"submitSocial","container":"all","username":"arwin"}]
2017-07-19 05:00:18	[{"keyword":"@delta_fm","from":"2017-07-17","mode":"submitSocial","container":"all","username":"arwin"}]
2017-07-19 05:00:20	[{"keyword":"@traxfmjkt","from":"2017-07-17","mode":"submitSocial","container":"all","username":"arwin"}]
2017-07-19 05:00:23	[{"keyword":"@iradiojakarta","from":"2017-07-17","mode":"submitSocial","container":"all","username":"arwin"}]
2017-07-19 05:00:25	[{"keyword":"@indika9160fm","from":"2017-07-17","mode":"submitSocial","container":"all","username":"arwin"}]
2017-07-19 05:00:27	[{"keyword":"@shellindonesia","from":"2017-07-17","mode":"submitSocial","container":"all","username":"arwin"}]
2017-07-19 05:00:30	[{"keyword":"@vpowerfans","from":"2017-07-17","mode":"submitSocial","container":"all","username":"arwin"}]
2017-07-19 05:00:32	[{"keyword":"@pertamaxind","from":"2017-07-17","mode":"submitSocial","container":"all","username":"arwin"}]
2017-07-19 05:00:34	[{"keyword":"@ptpertamina","from":"2017-07-17","mode":"submitSocial","container":"all","username":"arwin"}]
2017-07-19 05:00:37	[{"keyword":"@ozradiojakarta","from":"2017-07-17","mode":"submitSocial","container":"all","username":"arwin"}]
2017-07-19 05:00:39	[{"keyword":"@cosmopolitanfm","from":"2017-07-17","mode":"submitSocial","container":"all","username":"arwin"}]
2017-07-19 05:00:41	[{"keyword":"@mustang88fm","from":"2017-07-17","mode":"submitSocial","container":"all","username":"arwin"}]
2017-07-19 05:00:43	[{"keyword":"@debabaz","from":"2017-07-17","mode":"submitSocial","container":"all","username":"arwin"}]
2017-07-19 05:00:47	[{"keyword":"@detikcom","from":"2017-07-17","mode":"submitSocial","container":"all","username":"arwin"}]
2017-07-19 05:00:50	[{"keyword":"@radioelshinta","from":"2017-07-17","mode":"submitSocial","container":"all","username":"arwin"}]
2017-07-19 05:00:53	[{"keyword":"@cinema21","from":"2017-07-17","mode":"submitSocial","container":"all","username":"arwin"}]
2017-07-19 05:00:56	[{"keyword":"@officialrcti","from":"2017-07-17","mode":"submitSocial","container":"all","username":"arwin"}]
2017-07-19 05:00:59	[{"keyword":"@transtv_corp","from":"2017-07-17","mode":"submitSocial","container":"all","username":"arwin"}]
2017-07-19 05:01:02	[{"keyword":"@trans7","from":"2017-07-17","mode":"submitSocial","container":"all","username":"arwin"}]
2017-07-19 05:01:06	[{"keyword":"@metro_tv","from":"2017-07-17","mode":"submitSocial","container":"all","username":"arwin"}]
2017-07-19 05:01:08	[{"keyword":"@tvonenews","from":"2017-07-17","mode":"submitSocial","container":"all","username":"arwin"}]
2017-07-19 05:01:11	[{"keyword":"@whatsonantv","from":"2017-07-17","mode":"submitSocial","container":"all","username":"arwin"}]
2017-07-19 05:01:14	[{"keyword":"@sctv_","from":"2017-07-17","mode":"submitSocial","container":"all","username":"arwin"}]
2017-07-19 05:01:17	[{"keyword":"@kompastv","from":"2017-07-17","mode":"submitSocial","container":"all","username":"arwin"}]
2017-07-19 05:01:20	[{"keyword":"@netmediatama","from":"2017-07-17","mode":"submitSocial","container":"all","username":"arwin"}]
2017-07-19 05:01:22	[{"keyword":"@globaltvseru","from":"2017-07-17","mode":"submitSocial","container":"all","username":"arwin"}]
2017-07-19 05:01:25	[{"keyword":"@jaktvcom","from":"2017-07-17","mode":"submitSocial","container":"all","username":"arwin"}]
2017-07-19 05:01:27	[{"keyword":"@tvrinasional","from":"2017-07-17","mode":"submitSocial","container":"all","username":"arwin"}]
2017-07-19 05:01:29	[{"keyword":"@ochannelupdates","from":"2017-07-17","mode":"submitSocial","container":"all","username":"arwin"}]
2017-07-19 05:01:32	[{"keyword":"@indosiarid","from":"2017-07-17","mode":"submitSocial","container":"all","username":"arwin"}]
2017-07-19 05:01:37	[{"keyword":"@kompascom","from":"2017-07-17","mode":"submitSocial","container":"all","username":"arwin"}]
2017-07-19 05:01:39	[{"keyword":"@merdekadotcom","from":"2017-07-17","mode":"submitSocial","container":"all","username":"arwin"}]
2017-07-19 05:01:42	[{"keyword":"@midotcom","from":"2017-07-17","mode":"submitSocial","container":"all","username":"arwin"}]
2017-07-19 05:01:45	[{"keyword":"@tempodotco","from":"2017-07-17","mode":"submitSocial","container":"all","username":"arwin"}]
2017-07-19 05:01:47	[{"keyword":"@motion975fm","from":"2017-07-17","mode":"submitSocial","container":"all","username":"arwin"}]
2017-07-19 05:01:50	[{"keyword":"@_radiotoday","from":"2017-07-17","mode":"submitSocial","container":"all","username":"arwin"}]
2017-07-19 05:01:52	[{"keyword":"@radioinfo","from":"2017-07-17","mode":"submitSocial","container":"all","username":"arwin"}]
2017-07-19 05:01:54	[{"keyword":"@979femaleradio","from":"2017-07-17","mode":"submitSocial","container":"all","username":"arwin"}]
2017-07-19 05:01:57	[{"keyword":"@womanradio943fm","from":"2017-07-17","mode":"submitSocial","container":"all","username":"arwin"}]
2017-07-19 05:01:59	[{"keyword":"@vradiofm","from":"2017-07-17","mode":"submitSocial","container":"all","username":"arwin"}]
2017-07-19 05:02:01	[{"keyword":"@ufm947","from":"2017-07-17","mode":"submitSocial","container":"all","username":"arwin"}]
2017-07-19 05:02:04	[{"keyword":"@vivanews","from":"2017-07-17","mode":"submitSocial","container":"all","username":"arwin"}]
2017-07-19 05:02:07	[{"keyword":"@antaranews","from":"2017-07-17","mode":"submitSocial","container":"all","username":"arwin"}]
2017-07-19 05:02:10	[{"keyword":"@tribunnews","from":"2017-07-17","mode":"submitSocial","container":"all","username":"arwin"}]
2017-07-19 05:02:12	[{"keyword":"@okezonenews","from":"2017-07-17","mode":"submitSocial","container":"all","username":"arwin"}]
2017-07-19 05:02:16	[{"keyword":"@beritasatu","from":"2017-07-17","mode":"submitSocial","container":"all","username":"arwin"}]
2017-07-19 05:02:18	[{"keyword":"@rollingstoneina","from":"2017-07-17","mode":"submitSocial","container":"all","username":"arwin"}]
2017-07-19 05:02:20	[{"keyword":"@fimeladotcom","from":"2017-07-17","mode":"submitSocial","container":"all","username":"arwin"}]
2017-07-19 05:02:22	[{"keyword":"@kapanlagicom","from":"2017-07-17","mode":"submitSocial","container":"all","username":"arwin"}]
2017-07-19 05:02:25	[{"keyword":"@kompasent","from":"2017-07-17","mode":"submitSocial","container":"all","username":"arwin"}]
2017-07-19 05:02:27	[{"keyword":"@haimagazine","from":"2017-07-17","mode":"submitSocial","container":"all","username":"arwin"}]
2017-07-19 05:02:29	[{"keyword":"@jakartavenue","from":"2017-07-17","mode":"submitSocial","container":"all","username":"arwin"}]
2017-07-19 05:02:32	[{"keyword":"@seputarevent","from":"2017-07-17","mode":"submitSocial","container":"all","username":"arwin"}]
2017-07-19 05:02:34	[{"keyword":"@ismayalive","from":"2017-07-17","mode":"submitSocial","container":"all","username":"arwin"}]
2017-07-19 05:02:36	[{"keyword":"@ecentertainment","from":"2017-07-17","mode":"submitSocial","container":"all","username":"arwin"}]
2017-07-19 05:02:39	[{"keyword":"@synergism_en","from":"2017-07-17","mode":"submitSocial","container":"all","username":"arwin"}]
2017-07-19 05:02:41	[{"keyword":"@urbanbandung","from":"2017-07-17","mode":"submitSocial","container":"all","username":"arwin"}]
2017-07-19 05:02:43	[{"keyword":"@urbanrkm995","from":"2017-07-17","mode":"submitSocial","container":"all","username":"arwin"}]
2017-07-19 05:02:45	[{"keyword":"@garuda_promo","from":"2017-07-17","mode":"submitSocial","container":"all","username":"arwin"}]
2017-07-19 05:02:48	[{"keyword":"@airasiaid","from":"2017-07-17","mode":"submitSocial","container":"all","username":"arwin"}]
2017-07-19 05:02:50	[{"keyword":"@kai121","from":"2017-07-17","mode":"submitSocial","container":"all","username":"arwin"}]
2017-07-19 05:02:53	[{"keyword":"@unilever","from":"2017-07-17","mode":"submitSocial","container":"all","username":"arwin"}]
2017-07-19 05:02:56	[{"keyword":"@nestle","from":"2017-07-17","mode":"submitSocial","container":"all","username":"arwin"}]
2017-07-19 05:02:59	[{"keyword":"@cocacola","from":"2017-07-17","mode":"submitSocial","container":"all","username":"arwin"}]
2017-07-19 05:03:07	[{"keyword":"@cnn","from":"2017-07-17","mode":"submitSocial","container":"all","username":"arwin"}]
2017-07-19 05:03:14	[{"keyword":"@mtv","from":"2017-07-17","mode":"submitSocial","container":"all","username":"arwin"}]
2017-07-19 05:03:16	[{"keyword":"@channelv","from":"2017-07-17","mode":"submitSocial","container":"all","username":"arwin"}]
2017-07-19 05:03:19	[{"keyword":"@itunesmusic","from":"2017-07-17","mode":"submitSocial","container":"all","username":"arwin"}]
2017-07-19 05:03:22	[{"keyword":"@mashable","from":"2017-07-17","mode":"submitSocial","container":"all","username":"arwin"}]
2017-07-19 05:03:24	[{"keyword":"@decacaz","from":"2017-07-17","mode":"submitSocial","container":"all","username":"arwin"}]
2017-07-19 05:03:26	[{"keyword":"@radiobaru967fm","from":"2017-07-17","mode":"submitSocial","container":"all","username":"arwin"}]
2017-07-19 05:03:29	[{"keyword":"@967hitzfm","from":"2017-07-17","mode":"submitSocial","container":"all","username":"arwin"}]
2017-07-19 05:03:32	[{"keyword":"@tvguide","from":"2017-07-17","mode":"submitSocial","container":"all","username":"arwin"}]
2017-07-19 05:03:34	[{"keyword":"@xl123","from":"2017-07-17","mode":"submitSocial","container":"all","username":"arwin"}]
2017-07-19 05:03:36	[{"keyword":"@triindonesia","from":"2017-07-17","mode":"submitSocial","container":"all","username":"arwin"}]
2017-07-19 05:03:39	[{"keyword":"@kaskus","from":"2017-07-17","mode":"submitSocial","container":"all","username":"arwin"}]
2017-07-19 05:03:42	[{"keyword":"@studio_xxi","from":"2017-07-17","mode":"submitSocial","container":"all","username":"arwin"}]
2017-07-19 05:03:44	[{"keyword":"@blitzmegaplex","from":"2017-07-17","mode":"submitSocial","container":"all","username":"arwin"}]
2017-07-19 05:03:46	[{"keyword":"@alfamartku","from":"2017-07-17","mode":"submitSocial","container":"all","username":"arwin"}]
2017-07-19 05:03:48	[{"keyword":"@carrefour_id","from":"2017-07-17","mode":"submitSocial","container":"all","username":"arwin"}]
2017-07-19 05:03:52	[{"keyword":"@bbcbreaking","from":"2017-07-17","mode":"submitSocial","container":"all","username":"arwin"}]
2017-07-19 05:03:57	[{"keyword":"@forbes","from":"2017-07-17","mode":"submitSocial","container":"all","username":"arwin"}]
2017-07-19 05:03:59	[{"keyword":"@bensradio","from":"2017-07-17","mode":"submitSocial","container":"all","username":"arwin"}]
2017-07-19 05:04:05	[{"keyword":"@instagram","from":"2017-07-17","mode":"submitSocial","container":"all","username":"arwin"}]
2017-07-19 05:04:08	[{"keyword":"@pinterest","from":"2017-07-17","mode":"submitSocial","container":"all","username":"arwin"}]
2017-07-19 05:04:13	[{"keyword":"@google","from":"2017-07-17","mode":"submitSocial","container":"all","username":"arwin"}]
2017-07-19 05:04:16	[{"keyword":"@pertaminalub","from":"2017-07-17","mode":"submitSocial","container":"all","username":"arwin"}]
2017-07-19 05:04:18	[{"keyword":"@infolalintol","from":"2017-07-17","mode":"submitSocial","container":"all","username":"arwin"}]
2017-07-19 05:04:20	[{"keyword":"@ptjasamarga","from":"2017-07-17","mode":"submitSocial","container":"all","username":"arwin"}]
2017-07-19 05:04:22	[{"keyword":"@cititransindo","from":"2017-07-17","mode":"submitSocial","container":"all","username":"arwin"}]
2017-07-19 05:04:24	[{"keyword":"#semangatpagisuperr","from":"2017-07-17","mode":"submitSocial","container":"all","username":"arwin"}]
2017-07-19 05:04:26	[{"keyword":"#genkuisinsideout","from":"2017-07-17","mode":"submitSocial","container":"all","username":"arwin"}]
2017-07-19 05:04:29	[{"keyword":"#semangatpagi","from":"2017-07-17","mode":"submitSocial","container":"all","username":"arwin"}]
2017-07-19 05:04:31	[{"keyword":"#dikamar","from":"2017-07-17","mode":"submitSocial","container":"all","username":"arwin"}]
2017-07-19 05:04:34	[{"keyword":"#kopaja","from":"2017-07-17","mode":"submitSocial","container":"all","username":"arwin"}]
2017-07-19 05:04:35	[{"keyword":"#generaksi8","from":"2017-07-17","mode":"submitSocial","container":"all","username":"arwin"}]
2017-07-19 05:04:38	[{"keyword":"#hitztsp","from":"2017-07-17","mode":"submitSocial","container":"all","username":"arwin"}]
2017-07-19 05:04:41	[{"keyword":"#np","from":"2017-07-17","mode":"submitSocial","container":"all","username":"arwin"}]
2017-07-19 05:04:43	[{"keyword":"#hitzlivestage","from":"2017-07-17","mode":"submitSocial","container":"all","username":"arwin"}]
2017-07-19 05:04:45	[{"keyword":"#thefreaks","from":"2017-07-17","mode":"submitSocial","container":"all","username":"arwin"}]
2017-07-19 05:04:48	[{"keyword":"#hitzsirkuspagi","from":"2017-07-17","mode":"submitSocial","container":"all","username":"arwin"}]
2017-07-19 05:04:50	[{"keyword":"#hitzathlon","from":"2017-07-17","mode":"submitSocial","container":"all","username":"arwin"}]
2017-07-19 05:04:52	[{"keyword":"#hitzzombie","from":"2017-07-17","mode":"submitSocial","container":"all","username":"arwin"}]
2017-07-19 05:04:54	[{"keyword":"#hitzkalong","from":"2017-07-17","mode":"submitSocial","container":"all","username":"arwin"}]
2017-07-19 05:04:56	[{"keyword":"#hitzbebas","from":"2017-07-17","mode":"submitSocial","container":"all","username":"arwin"}]
2017-07-19 05:04:59	[{"keyword":"#hitzhorehara","from":"2017-07-17","mode":"submitSocial","container":"all","username":"arwin"}]
2017-07-19 05:05:02	[{"keyword":"@zaloraid","from":"2017-07-17","mode":"submitSocial","container":"all","username":"arwin"}]
2017-07-19 05:05:04	[{"keyword":"@olx_indonesia","from":"2017-07-17","mode":"submitSocial","container":"all","username":"arwin"}]
2017-07-19 05:05:07	[{"keyword":"@lazadaid","from":"2017-07-17","mode":"submitSocial","container":"all","username":"arwin"}]
2017-07-19 05:05:10	[{"keyword":"@utrippers","from":"2017-07-17","mode":"submitSocial","container":"all","username":"arwin"}]
2017-07-19 05:05:12	[{"keyword":"@gogobot","from":"2017-07-17","mode":"submitSocial","container":"all","username":"arwin"}]
2017-07-19 05:05:15	[{"keyword":"@viatortravel","from":"2017-07-17","mode":"submitSocial","container":"all","username":"arwin"}]
2017-07-19 05:05:17	[{"keyword":"@alandakariza","from":"2017-07-17","mode":"submitSocial","container":"all","username":"arwin"}]
2017-07-19 05:05:19	[{"keyword":"@gagasmedia","from":"2017-07-17","mode":"submitSocial","container":"all","username":"arwin"}]
2017-07-19 05:05:22	[{"keyword":"@welovehonda","from":"2017-07-17","mode":"submitSocial","container":"all","username":"arwin"}]
2017-07-19 05:05:24	[{"keyword":"@suzukimotorid","from":"2017-07-17","mode":"submitSocial","container":"all","username":"arwin"}]
2017-07-19 05:05:26	[{"keyword":"@kawasakilovers","from":"2017-07-17","mode":"submitSocial","container":"all","username":"arwin"}]
2017-07-19 05:05:28	[{"keyword":"@yamahaindonesia","from":"2017-07-17","mode":"submitSocial","container":"all","username":"arwin"}]
2017-07-19 05:05:31	[{"keyword":"@tripanzee","from":"2017-07-17","mode":"submitSocial","container":"all","username":"arwin"}]
2017-07-19 05:05:33	[{"keyword":"@arnoldpoernomo","from":"2017-07-17","mode":"submitSocial","container":"all","username":"arwin"}]
2017-07-19 05:05:35	[{"keyword":"@nicsap","from":"2017-07-17","mode":"submitSocial","container":"all","username":"arwin"}]
2017-07-19 05:05:37	[{"keyword":"@tiket2","from":"2017-07-17","mode":"submitSocial","container":"all","username":"arwin"}]
2017-07-19 05:05:40	[{"keyword":"@traveloka","from":"2017-07-17","mode":"submitSocial","container":"all","username":"arwin"}]
2017-07-19 05:05:43	[{"keyword":"@wego","from":"2017-07-17","mode":"submitSocial","container":"all","username":"arwin"}]
2017-07-19 05:05:46	[{"keyword":"@agoda","from":"2017-07-17","mode":"submitSocial","container":"all","username":"arwin"}]
2017-07-19 05:05:48	[{"keyword":"#salahsambung","from":"2017-07-17","mode":"submitSocial","container":"all","username":"arwin"}]
2017-07-19 05:05:51	[{"keyword":"#tulalit","from":"2017-07-17","mode":"submitSocial","container":"all","username":"arwin"}]
2017-07-19 05:05:52	[{"keyword":"#pestageneraksi8","from":"2017-07-17","mode":"submitSocial","container":"all","username":"arwin"}]
2017-07-19 05:05:55	[{"keyword":"#ganaskustik","from":"2017-07-17","mode":"submitSocial","container":"all","username":"arwin"}]
2017-07-19 05:05:57	[{"keyword":"#lnhot20","from":"2017-07-17","mode":"submitSocial","container":"all","username":"arwin"}]
2017-07-19 05:05:59	[{"keyword":"@tripadvisor","from":"2017-07-17","mode":"submitSocial","container":"all","username":"arwin"}]
2017-07-19 05:06:05	[{"keyword":"@google","from":"2017-07-17","mode":"submitSocial","container":"all","username":"arwin"}]
2017-07-19 05:06:08	[{"keyword":"@telkomsel","from":"2017-07-17","mode":"submitSocial","container":"all","username":"arwin"}]
2017-07-19 05:06:10	[{"keyword":"@indosat","from":"2017-07-17","mode":"submitSocial","container":"all","username":"arwin"}]
2017-07-19 05:06:14	[{"keyword":"@bahanafmjkt","from":"2017-07-17","mode":"submitSocial","container":"all","username":""}]
2017-07-19 05:06:18	[{"keyword":"@sonorafm92","from":"2017-07-17","mode":"submitSocial","container":"all","username":"arwin"}]
2017-07-19 05:06:20	[{"keyword":"@litefm1058","from":"2017-07-17","mode":"submitSocial","container":"all","username":"arwin"}]
2017-07-19 05:06:22	[{"keyword":"@bravaradio","from":"2017-07-17","mode":"submitSocial","container":"all","username":"arwin"}]
2017-07-19 05:06:25	[{"keyword":"#dgitm","from":"2017-07-17","mode":"submitSocial","container":"all","username":"arwin"}]
2017-07-19 05:06:27	[{"keyword":"#hitsalaprambors","from":"2017-07-17","mode":"submitSocial","container":"all","username":"arwin"}]
2017-07-19 05:06:29	[{"keyword":"#reqprambors","from":"2017-07-17","mode":"submitSocial","container":"all","username":"arwin"}]
2017-07-19 05:06:31	[{"keyword":"#thedandees","from":"2017-07-17","mode":"submitSocial","container":"all","username":"arwin"}]
2017-07-19 05:06:33	[{"keyword":"#pramborsquiz","from":"2017-07-17","mode":"submitSocial","container":"all","username":"arwin"}]
2017-07-19 05:06:35	[{"keyword":"#jeliprambors","from":"2017-07-17","mode":"submitSocial","container":"all","username":"arwin"}]
2017-07-19 05:06:37	[{"keyword":"#jodohinprambors","from":"2017-07-17","mode":"submitSocial","container":"all","username":"arwin"}]
2017-07-19 05:06:39	[{"keyword":"#ubahdenganbicara","from":"2017-07-17","mode":"submitSocial","container":"all","username":"arwin"}]
2017-07-19 05:06:42	[{"keyword":"#pramborschat","from":"2017-07-17","mode":"submitSocial","container":"all","username":"arwin"}]
2017-07-19 05:06:44	[{"keyword":"#tweetforduit","from":"2017-07-17","mode":"submitSocial","container":"all","username":"arwin"}]
2017-07-19 05:06:46	[{"keyword":"#joki3in1","from":"2017-07-17","mode":"submitSocial","container":"all","username":"arwin"}]
2017-07-19 05:06:48	[{"keyword":"#sarapanseru","from":"2017-07-17","mode":"submitSocial","container":"all","username":"arwin"}]
2017-07-19 05:06:50	[{"keyword":"#rawonkaneloop","from":"2017-07-17","mode":"submitSocial","container":"all","username":"arwin"}]
2017-07-19 05:06:52	[{"keyword":"#gudegkendilkeraton","from":"2017-07-17","mode":"submitSocial","container":"all","username":"arwin"}]
2017-07-19 05:06:54	[{"keyword":"#gadogadobutika","from":"2017-07-17","mode":"submitSocial","container":"all","username":"arwin"}]
2017-07-19 05:06:57	[{"keyword":"#mtvhottest","from":"2017-07-17","mode":"submitSocial","container":"all","username":"arwin"}]
2017-07-19 05:06:59	[{"keyword":"#dimsumcjdw","from":"2017-07-17","mode":"submitSocial","container":"all","username":"arwin"}]
2017-07-19 05:07:01	[{"keyword":"#pecelmadiunmbakniek","from":"2017-07-17","mode":"submitSocial","container":"all","username":"arwin"}]
2017-07-19 05:07:03	[{"keyword":"#depotarema","from":"2017-07-17","mode":"submitSocial","container":"all","username":"arwin"}]
2017-07-19 05:07:06	[{"keyword":"@bni46","from":"2017-07-17","mode":"submitSocial","container":"all","username":"arwin"}]
2017-07-19 05:07:08	[{"keyword":"@bankbri_id","from":"2017-07-17","mode":"submitSocial","container":"all","username":"arwin"}]
2017-07-19 05:07:10	[{"keyword":"#bni46","from":"2017-07-17","mode":"submitSocial","container":"all","username":"arwin"}]
2017-07-19 05:07:15	[{"keyword":"macet","from":"2017-07-17","mode":"submitSocial","container":"all","username":"arwin"}]
2017-07-19 05:07:17	[{"keyword":"#selamatpagi","from":"2017-07-17","mode":"submitSocial","container":"all","username":"arwin"}]
2017-07-19 05:07:19	[{"keyword":"#selamatmalam","from":"2017-07-17","mode":"submitSocial","container":"all","username":"arwin"}]
2017-07-19 05:07:21	[{"keyword":"@884globalradio","from":"2017-07-17","mode":"submitSocial","container":"all","username":"arwin"}]
2017-07-19 05:07:24	[{"keyword":"@day_trans","from":"2017-07-17","mode":"submitSocial","container":"all","username":"arwin"}]
2017-07-19 05:07:26	[{"keyword":"@kencanavoyage","from":"2017-07-17","mode":"submitSocial","container":"all","username":"arwin"}]
2017-07-19 05:07:28	[{"keyword":"@jukebox5d","from":"2017-07-17","mode":"submitSocial","container":"all","username":"arwin"}]
2017-07-19 05:07:30	[{"keyword":"#mtvhottest","from":"2017-07-17","mode":"submitSocial","container":"all","username":"arwin"}]
2017-07-19 05:07:32	[{"keyword":"#semangatpagi","from":"2017-07-17","mode":"submitSocial","container":"all","username":"arwin"}]
2017-07-19 05:07:35	[{"keyword":"lifebuoy","from":"2017-07-17","mode":"submitSocial","container":"all","username":"arwin"}]
2017-07-19 05:07:42	[{"keyword":"jokowi","from":"2017-07-17","mode":"submitSocial","container":"all","username":"arwin"}]
2017-07-19 05:07:50	[{"keyword":"obama","from":"2017-07-17","mode":"submitSocial","container":"all","username":"arwin"}]
2017-07-19 05:07:53	[{"keyword":"starwars","from":"2017-07-17","mode":"submitSocial","container":"all","username":"arwin"}]
2017-07-19 05:07:56	[{"keyword":"jonan","from":"2017-07-17","mode":"submitSocial","container":"all","username":"arwin"}]
2017-07-19 05:08:04	[{"keyword":"pagi","from":"2017-07-17","mode":"submitSocial","container":"all","username":"arwin"}]
2017-07-19 05:08:06	[{"keyword":"sampoerna","from":"2017-07-17","mode":"submitSocial","container":"all","username":"arwin"}]
2017-07-19 05:08:09	[{"keyword":"djarum","from":"2017-07-17","mode":"submitSocial","container":"all","username":"arwin"}]
2017-07-19 05:08:12	[{"keyword":"#semangatpagi","from":"2017-07-17","mode":"submitSocial","container":"all","username":"arwin"}]
2017-07-19 05:08:13	[{"keyword":"#generaksi8","from":"2017-07-17","mode":"submitSocial","container":"all","username":"arwin"}]
2017-07-19 05:08:16	[{"keyword":"#365alasan","from":"2017-07-17","mode":"submitSocial","container":"all","username":"arwin"}]
2017-07-19 05:08:19	[{"keyword":"weew","from":"2017-07-17","mode":"submitSocial","container":"all","username":"arwin"}]
2017-07-19 05:08:27	[{"keyword":"testing","from":"2017-07-17","mode":"submitSocial","container":"all","username":"arwin"}]
2017-07-19 05:08:29	[{"keyword":"#kopaja","from":"2017-07-17","mode":"submitSocial","container":"all","username":"arwin"}]
2017-07-19 05:08:31	[{"keyword":"#genkuisinsideout","from":"2017-07-17","mode":"submitSocial","container":"all","username":"arwin"}]
2017-07-19 05:08:34	[{"keyword":"starwars","from":"2017-07-17","mode":"submitSocial","container":"all","username":"arwin"}]
2017-07-19 05:08:36	[{"keyword":"#kopaja","from":"2017-07-17","mode":"submitSocial","container":"all","username":"arwin"}]
2017-07-19 05:08:39	[{"keyword":"mldspot","from":"2017-07-17","mode":"submitSocial","container":"all","username":"arwin"}]
2017-07-19 05:08:41	[{"keyword":"pbdjarum","from":"2017-07-17","mode":"submitSocial","container":"all","username":"arwin"}]
2017-07-19 05:08:44	[{"keyword":"temannabati","from":"2017-07-17","mode":"submitSocial","container":"all","username":"arwin"}]
2017-07-19 05:08:47	[{"keyword":"nextar","from":"2017-07-17","mode":"submitSocial","container":"all","username":"arwin"}]
2017-07-19 05:08:50	[{"keyword":"jokowo","from":"2017-07-17","mode":"submitSocial","container":"all","username":"arwin"}]
2017-07-19 05:08:54	[{"keyword":"prabowo","from":"2017-07-17","mode":"submitSocial","container":"all","username":"arwin"}]
2017-07-19 05:08:57	[{"keyword":"sudirman said","from":"2017-07-17","mode":"submitSocial","container":"all","username":"arwin"}]
2017-07-19 05:09:02	[{"keyword":"ahok","from":"2017-07-17","mode":"submitSocial","container":"all","username":"arwin"}]
2017-07-19 05:09:05	[{"keyword":"setyanovanto","from":"2017-07-17","mode":"submitSocial","container":"all","username":"arwin"}]
2017-07-19 05:09:12	[{"keyword":"jokowi","from":"2017-07-17","mode":"submitSocial","container":"all","username":"arwin"}]
2017-07-19 05:09:17	[{"keyword":"ahok","from":"2017-07-17","mode":"submitSocial","container":"all","username":"arwin"}]
2017-07-19 05:09:22	[{"keyword":"prabowo","from":"2017-07-17","mode":"submitSocial","container":"all","username":"arwin"}]
2017-07-19 05:09:24	[{"keyword":"sudirman said","from":"2017-07-17","mode":"submitSocial","container":"all","username":"arwin"}]
2017-07-19 05:09:26	[{"keyword":"setyanovanto","from":"2017-07-17","mode":"submitSocial","container":"all","username":"arwin"}]
2017-07-19 05:09:31	[{"keyword":"galau","from":"2017-07-17","mode":"submitSocial","container":"all","username":"arwin"}]
2017-07-19 05:09:33	[{"keyword":"#prestasiindonesia","from":"2017-07-17","mode":"submitSocial","container":"all","username":"arwin"}]
2017-07-19 05:09:35	[{"keyword":"@tw_debi","from":"2017-07-17","mode":"submitSocial","container":"all","username":"arwin"}]
2017-07-19 05:09:37	[{"keyword":"@officialfastron","from":"2017-07-17","mode":"submitSocial","container":"all","username":"arwin"}]
2017-07-19 05:09:40	[{"keyword":"@citibankid","from":"2017-07-17","mode":"submitSocial","container":"all","username":"arwin"}]
2017-07-19 05:09:42	[{"keyword":"@jak101fm","from":"2017-07-17","mode":"submitSocial","container":"all","username":"arwin"}]
2017-07-19 05:09:45	[{"keyword":"@genfm","from":"2017-07-17","mode":"submitSocial","container":"all","username":"arwin"}]
2017-07-19 10:52:40	[{"keyword":"mudik from solo","from":"2017-06-21","mode":"submitAdvanced","container":"all","username":"tommy5D"},{"keyword":"mudik from solo","from":"2017-06-22","mode":"submitAdvanced","container":"all","username":"tommy5D"},{"keyword":"mudik from solo","from":"2017-06-23","mode":"submitAdvanced","container":"all","username":"tommy5D"},{"keyword":"mudik from solo","from":"2017-06-24","mode":"submitAdvanced","container":"all","username":"tommy5D"},{"keyword":"mudik from solo","from":"2017-06-25","mode":"submitAdvanced","container":"all","username":"tommy5D"},{"keyword":"mudik from solo","from":"2017-06-26","mode":"submitAdvanced","container":"all","username":"tommy5D"},{"keyword":"mudik from solo","from":"2017-06-27","mode":"submitAdvanced","container":"all","username":"tommy5D"},{"keyword":"mudik from solo","from":"2017-06-28","mode":"submitAdvanced","container":"all","username":"tommy5D"},{"keyword":"mudik from solo","from":"2017-06-29","mode":"submitAdvanced","container":"all","username":"tommy5D"},{"keyword":"mudik from solo","from":"2017-06-30","mode":"submitAdvanced","container":"all","username":"tommy5D"},{"keyword":"mudik from solo","from":"2017-07-01","mode":"submitAdvanced","container":"all","username":"tommy5D"},{"keyword":"mudik from solo","from":"2017-07-02","mode":"submitAdvanced","container":"all","username":"tommy5D"},{"keyword":"mudik from solo","from":"2017-07-03","mode":"submitAdvanced","container":"all","username":"tommy5D"},{"keyword":"mudik from solo","from":"2017-07-04","mode":"submitAdvanced","container":"all","username":"tommy5D"},{"keyword":"mudik from solo","from":"2017-07-05","mode":"submitAdvanced","container":"all","username":"tommy5D"},{"keyword":"mudik from solo","from":"2017-07-06","mode":"submitAdvanced","container":"all","username":"tommy5D"},{"keyword":"mudik from solo","from":"2017-07-07","mode":"submitAdvanced","container":"all","username":"tommy5D"},{"keyword":"mudik from solo","from":"2017-07-08","mode":"submitAdvanced","container":"all","username":"tommy5D"},{"keyword":"mudik from solo","from":"2017-07-09","mode":"submitAdvanced","container":"all","username":"tommy5D"},{"keyword":"mudik from solo","from":"2017-07-10","mode":"submitAdvanced","container":"all","username":"tommy5D"},{"keyword":"mudik from solo","from":"2017-07-11","mode":"submitAdvanced","container":"all","username":"tommy5D"},{"keyword":"mudik from solo","from":"2017-07-12","mode":"submitAdvanced","container":"all","username":"tommy5D"},{"keyword":"mudik from solo","from":"2017-07-13","mode":"submitAdvanced","container":"all","username":"tommy5D"},{"keyword":"mudik from solo","from":"2017-07-14","mode":"submitAdvanced","container":"all","username":"tommy5D"},{"keyword":"mudik from solo","from":"2017-07-15","mode":"submitAdvanced","container":"all","username":"tommy5D"},{"keyword":"mudik from solo","from":"2017-07-16","mode":"submitAdvanced","container":"all","username":"tommy5D"},{"keyword":"mudik from solo","from":"2017-07-17","mode":"submitAdvanced","container":"all","username":"tommy5D"},{"keyword":"mudik from solo","from":"2017-07-18","mode":"submitAdvanced","container":"all","username":"tommy5D"}]
2017-07-19 10:53:56	[{"keyword":"mudik from jogjakarta","from":"2017-06-21","mode":"submitAdvanced","container":"all","username":"tommy5D"},{"keyword":"mudik from jogjakarta","from":"2017-06-22","mode":"submitAdvanced","container":"all","username":"tommy5D"},{"keyword":"mudik from jogjakarta","from":"2017-06-23","mode":"submitAdvanced","container":"all","username":"tommy5D"},{"keyword":"mudik from jogjakarta","from":"2017-06-24","mode":"submitAdvanced","container":"all","username":"tommy5D"},{"keyword":"mudik from jogjakarta","from":"2017-06-25","mode":"submitAdvanced","container":"all","username":"tommy5D"},{"keyword":"mudik from jogjakarta","from":"2017-06-26","mode":"submitAdvanced","container":"all","username":"tommy5D"},{"keyword":"mudik from jogjakarta","from":"2017-06-27","mode":"submitAdvanced","container":"all","username":"tommy5D"},{"keyword":"mudik from jogjakarta","from":"2017-06-28","mode":"submitAdvanced","container":"all","username":"tommy5D"},{"keyword":"mudik from jogjakarta","from":"2017-06-29","mode":"submitAdvanced","container":"all","username":"tommy5D"},{"keyword":"mudik from jogjakarta","from":"2017-06-30","mode":"submitAdvanced","container":"all","username":"tommy5D"},{"keyword":"mudik from jogjakarta","from":"2017-07-01","mode":"submitAdvanced","container":"all","username":"tommy5D"},{"keyword":"mudik from jogjakarta","from":"2017-07-02","mode":"submitAdvanced","container":"all","username":"tommy5D"},{"keyword":"mudik from jogjakarta","from":"2017-07-03","mode":"submitAdvanced","container":"all","username":"tommy5D"},{"keyword":"mudik from jogjakarta","from":"2017-07-04","mode":"submitAdvanced","container":"all","username":"tommy5D"},{"keyword":"mudik from jogjakarta","from":"2017-07-05","mode":"submitAdvanced","container":"all","username":"tommy5D"},{"keyword":"mudik from jogjakarta","from":"2017-07-06","mode":"submitAdvanced","container":"all","username":"tommy5D"},{"keyword":"mudik from jogjakarta","from":"2017-07-07","mode":"submitAdvanced","container":"all","username":"tommy5D"},{"keyword":"mudik from jogjakarta","from":"2017-07-08","mode":"submitAdvanced","container":"all","username":"tommy5D"},{"keyword":"mudik from jogjakarta","from":"2017-07-09","mode":"submitAdvanced","container":"all","username":"tommy5D"},{"keyword":"mudik from jogjakarta","from":"2017-07-10","mode":"submitAdvanced","container":"all","username":"tommy5D"},{"keyword":"mudik from jogjakarta","from":"2017-07-11","mode":"submitAdvanced","container":"all","username":"tommy5D"},{"keyword":"mudik from jogjakarta","from":"2017-07-12","mode":"submitAdvanced","container":"all","username":"tommy5D"},{"keyword":"mudik from jogjakarta","from":"2017-07-13","mode":"submitAdvanced","container":"all","username":"tommy5D"},{"keyword":"mudik from jogjakarta","from":"2017-07-14","mode":"submitAdvanced","container":"all","username":"tommy5D"},{"keyword":"mudik from jogjakarta","from":"2017-07-15","mode":"submitAdvanced","container":"all","username":"tommy5D"},{"keyword":"mudik from jogjakarta","from":"2017-07-16","mode":"submitAdvanced","container":"all","username":"tommy5D"},{"keyword":"mudik from jogjakarta","from":"2017-07-17","mode":"submitAdvanced","container":"all","username":"tommy5D"},{"keyword":"mudik from jogjakarta","from":"2017-07-18","mode":"submitAdvanced","container":"all","username":"tommy5D"}]
2017-07-19 10:55:17	[{"keyword":"mudik from bandung","from":"2017-06-21","mode":"submitAdvanced","container":"all","username":"tommy5D"},{"keyword":"mudik from bandung","from":"2017-06-22","mode":"submitAdvanced","container":"all","username":"tommy5D"},{"keyword":"mudik from bandung","from":"2017-06-23","mode":"submitAdvanced","container":"all","username":"tommy5D"},{"keyword":"mudik from bandung","from":"2017-06-24","mode":"submitAdvanced","container":"all","username":"tommy5D"},{"keyword":"mudik from bandung","from":"2017-06-25","mode":"submitAdvanced","container":"all","username":"tommy5D"},{"keyword":"mudik from bandung","from":"2017-06-26","mode":"submitAdvanced","container":"all","username":"tommy5D"},{"keyword":"mudik from bandung","from":"2017-06-27","mode":"submitAdvanced","container":"all","username":"tommy5D"},{"keyword":"mudik from bandung","from":"2017-06-28","mode":"submitAdvanced","container":"all","username":"tommy5D"},{"keyword":"mudik from bandung","from":"2017-06-29","mode":"submitAdvanced","container":"all","username":"tommy5D"},{"keyword":"mudik from bandung","from":"2017-06-30","mode":"submitAdvanced","container":"all","username":"tommy5D"},{"keyword":"mudik from bandung","from":"2017-07-01","mode":"submitAdvanced","container":"all","username":"tommy5D"},{"keyword":"mudik from bandung","from":"2017-07-02","mode":"submitAdvanced","container":"all","username":"tommy5D"},{"keyword":"mudik from bandung","from":"2017-07-03","mode":"submitAdvanced","container":"all","username":"tommy5D"},{"keyword":"mudik from bandung","from":"2017-07-04","mode":"submitAdvanced","container":"all","username":"tommy5D"},{"keyword":"mudik from bandung","from":"2017-07-05","mode":"submitAdvanced","container":"all","username":"tommy5D"},{"keyword":"mudik from bandung","from":"2017-07-06","mode":"submitAdvanced","container":"all","username":"tommy5D"},{"keyword":"mudik from bandung","from":"2017-07-07","mode":"submitAdvanced","container":"all","username":"tommy5D"},{"keyword":"mudik from bandung","from":"2017-07-08","mode":"submitAdvanced","container":"all","username":"tommy5D"},{"keyword":"mudik from bandung","from":"2017-07-09","mode":"submitAdvanced","container":"all","username":"tommy5D"},{"keyword":"mudik from bandung","from":"2017-07-10","mode":"submitAdvanced","container":"all","username":"tommy5D"},{"keyword":"mudik from bandung","from":"2017-07-11","mode":"submitAdvanced","container":"all","username":"tommy5D"},{"keyword":"mudik from bandung","from":"2017-07-12","mode":"submitAdvanced","container":"all","username":"tommy5D"},{"keyword":"mudik from bandung","from":"2017-07-13","mode":"submitAdvanced","container":"all","username":"tommy5D"},{"keyword":"mudik from bandung","from":"2017-07-14","mode":"submitAdvanced","container":"all","username":"tommy5D"},{"keyword":"mudik from bandung","from":"2017-07-15","mode":"submitAdvanced","container":"all","username":"tommy5D"},{"keyword":"mudik from bandung","from":"2017-07-16","mode":"submitAdvanced","container":"all","username":"tommy5D"},{"keyword":"mudik from bandung","from":"2017-07-17","mode":"submitAdvanced","container":"all","username":"tommy5D"},{"keyword":"mudik from bandung","from":"2017-07-18","mode":"submitAdvanced","container":"all","username":"tommy5D"}]
2017-07-19 10:56:35	[{"keyword":"mudik from surabaya","from":"2017-06-21","mode":"submitAdvanced","container":"all","username":"tommy5D"},{"keyword":"mudik from surabaya","from":"2017-06-22","mode":"submitAdvanced","container":"all","username":"tommy5D"},{"keyword":"mudik from surabaya","from":"2017-06-23","mode":"submitAdvanced","container":"all","username":"tommy5D"},{"keyword":"mudik from surabaya","from":"2017-06-24","mode":"submitAdvanced","container":"all","username":"tommy5D"},{"keyword":"mudik from surabaya","from":"2017-06-25","mode":"submitAdvanced","container":"all","username":"tommy5D"},{"keyword":"mudik from surabaya","from":"2017-06-26","mode":"submitAdvanced","container":"all","username":"tommy5D"},{"keyword":"mudik from surabaya","from":"2017-06-27","mode":"submitAdvanced","container":"all","username":"tommy5D"},{"keyword":"mudik from surabaya","from":"2017-06-28","mode":"submitAdvanced","container":"all","username":"tommy5D"},{"keyword":"mudik from surabaya","from":"2017-06-29","mode":"submitAdvanced","container":"all","username":"tommy5D"},{"keyword":"mudik from surabaya","from":"2017-06-30","mode":"submitAdvanced","container":"all","username":"tommy5D"},{"keyword":"mudik from surabaya","from":"2017-07-01","mode":"submitAdvanced","container":"all","username":"tommy5D"},{"keyword":"mudik from surabaya","from":"2017-07-02","mode":"submitAdvanced","container":"all","username":"tommy5D"},{"keyword":"mudik from surabaya","from":"2017-07-03","mode":"submitAdvanced","container":"all","username":"tommy5D"},{"keyword":"mudik from surabaya","from":"2017-07-04","mode":"submitAdvanced","container":"all","username":"tommy5D"},{"keyword":"mudik from surabaya","from":"2017-07-05","mode":"submitAdvanced","container":"all","username":"tommy5D"},{"keyword":"mudik from surabaya","from":"2017-07-06","mode":"submitAdvanced","container":"all","username":"tommy5D"},{"keyword":"mudik from surabaya","from":"2017-07-07","mode":"submitAdvanced","container":"all","username":"tommy5D"},{"keyword":"mudik from surabaya","from":"2017-07-08","mode":"submitAdvanced","container":"all","username":"tommy5D"},{"keyword":"mudik from surabaya","from":"2017-07-09","mode":"submitAdvanced","container":"all","username":"tommy5D"},{"keyword":"mudik from surabaya","from":"2017-07-10","mode":"submitAdvanced","container":"all","username":"tommy5D"},{"keyword":"mudik from surabaya","from":"2017-07-11","mode":"submitAdvanced","container":"all","username":"tommy5D"},{"keyword":"mudik from surabaya","from":"2017-07-12","mode":"submitAdvanced","container":"all","username":"tommy5D"},{"keyword":"mudik from surabaya","from":"2017-07-13","mode":"submitAdvanced","container":"all","username":"tommy5D"},{"keyword":"mudik from surabaya","from":"2017-07-14","mode":"submitAdvanced","container":"all","username":"tommy5D"},{"keyword":"mudik from surabaya","from":"2017-07-15","mode":"submitAdvanced","container":"all","username":"tommy5D"},{"keyword":"mudik from surabaya","from":"2017-07-16","mode":"submitAdvanced","container":"all","username":"tommy5D"},{"keyword":"mudik from surabaya","from":"2017-07-17","mode":"submitAdvanced","container":"all","username":"tommy5D"},{"keyword":"mudik from surabaya","from":"2017-07-18","mode":"submitAdvanced","container":"all","username":"tommy5D"}]
2017-07-19 10:57:52	[{"keyword":"mudik from semarang","from":"2017-06-21","mode":"submitAdvanced","container":"all","username":"tommy5D"},{"keyword":"mudik from semarang","from":"2017-06-22","mode":"submitAdvanced","container":"all","username":"tommy5D"},{"keyword":"mudik from semarang","from":"2017-06-23","mode":"submitAdvanced","container":"all","username":"tommy5D"},{"keyword":"mudik from semarang","from":"2017-06-24","mode":"submitAdvanced","container":"all","username":"tommy5D"},{"keyword":"mudik from semarang","from":"2017-06-25","mode":"submitAdvanced","container":"all","username":"tommy5D"},{"keyword":"mudik from semarang","from":"2017-06-26","mode":"submitAdvanced","container":"all","username":"tommy5D"},{"keyword":"mudik from semarang","from":"2017-06-27","mode":"submitAdvanced","container":"all","username":"tommy5D"},{"keyword":"mudik from semarang","from":"2017-06-28","mode":"submitAdvanced","container":"all","username":"tommy5D"},{"keyword":"mudik from semarang","from":"2017-06-29","mode":"submitAdvanced","container":"all","username":"tommy5D"},{"keyword":"mudik from semarang","from":"2017-06-30","mode":"submitAdvanced","container":"all","username":"tommy5D"},{"keyword":"mudik from semarang","from":"2017-07-01","mode":"submitAdvanced","container":"all","username":"tommy5D"},{"keyword":"mudik from semarang","from":"2017-07-02","mode":"submitAdvanced","container":"all","username":"tommy5D"},{"keyword":"mudik from semarang","from":"2017-07-03","mode":"submitAdvanced","container":"all","username":"tommy5D"},{"keyword":"mudik from semarang","from":"2017-07-04","mode":"submitAdvanced","container":"all","username":"tommy5D"},{"keyword":"mudik from semarang","from":"2017-07-05","mode":"submitAdvanced","container":"all","username":"tommy5D"},{"keyword":"mudik from semarang","from":"2017-07-06","mode":"submitAdvanced","container":"all","username":"tommy5D"},{"keyword":"mudik from semarang","from":"2017-07-07","mode":"submitAdvanced","container":"all","username":"tommy5D"},{"keyword":"mudik from semarang","from":"2017-07-08","mode":"submitAdvanced","container":"all","username":"tommy5D"},{"keyword":"mudik from semarang","from":"2017-07-09","mode":"submitAdvanced","container":"all","username":"tommy5D"},{"keyword":"mudik from semarang","from":"2017-07-10","mode":"submitAdvanced","container":"all","username":"tommy5D"},{"keyword":"mudik from semarang","from":"2017-07-11","mode":"submitAdvanced","container":"all","username":"tommy5D"},{"keyword":"mudik from semarang","from":"2017-07-12","mode":"submitAdvanced","container":"all","username":"tommy5D"},{"keyword":"mudik from semarang","from":"2017-07-13","mode":"submitAdvanced","container":"all","username":"tommy5D"},{"keyword":"mudik from semarang","from":"2017-07-14","mode":"submitAdvanced","container":"all","username":"tommy5D"},{"keyword":"mudik from semarang","from":"2017-07-15","mode":"submitAdvanced","container":"all","username":"tommy5D"},{"keyword":"mudik from semarang","from":"2017-07-16","mode":"submitAdvanced","container":"all","username":"tommy5D"},{"keyword":"mudik from semarang","from":"2017-07-17","mode":"submitAdvanced","container":"all","username":"tommy5D"},{"keyword":"mudik from semarang","from":"2017-07-18","mode":"submitAdvanced","container":"all","username":"tommy5D"}]
2017-07-19 11:48:43	[{"keyword":"mudik from yogya","from":"2017-06-21","mode":"submitAdvanced","container":"all","username":"tommy5D"},{"keyword":"mudik from yogya","from":"2017-06-22","mode":"submitAdvanced","container":"all","username":"tommy5D"},{"keyword":"mudik from yogya","from":"2017-06-23","mode":"submitAdvanced","container":"all","username":"tommy5D"},{"keyword":"mudik from yogya","from":"2017-06-24","mode":"submitAdvanced","container":"all","username":"tommy5D"},{"keyword":"mudik from yogya","from":"2017-06-25","mode":"submitAdvanced","container":"all","username":"tommy5D"},{"keyword":"mudik from yogya","from":"2017-06-26","mode":"submitAdvanced","container":"all","username":"tommy5D"},{"keyword":"mudik from yogya","from":"2017-06-27","mode":"submitAdvanced","container":"all","username":"tommy5D"},{"keyword":"mudik from yogya","from":"2017-06-28","mode":"submitAdvanced","container":"all","username":"tommy5D"},{"keyword":"mudik from yogya","from":"2017-06-29","mode":"submitAdvanced","container":"all","username":"tommy5D"},{"keyword":"mudik from yogya","from":"2017-06-30","mode":"submitAdvanced","container":"all","username":"tommy5D"},{"keyword":"mudik from yogya","from":"2017-07-01","mode":"submitAdvanced","container":"all","username":"tommy5D"},{"keyword":"mudik from yogya","from":"2017-07-02","mode":"submitAdvanced","container":"all","username":"tommy5D"},{"keyword":"mudik from yogya","from":"2017-07-03","mode":"submitAdvanced","container":"all","username":"tommy5D"},{"keyword":"mudik from yogya","from":"2017-07-04","mode":"submitAdvanced","container":"all","username":"tommy5D"},{"keyword":"mudik from yogya","from":"2017-07-05","mode":"submitAdvanced","container":"all","username":"tommy5D"},{"keyword":"mudik from yogya","from":"2017-07-06","mode":"submitAdvanced","container":"all","username":"tommy5D"},{"keyword":"mudik from yogya","from":"2017-07-07","mode":"submitAdvanced","container":"all","username":"tommy5D"},{"keyword":"mudik from yogya","from":"2017-07-08","mode":"submitAdvanced","container":"all","username":"tommy5D"},{"keyword":"mudik from yogya","from":"2017-07-09","mode":"submitAdvanced","container":"all","username":"tommy5D"},{"keyword":"mudik from yogya","from":"2017-07-10","mode":"submitAdvanced","container":"all","username":"tommy5D"},{"keyword":"mudik from yogya","from":"2017-07-11","mode":"submitAdvanced","container":"all","username":"tommy5D"},{"keyword":"mudik from yogya","from":"2017-07-12","mode":"submitAdvanced","container":"all","username":"tommy5D"},{"keyword":"mudik from yogya","from":"2017-07-13","mode":"submitAdvanced","container":"all","username":"tommy5D"},{"keyword":"mudik from yogya","from":"2017-07-14","mode":"submitAdvanced","container":"all","username":"tommy5D"},{"keyword":"mudik from yogya","from":"2017-07-15","mode":"submitAdvanced","container":"all","username":"tommy5D"},{"keyword":"mudik from yogya","from":"2017-07-16","mode":"submitAdvanced","container":"all","username":"tommy5D"},{"keyword":"mudik from yogya","from":"2017-07-17","mode":"submitAdvanced","container":"all","username":"tommy5D"},{"keyword":"mudik from yogya","from":"2017-07-18","mode":"submitAdvanced","container":"all","username":"tommy5D"}]
2017-07-19 11:50:05	[{"keyword":"mudik from yogyakarta","from":"2017-06-19","mode":"submitAdvanced","container":"all","username":"tommy5D"},{"keyword":"mudik from yogyakarta","from":"2017-06-20","mode":"submitAdvanced","container":"all","username":"tommy5D"},{"keyword":"mudik from yogyakarta","from":"2017-06-21","mode":"submitAdvanced","container":"all","username":"tommy5D"},{"keyword":"mudik from yogyakarta","from":"2017-06-22","mode":"submitAdvanced","container":"all","username":"tommy5D"},{"keyword":"mudik from yogyakarta","from":"2017-06-23","mode":"submitAdvanced","container":"all","username":"tommy5D"},{"keyword":"mudik from yogyakarta","from":"2017-06-24","mode":"submitAdvanced","container":"all","username":"tommy5D"},{"keyword":"mudik from yogyakarta","from":"2017-06-25","mode":"submitAdvanced","container":"all","username":"tommy5D"},{"keyword":"mudik from yogyakarta","from":"2017-06-26","mode":"submitAdvanced","container":"all","username":"tommy5D"},{"keyword":"mudik from yogyakarta","from":"2017-06-27","mode":"submitAdvanced","container":"all","username":"tommy5D"},{"keyword":"mudik from yogyakarta","from":"2017-06-28","mode":"submitAdvanced","container":"all","username":"tommy5D"},{"keyword":"mudik from yogyakarta","from":"2017-06-29","mode":"submitAdvanced","container":"all","username":"tommy5D"},{"keyword":"mudik from yogyakarta","from":"2017-06-30","mode":"submitAdvanced","container":"all","username":"tommy5D"},{"keyword":"mudik from yogyakarta","from":"2017-07-01","mode":"submitAdvanced","container":"all","username":"tommy5D"},{"keyword":"mudik from yogyakarta","from":"2017-07-02","mode":"submitAdvanced","container":"all","username":"tommy5D"},{"keyword":"mudik from yogyakarta","from":"2017-07-03","mode":"submitAdvanced","container":"all","username":"tommy5D"},{"keyword":"mudik from yogyakarta","from":"2017-07-04","mode":"submitAdvanced","container":"all","username":"tommy5D"},{"keyword":"mudik from yogyakarta","from":"2017-07-05","mode":"submitAdvanced","container":"all","username":"tommy5D"},{"keyword":"mudik from yogyakarta","from":"2017-07-06","mode":"submitAdvanced","container":"all","username":"tommy5D"},{"keyword":"mudik from yogyakarta","from":"2017-07-07","mode":"submitAdvanced","container":"all","username":"tommy5D"},{"keyword":"mudik from yogyakarta","from":"2017-07-08","mode":"submitAdvanced","container":"all","username":"tommy5D"},{"keyword":"mudik from yogyakarta","from":"2017-07-09","mode":"submitAdvanced","container":"all","username":"tommy5D"},{"keyword":"mudik from yogyakarta","from":"2017-07-10","mode":"submitAdvanced","container":"all","username":"tommy5D"},{"keyword":"mudik from yogyakarta","from":"2017-07-11","mode":"submitAdvanced","container":"all","username":"tommy5D"},{"keyword":"mudik from yogyakarta","from":"2017-07-12","mode":"submitAdvanced","container":"all","username":"tommy5D"},{"keyword":"mudik from yogyakarta","from":"2017-07-13","mode":"submitAdvanced","container":"all","username":"tommy5D"},{"keyword":"mudik from yogyakarta","from":"2017-07-14","mode":"submitAdvanced","container":"all","username":"tommy5D"},{"keyword":"mudik from yogyakarta","from":"2017-07-15","mode":"submitAdvanced","container":"all","username":"tommy5D"},{"keyword":"mudik from yogyakarta","from":"2017-07-16","mode":"submitAdvanced","container":"all","username":"tommy5D"},{"keyword":"mudik from yogyakarta","from":"2017-07-17","mode":"submitAdvanced","container":"all","username":"tommy5D"},{"keyword":"mudik from yogyakarta","from":"2017-07-18","mode":"submitAdvanced","container":"all","username":"tommy5D"}]
2017-07-19 11:54:58	[{"keyword":"mudik from jogja","from":"2017-06-21","mode":"submitAdvanced","container":"all","username":"tommy5D"},{"keyword":"mudik from jogja","from":"2017-06-22","mode":"submitAdvanced","container":"all","username":"tommy5D"},{"keyword":"mudik from jogja","from":"2017-06-23","mode":"submitAdvanced","container":"all","username":"tommy5D"},{"keyword":"mudik from jogja","from":"2017-06-24","mode":"submitAdvanced","container":"all","username":"tommy5D"},{"keyword":"mudik from jogja","from":"2017-06-25","mode":"submitAdvanced","container":"all","username":"tommy5D"},{"keyword":"mudik from jogja","from":"2017-06-26","mode":"submitAdvanced","container":"all","username":"tommy5D"},{"keyword":"mudik from jogja","from":"2017-06-27","mode":"submitAdvanced","container":"all","username":"tommy5D"},{"keyword":"mudik from jogja","from":"2017-06-28","mode":"submitAdvanced","container":"all","username":"tommy5D"},{"keyword":"mudik from jogja","from":"2017-06-29","mode":"submitAdvanced","container":"all","username":"tommy5D"},{"keyword":"mudik from jogja","from":"2017-06-30","mode":"submitAdvanced","container":"all","username":"tommy5D"},{"keyword":"mudik from jogja","from":"2017-07-01","mode":"submitAdvanced","container":"all","username":"tommy5D"},{"keyword":"mudik from jogja","from":"2017-07-02","mode":"submitAdvanced","container":"all","username":"tommy5D"},{"keyword":"mudik from jogja","from":"2017-07-03","mode":"submitAdvanced","container":"all","username":"tommy5D"},{"keyword":"mudik from jogja","from":"2017-07-04","mode":"submitAdvanced","container":"all","username":"tommy5D"},{"keyword":"mudik from jogja","from":"2017-07-05","mode":"submitAdvanced","container":"all","username":"tommy5D"},{"keyword":"mudik from jogja","from":"2017-07-06","mode":"submitAdvanced","container":"all","username":"tommy5D"},{"keyword":"mudik from jogja","from":"2017-07-07","mode":"submitAdvanced","container":"all","username":"tommy5D"},{"keyword":"mudik from jogja","from":"2017-07-08","mode":"submitAdvanced","container":"all","username":"tommy5D"},{"keyword":"mudik from jogja","from":"2017-07-09","mode":"submitAdvanced","container":"all","username":"tommy5D"},{"keyword":"mudik from jogja","from":"2017-07-10","mode":"submitAdvanced","container":"all","username":"tommy5D"},{"keyword":"mudik from jogja","from":"2017-07-11","mode":"submitAdvanced","container":"all","username":"tommy5D"},{"keyword":"mudik from jogja","from":"2017-07-12","mode":"submitAdvanced","container":"all","username":"tommy5D"},{"keyword":"mudik from jogja","from":"2017-07-13","mode":"submitAdvanced","container":"all","username":"tommy5D"},{"keyword":"mudik from jogja","from":"2017-07-14","mode":"submitAdvanced","container":"all","username":"tommy5D"},{"keyword":"mudik from jogja","from":"2017-07-15","mode":"submitAdvanced","container":"all","username":"tommy5D"},{"keyword":"mudik from jogja","from":"2017-07-16","mode":"submitAdvanced","container":"all","username":"tommy5D"},{"keyword":"mudik from jogja","from":"2017-07-17","mode":"submitAdvanced","container":"all","username":"tommy5D"},{"keyword":"mudik from jogja","from":"2017-07-18","mode":"submitAdvanced","container":"all","username":"tommy5D"}]
