2017-04-17 05:00:17	[{"keyword":"@987genfm","from":"2017-04-15","mode":"submitSocial","container":"all","username":"arwin"}]
2017-04-17 05:00:33	[{"keyword":"@101jakfm","from":"2017-04-15","mode":"submitSocial","container":"all","username":"arwin"}]
2017-04-17 05:00:48	[{"keyword":"@prambors","from":"2017-04-15","mode":"submitSocial","container":"all","username":"arwin"}]
2017-04-17 05:01:03	[{"keyword":"@hardrockfm","from":"2017-04-15","mode":"submitSocial","container":"all","username":"arwin"}]
2017-04-17 05:01:18	[{"keyword":"@kisfmjakarta","from":"2017-04-15","mode":"submitSocial","container":"all","username":"arwin"}]
2017-04-17 05:01:32	[{"keyword":"@delta_fm","from":"2017-04-15","mode":"submitSocial","container":"all","username":"arwin"}]
2017-04-17 05:01:46	[{"keyword":"@traxfmjkt","from":"2017-04-15","mode":"submitSocial","container":"all","username":"arwin"}]
2017-04-17 05:02:00	[{"keyword":"@iradiojakarta","from":"2017-04-15","mode":"submitSocial","container":"all","username":"arwin"}]
2017-04-17 05:02:14	[{"keyword":"@indika9160fm","from":"2017-04-15","mode":"submitSocial","container":"all","username":"arwin"}]
2017-04-17 05:02:29	[{"keyword":"@shellindonesia","from":"2017-04-15","mode":"submitSocial","container":"all","username":"arwin"}]
2017-04-17 05:02:44	[{"keyword":"@vpowerfans","from":"2017-04-15","mode":"submitSocial","container":"all","username":"arwin"}]
2017-04-17 05:02:58	[{"keyword":"@pertamaxind","from":"2017-04-15","mode":"submitSocial","container":"all","username":"arwin"}]
2017-04-17 05:03:13	[{"keyword":"@ptpertamina","from":"2017-04-15","mode":"submitSocial","container":"all","username":"arwin"}]
2017-04-17 05:03:27	[{"keyword":"@ozradiojakarta","from":"2017-04-15","mode":"submitSocial","container":"all","username":"arwin"}]
2017-04-17 05:03:41	[{"keyword":"@cosmopolitanfm","from":"2017-04-15","mode":"submitSocial","container":"all","username":"arwin"}]
2017-04-17 05:03:55	[{"keyword":"@mustang88fm","from":"2017-04-15","mode":"submitSocial","container":"all","username":"arwin"}]
2017-04-17 05:04:09	[{"keyword":"@debabaz","from":"2017-04-15","mode":"submitSocial","container":"all","username":"arwin"}]
2017-04-17 05:04:27	[{"keyword":"@detikcom","from":"2017-04-15","mode":"submitSocial","container":"all","username":"arwin"}]
2017-04-17 05:04:41	[{"keyword":"@radioelshinta","from":"2017-04-15","mode":"submitSocial","container":"all","username":"arwin"}]
2017-04-17 05:04:43	[{"keyword":"2017-04-15 - 2017-04-15","from":"submitSocial","mode":"all","container":"arwin","username":""}]
2017-04-17 05:04:56	[{"keyword":"@_radiotoday","from":"2017-04-15","mode":"submitSocial","container":"all","username":"arwin"}]
2017-04-17 05:05:12	[{"keyword":"@radioinfo","from":"2017-04-15","mode":"submitSocial","container":"all","username":"arwin"}]
2017-04-17 05:05:27	[{"keyword":"@979femaleradio","from":"2017-04-15","mode":"submitSocial","container":"all","username":"arwin"}]
2017-04-17 05:05:41	[{"keyword":"@womanradio943fm","from":"2017-04-15","mode":"submitSocial","container":"all","username":"arwin"}]
2017-04-17 05:05:55	[{"keyword":"@vradiofm","from":"2017-04-15","mode":"submitSocial","container":"all","username":"arwin"}]
2017-04-17 05:06:09	[{"keyword":"@ufm947","from":"2017-04-15","mode":"submitSocial","container":"all","username":"arwin"}]
2017-04-17 05:06:24	[{"keyword":"@vivanews","from":"2017-04-15","mode":"submitSocial","container":"all","username":"arwin"}]
2017-04-17 05:06:39	[{"keyword":"@antaranews","from":"2017-04-15","mode":"submitSocial","container":"all","username":"arwin"}]
2017-04-17 05:06:54	[{"keyword":"@tribunnews","from":"2017-04-15","mode":"submitSocial","container":"all","username":"arwin"}]
2017-04-17 05:07:09	[{"keyword":"@okezonenews","from":"2017-04-15","mode":"submitSocial","container":"all","username":"arwin"}]
2017-04-17 05:07:24	[{"keyword":"@beritasatu","from":"2017-04-15","mode":"submitSocial","container":"all","username":"arwin"}]
2017-04-17 05:07:38	[{"keyword":"@rollingstoneina","from":"2017-04-15","mode":"submitSocial","container":"all","username":"arwin"}]
2017-04-17 05:07:52	[{"keyword":"@fimeladotcom","from":"2017-04-15","mode":"submitSocial","container":"all","username":"arwin"}]
2017-04-17 05:08:07	[{"keyword":"@kapanlagicom","from":"2017-04-15","mode":"submitSocial","container":"all","username":"arwin"}]
2017-04-17 05:08:22	[{"keyword":"@kompasent","from":"2017-04-15","mode":"submitSocial","container":"all","username":"arwin"}]
2017-04-17 05:08:38	[{"keyword":"@haimagazine","from":"2017-04-15","mode":"submitSocial","container":"all","username":"arwin"}]
2017-04-17 05:08:52	[{"keyword":"@jakartavenue","from":"2017-04-15","mode":"submitSocial","container":"all","username":"arwin"}]
2017-04-17 05:09:07	[{"keyword":"@seputarevent","from":"2017-04-15","mode":"submitSocial","container":"all","username":"arwin"}]
2017-04-17 05:09:22	[{"keyword":"@ismayalive","from":"2017-04-15","mode":"submitSocial","container":"all","username":"arwin"}]
2017-04-17 05:09:37	[{"keyword":"@ecentertainment","from":"2017-04-15","mode":"submitSocial","container":"all","username":"arwin"}]
2017-04-17 05:09:51	[{"keyword":"@synergism_en","from":"2017-04-15","mode":"submitSocial","container":"all","username":"arwin"}]
2017-04-17 05:10:06	[{"keyword":"@urbanbandung","from":"2017-04-15","mode":"submitSocial","container":"all","username":"arwin"}]
2017-04-17 05:10:22	[{"keyword":"@urbanrkm995","from":"2017-04-15","mode":"submitSocial","container":"all","username":"arwin"}]
2017-04-17 05:10:37	[{"keyword":"@garuda_promo","from":"2017-04-15","mode":"submitSocial","container":"all","username":"arwin"}]
2017-04-17 05:10:51	[{"keyword":"@airasiaid","from":"2017-04-15","mode":"submitSocial","container":"all","username":"arwin"}]
2017-04-17 05:11:06	[{"keyword":"@kai121","from":"2017-04-15","mode":"submitSocial","container":"all","username":"arwin"}]
2017-04-17 05:11:21	[{"keyword":"@unilever","from":"2017-04-15","mode":"submitSocial","container":"all","username":"arwin"}]
2017-04-17 05:11:35	[{"keyword":"@nestle","from":"2017-04-15","mode":"submitSocial","container":"all","username":"arwin"}]
2017-04-17 05:11:50	[{"keyword":"@cocacola","from":"2017-04-15","mode":"submitSocial","container":"all","username":"arwin"}]
2017-04-17 05:12:09	[{"keyword":"@cnn","from":"2017-04-15","mode":"submitSocial","container":"all","username":"arwin"}]
2017-04-17 05:12:26	[{"keyword":"@mtv","from":"2017-04-15","mode":"submitSocial","container":"all","username":"arwin"}]
2017-04-17 05:12:40	[{"keyword":"@channelv","from":"2017-04-15","mode":"submitSocial","container":"all","username":"arwin"}]
2017-04-17 05:12:56	[{"keyword":"@itunesmusic","from":"2017-04-15","mode":"submitSocial","container":"all","username":"arwin"}]
2017-04-17 05:13:12	[{"keyword":"@mashable","from":"2017-04-15","mode":"submitSocial","container":"all","username":"arwin"}]
2017-04-17 05:13:26	[{"keyword":"@decacaz","from":"2017-04-15","mode":"submitSocial","container":"all","username":"arwin"}]
2017-04-17 05:13:40	[{"keyword":"@radiobaru967fm","from":"2017-04-15","mode":"submitSocial","container":"all","username":"arwin"}]
2017-04-17 05:13:54	[{"keyword":"@967hitzfm","from":"2017-04-15","mode":"submitSocial","container":"all","username":"arwin"}]
2017-04-17 05:14:09	[{"keyword":"@tvguide","from":"2017-04-15","mode":"submitSocial","container":"all","username":"arwin"}]
2017-04-17 05:14:25	[{"keyword":"@xl123","from":"2017-04-15","mode":"submitSocial","container":"all","username":"arwin"}]
2017-04-17 05:14:39	[{"keyword":"@triindonesia","from":"2017-04-15","mode":"submitSocial","container":"all","username":"arwin"}]
2017-04-17 05:14:54	[{"keyword":"@kaskus","from":"2017-04-15","mode":"submitSocial","container":"all","username":"arwin"}]
2017-04-17 05:15:09	[{"keyword":"@studio_xxi","from":"2017-04-15","mode":"submitSocial","container":"all","username":"arwin"}]
2017-04-17 05:15:24	[{"keyword":"@blitzmegaplex","from":"2017-04-15","mode":"submitSocial","container":"all","username":"arwin"}]
2017-04-17 05:15:39	[{"keyword":"@alfamartku","from":"2017-04-15","mode":"submitSocial","container":"all","username":"arwin"}]
2017-04-17 05:15:54	[{"keyword":"@carrefour_id","from":"2017-04-15","mode":"submitSocial","container":"all","username":"arwin"}]
2017-04-17 05:16:10	[{"keyword":"@bbcbreaking","from":"2017-04-15","mode":"submitSocial","container":"all","username":"arwin"}]
2017-04-17 05:16:28	[{"keyword":"@forbes","from":"2017-04-15","mode":"submitSocial","container":"all","username":"arwin"}]
2017-04-17 05:16:43	[{"keyword":"@bensradio","from":"2017-04-15","mode":"submitSocial","container":"all","username":"arwin"}]
2017-04-17 05:17:02	[{"keyword":"@instagram","from":"2017-04-15","mode":"submitSocial","container":"all","username":"arwin"}]
2017-04-17 05:17:17	[{"keyword":"@pinterest","from":"2017-04-15","mode":"submitSocial","container":"all","username":"arwin"}]
2017-04-17 05:17:35	[{"keyword":"@google","from":"2017-04-15","mode":"submitSocial","container":"all","username":"arwin"}]
2017-04-17 05:17:49	[{"keyword":"@pertaminalub","from":"2017-04-15","mode":"submitSocial","container":"all","username":"arwin"}]
2017-04-17 05:18:03	[{"keyword":"@infolalintol","from":"2017-04-15","mode":"submitSocial","container":"all","username":"arwin"}]
2017-04-17 05:18:18	[{"keyword":"@ptjasamarga","from":"2017-04-15","mode":"submitSocial","container":"all","username":"arwin"}]
2017-04-17 05:18:33	[{"keyword":"@cititransindo","from":"2017-04-15","mode":"submitSocial","container":"all","username":"arwin"}]
2017-04-17 05:18:46	[{"keyword":"#semangatpagisuperr","from":"2017-04-15","mode":"submitSocial","container":"all","username":"arwin"}]
2017-04-17 05:19:00	[{"keyword":"#genkuisinsideout","from":"2017-04-15","mode":"submitSocial","container":"all","username":"arwin"}]
2017-04-17 05:19:14	[{"keyword":"#semangatpagi","from":"2017-04-15","mode":"submitSocial","container":"all","username":"arwin"}]
2017-04-17 05:19:28	[{"keyword":"#dikamar","from":"2017-04-15","mode":"submitSocial","container":"all","username":"arwin"}]
2017-04-17 05:19:43	[{"keyword":"#kopaja","from":"2017-04-15","mode":"submitSocial","container":"all","username":"arwin"}]
2017-04-17 05:19:56	[{"keyword":"#generaksi8","from":"2017-04-15","mode":"submitSocial","container":"all","username":"arwin"}]
2017-04-17 05:20:12	[{"keyword":"#hitztsp","from":"2017-04-15","mode":"submitSocial","container":"all","username":"arwin"}]
2017-04-17 05:20:28	[{"keyword":"#np","from":"2017-04-15","mode":"submitSocial","container":"all","username":"arwin"}]
2017-04-17 05:20:42	[{"keyword":"#hitzlivestage","from":"2017-04-15","mode":"submitSocial","container":"all","username":"arwin"}]
2017-04-17 05:20:56	[{"keyword":"#thefreaks","from":"2017-04-15","mode":"submitSocial","container":"all","username":"arwin"}]
2017-04-17 05:21:10	[{"keyword":"#hitzsirkuspagi","from":"2017-04-15","mode":"submitSocial","container":"all","username":"arwin"}]
2017-04-17 05:21:24	[{"keyword":"#hitzathlon","from":"2017-04-15","mode":"submitSocial","container":"all","username":"arwin"}]
2017-04-17 05:21:38	[{"keyword":"#hitzzombie","from":"2017-04-15","mode":"submitSocial","container":"all","username":"arwin"}]
2017-04-17 05:21:52	[{"keyword":"#hitzkalong","from":"2017-04-15","mode":"submitSocial","container":"all","username":"arwin"}]
2017-04-17 05:22:07	[{"keyword":"#hitzbebas","from":"2017-04-15","mode":"submitSocial","container":"all","username":"arwin"}]
2017-04-17 05:22:22	[{"keyword":"#hitzhorehara","from":"2017-04-15","mode":"submitSocial","container":"all","username":"arwin"}]
2017-04-17 05:22:37	[{"keyword":"@zaloraid","from":"2017-04-15","mode":"submitSocial","container":"all","username":"arwin"}]
2017-04-17 05:22:51	[{"keyword":"@olx_indonesia","from":"2017-04-15","mode":"submitSocial","container":"all","username":"arwin"}]
2017-04-17 05:23:05	[{"keyword":"@lazadaid","from":"2017-04-15","mode":"submitSocial","container":"all","username":"arwin"}]
2017-04-17 05:23:19	[{"keyword":"@utrippers","from":"2017-04-15","mode":"submitSocial","container":"all","username":"arwin"}]
2017-04-17 05:23:34	[{"keyword":"@gogobot","from":"2017-04-15","mode":"submitSocial","container":"all","username":"arwin"}]
2017-04-17 05:23:48	[{"keyword":"@viatortravel","from":"2017-04-15","mode":"submitSocial","container":"all","username":"arwin"}]
2017-04-17 05:24:02	[{"keyword":"@alandakariza","from":"2017-04-15","mode":"submitSocial","container":"all","username":"arwin"}]
2017-04-17 05:24:16	[{"keyword":"@gagasmedia","from":"2017-04-15","mode":"submitSocial","container":"all","username":"arwin"}]
2017-04-17 05:24:32	[{"keyword":"@welovehonda","from":"2017-04-15","mode":"submitSocial","container":"all","username":"arwin"}]
2017-04-17 05:24:46	[{"keyword":"@suzukimotorid","from":"2017-04-15","mode":"submitSocial","container":"all","username":"arwin"}]
2017-04-17 05:25:00	[{"keyword":"@kawasakilovers","from":"2017-04-15","mode":"submitSocial","container":"all","username":"arwin"}]
2017-04-17 05:25:14	[{"keyword":"@yamahaindonesia","from":"2017-04-15","mode":"submitSocial","container":"all","username":"arwin"}]
2017-04-17 05:25:29	[{"keyword":"@tripanzee","from":"2017-04-15","mode":"submitSocial","container":"all","username":"arwin"}]
2017-04-17 05:25:43	[{"keyword":"@arnoldpoernomo","from":"2017-04-15","mode":"submitSocial","container":"all","username":"arwin"}]
2017-04-17 05:25:57	[{"keyword":"@nicsap","from":"2017-04-15","mode":"submitSocial","container":"all","username":"arwin"}]
2017-04-17 05:26:11	[{"keyword":"@tiket2","from":"2017-04-15","mode":"submitSocial","container":"all","username":"arwin"}]
2017-04-17 05:26:27	[{"keyword":"@traveloka","from":"2017-04-15","mode":"submitSocial","container":"all","username":"arwin"}]
2017-04-17 05:26:42	[{"keyword":"@wego","from":"2017-04-15","mode":"submitSocial","container":"all","username":"arwin"}]
2017-04-17 05:26:57	[{"keyword":"@agoda","from":"2017-04-15","mode":"submitSocial","container":"all","username":"arwin"}]
2017-04-17 05:27:11	[{"keyword":"#salahsambung","from":"2017-04-15","mode":"submitSocial","container":"all","username":"arwin"}]
2017-04-17 05:27:25	[{"keyword":"#tulalit","from":"2017-04-15","mode":"submitSocial","container":"all","username":"arwin"}]
2017-04-17 05:27:39	[{"keyword":"#pestageneraksi8","from":"2017-04-15","mode":"submitSocial","container":"all","username":"arwin"}]
2017-04-17 05:27:53	[{"keyword":"#ganaskustik","from":"2017-04-15","mode":"submitSocial","container":"all","username":"arwin"}]
2017-04-17 05:28:07	[{"keyword":"#lnhot20","from":"2017-04-15","mode":"submitSocial","container":"all","username":"arwin"}]
2017-04-17 05:28:22	[{"keyword":"@tripadvisor","from":"2017-04-15","mode":"submitSocial","container":"all","username":"arwin"}]
2017-04-17 05:28:41	[{"keyword":"@google","from":"2017-04-15","mode":"submitSocial","container":"all","username":"arwin"}]
2017-04-17 05:28:56	[{"keyword":"@telkomsel","from":"2017-04-15","mode":"submitSocial","container":"all","username":"arwin"}]
2017-04-17 05:29:11	[{"keyword":"@indosat","from":"2017-04-15","mode":"submitSocial","container":"all","username":"arwin"}]
2017-04-17 05:29:25	[{"keyword":"@bahanafmjkt","from":"2017-04-15","mode":"submitSocial","container":"all","username":"arwin"}]
2017-04-17 05:29:38	[{"keyword":"@sonorafm92","from":"2017-04-15","mode":"submitSocial","container":"all","username":"arwin"}]
2017-04-17 05:29:52	[{"keyword":"@litefm1058","from":"2017-04-15","mode":"submitSocial","container":"all","username":"arwin"}]
2017-04-17 05:30:07	[{"keyword":"@bravaradio","from":"2017-04-15","mode":"submitSocial","container":"all","username":"arwin"}]
2017-04-17 05:30:23	[{"keyword":"#dgitm","from":"2017-04-15","mode":"submitSocial","container":"all","username":"arwin"}]
2017-04-17 05:30:38	[{"keyword":"#hitsalaprambors","from":"2017-04-15","mode":"submitSocial","container":"all","username":"arwin"}]
2017-04-17 05:30:52	[{"keyword":"#reqprambors","from":"2017-04-15","mode":"submitSocial","container":"all","username":"arwin"}]
2017-04-17 05:31:06	[{"keyword":"#thedandees","from":"2017-04-15","mode":"submitSocial","container":"all","username":"arwin"}]
2017-04-17 05:31:20	[{"keyword":"#pramborsquiz","from":"2017-04-15","mode":"submitSocial","container":"all","username":"arwin"}]
2017-04-17 05:31:34	[{"keyword":"#jeliprambors","from":"2017-04-15","mode":"submitSocial","container":"all","username":"arwin"}]
2017-04-17 05:31:48	[{"keyword":"#jodohinprambors","from":"2017-04-15","mode":"submitSocial","container":"all","username":"arwin"}]
2017-04-17 05:32:03	[{"keyword":"#ubahdenganbicara","from":"2017-04-15","mode":"submitSocial","container":"all","username":"arwin"}]
2017-04-17 05:32:17	[{"keyword":"#pramborschat","from":"2017-04-15","mode":"submitSocial","container":"all","username":"arwin"}]
2017-04-17 05:32:33	[{"keyword":"#tweetforduit","from":"2017-04-15","mode":"submitSocial","container":"all","username":"arwin"}]
2017-04-17 05:32:46	[{"keyword":"#joki3in1","from":"2017-04-15","mode":"submitSocial","container":"all","username":"arwin"}]
2017-04-17 05:33:00	[{"keyword":"#sarapanseru","from":"2017-04-15","mode":"submitSocial","container":"all","username":"arwin"}]
2017-04-17 05:33:14	[{"keyword":"#rawonkaneloop","from":"2017-04-15","mode":"submitSocial","container":"all","username":"arwin"}]
2017-04-17 05:33:28	[{"keyword":"#gudegkendilkeraton","from":"2017-04-15","mode":"submitSocial","container":"all","username":"arwin"}]
2017-04-17 05:33:42	[{"keyword":"#gadogadobutika","from":"2017-04-15","mode":"submitSocial","container":"all","username":"arwin"}]
2017-04-17 05:33:57	[{"keyword":"#mtvhottest","from":"2017-04-15","mode":"submitSocial","container":"all","username":"arwin"}]
2017-04-17 05:34:11	[{"keyword":"#dimsumcjdw","from":"2017-04-15","mode":"submitSocial","container":"all","username":"arwin"}]
2017-04-17 05:34:25	[{"keyword":"#pecelmadiunmbakniek","from":"2017-04-15","mode":"submitSocial","container":"all","username":"arwin"}]
2017-04-17 05:34:40	[{"keyword":"#depotarema","from":"2017-04-15","mode":"submitSocial","container":"all","username":"arwin"}]
2017-04-17 05:34:54	[{"keyword":"@bni46","from":"2017-04-15","mode":"submitSocial","container":"all","username":"arwin"}]
2017-04-17 05:35:09	[{"keyword":"@bankbri_id","from":"2017-04-15","mode":"submitSocial","container":"all","username":"arwin"}]
2017-04-17 05:35:23	[{"keyword":"#bni46","from":"2017-04-15","mode":"submitSocial","container":"all","username":"arwin"}]
2017-04-17 05:35:39	[{"keyword":"macet","from":"2017-04-15","mode":"submitSocial","container":"all","username":"arwin"}]
2017-04-17 05:35:53	[{"keyword":"#selamatpagi","from":"2017-04-15","mode":"submitSocial","container":"all","username":"arwin"}]
2017-04-17 05:36:07	[{"keyword":"#selamatmalam","from":"2017-04-15","mode":"submitSocial","container":"all","username":"arwin"}]
2017-04-17 05:36:22	[{"keyword":"@884globalradio","from":"2017-04-15","mode":"submitSocial","container":"all","username":"arwin"}]
2017-04-17 05:36:36	[{"keyword":"@day_trans","from":"2017-04-15","mode":"submitSocial","container":"all","username":"arwin"}]
2017-04-17 05:36:50	[{"keyword":"@kencanavoyage","from":"2017-04-15","mode":"submitSocial","container":"all","username":"arwin"}]
2017-04-17 05:37:04	[{"keyword":"@jukebox5d","from":"2017-04-15","mode":"submitSocial","container":"all","username":"arwin"}]
2017-04-17 05:37:19	[{"keyword":"#mtvhottest","from":"2017-04-15","mode":"submitSocial","container":"all","username":"arwin"}]
2017-04-17 05:37:33	[{"keyword":"#semangatpagi","from":"2017-04-15","mode":"submitSocial","container":"all","username":"arwin"}]
2017-04-17 05:37:47	[{"keyword":"lifebuoy","from":"2017-04-15","mode":"submitSocial","container":"all","username":"arwin"}]
2017-04-17 05:38:06	[{"keyword":"jokowi","from":"2017-04-15","mode":"submitSocial","container":"all","username":"arwin"}]
2017-04-17 05:38:28	[{"keyword":"obama","from":"2017-04-15","mode":"submitSocial","container":"all","username":"arwin"}]
2017-04-17 05:38:43	[{"keyword":"starwars","from":"2017-04-15","mode":"submitSocial","container":"all","username":"ar"}]
2017-04-17 05:38:59	[{"keyword":"#dimsumcjdw","from":"2017-04-15","mode":"submitSocial","container":"all","username":"arwin"}]
2017-04-17 05:39:13	[{"keyword":"#pecelmadiunmbakniek","from":"2017-04-15","mode":"submitSocial","container":"all","username":"arwin"}]
2017-04-17 05:39:27	[{"keyword":"#depotarema","from":"2017-04-15","mode":"submitSocial","container":"all","username":"arwin"}]
2017-04-17 05:39:41	[{"keyword":"@bni46","from":"2017-04-15","mode":"submitSocial","container":"all","username":"arwin"}]
2017-04-17 05:39:55	[{"keyword":"@bankbri_id","from":"2017-04-15","mode":"submitSocial","container":"all","username":"arwin"}]
2017-04-17 05:40:11	[{"keyword":"#bni46","from":"2017-04-15","mode":"submitSocial","container":"all","username":"arwin"}]
2017-04-17 05:40:29	[{"keyword":"macet","from":"2017-04-15","mode":"submitSocial","container":"all","username":"arwin"}]
2017-04-17 05:40:43	[{"keyword":"#selamatpagi","from":"2017-04-15","mode":"submitSocial","container":"all","username":"arwin"}]
2017-04-17 05:40:58	[{"keyword":"#selamatmalam","from":"2017-04-15","mode":"submitSocial","container":"all","username":"arwin"}]
2017-04-17 05:41:12	[{"keyword":"@884globalradio","from":"2017-04-15","mode":"submitSocial","container":"all","username":"arwin"}]
2017-04-17 05:41:27	[{"keyword":"@day_trans","from":"2017-04-15","mode":"submitSocial","container":"all","username":"arwin"}]
2017-04-17 05:41:40	[{"keyword":"@kencanavoyage","from":"2017-04-15","mode":"submitSocial","container":"all","username":"arwin"}]
2017-04-17 05:41:54	[{"keyword":"@jukebox5d","from":"2017-04-15","mode":"submitSocial","container":"all","username":"arwin"}]
2017-04-17 05:42:09	[{"keyword":"#mtvhottest","from":"2017-04-15","mode":"submitSocial","container":"all","username":"arwin"}]
2017-04-17 05:42:23	[{"keyword":"#semangatpagi","from":"2017-04-15","mode":"submitSocial","container":"all","username":"arwin"}]
2017-04-17 05:42:38	[{"keyword":"lifebuoy","from":"2017-04-15","mode":"submitSocial","container":"all","username":"arwin"}]
2017-04-17 05:42:57	[{"keyword":"jokowi","from":"2017-04-15","mode":"submitSocial","container":"all","username":"arwin"}]
2017-04-17 05:43:19	[{"keyword":"obama","from":"2017-04-15","mode":"submitSocial","container":"all","username":"arwin"}]
2017-04-17 05:43:33	[{"keyword":"starwars","from":"2017-04-15","mode":"submitSocial","container":"all","username":"arwin"}]
2017-04-17 05:43:48	[{"keyword":"jonan","from":"2017-04-15","mode":"submitSocial","container":"all","username":"arwin"}]
2017-04-17 05:44:09	[{"keyword":"pagi","from":"2017-04-15","mode":"submitSocial","container":"all","username":"arwin"}]
2017-04-17 05:44:23	[{"keyword":"sampoerna","from":"2017-04-15","mode":"submitSocial","container":"all","username":"arwin"}]
2017-04-17 05:44:39	[{"keyword":"djarum","from":"2017-04-15","mode":"submitSocial","container":"all","username":"arwin"}]
2017-04-17 05:44:53	[{"keyword":"#semangatpagi","from":"2017-04-15","mode":"submitSocial","container":"all","username":"arwin"}]
2017-04-17 05:45:07	[{"keyword":"#generaksi8","from":"2017-04-15","mode":"submitSocial","container":"all","username":"arwin"}]
2017-04-17 05:45:22	[{"keyword":"#365alasan","from":"2017-04-15","mode":"submitSocial","container":"all","username":"arwin"}]
2017-04-17 05:45:37	[{"keyword":"weew","from":"2017-04-15","mode":"submitSocial","container":"all","username":"arwin"}]
2017-04-17 05:45:55	[{"keyword":"testing","from":"2017-04-15","mode":"submitSocial","container":"all","username":"arwin"}]
2017-04-17 05:46:09	[{"keyword":"#kopaja","from":"2017-04-15","mode":"submitSocial","container":"all","username":"arwin"}]
2017-04-17 05:46:24	[{"keyword":"#genkuisinsideout","from":"2017-04-15","mode":"submitSocial","container":"all","username":"arwin"}]
2017-04-17 05:46:38	[{"keyword":"starwars","from":"2017-04-15","mode":"submitSocial","container":"all","username":"arwin"}]
2017-04-17 05:46:53	[{"keyword":"#kopaja","from":"2017-04-15","mode":"submitSocial","container":"all","username":"arwin"}]
2017-04-17 05:47:07	[{"keyword":"mldspot","from":"2017-04-15","mode":"submitSocial","container":"all","username":"arwin"}]
2017-04-17 05:47:22	[{"keyword":"pbdjarum","from":"2017-04-15","mode":"submitSocial","container":"all","username":"arwin"}]
2017-04-17 05:47:36	[{"keyword":"temannabati","from":"2017-04-15","mode":"submitSocial","container":"all","username":"arwin"}]
2017-04-17 05:47:51	[{"keyword":"nextar","from":"2017-04-15","mode":"submitSocial","container":"all","username":"arwin"}]
2017-04-17 05:48:06	[{"keyword":"jokowo","from":"2017-04-15","mode":"submitSocial","container":"all","username":"arwin"}]
2017-04-17 05:48:24	[{"keyword":"prabowo","from":"2017-04-15","mode":"submitSocial","container":"all","username":"arwin"}]
2017-04-17 05:48:38	[{"keyword":"sudirman said","from":"2017-04-15","mode":"submitSocial","container":"all","username":"arwin"}]
2017-04-17 05:48:58	[{"keyword":"ahok","from":"2017-04-15","mode":"submitSocial","container":"all","username":"arwin"}]
2017-04-17 05:49:13	[{"keyword":"setyanovanto","from":"2017-04-15","mode":"submitSocial","container":"all","username":"arwin"}]
2017-04-17 05:49:32	[{"keyword":"jokowi","from":"2017-04-15","mode":"submitSocial","container":"all","username":"arwin"}]
2017-04-17 05:49:53	[{"keyword":"ahok","from":"2017-04-15","mode":"submitSocial","container":"all","username":"arwin"}]
2017-04-17 05:50:12	[{"keyword":"prabowo","from":"2017-04-15","mode":"submitSocial","container":"all","username":"arwin"}]
2017-04-17 05:50:28	[{"keyword":"sudirman said","from":"2017-04-15","mode":"submitSocial","container":"all","username":"arwin"}]
2017-04-17 05:50:43	[{"keyword":"setyanovanto","from":"2017-04-15","mode":"submitSocial","container":"all","username":"arwin"}]
2017-04-17 05:50:59	[{"keyword":"galau","from":"2017-04-15","mode":"submitSocial","container":"all","username":"arwin"}]
2017-04-17 05:51:13	[{"keyword":"#prestasiindonesia","from":"2017-04-15","mode":"submitSocial","container":"all","username":"arwin"}]
2017-04-17 05:51:28	[{"keyword":"@tw_debi","from":"2017-04-15","mode":"submitSocial","container":"all","username":"arwin"}]
2017-04-17 05:51:41	[{"keyword":"@officialfastron","from":"2017-04-15","mode":"submitSocial","container":"all","username":"arwin"}]
2017-04-17 05:51:56	[{"keyword":"@citibankid","from":"2017-04-15","mode":"submitSocial","container":"all","username":"arwin"}]
2017-04-17 05:52:10	[{"keyword":"@jak101fm","from":"2017-04-15","mode":"submitSocial","container":"all","username":"arwin"}]
2017-04-17 05:52:26	[{"keyword":"@genfm","from":"2017-04-15","mode":"submitSocial","container":"all","username":"arwin"}]
