2017-12-31 05:00:01	worker	@987genfm;2017-12-29 - 2017-12-29;submitSocial;all;arwin
2017-12-31 05:00:05	worker	@101jakfm;2017-12-29 - 2017-12-29;submitSocial;all;arwin
2017-12-31 05:00:08	worker	@prambors;2017-12-29 - 2017-12-29;submitSocial;all;arwin
2017-12-31 05:00:10	worker	@hardrockfm;2017-12-29 - 2017-12-29;submitSocial;all;arwin
2017-12-31 05:00:13	worker	@kisfmjakarta;2017-12-29 - 2017-12-29;submitSocial;all;arwin
2017-12-31 05:00:15	worker	@delta_fm;2017-12-29 - 2017-12-29;submitSocial;all;arwin
2017-12-31 05:00:17	worker	@traxfmjkt;2017-12-29 - 2017-12-29;submitSocial;all;arwin
2017-12-31 05:00:20	worker	@iradiojakarta;2017-12-29 - 2017-12-29;submitSocial;all;arwin
2017-12-31 05:00:22	worker	@indika9160fm;2017-12-29 - 2017-12-29;submitSocial;all;arwin
2017-12-31 05:00:24	worker	@shellindonesia;2017-12-29 - 2017-12-29;submitSocial;all;arwin
2017-12-31 05:00:26	worker	@vpowerfans;2017-12-29 - 2017-12-29;submitSocial;all;arwin
2017-12-31 05:00:29	worker	@pertamaxind;2017-12-29 - 2017-12-29;submitSocial;all;arwin
2017-12-31 05:00:31	worker	@ptpertamina;2017-12-29 - 2017-12-29;submitSocial;all;arwin
2017-12-31 05:00:33	worker	@OZRadioJakarta;2017-12-29 - 2017-12-29;submitSocial;all;arwin
2017-12-31 05:00:36	worker	@CosmopolitanFM;2017-12-29 - 2017-12-29;submitSocial;all;arwin
2017-12-31 05:00:38	worker	@mustang88fm;2017-12-29 - 2017-12-29;submitSocial;all;arwin
2017-12-31 05:00:40	worker	@debabaz;2017-12-29 - 2017-12-29;submitSocial;all;arwin
2017-12-31 05:00:42	worker	@detikcom;2017-12-29 - 2017-12-29;submitSocial;all;arwin
2017-12-31 05:00:45	worker	@radioelshinta;2017-12-29 - 2017-12-29;submitSocial;all;arwin
2017-12-31 05:00:47	worker	@cinema21;2017-12-29 - 2017-12-29;submitSocial;all;arwin
2017-12-31 05:00:49	worker	@OfficialRCTI;2017-12-29 - 2017-12-29;submitSocial;all;arwin
2017-12-31 05:00:52	worker	@TRANSTV_CORP;2017-12-29 - 2017-12-29;submitSocial;all;arwin
2017-12-31 05:00:54	worker	@TRANS7;2017-12-29 - 2017-12-29;submitSocial;all;arwin
2017-12-31 05:00:56	worker	@Metro_TV;2017-12-29 - 2017-12-29;submitSocial;all;arwin
2017-12-31 05:00:58	worker	@tvOneNews;2017-12-29 - 2017-12-29;submitSocial;all;arwin
2017-12-31 05:01:01	worker	@whatsonANTV;2017-12-29 - 2017-12-29;submitSocial;all;arwin
2017-12-31 05:01:03	worker	@SCTV_;2017-12-29 - 2017-12-29;submitSocial;all;arwin
2017-12-31 05:01:06	worker	@KompasTV;2017-12-29 - 2017-12-29;submitSocial;all;arwin
2017-12-31 05:01:08	worker	@netmediatama;2017-12-29 - 2017-12-29;submitSocial;all;arwin
2017-12-31 05:01:11	worker	@Globaltvseru;2017-12-29 - 2017-12-29;submitSocial;all;arwin
2017-12-31 05:01:13	worker	@JaktvCom;2017-12-29 - 2017-12-29;submitSocial;all;arwin
2017-12-31 05:01:16	worker	@TVRINasional;2017-12-29 - 2017-12-29;submitSocial;all;arwin
2017-12-31 05:01:18	worker	@ochannelupdates;2017-12-29 - 2017-12-29;submitSocial;all;arwin
2017-12-31 05:01:20	worker	@IndosiarID;2017-12-29 - 2017-12-29;submitSocial;all;arwin
2017-12-31 05:01:22	worker	@kompascom;2017-12-29 - 2017-12-29;submitSocial;all;arwin
2017-12-31 05:01:27	worker	@merdekadotcom;2017-12-29 - 2017-12-29;submitSocial;all;arwin
2017-12-31 05:01:30	worker	@MIdotcom;2017-12-29 - 2017-12-29;submitSocial;all;arwin
2017-12-31 05:01:32	worker	@tempodotco;2017-12-29 - 2017-12-29;submitSocial;all;arwin
2017-12-31 05:01:34	worker	@motion975fm;2017-12-29 - 2017-12-29;submitSocial;all;arwin
2017-12-31 05:01:37	worker	@_radiotoday;2017-12-29 - 2017-12-29;submitSocial;all;arwin
2017-12-31 05:01:39	worker	@radioinfo;2017-12-29 - 2017-12-29;submitSocial;all;arwin
2017-12-31 05:01:41	worker	@979FeMaleRadio;2017-12-29 - 2017-12-29;submitSocial;all;arwin
2017-12-31 05:01:43	worker	@WomanRadio943FM;2017-12-29 - 2017-12-29;submitSocial;all;arwin
2017-12-31 05:01:45	worker	@VRadioFM;2017-12-29 - 2017-12-29;submitSocial;all;arwin
2017-12-31 05:01:47	worker	@UFM947;2017-12-29 - 2017-12-29;submitSocial;all;arwin
2017-12-31 05:01:49	worker	@VIVAnews;2017-12-29 - 2017-12-29;submitSocial;all;arwin
2017-12-31 05:01:51	worker	@antaranews;2017-12-29 - 2017-12-29;submitSocial;all;arwin
2017-12-31 05:01:54	worker	@tribunnews;2017-12-29 - 2017-12-29;submitSocial;all;arwin
2017-12-31 05:01:56	worker	@okezonenews;2017-12-29 - 2017-12-29;submitSocial;all;arwin
2017-12-31 05:01:59	worker	@Beritasatu;2017-12-29 - 2017-12-29;submitSocial;all;arwin
2017-12-31 05:02:01	worker	@rollingstoneina;2017-12-29 - 2017-12-29;submitSocial;all;arwin
2017-12-31 05:02:03	worker	@FIMELAdotcom;2017-12-29 - 2017-12-29;submitSocial;all;arwin
2017-12-31 05:02:05	worker	@KapanLagicom;2017-12-29 - 2017-12-29;submitSocial;all;arwin
2017-12-31 05:02:08	worker	@KompasEnt ;2017-12-29 - 2017-12-29;submitSocial;all;arwin
2017-12-31 05:02:10	worker	@HaiMagazine;2017-12-29 - 2017-12-29;submitSocial;all;arwin
2017-12-31 05:02:12	worker	@JakartaVenue;2017-12-29 - 2017-12-29;submitSocial;all;arwin
2017-12-31 05:02:14	worker	@SeputarEvent;2017-12-29 - 2017-12-29;submitSocial;all;arwin
2017-12-31 05:02:16	worker	@ismayaLive;2017-12-29 - 2017-12-29;submitSocial;all;arwin
2017-12-31 05:02:19	worker	@ECEntertainment;2017-12-29 - 2017-12-29;submitSocial;all;arwin
2017-12-31 05:02:21	worker	@synergism_En;2017-12-29 - 2017-12-29;submitSocial;all;arwin
2017-12-31 05:02:23	worker	@Urbanbandung;2017-12-29 - 2017-12-29;submitSocial;all;arwin
2017-12-31 05:02:25	worker	@Urbanrkm995;2017-12-29 - 2017-12-29;submitSocial;all;arwin
2017-12-31 05:02:26	worker	@Garuda_Promo;2017-12-29 - 2017-12-29;submitSocial;all;arwin
2017-12-31 05:02:29	worker	@AirAsiaID;2017-12-29 - 2017-12-29;submitSocial;all;arwin
2017-12-31 05:02:31	worker	@KAI121;2017-12-29 - 2017-12-29;submitSocial;all;arwin
2017-12-31 05:02:33	worker	@Unilever;2017-12-29 - 2017-12-29;submitSocial;all;arwin
2017-12-31 05:02:36	worker	@Nestle;2017-12-29 - 2017-12-29;submitSocial;all;arwin
2017-12-31 05:02:39	worker	@CocaCola;2017-12-29 - 2017-12-29;submitSocial;all;arwin
2017-12-31 05:02:41	worker	@CNN;2017-12-29 - 2017-12-29;submitSocial;all;arwin
2017-12-31 05:02:49	worker	@MTV;2017-12-29 - 2017-12-29;submitSocial;all;arwin
2017-12-31 05:02:53	worker	@channelv;2017-12-29 - 2017-12-29;submitSocial;all;arwin
2017-12-31 05:02:55	worker	@iTunesMusic;2017-12-29 - 2017-12-29;submitSocial;all;arwin
2017-12-31 05:02:57	worker	@mashable;2017-12-29 - 2017-12-29;submitSocial;all;arwin
2017-12-31 05:03:01	worker	@decacaz;2017-12-29 - 2017-12-29;submitSocial;all;arwin
2017-12-31 05:03:03	worker	@radiobaru967FM;2017-12-29 - 2017-12-29;submitSocial;all;arwin
2017-12-31 05:03:05	worker	@967HitzFM;2017-12-29 - 2017-12-29;submitSocial;all;arwin
2017-12-31 05:03:07	worker	@TVGuide;2017-12-29 - 2017-12-29;submitSocial;all;arwin
2017-12-31 05:03:10	worker	@XL123;2017-12-29 - 2017-12-29;submitSocial;all;arwin
2017-12-31 05:03:12	worker	@triindonesia;2017-12-29 - 2017-12-29;submitSocial;all;arwin
2017-12-31 05:03:14	worker	@kaskus;2017-12-29 - 2017-12-29;submitSocial;all;arwin
2017-12-31 05:03:17	worker	@Studio_XXI;2017-12-29 - 2017-12-29;submitSocial;all;arwin
2017-12-31 05:03:19	worker	@blitzmegaplex;2017-12-29 - 2017-12-29;submitSocial;all;arwin
2017-12-31 05:03:20	worker	@alfamartku;2017-12-29 - 2017-12-29;submitSocial;all;arwin
2017-12-31 05:03:23	worker	@Carrefour_ID;2017-12-29 - 2017-12-29;submitSocial;all;arwin
2017-12-31 05:03:25	worker	@BBCBreaking;2017-12-29 - 2017-12-29;submitSocial;all;arwin
2017-12-31 05:03:29	worker	@Forbes;2017-12-29 - 2017-12-29;submitSocial;all;arwin
2017-12-31 05:03:36	worker	@BensRadio;2017-12-29 - 2017-12-29;submitSocial;all;arwin
2017-12-31 05:03:38	worker	@instagram;2017-12-29 - 2017-12-29;submitSocial;all;arwin
2017-12-31 05:03:44	worker	@Pinterest;2017-12-29 - 2017-12-29;submitSocial;all;arwin
2017-12-31 05:03:46	worker	@google;2017-12-29 - 2017-12-29;submitSocial;all;arwin
2017-12-31 05:03:51	worker	@Pertaminalub;2017-12-29 - 2017-12-29;submitSocial;all;arwin
2017-12-31 05:03:54	worker	@InfoLalinTol;2017-12-29 - 2017-12-29;submitSocial;all;arwin
2017-12-31 05:03:56	worker	@PTJASAMARGA;2017-12-29 - 2017-12-29;submitSocial;all;arwin
2017-12-31 05:03:58	worker	@cititransindo;2017-12-29 - 2017-12-29;submitSocial;all;arwin
2017-12-31 05:04:00	worker	#semangatpagisuperr;2017-12-29 - 2017-12-29;submitSocial;all;arwin
2017-12-31 05:04:02	worker	#genkuisinsideout;2017-12-29 - 2017-12-29;submitSocial;all;arwin
2017-12-31 05:04:04	worker	#semangatpagi;2017-12-29 - 2017-12-29;submitSocial;all;arwin
2017-12-31 05:04:06	worker	#dikamar;2017-12-29 - 2017-12-29;submitSocial;all;arwin
2017-12-31 05:04:08	worker	#kopaja;2017-12-29 - 2017-12-29;submitSocial;all;arwin
2017-12-31 05:04:11	worker	#generaksi8;2017-12-29 - 2017-12-29;submitSocial;all;arwin
2017-12-31 05:04:12	worker	#hitztsp;2017-12-29 - 2017-12-29;submitSocial;all;arwin
2017-12-31 05:04:15	worker	#np;2017-12-29 - 2017-12-29;submitSocial;all;arwin
2017-12-31 05:04:18	worker	#hitzlivestage;2017-12-29 - 2017-12-29;submitSocial;all;arwin
2017-12-31 05:04:20	worker	#thefreaks;2017-12-29 - 2017-12-29;submitSocial;all;arwin
2017-12-31 05:04:22	worker	#hitzsirkuspagi;2017-12-29 - 2017-12-29;submitSocial;all;arwin
2017-12-31 05:04:24	worker	#hitzathlon;2017-12-29 - 2017-12-29;submitSocial;all;arwin
2017-12-31 05:04:26	worker	#hitzzombie;2017-12-29 - 2017-12-29;submitSocial;all;arwin
2017-12-31 05:04:28	worker	#hitzkalong;2017-12-29 - 2017-12-29;submitSocial;all;arwin
2017-12-31 05:04:30	worker	#hitzbebas;2017-12-29 - 2017-12-29;submitSocial;all;arwin
2017-12-31 05:04:32	worker	#hitzhorehara;2017-12-29 - 2017-12-29;submitSocial;all;arwin
2017-12-31 05:04:34	worker	@ZaloraID;2017-12-29 - 2017-12-29;submitSocial;all;arwin
2017-12-31 05:04:37	worker	@OLX_Indonesia;2017-12-29 - 2017-12-29;submitSocial;all;arwin
2017-12-31 05:04:39	worker	@LazadaID;2017-12-29 - 2017-12-29;submitSocial;all;arwin
2017-12-31 05:04:41	worker	@utrippers;2017-12-29 - 2017-12-29;submitSocial;all;arwin
2017-12-31 05:04:44	worker	@GoGobot;2017-12-29 - 2017-12-29;submitSocial;all;arwin
2017-12-31 05:04:46	worker	@viatortravel;2017-12-29 - 2017-12-29;submitSocial;all;arwin
2017-12-31 05:04:48	worker	@alandakariza;2017-12-29 - 2017-12-29;submitSocial;all;arwin
2017-12-31 05:04:50	worker	@gagasmedia;2017-12-29 - 2017-12-29;submitSocial;all;arwin
2017-12-31 05:04:52	worker	@welovehonda;2017-12-29 - 2017-12-29;submitSocial;all;arwin
2017-12-31 05:04:54	worker	@SuzukiMotorID;2017-12-29 - 2017-12-29;submitSocial;all;arwin
2017-12-31 05:04:56	worker	@kawasakilovers;2017-12-29 - 2017-12-29;submitSocial;all;arwin
2017-12-31 05:04:59	worker	@yamahaindonesia;2017-12-29 - 2017-12-29;submitSocial;all;arwin
2017-12-31 05:05:01	worker	@tripanzee;2017-12-29 - 2017-12-29;submitSocial;all;arwin
2017-12-31 05:05:04	worker	@arnoldpoernomo;2017-12-29 - 2017-12-29;submitSocial;all;arwin
2017-12-31 05:05:06	worker	@nicsap;2017-12-29 - 2017-12-29;submitSocial;all;arwin
2017-12-31 05:05:08	worker	@tiket2;2017-12-29 - 2017-12-29;submitSocial;all;arwin
2017-12-31 05:05:10	worker	@traveloka;2017-12-29 - 2017-12-29;submitSocial;all;arwin
2017-12-31 05:05:13	worker	@wego;2017-12-29 - 2017-12-29;submitSocial;all;arwin
2017-12-31 05:05:16	worker	@agoda;2017-12-29 - 2017-12-29;submitSocial;all;arwin
2017-12-31 05:05:19	worker	#salahsambung;2017-12-29 - 2017-12-29;submitSocial;all;arwin
2017-12-31 05:05:21	worker	#tulalit;2017-12-29 - 2017-12-29;submitSocial;all;arwin
2017-12-31 05:05:23	worker	#pestageneraksi8;2017-12-29 - 2017-12-29;submitSocial;all;arwin
2017-12-31 05:05:25	worker	#ganaskustik;2017-12-29 - 2017-12-29;submitSocial;all;arwin
2017-12-31 05:05:27	worker	#lnhot20;2017-12-29 - 2017-12-29;submitSocial;all;arwin
2017-12-31 05:05:29	worker	@TripAdvisor;2017-12-29 - 2017-12-29;submitSocial;all;arwin
2017-12-31 05:05:31	worker	@google;2017-12-29 - 2017-12-29;submitSocial;all;arwin
2017-12-31 05:05:37	worker	@Telkomsel;2017-12-29 - 2017-12-29;submitSocial;all;arwin
2017-12-31 05:05:40	worker	@indosat;2017-12-29 - 2017-12-29;submitSocial;all;arwin
2017-12-31 05:05:42	worker	@bahanafmjkt;2017-12-29 - 2017-12-29;submitSocial;all;2017-12-31 05:05:47	worker	@sonorafm92;2017-12-29 - 2017-12-29;submitSocial;all;arwin
2017-12-31 05:05:49	worker	@litefm1058;2017-12-29 - 2017-12-29;submitSocial;all;arwin
2017-12-31 05:05:51	worker	@Bravaradio;2017-12-29 - 2017-12-29;submitSocial;all;arwin
2017-12-31 05:05:53	worker	#dgitm;2017-12-29 - 2017-12-29;submitSocial;all;arwin
2017-12-31 05:05:55	worker	#hitsalaprambors;2017-12-29 - 2017-12-29;submitSocial;all;arwin
2017-12-31 05:05:57	worker	#reqprambors;2017-12-29 - 2017-12-29;submitSocial;all;arwin
2017-12-31 05:06:00	worker	#thedandees;2017-12-29 - 2017-12-29;submitSocial;all;arwin
2017-12-31 05:06:02	worker	#pramborsquiz;2017-12-29 - 2017-12-29;submitSocial;all;arwin
2017-12-31 05:06:04	worker	#jeliprambors;2017-12-29 - 2017-12-29;submitSocial;all;arwin
2017-12-31 05:06:06	worker	#jodohinprambors;2017-12-29 - 2017-12-29;submitSocial;all;arwin
2017-12-31 05:06:08	worker	#ubahdenganbicara;2017-12-29 - 2017-12-29;submitSocial;all;arwin
2017-12-31 05:06:10	worker	#pramborschat;2017-12-29 - 2017-12-29;submitSocial;all;arwin
2017-12-31 05:06:12	worker	#tweetforduit;2017-12-29 - 2017-12-29;submitSocial;all;arwin
2017-12-31 05:06:14	worker	#joki3in1;2017-12-29 - 2017-12-29;submitSocial;all;arwin
2017-12-31 05:06:16	worker	#sarapanseru;2017-12-29 - 2017-12-29;submitSocial;all;arwin
2017-12-31 05:06:18	worker	#rawonkaneloop;2017-12-29 - 2017-12-29;submitSocial;all;arwin
2017-12-31 05:06:20	worker	#gudegkendilkeraton;2017-12-29 - 2017-12-29;submitSocial;all;arwin
2017-12-31 05:06:22	worker	#gadogadobutika;2017-12-29 - 2017-12-29;submitSocial;all;arwin
2017-12-31 05:06:24	worker	#mtvhottest;2017-12-29 - 2017-12-29;submitSocial;all;arwin
2017-12-31 05:06:26	worker	#dimsumcjdw;2017-12-29 - 2017-12-29;submitSocial;all;arwin
2017-12-31 05:06:28	worker	#pecelmadiunmbakniek;2017-12-29 - 2017-12-29;submitSocial;all;arwin
2017-12-31 05:06:30	worker	#depotarema;2017-12-29 - 2017-12-29;submitSocial;all;arwin
2017-12-31 05:06:32	worker	@BNI46;2017-12-29 - 2017-12-29;submitSocial;all;arwin
2017-12-31 05:06:34	worker	@BANKBRI_ID;2017-12-29 - 2017-12-29;submitSocial;all;arwin
2017-12-31 05:06:36	worker	#bni46;2017-12-29 - 2017-12-29;submitSocial;all;arwin
2017-12-31 05:06:38	worker	macet;2017-12-29 - 2017-12-29;submitSocial;all;arwin
2017-12-31 05:06:42	worker	#selamatpagi;2017-12-29 - 2017-12-29;submitSocial;all;arwin
2017-12-31 05:06:44	worker	#selamatmalam;2017-12-29 - 2017-12-29;submitSocial;all;arwin
2017-12-31 05:06:47	worker	@884GlobalRadio;2017-12-29 - 2017-12-29;submitSocial;all;arwin
2017-12-31 05:06:49	worker	@day_trans;2017-12-29 - 2017-12-29;submitSocial;all;arwin
2017-12-31 05:06:51	worker	@kencanavoyage;2017-12-29 - 2017-12-29;submitSocial;all;arwin
2017-12-31 05:06:53	worker	@jukebox5d;2017-12-29 - 2017-12-29;submitSocial;all;arwin
2017-12-31 05:06:55	worker	#mtvhottest;2017-12-29 - 2017-12-29;submitSocial;all;arwin
2017-12-31 05:06:57	worker	#semangatpagi;2017-12-29 - 2017-12-29;submitSocial;all;arwin
2017-12-31 05:06:59	worker	lifebuoy;2017-12-29 - 2017-12-29;submitSocial;all;arwin
2017-12-31 05:07:01	worker	jokowi;2017-12-29 - 2017-12-29;submitSocial;all;arwin
2017-12-31 05:07:06	worker	obama;2017-12-29 - 2017-12-29;submitSocial;all;arwin
2017-12-31 05:07:15	worker	starwars;2017-12-29 - 2017-12-29;submitSocial;all;arwin
2017-12-31 05:07:17	worker	jonan;2017-12-29 - 2017-12-29;submitSocial;all;arwin
2017-12-31 05:07:20	worker	pagi;2017-12-29 - 2017-12-29;submitSocial;all;arwin
2017-12-31 05:07:29	worker	sampoerna;2017-12-29 - 2017-12-29;submitSocial;all;arwin
2017-12-31 05:07:31	worker	djarum;2017-12-29 - 2017-12-29;submitSocial;all;arwin
2017-12-31 05:07:34	worker	#semangatpagi;2017-12-29 - 2017-12-29;submitSocial;all;arwin
2017-12-31 05:07:36	worker	#generaksi8;2017-12-29 - 2017-12-29;submitSocial;all;arwin
2017-12-31 05:07:38	worker	#365alasan;2017-12-29 - 2017-12-29;submitSocial;all;arwin
2017-12-31 05:07:40	worker	weew;2017-12-29 - 2017-12-29;submitSocial;all;arwin
2017-12-31 05:07:43	worker	testing;2017-12-29 - 2017-12-29;submitSocial;all;arwin
2017-12-31 05:07:49	worker	#kopaja;2017-12-29 - 2017-12-29;submitSocial;all;arwin
2017-12-31 05:07:51	worker	#genkuisinsideout;2017-12-29 - 2017-12-29;submitSocial;all;arwin
2017-12-31 05:07:53	worker	starwars;2017-12-29 - 2017-12-29;submitSocial;all;arwin
2017-12-31 05:07:56	worker	#kopaja;2017-12-29 - 2017-12-29;submitSocial;all;arwin
2017-12-31 05:07:58	worker	mldspot;2017-12-29 - 2017-12-29;submitSocial;all;arwin
2017-12-31 05:08:01	worker	PBDjarum;2017-12-29 - 2017-12-29;submitSocial;all;arwin
2017-12-31 05:08:03	worker	TemanNabati;2017-12-29 - 2017-12-29;submitSocial;all;arwin
2017-12-31 05:08:05	worker	Nextar;2017-12-29 - 2017-12-29;submitSocial;all;arwin
2017-12-31 05:08:08	worker	jokowo;2017-12-29 - 2017-12-29;submitSocial;all;arwin
2017-12-31 05:08:10	worker	prabowo;2017-12-29 - 2017-12-29;submitSocial;all;arwin
2017-12-31 05:08:13	worker	sudirman said;2017-12-29 - 2017-12-29;submitSocial;all;arwin
2017-12-31 05:08:15	worker	ahok;2017-12-29 - 2017-12-29;submitSocial;all;arwin
2017-12-31 05:08:21	worker	setyanovanto;2017-12-29 - 2017-12-29;submitSocial;all;arwin
2017-12-31 05:08:24	worker	jokowi;2017-12-29 - 2017-12-29;submitSocial;all;arwin
2017-12-31 05:08:29	worker	ahok;2017-12-29 - 2017-12-29;submitSocial;all;arwin
2017-12-31 05:08:34	worker	prabowo;2017-12-29 - 2017-12-29;submitSocial;all;arwin
2017-12-31 05:08:37	worker	sudirman said;2017-12-29 - 2017-12-29;submitSocial;all;arwin
2017-12-31 05:08:40	worker	setyanovanto;2017-12-29 - 2017-12-29;submitSocial;all;arwin
2017-12-31 05:08:42	worker	galau;2017-12-29 - 2017-12-29;submitSocial;all;arwin
2017-12-31 05:08:45	worker	#prestasiindonesia;2017-12-29 - 2017-12-29;submitSocial;all;arwin
2017-12-31 05:08:47	worker	@Tw_Debi;2017-12-29 - 2017-12-29;submitSocial;all;arwin
2017-12-31 05:08:50	worker	@OfficialFastron;2017-12-29 - 2017-12-29;submitSocial;all;arwin
2017-12-31 05:08:52	worker	@CitibankID;2017-12-29 - 2017-12-29;submitSocial;all;arwin
2017-12-31 05:08:54	worker	@jak101fm;2017-12-29 - 2017-12-29;submitSocial;all;arwin
2017-12-31 05:08:56	worker	@genfm;2017-12-29 - 2017-12-29;submitSocial;all;arwin
