2018-01-09 05:00:06	[{"keyword":"@987genfm","from":"2018-01-07","mode":"submitSocial","container":"all","username":"arwin"}]
2018-01-09 05:00:09	[{"keyword":"@101jakfm","from":"2018-01-07","mode":"submitSocial","container":"all","username":"arwin"}]
2018-01-09 05:00:12	[{"keyword":"@prambors","from":"2018-01-07","mode":"submitSocial","container":"all","username":"arwin"}]
2018-01-09 05:00:14	[{"keyword":"@hardrockfm","from":"2018-01-07","mode":"submitSocial","container":"all","username":"arwin"}]
2018-01-09 05:00:16	[{"keyword":"@kisfmjakarta","from":"2018-01-07","mode":"submitSocial","container":"all","username":"arwin"}]
2018-01-09 05:00:19	[{"keyword":"@delta_fm","from":"2018-01-07","mode":"submitSocial","container":"all","username":"arwin"}]
2018-01-09 05:00:21	[{"keyword":"@traxfmjkt","from":"2018-01-07","mode":"submitSocial","container":"all","username":"arwin"}]
2018-01-09 05:00:24	[{"keyword":"@iradiojakarta","from":"2018-01-07","mode":"submitSocial","container":"all","username":"arwin"}]
2018-01-09 05:00:26	[{"keyword":"@indika9160fm","from":"2018-01-07","mode":"submitSocial","container":"all","username":"arwin"}]
2018-01-09 05:00:28	[{"keyword":"@shellindonesia","from":"2018-01-07","mode":"submitSocial","container":"all","username":"arwin"}]
2018-01-09 05:00:30	[{"keyword":"@vpowerfans","from":"2018-01-07","mode":"submitSocial","container":"all","username":"arwin"}]
2018-01-09 05:00:33	[{"keyword":"@pertamaxind","from":"2018-01-07","mode":"submitSocial","container":"all","username":"arwin"}]
2018-01-09 05:00:35	[{"keyword":"@ptpertamina","from":"2018-01-07","mode":"submitSocial","container":"all","username":"arwin"}]
2018-01-09 05:00:37	[{"keyword":"@ozradiojakarta","from":"2018-01-07","mode":"submitSocial","container":"all","username":"arwin"}]
2018-01-09 05:00:39	[{"keyword":"@cosmopolitanfm","from":"2018-01-07","mode":"submitSocial","container":"all","username":"arwin"}]
2018-01-09 05:00:42	[{"keyword":"@mustang88fm","from":"2018-01-07","mode":"submitSocial","container":"all","username":"arwin"}]
2018-01-09 05:00:43	[{"keyword":"@debabaz","from":"2018-01-07","mode":"submitSocial","container":"all","username":"arwin"}]
2018-01-09 05:00:47	[{"keyword":"@detikcom","from":"2018-01-07","mode":"submitSocial","container":"all","username":"arwin"}]
2018-01-09 05:00:50	[{"keyword":"@radioelshinta","from":"2018-01-07","mode":"submitSocial","container":"all","username":"arwin"}]
2018-01-09 05:00:52	[{"keyword":"@cinema21","from":"2018-01-07","mode":"submitSocial","container":"all","username":"arwin"}]
2018-01-09 05:00:54	[{"keyword":"@officialrcti","from":"2018-01-07","mode":"submitSocial","container":"all","username":"arwin"}]
2018-01-09 05:00:57	[{"keyword":"@transtv_corp","from":"2018-01-07","mode":"submitSocial","container":"all","username":"arwin"}]
2018-01-09 05:00:59	[{"keyword":"@trans7","from":"2018-01-07","mode":"submitSocial","container":"all","username":"arwin"}]
2018-01-09 05:01:02	[{"keyword":"@metro_tv","from":"2018-01-07","mode":"submitSocial","container":"all","username":"arwin"}]
2018-01-09 05:01:05	[{"keyword":"@tvonenews","from":"2018-01-07","mode":"submitSocial","container":"all","username":"arwin"}]
2018-01-09 05:01:07	[{"keyword":"@whatsonantv","from":"2018-01-07","mode":"submitSocial","container":"all","username":"arwin"}]
2018-01-09 05:01:10	[{"keyword":"@sctv_","from":"2018-01-07","mode":"submitSocial","container":"all","username":"arwin"}]
2018-01-09 05:01:13	[{"keyword":"@kompastv","from":"2018-01-07","mode":"submitSocial","container":"all","username":"arwin"}]
2018-01-09 05:01:15	[{"keyword":"@netmediatama","from":"2018-01-07","mode":"submitSocial","container":"all","username":"arwin"}]
2018-01-09 05:01:17	[{"keyword":"@globaltvseru","from":"2018-01-07","mode":"submitSocial","container":"all","username":"arwin"}]
2018-01-09 05:01:20	[{"keyword":"@jaktvcom","from":"2018-01-07","mode":"submitSocial","container":"all","username":"arwin"}]
2018-01-09 05:01:22	[{"keyword":"@tvrinasional","from":"2018-01-07","mode":"submitSocial","container":"all","username":"arwin"}]
2018-01-09 05:01:24	[{"keyword":"@ochannelupdates","from":"2018-01-07","mode":"submitSocial","container":"all","username":"arwin"}]
2018-01-09 05:01:27	[{"keyword":"@indosiarid","from":"2018-01-07","mode":"submitSocial","container":"all","username":"arwin"}]
2018-01-09 05:01:31	[{"keyword":"@kompascom","from":"2018-01-07","mode":"submitSocial","container":"all","username":"arwin"}]
2018-01-09 05:01:33	[{"keyword":"@merdekadotcom","from":"2018-01-07","mode":"submitSocial","container":"all","username":"arwin"}]
2018-01-09 05:01:36	[{"keyword":"@midotcom","from":"2018-01-07","mode":"submitSocial","container":"all","username":"arwin"}]
2018-01-09 05:01:38	[{"keyword":"@tempodotco","from":"2018-01-07","mode":"submitSocial","container":"all","username":"arwin"}]
2018-01-09 05:01:41	[{"keyword":"@motion975fm","from":"2018-01-07","mode":"submitSocial","container":"all","username":"arwin"}]
2018-01-09 05:01:43	[{"keyword":"@_radiotoday","from":"2018-01-07","mode":"submitSocial","container":"all","username":"arwin"}]
2018-01-09 05:01:45	[{"keyword":"@radioinfo","from":"2018-01-07","mode":"submitSocial","container":"all","username":"arwin"}]
2018-01-09 05:01:48	[{"keyword":"@979femaleradio","from":"2018-01-07","mode":"submitSocial","container":"all","username":"arwin"}]
2018-01-09 05:01:50	[{"keyword":"@womanradio943fm","from":"2018-01-07","mode":"submitSocial","container":"all","username":"arwin"}]
2018-01-09 05:01:52	[{"keyword":"@vradiofm","from":"2018-01-07","mode":"submitSocial","container":"all","username":"arwin"}]
2018-01-09 05:01:54	[{"keyword":"@ufm947","from":"2018-01-07","mode":"submitSocial","container":"all","username":"arwin"}]
2018-01-09 05:01:57	[{"keyword":"@vivanews","from":"2018-01-07","mode":"submitSocial","container":"all","username":"arwin"}]
2018-01-09 05:01:59	[{"keyword":"@antaranews","from":"2018-01-07","mode":"submitSocial","container":"all","username":"arwin"}]
2018-01-09 05:02:02	[{"keyword":"@tribunnews","from":"2018-01-07","mode":"submitSocial","container":"all","username":"arwin"}]
2018-01-09 05:02:05	[{"keyword":"@okezonenews","from":"2018-01-07","mode":"submitSocial","container":"all","username":"arwin"}]
2018-01-09 05:02:07	[{"keyword":"@beritasatu","from":"2018-01-07","mode":"submitSocial","container":"all","username":"arwin"}]
2018-01-09 05:02:10	[{"keyword":"@rollingstoneina","from":"2018-01-07","mode":"submitSocial","container":"all","username":"arwin"}]
2018-01-09 05:02:12	[{"keyword":"@fimeladotcom","from":"2018-01-07","mode":"submitSocial","container":"all","username":"arwin"}]
2018-01-09 05:02:14	[{"keyword":"@kapanlagicom","from":"2018-01-07","mode":"submitSocial","container":"all","username":"arwin"}]
2018-01-09 05:02:16	[{"keyword":"@kompasent","from":"2018-01-07","mode":"submitSocial","container":"all","username":"arwin"}]
2018-01-09 05:02:19	[{"keyword":"@haimagazine","from":"2018-01-07","mode":"submitSocial","container":"all","username":"arwin"}]
2018-01-09 05:02:21	[{"keyword":"@jakartavenue","from":"2018-01-07","mode":"submitSocial","container":"all","username":"arwin"}]
2018-01-09 05:02:23	[{"keyword":"@seputarevent","from":"2018-01-07","mode":"submitSocial","container":"all","username":"arwin"}]
2018-01-09 05:02:25	[{"keyword":"@ismayalive","from":"2018-01-07","mode":"submitSocial","container":"all","username":"arwin"}]
2018-01-09 05:02:27	[{"keyword":"@ecentertainment","from":"2018-01-07","mode":"submitSocial","container":"all","username":"arwin"}]
2018-01-09 05:02:30	[{"keyword":"@synergism_en","from":"2018-01-07","mode":"submitSocial","container":"all","username":"arwin"}]
2018-01-09 05:02:32	[{"keyword":"@urbanbandung","from":"2018-01-07","mode":"submitSocial","container":"all","username":"arwin"}]
2018-01-09 05:02:33	[{"keyword":"@urbanrkm995","from":"2018-01-07","mode":"submitSocial","container":"all","username":"arwin"}]
2018-01-09 05:02:36	[{"keyword":"@garuda_promo","from":"2018-01-07","mode":"submitSocial","container":"all","username":"arwin"}]
2018-01-09 05:02:38	[{"keyword":"@airasiaid","from":"2018-01-07","mode":"submitSocial","container":"all","username":"arwin"}]
2018-01-09 05:02:40	[{"keyword":"@kai121","from":"2018-01-07","mode":"submitSocial","container":"all","username":"arwin"}]
2018-01-09 05:02:43	[{"keyword":"@unilever","from":"2018-01-07","mode":"submitSocial","container":"all","username":"arwin"}]
2018-01-09 05:02:45	[{"keyword":"@nestle","from":"2018-01-07","mode":"submitSocial","container":"all","username":"arwin"}]
2018-01-09 05:02:49	[{"keyword":"@cocacola","from":"2018-01-07","mode":"submitSocial","container":"all","username":"arwin"}]
2018-01-09 05:02:56	[{"keyword":"@cnn","from":"2018-01-07","mode":"submitSocial","container":"all","username":"arwin"}]
2018-01-09 05:02:59	[{"keyword":"@mtv","from":"2018-01-07","mode":"submitSocial","container":"all","username":"arwin"}]
2018-01-09 05:03:01	[{"keyword":"@channelv","from":"2018-01-07","mode":"submitSocial","container":"all","username":"arwin"}]
2018-01-09 05:03:04	[{"keyword":"@itunesmusic","from":"2018-01-07","mode":"submitSocial","container":"all","username":"arwin"}]
2018-01-09 05:03:07	[{"keyword":"@mashable","from":"2018-01-07","mode":"submitSocial","container":"all","username":"arwin"}]
2018-01-09 05:03:09	[{"keyword":"@decacaz","from":"2018-01-07","mode":"submitSocial","container":"all","username":"arwin"}]
2018-01-09 05:03:11	[{"keyword":"@radiobaru967fm","from":"2018-01-07","mode":"submitSocial","container":"all","username":"arwin"}]
2018-01-09 05:03:14	[{"keyword":"@967hitzfm","from":"2018-01-07","mode":"submitSocial","container":"all","username":"arwin"}]
2018-01-09 05:03:16	[{"keyword":"@tvguide","from":"2018-01-07","mode":"submitSocial","container":"all","username":"arwin"}]
2018-01-09 05:03:18	[{"keyword":"@xl123","from":"2018-01-07","mode":"submitSocial","container":"all","username":"arwin"}]
2018-01-09 05:03:21	[{"keyword":"@triindonesia","from":"2018-01-07","mode":"submitSocial","container":"all","username":"arwin"}]
2018-01-09 05:03:23	[{"keyword":"@kaskus","from":"2018-01-07","mode":"submitSocial","container":"all","username":"arwin"}]
2018-01-09 05:03:25	[{"keyword":"@studio_xxi","from":"2018-01-07","mode":"submitSocial","container":"all","username":"arwin"}]
2018-01-09 05:03:27	[{"keyword":"@blitzmegaplex","from":"2018-01-07","mode":"submitSocial","container":"all","username":"arwin"}]
2018-01-09 05:03:29	[{"keyword":"@alfamartku","from":"2018-01-07","mode":"submitSocial","container":"all","username":"arwin"}]
2018-01-09 05:03:32	[{"keyword":"@carrefour_id","from":"2018-01-07","mode":"submitSocial","container":"all","username":"arwin"}]
2018-01-09 05:03:36	[{"keyword":"@bbcbreaking","from":"2018-01-07","mode":"submitSocial","container":"all","username":"arwin"}]
2018-01-09 05:03:41	[{"keyword":"@forbes","from":"2018-01-07","mode":"submitSocial","container":"all","username":"arwin"}]
2018-01-09 05:03:44	[{"keyword":"@bensradio","from":"2018-01-07","mode":"submitSocial","container":"all","username":"arwin"}]
2018-01-09 05:03:50	[{"keyword":"@instagram","from":"2018-01-07","mode":"submitSocial","container":"all","username":"arwin"}]
2018-01-09 05:03:53	[{"keyword":"@pinterest","from":"2018-01-07","mode":"submitSocial","container":"all","username":"arwin"}]
2018-01-09 05:03:58	[{"keyword":"@google","from":"2018-01-07","mode":"submitSocial","container":"all","username":"arwin"}]
2018-01-09 05:04:00	[{"keyword":"@pertaminalub","from":"2018-01-07","mode":"submitSocial","container":"all","username":"arwin"}]
2018-01-09 05:04:02	[{"keyword":"@infolalintol","from":"2018-01-07","mode":"submitSocial","container":"all","username":"arwin"}]
2018-01-09 05:04:05	[{"keyword":"@ptjasamarga","from":"2018-01-07","mode":"submitSocial","container":"all","username":"arwin"}]
2018-01-09 05:04:07	[{"keyword":"@cititransindo","from":"2018-01-07","mode":"submitSocial","container":"all","username":"arwin"}]
2018-01-09 05:04:09	[{"keyword":"#semangatpagisuperr","from":"2018-01-07","mode":"submitSocial","container":"all","username":"arwin"}]
2018-01-09 05:04:11	[{"keyword":"#genkuisinsideout","from":"2018-01-07","mode":"submitSocial","container":"all","username":"arwin"}]
2018-01-09 05:04:13	[{"keyword":"#semangatpagi","from":"2018-01-07","mode":"submitSocial","container":"all","username":"arwin"}]
2018-01-09 05:04:15	[{"keyword":"#dikamar","from":"2018-01-07","mode":"submitSocial","container":"all","username":"arwin"}]
2018-01-09 05:04:18	[{"keyword":"#kopaja","from":"2018-01-07","mode":"submitSocial","container":"all","username":"arwin"}]
2018-01-09 05:04:20	[{"keyword":"#generaksi8","from":"2018-01-07","mode":"submitSocial","container":"all","username":"arwin"}]
2018-01-09 05:04:22	[{"keyword":"#hitztsp","from":"2018-01-07","mode":"submitSocial","container":"all","username":"arwin"}]
2018-01-09 05:04:25	[{"keyword":"#np","from":"2018-01-07","mode":"submitSocial","container":"all","username":"arwin"}]
2018-01-09 05:04:27	[{"keyword":"#hitzlivestage","from":"2018-01-07","mode":"submitSocial","container":"all","username":"arwin"}]
2018-01-09 05:04:29	[{"keyword":"#thefreaks","from":"2018-01-07","mode":"submitSocial","container":"all","username":"arwin"}]
2018-01-09 05:04:31	[{"keyword":"#hitzsirkuspagi","from":"2018-01-07","mode":"submitSocial","container":"all","username":"arwin"}]
2018-01-09 05:04:34	[{"keyword":"#hitzathlon","from":"2018-01-07","mode":"submitSocial","container":"all","username":"arwin"}]
2018-01-09 05:04:36	[{"keyword":"#hitzzombie","from":"2018-01-07","mode":"submitSocial","container":"all","username":"arwin"}]
2018-01-09 05:04:38	[{"keyword":"#hitzkalong","from":"2018-01-07","mode":"submitSocial","container":"all","username":"arwin"}]
2018-01-09 05:04:40	[{"keyword":"#hitzbebas","from":"2018-01-07","mode":"submitSocial","container":"all","username":"arwin"}]
2018-01-09 05:04:42	[{"keyword":"#hitzhorehara","from":"2018-01-07","mode":"submitSocial","container":"all","username":"arwin"}]
2018-01-09 05:04:45	[{"keyword":"@zaloraid","from":"2018-01-07","mode":"submitSocial","container":"all","username":"arwin"}]
2018-01-09 05:04:47	[{"keyword":"@olx_indonesia","from":"2018-01-07","mode":"submitSocial","container":"all","username":"arwin"}]
2018-01-09 05:04:49	[{"keyword":"@lazadaid","from":"2018-01-07","mode":"submitSocial","container":"all","username":"arwin"}]
2018-01-09 05:04:52	[{"keyword":"@utrippers","from":"2018-01-07","mode":"submitSocial","container":"all","username":"arwin"}]
2018-01-09 05:04:54	[{"keyword":"@gogobot","from":"2018-01-07","mode":"submitSocial","container":"all","username":"arwin"}]
2018-01-09 05:04:56	[{"keyword":"@viatortravel","from":"2018-01-07","mode":"submitSocial","container":"all","username":"arwin"}]
2018-01-09 05:04:58	[{"keyword":"@alandakariza","from":"2018-01-07","mode":"submitSocial","container":"all","username":"arwin"}]
2018-01-09 05:05:01	[{"keyword":"@gagasmedia","from":"2018-01-07","mode":"submitSocial","container":"all","username":"arwin"}]
2018-01-09 05:05:04	[{"keyword":"@welovehonda","from":"2018-01-07","mode":"submitSocial","container":"all","username":"arwin"}]
2018-01-09 05:05:06	[{"keyword":"@suzukimotorid","from":"2018-01-07","mode":"submitSocial","container":"all","username":"arwin"}]
2018-01-09 05:05:08	[{"keyword":"@kawasakilovers","from":"2018-01-07","mode":"submitSocial","container":"all","username":"arwin"}]
2018-01-09 05:05:10	[{"keyword":"@yamahaindonesia","from":"2018-01-07","mode":"submitSocial","container":"all","username":"arwin"}]
2018-01-09 05:05:13	[{"keyword":"@tripanzee","from":"2018-01-07","mode":"submitSocial","container":"all","username":"arwin"}]
2018-01-09 05:05:15	[{"keyword":"@arnoldpoernomo","from":"2018-01-07","mode":"submitSocial","container":"all","username":"arwin"}]
2018-01-09 05:05:17	[{"keyword":"@nicsap","from":"2018-01-07","mode":"submitSocial","container":"all","username":"arwin"}]
2018-01-09 05:05:19	[{"keyword":"@tiket2","from":"2018-01-07","mode":"submitSocial","container":"all","username":"arwin"}]
2018-01-09 05:05:22	[{"keyword":"@traveloka","from":"2018-01-07","mode":"submitSocial","container":"all","username":"arwin"}]
2018-01-09 05:05:25	[{"keyword":"@wego","from":"2018-01-07","mode":"submitSocial","container":"all","username":"arwin"}]
2018-01-09 05:05:28	[{"keyword":"@agoda","from":"2018-01-07","mode":"submitSocial","container":"all","username":"arwin"}]
2018-01-09 05:05:30	[{"keyword":"#salahsambung","from":"2018-01-07","mode":"submitSocial","container":"all","username":"arwin"}]
2018-01-09 05:05:32	[{"keyword":"#tulalit","from":"2018-01-07","mode":"submitSocial","container":"all","username":"arwin"}]
2018-01-09 05:05:34	[{"keyword":"#pestageneraksi8","from":"2018-01-07","mode":"submitSocial","container":"all","username":"arwin"}]
2018-01-09 05:05:36	[{"keyword":"#ganaskustik","from":"2018-01-07","mode":"submitSocial","container":"all","username":"arwin"}]
2018-01-09 05:05:38	[{"keyword":"#lnhot20","from":"2018-01-07","mode":"submitSocial","container":"all","username":"arwin"}]
2018-01-09 05:05:41	[{"keyword":"@tripadvisor","from":"2018-01-07","mode":"submitSocial","container":"all","username":"arwin"}]
2018-01-09 05:05:46	[{"keyword":"@google","from":"2018-01-07","mode":"submitSocial","container":"all","username":"arwin"}]
2018-01-09 05:05:49	[{"keyword":"@telkomsel","from":"2018-01-07","mode":"submitSocial","container":"all","username":"arwin"}]
2018-01-09 05:05:51	[{"keyword":"@indosat","from":"2018-01-07","mode":"submitSocial","container":"all","username":"arwin"}]
2018-01-09 05:05:54	[{"keyword":"@bahanafmjkt","from":"2018-01-07","mode":"submitSocial","container":"all","username":""}]
2018-01-09 05:05:59	[{"keyword":"@sonorafm92","from":"2018-01-07","mode":"submitSocial","container":"all","username":"arwin"}]
2018-01-09 05:06:01	[{"keyword":"@litefm1058","from":"2018-01-07","mode":"submitSocial","container":"all","username":"arwin"}]
2018-01-09 05:06:03	[{"keyword":"@bravaradio","from":"2018-01-07","mode":"submitSocial","container":"all","username":"arwin"}]
2018-01-09 05:06:06	[{"keyword":"#dgitm","from":"2018-01-07","mode":"submitSocial","container":"all","username":"arwin"}]
2018-01-09 05:06:08	[{"keyword":"#hitsalaprambors","from":"2018-01-07","mode":"submitSocial","container":"all","username":"arwin"}]
2018-01-09 05:06:10	[{"keyword":"#reqprambors","from":"2018-01-07","mode":"submitSocial","container":"all","username":"arwin"}]
2018-01-09 05:06:12	[{"keyword":"#thedandees","from":"2018-01-07","mode":"submitSocial","container":"all","username":"arwin"}]
2018-01-09 05:06:14	[{"keyword":"#pramborsquiz","from":"2018-01-07","mode":"submitSocial","container":"all","username":"arwin"}]
2018-01-09 05:06:16	[{"keyword":"#jeliprambors","from":"2018-01-07","mode":"submitSocial","container":"all","username":"arwin"}]
2018-01-09 05:06:18	[{"keyword":"#jodohinprambors","from":"2018-01-07","mode":"submitSocial","container":"all","username":"arwin"}]
2018-01-09 05:06:20	[{"keyword":"#ubahdenganbicara","from":"2018-01-07","mode":"submitSocial","container":"all","username":"arwin"}]
2018-01-09 05:06:23	[{"keyword":"#pramborschat","from":"2018-01-07","mode":"submitSocial","container":"all","username":"arwin"}]
2018-01-09 05:06:25	[{"keyword":"#tweetforduit","from":"2018-01-07","mode":"submitSocial","container":"all","username":"arwin"}]
2018-01-09 05:06:27	[{"keyword":"#joki3in1","from":"2018-01-07","mode":"submitSocial","container":"all","username":"arwin"}]
2018-01-09 05:06:29	[{"keyword":"#sarapanseru","from":"2018-01-07","mode":"submitSocial","container":"all","username":"arwin"}]
2018-01-09 05:06:31	[{"keyword":"#rawonkaneloop","from":"2018-01-07","mode":"submitSocial","container":"all","username":"arwin"}]
2018-01-09 05:06:33	[{"keyword":"#gudegkendilkeraton","from":"2018-01-07","mode":"submitSocial","container":"all","username":"arwin"}]
2018-01-09 05:06:35	[{"keyword":"#gadogadobutika","from":"2018-01-07","mode":"submitSocial","container":"all","username":"arwin"}]
2018-01-09 05:06:37	[{"keyword":"#mtvhottest","from":"2018-01-07","mode":"submitSocial","container":"all","username":"arwin"}]
2018-01-09 05:06:39	[{"keyword":"#dimsumcjdw","from":"2018-01-07","mode":"submitSocial","container":"all","username":"arwin"}]
2018-01-09 05:06:41	[{"keyword":"#pecelmadiunmbakniek","from":"2018-01-07","mode":"submitSocial","container":"all","username":"arwin"}]
2018-01-09 05:06:44	[{"keyword":"#depotarema","from":"2018-01-07","mode":"submitSocial","container":"all","username":"arwin"}]
2018-01-09 05:06:46	[{"keyword":"@bni46","from":"2018-01-07","mode":"submitSocial","container":"all","username":"arwin"}]
2018-01-09 05:06:48	[{"keyword":"@bankbri_id","from":"2018-01-07","mode":"submitSocial","container":"all","username":"arwin"}]
2018-01-09 05:06:50	[{"keyword":"#bni46","from":"2018-01-07","mode":"submitSocial","container":"all","username":"arwin"}]
2018-01-09 05:06:54	[{"keyword":"macet","from":"2018-01-07","mode":"submitSocial","container":"all","username":"arwin"}]
2018-01-09 05:06:57	[{"keyword":"#selamatpagi","from":"2018-01-07","mode":"submitSocial","container":"all","username":"arwin"}]
2018-01-09 05:06:59	[{"keyword":"#selamatmalam","from":"2018-01-07","mode":"submitSocial","container":"all","username":"arwin"}]
2018-01-09 05:07:02	[{"keyword":"@884globalradio","from":"2018-01-07","mode":"submitSocial","container":"all","username":"arwin"}]
2018-01-09 05:07:04	[{"keyword":"@day_trans","from":"2018-01-07","mode":"submitSocial","container":"all","username":"arwin"}]
2018-01-09 05:07:06	[{"keyword":"@kencanavoyage","from":"2018-01-07","mode":"submitSocial","container":"all","username":"arwin"}]
2018-01-09 05:07:08	[{"keyword":"@jukebox5d","from":"2018-01-07","mode":"submitSocial","container":"all","username":"arwin"}]
2018-01-09 05:07:11	[{"keyword":"#mtvhottest","from":"2018-01-07","mode":"submitSocial","container":"all","username":"arwin"}]
2018-01-09 05:07:13	[{"keyword":"#semangatpagi","from":"2018-01-07","mode":"submitSocial","container":"all","username":"arwin"}]
2018-01-09 05:07:15	[{"keyword":"lifebuoy","from":"2018-01-07","mode":"submitSocial","container":"all","username":"arwin"}]
2018-01-09 05:07:22	[{"keyword":"jokowi","from":"2018-01-07","mode":"submitSocial","container":"all","username":"arwin"}]
2018-01-09 05:07:31	[{"keyword":"obama","from":"2018-01-07","mode":"submitSocial","container":"all","username":"arwin"}]
2018-01-09 05:07:34	[{"keyword":"starwars","from":"2018-01-07","mode":"submitSocial","container":"all","username":"arwin"}]
2018-01-09 05:07:37	[{"keyword":"jonan","from":"2018-01-07","mode":"submitSocial","container":"all","username":"arwin"}]
2018-01-09 05:07:46	[{"keyword":"pagi","from":"2018-01-07","mode":"submitSocial","container":"all","username":"arwin"}]
2018-01-09 05:07:48	[{"keyword":"sampoerna","from":"2018-01-07","mode":"submitSocial","container":"all","username":"arwin"}]
2018-01-09 05:07:51	[{"keyword":"djarum","from":"2018-01-07","mode":"submitSocial","container":"all","username":"arwin"}]
2018-01-09 05:07:53	[{"keyword":"#semangatpagi","from":"2018-01-07","mode":"submitSocial","container":"all","username":"arwin"}]
2018-01-09 05:07:55	[{"keyword":"#generaksi8","from":"2018-01-07","mode":"submitSocial","container":"all","username":"arwin"}]
2018-01-09 05:07:57	[{"keyword":"#365alasan","from":"2018-01-07","mode":"submitSocial","container":"all","username":"arwin"}]
2018-01-09 05:08:00	[{"keyword":"weew","from":"2018-01-07","mode":"submitSocial","container":"all","username":"arwin"}]
2018-01-09 05:08:08	[{"keyword":"testing","from":"2018-01-07","mode":"submitSocial","container":"all","username":"arwin"}]
2018-01-09 05:08:10	[{"keyword":"#kopaja","from":"2018-01-07","mode":"submitSocial","container":"all","username":"arwin"}]
2018-01-09 05:08:12	[{"keyword":"#genkuisinsideout","from":"2018-01-07","mode":"submitSocial","container":"all","username":"arwin"}]
2018-01-09 05:08:15	[{"keyword":"starwars","from":"2018-01-07","mode":"submitSocial","container":"all","username":"arwin"}]
2018-01-09 05:08:18	[{"keyword":"#kopaja","from":"2018-01-07","mode":"submitSocial","container":"all","username":"arwin"}]
2018-01-09 05:08:20	[{"keyword":"mldspot","from":"2018-01-07","mode":"submitSocial","container":"all","username":"arwin"}]
2018-01-09 05:08:23	[{"keyword":"pbdjarum","from":"2018-01-07","mode":"submitSocial","container":"all","username":"arwin"}]
2018-01-09 05:08:25	[{"keyword":"temannabati","from":"2018-01-07","mode":"submitSocial","container":"all","username":"arwin"}]
2018-01-09 05:08:28	[{"keyword":"nextar","from":"2018-01-07","mode":"submitSocial","container":"all","username":"arwin"}]
2018-01-09 05:08:31	[{"keyword":"jokowo","from":"2018-01-07","mode":"submitSocial","container":"all","username":"arwin"}]
2018-01-09 05:08:35	[{"keyword":"prabowo","from":"2018-01-07","mode":"submitSocial","container":"all","username":"arwin"}]
2018-01-09 05:08:38	[{"keyword":"sudirman said","from":"2018-01-07","mode":"submitSocial","container":"all","username":"arwin"}]
2018-01-09 05:08:44	[{"keyword":"ahok","from":"2018-01-07","mode":"submitSocial","container":"all","username":"arwin"}]
2018-01-09 05:08:47	[{"keyword":"setyanovanto","from":"2018-01-07","mode":"submitSocial","container":"all","username":"arwin"}]
2018-01-09 05:08:54	[{"keyword":"jokowi","from":"2018-01-07","mode":"submitSocial","container":"all","username":"arwin"}]
2018-01-09 05:09:01	[{"keyword":"ahok","from":"2018-01-07","mode":"submitSocial","container":"all","username":"arwin"}]
2018-01-09 05:09:04	[{"keyword":"prabowo","from":"2018-01-07","mode":"submitSocial","container":"all","username":"arwin"}]
2018-01-09 05:09:07	[{"keyword":"sudirman said","from":"2018-01-07","mode":"submitSocial","container":"all","username":"arwin"}]
2018-01-09 05:09:10	[{"keyword":"setyanovanto","from":"2018-01-07","mode":"submitSocial","container":"all","username":"arwin"}]
2018-01-09 05:09:14	[{"keyword":"galau","from":"2018-01-07","mode":"submitSocial","container":"all","username":"arwin"}]
2018-01-09 05:09:16	[{"keyword":"#prestasiindonesia","from":"2018-01-07","mode":"submitSocial","container":"all","username":"arwin"}]
2018-01-09 05:09:18	[{"keyword":"@tw_debi","from":"2018-01-07","mode":"submitSocial","container":"all","username":"arwin"}]
2018-01-09 05:09:20	[{"keyword":"@officialfastron","from":"2018-01-07","mode":"submitSocial","container":"all","username":"arwin"}]
2018-01-09 05:09:23	[{"keyword":"@citibankid","from":"2018-01-07","mode":"submitSocial","container":"all","username":"arwin"}]
2018-01-09 05:09:25	[{"keyword":"@jak101fm","from":"2018-01-07","mode":"submitSocial","container":"all","username":"arwin"}]
2018-01-09 05:09:28	[{"keyword":"@genfm","from":"2018-01-07","mode":"submitSocial","container":"all","username":"arwin"}]
