2017-10-04 05:00:02	worker	@987genfm;2017-10-02 - 2017-10-02;submitSocial;all;arwin
2017-10-04 05:00:05	worker	@101jakfm;2017-10-02 - 2017-10-02;submitSocial;all;arwin
2017-10-04 05:00:08	worker	@prambors;2017-10-02 - 2017-10-02;submitSocial;all;arwin
2017-10-04 05:00:12	worker	@hardrockfm;2017-10-02 - 2017-10-02;submitSocial;all;arwin
2017-10-04 05:00:15	worker	@kisfmjakarta;2017-10-02 - 2017-10-02;submitSocial;all;arwin
2017-10-04 05:00:17	worker	@delta_fm;2017-10-02 - 2017-10-02;submitSocial;all;arwin
2017-10-04 05:00:20	worker	@traxfmjkt;2017-10-02 - 2017-10-02;submitSocial;all;arwin
2017-10-04 05:00:23	worker	@iradiojakarta;2017-10-02 - 2017-10-02;submitSocial;all;arwin
2017-10-04 05:00:25	worker	@indika9160fm;2017-10-02 - 2017-10-02;submitSocial;all;arwin
2017-10-04 05:00:28	worker	@shellindonesia;2017-10-02 - 2017-10-02;submitSocial;all;arwin
2017-10-04 05:00:30	worker	@vpowerfans;2017-10-02 - 2017-10-02;submitSocial;all;arwin
2017-10-04 05:00:32	worker	@pertamaxind;2017-10-02 - 2017-10-02;submitSocial;all;arwin
2017-10-04 05:00:35	worker	@ptpertamina;2017-10-02 - 2017-10-02;submitSocial;all;arwin
2017-10-04 05:00:37	worker	@OZRadioJakarta;2017-10-02 - 2017-10-02;submitSocial;all;arwin
2017-10-04 05:00:40	worker	@CosmopolitanFM;2017-10-02 - 2017-10-02;submitSocial;all;arwin
2017-10-04 05:00:42	worker	@mustang88fm;2017-10-02 - 2017-10-02;submitSocial;all;arwin
2017-10-04 05:00:44	worker	@debabaz;2017-10-02 - 2017-10-02;submitSocial;all;arwin
2017-10-04 05:00:46	worker	@detikcom;2017-10-02 - 2017-10-02;submitSocial;all;arwin
2017-10-04 05:00:50	worker	@radioelshinta;2017-10-02 - 2017-10-02;submitSocial;all;arwin
2017-10-04 05:00:53	worker	@cinema21;2017-10-02 - 2017-10-02;submitSocial;all;arwin
2017-10-04 05:00:56	worker	@OfficialRCTI;2017-10-02 - 2017-10-02;submitSocial;all;arwin
2017-10-04 05:00:58	worker	@TRANSTV_CORP;2017-10-02 - 2017-10-02;submitSocial;all;arwin
2017-10-04 05:01:01	worker	@TRANS7;2017-10-02 - 2017-10-02;submitSocial;all;arwin
2017-10-04 05:01:04	worker	@Metro_TV;2017-10-02 - 2017-10-02;submitSocial;all;arwin
2017-10-04 05:01:07	worker	@tvOneNews;2017-10-02 - 2017-10-02;submitSocial;all;arwin
2017-10-04 05:01:10	worker	@whatsonANTV;2017-10-02 - 2017-10-02;submitSocial;all;arwin
2017-10-04 05:01:12	worker	@SCTV_;2017-10-02 - 2017-10-02;submitSocial;all;arwin
2017-10-04 05:01:15	worker	@KompasTV;2017-10-02 - 2017-10-02;submitSocial;all;arwin
2017-10-04 05:01:18	worker	@netmediatama;2017-10-02 - 2017-10-02;submitSocial;all;arwin
2017-10-04 05:01:21	worker	@Globaltvseru;2017-10-02 - 2017-10-02;submitSocial;all;arwin
2017-10-04 05:01:24	worker	@JaktvCom;2017-10-02 - 2017-10-02;submitSocial;all;arwin
2017-10-04 05:01:27	worker	@TVRINasional;2017-10-02 - 2017-10-02;submitSocial;all;arwin
2017-10-04 05:01:29	worker	@ochannelupdates;2017-10-02 - 2017-10-02;submitSocial;all;arwin
2017-10-04 05:01:31	worker	@IndosiarID;2017-10-02 - 2017-10-02;submitSocial;all;arwin
2017-10-04 05:01:34	worker	@kompascom;2017-10-02 - 2017-10-02;submitSocial;all;arwin
2017-10-04 05:01:37	worker	@merdekadotcom;2017-10-02 - 2017-10-02;submitSocial;all;arwin
2017-10-04 05:01:39	worker	@MIdotcom;2017-10-02 - 2017-10-02;submitSocial;all;arwin
2017-10-04 05:01:42	worker	@tempodotco;2017-10-02 - 2017-10-02;submitSocial;all;arwin
2017-10-04 05:01:45	worker	@motion975fm;2017-10-02 - 2017-10-02;submitSocial;all;arwin
2017-10-04 05:01:47	worker	@_radiotoday;2017-10-02 - 2017-10-02;submitSocial;all;arwin
2017-10-04 05:01:49	worker	@radioinfo;2017-10-02 - 2017-10-02;submitSocial;all;arwin
2017-10-04 05:01:52	worker	@979FeMaleRadio;2017-10-02 - 2017-10-02;submitSocial;all;arwin
2017-10-04 05:01:54	worker	@WomanRadio943FM;2017-10-02 - 2017-10-02;submitSocial;all;arwin
2017-10-04 05:01:56	worker	@VRadioFM;2017-10-02 - 2017-10-02;submitSocial;all;arwin
2017-10-04 05:01:59	worker	@UFM947;2017-10-02 - 2017-10-02;submitSocial;all;arwin
2017-10-04 05:02:01	worker	@VIVAnews;2017-10-02 - 2017-10-02;submitSocial;all;arwin
2017-10-04 05:02:03	worker	@antaranews;2017-10-02 - 2017-10-02;submitSocial;all;arwin
2017-10-04 05:02:06	worker	@tribunnews;2017-10-02 - 2017-10-02;submitSocial;all;arwin
2017-10-04 05:02:08	worker	@okezonenews;2017-10-02 - 2017-10-02;submitSocial;all;arwin
2017-10-04 05:02:11	worker	@Beritasatu;2017-10-02 - 2017-10-02;submitSocial;all;arwin
2017-10-04 05:02:14	worker	@rollingstoneina;2017-10-02 - 2017-10-02;submitSocial;all;arwin
2017-10-04 05:02:16	worker	@FIMELAdotcom;2017-10-02 - 2017-10-02;submitSocial;all;arwin
2017-10-04 05:02:18	worker	@KapanLagicom;2017-10-02 - 2017-10-02;submitSocial;all;arwin
2017-10-04 05:02:20	worker	@KompasEnt ;2017-10-02 - 2017-10-02;submitSocial;all;arwin
2017-10-04 05:02:23	worker	@HaiMagazine;2017-10-02 - 2017-10-02;submitSocial;all;arwin
2017-10-04 05:02:25	worker	@JakartaVenue;2017-10-02 - 2017-10-02;submitSocial;all;arwin
2017-10-04 05:02:28	worker	@SeputarEvent;2017-10-02 - 2017-10-02;submitSocial;all;arwin
2017-10-04 05:02:30	worker	@ismayaLive;2017-10-02 - 2017-10-02;submitSocial;all;arwin
2017-10-04 05:02:32	worker	@ECEntertainment;2017-10-02 - 2017-10-02;submitSocial;all;arwin
2017-10-04 05:02:35	worker	@synergism_En;2017-10-02 - 2017-10-02;submitSocial;all;arwin
2017-10-04 05:02:37	worker	@Urbanbandung;2017-10-02 - 2017-10-02;submitSocial;all;arwin
2017-10-04 05:02:39	worker	@Urbanrkm995;2017-10-02 - 2017-10-02;submitSocial;all;arwin
2017-10-04 05:02:41	worker	@Garuda_Promo;2017-10-02 - 2017-10-02;submitSocial;all;arwin
2017-10-04 05:02:43	worker	@AirAsiaID;2017-10-02 - 2017-10-02;submitSocial;all;arwin
2017-10-04 05:02:45	worker	@KAI121;2017-10-02 - 2017-10-02;submitSocial;all;arwin
2017-10-04 05:02:48	worker	@Unilever;2017-10-02 - 2017-10-02;submitSocial;all;arwin
2017-10-04 05:02:51	worker	@Nestle;2017-10-02 - 2017-10-02;submitSocial;all;arwin
2017-10-04 05:02:55	worker	@CocaCola;2017-10-02 - 2017-10-02;submitSocial;all;arwin
2017-10-04 05:02:59	worker	@CNN;2017-10-02 - 2017-10-02;submitSocial;all;arwin
2017-10-04 05:03:07	worker	@MTV;2017-10-02 - 2017-10-02;submitSocial;all;arwin
2017-10-04 05:03:12	worker	@channelv;2017-10-02 - 2017-10-02;submitSocial;all;arwin
2017-10-04 05:03:14	worker	@iTunesMusic;2017-10-02 - 2017-10-02;submitSocial;all;arwin
2017-10-04 05:03:17	worker	@mashable;2017-10-02 - 2017-10-02;submitSocial;all;arwin
2017-10-04 05:03:21	worker	@decacaz;2017-10-02 - 2017-10-02;submitSocial;all;arwin
2017-10-04 05:03:23	worker	@radiobaru967FM;2017-10-02 - 2017-10-02;submitSocial;all;arwin
2017-10-04 05:03:25	worker	@967HitzFM;2017-10-02 - 2017-10-02;submitSocial;all;arwin
2017-10-04 05:03:27	worker	@TVGuide;2017-10-02 - 2017-10-02;submitSocial;all;arwin
2017-10-04 05:03:30	worker	@XL123;2017-10-02 - 2017-10-02;submitSocial;all;arwin
2017-10-04 05:03:32	worker	@triindonesia;2017-10-02 - 2017-10-02;submitSocial;all;arwin
2017-10-04 05:03:35	worker	@kaskus;2017-10-02 - 2017-10-02;submitSocial;all;arwin
2017-10-04 05:03:38	worker	@Studio_XXI;2017-10-02 - 2017-10-02;submitSocial;all;arwin
2017-10-04 05:03:40	worker	@blitzmegaplex;2017-10-02 - 2017-10-02;submitSocial;all;arwin
2017-10-04 05:03:42	worker	@alfamartku;2017-10-02 - 2017-10-02;submitSocial;all;arwin
2017-10-04 05:03:44	worker	@Carrefour_ID;2017-10-02 - 2017-10-02;submitSocial;all;arwin
2017-10-04 05:03:47	worker	@BBCBreaking;2017-10-02 - 2017-10-02;submitSocial;all;arwin
2017-10-04 05:03:51	worker	@Forbes;2017-10-02 - 2017-10-02;submitSocial;all;arwin
2017-10-04 05:03:58	worker	@BensRadio;2017-10-02 - 2017-10-02;submitSocial;all;arwin
2017-10-04 05:04:00	worker	@instagram;2017-10-02 - 2017-10-02;submitSocial;all;arwin
2017-10-04 05:04:06	worker	@Pinterest;2017-10-02 - 2017-10-02;submitSocial;all;arwin
2017-10-04 05:04:09	worker	@google;2017-10-02 - 2017-10-02;submitSocial;all;arwin
2017-10-04 05:04:15	worker	@Pertaminalub;2017-10-02 - 2017-10-02;submitSocial;all;arwin
2017-10-04 05:04:17	worker	@InfoLalinTol;2017-10-02 - 2017-10-02;submitSocial;all;arwin
2017-10-04 05:04:19	worker	@PTJASAMARGA;2017-10-02 - 2017-10-02;submitSocial;all;arwin
2017-10-04 05:04:22	worker	@cititransindo;2017-10-02 - 2017-10-02;submitSocial;all;arwin
2017-10-04 05:04:24	worker	#semangatpagisuperr;2017-10-02 - 2017-10-02;submitSocial;all;arwin
2017-10-04 05:04:26	worker	#genkuisinsideout;2017-10-02 - 2017-10-02;submitSocial;all;arwin
2017-10-04 05:04:28	worker	#semangatpagi;2017-10-02 - 2017-10-02;submitSocial;all;arwin
2017-10-04 05:04:31	worker	#dikamar;2017-10-02 - 2017-10-02;submitSocial;all;arwin
2017-10-04 05:04:33	worker	#kopaja;2017-10-02 - 2017-10-02;submitSocial;all;arwin
2017-10-04 05:04:36	worker	#generaksi8;2017-10-02 - 2017-10-02;submitSocial;all;arwin
2017-10-04 05:04:37	worker	#hitztsp;2017-10-02 - 2017-10-02;submitSocial;all;arwin
2017-10-04 05:04:40	worker	#np;2017-10-02 - 2017-10-02;submitSocial;all;arwin
2017-10-04 05:04:43	worker	#hitzlivestage;2017-10-02 - 2017-10-02;submitSocial;all;arwin
2017-10-04 05:04:45	worker	#thefreaks;2017-10-02 - 2017-10-02;submitSocial;all;arwin
2017-10-04 05:04:48	worker	#hitzsirkuspagi;2017-10-02 - 2017-10-02;submitSocial;all;arwin
2017-10-04 05:04:50	worker	#hitzathlon;2017-10-02 - 2017-10-02;submitSocial;all;arwin
2017-10-04 05:04:52	worker	#hitzzombie;2017-10-02 - 2017-10-02;submitSocial;all;arwin
2017-10-04 05:04:55	worker	#hitzkalong;2017-10-02 - 2017-10-02;submitSocial;all;arwin
2017-10-04 05:04:57	worker	#hitzbebas;2017-10-02 - 2017-10-02;submitSocial;all;arwin
2017-10-04 05:04:59	worker	#hitzhorehara;2017-10-02 - 2017-10-02;submitSocial;all;arwin
2017-10-04 05:05:02	worker	@ZaloraID;2017-10-02 - 2017-10-02;submitSocial;all;arwin
2017-10-04 05:05:05	worker	@OLX_Indonesia;2017-10-02 - 2017-10-02;submitSocial;all;arwin
2017-10-04 05:05:08	worker	@LazadaID;2017-10-02 - 2017-10-02;submitSocial;all;arwin
2017-10-04 05:05:12	worker	@utrippers;2017-10-02 - 2017-10-02;submitSocial;all;arwin
2017-10-04 05:05:15	worker	@GoGobot;2017-10-02 - 2017-10-02;submitSocial;all;arwin
2017-10-04 05:05:17	worker	@viatortravel;2017-10-02 - 2017-10-02;submitSocial;all;arwin
2017-10-04 05:05:20	worker	@alandakariza;2017-10-02 - 2017-10-02;submitSocial;all;arwin
2017-10-04 05:05:22	worker	@gagasmedia;2017-10-02 - 2017-10-02;submitSocial;all;arwin
2017-10-04 05:05:25	worker	@welovehonda;2017-10-02 - 2017-10-02;submitSocial;all;arwin
2017-10-04 05:05:27	worker	@SuzukiMotorID;2017-10-02 - 2017-10-02;submitSocial;all;arwin
2017-10-04 05:05:29	worker	@kawasakilovers;2017-10-02 - 2017-10-02;submitSocial;all;arwin
2017-10-04 05:05:32	worker	@yamahaindonesia;2017-10-02 - 2017-10-02;submitSocial;all;arwin
2017-10-04 05:05:34	worker	@tripanzee;2017-10-02 - 2017-10-02;submitSocial;all;arwin
2017-10-04 05:05:36	worker	@arnoldpoernomo;2017-10-02 - 2017-10-02;submitSocial;all;arwin
2017-10-04 05:05:38	worker	@nicsap;2017-10-02 - 2017-10-02;submitSocial;all;arwin
2017-10-04 05:05:41	worker	@tiket2;2017-10-02 - 2017-10-02;submitSocial;all;arwin
2017-10-04 05:05:43	worker	@traveloka;2017-10-02 - 2017-10-02;submitSocial;all;arwin
2017-10-04 05:05:46	worker	@wego;2017-10-02 - 2017-10-02;submitSocial;all;arwin
2017-10-04 05:05:49	worker	@agoda;2017-10-02 - 2017-10-02;submitSocial;all;arwin
2017-10-04 05:05:52	worker	#salahsambung;2017-10-02 - 2017-10-02;submitSocial;all;arwin
2017-10-04 05:05:54	worker	#tulalit;2017-10-02 - 2017-10-02;submitSocial;all;arwin
2017-10-04 05:05:56	worker	#pestageneraksi8;2017-10-02 - 2017-10-02;submitSocial;all;arwin
2017-10-04 05:05:58	worker	#ganaskustik;2017-10-02 - 2017-10-02;submitSocial;all;arwin
2017-10-04 05:06:00	worker	#lnhot20;2017-10-02 - 2017-10-02;submitSocial;all;arwin
2017-10-04 05:06:03	worker	@TripAdvisor;2017-10-02 - 2017-10-02;submitSocial;all;arwin
2017-10-04 05:06:05	worker	@google;2017-10-02 - 2017-10-02;submitSocial;all;arwin
2017-10-04 05:06:11	worker	@Telkomsel;2017-10-02 - 2017-10-02;submitSocial;all;arwin
2017-10-04 05:06:15	worker	@indosat;2017-10-02 - 2017-10-02;submitSocial;all;arwin
2017-10-04 05:06:17	worker	@bahanafmjkt;2017-10-02 - 2017-10-02;submitSocial;all;2017-10-04 05:06:23	worker	@sonorafm92;2017-10-02 - 2017-10-02;submitSocial;all;arwin
2017-10-04 05:06:25	worker	@litefm1058;2017-10-02 - 2017-10-02;submitSocial;all;arwin
2017-10-04 05:06:27	worker	@Bravaradio;2017-10-02 - 2017-10-02;submitSocial;all;arwin
2017-10-04 05:06:29	worker	#dgitm;2017-10-02 - 2017-10-02;submitSocial;all;arwin
2017-10-04 05:06:32	worker	#hitsalaprambors;2017-10-02 - 2017-10-02;submitSocial;all;arwin
2017-10-04 05:06:34	worker	#reqprambors;2017-10-02 - 2017-10-02;submitSocial;all;arwin
2017-10-04 05:06:37	worker	#thedandees;2017-10-02 - 2017-10-02;submitSocial;all;arwin
2017-10-04 05:06:39	worker	#pramborsquiz;2017-10-02 - 2017-10-02;submitSocial;all;arwin
2017-10-04 05:06:41	worker	#jeliprambors;2017-10-02 - 2017-10-02;submitSocial;all;arwin
2017-10-04 05:06:43	worker	#jodohinprambors;2017-10-02 - 2017-10-02;submitSocial;all;arwin
2017-10-04 05:06:45	worker	#ubahdenganbicara;2017-10-02 - 2017-10-02;submitSocial;all;arwin
2017-10-04 05:06:47	worker	#pramborschat;2017-10-02 - 2017-10-02;submitSocial;all;arwin
2017-10-04 05:06:50	worker	#tweetforduit;2017-10-02 - 2017-10-02;submitSocial;all;arwin
2017-10-04 05:06:52	worker	#joki3in1;2017-10-02 - 2017-10-02;submitSocial;all;arwin
2017-10-04 05:06:54	worker	#sarapanseru;2017-10-02 - 2017-10-02;submitSocial;all;arwin
2017-10-04 05:06:56	worker	#rawonkaneloop;2017-10-02 - 2017-10-02;submitSocial;all;arwin
2017-10-04 05:06:59	worker	#gudegkendilkeraton;2017-10-02 - 2017-10-02;submitSocial;all;arwin
2017-10-04 05:07:01	worker	#gadogadobutika;2017-10-02 - 2017-10-02;submitSocial;all;arwin
2017-10-04 05:07:04	worker	#mtvhottest;2017-10-02 - 2017-10-02;submitSocial;all;arwin
2017-10-04 05:07:07	worker	#dimsumcjdw;2017-10-02 - 2017-10-02;submitSocial;all;arwin
2017-10-04 05:07:09	worker	#pecelmadiunmbakniek;2017-10-02 - 2017-10-02;submitSocial;all;arwin
2017-10-04 05:07:11	worker	#depotarema;2017-10-02 - 2017-10-02;submitSocial;all;arwin
2017-10-04 05:07:13	worker	@BNI46;2017-10-02 - 2017-10-02;submitSocial;all;arwin
2017-10-04 05:07:16	worker	@BANKBRI_ID;2017-10-02 - 2017-10-02;submitSocial;all;arwin
2017-10-04 05:07:18	worker	#bni46;2017-10-02 - 2017-10-02;submitSocial;all;arwin
2017-10-04 05:07:21	worker	macet;2017-10-02 - 2017-10-02;submitSocial;all;arwin
2017-10-04 05:07:25	worker	#selamatpagi;2017-10-02 - 2017-10-02;submitSocial;all;arwin
2017-10-04 05:07:27	worker	#selamatmalam;2017-10-02 - 2017-10-02;submitSocial;all;arwin
2017-10-04 05:07:29	worker	@884GlobalRadio;2017-10-02 - 2017-10-02;submitSocial;all;arwin
2017-10-04 05:07:31	worker	@day_trans;2017-10-02 - 2017-10-02;submitSocial;all;arwin
2017-10-04 05:07:34	worker	@kencanavoyage;2017-10-02 - 2017-10-02;submitSocial;all;arwin
2017-10-04 05:07:36	worker	@jukebox5d;2017-10-02 - 2017-10-02;submitSocial;all;arwin
2017-10-04 05:07:38	worker	#mtvhottest;2017-10-02 - 2017-10-02;submitSocial;all;arwin
2017-10-04 05:07:41	worker	#semangatpagi;2017-10-02 - 2017-10-02;submitSocial;all;arwin
2017-10-04 05:07:43	worker	lifebuoy;2017-10-02 - 2017-10-02;submitSocial;all;arwin
2017-10-04 05:07:45	worker	jokowi;2017-10-02 - 2017-10-02;submitSocial;all;arwin
2017-10-04 05:07:52	worker	obama;2017-10-02 - 2017-10-02;submitSocial;all;arwin
2017-10-04 05:08:01	worker	starwars;2017-10-02 - 2017-10-02;submitSocial;all;arwin
2017-10-04 05:08:05	worker	jonan;2017-10-02 - 2017-10-02;submitSocial;all;arwin
2017-10-04 05:08:08	worker	pagi;2017-10-02 - 2017-10-02;submitSocial;all;arwin
2017-10-04 05:08:16	worker	sampoerna;2017-10-02 - 2017-10-02;submitSocial;all;arwin
2017-10-04 05:08:19	worker	djarum;2017-10-02 - 2017-10-02;submitSocial;all;arwin
2017-10-04 05:08:22	worker	#semangatpagi;2017-10-02 - 2017-10-02;submitSocial;all;arwin
2017-10-04 05:08:25	worker	#generaksi8;2017-10-02 - 2017-10-02;submitSocial;all;arwin
2017-10-04 05:08:27	worker	#365alasan;2017-10-02 - 2017-10-02;submitSocial;all;arwin
2017-10-04 05:08:29	worker	weew;2017-10-02 - 2017-10-02;submitSocial;all;arwin
2017-10-04 05:08:32	worker	testing;2017-10-02 - 2017-10-02;submitSocial;all;arwin
2017-10-04 05:08:40	worker	#kopaja;2017-10-02 - 2017-10-02;submitSocial;all;arwin
2017-10-04 05:08:43	worker	#genkuisinsideout;2017-10-02 - 2017-10-02;submitSocial;all;arwin
2017-10-04 05:08:45	worker	starwars;2017-10-02 - 2017-10-02;submitSocial;all;arwin
2017-10-04 05:08:48	worker	#kopaja;2017-10-02 - 2017-10-02;submitSocial;all;arwin
2017-10-04 05:08:51	worker	mldspot;2017-10-02 - 2017-10-02;submitSocial;all;arwin
2017-10-04 05:08:53	worker	PBDjarum;2017-10-02 - 2017-10-02;submitSocial;all;arwin
2017-10-04 05:08:56	worker	TemanNabati;2017-10-02 - 2017-10-02;submitSocial;all;arwin
2017-10-04 05:08:58	worker	Nextar;2017-10-02 - 2017-10-02;submitSocial;all;arwin
2017-10-04 05:09:01	worker	jokowo;2017-10-02 - 2017-10-02;submitSocial;all;arwin
2017-10-04 05:09:05	worker	prabowo;2017-10-02 - 2017-10-02;submitSocial;all;arwin
2017-10-04 05:09:09	worker	sudirman said;2017-10-02 - 2017-10-02;submitSocial;all;arwin
2017-10-04 05:09:12	worker	ahok;2017-10-02 - 2017-10-02;submitSocial;all;arwin
2017-10-04 05:09:16	worker	setyanovanto;2017-10-02 - 2017-10-02;submitSocial;all;arwin
2017-10-04 05:09:19	worker	jokowi;2017-10-02 - 2017-10-02;submitSocial;all;arwin
2017-10-04 05:09:26	worker	ahok;2017-10-02 - 2017-10-02;submitSocial;all;arwin
2017-10-04 05:09:30	worker	prabowo;2017-10-02 - 2017-10-02;submitSocial;all;arwin
2017-10-04 05:09:35	worker	sudirman said;2017-10-02 - 2017-10-02;submitSocial;all;arwin
2017-10-04 05:09:37	worker	setyanovanto;2017-10-02 - 2017-10-02;submitSocial;all;arwin
2017-10-04 05:09:40	worker	galau;2017-10-02 - 2017-10-02;submitSocial;all;arwin
2017-10-04 05:09:44	worker	#prestasiindonesia;2017-10-02 - 2017-10-02;submitSocial;all;arwin
2017-10-04 05:09:46	worker	@Tw_Debi;2017-10-02 - 2017-10-02;submitSocial;all;arwin
2017-10-04 05:09:49	worker	@OfficialFastron;2017-10-02 - 2017-10-02;submitSocial;all;arwin
2017-10-04 05:09:51	worker	@CitibankID;2017-10-02 - 2017-10-02;submitSocial;all;arwin
2017-10-04 05:09:53	worker	@jak101fm;2017-10-02 - 2017-10-02;submitSocial;all;arwin
2017-10-04 05:09:56	worker	@genfm;2017-10-02 - 2017-10-02;submitSocial;all;arwin
