2017-03-09 05:00:02	worker	@987genfm;2017-03-07 - 2017-03-07;submitSocial;all;arwin
2017-03-09 05:00:06	worker	@101jakfm;2017-03-07 - 2017-03-07;submitSocial;all;arwin
2017-03-09 05:00:09	worker	@prambors;2017-03-07 - 2017-03-07;submitSocial;all;arwin
2017-03-09 05:00:13	worker	@hardrockfm;2017-03-07 - 2017-03-07;submitSocial;all;arwin
2017-03-09 05:00:16	worker	@kisfmjakarta;2017-03-07 - 2017-03-07;submitSocial;all;arwin
2017-03-09 05:00:19	worker	@delta_fm;2017-03-07 - 2017-03-07;submitSocial;all;arwin
2017-03-09 05:00:22	worker	@traxfmjkt;2017-03-07 - 2017-03-07;submitSocial;all;arwin
2017-03-09 05:00:25	worker	@iradiojakarta;2017-03-07 - 2017-03-07;submitSocial;all;arwin
2017-03-09 05:00:28	worker	@indika9160fm;2017-03-07 - 2017-03-07;submitSocial;all;arwin
2017-03-09 05:00:31	worker	@shellindonesia;2017-03-07 - 2017-03-07;submitSocial;all;arwin
2017-03-09 05:00:33	worker	@vpowerfans;2017-03-07 - 2017-03-07;submitSocial;all;arwin
2017-03-09 05:00:36	worker	@pertamaxind;2017-03-07 - 2017-03-07;submitSocial;all;arwin
2017-03-09 05:00:38	worker	@ptpertamina;2017-03-07 - 2017-03-07;submitSocial;all;arwin
2017-03-09 05:00:41	worker	@OZRadioJakarta;2017-03-07 - 2017-03-07;submitSocial;all;arwin
2017-03-09 05:00:43	worker	@CosmopolitanFM;2017-03-07 - 2017-03-07;submitSocial;all;arwin
2017-03-09 05:00:46	worker	@mustang88fm;2017-03-07 - 2017-03-07;submitSocial;all;arwin
2017-03-09 05:00:49	worker	@debabaz;2017-03-07 - 2017-03-07;submitSocial;all;arwin
2017-03-09 05:00:51	worker	@detikcom;2017-03-07 - 2017-03-07;submitSocial;all;arwin
2017-03-09 05:00:54	worker	@radioelshinta;2017-03-07 - 2017-03-07;submitSocial;all;arwin
2017-03-09 05:00:57	worker	@cinema21;2017-03-07 - 2017-03-07;submitSocial;all;arwin
2017-03-09 05:01:00	worker	@OfficialRCTI;2017-03-07 - 2017-03-07;submitSocial;all;arwin
2017-03-09 05:01:03	worker	@TRANSTV_CORP;2017-03-07 - 2017-03-07;submitSocial;all;arwin
2017-03-09 05:01:06	worker	@TRANS7;2017-03-07 - 2017-03-07;submitSocial;all;arwin
2017-03-09 05:01:09	worker	@Metro_TV;2017-03-07 - 2017-03-07;submitSocial;all;arwin
2017-03-09 05:01:12	worker	@tvOneNews;2017-03-07 - 2017-03-07;submitSocial;all;arwin
2017-03-09 05:01:15	worker	@whatsonANTV;2017-03-07 - 2017-03-07;submitSocial;all;arwin
2017-03-09 05:01:18	worker	@SCTV_;2017-03-07 - 2017-03-07;submitSocial;all;arwin
2017-03-09 05:01:21	worker	@KompasTV;2017-03-07 - 2017-03-07;submitSocial;all;arwin
2017-03-09 05:01:24	worker	@netmediatama;2017-03-07 - 2017-03-07;submitSocial;all;arwin
2017-03-09 05:01:27	worker	@Globaltvseru;2017-03-07 - 2017-03-07;submitSocial;all;arwin
2017-03-09 05:01:30	worker	@JaktvCom;2017-03-07 - 2017-03-07;submitSocial;all;arwin
2017-03-09 05:01:33	worker	@TVRINasional;2017-03-07 - 2017-03-07;submitSocial;all;arwin
2017-03-09 05:01:35	worker	@ochannelupdates;2017-03-07 - 2017-03-07;submitSocial;all;arwin
2017-03-09 05:01:38	worker	@IndosiarID;2017-03-07 - 2017-03-07;submitSocial;all;arwin
2017-03-09 05:01:41	worker	@kompascom;2017-03-07 - 2017-03-07;submitSocial;all;arwin
2017-03-09 05:01:45	worker	@merdekadotcom;2017-03-07 - 2017-03-07;submitSocial;all;arwin
2017-03-09 05:01:47	worker	@MIdotcom;2017-03-07 - 2017-03-07;submitSocial;all;arwin
2017-03-09 05:01:50	worker	@tempodotco;2017-03-07 - 2017-03-07;submitSocial;all;arwin
2017-03-09 05:01:53	worker	@motion975fm;2017-03-07 - 2017-03-07;submitSocial;all;arwin
2017-03-09 05:01:56	worker	@_radiotoday;2017-03-07 - 2017-03-07;submitSocial;all;arwin
2017-03-09 05:01:58	worker	@radioinfo;2017-03-07 - 2017-03-07;submitSocial;all;arwin
2017-03-09 05:02:01	worker	@979FeMaleRadio;2017-03-07 - 2017-03-07;submitSocial;all;arwin
2017-03-09 05:02:03	worker	@WomanRadio943FM;2017-03-07 - 2017-03-07;submitSocial;all;arwin
2017-03-09 05:02:06	worker	@VRadioFM;2017-03-07 - 2017-03-07;submitSocial;all;arwin
2017-03-09 05:02:09	worker	@UFM947;2017-03-07 - 2017-03-07;submitSocial;all;arwin
2017-03-09 05:02:11	worker	@VIVAnews;2017-03-07 - 2017-03-07;submitSocial;all;arwin
2017-03-09 05:02:14	worker	@antaranews;2017-03-07 - 2017-03-07;submitSocial;all;arwin
2017-03-09 05:02:17	worker	@tribunnews;2017-03-07 - 2017-03-07;submitSocial;all;arwin
2017-03-09 05:02:20	worker	@okezonenews;2017-03-07 - 2017-03-07;submitSocial;all;arwin
2017-03-09 05:02:23	worker	@Beritasatu;2017-03-07 - 2017-03-07;submitSocial;all;arwin
2017-03-09 05:02:26	worker	@rollingstoneina;2017-03-07 - 2017-03-07;submitSocial;all;arwin
2017-03-09 05:02:28	worker	@FIMELAdotcom;2017-03-07 - 2017-03-07;submitSocial;all;arwin
2017-03-09 05:02:31	worker	@KapanLagicom;2017-03-07 - 2017-03-07;submitSocial;all;arwin
2017-03-09 05:02:33	worker	@KompasEnt ;2017-03-07 - 2017-03-07;submitSocial;all;arwin
2017-03-09 05:02:36	worker	@HaiMagazine;2017-03-07 - 2017-03-07;submitSocial;all;arwin
2017-03-09 05:02:39	worker	@JakartaVenue;2017-03-07 - 2017-03-07;submitSocial;all;arwin
2017-03-09 05:02:41	worker	@SeputarEvent;2017-03-07 - 2017-03-07;submitSocial;all;arwin
2017-03-09 05:02:44	worker	@ismayaLive;2017-03-07 - 2017-03-07;submitSocial;all;arwin
2017-03-09 05:02:46	worker	@ECEntertainment;2017-03-07 - 2017-03-07;submitSocial;all;arwin
2017-03-09 05:02:49	worker	@synergism_En;2017-03-07 - 2017-03-07;submitSocial;all;arwin
2017-03-09 05:02:51	worker	@Urbanbandung;2017-03-07 - 2017-03-07;submitSocial;all;arwin
2017-03-09 05:02:54	worker	@Urbanrkm995;2017-03-07 - 2017-03-07;submitSocial;all;arwin
2017-03-09 05:02:56	worker	@Garuda_Promo;2017-03-07 - 2017-03-07;submitSocial;all;arwin
2017-03-09 05:02:58	worker	@AirAsiaID;2017-03-07 - 2017-03-07;submitSocial;all;arwin
2017-03-09 05:03:01	worker	@KAI121;2017-03-07 - 2017-03-07;submitSocial;all;arwin
2017-03-09 05:03:03	worker	@Unilever;2017-03-07 - 2017-03-07;submitSocial;all;arwin
2017-03-09 05:03:07	worker	@Nestle;2017-03-07 - 2017-03-07;submitSocial;all;arwin
2017-03-09 05:03:11	worker	@CocaCola;2017-03-07 - 2017-03-07;submitSocial;all;arwin
2017-03-09 05:03:14	worker	@CNN;2017-03-07 - 2017-03-07;submitSocial;all;arwin
2017-03-09 05:03:22	worker	@MTV;2017-03-07 - 2017-03-07;submitSocial;all;arwin
2017-03-09 05:03:26	worker	@channelv;2017-03-07 - 2017-03-07;submitSocial;all;arwin
2017-03-09 05:03:28	worker	@iTunesMusic;2017-03-07 - 2017-03-07;submitSocial;all;arwin
2017-03-09 05:03:31	worker	@mashable;2017-03-07 - 2017-03-07;submitSocial;all;arwin
2017-03-09 05:03:36	worker	@decacaz;2017-03-07 - 2017-03-07;submitSocial;all;arwin
2017-03-09 05:03:38	worker	@radiobaru967FM;2017-03-07 - 2017-03-07;submitSocial;all;arwin
2017-03-09 05:03:40	worker	@967HitzFM;2017-03-07 - 2017-03-07;submitSocial;all;arwin
2017-03-09 05:03:43	worker	@TVGuide;2017-03-07 - 2017-03-07;submitSocial;all;arwin
2017-03-09 05:03:46	worker	@XL123;2017-03-07 - 2017-03-07;submitSocial;all;arwin
2017-03-09 05:03:49	worker	@triindonesia;2017-03-07 - 2017-03-07;submitSocial;all;arwin
2017-03-09 05:03:52	worker	@kaskus;2017-03-07 - 2017-03-07;submitSocial;all;arwin
2017-03-09 05:03:55	worker	@Studio_XXI;2017-03-07 - 2017-03-07;submitSocial;all;arwin
2017-03-09 05:03:57	worker	@blitzmegaplex;2017-03-07 - 2017-03-07;submitSocial;all;arwin
2017-03-09 05:03:59	worker	@alfamartku;2017-03-07 - 2017-03-07;submitSocial;all;arwin
2017-03-09 05:04:02	worker	@Carrefour_ID;2017-03-07 - 2017-03-07;submitSocial;all;arwin
2017-03-09 05:04:04	worker	@BBCBreaking;2017-03-07 - 2017-03-07;submitSocial;all;arwin
2017-03-09 05:04:09	worker	@Forbes;2017-03-07 - 2017-03-07;submitSocial;all;arwin
2017-03-09 05:04:18	worker	@BensRadio;2017-03-07 - 2017-03-07;submitSocial;all;arwin
2017-03-09 05:04:20	worker	@instagram;2017-03-07 - 2017-03-07;submitSocial;all;arwin
2017-03-09 05:04:26	worker	@Pinterest;2017-03-07 - 2017-03-07;submitSocial;all;arwin
2017-03-09 05:04:30	worker	@google;2017-03-07 - 2017-03-07;submitSocial;all;arwin
2017-03-09 05:04:37	worker	@Pertaminalub;2017-03-07 - 2017-03-07;submitSocial;all;arwin
2017-03-09 05:04:39	worker	@InfoLalinTol;2017-03-07 - 2017-03-07;submitSocial;all;arwin
2017-03-09 05:04:42	worker	@PTJASAMARGA;2017-03-07 - 2017-03-07;submitSocial;all;arwin
2017-03-09 05:04:45	worker	@cititransindo;2017-03-07 - 2017-03-07;submitSocial;all;arwin
2017-03-09 05:04:47	worker	#semangatpagisuperr;2017-03-07 - 2017-03-07;submitSocial;all;arwin
2017-03-09 05:04:49	worker	#genkuisinsideout;2017-03-07 - 2017-03-07;submitSocial;all;arwin
2017-03-09 05:04:51	worker	#semangatpagi;2017-03-07 - 2017-03-07;submitSocial;all;arwin
2017-03-09 05:04:54	worker	#dikamar;2017-03-07 - 2017-03-07;submitSocial;all;arwin
2017-03-09 05:04:56	worker	#kopaja;2017-03-07 - 2017-03-07;submitSocial;all;arwin
2017-03-09 05:04:59	worker	#generaksi8;2017-03-07 - 2017-03-07;submitSocial;all;arwin
2017-03-09 05:05:01	worker	#hitztsp;2017-03-07 - 2017-03-07;submitSocial;all;arwin
2017-03-09 05:05:04	worker	#np;2017-03-07 - 2017-03-07;submitSocial;all;arwin
2017-03-09 05:05:08	worker	#hitzlivestage;2017-03-07 - 2017-03-07;submitSocial;all;arwin
2017-03-09 05:05:11	worker	#thefreaks;2017-03-07 - 2017-03-07;submitSocial;all;arwin
2017-03-09 05:05:13	worker	#hitzsirkuspagi;2017-03-07 - 2017-03-07;submitSocial;all;arwin
2017-03-09 05:05:16	worker	#hitzathlon;2017-03-07 - 2017-03-07;submitSocial;all;arwin
2017-03-09 05:05:18	worker	#hitzzombie;2017-03-07 - 2017-03-07;submitSocial;all;arwin
2017-03-09 05:05:21	worker	#hitzkalong;2017-03-07 - 2017-03-07;submitSocial;all;arwin
2017-03-09 05:05:24	worker	#hitzbebas;2017-03-07 - 2017-03-07;submitSocial;all;arwin
2017-03-09 05:05:26	worker	#hitzhorehara;2017-03-07 - 2017-03-07;submitSocial;all;arwin
2017-03-09 05:05:29	worker	@ZaloraID;2017-03-07 - 2017-03-07;submitSocial;all;arwin
2017-03-09 05:05:31	worker	@OLX_Indonesia;2017-03-07 - 2017-03-07;submitSocial;all;arwin
2017-03-09 05:05:34	worker	@LazadaID;2017-03-07 - 2017-03-07;submitSocial;all;arwin
2017-03-09 05:05:37	worker	@utrippers;2017-03-07 - 2017-03-07;submitSocial;all;arwin
2017-03-09 05:05:39	worker	@GoGobot;2017-03-07 - 2017-03-07;submitSocial;all;arwin
2017-03-09 05:05:42	worker	@viatortravel;2017-03-07 - 2017-03-07;submitSocial;all;arwin
2017-03-09 05:05:45	worker	@alandakariza;2017-03-07 - 2017-03-07;submitSocial;all;arwin
2017-03-09 05:05:47	worker	@gagasmedia;2017-03-07 - 2017-03-07;submitSocial;all;arwin
2017-03-09 05:05:50	worker	@welovehonda;2017-03-07 - 2017-03-07;submitSocial;all;arwin
2017-03-09 05:05:52	worker	@SuzukiMotorID;2017-03-07 - 2017-03-07;submitSocial;all;arwin
2017-03-09 05:05:55	worker	@kawasakilovers;2017-03-07 - 2017-03-07;submitSocial;all;arwin
2017-03-09 05:05:57	worker	@yamahaindonesia;2017-03-07 - 2017-03-07;submitSocial;all;arwin
2017-03-09 05:06:00	worker	@tripanzee;2017-03-07 - 2017-03-07;submitSocial;all;arwin
2017-03-09 05:06:03	worker	@arnoldpoernomo;2017-03-07 - 2017-03-07;submitSocial;all;arwin
2017-03-09 05:06:05	worker	@nicsap;2017-03-07 - 2017-03-07;submitSocial;all;arwin
2017-03-09 05:06:08	worker	@tiket2;2017-03-07 - 2017-03-07;submitSocial;all;arwin
2017-03-09 05:06:10	worker	@traveloka;2017-03-07 - 2017-03-07;submitSocial;all;arwin
2017-03-09 05:06:13	worker	@wego;2017-03-07 - 2017-03-07;submitSocial;all;arwin
2017-03-09 05:06:17	worker	@agoda;2017-03-07 - 2017-03-07;submitSocial;all;arwin
2017-03-09 05:06:21	worker	#salahsambung;2017-03-07 - 2017-03-07;submitSocial;all;arwin
2017-03-09 05:06:23	worker	#tulalit;2017-03-07 - 2017-03-07;submitSocial;all;arwin
2017-03-09 05:06:26	worker	#pestageneraksi8;2017-03-07 - 2017-03-07;submitSocial;all;arwin
2017-03-09 05:06:28	worker	#ganaskustik;2017-03-07 - 2017-03-07;submitSocial;all;arwin
2017-03-09 05:06:30	worker	#lnhot20;2017-03-07 - 2017-03-07;submitSocial;all;arwin
2017-03-09 05:06:32	worker	@TripAdvisor;2017-03-07 - 2017-03-07;submitSocial;all;arwin
2017-03-09 05:06:35	worker	@google;2017-03-07 - 2017-03-07;submitSocial;all;arwin
2017-03-09 05:06:42	worker	@Telkomsel;2017-03-07 - 2017-03-07;submitSocial;all;arwin
2017-03-09 05:06:46	worker	@indosat;2017-03-07 - 2017-03-07;submitSocial;all;arwin
2017-03-09 05:06:49	worker	@bahanafmjkt;2017-03-07 - 2017-03-07;submitSocial;all;2017-03-09 05:06:55	worker	@sonorafm92;2017-03-07 - 2017-03-07;submitSocial;all;arwin
2017-03-09 05:06:57	worker	@litefm1058;2017-03-07 - 2017-03-07;submitSocial;all;arwin
2017-03-09 05:06:59	worker	@Bravaradio;2017-03-07 - 2017-03-07;submitSocial;all;arwin
2017-03-09 05:07:01	worker	#dgitm;2017-03-07 - 2017-03-07;submitSocial;all;arwin
2017-03-09 05:07:05	worker	#hitsalaprambors;2017-03-07 - 2017-03-07;submitSocial;all;arwin
2017-03-09 05:07:07	worker	#reqprambors;2017-03-07 - 2017-03-07;submitSocial;all;arwin
2017-03-09 05:07:10	worker	#thedandees;2017-03-07 - 2017-03-07;submitSocial;all;arwin
2017-03-09 05:07:12	worker	#pramborsquiz;2017-03-07 - 2017-03-07;submitSocial;all;arwin
2017-03-09 05:07:14	worker	#jeliprambors;2017-03-07 - 2017-03-07;submitSocial;all;arwin
2017-03-09 05:07:17	worker	#jodohinprambors;2017-03-07 - 2017-03-07;submitSocial;all;arwin
2017-03-09 05:07:19	worker	#ubahdenganbicara;2017-03-07 - 2017-03-07;submitSocial;all;arwin
2017-03-09 05:07:21	worker	#pramborschat;2017-03-07 - 2017-03-07;submitSocial;all;arwin
2017-03-09 05:07:24	worker	#tweetforduit;2017-03-07 - 2017-03-07;submitSocial;all;arwin
2017-03-09 05:07:26	worker	#joki3in1;2017-03-07 - 2017-03-07;submitSocial;all;arwin
2017-03-09 05:07:29	worker	#sarapanseru;2017-03-07 - 2017-03-07;submitSocial;all;arwin
2017-03-09 05:07:31	worker	#rawonkaneloop;2017-03-07 - 2017-03-07;submitSocial;all;arwin
2017-03-09 05:07:34	worker	#gudegkendilkeraton;2017-03-07 - 2017-03-07;submitSocial;all;arwin
2017-03-09 05:07:36	worker	#gadogadobutika;2017-03-07 - 2017-03-07;submitSocial;all;arwin
2017-03-09 05:07:38	worker	#mtvhottest;2017-03-07 - 2017-03-07;submitSocial;all;arwin
2017-03-09 05:07:41	worker	#dimsumcjdw;2017-03-07 - 2017-03-07;submitSocial;all;arwin
2017-03-09 05:07:43	worker	#pecelmadiunmbakniek;2017-03-07 - 2017-03-07;submitSocial;all;arwin
2017-03-09 05:07:45	worker	#depotarema;2017-03-07 - 2017-03-07;submitSocial;all;arwin
2017-03-09 05:07:48	worker	@BNI46;2017-03-07 - 2017-03-07;submitSocial;all;arwin
2017-03-09 05:07:51	worker	@BANKBRI_ID;2017-03-07 - 2017-03-07;submitSocial;all;arwin
2017-03-09 05:07:53	worker	#bni46;2017-03-07 - 2017-03-07;submitSocial;all;arwin
2017-03-09 05:07:56	worker	macet;2017-03-07 - 2017-03-07;submitSocial;all;arwin
2017-03-09 05:08:01	worker	#selamatpagi;2017-03-07 - 2017-03-07;submitSocial;all;arwin
2017-03-09 05:08:03	worker	#selamatmalam;2017-03-07 - 2017-03-07;submitSocial;all;arwin
2017-03-09 05:08:06	worker	@884GlobalRadio;2017-03-07 - 2017-03-07;submitSocial;all;arwin
2017-03-09 05:08:08	worker	@day_trans;2017-03-07 - 2017-03-07;submitSocial;all;arwin
2017-03-09 05:08:11	worker	@kencanavoyage;2017-03-07 - 2017-03-07;submitSocial;all;arwin
2017-03-09 05:08:14	worker	@jukebox5d;2017-03-07 - 2017-03-07;submitSocial;all;arwin
2017-03-09 05:08:17	worker	#mtvhottest;2017-03-07 - 2017-03-07;submitSocial;all;arwin
2017-03-09 05:08:19	worker	#semangatpagi;2017-03-07 - 2017-03-07;submitSocial;all;arwin
2017-03-09 05:08:22	worker	lifebuoy;2017-03-07 - 2017-03-07;submitSocial;all;arwin
2017-03-09 05:08:24	worker	jokowi;2017-03-07 - 2017-03-07;submitSocial;all;arwin
2017-03-09 05:08:30	worker	obama;2017-03-07 - 2017-03-07;submitSocial;all;arwin
2017-03-09 05:08:40	worker	starwars;2017-03-07 - 2017-03-07;submitSocial;all;arwin
2017-03-09 05:08:44	worker	jonan;2017-03-07 - 2017-03-07;submitSocial;all;arwin
2017-03-09 05:08:47	worker	pagi;2017-03-07 - 2017-03-07;submitSocial;all;arwin
2017-03-09 05:08:57	worker	sampoerna;2017-03-07 - 2017-03-07;submitSocial;all;arwin
2017-03-09 05:09:00	worker	djarum;2017-03-07 - 2017-03-07;submitSocial;all;arwin
2017-03-09 05:09:03	worker	#semangatpagi;2017-03-07 - 2017-03-07;submitSocial;all;arwin
2017-03-09 05:09:06	worker	#generaksi8;2017-03-07 - 2017-03-07;submitSocial;all;arwin
2017-03-09 05:09:08	worker	#365alasan;2017-03-07 - 2017-03-07;submitSocial;all;arwin
2017-03-09 05:09:11	worker	weew;2017-03-07 - 2017-03-07;submitSocial;all;arwin
2017-03-09 05:09:14	worker	testing;2017-03-07 - 2017-03-07;submitSocial;all;arwin
2017-03-09 05:09:22	worker	#kopaja;2017-03-07 - 2017-03-07;submitSocial;all;arwin
2017-03-09 05:09:25	worker	#genkuisinsideout;2017-03-07 - 2017-03-07;submitSocial;all;arwin
2017-03-09 05:09:27	worker	starwars;2017-03-07 - 2017-03-07;submitSocial;all;arwin
2017-03-09 05:09:30	worker	#kopaja;2017-03-07 - 2017-03-07;submitSocial;all;arwin
2017-03-09 05:09:33	worker	mldspot;2017-03-07 - 2017-03-07;submitSocial;all;arwin
2017-03-09 05:09:36	worker	PBDjarum;2017-03-07 - 2017-03-07;submitSocial;all;arwin
2017-03-09 05:09:39	worker	TemanNabati;2017-03-07 - 2017-03-07;submitSocial;all;arwin
2017-03-09 05:09:42	worker	Nextar;2017-03-07 - 2017-03-07;submitSocial;all;arwin
2017-03-09 05:09:45	worker	jokowo;2017-03-07 - 2017-03-07;submitSocial;all;arwin
2017-03-09 05:09:49	worker	prabowo;2017-03-07 - 2017-03-07;submitSocial;all;arwin
2017-03-09 05:09:53	worker	sudirman said;2017-03-07 - 2017-03-07;submitSocial;all;arwin
2017-03-09 05:09:55	worker	ahok;2017-03-07 - 2017-03-07;submitSocial;all;arwin
2017-03-09 05:10:06	worker	setyanovanto;2017-03-07 - 2017-03-07;submitSocial;all;arwin
2017-03-09 05:10:09	worker	jokowi;2017-03-07 - 2017-03-07;submitSocial;all;arwin
2017-03-09 05:10:16	worker	ahok;2017-03-07 - 2017-03-07;submitSocial;all;arwin
2017-03-09 05:10:27	worker	prabowo;2017-03-07 - 2017-03-07;submitSocial;all;arwin
2017-03-09 05:10:31	worker	sudirman said;2017-03-07 - 2017-03-07;submitSocial;all;arwin
2017-03-09 05:10:33	worker	setyanovanto;2017-03-07 - 2017-03-07;submitSocial;all;arwin
2017-03-09 05:10:36	worker	galau;2017-03-07 - 2017-03-07;submitSocial;all;arwin
2017-03-09 05:10:41	worker	#prestasiindonesia;2017-03-07 - 2017-03-07;submitSocial;all;arwin
2017-03-09 05:10:43	worker	@Tw_Debi;2017-03-07 - 2017-03-07;submitSocial;all;arwin
2017-03-09 05:10:46	worker	@OfficialFastron;2017-03-07 - 2017-03-07;submitSocial;all;arwin
2017-03-09 05:10:49	worker	@CitibankID;2017-03-07 - 2017-03-07;submitSocial;all;arwin
2017-03-09 05:10:51	worker	@jak101fm;2017-03-07 - 2017-03-07;submitSocial;all;arwin
2017-03-09 05:10:54	worker	@genfm;2017-03-07 - 2017-03-07;submitSocial;all;arwin
