2017-07-23 05:00:05	[{"keyword":"@987genfm","from":"2017-07-21","mode":"submitSocial","container":"all","username":"arwin"}]
2017-07-23 05:00:08	[{"keyword":"@101jakfm","from":"2017-07-21","mode":"submitSocial","container":"all","username":"arwin"}]
2017-07-23 05:00:10	[{"keyword":"@prambors","from":"2017-07-21","mode":"submitSocial","container":"all","username":"arwin"}]
2017-07-23 05:00:13	[{"keyword":"@hardrockfm","from":"2017-07-21","mode":"submitSocial","container":"all","username":"arwin"}]
2017-07-23 05:00:15	[{"keyword":"@kisfmjakarta","from":"2017-07-21","mode":"submitSocial","container":"all","username":"arwin"}]
2017-07-23 05:00:18	[{"keyword":"@delta_fm","from":"2017-07-21","mode":"submitSocial","container":"all","username":"arwin"}]
2017-07-23 05:00:20	[{"keyword":"@traxfmjkt","from":"2017-07-21","mode":"submitSocial","container":"all","username":"arwin"}]
2017-07-23 05:00:23	[{"keyword":"@iradiojakarta","from":"2017-07-21","mode":"submitSocial","container":"all","username":"arwin"}]
2017-07-23 05:00:25	[{"keyword":"@indika9160fm","from":"2017-07-21","mode":"submitSocial","container":"all","username":"arwin"}]
2017-07-23 05:00:27	[{"keyword":"@shellindonesia","from":"2017-07-21","mode":"submitSocial","container":"all","username":"arwin"}]
2017-07-23 05:00:29	[{"keyword":"@vpowerfans","from":"2017-07-21","mode":"submitSocial","container":"all","username":"arwin"}]
2017-07-23 05:00:31	[{"keyword":"@pertamaxind","from":"2017-07-21","mode":"submitSocial","container":"all","username":"arwin"}]
2017-07-23 05:00:34	[{"keyword":"@ptpertamina","from":"2017-07-21","mode":"submitSocial","container":"all","username":"arwin"}]
2017-07-23 05:00:36	[{"keyword":"@ozradiojakarta","from":"2017-07-21","mode":"submitSocial","container":"all","username":"arwin"}]
2017-07-23 05:00:39	[{"keyword":"@cosmopolitanfm","from":"2017-07-21","mode":"submitSocial","container":"all","username":"arwin"}]
2017-07-23 05:00:41	[{"keyword":"@mustang88fm","from":"2017-07-21","mode":"submitSocial","container":"all","username":"arwin"}]
2017-07-23 05:00:43	[{"keyword":"@debabaz","from":"2017-07-21","mode":"submitSocial","container":"all","username":"arwin"}]
2017-07-23 05:00:47	[{"keyword":"@detikcom","from":"2017-07-21","mode":"submitSocial","container":"all","username":"arwin"}]
2017-07-23 05:00:49	[{"keyword":"@radioelshinta","from":"2017-07-21","mode":"submitSocial","container":"all","username":"arwin"}]
2017-07-23 05:00:51	[{"keyword":"@cinema21","from":"2017-07-21","mode":"submitSocial","container":"all","username":"arwin"}]
2017-07-23 05:00:54	[{"keyword":"@officialrcti","from":"2017-07-21","mode":"submitSocial","container":"all","username":"arwin"}]
2017-07-23 05:00:56	[{"keyword":"@transtv_corp","from":"2017-07-21","mode":"submitSocial","container":"all","username":"arwin"}]
2017-07-23 05:00:59	[{"keyword":"@trans7","from":"2017-07-21","mode":"submitSocial","container":"all","username":"arwin"}]
2017-07-23 05:01:01	[{"keyword":"@metro_tv","from":"2017-07-21","mode":"submitSocial","container":"all","username":"arwin"}]
2017-07-23 05:01:04	[{"keyword":"@tvonenews","from":"2017-07-21","mode":"submitSocial","container":"all","username":"arwin"}]
2017-07-23 05:01:06	[{"keyword":"@whatsonantv","from":"2017-07-21","mode":"submitSocial","container":"all","username":"arwin"}]
2017-07-23 05:01:09	[{"keyword":"@sctv_","from":"2017-07-21","mode":"submitSocial","container":"all","username":"arwin"}]
2017-07-23 05:01:11	[{"keyword":"@kompastv","from":"2017-07-21","mode":"submitSocial","container":"all","username":"arwin"}]
2017-07-23 05:01:14	[{"keyword":"@netmediatama","from":"2017-07-21","mode":"submitSocial","container":"all","username":"arwin"}]
2017-07-23 05:01:16	[{"keyword":"@globaltvseru","from":"2017-07-21","mode":"submitSocial","container":"all","username":"arwin"}]
2017-07-23 05:01:19	[{"keyword":"@jaktvcom","from":"2017-07-21","mode":"submitSocial","container":"all","username":"arwin"}]
2017-07-23 05:01:21	[{"keyword":"@tvrinasional","from":"2017-07-21","mode":"submitSocial","container":"all","username":"arwin"}]
2017-07-23 05:01:23	[{"keyword":"@ochannelupdates","from":"2017-07-21","mode":"submitSocial","container":"all","username":"arwin"}]
2017-07-23 05:01:26	[{"keyword":"@indosiarid","from":"2017-07-21","mode":"submitSocial","container":"all","username":"arwin"}]
2017-07-23 05:01:30	[{"keyword":"@kompascom","from":"2017-07-21","mode":"submitSocial","container":"all","username":"arwin"}]
2017-07-23 05:01:32	[{"keyword":"@merdekadotcom","from":"2017-07-21","mode":"submitSocial","container":"all","username":"arwin"}]
2017-07-23 05:01:34	[{"keyword":"@midotcom","from":"2017-07-21","mode":"submitSocial","container":"all","username":"arwin"}]
2017-07-23 05:01:37	[{"keyword":"@tempodotco","from":"2017-07-21","mode":"submitSocial","container":"all","username":"arwin"}]
2017-07-23 05:01:39	[{"keyword":"@motion975fm","from":"2017-07-21","mode":"submitSocial","container":"all","username":"arwin"}]
2017-07-23 05:01:42	[{"keyword":"@_radiotoday","from":"2017-07-21","mode":"submitSocial","container":"all","username":"arwin"}]
2017-07-23 05:01:44	[{"keyword":"@radioinfo","from":"2017-07-21","mode":"submitSocial","container":"all","username":"arwin"}]
2017-07-23 05:01:46	[{"keyword":"@979femaleradio","from":"2017-07-21","mode":"submitSocial","container":"all","username":"arwin"}]
2017-07-23 05:01:48	[{"keyword":"@womanradio943fm","from":"2017-07-21","mode":"submitSocial","container":"all","username":"arwin"}]
2017-07-23 05:01:50	[{"keyword":"@vradiofm","from":"2017-07-21","mode":"submitSocial","container":"all","username":"arwin"}]
2017-07-23 05:01:52	[{"keyword":"@ufm947","from":"2017-07-21","mode":"submitSocial","container":"all","username":"arwin"}]
2017-07-23 05:01:55	[{"keyword":"@vivanews","from":"2017-07-21","mode":"submitSocial","container":"all","username":"arwin"}]
2017-07-23 05:01:57	[{"keyword":"@antaranews","from":"2017-07-21","mode":"submitSocial","container":"all","username":"arwin"}]
2017-07-23 05:02:00	[{"keyword":"@tribunnews","from":"2017-07-21","mode":"submitSocial","container":"all","username":"arwin"}]
2017-07-23 05:02:02	[{"keyword":"@okezonenews","from":"2017-07-21","mode":"submitSocial","container":"all","username":"arwin"}]
2017-07-23 05:02:05	[{"keyword":"@beritasatu","from":"2017-07-21","mode":"submitSocial","container":"all","username":"arwin"}]
2017-07-23 05:02:07	[{"keyword":"@rollingstoneina","from":"2017-07-21","mode":"submitSocial","container":"all","username":"arwin"}]
2017-07-23 05:02:09	[{"keyword":"@fimeladotcom","from":"2017-07-21","mode":"submitSocial","container":"all","username":"arwin"}]
2017-07-23 05:02:11	[{"keyword":"@kapanlagicom","from":"2017-07-21","mode":"submitSocial","container":"all","username":"arwin"}]
2017-07-23 05:02:14	[{"keyword":"@kompasent","from":"2017-07-21","mode":"submitSocial","container":"all","username":"arwin"}]
2017-07-23 05:02:16	[{"keyword":"@haimagazine","from":"2017-07-21","mode":"submitSocial","container":"all","username":"arwin"}]
2017-07-23 05:02:18	[{"keyword":"@jakartavenue","from":"2017-07-21","mode":"submitSocial","container":"all","username":"arwin"}]
2017-07-23 05:02:21	[{"keyword":"@seputarevent","from":"2017-07-21","mode":"submitSocial","container":"all","username":"arwin"}]
2017-07-23 05:02:23	[{"keyword":"@ismayalive","from":"2017-07-21","mode":"submitSocial","container":"all","username":"arwin"}]
2017-07-23 05:02:25	[{"keyword":"@ecentertainment","from":"2017-07-21","mode":"submitSocial","container":"all","username":"arwin"}]
2017-07-23 05:02:27	[{"keyword":"@synergism_en","from":"2017-07-21","mode":"submitSocial","container":"all","username":"arwin"}]
2017-07-23 05:02:29	[{"keyword":"@urbanbandung","from":"2017-07-21","mode":"submitSocial","container":"all","username":"arwin"}]
2017-07-23 05:02:31	[{"keyword":"@urbanrkm995","from":"2017-07-21","mode":"submitSocial","container":"all","username":"arwin"}]
2017-07-23 05:02:34	[{"keyword":"@garuda_promo","from":"2017-07-21","mode":"submitSocial","container":"all","username":"arwin"}]
2017-07-23 05:02:36	[{"keyword":"@airasiaid","from":"2017-07-21","mode":"submitSocial","container":"all","username":"arwin"}]
2017-07-23 05:02:38	[{"keyword":"@kai121","from":"2017-07-21","mode":"submitSocial","container":"all","username":"arwin"}]
2017-07-23 05:02:41	[{"keyword":"@unilever","from":"2017-07-21","mode":"submitSocial","container":"all","username":"arwin"}]
2017-07-23 05:02:43	[{"keyword":"@nestle","from":"2017-07-21","mode":"submitSocial","container":"all","username":"arwin"}]
2017-07-23 05:02:46	[{"keyword":"@cocacola","from":"2017-07-21","mode":"submitSocial","container":"all","username":"arwin"}]
2017-07-23 05:02:55	[{"keyword":"@cnn","from":"2017-07-21","mode":"submitSocial","container":"all","username":"arwin"}]
2017-07-23 05:03:00	[{"keyword":"@mtv","from":"2017-07-21","mode":"submitSocial","container":"all","username":"arwin"}]
2017-07-23 05:03:02	[{"keyword":"@channelv","from":"2017-07-21","mode":"submitSocial","container":"all","username":"arwin"}]
2017-07-23 05:03:04	[{"keyword":"@itunesmusic","from":"2017-07-21","mode":"submitSocial","container":"all","username":"arwin"}]
2017-07-23 05:03:08	[{"keyword":"@mashable","from":"2017-07-21","mode":"submitSocial","container":"all","username":"arwin"}]
2017-07-23 05:03:10	[{"keyword":"@decacaz","from":"2017-07-21","mode":"submitSocial","container":"all","username":"arwin"}]
2017-07-23 05:03:12	[{"keyword":"@radiobaru967fm","from":"2017-07-21","mode":"submitSocial","container":"all","username":"arwin"}]
2017-07-23 05:03:15	[{"keyword":"@967hitzfm","from":"2017-07-21","mode":"submitSocial","container":"all","username":"arwin"}]
2017-07-23 05:03:18	[{"keyword":"@tvguide","from":"2017-07-21","mode":"submitSocial","container":"all","username":"arwin"}]
2017-07-23 05:03:20	[{"keyword":"@xl123","from":"2017-07-21","mode":"submitSocial","container":"all","username":"arwin"}]
2017-07-23 05:03:22	[{"keyword":"@triindonesia","from":"2017-07-21","mode":"submitSocial","container":"all","username":"arwin"}]
2017-07-23 05:03:25	[{"keyword":"@kaskus","from":"2017-07-21","mode":"submitSocial","container":"all","username":"arwin"}]
2017-07-23 05:03:27	[{"keyword":"@studio_xxi","from":"2017-07-21","mode":"submitSocial","container":"all","username":"arwin"}]
2017-07-23 05:03:29	[{"keyword":"@blitzmegaplex","from":"2017-07-21","mode":"submitSocial","container":"all","username":"arwin"}]
2017-07-23 05:03:31	[{"keyword":"@alfamartku","from":"2017-07-21","mode":"submitSocial","container":"all","username":"arwin"}]
2017-07-23 05:03:34	[{"keyword":"@carrefour_id","from":"2017-07-21","mode":"submitSocial","container":"all","username":"arwin"}]
2017-07-23 05:03:37	[{"keyword":"@bbcbreaking","from":"2017-07-21","mode":"submitSocial","container":"all","username":"arwin"}]
2017-07-23 05:03:45	[{"keyword":"@forbes","from":"2017-07-21","mode":"submitSocial","container":"all","username":"arwin"}]
2017-07-23 05:03:48	[{"keyword":"@bensradio","from":"2017-07-21","mode":"submitSocial","container":"all","username":"arwin"}]
2017-07-23 05:03:53	[{"keyword":"@instagram","from":"2017-07-21","mode":"submitSocial","container":"all","username":"arwin"}]
2017-07-23 05:03:56	[{"keyword":"@pinterest","from":"2017-07-21","mode":"submitSocial","container":"all","username":"arwin"}]
2017-07-23 05:04:03	[{"keyword":"@google","from":"2017-07-21","mode":"submitSocial","container":"all","username":"arwin"}]
2017-07-23 05:04:05	[{"keyword":"@pertaminalub","from":"2017-07-21","mode":"submitSocial","container":"all","username":"arwin"}]
2017-07-23 05:04:06	[{"keyword":"ll","from":"arwin","mode":"","container":"","username":""}]
2017-07-23 05:04:08	[{"keyword":"#generaksi8","from":"2017-07-21","mode":"submitSocial","container":"all","username":"arwin"}]
2017-07-23 05:04:10	[{"keyword":"#365alasan","from":"2017-07-21","mode":"submitSocial","container":"all","username":"arwin"}]
2017-07-23 05:04:13	[{"keyword":"weew","from":"2017-07-21","mode":"submitSocial","container":"all","username":"arwin"}]
2017-07-23 05:04:21	[{"keyword":"testing","from":"2017-07-21","mode":"submitSocial","container":"all","username":"arwin"}]
2017-07-23 05:04:23	[{"keyword":"#kopaja","from":"2017-07-21","mode":"submitSocial","container":"all","username":"arwin"}]
2017-07-23 05:04:25	[{"keyword":"#genkuisinsideout","from":"2017-07-21","mode":"submitSocial","container":"all","username":"arwin"}]
2017-07-23 05:04:28	[{"keyword":"starwars","from":"2017-07-21","mode":"submitSocial","container":"all","username":"arwin"}]
2017-07-23 05:04:30	[{"keyword":"#kopaja","from":"2017-07-21","mode":"submitSocial","container":"all","username":"arwin"}]
2017-07-23 05:04:33	[{"keyword":"mldspot","from":"2017-07-21","mode":"submitSocial","container":"all","username":"arwin"}]
2017-07-23 05:04:35	[{"keyword":"pbdjarum","from":"2017-07-21","mode":"submitSocial","container":"all","username":"arwin"}]
2017-07-23 05:04:37	[{"keyword":"temannabati","from":"2017-07-21","mode":"submitSocial","container":"all","username":"arwin"}]
2017-07-23 05:04:40	[{"keyword":"nextar","from":"2017-07-21","mode":"submitSocial","container":"all","username":"arwin"}]
2017-07-23 05:04:43	[{"keyword":"jokowo","from":"2017-07-21","mode":"submitSocial","container":"all","username":"arwin"}]
2017-07-23 05:04:47	[{"keyword":"prabowo","from":"2017-07-21","mode":"submitSocial","container":"all","username":"arwin"}]
2017-07-23 05:04:49	[{"keyword":"sudirman said","from":"2017-07-21","mode":"submitSocial","container":"all","username":"arwin"}]
2017-07-23 05:04:54	[{"keyword":"ahok","from":"2017-07-21","mode":"submitSocial","container":"all","username":"arwin"}]
2017-07-23 05:04:56	[{"keyword":"setyanovanto","from":"2017-07-21","mode":"submitSocial","container":"all","username":"arwin"}]
2017-07-23 05:05:05	[{"keyword":"jokowi","from":"2017-07-21","mode":"submitSocial","container":"all","username":"arwin"}]
2017-07-23 05:05:11	[{"keyword":"ahok","from":"2017-07-21","mode":"submitSocial","container":"all","username":"arwin"}]
2017-07-23 05:05:15	[{"keyword":"prabowo","from":"2017-07-21","mode":"submitSocial","container":"all","username":"arwin"}]
2017-07-23 05:05:18	[{"keyword":"sudirman said","from":"2017-07-21","mode":"submitSocial","container":"all","username":"arwin"}]
2017-07-23 05:05:20	[{"keyword":"setyanovanto","from":"2017-07-21","mode":"submitSocial","container":"all","username":"arwin"}]
2017-07-23 05:05:24	[{"keyword":"galau","from":"2017-07-21","mode":"submitSocial","container":"all","username":"arwin"}]
2017-07-23 05:05:26	[{"keyword":"#prestasiindonesia","from":"2017-07-21","mode":"submitSocial","container":"all","username":"arwin"}]
2017-07-23 05:05:29	[{"keyword":"@tw_debi","from":"2017-07-21","mode":"submitSocial","container":"all","username":"arwin"}]
2017-07-23 05:05:31	[{"keyword":"@officialfastron","from":"2017-07-21","mode":"submitSocial","container":"all","username":"arwin"}]
2017-07-23 05:05:33	[{"keyword":"@citibankid","from":"2017-07-21","mode":"submitSocial","container":"all","username":"arwin"}]
2017-07-23 05:05:35	[{"keyword":"@jak101fm","from":"2017-07-21","mode":"submitSocial","container":"all","username":"arwin"}]
2017-07-23 05:05:38	[{"keyword":"@genfm","from":"2017-07-21","mode":"submitSocial","container":"all","username":"arwin"}]
2017-07-23 05:05:42	[{"keyword":"@yamahaindonesia","from":"2017-07-21","mode":"submitSocial","container":"all","username":"arwin"}]
2017-07-23 05:05:45	[{"keyword":"@tripanzee","from":"2017-07-21","mode":"submitSocial","container":"all","username":"arwin"}]
2017-07-23 05:05:47	[{"keyword":"@arnoldpoernomo","from":"2017-07-21","mode":"submitSocial","container":"all","username":"arwin"}]
2017-07-23 05:05:49	[{"keyword":"@nicsap","from":"2017-07-21","mode":"submitSocial","container":"all","username":"arwin"}]
2017-07-23 05:05:51	[{"keyword":"@tiket2","from":"2017-07-21","mode":"submitSocial","container":"all","username":"arwin"}]
2017-07-23 05:05:54	[{"keyword":"@traveloka","from":"2017-07-21","mode":"submitSocial","container":"all","username":"arwin"}]
2017-07-23 05:05:57	[{"keyword":"@wego","from":"2017-07-21","mode":"submitSocial","container":"all","username":"arwin"}]
2017-07-23 05:06:00	[{"keyword":"@agoda","from":"2017-07-21","mode":"submitSocial","container":"all","username":"arwin"}]
2017-07-23 05:06:02	[{"keyword":"#salahsambung","from":"2017-07-21","mode":"submitSocial","container":"all","username":"arwin"}]
2017-07-23 05:06:05	[{"keyword":"#tulalit","from":"2017-07-21","mode":"submitSocial","container":"all","username":"arwin"}]
2017-07-23 05:06:06	[{"keyword":"#pestageneraksi8","from":"2017-07-21","mode":"submitSocial","container":"all","username":"arwin"}]
2017-07-23 05:06:08	[{"keyword":"#ganaskustik","from":"2017-07-21","mode":"submitSocial","container":"all","username":"arwin"}]
2017-07-23 05:06:10	[{"keyword":"#lnhot20","from":"2017-07-21","mode":"submitSocial","container":"all","username":"arwin"}]
2017-07-23 05:06:13	[{"keyword":"@tripadvisor","from":"2017-07-21","mode":"submitSocial","container":"all","username":"arwin"}]
2017-07-23 05:06:20	[{"keyword":"@google","from":"2017-07-21","mode":"submitSocial","container":"all","username":"arwin"}]
2017-07-23 05:06:23	[{"keyword":"@telkomsel","from":"2017-07-21","mode":"submitSocial","container":"all","username":"arwin"}]
2017-07-23 05:06:25	[{"keyword":"@indosat","from":"2017-07-21","mode":"submitSocial","container":"all","username":"arwin"}]
2017-07-23 05:06:27	[{"keyword":"@bahanafmjkt","from":"2017-07-21","mode":"submitSocial","container":"all","username":"arwin"}]
2017-07-23 05:06:29	[{"keyword":"@sonorafm92","from":"2017-07-21","mode":"submitSocial","container":"all","username":"arwin"}]
2017-07-23 05:06:31	[{"keyword":"@litefm1058","from":"2017-07-21","mode":"submitSocial","container":"all","username":"arwin"}]
2017-07-23 05:06:33	[{"keyword":"@bravaradio","from":"2017-07-21","mode":"submitSocial","container":"all","username":"arwin"}]
2017-07-23 05:06:36	[{"keyword":"#dgitm","from":"2017-07-21","mode":"submitSocial","container":"all","username":"arwin"}]
2017-07-23 05:06:38	[{"keyword":"#hitsalaprambors","from":"2017-07-21","mode":"submitSocial","container":"all","username":"arwin"}]
2017-07-23 05:06:40	[{"keyword":"#reqprambors","from":"2017-07-21","mode":"submitSocial","container":"all","username":"arwin"}]
2017-07-23 05:06:42	[{"keyword":"#thedandees","from":"2017-07-21","mode":"submitSocial","container":"all","username":"arwin"}]
2017-07-23 05:06:44	[{"keyword":"#pramborsquiz","from":"2017-07-21","mode":"submitSocial","container":"all","username":"arwin"}]
2017-07-23 05:06:46	[{"keyword":"#jeliprambors","from":"2017-07-21","mode":"submitSocial","container":"all","username":"arwin"}]
2017-07-23 05:06:48	[{"keyword":"#jodohinprambors","from":"2017-07-21","mode":"submitSocial","container":"all","username":"arwin"}]
2017-07-23 05:06:50	[{"keyword":"#ubahdenganbicara","from":"2017-07-21","mode":"submitSocial","container":"all","username":"arwin"}]
2017-07-23 05:06:52	[{"keyword":"#pramborschat","from":"2017-07-21","mode":"submitSocial","container":"all","username":"arwin"}]
2017-07-23 05:06:55	[{"keyword":"#tweetforduit","from":"2017-07-21","mode":"submitSocial","container":"all","username":"arwin"}]
2017-07-23 05:06:56	[{"keyword":"#joki3in1","from":"2017-07-21","mode":"submitSocial","container":"all","username":"arwin"}]
2017-07-23 05:06:59	[{"keyword":"#sarapanseru","from":"2017-07-21","mode":"submitSocial","container":"all","username":"arwin"}]
2017-07-23 05:07:01	[{"keyword":"#rawonkaneloop","from":"2017-07-21","mode":"submitSocial","container":"all","username":"arwin"}]
2017-07-23 05:07:03	[{"keyword":"#gudegkendilkeraton","from":"2017-07-21","mode":"submitSocial","container":"all","username":"arwin"}]
2017-07-23 05:07:05	[{"keyword":"#gadogadobutika","from":"2017-07-21","mode":"submitSocial","container":"all","username":"arwin"}]
2017-07-23 05:07:07	[{"keyword":"#mtvhottest","from":"2017-07-21","mode":"submitSocial","container":"all","username":"arwin"}]
2017-07-23 05:07:09	[{"keyword":"#dimsumcjdw","from":"2017-07-21","mode":"submitSocial","container":"all","username":"arwin"}]
2017-07-23 05:07:11	[{"keyword":"#pecelmadiunmbakniek","from":"2017-07-21","mode":"submitSocial","container":"all","username":"arwin"}]
2017-07-23 05:07:13	[{"keyword":"#depotarema","from":"2017-07-21","mode":"submitSocial","container":"all","username":"arwin"}]
2017-07-23 05:07:16	[{"keyword":"@bni46","from":"2017-07-21","mode":"submitSocial","container":"all","username":"arwin"}]
2017-07-23 05:07:18	[{"keyword":"@bankbri_id","from":"2017-07-21","mode":"submitSocial","container":"all","username":"arwin"}]
2017-07-23 05:07:20	[{"keyword":"#bni46","from":"2017-07-21","mode":"submitSocial","container":"all","username":"arwin"}]
2017-07-23 05:07:24	[{"keyword":"macet","from":"2017-07-21","mode":"submitSocial","container":"all","username":"arwin"}]
2017-07-23 05:07:26	[{"keyword":"#selamatpagi","from":"2017-07-21","mode":"submitSocial","container":"all","username":"arwin"}]
2017-07-23 05:07:28	[{"keyword":"#selamatmalam","from":"2017-07-21","mode":"submitSocial","container":"all","username":"arwin"}]
2017-07-23 05:07:30	[{"keyword":"@884globalradio","from":"2017-07-21","mode":"submitSocial","container":"all","username":"arwin"}]
2017-07-23 05:07:33	[{"keyword":"@day_trans","from":"2017-07-21","mode":"submitSocial","container":"all","username":"arwin"}]
2017-07-23 05:07:35	[{"keyword":"@kencanavoyage","from":"2017-07-21","mode":"submitSocial","container":"all","username":"arwin"}]
2017-07-23 05:07:37	[{"keyword":"@jukebox5d","from":"2017-07-21","mode":"submitSocial","container":"all","username":"arwin"}]
2017-07-23 05:07:39	[{"keyword":"#mtvhottest","from":"2017-07-21","mode":"submitSocial","container":"all","username":"arwin"}]
2017-07-23 05:07:41	[{"keyword":"#semangatpagi","from":"2017-07-21","mode":"submitSocial","container":"all","username":"arwin"}]
2017-07-23 05:07:43	[{"keyword":"lifebuoy","from":"2017-07-21","mode":"submitSocial","container":"all","username":"arwin"}]
2017-07-23 05:07:52	[{"keyword":"jokowi","from":"2017-07-21","mode":"submitSocial","container":"all","username":"arwin"}]
2017-07-23 05:08:00	[{"keyword":"obama","from":"2017-07-21","mode":"submitSocial","container":"all","username":"arwin"}]
2017-07-23 05:08:03	[{"keyword":"starwars","from":"2017-07-21","mode":"submitSocial","container":"all","username":"arwin"}]
2017-07-23 05:08:06	[{"keyword":"jonan","from":"2017-07-21","mode":"submitSocial","container":"all","username":"arwin"}]
2017-07-23 05:08:15	[{"keyword":"pagi","from":"2017-07-21","mode":"submitSocial","container":"all","username":"arwin"}]
2017-07-23 05:08:17	[{"keyword":"sampoerna","from":"2017-07-21","mode":"submitSocial","container":"all","username":"arwin"}]
2017-07-23 05:08:20	[{"keyword":"djarum","from":"2017-07-21","mode":"submitSocial","container":"all","username":"arwin"}]
2017-07-23 05:08:22	[{"keyword":"#semangatpagi","from":"2017-07-21","mode":"submitSocial","container":"all","username":"arwin"}]
2017-07-23 05:08:23	[{"keyword":"#generaksi8","from":"2017-07-21","mode":"submitSocial","container":"all","username":"arwin"}]
2017-07-23 05:08:26	[{"keyword":"#365alasan","from":"2017-07-21","mode":"submitSocial","container":"all","username":"arwin"}]
2017-07-23 05:08:29	[{"keyword":"weew","from":"2017-07-21","mode":"submitSocial","container":"all","username":"arwin"}]
2017-07-23 05:08:36	[{"keyword":"testing","from":"2017-07-21","mode":"submitSocial","container":"all","username":"arwin"}]
2017-07-23 05:08:39	[{"keyword":"#kopaja","from":"2017-07-21","mode":"submitSocial","container":"all","username":"arwin"}]
2017-07-23 05:08:41	[{"keyword":"#genkuisinsideout","from":"2017-07-21","mode":"submitSocial","container":"all","username":"arwin"}]
2017-07-23 05:08:43	[{"keyword":"starwars","from":"2017-07-21","mode":"submitSocial","container":"all","username":"arwin"}]
2017-07-23 05:08:46	[{"keyword":"#kopaja","from":"2017-07-21","mode":"submitSocial","container":"all","username":"arwin"}]
2017-07-23 05:08:48	[{"keyword":"mldspot","from":"2017-07-21","mode":"submitSocial","container":"all","username":"arwin"}]
2017-07-23 05:08:51	[{"keyword":"pbdjarum","from":"2017-07-21","mode":"submitSocial","container":"all","username":"arwin"}]
2017-07-23 05:08:53	[{"keyword":"temannabati","from":"2017-07-21","mode":"submitSocial","container":"all","username":"arwin"}]
2017-07-23 05:08:55	[{"keyword":"nextar","from":"2017-07-21","mode":"submitSocial","container":"all","username":"arwin"}]
2017-07-23 05:08:58	[{"keyword":"jokowo","from":"2017-07-21","mode":"submitSocial","container":"all","username":"arwin"}]
2017-07-23 05:09:03	[{"keyword":"prabowo","from":"2017-07-21","mode":"submitSocial","container":"all","username":"arwin"}]
2017-07-23 05:09:05	[{"keyword":"sudirman said","from":"2017-07-21","mode":"submitSocial","container":"all","username":"arwin"}]
2017-07-23 05:09:10	[{"keyword":"ahok","from":"2017-07-21","mode":"submitSocial","container":"all","username":"arwin"}]
2017-07-23 05:09:13	[{"keyword":"setyanovanto","from":"2017-07-21","mode":"submitSocial","container":"all","username":"arwin"}]
2017-07-23 05:09:21	[{"keyword":"jokowi","from":"2017-07-21","mode":"submitSocial","container":"all","username":"arwin"}]
2017-07-23 05:09:26	[{"keyword":"ahok","from":"2017-07-21","mode":"submitSocial","container":"all","username":"arwin"}]
2017-07-23 05:09:31	[{"keyword":"prabowo","from":"2017-07-21","mode":"submitSocial","container":"all","username":"arwin"}]
2017-07-23 05:09:33	[{"keyword":"sudirman said","from":"2017-07-21","mode":"submitSocial","container":"all","username":"arwin"}]
2017-07-23 05:09:35	[{"keyword":"setyanovanto","from":"2017-07-21","mode":"submitSocial","container":"all","username":"arwin"}]
2017-07-23 05:09:39	[{"keyword":"galau","from":"2017-07-21","mode":"submitSocial","container":"all","username":"arwin"}]
2017-07-23 05:09:41	[{"keyword":"#prestasiindonesia","from":"2017-07-21","mode":"submitSocial","container":"all","username":"arwin"}]
2017-07-23 05:09:44	[{"keyword":"@tw_debi","from":"2017-07-21","mode":"submitSocial","container":"all","username":"arwin"}]
2017-07-23 05:09:46	[{"keyword":"@officialfastron","from":"2017-07-21","mode":"submitSocial","container":"all","username":"arwin"}]
2017-07-23 05:09:48	[{"keyword":"@citibankid","from":"2017-07-21","mode":"submitSocial","container":"all","username":"arwin"}]
2017-07-23 05:09:50	[{"keyword":"@jak101fm","from":"2017-07-21","mode":"submitSocial","container":"all","username":"arwin"}]
2017-07-23 05:09:53	[{"keyword":"@genfm","from":"2017-07-21","mode":"submitSocial","container":"all","username":"arwin"}]
