2017-12-01 05:00:03	worker	@987genfm;2017-11-29 - 2017-11-29;submitSocial;all;arwin
2017-12-01 05:00:07	worker	@101jakfm;2017-11-29 - 2017-11-29;submitSocial;all;arwin
2017-12-01 05:00:10	worker	@prambors;2017-11-29 - 2017-11-29;submitSocial;all;arwin
2017-12-01 05:00:12	worker	@hardrockfm;2017-11-29 - 2017-11-29;submitSocial;all;arwin
2017-12-01 05:00:15	worker	@kisfmjakarta;2017-11-29 - 2017-11-29;submitSocial;all;arwin
2017-12-01 05:00:17	worker	@delta_fm;2017-11-29 - 2017-11-29;submitSocial;all;arwin
2017-12-01 05:00:20	worker	@traxfmjkt;2017-11-29 - 2017-11-29;submitSocial;all;arwin
2017-12-01 05:00:22	worker	@iradiojakarta;2017-11-29 - 2017-11-29;submitSocial;all;arwin
2017-12-01 05:00:25	worker	@indika9160fm;2017-11-29 - 2017-11-29;submitSocial;all;arwin
2017-12-01 05:00:27	worker	@shellindonesia;2017-11-29 - 2017-11-29;submitSocial;all;arwin
2017-12-01 05:00:29	worker	@vpowerfans;2017-11-29 - 2017-11-29;submitSocial;all;arwin
2017-12-01 05:00:32	worker	@pertamaxind;2017-11-29 - 2017-11-29;submitSocial;all;arwin
2017-12-01 05:00:34	worker	@ptpertamina;2017-11-29 - 2017-11-29;submitSocial;all;arwin
2017-12-01 05:00:36	worker	@OZRadioJakarta;2017-11-29 - 2017-11-29;submitSocial;all;arwin
2017-12-01 05:00:39	worker	@CosmopolitanFM;2017-11-29 - 2017-11-29;submitSocial;all;arwin
2017-12-01 05:00:41	worker	@mustang88fm;2017-11-29 - 2017-11-29;submitSocial;all;arwin
2017-12-01 05:00:43	worker	@debabaz;2017-11-29 - 2017-11-29;submitSocial;all;arwin
2017-12-01 05:00:45	worker	@detikcom;2017-11-29 - 2017-11-29;submitSocial;all;arwin
2017-12-01 05:00:50	worker	@radioelshinta;2017-11-29 - 2017-11-29;submitSocial;all;arwin
2017-12-01 05:00:53	worker	@cinema21;2017-11-29 - 2017-11-29;submitSocial;all;arwin
2017-12-01 05:00:55	worker	@OfficialRCTI;2017-11-29 - 2017-11-29;submitSocial;all;arwin
2017-12-01 05:00:57	worker	@TRANSTV_CORP;2017-11-29 - 2017-11-29;submitSocial;all;arwin
2017-12-01 05:01:00	worker	@TRANS7;2017-11-29 - 2017-11-29;submitSocial;all;arwin
2017-12-01 05:01:02	worker	@Metro_TV;2017-11-29 - 2017-11-29;submitSocial;all;arwin
2017-12-01 05:01:05	worker	@tvOneNews;2017-11-29 - 2017-11-29;submitSocial;all;arwin
2017-12-01 05:01:08	worker	@whatsonANTV;2017-11-29 - 2017-11-29;submitSocial;all;arwin
2017-12-01 05:01:10	worker	@SCTV_;2017-11-29 - 2017-11-29;submitSocial;all;arwin
2017-12-01 05:01:15	worker	@KompasTV;2017-11-29 - 2017-11-29;submitSocial;all;arwin
2017-12-01 05:01:18	worker	@netmediatama;2017-11-29 - 2017-11-29;submitSocial;all;arwin
2017-12-01 05:01:20	worker	@Globaltvseru;2017-11-29 - 2017-11-29;submitSocial;all;arwin
2017-12-01 05:01:22	worker	@JaktvCom;2017-11-29 - 2017-11-29;submitSocial;all;arwin
2017-12-01 05:01:25	worker	@TVRINasional;2017-11-29 - 2017-11-29;submitSocial;all;arwin
2017-12-01 05:01:27	worker	@ochannelupdates;2017-11-29 - 2017-11-29;submitSocial;all;arwin
2017-12-01 05:01:29	worker	@IndosiarID;2017-11-29 - 2017-11-29;submitSocial;all;arwin
2017-12-01 05:01:34	worker	@kompascom;2017-11-29 - 2017-11-29;submitSocial;all;arwin
2017-12-01 05:01:39	worker	@merdekadotcom;2017-11-29 - 2017-11-29;submitSocial;all;arwin
2017-12-01 05:01:41	worker	@MIdotcom;2017-11-29 - 2017-11-29;submitSocial;all;arwin
2017-12-01 05:01:44	worker	@tempodotco;2017-11-29 - 2017-11-29;submitSocial;all;arwin
2017-12-01 05:01:46	worker	@motion975fm;2017-11-29 - 2017-11-29;submitSocial;all;arwin
2017-12-01 05:01:49	worker	@_radiotoday;2017-11-29 - 2017-11-29;submitSocial;all;arwin
2017-12-01 05:01:51	worker	@radioinfo;2017-11-29 - 2017-11-29;submitSocial;all;arwin
2017-12-01 05:01:53	worker	@979FeMaleRadio;2017-11-29 - 2017-11-29;submitSocial;all;arwin
2017-12-01 05:01:56	worker	@WomanRadio943FM;2017-11-29 - 2017-11-29;submitSocial;all;arwin
2017-12-01 05:01:58	worker	@VRadioFM;2017-11-29 - 2017-11-29;submitSocial;all;arwin
2017-12-01 05:02:00	worker	@UFM947;2017-11-29 - 2017-11-29;submitSocial;all;arwin
2017-12-01 05:02:02	worker	@VIVAnews;2017-11-29 - 2017-11-29;submitSocial;all;arwin
2017-12-01 05:02:04	worker	@antaranews;2017-11-29 - 2017-11-29;submitSocial;all;arwin
2017-12-01 05:02:07	worker	@tribunnews;2017-11-29 - 2017-11-29;submitSocial;all;arwin
2017-12-01 05:02:10	worker	@okezonenews;2017-11-29 - 2017-11-29;submitSocial;all;arwin
2017-12-01 05:02:12	worker	@Beritasatu;2017-11-29 - 2017-11-29;submitSocial;all;arwin
2017-12-01 05:02:15	worker	@rollingstoneina;2017-11-29 - 2017-11-29;submitSocial;all;arwin
2017-12-01 05:02:17	worker	@FIMELAdotcom;2017-11-29 - 2017-11-29;submitSocial;all;arwin
2017-12-01 05:02:19	worker	@KapanLagicom;2017-11-29 - 2017-11-29;submitSocial;all;arwin
2017-12-01 05:02:21	worker	@KompasEnt ;2017-11-29 - 2017-11-29;submitSocial;all;arwin
2017-12-01 05:02:24	worker	@HaiMagazine;2017-11-29 - 2017-11-29;submitSocial;all;arwin
2017-12-01 05:02:26	worker	@JakartaVenue;2017-11-29 - 2017-11-29;submitSocial;all;arwin
2017-12-01 05:02:28	worker	@SeputarEvent;2017-11-29 - 2017-11-29;submitSocial;all;arwin
2017-12-01 05:02:30	worker	@ismayaLive;2017-11-29 - 2017-11-29;submitSocial;all;arwin
2017-12-01 05:02:32	worker	@ECEntertainment;2017-11-29 - 2017-11-29;submitSocial;all;arwin
2017-12-01 05:02:35	worker	@synergism_En;2017-11-29 - 2017-11-29;submitSocial;all;arwin
2017-12-01 05:02:37	worker	@Urbanbandung;2017-11-29 - 2017-11-29;submitSocial;all;arwin
2017-12-01 05:02:39	worker	@Urbanrkm995;2017-11-29 - 2017-11-29;submitSocial;all;arwin
2017-12-01 05:02:41	worker	@Garuda_Promo;2017-11-29 - 2017-11-29;submitSocial;all;arwin
2017-12-01 05:02:43	worker	@AirAsiaID;2017-11-29 - 2017-11-29;submitSocial;all;arwin
2017-12-01 05:02:45	worker	@KAI121;2017-11-29 - 2017-11-29;submitSocial;all;arwin
2017-12-01 05:02:48	worker	@Unilever;2017-11-29 - 2017-11-29;submitSocial;all;arwin
2017-12-01 05:02:50	worker	@Nestle;2017-11-29 - 2017-11-29;submitSocial;all;arwin
2017-12-01 05:02:53	worker	@CocaCola;2017-11-29 - 2017-11-29;submitSocial;all;arwin
2017-12-01 05:02:57	worker	@CNN;2017-11-29 - 2017-11-29;submitSocial;all;arwin
2017-12-01 05:03:04	worker	@MTV;2017-11-29 - 2017-11-29;submitSocial;all;arwin
2017-12-01 05:03:09	worker	@channelv;2017-11-29 - 2017-11-29;submitSocial;all;arwin
2017-12-01 05:03:11	worker	@iTunesMusic;2017-11-29 - 2017-11-29;submitSocial;all;arwin
2017-12-01 05:03:14	worker	@mashable;2017-11-29 - 2017-11-29;submitSocial;all;arwin
2017-12-01 05:03:17	worker	@decacaz;2017-11-29 - 2017-11-29;submitSocial;all;arwin
2017-12-01 05:03:19	worker	@radiobaru967FM;2017-11-29 - 2017-11-29;submitSocial;all;arwin
2017-12-01 05:03:21	worker	@967HitzFM;2017-11-29 - 2017-11-29;submitSocial;all;arwin
2017-12-01 05:03:24	worker	@TVGuide;2017-11-29 - 2017-11-29;submitSocial;all;arwin
2017-12-01 05:03:26	worker	@XL123;2017-11-29 - 2017-11-29;submitSocial;all;arwin
2017-12-01 05:03:28	worker	@triindonesia;2017-11-29 - 2017-11-29;submitSocial;all;arwin
2017-12-01 05:03:31	worker	@kaskus;2017-11-29 - 2017-11-29;submitSocial;all;arwin
2017-12-01 05:03:34	worker	@Studio_XXI;2017-11-29 - 2017-11-29;submitSocial;all;arwin
2017-12-01 05:03:36	worker	@blitzmegaplex;2017-11-29 - 2017-11-29;submitSocial;all;arwin
2017-12-01 05:03:38	worker	@alfamartku;2017-11-29 - 2017-11-29;submitSocial;all;arwin
2017-12-01 05:03:40	worker	@Carrefour_ID;2017-11-29 - 2017-11-29;submitSocial;all;arwin
2017-12-01 05:03:42	worker	@BBCBreaking;2017-11-29 - 2017-11-29;submitSocial;all;arwin
2017-12-01 05:03:46	worker	@Forbes;2017-11-29 - 2017-11-29;submitSocial;all;arwin
2017-12-01 05:03:53	worker	@BensRadio;2017-11-29 - 2017-11-29;submitSocial;all;arwin
2017-12-01 05:03:55	worker	@instagram;2017-11-29 - 2017-11-29;submitSocial;all;arwin
2017-12-01 05:04:01	worker	@Pinterest;2017-11-29 - 2017-11-29;submitSocial;all;arwin
2017-12-01 05:04:04	worker	@google;2017-11-29 - 2017-11-29;submitSocial;all;arwin
2017-12-01 05:04:14	worker	@Pertaminalub;2017-11-29 - 2017-11-29;submitSocial;all;arwin
2017-12-01 05:04:16	worker	@InfoLalinTol;2017-11-29 - 2017-11-29;submitSocial;all;arwin
2017-12-01 05:04:18	worker	@PTJASAMARGA;2017-11-29 - 2017-11-29;submitSocial;all;arwin
2017-12-01 05:04:20	worker	@cititransindo;2017-11-29 - 2017-11-29;submitSocial;all;arwin
2017-12-01 05:04:22	worker	#semangatpagisuperr;2017-11-29 - 2017-11-29;submitSocial;all;arwin
2017-12-01 05:04:24	worker	#genkuisinsideout;2017-11-29 - 2017-11-29;submitSocial;all;arwin
2017-12-01 05:04:26	worker	#semangatpagi;2017-11-29 - 2017-11-29;submitSocial;all;arwin
2017-12-01 05:04:28	worker	#dikamar;2017-11-29 - 2017-11-29;submitSocial;all;arwin
2017-12-01 05:04:31	worker	#kopaja;2017-11-29 - 2017-11-29;submitSocial;all;arwin
2017-12-01 05:04:33	worker	#generaksi8;2017-11-29 - 2017-11-29;submitSocial;all;arwin
2017-12-01 05:04:35	worker	#hitztsp;2017-11-29 - 2017-11-29;submitSocial;all;arwin
2017-12-01 05:04:37	worker	#np;2017-11-29 - 2017-11-29;submitSocial;all;arwin
2017-12-01 05:04:40	worker	#hitzlivestage;2017-11-29 - 2017-11-29;submitSocial;all;arwin
2017-12-01 05:04:43	worker	#thefreaks;2017-11-29 - 2017-11-29;submitSocial;all;arwin
2017-12-01 05:04:45	worker	#hitzsirkuspagi;2017-11-29 - 2017-11-29;submitSocial;all;arwin
2017-12-01 05:04:47	worker	#hitzathlon;2017-11-29 - 2017-11-29;submitSocial;all;arwin
2017-12-01 05:04:49	worker	#hitzzombie;2017-11-29 - 2017-11-29;submitSocial;all;arwin
2017-12-01 05:04:51	worker	#hitzkalong;2017-11-29 - 2017-11-29;submitSocial;all;arwin
2017-12-01 05:04:53	worker	#hitzbebas;2017-11-29 - 2017-11-29;submitSocial;all;arwin
2017-12-01 05:04:56	worker	#hitzhorehara;2017-11-29 - 2017-11-29;submitSocial;all;arwin
2017-12-01 05:04:58	worker	@ZaloraID;2017-11-29 - 2017-11-29;submitSocial;all;arwin
2017-12-01 05:05:00	worker	@OLX_Indonesia;2017-11-29 - 2017-11-29;submitSocial;all;arwin
2017-12-01 05:05:03	worker	@LazadaID;2017-11-29 - 2017-11-29;submitSocial;all;arwin
2017-12-01 05:05:06	worker	@utrippers;2017-11-29 - 2017-11-29;submitSocial;all;arwin
2017-12-01 05:05:08	worker	@GoGobot;2017-11-29 - 2017-11-29;submitSocial;all;arwin
2017-12-01 05:05:11	worker	@viatortravel;2017-11-29 - 2017-11-29;submitSocial;all;arwin
2017-12-01 05:05:13	worker	@alandakariza;2017-11-29 - 2017-11-29;submitSocial;all;arwin
2017-12-01 05:05:15	worker	@gagasmedia;2017-11-29 - 2017-11-29;submitSocial;all;arwin
2017-12-01 05:05:18	worker	@welovehonda;2017-11-29 - 2017-11-29;submitSocial;all;arwin
2017-12-01 05:05:20	worker	@SuzukiMotorID;2017-11-29 - 2017-11-29;submitSocial;all;arwin
2017-12-01 05:05:22	worker	@kawasakilovers;2017-11-29 - 2017-11-29;submitSocial;all;arwin
2017-12-01 05:05:24	worker	@yamahaindonesia;2017-11-29 - 2017-11-29;submitSocial;all;arwin
2017-12-01 05:05:26	worker	@tripanzee;2017-11-29 - 2017-11-29;submitSocial;all;arwin
2017-12-01 05:05:29	worker	@arnoldpoernomo;2017-11-29 - 2017-11-29;submitSocial;all;arwin
2017-12-01 05:05:31	worker	@nicsap;2017-11-29 - 2017-11-29;submitSocial;all;arwin
2017-12-01 05:05:34	worker	@tiket2;2017-11-29 - 2017-11-29;submitSocial;all;arwin
2017-12-01 05:05:36	worker	@traveloka;2017-11-29 - 2017-11-29;submitSocial;all;arwin
2017-12-01 05:05:38	worker	@wego;2017-11-29 - 2017-11-29;submitSocial;all;arwin
2017-12-01 05:05:41	worker	@agoda;2017-11-29 - 2017-11-29;submitSocial;all;arwin
2017-12-01 05:05:44	worker	#salahsambung;2017-11-29 - 2017-11-29;submitSocial;all;arwin
2017-12-01 05:05:46	worker	#tulalit;2017-11-29 - 2017-11-29;submitSocial;all;arwin
2017-12-01 05:05:49	worker	#pestageneraksi8;2017-11-29 - 2017-11-29;submitSocial;all;arwin
2017-12-01 05:05:50	worker	#ganaskustik;2017-11-29 - 2017-11-29;submitSocial;all;arwin
2017-12-01 05:05:52	worker	#lnhot20;2017-11-29 - 2017-11-29;submitSocial;all;arwin
2017-12-01 05:05:54	worker	@TripAdvisor;2017-11-29 - 2017-11-29;submitSocial;all;arwin
2017-12-01 05:05:57	worker	@google;2017-11-29 - 2017-11-29;submitSocial;all;arwin
2017-12-01 05:06:08	worker	@Telkomsel;2017-11-29 - 2017-11-29;submitSocial;all;arwin
2017-12-01 05:06:11	worker	@indosat;2017-11-29 - 2017-11-29;submitSocial;all;arwin
2017-12-01 05:06:14	worker	@bahanafmjkt;2017-11-29 - 2017-11-29;submitSocial;all;2017-12-01 05:06:19	worker	@sonorafm92;2017-11-29 - 2017-11-29;submitSocial;all;arwin
2017-12-01 05:06:21	worker	@litefm1058;2017-11-29 - 2017-11-29;submitSocial;all;arwin
2017-12-01 05:06:23	worker	@Bravaradio;2017-11-29 - 2017-11-29;submitSocial;all;arwin
2017-12-01 05:06:25	worker	#dgitm;2017-11-29 - 2017-11-29;submitSocial;all;arwin
2017-12-01 05:06:28	worker	#hitsalaprambors;2017-11-29 - 2017-11-29;submitSocial;all;arwin
2017-12-01 05:06:30	worker	#reqprambors;2017-11-29 - 2017-11-29;submitSocial;all;arwin
2017-12-01 05:06:32	worker	#thedandees;2017-11-29 - 2017-11-29;submitSocial;all;arwin
2017-12-01 05:06:35	worker	#pramborsquiz;2017-11-29 - 2017-11-29;submitSocial;all;arwin
2017-12-01 05:06:36	worker	#jeliprambors;2017-11-29 - 2017-11-29;submitSocial;all;arwin
2017-12-01 05:06:39	worker	#jodohinprambors;2017-11-29 - 2017-11-29;submitSocial;all;arwin
2017-12-01 05:06:41	worker	#ubahdenganbicara;2017-11-29 - 2017-11-29;submitSocial;all;arwin
2017-12-01 05:06:43	worker	#pramborschat;2017-11-29 - 2017-11-29;submitSocial;all;arwin
2017-12-01 05:06:45	worker	#tweetforduit;2017-11-29 - 2017-11-29;submitSocial;all;arwin
2017-12-01 05:06:47	worker	#joki3in1;2017-11-29 - 2017-11-29;submitSocial;all;arwin
2017-12-01 05:06:49	worker	#sarapanseru;2017-11-29 - 2017-11-29;submitSocial;all;arwin
2017-12-01 05:06:51	worker	#rawonkaneloop;2017-11-29 - 2017-11-29;submitSocial;all;arwin
2017-12-01 05:06:53	worker	#gudegkendilkeraton;2017-11-29 - 2017-11-29;submitSocial;all;arwin
2017-12-01 05:06:55	worker	#gadogadobutika;2017-11-29 - 2017-11-29;submitSocial;all;arwin
2017-12-01 05:06:57	worker	#mtvhottest;2017-11-29 - 2017-11-29;submitSocial;all;arwin
2017-12-01 05:07:00	worker	#dimsumcjdw;2017-11-29 - 2017-11-29;submitSocial;all;arwin
2017-12-01 05:07:02	worker	#pecelmadiunmbakniek;2017-11-29 - 2017-11-29;submitSocial;all;arwin
2017-12-01 05:07:04	worker	#depotarema;2017-11-29 - 2017-11-29;submitSocial;all;arwin
2017-12-01 05:07:06	worker	@BNI46;2017-11-29 - 2017-11-29;submitSocial;all;arwin
2017-12-01 05:07:08	worker	@BANKBRI_ID;2017-11-29 - 2017-11-29;submitSocial;all;arwin
2017-12-01 05:07:11	worker	#bni46;2017-11-29 - 2017-11-29;submitSocial;all;arwin
2017-12-01 05:07:13	worker	macet;2017-11-29 - 2017-11-29;submitSocial;all;arwin
2017-12-01 05:07:17	worker	#selamatpagi;2017-11-29 - 2017-11-29;submitSocial;all;arwin
2017-12-01 05:07:19	worker	#selamatmalam;2017-11-29 - 2017-11-29;submitSocial;all;arwin
2017-12-01 05:07:21	worker	@884GlobalRadio;2017-11-29 - 2017-11-29;submitSocial;all;arwin
2017-12-01 05:07:23	worker	@day_trans;2017-11-29 - 2017-11-29;submitSocial;all;arwin
2017-12-01 05:07:26	worker	@kencanavoyage;2017-11-29 - 2017-11-29;submitSocial;all;arwin
2017-12-01 05:07:28	worker	@jukebox5d;2017-11-29 - 2017-11-29;submitSocial;all;arwin
2017-12-01 05:07:30	worker	#mtvhottest;2017-11-29 - 2017-11-29;submitSocial;all;arwin
2017-12-01 05:07:32	worker	#semangatpagi;2017-11-29 - 2017-11-29;submitSocial;all;arwin
2017-12-01 05:07:34	worker	lifebuoy;2017-11-29 - 2017-11-29;submitSocial;all;arwin
2017-12-01 05:07:36	worker	jokowi;2017-11-29 - 2017-11-29;submitSocial;all;arwin
2017-12-01 05:07:42	worker	obama;2017-11-29 - 2017-11-29;submitSocial;all;arwin
2017-12-01 05:07:50	worker	starwars;2017-11-29 - 2017-11-29;submitSocial;all;arwin
2017-12-01 05:07:53	worker	jonan;2017-11-29 - 2017-11-29;submitSocial;all;arwin
2017-12-01 05:07:56	worker	pagi;2017-11-29 - 2017-11-29;submitSocial;all;arwin
2017-12-01 05:08:05	worker	sampoerna;2017-11-29 - 2017-11-29;submitSocial;all;arwin
2017-12-01 05:08:08	worker	djarum;2017-11-29 - 2017-11-29;submitSocial;all;arwin
2017-12-01 05:08:11	worker	#semangatpagi;2017-11-29 - 2017-11-29;submitSocial;all;arwin
2017-12-01 05:08:13	worker	#generaksi8;2017-11-29 - 2017-11-29;submitSocial;all;arwin
2017-12-01 05:08:15	worker	#365alasan;2017-11-29 - 2017-11-29;submitSocial;all;arwin
2017-12-01 05:08:18	worker	weew;2017-11-29 - 2017-11-29;submitSocial;all;arwin
2017-12-01 05:08:21	worker	testing;2017-11-29 - 2017-11-29;submitSocial;all;arwin
2017-12-01 05:08:28	worker	#kopaja;2017-11-29 - 2017-11-29;submitSocial;all;arwin
2017-12-01 05:08:31	worker	#genkuisinsideout;2017-11-29 - 2017-11-29;submitSocial;all;arwin
2017-12-01 05:08:33	worker	starwars;2017-11-29 - 2017-11-29;submitSocial;all;arwin
2017-12-01 05:08:36	worker	#kopaja;2017-11-29 - 2017-11-29;submitSocial;all;arwin
2017-12-01 05:08:38	worker	mldspot;2017-11-29 - 2017-11-29;submitSocial;all;arwin
2017-12-01 05:08:41	worker	PBDjarum;2017-11-29 - 2017-11-29;submitSocial;all;arwin
2017-12-01 05:08:43	worker	TemanNabati;2017-11-29 - 2017-11-29;submitSocial;all;arwin
2017-12-01 05:08:46	worker	Nextar;2017-11-29 - 2017-11-29;submitSocial;all;arwin
2017-12-01 05:08:49	worker	jokowo;2017-11-29 - 2017-11-29;submitSocial;all;arwin
2017-12-01 05:08:52	worker	prabowo;2017-11-29 - 2017-11-29;submitSocial;all;arwin
2017-12-01 05:08:55	worker	sudirman said;2017-11-29 - 2017-11-29;submitSocial;all;arwin
2017-12-01 05:08:57	worker	ahok;2017-11-29 - 2017-11-29;submitSocial;all;arwin
2017-12-01 05:09:02	worker	setyanovanto;2017-11-29 - 2017-11-29;submitSocial;all;arwin
2017-12-01 05:09:04	worker	jokowi;2017-11-29 - 2017-11-29;submitSocial;all;arwin
2017-12-01 05:09:10	worker	ahok;2017-11-29 - 2017-11-29;submitSocial;all;arwin
2017-12-01 05:09:16	worker	prabowo;2017-11-29 - 2017-11-29;submitSocial;all;arwin
2017-12-01 05:09:18	worker	sudirman said;2017-11-29 - 2017-11-29;submitSocial;all;arwin
2017-12-01 05:09:21	worker	setyanovanto;2017-11-29 - 2017-11-29;submitSocial;all;arwin
2017-12-01 05:09:23	worker	galau;2017-11-29 - 2017-11-29;submitSocial;all;arwin
2017-12-01 05:09:26	worker	#prestasiindonesia;2017-11-29 - 2017-11-29;submitSocial;all;arwin
2017-12-01 05:09:29	worker	@Tw_Debi;2017-11-29 - 2017-11-29;submitSocial;all;arwin
2017-12-01 05:09:31	worker	@OfficialFastron;2017-11-29 - 2017-11-29;submitSocial;all;arwin
2017-12-01 05:09:33	worker	@CitibankID;2017-11-29 - 2017-11-29;submitSocial;all;arwin
2017-12-01 05:09:35	worker	@jak101fm;2017-11-29 - 2017-11-29;submitSocial;all;arwin
2017-12-01 05:09:38	worker	@genfm;2017-11-29 - 2017-11-29;submitSocial;all;arwin
