2017-01-30 05:00:03	worker	@987genfm;2017-01-28 - 2017-01-28;submitSocial;all;arwin
2017-01-30 05:00:16	worker	@101jakfm;2017-01-28 - 2017-01-28;submitSocial;all;arwin
2017-01-30 05:00:29	worker	@prambors;2017-01-28 - 2017-01-28;submitSocial;all;arwin
2017-01-30 05:00:42	worker	@hardrockfm;2017-01-28 - 2017-01-28;submitSocial;all;arwin
2017-01-30 05:00:54	worker	@kisfmjakarta;2017-01-28 - 2017-01-28;submitSocial;all;arwin
2017-01-30 05:01:07	worker	@delta_fm;2017-01-28 - 2017-01-28;submitSocial;all;arwin
2017-01-30 05:01:19	worker	@traxfmjkt;2017-01-28 - 2017-01-28;submitSocial;all;arwin
2017-01-30 05:01:32	worker	@iradiojakarta;2017-01-28 - 2017-01-28;submitSocial;all;arwin
2017-01-30 05:01:44	worker	@indika9160fm;2017-01-28 - 2017-01-28;submitSocial;all;arwin
2017-01-30 05:01:56	worker	@shellindonesia;2017-01-28 - 2017-01-28;submitSocial;all;arwin
2017-01-30 05:02:08	worker	@vpowerfans;2017-01-28 - 2017-01-28;submitSocial;all;arwin
2017-01-30 05:02:21	worker	@pertamaxind;2017-01-28 - 2017-01-28;submitSocial;all;arwin
2017-01-30 05:02:33	worker	@ptpertamina;2017-01-28 - 2017-01-28;submitSocial;all;arwin
2017-01-30 05:02:46	worker	@OZRadioJakarta;2017-01-28 - 2017-01-28;submitSocial;all;arwin
2017-01-30 05:02:58	worker	@CosmopolitanFM;2017-01-28 - 2017-01-28;submitSocial;all;arwin
2017-01-30 05:03:10	worker	@mustang88fm;2017-01-28 - 2017-01-28;submitSocial;all;arwin
2017-01-30 05:03:22	worker	@debabaz;2017-01-28 - 2017-01-28;submitSocial;all;arwin
2017-01-30 05:03:35	worker	@detikcom;2017-01-28 - 2017-01-28;submitSocial;all;arwin
2017-01-30 05:03:48	worker	@radioelshinta;2017-01-28 - 2017-01-28;submitSocial;all;arwin
2017-01-30 05:04:00	worker	@cinema21;2017-01-28 - 2017-01-28;submitSocial;all;arwin
2017-01-30 05:04:13	worker	@OfficialRCTI;2017-01-28 - 2017-01-28;submitSocial;all;arwin
2017-01-30 05:04:26	worker	@TRANSTV_CORP;2017-01-28 - 2017-01-28;submitSocial;all;arwin
2017-01-30 05:04:38	worker	@TRANS7;2017-01-28 - 2017-01-28;submitSocial;all;arwin
2017-01-30 05:04:51	worker	@Metro_TV;2017-01-28 - 2017-01-28;submitSocial;all;arwin
2017-01-30 05:05:05	worker	@tvOneNews;2017-01-28 - 2017-01-28;submitSocial;all;arwin
2017-01-30 05:05:18	worker	@whatsonANTV;2017-01-28 - 2017-01-28;submitSocial;all;arwin
2017-01-30 05:05:30	worker	@SCTV_;2017-01-28 - 2017-01-28;submitSocial;all;arwin
2017-01-30 05:05:43	worker	@KompasTV;2017-01-28 - 2017-01-28;submitSocial;all;arwin
2017-01-30 05:05:56	worker	@netmediatama;2017-01-28 - 2017-01-28;submitSocial;all;arwin
2017-01-30 05:06:09	worker	@Globaltvseru;2017-01-28 - 2017-01-28;submitSocial;all;arwin
2017-01-30 05:06:21	worker	@JaktvCom;2017-01-28 - 2017-01-28;submitSocial;all;arwin
2017-01-30 05:06:34	worker	@TVRINasional;2017-01-28 - 2017-01-28;submitSocial;all;arwin
2017-01-30 05:06:46	worker	@ochannelupdates;2017-01-28 - 2017-01-28;submitSocial;all;arwin
2017-01-30 05:06:58	worker	@IndosiarID;2017-01-28 - 2017-01-28;submitSocial;all;arwin
2017-01-30 05:07:11	worker	@kompascom;2017-01-28 - 2017-01-28;submitSocial;all;arwin
2017-01-30 05:07:25	worker	@merdekadotcom;2017-01-28 - 2017-01-28;submitSocial;all;arwin
2017-01-30 05:07:38	worker	@MIdotcom;2017-01-28 - 2017-01-28;submitSocial;all;arwin
2017-01-30 05:07:50	worker	@tempodotco;2017-01-28 - 2017-01-28;submitSocial;all;arwin
2017-01-30 05:08:03	worker	@motion975fm;2017-01-28 - 2017-01-28;submitSocial;all;arwin
2017-01-30 05:08:16	worker	@_radiotoday;2017-01-28 - 2017-01-28;submitSocial;all;arwin
2017-01-30 05:08:29	worker	@radioinfo;2017-01-28 - 2017-01-28;submitSocial;all;arwin
2017-01-30 05:08:41	worker	@979FeMaleRadio;2017-01-28 - 2017-01-28;submitSocial;all;arwin
2017-01-30 05:08:53	worker	@WomanRadio943FM;2017-01-28 - 2017-01-28;submitSocial;all;arwin
2017-01-30 05:09:06	worker	@VRadioFM;2017-01-28 - 2017-01-28;submitSocial;all;arwin
2017-01-30 05:09:18	worker	@UFM947;2017-01-28 - 2017-01-28;submitSocial;all;arwin
2017-01-30 05:09:31	worker	@VIVAnews;2017-01-28 - 2017-01-28;submitSocial;all;arwin
2017-01-30 05:09:43	worker	@antaranews;2017-01-28 - 2017-01-28;submitSocial;all;arwin
2017-01-30 05:09:55	worker	@tribunnews;2017-01-28 - 2017-01-28;submitSocial;all;arwin
2017-01-30 05:10:10	worker	@okezonenews;2017-01-28 - 2017-01-28;submitSocial;all;arwin
2017-01-30 05:10:23	worker	@Beritasatu;2017-01-28 - 2017-01-28;submitSocial;all;arwin
2017-01-30 05:10:36	worker	@rollingstoneina;2017-01-28 - 2017-01-28;submitSocial;all;arwin
2017-01-30 05:10:48	worker	@FIMELAdotcom;2017-01-28 - 2017-01-28;submitSocial;all;arwin
2017-01-30 05:11:01	worker	@KapanLagicom;2017-01-28 - 2017-01-28;submitSocial;all;arwin
2017-01-30 05:11:13	worker	@KompasEnt ;2017-01-28 - 2017-01-28;submitSocial;all;arwin
2017-01-30 05:11:26	worker	@HaiMagazine;2017-01-28 - 2017-01-28;submitSocial;all;arwin
2017-01-30 05:11:38	worker	@JakartaVenue;2017-01-28 - 2017-01-28;submitSocial;all;arwin
2017-01-30 05:11:50	worker	@SeputarEvent;2017-01-28 - 2017-01-28;submitSocial;all;arwin
2017-01-30 05:12:03	worker	@ismayaLive;2017-01-28 - 2017-01-28;submitSocial;all;arwin
2017-01-30 05:12:16	worker	@ECEntertainment;2017-01-28 - 2017-01-28;submitSocial;all;arwin
2017-01-30 05:12:28	worker	@synergism_En;2017-01-28 - 2017-01-28;submitSocial;all;arwin
2017-01-30 05:12:41	worker	@Urbanbandung;2017-01-28 - 2017-01-28;submitSocial;all;arwin
2017-01-30 05:12:53	worker	@Urbanrkm995;2017-01-28 - 2017-01-28;submitSocial;all;arwin
2017-01-30 05:13:06	worker	@Garuda_Promo;2017-01-28 - 2017-01-28;submitSocial;all;arwin
2017-01-30 05:13:18	worker	@AirAsiaID;2017-01-28 - 2017-01-28;submitSocial;all;arwin
2017-01-30 05:13:31	worker	@KAI121;2017-01-28 - 2017-01-28;submitSocial;all;arwin
2017-01-30 05:13:43	worker	@Unilever;2017-01-28 - 2017-01-28;submitSocial;all;arwin
2017-01-30 05:13:56	worker	@Nestle;2017-01-28 - 2017-01-28;submitSocial;all;arwin
2017-01-30 05:14:09	worker	@CocaCola;2017-01-28 - 2017-01-28;submitSocial;all;arwin
2017-01-30 05:14:23	worker	@CNN;2017-01-28 - 2017-01-28;submitSocial;all;arwin
2017-01-30 05:14:41	worker	@MTV;2017-01-28 - 2017-01-28;submitSocial;all;arwin
2017-01-30 05:14:55	worker	@channelv;2017-01-28 - 2017-01-28;submitSocial;all;arwin
2017-01-30 05:15:08	worker	@iTunesMusic;2017-01-28 - 2017-01-28;submitSocial;all;arwin
2017-01-30 05:15:21	worker	@mashable;2017-01-28 - 2017-01-28;submitSocial;all;arwin
2017-01-30 05:15:36	worker	@decacaz;2017-01-28 - 2017-01-28;submitSocial;all;arwin
2017-01-30 05:15:48	worker	@radiobaru967FM;2017-01-28 - 2017-01-28;submitSocial;all;arwin
2017-01-30 05:16:00	worker	@967HitzFM;2017-01-28 - 2017-01-28;submitSocial;all;arwin
2017-01-30 05:16:12	worker	@TVGuide;2017-01-28 - 2017-01-28;submitSocial;all;arwin
2017-01-30 05:16:25	worker	@XL123;2017-01-28 - 2017-01-28;submitSocial;all;arwin
2017-01-30 05:16:38	worker	@triindonesia;2017-01-28 - 2017-01-28;submitSocial;all;arwin
2017-01-30 05:16:51	worker	@kaskus;2017-01-28 - 2017-01-28;submitSocial;all;arwin
2017-01-30 05:17:04	worker	@Studio_XXI;2017-01-28 - 2017-01-28;submitSocial;all;arwin
2017-01-30 05:17:16	worker	@blitzmegaplex;2017-01-28 - 2017-01-28;submitSocial;all;arwin
2017-01-30 05:17:28	worker	@alfamartku;2017-01-28 - 2017-01-28;submitSocial;all;arwin
2017-01-30 05:17:40	worker	@Carrefour_ID;2017-01-28 - 2017-01-28;submitSocial;all;arwin
2017-01-30 05:17:52	worker	@BBCBreaking;2017-01-28 - 2017-01-28;submitSocial;all;arwin
2017-01-30 05:18:07	worker	@Forbes;2017-01-28 - 2017-01-28;submitSocial;all;arwin
2017-01-30 05:18:24	worker	@BensRadio;2017-01-28 - 2017-01-28;submitSocial;all;arwin
2017-01-30 05:18:37	worker	@instagram;2017-01-28 - 2017-01-28;submitSocial;all;arwin
2017-01-30 05:18:52	worker	@Pinterest;2017-01-28 - 2017-01-28;submitSocial;all;arwin
2017-01-30 05:19:05	worker	@google;2017-01-28 - 2017-01-28;submitSocial;all;arwin
2017-01-30 05:19:21	worker	@Pertaminalub;2017-01-28 - 2017-01-28;submitSocial;all;arwin
2017-01-30 05:19:34	worker	@InfoLalinTol;2017-01-28 - 2017-01-28;submitSocial;all;arwin
2017-01-30 05:19:46	worker	@PTJASAMARGA;2017-01-28 - 2017-01-28;submitSocial;all;arwin
2017-01-30 05:19:58	worker	@cititransindo;2017-01-28 - 2017-01-28;submitSocial;all;arwin
2017-01-30 05:20:11	worker	#semangatpagisuperr;2017-01-28 - 2017-01-28;submitSocial;all;arwin
2017-01-30 05:20:24	worker	#genkuisinsideout;2017-01-28 - 2017-01-28;submitSocial;all;arwin
2017-01-30 05:20:36	worker	#semangatpagi;2017-01-28 - 2017-01-28;submitSocial;all;arwin
2017-01-30 05:20:48	worker	#dikamar;2017-01-28 - 2017-01-28;submitSocial;all;arwin
2017-01-30 05:21:01	worker	#kopaja;2017-01-28 - 2017-01-28;submitSocial;all;arwin
2017-01-30 05:21:13	worker	#generaksi8;2017-01-28 - 2017-01-28;submitSocial;all;arwin
2017-01-30 05:21:25	worker	#hitztsp;2017-01-28 - 2017-01-28;submitSocial;all;arwin
2017-01-30 05:21:38	worker	#np;2017-01-28 - 2017-01-28;submitSocial;all;arwin
2017-01-30 05:21:51	worker	#hitzlivestage;2017-01-28 - 2017-01-28;submitSocial;all;arwin
2017-01-30 05:22:04	worker	#thefreaks;2017-01-28 - 2017-01-28;submitSocial;all;arwin
2017-01-30 05:22:16	worker	#hitzsirkuspagi;2017-01-28 - 2017-01-28;submitSocial;all;arwin
2017-01-30 05:22:29	worker	#hitzathlon;2017-01-28 - 2017-01-28;submitSocial;all;arwin
2017-01-30 05:22:41	worker	#hitzzombie;2017-01-28 - 2017-01-28;submitSocial;all;arwin
2017-01-30 05:22:53	worker	#hitzkalong;2017-01-28 - 2017-01-28;submitSocial;all;arwin
2017-01-30 05:23:05	worker	#hitzbebas;2017-01-28 - 2017-01-28;submitSocial;all;arwin
2017-01-30 05:23:18	worker	#hitzhorehara;2017-01-28 - 2017-01-28;submitSocial;all;arwin
2017-01-30 05:23:30	worker	@ZaloraID;2017-01-28 - 2017-01-28;submitSocial;all;arwin
2017-01-30 05:23:42	worker	@OLX_Indonesia;2017-01-28 - 2017-01-28;submitSocial;all;arwin
2017-01-30 05:23:54	worker	@LazadaID;2017-01-28 - 2017-01-28;submitSocial;all;arwin
2017-01-30 05:24:07	worker	@utrippers;2017-01-28 - 2017-01-28;submitSocial;all;arwin
2017-01-30 05:24:20	worker	@GoGobot;2017-01-28 - 2017-01-28;submitSocial;all;arwin
2017-01-30 05:24:32	worker	@viatortravel;2017-01-28 - 2017-01-28;submitSocial;all;arwin
2017-01-30 05:24:45	worker	@alandakariza;2017-01-28 - 2017-01-28;submitSocial;all;arwin
2017-01-30 05:24:57	worker	@gagasmedia;2017-01-28 - 2017-01-28;submitSocial;all;arwin
2017-01-30 05:25:10	worker	@welovehonda;2017-01-28 - 2017-01-28;submitSocial;all;arwin
2017-01-30 05:25:22	worker	@SuzukiMotorID;2017-01-28 - 2017-01-28;submitSocial;all;arwin
2017-01-30 05:25:35	worker	@kawasakilovers;2017-01-28 - 2017-01-28;submitSocial;all;arwin
2017-01-30 05:25:47	worker	@yamahaindonesia;2017-01-28 - 2017-01-28;submitSocial;all;arwin
2017-01-30 05:25:59	worker	@tripanzee;2017-01-28 - 2017-01-28;submitSocial;all;arwin
2017-01-30 05:26:11	worker	@arnoldpoernomo;2017-01-28 - 2017-01-28;submitSocial;all;arwin
2017-01-30 05:26:24	worker	@nicsap;2017-01-28 - 2017-01-28;submitSocial;all;arwin
2017-01-30 05:26:36	worker	@tiket2;2017-01-28 - 2017-01-28;submitSocial;all;arwin
2017-01-30 05:26:48	worker	@traveloka;2017-01-28 - 2017-01-28;submitSocial;all;arwin
2017-01-30 05:27:01	worker	@wego;2017-01-28 - 2017-01-28;submitSocial;all;arwin
2017-01-30 05:27:14	worker	@agoda;2017-01-28 - 2017-01-28;submitSocial;all;arwin
2017-01-30 05:27:28	worker	#salahsambung;2017-01-28 - 2017-01-28;submitSocial;all;arwin
2017-01-30 05:27:40	worker	#tulalit;2017-01-28 - 2017-01-28;submitSocial;all;arwin
2017-01-30 05:27:52	worker	#pestageneraksi8;2017-01-28 - 2017-01-28;submitSocial;all;arwin
2017-01-30 05:28:04	worker	#ganaskustik;2017-01-28 - 2017-01-28;submitSocial;all;arwin
2017-01-30 05:28:17	worker	#lnhot20;2017-01-28 - 2017-01-28;submitSocial;all;arwin
2017-01-30 05:28:29	worker	@TripAdvisor;2017-01-28 - 2017-01-28;submitSocial;all;arwin
2017-01-30 05:28:42	worker	@google;2017-01-28 - 2017-01-28;submitSocial;all;arwin
2017-01-30 05:28:59	worker	@Telkomsel;2017-01-28 - 2017-01-28;submitSocial;all;arwin
2017-01-30 05:29:12	worker	@indosat;2017-01-28 - 2017-01-28;submitSocial;all;arwin
2017-01-30 05:29:25	worker	@bahanafmjkt;2017-01-28 - 2017-01-28;submitSocial;all;2017-01-30 05:29:48	worker	@sonorafm92;2017-01-28 - 2017-01-28;submitSocial;all;arwin
2017-01-30 05:30:00	worker	@litefm1058;2017-01-28 - 2017-01-28;submitSocial;all;arwin
2017-01-30 05:30:13	worker	@Bravaradio;2017-01-28 - 2017-01-28;submitSocial;all;arwin
2017-01-30 05:30:26	worker	#dgitm;2017-01-28 - 2017-01-28;submitSocial;all;arwin
2017-01-30 05:30:40	worker	#hitsalaprambors;2017-01-28 - 2017-01-28;submitSocial;all;arwin
2017-01-30 05:30:52	worker	#reqprambors;2017-01-28 - 2017-01-28;submitSocial;all;arwin
2017-01-30 05:31:05	worker	#thedandees;2017-01-28 - 2017-01-28;submitSocial;all;arwin
2017-01-30 05:31:17	worker	#pramborsquiz;2017-01-28 - 2017-01-28;submitSocial;all;arwin
2017-01-30 05:31:29	worker	#jeliprambors;2017-01-28 - 2017-01-28;submitSocial;all;arwin
2017-01-30 05:31:42	worker	#jodohinprambors;2017-01-28 - 2017-01-28;submitSocial;all;arwin
2017-01-30 05:31:54	worker	#ubahdenganbicara;2017-01-28 - 2017-01-28;submitSocial;all;arwin
2017-01-30 05:32:06	worker	#pramborschat;2017-01-28 - 2017-01-28;submitSocial;all;arwin
2017-01-30 05:32:19	worker	#tweetforduit;2017-01-28 - 2017-01-28;submitSocial;all;arwin
2017-01-30 05:32:31	worker	#joki3in1;2017-01-28 - 2017-01-28;submitSocial;all;arwin
2017-01-30 05:32:43	worker	#sarapanseru;2017-01-28 - 2017-01-28;submitSocial;all;arwin
2017-01-30 05:32:55	worker	#rawonkaneloop;2017-01-28 - 2017-01-28;submitSocial;all;arwin
2017-01-30 05:33:07	worker	#gudegkendilkeraton;2017-01-28 - 2017-01-28;submitSocial;all;arwin
2017-01-30 05:33:20	worker	#gadogadobutika;2017-01-28 - 2017-01-28;submitSocial;all;arwin
2017-01-30 05:33:32	worker	#mtvhottest;2017-01-28 - 2017-01-28;submitSocial;all;arwin
2017-01-30 05:33:44	worker	#dimsumcjdw;2017-01-28 - 2017-01-28;submitSocial;all;arwin
2017-01-30 05:33:56	worker	#pecelmadiunmbakniek;2017-01-28 - 2017-01-28;submitSocial;all;arwin
2017-01-30 05:34:08	worker	#depotarema;2017-01-28 - 2017-01-28;submitSocial;all;arwin
2017-01-30 05:34:21	worker	@BNI46;2017-01-28 - 2017-01-28;submitSocial;all;arwin
2017-01-30 05:34:34	worker	@BANKBRI_ID;2017-01-28 - 2017-01-28;submitSocial;all;arwin
2017-01-30 05:34:46	worker	#bni46;2017-01-28 - 2017-01-28;submitSocial;all;arwin
2017-01-30 05:34:58	worker	macet;2017-01-28 - 2017-01-28;submitSocial;all;arwin
2017-01-30 05:35:14	worker	#selamatpagi;2017-01-28 - 2017-01-28;submitSocial;all;arwin
2017-01-30 05:35:26	worker	#selamatmalam;2017-01-28 - 2017-01-28;submitSocial;all;arwin
2017-01-30 05:35:38	worker	@884GlobalRadio;2017-01-28 - 2017-01-28;submitSocial;all;arwin
2017-01-30 05:35:51	worker	@day_trans;2017-01-28 - 2017-01-28;submitSocial;all;arwin
2017-01-30 05:36:03	worker	@kencanavoyage;2017-01-28 - 2017-01-28;submitSocial;all;arwin
2017-01-30 05:36:15	worker	@jukebox5d;2017-01-28 - 2017-01-28;submitSocial;all;arwin
2017-01-30 05:36:28	worker	#mtvhottest;2017-01-28 - 2017-01-28;submitSocial;all;arwin
2017-01-30 05:36:41	worker	#semangatpagi;2017-01-28 - 2017-01-28;submitSocial;all;arwin
2017-01-30 05:36:53	worker	lifebuoy;2017-01-28 - 2017-01-28;submitSocial;all;arwin
2017-01-30 05:37:05	worker	jokowi;2017-01-28 - 2017-01-28;submitSocial;all;arwin
2017-01-30 05:37:21	worker	obama;2017-01-28 - 2017-01-28;submitSocial;all;arwin
2017-01-30 05:37:40	worker	starwars;2017-01-28 - 2017-01-28;submitSocial;all;arwin
2017-01-30 05:37:53	worker	jonan;2017-01-28 - 2017-01-28;submitSocial;all;arwin
2017-01-30 05:38:07	worker	pagi;2017-01-28 - 2017-01-28;submitSocial;all;arwin
2017-01-30 05:38:26	worker	sampoerna;2017-01-28 - 2017-01-28;submitSocial;all;arwin
2017-01-30 05:38:39	worker	djarum;2017-01-28 - 2017-01-28;submitSocial;all;arwin
2017-01-30 05:38:52	worker	#semangatpagi;2017-01-28 - 2017-01-28;submitSocial;all;arwin
2017-01-30 05:39:04	worker	#generaksi8;2017-01-28 - 2017-01-28;submitSocial;all;arwin
2017-01-30 05:39:16	worker	#365alasan;2017-01-28 - 2017-01-28;submitSocial;all;arwin
2017-01-30 05:39:28	worker	weew;2017-01-28 - 2017-01-28;submitSocial;all;arwin
2017-01-30 05:39:42	worker	testing;2017-01-28 - 2017-01-28;submitSocial;all;arwin
2017-01-30 05:40:00	worker	#kopaja;2017-01-28 - 2017-01-28;submitSocial;all;arwin
2017-01-30 05:40:13	worker	#genkuisinsideout;2017-01-28 - 2017-01-28;submitSocial;all;arwin
2017-01-30 05:40:26	worker	starwars;2017-01-28 - 2017-01-28;submitSocial;all;arwin
2017-01-30 05:40:39	worker	#kopaja;2017-01-28 - 2017-01-28;submitSocial;all;arwin
2017-01-30 05:40:52	worker	mldspot;2017-01-28 - 2017-01-28;submitSocial;all;arwin
2017-01-30 05:41:05	worker	PBDjarum;2017-01-28 - 2017-01-28;submitSocial;all;arwin
2017-01-30 05:41:17	worker	TemanNabati;2017-01-28 - 2017-01-28;submitSocial;all;arwin
2017-01-30 05:41:29	worker	Nextar;2017-01-28 - 2017-01-28;submitSocial;all;arwin
2017-01-30 05:41:42	worker	jokowo;2017-01-28 - 2017-01-28;submitSocial;all;arwin
2017-01-30 05:41:55	worker	prabowo;2017-01-28 - 2017-01-28;submitSocial;all;arwin
2017-01-30 05:42:08	worker	sudirman said;2017-01-28 - 2017-01-28;submitSocial;all;arwin
2017-01-30 05:42:21	worker	ahok;2017-01-28 - 2017-01-28;submitSocial;all;arwin
2017-01-30 05:42:40	worker	setyanovanto;2017-01-28 - 2017-01-28;submitSocial;all;arwin
2017-01-30 05:42:52	worker	jokowi;2017-01-28 - 2017-01-28;submitSocial;all;arwin
2017-01-30 05:43:08	worker	ahok;2017-01-28 - 2017-01-28;submitSocial;all;arwin
2017-01-30 05:43:27	worker	prabowo;2017-01-28 - 2017-01-28;submitSocial;all;arwin
2017-01-30 05:43:40	worker	sudirman said;2017-01-28 - 2017-01-28;submitSocial;all;arwin
2017-01-30 05:43:52	worker	setyanovanto;2017-01-28 - 2017-01-28;submitSocial;all;arwin
2017-01-30 05:44:05	worker	galau;2017-01-28 - 2017-01-28;submitSocial;all;arwin
2017-01-30 05:44:20	worker	#prestasiindonesia;2017-01-28 - 2017-01-28;submitSocial;all;arwin
2017-01-30 05:44:32	worker	@Tw_Debi;2017-01-28 - 2017-01-28;submitSocial;all;arwin
2017-01-30 05:44:45	worker	@OfficialFastron;2017-01-28 - 2017-01-28;submitSocial;all;arwin
2017-01-30 05:44:57	worker	@CitibankID;2017-01-28 - 2017-01-28;submitSocial;all;arwin
