2017-04-01 05:00:03	worker	@987genfm;2017-03-30 - 2017-03-30;submitSocial;all;arwin
2017-04-01 05:00:06	worker	@101jakfm;2017-03-30 - 2017-03-30;submitSocial;all;arwin
2017-04-01 05:00:09	worker	@prambors;2017-03-30 - 2017-03-30;submitSocial;all;arwin
2017-04-01 05:00:13	worker	@hardrockfm;2017-03-30 - 2017-03-30;submitSocial;all;arwin
2017-04-01 05:00:16	worker	@kisfmjakarta;2017-03-30 - 2017-03-30;submitSocial;all;arwin
2017-04-01 05:00:19	worker	@delta_fm;2017-03-30 - 2017-03-30;submitSocial;all;arwin
2017-04-01 05:00:22	worker	@traxfmjkt;2017-03-30 - 2017-03-30;submitSocial;all;arwin
2017-04-01 05:00:25	worker	@iradiojakarta;2017-03-30 - 2017-03-30;submitSocial;all;arwin
2017-04-01 05:00:28	worker	@indika9160fm;2017-03-30 - 2017-03-30;submitSocial;all;arwin
2017-04-01 05:00:30	worker	@shellindonesia;2017-03-30 - 2017-03-30;submitSocial;all;arwin
2017-04-01 05:00:33	worker	@vpowerfans;2017-03-30 - 2017-03-30;submitSocial;all;arwin
2017-04-01 05:00:36	worker	@pertamaxind;2017-03-30 - 2017-03-30;submitSocial;all;arwin
2017-04-01 05:00:38	worker	@ptpertamina;2017-03-30 - 2017-03-30;submitSocial;all;arwin
2017-04-01 05:00:42	worker	@OZRadioJakarta;2017-03-30 - 2017-03-30;submitSocial;all;arwin
2017-04-01 05:00:44	worker	@CosmopolitanFM;2017-03-30 - 2017-03-30;submitSocial;all;arwin
2017-04-01 05:00:47	worker	@mustang88fm;2017-03-30 - 2017-03-30;submitSocial;all;arwin
2017-04-01 05:00:50	worker	@debabaz;2017-03-30 - 2017-03-30;submitSocial;all;arwin
2017-04-01 05:00:52	worker	@detikcom;2017-03-30 - 2017-03-30;submitSocial;all;arwin
2017-04-01 05:00:56	worker	@radioelshinta;2017-03-30 - 2017-03-30;submitSocial;all;arwin
2017-04-01 05:00:59	worker	@cinema21;2017-03-30 - 2017-03-30;submitSocial;all;arwin
2017-04-01 05:01:02	worker	@OfficialRCTI;2017-03-30 - 2017-03-30;submitSocial;all;arwin
2017-04-01 05:01:06	worker	@TRANSTV_CORP;2017-03-30 - 2017-03-30;submitSocial;all;arwin
2017-04-01 05:01:09	worker	@TRANS7;2017-03-30 - 2017-03-30;submitSocial;all;arwin
2017-04-01 05:01:12	worker	@Metro_TV;2017-03-30 - 2017-03-30;submitSocial;all;arwin
2017-04-01 05:01:16	worker	@tvOneNews;2017-03-30 - 2017-03-30;submitSocial;all;arwin
2017-04-01 05:01:20	worker	@whatsonANTV;2017-03-30 - 2017-03-30;submitSocial;all;arwin
2017-04-01 05:01:23	worker	@SCTV_;2017-03-30 - 2017-03-30;submitSocial;all;arwin
2017-04-01 05:01:26	worker	@KompasTV;2017-03-30 - 2017-03-30;submitSocial;all;arwin
2017-04-01 05:01:30	worker	@netmediatama;2017-03-30 - 2017-03-30;submitSocial;all;arwin
2017-04-01 05:01:34	worker	@Globaltvseru;2017-03-30 - 2017-03-30;submitSocial;all;arwin
2017-04-01 05:01:37	worker	@JaktvCom;2017-03-30 - 2017-03-30;submitSocial;all;arwin
2017-04-01 05:01:40	worker	@TVRINasional;2017-03-30 - 2017-03-30;submitSocial;all;arwin
2017-04-01 05:01:42	worker	@ochannelupdates;2017-03-30 - 2017-03-30;submitSocial;all;arwin
2017-04-01 05:01:45	worker	@IndosiarID;2017-03-30 - 2017-03-30;submitSocial;all;arwin
2017-04-01 05:01:49	worker	@kompascom;2017-03-30 - 2017-03-30;submitSocial;all;arwin
2017-04-01 05:01:53	worker	@merdekadotcom;2017-03-30 - 2017-03-30;submitSocial;all;arwin
2017-04-01 05:01:55	worker	@MIdotcom;2017-03-30 - 2017-03-30;submitSocial;all;arwin
2017-04-01 05:01:58	worker	@tempodotco;2017-03-30 - 2017-03-30;submitSocial;all;arwin
2017-04-01 05:02:01	worker	@motion975fm;2017-03-30 - 2017-03-30;submitSocial;all;arwin
2017-04-01 05:02:04	worker	@_radiotoday;2017-03-30 - 2017-03-30;submitSocial;all;arwin
2017-04-01 05:02:07	worker	@radioinfo;2017-03-30 - 2017-03-30;submitSocial;all;arwin
2017-04-01 05:02:10	worker	@979FeMaleRadio;2017-03-30 - 2017-03-30;submitSocial;all;arwin
2017-04-01 05:02:13	worker	@WomanRadio943FM;2017-03-30 - 2017-03-30;submitSocial;all;arwin
2017-04-01 05:02:15	worker	@VRadioFM;2017-03-30 - 2017-03-30;submitSocial;all;arwin
2017-04-01 05:02:18	worker	@UFM947;2017-03-30 - 2017-03-30;submitSocial;all;arwin
2017-04-01 05:02:20	worker	@VIVAnews;2017-03-30 - 2017-03-30;submitSocial;all;arwin
2017-04-01 05:02:23	worker	@antaranews;2017-03-30 - 2017-03-30;submitSocial;all;arwin
2017-04-01 05:02:26	worker	@tribunnews;2017-03-30 - 2017-03-30;submitSocial;all;arwin
2017-04-01 05:02:30	worker	@okezonenews;2017-03-30 - 2017-03-30;submitSocial;all;arwin
2017-04-01 05:02:33	worker	@Beritasatu;2017-03-30 - 2017-03-30;submitSocial;all;arwin
2017-04-01 05:02:36	worker	@rollingstoneina;2017-03-30 - 2017-03-30;submitSocial;all;arwin
2017-04-01 05:02:39	worker	@FIMELAdotcom;2017-03-30 - 2017-03-30;submitSocial;all;arwin
2017-04-01 05:02:41	worker	@KapanLagicom;2017-03-30 - 2017-03-30;submitSocial;all;arwin
2017-04-01 05:02:44	worker	@KompasEnt ;2017-03-30 - 2017-03-30;submitSocial;all;arwin
2017-04-01 05:02:47	worker	@HaiMagazine;2017-03-30 - 2017-03-30;submitSocial;all;arwin
2017-04-01 05:02:50	worker	@JakartaVenue;2017-03-30 - 2017-03-30;submitSocial;all;arwin
2017-04-01 05:02:52	worker	@SeputarEvent;2017-03-30 - 2017-03-30;submitSocial;all;arwin
2017-04-01 05:02:55	worker	@ismayaLive;2017-03-30 - 2017-03-30;submitSocial;all;arwin
2017-04-01 05:02:58	worker	@ECEntertainment;2017-03-30 - 2017-03-30;submitSocial;all;arwin
2017-04-01 05:03:00	worker	@synergism_En;2017-03-30 - 2017-03-30;submitSocial;all;arwin
2017-04-01 05:03:03	worker	@Urbanbandung;2017-03-30 - 2017-03-30;submitSocial;all;arwin
2017-04-01 05:03:06	worker	@Urbanrkm995;2017-03-30 - 2017-03-30;submitSocial;all;arwin
2017-04-01 05:03:08	worker	@Garuda_Promo;2017-03-30 - 2017-03-30;submitSocial;all;arwin
2017-04-01 05:03:11	worker	@AirAsiaID;2017-03-30 - 2017-03-30;submitSocial;all;arwin
2017-04-01 05:03:14	worker	@KAI121;2017-03-30 - 2017-03-30;submitSocial;all;arwin
2017-04-01 05:03:16	worker	@Unilever;2017-03-30 - 2017-03-30;submitSocial;all;arwin
2017-04-01 05:03:20	worker	@Nestle;2017-03-30 - 2017-03-30;submitSocial;all;arwin
2017-04-01 05:03:24	worker	@CocaCola;2017-03-30 - 2017-03-30;submitSocial;all;arwin
2017-04-01 05:03:29	worker	@CNN;2017-03-30 - 2017-03-30;submitSocial;all;arwin
2017-04-01 05:03:36	worker	@MTV;2017-03-30 - 2017-03-30;submitSocial;all;arwin
2017-04-01 05:03:40	worker	@channelv;2017-03-30 - 2017-03-30;submitSocial;all;arwin
2017-04-01 05:03:42	worker	@iTunesMusic;2017-03-30 - 2017-03-30;submitSocial;all;arwin
2017-04-01 05:03:45	worker	@mashable;2017-03-30 - 2017-03-30;submitSocial;all;arwin
2017-04-01 05:03:50	worker	@decacaz;2017-03-30 - 2017-03-30;submitSocial;all;arwin
2017-04-01 05:03:53	worker	@radiobaru967FM;2017-03-30 - 2017-03-30;submitSocial;all;arwin
2017-04-01 05:03:55	worker	@967HitzFM;2017-03-30 - 2017-03-30;submitSocial;all;arwin
2017-04-01 05:03:58	worker	@TVGuide;2017-03-30 - 2017-03-30;submitSocial;all;arwin
2017-04-01 05:04:01	worker	@XL123;2017-03-30 - 2017-03-30;submitSocial;all;arwin
2017-04-01 05:04:04	worker	@triindonesia;2017-03-30 - 2017-03-30;submitSocial;all;arwin
2017-04-01 05:04:07	worker	@kaskus;2017-03-30 - 2017-03-30;submitSocial;all;arwin
2017-04-01 05:04:11	worker	@Studio_XXI;2017-03-30 - 2017-03-30;submitSocial;all;arwin
2017-04-01 05:04:13	worker	@blitzmegaplex;2017-03-30 - 2017-03-30;submitSocial;all;arwin
2017-04-01 05:04:15	worker	@alfamartku;2017-03-30 - 2017-03-30;submitSocial;all;arwin
2017-04-01 05:04:18	worker	@Carrefour_ID;2017-03-30 - 2017-03-30;submitSocial;all;arwin
2017-04-01 05:04:21	worker	@BBCBreaking;2017-03-30 - 2017-03-30;submitSocial;all;arwin
2017-04-01 05:04:25	worker	@Forbes;2017-03-30 - 2017-03-30;submitSocial;all;arwin
2017-04-01 05:04:33	worker	@BensRadio;2017-03-30 - 2017-03-30;submitSocial;all;arwin
2017-04-01 05:04:36	worker	@instagram;2017-03-30 - 2017-03-30;submitSocial;all;arwin
2017-04-01 05:04:41	worker	@Pinterest;2017-03-30 - 2017-03-30;submitSocial;all;arwin
2017-04-01 05:04:45	worker	@google;2017-03-30 - 2017-03-30;submitSocial;all;arwin
2017-04-01 05:04:52	worker	@Pertaminalub;2017-03-30 - 2017-03-30;submitSocial;all;arwin
2017-04-01 05:04:54	worker	@InfoLalinTol;2017-03-30 - 2017-03-30;submitSocial;all;arwin
2017-04-01 05:04:57	worker	@PTJASAMARGA;2017-03-30 - 2017-03-30;submitSocial;all;arwin
2017-04-01 05:05:00	worker	@cititransindo;2017-03-30 - 2017-03-30;submitSocial;all;arwin
2017-04-01 05:05:03	worker	#semangatpagisuperr;2017-03-30 - 2017-03-30;submitSocial;all;arwin
2017-04-01 05:05:05	worker	#genkuisinsideout;2017-03-30 - 2017-03-30;submitSocial;all;arwin
2017-04-01 05:05:08	worker	#semangatpagi;2017-03-30 - 2017-03-30;submitSocial;all;arwin
2017-04-01 05:05:11	worker	#dikamar;2017-03-30 - 2017-03-30;submitSocial;all;arwin
2017-04-01 05:05:14	worker	#kopaja;2017-03-30 - 2017-03-30;submitSocial;all;arwin
2017-04-01 05:05:17	worker	#generaksi8;2017-03-30 - 2017-03-30;submitSocial;all;arwin
2017-04-01 05:05:19	worker	#hitztsp;2017-03-30 - 2017-03-30;submitSocial;all;arwin
2017-04-01 05:05:22	worker	#np;2017-03-30 - 2017-03-30;submitSocial;all;arwin
2017-04-01 05:05:26	worker	#hitzlivestage;2017-03-30 - 2017-03-30;submitSocial;all;arwin
2017-04-01 05:05:29	worker	#thefreaks;2017-03-30 - 2017-03-30;submitSocial;all;arwin
2017-04-01 05:05:32	worker	#hitzsirkuspagi;2017-03-30 - 2017-03-30;submitSocial;all;arwin
2017-04-01 05:05:34	worker	#hitzathlon;2017-03-30 - 2017-03-30;submitSocial;all;arwin
2017-04-01 05:05:37	worker	#hitzzombie;2017-03-30 - 2017-03-30;submitSocial;all;arwin
2017-04-01 05:05:40	worker	#hitzkalong;2017-03-30 - 2017-03-30;submitSocial;all;arwin
2017-04-01 05:05:42	worker	#hitzbebas;2017-03-30 - 2017-03-30;submitSocial;all;arwin
2017-04-01 05:05:45	worker	#hitzhorehara;2017-03-30 - 2017-03-30;submitSocial;all;arwin
2017-04-01 05:05:48	worker	@ZaloraID;2017-03-30 - 2017-03-30;submitSocial;all;arwin
2017-04-01 05:05:51	worker	@OLX_Indonesia;2017-03-30 - 2017-03-30;submitSocial;all;arwin
2017-04-01 05:05:54	worker	@LazadaID;2017-03-30 - 2017-03-30;submitSocial;all;arwin
2017-04-01 05:05:57	worker	@utrippers;2017-03-30 - 2017-03-30;submitSocial;all;arwin
2017-04-01 05:05:59	worker	@GoGobot;2017-03-30 - 2017-03-30;submitSocial;all;arwin
2017-04-01 05:06:03	worker	@viatortravel;2017-03-30 - 2017-03-30;submitSocial;all;arwin
2017-04-01 05:06:05	worker	@alandakariza;2017-03-30 - 2017-03-30;submitSocial;all;arwin
2017-04-01 05:06:08	worker	@gagasmedia;2017-03-30 - 2017-03-30;submitSocial;all;arwin
2017-04-01 05:06:11	worker	@welovehonda;2017-03-30 - 2017-03-30;submitSocial;all;arwin
2017-04-01 05:06:15	worker	@SuzukiMotorID;2017-03-30 - 2017-03-30;submitSocial;all;arwin
2017-04-01 05:06:17	worker	@kawasakilovers;2017-03-30 - 2017-03-30;submitSocial;all;arwin
2017-04-01 05:06:20	worker	@yamahaindonesia;2017-03-30 - 2017-03-30;submitSocial;all;arwin
2017-04-01 05:06:22	worker	@tripanzee;2017-03-30 - 2017-03-30;submitSocial;all;arwin
2017-04-01 05:06:25	worker	@arnoldpoernomo;2017-03-30 - 2017-03-30;submitSocial;all;arwin
2017-04-01 05:06:28	worker	@nicsap;2017-03-30 - 2017-03-30;submitSocial;all;arwin
2017-04-01 05:06:31	worker	@tiket2;2017-03-30 - 2017-03-30;submitSocial;all;arwin
2017-04-01 05:06:34	worker	@traveloka;2017-03-30 - 2017-03-30;submitSocial;all;arwin
2017-04-01 05:06:37	worker	@wego;2017-03-30 - 2017-03-30;submitSocial;all;arwin
2017-04-01 05:06:41	worker	@agoda;2017-03-30 - 2017-03-30;submitSocial;all;arwin
2017-04-01 05:06:44	worker	#salahsambung;2017-03-30 - 2017-03-30;submitSocial;all;arwin
2017-04-01 05:06:47	worker	#tulalit;2017-03-30 - 2017-03-30;submitSocial;all;arwin
2017-04-01 05:06:50	worker	#pestageneraksi8;2017-03-30 - 2017-03-30;submitSocial;all;arwin
2017-04-01 05:06:52	worker	#ganaskustik;2017-03-30 - 2017-03-30;submitSocial;all;arwin
2017-04-01 05:06:55	worker	#lnhot20;2017-03-30 - 2017-03-30;submitSocial;all;arwin
2017-04-01 05:06:57	worker	@TripAdvisor;2017-03-30 - 2017-03-30;submitSocial;all;arwin
2017-04-01 05:07:00	worker	@google;2017-03-30 - 2017-03-30;submitSocial;all;arwin
2017-04-01 05:07:07	worker	@Telkomsel;2017-03-30 - 2017-03-30;submitSocial;all;arwin
2017-04-01 05:07:10	worker	@indosat;2017-03-30 - 2017-03-30;submitSocial;all;arwin
2017-04-01 05:07:13	worker	@bahanafmjkt;2017-03-30 - 2017-03-30;submitSocial;all;2017-04-01 05:07:19	worker	@sonorafm92;2017-03-30 - 2017-03-30;submitSocial;all;arwin
2017-04-01 05:07:22	worker	@litefm1058;2017-03-30 - 2017-03-30;submitSocial;all;arwin
2017-04-01 05:07:24	worker	@Bravaradio;2017-03-30 - 2017-03-30;submitSocial;all;arwin
2017-04-01 05:07:27	worker	#dgitm;2017-03-30 - 2017-03-30;submitSocial;all;arwin
2017-04-01 05:07:31	worker	#hitsalaprambors;2017-03-30 - 2017-03-30;submitSocial;all;arwin
2017-04-01 05:07:33	worker	#reqprambors;2017-03-30 - 2017-03-30;submitSocial;all;arwin
2017-04-01 05:07:36	worker	#thedandees;2017-03-30 - 2017-03-30;submitSocial;all;arwin
2017-04-01 05:07:39	worker	#pramborsquiz;2017-03-30 - 2017-03-30;submitSocial;all;arwin
2017-04-01 05:07:41	worker	#jeliprambors;2017-03-30 - 2017-03-30;submitSocial;all;arwin
2017-04-01 05:07:43	worker	#jodohinprambors;2017-03-30 - 2017-03-30;submitSocial;all;arwin
2017-04-01 05:07:46	worker	#ubahdenganbicara;2017-03-30 - 2017-03-30;submitSocial;all;arwin
2017-04-01 05:07:48	worker	#pramborschat;2017-03-30 - 2017-03-30;submitSocial;all;arwin
2017-04-01 05:07:51	worker	#tweetforduit;2017-03-30 - 2017-03-30;submitSocial;all;arwin
2017-04-01 05:07:54	worker	#joki3in1;2017-03-30 - 2017-03-30;submitSocial;all;arwin
2017-04-01 05:07:56	worker	#sarapanseru;2017-03-30 - 2017-03-30;submitSocial;all;arwin
2017-04-01 05:07:59	worker	#rawonkaneloop;2017-03-30 - 2017-03-30;submitSocial;all;arwin
2017-04-01 05:08:01	worker	#gudegkendilkeraton;2017-03-30 - 2017-03-30;submitSocial;all;arwin
2017-04-01 05:08:04	worker	#gadogadobutika;2017-03-30 - 2017-03-30;submitSocial;all;arwin
2017-04-01 05:08:06	worker	#mtvhottest;2017-03-30 - 2017-03-30;submitSocial;all;arwin
2017-04-01 05:08:09	worker	#dimsumcjdw;2017-03-30 - 2017-03-30;submitSocial;all;arwin
2017-04-01 05:08:12	worker	#pecelmadiunmbakniek;2017-03-30 - 2017-03-30;submitSocial;all;arwin
2017-04-01 05:08:14	worker	#depotarema;2017-03-30 - 2017-03-30;submitSocial;all;arwin
2017-04-01 05:08:17	worker	@BNI46;2017-03-30 - 2017-03-30;submitSocial;all;arwin
2017-04-01 05:08:20	worker	@BANKBRI_ID;2017-03-30 - 2017-03-30;submitSocial;all;arwin
2017-04-01 05:08:23	worker	#bni46;2017-03-30 - 2017-03-30;submitSocial;all;arwin
2017-04-01 05:08:26	worker	macet;2017-03-30 - 2017-03-30;submitSocial;all;arwin
2017-04-01 05:08:31	worker	#selamatpagi;2017-03-30 - 2017-03-30;submitSocial;all;arwin
2017-04-01 05:08:34	worker	#selamatmalam;2017-03-30 - 2017-03-30;submitSocial;all;arwin
2017-04-01 05:08:36	worker	@884GlobalRadio;2017-03-30 - 2017-03-30;submitSocial;all;arwin
2017-04-01 05:08:39	worker	@day_trans;2017-03-30 - 2017-03-30;submitSocial;all;arwin
2017-04-01 05:08:42	worker	@kencanavoyage;2017-03-30 - 2017-03-30;submitSocial;all;arwin
2017-04-01 05:08:44	worker	@jukebox5d;2017-03-30 - 2017-03-30;submitSocial;all;arwin
2017-04-01 05:08:47	worker	#mtvhottest;2017-03-30 - 2017-03-30;submitSocial;all;arwin
2017-04-01 05:08:50	worker	#semangatpagi;2017-03-30 - 2017-03-30;submitSocial;all;arwin
2017-04-01 05:08:53	worker	lifebuoy;2017-03-30 - 2017-03-30;submitSocial;all;arwin
2017-04-01 05:08:55	worker	jokowi;2017-03-30 - 2017-03-30;submitSocial;all;arwin
2017-04-01 05:09:02	worker	obama;2017-03-30 - 2017-03-30;submitSocial;all;arwin
2017-04-01 05:09:12	worker	starwars;2017-03-30 - 2017-03-30;submitSocial;all;arwin
2017-04-01 05:09:15	worker	jonan;2017-03-30 - 2017-03-30;submitSocial;all;arwin
2017-04-01 05:09:20	worker	pagi;2017-03-30 - 2017-03-30;submitSocial;all;arwin
2017-04-01 05:09:29	worker	sampoerna;2017-03-30 - 2017-03-30;submitSocial;all;arwin
2017-04-01 05:09:33	worker	djarum;2017-03-30 - 2017-03-30;submitSocial;all;arwin
2017-04-01 05:09:37	worker	#semangatpagi;2017-03-30 - 2017-03-30;submitSocial;all;arwin
2017-04-01 05:09:39	worker	#generaksi8;2017-03-30 - 2017-03-30;submitSocial;all;arwin
2017-04-01 05:09:41	worker	#365alasan;2017-03-30 - 2017-03-30;submitSocial;all;arwin
2017-04-01 05:09:44	worker	weew;2017-03-30 - 2017-03-30;submitSocial;all;arwin
2017-04-01 05:09:48	worker	testing;2017-03-30 - 2017-03-30;submitSocial;all;arwin
2017-04-01 05:09:57	worker	#kopaja;2017-03-30 - 2017-03-30;submitSocial;all;arwin
2017-04-01 05:10:01	worker	#genkuisinsideout;2017-03-30 - 2017-03-30;submitSocial;all;arwin
2017-04-01 05:10:04	worker	starwars;2017-03-30 - 2017-03-30;submitSocial;all;arwin
2017-04-01 05:10:08	worker	#kopaja;2017-03-30 - 2017-03-30;submitSocial;all;arwin
2017-04-01 05:10:11	worker	mldspot;2017-03-30 - 2017-03-30;submitSocial;all;arwin
2017-04-01 05:10:14	worker	PBDjarum;2017-03-30 - 2017-03-30;submitSocial;all;arwin
2017-04-01 05:10:17	worker	TemanNabati;2017-03-30 - 2017-03-30;submitSocial;all;arwin
2017-04-01 05:10:20	worker	Nextar;2017-03-30 - 2017-03-30;submitSocial;all;arwin
2017-04-01 05:10:24	worker	jokowo;2017-03-30 - 2017-03-30;submitSocial;all;arwin
2017-04-01 05:10:28	worker	prabowo;2017-03-30 - 2017-03-30;submitSocial;all;arwin
2017-04-01 05:10:31	worker	sudirman said;2017-03-30 - 2017-03-30;submitSocial;all;arwin
2017-04-01 05:10:34	worker	ahok;2017-03-30 - 2017-03-30;submitSocial;all;arwin
2017-04-01 05:10:45	worker	setyanovanto;2017-03-30 - 2017-03-30;submitSocial;all;arwin
2017-04-01 05:10:47	worker	jokowi;2017-03-30 - 2017-03-30;submitSocial;all;arwin
2017-04-01 05:10:54	worker	ahok;2017-03-30 - 2017-03-30;submitSocial;all;arwin
2017-04-01 05:11:05	worker	prabowo;2017-03-30 - 2017-03-30;submitSocial;all;arwin
2017-04-01 05:11:08	worker	sudirman said;2017-03-30 - 2017-03-30;submitSocial;all;arwin
2017-04-01 05:11:11	worker	setyanovanto;2017-03-30 - 2017-03-30;submitSocial;all;arwin
2017-04-01 05:11:14	worker	galau;2017-03-30 - 2017-03-30;submitSocial;all;arwin
2017-04-01 05:11:20	worker	#prestasiindonesia;2017-03-30 - 2017-03-30;submitSocial;all;arwin
2017-04-01 05:11:23	worker	@Tw_Debi;2017-03-30 - 2017-03-30;submitSocial;all;arwin
2017-04-01 05:11:26	worker	@OfficialFastron;2017-03-30 - 2017-03-30;submitSocial;all;arwin
2017-04-01 05:11:29	worker	@CitibankID;2017-03-30 - 2017-03-30;submitSocial;all;arwin
2017-04-01 05:11:31	worker	@jak101fm;2017-03-30 - 2017-03-30;submitSocial;all;arwin
2017-04-01 05:11:35	worker	@genfm;2017-03-30 - 2017-03-30;submitSocial;all;arwin
