2017-10-05 05:00:07	[{"keyword":"@987genfm","from":"2017-10-03","mode":"submitSocial","container":"all","username":"arwin"}]
2017-10-05 05:00:10	[{"keyword":"@101jakfm","from":"2017-10-03","mode":"submitSocial","container":"all","username":"arwin"}]
2017-10-05 05:00:13	[{"keyword":"@prambors","from":"2017-10-03","mode":"submitSocial","container":"all","username":"arwin"}]
2017-10-05 05:00:16	[{"keyword":"@hardrockfm","from":"2017-10-03","mode":"submitSocial","container":"all","username":"arwin"}]
2017-10-05 05:00:18	[{"keyword":"@kisfmjakarta","from":"2017-10-03","mode":"submitSocial","container":"all","username":"arwin"}]
2017-10-05 05:00:21	[{"keyword":"@delta_fm","from":"2017-10-03","mode":"submitSocial","container":"all","username":"arwin"}]
2017-10-05 05:00:23	[{"keyword":"@traxfmjkt","from":"2017-10-03","mode":"submitSocial","container":"all","username":"arwin"}]
2017-10-05 05:00:26	[{"keyword":"@iradiojakarta","from":"2017-10-03","mode":"submitSocial","container":"all","username":"arwin"}]
2017-10-05 05:00:28	[{"keyword":"@indika9160fm","from":"2017-10-03","mode":"submitSocial","container":"all","username":"arwin"}]
2017-10-05 05:00:30	[{"keyword":"@shellindonesia","from":"2017-10-03","mode":"submitSocial","container":"all","username":"arwin"}]
2017-10-05 05:00:33	[{"keyword":"@vpowerfans","from":"2017-10-03","mode":"submitSocial","container":"all","username":"arwin"}]
2017-10-05 05:00:35	[{"keyword":"@pertamaxind","from":"2017-10-03","mode":"submitSocial","container":"all","username":"arwin"}]
2017-10-05 05:00:37	[{"keyword":"@ptpertamina","from":"2017-10-03","mode":"submitSocial","container":"all","username":"arwin"}]
2017-10-05 05:00:40	[{"keyword":"@ozradiojakarta","from":"2017-10-03","mode":"submitSocial","container":"all","username":"arwin"}]
2017-10-05 05:00:42	[{"keyword":"@cosmopolitanfm","from":"2017-10-03","mode":"submitSocial","container":"all","username":"arwin"}]
2017-10-05 05:00:44	[{"keyword":"@mustang88fm","from":"2017-10-03","mode":"submitSocial","container":"all","username":"arwin"}]
2017-10-05 05:00:46	[{"keyword":"@debabaz","from":"2017-10-03","mode":"submitSocial","container":"all","username":"arwin"}]
2017-10-05 05:00:50	[{"keyword":"@detikcom","from":"2017-10-03","mode":"submitSocial","container":"all","username":"arwin"}]
2017-10-05 05:00:54	[{"keyword":"@radioelshinta","from":"2017-10-03","mode":"submitSocial","container":"all","username":"arwin"}]
2017-10-05 05:00:56	[{"keyword":"@cinema21","from":"2017-10-03","mode":"submitSocial","container":"all","username":"arwin"}]
2017-10-05 05:00:58	[{"keyword":"@officialrcti","from":"2017-10-03","mode":"submitSocial","container":"all","username":"arwin"}]
2017-10-05 05:01:01	[{"keyword":"@transtv_corp","from":"2017-10-03","mode":"submitSocial","container":"all","username":"arwin"}]
2017-10-05 05:01:04	[{"keyword":"@trans7","from":"2017-10-03","mode":"submitSocial","container":"all","username":"arwin"}]
2017-10-05 05:01:08	[{"keyword":"@metro_tv","from":"2017-10-03","mode":"submitSocial","container":"all","username":"arwin"}]
2017-10-05 05:01:11	[{"keyword":"@tvonenews","from":"2017-10-03","mode":"submitSocial","container":"all","username":"arwin"}]
2017-10-05 05:01:14	[{"keyword":"@whatsonantv","from":"2017-10-03","mode":"submitSocial","container":"all","username":"arwin"}]
2017-10-05 05:01:16	[{"keyword":"@sctv_","from":"2017-10-03","mode":"submitSocial","container":"all","username":"arwin"}]
2017-10-05 05:01:19	[{"keyword":"@kompastv","from":"2017-10-03","mode":"submitSocial","container":"all","username":"arwin"}]
2017-10-05 05:01:22	[{"keyword":"@netmediatama","from":"2017-10-03","mode":"submitSocial","container":"all","username":"arwin"}]
2017-10-05 05:01:25	[{"keyword":"@globaltvseru","from":"2017-10-03","mode":"submitSocial","container":"all","username":"arwin"}]
2017-10-05 05:01:27	[{"keyword":"@jaktvcom","from":"2017-10-03","mode":"submitSocial","container":"all","username":"arwin"}]
2017-10-05 05:01:30	[{"keyword":"@tvrinasional","from":"2017-10-03","mode":"submitSocial","container":"all","username":"arwin"}]
2017-10-05 05:01:32	[{"keyword":"@ochannelupdates","from":"2017-10-03","mode":"submitSocial","container":"all","username":"arwin"}]
2017-10-05 05:01:35	[{"keyword":"@indosiarid","from":"2017-10-03","mode":"submitSocial","container":"all","username":"arwin"}]
2017-10-05 05:01:41	[{"keyword":"@kompascom","from":"2017-10-03","mode":"submitSocial","container":"all","username":"arwin"}]
2017-10-05 05:01:44	[{"keyword":"@merdekadotcom","from":"2017-10-03","mode":"submitSocial","container":"all","username":"arwin"}]
2017-10-05 05:01:46	[{"keyword":"@midotcom","from":"2017-10-03","mode":"submitSocial","container":"all","username":"arwin"}]
2017-10-05 05:01:49	[{"keyword":"@tempodotco","from":"2017-10-03","mode":"submitSocial","container":"all","username":"arwin"}]
2017-10-05 05:01:52	[{"keyword":"@motion975fm","from":"2017-10-03","mode":"submitSocial","container":"all","username":"arwin"}]
2017-10-05 05:01:54	[{"keyword":"@_radiotoday","from":"2017-10-03","mode":"submitSocial","container":"all","username":"arwin"}]
2017-10-05 05:01:56	[{"keyword":"@radioinfo","from":"2017-10-03","mode":"submitSocial","container":"all","username":"arwin"}]
2017-10-05 05:01:59	[{"keyword":"@979femaleradio","from":"2017-10-03","mode":"submitSocial","container":"all","username":"arwin"}]
2017-10-05 05:02:01	[{"keyword":"@womanradio943fm","from":"2017-10-03","mode":"submitSocial","container":"all","username":"arwin"}]
2017-10-05 05:02:03	[{"keyword":"@vradiofm","from":"2017-10-03","mode":"submitSocial","container":"all","username":"arwin"}]
2017-10-05 05:02:05	[{"keyword":"@ufm947","from":"2017-10-03","mode":"submitSocial","container":"all","username":"arwin"}]
2017-10-05 05:02:08	[{"keyword":"@vivanews","from":"2017-10-03","mode":"submitSocial","container":"all","username":"arwin"}]
2017-10-05 05:02:11	[{"keyword":"@antaranews","from":"2017-10-03","mode":"submitSocial","container":"all","username":"arwin"}]
2017-10-05 05:02:13	[{"keyword":"@tribunnews","from":"2017-10-03","mode":"submitSocial","container":"all","username":"arwin"}]
2017-10-05 05:02:16	[{"keyword":"@okezonenews","from":"2017-10-03","mode":"submitSocial","container":"all","username":"arwin"}]
2017-10-05 05:02:19	[{"keyword":"@beritasatu","from":"2017-10-03","mode":"submitSocial","container":"all","username":"arwin"}]
2017-10-05 05:02:21	[{"keyword":"@rollingstoneina","from":"2017-10-03","mode":"submitSocial","container":"all","username":"arwin"}]
2017-10-05 05:02:23	[{"keyword":"@fimeladotcom","from":"2017-10-03","mode":"submitSocial","container":"all","username":"arwin"}]
2017-10-05 05:02:26	[{"keyword":"@kapanlagicom","from":"2017-10-03","mode":"submitSocial","container":"all","username":"arwin"}]
2017-10-05 05:02:28	[{"keyword":"@kompasent","from":"2017-10-03","mode":"submitSocial","container":"all","username":"arwin"}]
2017-10-05 05:02:31	[{"keyword":"@haimagazine","from":"2017-10-03","mode":"submitSocial","container":"all","username":"arwin"}]
2017-10-05 05:02:33	[{"keyword":"@jakartavenue","from":"2017-10-03","mode":"submitSocial","container":"all","username":"arwin"}]
2017-10-05 05:02:35	[{"keyword":"@seputarevent","from":"2017-10-03","mode":"submitSocial","container":"all","username":"arwin"}]
2017-10-05 05:02:38	[{"keyword":"@ismayalive","from":"2017-10-03","mode":"submitSocial","container":"all","username":"arwin"}]
2017-10-05 05:02:40	[{"keyword":"@ecentertainment","from":"2017-10-03","mode":"submitSocial","container":"all","username":"arwin"}]
2017-10-05 05:02:42	[{"keyword":"@synergism_en","from":"2017-10-03","mode":"submitSocial","container":"all","username":"arwin"}]
2017-10-05 05:02:44	[{"keyword":"@urbanbandung","from":"2017-10-03","mode":"submitSocial","container":"all","username":"arwin"}]
2017-10-05 05:02:46	[{"keyword":"@urbanrkm995","from":"2017-10-03","mode":"submitSocial","container":"all","username":"arwin"}]
2017-10-05 05:02:48	[{"keyword":"@garuda_promo","from":"2017-10-03","mode":"submitSocial","container":"all","username":"arwin"}]
2017-10-05 05:02:51	[{"keyword":"@airasiaid","from":"2017-10-03","mode":"submitSocial","container":"all","username":"arwin"}]
2017-10-05 05:02:53	[{"keyword":"@kai121","from":"2017-10-03","mode":"submitSocial","container":"all","username":"arwin"}]
2017-10-05 05:02:56	[{"keyword":"@unilever","from":"2017-10-03","mode":"submitSocial","container":"all","username":"arwin"}]
2017-10-05 05:02:59	[{"keyword":"@nestle","from":"2017-10-03","mode":"submitSocial","container":"all","username":"arwin"}]
2017-10-05 05:03:05	[{"keyword":"@cocacola","from":"2017-10-03","mode":"submitSocial","container":"all","username":"arwin"}]
2017-10-05 05:03:13	[{"keyword":"@cnn","from":"2017-10-03","mode":"submitSocial","container":"all","username":"arwin"}]
2017-10-05 05:03:18	[{"keyword":"@mtv","from":"2017-10-03","mode":"submitSocial","container":"all","username":"arwin"}]
2017-10-05 05:03:20	[{"keyword":"@channelv","from":"2017-10-03","mode":"submitSocial","container":"all","username":"arwin"}]
2017-10-05 05:03:23	[{"keyword":"@itunesmusic","from":"2017-10-03","mode":"submitSocial","container":"all","username":"arwin"}]
2017-10-05 05:03:28	[{"keyword":"@mashable","from":"2017-10-03","mode":"submitSocial","container":"all","username":"arwin"}]
2017-10-05 05:03:30	[{"keyword":"@decacaz","from":"2017-10-03","mode":"submitSocial","container":"all","username":"arwin"}]
2017-10-05 05:03:32	[{"keyword":"@radiobaru967fm","from":"2017-10-03","mode":"submitSocial","container":"all","username":"arwin"}]
2017-10-05 05:03:34	[{"keyword":"@967hitzfm","from":"2017-10-03","mode":"submitSocial","container":"all","username":"arwin"}]
2017-10-05 05:03:37	[{"keyword":"@tvguide","from":"2017-10-03","mode":"submitSocial","container":"all","username":"arwin"}]
2017-10-05 05:03:39	[{"keyword":"@xl123","from":"2017-10-03","mode":"submitSocial","container":"all","username":"arwin"}]
2017-10-05 05:03:41	[{"keyword":"@triindonesia","from":"2017-10-03","mode":"submitSocial","container":"all","username":"arwin"}]
2017-10-05 05:03:44	[{"keyword":"@kaskus","from":"2017-10-03","mode":"submitSocial","container":"all","username":"arwin"}]
2017-10-05 05:03:47	[{"keyword":"@studio_xxi","from":"2017-10-03","mode":"submitSocial","container":"all","username":"arwin"}]
2017-10-05 05:03:48	[{"keyword":"@blitzmegaplex","from":"2017-10-03","mode":"submitSocial","container":"all","username":"arwin"}]
2017-10-05 05:03:51	[{"keyword":"@alfamartku","from":"2017-10-03","mode":"submitSocial","container":"all","username":"arwin"}]
2017-10-05 05:03:53	[{"keyword":"@carrefour_id","from":"2017-10-03","mode":"submitSocial","container":"all","username":"arwin"}]
2017-10-05 05:04:00	[{"keyword":"@bbcbreaking","from":"2017-10-03","mode":"submitSocial","container":"all","username":"arwin"}]
2017-10-05 05:04:08	[{"keyword":"@forbes","from":"2017-10-03","mode":"submitSocial","container":"all","username":"arwin"}]
2017-10-05 05:04:11	[{"keyword":"@bensradio","from":"2017-10-03","mode":"submitSocial","container":"all","username":"arwin"}]
2017-10-05 05:04:17	[{"keyword":"@instagram","from":"2017-10-03","mode":"submitSocial","container":"all","username":"arwin"}]
2017-10-05 05:04:20	[{"keyword":"@pinterest","from":"2017-10-03","mode":"submitSocial","container":"all","username":"arwin"}]
2017-10-05 05:04:28	[{"keyword":"@google","from":"2017-10-03","mode":"submitSocial","container":"all","username":"arwin"}]
2017-10-05 05:04:30	[{"keyword":"@pertaminalub","from":"2017-10-03","mode":"submitSocial","container":"all","username":"arwin"}]
2017-10-05 05:04:33	[{"keyword":"@infolalintol","from":"2017-10-03","mode":"submitSocial","container":"all","username":"arwin"}]
2017-10-05 05:04:35	[{"keyword":"@ptjasamarga","from":"2017-10-03","mode":"submitSocial","container":"all","username":"arwin"}]
2017-10-05 05:04:37	[{"keyword":"@cititransindo","from":"2017-10-03","mode":"submitSocial","container":"all","username":"arwin"}]
2017-10-05 05:04:39	[{"keyword":"#semangatpagisuperr","from":"2017-10-03","mode":"submitSocial","container":"all","username":"arwin"}]
2017-10-05 05:04:41	[{"keyword":"#genkuisinsideout","from":"2017-10-03","mode":"submitSocial","container":"all","username":"arwin"}]
2017-10-05 05:04:43	[{"keyword":"#semangatpagi","from":"2017-10-03","mode":"submitSocial","container":"all","username":"arwin"}]
2017-10-05 05:04:46	[{"keyword":"#dikamar","from":"2017-10-03","mode":"submitSocial","container":"all","username":"arwin"}]
2017-10-05 05:04:48	[{"keyword":"#kopaja","from":"2017-10-03","mode":"submitSocial","container":"all","username":"arwin"}]
2017-10-05 05:04:50	[{"keyword":"#generaksi8","from":"2017-10-03","mode":"submitSocial","container":"all","username":"arwin"}]
2017-10-05 05:04:53	[{"keyword":"#hitztsp","from":"2017-10-03","mode":"submitSocial","container":"all","username":"arwin"}]
2017-10-05 05:04:56	[{"keyword":"#np","from":"2017-10-03","mode":"submitSocial","container":"all","username":"arwin"}]
2017-10-05 05:04:58	[{"keyword":"#hitzlivestage","from":"2017-10-03","mode":"submitSocial","container":"all","username":"arwin"}]
2017-10-05 05:05:01	[{"keyword":"#thefreaks","from":"2017-10-03","mode":"submitSocial","container":"all","username":"arwin"}]
2017-10-05 05:05:04	[{"keyword":"#hitzsirkuspagi","from":"2017-10-03","mode":"submitSocial","container":"all","username":"arwin"}]
2017-10-05 05:05:07	[{"keyword":"#hitzathlon","from":"2017-10-03","mode":"submitSocial","container":"all","username":"arwin"}]
2017-10-05 05:05:09	[{"keyword":"#hitzzombie","from":"2017-10-03","mode":"submitSocial","container":"all","username":"arwin"}]
2017-10-05 05:05:12	[{"keyword":"#hitzkalong","from":"2017-10-03","mode":"submitSocial","container":"all","username":"arwin"}]
2017-10-05 05:05:14	[{"keyword":"#hitzbebas","from":"2017-10-03","mode":"submitSocial","container":"all","username":"arwin"}]
2017-10-05 05:05:17	[{"keyword":"#hitzhorehara","from":"2017-10-03","mode":"submitSocial","container":"all","username":"arwin"}]
2017-10-05 05:05:19	[{"keyword":"@zaloraid","from":"2017-10-03","mode":"submitSocial","container":"all","username":"arwin"}]
2017-10-05 05:05:21	[{"keyword":"@olx_indonesia","from":"2017-10-03","mode":"submitSocial","container":"all","username":"arwin"}]
2017-10-05 05:05:24	[{"keyword":"@lazadaid","from":"2017-10-03","mode":"submitSocial","container":"all","username":"arwin"}]
2017-10-05 05:05:27	[{"keyword":"@utrippers","from":"2017-10-03","mode":"submitSocial","container":"all","username":"arwin"}]
2017-10-05 05:05:29	[{"keyword":"@gogobot","from":"2017-10-03","mode":"submitSocial","container":"all","username":"arwin"}]
2017-10-05 05:05:32	[{"keyword":"@viatortravel","from":"2017-10-03","mode":"submitSocial","container":"all","username":"arwin"}]
2017-10-05 05:05:34	[{"keyword":"@alandakariza","from":"2017-10-03","mode":"submitSocial","container":"all","username":"arwin"}]
2017-10-05 05:05:37	[{"keyword":"@gagasmedia","from":"2017-10-03","mode":"submitSocial","container":"all","username":"arwin"}]
2017-10-05 05:05:39	[{"keyword":"@welovehonda","from":"2017-10-03","mode":"submitSocial","container":"all","username":"arwin"}]
2017-10-05 05:05:41	[{"keyword":"@suzukimotorid","from":"2017-10-03","mode":"submitSocial","container":"all","username":"arwin"}]
2017-10-05 05:05:43	[{"keyword":"@kawasakilovers","from":"2017-10-03","mode":"submitSocial","container":"all","username":"arwin"}]
2017-10-05 05:05:46	[{"keyword":"@yamahaindonesia","from":"2017-10-03","mode":"submitSocial","container":"all","username":"arwin"}]
2017-10-05 05:05:48	[{"keyword":"@tripanzee","from":"2017-10-03","mode":"submitSocial","container":"all","username":"arwin"}]
2017-10-05 05:05:50	[{"keyword":"@arnoldpoernomo","from":"2017-10-03","mode":"submitSocial","container":"all","username":"arwin"}]
2017-10-05 05:05:53	[{"keyword":"@nicsap","from":"2017-10-03","mode":"submitSocial","container":"all","username":"arwin"}]
2017-10-05 05:05:55	[{"keyword":"@tiket2","from":"2017-10-03","mode":"submitSocial","container":"all","username":"arwin"}]
2017-10-05 05:05:57	[{"keyword":"@traveloka","from":"2017-10-03","mode":"submitSocial","container":"all","username":"arwin"}]
2017-10-05 05:06:01	[{"keyword":"@wego","from":"2017-10-03","mode":"submitSocial","container":"all","username":"arwin"}]
2017-10-05 05:06:04	[{"keyword":"@agoda","from":"2017-10-03","mode":"submitSocial","container":"all","username":"arwin"}]
2017-10-05 05:06:06	[{"keyword":"#salahsambung","from":"2017-10-03","mode":"submitSocial","container":"all","username":"arwin"}]
2017-10-05 05:06:09	[{"keyword":"#tulalit","from":"2017-10-03","mode":"submitSocial","container":"all","username":"arwin"}]
2017-10-05 05:06:11	[{"keyword":"#pestageneraksi8","from":"2017-10-03","mode":"submitSocial","container":"all","username":"arwin"}]
2017-10-05 05:06:13	[{"keyword":"#ganaskustik","from":"2017-10-03","mode":"submitSocial","container":"all","username":"arwin"}]
2017-10-05 05:06:15	[{"keyword":"#lnhot20","from":"2017-10-03","mode":"submitSocial","container":"all","username":"arwin"}]
2017-10-05 05:06:17	[{"keyword":"@tripadvisor","from":"2017-10-03","mode":"submitSocial","container":"all","username":"arwin"}]
2017-10-05 05:06:26	[{"keyword":"@google","from":"2017-10-03","mode":"submitSocial","container":"all","username":"arwin"}]
2017-10-05 05:06:29	[{"keyword":"@telkomsel","from":"2017-10-03","mode":"submitSocial","container":"all","username":"arwin"}]
2017-10-05 05:06:31	[{"keyword":"@indosat","from":"2017-10-03","mode":"submitSocial","container":"all","username":"arwin"}]
2017-10-05 05:06:35	[{"keyword":"@bahanafmjkt","from":"2017-10-03","mode":"submitSocial","container":"all","username":""}]
2017-10-05 05:06:39	[{"keyword":"@sonorafm92","from":"2017-10-03","mode":"submitSocial","container":"all","username":"arwin"}]
2017-10-05 05:06:41	[{"keyword":"@litefm1058","from":"2017-10-03","mode":"submitSocial","container":"all","username":"arwin"}]
2017-10-05 05:06:43	[{"keyword":"@bravaradio","from":"2017-10-03","mode":"submitSocial","container":"all","username":"arwin"}]
2017-10-05 05:06:46	[{"keyword":"#dgitm","from":"2017-10-03","mode":"submitSocial","container":"all","username":"arwin"}]
2017-10-05 05:06:48	[{"keyword":"#hitsalaprambors","from":"2017-10-03","mode":"submitSocial","container":"all","username":"arwin"}]
2017-10-05 05:06:50	[{"keyword":"#reqprambors","from":"2017-10-03","mode":"submitSocial","container":"all","username":"arwin"}]
2017-10-05 05:06:53	[{"keyword":"#thedandees","from":"2017-10-03","mode":"submitSocial","container":"all","username":"arwin"}]
2017-10-05 05:06:55	[{"keyword":"#pramborsquiz","from":"2017-10-03","mode":"submitSocial","container":"all","username":"arwin"}]
2017-10-05 05:06:57	[{"keyword":"#jeliprambors","from":"2017-10-03","mode":"submitSocial","container":"all","username":"arwin"}]
2017-10-05 05:06:59	[{"keyword":"#jodohinprambors","from":"2017-10-03","mode":"submitSocial","container":"all","username":"arwin"}]
2017-10-05 05:07:02	[{"keyword":"#ubahdenganbicara","from":"2017-10-03","mode":"submitSocial","container":"all","username":"arwin"}]
2017-10-05 05:07:04	[{"keyword":"#pramborschat","from":"2017-10-03","mode":"submitSocial","container":"all","username":"arwin"}]
2017-10-05 05:07:07	[{"keyword":"#tweetforduit","from":"2017-10-03","mode":"submitSocial","container":"all","username":"arwin"}]
2017-10-05 05:07:09	[{"keyword":"#joki3in1","from":"2017-10-03","mode":"submitSocial","container":"all","username":"arwin"}]
2017-10-05 05:07:11	[{"keyword":"#sarapanseru","from":"2017-10-03","mode":"submitSocial","container":"all","username":"arwin"}]
2017-10-05 05:07:13	[{"keyword":"#rawonkaneloop","from":"2017-10-03","mode":"submitSocial","container":"all","username":"arwin"}]
2017-10-05 05:07:15	[{"keyword":"#gudegkendilkeraton","from":"2017-10-03","mode":"submitSocial","container":"all","username":"arwin"}]
2017-10-05 05:07:17	[{"keyword":"#gadogadobutika","from":"2017-10-03","mode":"submitSocial","container":"all","username":"arwin"}]
2017-10-05 05:07:20	[{"keyword":"#mtvhottest","from":"2017-10-03","mode":"submitSocial","container":"all","username":"arwin"}]
2017-10-05 05:07:22	[{"keyword":"#dimsumcjdw","from":"2017-10-03","mode":"submitSocial","container":"all","username":"arwin"}]
2017-10-05 05:07:24	[{"keyword":"#pecelmadiunmbakniek","from":"2017-10-03","mode":"submitSocial","container":"all","username":"arwin"}]
2017-10-05 05:07:26	[{"keyword":"#depotarema","from":"2017-10-03","mode":"submitSocial","container":"all","username":"arwin"}]
2017-10-05 05:07:28	[{"keyword":"@bni46","from":"2017-10-03","mode":"submitSocial","container":"all","username":"arwin"}]
2017-10-05 05:07:31	[{"keyword":"@bankbri_id","from":"2017-10-03","mode":"submitSocial","container":"all","username":"arwin"}]
2017-10-05 05:07:33	[{"keyword":"#bni46","from":"2017-10-03","mode":"submitSocial","container":"all","username":"arwin"}]
2017-10-05 05:07:38	[{"keyword":"macet","from":"2017-10-03","mode":"submitSocial","container":"all","username":"arwin"}]
2017-10-05 05:07:40	[{"keyword":"#selamatpagi","from":"2017-10-03","mode":"submitSocial","container":"all","username":"arwin"}]
2017-10-05 05:07:43	[{"keyword":"#selamatmalam","from":"2017-10-03","mode":"submitSocial","container":"all","username":"arwin"}]
2017-10-05 05:07:45	[{"keyword":"@884globalradio","from":"2017-10-03","mode":"submitSocial","container":"all","username":"arwin"}]
2017-10-05 05:07:47	[{"keyword":"@day_trans","from":"2017-10-03","mode":"submitSocial","container":"all","username":"arwin"}]
2017-10-05 05:07:49	[{"keyword":"@kencanavoyage","from":"2017-10-03","mode":"submitSocial","container":"all","username":"arwin"}]
2017-10-05 05:07:52	[{"keyword":"@jukebox5d","from":"2017-10-03","mode":"submitSocial","container":"all","username":"arwin"}]
2017-10-05 05:07:54	[{"keyword":"#mtvhottest","from":"2017-10-03","mode":"submitSocial","container":"all","username":"arwin"}]
2017-10-05 05:07:56	[{"keyword":"#semangatpagi","from":"2017-10-03","mode":"submitSocial","container":"all","username":"arwin"}]
2017-10-05 05:07:59	[{"keyword":"lifebuoy","from":"2017-10-03","mode":"submitSocial","container":"all","username":"arwin"}]
2017-10-05 05:08:06	[{"keyword":"jokowi","from":"2017-10-03","mode":"submitSocial","container":"all","username":"arwin"}]
2017-10-05 05:08:14	[{"keyword":"obama","from":"2017-10-03","mode":"submitSocial","container":"all","username":"arwin"}]
2017-10-05 05:08:18	[{"keyword":"starwars","from":"2017-10-03","mode":"submitSocial","container":"all","username":"arwin"}]
2017-10-05 05:08:21	[{"keyword":"jonan","from":"2017-10-03","mode":"submitSocial","container":"all","username":"arwin"}]
2017-10-05 05:08:30	[{"keyword":"pagi","from":"2017-10-03","mode":"submitSocial","container":"all","username":"arwin"}]
2017-10-05 05:08:33	[{"keyword":"sampoerna","from":"2017-10-03","mode":"submitSocial","container":"all","username":"arwin"}]
2017-10-05 05:08:35	[{"keyword":"djarum","from":"2017-10-03","mode":"submitSocial","container":"all","username":"arwin"}]
2017-10-05 05:08:38	[{"keyword":"#semangatpagi","from":"2017-10-03","mode":"submitSocial","container":"all","username":"arwin"}]
2017-10-05 05:08:39	[{"keyword":"#generaksi8","from":"2017-10-03","mode":"submitSocial","container":"all","username":"arwin"}]
2017-10-05 05:08:41	[{"keyword":"#365alasan","from":"2017-10-03","mode":"submitSocial","container":"all","username":"arwin"}]
2017-10-05 05:08:44	[{"keyword":"weew","from":"2017-10-03","mode":"submitSocial","container":"all","username":"arwin"}]
2017-10-05 05:08:52	[{"keyword":"testing","from":"2017-10-03","mode":"submitSocial","container":"all","username":"arwin"}]
2017-10-05 05:08:54	[{"keyword":"#kopaja","from":"2017-10-03","mode":"submitSocial","container":"all","username":"arwin"}]
2017-10-05 05:08:57	[{"keyword":"#genkuisinsideout","from":"2017-10-03","mode":"submitSocial","container":"all","username":"arwin"}]
2017-10-05 05:09:00	[{"keyword":"starwars","from":"2017-10-03","mode":"submitSocial","container":"all","username":"arwin"}]
2017-10-05 05:09:03	[{"keyword":"#kopaja","from":"2017-10-03","mode":"submitSocial","container":"all","username":"arwin"}]
2017-10-05 05:09:06	[{"keyword":"mldspot","from":"2017-10-03","mode":"submitSocial","container":"all","username":"arwin"}]
2017-10-05 05:09:08	[{"keyword":"pbdjarum","from":"2017-10-03","mode":"submitSocial","container":"all","username":"arwin"}]
2017-10-05 05:09:10	[{"keyword":"temannabati","from":"2017-10-03","mode":"submitSocial","container":"all","username":"arwin"}]
2017-10-05 05:09:13	[{"keyword":"nextar","from":"2017-10-03","mode":"submitSocial","container":"all","username":"arwin"}]
2017-10-05 05:09:16	[{"keyword":"jokowo","from":"2017-10-03","mode":"submitSocial","container":"all","username":"arwin"}]
2017-10-05 05:09:20	[{"keyword":"prabowo","from":"2017-10-03","mode":"submitSocial","container":"all","username":"arwin"}]
2017-10-05 05:09:23	[{"keyword":"sudirman said","from":"2017-10-03","mode":"submitSocial","container":"all","username":"arwin"}]
2017-10-05 05:09:27	[{"keyword":"ahok","from":"2017-10-03","mode":"submitSocial","container":"all","username":"arwin"}]
2017-10-05 05:09:30	[{"keyword":"setyanovanto","from":"2017-10-03","mode":"submitSocial","container":"all","username":"arwin"}]
2017-10-05 05:09:36	[{"keyword":"jokowi","from":"2017-10-03","mode":"submitSocial","container":"all","username":"arwin"}]
2017-10-05 05:09:41	[{"keyword":"ahok","from":"2017-10-03","mode":"submitSocial","container":"all","username":"arwin"}]
2017-10-05 05:09:44	[{"keyword":"prabowo","from":"2017-10-03","mode":"submitSocial","container":"all","username":"arwin"}]
2017-10-05 05:09:47	[{"keyword":"sudirman said","from":"2017-10-03","mode":"submitSocial","container":"all","username":"arwin"}]
2017-10-05 05:09:49	[{"keyword":"setyanovanto","from":"2017-10-03","mode":"submitSocial","container":"all","username":"arwin"}]
2017-10-05 05:09:53	[{"keyword":"galau","from":"2017-10-03","mode":"submitSocial","container":"all","username":"arwin"}]
2017-10-05 05:09:55	[{"keyword":"#prestasiindonesia","from":"2017-10-03","mode":"submitSocial","container":"all","username":"arwin"}]
2017-10-05 05:09:57	[{"keyword":"@tw_debi","from":"2017-10-03","mode":"submitSocial","container":"all","username":"arwin"}]
2017-10-05 05:09:59	[{"keyword":"@officialfastron","from":"2017-10-03","mode":"submitSocial","container":"all","username":"arwin"}]
2017-10-05 05:10:03	[{"keyword":"@citibankid","from":"2017-10-03","mode":"submitSocial","container":"all","username":"arwin"}]
2017-10-05 05:10:05	[{"keyword":"@jak101fm","from":"2017-10-03","mode":"submitSocial","container":"all","username":"arwin"}]
2017-10-05 05:10:08	[{"keyword":"@genfm","from":"2017-10-03","mode":"submitSocial","container":"all","username":"arwin"}]
