2017-08-27 05:00:03	worker	@987genfm;2017-08-25 - 2017-08-25;submitSocial;all;arwin
2017-08-27 05:00:09	worker	@101jakfm;2017-08-25 - 2017-08-25;submitSocial;all;arwin
2017-08-27 05:00:12	worker	@prambors;2017-08-25 - 2017-08-25;submitSocial;all;arwin
2017-08-27 05:00:15	worker	@hardrockfm;2017-08-25 - 2017-08-25;submitSocial;all;arwin
2017-08-27 05:00:18	worker	@kisfmjakarta;2017-08-25 - 2017-08-25;submitSocial;all;arwin
2017-08-27 05:00:21	worker	@delta_fm;2017-08-25 - 2017-08-25;submitSocial;all;arwin
2017-08-27 05:00:24	worker	@traxfmjkt;2017-08-25 - 2017-08-25;submitSocial;all;arwin
2017-08-27 05:00:26	worker	@iradiojakarta;2017-08-25 - 2017-08-25;submitSocial;all;arwin
2017-08-27 05:00:29	worker	@indika9160fm;2017-08-25 - 2017-08-25;submitSocial;all;arwin
2017-08-27 05:00:32	worker	@shellindonesia;2017-08-25 - 2017-08-25;submitSocial;all;arwin
2017-08-27 05:00:34	worker	@vpowerfans;2017-08-25 - 2017-08-25;submitSocial;all;arwin
2017-08-27 05:00:37	worker	@pertamaxind;2017-08-25 - 2017-08-25;submitSocial;all;arwin
2017-08-27 05:00:40	worker	@ptpertamina;2017-08-25 - 2017-08-25;submitSocial;all;arwin
2017-08-27 05:00:42	worker	@OZRadioJakarta;2017-08-25 - 2017-08-25;submitSocial;all;arwin
2017-08-27 05:00:46	worker	@CosmopolitanFM;2017-08-25 - 2017-08-25;submitSocial;all;arwin
2017-08-27 05:00:48	worker	@mustang88fm;2017-08-25 - 2017-08-25;submitSocial;all;arwin
2017-08-27 05:00:51	worker	@debabaz;2017-08-25 - 2017-08-25;submitSocial;all;arwin
2017-08-27 05:00:53	worker	@detikcom;2017-08-25 - 2017-08-25;submitSocial;all;arwin
2017-08-27 05:00:58	worker	@radioelshinta;2017-08-25 - 2017-08-25;submitSocial;all;arwin
2017-08-27 05:01:02	worker	@cinema21;2017-08-25 - 2017-08-25;submitSocial;all;arwin
2017-08-27 05:01:04	worker	@OfficialRCTI;2017-08-25 - 2017-08-25;submitSocial;all;arwin
2017-08-27 05:01:07	worker	@TRANSTV_CORP;2017-08-25 - 2017-08-25;submitSocial;all;arwin
2017-08-27 05:01:11	worker	@TRANS7;2017-08-25 - 2017-08-25;submitSocial;all;arwin
2017-08-27 05:01:14	worker	@Metro_TV;2017-08-25 - 2017-08-25;submitSocial;all;arwin
2017-08-27 05:01:17	worker	@tvOneNews;2017-08-25 - 2017-08-25;submitSocial;all;arwin
2017-08-27 05:01:20	worker	@whatsonANTV;2017-08-25 - 2017-08-25;submitSocial;all;arwin
2017-08-27 05:01:23	worker	@SCTV_;2017-08-25 - 2017-08-25;submitSocial;all;arwin
2017-08-27 05:01:27	worker	@KompasTV;2017-08-25 - 2017-08-25;submitSocial;all;arwin
2017-08-27 05:01:30	worker	@netmediatama;2017-08-25 - 2017-08-25;submitSocial;all;arwin
2017-08-27 05:01:34	worker	@Globaltvseru;2017-08-25 - 2017-08-25;submitSocial;all;arwin
2017-08-27 05:01:37	worker	@JaktvCom;2017-08-25 - 2017-08-25;submitSocial;all;arwin
2017-08-27 05:01:39	worker	@TVRINasional;2017-08-25 - 2017-08-25;submitSocial;all;arwin
2017-08-27 05:01:42	worker	@ochannelupdates;2017-08-25 - 2017-08-25;submitSocial;all;arwin
2017-08-27 05:01:44	worker	@IndosiarID;2017-08-25 - 2017-08-25;submitSocial;all;arwin
2017-08-27 05:01:47	worker	@kompascom;2017-08-25 - 2017-08-25;submitSocial;all;arwin
2017-08-27 05:01:52	worker	@merdekadotcom;2017-08-25 - 2017-08-25;submitSocial;all;arwin
2017-08-27 05:01:54	worker	@MIdotcom;2017-08-25 - 2017-08-25;submitSocial;all;arwin
2017-08-27 05:01:57	worker	@tempodotco;2017-08-25 - 2017-08-25;submitSocial;all;arwin
2017-08-27 05:02:00	worker	@motion975fm;2017-08-25 - 2017-08-25;submitSocial;all;arwin
2017-08-27 05:02:02	worker	@_radiotoday;2017-08-25 - 2017-08-25;submitSocial;all;arwin
2017-08-27 05:02:05	worker	@radioinfo;2017-08-25 - 2017-08-25;submitSocial;all;arwin
2017-08-27 05:02:07	worker	@979FeMaleRadio;2017-08-25 - 2017-08-25;submitSocial;all;arwin
2017-08-27 05:02:10	worker	@WomanRadio943FM;2017-08-25 - 2017-08-25;submitSocial;all;arwin
2017-08-27 05:02:12	worker	@VRadioFM;2017-08-25 - 2017-08-25;submitSocial;all;arwin
2017-08-27 05:02:14	worker	@UFM947;2017-08-25 - 2017-08-25;submitSocial;all;arwin
2017-08-27 05:02:17	worker	@VIVAnews;2017-08-25 - 2017-08-25;submitSocial;all;arwin
2017-08-27 05:02:19	worker	@antaranews;2017-08-25 - 2017-08-25;submitSocial;all;arwin
2017-08-27 05:02:22	worker	@tribunnews;2017-08-25 - 2017-08-25;submitSocial;all;arwin
2017-08-27 05:02:25	worker	@okezonenews;2017-08-25 - 2017-08-25;submitSocial;all;arwin
2017-08-27 05:02:28	worker	@Beritasatu;2017-08-25 - 2017-08-25;submitSocial;all;arwin
2017-08-27 05:02:30	worker	@rollingstoneina;2017-08-25 - 2017-08-25;submitSocial;all;arwin
2017-08-27 05:02:33	worker	@FIMELAdotcom;2017-08-25 - 2017-08-25;submitSocial;all;arwin
2017-08-27 05:02:35	worker	@KapanLagicom;2017-08-25 - 2017-08-25;submitSocial;all;arwin
2017-08-27 05:02:38	worker	@KompasEnt ;2017-08-25 - 2017-08-25;submitSocial;all;arwin
2017-08-27 05:02:41	worker	@HaiMagazine;2017-08-25 - 2017-08-25;submitSocial;all;arwin
2017-08-27 05:02:43	worker	@JakartaVenue;2017-08-25 - 2017-08-25;submitSocial;all;arwin
2017-08-27 05:02:46	worker	@SeputarEvent;2017-08-25 - 2017-08-25;submitSocial;all;arwin
2017-08-27 05:02:49	worker	@ismayaLive;2017-08-25 - 2017-08-25;submitSocial;all;arwin
2017-08-27 05:02:51	worker	@ECEntertainment;2017-08-25 - 2017-08-25;submitSocial;all;arwin
2017-08-27 05:02:54	worker	@synergism_En;2017-08-25 - 2017-08-25;submitSocial;all;arwin
2017-08-27 05:02:56	worker	@Urbanbandung;2017-08-25 - 2017-08-25;submitSocial;all;arwin
2017-08-27 05:02:59	worker	@Urbanrkm995;2017-08-25 - 2017-08-25;submitSocial;all;arwin
2017-08-27 05:03:01	worker	@Garuda_Promo;2017-08-25 - 2017-08-25;submitSocial;all;arwin
2017-08-27 05:03:04	worker	@AirAsiaID;2017-08-25 - 2017-08-25;submitSocial;all;arwin
2017-08-27 05:03:07	worker	@KAI121;2017-08-25 - 2017-08-25;submitSocial;all;arwin
2017-08-27 05:03:10	worker	@Unilever;2017-08-25 - 2017-08-25;submitSocial;all;arwin
2017-08-27 05:03:13	worker	@Nestle;2017-08-25 - 2017-08-25;submitSocial;all;arwin
2017-08-27 05:03:16	worker	@CocaCola;2017-08-25 - 2017-08-25;submitSocial;all;arwin
2017-08-27 05:03:19	worker	@CNN;2017-08-25 - 2017-08-25;submitSocial;all;arwin
2017-08-27 05:03:27	worker	@MTV;2017-08-25 - 2017-08-25;submitSocial;all;arwin
2017-08-27 05:03:31	worker	@channelv;2017-08-25 - 2017-08-25;submitSocial;all;arwin
2017-08-27 05:03:33	worker	@iTunesMusic;2017-08-25 - 2017-08-25;submitSocial;all;arwin
2017-08-27 05:03:36	worker	@mashable;2017-08-25 - 2017-08-25;submitSocial;all;arwin
2017-08-27 05:03:40	worker	@decacaz;2017-08-25 - 2017-08-25;submitSocial;all;arwin
2017-08-27 05:03:43	worker	@radiobaru967FM;2017-08-25 - 2017-08-25;submitSocial;all;arwin
2017-08-27 05:03:45	worker	@967HitzFM;2017-08-25 - 2017-08-25;submitSocial;all;arwin
2017-08-27 05:03:47	worker	@TVGuide;2017-08-25 - 2017-08-25;submitSocial;all;arwin
2017-08-27 05:03:50	worker	@XL123;2017-08-25 - 2017-08-25;submitSocial;all;arwin
2017-08-27 05:03:53	worker	@triindonesia;2017-08-25 - 2017-08-25;submitSocial;all;arwin
2017-08-27 05:03:56	worker	@kaskus;2017-08-25 - 2017-08-25;submitSocial;all;arwin
2017-08-27 05:03:59	worker	@Studio_XXI;2017-08-25 - 2017-08-25;submitSocial;all;arwin
2017-08-27 05:04:01	worker	@blitzmegaplex;2017-08-25 - 2017-08-25;submitSocial;all;arwin
2017-08-27 05:04:03	worker	@alfamartku;2017-08-25 - 2017-08-25;submitSocial;all;arwin
2017-08-27 05:04:06	worker	@Carrefour_ID;2017-08-25 - 2017-08-25;submitSocial;all;arwin
2017-08-27 05:04:08	worker	@BBCBreaking;2017-08-25 - 2017-08-25;submitSocial;all;arwin
2017-08-27 05:04:12	worker	@Forbes;2017-08-25 - 2017-08-25;submitSocial;all;arwin
2017-08-27 05:04:19	worker	@BensRadio;2017-08-25 - 2017-08-25;submitSocial;all;arwin
2017-08-27 05:04:22	worker	@instagram;2017-08-25 - 2017-08-25;submitSocial;all;arwin
2017-08-27 05:04:28	worker	@Pinterest;2017-08-25 - 2017-08-25;submitSocial;all;arwin
2017-08-27 05:04:31	worker	@google;2017-08-25 - 2017-08-25;submitSocial;all;arwin
2017-08-27 05:04:40	worker	@Pertaminalub;2017-08-25 - 2017-08-25;submitSocial;all;arwin
2017-08-27 05:04:42	worker	@InfoLalinTol;2017-08-25 - 2017-08-25;submitSocial;all;arwin
2017-08-27 05:04:44	worker	@PTJASAMARGA;2017-08-25 - 2017-08-25;submitSocial;all;arwin
2017-08-27 05:04:47	worker	@cititransindo;2017-08-25 - 2017-08-25;submitSocial;all;arwin
2017-08-27 05:04:49	worker	#semangatpagisuperr;2017-08-25 - 2017-08-25;submitSocial;all;arwin
2017-08-27 05:04:51	worker	#genkuisinsideout;2017-08-25 - 2017-08-25;submitSocial;all;arwin
2017-08-27 05:04:54	worker	#semangatpagi;2017-08-25 - 2017-08-25;submitSocial;all;arwin
2017-08-27 05:04:56	worker	#dikamar;2017-08-25 - 2017-08-25;submitSocial;all;arwin
2017-08-27 05:04:59	worker	#kopaja;2017-08-25 - 2017-08-25;submitSocial;all;arwin
2017-08-27 05:05:02	worker	#generaksi8;2017-08-25 - 2017-08-25;submitSocial;all;arwin
2017-08-27 05:05:05	worker	#hitztsp;2017-08-25 - 2017-08-25;submitSocial;all;arwin
2017-08-27 05:05:08	worker	#np;2017-08-25 - 2017-08-25;submitSocial;all;arwin
2017-08-27 05:05:11	worker	#hitzlivestage;2017-08-25 - 2017-08-25;submitSocial;all;arwin
2017-08-27 05:05:14	worker	#thefreaks;2017-08-25 - 2017-08-25;submitSocial;all;arwin
2017-08-27 05:05:17	worker	#hitzsirkuspagi;2017-08-25 - 2017-08-25;submitSocial;all;arwin
2017-08-27 05:05:19	worker	#hitzathlon;2017-08-25 - 2017-08-25;submitSocial;all;arwin
2017-08-27 05:05:21	worker	#hitzzombie;2017-08-25 - 2017-08-25;submitSocial;all;arwin
2017-08-27 05:05:24	worker	#hitzkalong;2017-08-25 - 2017-08-25;submitSocial;all;arwin
2017-08-27 05:05:26	worker	#hitzbebas;2017-08-25 - 2017-08-25;submitSocial;all;arwin
2017-08-27 05:05:29	worker	#hitzhorehara;2017-08-25 - 2017-08-25;submitSocial;all;arwin
2017-08-27 05:05:31	worker	@ZaloraID;2017-08-25 - 2017-08-25;submitSocial;all;arwin
2017-08-27 05:05:34	worker	@OLX_Indonesia;2017-08-25 - 2017-08-25;submitSocial;all;arwin
2017-08-27 05:05:37	worker	@LazadaID;2017-08-25 - 2017-08-25;submitSocial;all;arwin
2017-08-27 05:05:39	worker	@utrippers;2017-08-25 - 2017-08-25;submitSocial;all;arwin
2017-08-27 05:05:42	worker	@GoGobot;2017-08-25 - 2017-08-25;submitSocial;all;arwin
2017-08-27 05:05:45	worker	@viatortravel;2017-08-25 - 2017-08-25;submitSocial;all;arwin
2017-08-27 05:05:47	worker	@alandakariza;2017-08-25 - 2017-08-25;submitSocial;all;arwin
2017-08-27 05:05:50	worker	@gagasmedia;2017-08-25 - 2017-08-25;submitSocial;all;arwin
2017-08-27 05:05:52	worker	@welovehonda;2017-08-25 - 2017-08-25;submitSocial;all;arwin
2017-08-27 05:05:55	worker	@SuzukiMotorID;2017-08-25 - 2017-08-25;submitSocial;all;arwin
2017-08-27 05:05:57	worker	@kawasakilovers;2017-08-25 - 2017-08-25;submitSocial;all;arwin
2017-08-27 05:06:00	worker	@yamahaindonesia;2017-08-25 - 2017-08-25;submitSocial;all;arwin
2017-08-27 05:06:02	worker	@tripanzee;2017-08-25 - 2017-08-25;submitSocial;all;arwin
2017-08-27 05:06:05	worker	@arnoldpoernomo;2017-08-25 - 2017-08-25;submitSocial;all;arwin
2017-08-27 05:06:07	worker	@nicsap;2017-08-25 - 2017-08-25;submitSocial;all;arwin
2017-08-27 05:06:10	worker	@tiket2;2017-08-25 - 2017-08-25;submitSocial;all;arwin
2017-08-27 05:06:12	worker	@traveloka;2017-08-25 - 2017-08-25;submitSocial;all;arwin
2017-08-27 05:06:15	worker	@wego;2017-08-25 - 2017-08-25;submitSocial;all;arwin
2017-08-27 05:06:18	worker	@agoda;2017-08-25 - 2017-08-25;submitSocial;all;arwin
2017-08-27 05:06:21	worker	#salahsambung;2017-08-25 - 2017-08-25;submitSocial;all;arwin
2017-08-27 05:06:24	worker	#tulalit;2017-08-25 - 2017-08-25;submitSocial;all;arwin
2017-08-27 05:06:26	worker	#pestageneraksi8;2017-08-25 - 2017-08-25;submitSocial;all;arwin
2017-08-27 05:06:28	worker	#ganaskustik;2017-08-25 - 2017-08-25;submitSocial;all;arwin
2017-08-27 05:06:31	worker	#lnhot20;2017-08-25 - 2017-08-25;submitSocial;all;arwin
2017-08-27 05:06:33	worker	@TripAdvisor;2017-08-25 - 2017-08-25;submitSocial;all;arwin
2017-08-27 05:06:35	worker	@google;2017-08-25 - 2017-08-25;submitSocial;all;arwin
2017-08-27 05:06:44	worker	@Telkomsel;2017-08-25 - 2017-08-25;submitSocial;all;arwin
2017-08-27 05:06:47	worker	@indosat;2017-08-25 - 2017-08-25;submitSocial;all;arwin
2017-08-27 05:06:50	worker	@bahanafmjkt;2017-08-25 - 2017-08-25;submitSocial;all;2017-08-27 05:06:56	worker	@sonorafm92;2017-08-25 - 2017-08-25;submitSocial;all;arwin
2017-08-27 05:06:59	worker	@litefm1058;2017-08-25 - 2017-08-25;submitSocial;all;arwin
2017-08-27 05:07:01	worker	@Bravaradio;2017-08-25 - 2017-08-25;submitSocial;all;arwin
2017-08-27 05:07:04	worker	#dgitm;2017-08-25 - 2017-08-25;submitSocial;all;arwin
2017-08-27 05:07:07	worker	#hitsalaprambors;2017-08-25 - 2017-08-25;submitSocial;all;arwin
2017-08-27 05:07:09	worker	#reqprambors;2017-08-25 - 2017-08-25;submitSocial;all;arwin
2017-08-27 05:07:12	worker	#thedandees;2017-08-25 - 2017-08-25;submitSocial;all;arwin
2017-08-27 05:07:14	worker	#pramborsquiz;2017-08-25 - 2017-08-25;submitSocial;all;arwin
2017-08-27 05:07:16	worker	#jeliprambors;2017-08-25 - 2017-08-25;submitSocial;all;arwin
2017-08-27 05:07:19	worker	#jodohinprambors;2017-08-25 - 2017-08-25;submitSocial;all;arwin
2017-08-27 05:07:21	worker	#ubahdenganbicara;2017-08-25 - 2017-08-25;submitSocial;all;arwin
2017-08-27 05:07:23	worker	#pramborschat;2017-08-25 - 2017-08-25;submitSocial;all;arwin
2017-08-27 05:07:25	worker	#tweetforduit;2017-08-25 - 2017-08-25;submitSocial;all;arwin
2017-08-27 05:07:28	worker	#joki3in1;2017-08-25 - 2017-08-25;submitSocial;all;arwin
2017-08-27 05:07:30	worker	#sarapanseru;2017-08-25 - 2017-08-25;submitSocial;all;arwin
2017-08-27 05:07:33	worker	#rawonkaneloop;2017-08-25 - 2017-08-25;submitSocial;all;arwin
2017-08-27 05:07:35	worker	#gudegkendilkeraton;2017-08-25 - 2017-08-25;submitSocial;all;arwin
2017-08-27 05:07:37	worker	#gadogadobutika;2017-08-25 - 2017-08-25;submitSocial;all;arwin
2017-08-27 05:07:40	worker	#mtvhottest;2017-08-25 - 2017-08-25;submitSocial;all;arwin
2017-08-27 05:07:42	worker	#dimsumcjdw;2017-08-25 - 2017-08-25;submitSocial;all;arwin
2017-08-27 05:07:45	worker	#pecelmadiunmbakniek;2017-08-25 - 2017-08-25;submitSocial;all;arwin
2017-08-27 05:07:47	worker	#depotarema;2017-08-25 - 2017-08-25;submitSocial;all;arwin
2017-08-27 05:07:50	worker	@BNI46;2017-08-25 - 2017-08-25;submitSocial;all;arwin
2017-08-27 05:07:53	worker	@BANKBRI_ID;2017-08-25 - 2017-08-25;submitSocial;all;arwin
2017-08-27 05:07:56	worker	#bni46;2017-08-25 - 2017-08-25;submitSocial;all;arwin
2017-08-27 05:07:58	worker	macet;2017-08-25 - 2017-08-25;submitSocial;all;arwin
2017-08-27 05:08:03	worker	#selamatpagi;2017-08-25 - 2017-08-25;submitSocial;all;arwin
2017-08-27 05:08:05	worker	#selamatmalam;2017-08-25 - 2017-08-25;submitSocial;all;arwin
2017-08-27 05:08:07	worker	@884GlobalRadio;2017-08-25 - 2017-08-25;submitSocial;all;arwin
2017-08-27 05:08:10	worker	@day_trans;2017-08-25 - 2017-08-25;submitSocial;all;arwin
2017-08-27 05:08:12	worker	@kencanavoyage;2017-08-25 - 2017-08-25;submitSocial;all;arwin
2017-08-27 05:08:15	worker	@jukebox5d;2017-08-25 - 2017-08-25;submitSocial;all;arwin
2017-08-27 05:08:17	worker	#mtvhottest;2017-08-25 - 2017-08-25;submitSocial;all;arwin
2017-08-27 05:08:19	worker	#semangatpagi;2017-08-25 - 2017-08-25;submitSocial;all;arwin
2017-08-27 05:08:22	worker	lifebuoy;2017-08-25 - 2017-08-25;submitSocial;all;arwin
2017-08-27 05:08:24	worker	jokowi;2017-08-25 - 2017-08-25;submitSocial;all;arwin
2017-08-27 05:08:32	worker	obama;2017-08-25 - 2017-08-25;submitSocial;all;arwin
2017-08-27 05:08:41	worker	starwars;2017-08-25 - 2017-08-25;submitSocial;all;arwin
2017-08-27 05:08:44	worker	jonan;2017-08-25 - 2017-08-25;submitSocial;all;arwin
2017-08-27 05:08:48	worker	pagi;2017-08-25 - 2017-08-25;submitSocial;all;arwin
2017-08-27 05:08:55	worker	sampoerna;2017-08-25 - 2017-08-25;submitSocial;all;arwin
2017-08-27 05:08:58	worker	djarum;2017-08-25 - 2017-08-25;submitSocial;all;arwin
2017-08-27 05:09:02	worker	#semangatpagi;2017-08-25 - 2017-08-25;submitSocial;all;arwin
2017-08-27 05:09:05	worker	#generaksi8;2017-08-25 - 2017-08-25;submitSocial;all;arwin
2017-08-27 05:09:07	worker	#365alasan;2017-08-25 - 2017-08-25;submitSocial;all;arwin
2017-08-27 05:09:09	worker	weew;2017-08-25 - 2017-08-25;submitSocial;all;arwin
2017-08-27 05:09:13	worker	testing;2017-08-25 - 2017-08-25;submitSocial;all;arwin
2017-08-27 05:09:22	worker	#kopaja;2017-08-25 - 2017-08-25;submitSocial;all;arwin
2017-08-27 05:09:25	worker	#genkuisinsideout;2017-08-25 - 2017-08-25;submitSocial;all;arwin
2017-08-27 05:09:27	worker	starwars;2017-08-25 - 2017-08-25;submitSocial;all;arwin
2017-08-27 05:09:30	worker	#kopaja;2017-08-25 - 2017-08-25;submitSocial;all;arwin
2017-08-27 05:09:34	worker	mldspot;2017-08-25 - 2017-08-25;submitSocial;all;arwin
2017-08-27 05:09:38	worker	PBDjarum;2017-08-25 - 2017-08-25;submitSocial;all;arwin
2017-08-27 05:09:41	worker	TemanNabati;2017-08-25 - 2017-08-25;submitSocial;all;arwin
2017-08-27 05:09:44	worker	Nextar;2017-08-25 - 2017-08-25;submitSocial;all;arwin
2017-08-27 05:09:47	worker	jokowo;2017-08-25 - 2017-08-25;submitSocial;all;arwin
2017-08-27 05:09:50	worker	prabowo;2017-08-25 - 2017-08-25;submitSocial;all;arwin
2017-08-27 05:09:54	worker	sudirman said;2017-08-25 - 2017-08-25;submitSocial;all;arwin
2017-08-27 05:09:57	worker	ahok;2017-08-25 - 2017-08-25;submitSocial;all;arwin
2017-08-27 05:10:05	worker	setyanovanto;2017-08-25 - 2017-08-25;submitSocial;all;arwin
2017-08-27 05:10:08	worker	jokowi;2017-08-25 - 2017-08-25;submitSocial;all;arwin
2017-08-27 05:10:17	worker	ahok;2017-08-25 - 2017-08-25;submitSocial;all;arwin
2017-08-27 05:10:24	worker	prabowo;2017-08-25 - 2017-08-25;submitSocial;all;arwin
2017-08-27 05:10:28	worker	sudirman said;2017-08-25 - 2017-08-25;submitSocial;all;arwin
2017-08-27 05:10:30	worker	setyanovanto;2017-08-25 - 2017-08-25;submitSocial;all;arwin
2017-08-27 05:10:33	worker	galau;2017-08-25 - 2017-08-25;submitSocial;all;arwin
2017-08-27 05:10:38	worker	#prestasiindonesia;2017-08-25 - 2017-08-25;submitSocial;all;arwin
2017-08-27 05:10:40	worker	@Tw_Debi;2017-08-25 - 2017-08-25;submitSocial;all;arwin
2017-08-27 05:10:43	worker	@OfficialFastron;2017-08-25 - 2017-08-25;submitSocial;all;arwin
2017-08-27 05:10:45	worker	@CitibankID;2017-08-25 - 2017-08-25;submitSocial;all;arwin
2017-08-27 05:10:48	worker	@jak101fm;2017-08-25 - 2017-08-25;submitSocial;all;arwin
2017-08-27 05:10:50	worker	@genfm;2017-08-25 - 2017-08-25;submitSocial;all;arwin
