2017-07-16 05:00:05	[{"keyword":"@987genfm","from":"2017-07-14","mode":"submitSocial","container":"all","username":"arwin"}]
2017-07-16 05:00:08	[{"keyword":"@101jakfm","from":"2017-07-14","mode":"submitSocial","container":"all","username":"arwin"}]
2017-07-16 05:00:11	[{"keyword":"@prambors","from":"2017-07-14","mode":"submitSocial","container":"all","username":"arwin"}]
2017-07-16 05:00:13	[{"keyword":"@hardrockfm","from":"2017-07-14","mode":"submitSocial","container":"all","username":"arwin"}]
2017-07-16 05:00:16	[{"keyword":"@kisfmjakarta","from":"2017-07-14","mode":"submitSocial","container":"all","username":"arwin"}]
2017-07-16 05:00:18	[{"keyword":"@delta_fm","from":"2017-07-14","mode":"submitSocial","container":"all","username":"arwin"}]
2017-07-16 05:00:21	[{"keyword":"@traxfmjkt","from":"2017-07-14","mode":"submitSocial","container":"all","username":"arwin"}]
2017-07-16 05:00:23	[{"keyword":"@iradiojakarta","from":"2017-07-14","mode":"submitSocial","container":"all","username":"arwin"}]
2017-07-16 05:00:26	[{"keyword":"@indika9160fm","from":"2017-07-14","mode":"submitSocial","container":"all","username":"arwin"}]
2017-07-16 05:00:28	[{"keyword":"@shellindonesia","from":"2017-07-14","mode":"submitSocial","container":"all","username":"arwin"}]
2017-07-16 05:00:30	[{"keyword":"@vpowerfans","from":"2017-07-14","mode":"submitSocial","container":"all","username":"arwin"}]
2017-07-16 05:00:32	[{"keyword":"@pertamaxind","from":"2017-07-14","mode":"submitSocial","container":"all","username":"arwin"}]
2017-07-16 05:00:35	[{"keyword":"@ptpertamina","from":"2017-07-14","mode":"submitSocial","container":"all","username":"arwin"}]
2017-07-16 05:00:37	[{"keyword":"@ozradiojakarta","from":"2017-07-14","mode":"submitSocial","container":"all","username":"arwin"}]
2017-07-16 05:00:39	[{"keyword":"@cosmopolitanfm","from":"2017-07-14","mode":"submitSocial","container":"all","username":"arwin"}]
2017-07-16 05:00:41	[{"keyword":"@mustang88fm","from":"2017-07-14","mode":"submitSocial","container":"all","username":"arwin"}]
2017-07-16 05:00:43	[{"keyword":"@debabaz","from":"2017-07-14","mode":"submitSocial","container":"all","username":"arwin"}]
2017-07-16 05:00:48	[{"keyword":"@detikcom","from":"2017-07-14","mode":"submitSocial","container":"all","username":"arwin"}]
2017-07-16 05:00:51	[{"keyword":"@radioelshinta","from":"2017-07-14","mode":"submitSocial","container":"all","username":"arwin"}]
2017-07-16 05:00:53	[{"keyword":"@cinema21","from":"2017-07-14","mode":"submitSocial","container":"all","username":"arwin"}]
2017-07-16 05:00:56	[{"keyword":"@officialrcti","from":"2017-07-14","mode":"submitSocial","container":"all","username":"arwin"}]
2017-07-16 05:00:58	[{"keyword":"@transtv_corp","from":"2017-07-14","mode":"submitSocial","container":"all","username":"arwin"}]
2017-07-16 05:01:01	[{"keyword":"@trans7","from":"2017-07-14","mode":"submitSocial","container":"all","username":"arwin"}]
2017-07-16 05:01:04	[{"keyword":"@metro_tv","from":"2017-07-14","mode":"submitSocial","container":"all","username":"arwin"}]
2017-07-16 05:01:07	[{"keyword":"@tvonenews","from":"2017-07-14","mode":"submitSocial","container":"all","username":"arwin"}]
2017-07-16 05:01:09	[{"keyword":"@whatsonantv","from":"2017-07-14","mode":"submitSocial","container":"all","username":"arwin"}]
2017-07-16 05:01:12	[{"keyword":"@sctv_","from":"2017-07-14","mode":"submitSocial","container":"all","username":"arwin"}]
2017-07-16 05:01:15	[{"keyword":"@kompastv","from":"2017-07-14","mode":"submitSocial","container":"all","username":"arwin"}]
2017-07-16 05:01:18	[{"keyword":"@netmediatama","from":"2017-07-14","mode":"submitSocial","container":"all","username":"arwin"}]
2017-07-16 05:01:20	[{"keyword":"@globaltvseru","from":"2017-07-14","mode":"submitSocial","container":"all","username":"arwin"}]
2017-07-16 05:01:22	[{"keyword":"@jaktvcom","from":"2017-07-14","mode":"submitSocial","container":"all","username":"arwin"}]
2017-07-16 05:01:25	[{"keyword":"@tvrinasional","from":"2017-07-14","mode":"submitSocial","container":"all","username":"arwin"}]
2017-07-16 05:01:27	[{"keyword":"@ochannelupdates","from":"2017-07-14","mode":"submitSocial","container":"all","username":"arwin"}]
2017-07-16 05:01:30	[{"keyword":"@indosiarid","from":"2017-07-14","mode":"submitSocial","container":"all","username":"arwin"}]
2017-07-16 05:01:34	[{"keyword":"@kompascom","from":"2017-07-14","mode":"submitSocial","container":"all","username":"arwin"}]
2017-07-16 05:01:36	[{"keyword":"@merdekadotcom","from":"2017-07-14","mode":"submitSocial","container":"all","username":"arwin"}]
2017-07-16 05:01:38	[{"keyword":"@midotcom","from":"2017-07-14","mode":"submitSocial","container":"all","username":"arwin"}]
2017-07-16 05:01:41	[{"keyword":"@tempodotco","from":"2017-07-14","mode":"submitSocial","container":"all","username":"arwin"}]
2017-07-16 05:01:43	[{"keyword":"@motion975fm","from":"2017-07-14","mode":"submitSocial","container":"all","username":"arwin"}]
2017-07-16 05:01:46	[{"keyword":"@_radiotoday","from":"2017-07-14","mode":"submitSocial","container":"all","username":"arwin"}]
2017-07-16 05:01:48	[{"keyword":"@radioinfo","from":"2017-07-14","mode":"submitSocial","container":"all","username":"arwin"}]
2017-07-16 05:01:50	[{"keyword":"@979femaleradio","from":"2017-07-14","mode":"submitSocial","container":"all","username":"arwin"}]
2017-07-16 05:01:52	[{"keyword":"@womanradio943fm","from":"2017-07-14","mode":"submitSocial","container":"all","username":"arwin"}]
2017-07-16 05:01:55	[{"keyword":"@vradiofm","from":"2017-07-14","mode":"submitSocial","container":"all","username":"arwin"}]
2017-07-16 05:01:56	[{"keyword":"@ufm947","from":"2017-07-14","mode":"submitSocial","container":"all","username":"arwin"}]
2017-07-16 05:01:59	[{"keyword":"@vivanews","from":"2017-07-14","mode":"submitSocial","container":"all","username":"arwin"}]
2017-07-16 05:02:01	[{"keyword":"@antaranews","from":"2017-07-14","mode":"submitSocial","container":"all","username":"arwin"}]
2017-07-16 05:02:04	[{"keyword":"@tribunnews","from":"2017-07-14","mode":"submitSocial","container":"all","username":"arwin"}]
2017-07-16 05:02:07	[{"keyword":"@okezonenews","from":"2017-07-14","mode":"submitSocial","container":"all","username":"arwin"}]
2017-07-16 05:02:09	[{"keyword":"@beritasatu","from":"2017-07-14","mode":"submitSocial","container":"all","username":"arwin"}]
2017-07-16 05:02:12	[{"keyword":"@rollingstoneina","from":"2017-07-14","mode":"submitSocial","container":"all","username":"arwin"}]
2017-07-16 05:02:14	[{"keyword":"@fimeladotcom","from":"2017-07-14","mode":"submitSocial","container":"all","username":"arwin"}]
2017-07-16 05:02:16	[{"keyword":"@kapanlagicom","from":"2017-07-14","mode":"submitSocial","container":"all","username":"arwin"}]
2017-07-16 05:02:18	[{"keyword":"@kompasent","from":"2017-07-14","mode":"submitSocial","container":"all","username":"arwin"}]
2017-07-16 05:02:21	[{"keyword":"@haimagazine","from":"2017-07-14","mode":"submitSocial","container":"all","username":"arwin"}]
2017-07-16 05:02:23	[{"keyword":"@jakartavenue","from":"2017-07-14","mode":"submitSocial","container":"all","username":"arwin"}]
2017-07-16 05:02:25	[{"keyword":"@seputarevent","from":"2017-07-14","mode":"submitSocial","container":"all","username":"arwin"}]
2017-07-16 05:02:27	[{"keyword":"@ismayalive","from":"2017-07-14","mode":"submitSocial","container":"all","username":"arwin"}]
2017-07-16 05:02:29	[{"keyword":"@ecentertainment","from":"2017-07-14","mode":"submitSocial","container":"all","username":"arwin"}]
2017-07-16 05:02:32	[{"keyword":"@synergism_en","from":"2017-07-14","mode":"submitSocial","container":"all","username":"arwin"}]
2017-07-16 05:02:34	[{"keyword":"@urbanbandung","from":"2017-07-14","mode":"submitSocial","container":"all","username":"arwin"}]
2017-07-16 05:02:35	[{"keyword":"@urbanrkm995","from":"2017-07-14","mode":"submitSocial","container":"all","username":"arwin"}]
2017-07-16 05:02:38	[{"keyword":"@garuda_promo","from":"2017-07-14","mode":"submitSocial","container":"all","username":"arwin"}]
2017-07-16 05:02:40	[{"keyword":"@airasiaid","from":"2017-07-14","mode":"submitSocial","container":"all","username":"arwin"}]
2017-07-16 05:02:42	[{"keyword":"@kai121","from":"2017-07-14","mode":"submitSocial","container":"all","username":"arwin"}]
2017-07-16 05:02:45	[{"keyword":"@unilever","from":"2017-07-14","mode":"submitSocial","container":"all","username":"arwin"}]
2017-07-16 05:02:47	[{"keyword":"@nestle","from":"2017-07-14","mode":"submitSocial","container":"all","username":"arwin"}]
2017-07-16 05:02:51	[{"keyword":"@cocacola","from":"2017-07-14","mode":"submitSocial","container":"all","username":"arwin"}]
2017-07-16 05:02:59	[{"keyword":"@cnn","from":"2017-07-14","mode":"submitSocial","container":"all","username":"arwin"}]
2017-07-16 05:03:04	[{"keyword":"@mtv","from":"2017-07-14","mode":"submitSocial","container":"all","username":"arwin"}]
2017-07-16 05:03:07	[{"keyword":"@channelv","from":"2017-07-14","mode":"submitSocial","container":"all","username":"arwin"}]
2017-07-16 05:03:09	[{"keyword":"@itunesmusic","from":"2017-07-14","mode":"submitSocial","container":"all","username":"arwin"}]
2017-07-16 05:03:13	[{"keyword":"@mashable","from":"2017-07-14","mode":"submitSocial","container":"all","username":"arwin"}]
2017-07-16 05:03:15	[{"keyword":"@decacaz","from":"2017-07-14","mode":"submitSocial","container":"all","username":"arwin"}]
2017-07-16 05:03:17	[{"keyword":"@radiobaru967fm","from":"2017-07-14","mode":"submitSocial","container":"all","username":"arwin"}]
2017-07-16 05:03:19	[{"keyword":"@967hitzfm","from":"2017-07-14","mode":"submitSocial","container":"all","username":"arwin"}]
2017-07-16 05:03:22	[{"keyword":"@tvguide","from":"2017-07-14","mode":"submitSocial","container":"all","username":"arwin"}]
2017-07-16 05:03:24	[{"keyword":"@xl123","from":"2017-07-14","mode":"submitSocial","container":"all","username":"arwin"}]
2017-07-16 05:03:27	[{"keyword":"@triindonesia","from":"2017-07-14","mode":"submitSocial","container":"all","username":"arwin"}]
2017-07-16 05:03:29	[{"keyword":"@kaskus","from":"2017-07-14","mode":"submitSocial","container":"all","username":"arwin"}]
2017-07-16 05:03:32	[{"keyword":"@studio_xxi","from":"2017-07-14","mode":"submitSocial","container":"all","username":"arwin"}]
2017-07-16 05:03:34	[{"keyword":"@blitzmegaplex","from":"2017-07-14","mode":"submitSocial","container":"all","username":"arwin"}]
2017-07-16 05:03:36	[{"keyword":"@alfamartku","from":"2017-07-14","mode":"submitSocial","container":"all","username":"arwin"}]
2017-07-16 05:03:38	[{"keyword":"@carrefour_id","from":"2017-07-14","mode":"submitSocial","container":"all","username":"arwin"}]
2017-07-16 05:03:41	[{"keyword":"@bbcbreaking","from":"2017-07-14","mode":"submitSocial","container":"all","username":"arwin"}]
2017-07-16 05:03:47	[{"keyword":"@forbes","from":"2017-07-14","mode":"submitSocial","container":"all","username":"arwin"}]
2017-07-16 05:03:49	[{"keyword":"@bensradio","from":"2017-07-14","mode":"submitSocial","container":"all","username":"arwin"}]
2017-07-16 05:03:56	[{"keyword":"@instagram","from":"2017-07-14","mode":"submitSocial","container":"all","username":"arwin"}]
2017-07-16 05:03:58	[{"keyword":"@pinterest","from":"2017-07-14","mode":"submitSocial","container":"all","username":"arwin"}]
2017-07-16 05:04:04	[{"keyword":"@google","from":"2017-07-14","mode":"submitSocial","container":"all","username":"arwin"}]
2017-07-16 05:04:06	[{"keyword":"@pertaminalub","from":"2017-07-14","mode":"submitSocial","container":"all","username":"arwin"}]
2017-07-16 05:04:09	[{"keyword":"@infolalintol","from":"2017-07-14","mode":"submitSocial","container":"all","username":"arwin"}]
2017-07-16 05:04:11	[{"keyword":"@ptjasamarga","from":"2017-07-14","mode":"submitSocial","container":"all","username":"arwin"}]
2017-07-16 05:04:13	[{"keyword":"@cititransindo","from":"2017-07-14","mode":"submitSocial","container":"all","username":"arwin"}]
2017-07-16 05:04:15	[{"keyword":"#semangatpagisuperr","from":"2017-07-14","mode":"submitSocial","container":"all","username":"arwin"}]
2017-07-16 05:04:17	[{"keyword":"#genkuisinsideout","from":"2017-07-14","mode":"submitSocial","container":"all","username":"arwin"}]
2017-07-16 05:04:19	[{"keyword":"#semangatpagi","from":"2017-07-14","mode":"submitSocial","container":"all","username":"arwin"}]
2017-07-16 05:04:22	[{"keyword":"#dikamar","from":"2017-07-14","mode":"submitSocial","container":"all","username":"arwin"}]
2017-07-16 05:04:24	[{"keyword":"#kopaja","from":"2017-07-14","mode":"submitSocial","container":"all","username":"arwin"}]
2017-07-16 05:04:26	[{"keyword":"#generaksi8","from":"2017-07-14","mode":"submitSocial","container":"all","username":"arwin"}]
2017-07-16 05:04:28	[{"keyword":"#hitztsp","from":"2017-07-14","mode":"submitSocial","container":"all","username":"arwin"}]
2017-07-16 05:04:31	[{"keyword":"#np","from":"2017-07-14","mode":"submitSocial","container":"all","username":"arwin"}]
2017-07-16 05:04:33	[{"keyword":"#hitzlivestage","from":"2017-07-14","mode":"submitSocial","container":"all","username":"arwin"}]
2017-07-16 05:04:36	[{"keyword":"#thefreaks","from":"2017-07-14","mode":"submitSocial","container":"all","username":"arwin"}]
2017-07-16 05:04:38	[{"keyword":"#hitzsirkuspagi","from":"2017-07-14","mode":"submitSocial","container":"all","username":"arwin"}]
2017-07-16 05:04:40	[{"keyword":"#hitzathlon","from":"2017-07-14","mode":"submitSocial","container":"all","username":"arwin"}]
2017-07-16 05:04:42	[{"keyword":"#hitzzombie","from":"2017-07-14","mode":"submitSocial","container":"all","username":"arwin"}]
2017-07-16 05:04:44	[{"keyword":"#hitzkalong","from":"2017-07-14","mode":"submitSocial","container":"all","username":"arwin"}]
2017-07-16 05:04:47	[{"keyword":"#hitzbebas","from":"2017-07-14","mode":"submitSocial","container":"all","username":"arwin"}]
2017-07-16 05:04:49	[{"keyword":"#hitzhorehara","from":"2017-07-14","mode":"submitSocial","container":"all","username":"arwin"}]
2017-07-16 05:04:51	[{"keyword":"@zaloraid","from":"2017-07-14","mode":"submitSocial","container":"all","username":"arwin"}]
2017-07-16 05:04:54	[{"keyword":"@olx_indonesia","from":"2017-07-14","mode":"submitSocial","container":"all","username":"arwin"}]
2017-07-16 05:04:56	[{"keyword":"@lazadaid","from":"2017-07-14","mode":"submitSocial","container":"all","username":"arwin"}]
2017-07-16 05:04:58	[{"keyword":"@utrippers","from":"2017-07-14","mode":"submitSocial","container":"all","username":"arwin"}]
2017-07-16 05:05:01	[{"keyword":"@gogobot","from":"2017-07-14","mode":"submitSocial","container":"all","username":"arwin"}]
2017-07-16 05:05:03	[{"keyword":"@viatortravel","from":"2017-07-14","mode":"submitSocial","container":"all","username":"arwin"}]
2017-07-16 05:05:06	[{"keyword":"@alandakariza","from":"2017-07-14","mode":"submitSocial","container":"all","username":"arwin"}]
2017-07-16 05:05:09	[{"keyword":"@gagasmedia","from":"2017-07-14","mode":"submitSocial","container":"all","username":"arwin"}]
2017-07-16 05:05:11	[{"keyword":"@welovehonda","from":"2017-07-14","mode":"submitSocial","container":"all","username":"arwin"}]
2017-07-16 05:05:13	[{"keyword":"@suzukimotorid","from":"2017-07-14","mode":"submitSocial","container":"all","username":"arwin"}]
2017-07-16 05:05:16	[{"keyword":"@kawasakilovers","from":"2017-07-14","mode":"submitSocial","container":"all","username":"arwin"}]
2017-07-16 05:05:18	[{"keyword":"@yamahaindonesia","from":"2017-07-14","mode":"submitSocial","container":"all","username":"arwin"}]
2017-07-16 05:05:20	[{"keyword":"@tripanzee","from":"2017-07-14","mode":"submitSocial","container":"all","username":"arwin"}]
2017-07-16 05:05:22	[{"keyword":"@arnoldpoernomo","from":"2017-07-14","mode":"submitSocial","container":"all","username":"arwin"}]
2017-07-16 05:05:25	[{"keyword":"@nicsap","from":"2017-07-14","mode":"submitSocial","container":"all","username":"arwin"}]
2017-07-16 05:05:27	[{"keyword":"@tiket2","from":"2017-07-14","mode":"submitSocial","container":"all","username":"arwin"}]
2017-07-16 05:05:29	[{"keyword":"@traveloka","from":"2017-07-14","mode":"submitSocial","container":"all","username":"arwin"}]
2017-07-16 05:05:33	[{"keyword":"@wego","from":"2017-07-14","mode":"submitSocial","container":"all","username":"arwin"}]
2017-07-16 05:05:36	[{"keyword":"@agoda","from":"2017-07-14","mode":"submitSocial","container":"all","username":"arwin"}]
2017-07-16 05:05:38	[{"keyword":"#salahsambung","from":"2017-07-14","mode":"submitSocial","container":"all","username":"arwin"}]
2017-07-16 05:05:40	[{"keyword":"#tulalit","from":"2017-07-14","mode":"submitSocial","container":"all","username":"arwin"}]
2017-07-16 05:05:42	[{"keyword":"#pestageneraksi8","from":"2017-07-14","mode":"submitSocial","container":"all","username":"arwin"}]
2017-07-16 05:05:44	[{"keyword":"#ganaskustik","from":"2017-07-14","mode":"submitSocial","container":"all","username":"arwin"}]
2017-07-16 05:05:46	[{"keyword":"#lnhot20","from":"2017-07-14","mode":"submitSocial","container":"all","username":"arwin"}]
2017-07-16 05:05:49	[{"keyword":"@tripadvisor","from":"2017-07-14","mode":"submitSocial","container":"all","username":"arwin"}]
2017-07-16 05:05:54	[{"keyword":"@google","from":"2017-07-14","mode":"submitSocial","container":"all","username":"arwin"}]
2017-07-16 05:05:57	[{"keyword":"@telkomsel","from":"2017-07-14","mode":"submitSocial","container":"all","username":"arwin"}]
2017-07-16 05:06:00	[{"keyword":"@indosat","from":"2017-07-14","mode":"submitSocial","container":"all","username":"arwin"}]
2017-07-16 05:06:03	[{"keyword":"@bahanafmjkt","from":"2017-07-14","mode":"submitSocial","container":"all","username":""}]
2017-07-16 05:06:07	[{"keyword":"@sonorafm92","from":"2017-07-14","mode":"submitSocial","container":"all","username":"arwin"}]
2017-07-16 05:06:09	[{"keyword":"@litefm1058","from":"2017-07-14","mode":"submitSocial","container":"all","username":"arwin"}]
2017-07-16 05:06:11	[{"keyword":"@bravaradio","from":"2017-07-14","mode":"submitSocial","container":"all","username":"arwin"}]
2017-07-16 05:06:14	[{"keyword":"#dgitm","from":"2017-07-14","mode":"submitSocial","container":"all","username":"arwin"}]
2017-07-16 05:06:16	[{"keyword":"#hitsalaprambors","from":"2017-07-14","mode":"submitSocial","container":"all","username":"arwin"}]
2017-07-16 05:06:19	[{"keyword":"#reqprambors","from":"2017-07-14","mode":"submitSocial","container":"all","username":"arwin"}]
2017-07-16 05:06:21	[{"keyword":"#thedandees","from":"2017-07-14","mode":"submitSocial","container":"all","username":"arwin"}]
2017-07-16 05:06:23	[{"keyword":"#pramborsquiz","from":"2017-07-14","mode":"submitSocial","container":"all","username":"arwin"}]
2017-07-16 05:06:25	[{"keyword":"#jeliprambors","from":"2017-07-14","mode":"submitSocial","container":"all","username":"arwin"}]
2017-07-16 05:06:27	[{"keyword":"#jodohinprambors","from":"2017-07-14","mode":"submitSocial","container":"all","username":"arwin"}]
2017-07-16 05:06:29	[{"keyword":"#ubahdenganbicara","from":"2017-07-14","mode":"submitSocial","container":"all","username":"arwin"}]
2017-07-16 05:06:31	[{"keyword":"#pramborschat","from":"2017-07-14","mode":"submitSocial","container":"all","username":"arwin"}]
2017-07-16 05:06:33	[{"keyword":"#tweetforduit","from":"2017-07-14","mode":"submitSocial","container":"all","username":"arwin"}]
2017-07-16 05:06:35	[{"keyword":"#joki3in1","from":"2017-07-14","mode":"submitSocial","container":"all","username":"arwin"}]
2017-07-16 05:06:37	[{"keyword":"#sarapanseru","from":"2017-07-14","mode":"submitSocial","container":"all","username":"arwin"}]
2017-07-16 05:06:39	[{"keyword":"#rawonkaneloop","from":"2017-07-14","mode":"submitSocial","container":"all","username":"arwin"}]
2017-07-16 05:06:41	[{"keyword":"#gudegkendilkeraton","from":"2017-07-14","mode":"submitSocial","container":"all","username":"arwin"}]
2017-07-16 05:06:44	[{"keyword":"#gadogadobutika","from":"2017-07-14","mode":"submitSocial","container":"all","username":"arwin"}]
2017-07-16 05:06:46	[{"keyword":"#mtvhottest","from":"2017-07-14","mode":"submitSocial","container":"all","username":"arwin"}]
2017-07-16 05:06:48	[{"keyword":"#dimsumcjdw","from":"2017-07-14","mode":"submitSocial","container":"all","username":"arwin"}]
2017-07-16 05:06:50	[{"keyword":"#pecelmadiunmbakniek","from":"2017-07-14","mode":"submitSocial","container":"all","username":"arwin"}]
2017-07-16 05:06:52	[{"keyword":"#depotarema","from":"2017-07-14","mode":"submitSocial","container":"all","username":"arwin"}]
2017-07-16 05:06:54	[{"keyword":"@bni46","from":"2017-07-14","mode":"submitSocial","container":"all","username":"arwin"}]
2017-07-16 05:06:57	[{"keyword":"@bankbri_id","from":"2017-07-14","mode":"submitSocial","container":"all","username":"arwin"}]
2017-07-16 05:06:59	[{"keyword":"#bni46","from":"2017-07-14","mode":"submitSocial","container":"all","username":"arwin"}]
2017-07-16 05:07:04	[{"keyword":"macet","from":"2017-07-14","mode":"submitSocial","container":"all","username":"arwin"}]
2017-07-16 05:07:06	[{"keyword":"#selamatpagi","from":"2017-07-14","mode":"submitSocial","container":"all","username":"arwin"}]
2017-07-16 05:07:08	[{"keyword":"#selamatmalam","from":"2017-07-14","mode":"submitSocial","container":"all","username":"arwin"}]
2017-07-16 05:07:10	[{"keyword":"@884globalradio","from":"2017-07-14","mode":"submitSocial","container":"all","username":"arwin"}]
2017-07-16 05:07:13	[{"keyword":"@day_trans","from":"2017-07-14","mode":"submitSocial","container":"all","username":"arwin"}]
2017-07-16 05:07:15	[{"keyword":"@kencanavoyage","from":"2017-07-14","mode":"submitSocial","container":"all","username":"arwin"}]
2017-07-16 05:07:17	[{"keyword":"@jukebox5d","from":"2017-07-14","mode":"submitSocial","container":"all","username":"arwin"}]
2017-07-16 05:07:19	[{"keyword":"#mtvhottest","from":"2017-07-14","mode":"submitSocial","container":"all","username":"arwin"}]
2017-07-16 05:07:22	[{"keyword":"#semangatpagi","from":"2017-07-14","mode":"submitSocial","container":"all","username":"arwin"}]
2017-07-16 05:07:24	[{"keyword":"lifebuoy","from":"2017-07-14","mode":"submitSocial","container":"all","username":"arwin"}]
2017-07-16 05:07:30	[{"keyword":"jokowi","from":"2017-07-14","mode":"submitSocial","container":"all","username":"arwin"}]
2017-07-16 05:07:38	[{"keyword":"obama","from":"2017-07-14","mode":"submitSocial","container":"all","username":"arwin"}]
2017-07-16 05:07:41	[{"keyword":"starwars","from":"2017-07-14","mode":"submitSocial","container":"all","username":"arwin"}]
2017-07-16 05:07:44	[{"keyword":"jonan","from":"2017-07-14","mode":"submitSocial","container":"all","username":"arwin"}]
2017-07-16 05:07:53	[{"keyword":"pagi","from":"2017-07-14","mode":"submitSocial","container":"all","username":"arwin"}]
2017-07-16 05:07:55	[{"keyword":"sampoerna","from":"2017-07-14","mode":"submitSocial","container":"all","username":"arwin"}]
2017-07-16 05:07:58	[{"keyword":"djarum","from":"2017-07-14","mode":"submitSocial","container":"all","username":"arwin"}]
2017-07-16 05:08:00	[{"keyword":"#semangatpagi","from":"2017-07-14","mode":"submitSocial","container":"all","username":"arwin"}]
2017-07-16 05:08:02	[{"keyword":"#generaksi8","from":"2017-07-14","mode":"submitSocial","container":"all","username":"arwin"}]
2017-07-16 05:08:04	[{"keyword":"#365alasan","from":"2017-07-14","mode":"submitSocial","container":"all","username":"arwin"}]
2017-07-16 05:08:07	[{"keyword":"weew","from":"2017-07-14","mode":"submitSocial","container":"all","username":"arwin"}]
2017-07-16 05:08:15	[{"keyword":"testing","from":"2017-07-14","mode":"submitSocial","container":"all","username":"arwin"}]
2017-07-16 05:08:18	[{"keyword":"#kopaja","from":"2017-07-14","mode":"submitSocial","container":"all","username":"arwin"}]
2017-07-16 05:08:20	[{"keyword":"#genkuisinsideout","from":"2017-07-14","mode":"submitSocial","container":"all","username":"arwin"}]
2017-07-16 05:08:23	[{"keyword":"starwars","from":"2017-07-14","mode":"submitSocial","container":"all","username":"arwin"}]
2017-07-16 05:08:25	[{"keyword":"#kopaja","from":"2017-07-14","mode":"submitSocial","container":"all","username":"arwin"}]
2017-07-16 05:08:28	[{"keyword":"mldspot","from":"2017-07-14","mode":"submitSocial","container":"all","username":"arwin"}]
2017-07-16 05:08:30	[{"keyword":"pbdjarum","from":"2017-07-14","mode":"submitSocial","container":"all","username":"arwin"}]
2017-07-16 05:08:32	[{"keyword":"temannabati","from":"2017-07-14","mode":"submitSocial","container":"all","username":"arwin"}]
2017-07-16 05:08:35	[{"keyword":"nextar","from":"2017-07-14","mode":"submitSocial","container":"all","username":"arwin"}]
2017-07-16 05:08:38	[{"keyword":"jokowo","from":"2017-07-14","mode":"submitSocial","container":"all","username":"arwin"}]
2017-07-16 05:08:41	[{"keyword":"prabowo","from":"2017-07-14","mode":"submitSocial","container":"all","username":"arwin"}]
2017-07-16 05:08:43	[{"keyword":"sudirman said","from":"2017-07-14","mode":"submitSocial","container":"all","username":"arwin"}]
2017-07-16 05:08:48	[{"keyword":"ahok","from":"2017-07-14","mode":"submitSocial","container":"all","username":"arwin"}]
2017-07-16 05:08:50	[{"keyword":"setyanovanto","from":"2017-07-14","mode":"submitSocial","container":"all","username":"arwin"}]
2017-07-16 05:08:57	[{"keyword":"jokowi","from":"2017-07-14","mode":"submitSocial","container":"all","username":"arwin"}]
2017-07-16 05:09:02	[{"keyword":"ahok","from":"2017-07-14","mode":"submitSocial","container":"all","username":"arwin"}]
2017-07-16 05:09:05	[{"keyword":"prabowo","from":"2017-07-14","mode":"submitSocial","container":"all","username":"arwin"}]
2017-07-16 05:09:07	[{"keyword":"sudirman said","from":"2017-07-14","mode":"submitSocial","container":"all","username":"arwin"}]
2017-07-16 05:09:10	[{"keyword":"setyanovanto","from":"2017-07-14","mode":"submitSocial","container":"all","username":"arwin"}]
2017-07-16 05:09:14	[{"keyword":"galau","from":"2017-07-14","mode":"submitSocial","container":"all","username":"arwin"}]
2017-07-16 05:09:16	[{"keyword":"#prestasiindonesia","from":"2017-07-14","mode":"submitSocial","container":"all","username":"arwin"}]
2017-07-16 05:09:18	[{"keyword":"@tw_debi","from":"2017-07-14","mode":"submitSocial","container":"all","username":"arwin"}]
2017-07-16 05:09:20	[{"keyword":"@officialfastron","from":"2017-07-14","mode":"submitSocial","container":"all","username":"arwin"}]
2017-07-16 05:09:23	[{"keyword":"@citibankid","from":"2017-07-14","mode":"submitSocial","container":"all","username":"arwin"}]
2017-07-16 05:09:25	[{"keyword":"@jak101fm","from":"2017-07-14","mode":"submitSocial","container":"all","username":"arwin"}]
2017-07-16 05:09:28	[{"keyword":"@genfm","from":"2017-07-14","mode":"submitSocial","container":"all","username":"arwin"}]
