2017-08-25 05:00:02	worker	@987genfm;2017-08-23 - 2017-08-23;submitSocial;all;arwin
2017-08-25 05:00:06	worker	@101jakfm;2017-08-23 - 2017-08-23;submitSocial;all;arwin
2017-08-25 05:00:09	worker	@prambors;2017-08-23 - 2017-08-23;submitSocial;all;arwin
2017-08-25 05:00:12	worker	@hardrockfm;2017-08-23 - 2017-08-23;submitSocial;all;arwin
2017-08-25 05:00:14	worker	@kisfmjakarta;2017-08-23 - 2017-08-23;submitSocial;all;arwin
2017-08-25 05:00:16	worker	@delta_fm;2017-08-23 - 2017-08-23;submitSocial;all;arwin
2017-08-25 05:00:19	worker	@traxfmjkt;2017-08-23 - 2017-08-23;submitSocial;all;arwin
2017-08-25 05:00:21	worker	@iradiojakarta;2017-08-23 - 2017-08-23;submitSocial;all;arwin
2017-08-25 05:00:23	worker	@indika9160fm;2017-08-23 - 2017-08-23;submitSocial;all;arwin
2017-08-25 05:00:25	worker	@shellindonesia;2017-08-23 - 2017-08-23;submitSocial;all;arwin
2017-08-25 05:00:27	worker	@vpowerfans;2017-08-23 - 2017-08-23;submitSocial;all;arwin
2017-08-25 05:00:30	worker	@pertamaxind;2017-08-23 - 2017-08-23;submitSocial;all;arwin
2017-08-25 05:00:32	worker	@ptpertamina;2017-08-23 - 2017-08-23;submitSocial;all;arwin
2017-08-25 05:00:34	worker	@OZRadioJakarta;2017-08-23 - 2017-08-23;submitSocial;all;arwin
2017-08-25 05:00:36	worker	@CosmopolitanFM;2017-08-23 - 2017-08-23;submitSocial;all;arwin
2017-08-25 05:00:38	worker	@mustang88fm;2017-08-23 - 2017-08-23;submitSocial;all;arwin
2017-08-25 05:00:40	worker	@debabaz;2017-08-23 - 2017-08-23;submitSocial;all;arwin
2017-08-25 05:00:42	worker	@detikcom;2017-08-23 - 2017-08-23;submitSocial;all;arwin
2017-08-25 05:00:46	worker	@radioelshinta;2017-08-23 - 2017-08-23;submitSocial;all;arwin
2017-08-25 05:00:49	worker	@cinema21;2017-08-23 - 2017-08-23;submitSocial;all;arwin
2017-08-25 05:00:51	worker	@OfficialRCTI;2017-08-23 - 2017-08-23;submitSocial;all;arwin
2017-08-25 05:00:55	worker	@TRANSTV_CORP;2017-08-23 - 2017-08-23;submitSocial;all;arwin
2017-08-25 05:00:57	worker	@TRANS7;2017-08-23 - 2017-08-23;submitSocial;all;arwin
2017-08-25 05:00:59	worker	@Metro_TV;2017-08-23 - 2017-08-23;submitSocial;all;arwin
2017-08-25 05:01:03	worker	@tvOneNews;2017-08-23 - 2017-08-23;submitSocial;all;arwin
2017-08-25 05:01:05	worker	@whatsonANTV;2017-08-23 - 2017-08-23;submitSocial;all;arwin
2017-08-25 05:01:09	worker	@SCTV_;2017-08-23 - 2017-08-23;submitSocial;all;arwin
2017-08-25 05:01:12	worker	@KompasTV;2017-08-23 - 2017-08-23;submitSocial;all;arwin
2017-08-25 05:01:15	worker	@netmediatama;2017-08-23 - 2017-08-23;submitSocial;all;arwin
2017-08-25 05:01:18	worker	@Globaltvseru;2017-08-23 - 2017-08-23;submitSocial;all;arwin
2017-08-25 05:01:20	worker	@JaktvCom;2017-08-23 - 2017-08-23;submitSocial;all;arwin
2017-08-25 05:01:23	worker	@TVRINasional;2017-08-23 - 2017-08-23;submitSocial;all;arwin
2017-08-25 05:01:25	worker	@ochannelupdates;2017-08-23 - 2017-08-23;submitSocial;all;arwin
2017-08-25 05:01:27	worker	@IndosiarID;2017-08-23 - 2017-08-23;submitSocial;all;arwin
2017-08-25 05:01:30	worker	@kompascom;2017-08-23 - 2017-08-23;submitSocial;all;arwin
2017-08-25 05:01:34	worker	@merdekadotcom;2017-08-23 - 2017-08-23;submitSocial;all;arwin
2017-08-25 05:01:36	worker	@MIdotcom;2017-08-23 - 2017-08-23;submitSocial;all;arwin
2017-08-25 05:01:38	worker	@tempodotco;2017-08-23 - 2017-08-23;submitSocial;all;arwin
2017-08-25 05:01:40	worker	@motion975fm;2017-08-23 - 2017-08-23;submitSocial;all;arwin
2017-08-25 05:01:43	worker	@_radiotoday;2017-08-23 - 2017-08-23;submitSocial;all;arwin
2017-08-25 05:01:45	worker	@radioinfo;2017-08-23 - 2017-08-23;submitSocial;all;arwin
2017-08-25 05:01:47	worker	@979FeMaleRadio;2017-08-23 - 2017-08-23;submitSocial;all;arwin
2017-08-25 05:01:49	worker	@WomanRadio943FM;2017-08-23 - 2017-08-23;submitSocial;all;arwin
2017-08-25 05:01:51	worker	@VRadioFM;2017-08-23 - 2017-08-23;submitSocial;all;arwin
2017-08-25 05:01:53	worker	@UFM947;2017-08-23 - 2017-08-23;submitSocial;all;arwin
2017-08-25 05:01:55	worker	@VIVAnews;2017-08-23 - 2017-08-23;submitSocial;all;arwin
2017-08-25 05:01:57	worker	@antaranews;2017-08-23 - 2017-08-23;submitSocial;all;arwin
2017-08-25 05:01:59	worker	@tribunnews;2017-08-23 - 2017-08-23;submitSocial;all;arwin
2017-08-25 05:02:01	worker	@okezonenews;2017-08-23 - 2017-08-23;submitSocial;all;arwin
2017-08-25 05:02:04	worker	@Beritasatu;2017-08-23 - 2017-08-23;submitSocial;all;arwin
2017-08-25 05:02:06	worker	@rollingstoneina;2017-08-23 - 2017-08-23;submitSocial;all;arwin
2017-08-25 05:02:08	worker	@FIMELAdotcom;2017-08-23 - 2017-08-23;submitSocial;all;arwin
2017-08-25 05:02:10	worker	@KapanLagicom;2017-08-23 - 2017-08-23;submitSocial;all;arwin
2017-08-25 05:02:12	worker	@KompasEnt ;2017-08-23 - 2017-08-23;submitSocial;all;arwin
2017-08-25 05:02:15	worker	@HaiMagazine;2017-08-23 - 2017-08-23;submitSocial;all;arwin
2017-08-25 05:02:17	worker	@JakartaVenue;2017-08-23 - 2017-08-23;submitSocial;all;arwin
2017-08-25 05:02:19	worker	@SeputarEvent;2017-08-23 - 2017-08-23;submitSocial;all;arwin
2017-08-25 05:02:21	worker	@ismayaLive;2017-08-23 - 2017-08-23;submitSocial;all;arwin
2017-08-25 05:02:23	worker	@ECEntertainment;2017-08-23 - 2017-08-23;submitSocial;all;arwin
2017-08-25 05:02:25	worker	@synergism_En;2017-08-23 - 2017-08-23;submitSocial;all;arwin
2017-08-25 05:02:27	worker	@Urbanbandung;2017-08-23 - 2017-08-23;submitSocial;all;arwin
2017-08-25 05:02:29	worker	@Urbanrkm995;2017-08-23 - 2017-08-23;submitSocial;all;arwin
2017-08-25 05:02:31	worker	@Garuda_Promo;2017-08-23 - 2017-08-23;submitSocial;all;arwin
2017-08-25 05:02:33	worker	@AirAsiaID;2017-08-23 - 2017-08-23;submitSocial;all;arwin
2017-08-25 05:02:35	worker	@KAI121;2017-08-23 - 2017-08-23;submitSocial;all;arwin
2017-08-25 05:02:37	worker	@Unilever;2017-08-23 - 2017-08-23;submitSocial;all;arwin
2017-08-25 05:02:40	worker	@Nestle;2017-08-23 - 2017-08-23;submitSocial;all;arwin
2017-08-25 05:02:43	worker	@CocaCola;2017-08-23 - 2017-08-23;submitSocial;all;arwin
2017-08-25 05:02:46	worker	@CNN;2017-08-23 - 2017-08-23;submitSocial;all;arwin
2017-08-25 05:02:55	worker	@MTV;2017-08-23 - 2017-08-23;submitSocial;all;arwin
2017-08-25 05:03:02	worker	@channelv;2017-08-23 - 2017-08-23;submitSocial;all;arwin
2017-08-25 05:03:04	worker	@iTunesMusic;2017-08-23 - 2017-08-23;submitSocial;all;arwin
2017-08-25 05:03:07	worker	@mashable;2017-08-23 - 2017-08-23;submitSocial;all;arwin
2017-08-25 05:03:11	worker	@decacaz;2017-08-23 - 2017-08-23;submitSocial;all;arwin
2017-08-25 05:03:13	worker	@radiobaru967FM;2017-08-23 - 2017-08-23;submitSocial;all;arwin
2017-08-25 05:03:15	worker	@967HitzFM;2017-08-23 - 2017-08-23;submitSocial;all;arwin
2017-08-25 05:03:17	worker	@TVGuide;2017-08-23 - 2017-08-23;submitSocial;all;arwin
2017-08-25 05:03:19	worker	@XL123;2017-08-23 - 2017-08-23;submitSocial;all;arwin
2017-08-25 05:03:21	worker	@triindonesia;2017-08-23 - 2017-08-23;submitSocial;all;arwin
2017-08-25 05:03:24	worker	@kaskus;2017-08-23 - 2017-08-23;submitSocial;all;arwin
2017-08-25 05:03:26	worker	@Studio_XXI;2017-08-23 - 2017-08-23;submitSocial;all;arwin
2017-08-25 05:03:28	worker	@blitzmegaplex;2017-08-23 - 2017-08-23;submitSocial;all;arwin
2017-08-25 05:03:30	worker	@alfamartku;2017-08-23 - 2017-08-23;submitSocial;all;arwin
2017-08-25 05:03:32	worker	@Carrefour_ID;2017-08-23 - 2017-08-23;submitSocial;all;arwin
2017-08-25 05:03:34	worker	@BBCBreaking;2017-08-23 - 2017-08-23;submitSocial;all;arwin
2017-08-25 05:03:38	worker	@Forbes;2017-08-23 - 2017-08-23;submitSocial;all;arwin
2017-08-25 05:03:45	worker	@BensRadio;2017-08-23 - 2017-08-23;submitSocial;all;arwin
2017-08-25 05:03:48	worker	@instagram;2017-08-23 - 2017-08-23;submitSocial;all;arwin
2017-08-25 05:03:53	worker	@Pinterest;2017-08-23 - 2017-08-23;submitSocial;all;arwin
2017-08-25 05:03:56	worker	@google;2017-08-23 - 2017-08-23;submitSocial;all;arwin
2017-08-25 05:04:04	worker	@Pertaminalub;2017-08-23 - 2017-08-23;submitSocial;all;arwin
2017-08-25 05:04:06	worker	@InfoLalinTol;2017-08-23 - 2017-08-23;submitSocial;all;arwin
2017-08-25 05:04:09	worker	@PTJASAMARGA;2017-08-23 - 2017-08-23;submitSocial;all;arwin
2017-08-25 05:04:11	worker	@cititransindo;2017-08-23 - 2017-08-23;submitSocial;all;arwin
2017-08-25 05:04:13	worker	#semangatpagisuperr;2017-08-23 - 2017-08-23;submitSocial;all;arwin
2017-08-25 05:04:14	worker	#genkuisinsideout;2017-08-23 - 2017-08-23;submitSocial;all;arwin
2017-08-25 05:04:16	worker	#semangatpagi;2017-08-23 - 2017-08-23;submitSocial;all;arwin
2017-08-25 05:04:18	worker	#dikamar;2017-08-23 - 2017-08-23;submitSocial;all;arwin
2017-08-25 05:04:20	worker	#kopaja;2017-08-23 - 2017-08-23;submitSocial;all;arwin
2017-08-25 05:04:23	worker	#generaksi8;2017-08-23 - 2017-08-23;submitSocial;all;arwin
2017-08-25 05:04:24	worker	#hitztsp;2017-08-23 - 2017-08-23;submitSocial;all;arwin
2017-08-25 05:04:27	worker	#np;2017-08-23 - 2017-08-23;submitSocial;all;arwin
2017-08-25 05:04:29	worker	#hitzlivestage;2017-08-23 - 2017-08-23;submitSocial;all;arwin
2017-08-25 05:04:31	worker	#thefreaks;2017-08-23 - 2017-08-23;submitSocial;all;arwin
2017-08-25 05:04:33	worker	#hitzsirkuspagi;2017-08-23 - 2017-08-23;submitSocial;all;arwin
2017-08-25 05:04:35	worker	#hitzathlon;2017-08-23 - 2017-08-23;submitSocial;all;arwin
2017-08-25 05:04:37	worker	#hitzzombie;2017-08-23 - 2017-08-23;submitSocial;all;arwin
2017-08-25 05:04:40	worker	#hitzkalong;2017-08-23 - 2017-08-23;submitSocial;all;arwin
2017-08-25 05:04:42	worker	#hitzbebas;2017-08-23 - 2017-08-23;submitSocial;all;arwin
2017-08-25 05:04:44	worker	#hitzhorehara;2017-08-23 - 2017-08-23;submitSocial;all;arwin
2017-08-25 05:04:46	worker	@ZaloraID;2017-08-23 - 2017-08-23;submitSocial;all;arwin
2017-08-25 05:04:48	worker	@OLX_Indonesia;2017-08-23 - 2017-08-23;submitSocial;all;arwin
2017-08-25 05:04:51	worker	@LazadaID;2017-08-23 - 2017-08-23;submitSocial;all;arwin
2017-08-25 05:04:53	worker	@utrippers;2017-08-23 - 2017-08-23;submitSocial;all;arwin
2017-08-25 05:04:56	worker	@GoGobot;2017-08-23 - 2017-08-23;submitSocial;all;arwin
2017-08-25 05:04:58	worker	@viatortravel;2017-08-23 - 2017-08-23;submitSocial;all;arwin
2017-08-25 05:05:00	worker	@alandakariza;2017-08-23 - 2017-08-23;submitSocial;all;arwin
2017-08-25 05:05:03	worker	@gagasmedia;2017-08-23 - 2017-08-23;submitSocial;all;arwin
2017-08-25 05:05:05	worker	@welovehonda;2017-08-23 - 2017-08-23;submitSocial;all;arwin
2017-08-25 05:05:07	worker	@SuzukiMotorID;2017-08-23 - 2017-08-23;submitSocial;all;arwin
2017-08-25 05:05:10	worker	@kawasakilovers;2017-08-23 - 2017-08-23;submitSocial;all;arwin
2017-08-25 05:05:12	worker	@yamahaindonesia;2017-08-23 - 2017-08-23;submitSocial;all;arwin
2017-08-25 05:05:14	worker	@tripanzee;2017-08-23 - 2017-08-23;submitSocial;all;arwin
2017-08-25 05:05:16	worker	@arnoldpoernomo;2017-08-23 - 2017-08-23;submitSocial;all;arwin
2017-08-25 05:05:18	worker	@nicsap;2017-08-23 - 2017-08-23;submitSocial;all;arwin
2017-08-25 05:05:21	worker	@tiket2;2017-08-23 - 2017-08-23;submitSocial;all;arwin
2017-08-25 05:05:22	worker	@traveloka;2017-08-23 - 2017-08-23;submitSocial;all;arwin
2017-08-25 05:05:25	worker	@wego;2017-08-23 - 2017-08-23;submitSocial;all;arwin
2017-08-25 05:05:28	worker	@agoda;2017-08-23 - 2017-08-23;submitSocial;all;arwin
2017-08-25 05:05:30	worker	#salahsambung;2017-08-23 - 2017-08-23;submitSocial;all;arwin
2017-08-25 05:05:32	worker	#tulalit;2017-08-23 - 2017-08-23;submitSocial;all;arwin
2017-08-25 05:05:35	worker	#pestageneraksi8;2017-08-23 - 2017-08-23;submitSocial;all;arwin
2017-08-25 05:05:36	worker	#ganaskustik;2017-08-23 - 2017-08-23;submitSocial;all;arwin
2017-08-25 05:05:38	worker	#lnhot20;2017-08-23 - 2017-08-23;submitSocial;all;arwin
2017-08-25 05:05:40	worker	@TripAdvisor;2017-08-23 - 2017-08-23;submitSocial;all;arwin
2017-08-25 05:05:43	worker	@google;2017-08-23 - 2017-08-23;submitSocial;all;arwin
2017-08-25 05:05:50	worker	@Telkomsel;2017-08-23 - 2017-08-23;submitSocial;all;arwin
2017-08-25 05:05:54	worker	@indosat;2017-08-23 - 2017-08-23;submitSocial;all;arwin
2017-08-25 05:05:56	worker	@bahanafmjkt;2017-08-23 - 2017-08-23;submitSocial;all;2017-08-25 05:06:01	worker	@sonorafm92;2017-08-23 - 2017-08-23;submitSocial;all;arwin
2017-08-25 05:06:03	worker	@litefm1058;2017-08-23 - 2017-08-23;submitSocial;all;arwin
2017-08-25 05:06:05	worker	@Bravaradio;2017-08-23 - 2017-08-23;submitSocial;all;arwin
2017-08-25 05:06:07	worker	#dgitm;2017-08-23 - 2017-08-23;submitSocial;all;arwin
2017-08-25 05:06:09	worker	#hitsalaprambors;2017-08-23 - 2017-08-23;submitSocial;all;arwin
2017-08-25 05:06:11	worker	#reqprambors;2017-08-23 - 2017-08-23;submitSocial;all;arwin
2017-08-25 05:06:13	worker	#thedandees;2017-08-23 - 2017-08-23;submitSocial;all;arwin
2017-08-25 05:06:15	worker	#pramborsquiz;2017-08-23 - 2017-08-23;submitSocial;all;arwin
2017-08-25 05:06:17	worker	#jeliprambors;2017-08-23 - 2017-08-23;submitSocial;all;arwin
2017-08-25 05:06:19	worker	#jodohinprambors;2017-08-23 - 2017-08-23;submitSocial;all;arwin
2017-08-25 05:06:21	worker	#ubahdenganbicara;2017-08-23 - 2017-08-23;submitSocial;all;arwin
2017-08-25 05:06:23	worker	#pramborschat;2017-08-23 - 2017-08-23;submitSocial;all;arwin
2017-08-25 05:06:25	worker	#tweetforduit;2017-08-23 - 2017-08-23;submitSocial;all;arwin
2017-08-25 05:06:27	worker	#joki3in1;2017-08-23 - 2017-08-23;submitSocial;all;arwin
2017-08-25 05:06:29	worker	#sarapanseru;2017-08-23 - 2017-08-23;submitSocial;all;arwin
2017-08-25 05:06:31	worker	#rawonkaneloop;2017-08-23 - 2017-08-23;submitSocial;all;arwin
2017-08-25 05:06:33	worker	#gudegkendilkeraton;2017-08-23 - 2017-08-23;submitSocial;all;arwin
2017-08-25 05:06:35	worker	#gadogadobutika;2017-08-23 - 2017-08-23;submitSocial;all;arwin
2017-08-25 05:06:37	worker	#mtvhottest;2017-08-23 - 2017-08-23;submitSocial;all;arwin
2017-08-25 05:06:39	worker	#dimsumcjdw;2017-08-23 - 2017-08-23;submitSocial;all;arwin
2017-08-25 05:06:41	worker	#pecelmadiunmbakniek;2017-08-23 - 2017-08-23;submitSocial;all;arwin
2017-08-25 05:06:43	worker	#depotarema;2017-08-23 - 2017-08-23;submitSocial;all;arwin
2017-08-25 05:06:45	worker	@BNI46;2017-08-23 - 2017-08-23;submitSocial;all;arwin
2017-08-25 05:06:47	worker	@BANKBRI_ID;2017-08-23 - 2017-08-23;submitSocial;all;arwin
2017-08-25 05:06:49	worker	#bni46;2017-08-23 - 2017-08-23;submitSocial;all;arwin
2017-08-25 05:06:51	worker	macet;2017-08-23 - 2017-08-23;submitSocial;all;arwin
2017-08-25 05:06:56	worker	#selamatpagi;2017-08-23 - 2017-08-23;submitSocial;all;arwin
2017-08-25 05:06:58	worker	#selamatmalam;2017-08-23 - 2017-08-23;submitSocial;all;arwin
2017-08-25 05:07:00	worker	@884GlobalRadio;2017-08-23 - 2017-08-23;submitSocial;all;arwin
2017-08-25 05:07:02	worker	@day_trans;2017-08-23 - 2017-08-23;submitSocial;all;arwin
2017-08-25 05:07:04	worker	@kencanavoyage;2017-08-23 - 2017-08-23;submitSocial;all;arwin
2017-08-25 05:07:06	worker	@jukebox5d;2017-08-23 - 2017-08-23;submitSocial;all;arwin
2017-08-25 05:07:08	worker	#mtvhottest;2017-08-23 - 2017-08-23;submitSocial;all;arwin
2017-08-25 05:07:11	worker	#semangatpagi;2017-08-23 - 2017-08-23;submitSocial;all;arwin
2017-08-25 05:07:13	worker	lifebuoy;2017-08-23 - 2017-08-23;submitSocial;all;arwin
2017-08-25 05:07:15	worker	jokowi;2017-08-23 - 2017-08-23;submitSocial;all;arwin
2017-08-25 05:07:21	worker	obama;2017-08-23 - 2017-08-23;submitSocial;all;arwin
2017-08-25 05:07:29	worker	starwars;2017-08-23 - 2017-08-23;submitSocial;all;arwin
2017-08-25 05:07:32	worker	jonan;2017-08-23 - 2017-08-23;submitSocial;all;arwin
2017-08-25 05:07:34	worker	pagi;2017-08-23 - 2017-08-23;submitSocial;all;arwin
2017-08-25 05:07:42	worker	sampoerna;2017-08-23 - 2017-08-23;submitSocial;all;arwin
2017-08-25 05:07:44	worker	djarum;2017-08-23 - 2017-08-23;submitSocial;all;arwin
2017-08-25 05:07:47	worker	#semangatpagi;2017-08-23 - 2017-08-23;submitSocial;all;arwin
2017-08-25 05:07:49	worker	#generaksi8;2017-08-23 - 2017-08-23;submitSocial;all;arwin
2017-08-25 05:07:51	worker	#365alasan;2017-08-23 - 2017-08-23;submitSocial;all;arwin
2017-08-25 05:07:53	worker	weew;2017-08-23 - 2017-08-23;submitSocial;all;arwin
2017-08-25 05:07:56	worker	testing;2017-08-23 - 2017-08-23;submitSocial;all;arwin
2017-08-25 05:08:01	worker	#kopaja;2017-08-23 - 2017-08-23;submitSocial;all;arwin
2017-08-25 05:08:03	worker	#genkuisinsideout;2017-08-23 - 2017-08-23;submitSocial;all;arwin
2017-08-25 05:08:05	worker	starwars;2017-08-23 - 2017-08-23;submitSocial;all;arwin
2017-08-25 05:08:08	worker	#kopaja;2017-08-23 - 2017-08-23;submitSocial;all;arwin
2017-08-25 05:08:10	worker	mldspot;2017-08-23 - 2017-08-23;submitSocial;all;arwin
2017-08-25 05:08:12	worker	PBDjarum;2017-08-23 - 2017-08-23;submitSocial;all;arwin
2017-08-25 05:08:14	worker	TemanNabati;2017-08-23 - 2017-08-23;submitSocial;all;arwin
2017-08-25 05:08:17	worker	Nextar;2017-08-23 - 2017-08-23;submitSocial;all;arwin
2017-08-25 05:08:19	worker	jokowo;2017-08-23 - 2017-08-23;submitSocial;all;arwin
2017-08-25 05:08:22	worker	prabowo;2017-08-23 - 2017-08-23;submitSocial;all;arwin
2017-08-25 05:08:25	worker	sudirman said;2017-08-23 - 2017-08-23;submitSocial;all;arwin
2017-08-25 05:08:27	worker	ahok;2017-08-23 - 2017-08-23;submitSocial;all;arwin
2017-08-25 05:08:31	worker	setyanovanto;2017-08-23 - 2017-08-23;submitSocial;all;arwin
2017-08-25 05:08:33	worker	jokowi;2017-08-23 - 2017-08-23;submitSocial;all;arwin
2017-08-25 05:08:39	worker	ahok;2017-08-23 - 2017-08-23;submitSocial;all;arwin
2017-08-25 05:08:42	worker	prabowo;2017-08-23 - 2017-08-23;submitSocial;all;arwin
2017-08-25 05:08:45	worker	sudirman said;2017-08-23 - 2017-08-23;submitSocial;all;arwin
2017-08-25 05:08:47	worker	setyanovanto;2017-08-23 - 2017-08-23;submitSocial;all;arwin
2017-08-25 05:08:49	worker	galau;2017-08-23 - 2017-08-23;submitSocial;all;arwin
2017-08-25 05:08:53	worker	#prestasiindonesia;2017-08-23 - 2017-08-23;submitSocial;all;arwin
2017-08-25 05:08:55	worker	@Tw_Debi;2017-08-23 - 2017-08-23;submitSocial;all;arwin
2017-08-25 05:08:57	worker	@OfficialFastron;2017-08-23 - 2017-08-23;submitSocial;all;arwin
2017-08-25 05:08:59	worker	@CitibankID;2017-08-23 - 2017-08-23;submitSocial;all;arwin
2017-08-25 05:09:01	worker	@jak101fm;2017-08-23 - 2017-08-23;submitSocial;all;arwin
2017-08-25 05:09:04	worker	@genfm;2017-08-23 - 2017-08-23;submitSocial;all;arwin
