2017-11-01 05:00:05	[{"keyword":"@987genfm","from":"2017-10-30","mode":"submitSocial","container":"all","username":"arwin"}]
2017-11-01 05:00:07	[{"keyword":"@101jakfm","from":"2017-10-30","mode":"submitSocial","container":"all","username":"arwin"}]
2017-11-01 05:00:10	[{"keyword":"@prambors","from":"2017-10-30","mode":"submitSocial","container":"all","username":"arwin"}]
2017-11-01 05:00:13	[{"keyword":"@hardrockfm","from":"2017-10-30","mode":"submitSocial","container":"all","username":"arwin"}]
2017-11-01 05:00:15	[{"keyword":"@kisfmjakarta","from":"2017-10-30","mode":"submitSocial","container":"all","username":"arwin"}]
2017-11-01 05:00:18	[{"keyword":"@delta_fm","from":"2017-10-30","mode":"submitSocial","container":"all","username":"arwin"}]
2017-11-01 05:00:20	[{"keyword":"@traxfmjkt","from":"2017-10-30","mode":"submitSocial","container":"all","username":"arwin"}]
2017-11-01 05:00:23	[{"keyword":"@iradiojakarta","from":"2017-10-30","mode":"submitSocial","container":"all","username":"arwin"}]
2017-11-01 05:00:25	[{"keyword":"@indika9160fm","from":"2017-10-30","mode":"submitSocial","container":"all","username":"arwin"}]
2017-11-01 05:00:28	[{"keyword":"@shellindonesia","from":"2017-10-30","mode":"submitSocial","container":"all","username":"arwin"}]
2017-11-01 05:00:30	[{"keyword":"@vpowerfans","from":"2017-10-30","mode":"submitSocial","container":"all","username":"arwin"}]
2017-11-01 05:00:32	[{"keyword":"@pertamaxind","from":"2017-10-30","mode":"submitSocial","container":"all","username":"arwin"}]
2017-11-01 05:00:34	[{"keyword":"@ptpertamina","from":"2017-10-30","mode":"submitSocial","container":"all","username":"arwin"}]
2017-11-01 05:00:37	[{"keyword":"@ozradiojakarta","from":"2017-10-30","mode":"submitSocial","container":"all","username":"arwin"}]
2017-11-01 05:00:39	[{"keyword":"@cosmopolitanfm","from":"2017-10-30","mode":"submitSocial","container":"all","username":"arwin"}]
2017-11-01 05:00:41	[{"keyword":"@mustang88fm","from":"2017-10-30","mode":"submitSocial","container":"all","username":"arwin"}]
2017-11-01 05:00:43	[{"keyword":"@debabaz","from":"2017-10-30","mode":"submitSocial","container":"all","username":"arwin"}]
2017-11-01 05:00:46	[{"keyword":"@detikcom","from":"2017-10-30","mode":"submitSocial","container":"all","username":"arwin"}]
2017-11-01 05:00:49	[{"keyword":"@radioelshinta","from":"2017-10-30","mode":"submitSocial","container":"all","username":"arwin"}]
2017-11-01 05:00:51	[{"keyword":"@cinema21","from":"2017-10-30","mode":"submitSocial","container":"all","username":"arwin"}]
2017-11-01 05:00:53	[{"keyword":"@officialrcti","from":"2017-10-30","mode":"submitSocial","container":"all","username":"arwin"}]
2017-11-01 05:00:55	[{"keyword":"@transtv_corp","from":"2017-10-30","mode":"submitSocial","container":"all","username":"arwin"}]
2017-11-01 05:00:57	[{"keyword":"@trans7","from":"2017-10-30","mode":"submitSocial","container":"all","username":"arwin"}]
2017-11-01 05:01:00	[{"keyword":"@metro_tv","from":"2017-10-30","mode":"submitSocial","container":"all","username":"arwin"}]
2017-11-01 05:01:03	[{"keyword":"@tvonenews","from":"2017-10-30","mode":"submitSocial","container":"all","username":"arwin"}]
2017-11-01 05:01:05	[{"keyword":"@whatsonantv","from":"2017-10-30","mode":"submitSocial","container":"all","username":"arwin"}]
2017-11-01 05:01:08	[{"keyword":"@sctv_","from":"2017-10-30","mode":"submitSocial","container":"all","username":"arwin"}]
2017-11-01 05:01:11	[{"keyword":"@kompastv","from":"2017-10-30","mode":"submitSocial","container":"all","username":"arwin"}]
2017-11-01 05:01:14	[{"keyword":"@netmediatama","from":"2017-10-30","mode":"submitSocial","container":"all","username":"arwin"}]
2017-11-01 05:01:16	[{"keyword":"@globaltvseru","from":"2017-10-30","mode":"submitSocial","container":"all","username":"arwin"}]
2017-11-01 05:01:18	[{"keyword":"@jaktvcom","from":"2017-10-30","mode":"submitSocial","container":"all","username":"arwin"}]
2017-11-01 05:01:21	[{"keyword":"@tvrinasional","from":"2017-10-30","mode":"submitSocial","container":"all","username":"arwin"}]
2017-11-01 05:01:23	[{"keyword":"@ochannelupdates","from":"2017-10-30","mode":"submitSocial","container":"all","username":"arwin"}]
2017-11-01 05:01:25	[{"keyword":"@indosiarid","from":"2017-10-30","mode":"submitSocial","container":"all","username":"arwin"}]
2017-11-01 05:01:29	[{"keyword":"@kompascom","from":"2017-10-30","mode":"submitSocial","container":"all","username":"arwin"}]
2017-11-01 05:01:31	[{"keyword":"@merdekadotcom","from":"2017-10-30","mode":"submitSocial","container":"all","username":"arwin"}]
2017-11-01 05:01:34	[{"keyword":"@midotcom","from":"2017-10-30","mode":"submitSocial","container":"all","username":"arwin"}]
2017-11-01 05:01:37	[{"keyword":"@tempodotco","from":"2017-10-30","mode":"submitSocial","container":"all","username":"arwin"}]
2017-11-01 05:01:39	[{"keyword":"@motion975fm","from":"2017-10-30","mode":"submitSocial","container":"all","username":"arwin"}]
2017-11-01 05:01:41	[{"keyword":"@_radiotoday","from":"2017-10-30","mode":"submitSocial","container":"all","username":"arwin"}]
2017-11-01 05:01:43	[{"keyword":"@radioinfo","from":"2017-10-30","mode":"submitSocial","container":"all","username":"arwin"}]
2017-11-01 05:01:45	[{"keyword":"@979femaleradio","from":"2017-10-30","mode":"submitSocial","container":"all","username":"arwin"}]
2017-11-01 05:01:47	[{"keyword":"@womanradio943fm","from":"2017-10-30","mode":"submitSocial","container":"all","username":"arwin"}]
2017-11-01 05:01:50	[{"keyword":"@vradiofm","from":"2017-10-30","mode":"submitSocial","container":"all","username":"arwin"}]
2017-11-01 05:01:51	[{"keyword":"@ufm947","from":"2017-10-30","mode":"submitSocial","container":"all","username":"arwin"}]
2017-11-01 05:01:54	[{"keyword":"@vivanews","from":"2017-10-30","mode":"submitSocial","container":"all","username":"arwin"}]
2017-11-01 05:01:56	[{"keyword":"@antaranews","from":"2017-10-30","mode":"submitSocial","container":"all","username":"arwin"}]
2017-11-01 05:01:59	[{"keyword":"@tribunnews","from":"2017-10-30","mode":"submitSocial","container":"all","username":"arwin"}]
2017-11-01 05:02:01	[{"keyword":"@okezonenews","from":"2017-10-30","mode":"submitSocial","container":"all","username":"arwin"}]
2017-11-01 05:02:04	[{"keyword":"@beritasatu","from":"2017-10-30","mode":"submitSocial","container":"all","username":"arwin"}]
2017-11-01 05:02:06	[{"keyword":"@rollingstoneina","from":"2017-10-30","mode":"submitSocial","container":"all","username":"arwin"}]
2017-11-01 05:02:08	[{"keyword":"@fimeladotcom","from":"2017-10-30","mode":"submitSocial","container":"all","username":"arwin"}]
2017-11-01 05:02:10	[{"keyword":"@kapanlagicom","from":"2017-10-30","mode":"submitSocial","container":"all","username":"arwin"}]
2017-11-01 05:02:12	[{"keyword":"@kompasent","from":"2017-10-30","mode":"submitSocial","container":"all","username":"arwin"}]
2017-11-01 05:02:15	[{"keyword":"@haimagazine","from":"2017-10-30","mode":"submitSocial","container":"all","username":"arwin"}]
2017-11-01 05:02:17	[{"keyword":"@jakartavenue","from":"2017-10-30","mode":"submitSocial","container":"all","username":"arwin"}]
2017-11-01 05:02:19	[{"keyword":"@seputarevent","from":"2017-10-30","mode":"submitSocial","container":"all","username":"arwin"}]
2017-11-01 05:02:22	[{"keyword":"@ismayalive","from":"2017-10-30","mode":"submitSocial","container":"all","username":"arwin"}]
2017-11-01 05:02:24	[{"keyword":"@ecentertainment","from":"2017-10-30","mode":"submitSocial","container":"all","username":"arwin"}]
2017-11-01 05:02:26	[{"keyword":"@synergism_en","from":"2017-10-30","mode":"submitSocial","container":"all","username":"arwin"}]
2017-11-01 05:02:28	[{"keyword":"@urbanbandung","from":"2017-10-30","mode":"submitSocial","container":"all","username":"arwin"}]
2017-11-01 05:02:30	[{"keyword":"@urbanrkm995","from":"2017-10-30","mode":"submitSocial","container":"all","username":"arwin"}]
2017-11-01 05:02:32	[{"keyword":"@garuda_promo","from":"2017-10-30","mode":"submitSocial","container":"all","username":"arwin"}]
2017-11-01 05:02:35	[{"keyword":"@airasiaid","from":"2017-10-30","mode":"submitSocial","container":"all","username":"arwin"}]
2017-11-01 05:02:37	[{"keyword":"@kai121","from":"2017-10-30","mode":"submitSocial","container":"all","username":"arwin"}]
2017-11-01 05:02:40	[{"keyword":"@unilever","from":"2017-10-30","mode":"submitSocial","container":"all","username":"arwin"}]
2017-11-01 05:02:42	[{"keyword":"@nestle","from":"2017-10-30","mode":"submitSocial","container":"all","username":"arwin"}]
2017-11-01 05:02:45	[{"keyword":"@cocacola","from":"2017-10-30","mode":"submitSocial","container":"all","username":"arwin"}]
2017-11-01 05:02:53	[{"keyword":"@cnn","from":"2017-10-30","mode":"submitSocial","container":"all","username":"arwin"}]
2017-11-01 05:02:57	[{"keyword":"@mtv","from":"2017-10-30","mode":"submitSocial","container":"all","username":"arwin"}]
2017-11-01 05:02:58	[{"keyword":"@channelv","from":"2017-10-30","mode":"submitSocial","container":"all","username":"arwin"}]
2017-11-01 05:03:01	[{"keyword":"@itunesmusic","from":"2017-10-30","mode":"submitSocial","container":"all","username":"arwin"}]
2017-11-01 05:03:05	[{"keyword":"@mashable","from":"2017-10-30","mode":"submitSocial","container":"all","username":"arwin"}]
2017-11-01 05:03:07	[{"keyword":"@decacaz","from":"2017-10-30","mode":"submitSocial","container":"all","username":"arwin"}]
2017-11-01 05:03:09	[{"keyword":"@radiobaru967fm","from":"2017-10-30","mode":"submitSocial","container":"all","username":"arwin"}]
2017-11-01 05:03:11	[{"keyword":"@967hitzfm","from":"2017-10-30","mode":"submitSocial","container":"all","username":"arwin"}]
2017-11-01 05:03:14	[{"keyword":"@tvguide","from":"2017-10-30","mode":"submitSocial","container":"all","username":"arwin"}]
2017-11-01 05:03:16	[{"keyword":"@xl123","from":"2017-10-30","mode":"submitSocial","container":"all","username":"arwin"}]
2017-11-01 05:03:18	[{"keyword":"@triindonesia","from":"2017-10-30","mode":"submitSocial","container":"all","username":"arwin"}]
2017-11-01 05:03:21	[{"keyword":"@kaskus","from":"2017-10-30","mode":"submitSocial","container":"all","username":"arwin"}]
2017-11-01 05:03:23	[{"keyword":"@studio_xxi","from":"2017-10-30","mode":"submitSocial","container":"all","username":"arwin"}]
2017-11-01 05:03:25	[{"keyword":"@blitzmegaplex","from":"2017-10-30","mode":"submitSocial","container":"all","username":"arwin"}]
2017-11-01 05:03:27	[{"keyword":"@alfamartku","from":"2017-10-30","mode":"submitSocial","container":"all","username":"arwin"}]
2017-11-01 05:03:29	[{"keyword":"@carrefour_id","from":"2017-10-30","mode":"submitSocial","container":"all","username":"arwin"}]
2017-11-01 05:03:34	[{"keyword":"@bbcbreaking","from":"2017-10-30","mode":"submitSocial","container":"all","username":"arwin"}]
2017-11-01 05:03:41	[{"keyword":"@forbes","from":"2017-10-30","mode":"submitSocial","container":"all","username":"arwin"}]
2017-11-01 05:03:43	[{"keyword":"@bensradio","from":"2017-10-30","mode":"submitSocial","container":"all","username":"arwin"}]
2017-11-01 05:03:49	[{"keyword":"@instagram","from":"2017-10-30","mode":"submitSocial","container":"all","username":"arwin"}]
2017-11-01 05:03:51	[{"keyword":"@pinterest","from":"2017-10-30","mode":"submitSocial","container":"all","username":"arwin"}]
2017-11-01 05:03:57	[{"keyword":"@google","from":"2017-10-30","mode":"submitSocial","container":"all","username":"arwin"}]
2017-11-01 05:03:59	[{"keyword":"@pertaminalub","from":"2017-10-30","mode":"submitSocial","container":"all","username":"arwin"}]
2017-11-01 05:04:01	[{"keyword":"@infolalintol","from":"2017-10-30","mode":"submitSocial","container":"all","username":"arwin"}]
2017-11-01 05:04:03	[{"keyword":"@ptjasamarga","from":"2017-10-30","mode":"submitSocial","container":"all","username":"arwin"}]
2017-11-01 05:04:05	[{"keyword":"@cititransindo","from":"2017-10-30","mode":"submitSocial","container":"all","username":"arwin"}]
2017-11-01 05:04:07	[{"keyword":"#semangatpagisuperr","from":"2017-10-30","mode":"submitSocial","container":"all","username":"arwin"}]
2017-11-01 05:04:09	[{"keyword":"#genkuisinsideout","from":"2017-10-30","mode":"submitSocial","container":"all","username":"arwin"}]
2017-11-01 05:04:11	[{"keyword":"#semangatpagi","from":"2017-10-30","mode":"submitSocial","container":"all","username":"arwin"}]
2017-11-01 05:04:14	[{"keyword":"#dikamar","from":"2017-10-30","mode":"submitSocial","container":"all","username":"arwin"}]
2017-11-01 05:04:16	[{"keyword":"#kopaja","from":"2017-10-30","mode":"submitSocial","container":"all","username":"arwin"}]
2017-11-01 05:04:18	[{"keyword":"#generaksi8","from":"2017-10-30","mode":"submitSocial","container":"all","username":"arwin"}]
2017-11-01 05:04:20	[{"keyword":"#hitztsp","from":"2017-10-30","mode":"submitSocial","container":"all","username":"arwin"}]
2017-11-01 05:04:23	[{"keyword":"#np","from":"2017-10-30","mode":"submitSocial","container":"all","username":"arwin"}]
2017-11-01 05:04:25	[{"keyword":"#hitzlivestage","from":"2017-10-30","mode":"submitSocial","container":"all","username":"arwin"}]
2017-11-01 05:04:27	[{"keyword":"#thefreaks","from":"2017-10-30","mode":"submitSocial","container":"all","username":"arwin"}]
2017-11-01 05:04:30	[{"keyword":"#hitzsirkuspagi","from":"2017-10-30","mode":"submitSocial","container":"all","username":"arwin"}]
2017-11-01 05:04:32	[{"keyword":"#hitzathlon","from":"2017-10-30","mode":"submitSocial","container":"all","username":"arwin"}]
2017-11-01 05:04:34	[{"keyword":"#hitzzombie","from":"2017-10-30","mode":"submitSocial","container":"all","username":"arwin"}]
2017-11-01 05:04:36	[{"keyword":"#hitzkalong","from":"2017-10-30","mode":"submitSocial","container":"all","username":"arwin"}]
2017-11-01 05:04:38	[{"keyword":"#hitzbebas","from":"2017-10-30","mode":"submitSocial","container":"all","username":"arwin"}]
2017-11-01 05:04:41	[{"keyword":"#hitzhorehara","from":"2017-10-30","mode":"submitSocial","container":"all","username":"arwin"}]
2017-11-01 05:04:43	[{"keyword":"@zaloraid","from":"2017-10-30","mode":"submitSocial","container":"all","username":"arwin"}]
2017-11-01 05:04:45	[{"keyword":"@olx_indonesia","from":"2017-10-30","mode":"submitSocial","container":"all","username":"arwin"}]
2017-11-01 05:04:48	[{"keyword":"@lazadaid","from":"2017-10-30","mode":"submitSocial","container":"all","username":"arwin"}]
2017-11-01 05:04:50	[{"keyword":"@utrippers","from":"2017-10-30","mode":"submitSocial","container":"all","username":"arwin"}]
2017-11-01 05:04:52	[{"keyword":"@gogobot","from":"2017-10-30","mode":"submitSocial","container":"all","username":"arwin"}]
2017-11-01 05:04:54	[{"keyword":"@viatortravel","from":"2017-10-30","mode":"submitSocial","container":"all","username":"arwin"}]
2017-11-01 05:04:56	[{"keyword":"@alandakariza","from":"2017-10-30","mode":"submitSocial","container":"all","username":"arwin"}]
2017-11-01 05:04:59	[{"keyword":"@gagasmedia","from":"2017-10-30","mode":"submitSocial","container":"all","username":"arwin"}]
2017-11-01 05:05:01	[{"keyword":"@welovehonda","from":"2017-10-30","mode":"submitSocial","container":"all","username":"arwin"}]
2017-11-01 05:05:04	[{"keyword":"@suzukimotorid","from":"2017-10-30","mode":"submitSocial","container":"all","username":"arwin"}]
2017-11-01 05:05:06	[{"keyword":"@kawasakilovers","from":"2017-10-30","mode":"submitSocial","container":"all","username":"arwin"}]
2017-11-01 05:05:08	[{"keyword":"@yamahaindonesia","from":"2017-10-30","mode":"submitSocial","container":"all","username":"arwin"}]
2017-11-01 05:05:11	[{"keyword":"@tripanzee","from":"2017-10-30","mode":"submitSocial","container":"all","username":"arwin"}]
2017-11-01 05:05:13	[{"keyword":"@arnoldpoernomo","from":"2017-10-30","mode":"submitSocial","container":"all","username":"arwin"}]
2017-11-01 05:05:15	[{"keyword":"@nicsap","from":"2017-10-30","mode":"submitSocial","container":"all","username":"arwin"}]
2017-11-01 05:05:17	[{"keyword":"@tiket2","from":"2017-10-30","mode":"submitSocial","container":"all","username":"arwin"}]
2017-11-01 05:05:20	[{"keyword":"@traveloka","from":"2017-10-30","mode":"submitSocial","container":"all","username":"arwin"}]
2017-11-01 05:05:23	[{"keyword":"@wego","from":"2017-10-30","mode":"submitSocial","container":"all","username":"arwin"}]
2017-11-01 05:05:25	[{"keyword":"@agoda","from":"2017-10-30","mode":"submitSocial","container":"all","username":"arwin"}]
2017-11-01 05:05:27	[{"keyword":"#salahsambung","from":"2017-10-30","mode":"submitSocial","container":"all","username":"arwin"}]
2017-11-01 05:05:30	[{"keyword":"#tulalit","from":"2017-10-30","mode":"submitSocial","container":"all","username":"arwin"}]
2017-11-01 05:05:31	[{"keyword":"#pestageneraksi8","from":"2017-10-30","mode":"submitSocial","container":"all","username":"arwin"}]
2017-11-01 05:05:33	[{"keyword":"#ganaskustik","from":"2017-10-30","mode":"submitSocial","container":"all","username":"arwin"}]
2017-11-01 05:05:35	[{"keyword":"#lnhot20","from":"2017-10-30","mode":"submitSocial","container":"all","username":"arwin"}]
2017-11-01 05:05:37	[{"keyword":"@tripadvisor","from":"2017-10-30","mode":"submitSocial","container":"all","username":"arwin"}]
2017-11-01 05:05:43	[{"keyword":"@google","from":"2017-10-30","mode":"submitSocial","container":"all","username":"arwin"}]
2017-11-01 05:05:46	[{"keyword":"@telkomsel","from":"2017-10-30","mode":"submitSocial","container":"all","username":"arwin"}]
2017-11-01 05:05:49	[{"keyword":"@indosat","from":"2017-10-30","mode":"submitSocial","container":"all","username":"arwin"}]
2017-11-01 05:05:52	[{"keyword":"@bahanafmjkt","from":"2017-10-30","mode":"submitSocial","container":"all","username":""}]
2017-11-01 05:05:56	[{"keyword":"@sonorafm92","from":"2017-10-30","mode":"submitSocial","container":"all","username":"arwin"}]
2017-11-01 05:05:57	[{"keyword":"@litefm1058","from":"2017-10-30","mode":"submitSocial","container":"all","username":"arwin"}]
2017-11-01 05:06:00	[{"keyword":"@bravaradio","from":"2017-10-30","mode":"submitSocial","container":"all","username":"arwin"}]
2017-11-01 05:06:02	[{"keyword":"#dgitm","from":"2017-10-30","mode":"submitSocial","container":"all","username":"arwin"}]
2017-11-01 05:06:04	[{"keyword":"#hitsalaprambors","from":"2017-10-30","mode":"submitSocial","container":"all","username":"arwin"}]
2017-11-01 05:06:06	[{"keyword":"#reqprambors","from":"2017-10-30","mode":"submitSocial","container":"all","username":"arwin"}]
2017-11-01 05:06:09	[{"keyword":"#thedandees","from":"2017-10-30","mode":"submitSocial","container":"all","username":"arwin"}]
2017-11-01 05:06:10	[{"keyword":"#pramborsquiz","from":"2017-10-30","mode":"submitSocial","container":"all","username":"arwin"}]
2017-11-01 05:06:12	[{"keyword":"#jeliprambors","from":"2017-10-30","mode":"submitSocial","container":"all","username":"arwin"}]
2017-11-01 05:06:14	[{"keyword":"#jodohinprambors","from":"2017-10-30","mode":"submitSocial","container":"all","username":"arwin"}]
2017-11-01 05:06:16	[{"keyword":"#ubahdenganbicara","from":"2017-10-30","mode":"submitSocial","container":"all","username":"arwin"}]
2017-11-01 05:06:18	[{"keyword":"#pramborschat","from":"2017-10-30","mode":"submitSocial","container":"all","username":"arwin"}]
2017-11-01 05:06:21	[{"keyword":"#tweetforduit","from":"2017-10-30","mode":"submitSocial","container":"all","username":"arwin"}]
2017-11-01 05:06:22	[{"keyword":"#joki3in1","from":"2017-10-30","mode":"submitSocial","container":"all","username":"arwin"}]
2017-11-01 05:06:25	[{"keyword":"#sarapanseru","from":"2017-10-30","mode":"submitSocial","container":"all","username":"arwin"}]
2017-11-01 05:06:27	[{"keyword":"#rawonkaneloop","from":"2017-10-30","mode":"submitSocial","container":"all","username":"arwin"}]
2017-11-01 05:06:29	[{"keyword":"#gudegkendilkeraton","from":"2017-10-30","mode":"submitSocial","container":"all","username":"arwin"}]
2017-11-01 05:06:31	[{"keyword":"#gadogadobutika","from":"2017-10-30","mode":"submitSocial","container":"all","username":"arwin"}]
2017-11-01 05:06:33	[{"keyword":"#mtvhottest","from":"2017-10-30","mode":"submitSocial","container":"all","username":"arwin"}]
2017-11-01 05:06:35	[{"keyword":"#dimsumcjdw","from":"2017-10-30","mode":"submitSocial","container":"all","username":"arwin"}]
2017-11-01 05:06:37	[{"keyword":"#pecelmadiunmbakniek","from":"2017-10-30","mode":"submitSocial","container":"all","username":"arwin"}]
2017-11-01 05:06:39	[{"keyword":"#depotarema","from":"2017-10-30","mode":"submitSocial","container":"all","username":"arwin"}]
2017-11-01 05:06:41	[{"keyword":"@bni46","from":"2017-10-30","mode":"submitSocial","container":"all","username":"arwin"}]
2017-11-01 05:06:43	[{"keyword":"@bankbri_id","from":"2017-10-30","mode":"submitSocial","container":"all","username":"arwin"}]
2017-11-01 05:06:45	[{"keyword":"#bni46","from":"2017-10-30","mode":"submitSocial","container":"all","username":"arwin"}]
2017-11-01 05:06:49	[{"keyword":"macet","from":"2017-10-30","mode":"submitSocial","container":"all","username":"arwin"}]
2017-11-01 05:06:51	[{"keyword":"#selamatpagi","from":"2017-10-30","mode":"submitSocial","container":"all","username":"arwin"}]
2017-11-01 05:06:53	[{"keyword":"#selamatmalam","from":"2017-10-30","mode":"submitSocial","container":"all","username":"arwin"}]
2017-11-01 05:06:56	[{"keyword":"@884globalradio","from":"2017-10-30","mode":"submitSocial","container":"all","username":"arwin"}]
2017-11-01 05:06:58	[{"keyword":"@day_trans","from":"2017-10-30","mode":"submitSocial","container":"all","username":"arwin"}]
2017-11-01 05:07:00	[{"keyword":"@kencanavoyage","from":"2017-10-30","mode":"submitSocial","container":"all","username":"arwin"}]
2017-11-01 05:07:02	[{"keyword":"@jukebox5d","from":"2017-10-30","mode":"submitSocial","container":"all","username":"arwin"}]
2017-11-01 05:07:04	[{"keyword":"#mtvhottest","from":"2017-10-30","mode":"submitSocial","container":"all","username":"arwin"}]
2017-11-01 05:07:06	[{"keyword":"#semangatpagi","from":"2017-10-30","mode":"submitSocial","container":"all","username":"arwin"}]
2017-11-01 05:07:08	[{"keyword":"lifebuoy","from":"2017-10-30","mode":"submitSocial","container":"all","username":"arwin"}]
2017-11-01 05:07:14	[{"keyword":"jokowi","from":"2017-10-30","mode":"submitSocial","container":"all","username":"arwin"}]
2017-11-01 05:07:22	[{"keyword":"obama","from":"2017-10-30","mode":"submitSocial","container":"all","username":"arwin"}]
2017-11-01 05:07:25	[{"keyword":"starwars","from":"2017-10-30","mode":"submitSocial","container":"all","username":"arwin"}]
2017-11-01 05:07:28	[{"keyword":"jonan","from":"2017-10-30","mode":"submitSocial","container":"all","username":"arwin"}]
2017-11-01 05:07:37	[{"keyword":"pagi","from":"2017-10-30","mode":"submitSocial","container":"all","username":"arwin"}]
2017-11-01 05:07:40	[{"keyword":"sampoerna","from":"2017-10-30","mode":"submitSocial","container":"all","username":"arwin"}]
2017-11-01 05:07:42	[{"keyword":"djarum","from":"2017-10-30","mode":"submitSocial","container":"all","username":"arwin"}]
2017-11-01 05:07:44	[{"keyword":"#semangatpagi","from":"2017-10-30","mode":"submitSocial","container":"all","username":"arwin"}]
2017-11-01 05:07:46	[{"keyword":"#generaksi8","from":"2017-10-30","mode":"submitSocial","container":"all","username":"arwin"}]
2017-11-01 05:07:48	[{"keyword":"#365alasan","from":"2017-10-30","mode":"submitSocial","container":"all","username":"arwin"}]
2017-11-01 05:07:51	[{"keyword":"weew","from":"2017-10-30","mode":"submitSocial","container":"all","username":"arwin"}]
2017-11-01 05:07:59	[{"keyword":"testing","from":"2017-10-30","mode":"submitSocial","container":"all","username":"arwin"}]
2017-11-01 05:08:01	[{"keyword":"#kopaja","from":"2017-10-30","mode":"submitSocial","container":"all","username":"arwin"}]
2017-11-01 05:08:03	[{"keyword":"#genkuisinsideout","from":"2017-10-30","mode":"submitSocial","container":"all","username":"arwin"}]
2017-11-01 05:08:06	[{"keyword":"starwars","from":"2017-10-30","mode":"submitSocial","container":"all","username":"arwin"}]
2017-11-01 05:08:08	[{"keyword":"#kopaja","from":"2017-10-30","mode":"submitSocial","container":"all","username":"arwin"}]
2017-11-01 05:08:11	[{"keyword":"mldspot","from":"2017-10-30","mode":"submitSocial","container":"all","username":"arwin"}]
2017-11-01 05:08:13	[{"keyword":"pbdjarum","from":"2017-10-30","mode":"submitSocial","container":"all","username":"arwin"}]
2017-11-01 05:08:15	[{"keyword":"temannabati","from":"2017-10-30","mode":"submitSocial","container":"all","username":"arwin"}]
2017-11-01 05:08:18	[{"keyword":"nextar","from":"2017-10-30","mode":"submitSocial","container":"all","username":"arwin"}]
2017-11-01 05:08:21	[{"keyword":"jokowo","from":"2017-10-30","mode":"submitSocial","container":"all","username":"arwin"}]
2017-11-01 05:08:24	[{"keyword":"prabowo","from":"2017-10-30","mode":"submitSocial","container":"all","username":"arwin"}]
2017-11-01 05:08:26	[{"keyword":"sudirman said","from":"2017-10-30","mode":"submitSocial","container":"all","username":"arwin"}]
2017-11-01 05:08:34	[{"keyword":"ahok","from":"2017-10-30","mode":"submitSocial","container":"all","username":"arwin"}]
2017-11-01 05:08:36	[{"keyword":"setyanovanto","from":"2017-10-30","mode":"submitSocial","container":"all","username":"arwin"}]
2017-11-01 05:08:42	[{"keyword":"jokowi","from":"2017-10-30","mode":"submitSocial","container":"all","username":"arwin"}]
2017-11-01 05:08:49	[{"keyword":"ahok","from":"2017-10-30","mode":"submitSocial","container":"all","username":"arwin"}]
2017-11-01 05:08:52	[{"keyword":"prabowo","from":"2017-10-30","mode":"submitSocial","container":"all","username":"arwin"}]
2017-11-01 05:08:54	[{"keyword":"sudirman said","from":"2017-10-30","mode":"submitSocial","container":"all","username":"arwin"}]
2017-11-01 05:08:56	[{"keyword":"setyanovanto","from":"2017-10-30","mode":"submitSocial","container":"all","username":"arwin"}]
2017-11-01 05:09:01	[{"keyword":"galau","from":"2017-10-30","mode":"submitSocial","container":"all","username":"arwin"}]
2017-11-01 05:09:03	[{"keyword":"#prestasiindonesia","from":"2017-10-30","mode":"submitSocial","container":"all","username":"arwin"}]
2017-11-01 05:09:05	[{"keyword":"@tw_debi","from":"2017-10-30","mode":"submitSocial","container":"all","username":"arwin"}]
2017-11-01 05:09:07	[{"keyword":"@officialfastron","from":"2017-10-30","mode":"submitSocial","container":"all","username":"arwin"}]
2017-11-01 05:09:10	[{"keyword":"@citibankid","from":"2017-10-30","mode":"submitSocial","container":"all","username":"arwin"}]
2017-11-01 05:09:12	[{"keyword":"@jak101fm","from":"2017-10-30","mode":"submitSocial","container":"all","username":"arwin"}]
2017-11-01 05:09:14	[{"keyword":"@genfm","from":"2017-10-30","mode":"submitSocial","container":"all","username":"arwin"}]
