2017-11-11 05:00:01	worker	@987genfm;2017-11-09 - 2017-11-09;submitSocial;all;arwin
2017-11-11 05:00:05	worker	@101jakfm;2017-11-09 - 2017-11-09;submitSocial;all;arwin
2017-11-11 05:00:07	worker	@prambors;2017-11-09 - 2017-11-09;submitSocial;all;arwin
2017-11-11 05:00:11	worker	@hardrockfm;2017-11-09 - 2017-11-09;submitSocial;all;arwin
2017-11-11 05:00:14	worker	@kisfmjakarta;2017-11-09 - 2017-11-09;submitSocial;all;arwin
2017-11-11 05:00:16	worker	@delta_fm;2017-11-09 - 2017-11-09;submitSocial;all;arwin
2017-11-11 05:00:19	worker	@traxfmjkt;2017-11-09 - 2017-11-09;submitSocial;all;arwin
2017-11-11 05:00:22	worker	@iradiojakarta;2017-11-09 - 2017-11-09;submitSocial;all;arwin
2017-11-11 05:00:25	worker	@indika9160fm;2017-11-09 - 2017-11-09;submitSocial;all;arwin
2017-11-11 05:00:27	worker	@shellindonesia;2017-11-09 - 2017-11-09;submitSocial;all;arwin
2017-11-11 05:00:30	worker	@vpowerfans;2017-11-09 - 2017-11-09;submitSocial;all;arwin
2017-11-11 05:00:32	worker	@pertamaxind;2017-11-09 - 2017-11-09;submitSocial;all;arwin
2017-11-11 05:00:35	worker	@ptpertamina;2017-11-09 - 2017-11-09;submitSocial;all;arwin
2017-11-11 05:00:37	worker	@OZRadioJakarta;2017-11-09 - 2017-11-09;submitSocial;all;arwin
2017-11-11 05:00:40	worker	@CosmopolitanFM;2017-11-09 - 2017-11-09;submitSocial;all;arwin
2017-11-11 05:00:42	worker	@mustang88fm;2017-11-09 - 2017-11-09;submitSocial;all;arwin
2017-11-11 05:00:45	worker	@debabaz;2017-11-09 - 2017-11-09;submitSocial;all;arwin
2017-11-11 05:00:47	worker	@detikcom;2017-11-09 - 2017-11-09;submitSocial;all;arwin
2017-11-11 05:00:51	worker	@radioelshinta;2017-11-09 - 2017-11-09;submitSocial;all;arwin
2017-11-11 05:00:54	worker	@cinema21;2017-11-09 - 2017-11-09;submitSocial;all;arwin
2017-11-11 05:00:56	worker	@OfficialRCTI;2017-11-09 - 2017-11-09;submitSocial;all;arwin
2017-11-11 05:00:59	worker	@TRANSTV_CORP;2017-11-09 - 2017-11-09;submitSocial;all;arwin
2017-11-11 05:01:02	worker	@TRANS7;2017-11-09 - 2017-11-09;submitSocial;all;arwin
2017-11-11 05:01:05	worker	@Metro_TV;2017-11-09 - 2017-11-09;submitSocial;all;arwin
2017-11-11 05:01:08	worker	@tvOneNews;2017-11-09 - 2017-11-09;submitSocial;all;arwin
2017-11-11 05:01:11	worker	@whatsonANTV;2017-11-09 - 2017-11-09;submitSocial;all;arwin
2017-11-11 05:01:14	worker	@SCTV_;2017-11-09 - 2017-11-09;submitSocial;all;arwin
2017-11-11 05:01:17	worker	@KompasTV;2017-11-09 - 2017-11-09;submitSocial;all;arwin
2017-11-11 05:01:20	worker	@netmediatama;2017-11-09 - 2017-11-09;submitSocial;all;arwin
2017-11-11 05:01:24	worker	@Globaltvseru;2017-11-09 - 2017-11-09;submitSocial;all;arwin
2017-11-11 05:01:26	worker	@JaktvCom;2017-11-09 - 2017-11-09;submitSocial;all;arwin
2017-11-11 05:01:29	worker	@TVRINasional;2017-11-09 - 2017-11-09;submitSocial;all;arwin
2017-11-11 05:01:34	worker	@ochannelupdates;2017-11-09 - 2017-11-09;submitSocial;all;arwin
2017-11-11 05:01:36	worker	@IndosiarID;2017-11-09 - 2017-11-09;submitSocial;all;arwin
2017-11-11 05:01:39	worker	@kompascom;2017-11-09 - 2017-11-09;submitSocial;all;arwin
2017-11-11 05:01:43	worker	@merdekadotcom;2017-11-09 - 2017-11-09;submitSocial;all;arwin
2017-11-11 05:01:46	worker	@MIdotcom;2017-11-09 - 2017-11-09;submitSocial;all;arwin
2017-11-11 05:01:49	worker	@tempodotco;2017-11-09 - 2017-11-09;submitSocial;all;arwin
2017-11-11 05:01:53	worker	@motion975fm;2017-11-09 - 2017-11-09;submitSocial;all;arwin
2017-11-11 05:01:56	worker	@_radiotoday;2017-11-09 - 2017-11-09;submitSocial;all;arwin
2017-11-11 05:01:58	worker	@radioinfo;2017-11-09 - 2017-11-09;submitSocial;all;arwin
2017-11-11 05:02:01	worker	@979FeMaleRadio;2017-11-09 - 2017-11-09;submitSocial;all;arwin
2017-11-11 05:02:03	worker	@WomanRadio943FM;2017-11-09 - 2017-11-09;submitSocial;all;arwin
2017-11-11 05:02:06	worker	@VRadioFM;2017-11-09 - 2017-11-09;submitSocial;all;arwin
2017-11-11 05:02:08	worker	@UFM947;2017-11-09 - 2017-11-09;submitSocial;all;arwin
2017-11-11 05:02:10	worker	@VIVAnews;2017-11-09 - 2017-11-09;submitSocial;all;arwin
2017-11-11 05:02:13	worker	@antaranews;2017-11-09 - 2017-11-09;submitSocial;all;arwin
2017-11-11 05:02:16	worker	@tribunnews;2017-11-09 - 2017-11-09;submitSocial;all;arwin
2017-11-11 05:02:18	worker	@okezonenews;2017-11-09 - 2017-11-09;submitSocial;all;arwin
2017-11-11 05:02:21	worker	@Beritasatu;2017-11-09 - 2017-11-09;submitSocial;all;arwin
2017-11-11 05:02:24	worker	@rollingstoneina;2017-11-09 - 2017-11-09;submitSocial;all;arwin
2017-11-11 05:02:26	worker	@FIMELAdotcom;2017-11-09 - 2017-11-09;submitSocial;all;arwin
2017-11-11 05:02:28	worker	@KapanLagicom;2017-11-09 - 2017-11-09;submitSocial;all;arwin
2017-11-11 05:02:31	worker	@KompasEnt ;2017-11-09 - 2017-11-09;submitSocial;all;arwin
2017-11-11 05:02:34	worker	@HaiMagazine;2017-11-09 - 2017-11-09;submitSocial;all;arwin
2017-11-11 05:02:36	worker	@JakartaVenue;2017-11-09 - 2017-11-09;submitSocial;all;arwin
2017-11-11 05:02:38	worker	@SeputarEvent;2017-11-09 - 2017-11-09;submitSocial;all;arwin
2017-11-11 05:02:41	worker	@ismayaLive;2017-11-09 - 2017-11-09;submitSocial;all;arwin
2017-11-11 05:02:43	worker	@ECEntertainment;2017-11-09 - 2017-11-09;submitSocial;all;arwin
2017-11-11 05:02:46	worker	@synergism_En;2017-11-09 - 2017-11-09;submitSocial;all;arwin
2017-11-11 05:02:48	worker	@Urbanbandung;2017-11-09 - 2017-11-09;submitSocial;all;arwin
2017-11-11 05:02:50	worker	@Urbanrkm995;2017-11-09 - 2017-11-09;submitSocial;all;arwin
2017-11-11 05:02:52	worker	@Garuda_Promo;2017-11-09 - 2017-11-09;submitSocial;all;arwin
2017-11-11 05:02:55	worker	@AirAsiaID;2017-11-09 - 2017-11-09;submitSocial;all;arwin
2017-11-11 05:02:57	worker	@KAI121;2017-11-09 - 2017-11-09;submitSocial;all;arwin
2017-11-11 05:03:00	worker	@Unilever;2017-11-09 - 2017-11-09;submitSocial;all;arwin
2017-11-11 05:03:03	worker	@Nestle;2017-11-09 - 2017-11-09;submitSocial;all;arwin
2017-11-11 05:03:07	worker	@CocaCola;2017-11-09 - 2017-11-09;submitSocial;all;arwin
2017-11-11 05:03:11	worker	@CNN;2017-11-09 - 2017-11-09;submitSocial;all;arwin
2017-11-11 05:03:18	worker	@MTV;2017-11-09 - 2017-11-09;submitSocial;all;arwin
2017-11-11 05:03:23	worker	@channelv;2017-11-09 - 2017-11-09;submitSocial;all;arwin
2017-11-11 05:03:25	worker	@iTunesMusic;2017-11-09 - 2017-11-09;submitSocial;all;arwin
2017-11-11 05:03:28	worker	@mashable;2017-11-09 - 2017-11-09;submitSocial;all;arwin
2017-11-11 05:03:32	worker	@decacaz;2017-11-09 - 2017-11-09;submitSocial;all;arwin
2017-11-11 05:03:34	worker	@radiobaru967FM;2017-11-09 - 2017-11-09;submitSocial;all;arwin
2017-11-11 05:03:37	worker	@967HitzFM;2017-11-09 - 2017-11-09;submitSocial;all;arwin
2017-11-11 05:03:39	worker	@TVGuide;2017-11-09 - 2017-11-09;submitSocial;all;arwin
2017-11-11 05:03:42	worker	@XL123;2017-11-09 - 2017-11-09;submitSocial;all;arwin
2017-11-11 05:03:45	worker	@triindonesia;2017-11-09 - 2017-11-09;submitSocial;all;arwin
2017-11-11 05:03:48	worker	@kaskus;2017-11-09 - 2017-11-09;submitSocial;all;arwin
2017-11-11 05:03:50	worker	@Studio_XXI;2017-11-09 - 2017-11-09;submitSocial;all;arwin
2017-11-11 05:03:53	worker	@blitzmegaplex;2017-11-09 - 2017-11-09;submitSocial;all;arwin
2017-11-11 05:03:55	worker	@alfamartku;2017-11-09 - 2017-11-09;submitSocial;all;arwin
2017-11-11 05:03:57	worker	@Carrefour_ID;2017-11-09 - 2017-11-09;submitSocial;all;arwin
2017-11-11 05:04:00	worker	@BBCBreaking;2017-11-09 - 2017-11-09;submitSocial;all;arwin
2017-11-11 05:04:05	worker	@Forbes;2017-11-09 - 2017-11-09;submitSocial;all;arwin
2017-11-11 05:04:11	worker	@BensRadio;2017-11-09 - 2017-11-09;submitSocial;all;arwin
2017-11-11 05:04:13	worker	@instagram;2017-11-09 - 2017-11-09;submitSocial;all;arwin
2017-11-11 05:04:19	worker	@Pinterest;2017-11-09 - 2017-11-09;submitSocial;all;arwin
2017-11-11 05:04:22	worker	@google;2017-11-09 - 2017-11-09;submitSocial;all;arwin
2017-11-11 05:04:30	worker	@Pertaminalub;2017-11-09 - 2017-11-09;submitSocial;all;arwin
2017-11-11 05:04:32	worker	@InfoLalinTol;2017-11-09 - 2017-11-09;submitSocial;all;arwin
2017-11-11 05:04:34	worker	@PTJASAMARGA;2017-11-09 - 2017-11-09;submitSocial;all;arwin
2017-11-11 05:04:37	worker	@cititransindo;2017-11-09 - 2017-11-09;submitSocial;all;arwin
2017-11-11 05:04:39	worker	#semangatpagisuperr;2017-11-09 - 2017-11-09;submitSocial;all;arwin
2017-11-11 05:04:41	worker	#genkuisinsideout;2017-11-09 - 2017-11-09;submitSocial;all;arwin
2017-11-11 05:04:44	worker	#semangatpagi;2017-11-09 - 2017-11-09;submitSocial;all;arwin
2017-11-11 05:04:46	worker	#dikamar;2017-11-09 - 2017-11-09;submitSocial;all;arwin
2017-11-11 05:04:48	worker	#kopaja;2017-11-09 - 2017-11-09;submitSocial;all;arwin
2017-11-11 05:04:51	worker	#generaksi8;2017-11-09 - 2017-11-09;submitSocial;all;arwin
2017-11-11 05:04:53	worker	#hitztsp;2017-11-09 - 2017-11-09;submitSocial;all;arwin
2017-11-11 05:04:56	worker	#np;2017-11-09 - 2017-11-09;submitSocial;all;arwin
2017-11-11 05:04:59	worker	#hitzlivestage;2017-11-09 - 2017-11-09;submitSocial;all;arwin
2017-11-11 05:05:02	worker	#thefreaks;2017-11-09 - 2017-11-09;submitSocial;all;arwin
2017-11-11 05:05:05	worker	#hitzsirkuspagi;2017-11-09 - 2017-11-09;submitSocial;all;arwin
2017-11-11 05:05:07	worker	#hitzathlon;2017-11-09 - 2017-11-09;submitSocial;all;arwin
2017-11-11 05:05:10	worker	#hitzzombie;2017-11-09 - 2017-11-09;submitSocial;all;arwin
2017-11-11 05:05:12	worker	#hitzkalong;2017-11-09 - 2017-11-09;submitSocial;all;arwin
2017-11-11 05:05:15	worker	#hitzbebas;2017-11-09 - 2017-11-09;submitSocial;all;arwin
2017-11-11 05:05:17	worker	#hitzhorehara;2017-11-09 - 2017-11-09;submitSocial;all;arwin
2017-11-11 05:05:20	worker	@ZaloraID;2017-11-09 - 2017-11-09;submitSocial;all;arwin
2017-11-11 05:05:22	worker	@OLX_Indonesia;2017-11-09 - 2017-11-09;submitSocial;all;arwin
2017-11-11 05:05:24	worker	@LazadaID;2017-11-09 - 2017-11-09;submitSocial;all;arwin
2017-11-11 05:05:28	worker	@utrippers;2017-11-09 - 2017-11-09;submitSocial;all;arwin
2017-11-11 05:05:31	worker	@GoGobot;2017-11-09 - 2017-11-09;submitSocial;all;arwin
2017-11-11 05:05:34	worker	@viatortravel;2017-11-09 - 2017-11-09;submitSocial;all;arwin
2017-11-11 05:05:36	worker	@alandakariza;2017-11-09 - 2017-11-09;submitSocial;all;arwin
2017-11-11 05:05:39	worker	@gagasmedia;2017-11-09 - 2017-11-09;submitSocial;all;arwin
2017-11-11 05:05:41	worker	@welovehonda;2017-11-09 - 2017-11-09;submitSocial;all;arwin
2017-11-11 05:05:44	worker	@SuzukiMotorID;2017-11-09 - 2017-11-09;submitSocial;all;arwin
2017-11-11 05:05:46	worker	@kawasakilovers;2017-11-09 - 2017-11-09;submitSocial;all;arwin
2017-11-11 05:05:49	worker	@yamahaindonesia;2017-11-09 - 2017-11-09;submitSocial;all;arwin
2017-11-11 05:05:51	worker	@tripanzee;2017-11-09 - 2017-11-09;submitSocial;all;arwin
2017-11-11 05:05:54	worker	@arnoldpoernomo;2017-11-09 - 2017-11-09;submitSocial;all;arwin
2017-11-11 05:05:56	worker	@nicsap;2017-11-09 - 2017-11-09;submitSocial;all;arwin
2017-11-11 05:05:59	worker	@tiket2;2017-11-09 - 2017-11-09;submitSocial;all;arwin
2017-11-11 05:06:01	worker	@traveloka;2017-11-09 - 2017-11-09;submitSocial;all;arwin
2017-11-11 05:06:04	worker	@wego;2017-11-09 - 2017-11-09;submitSocial;all;arwin
2017-11-11 05:06:07	worker	@agoda;2017-11-09 - 2017-11-09;submitSocial;all;arwin
2017-11-11 05:06:11	worker	#salahsambung;2017-11-09 - 2017-11-09;submitSocial;all;arwin
2017-11-11 05:06:13	worker	#tulalit;2017-11-09 - 2017-11-09;submitSocial;all;arwin
2017-11-11 05:06:16	worker	#pestageneraksi8;2017-11-09 - 2017-11-09;submitSocial;all;arwin
2017-11-11 05:06:17	worker	#ganaskustik;2017-11-09 - 2017-11-09;submitSocial;all;arwin
2017-11-11 05:06:20	worker	#lnhot20;2017-11-09 - 2017-11-09;submitSocial;all;arwin
2017-11-11 05:06:22	worker	@TripAdvisor;2017-11-09 - 2017-11-09;submitSocial;all;arwin
2017-11-11 05:06:25	worker	@google;2017-11-09 - 2017-11-09;submitSocial;all;arwin
2017-11-11 05:06:32	worker	@Telkomsel;2017-11-09 - 2017-11-09;submitSocial;all;arwin
2017-11-11 05:06:35	worker	@indosat;2017-11-09 - 2017-11-09;submitSocial;all;arwin
2017-11-11 05:06:38	worker	@bahanafmjkt;2017-11-09 - 2017-11-09;submitSocial;all;2017-11-11 05:06:44	worker	@sonorafm92;2017-11-09 - 2017-11-09;submitSocial;all;arwin
2017-11-11 05:06:46	worker	@litefm1058;2017-11-09 - 2017-11-09;submitSocial;all;arwin
2017-11-11 05:06:48	worker	@Bravaradio;2017-11-09 - 2017-11-09;submitSocial;all;arwin
2017-11-11 05:06:50	worker	#dgitm;2017-11-09 - 2017-11-09;submitSocial;all;arwin
2017-11-11 05:06:54	worker	#hitsalaprambors;2017-11-09 - 2017-11-09;submitSocial;all;arwin
2017-11-11 05:06:56	worker	#reqprambors;2017-11-09 - 2017-11-09;submitSocial;all;arwin
2017-11-11 05:06:58	worker	#thedandees;2017-11-09 - 2017-11-09;submitSocial;all;arwin
2017-11-11 05:07:01	worker	#pramborsquiz;2017-11-09 - 2017-11-09;submitSocial;all;arwin
2017-11-11 05:07:03	worker	#jeliprambors;2017-11-09 - 2017-11-09;submitSocial;all;arwin
2017-11-11 05:07:05	worker	#jodohinprambors;2017-11-09 - 2017-11-09;submitSocial;all;arwin
2017-11-11 05:07:08	worker	#ubahdenganbicara;2017-11-09 - 2017-11-09;submitSocial;all;arwin
2017-11-11 05:07:10	worker	#pramborschat;2017-11-09 - 2017-11-09;submitSocial;all;arwin
2017-11-11 05:07:12	worker	#tweetforduit;2017-11-09 - 2017-11-09;submitSocial;all;arwin
2017-11-11 05:07:15	worker	#joki3in1;2017-11-09 - 2017-11-09;submitSocial;all;arwin
2017-11-11 05:07:17	worker	#sarapanseru;2017-11-09 - 2017-11-09;submitSocial;all;arwin
2017-11-11 05:07:19	worker	#rawonkaneloop;2017-11-09 - 2017-11-09;submitSocial;all;arwin
2017-11-11 05:07:22	worker	#gudegkendilkeraton;2017-11-09 - 2017-11-09;submitSocial;all;arwin
2017-11-11 05:07:24	worker	#gadogadobutika;2017-11-09 - 2017-11-09;submitSocial;all;arwin
2017-11-11 05:07:26	worker	#mtvhottest;2017-11-09 - 2017-11-09;submitSocial;all;arwin
2017-11-11 05:07:28	worker	#dimsumcjdw;2017-11-09 - 2017-11-09;submitSocial;all;arwin
2017-11-11 05:07:31	worker	#pecelmadiunmbakniek;2017-11-09 - 2017-11-09;submitSocial;all;arwin
2017-11-11 05:07:33	worker	#depotarema;2017-11-09 - 2017-11-09;submitSocial;all;arwin
2017-11-11 05:07:35	worker	@BNI46;2017-11-09 - 2017-11-09;submitSocial;all;arwin
2017-11-11 05:07:38	worker	@BANKBRI_ID;2017-11-09 - 2017-11-09;submitSocial;all;arwin
2017-11-11 05:07:40	worker	#bni46;2017-11-09 - 2017-11-09;submitSocial;all;arwin
2017-11-11 05:07:43	worker	macet;2017-11-09 - 2017-11-09;submitSocial;all;arwin
2017-11-11 05:07:48	worker	#selamatpagi;2017-11-09 - 2017-11-09;submitSocial;all;arwin
2017-11-11 05:07:50	worker	#selamatmalam;2017-11-09 - 2017-11-09;submitSocial;all;arwin
2017-11-11 05:07:52	worker	@884GlobalRadio;2017-11-09 - 2017-11-09;submitSocial;all;arwin
2017-11-11 05:07:54	worker	@day_trans;2017-11-09 - 2017-11-09;submitSocial;all;arwin
2017-11-11 05:07:57	worker	@kencanavoyage;2017-11-09 - 2017-11-09;submitSocial;all;arwin
2017-11-11 05:07:59	worker	@jukebox5d;2017-11-09 - 2017-11-09;submitSocial;all;arwin
2017-11-11 05:08:02	worker	#mtvhottest;2017-11-09 - 2017-11-09;submitSocial;all;arwin
2017-11-11 05:08:04	worker	#semangatpagi;2017-11-09 - 2017-11-09;submitSocial;all;arwin
2017-11-11 05:08:06	worker	lifebuoy;2017-11-09 - 2017-11-09;submitSocial;all;arwin
2017-11-11 05:08:09	worker	jokowi;2017-11-09 - 2017-11-09;submitSocial;all;arwin
2017-11-11 05:08:17	worker	obama;2017-11-09 - 2017-11-09;submitSocial;all;arwin
2017-11-11 05:08:26	worker	starwars;2017-11-09 - 2017-11-09;submitSocial;all;arwin
2017-11-11 05:08:29	worker	jonan;2017-11-09 - 2017-11-09;submitSocial;all;arwin
2017-11-11 05:08:32	worker	pagi;2017-11-09 - 2017-11-09;submitSocial;all;arwin
2017-11-11 05:08:41	worker	sampoerna;2017-11-09 - 2017-11-09;submitSocial;all;arwin
2017-11-11 05:08:44	worker	djarum;2017-11-09 - 2017-11-09;submitSocial;all;arwin
2017-11-11 05:08:47	worker	#semangatpagi;2017-11-09 - 2017-11-09;submitSocial;all;arwin
2017-11-11 05:08:49	worker	#generaksi8;2017-11-09 - 2017-11-09;submitSocial;all;arwin
2017-11-11 05:08:51	worker	#365alasan;2017-11-09 - 2017-11-09;submitSocial;all;arwin
2017-11-11 05:08:54	worker	weew;2017-11-09 - 2017-11-09;submitSocial;all;arwin
2017-11-11 05:08:57	worker	testing;2017-11-09 - 2017-11-09;submitSocial;all;arwin
2017-11-11 05:09:06	worker	#kopaja;2017-11-09 - 2017-11-09;submitSocial;all;arwin
2017-11-11 05:09:09	worker	#genkuisinsideout;2017-11-09 - 2017-11-09;submitSocial;all;arwin
2017-11-11 05:09:11	worker	starwars;2017-11-09 - 2017-11-09;submitSocial;all;arwin
2017-11-11 05:09:15	worker	#kopaja;2017-11-09 - 2017-11-09;submitSocial;all;arwin
2017-11-11 05:09:17	worker	mldspot;2017-11-09 - 2017-11-09;submitSocial;all;arwin
2017-11-11 05:09:20	worker	PBDjarum;2017-11-09 - 2017-11-09;submitSocial;all;arwin
2017-11-11 05:09:23	worker	TemanNabati;2017-11-09 - 2017-11-09;submitSocial;all;arwin
2017-11-11 05:09:25	worker	Nextar;2017-11-09 - 2017-11-09;submitSocial;all;arwin
2017-11-11 05:09:28	worker	jokowo;2017-11-09 - 2017-11-09;submitSocial;all;arwin
2017-11-11 05:09:32	worker	prabowo;2017-11-09 - 2017-11-09;submitSocial;all;arwin
2017-11-11 05:09:35	worker	sudirman said;2017-11-09 - 2017-11-09;submitSocial;all;arwin
2017-11-11 05:09:38	worker	ahok;2017-11-09 - 2017-11-09;submitSocial;all;arwin
2017-11-11 05:09:44	worker	setyanovanto;2017-11-09 - 2017-11-09;submitSocial;all;arwin
2017-11-11 05:09:47	worker	jokowi;2017-11-09 - 2017-11-09;submitSocial;all;arwin
2017-11-11 05:09:55	worker	ahok;2017-11-09 - 2017-11-09;submitSocial;all;arwin
2017-11-11 05:10:01	worker	prabowo;2017-11-09 - 2017-11-09;submitSocial;all;arwin
2017-11-11 05:10:06	worker	sudirman said;2017-11-09 - 2017-11-09;submitSocial;all;arwin
2017-11-11 05:10:09	worker	setyanovanto;2017-11-09 - 2017-11-09;submitSocial;all;arwin
2017-11-11 05:10:11	worker	galau;2017-11-09 - 2017-11-09;submitSocial;all;arwin
2017-11-11 05:10:16	worker	#prestasiindonesia;2017-11-09 - 2017-11-09;submitSocial;all;arwin
2017-11-11 05:10:19	worker	@Tw_Debi;2017-11-09 - 2017-11-09;submitSocial;all;arwin
2017-11-11 05:10:22	worker	@OfficialFastron;2017-11-09 - 2017-11-09;submitSocial;all;arwin
2017-11-11 05:10:24	worker	@CitibankID;2017-11-09 - 2017-11-09;submitSocial;all;arwin
2017-11-11 05:10:26	worker	@jak101fm;2017-11-09 - 2017-11-09;submitSocial;all;arwin
2017-11-11 05:10:29	worker	@genfm;2017-11-09 - 2017-11-09;submitSocial;all;arwin
