2017-12-16 05:00:06	[{"keyword":"@987genfm","from":"2017-12-14","mode":"submitSocial","container":"all","username":"arwin"}]
2017-12-16 05:00:09	[{"keyword":"@101jakfm","from":"2017-12-14","mode":"submitSocial","container":"all","username":"arwin"}]
2017-12-16 05:00:12	[{"keyword":"@prambors","from":"2017-12-14","mode":"submitSocial","container":"all","username":"arwin"}]
2017-12-16 05:00:14	[{"keyword":"@hardrockfm","from":"2017-12-14","mode":"submitSocial","container":"all","username":"arwin"}]
2017-12-16 05:00:16	[{"keyword":"@kisfmjakarta","from":"2017-12-14","mode":"submitSocial","container":"all","username":"arwin"}]
2017-12-16 05:00:19	[{"keyword":"@delta_fm","from":"2017-12-14","mode":"submitSocial","container":"all","username":"arwin"}]
2017-12-16 05:00:21	[{"keyword":"@traxfmjkt","from":"2017-12-14","mode":"submitSocial","container":"all","username":"arwin"}]
2017-12-16 05:00:23	[{"keyword":"@iradiojakarta","from":"2017-12-14","mode":"submitSocial","container":"all","username":"arwin"}]
2017-12-16 05:00:25	[{"keyword":"@indika9160fm","from":"2017-12-14","mode":"submitSocial","container":"all","username":"arwin"}]
2017-12-16 05:00:27	[{"keyword":"@shellindonesia","from":"2017-12-14","mode":"submitSocial","container":"all","username":"arwin"}]
2017-12-16 05:00:30	[{"keyword":"@vpowerfans","from":"2017-12-14","mode":"submitSocial","container":"all","username":"arwin"}]
2017-12-16 05:00:32	[{"keyword":"@pertamaxind","from":"2017-12-14","mode":"submitSocial","container":"all","username":"arwin"}]
2017-12-16 05:00:34	[{"keyword":"@ptpertamina","from":"2017-12-14","mode":"submitSocial","container":"all","username":"arwin"}]
2017-12-16 05:00:36	[{"keyword":"@ozradiojakarta","from":"2017-12-14","mode":"submitSocial","container":"all","username":"arwin"}]
2017-12-16 05:00:39	[{"keyword":"@cosmopolitanfm","from":"2017-12-14","mode":"submitSocial","container":"all","username":"arwin"}]
2017-12-16 05:00:41	[{"keyword":"@mustang88fm","from":"2017-12-14","mode":"submitSocial","container":"all","username":"arwin"}]
2017-12-16 05:00:43	[{"keyword":"@debabaz","from":"2017-12-14","mode":"submitSocial","container":"all","username":"arwin"}]
2017-12-16 05:00:47	[{"keyword":"@detikcom","from":"2017-12-14","mode":"submitSocial","container":"all","username":"arwin"}]
2017-12-16 05:00:50	[{"keyword":"@radioelshinta","from":"2017-12-14","mode":"submitSocial","container":"all","username":"arwin"}]
2017-12-16 05:00:52	[{"keyword":"@cinema21","from":"2017-12-14","mode":"submitSocial","container":"all","username":"arwin"}]
2017-12-16 05:00:54	[{"keyword":"@officialrcti","from":"2017-12-14","mode":"submitSocial","container":"all","username":"arwin"}]
2017-12-16 05:00:56	[{"keyword":"@transtv_corp","from":"2017-12-14","mode":"submitSocial","container":"all","username":"arwin"}]
2017-12-16 05:00:59	[{"keyword":"@trans7","from":"2017-12-14","mode":"submitSocial","container":"all","username":"arwin"}]
2017-12-16 05:01:02	[{"keyword":"@metro_tv","from":"2017-12-14","mode":"submitSocial","container":"all","username":"arwin"}]
2017-12-16 05:01:05	[{"keyword":"@tvonenews","from":"2017-12-14","mode":"submitSocial","container":"all","username":"arwin"}]
2017-12-16 05:01:07	[{"keyword":"@whatsonantv","from":"2017-12-14","mode":"submitSocial","container":"all","username":"arwin"}]
2017-12-16 05:01:09	[{"keyword":"@sctv_","from":"2017-12-14","mode":"submitSocial","container":"all","username":"arwin"}]
2017-12-16 05:01:13	[{"keyword":"@kompastv","from":"2017-12-14","mode":"submitSocial","container":"all","username":"arwin"}]
2017-12-16 05:01:15	[{"keyword":"@netmediatama","from":"2017-12-14","mode":"submitSocial","container":"all","username":"arwin"}]
2017-12-16 05:01:17	[{"keyword":"@globaltvseru","from":"2017-12-14","mode":"submitSocial","container":"all","username":"arwin"}]
2017-12-16 05:01:20	[{"keyword":"@jaktvcom","from":"2017-12-14","mode":"submitSocial","container":"all","username":"arwin"}]
2017-12-16 05:01:22	[{"keyword":"@tvrinasional","from":"2017-12-14","mode":"submitSocial","container":"all","username":"arwin"}]
2017-12-16 05:01:24	[{"keyword":"@ochannelupdates","from":"2017-12-14","mode":"submitSocial","container":"all","username":"arwin"}]
2017-12-16 05:01:28	[{"keyword":"@indosiarid","from":"2017-12-14","mode":"submitSocial","container":"all","username":"arwin"}]
2017-12-16 05:01:33	[{"keyword":"@kompascom","from":"2017-12-14","mode":"submitSocial","container":"all","username":"arwin"}]
2017-12-16 05:01:35	[{"keyword":"@merdekadotcom","from":"2017-12-14","mode":"submitSocial","container":"all","username":"arwin"}]
2017-12-16 05:01:38	[{"keyword":"@midotcom","from":"2017-12-14","mode":"submitSocial","container":"all","username":"arwin"}]
2017-12-16 05:01:40	[{"keyword":"@tempodotco","from":"2017-12-14","mode":"submitSocial","container":"all","username":"arwin"}]
2017-12-16 05:01:42	[{"keyword":"@motion975fm","from":"2017-12-14","mode":"submitSocial","container":"all","username":"arwin"}]
2017-12-16 05:01:44	[{"keyword":"@_radiotoday","from":"2017-12-14","mode":"submitSocial","container":"all","username":"arwin"}]
2017-12-16 05:01:47	[{"keyword":"@radioinfo","from":"2017-12-14","mode":"submitSocial","container":"all","username":"arwin"}]
2017-12-16 05:01:49	[{"keyword":"@979femaleradio","from":"2017-12-14","mode":"submitSocial","container":"all","username":"arwin"}]
2017-12-16 05:01:51	[{"keyword":"@womanradio943fm","from":"2017-12-14","mode":"submitSocial","container":"all","username":"arwin"}]
2017-12-16 05:01:53	[{"keyword":"@vradiofm","from":"2017-12-14","mode":"submitSocial","container":"all","username":"arwin"}]
2017-12-16 05:01:55	[{"keyword":"@ufm947","from":"2017-12-14","mode":"submitSocial","container":"all","username":"arwin"}]
2017-12-16 05:01:57	[{"keyword":"@vivanews","from":"2017-12-14","mode":"submitSocial","container":"all","username":"arwin"}]
2017-12-16 05:02:00	[{"keyword":"@antaranews","from":"2017-12-14","mode":"submitSocial","container":"all","username":"arwin"}]
2017-12-16 05:02:03	[{"keyword":"@tribunnews","from":"2017-12-14","mode":"submitSocial","container":"all","username":"arwin"}]
2017-12-16 05:02:05	[{"keyword":"@okezonenews","from":"2017-12-14","mode":"submitSocial","container":"all","username":"arwin"}]
2017-12-16 05:02:08	[{"keyword":"@beritasatu","from":"2017-12-14","mode":"submitSocial","container":"all","username":"arwin"}]
2017-12-16 05:02:10	[{"keyword":"@rollingstoneina","from":"2017-12-14","mode":"submitSocial","container":"all","username":"arwin"}]
2017-12-16 05:02:12	[{"keyword":"@fimeladotcom","from":"2017-12-14","mode":"submitSocial","container":"all","username":"arwin"}]
2017-12-16 05:02:14	[{"keyword":"@kapanlagicom","from":"2017-12-14","mode":"submitSocial","container":"all","username":"arwin"}]
2017-12-16 05:02:17	[{"keyword":"@kompasent","from":"2017-12-14","mode":"submitSocial","container":"all","username":"arwin"}]
2017-12-16 05:02:19	[{"keyword":"@haimagazine","from":"2017-12-14","mode":"submitSocial","container":"all","username":"arwin"}]
2017-12-16 05:02:21	[{"keyword":"@jakartavenue","from":"2017-12-14","mode":"submitSocial","container":"all","username":"arwin"}]
2017-12-16 05:02:23	[{"keyword":"@seputarevent","from":"2017-12-14","mode":"submitSocial","container":"all","username":"arwin"}]
2017-12-16 05:02:25	[{"keyword":"@ismayalive","from":"2017-12-14","mode":"submitSocial","container":"all","username":"arwin"}]
2017-12-16 05:02:27	[{"keyword":"@ecentertainment","from":"2017-12-14","mode":"submitSocial","container":"all","username":"arwin"}]
2017-12-16 05:02:29	[{"keyword":"@synergism_en","from":"2017-12-14","mode":"submitSocial","container":"all","username":"arwin"}]
2017-12-16 05:02:32	[{"keyword":"@urbanbandung","from":"2017-12-14","mode":"submitSocial","container":"all","username":"arwin"}]
2017-12-16 05:02:33	[{"keyword":"@urbanrkm995","from":"2017-12-14","mode":"submitSocial","container":"all","username":"arwin"}]
2017-12-16 05:02:36	[{"keyword":"@garuda_promo","from":"2017-12-14","mode":"submitSocial","container":"all","username":"arwin"}]
2017-12-16 05:02:38	[{"keyword":"@airasiaid","from":"2017-12-14","mode":"submitSocial","container":"all","username":"arwin"}]
2017-12-16 05:02:40	[{"keyword":"@kai121","from":"2017-12-14","mode":"submitSocial","container":"all","username":"arwin"}]
2017-12-16 05:02:43	[{"keyword":"@unilever","from":"2017-12-14","mode":"submitSocial","container":"all","username":"arwin"}]
2017-12-16 05:02:46	[{"keyword":"@nestle","from":"2017-12-14","mode":"submitSocial","container":"all","username":"arwin"}]
2017-12-16 05:02:49	[{"keyword":"@cocacola","from":"2017-12-14","mode":"submitSocial","container":"all","username":"arwin"}]
2017-12-16 05:02:56	[{"keyword":"@cnn","from":"2017-12-14","mode":"submitSocial","container":"all","username":"arwin"}]
2017-12-16 05:03:01	[{"keyword":"@mtv","from":"2017-12-14","mode":"submitSocial","container":"all","username":"arwin"}]
2017-12-16 05:03:03	[{"keyword":"@channelv","from":"2017-12-14","mode":"submitSocial","container":"all","username":"arwin"}]
2017-12-16 05:03:05	[{"keyword":"@itunesmusic","from":"2017-12-14","mode":"submitSocial","container":"all","username":"arwin"}]
2017-12-16 05:03:09	[{"keyword":"@mashable","from":"2017-12-14","mode":"submitSocial","container":"all","username":"arwin"}]
2017-12-16 05:03:11	[{"keyword":"@decacaz","from":"2017-12-14","mode":"submitSocial","container":"all","username":"arwin"}]
2017-12-16 05:03:13	[{"keyword":"@radiobaru967fm","from":"2017-12-14","mode":"submitSocial","container":"all","username":"arwin"}]
2017-12-16 05:03:15	[{"keyword":"@967hitzfm","from":"2017-12-14","mode":"submitSocial","container":"all","username":"arwin"}]
2017-12-16 05:03:18	[{"keyword":"@tvguide","from":"2017-12-14","mode":"submitSocial","container":"all","username":"arwin"}]
2017-12-16 05:03:20	[{"keyword":"@xl123","from":"2017-12-14","mode":"submitSocial","container":"all","username":"arwin"}]
2017-12-16 05:03:22	[{"keyword":"@triindonesia","from":"2017-12-14","mode":"submitSocial","container":"all","username":"arwin"}]
2017-12-16 05:03:25	[{"keyword":"@kaskus","from":"2017-12-14","mode":"submitSocial","container":"all","username":"arwin"}]
2017-12-16 05:03:28	[{"keyword":"@studio_xxi","from":"2017-12-14","mode":"submitSocial","container":"all","username":"arwin"}]
2017-12-16 05:03:29	[{"keyword":"@blitzmegaplex","from":"2017-12-14","mode":"submitSocial","container":"all","username":"arwin"}]
2017-12-16 05:03:32	[{"keyword":"@alfamartku","from":"2017-12-14","mode":"submitSocial","container":"all","username":"arwin"}]
2017-12-16 05:03:34	[{"keyword":"@carrefour_id","from":"2017-12-14","mode":"submitSocial","container":"all","username":"arwin"}]
2017-12-16 05:03:39	[{"keyword":"@bbcbreaking","from":"2017-12-14","mode":"submitSocial","container":"all","username":"arwin"}]
2017-12-16 05:03:46	[{"keyword":"@forbes","from":"2017-12-14","mode":"submitSocial","container":"all","username":"arwin"}]
2017-12-16 05:03:48	[{"keyword":"@bensradio","from":"2017-12-14","mode":"submitSocial","container":"all","username":"arwin"}]
2017-12-16 05:03:54	[{"keyword":"@instagram","from":"2017-12-14","mode":"submitSocial","container":"all","username":"arwin"}]
2017-12-16 05:03:57	[{"keyword":"@pinterest","from":"2017-12-14","mode":"submitSocial","container":"all","username":"arwin"}]
2017-12-16 05:04:04	[{"keyword":"@google","from":"2017-12-14","mode":"submitSocial","container":"all","username":"arwin"}]
2017-12-16 05:04:06	[{"keyword":"@pertaminalub","from":"2017-12-14","mode":"submitSocial","container":"all","username":"arwin"}]
2017-12-16 05:04:08	[{"keyword":"@infolalintol","from":"2017-12-14","mode":"submitSocial","container":"all","username":"arwin"}]
2017-12-16 05:04:10	[{"keyword":"@ptjasamarga","from":"2017-12-14","mode":"submitSocial","container":"all","username":"arwin"}]
2017-12-16 05:04:13	[{"keyword":"@cititransindo","from":"2017-12-14","mode":"submitSocial","container":"all","username":"arwin"}]
2017-12-16 05:04:14	[{"keyword":"#semangatpagisuperr","from":"2017-12-14","mode":"submitSocial","container":"all","username":"arwin"}]
2017-12-16 05:04:16	[{"keyword":"#genkuisinsideout","from":"2017-12-14","mode":"submitSocial","container":"all","username":"arwin"}]
2017-12-16 05:04:18	[{"keyword":"#semangatpagi","from":"2017-12-14","mode":"submitSocial","container":"all","username":"arwin"}]
2017-12-16 05:04:21	[{"keyword":"#dikamar","from":"2017-12-14","mode":"submitSocial","container":"all","username":"arwin"}]
2017-12-16 05:04:23	[{"keyword":"#kopaja","from":"2017-12-14","mode":"submitSocial","container":"all","username":"arwin"}]
2017-12-16 05:04:25	[{"keyword":"#generaksi8","from":"2017-12-14","mode":"submitSocial","container":"all","username":"arwin"}]
2017-12-16 05:04:27	[{"keyword":"#hitztsp","from":"2017-12-14","mode":"submitSocial","container":"all","username":"arwin"}]
2017-12-16 05:04:30	[{"keyword":"#np","from":"2017-12-14","mode":"submitSocial","container":"all","username":"arwin"}]
2017-12-16 05:04:32	[{"keyword":"#hitzlivestage","from":"2017-12-14","mode":"submitSocial","container":"all","username":"arwin"}]
2017-12-16 05:04:35	[{"keyword":"#thefreaks","from":"2017-12-14","mode":"submitSocial","container":"all","username":"arwin"}]
2017-12-16 05:04:37	[{"keyword":"#hitzsirkuspagi","from":"2017-12-14","mode":"submitSocial","container":"all","username":"arwin"}]
2017-12-16 05:04:39	[{"keyword":"#hitzathlon","from":"2017-12-14","mode":"submitSocial","container":"all","username":"arwin"}]
2017-12-16 05:04:41	[{"keyword":"#hitzzombie","from":"2017-12-14","mode":"submitSocial","container":"all","username":"arwin"}]
2017-12-16 05:04:43	[{"keyword":"#hitzkalong","from":"2017-12-14","mode":"submitSocial","container":"all","username":"arwin"}]
2017-12-16 05:04:46	[{"keyword":"#hitzbebas","from":"2017-12-14","mode":"submitSocial","container":"all","username":"arwin"}]
2017-12-16 05:04:48	[{"keyword":"#hitzhorehara","from":"2017-12-14","mode":"submitSocial","container":"all","username":"arwin"}]
2017-12-16 05:04:50	[{"keyword":"@zaloraid","from":"2017-12-14","mode":"submitSocial","container":"all","username":"arwin"}]
2017-12-16 05:04:52	[{"keyword":"@olx_indonesia","from":"2017-12-14","mode":"submitSocial","container":"all","username":"arwin"}]
2017-12-16 05:04:55	[{"keyword":"@lazadaid","from":"2017-12-14","mode":"submitSocial","container":"all","username":"arwin"}]
2017-12-16 05:04:57	[{"keyword":"@utrippers","from":"2017-12-14","mode":"submitSocial","container":"all","username":"arwin"}]
2017-12-16 05:05:00	[{"keyword":"@gogobot","from":"2017-12-14","mode":"submitSocial","container":"all","username":"arwin"}]
2017-12-16 05:05:03	[{"keyword":"@viatortravel","from":"2017-12-14","mode":"submitSocial","container":"all","username":"arwin"}]
2017-12-16 05:05:05	[{"keyword":"@alandakariza","from":"2017-12-14","mode":"submitSocial","container":"all","username":"arwin"}]
2017-12-16 05:05:08	[{"keyword":"@gagasmedia","from":"2017-12-14","mode":"submitSocial","container":"all","username":"arwin"}]
2017-12-16 05:05:10	[{"keyword":"@welovehonda","from":"2017-12-14","mode":"submitSocial","container":"all","username":"arwin"}]
2017-12-16 05:05:12	[{"keyword":"@suzukimotorid","from":"2017-12-14","mode":"submitSocial","container":"all","username":"arwin"}]
2017-12-16 05:05:14	[{"keyword":"@kawasakilovers","from":"2017-12-14","mode":"submitSocial","container":"all","username":"arwin"}]
2017-12-16 05:05:16	[{"keyword":"@yamahaindonesia","from":"2017-12-14","mode":"submitSocial","container":"all","username":"arwin"}]
2017-12-16 05:05:19	[{"keyword":"@tripanzee","from":"2017-12-14","mode":"submitSocial","container":"all","username":"arwin"}]
2017-12-16 05:05:21	[{"keyword":"@arnoldpoernomo","from":"2017-12-14","mode":"submitSocial","container":"all","username":"arwin"}]
2017-12-16 05:05:24	[{"keyword":"@nicsap","from":"2017-12-14","mode":"submitSocial","container":"all","username":"arwin"}]
2017-12-16 05:05:26	[{"keyword":"@tiket2","from":"2017-12-14","mode":"submitSocial","container":"all","username":"arwin"}]
2017-12-16 05:05:28	[{"keyword":"@traveloka","from":"2017-12-14","mode":"submitSocial","container":"all","username":"arwin"}]
2017-12-16 05:05:31	[{"keyword":"@wego","from":"2017-12-14","mode":"submitSocial","container":"all","username":"arwin"}]
2017-12-16 05:05:34	[{"keyword":"@agoda","from":"2017-12-14","mode":"submitSocial","container":"all","username":"arwin"}]
2017-12-16 05:05:36	[{"keyword":"#salahsambung","from":"2017-12-14","mode":"submitSocial","container":"all","username":"arwin"}]
2017-12-16 05:05:38	[{"keyword":"#tulalit","from":"2017-12-14","mode":"submitSocial","container":"all","username":"arwin"}]
2017-12-16 05:05:40	[{"keyword":"#pestageneraksi8","from":"2017-12-14","mode":"submitSocial","container":"all","username":"arwin"}]
2017-12-16 05:05:42	[{"keyword":"#ganaskustik","from":"2017-12-14","mode":"submitSocial","container":"all","username":"arwin"}]
2017-12-16 05:05:44	[{"keyword":"#lnhot20","from":"2017-12-14","mode":"submitSocial","container":"all","username":"arwin"}]
2017-12-16 05:05:46	[{"keyword":"@tripadvisor","from":"2017-12-14","mode":"submitSocial","container":"all","username":"arwin"}]
2017-12-16 05:05:53	[{"keyword":"@google","from":"2017-12-14","mode":"submitSocial","container":"all","username":"arwin"}]
2017-12-16 05:05:56	[{"keyword":"@telkomsel","from":"2017-12-14","mode":"submitSocial","container":"all","username":"arwin"}]
2017-12-16 05:05:58	[{"keyword":"@indosat","from":"2017-12-14","mode":"submitSocial","container":"all","username":"arwin"}]
2017-12-16 05:06:01	[{"keyword":"@bahanafmjkt","from":"2017-12-14","mode":"submitSocial","container":"all","username":""}]
2017-12-16 05:06:05	[{"keyword":"@sonorafm92","from":"2017-12-14","mode":"submitSocial","container":"all","username":"arwin"}]
2017-12-16 05:06:07	[{"keyword":"@litefm1058","from":"2017-12-14","mode":"submitSocial","container":"all","username":"arwin"}]
2017-12-16 05:06:09	[{"keyword":"@bravaradio","from":"2017-12-14","mode":"submitSocial","container":"all","username":"arwin"}]
2017-12-16 05:06:12	[{"keyword":"#dgitm","from":"2017-12-14","mode":"submitSocial","container":"all","username":"arwin"}]
2017-12-16 05:06:14	[{"keyword":"#hitsalaprambors","from":"2017-12-14","mode":"submitSocial","container":"all","username":"arwin"}]
2017-12-16 05:06:16	[{"keyword":"#reqprambors","from":"2017-12-14","mode":"submitSocial","container":"all","username":"arwin"}]
2017-12-16 05:06:18	[{"keyword":"#thedandees","from":"2017-12-14","mode":"submitSocial","container":"all","username":"arwin"}]
2017-12-16 05:06:20	[{"keyword":"#pramborsquiz","from":"2017-12-14","mode":"submitSocial","container":"all","username":"arwin"}]
2017-12-16 05:06:22	[{"keyword":"#jeliprambors","from":"2017-12-14","mode":"submitSocial","container":"all","username":"arwin"}]
2017-12-16 05:06:24	[{"keyword":"#jodohinprambors","from":"2017-12-14","mode":"submitSocial","container":"all","username":"arwin"}]
2017-12-16 05:06:26	[{"keyword":"#ubahdenganbicara","from":"2017-12-14","mode":"submitSocial","container":"all","username":"arwin"}]
2017-12-16 05:06:28	[{"keyword":"#pramborschat","from":"2017-12-14","mode":"submitSocial","container":"all","username":"arwin"}]
2017-12-16 05:06:31	[{"keyword":"#tweetforduit","from":"2017-12-14","mode":"submitSocial","container":"all","username":"arwin"}]
2017-12-16 05:06:33	[{"keyword":"#joki3in1","from":"2017-12-14","mode":"submitSocial","container":"all","username":"arwin"}]
2017-12-16 05:06:35	[{"keyword":"#sarapanseru","from":"2017-12-14","mode":"submitSocial","container":"all","username":"arwin"}]
2017-12-16 05:06:37	[{"keyword":"#rawonkaneloop","from":"2017-12-14","mode":"submitSocial","container":"all","username":"arwin"}]
2017-12-16 05:06:39	[{"keyword":"#gudegkendilkeraton","from":"2017-12-14","mode":"submitSocial","container":"all","username":"arwin"}]
2017-12-16 05:06:41	[{"keyword":"#gadogadobutika","from":"2017-12-14","mode":"submitSocial","container":"all","username":"arwin"}]
2017-12-16 05:06:43	[{"keyword":"#mtvhottest","from":"2017-12-14","mode":"submitSocial","container":"all","username":"arwin"}]
2017-12-16 05:06:46	[{"keyword":"#dimsumcjdw","from":"2017-12-14","mode":"submitSocial","container":"all","username":"arwin"}]
2017-12-16 05:06:48	[{"keyword":"#pecelmadiunmbakniek","from":"2017-12-14","mode":"submitSocial","container":"all","username":"arwin"}]
2017-12-16 05:06:50	[{"keyword":"#depotarema","from":"2017-12-14","mode":"submitSocial","container":"all","username":"arwin"}]
2017-12-16 05:06:52	[{"keyword":"@bni46","from":"2017-12-14","mode":"submitSocial","container":"all","username":"arwin"}]
2017-12-16 05:06:54	[{"keyword":"@bankbri_id","from":"2017-12-14","mode":"submitSocial","container":"all","username":"arwin"}]
2017-12-16 05:06:56	[{"keyword":"#bni46","from":"2017-12-14","mode":"submitSocial","container":"all","username":"arwin"}]
2017-12-16 05:07:00	[{"keyword":"macet","from":"2017-12-14","mode":"submitSocial","container":"all","username":"arwin"}]
2017-12-16 05:07:03	[{"keyword":"#selamatpagi","from":"2017-12-14","mode":"submitSocial","container":"all","username":"arwin"}]
2017-12-16 05:07:05	[{"keyword":"#selamatmalam","from":"2017-12-14","mode":"submitSocial","container":"all","username":"arwin"}]
2017-12-16 05:07:07	[{"keyword":"@884globalradio","from":"2017-12-14","mode":"submitSocial","container":"all","username":"arwin"}]
2017-12-16 05:07:09	[{"keyword":"@day_trans","from":"2017-12-14","mode":"submitSocial","container":"all","username":"arwin"}]
2017-12-16 05:07:11	[{"keyword":"@kencanavoyage","from":"2017-12-14","mode":"submitSocial","container":"all","username":"arwin"}]
2017-12-16 05:07:14	[{"keyword":"@jukebox5d","from":"2017-12-14","mode":"submitSocial","container":"all","username":"arwin"}]
2017-12-16 05:07:16	[{"keyword":"#mtvhottest","from":"2017-12-14","mode":"submitSocial","container":"all","username":"arwin"}]
2017-12-16 05:07:18	[{"keyword":"#semangatpagi","from":"2017-12-14","mode":"submitSocial","container":"all","username":"arwin"}]
2017-12-16 05:07:20	[{"keyword":"lifebuoy","from":"2017-12-14","mode":"submitSocial","container":"all","username":"arwin"}]
2017-12-16 05:07:26	[{"keyword":"jokowi","from":"2017-12-14","mode":"submitSocial","container":"all","username":"arwin"}]
2017-12-16 05:07:34	[{"keyword":"obama","from":"2017-12-14","mode":"submitSocial","container":"all","username":"arwin"}]
2017-12-16 05:07:37	[{"keyword":"starwars","from":"2017-12-14","mode":"submitSocial","container":"all","username":"arwin"}]
2017-12-16 05:07:40	[{"keyword":"jonan","from":"2017-12-14","mode":"submitSocial","container":"all","username":"arwin"}]
2017-12-16 05:07:48	[{"keyword":"pagi","from":"2017-12-14","mode":"submitSocial","container":"all","username":"arwin"}]
2017-12-16 05:07:51	[{"keyword":"sampoerna","from":"2017-12-14","mode":"submitSocial","container":"all","username":"arwin"}]
2017-12-16 05:07:53	[{"keyword":"djarum","from":"2017-12-14","mode":"submitSocial","container":"all","username":"arwin"}]
2017-12-16 05:07:55	[{"keyword":"#semangatpagi","from":"2017-12-14","mode":"submitSocial","container":"all","username":"arwin"}]
2017-12-16 05:07:57	[{"keyword":"#generaksi8","from":"2017-12-14","mode":"submitSocial","container":"all","username":"arwin"}]
2017-12-16 05:07:59	[{"keyword":"#365alasan","from":"2017-12-14","mode":"submitSocial","container":"all","username":"arwin"}]
2017-12-16 05:08:02	[{"keyword":"weew","from":"2017-12-14","mode":"submitSocial","container":"all","username":"arwin"}]
2017-12-16 05:08:10	[{"keyword":"testing","from":"2017-12-14","mode":"submitSocial","container":"all","username":"arwin"}]
2017-12-16 05:08:12	[{"keyword":"#kopaja","from":"2017-12-14","mode":"submitSocial","container":"all","username":"arwin"}]
2017-12-16 05:08:14	[{"keyword":"#genkuisinsideout","from":"2017-12-14","mode":"submitSocial","container":"all","username":"arwin"}]
2017-12-16 05:08:17	[{"keyword":"starwars","from":"2017-12-14","mode":"submitSocial","container":"all","username":"arwin"}]
2017-12-16 05:08:19	[{"keyword":"#kopaja","from":"2017-12-14","mode":"submitSocial","container":"all","username":"arwin"}]
2017-12-16 05:08:22	[{"keyword":"mldspot","from":"2017-12-14","mode":"submitSocial","container":"all","username":"arwin"}]
2017-12-16 05:08:24	[{"keyword":"pbdjarum","from":"2017-12-14","mode":"submitSocial","container":"all","username":"arwin"}]
2017-12-16 05:08:26	[{"keyword":"temannabati","from":"2017-12-14","mode":"submitSocial","container":"all","username":"arwin"}]
2017-12-16 05:08:29	[{"keyword":"nextar","from":"2017-12-14","mode":"submitSocial","container":"all","username":"arwin"}]
2017-12-16 05:08:32	[{"keyword":"jokowo","from":"2017-12-14","mode":"submitSocial","container":"all","username":"arwin"}]
2017-12-16 05:08:35	[{"keyword":"prabowo","from":"2017-12-14","mode":"submitSocial","container":"all","username":"arwin"}]
2017-12-16 05:08:38	[{"keyword":"sudirman said","from":"2017-12-14","mode":"submitSocial","container":"all","username":"arwin"}]
2017-12-16 05:08:44	[{"keyword":"ahok","from":"2017-12-14","mode":"submitSocial","container":"all","username":"arwin"}]
2017-12-16 05:08:47	[{"keyword":"setyanovanto","from":"2017-12-14","mode":"submitSocial","container":"all","username":"arwin"}]
2017-12-16 05:08:53	[{"keyword":"jokowi","from":"2017-12-14","mode":"submitSocial","container":"all","username":"arwin"}]
2017-12-16 05:08:59	[{"keyword":"ahok","from":"2017-12-14","mode":"submitSocial","container":"all","username":"arwin"}]
2017-12-16 05:09:02	[{"keyword":"prabowo","from":"2017-12-14","mode":"submitSocial","container":"all","username":"arwin"}]
2017-12-16 05:09:05	[{"keyword":"sudirman said","from":"2017-12-14","mode":"submitSocial","container":"all","username":"arwin"}]
2017-12-16 05:09:07	[{"keyword":"setyanovanto","from":"2017-12-14","mode":"submitSocial","container":"all","username":"arwin"}]
2017-12-16 05:09:11	[{"keyword":"galau","from":"2017-12-14","mode":"submitSocial","container":"all","username":"arwin"}]
2017-12-16 05:09:13	[{"keyword":"#prestasiindonesia","from":"2017-12-14","mode":"submitSocial","container":"all","username":"arwin"}]
2017-12-16 05:09:15	[{"keyword":"@tw_debi","from":"2017-12-14","mode":"submitSocial","container":"all","username":"arwin"}]
2017-12-16 05:09:17	[{"keyword":"@officialfastron","from":"2017-12-14","mode":"submitSocial","container":"all","username":"arwin"}]
2017-12-16 05:09:20	[{"keyword":"@citibankid","from":"2017-12-14","mode":"submitSocial","container":"all","username":"arwin"}]
2017-12-16 05:09:22	[{"keyword":"@jak101fm","from":"2017-12-14","mode":"submitSocial","container":"all","username":"arwin"}]
2017-12-16 05:09:25	[{"keyword":"@genfm","from":"2017-12-14","mode":"submitSocial","container":"all","username":"arwin"}]
