2018-01-09 05:00:03	worker	@987genfm;2018-01-07 - 2018-01-07;submitSocial;all;arwin
2018-01-09 05:00:07	worker	@101jakfm;2018-01-07 - 2018-01-07;submitSocial;all;arwin
2018-01-09 05:00:10	worker	@prambors;2018-01-07 - 2018-01-07;submitSocial;all;arwin
2018-01-09 05:00:13	worker	@hardrockfm;2018-01-07 - 2018-01-07;submitSocial;all;arwin
2018-01-09 05:00:15	worker	@kisfmjakarta;2018-01-07 - 2018-01-07;submitSocial;all;arwin
2018-01-09 05:00:17	worker	@delta_fm;2018-01-07 - 2018-01-07;submitSocial;all;arwin
2018-01-09 05:00:20	worker	@traxfmjkt;2018-01-07 - 2018-01-07;submitSocial;all;arwin
2018-01-09 05:00:22	worker	@iradiojakarta;2018-01-07 - 2018-01-07;submitSocial;all;arwin
2018-01-09 05:00:25	worker	@indika9160fm;2018-01-07 - 2018-01-07;submitSocial;all;arwin
2018-01-09 05:00:27	worker	@shellindonesia;2018-01-07 - 2018-01-07;submitSocial;all;arwin
2018-01-09 05:00:29	worker	@vpowerfans;2018-01-07 - 2018-01-07;submitSocial;all;arwin
2018-01-09 05:00:31	worker	@pertamaxind;2018-01-07 - 2018-01-07;submitSocial;all;arwin
2018-01-09 05:00:34	worker	@ptpertamina;2018-01-07 - 2018-01-07;submitSocial;all;arwin
2018-01-09 05:00:36	worker	@OZRadioJakarta;2018-01-07 - 2018-01-07;submitSocial;all;arwin
2018-01-09 05:00:38	worker	@CosmopolitanFM;2018-01-07 - 2018-01-07;submitSocial;all;arwin
2018-01-09 05:00:40	worker	@mustang88fm;2018-01-07 - 2018-01-07;submitSocial;all;arwin
2018-01-09 05:00:43	worker	@debabaz;2018-01-07 - 2018-01-07;submitSocial;all;arwin
2018-01-09 05:00:44	worker	@detikcom;2018-01-07 - 2018-01-07;submitSocial;all;arwin
2018-01-09 05:00:48	worker	@radioelshinta;2018-01-07 - 2018-01-07;submitSocial;all;arwin
2018-01-09 05:00:51	worker	@cinema21;2018-01-07 - 2018-01-07;submitSocial;all;arwin
2018-01-09 05:00:53	worker	@OfficialRCTI;2018-01-07 - 2018-01-07;submitSocial;all;arwin
2018-01-09 05:00:55	worker	@TRANSTV_CORP;2018-01-07 - 2018-01-07;submitSocial;all;arwin
2018-01-09 05:00:58	worker	@TRANS7;2018-01-07 - 2018-01-07;submitSocial;all;arwin
2018-01-09 05:01:00	worker	@Metro_TV;2018-01-07 - 2018-01-07;submitSocial;all;arwin
2018-01-09 05:01:03	worker	@tvOneNews;2018-01-07 - 2018-01-07;submitSocial;all;arwin
2018-01-09 05:01:06	worker	@whatsonANTV;2018-01-07 - 2018-01-07;submitSocial;all;arwin
2018-01-09 05:01:08	worker	@SCTV_;2018-01-07 - 2018-01-07;submitSocial;all;arwin
2018-01-09 05:01:11	worker	@KompasTV;2018-01-07 - 2018-01-07;submitSocial;all;arwin
2018-01-09 05:01:14	worker	@netmediatama;2018-01-07 - 2018-01-07;submitSocial;all;arwin
2018-01-09 05:01:16	worker	@Globaltvseru;2018-01-07 - 2018-01-07;submitSocial;all;arwin
2018-01-09 05:01:18	worker	@JaktvCom;2018-01-07 - 2018-01-07;submitSocial;all;arwin
2018-01-09 05:01:21	worker	@TVRINasional;2018-01-07 - 2018-01-07;submitSocial;all;arwin
2018-01-09 05:01:23	worker	@ochannelupdates;2018-01-07 - 2018-01-07;submitSocial;all;arwin
2018-01-09 05:01:25	worker	@IndosiarID;2018-01-07 - 2018-01-07;submitSocial;all;arwin
2018-01-09 05:01:28	worker	@kompascom;2018-01-07 - 2018-01-07;submitSocial;all;arwin
2018-01-09 05:01:32	worker	@merdekadotcom;2018-01-07 - 2018-01-07;submitSocial;all;arwin
2018-01-09 05:01:34	worker	@MIdotcom;2018-01-07 - 2018-01-07;submitSocial;all;arwin
2018-01-09 05:01:37	worker	@tempodotco;2018-01-07 - 2018-01-07;submitSocial;all;arwin
2018-01-09 05:01:40	worker	@motion975fm;2018-01-07 - 2018-01-07;submitSocial;all;arwin
2018-01-09 05:01:42	worker	@_radiotoday;2018-01-07 - 2018-01-07;submitSocial;all;arwin
2018-01-09 05:01:44	worker	@radioinfo;2018-01-07 - 2018-01-07;submitSocial;all;arwin
2018-01-09 05:01:46	worker	@979FeMaleRadio;2018-01-07 - 2018-01-07;submitSocial;all;arwin
2018-01-09 05:01:49	worker	@WomanRadio943FM;2018-01-07 - 2018-01-07;submitSocial;all;arwin
2018-01-09 05:01:51	worker	@VRadioFM;2018-01-07 - 2018-01-07;submitSocial;all;arwin
2018-01-09 05:01:53	worker	@UFM947;2018-01-07 - 2018-01-07;submitSocial;all;arwin
2018-01-09 05:01:55	worker	@VIVAnews;2018-01-07 - 2018-01-07;submitSocial;all;arwin
2018-01-09 05:01:58	worker	@antaranews;2018-01-07 - 2018-01-07;submitSocial;all;arwin
2018-01-09 05:02:00	worker	@tribunnews;2018-01-07 - 2018-01-07;submitSocial;all;arwin
2018-01-09 05:02:03	worker	@okezonenews;2018-01-07 - 2018-01-07;submitSocial;all;arwin
2018-01-09 05:02:06	worker	@Beritasatu;2018-01-07 - 2018-01-07;submitSocial;all;arwin
2018-01-09 05:02:09	worker	@rollingstoneina;2018-01-07 - 2018-01-07;submitSocial;all;arwin
2018-01-09 05:02:11	worker	@FIMELAdotcom;2018-01-07 - 2018-01-07;submitSocial;all;arwin
2018-01-09 05:02:13	worker	@KapanLagicom;2018-01-07 - 2018-01-07;submitSocial;all;arwin
2018-01-09 05:02:15	worker	@KompasEnt ;2018-01-07 - 2018-01-07;submitSocial;all;arwin
2018-01-09 05:02:17	worker	@HaiMagazine;2018-01-07 - 2018-01-07;submitSocial;all;arwin
2018-01-09 05:02:20	worker	@JakartaVenue;2018-01-07 - 2018-01-07;submitSocial;all;arwin
2018-01-09 05:02:22	worker	@SeputarEvent;2018-01-07 - 2018-01-07;submitSocial;all;arwin
2018-01-09 05:02:24	worker	@ismayaLive;2018-01-07 - 2018-01-07;submitSocial;all;arwin
2018-01-09 05:02:26	worker	@ECEntertainment;2018-01-07 - 2018-01-07;submitSocial;all;arwin
2018-01-09 05:02:28	worker	@synergism_En;2018-01-07 - 2018-01-07;submitSocial;all;arwin
2018-01-09 05:02:31	worker	@Urbanbandung;2018-01-07 - 2018-01-07;submitSocial;all;arwin
2018-01-09 05:02:33	worker	@Urbanrkm995;2018-01-07 - 2018-01-07;submitSocial;all;arwin
2018-01-09 05:02:34	worker	@Garuda_Promo;2018-01-07 - 2018-01-07;submitSocial;all;arwin
2018-01-09 05:02:37	worker	@AirAsiaID;2018-01-07 - 2018-01-07;submitSocial;all;arwin
2018-01-09 05:02:39	worker	@KAI121;2018-01-07 - 2018-01-07;submitSocial;all;arwin
2018-01-09 05:02:41	worker	@Unilever;2018-01-07 - 2018-01-07;submitSocial;all;arwin
2018-01-09 05:02:44	worker	@Nestle;2018-01-07 - 2018-01-07;submitSocial;all;arwin
2018-01-09 05:02:46	worker	@CocaCola;2018-01-07 - 2018-01-07;submitSocial;all;arwin
2018-01-09 05:02:50	worker	@CNN;2018-01-07 - 2018-01-07;submitSocial;all;arwin
2018-01-09 05:02:57	worker	@MTV;2018-01-07 - 2018-01-07;submitSocial;all;arwin
2018-01-09 05:03:00	worker	@channelv;2018-01-07 - 2018-01-07;submitSocial;all;arwin
2018-01-09 05:03:02	worker	@iTunesMusic;2018-01-07 - 2018-01-07;submitSocial;all;arwin
2018-01-09 05:03:05	worker	@mashable;2018-01-07 - 2018-01-07;submitSocial;all;arwin
2018-01-09 05:03:08	worker	@decacaz;2018-01-07 - 2018-01-07;submitSocial;all;arwin
2018-01-09 05:03:10	worker	@radiobaru967FM;2018-01-07 - 2018-01-07;submitSocial;all;arwin
2018-01-09 05:03:12	worker	@967HitzFM;2018-01-07 - 2018-01-07;submitSocial;all;arwin
2018-01-09 05:03:15	worker	@TVGuide;2018-01-07 - 2018-01-07;submitSocial;all;arwin
2018-01-09 05:03:17	worker	@XL123;2018-01-07 - 2018-01-07;submitSocial;all;arwin
2018-01-09 05:03:19	worker	@triindonesia;2018-01-07 - 2018-01-07;submitSocial;all;arwin
2018-01-09 05:03:22	worker	@kaskus;2018-01-07 - 2018-01-07;submitSocial;all;arwin
2018-01-09 05:03:24	worker	@Studio_XXI;2018-01-07 - 2018-01-07;submitSocial;all;arwin
2018-01-09 05:03:26	worker	@blitzmegaplex;2018-01-07 - 2018-01-07;submitSocial;all;arwin
2018-01-09 05:03:28	worker	@alfamartku;2018-01-07 - 2018-01-07;submitSocial;all;arwin
2018-01-09 05:03:30	worker	@Carrefour_ID;2018-01-07 - 2018-01-07;submitSocial;all;arwin
2018-01-09 05:03:33	worker	@BBCBreaking;2018-01-07 - 2018-01-07;submitSocial;all;arwin
2018-01-09 05:03:37	worker	@Forbes;2018-01-07 - 2018-01-07;submitSocial;all;arwin
2018-01-09 05:03:42	worker	@BensRadio;2018-01-07 - 2018-01-07;submitSocial;all;arwin
2018-01-09 05:03:45	worker	@instagram;2018-01-07 - 2018-01-07;submitSocial;all;arwin
2018-01-09 05:03:51	worker	@Pinterest;2018-01-07 - 2018-01-07;submitSocial;all;arwin
2018-01-09 05:03:54	worker	@google;2018-01-07 - 2018-01-07;submitSocial;all;arwin
2018-01-09 05:03:59	worker	@Pertaminalub;2018-01-07 - 2018-01-07;submitSocial;all;arwin
2018-01-09 05:04:01	worker	@InfoLalinTol;2018-01-07 - 2018-01-07;submitSocial;all;arwin
2018-01-09 05:04:03	worker	@PTJASAMARGA;2018-01-07 - 2018-01-07;submitSocial;all;arwin
2018-01-09 05:04:06	worker	@cititransindo;2018-01-07 - 2018-01-07;submitSocial;all;arwin
2018-01-09 05:04:08	worker	#semangatpagisuperr;2018-01-07 - 2018-01-07;submitSocial;all;arwin
2018-01-09 05:04:10	worker	#genkuisinsideout;2018-01-07 - 2018-01-07;submitSocial;all;arwin
2018-01-09 05:04:12	worker	#semangatpagi;2018-01-07 - 2018-01-07;submitSocial;all;arwin
2018-01-09 05:04:14	worker	#dikamar;2018-01-07 - 2018-01-07;submitSocial;all;arwin
2018-01-09 05:04:16	worker	#kopaja;2018-01-07 - 2018-01-07;submitSocial;all;arwin
2018-01-09 05:04:19	worker	#generaksi8;2018-01-07 - 2018-01-07;submitSocial;all;arwin
2018-01-09 05:04:21	worker	#hitztsp;2018-01-07 - 2018-01-07;submitSocial;all;arwin
2018-01-09 05:04:23	worker	#np;2018-01-07 - 2018-01-07;submitSocial;all;arwin
2018-01-09 05:04:26	worker	#hitzlivestage;2018-01-07 - 2018-01-07;submitSocial;all;arwin
2018-01-09 05:04:28	worker	#thefreaks;2018-01-07 - 2018-01-07;submitSocial;all;arwin
2018-01-09 05:04:30	worker	#hitzsirkuspagi;2018-01-07 - 2018-01-07;submitSocial;all;arwin
2018-01-09 05:04:32	worker	#hitzathlon;2018-01-07 - 2018-01-07;submitSocial;all;arwin
2018-01-09 05:04:35	worker	#hitzzombie;2018-01-07 - 2018-01-07;submitSocial;all;arwin
2018-01-09 05:04:37	worker	#hitzkalong;2018-01-07 - 2018-01-07;submitSocial;all;arwin
2018-01-09 05:04:39	worker	#hitzbebas;2018-01-07 - 2018-01-07;submitSocial;all;arwin
2018-01-09 05:04:41	worker	#hitzhorehara;2018-01-07 - 2018-01-07;submitSocial;all;arwin
2018-01-09 05:04:43	worker	@ZaloraID;2018-01-07 - 2018-01-07;submitSocial;all;arwin
2018-01-09 05:04:46	worker	@OLX_Indonesia;2018-01-07 - 2018-01-07;submitSocial;all;arwin
2018-01-09 05:04:48	worker	@LazadaID;2018-01-07 - 2018-01-07;submitSocial;all;arwin
2018-01-09 05:04:50	worker	@utrippers;2018-01-07 - 2018-01-07;submitSocial;all;arwin
2018-01-09 05:04:53	worker	@GoGobot;2018-01-07 - 2018-01-07;submitSocial;all;arwin
2018-01-09 05:04:55	worker	@viatortravel;2018-01-07 - 2018-01-07;submitSocial;all;arwin
2018-01-09 05:04:57	worker	@alandakariza;2018-01-07 - 2018-01-07;submitSocial;all;arwin
2018-01-09 05:04:59	worker	@gagasmedia;2018-01-07 - 2018-01-07;submitSocial;all;arwin
2018-01-09 05:05:02	worker	@welovehonda;2018-01-07 - 2018-01-07;submitSocial;all;arwin
2018-01-09 05:05:05	worker	@SuzukiMotorID;2018-01-07 - 2018-01-07;submitSocial;all;arwin
2018-01-09 05:05:07	worker	@kawasakilovers;2018-01-07 - 2018-01-07;submitSocial;all;arwin
2018-01-09 05:05:09	worker	@yamahaindonesia;2018-01-07 - 2018-01-07;submitSocial;all;arwin
2018-01-09 05:05:11	worker	@tripanzee;2018-01-07 - 2018-01-07;submitSocial;all;arwin
2018-01-09 05:05:14	worker	@arnoldpoernomo;2018-01-07 - 2018-01-07;submitSocial;all;arwin
2018-01-09 05:05:16	worker	@nicsap;2018-01-07 - 2018-01-07;submitSocial;all;arwin
2018-01-09 05:05:18	worker	@tiket2;2018-01-07 - 2018-01-07;submitSocial;all;arwin
2018-01-09 05:05:20	worker	@traveloka;2018-01-07 - 2018-01-07;submitSocial;all;arwin
2018-01-09 05:05:23	worker	@wego;2018-01-07 - 2018-01-07;submitSocial;all;arwin
2018-01-09 05:05:26	worker	@agoda;2018-01-07 - 2018-01-07;submitSocial;all;arwin
2018-01-09 05:05:29	worker	#salahsambung;2018-01-07 - 2018-01-07;submitSocial;all;arwin
2018-01-09 05:05:31	worker	#tulalit;2018-01-07 - 2018-01-07;submitSocial;all;arwin
2018-01-09 05:05:33	worker	#pestageneraksi8;2018-01-07 - 2018-01-07;submitSocial;all;arwin
2018-01-09 05:05:35	worker	#ganaskustik;2018-01-07 - 2018-01-07;submitSocial;all;arwin
2018-01-09 05:05:37	worker	#lnhot20;2018-01-07 - 2018-01-07;submitSocial;all;arwin
2018-01-09 05:05:39	worker	@TripAdvisor;2018-01-07 - 2018-01-07;submitSocial;all;arwin
2018-01-09 05:05:42	worker	@google;2018-01-07 - 2018-01-07;submitSocial;all;arwin
2018-01-09 05:05:47	worker	@Telkomsel;2018-01-07 - 2018-01-07;submitSocial;all;arwin
2018-01-09 05:05:50	worker	@indosat;2018-01-07 - 2018-01-07;submitSocial;all;arwin
2018-01-09 05:05:52	worker	@bahanafmjkt;2018-01-07 - 2018-01-07;submitSocial;all;2018-01-09 05:05:57	worker	@sonorafm92;2018-01-07 - 2018-01-07;submitSocial;all;arwin
2018-01-09 05:06:00	worker	@litefm1058;2018-01-07 - 2018-01-07;submitSocial;all;arwin
2018-01-09 05:06:02	worker	@Bravaradio;2018-01-07 - 2018-01-07;submitSocial;all;arwin
2018-01-09 05:06:04	worker	#dgitm;2018-01-07 - 2018-01-07;submitSocial;all;arwin
2018-01-09 05:06:07	worker	#hitsalaprambors;2018-01-07 - 2018-01-07;submitSocial;all;arwin
2018-01-09 05:06:09	worker	#reqprambors;2018-01-07 - 2018-01-07;submitSocial;all;arwin
2018-01-09 05:06:11	worker	#thedandees;2018-01-07 - 2018-01-07;submitSocial;all;arwin
2018-01-09 05:06:13	worker	#pramborsquiz;2018-01-07 - 2018-01-07;submitSocial;all;arwin
2018-01-09 05:06:15	worker	#jeliprambors;2018-01-07 - 2018-01-07;submitSocial;all;arwin
2018-01-09 05:06:17	worker	#jodohinprambors;2018-01-07 - 2018-01-07;submitSocial;all;arwin
2018-01-09 05:06:19	worker	#ubahdenganbicara;2018-01-07 - 2018-01-07;submitSocial;all;arwin
2018-01-09 05:06:21	worker	#pramborschat;2018-01-07 - 2018-01-07;submitSocial;all;arwin
2018-01-09 05:06:24	worker	#tweetforduit;2018-01-07 - 2018-01-07;submitSocial;all;arwin
2018-01-09 05:06:26	worker	#joki3in1;2018-01-07 - 2018-01-07;submitSocial;all;arwin
2018-01-09 05:06:28	worker	#sarapanseru;2018-01-07 - 2018-01-07;submitSocial;all;arwin
2018-01-09 05:06:30	worker	#rawonkaneloop;2018-01-07 - 2018-01-07;submitSocial;all;arwin
2018-01-09 05:06:32	worker	#gudegkendilkeraton;2018-01-07 - 2018-01-07;submitSocial;all;arwin
2018-01-09 05:06:34	worker	#gadogadobutika;2018-01-07 - 2018-01-07;submitSocial;all;arwin
2018-01-09 05:06:36	worker	#mtvhottest;2018-01-07 - 2018-01-07;submitSocial;all;arwin
2018-01-09 05:06:38	worker	#dimsumcjdw;2018-01-07 - 2018-01-07;submitSocial;all;arwin
2018-01-09 05:06:40	worker	#pecelmadiunmbakniek;2018-01-07 - 2018-01-07;submitSocial;all;arwin
2018-01-09 05:06:42	worker	#depotarema;2018-01-07 - 2018-01-07;submitSocial;all;arwin
2018-01-09 05:06:45	worker	@BNI46;2018-01-07 - 2018-01-07;submitSocial;all;arwin
2018-01-09 05:06:47	worker	@BANKBRI_ID;2018-01-07 - 2018-01-07;submitSocial;all;arwin
2018-01-09 05:06:49	worker	#bni46;2018-01-07 - 2018-01-07;submitSocial;all;arwin
2018-01-09 05:06:51	worker	macet;2018-01-07 - 2018-01-07;submitSocial;all;arwin
2018-01-09 05:06:55	worker	#selamatpagi;2018-01-07 - 2018-01-07;submitSocial;all;arwin
2018-01-09 05:06:58	worker	#selamatmalam;2018-01-07 - 2018-01-07;submitSocial;all;arwin
2018-01-09 05:07:00	worker	@884GlobalRadio;2018-01-07 - 2018-01-07;submitSocial;all;arwin
2018-01-09 05:07:03	worker	@day_trans;2018-01-07 - 2018-01-07;submitSocial;all;arwin
2018-01-09 05:07:05	worker	@kencanavoyage;2018-01-07 - 2018-01-07;submitSocial;all;arwin
2018-01-09 05:07:07	worker	@jukebox5d;2018-01-07 - 2018-01-07;submitSocial;all;arwin
2018-01-09 05:07:09	worker	#mtvhottest;2018-01-07 - 2018-01-07;submitSocial;all;arwin
2018-01-09 05:07:12	worker	#semangatpagi;2018-01-07 - 2018-01-07;submitSocial;all;arwin
2018-01-09 05:07:14	worker	lifebuoy;2018-01-07 - 2018-01-07;submitSocial;all;arwin
2018-01-09 05:07:16	worker	jokowi;2018-01-07 - 2018-01-07;submitSocial;all;arwin
2018-01-09 05:07:23	worker	obama;2018-01-07 - 2018-01-07;submitSocial;all;arwin
2018-01-09 05:07:32	worker	starwars;2018-01-07 - 2018-01-07;submitSocial;all;arwin
2018-01-09 05:07:35	worker	jonan;2018-01-07 - 2018-01-07;submitSocial;all;arwin
2018-01-09 05:07:38	worker	pagi;2018-01-07 - 2018-01-07;submitSocial;all;arwin
2018-01-09 05:07:47	worker	sampoerna;2018-01-07 - 2018-01-07;submitSocial;all;arwin
2018-01-09 05:07:49	worker	djarum;2018-01-07 - 2018-01-07;submitSocial;all;arwin
2018-01-09 05:07:52	worker	#semangatpagi;2018-01-07 - 2018-01-07;submitSocial;all;arwin
2018-01-09 05:07:54	worker	#generaksi8;2018-01-07 - 2018-01-07;submitSocial;all;arwin
2018-01-09 05:07:56	worker	#365alasan;2018-01-07 - 2018-01-07;submitSocial;all;arwin
2018-01-09 05:07:58	worker	weew;2018-01-07 - 2018-01-07;submitSocial;all;arwin
2018-01-09 05:08:01	worker	testing;2018-01-07 - 2018-01-07;submitSocial;all;arwin
2018-01-09 05:08:09	worker	#kopaja;2018-01-07 - 2018-01-07;submitSocial;all;arwin
2018-01-09 05:08:11	worker	#genkuisinsideout;2018-01-07 - 2018-01-07;submitSocial;all;arwin
2018-01-09 05:08:13	worker	starwars;2018-01-07 - 2018-01-07;submitSocial;all;arwin
2018-01-09 05:08:16	worker	#kopaja;2018-01-07 - 2018-01-07;submitSocial;all;arwin
2018-01-09 05:08:19	worker	mldspot;2018-01-07 - 2018-01-07;submitSocial;all;arwin
2018-01-09 05:08:21	worker	PBDjarum;2018-01-07 - 2018-01-07;submitSocial;all;arwin
2018-01-09 05:08:24	worker	TemanNabati;2018-01-07 - 2018-01-07;submitSocial;all;arwin
2018-01-09 05:08:26	worker	Nextar;2018-01-07 - 2018-01-07;submitSocial;all;arwin
2018-01-09 05:08:29	worker	jokowo;2018-01-07 - 2018-01-07;submitSocial;all;arwin
2018-01-09 05:08:32	worker	prabowo;2018-01-07 - 2018-01-07;submitSocial;all;arwin
2018-01-09 05:08:36	worker	sudirman said;2018-01-07 - 2018-01-07;submitSocial;all;arwin
2018-01-09 05:08:39	worker	ahok;2018-01-07 - 2018-01-07;submitSocial;all;arwin
2018-01-09 05:08:45	worker	setyanovanto;2018-01-07 - 2018-01-07;submitSocial;all;arwin
2018-01-09 05:08:48	worker	jokowi;2018-01-07 - 2018-01-07;submitSocial;all;arwin
2018-01-09 05:08:55	worker	ahok;2018-01-07 - 2018-01-07;submitSocial;all;arwin
2018-01-09 05:09:02	worker	prabowo;2018-01-07 - 2018-01-07;submitSocial;all;arwin
2018-01-09 05:09:05	worker	sudirman said;2018-01-07 - 2018-01-07;submitSocial;all;arwin
2018-01-09 05:09:08	worker	setyanovanto;2018-01-07 - 2018-01-07;submitSocial;all;arwin
2018-01-09 05:09:11	worker	galau;2018-01-07 - 2018-01-07;submitSocial;all;arwin
2018-01-09 05:09:15	worker	#prestasiindonesia;2018-01-07 - 2018-01-07;submitSocial;all;arwin
2018-01-09 05:09:17	worker	@Tw_Debi;2018-01-07 - 2018-01-07;submitSocial;all;arwin
2018-01-09 05:09:19	worker	@OfficialFastron;2018-01-07 - 2018-01-07;submitSocial;all;arwin
2018-01-09 05:09:21	worker	@CitibankID;2018-01-07 - 2018-01-07;submitSocial;all;arwin
2018-01-09 05:09:24	worker	@jak101fm;2018-01-07 - 2018-01-07;submitSocial;all;arwin
2018-01-09 05:09:26	worker	@genfm;2018-01-07 - 2018-01-07;submitSocial;all;arwin
