2017-10-23 05:00:02	worker	@987genfm;2017-10-21 - 2017-10-21;submitSocial;all;arwin
2017-10-23 05:00:17	worker	@101jakfm;2017-10-21 - 2017-10-21;submitSocial;all;arwin
2017-10-23 05:00:30	worker	@prambors;2017-10-21 - 2017-10-21;submitSocial;all;arwin
2017-10-23 05:00:43	worker	@hardrockfm;2017-10-21 - 2017-10-21;submitSocial;all;arwin
2017-10-23 05:00:56	worker	@kisfmjakarta;2017-10-21 - 2017-10-21;submitSocial;all;arwin
2017-10-23 05:01:09	worker	@delta_fm;2017-10-21 - 2017-10-21;submitSocial;all;arwin
2017-10-23 05:01:22	worker	@traxfmjkt;2017-10-21 - 2017-10-21;submitSocial;all;arwin
2017-10-23 05:01:34	worker	@iradiojakarta;2017-10-21 - 2017-10-21;submitSocial;all;arwin
2017-10-23 05:01:47	worker	@indika9160fm;2017-10-21 - 2017-10-21;submitSocial;all;arwin
2017-10-23 05:02:00	worker	@shellindonesia;2017-10-21 - 2017-10-21;submitSocial;all;arwin
2017-10-23 05:02:13	worker	@vpowerfans;2017-10-21 - 2017-10-21;submitSocial;all;arwin
2017-10-23 05:02:25	worker	@pertamaxind;2017-10-21 - 2017-10-21;submitSocial;all;arwin
2017-10-23 05:02:37	worker	@ptpertamina;2017-10-21 - 2017-10-21;submitSocial;all;arwin
2017-10-23 05:02:50	worker	@OZRadioJakarta;2017-10-21 - 2017-10-21;submitSocial;all;arwin
2017-10-23 05:03:02	worker	@CosmopolitanFM;2017-10-21 - 2017-10-21;submitSocial;all;arwin
2017-10-23 05:03:15	worker	@mustang88fm;2017-10-21 - 2017-10-21;submitSocial;all;arwin
2017-10-23 05:03:27	worker	@debabaz;2017-10-21 - 2017-10-21;submitSocial;all;arwin
2017-10-23 05:03:39	worker	@detikcom;2017-10-21 - 2017-10-21;submitSocial;all;arwin
2017-10-23 05:03:55	worker	@radioelshinta;2017-10-21 - 2017-10-21;submitSocial;all;arwin
2017-10-23 05:04:09	worker	@cinema21;2017-10-21 - 2017-10-21;submitSocial;all;arwin
2017-10-23 05:04:21	worker	@OfficialRCTI;2017-10-21 - 2017-10-21;submitSocial;all;arwin
2017-10-23 05:04:34	worker	@TRANSTV_CORP;2017-10-21 - 2017-10-21;submitSocial;all;arwin
2017-10-23 05:04:46	worker	@TRANS7;2017-10-21 - 2017-10-21;submitSocial;all;arwin
2017-10-23 05:04:59	worker	@Metro_TV;2017-10-21 - 2017-10-21;submitSocial;all;arwin
2017-10-23 05:05:16	worker	@tvOneNews;2017-10-21 - 2017-10-21;submitSocial;all;arwin
2017-10-23 05:05:29	worker	@whatsonANTV;2017-10-21 - 2017-10-21;submitSocial;all;arwin
2017-10-23 05:05:42	worker	@SCTV_;2017-10-21 - 2017-10-21;submitSocial;all;arwin
2017-10-23 05:05:55	worker	@KompasTV;2017-10-21 - 2017-10-21;submitSocial;all;arwin
2017-10-23 05:06:10	worker	@netmediatama;2017-10-21 - 2017-10-21;submitSocial;all;arwin
2017-10-23 05:06:23	worker	@Globaltvseru;2017-10-21 - 2017-10-21;submitSocial;all;arwin
2017-10-23 05:06:36	worker	@JaktvCom;2017-10-21 - 2017-10-21;submitSocial;all;arwin
2017-10-23 05:06:48	worker	@TVRINasional;2017-10-21 - 2017-10-21;submitSocial;all;arwin
2017-10-23 05:07:00	worker	@ochannelupdates;2017-10-21 - 2017-10-21;submitSocial;all;arwin
2017-10-23 05:07:13	worker	@IndosiarID;2017-10-21 - 2017-10-21;submitSocial;all;arwin
2017-10-23 05:07:26	worker	@kompascom;2017-10-21 - 2017-10-21;submitSocial;all;arwin
2017-10-23 05:07:40	worker	@merdekadotcom;2017-10-21 - 2017-10-21;submitSocial;all;arwin
2017-10-23 05:07:52	worker	@MIdotcom;2017-10-21 - 2017-10-21;submitSocial;all;arwin
2017-10-23 05:08:06	worker	@tempodotco;2017-10-21 - 2017-10-21;submitSocial;all;arwin
2017-10-23 05:08:19	worker	@motion975fm;2017-10-21 - 2017-10-21;submitSocial;all;arwin
2017-10-23 05:08:31	worker	@_radiotoday;2017-10-21 - 2017-10-21;submitSocial;all;arwin
2017-10-23 05:08:43	worker	@radioinfo;2017-10-21 - 2017-10-21;submitSocial;all;arwin
2017-10-23 05:08:55	worker	@979FeMaleRadio;2017-10-21 - 2017-10-21;submitSocial;all;arwin
2017-10-23 05:09:08	worker	@WomanRadio943FM;2017-10-21 - 2017-10-21;submitSocial;all;arwin
2017-10-23 05:09:20	worker	@VRadioFM;2017-10-21 - 2017-10-21;submitSocial;all;arwin
2017-10-23 05:09:32	worker	@UFM947;2017-10-21 - 2017-10-21;submitSocial;all;arwin
2017-10-23 05:09:44	worker	@VIVAnews;2017-10-21 - 2017-10-21;submitSocial;all;arwin
2017-10-23 05:09:57	worker	@antaranews;2017-10-21 - 2017-10-21;submitSocial;all;arwin
2017-10-23 05:10:11	worker	@tribunnews;2017-10-21 - 2017-10-21;submitSocial;all;arwin
2017-10-23 05:10:25	worker	@okezonenews;2017-10-21 - 2017-10-21;submitSocial;all;arwin
2017-10-23 05:10:38	worker	@Beritasatu;2017-10-21 - 2017-10-21;submitSocial;all;arwin
2017-10-23 05:10:50	worker	@rollingstoneina;2017-10-21 - 2017-10-21;submitSocial;all;arwin
2017-10-23 05:11:02	worker	@FIMELAdotcom;2017-10-21 - 2017-10-21;submitSocial;all;arwin
2017-10-23 05:11:15	worker	@KapanLagicom;2017-10-21 - 2017-10-21;submitSocial;all;arwin
2017-10-23 05:11:27	worker	@KompasEnt ;2017-10-21 - 2017-10-21;submitSocial;all;arwin
2017-10-23 05:11:40	worker	@HaiMagazine;2017-10-21 - 2017-10-21;submitSocial;all;arwin
2017-10-23 05:11:52	worker	@JakartaVenue;2017-10-21 - 2017-10-21;submitSocial;all;arwin
2017-10-23 05:12:05	worker	@SeputarEvent;2017-10-21 - 2017-10-21;submitSocial;all;arwin
2017-10-23 05:12:17	worker	@ismayaLive;2017-10-21 - 2017-10-21;submitSocial;all;arwin
2017-10-23 05:12:30	worker	@ECEntertainment;2017-10-21 - 2017-10-21;submitSocial;all;arwin
2017-10-23 05:12:42	worker	@synergism_En;2017-10-21 - 2017-10-21;submitSocial;all;arwin
2017-10-23 05:12:54	worker	@Urbanbandung;2017-10-21 - 2017-10-21;submitSocial;all;arwin
2017-10-23 05:13:06	worker	@Urbanrkm995;2017-10-21 - 2017-10-21;submitSocial;all;arwin
2017-10-23 05:13:18	worker	@Garuda_Promo;2017-10-21 - 2017-10-21;submitSocial;all;arwin
2017-10-23 05:13:30	worker	@AirAsiaID;2017-10-21 - 2017-10-21;submitSocial;all;arwin
2017-10-23 05:13:43	worker	@KAI121;2017-10-21 - 2017-10-21;submitSocial;all;arwin
2017-10-23 05:13:55	worker	@Unilever;2017-10-21 - 2017-10-21;submitSocial;all;arwin
2017-10-23 05:14:08	worker	@Nestle;2017-10-21 - 2017-10-21;submitSocial;all;arwin
2017-10-23 05:14:21	worker	@CocaCola;2017-10-21 - 2017-10-21;submitSocial;all;arwin
2017-10-23 05:14:35	worker	@CNN;2017-10-21 - 2017-10-21;submitSocial;all;arwin
2017-10-23 05:14:53	worker	@MTV;2017-10-21 - 2017-10-21;submitSocial;all;arwin
2017-10-23 05:15:08	worker	@channelv;2017-10-21 - 2017-10-21;submitSocial;all;arwin
2017-10-23 05:15:20	worker	@iTunesMusic;2017-10-21 - 2017-10-21;submitSocial;all;arwin
2017-10-23 05:15:33	worker	@mashable;2017-10-21 - 2017-10-21;submitSocial;all;arwin
2017-10-23 05:15:47	worker	@decacaz;2017-10-21 - 2017-10-21;submitSocial;all;arwin
2017-10-23 05:15:59	worker	@radiobaru967FM;2017-10-21 - 2017-10-21;submitSocial;all;arwin
2017-10-23 05:16:11	worker	@967HitzFM;2017-10-21 - 2017-10-21;submitSocial;all;arwin
2017-10-23 05:16:24	worker	@TVGuide;2017-10-21 - 2017-10-21;submitSocial;all;arwin
2017-10-23 05:16:36	worker	@XL123;2017-10-21 - 2017-10-21;submitSocial;all;arwin
2017-10-23 05:16:49	worker	@triindonesia;2017-10-21 - 2017-10-21;submitSocial;all;arwin
2017-10-23 05:17:01	worker	@kaskus;2017-10-21 - 2017-10-21;submitSocial;all;arwin
2017-10-23 05:17:14	worker	@Studio_XXI;2017-10-21 - 2017-10-21;submitSocial;all;arwin
2017-10-23 05:17:26	worker	@blitzmegaplex;2017-10-21 - 2017-10-21;submitSocial;all;arwin
2017-10-23 05:17:38	worker	@alfamartku;2017-10-21 - 2017-10-21;submitSocial;all;arwin
2017-10-23 05:17:50	worker	@Carrefour_ID;2017-10-21 - 2017-10-21;submitSocial;all;arwin
2017-10-23 05:18:03	worker	@BBCBreaking;2017-10-21 - 2017-10-21;submitSocial;all;arwin
2017-10-23 05:18:16	worker	@Forbes;2017-10-21 - 2017-10-21;submitSocial;all;arwin
2017-10-23 05:18:33	worker	@BensRadio;2017-10-21 - 2017-10-21;submitSocial;all;arwin
2017-10-23 05:18:46	worker	@instagram;2017-10-21 - 2017-10-21;submitSocial;all;arwin
2017-10-23 05:19:00	worker	@Pinterest;2017-10-21 - 2017-10-21;submitSocial;all;arwin
2017-10-23 05:19:12	worker	@google;2017-10-21 - 2017-10-21;submitSocial;all;arwin
2017-10-23 05:19:30	worker	@Pertaminalub;2017-10-21 - 2017-10-21;submitSocial;all;arwin
2017-10-23 05:19:42	worker	@InfoLalinTol;2017-10-21 - 2017-10-21;submitSocial;all;arwin
2017-10-23 05:19:54	worker	@PTJASAMARGA;2017-10-21 - 2017-10-21;submitSocial;all;arwin
2017-10-23 05:20:08	worker	@cititransindo;2017-10-21 - 2017-10-21;submitSocial;all;arwin
2017-10-23 05:20:21	worker	#semangatpagisuperr;2017-10-21 - 2017-10-21;submitSocial;all;arwin
2017-10-23 05:20:33	worker	#genkuisinsideout;2017-10-21 - 2017-10-21;submitSocial;all;arwin
2017-10-23 05:20:45	worker	#semangatpagi;2017-10-21 - 2017-10-21;submitSocial;all;arwin
2017-10-23 05:20:57	worker	#dikamar;2017-10-21 - 2017-10-21;submitSocial;all;arwin
2017-10-23 05:21:10	worker	#kopaja;2017-10-21 - 2017-10-21;submitSocial;all;arwin
2017-10-23 05:21:22	worker	#generaksi8;2017-10-21 - 2017-10-21;submitSocial;all;arwin
2017-10-23 05:21:34	worker	#hitztsp;2017-10-21 - 2017-10-21;submitSocial;all;arwin
2017-10-23 05:21:46	worker	#np;2017-10-21 - 2017-10-21;submitSocial;all;arwin
2017-10-23 05:21:59	worker	#hitzlivestage;2017-10-21 - 2017-10-21;submitSocial;all;arwin
2017-10-23 05:22:12	worker	#thefreaks;2017-10-21 - 2017-10-21;submitSocial;all;arwin
2017-10-23 05:22:24	worker	#hitzsirkuspagi;2017-10-21 - 2017-10-21;submitSocial;all;arwin
2017-10-23 05:22:36	worker	#hitzathlon;2017-10-21 - 2017-10-21;submitSocial;all;arwin
2017-10-23 05:22:48	worker	#hitzzombie;2017-10-21 - 2017-10-21;submitSocial;all;arwin
2017-10-23 05:23:00	worker	#hitzkalong;2017-10-21 - 2017-10-21;submitSocial;all;arwin
2017-10-23 05:23:12	worker	#hitzbebas;2017-10-21 - 2017-10-21;submitSocial;all;arwin
2017-10-23 05:23:24	worker	#hitzhorehara;2017-10-21 - 2017-10-21;submitSocial;all;arwin
2017-10-23 05:23:36	worker	@ZaloraID;2017-10-21 - 2017-10-21;submitSocial;all;arwin
2017-10-23 05:23:48	worker	@OLX_Indonesia;2017-10-21 - 2017-10-21;submitSocial;all;arwin
2017-10-23 05:24:01	worker	@LazadaID;2017-10-21 - 2017-10-21;submitSocial;all;arwin
2017-10-23 05:24:14	worker	@utrippers;2017-10-21 - 2017-10-21;submitSocial;all;arwin
2017-10-23 05:24:26	worker	@GoGobot;2017-10-21 - 2017-10-21;submitSocial;all;arwin
2017-10-23 05:24:39	worker	@viatortravel;2017-10-21 - 2017-10-21;submitSocial;all;arwin
2017-10-23 05:24:51	worker	@alandakariza;2017-10-21 - 2017-10-21;submitSocial;all;arwin
2017-10-23 05:25:04	worker	@gagasmedia;2017-10-21 - 2017-10-21;submitSocial;all;arwin
2017-10-23 05:25:17	worker	@welovehonda;2017-10-21 - 2017-10-21;submitSocial;all;arwin
2017-10-23 05:25:29	worker	@SuzukiMotorID;2017-10-21 - 2017-10-21;submitSocial;all;arwin
2017-10-23 05:25:42	worker	@kawasakilovers;2017-10-21 - 2017-10-21;submitSocial;all;arwin
2017-10-23 05:25:54	worker	@yamahaindonesia;2017-10-21 - 2017-10-21;submitSocial;all;arwin
2017-10-23 05:26:06	worker	@tripanzee;2017-10-21 - 2017-10-21;submitSocial;all;arwin
2017-10-23 05:26:19	worker	@arnoldpoernomo;2017-10-21 - 2017-10-21;submitSocial;all;arwin
2017-10-23 05:26:31	worker	@nicsap;2017-10-21 - 2017-10-21;submitSocial;all;arwin
2017-10-23 05:26:43	worker	@tiket2;2017-10-21 - 2017-10-21;submitSocial;all;arwin
2017-10-23 05:26:55	worker	@traveloka;2017-10-21 - 2017-10-21;submitSocial;all;arwin
2017-10-23 05:27:08	worker	@wego;2017-10-21 - 2017-10-21;submitSocial;all;arwin
2017-10-23 05:27:21	worker	@agoda;2017-10-21 - 2017-10-21;submitSocial;all;arwin
2017-10-23 05:27:34	worker	#salahsambung;2017-10-21 - 2017-10-21;submitSocial;all;arwin
2017-10-23 05:27:46	worker	#tulalit;2017-10-21 - 2017-10-21;submitSocial;all;arwin
2017-10-23 05:27:58	worker	#pestageneraksi8;2017-10-21 - 2017-10-21;submitSocial;all;arwin
2017-10-23 05:28:10	worker	#ganaskustik;2017-10-21 - 2017-10-21;submitSocial;all;arwin
2017-10-23 05:28:22	worker	#lnhot20;2017-10-21 - 2017-10-21;submitSocial;all;arwin
2017-10-23 05:28:34	worker	@TripAdvisor;2017-10-21 - 2017-10-21;submitSocial;all;arwin
2017-10-23 05:28:47	worker	@google;2017-10-21 - 2017-10-21;submitSocial;all;arwin
2017-10-23 05:29:04	worker	@Telkomsel;2017-10-21 - 2017-10-21;submitSocial;all;arwin
2017-10-23 05:29:17	worker	@indosat;2017-10-21 - 2017-10-21;submitSocial;all;arwin
2017-10-23 05:29:29	worker	@bahanafmjkt;2017-10-21 - 2017-10-21;submitSocial;all;2017-10-23 05:29:52	worker	@sonorafm92;2017-10-21 - 2017-10-21;submitSocial;all;arwin
2017-10-23 05:30:06	worker	@litefm1058;2017-10-21 - 2017-10-21;submitSocial;all;arwin
2017-10-23 05:30:20	worker	@Bravaradio;2017-10-21 - 2017-10-21;submitSocial;all;arwin
2017-10-23 05:30:32	worker	#dgitm;2017-10-21 - 2017-10-21;submitSocial;all;arwin
2017-10-23 05:30:45	worker	#hitsalaprambors;2017-10-21 - 2017-10-21;submitSocial;all;arwin
2017-10-23 05:30:57	worker	#reqprambors;2017-10-21 - 2017-10-21;submitSocial;all;arwin
2017-10-23 05:31:09	worker	#thedandees;2017-10-21 - 2017-10-21;submitSocial;all;arwin
2017-10-23 05:31:22	worker	#pramborsquiz;2017-10-21 - 2017-10-21;submitSocial;all;arwin
2017-10-23 05:31:34	worker	#jeliprambors;2017-10-21 - 2017-10-21;submitSocial;all;arwin
2017-10-23 05:31:46	worker	#jodohinprambors;2017-10-21 - 2017-10-21;submitSocial;all;arwin
2017-10-23 05:31:58	worker	#ubahdenganbicara;2017-10-21 - 2017-10-21;submitSocial;all;arwin
2017-10-23 05:32:11	worker	#pramborschat;2017-10-21 - 2017-10-21;submitSocial;all;arwin
2017-10-23 05:32:23	worker	#tweetforduit;2017-10-21 - 2017-10-21;submitSocial;all;arwin
2017-10-23 05:32:35	worker	#joki3in1;2017-10-21 - 2017-10-21;submitSocial;all;arwin
2017-10-23 05:32:46	worker	#sarapanseru;2017-10-21 - 2017-10-21;submitSocial;all;arwin
2017-10-23 05:32:59	worker	#rawonkaneloop;2017-10-21 - 2017-10-21;submitSocial;all;arwin
2017-10-23 05:33:11	worker	#gudegkendilkeraton;2017-10-21 - 2017-10-21;submitSocial;all;arwin
2017-10-23 05:33:23	worker	#gadogadobutika;2017-10-21 - 2017-10-21;submitSocial;all;arwin
2017-10-23 05:33:35	worker	#mtvhottest;2017-10-21 - 2017-10-21;submitSocial;all;arwin
2017-10-23 05:33:47	worker	#dimsumcjdw;2017-10-21 - 2017-10-21;submitSocial;all;arwin
2017-10-23 05:33:59	worker	#pecelmadiunmbakniek;2017-10-21 - 2017-10-21;submitSocial;all;arwin
2017-10-23 05:34:12	worker	#depotarema;2017-10-21 - 2017-10-21;submitSocial;all;arwin
2017-10-23 05:34:24	worker	@BNI46;2017-10-21 - 2017-10-21;submitSocial;all;arwin
2017-10-23 05:34:37	worker	@BANKBRI_ID;2017-10-21 - 2017-10-21;submitSocial;all;arwin
2017-10-23 05:34:49	worker	#bni46;2017-10-21 - 2017-10-21;submitSocial;all;arwin
2017-10-23 05:35:01	worker	macet;2017-10-21 - 2017-10-21;submitSocial;all;arwin
2017-10-23 05:35:21	worker	#selamatpagi;2017-10-21 - 2017-10-21;submitSocial;all;arwin
2017-10-23 05:35:33	worker	#selamatmalam;2017-10-21 - 2017-10-21;submitSocial;all;arwin
2017-10-23 05:35:45	worker	@884GlobalRadio;2017-10-21 - 2017-10-21;submitSocial;all;arwin
2017-10-23 05:35:58	worker	@day_trans;2017-10-21 - 2017-10-21;submitSocial;all;arwin
2017-10-23 05:36:10	worker	@kencanavoyage;2017-10-21 - 2017-10-21;submitSocial;all;arwin
2017-10-23 05:36:22	worker	@jukebox5d;2017-10-21 - 2017-10-21;submitSocial;all;arwin
2017-10-23 05:36:34	worker	#mtvhottest;2017-10-21 - 2017-10-21;submitSocial;all;arwin
2017-10-23 05:36:47	worker	#semangatpagi;2017-10-21 - 2017-10-21;submitSocial;all;arwin
2017-10-23 05:36:59	worker	lifebuoy;2017-10-21 - 2017-10-21;submitSocial;all;arwin
2017-10-23 05:37:11	worker	jokowi;2017-10-21 - 2017-10-21;submitSocial;all;arwin
2017-10-23 05:37:30	worker	obama;2017-10-21 - 2017-10-21;submitSocial;all;arwin
2017-10-23 05:37:49	worker	starwars;2017-10-21 - 2017-10-21;submitSocial;all;arwin
2017-10-23 05:38:02	worker	jonan;2017-10-21 - 2017-10-21;submitSocial;all;arwin
2017-10-23 05:38:15	worker	pagi;2017-10-21 - 2017-10-21;submitSocial;all;arwin
2017-10-23 05:38:35	worker	sampoerna;2017-10-21 - 2017-10-21;submitSocial;all;arwin
2017-10-23 05:38:48	worker	djarum;2017-10-21 - 2017-10-21;submitSocial;all;arwin
2017-10-23 05:39:00	worker	#semangatpagi;2017-10-21 - 2017-10-21;submitSocial;all;arwin
2017-10-23 05:39:13	worker	#generaksi8;2017-10-21 - 2017-10-21;submitSocial;all;arwin
2017-10-23 05:39:24	worker	#365alasan;2017-10-21 - 2017-10-21;submitSocial;all;arwin
2017-10-23 05:39:37	worker	weew;2017-10-21 - 2017-10-21;submitSocial;all;arwin
2017-10-23 05:39:50	worker	testing;2017-10-21 - 2017-10-21;submitSocial;all;arwin
2017-10-23 05:40:11	worker	#kopaja;2017-10-21 - 2017-10-21;submitSocial;all;arwin
2017-10-23 05:40:24	worker	#genkuisinsideout;2017-10-21 - 2017-10-21;submitSocial;all;arwin
2017-10-23 05:40:36	worker	starwars;2017-10-21 - 2017-10-21;submitSocial;all;arwin
2017-10-23 05:40:49	worker	#kopaja;2017-10-21 - 2017-10-21;submitSocial;all;arwin
2017-10-23 05:41:02	worker	mldspot;2017-10-21 - 2017-10-21;submitSocial;all;arwin
2017-10-23 05:41:14	worker	PBDjarum;2017-10-21 - 2017-10-21;submitSocial;all;arwin
2017-10-23 05:41:27	worker	TemanNabati;2017-10-21 - 2017-10-21;submitSocial;all;arwin
2017-10-23 05:41:40	worker	Nextar;2017-10-21 - 2017-10-21;submitSocial;all;arwin
2017-10-23 05:41:52	worker	jokowo;2017-10-21 - 2017-10-21;submitSocial;all;arwin
2017-10-23 05:42:07	worker	prabowo;2017-10-21 - 2017-10-21;submitSocial;all;arwin
2017-10-23 05:42:21	worker	sudirman said;2017-10-21 - 2017-10-21;submitSocial;all;arwin
2017-10-23 05:42:33	worker	ahok;2017-10-21 - 2017-10-21;submitSocial;all;arwin
2017-10-23 05:42:51	worker	setyanovanto;2017-10-21 - 2017-10-21;submitSocial;all;arwin
2017-10-23 05:43:03	worker	jokowi;2017-10-21 - 2017-10-21;submitSocial;all;arwin
2017-10-23 05:43:22	worker	ahok;2017-10-21 - 2017-10-21;submitSocial;all;arwin
2017-10-23 05:43:39	worker	prabowo;2017-10-21 - 2017-10-21;submitSocial;all;arwin
2017-10-23 05:43:54	worker	sudirman said;2017-10-21 - 2017-10-21;submitSocial;all;arwin
2017-10-23 05:44:07	worker	setyanovanto;2017-10-21 - 2017-10-21;submitSocial;all;arwin
2017-10-23 05:44:19	worker	galau;2017-10-21 - 2017-10-21;submitSocial;all;arwin
2017-10-23 05:44:33	worker	#prestasiindonesia;2017-10-21 - 2017-10-21;submitSocial;all;arwin
2017-10-23 05:44:45	worker	@Tw_Debi;2017-10-21 - 2017-10-21;submitSocial;all;arwin
2017-10-23 05:44:58	worker	@OfficialFastron;2017-10-21 - 2017-10-21;submitSocial;all;arwin
2017-10-23 05:45:12	worker	@CitibankID;2017-10-21 - 2017-10-21;submitSocial;all;arwin
2017-10-23 05:45:24	worker	@jak101fm;2017-10-21 - 2017-10-21;submitSocial;all;arwin
2017-10-23 05:45:37	worker	@genfm;2017-10-21 - 2017-10-21;submitSocial;all;arwin
