2017-02-23 05:00:04	[{"keyword":"@987genfm","from":"2017-02-21","mode":"submitSocial","container":"all","username":"arwin"}]
2017-02-23 05:00:07	[{"keyword":"@101jakfm","from":"2017-02-21","mode":"submitSocial","container":"all","username":"arwin"}]
2017-02-23 05:00:10	[{"keyword":"@prambors","from":"2017-02-21","mode":"submitSocial","container":"all","username":"arwin"}]
2017-02-23 05:00:13	[{"keyword":"@hardrockfm","from":"2017-02-21","mode":"submitSocial","container":"all","username":"arwin"}]
2017-02-23 05:00:16	[{"keyword":"@kisfmjakarta","from":"2017-02-21","mode":"submitSocial","container":"all","username":"arwin"}]
2017-02-23 05:00:18	[{"keyword":"@delta_fm","from":"2017-02-21","mode":"submitSocial","container":"all","username":"arwin"}]
2017-02-23 05:00:21	[{"keyword":"@traxfmjkt","from":"2017-02-21","mode":"submitSocial","container":"all","username":"arwin"}]
2017-02-23 05:00:24	[{"keyword":"@iradiojakarta","from":"2017-02-21","mode":"submitSocial","container":"all","username":"arwin"}]
2017-02-23 05:00:26	[{"keyword":"@indika9160fm","from":"2017-02-21","mode":"submitSocial","container":"all","username":"arwin"}]
2017-02-23 05:00:29	[{"keyword":"@shellindonesia","from":"2017-02-21","mode":"submitSocial","container":"all","username":"arwin"}]
2017-02-23 05:00:31	[{"keyword":"@vpowerfans","from":"2017-02-21","mode":"submitSocial","container":"all","username":"arwin"}]
2017-02-23 05:00:34	[{"keyword":"@pertamaxind","from":"2017-02-21","mode":"submitSocial","container":"all","username":"arwin"}]
2017-02-23 05:00:36	[{"keyword":"@ptpertamina","from":"2017-02-21","mode":"submitSocial","container":"all","username":"arwin"}]
2017-02-23 05:00:39	[{"keyword":"@ozradiojakarta","from":"2017-02-21","mode":"submitSocial","container":"all","username":"arwin"}]
2017-02-23 05:00:41	[{"keyword":"@cosmopolitanfm","from":"2017-02-21","mode":"submitSocial","container":"all","username":"arwin"}]
2017-02-23 05:00:44	[{"keyword":"@mustang88fm","from":"2017-02-21","mode":"submitSocial","container":"all","username":"arwin"}]
2017-02-23 05:00:46	[{"keyword":"@debabaz","from":"2017-02-21","mode":"submitSocial","container":"all","username":"arwin"}]
2017-02-23 05:00:50	[{"keyword":"@detikcom","from":"2017-02-21","mode":"submitSocial","container":"all","username":"arwin"}]
2017-02-23 05:00:56	[{"keyword":"@radioelshinta","from":"2017-02-21","mode":"submitSocial","container":"all","username":"arwin"}]
2017-02-23 05:00:59	[{"keyword":"@cinema21","from":"2017-02-21","mode":"submitSocial","container":"all","username":"arwin"}]
2017-02-23 05:01:02	[{"keyword":"@officialrcti","from":"2017-02-21","mode":"submitSocial","container":"all","username":"arwin"}]
2017-02-23 05:01:04	[{"keyword":"@transtv_corp","from":"2017-02-21","mode":"submitSocial","container":"all","username":"arwin"}]
2017-02-23 05:01:07	[{"keyword":"@trans7","from":"2017-02-21","mode":"submitSocial","container":"all","username":"arwin"}]
2017-02-23 05:01:12	[{"keyword":"@metro_tv","from":"2017-02-21","mode":"submitSocial","container":"all","username":"arwin"}]
2017-02-23 05:01:15	[{"keyword":"@tvonenews","from":"2017-02-21","mode":"submitSocial","container":"all","username":"arwin"}]
2017-02-23 05:01:18	[{"keyword":"@whatsonantv","from":"2017-02-21","mode":"submitSocial","container":"all","username":"arwin"}]
2017-02-23 05:01:23	[{"keyword":"@sctv_","from":"2017-02-21","mode":"submitSocial","container":"all","username":"arwin"}]
2017-02-23 05:01:26	[{"keyword":"@kompastv","from":"2017-02-21","mode":"submitSocial","container":"all","username":"arwin"}]
2017-02-23 05:01:29	[{"keyword":"@netmediatama","from":"2017-02-21","mode":"submitSocial","container":"all","username":"arwin"}]
2017-02-23 05:01:32	[{"keyword":"@globaltvseru","from":"2017-02-21","mode":"submitSocial","container":"all","username":"arwin"}]
2017-02-23 05:01:34	[{"keyword":"@jaktvcom","from":"2017-02-21","mode":"submitSocial","container":"all","username":"arwin"}]
2017-02-23 05:01:37	[{"keyword":"@tvrinasional","from":"2017-02-21","mode":"submitSocial","container":"all","username":"arwin"}]
2017-02-23 05:01:39	[{"keyword":"@ochannelupdates","from":"2017-02-21","mode":"submitSocial","container":"all","username":"arwin"}]
2017-02-23 05:01:42	[{"keyword":"@indosiarid","from":"2017-02-21","mode":"submitSocial","container":"all","username":"arwin"}]
2017-02-23 05:01:47	[{"keyword":"@kompascom","from":"2017-02-21","mode":"submitSocial","container":"all","username":"arwin"}]
2017-02-23 05:01:50	[{"keyword":"@merdekadotcom","from":"2017-02-21","mode":"submitSocial","container":"all","username":"arwin"}]
2017-02-23 05:01:52	[{"keyword":"@midotcom","from":"2017-02-21","mode":"submitSocial","container":"all","username":"arwin"}]
2017-02-23 05:01:55	[{"keyword":"@tempodotco","from":"2017-02-21","mode":"submitSocial","container":"all","username":"arwin"}]
2017-02-23 05:01:58	[{"keyword":"@motion975fm","from":"2017-02-21","mode":"submitSocial","container":"all","username":"arwin"}]
2017-02-23 05:02:00	[{"keyword":"@_radiotoday","from":"2017-02-21","mode":"submitSocial","container":"all","username":"arwin"}]
2017-02-23 05:02:03	[{"keyword":"@radioinfo","from":"2017-02-21","mode":"submitSocial","container":"all","username":"arwin"}]
2017-02-23 05:02:05	[{"keyword":"@979femaleradio","from":"2017-02-21","mode":"submitSocial","container":"all","username":"arwin"}]
2017-02-23 05:02:07	[{"keyword":"@womanradio943fm","from":"2017-02-21","mode":"submitSocial","container":"all","username":"arwin"}]
2017-02-23 05:02:10	[{"keyword":"@vradiofm","from":"2017-02-21","mode":"submitSocial","container":"all","username":"arwin"}]
2017-02-23 05:02:12	[{"keyword":"@ufm947","from":"2017-02-21","mode":"submitSocial","container":"all","username":"arwin"}]
2017-02-23 05:02:15	[{"keyword":"@vivanews","from":"2017-02-21","mode":"submitSocial","container":"all","username":"arwin"}]
2017-02-23 05:02:17	[{"keyword":"@antaranews","from":"2017-02-21","mode":"submitSocial","container":"all","username":"arwin"}]
2017-02-23 05:02:20	[{"keyword":"@tribunnews","from":"2017-02-21","mode":"submitSocial","container":"all","username":"arwin"}]
2017-02-23 05:02:23	[{"keyword":"@okezonenews","from":"2017-02-21","mode":"submitSocial","container":"all","username":"arwin"}]
2017-02-23 05:02:27	[{"keyword":"@beritasatu","from":"2017-02-21","mode":"submitSocial","container":"all","username":"arwin"}]
2017-02-23 05:02:29	[{"keyword":"@rollingstoneina","from":"2017-02-21","mode":"submitSocial","container":"all","username":"arwin"}]
2017-02-23 05:02:31	[{"keyword":"@fimeladotcom","from":"2017-02-21","mode":"submitSocial","container":"all","username":"arwin"}]
2017-02-23 05:02:34	[{"keyword":"@kapanlagicom","from":"2017-02-21","mode":"submitSocial","container":"all","username":"arwin"}]
2017-02-23 05:02:36	[{"keyword":"@kompasent","from":"2017-02-21","mode":"submitSocial","container":"all","username":"arwin"}]
2017-02-23 05:02:39	[{"keyword":"@haimagazine","from":"2017-02-21","mode":"submitSocial","container":"all","username":"arwin"}]
2017-02-23 05:02:41	[{"keyword":"@jakartavenue","from":"2017-02-21","mode":"submitSocial","container":"all","username":"arwin"}]
2017-02-23 05:02:43	[{"keyword":"@seputarevent","from":"2017-02-21","mode":"submitSocial","container":"all","username":"arwin"}]
2017-02-23 05:02:46	[{"keyword":"@ismayalive","from":"2017-02-21","mode":"submitSocial","container":"all","username":"arwin"}]
2017-02-23 05:02:48	[{"keyword":"@ecentertainment","from":"2017-02-21","mode":"submitSocial","container":"all","username":"arwin"}]
2017-02-23 05:02:50	[{"keyword":"@synergism_en","from":"2017-02-21","mode":"submitSocial","container":"all","username":"arwin"}]
2017-02-23 05:02:53	[{"keyword":"@urbanbandung","from":"2017-02-21","mode":"submitSocial","container":"all","username":"arwin"}]
2017-02-23 05:02:54	[{"keyword":"@urbanrkm995","from":"2017-02-21","mode":"submitSocial","container":"all","username":"arwin"}]
2017-02-23 05:02:57	[{"keyword":"@garuda_promo","from":"2017-02-21","mode":"submitSocial","container":"all","username":"arwin"}]
2017-02-23 05:02:59	[{"keyword":"@airasiaid","from":"2017-02-21","mode":"submitSocial","container":"all","username":"arwin"}]
2017-02-23 05:03:02	[{"keyword":"@kai121","from":"2017-02-21","mode":"submitSocial","container":"all","username":"arwin"}]
2017-02-23 05:03:05	[{"keyword":"@unilever","from":"2017-02-21","mode":"submitSocial","container":"all","username":"arwin"}]
2017-02-23 05:03:08	[{"keyword":"@nestle","from":"2017-02-21","mode":"submitSocial","container":"all","username":"arwin"}]
2017-02-23 05:03:11	[{"keyword":"@cocacola","from":"2017-02-21","mode":"submitSocial","container":"all","username":"arwin"}]
2017-02-23 05:03:19	[{"keyword":"@cnn","from":"2017-02-21","mode":"submitSocial","container":"all","username":"arwin"}]
2017-02-23 05:03:23	[{"keyword":"@mtv","from":"2017-02-21","mode":"submitSocial","container":"all","username":"arwin"}]
2017-02-23 05:03:25	[{"keyword":"@channelv","from":"2017-02-21","mode":"submitSocial","container":"all","username":"arwin"}]
2017-02-23 05:03:28	[{"keyword":"@itunesmusic","from":"2017-02-21","mode":"submitSocial","container":"all","username":"arwin"}]
2017-02-23 05:03:33	[{"keyword":"@mashable","from":"2017-02-21","mode":"submitSocial","container":"all","username":"arwin"}]
2017-02-23 05:03:35	[{"keyword":"@decacaz","from":"2017-02-21","mode":"submitSocial","container":"all","username":"arwin"}]
2017-02-23 05:03:37	[{"keyword":"@radiobaru967fm","from":"2017-02-21","mode":"submitSocial","container":"all","username":"arwin"}]
2017-02-23 05:03:40	[{"keyword":"@967hitzfm","from":"2017-02-21","mode":"submitSocial","container":"all","username":"arwin"}]
2017-02-23 05:03:42	[{"keyword":"@tvguide","from":"2017-02-21","mode":"submitSocial","container":"all","username":"arwin"}]
2017-02-23 05:03:45	[{"keyword":"@xl123","from":"2017-02-21","mode":"submitSocial","container":"all","username":"arwin"}]
2017-02-23 05:03:47	[{"keyword":"@triindonesia","from":"2017-02-21","mode":"submitSocial","container":"all","username":"arwin"}]
2017-02-23 05:03:50	[{"keyword":"@kaskus","from":"2017-02-21","mode":"submitSocial","container":"all","username":"arwin"}]
2017-02-23 05:03:53	[{"keyword":"@studio_xxi","from":"2017-02-21","mode":"submitSocial","container":"all","username":"arwin"}]
2017-02-23 05:03:55	[{"keyword":"@blitzmegaplex","from":"2017-02-21","mode":"submitSocial","container":"all","username":"arwin"}]
2017-02-23 05:03:57	[{"keyword":"@alfamartku","from":"2017-02-21","mode":"submitSocial","container":"all","username":"arwin"}]
2017-02-23 05:04:00	[{"keyword":"@carrefour_id","from":"2017-02-21","mode":"submitSocial","container":"all","username":"arwin"}]
2017-02-23 05:04:05	[{"keyword":"@bbcbreaking","from":"2017-02-21","mode":"submitSocial","container":"all","username":"arwin"}]
2017-02-23 05:04:12	[{"keyword":"@forbes","from":"2017-02-21","mode":"submitSocial","container":"all","username":"arwin"}]
2017-02-23 05:04:15	[{"keyword":"@bensradio","from":"2017-02-21","mode":"submitSocial","container":"all","username":"arwin"}]
2017-02-23 05:04:20	[{"keyword":"@instagram","from":"2017-02-21","mode":"submitSocial","container":"all","username":"arwin"}]
2017-02-23 05:04:23	[{"keyword":"@pinterest","from":"2017-02-21","mode":"submitSocial","container":"all","username":"arwin"}]
2017-02-23 05:04:29	[{"keyword":"@google","from":"2017-02-21","mode":"submitSocial","container":"all","username":"arwin"}]
2017-02-23 05:04:31	[{"keyword":"@pertaminalub","from":"2017-02-21","mode":"submitSocial","container":"all","username":"arwin"}]
2017-02-23 05:04:33	[{"keyword":"@infolalintol","from":"2017-02-21","mode":"submitSocial","container":"all","username":"arwin"}]
2017-02-23 05:04:36	[{"keyword":"@ptjasamarga","from":"2017-02-21","mode":"submitSocial","container":"all","username":"arwin"}]
2017-02-23 05:04:38	[{"keyword":"@cititransindo","from":"2017-02-21","mode":"submitSocial","container":"all","username":"arwin"}]
2017-02-23 05:04:40	[{"keyword":"#semangatpagisuperr","from":"2017-02-21","mode":"submitSocial","container":"all","username":"arwin"}]
2017-02-23 05:04:42	[{"keyword":"#genkuisinsideout","from":"2017-02-21","mode":"submitSocial","container":"all","username":"arwin"}]
2017-02-23 05:04:45	[{"keyword":"#semangatpagi","from":"2017-02-21","mode":"submitSocial","container":"all","username":"arwin"}]
2017-02-23 05:04:47	[{"keyword":"#dikamar","from":"2017-02-21","mode":"submitSocial","container":"all","username":"arwin"}]
2017-02-23 05:04:50	[{"keyword":"#kopaja","from":"2017-02-21","mode":"submitSocial","container":"all","username":"arwin"}]
2017-02-23 05:04:52	[{"keyword":"#generaksi8","from":"2017-02-21","mode":"submitSocial","container":"all","username":"arwin"}]
2017-02-23 05:04:55	[{"keyword":"#hitztsp","from":"2017-02-21","mode":"submitSocial","container":"all","username":"arwin"}]
2017-02-23 05:04:58	[{"keyword":"#np","from":"2017-02-21","mode":"submitSocial","container":"all","username":"arwin"}]
2017-02-23 05:05:00	[{"keyword":"#hitzlivestage","from":"2017-02-21","mode":"submitSocial","container":"all","username":"arwin"}]
2017-02-23 05:05:03	[{"keyword":"#thefreaks","from":"2017-02-21","mode":"submitSocial","container":"all","username":"arwin"}]
2017-02-23 05:05:06	[{"keyword":"#hitzsirkuspagi","from":"2017-02-21","mode":"submitSocial","container":"all","username":"arwin"}]
2017-02-23 05:05:08	[{"keyword":"#hitzathlon","from":"2017-02-21","mode":"submitSocial","container":"all","username":"arwin"}]
2017-02-23 05:05:11	[{"keyword":"#hitzzombie","from":"2017-02-21","mode":"submitSocial","container":"all","username":"arwin"}]
2017-02-23 05:05:13	[{"keyword":"#hitzkalong","from":"2017-02-21","mode":"submitSocial","container":"all","username":"arwin"}]
2017-02-23 05:05:16	[{"keyword":"#hitzbebas","from":"2017-02-21","mode":"submitSocial","container":"all","username":"arwin"}]
2017-02-23 05:05:18	[{"keyword":"#hitzhorehara","from":"2017-02-21","mode":"submitSocial","container":"all","username":"arwin"}]
2017-02-23 05:05:20	[{"keyword":"@zaloraid","from":"2017-02-21","mode":"submitSocial","container":"all","username":"arwin"}]
2017-02-23 05:05:23	[{"keyword":"@olx_indonesia","from":"2017-02-21","mode":"submitSocial","container":"all","username":"arwin"}]
2017-02-23 05:05:26	[{"keyword":"@lazadaid","from":"2017-02-21","mode":"submitSocial","container":"all","username":"arwin"}]
2017-02-23 05:05:29	[{"keyword":"@utrippers","from":"2017-02-21","mode":"submitSocial","container":"all","username":"arwin"}]
2017-02-23 05:05:32	[{"keyword":"@gogobot","from":"2017-02-21","mode":"submitSocial","container":"all","username":"arwin"}]
2017-02-23 05:05:34	[{"keyword":"@viatortravel","from":"2017-02-21","mode":"submitSocial","container":"all","username":"arwin"}]
2017-02-23 05:05:36	[{"keyword":"@alandakariza","from":"2017-02-21","mode":"submitSocial","container":"all","username":"arwin"}]
2017-02-23 05:05:39	[{"keyword":"@gagasmedia","from":"2017-02-21","mode":"submitSocial","container":"all","username":"arwin"}]
2017-02-23 05:05:41	[{"keyword":"@welovehonda","from":"2017-02-21","mode":"submitSocial","container":"all","username":"arwin"}]
2017-02-23 05:05:44	[{"keyword":"@suzukimotorid","from":"2017-02-21","mode":"submitSocial","container":"all","username":"arwin"}]
2017-02-23 05:05:46	[{"keyword":"@kawasakilovers","from":"2017-02-21","mode":"submitSocial","container":"all","username":"arwin"}]
2017-02-23 05:05:48	[{"keyword":"@yamahaindonesia","from":"2017-02-21","mode":"submitSocial","container":"all","username":"arwin"}]
2017-02-23 05:05:51	[{"keyword":"@tripanzee","from":"2017-02-21","mode":"submitSocial","container":"all","username":"arwin"}]
2017-02-23 05:05:53	[{"keyword":"@arnoldpoernomo","from":"2017-02-21","mode":"submitSocial","container":"all","username":"arwin"}]
2017-02-23 05:05:56	[{"keyword":"@nicsap","from":"2017-02-21","mode":"submitSocial","container":"all","username":"arwin"}]
2017-02-23 05:05:58	[{"keyword":"@tiket2","from":"2017-02-21","mode":"submitSocial","container":"all","username":"arwin"}]
2017-02-23 05:06:01	[{"keyword":"@traveloka","from":"2017-02-21","mode":"submitSocial","container":"all","username":"arwin"}]
2017-02-23 05:06:04	[{"keyword":"@wego","from":"2017-02-21","mode":"submitSocial","container":"all","username":"arwin"}]
2017-02-23 05:06:07	[{"keyword":"@agoda","from":"2017-02-21","mode":"submitSocial","container":"all","username":"arwin"}]
2017-02-23 05:06:09	[{"keyword":"#salahsambung","from":"2017-02-21","mode":"submitSocial","container":"all","username":"arwin"}]
2017-02-23 05:06:12	[{"keyword":"#tulalit","from":"2017-02-21","mode":"submitSocial","container":"all","username":"arwin"}]
2017-02-23 05:06:14	[{"keyword":"#pestageneraksi8","from":"2017-02-21","mode":"submitSocial","container":"all","username":"arwin"}]
2017-02-23 05:06:16	[{"keyword":"#ganaskustik","from":"2017-02-21","mode":"submitSocial","container":"all","username":"arwin"}]
2017-02-23 05:06:18	[{"keyword":"#lnhot20","from":"2017-02-21","mode":"submitSocial","container":"all","username":"arwin"}]
2017-02-23 05:06:21	[{"keyword":"@tripadvisor","from":"2017-02-21","mode":"submitSocial","container":"all","username":"arwin"}]
2017-02-23 05:06:27	[{"keyword":"@google","from":"2017-02-21","mode":"submitSocial","container":"all","username":"arwin"}]
2017-02-23 05:06:31	[{"keyword":"@telkomsel","from":"2017-02-21","mode":"submitSocial","container":"all","username":"arwin"}]
2017-02-23 05:06:33	[{"keyword":"@indosat","from":"2017-02-21","mode":"submitSocial","container":"all","username":"arwin"}]
2017-02-23 05:06:37	[{"keyword":"@bahanafmjkt","from":"2017-02-21","mode":"submitSocial","container":"all","username":""}]
2017-02-23 05:06:42	[{"keyword":"@sonorafm92","from":"2017-02-21","mode":"submitSocial","container":"all","username":"arwin"}]
2017-02-23 05:06:44	[{"keyword":"@litefm1058","from":"2017-02-21","mode":"submitSocial","container":"all","username":"arwin"}]
2017-02-23 05:06:46	[{"keyword":"@bravaradio","from":"2017-02-21","mode":"submitSocial","container":"all","username":"arwin"}]
2017-02-23 05:06:49	[{"keyword":"#dgitm","from":"2017-02-21","mode":"submitSocial","container":"all","username":"arwin"}]
2017-02-23 05:06:51	[{"keyword":"#hitsalaprambors","from":"2017-02-21","mode":"submitSocial","container":"all","username":"arwin"}]
2017-02-23 05:06:54	[{"keyword":"#reqprambors","from":"2017-02-21","mode":"submitSocial","container":"all","username":"arwin"}]
2017-02-23 05:06:56	[{"keyword":"#thedandees","from":"2017-02-21","mode":"submitSocial","container":"all","username":"arwin"}]
2017-02-23 05:06:58	[{"keyword":"#pramborsquiz","from":"2017-02-21","mode":"submitSocial","container":"all","username":"arwin"}]
2017-02-23 05:07:00	[{"keyword":"#jeliprambors","from":"2017-02-21","mode":"submitSocial","container":"all","username":"arwin"}]
2017-02-23 05:07:03	[{"keyword":"#jodohinprambors","from":"2017-02-21","mode":"submitSocial","container":"all","username":"arwin"}]
2017-02-23 05:07:05	[{"keyword":"#ubahdenganbicara","from":"2017-02-21","mode":"submitSocial","container":"all","username":"arwin"}]
2017-02-23 05:07:07	[{"keyword":"#pramborschat","from":"2017-02-21","mode":"submitSocial","container":"all","username":"arwin"}]
2017-02-23 05:07:09	[{"keyword":"#tweetforduit","from":"2017-02-21","mode":"submitSocial","container":"all","username":"arwin"}]
2017-02-23 05:07:12	[{"keyword":"#joki3in1","from":"2017-02-21","mode":"submitSocial","container":"all","username":"arwin"}]
2017-02-23 05:07:14	[{"keyword":"#sarapanseru","from":"2017-02-21","mode":"submitSocial","container":"all","username":"arwin"}]
2017-02-23 05:07:16	[{"keyword":"#rawonkaneloop","from":"2017-02-21","mode":"submitSocial","container":"all","username":"arwin"}]
2017-02-23 05:07:19	[{"keyword":"#gudegkendilkeraton","from":"2017-02-21","mode":"submitSocial","container":"all","username":"arwin"}]
2017-02-23 05:07:21	[{"keyword":"#gadogadobutika","from":"2017-02-21","mode":"submitSocial","container":"all","username":"arwin"}]
2017-02-23 05:07:24	[{"keyword":"#mtvhottest","from":"2017-02-21","mode":"submitSocial","container":"all","username":"arwin"}]
2017-02-23 05:07:26	[{"keyword":"#dimsumcjdw","from":"2017-02-21","mode":"submitSocial","container":"all","username":"arwin"}]
2017-02-23 05:07:28	[{"keyword":"#pecelmadiunmbakniek","from":"2017-02-21","mode":"submitSocial","container":"all","username":"arwin"}]
2017-02-23 05:07:31	[{"keyword":"#depotarema","from":"2017-02-21","mode":"submitSocial","container":"all","username":"arwin"}]
2017-02-23 05:07:33	[{"keyword":"@bni46","from":"2017-02-21","mode":"submitSocial","container":"all","username":"arwin"}]
2017-02-23 05:07:36	[{"keyword":"@bankbri_id","from":"2017-02-21","mode":"submitSocial","container":"all","username":"arwin"}]
2017-02-23 05:07:38	[{"keyword":"#bni46","from":"2017-02-21","mode":"submitSocial","container":"all","username":"arwin"}]
2017-02-23 05:07:45	[{"keyword":"macet","from":"2017-02-21","mode":"submitSocial","container":"all","username":"arwin"}]
2017-02-23 05:07:47	[{"keyword":"#selamatpagi","from":"2017-02-21","mode":"submitSocial","container":"all","username":"arwin"}]
2017-02-23 05:07:49	[{"keyword":"#selamatmalam","from":"2017-02-21","mode":"submitSocial","container":"all","username":"arwin"}]
2017-02-23 05:07:52	[{"keyword":"@884globalradio","from":"2017-02-21","mode":"submitSocial","container":"all","username":"arwin"}]
2017-02-23 05:07:54	[{"keyword":"@day_trans","from":"2017-02-21","mode":"submitSocial","container":"all","username":"arwin"}]
2017-02-23 05:07:57	[{"keyword":"@kencanavoyage","from":"2017-02-21","mode":"submitSocial","container":"all","username":"arwin"}]
2017-02-23 05:07:59	[{"keyword":"@jukebox5d","from":"2017-02-21","mode":"submitSocial","container":"all","username":"arwin"}]
2017-02-23 05:08:01	[{"keyword":"#mtvhottest","from":"2017-02-21","mode":"submitSocial","container":"all","username":"arwin"}]
2017-02-23 05:08:04	[{"keyword":"#semangatpagi","from":"2017-02-21","mode":"submitSocial","container":"all","username":"arwin"}]
2017-02-23 05:08:06	[{"keyword":"lifebuoy","from":"2017-02-21","mode":"submitSocial","container":"all","username":"arwin"}]
2017-02-23 05:08:14	[{"keyword":"jokowi","from":"2017-02-21","mode":"submitSocial","container":"all","username":"arwin"}]
2017-02-23 05:08:23	[{"keyword":"obama","from":"2017-02-21","mode":"submitSocial","container":"all","username":"arwin"}]
2017-02-23 05:08:26	[{"keyword":"starwars","from":"2017-02-21","mode":"submitSocial","container":"all","username":"arwin"}]
2017-02-23 05:08:31	[{"keyword":"jonan","from":"2017-02-21","mode":"submitSocial","container":"all","username":"arwin"}]
2017-02-23 05:08:42	[{"keyword":"pagi","from":"2017-02-21","mode":"submitSocial","container":"all","username":"arwin"}]
2017-02-23 05:08:45	[{"keyword":"sampoerna","from":"2017-02-21","mode":"submitSocial","container":"all","username":"arwin"}]
2017-02-23 05:08:49	[{"keyword":"djarum","from":"2017-02-21","mode":"submitSocial","container":"all","username":"arwin"}]
2017-02-23 05:08:51	[{"keyword":"#semangatpagi","from":"2017-02-21","mode":"submitSocial","container":"all","username":"arwin"}]
2017-02-23 05:08:53	[{"keyword":"#generaksi8","from":"2017-02-21","mode":"submitSocial","container":"all","username":"arwin"}]
2017-02-23 05:08:55	[{"keyword":"#365alasan","from":"2017-02-21","mode":"submitSocial","container":"all","username":"arwin"}]
2017-02-23 05:08:58	[{"keyword":"weew","from":"2017-02-21","mode":"submitSocial","container":"all","username":"arwin"}]
2017-02-23 05:09:07	[{"keyword":"testing","from":"2017-02-21","mode":"submitSocial","container":"all","username":"arwin"}]
2017-02-23 05:09:10	[{"keyword":"#kopaja","from":"2017-02-21","mode":"submitSocial","container":"all","username":"arwin"}]
2017-02-23 05:09:12	[{"keyword":"#genkuisinsideout","from":"2017-02-21","mode":"submitSocial","container":"all","username":"arwin"}]
2017-02-23 05:09:15	[{"keyword":"starwars","from":"2017-02-21","mode":"submitSocial","container":"all","username":"arwin"}]
2017-02-23 05:09:18	[{"keyword":"#kopaja","from":"2017-02-21","mode":"submitSocial","container":"all","username":"arwin"}]
2017-02-23 05:09:21	[{"keyword":"mldspot","from":"2017-02-21","mode":"submitSocial","container":"all","username":"arwin"}]
2017-02-23 05:09:24	[{"keyword":"pbdjarum","from":"2017-02-21","mode":"submitSocial","container":"all","username":"arwin"}]
2017-02-23 05:09:27	[{"keyword":"temannabati","from":"2017-02-21","mode":"submitSocial","container":"all","username":"arwin"}]
2017-02-23 05:09:30	[{"keyword":"nextar","from":"2017-02-21","mode":"submitSocial","container":"all","username":"arwin"}]
2017-02-23 05:09:33	[{"keyword":"jokowo","from":"2017-02-21","mode":"submitSocial","container":"all","username":"arwin"}]
2017-02-23 05:09:37	[{"keyword":"prabowo","from":"2017-02-21","mode":"submitSocial","container":"all","username":"arwin"}]
2017-02-23 05:09:39	[{"keyword":"sudirman said","from":"2017-02-21","mode":"submitSocial","container":"all","username":"arwin"}]
2017-02-23 05:09:52	[{"keyword":"ahok","from":"2017-02-21","mode":"submitSocial","container":"all","username":"arwin"}]
2017-02-23 05:09:55	[{"keyword":"setyanovanto","from":"2017-02-21","mode":"submitSocial","container":"all","username":"arwin"}]
2017-02-23 05:10:03	[{"keyword":"jokowi","from":"2017-02-21","mode":"submitSocial","container":"all","username":"arwin"}]
2017-02-23 05:10:17	[{"keyword":"ahok","from":"2017-02-21","mode":"submitSocial","container":"all","username":"arwin"}]
2017-02-23 05:10:20	[{"keyword":"prabowo","from":"2017-02-21","mode":"submitSocial","container":"all","username":"arwin"}]
2017-02-23 05:10:23	[{"keyword":"sudirman said","from":"2017-02-21","mode":"submitSocial","container":"all","username":"arwin"}]
2017-02-23 05:10:25	[{"keyword":"setyanovanto","from":"2017-02-21","mode":"submitSocial","container":"all","username":"arwin"}]
2017-02-23 05:10:30	[{"keyword":"galau","from":"2017-02-21","mode":"submitSocial","container":"all","username":"arwin"}]
2017-02-23 05:10:32	[{"keyword":"#prestasiindonesia","from":"2017-02-21","mode":"submitSocial","container":"all","username":"arwin"}]
2017-02-23 05:10:35	[{"keyword":"@tw_debi","from":"2017-02-21","mode":"submitSocial","container":"all","username":"arwin"}]
2017-02-23 05:10:37	[{"keyword":"@officialfastron","from":"2017-02-21","mode":"submitSocial","container":"all","username":"arwin"}]
2017-02-23 05:10:40	[{"keyword":"@citibankid","from":"2017-02-21","mode":"submitSocial","container":"all","username":"arwin"}]
2017-02-23 05:10:42	[{"keyword":"@jak101fm","from":"2017-02-21","mode":"submitSocial","container":"all","username":"arwin"}]
2017-02-23 05:10:45	[{"keyword":"@genfm","from":"2017-02-21","mode":"submitSocial","container":"all","username":"arwin"}]
