2017-12-13 05:00:03	worker	@987genfm;2017-12-11 - 2017-12-11;submitSocial;all;arwin
2017-12-13 05:00:07	worker	@101jakfm;2017-12-11 - 2017-12-11;submitSocial;all;arwin
2017-12-13 05:00:10	worker	@prambors;2017-12-11 - 2017-12-11;submitSocial;all;arwin
2017-12-13 05:00:13	worker	@hardrockfm;2017-12-11 - 2017-12-11;submitSocial;all;arwin
2017-12-13 05:00:16	worker	@kisfmjakarta;2017-12-11 - 2017-12-11;submitSocial;all;arwin
2017-12-13 05:00:19	worker	@delta_fm;2017-12-11 - 2017-12-11;submitSocial;all;arwin
2017-12-13 05:00:22	worker	@traxfmjkt;2017-12-11 - 2017-12-11;submitSocial;all;arwin
2017-12-13 05:00:24	worker	@iradiojakarta;2017-12-11 - 2017-12-11;submitSocial;all;arwin
2017-12-13 05:00:27	worker	@indika9160fm;2017-12-11 - 2017-12-11;submitSocial;all;arwin
2017-12-13 05:00:30	worker	@shellindonesia;2017-12-11 - 2017-12-11;submitSocial;all;arwin
2017-12-13 05:00:32	worker	@vpowerfans;2017-12-11 - 2017-12-11;submitSocial;all;arwin
2017-12-13 05:00:35	worker	@pertamaxind;2017-12-11 - 2017-12-11;submitSocial;all;arwin
2017-12-13 05:00:37	worker	@ptpertamina;2017-12-11 - 2017-12-11;submitSocial;all;arwin
2017-12-13 05:00:40	worker	@OZRadioJakarta;2017-12-11 - 2017-12-11;submitSocial;all;arwin
2017-12-13 05:00:42	worker	@CosmopolitanFM;2017-12-11 - 2017-12-11;submitSocial;all;arwin
2017-12-13 05:00:45	worker	@mustang88fm;2017-12-11 - 2017-12-11;submitSocial;all;arwin
2017-12-13 05:00:48	worker	@debabaz;2017-12-11 - 2017-12-11;submitSocial;all;arwin
2017-12-13 05:00:50	worker	@detikcom;2017-12-11 - 2017-12-11;submitSocial;all;arwin
2017-12-13 05:00:53	worker	@radioelshinta;2017-12-11 - 2017-12-11;submitSocial;all;arwin
2017-12-13 05:00:56	worker	@cinema21;2017-12-11 - 2017-12-11;submitSocial;all;arwin
2017-12-13 05:00:58	worker	@OfficialRCTI;2017-12-11 - 2017-12-11;submitSocial;all;arwin
2017-12-13 05:01:01	worker	@TRANSTV_CORP;2017-12-11 - 2017-12-11;submitSocial;all;arwin
2017-12-13 05:01:04	worker	@TRANS7;2017-12-11 - 2017-12-11;submitSocial;all;arwin
2017-12-13 05:01:06	worker	@Metro_TV;2017-12-11 - 2017-12-11;submitSocial;all;arwin
2017-12-13 05:01:09	worker	@tvOneNews;2017-12-11 - 2017-12-11;submitSocial;all;arwin
2017-12-13 05:01:12	worker	@whatsonANTV;2017-12-11 - 2017-12-11;submitSocial;all;arwin
2017-12-13 05:01:14	worker	@SCTV_;2017-12-11 - 2017-12-11;submitSocial;all;arwin
2017-12-13 05:01:18	worker	@KompasTV;2017-12-11 - 2017-12-11;submitSocial;all;arwin
2017-12-13 05:01:21	worker	@netmediatama;2017-12-11 - 2017-12-11;submitSocial;all;arwin
2017-12-13 05:01:23	worker	@Globaltvseru;2017-12-11 - 2017-12-11;submitSocial;all;arwin
2017-12-13 05:01:26	worker	@JaktvCom;2017-12-11 - 2017-12-11;submitSocial;all;arwin
2017-12-13 05:01:28	worker	@TVRINasional;2017-12-11 - 2017-12-11;submitSocial;all;arwin
2017-12-13 05:01:31	worker	@ochannelupdates;2017-12-11 - 2017-12-11;submitSocial;all;arwin
2017-12-13 05:01:33	worker	@IndosiarID;2017-12-11 - 2017-12-11;submitSocial;all;arwin
2017-12-13 05:01:36	worker	@kompascom;2017-12-11 - 2017-12-11;submitSocial;all;arwin
2017-12-13 05:01:40	worker	@merdekadotcom;2017-12-11 - 2017-12-11;submitSocial;all;arwin
2017-12-13 05:01:43	worker	@MIdotcom;2017-12-11 - 2017-12-11;submitSocial;all;arwin
2017-12-13 05:01:45	worker	@tempodotco;2017-12-11 - 2017-12-11;submitSocial;all;arwin
2017-12-13 05:01:48	worker	@motion975fm;2017-12-11 - 2017-12-11;submitSocial;all;arwin
2017-12-13 05:01:50	worker	@_radiotoday;2017-12-11 - 2017-12-11;submitSocial;all;arwin
2017-12-13 05:01:53	worker	@radioinfo;2017-12-11 - 2017-12-11;submitSocial;all;arwin
2017-12-13 05:01:55	worker	@979FeMaleRadio;2017-12-11 - 2017-12-11;submitSocial;all;arwin
2017-12-13 05:01:58	worker	@WomanRadio943FM;2017-12-11 - 2017-12-11;submitSocial;all;arwin
2017-12-13 05:02:00	worker	@VRadioFM;2017-12-11 - 2017-12-11;submitSocial;all;arwin
2017-12-13 05:02:03	worker	@UFM947;2017-12-11 - 2017-12-11;submitSocial;all;arwin
2017-12-13 05:02:05	worker	@VIVAnews;2017-12-11 - 2017-12-11;submitSocial;all;arwin
2017-12-13 05:02:07	worker	@antaranews;2017-12-11 - 2017-12-11;submitSocial;all;arwin
2017-12-13 05:02:10	worker	@tribunnews;2017-12-11 - 2017-12-11;submitSocial;all;arwin
2017-12-13 05:02:13	worker	@okezonenews;2017-12-11 - 2017-12-11;submitSocial;all;arwin
2017-12-13 05:02:15	worker	@Beritasatu;2017-12-11 - 2017-12-11;submitSocial;all;arwin
2017-12-13 05:02:18	worker	@rollingstoneina;2017-12-11 - 2017-12-11;submitSocial;all;arwin
2017-12-13 05:02:20	worker	@FIMELAdotcom;2017-12-11 - 2017-12-11;submitSocial;all;arwin
2017-12-13 05:02:23	worker	@KapanLagicom;2017-12-11 - 2017-12-11;submitSocial;all;arwin
2017-12-13 05:02:25	worker	@KompasEnt ;2017-12-11 - 2017-12-11;submitSocial;all;arwin
2017-12-13 05:02:28	worker	@HaiMagazine;2017-12-11 - 2017-12-11;submitSocial;all;arwin
2017-12-13 05:02:30	worker	@JakartaVenue;2017-12-11 - 2017-12-11;submitSocial;all;arwin
2017-12-13 05:02:32	worker	@SeputarEvent;2017-12-11 - 2017-12-11;submitSocial;all;arwin
2017-12-13 05:02:35	worker	@ismayaLive;2017-12-11 - 2017-12-11;submitSocial;all;arwin
2017-12-13 05:02:37	worker	@ECEntertainment;2017-12-11 - 2017-12-11;submitSocial;all;arwin
2017-12-13 05:02:40	worker	@synergism_En;2017-12-11 - 2017-12-11;submitSocial;all;arwin
2017-12-13 05:02:42	worker	@Urbanbandung;2017-12-11 - 2017-12-11;submitSocial;all;arwin
2017-12-13 05:02:44	worker	@Urbanrkm995;2017-12-11 - 2017-12-11;submitSocial;all;arwin
2017-12-13 05:02:46	worker	@Garuda_Promo;2017-12-11 - 2017-12-11;submitSocial;all;arwin
2017-12-13 05:02:49	worker	@AirAsiaID;2017-12-11 - 2017-12-11;submitSocial;all;arwin
2017-12-13 05:02:51	worker	@KAI121;2017-12-11 - 2017-12-11;submitSocial;all;arwin
2017-12-13 05:02:53	worker	@Unilever;2017-12-11 - 2017-12-11;submitSocial;all;arwin
2017-12-13 05:02:56	worker	@Nestle;2017-12-11 - 2017-12-11;submitSocial;all;arwin
2017-12-13 05:02:59	worker	@CocaCola;2017-12-11 - 2017-12-11;submitSocial;all;arwin
2017-12-13 05:03:04	worker	@CNN;2017-12-11 - 2017-12-11;submitSocial;all;arwin
2017-12-13 05:03:11	worker	@MTV;2017-12-11 - 2017-12-11;submitSocial;all;arwin
2017-12-13 05:03:15	worker	@channelv;2017-12-11 - 2017-12-11;submitSocial;all;arwin
2017-12-13 05:03:17	worker	@iTunesMusic;2017-12-11 - 2017-12-11;submitSocial;all;arwin
2017-12-13 05:03:20	worker	@mashable;2017-12-11 - 2017-12-11;submitSocial;all;arwin
2017-12-13 05:03:23	worker	@decacaz;2017-12-11 - 2017-12-11;submitSocial;all;arwin
2017-12-13 05:03:26	worker	@radiobaru967FM;2017-12-11 - 2017-12-11;submitSocial;all;arwin
2017-12-13 05:03:28	worker	@967HitzFM;2017-12-11 - 2017-12-11;submitSocial;all;arwin
2017-12-13 05:03:30	worker	@TVGuide;2017-12-11 - 2017-12-11;submitSocial;all;arwin
2017-12-13 05:03:33	worker	@XL123;2017-12-11 - 2017-12-11;submitSocial;all;arwin
2017-12-13 05:03:35	worker	@triindonesia;2017-12-11 - 2017-12-11;submitSocial;all;arwin
2017-12-13 05:03:38	worker	@kaskus;2017-12-11 - 2017-12-11;submitSocial;all;arwin
2017-12-13 05:03:41	worker	@Studio_XXI;2017-12-11 - 2017-12-11;submitSocial;all;arwin
2017-12-13 05:03:43	worker	@blitzmegaplex;2017-12-11 - 2017-12-11;submitSocial;all;arwin
2017-12-13 05:03:45	worker	@alfamartku;2017-12-11 - 2017-12-11;submitSocial;all;arwin
2017-12-13 05:03:47	worker	@Carrefour_ID;2017-12-11 - 2017-12-11;submitSocial;all;arwin
2017-12-13 05:03:50	worker	@BBCBreaking;2017-12-11 - 2017-12-11;submitSocial;all;arwin
2017-12-13 05:03:54	worker	@Forbes;2017-12-11 - 2017-12-11;submitSocial;all;arwin
2017-12-13 05:04:00	worker	@BensRadio;2017-12-11 - 2017-12-11;submitSocial;all;arwin
2017-12-13 05:04:02	worker	@instagram;2017-12-11 - 2017-12-11;submitSocial;all;arwin
2017-12-13 05:04:09	worker	@Pinterest;2017-12-11 - 2017-12-11;submitSocial;all;arwin
2017-12-13 05:04:12	worker	@google;2017-12-11 - 2017-12-11;submitSocial;all;arwin
2017-12-13 05:04:20	worker	@Pertaminalub;2017-12-11 - 2017-12-11;submitSocial;all;arwin
2017-12-13 05:04:22	worker	@InfoLalinTol;2017-12-11 - 2017-12-11;submitSocial;all;arwin
2017-12-13 05:04:24	worker	@PTJASAMARGA;2017-12-11 - 2017-12-11;submitSocial;all;arwin
2017-12-13 05:04:27	worker	@cititransindo;2017-12-11 - 2017-12-11;submitSocial;all;arwin
2017-12-13 05:04:29	worker	#semangatpagisuperr;2017-12-11 - 2017-12-11;submitSocial;all;arwin
2017-12-13 05:04:31	worker	#genkuisinsideout;2017-12-11 - 2017-12-11;submitSocial;all;arwin
2017-12-13 05:04:33	worker	#semangatpagi;2017-12-11 - 2017-12-11;submitSocial;all;arwin
2017-12-13 05:04:36	worker	#dikamar;2017-12-11 - 2017-12-11;submitSocial;all;arwin
2017-12-13 05:04:38	worker	#kopaja;2017-12-11 - 2017-12-11;submitSocial;all;arwin
2017-12-13 05:04:41	worker	#generaksi8;2017-12-11 - 2017-12-11;submitSocial;all;arwin
2017-12-13 05:04:43	worker	#hitztsp;2017-12-11 - 2017-12-11;submitSocial;all;arwin
2017-12-13 05:04:46	worker	#np;2017-12-11 - 2017-12-11;submitSocial;all;arwin
2017-12-13 05:04:49	worker	#hitzlivestage;2017-12-11 - 2017-12-11;submitSocial;all;arwin
2017-12-13 05:04:51	worker	#thefreaks;2017-12-11 - 2017-12-11;submitSocial;all;arwin
2017-12-13 05:04:54	worker	#hitzsirkuspagi;2017-12-11 - 2017-12-11;submitSocial;all;arwin
2017-12-13 05:04:56	worker	#hitzathlon;2017-12-11 - 2017-12-11;submitSocial;all;arwin
2017-12-13 05:04:58	worker	#hitzzombie;2017-12-11 - 2017-12-11;submitSocial;all;arwin
2017-12-13 05:05:00	worker	#hitzkalong;2017-12-11 - 2017-12-11;submitSocial;all;arwin
2017-12-13 05:05:03	worker	#hitzbebas;2017-12-11 - 2017-12-11;submitSocial;all;arwin
2017-12-13 05:05:06	worker	#hitzhorehara;2017-12-11 - 2017-12-11;submitSocial;all;arwin
2017-12-13 05:05:08	worker	@ZaloraID;2017-12-11 - 2017-12-11;submitSocial;all;arwin
2017-12-13 05:05:11	worker	@OLX_Indonesia;2017-12-11 - 2017-12-11;submitSocial;all;arwin
2017-12-13 05:05:13	worker	@LazadaID;2017-12-11 - 2017-12-11;submitSocial;all;arwin
2017-12-13 05:05:17	worker	@utrippers;2017-12-11 - 2017-12-11;submitSocial;all;arwin
2017-12-13 05:05:19	worker	@GoGobot;2017-12-11 - 2017-12-11;submitSocial;all;arwin
2017-12-13 05:05:22	worker	@viatortravel;2017-12-11 - 2017-12-11;submitSocial;all;arwin
2017-12-13 05:05:24	worker	@alandakariza;2017-12-11 - 2017-12-11;submitSocial;all;arwin
2017-12-13 05:05:27	worker	@gagasmedia;2017-12-11 - 2017-12-11;submitSocial;all;arwin
2017-12-13 05:05:29	worker	@welovehonda;2017-12-11 - 2017-12-11;submitSocial;all;arwin
2017-12-13 05:05:32	worker	@SuzukiMotorID;2017-12-11 - 2017-12-11;submitSocial;all;arwin
2017-12-13 05:05:34	worker	@kawasakilovers;2017-12-11 - 2017-12-11;submitSocial;all;arwin
2017-12-13 05:05:36	worker	@yamahaindonesia;2017-12-11 - 2017-12-11;submitSocial;all;arwin
2017-12-13 05:05:38	worker	@tripanzee;2017-12-11 - 2017-12-11;submitSocial;all;arwin
2017-12-13 05:05:41	worker	@arnoldpoernomo;2017-12-11 - 2017-12-11;submitSocial;all;arwin
2017-12-13 05:05:43	worker	@nicsap;2017-12-11 - 2017-12-11;submitSocial;all;arwin
2017-12-13 05:05:46	worker	@tiket2;2017-12-11 - 2017-12-11;submitSocial;all;arwin
2017-12-13 05:05:48	worker	@traveloka;2017-12-11 - 2017-12-11;submitSocial;all;arwin
2017-12-13 05:05:51	worker	@wego;2017-12-11 - 2017-12-11;submitSocial;all;arwin
2017-12-13 05:05:54	worker	@agoda;2017-12-11 - 2017-12-11;submitSocial;all;arwin
2017-12-13 05:05:57	worker	#salahsambung;2017-12-11 - 2017-12-11;submitSocial;all;arwin
2017-12-13 05:05:59	worker	#tulalit;2017-12-11 - 2017-12-11;submitSocial;all;arwin
2017-12-13 05:06:02	worker	#pestageneraksi8;2017-12-11 - 2017-12-11;submitSocial;all;arwin
2017-12-13 05:06:04	worker	#ganaskustik;2017-12-11 - 2017-12-11;submitSocial;all;arwin
2017-12-13 05:06:07	worker	#lnhot20;2017-12-11 - 2017-12-11;submitSocial;all;arwin
2017-12-13 05:06:09	worker	@TripAdvisor;2017-12-11 - 2017-12-11;submitSocial;all;arwin
2017-12-13 05:06:11	worker	@google;2017-12-11 - 2017-12-11;submitSocial;all;arwin
2017-12-13 05:06:18	worker	@Telkomsel;2017-12-11 - 2017-12-11;submitSocial;all;arwin
2017-12-13 05:06:22	worker	@indosat;2017-12-11 - 2017-12-11;submitSocial;all;arwin
2017-12-13 05:06:24	worker	@bahanafmjkt;2017-12-11 - 2017-12-11;submitSocial;all;2017-12-13 05:06:30	worker	@sonorafm92;2017-12-11 - 2017-12-11;submitSocial;all;arwin
2017-12-13 05:06:33	worker	@litefm1058;2017-12-11 - 2017-12-11;submitSocial;all;arwin
2017-12-13 05:06:35	worker	@Bravaradio;2017-12-11 - 2017-12-11;submitSocial;all;arwin
2017-12-13 05:06:37	worker	#dgitm;2017-12-11 - 2017-12-11;submitSocial;all;arwin
2017-12-13 05:06:40	worker	#hitsalaprambors;2017-12-11 - 2017-12-11;submitSocial;all;arwin
2017-12-13 05:06:42	worker	#reqprambors;2017-12-11 - 2017-12-11;submitSocial;all;arwin
2017-12-13 05:06:45	worker	#thedandees;2017-12-11 - 2017-12-11;submitSocial;all;arwin
2017-12-13 05:06:47	worker	#pramborsquiz;2017-12-11 - 2017-12-11;submitSocial;all;arwin
2017-12-13 05:06:49	worker	#jeliprambors;2017-12-11 - 2017-12-11;submitSocial;all;arwin
2017-12-13 05:06:51	worker	#jodohinprambors;2017-12-11 - 2017-12-11;submitSocial;all;arwin
2017-12-13 05:06:54	worker	#ubahdenganbicara;2017-12-11 - 2017-12-11;submitSocial;all;arwin
2017-12-13 05:06:56	worker	#pramborschat;2017-12-11 - 2017-12-11;submitSocial;all;arwin
2017-12-13 05:06:58	worker	#tweetforduit;2017-12-11 - 2017-12-11;submitSocial;all;arwin
2017-12-13 05:07:00	worker	#joki3in1;2017-12-11 - 2017-12-11;submitSocial;all;arwin
2017-12-13 05:07:02	worker	#sarapanseru;2017-12-11 - 2017-12-11;submitSocial;all;arwin
2017-12-13 05:07:05	worker	#rawonkaneloop;2017-12-11 - 2017-12-11;submitSocial;all;arwin
2017-12-13 05:07:07	worker	#gudegkendilkeraton;2017-12-11 - 2017-12-11;submitSocial;all;arwin
2017-12-13 05:07:09	worker	#gadogadobutika;2017-12-11 - 2017-12-11;submitSocial;all;arwin
2017-12-13 05:07:11	worker	#mtvhottest;2017-12-11 - 2017-12-11;submitSocial;all;arwin
2017-12-13 05:07:14	worker	#dimsumcjdw;2017-12-11 - 2017-12-11;submitSocial;all;arwin
2017-12-13 05:07:16	worker	#pecelmadiunmbakniek;2017-12-11 - 2017-12-11;submitSocial;all;arwin
2017-12-13 05:07:18	worker	#depotarema;2017-12-11 - 2017-12-11;submitSocial;all;arwin
2017-12-13 05:07:21	worker	@BNI46;2017-12-11 - 2017-12-11;submitSocial;all;arwin
2017-12-13 05:07:23	worker	@BANKBRI_ID;2017-12-11 - 2017-12-11;submitSocial;all;arwin
2017-12-13 05:07:25	worker	#bni46;2017-12-11 - 2017-12-11;submitSocial;all;arwin
2017-12-13 05:07:28	worker	macet;2017-12-11 - 2017-12-11;submitSocial;all;arwin
2017-12-13 05:07:34	worker	#selamatpagi;2017-12-11 - 2017-12-11;submitSocial;all;arwin
2017-12-13 05:07:36	worker	#selamatmalam;2017-12-11 - 2017-12-11;submitSocial;all;arwin
2017-12-13 05:07:38	worker	@884GlobalRadio;2017-12-11 - 2017-12-11;submitSocial;all;arwin
2017-12-13 05:07:41	worker	@day_trans;2017-12-11 - 2017-12-11;submitSocial;all;arwin
2017-12-13 05:07:43	worker	@kencanavoyage;2017-12-11 - 2017-12-11;submitSocial;all;arwin
2017-12-13 05:07:45	worker	@jukebox5d;2017-12-11 - 2017-12-11;submitSocial;all;arwin
2017-12-13 05:07:48	worker	#mtvhottest;2017-12-11 - 2017-12-11;submitSocial;all;arwin
2017-12-13 05:07:50	worker	#semangatpagi;2017-12-11 - 2017-12-11;submitSocial;all;arwin
2017-12-13 05:07:52	worker	lifebuoy;2017-12-11 - 2017-12-11;submitSocial;all;arwin
2017-12-13 05:07:55	worker	jokowi;2017-12-11 - 2017-12-11;submitSocial;all;arwin
2017-12-13 05:08:01	worker	obama;2017-12-11 - 2017-12-11;submitSocial;all;arwin
2017-12-13 05:08:09	worker	starwars;2017-12-11 - 2017-12-11;submitSocial;all;arwin
2017-12-13 05:08:12	worker	jonan;2017-12-11 - 2017-12-11;submitSocial;all;arwin
2017-12-13 05:08:15	worker	pagi;2017-12-11 - 2017-12-11;submitSocial;all;arwin
2017-12-13 05:08:24	worker	sampoerna;2017-12-11 - 2017-12-11;submitSocial;all;arwin
2017-12-13 05:08:27	worker	djarum;2017-12-11 - 2017-12-11;submitSocial;all;arwin
2017-12-13 05:08:31	worker	#semangatpagi;2017-12-11 - 2017-12-11;submitSocial;all;arwin
2017-12-13 05:08:34	worker	#generaksi8;2017-12-11 - 2017-12-11;submitSocial;all;arwin
2017-12-13 05:08:36	worker	#365alasan;2017-12-11 - 2017-12-11;submitSocial;all;arwin
2017-12-13 05:08:39	worker	weew;2017-12-11 - 2017-12-11;submitSocial;all;arwin
2017-12-13 05:08:42	worker	testing;2017-12-11 - 2017-12-11;submitSocial;all;arwin
2017-12-13 05:08:49	worker	#kopaja;2017-12-11 - 2017-12-11;submitSocial;all;arwin
2017-12-13 05:08:52	worker	#genkuisinsideout;2017-12-11 - 2017-12-11;submitSocial;all;arwin
2017-12-13 05:08:54	worker	starwars;2017-12-11 - 2017-12-11;submitSocial;all;arwin
2017-12-13 05:08:57	worker	#kopaja;2017-12-11 - 2017-12-11;submitSocial;all;arwin
2017-12-13 05:09:00	worker	mldspot;2017-12-11 - 2017-12-11;submitSocial;all;arwin
2017-12-13 05:09:03	worker	PBDjarum;2017-12-11 - 2017-12-11;submitSocial;all;arwin
2017-12-13 05:09:05	worker	TemanNabati;2017-12-11 - 2017-12-11;submitSocial;all;arwin
2017-12-13 05:09:08	worker	Nextar;2017-12-11 - 2017-12-11;submitSocial;all;arwin
2017-12-13 05:09:11	worker	jokowo;2017-12-11 - 2017-12-11;submitSocial;all;arwin
2017-12-13 05:09:14	worker	prabowo;2017-12-11 - 2017-12-11;submitSocial;all;arwin
2017-12-13 05:09:17	worker	sudirman said;2017-12-11 - 2017-12-11;submitSocial;all;arwin
2017-12-13 05:09:19	worker	ahok;2017-12-11 - 2017-12-11;submitSocial;all;arwin
2017-12-13 05:09:27	worker	setyanovanto;2017-12-11 - 2017-12-11;submitSocial;all;arwin
2017-12-13 05:09:29	worker	jokowi;2017-12-11 - 2017-12-11;submitSocial;all;arwin
2017-12-13 05:09:36	worker	ahok;2017-12-11 - 2017-12-11;submitSocial;all;arwin
2017-12-13 05:09:43	worker	prabowo;2017-12-11 - 2017-12-11;submitSocial;all;arwin
2017-12-13 05:09:46	worker	sudirman said;2017-12-11 - 2017-12-11;submitSocial;all;arwin
2017-12-13 05:09:49	worker	setyanovanto;2017-12-11 - 2017-12-11;submitSocial;all;arwin
2017-12-13 05:09:51	worker	galau;2017-12-11 - 2017-12-11;submitSocial;all;arwin
2017-12-13 05:09:55	worker	#prestasiindonesia;2017-12-11 - 2017-12-11;submitSocial;all;arwin
2017-12-13 05:09:57	worker	@Tw_Debi;2017-12-11 - 2017-12-11;submitSocial;all;arwin
2017-12-13 05:10:00	worker	@OfficialFastron;2017-12-11 - 2017-12-11;submitSocial;all;arwin
2017-12-13 05:10:03	worker	@CitibankID;2017-12-11 - 2017-12-11;submitSocial;all;arwin
2017-12-13 05:10:06	worker	@jak101fm;2017-12-11 - 2017-12-11;submitSocial;all;arwin
2017-12-13 05:10:08	worker	@genfm;2017-12-11 - 2017-12-11;submitSocial;all;arwin
