2017-10-26 05:00:02	worker	@987genfm;2017-10-24 - 2017-10-24;submitSocial;all;arwin
2017-10-26 05:00:08	worker	@101jakfm;2017-10-24 - 2017-10-24;submitSocial;all;arwin
2017-10-26 05:00:11	worker	@prambors;2017-10-24 - 2017-10-24;submitSocial;all;arwin
2017-10-26 05:00:15	worker	@hardrockfm;2017-10-24 - 2017-10-24;submitSocial;all;arwin
2017-10-26 05:00:18	worker	@kisfmjakarta;2017-10-24 - 2017-10-24;submitSocial;all;arwin
2017-10-26 05:00:20	worker	@delta_fm;2017-10-24 - 2017-10-24;submitSocial;all;arwin
2017-10-26 05:00:23	worker	@traxfmjkt;2017-10-24 - 2017-10-24;submitSocial;all;arwin
2017-10-26 05:00:26	worker	@iradiojakarta;2017-10-24 - 2017-10-24;submitSocial;all;arwin
2017-10-26 05:00:29	worker	@indika9160fm;2017-10-24 - 2017-10-24;submitSocial;all;arwin
2017-10-26 05:00:31	worker	@shellindonesia;2017-10-24 - 2017-10-24;submitSocial;all;arwin
2017-10-26 05:00:33	worker	@vpowerfans;2017-10-24 - 2017-10-24;submitSocial;all;arwin
2017-10-26 05:00:36	worker	@pertamaxind;2017-10-24 - 2017-10-24;submitSocial;all;arwin
2017-10-26 05:00:38	worker	@ptpertamina;2017-10-24 - 2017-10-24;submitSocial;all;arwin
2017-10-26 05:00:41	worker	@OZRadioJakarta;2017-10-24 - 2017-10-24;submitSocial;all;arwin
2017-10-26 05:00:43	worker	@CosmopolitanFM;2017-10-24 - 2017-10-24;submitSocial;all;arwin
2017-10-26 05:00:46	worker	@mustang88fm;2017-10-24 - 2017-10-24;submitSocial;all;arwin
2017-10-26 05:00:48	worker	@debabaz;2017-10-24 - 2017-10-24;submitSocial;all;arwin
2017-10-26 05:00:51	worker	@detikcom;2017-10-24 - 2017-10-24;submitSocial;all;arwin
2017-10-26 05:00:55	worker	@radioelshinta;2017-10-24 - 2017-10-24;submitSocial;all;arwin
2017-10-26 05:00:59	worker	@cinema21;2017-10-24 - 2017-10-24;submitSocial;all;arwin
2017-10-26 05:01:01	worker	@OfficialRCTI;2017-10-24 - 2017-10-24;submitSocial;all;arwin
2017-10-26 05:01:04	worker	@TRANSTV_CORP;2017-10-24 - 2017-10-24;submitSocial;all;arwin
2017-10-26 05:01:07	worker	@TRANS7;2017-10-24 - 2017-10-24;submitSocial;all;arwin
2017-10-26 05:01:09	worker	@Metro_TV;2017-10-24 - 2017-10-24;submitSocial;all;arwin
2017-10-26 05:01:14	worker	@tvOneNews;2017-10-24 - 2017-10-24;submitSocial;all;arwin
2017-10-26 05:01:17	worker	@whatsonANTV;2017-10-24 - 2017-10-24;submitSocial;all;arwin
2017-10-26 05:01:19	worker	@SCTV_;2017-10-24 - 2017-10-24;submitSocial;all;arwin
2017-10-26 05:01:22	worker	@KompasTV;2017-10-24 - 2017-10-24;submitSocial;all;arwin
2017-10-26 05:01:25	worker	@netmediatama;2017-10-24 - 2017-10-24;submitSocial;all;arwin
2017-10-26 05:01:28	worker	@Globaltvseru;2017-10-24 - 2017-10-24;submitSocial;all;arwin
2017-10-26 05:01:31	worker	@JaktvCom;2017-10-24 - 2017-10-24;submitSocial;all;arwin
2017-10-26 05:01:33	worker	@TVRINasional;2017-10-24 - 2017-10-24;submitSocial;all;arwin
2017-10-26 05:01:36	worker	@ochannelupdates;2017-10-24 - 2017-10-24;submitSocial;all;arwin
2017-10-26 05:01:38	worker	@IndosiarID;2017-10-24 - 2017-10-24;submitSocial;all;arwin
2017-10-26 05:01:41	worker	@kompascom;2017-10-24 - 2017-10-24;submitSocial;all;arwin
2017-10-26 05:01:46	worker	@merdekadotcom;2017-10-24 - 2017-10-24;submitSocial;all;arwin
2017-10-26 05:01:48	worker	@MIdotcom;2017-10-24 - 2017-10-24;submitSocial;all;arwin
2017-10-26 05:01:51	worker	@tempodotco;2017-10-24 - 2017-10-24;submitSocial;all;arwin
2017-10-26 05:01:54	worker	@motion975fm;2017-10-24 - 2017-10-24;submitSocial;all;arwin
2017-10-26 05:01:56	worker	@_radiotoday;2017-10-24 - 2017-10-24;submitSocial;all;arwin
2017-10-26 05:01:58	worker	@radioinfo;2017-10-24 - 2017-10-24;submitSocial;all;arwin
2017-10-26 05:02:01	worker	@979FeMaleRadio;2017-10-24 - 2017-10-24;submitSocial;all;arwin
2017-10-26 05:02:04	worker	@WomanRadio943FM;2017-10-24 - 2017-10-24;submitSocial;all;arwin
2017-10-26 05:02:06	worker	@VRadioFM;2017-10-24 - 2017-10-24;submitSocial;all;arwin
2017-10-26 05:02:09	worker	@UFM947;2017-10-24 - 2017-10-24;submitSocial;all;arwin
2017-10-26 05:02:11	worker	@VIVAnews;2017-10-24 - 2017-10-24;submitSocial;all;arwin
2017-10-26 05:02:14	worker	@antaranews;2017-10-24 - 2017-10-24;submitSocial;all;arwin
2017-10-26 05:02:17	worker	@tribunnews;2017-10-24 - 2017-10-24;submitSocial;all;arwin
2017-10-26 05:02:20	worker	@okezonenews;2017-10-24 - 2017-10-24;submitSocial;all;arwin
2017-10-26 05:02:23	worker	@Beritasatu;2017-10-24 - 2017-10-24;submitSocial;all;arwin
2017-10-26 05:02:25	worker	@rollingstoneina;2017-10-24 - 2017-10-24;submitSocial;all;arwin
2017-10-26 05:02:28	worker	@FIMELAdotcom;2017-10-24 - 2017-10-24;submitSocial;all;arwin
2017-10-26 05:02:30	worker	@KapanLagicom;2017-10-24 - 2017-10-24;submitSocial;all;arwin
2017-10-26 05:02:32	worker	@KompasEnt ;2017-10-24 - 2017-10-24;submitSocial;all;arwin
2017-10-26 05:02:35	worker	@HaiMagazine;2017-10-24 - 2017-10-24;submitSocial;all;arwin
2017-10-26 05:02:38	worker	@JakartaVenue;2017-10-24 - 2017-10-24;submitSocial;all;arwin
2017-10-26 05:02:40	worker	@SeputarEvent;2017-10-24 - 2017-10-24;submitSocial;all;arwin
2017-10-26 05:02:42	worker	@ismayaLive;2017-10-24 - 2017-10-24;submitSocial;all;arwin
2017-10-26 05:02:45	worker	@ECEntertainment;2017-10-24 - 2017-10-24;submitSocial;all;arwin
2017-10-26 05:02:47	worker	@synergism_En;2017-10-24 - 2017-10-24;submitSocial;all;arwin
2017-10-26 05:02:50	worker	@Urbanbandung;2017-10-24 - 2017-10-24;submitSocial;all;arwin
2017-10-26 05:02:52	worker	@Urbanrkm995;2017-10-24 - 2017-10-24;submitSocial;all;arwin
2017-10-26 05:02:54	worker	@Garuda_Promo;2017-10-24 - 2017-10-24;submitSocial;all;arwin
2017-10-26 05:02:56	worker	@AirAsiaID;2017-10-24 - 2017-10-24;submitSocial;all;arwin
2017-10-26 05:02:59	worker	@KAI121;2017-10-24 - 2017-10-24;submitSocial;all;arwin
2017-10-26 05:03:01	worker	@Unilever;2017-10-24 - 2017-10-24;submitSocial;all;arwin
2017-10-26 05:03:05	worker	@Nestle;2017-10-24 - 2017-10-24;submitSocial;all;arwin
2017-10-26 05:03:08	worker	@CocaCola;2017-10-24 - 2017-10-24;submitSocial;all;arwin
2017-10-26 05:03:12	worker	@CNN;2017-10-24 - 2017-10-24;submitSocial;all;arwin
2017-10-26 05:03:20	worker	@MTV;2017-10-24 - 2017-10-24;submitSocial;all;arwin
2017-10-26 05:03:24	worker	@channelv;2017-10-24 - 2017-10-24;submitSocial;all;arwin
2017-10-26 05:03:26	worker	@iTunesMusic;2017-10-24 - 2017-10-24;submitSocial;all;arwin
2017-10-26 05:03:28	worker	@mashable;2017-10-24 - 2017-10-24;submitSocial;all;arwin
2017-10-26 05:03:33	worker	@decacaz;2017-10-24 - 2017-10-24;submitSocial;all;arwin
2017-10-26 05:03:35	worker	@radiobaru967FM;2017-10-24 - 2017-10-24;submitSocial;all;arwin
2017-10-26 05:03:37	worker	@967HitzFM;2017-10-24 - 2017-10-24;submitSocial;all;arwin
2017-10-26 05:03:40	worker	@TVGuide;2017-10-24 - 2017-10-24;submitSocial;all;arwin
2017-10-26 05:03:43	worker	@XL123;2017-10-24 - 2017-10-24;submitSocial;all;arwin
2017-10-26 05:03:45	worker	@triindonesia;2017-10-24 - 2017-10-24;submitSocial;all;arwin
2017-10-26 05:03:48	worker	@kaskus;2017-10-24 - 2017-10-24;submitSocial;all;arwin
2017-10-26 05:03:51	worker	@Studio_XXI;2017-10-24 - 2017-10-24;submitSocial;all;arwin
2017-10-26 05:03:53	worker	@blitzmegaplex;2017-10-24 - 2017-10-24;submitSocial;all;arwin
2017-10-26 05:03:55	worker	@alfamartku;2017-10-24 - 2017-10-24;submitSocial;all;arwin
2017-10-26 05:03:57	worker	@Carrefour_ID;2017-10-24 - 2017-10-24;submitSocial;all;arwin
2017-10-26 05:04:00	worker	@BBCBreaking;2017-10-24 - 2017-10-24;submitSocial;all;arwin
2017-10-26 05:04:06	worker	@Forbes;2017-10-24 - 2017-10-24;submitSocial;all;arwin
2017-10-26 05:04:15	worker	@BensRadio;2017-10-24 - 2017-10-24;submitSocial;all;arwin
2017-10-26 05:04:17	worker	@instagram;2017-10-24 - 2017-10-24;submitSocial;all;arwin
2017-10-26 05:04:24	worker	@Pinterest;2017-10-24 - 2017-10-24;submitSocial;all;arwin
2017-10-26 05:04:27	worker	@google;2017-10-24 - 2017-10-24;submitSocial;all;arwin
2017-10-26 05:04:35	worker	@Pertaminalub;2017-10-24 - 2017-10-24;submitSocial;all;arwin
2017-10-26 05:04:37	worker	@InfoLalinTol;2017-10-24 - 2017-10-24;submitSocial;all;arwin
2017-10-26 05:04:40	worker	@PTJASAMARGA;2017-10-24 - 2017-10-24;submitSocial;all;arwin
2017-10-26 05:04:42	worker	@cititransindo;2017-10-24 - 2017-10-24;submitSocial;all;arwin
2017-10-26 05:04:44	worker	#semangatpagisuperr;2017-10-24 - 2017-10-24;submitSocial;all;arwin
2017-10-26 05:04:47	worker	#genkuisinsideout;2017-10-24 - 2017-10-24;submitSocial;all;arwin
2017-10-26 05:04:49	worker	#semangatpagi;2017-10-24 - 2017-10-24;submitSocial;all;arwin
2017-10-26 05:04:51	worker	#dikamar;2017-10-24 - 2017-10-24;submitSocial;all;arwin
2017-10-26 05:04:54	worker	#kopaja;2017-10-24 - 2017-10-24;submitSocial;all;arwin
2017-10-26 05:04:56	worker	#generaksi8;2017-10-24 - 2017-10-24;submitSocial;all;arwin
2017-10-26 05:04:58	worker	#hitztsp;2017-10-24 - 2017-10-24;submitSocial;all;arwin
2017-10-26 05:05:01	worker	#np;2017-10-24 - 2017-10-24;submitSocial;all;arwin
2017-10-26 05:05:05	worker	#hitzlivestage;2017-10-24 - 2017-10-24;submitSocial;all;arwin
2017-10-26 05:05:08	worker	#thefreaks;2017-10-24 - 2017-10-24;submitSocial;all;arwin
2017-10-26 05:05:11	worker	#hitzsirkuspagi;2017-10-24 - 2017-10-24;submitSocial;all;arwin
2017-10-26 05:05:13	worker	#hitzathlon;2017-10-24 - 2017-10-24;submitSocial;all;arwin
2017-10-26 05:05:16	worker	#hitzzombie;2017-10-24 - 2017-10-24;submitSocial;all;arwin
2017-10-26 05:05:18	worker	#hitzkalong;2017-10-24 - 2017-10-24;submitSocial;all;arwin
2017-10-26 05:05:20	worker	#hitzbebas;2017-10-24 - 2017-10-24;submitSocial;all;arwin
2017-10-26 05:05:23	worker	#hitzhorehara;2017-10-24 - 2017-10-24;submitSocial;all;arwin
2017-10-26 05:05:25	worker	@ZaloraID;2017-10-24 - 2017-10-24;submitSocial;all;arwin
2017-10-26 05:05:28	worker	@OLX_Indonesia;2017-10-24 - 2017-10-24;submitSocial;all;arwin
2017-10-26 05:05:30	worker	@LazadaID;2017-10-24 - 2017-10-24;submitSocial;all;arwin
2017-10-26 05:05:33	worker	@utrippers;2017-10-24 - 2017-10-24;submitSocial;all;arwin
2017-10-26 05:05:36	worker	@GoGobot;2017-10-24 - 2017-10-24;submitSocial;all;arwin
2017-10-26 05:05:39	worker	@viatortravel;2017-10-24 - 2017-10-24;submitSocial;all;arwin
2017-10-26 05:05:41	worker	@alandakariza;2017-10-24 - 2017-10-24;submitSocial;all;arwin
2017-10-26 05:05:43	worker	@gagasmedia;2017-10-24 - 2017-10-24;submitSocial;all;arwin
2017-10-26 05:05:46	worker	@welovehonda;2017-10-24 - 2017-10-24;submitSocial;all;arwin
2017-10-26 05:05:48	worker	@SuzukiMotorID;2017-10-24 - 2017-10-24;submitSocial;all;arwin
2017-10-26 05:05:51	worker	@kawasakilovers;2017-10-24 - 2017-10-24;submitSocial;all;arwin
2017-10-26 05:05:53	worker	@yamahaindonesia;2017-10-24 - 2017-10-24;submitSocial;all;arwin
2017-10-26 05:05:56	worker	@tripanzee;2017-10-24 - 2017-10-24;submitSocial;all;arwin
2017-10-26 05:05:58	worker	@arnoldpoernomo;2017-10-24 - 2017-10-24;submitSocial;all;arwin
2017-10-26 05:06:01	worker	@nicsap;2017-10-24 - 2017-10-24;submitSocial;all;arwin
2017-10-26 05:06:03	worker	@tiket2;2017-10-24 - 2017-10-24;submitSocial;all;arwin
2017-10-26 05:06:06	worker	@traveloka;2017-10-24 - 2017-10-24;submitSocial;all;arwin
2017-10-26 05:06:09	worker	@wego;2017-10-24 - 2017-10-24;submitSocial;all;arwin
2017-10-26 05:06:12	worker	@agoda;2017-10-24 - 2017-10-24;submitSocial;all;arwin
2017-10-26 05:06:15	worker	#salahsambung;2017-10-24 - 2017-10-24;submitSocial;all;arwin
2017-10-26 05:06:18	worker	#tulalit;2017-10-24 - 2017-10-24;submitSocial;all;arwin
2017-10-26 05:06:20	worker	#pestageneraksi8;2017-10-24 - 2017-10-24;submitSocial;all;arwin
2017-10-26 05:06:22	worker	#ganaskustik;2017-10-24 - 2017-10-24;submitSocial;all;arwin
2017-10-26 05:06:24	worker	#lnhot20;2017-10-24 - 2017-10-24;submitSocial;all;arwin
2017-10-26 05:06:26	worker	@TripAdvisor;2017-10-24 - 2017-10-24;submitSocial;all;arwin
2017-10-26 05:06:29	worker	@google;2017-10-24 - 2017-10-24;submitSocial;all;arwin
2017-10-26 05:06:37	worker	@Telkomsel;2017-10-24 - 2017-10-24;submitSocial;all;arwin
2017-10-26 05:06:40	worker	@indosat;2017-10-24 - 2017-10-24;submitSocial;all;arwin
2017-10-26 05:06:43	worker	@bahanafmjkt;2017-10-24 - 2017-10-24;submitSocial;all;2017-10-26 05:06:48	worker	@sonorafm92;2017-10-24 - 2017-10-24;submitSocial;all;arwin
2017-10-26 05:06:50	worker	@litefm1058;2017-10-24 - 2017-10-24;submitSocial;all;arwin
2017-10-26 05:06:52	worker	@Bravaradio;2017-10-24 - 2017-10-24;submitSocial;all;arwin
2017-10-26 05:06:55	worker	#dgitm;2017-10-24 - 2017-10-24;submitSocial;all;arwin
2017-10-26 05:06:58	worker	#hitsalaprambors;2017-10-24 - 2017-10-24;submitSocial;all;arwin
2017-10-26 05:07:00	worker	#reqprambors;2017-10-24 - 2017-10-24;submitSocial;all;arwin
2017-10-26 05:07:02	worker	#thedandees;2017-10-24 - 2017-10-24;submitSocial;all;arwin
2017-10-26 05:07:05	worker	#pramborsquiz;2017-10-24 - 2017-10-24;submitSocial;all;arwin
2017-10-26 05:07:07	worker	#jeliprambors;2017-10-24 - 2017-10-24;submitSocial;all;arwin
2017-10-26 05:07:09	worker	#jodohinprambors;2017-10-24 - 2017-10-24;submitSocial;all;arwin
2017-10-26 05:07:11	worker	#ubahdenganbicara;2017-10-24 - 2017-10-24;submitSocial;all;arwin
2017-10-26 05:07:14	worker	#pramborschat;2017-10-24 - 2017-10-24;submitSocial;all;arwin
2017-10-26 05:07:16	worker	#tweetforduit;2017-10-24 - 2017-10-24;submitSocial;all;arwin
2017-10-26 05:07:18	worker	#joki3in1;2017-10-24 - 2017-10-24;submitSocial;all;arwin
2017-10-26 05:07:20	worker	#sarapanseru;2017-10-24 - 2017-10-24;submitSocial;all;arwin
2017-10-26 05:07:23	worker	#rawonkaneloop;2017-10-24 - 2017-10-24;submitSocial;all;arwin
2017-10-26 05:07:25	worker	#gudegkendilkeraton;2017-10-24 - 2017-10-24;submitSocial;all;arwin
2017-10-26 05:07:27	worker	#gadogadobutika;2017-10-24 - 2017-10-24;submitSocial;all;arwin
2017-10-26 05:07:29	worker	#mtvhottest;2017-10-24 - 2017-10-24;submitSocial;all;arwin
2017-10-26 05:07:31	worker	#dimsumcjdw;2017-10-24 - 2017-10-24;submitSocial;all;arwin
2017-10-26 05:07:34	worker	#pecelmadiunmbakniek;2017-10-24 - 2017-10-24;submitSocial;all;arwin
2017-10-26 05:07:36	worker	#depotarema;2017-10-24 - 2017-10-24;submitSocial;all;arwin
2017-10-26 05:07:38	worker	@BNI46;2017-10-24 - 2017-10-24;submitSocial;all;arwin
2017-10-26 05:07:40	worker	@BANKBRI_ID;2017-10-24 - 2017-10-24;submitSocial;all;arwin
2017-10-26 05:07:43	worker	#bni46;2017-10-24 - 2017-10-24;submitSocial;all;arwin
2017-10-26 05:07:45	worker	macet;2017-10-24 - 2017-10-24;submitSocial;all;arwin
2017-10-26 05:07:51	worker	#selamatpagi;2017-10-24 - 2017-10-24;submitSocial;all;arwin
2017-10-26 05:07:53	worker	#selamatmalam;2017-10-24 - 2017-10-24;submitSocial;all;arwin
2017-10-26 05:07:55	worker	@884GlobalRadio;2017-10-24 - 2017-10-24;submitSocial;all;arwin
2017-10-26 05:07:57	worker	@day_trans;2017-10-24 - 2017-10-24;submitSocial;all;arwin
2017-10-26 05:08:00	worker	@kencanavoyage;2017-10-24 - 2017-10-24;submitSocial;all;arwin
2017-10-26 05:08:02	worker	@jukebox5d;2017-10-24 - 2017-10-24;submitSocial;all;arwin
2017-10-26 05:08:05	worker	#mtvhottest;2017-10-24 - 2017-10-24;submitSocial;all;arwin
2017-10-26 05:08:08	worker	#semangatpagi;2017-10-24 - 2017-10-24;submitSocial;all;arwin
2017-10-26 05:08:10	worker	lifebuoy;2017-10-24 - 2017-10-24;submitSocial;all;arwin
2017-10-26 05:08:13	worker	jokowi;2017-10-24 - 2017-10-24;submitSocial;all;arwin
2017-10-26 05:08:21	worker	obama;2017-10-24 - 2017-10-24;submitSocial;all;arwin
2017-10-26 05:08:30	worker	starwars;2017-10-24 - 2017-10-24;submitSocial;all;arwin
2017-10-26 05:08:33	worker	jonan;2017-10-24 - 2017-10-24;submitSocial;all;arwin
2017-10-26 05:08:37	worker	pagi;2017-10-24 - 2017-10-24;submitSocial;all;arwin
2017-10-26 05:08:46	worker	sampoerna;2017-10-24 - 2017-10-24;submitSocial;all;arwin
2017-10-26 05:08:48	worker	djarum;2017-10-24 - 2017-10-24;submitSocial;all;arwin
2017-10-26 05:08:51	worker	#semangatpagi;2017-10-24 - 2017-10-24;submitSocial;all;arwin
2017-10-26 05:08:53	worker	#generaksi8;2017-10-24 - 2017-10-24;submitSocial;all;arwin
2017-10-26 05:08:55	worker	#365alasan;2017-10-24 - 2017-10-24;submitSocial;all;arwin
2017-10-26 05:08:58	worker	weew;2017-10-24 - 2017-10-24;submitSocial;all;arwin
2017-10-26 05:09:01	worker	testing;2017-10-24 - 2017-10-24;submitSocial;all;arwin
2017-10-26 05:09:10	worker	#kopaja;2017-10-24 - 2017-10-24;submitSocial;all;arwin
2017-10-26 05:09:13	worker	#genkuisinsideout;2017-10-24 - 2017-10-24;submitSocial;all;arwin
2017-10-26 05:09:15	worker	starwars;2017-10-24 - 2017-10-24;submitSocial;all;arwin
2017-10-26 05:09:18	worker	#kopaja;2017-10-24 - 2017-10-24;submitSocial;all;arwin
2017-10-26 05:09:21	worker	mldspot;2017-10-24 - 2017-10-24;submitSocial;all;arwin
2017-10-26 05:09:24	worker	PBDjarum;2017-10-24 - 2017-10-24;submitSocial;all;arwin
2017-10-26 05:09:26	worker	TemanNabati;2017-10-24 - 2017-10-24;submitSocial;all;arwin
2017-10-26 05:09:28	worker	Nextar;2017-10-24 - 2017-10-24;submitSocial;all;arwin
2017-10-26 05:09:32	worker	jokowo;2017-10-24 - 2017-10-24;submitSocial;all;arwin
2017-10-26 05:09:35	worker	prabowo;2017-10-24 - 2017-10-24;submitSocial;all;arwin
2017-10-26 05:09:39	worker	sudirman said;2017-10-24 - 2017-10-24;submitSocial;all;arwin
2017-10-26 05:09:42	worker	ahok;2017-10-24 - 2017-10-24;submitSocial;all;arwin
2017-10-26 05:09:48	worker	setyanovanto;2017-10-24 - 2017-10-24;submitSocial;all;arwin
2017-10-26 05:09:50	worker	jokowi;2017-10-24 - 2017-10-24;submitSocial;all;arwin
2017-10-26 05:09:59	worker	ahok;2017-10-24 - 2017-10-24;submitSocial;all;arwin
2017-10-26 05:10:09	worker	prabowo;2017-10-24 - 2017-10-24;submitSocial;all;arwin
2017-10-26 05:10:16	worker	sudirman said;2017-10-24 - 2017-10-24;submitSocial;all;arwin
2017-10-26 05:10:19	worker	setyanovanto;2017-10-24 - 2017-10-24;submitSocial;all;arwin
2017-10-26 05:10:21	worker	galau;2017-10-24 - 2017-10-24;submitSocial;all;arwin
2017-10-26 05:10:26	worker	#prestasiindonesia;2017-10-24 - 2017-10-24;submitSocial;all;arwin
2017-10-26 05:10:28	worker	@Tw_Debi;2017-10-24 - 2017-10-24;submitSocial;all;arwin
2017-10-26 05:10:31	worker	@OfficialFastron;2017-10-24 - 2017-10-24;submitSocial;all;arwin
2017-10-26 05:10:33	worker	@CitibankID;2017-10-24 - 2017-10-24;submitSocial;all;arwin
2017-10-26 05:10:36	worker	@jak101fm;2017-10-24 - 2017-10-24;submitSocial;all;arwin
2017-10-26 05:10:38	worker	@genfm;2017-10-24 - 2017-10-24;submitSocial;all;arwin
