2017-07-22 05:00:07	[{"keyword":"@987genfm","from":"2017-07-20","mode":"submitSocial","container":"all","username":"arwin"}]
2017-07-22 05:00:10	[{"keyword":"@101jakfm","from":"2017-07-20","mode":"submitSocial","container":"all","username":"arwin"}]
2017-07-22 05:00:13	[{"keyword":"@prambors","from":"2017-07-20","mode":"submitSocial","container":"all","username":"arwin"}]
2017-07-22 05:00:16	[{"keyword":"@hardrockfm","from":"2017-07-20","mode":"submitSocial","container":"all","username":"arwin"}]
2017-07-22 05:00:18	[{"keyword":"@kisfmjakarta","from":"2017-07-20","mode":"submitSocial","container":"all","username":"arwin"}]
2017-07-22 05:00:21	[{"keyword":"@delta_fm","from":"2017-07-20","mode":"submitSocial","container":"all","username":"arwin"}]
2017-07-22 05:00:24	[{"keyword":"@traxfmjkt","from":"2017-07-20","mode":"submitSocial","container":"all","username":"arwin"}]
2017-07-22 05:00:26	[{"keyword":"@iradiojakarta","from":"2017-07-20","mode":"submitSocial","container":"all","username":"arwin"}]
2017-07-22 05:00:29	[{"keyword":"@indika9160fm","from":"2017-07-20","mode":"submitSocial","container":"all","username":"arwin"}]
2017-07-22 05:00:31	[{"keyword":"@shellindonesia","from":"2017-07-20","mode":"submitSocial","container":"all","username":"arwin"}]
2017-07-22 05:00:33	[{"keyword":"@vpowerfans","from":"2017-07-20","mode":"submitSocial","container":"all","username":"arwin"}]
2017-07-22 05:00:36	[{"keyword":"@pertamaxind","from":"2017-07-20","mode":"submitSocial","container":"all","username":"arwin"}]
2017-07-22 05:00:38	[{"keyword":"@ptpertamina","from":"2017-07-20","mode":"submitSocial","container":"all","username":"arwin"}]
2017-07-22 05:00:41	[{"keyword":"@ozradiojakarta","from":"2017-07-20","mode":"submitSocial","container":"all","username":"arwin"}]
2017-07-22 05:00:44	[{"keyword":"@cosmopolitanfm","from":"2017-07-20","mode":"submitSocial","container":"all","username":"arwin"}]
2017-07-22 05:00:46	[{"keyword":"@mustang88fm","from":"2017-07-20","mode":"submitSocial","container":"all","username":"arwin"}]
2017-07-22 05:00:48	[{"keyword":"@debabaz","from":"2017-07-20","mode":"submitSocial","container":"all","username":"arwin"}]
2017-07-22 05:00:52	[{"keyword":"@detikcom","from":"2017-07-20","mode":"submitSocial","container":"all","username":"arwin"}]
2017-07-22 05:00:55	[{"keyword":"@radioelshinta","from":"2017-07-20","mode":"submitSocial","container":"all","username":"arwin"}]
2017-07-22 05:00:57	[{"keyword":"@cinema21","from":"2017-07-20","mode":"submitSocial","container":"all","username":"arwin"}]
2017-07-22 05:01:00	[{"keyword":"@officialrcti","from":"2017-07-20","mode":"submitSocial","container":"all","username":"arwin"}]
2017-07-22 05:01:03	[{"keyword":"@transtv_corp","from":"2017-07-20","mode":"submitSocial","container":"all","username":"arwin"}]
2017-07-22 05:01:06	[{"keyword":"@trans7","from":"2017-07-20","mode":"submitSocial","container":"all","username":"arwin"}]
2017-07-22 05:01:09	[{"keyword":"@metro_tv","from":"2017-07-20","mode":"submitSocial","container":"all","username":"arwin"}]
2017-07-22 05:01:12	[{"keyword":"@tvonenews","from":"2017-07-20","mode":"submitSocial","container":"all","username":"arwin"}]
2017-07-22 05:01:15	[{"keyword":"@whatsonantv","from":"2017-07-20","mode":"submitSocial","container":"all","username":"arwin"}]
2017-07-22 05:01:18	[{"keyword":"@sctv_","from":"2017-07-20","mode":"submitSocial","container":"all","username":"arwin"}]
2017-07-22 05:01:21	[{"keyword":"@kompastv","from":"2017-07-20","mode":"submitSocial","container":"all","username":"arwin"}]
2017-07-22 05:01:24	[{"keyword":"@netmediatama","from":"2017-07-20","mode":"submitSocial","container":"all","username":"arwin"}]
2017-07-22 05:01:26	[{"keyword":"@globaltvseru","from":"2017-07-20","mode":"submitSocial","container":"all","username":"arwin"}]
2017-07-22 05:01:29	[{"keyword":"@jaktvcom","from":"2017-07-20","mode":"submitSocial","container":"all","username":"arwin"}]
2017-07-22 05:01:31	[{"keyword":"@tvrinasional","from":"2017-07-20","mode":"submitSocial","container":"all","username":"arwin"}]
2017-07-22 05:01:34	[{"keyword":"@ochannelupdates","from":"2017-07-20","mode":"submitSocial","container":"all","username":"arwin"}]
2017-07-22 05:01:38	[{"keyword":"@indosiarid","from":"2017-07-20","mode":"submitSocial","container":"all","username":"arwin"}]
2017-07-22 05:01:41	[{"keyword":"@kompascom","from":"2017-07-20","mode":"submitSocial","container":"all","username":"arwin"}]
2017-07-22 05:01:44	[{"keyword":"@merdekadotcom","from":"2017-07-20","mode":"submitSocial","container":"all","username":"arwin"}]
2017-07-22 05:01:46	[{"keyword":"@midotcom","from":"2017-07-20","mode":"submitSocial","container":"all","username":"arwin"}]
2017-07-22 05:01:50	[{"keyword":"@tempodotco","from":"2017-07-20","mode":"submitSocial","container":"all","username":"arwin"}]
2017-07-22 05:01:52	[{"keyword":"@motion975fm","from":"2017-07-20","mode":"submitSocial","container":"all","username":"arwin"}]
2017-07-22 05:01:55	[{"keyword":"@_radiotoday","from":"2017-07-20","mode":"submitSocial","container":"all","username":"arwin"}]
2017-07-22 05:01:58	[{"keyword":"@radioinfo","from":"2017-07-20","mode":"submitSocial","container":"all","username":"arwin"}]
2017-07-22 05:02:00	[{"keyword":"@979femaleradio","from":"2017-07-20","mode":"submitSocial","container":"all","username":"arwin"}]
2017-07-22 05:02:02	[{"keyword":"@womanradio943fm","from":"2017-07-20","mode":"submitSocial","container":"all","username":"arwin"}]
2017-07-22 05:02:05	[{"keyword":"@vradiofm","from":"2017-07-20","mode":"submitSocial","container":"all","username":"arwin"}]
2017-07-22 05:02:07	[{"keyword":"@ufm947","from":"2017-07-20","mode":"submitSocial","container":"all","username":"arwin"}]
2017-07-22 05:02:09	[{"keyword":"@vivanews","from":"2017-07-20","mode":"submitSocial","container":"all","username":"arwin"}]
2017-07-22 05:02:12	[{"keyword":"@antaranews","from":"2017-07-20","mode":"submitSocial","container":"all","username":"arwin"}]
2017-07-22 05:02:15	[{"keyword":"@tribunnews","from":"2017-07-20","mode":"submitSocial","container":"all","username":"arwin"}]
2017-07-22 05:02:17	[{"keyword":"@okezonenews","from":"2017-07-20","mode":"submitSocial","container":"all","username":"arwin"}]
2017-07-22 05:02:20	[{"keyword":"@beritasatu","from":"2017-07-20","mode":"submitSocial","container":"all","username":"arwin"}]
2017-07-22 05:02:23	[{"keyword":"@rollingstoneina","from":"2017-07-20","mode":"submitSocial","container":"all","username":"arwin"}]
2017-07-22 05:02:26	[{"keyword":"@fimeladotcom","from":"2017-07-20","mode":"submitSocial","container":"all","username":"arwin"}]
2017-07-22 05:02:28	[{"keyword":"@kapanlagicom","from":"2017-07-20","mode":"submitSocial","container":"all","username":"arwin"}]
2017-07-22 05:02:30	[{"keyword":"@kompasent","from":"2017-07-20","mode":"submitSocial","container":"all","username":"arwin"}]
2017-07-22 05:02:33	[{"keyword":"@haimagazine","from":"2017-07-20","mode":"submitSocial","container":"all","username":"arwin"}]
2017-07-22 05:02:35	[{"keyword":"@jakartavenue","from":"2017-07-20","mode":"submitSocial","container":"all","username":"arwin"}]
2017-07-22 05:02:38	[{"keyword":"@seputarevent","from":"2017-07-20","mode":"submitSocial","container":"all","username":"arwin"}]
2017-07-22 05:02:40	[{"keyword":"@ismayalive","from":"2017-07-20","mode":"submitSocial","container":"all","username":"arwin"}]
2017-07-22 05:02:43	[{"keyword":"@ecentertainment","from":"2017-07-20","mode":"submitSocial","container":"all","username":"arwin"}]
2017-07-22 05:02:45	[{"keyword":"@synergism_en","from":"2017-07-20","mode":"submitSocial","container":"all","username":"arwin"}]
2017-07-22 05:02:47	[{"keyword":"@urbanbandung","from":"2017-07-20","mode":"submitSocial","container":"all","username":"arwin"}]
2017-07-22 05:02:49	[{"keyword":"@urbanrkm995","from":"2017-07-20","mode":"submitSocial","container":"all","username":"arwin"}]
2017-07-22 05:02:51	[{"keyword":"@garuda_promo","from":"2017-07-20","mode":"submitSocial","container":"all","username":"arwin"}]
2017-07-22 05:02:54	[{"keyword":"@airasiaid","from":"2017-07-20","mode":"submitSocial","container":"all","username":"arwin"}]
2017-07-22 05:02:57	[{"keyword":"@kai121","from":"2017-07-20","mode":"submitSocial","container":"all","username":"arwin"}]
2017-07-22 05:02:59	[{"keyword":"@unilever","from":"2017-07-20","mode":"submitSocial","container":"all","username":"arwin"}]
2017-07-22 05:03:03	[{"keyword":"@nestle","from":"2017-07-20","mode":"submitSocial","container":"all","username":"arwin"}]
2017-07-22 05:03:06	[{"keyword":"@cocacola","from":"2017-07-20","mode":"submitSocial","container":"all","username":"arwin"}]
2017-07-22 05:03:15	[{"keyword":"@cnn","from":"2017-07-20","mode":"submitSocial","container":"all","username":"arwin"}]
2017-07-22 05:03:23	[{"keyword":"@mtv","from":"2017-07-20","mode":"submitSocial","container":"all","username":"arwin"}]
2017-07-22 05:03:25	[{"keyword":"@channelv","from":"2017-07-20","mode":"submitSocial","container":"all","username":"arwin"}]
2017-07-22 05:03:27	[{"keyword":"@itunesmusic","from":"2017-07-20","mode":"submitSocial","container":"all","username":"arwin"}]
2017-07-22 05:03:31	[{"keyword":"@mashable","from":"2017-07-20","mode":"submitSocial","container":"all","username":"arwin"}]
2017-07-22 05:03:34	[{"keyword":"@decacaz","from":"2017-07-20","mode":"submitSocial","container":"all","username":"arwin"}]
2017-07-22 05:03:36	[{"keyword":"@radiobaru967fm","from":"2017-07-20","mode":"submitSocial","container":"all","username":"arwin"}]
2017-07-22 05:03:38	[{"keyword":"@967hitzfm","from":"2017-07-20","mode":"submitSocial","container":"all","username":"arwin"}]
2017-07-22 05:03:41	[{"keyword":"@tvguide","from":"2017-07-20","mode":"submitSocial","container":"all","username":"arwin"}]
2017-07-22 05:03:44	[{"keyword":"@xl123","from":"2017-07-20","mode":"submitSocial","container":"all","username":"arwin"}]
2017-07-22 05:03:46	[{"keyword":"@triindonesia","from":"2017-07-20","mode":"submitSocial","container":"all","username":"arwin"}]
2017-07-22 05:03:49	[{"keyword":"@kaskus","from":"2017-07-20","mode":"submitSocial","container":"all","username":"arwin"}]
2017-07-22 05:03:52	[{"keyword":"@studio_xxi","from":"2017-07-20","mode":"submitSocial","container":"all","username":"arwin"}]
2017-07-22 05:03:54	[{"keyword":"@blitzmegaplex","from":"2017-07-20","mode":"submitSocial","container":"all","username":"arwin"}]
2017-07-22 05:03:56	[{"keyword":"@alfamartku","from":"2017-07-20","mode":"submitSocial","container":"all","username":"arwin"}]
2017-07-22 05:03:59	[{"keyword":"@carrefour_id","from":"2017-07-20","mode":"submitSocial","container":"all","username":"arwin"}]
2017-07-22 05:04:03	[{"keyword":"@bbcbreaking","from":"2017-07-20","mode":"submitSocial","container":"all","username":"arwin"}]
2017-07-22 05:04:10	[{"keyword":"@forbes","from":"2017-07-20","mode":"submitSocial","container":"all","username":"arwin"}]
2017-07-22 05:04:12	[{"keyword":"@bensradio","from":"2017-07-20","mode":"submitSocial","container":"all","username":"arwin"}]
2017-07-22 05:04:18	[{"keyword":"@instagram","from":"2017-07-20","mode":"submitSocial","container":"all","username":"arwin"}]
2017-07-22 05:04:22	[{"keyword":"@pinterest","from":"2017-07-20","mode":"submitSocial","container":"all","username":"arwin"}]
2017-07-22 05:04:28	[{"keyword":"@google","from":"2017-07-20","mode":"submitSocial","container":"all","username":"arwin"}]
2017-07-22 05:04:31	[{"keyword":"@pertaminalub","from":"2017-07-20","mode":"submitSocial","container":"all","username":"arwin"}]
2017-07-22 05:04:33	[{"keyword":"@infolalintol","from":"2017-07-20","mode":"submitSocial","container":"all","username":"arwin"}]
2017-07-22 05:04:36	[{"keyword":"@ptjasamarga","from":"2017-07-20","mode":"submitSocial","container":"all","username":"arwin"}]
2017-07-22 05:04:38	[{"keyword":"@cititransindo","from":"2017-07-20","mode":"submitSocial","container":"all","username":"arwin"}]
2017-07-22 05:04:40	[{"keyword":"#semangatpagisuperr","from":"2017-07-20","mode":"submitSocial","container":"all","username":"arwin"}]
2017-07-22 05:04:42	[{"keyword":"#genkuisinsideout","from":"2017-07-20","mode":"submitSocial","container":"all","username":"arwin"}]
2017-07-22 05:04:45	[{"keyword":"#semangatpagi","from":"2017-07-20","mode":"submitSocial","container":"all","username":"arwin"}]
2017-07-22 05:04:47	[{"keyword":"#dikamar","from":"2017-07-20","mode":"submitSocial","container":"all","username":"arwin"}]
2017-07-22 05:04:50	[{"keyword":"#kopaja","from":"2017-07-20","mode":"submitSocial","container":"all","username":"arwin"}]
2017-07-22 05:04:52	[{"keyword":"#generaksi8","from":"2017-07-20","mode":"submitSocial","container":"all","username":"arwin"}]
2017-07-22 05:04:54	[{"keyword":"#hitztsp","from":"2017-07-20","mode":"submitSocial","container":"all","username":"arwin"}]
2017-07-22 05:04:57	[{"keyword":"#np","from":"2017-07-20","mode":"submitSocial","container":"all","username":"arwin"}]
2017-07-22 05:05:00	[{"keyword":"#hitzlivestage","from":"2017-07-20","mode":"submitSocial","container":"all","username":"arwin"}]
2017-07-22 05:05:02	[{"keyword":"#thefreaks","from":"2017-07-20","mode":"submitSocial","container":"all","username":"arwin"}]
2017-07-22 05:05:05	[{"keyword":"#hitzsirkuspagi","from":"2017-07-20","mode":"submitSocial","container":"all","username":"arwin"}]
2017-07-22 05:05:08	[{"keyword":"#hitzathlon","from":"2017-07-20","mode":"submitSocial","container":"all","username":"arwin"}]
2017-07-22 05:05:10	[{"keyword":"#hitzzombie","from":"2017-07-20","mode":"submitSocial","container":"all","username":"arwin"}]
2017-07-22 05:05:13	[{"keyword":"#hitzkalong","from":"2017-07-20","mode":"submitSocial","container":"all","username":"arwin"}]
2017-07-22 05:05:16	[{"keyword":"#hitzbebas","from":"2017-07-20","mode":"submitSocial","container":"all","username":"arwin"}]
2017-07-22 05:05:18	[{"keyword":"#hitzhorehara","from":"2017-07-20","mode":"submitSocial","container":"all","username":"arwin"}]
2017-07-22 05:05:21	[{"keyword":"@zaloraid","from":"2017-07-20","mode":"submitSocial","container":"all","username":"arwin"}]
2017-07-22 05:05:23	[{"keyword":"@olx_indonesia","from":"2017-07-20","mode":"submitSocial","container":"all","username":"arwin"}]
2017-07-22 05:05:26	[{"keyword":"@lazadaid","from":"2017-07-20","mode":"submitSocial","container":"all","username":"arwin"}]
2017-07-22 05:05:28	[{"keyword":"@utrippers","from":"2017-07-20","mode":"submitSocial","container":"all","username":"arwin"}]
2017-07-22 05:05:31	[{"keyword":"@gogobot","from":"2017-07-20","mode":"submitSocial","container":"all","username":"arwin"}]
2017-07-22 05:05:34	[{"keyword":"@viatortravel","from":"2017-07-20","mode":"submitSocial","container":"all","username":"arwin"}]
2017-07-22 05:05:36	[{"keyword":"@alandakariza","from":"2017-07-20","mode":"submitSocial","container":"all","username":"arwin"}]
2017-07-22 05:05:39	[{"keyword":"@gagasmedia","from":"2017-07-20","mode":"submitSocial","container":"all","username":"arwin"}]
2017-07-22 05:05:41	[{"keyword":"@welovehonda","from":"2017-07-20","mode":"submitSocial","container":"all","username":"arwin"}]
2017-07-22 05:05:43	[{"keyword":"@suzukimotorid","from":"2017-07-20","mode":"submitSocial","container":"all","username":"arwin"}]
2017-07-22 05:05:46	[{"keyword":"@kawasakilovers","from":"2017-07-20","mode":"submitSocial","container":"all","username":"arwin"}]
2017-07-22 05:05:48	[{"keyword":"@yamahaindonesia","from":"2017-07-20","mode":"submitSocial","container":"all","username":"arwin"}]
2017-07-22 05:05:50	[{"keyword":"@tripanzee","from":"2017-07-20","mode":"submitSocial","container":"all","username":"arwin"}]
2017-07-22 05:05:53	[{"keyword":"@arnoldpoernomo","from":"2017-07-20","mode":"submitSocial","container":"all","username":"arwin"}]
2017-07-22 05:05:55	[{"keyword":"@nicsap","from":"2017-07-20","mode":"submitSocial","container":"all","username":"arwin"}]
2017-07-22 05:05:58	[{"keyword":"@tiket2","from":"2017-07-20","mode":"submitSocial","container":"all","username":"arwin"}]
2017-07-22 05:06:00	[{"keyword":"@traveloka","from":"2017-07-20","mode":"submitSocial","container":"all","username":"arwin"}]
2017-07-22 05:06:04	[{"keyword":"@wego","from":"2017-07-20","mode":"submitSocial","container":"all","username":"arwin"}]
2017-07-22 05:06:07	[{"keyword":"@agoda","from":"2017-07-20","mode":"submitSocial","container":"all","username":"arwin"}]
2017-07-22 05:06:09	[{"keyword":"#salahsambung","from":"2017-07-20","mode":"submitSocial","container":"all","username":"arwin"}]
2017-07-22 05:06:11	[{"keyword":"#tulalit","from":"2017-07-20","mode":"submitSocial","container":"all","username":"arwin"}]
2017-07-22 05:06:13	[{"keyword":"#pestageneraksi8","from":"2017-07-20","mode":"submitSocial","container":"all","username":"arwin"}]
2017-07-22 05:06:16	[{"keyword":"#ganaskustik","from":"2017-07-20","mode":"submitSocial","container":"all","username":"arwin"}]
2017-07-22 05:06:18	[{"keyword":"#lnhot20","from":"2017-07-20","mode":"submitSocial","container":"all","username":"arwin"}]
2017-07-22 05:06:20	[{"keyword":"@tripadvisor","from":"2017-07-20","mode":"submitSocial","container":"all","username":"arwin"}]
2017-07-22 05:06:27	[{"keyword":"@google","from":"2017-07-20","mode":"submitSocial","container":"all","username":"arwin"}]
2017-07-22 05:06:31	[{"keyword":"@telkomsel","from":"2017-07-20","mode":"submitSocial","container":"all","username":"arwin"}]
2017-07-22 05:06:33	[{"keyword":"@indosat","from":"2017-07-20","mode":"submitSocial","container":"all","username":"arwin"}]
2017-07-22 05:06:37	[{"keyword":"@bahanafmjkt","from":"2017-07-20","mode":"submitSocial","container":"all","username":""}]
2017-07-22 05:06:41	[{"keyword":"@sonorafm92","from":"2017-07-20","mode":"submitSocial","container":"all","username":"arwin"}]
2017-07-22 05:06:43	[{"keyword":"@litefm1058","from":"2017-07-20","mode":"submitSocial","container":"all","username":"arwin"}]
2017-07-22 05:06:45	[{"keyword":"@bravaradio","from":"2017-07-20","mode":"submitSocial","container":"all","username":"arwin"}]
2017-07-22 05:06:48	[{"keyword":"#dgitm","from":"2017-07-20","mode":"submitSocial","container":"all","username":"arwin"}]
2017-07-22 05:06:50	[{"keyword":"#hitsalaprambors","from":"2017-07-20","mode":"submitSocial","container":"all","username":"arwin"}]
2017-07-22 05:06:53	[{"keyword":"#reqprambors","from":"2017-07-20","mode":"submitSocial","container":"all","username":"arwin"}]
2017-07-22 05:06:55	[{"keyword":"#thedandees","from":"2017-07-20","mode":"submitSocial","container":"all","username":"arwin"}]
2017-07-22 05:06:57	[{"keyword":"#pramborsquiz","from":"2017-07-20","mode":"submitSocial","container":"all","username":"arwin"}]
2017-07-22 05:06:59	[{"keyword":"#jeliprambors","from":"2017-07-20","mode":"submitSocial","container":"all","username":"arwin"}]
2017-07-22 05:07:02	[{"keyword":"#jodohinprambors","from":"2017-07-20","mode":"submitSocial","container":"all","username":"arwin"}]
2017-07-22 05:07:04	[{"keyword":"#ubahdenganbicara","from":"2017-07-20","mode":"submitSocial","container":"all","username":"arwin"}]
2017-07-22 05:07:06	[{"keyword":"#pramborschat","from":"2017-07-20","mode":"submitSocial","container":"all","username":"arwin"}]
2017-07-22 05:07:08	[{"keyword":"#tweetforduit","from":"2017-07-20","mode":"submitSocial","container":"all","username":"arwin"}]
2017-07-22 05:07:10	[{"keyword":"#joki3in1","from":"2017-07-20","mode":"submitSocial","container":"all","username":"arwin"}]
2017-07-22 05:07:13	[{"keyword":"#sarapanseru","from":"2017-07-20","mode":"submitSocial","container":"all","username":"arwin"}]
2017-07-22 05:07:15	[{"keyword":"#rawonkaneloop","from":"2017-07-20","mode":"submitSocial","container":"all","username":"arwin"}]
2017-07-22 05:07:18	[{"keyword":"#gudegkendilkeraton","from":"2017-07-20","mode":"submitSocial","container":"all","username":"arwin"}]
2017-07-22 05:07:20	[{"keyword":"#gadogadobutika","from":"2017-07-20","mode":"submitSocial","container":"all","username":"arwin"}]
2017-07-22 05:07:22	[{"keyword":"#mtvhottest","from":"2017-07-20","mode":"submitSocial","container":"all","username":"arwin"}]
2017-07-22 05:07:25	[{"keyword":"#dimsumcjdw","from":"2017-07-20","mode":"submitSocial","container":"all","username":"arwin"}]
2017-07-22 05:07:27	[{"keyword":"#pecelmadiunmbakniek","from":"2017-07-20","mode":"submitSocial","container":"all","username":"arwin"}]
2017-07-22 05:07:29	[{"keyword":"#depotarema","from":"2017-07-20","mode":"submitSocial","container":"all","username":"arwin"}]
2017-07-22 05:07:31	[{"keyword":"@bni46","from":"2017-07-20","mode":"submitSocial","container":"all","username":"arwin"}]
2017-07-22 05:07:34	[{"keyword":"@bankbri_id","from":"2017-07-20","mode":"submitSocial","container":"all","username":"arwin"}]
2017-07-22 05:07:36	[{"keyword":"#bni46","from":"2017-07-20","mode":"submitSocial","container":"all","username":"arwin"}]
2017-07-22 05:07:40	[{"keyword":"macet","from":"2017-07-20","mode":"submitSocial","container":"all","username":"arwin"}]
2017-07-22 05:07:43	[{"keyword":"#selamatpagi","from":"2017-07-20","mode":"submitSocial","container":"all","username":"arwin"}]
2017-07-22 05:07:45	[{"keyword":"#selamatmalam","from":"2017-07-20","mode":"submitSocial","container":"all","username":"arwin"}]
2017-07-22 05:07:47	[{"keyword":"@884globalradio","from":"2017-07-20","mode":"submitSocial","container":"all","username":"arwin"}]
2017-07-22 05:07:50	[{"keyword":"@day_trans","from":"2017-07-20","mode":"submitSocial","container":"all","username":"arwin"}]
2017-07-22 05:07:52	[{"keyword":"@kencanavoyage","from":"2017-07-20","mode":"submitSocial","container":"all","username":"arwin"}]
2017-07-22 05:07:54	[{"keyword":"@jukebox5d","from":"2017-07-20","mode":"submitSocial","container":"all","username":"arwin"}]
2017-07-22 05:07:57	[{"keyword":"#mtvhottest","from":"2017-07-20","mode":"submitSocial","container":"all","username":"arwin"}]
2017-07-22 05:07:59	[{"keyword":"#semangatpagi","from":"2017-07-20","mode":"submitSocial","container":"all","username":"arwin"}]
2017-07-22 05:08:02	[{"keyword":"lifebuoy","from":"2017-07-20","mode":"submitSocial","container":"all","username":"arwin"}]
2017-07-22 05:08:09	[{"keyword":"jokowi","from":"2017-07-20","mode":"submitSocial","container":"all","username":"arwin"}]
2017-07-22 05:08:18	[{"keyword":"obama","from":"2017-07-20","mode":"submitSocial","container":"all","username":"arwin"}]
2017-07-22 05:08:21	[{"keyword":"starwars","from":"2017-07-20","mode":"submitSocial","container":"all","username":"arwin"}]
2017-07-22 05:08:24	[{"keyword":"jonan","from":"2017-07-20","mode":"submitSocial","container":"all","username":"arwin"}]
2017-07-22 05:08:33	[{"keyword":"pagi","from":"2017-07-20","mode":"submitSocial","container":"all","username":"arwin"}]
2017-07-22 05:08:36	[{"keyword":"sampoerna","from":"2017-07-20","mode":"submitSocial","container":"all","username":"arwin"}]
2017-07-22 05:08:39	[{"keyword":"djarum","from":"2017-07-20","mode":"submitSocial","container":"all","username":"arwin"}]
2017-07-22 05:08:41	[{"keyword":"#semangatpagi","from":"2017-07-20","mode":"submitSocial","container":"all","username":"arwin"}]
2017-07-22 05:08:43	[{"keyword":"#generaksi8","from":"2017-07-20","mode":"submitSocial","container":"all","username":"arwin"}]
2017-07-22 05:08:45	[{"keyword":"#365alasan","from":"2017-07-20","mode":"submitSocial","container":"all","username":"arwin"}]
2017-07-22 05:08:49	[{"keyword":"weew","from":"2017-07-20","mode":"submitSocial","container":"all","username":"arwin"}]
2017-07-22 05:08:57	[{"keyword":"testing","from":"2017-07-20","mode":"submitSocial","container":"all","username":"arwin"}]
2017-07-22 05:09:00	[{"keyword":"#kopaja","from":"2017-07-20","mode":"submitSocial","container":"all","username":"arwin"}]
2017-07-22 05:09:02	[{"keyword":"#genkuisinsideout","from":"2017-07-20","mode":"submitSocial","container":"all","username":"arwin"}]
2017-07-22 05:09:05	[{"keyword":"starwars","from":"2017-07-20","mode":"submitSocial","container":"all","username":"arwin"}]
2017-07-22 05:09:08	[{"keyword":"#kopaja","from":"2017-07-20","mode":"submitSocial","container":"all","username":"arwin"}]
2017-07-22 05:09:10	[{"keyword":"mldspot","from":"2017-07-20","mode":"submitSocial","container":"all","username":"arwin"}]
2017-07-22 05:09:13	[{"keyword":"pbdjarum","from":"2017-07-20","mode":"submitSocial","container":"all","username":"arwin"}]
2017-07-22 05:09:16	[{"keyword":"temannabati","from":"2017-07-20","mode":"submitSocial","container":"all","username":"arwin"}]
2017-07-22 05:09:19	[{"keyword":"nextar","from":"2017-07-20","mode":"submitSocial","container":"all","username":"arwin"}]
2017-07-22 05:09:22	[{"keyword":"jokowo","from":"2017-07-20","mode":"submitSocial","container":"all","username":"arwin"}]
2017-07-22 05:09:25	[{"keyword":"prabowo","from":"2017-07-20","mode":"submitSocial","container":"all","username":"arwin"}]
2017-07-22 05:09:28	[{"keyword":"sudirman said","from":"2017-07-20","mode":"submitSocial","container":"all","username":"arwin"}]
2017-07-22 05:09:35	[{"keyword":"ahok","from":"2017-07-20","mode":"submitSocial","container":"all","username":"arwin"}]
2017-07-22 05:09:37	[{"keyword":"setyanovanto","from":"2017-07-20","mode":"submitSocial","container":"all","username":"arwin"}]
2017-07-22 05:09:44	[{"keyword":"jokowi","from":"2017-07-20","mode":"submitSocial","container":"all","username":"arwin"}]
2017-07-22 05:09:52	[{"keyword":"ahok","from":"2017-07-20","mode":"submitSocial","container":"all","username":"arwin"}]
2017-07-22 05:09:55	[{"keyword":"prabowo","from":"2017-07-20","mode":"submitSocial","container":"all","username":"arwin"}]
2017-07-22 05:09:57	[{"keyword":"sudirman said","from":"2017-07-20","mode":"submitSocial","container":"all","username":"arwin"}]
2017-07-22 05:10:00	[{"keyword":"setyanovanto","from":"2017-07-20","mode":"submitSocial","container":"all","username":"arwin"}]
2017-07-22 05:10:05	[{"keyword":"galau","from":"2017-07-20","mode":"submitSocial","container":"all","username":"arwin"}]
2017-07-22 05:10:07	[{"keyword":"#prestasiindonesia","from":"2017-07-20","mode":"submitSocial","container":"all","username":"arwin"}]
2017-07-22 05:10:10	[{"keyword":"@tw_debi","from":"2017-07-20","mode":"submitSocial","container":"all","username":"arwin"}]
2017-07-22 05:10:12	[{"keyword":"@officialfastron","from":"2017-07-20","mode":"submitSocial","container":"all","username":"arwin"}]
2017-07-22 05:10:15	[{"keyword":"@citibankid","from":"2017-07-20","mode":"submitSocial","container":"all","username":"arwin"}]
2017-07-22 05:10:17	[{"keyword":"@jak101fm","from":"2017-07-20","mode":"submitSocial","container":"all","username":"arwin"}]
2017-07-22 05:10:20	[{"keyword":"@genfm","from":"2017-07-20","mode":"submitSocial","container":"all","username":"arwin"}]
