2017-04-08 05:00:01	worker	@987genfm;2017-04-06 - 2017-04-06;submitSocial;all;arwin
2017-04-08 05:00:05	worker	@101jakfm;2017-04-06 - 2017-04-06;submitSocial;all;arwin
2017-04-08 05:00:07	worker	@prambors;2017-04-06 - 2017-04-06;submitSocial;all;arwin
2017-04-08 05:00:09	worker	@hardrockfm;2017-04-06 - 2017-04-06;submitSocial;all;arwin
2017-04-08 05:00:12	worker	@kisfmjakarta;2017-04-06 - 2017-04-06;submitSocial;all;arwin
2017-04-08 05:00:14	worker	@delta_fm;2017-04-06 - 2017-04-06;submitSocial;all;arwin
2017-04-08 05:00:17	worker	@traxfmjkt;2017-04-06 - 2017-04-06;submitSocial;all;arwin
2017-04-08 05:00:19	worker	@iradiojakarta;2017-04-06 - 2017-04-06;submitSocial;all;arwin
2017-04-08 05:00:21	worker	@indika9160fm;2017-04-06 - 2017-04-06;submitSocial;all;arwin
2017-04-08 05:00:23	worker	@shellindonesia;2017-04-06 - 2017-04-06;submitSocial;all;arwin
2017-04-08 05:00:26	worker	@vpowerfans;2017-04-06 - 2017-04-06;submitSocial;all;arwin
2017-04-08 05:00:28	worker	@pertamaxind;2017-04-06 - 2017-04-06;submitSocial;all;arwin
2017-04-08 05:00:30	worker	@ptpertamina;2017-04-06 - 2017-04-06;submitSocial;all;arwin
2017-04-08 05:00:32	worker	@OZRadioJakarta;2017-04-06 - 2017-04-06;submitSocial;all;arwin
2017-04-08 05:00:35	worker	@CosmopolitanFM;2017-04-06 - 2017-04-06;submitSocial;all;arwin
2017-04-08 05:00:37	worker	@mustang88fm;2017-04-06 - 2017-04-06;submitSocial;all;arwin
2017-04-08 05:00:39	worker	@debabaz;2017-04-06 - 2017-04-06;submitSocial;all;arwin
2017-04-08 05:00:41	worker	@detikcom;2017-04-06 - 2017-04-06;submitSocial;all;arwin
2017-04-08 05:00:44	worker	@radioelshinta;2017-04-06 - 2017-04-06;submitSocial;all;arwin
2017-04-08 05:00:47	worker	@cinema21;2017-04-06 - 2017-04-06;submitSocial;all;arwin
2017-04-08 05:00:49	worker	@OfficialRCTI;2017-04-06 - 2017-04-06;submitSocial;all;arwin
2017-04-08 05:00:51	worker	@TRANSTV_CORP;2017-04-06 - 2017-04-06;submitSocial;all;arwin
2017-04-08 05:00:54	worker	@TRANS7;2017-04-06 - 2017-04-06;submitSocial;all;arwin
2017-04-08 05:00:56	worker	@Metro_TV;2017-04-06 - 2017-04-06;submitSocial;all;arwin
2017-04-08 05:00:59	worker	@tvOneNews;2017-04-06 - 2017-04-06;submitSocial;all;arwin
2017-04-08 05:01:01	worker	@whatsonANTV;2017-04-06 - 2017-04-06;submitSocial;all;arwin
2017-04-08 05:01:04	worker	@SCTV_;2017-04-06 - 2017-04-06;submitSocial;all;arwin
2017-04-08 05:01:07	worker	@KompasTV;2017-04-06 - 2017-04-06;submitSocial;all;arwin
2017-04-08 05:01:09	worker	@netmediatama;2017-04-06 - 2017-04-06;submitSocial;all;arwin
2017-04-08 05:01:12	worker	@Globaltvseru;2017-04-06 - 2017-04-06;submitSocial;all;arwin
2017-04-08 05:01:15	worker	@JaktvCom;2017-04-06 - 2017-04-06;submitSocial;all;arwin
2017-04-08 05:01:17	worker	@TVRINasional;2017-04-06 - 2017-04-06;submitSocial;all;arwin
2017-04-08 05:01:19	worker	@ochannelupdates;2017-04-06 - 2017-04-06;submitSocial;all;arwin
2017-04-08 05:01:21	worker	@IndosiarID;2017-04-06 - 2017-04-06;submitSocial;all;arwin
2017-04-08 05:01:24	worker	@kompascom;2017-04-06 - 2017-04-06;submitSocial;all;arwin
2017-04-08 05:01:28	worker	@merdekadotcom;2017-04-06 - 2017-04-06;submitSocial;all;arwin
2017-04-08 05:01:30	worker	@MIdotcom;2017-04-06 - 2017-04-06;submitSocial;all;arwin
2017-04-08 05:01:32	worker	@tempodotco;2017-04-06 - 2017-04-06;submitSocial;all;arwin
2017-04-08 05:01:35	worker	@motion975fm;2017-04-06 - 2017-04-06;submitSocial;all;arwin
2017-04-08 05:01:37	worker	@_radiotoday;2017-04-06 - 2017-04-06;submitSocial;all;arwin
2017-04-08 05:01:39	worker	@radioinfo;2017-04-06 - 2017-04-06;submitSocial;all;arwin
2017-04-08 05:01:41	worker	@979FeMaleRadio;2017-04-06 - 2017-04-06;submitSocial;all;arwin
2017-04-08 05:01:43	worker	@WomanRadio943FM;2017-04-06 - 2017-04-06;submitSocial;all;arwin
2017-04-08 05:01:45	worker	@VRadioFM;2017-04-06 - 2017-04-06;submitSocial;all;arwin
2017-04-08 05:01:48	worker	@UFM947;2017-04-06 - 2017-04-06;submitSocial;all;arwin
2017-04-08 05:01:50	worker	@VIVAnews;2017-04-06 - 2017-04-06;submitSocial;all;arwin
2017-04-08 05:01:52	worker	@antaranews;2017-04-06 - 2017-04-06;submitSocial;all;arwin
2017-04-08 05:01:55	worker	@tribunnews;2017-04-06 - 2017-04-06;submitSocial;all;arwin
2017-04-08 05:01:58	worker	@okezonenews;2017-04-06 - 2017-04-06;submitSocial;all;arwin
2017-04-08 05:02:00	worker	@Beritasatu;2017-04-06 - 2017-04-06;submitSocial;all;arwin
2017-04-08 05:02:03	worker	@rollingstoneina;2017-04-06 - 2017-04-06;submitSocial;all;arwin
2017-04-08 05:02:05	worker	@FIMELAdotcom;2017-04-06 - 2017-04-06;submitSocial;all;arwin
2017-04-08 05:02:07	worker	@KapanLagicom;2017-04-06 - 2017-04-06;submitSocial;all;arwin
2017-04-08 05:02:09	worker	@KompasEnt ;2017-04-06 - 2017-04-06;submitSocial;all;arwin
2017-04-08 05:02:11	worker	@HaiMagazine;2017-04-06 - 2017-04-06;submitSocial;all;arwin
2017-04-08 05:02:13	worker	@JakartaVenue;2017-04-06 - 2017-04-06;submitSocial;all;arwin
2017-04-08 05:02:16	worker	@SeputarEvent;2017-04-06 - 2017-04-06;submitSocial;all;arwin
2017-04-08 05:02:18	worker	@ismayaLive;2017-04-06 - 2017-04-06;submitSocial;all;arwin
2017-04-08 05:02:20	worker	@ECEntertainment;2017-04-06 - 2017-04-06;submitSocial;all;arwin
2017-04-08 05:02:22	worker	@synergism_En;2017-04-06 - 2017-04-06;submitSocial;all;arwin
2017-04-08 05:02:24	worker	@Urbanbandung;2017-04-06 - 2017-04-06;submitSocial;all;arwin
2017-04-08 05:02:26	worker	@Urbanrkm995;2017-04-06 - 2017-04-06;submitSocial;all;arwin
2017-04-08 05:02:28	worker	@Garuda_Promo;2017-04-06 - 2017-04-06;submitSocial;all;arwin
2017-04-08 05:02:30	worker	@AirAsiaID;2017-04-06 - 2017-04-06;submitSocial;all;arwin
2017-04-08 05:02:32	worker	@KAI121;2017-04-06 - 2017-04-06;submitSocial;all;arwin
2017-04-08 05:02:34	worker	@Unilever;2017-04-06 - 2017-04-06;submitSocial;all;arwin
2017-04-08 05:02:37	worker	@Nestle;2017-04-06 - 2017-04-06;submitSocial;all;arwin
2017-04-08 05:02:40	worker	@CocaCola;2017-04-06 - 2017-04-06;submitSocial;all;arwin
2017-04-08 05:02:46	worker	@CNN;2017-04-06 - 2017-04-06;submitSocial;all;arwin
2017-04-08 05:02:53	worker	@MTV;2017-04-06 - 2017-04-06;submitSocial;all;arwin
2017-04-08 05:02:57	worker	@channelv;2017-04-06 - 2017-04-06;submitSocial;all;arwin
2017-04-08 05:02:59	worker	@iTunesMusic;2017-04-06 - 2017-04-06;submitSocial;all;arwin
2017-04-08 05:03:01	worker	@mashable;2017-04-06 - 2017-04-06;submitSocial;all;arwin
2017-04-08 05:03:06	worker	@decacaz;2017-04-06 - 2017-04-06;submitSocial;all;arwin
2017-04-08 05:03:08	worker	@radiobaru967FM;2017-04-06 - 2017-04-06;submitSocial;all;arwin
2017-04-08 05:03:10	worker	@967HitzFM;2017-04-06 - 2017-04-06;submitSocial;all;arwin
2017-04-08 05:03:13	worker	@TVGuide;2017-04-06 - 2017-04-06;submitSocial;all;arwin
2017-04-08 05:03:15	worker	@XL123;2017-04-06 - 2017-04-06;submitSocial;all;arwin
2017-04-08 05:03:17	worker	@triindonesia;2017-04-06 - 2017-04-06;submitSocial;all;arwin
2017-04-08 05:03:19	worker	@kaskus;2017-04-06 - 2017-04-06;submitSocial;all;arwin
2017-04-08 05:03:22	worker	@Studio_XXI;2017-04-06 - 2017-04-06;submitSocial;all;arwin
2017-04-08 05:03:24	worker	@blitzmegaplex;2017-04-06 - 2017-04-06;submitSocial;all;arwin
2017-04-08 05:03:26	worker	@alfamartku;2017-04-06 - 2017-04-06;submitSocial;all;arwin
2017-04-08 05:03:28	worker	@Carrefour_ID;2017-04-06 - 2017-04-06;submitSocial;all;arwin
2017-04-08 05:03:30	worker	@BBCBreaking;2017-04-06 - 2017-04-06;submitSocial;all;arwin
2017-04-08 05:03:35	worker	@Forbes;2017-04-06 - 2017-04-06;submitSocial;all;arwin
2017-04-08 05:03:42	worker	@BensRadio;2017-04-06 - 2017-04-06;submitSocial;all;arwin
2017-04-08 05:03:45	worker	@instagram;2017-04-06 - 2017-04-06;submitSocial;all;arwin
2017-04-08 05:03:51	worker	@Pinterest;2017-04-06 - 2017-04-06;submitSocial;all;arwin
2017-04-08 05:03:55	worker	@google;2017-04-06 - 2017-04-06;submitSocial;all;arwin
2017-04-08 05:04:01	worker	@Pertaminalub;2017-04-06 - 2017-04-06;submitSocial;all;arwin
2017-04-08 05:04:03	worker	@InfoLalinTol;2017-04-06 - 2017-04-06;submitSocial;all;arwin
2017-04-08 05:04:05	worker	@PTJASAMARGA;2017-04-06 - 2017-04-06;submitSocial;all;arwin
2017-04-08 05:04:07	worker	@cititransindo;2017-04-06 - 2017-04-06;submitSocial;all;arwin
2017-04-08 05:04:09	worker	#semangatpagisuperr;2017-04-06 - 2017-04-06;submitSocial;all;arwin
2017-04-08 05:04:11	worker	#genkuisinsideout;2017-04-06 - 2017-04-06;submitSocial;all;arwin
2017-04-08 05:04:13	worker	#semangatpagi;2017-04-06 - 2017-04-06;submitSocial;all;arwin
2017-04-08 05:04:15	worker	#dikamar;2017-04-06 - 2017-04-06;submitSocial;all;arwin
2017-04-08 05:04:18	worker	#kopaja;2017-04-06 - 2017-04-06;submitSocial;all;arwin
2017-04-08 05:04:20	worker	#generaksi8;2017-04-06 - 2017-04-06;submitSocial;all;arwin
2017-04-08 05:04:22	worker	#hitztsp;2017-04-06 - 2017-04-06;submitSocial;all;arwin
2017-04-08 05:04:24	worker	#np;2017-04-06 - 2017-04-06;submitSocial;all;arwin
2017-04-08 05:04:27	worker	#hitzlivestage;2017-04-06 - 2017-04-06;submitSocial;all;arwin
2017-04-08 05:04:29	worker	#thefreaks;2017-04-06 - 2017-04-06;submitSocial;all;arwin
2017-04-08 05:04:32	worker	#hitzsirkuspagi;2017-04-06 - 2017-04-06;submitSocial;all;arwin
2017-04-08 05:04:34	worker	#hitzathlon;2017-04-06 - 2017-04-06;submitSocial;all;arwin
2017-04-08 05:04:36	worker	#hitzzombie;2017-04-06 - 2017-04-06;submitSocial;all;arwin
2017-04-08 05:04:38	worker	#hitzkalong;2017-04-06 - 2017-04-06;submitSocial;all;arwin
2017-04-08 05:04:40	worker	#hitzbebas;2017-04-06 - 2017-04-06;submitSocial;all;arwin
2017-04-08 05:04:42	worker	#hitzhorehara;2017-04-06 - 2017-04-06;submitSocial;all;arwin
2017-04-08 05:04:44	worker	@ZaloraID;2017-04-06 - 2017-04-06;submitSocial;all;arwin
2017-04-08 05:04:46	worker	@OLX_Indonesia;2017-04-06 - 2017-04-06;submitSocial;all;arwin
2017-04-08 05:04:49	worker	@LazadaID;2017-04-06 - 2017-04-06;submitSocial;all;arwin
2017-04-08 05:04:51	worker	@utrippers;2017-04-06 - 2017-04-06;submitSocial;all;arwin
2017-04-08 05:04:53	worker	@GoGobot;2017-04-06 - 2017-04-06;submitSocial;all;arwin
2017-04-08 05:04:55	worker	@viatortravel;2017-04-06 - 2017-04-06;submitSocial;all;arwin
2017-04-08 05:04:58	worker	@alandakariza;2017-04-06 - 2017-04-06;submitSocial;all;arwin
2017-04-08 05:05:00	worker	@gagasmedia;2017-04-06 - 2017-04-06;submitSocial;all;arwin
2017-04-08 05:05:02	worker	@welovehonda;2017-04-06 - 2017-04-06;submitSocial;all;arwin
2017-04-08 05:05:04	worker	@SuzukiMotorID;2017-04-06 - 2017-04-06;submitSocial;all;arwin
2017-04-08 05:05:06	worker	@kawasakilovers;2017-04-06 - 2017-04-06;submitSocial;all;arwin
2017-04-08 05:05:09	worker	@yamahaindonesia;2017-04-06 - 2017-04-06;submitSocial;all;arwin
2017-04-08 05:05:11	worker	@tripanzee;2017-04-06 - 2017-04-06;submitSocial;all;arwin
2017-04-08 05:05:13	worker	@arnoldpoernomo;2017-04-06 - 2017-04-06;submitSocial;all;arwin
2017-04-08 05:05:15	worker	@nicsap;2017-04-06 - 2017-04-06;submitSocial;all;arwin
2017-04-08 05:05:18	worker	@tiket2;2017-04-06 - 2017-04-06;submitSocial;all;arwin
2017-04-08 05:05:20	worker	@traveloka;2017-04-06 - 2017-04-06;submitSocial;all;arwin
2017-04-08 05:05:22	worker	@wego;2017-04-06 - 2017-04-06;submitSocial;all;arwin
2017-04-08 05:05:25	worker	@agoda;2017-04-06 - 2017-04-06;submitSocial;all;arwin
2017-04-08 05:05:28	worker	#salahsambung;2017-04-06 - 2017-04-06;submitSocial;all;arwin
2017-04-08 05:05:30	worker	#tulalit;2017-04-06 - 2017-04-06;submitSocial;all;arwin
2017-04-08 05:05:32	worker	#pestageneraksi8;2017-04-06 - 2017-04-06;submitSocial;all;arwin
2017-04-08 05:05:34	worker	#ganaskustik;2017-04-06 - 2017-04-06;submitSocial;all;arwin
2017-04-08 05:05:36	worker	#lnhot20;2017-04-06 - 2017-04-06;submitSocial;all;arwin
2017-04-08 05:05:38	worker	@TripAdvisor;2017-04-06 - 2017-04-06;submitSocial;all;arwin
2017-04-08 05:05:40	worker	@google;2017-04-06 - 2017-04-06;submitSocial;all;arwin
2017-04-08 05:05:47	worker	@Telkomsel;2017-04-06 - 2017-04-06;submitSocial;all;arwin
2017-04-08 05:05:50	worker	@indosat;2017-04-06 - 2017-04-06;submitSocial;all;arwin
2017-04-08 05:05:52	worker	@bahanafmjkt;2017-04-06 - 2017-04-06;submitSocial;all;2017-04-08 05:05:58	worker	@sonorafm92;2017-04-06 - 2017-04-06;submitSocial;all;arwin
2017-04-08 05:06:00	worker	@litefm1058;2017-04-06 - 2017-04-06;submitSocial;all;arwin
2017-04-08 05:06:01	worker	@Bravaradio;2017-04-06 - 2017-04-06;submitSocial;all;arwin
2017-04-08 05:06:04	worker	#dgitm;2017-04-06 - 2017-04-06;submitSocial;all;arwin
2017-04-08 05:06:06	worker	#hitsalaprambors;2017-04-06 - 2017-04-06;submitSocial;all;arwin
2017-04-08 05:06:08	worker	#reqprambors;2017-04-06 - 2017-04-06;submitSocial;all;arwin
2017-04-08 05:06:10	worker	#thedandees;2017-04-06 - 2017-04-06;submitSocial;all;arwin
2017-04-08 05:06:13	worker	#pramborsquiz;2017-04-06 - 2017-04-06;submitSocial;all;arwin
2017-04-08 05:06:15	worker	#jeliprambors;2017-04-06 - 2017-04-06;submitSocial;all;arwin
2017-04-08 05:06:17	worker	#jodohinprambors;2017-04-06 - 2017-04-06;submitSocial;all;arwin
2017-04-08 05:06:19	worker	#ubahdenganbicara;2017-04-06 - 2017-04-06;submitSocial;all;arwin
2017-04-08 05:06:21	worker	#pramborschat;2017-04-06 - 2017-04-06;submitSocial;all;arwin
2017-04-08 05:06:23	worker	#tweetforduit;2017-04-06 - 2017-04-06;submitSocial;all;arwin
2017-04-08 05:06:25	worker	#joki3in1;2017-04-06 - 2017-04-06;submitSocial;all;arwin
2017-04-08 05:06:27	worker	#sarapanseru;2017-04-06 - 2017-04-06;submitSocial;all;arwin
2017-04-08 05:06:29	worker	#rawonkaneloop;2017-04-06 - 2017-04-06;submitSocial;all;arwin
2017-04-08 05:06:31	worker	#gudegkendilkeraton;2017-04-06 - 2017-04-06;submitSocial;all;arwin
2017-04-08 05:06:33	worker	#gadogadobutika;2017-04-06 - 2017-04-06;submitSocial;all;arwin
2017-04-08 05:06:35	worker	#mtvhottest;2017-04-06 - 2017-04-06;submitSocial;all;arwin
2017-04-08 05:06:37	worker	#dimsumcjdw;2017-04-06 - 2017-04-06;submitSocial;all;arwin
2017-04-08 05:06:39	worker	#pecelmadiunmbakniek;2017-04-06 - 2017-04-06;submitSocial;all;arwin
2017-04-08 05:06:41	worker	#depotarema;2017-04-06 - 2017-04-06;submitSocial;all;arwin
2017-04-08 05:06:43	worker	@BNI46;2017-04-06 - 2017-04-06;submitSocial;all;arwin
2017-04-08 05:06:45	worker	@BANKBRI_ID;2017-04-06 - 2017-04-06;submitSocial;all;arwin
2017-04-08 05:06:48	worker	#bni46;2017-04-06 - 2017-04-06;submitSocial;all;arwin
2017-04-08 05:06:50	worker	macet;2017-04-06 - 2017-04-06;submitSocial;all;arwin
2017-04-08 05:06:54	worker	#selamatpagi;2017-04-06 - 2017-04-06;submitSocial;all;arwin
2017-04-08 05:06:57	worker	#selamatmalam;2017-04-06 - 2017-04-06;submitSocial;all;arwin
2017-04-08 05:06:59	worker	@884GlobalRadio;2017-04-06 - 2017-04-06;submitSocial;all;arwin
2017-04-08 05:07:01	worker	@day_trans;2017-04-06 - 2017-04-06;submitSocial;all;arwin
2017-04-08 05:07:03	worker	@kencanavoyage;2017-04-06 - 2017-04-06;submitSocial;all;arwin
2017-04-08 05:07:05	worker	@jukebox5d;2017-04-06 - 2017-04-06;submitSocial;all;arwin
2017-04-08 05:07:07	worker	#mtvhottest;2017-04-06 - 2017-04-06;submitSocial;all;arwin
2017-04-08 05:07:09	worker	#semangatpagi;2017-04-06 - 2017-04-06;submitSocial;all;arwin
2017-04-08 05:07:12	worker	lifebuoy;2017-04-06 - 2017-04-06;submitSocial;all;arwin
2017-04-08 05:07:14	worker	jokowi;2017-04-06 - 2017-04-06;submitSocial;all;arwin
2017-04-08 05:07:19	worker	obama;2017-04-06 - 2017-04-06;submitSocial;all;arwin
2017-04-08 05:07:28	worker	starwars;2017-04-06 - 2017-04-06;submitSocial;all;arwin
2017-04-08 05:07:31	worker	jonan;2017-04-06 - 2017-04-06;submitSocial;all;arwin
2017-04-08 05:07:34	worker	pagi;2017-04-06 - 2017-04-06;submitSocial;all;arwin
2017-04-08 05:07:42	worker	sampoerna;2017-04-06 - 2017-04-06;submitSocial;all;arwin
2017-04-08 05:07:45	worker	djarum;2017-04-06 - 2017-04-06;submitSocial;all;arwin
2017-04-08 05:07:47	worker	#semangatpagi;2017-04-06 - 2017-04-06;submitSocial;all;arwin
2017-04-08 05:07:50	worker	#generaksi8;2017-04-06 - 2017-04-06;submitSocial;all;arwin
2017-04-08 05:07:51	worker	#365alasan;2017-04-06 - 2017-04-06;submitSocial;all;arwin
2017-04-08 05:07:54	worker	weew;2017-04-06 - 2017-04-06;submitSocial;all;arwin
2017-04-08 05:07:57	worker	testing;2017-04-06 - 2017-04-06;submitSocial;all;arwin
2017-04-08 05:08:05	worker	#kopaja;2017-04-06 - 2017-04-06;submitSocial;all;arwin
2017-04-08 05:08:07	worker	#genkuisinsideout;2017-04-06 - 2017-04-06;submitSocial;all;arwin
2017-04-08 05:08:09	worker	starwars;2017-04-06 - 2017-04-06;submitSocial;all;arwin
2017-04-08 05:08:12	worker	#kopaja;2017-04-06 - 2017-04-06;submitSocial;all;arwin
2017-04-08 05:08:15	worker	mldspot;2017-04-06 - 2017-04-06;submitSocial;all;arwin
2017-04-08 05:08:17	worker	PBDjarum;2017-04-06 - 2017-04-06;submitSocial;all;arwin
2017-04-08 05:08:20	worker	TemanNabati;2017-04-06 - 2017-04-06;submitSocial;all;arwin
2017-04-08 05:08:22	worker	Nextar;2017-04-06 - 2017-04-06;submitSocial;all;arwin
2017-04-08 05:08:25	worker	jokowo;2017-04-06 - 2017-04-06;submitSocial;all;arwin
2017-04-08 05:08:28	worker	prabowo;2017-04-06 - 2017-04-06;submitSocial;all;arwin
2017-04-08 05:08:31	worker	sudirman said;2017-04-06 - 2017-04-06;submitSocial;all;arwin
2017-04-08 05:08:33	worker	ahok;2017-04-06 - 2017-04-06;submitSocial;all;arwin
2017-04-08 05:08:39	worker	setyanovanto;2017-04-06 - 2017-04-06;submitSocial;all;arwin
2017-04-08 05:08:41	worker	jokowi;2017-04-06 - 2017-04-06;submitSocial;all;arwin
2017-04-08 05:08:46	worker	ahok;2017-04-06 - 2017-04-06;submitSocial;all;arwin
2017-04-08 05:08:53	worker	prabowo;2017-04-06 - 2017-04-06;submitSocial;all;arwin
2017-04-08 05:08:56	worker	sudirman said;2017-04-06 - 2017-04-06;submitSocial;all;arwin
2017-04-08 05:08:58	worker	setyanovanto;2017-04-06 - 2017-04-06;submitSocial;all;arwin
2017-04-08 05:09:00	worker	galau;2017-04-06 - 2017-04-06;submitSocial;all;arwin
2017-04-08 05:09:04	worker	#prestasiindonesia;2017-04-06 - 2017-04-06;submitSocial;all;arwin
2017-04-08 05:09:06	worker	@Tw_Debi;2017-04-06 - 2017-04-06;submitSocial;all;arwin
2017-04-08 05:09:08	worker	@OfficialFastron;2017-04-06 - 2017-04-06;submitSocial;all;arwin
2017-04-08 05:09:10	worker	@CitibankID;2017-04-06 - 2017-04-06;submitSocial;all;arwin
2017-04-08 05:09:12	worker	@jak101fm;2017-04-06 - 2017-04-06;submitSocial;all;arwin
2017-04-08 05:09:15	worker	@genfm;2017-04-06 - 2017-04-06;submitSocial;all;arwin
