2017-04-11 05:00:04	[{"keyword":"@987genfm","from":"2017-04-09","mode":"submitSocial","container":"all","username":"arwin"}]
2017-04-11 05:00:06	[{"keyword":"@101jakfm","from":"2017-04-09","mode":"submitSocial","container":"all","username":"arwin"}]
2017-04-11 05:00:09	[{"keyword":"@prambors","from":"2017-04-09","mode":"submitSocial","container":"all","username":"arwin"}]
2017-04-11 05:00:11	[{"keyword":"@hardrockfm","from":"2017-04-09","mode":"submitSocial","container":"all","username":"arwin"}]
2017-04-11 05:00:13	[{"keyword":"@kisfmjakarta","from":"2017-04-09","mode":"submitSocial","container":"all","username":"arwin"}]
2017-04-11 05:00:16	[{"keyword":"@delta_fm","from":"2017-04-09","mode":"submitSocial","container":"all","username":"arwin"}]
2017-04-11 05:00:18	[{"keyword":"@traxfmjkt","from":"2017-04-09","mode":"submitSocial","container":"all","username":"arwin"}]
2017-04-11 05:00:20	[{"keyword":"@iradiojakarta","from":"2017-04-09","mode":"submitSocial","container":"all","username":"arwin"}]
2017-04-11 05:00:22	[{"keyword":"@indika9160fm","from":"2017-04-09","mode":"submitSocial","container":"all","username":"arwin"}]
2017-04-11 05:00:24	[{"keyword":"@shellindonesia","from":"2017-04-09","mode":"submitSocial","container":"all","username":"arwin"}]
2017-04-11 05:00:26	[{"keyword":"@vpowerfans","from":"2017-04-09","mode":"submitSocial","container":"all","username":"arwin"}]
2017-04-11 05:00:29	[{"keyword":"@pertamaxind","from":"2017-04-09","mode":"submitSocial","container":"all","username":"arwin"}]
2017-04-11 05:00:31	[{"keyword":"@ptpertamina","from":"2017-04-09","mode":"submitSocial","container":"all","username":"arwin"}]
2017-04-11 05:00:33	[{"keyword":"@ozradiojakarta","from":"2017-04-09","mode":"submitSocial","container":"all","username":"arwin"}]
2017-04-11 05:00:35	[{"keyword":"@cosmopolitanfm","from":"2017-04-09","mode":"submitSocial","container":"all","username":"arwin"}]
2017-04-11 05:00:37	[{"keyword":"@mustang88fm","from":"2017-04-09","mode":"submitSocial","container":"all","username":"arwin"}]
2017-04-11 05:00:39	[{"keyword":"@debabaz","from":"2017-04-09","mode":"submitSocial","container":"all","username":"arwin"}]
2017-04-11 05:00:42	[{"keyword":"@detikcom","from":"2017-04-09","mode":"submitSocial","container":"all","username":"arwin"}]
2017-04-11 05:00:45	[{"keyword":"@radioelshinta","from":"2017-04-09","mode":"submitSocial","container":"all","username":"arwin"}]
2017-04-11 05:00:47	[{"keyword":"@cinema21","from":"2017-04-09","mode":"submitSocial","container":"all","username":"arwin"}]
2017-04-11 05:00:49	[{"keyword":"@officialrcti","from":"2017-04-09","mode":"submitSocial","container":"all","username":"arwin"}]
2017-04-11 05:00:52	[{"keyword":"@transtv_corp","from":"2017-04-09","mode":"submitSocial","container":"all","username":"arwin"}]
2017-04-11 05:00:54	[{"keyword":"@trans7","from":"2017-04-09","mode":"submitSocial","container":"all","username":"arwin"}]
2017-04-11 05:00:57	[{"keyword":"@metro_tv","from":"2017-04-09","mode":"submitSocial","container":"all","username":"arwin"}]
2017-04-11 05:00:59	[{"keyword":"@tvonenews","from":"2017-04-09","mode":"submitSocial","container":"all","username":"arwin"}]
2017-04-11 05:01:02	[{"keyword":"@whatsonantv","from":"2017-04-09","mode":"submitSocial","container":"all","username":"arwin"}]
2017-04-11 05:01:06	[{"keyword":"@sctv_","from":"2017-04-09","mode":"submitSocial","container":"all","username":"arwin"}]
2017-04-11 05:01:09	[{"keyword":"@kompastv","from":"2017-04-09","mode":"submitSocial","container":"all","username":"arwin"}]
2017-04-11 05:01:12	[{"keyword":"@netmediatama","from":"2017-04-09","mode":"submitSocial","container":"all","username":"arwin"}]
2017-04-11 05:01:14	[{"keyword":"@globaltvseru","from":"2017-04-09","mode":"submitSocial","container":"all","username":"arwin"}]
2017-04-11 05:01:17	[{"keyword":"@jaktvcom","from":"2017-04-09","mode":"submitSocial","container":"all","username":"arwin"}]
2017-04-11 05:01:19	[{"keyword":"@tvrinasional","from":"2017-04-09","mode":"submitSocial","container":"all","username":"arwin"}]
2017-04-11 05:01:21	[{"keyword":"@ochannelupdates","from":"2017-04-09","mode":"submitSocial","container":"all","username":"arwin"}]
2017-04-11 05:01:25	[{"keyword":"@indosiarid","from":"2017-04-09","mode":"submitSocial","container":"all","username":"arwin"}]
2017-04-11 05:01:28	[{"keyword":"@kompascom","from":"2017-04-09","mode":"submitSocial","container":"all","username":"arwin"}]
2017-04-11 05:01:30	[{"keyword":"@merdekadotcom","from":"2017-04-09","mode":"submitSocial","container":"all","username":"arwin"}]
2017-04-11 05:01:33	[{"keyword":"@midotcom","from":"2017-04-09","mode":"submitSocial","container":"all","username":"arwin"}]
2017-04-11 05:01:35	[{"keyword":"@tempodotco","from":"2017-04-09","mode":"submitSocial","container":"all","username":"arwin"}]
2017-04-11 05:01:37	[{"keyword":"@motion975fm","from":"2017-04-09","mode":"submitSocial","container":"all","username":"arwin"}]
2017-04-11 05:01:39	[{"keyword":"@_radiotoday","from":"2017-04-09","mode":"submitSocial","container":"all","username":"arwin"}]
2017-04-11 05:01:41	[{"keyword":"@radioinfo","from":"2017-04-09","mode":"submitSocial","container":"all","username":"arwin"}]
2017-04-11 05:01:43	[{"keyword":"@979femaleradio","from":"2017-04-09","mode":"submitSocial","container":"all","username":"arwin"}]
2017-04-11 05:01:45	[{"keyword":"@womanradio943fm","from":"2017-04-09","mode":"submitSocial","container":"all","username":"arwin"}]
2017-04-11 05:01:48	[{"keyword":"@vradiofm","from":"2017-04-09","mode":"submitSocial","container":"all","username":"arwin"}]
2017-04-11 05:01:49	[{"keyword":"@ufm947","from":"2017-04-09","mode":"submitSocial","container":"all","username":"arwin"}]
2017-04-11 05:01:52	[{"keyword":"@vivanews","from":"2017-04-09","mode":"submitSocial","container":"all","username":"arwin"}]
2017-04-11 05:01:54	[{"keyword":"@antaranews","from":"2017-04-09","mode":"submitSocial","container":"all","username":"arwin"}]
2017-04-11 05:01:57	[{"keyword":"@tribunnews","from":"2017-04-09","mode":"submitSocial","container":"all","username":"arwin"}]
2017-04-11 05:01:59	[{"keyword":"@okezonenews","from":"2017-04-09","mode":"submitSocial","container":"all","username":"arwin"}]
2017-04-11 05:02:02	[{"keyword":"@beritasatu","from":"2017-04-09","mode":"submitSocial","container":"all","username":"arwin"}]
2017-04-11 05:02:04	[{"keyword":"@rollingstoneina","from":"2017-04-09","mode":"submitSocial","container":"all","username":"arwin"}]
2017-04-11 05:02:06	[{"keyword":"@fimeladotcom","from":"2017-04-09","mode":"submitSocial","container":"all","username":"arwin"}]
2017-04-11 05:02:08	[{"keyword":"@kapanlagicom","from":"2017-04-09","mode":"submitSocial","container":"all","username":"arwin"}]
2017-04-11 05:02:10	[{"keyword":"@kompasent","from":"2017-04-09","mode":"submitSocial","container":"all","username":"arwin"}]
2017-04-11 05:02:13	[{"keyword":"@haimagazine","from":"2017-04-09","mode":"submitSocial","container":"all","username":"arwin"}]
2017-04-11 05:02:15	[{"keyword":"@jakartavenue","from":"2017-04-09","mode":"submitSocial","container":"all","username":"arwin"}]
2017-04-11 05:02:17	[{"keyword":"@seputarevent","from":"2017-04-09","mode":"submitSocial","container":"all","username":"arwin"}]
2017-04-11 05:02:19	[{"keyword":"@ismayalive","from":"2017-04-09","mode":"submitSocial","container":"all","username":"arwin"}]
2017-04-11 05:02:21	[{"keyword":"@ecentertainment","from":"2017-04-09","mode":"submitSocial","container":"all","username":"arwin"}]
2017-04-11 05:02:23	[{"keyword":"@synergism_en","from":"2017-04-09","mode":"submitSocial","container":"all","username":"arwin"}]
2017-04-11 05:02:25	[{"keyword":"@urbanbandung","from":"2017-04-09","mode":"submitSocial","container":"all","username":"arwin"}]
2017-04-11 05:02:27	[{"keyword":"@urbanrkm995","from":"2017-04-09","mode":"submitSocial","container":"all","username":"arwin"}]
2017-04-11 05:02:29	[{"keyword":"@garuda_promo","from":"2017-04-09","mode":"submitSocial","container":"all","username":"arwin"}]
2017-04-11 05:02:31	[{"keyword":"@airasiaid","from":"2017-04-09","mode":"submitSocial","container":"all","username":"arwin"}]
2017-04-11 05:02:34	[{"keyword":"@kai121","from":"2017-04-09","mode":"submitSocial","container":"all","username":"arwin"}]
2017-04-11 05:02:36	[{"keyword":"@unilever","from":"2017-04-09","mode":"submitSocial","container":"all","username":"arwin"}]
2017-04-11 05:02:38	[{"keyword":"@nestle","from":"2017-04-09","mode":"submitSocial","container":"all","username":"arwin"}]
2017-04-11 05:02:42	[{"keyword":"@cocacola","from":"2017-04-09","mode":"submitSocial","container":"all","username":"arwin"}]
2017-04-11 05:02:50	[{"keyword":"@cnn","from":"2017-04-09","mode":"submitSocial","container":"all","username":"arwin"}]
2017-04-11 05:02:53	[{"keyword":"@mtv","from":"2017-04-09","mode":"submitSocial","container":"all","username":"arwin"}]
2017-04-11 05:02:55	[{"keyword":"@channelv","from":"2017-04-09","mode":"submitSocial","container":"all","username":"arwin"}]
2017-04-11 05:02:58	[{"keyword":"@itunesmusic","from":"2017-04-09","mode":"submitSocial","container":"all","username":"arwin"}]
2017-04-11 05:03:01	[{"keyword":"@mashable","from":"2017-04-09","mode":"submitSocial","container":"all","username":"arwin"}]
2017-04-11 05:03:03	[{"keyword":"@decacaz","from":"2017-04-09","mode":"submitSocial","container":"all","username":"arwin"}]
2017-04-11 05:03:05	[{"keyword":"@radiobaru967fm","from":"2017-04-09","mode":"submitSocial","container":"all","username":"arwin"}]
2017-04-11 05:03:07	[{"keyword":"@967hitzfm","from":"2017-04-09","mode":"submitSocial","container":"all","username":"arwin"}]
2017-04-11 05:03:10	[{"keyword":"@tvguide","from":"2017-04-09","mode":"submitSocial","container":"all","username":"arwin"}]
2017-04-11 05:03:12	[{"keyword":"@xl123","from":"2017-04-09","mode":"submitSocial","container":"all","username":"arwin"}]
2017-04-11 05:03:14	[{"keyword":"@triindonesia","from":"2017-04-09","mode":"submitSocial","container":"all","username":"arwin"}]
2017-04-11 05:03:17	[{"keyword":"@kaskus","from":"2017-04-09","mode":"submitSocial","container":"all","username":"arwin"}]
2017-04-11 05:03:19	[{"keyword":"@studio_xxi","from":"2017-04-09","mode":"submitSocial","container":"all","username":"arwin"}]
2017-04-11 05:03:21	[{"keyword":"@blitzmegaplex","from":"2017-04-09","mode":"submitSocial","container":"all","username":"arwin"}]
2017-04-11 05:03:23	[{"keyword":"@alfamartku","from":"2017-04-09","mode":"submitSocial","container":"all","username":"arwin"}]
2017-04-11 05:03:25	[{"keyword":"@carrefour_id","from":"2017-04-09","mode":"submitSocial","container":"all","username":"arwin"}]
2017-04-11 05:03:28	[{"keyword":"@bbcbreaking","from":"2017-04-09","mode":"submitSocial","container":"all","username":"arwin"}]
2017-04-11 05:03:33	[{"keyword":"@forbes","from":"2017-04-09","mode":"submitSocial","container":"all","username":"arwin"}]
2017-04-11 05:03:36	[{"keyword":"@bensradio","from":"2017-04-09","mode":"submitSocial","container":"all","username":"arwin"}]
2017-04-11 05:03:39	[{"keyword":"@instagram","from":"2017-04-09","mode":"submitSocial","container":"all","username":"arwin"}]
2017-04-11 05:03:42	[{"keyword":"@pinterest","from":"2017-04-09","mode":"submitSocial","container":"all","username":"arwin"}]
2017-04-11 05:03:48	[{"keyword":"@google","from":"2017-04-09","mode":"submitSocial","container":"all","username":"arwin"}]
2017-04-11 05:03:50	[{"keyword":"@pertaminalub","from":"2017-04-09","mode":"submitSocial","container":"all","username":"arwin"}]
2017-04-11 05:03:52	[{"keyword":"@infolalintol","from":"2017-04-09","mode":"submitSocial","container":"all","username":"arwin"}]
2017-04-11 05:03:54	[{"keyword":"@ptjasamarga","from":"2017-04-09","mode":"submitSocial","container":"all","username":"arwin"}]
2017-04-11 05:03:57	[{"keyword":"@cititransindo","from":"2017-04-09","mode":"submitSocial","container":"all","username":"arwin"}]
2017-04-11 05:03:59	[{"keyword":"#semangatpagisuperr","from":"2017-04-09","mode":"submitSocial","container":"all","username":"arwin"}]
2017-04-11 05:04:01	[{"keyword":"#genkuisinsideout","from":"2017-04-09","mode":"submitSocial","container":"all","username":"arwin"}]
2017-04-11 05:04:03	[{"keyword":"#semangatpagi","from":"2017-04-09","mode":"submitSocial","container":"all","username":"arwin"}]
2017-04-11 05:04:05	[{"keyword":"#dikamar","from":"2017-04-09","mode":"submitSocial","container":"all","username":"arwin"}]
2017-04-11 05:04:07	[{"keyword":"#kopaja","from":"2017-04-09","mode":"submitSocial","container":"all","username":"arwin"}]
2017-04-11 05:04:09	[{"keyword":"#generaksi8","from":"2017-04-09","mode":"submitSocial","container":"all","username":"arwin"}]
2017-04-11 05:04:12	[{"keyword":"#hitztsp","from":"2017-04-09","mode":"submitSocial","container":"all","username":"arwin"}]
2017-04-11 05:04:14	[{"keyword":"#np","from":"2017-04-09","mode":"submitSocial","container":"all","username":"arwin"}]
2017-04-11 05:04:16	[{"keyword":"#hitzlivestage","from":"2017-04-09","mode":"submitSocial","container":"all","username":"arwin"}]
2017-04-11 05:04:19	[{"keyword":"#thefreaks","from":"2017-04-09","mode":"submitSocial","container":"all","username":"arwin"}]
2017-04-11 05:04:21	[{"keyword":"#hitzsirkuspagi","from":"2017-04-09","mode":"submitSocial","container":"all","username":"arwin"}]
2017-04-11 05:04:23	[{"keyword":"#hitzathlon","from":"2017-04-09","mode":"submitSocial","container":"all","username":"arwin"}]
2017-04-11 05:04:25	[{"keyword":"#hitzzombie","from":"2017-04-09","mode":"submitSocial","container":"all","username":"arwin"}]
2017-04-11 05:04:27	[{"keyword":"#hitzkalong","from":"2017-04-09","mode":"submitSocial","container":"all","username":"arwin"}]
2017-04-11 05:04:29	[{"keyword":"#hitzbebas","from":"2017-04-09","mode":"submitSocial","container":"all","username":"arwin"}]
2017-04-11 05:04:31	[{"keyword":"#hitzhorehara","from":"2017-04-09","mode":"submitSocial","container":"all","username":"arwin"}]
2017-04-11 05:04:33	[{"keyword":"@zaloraid","from":"2017-04-09","mode":"submitSocial","container":"all","username":"arwin"}]
2017-04-11 05:04:36	[{"keyword":"@olx_indonesia","from":"2017-04-09","mode":"submitSocial","container":"all","username":"arwin"}]
2017-04-11 05:04:38	[{"keyword":"@lazadaid","from":"2017-04-09","mode":"submitSocial","container":"all","username":"arwin"}]
2017-04-11 05:04:40	[{"keyword":"@utrippers","from":"2017-04-09","mode":"submitSocial","container":"all","username":"arwin"}]
2017-04-11 05:04:42	[{"keyword":"@gogobot","from":"2017-04-09","mode":"submitSocial","container":"all","username":"arwin"}]
2017-04-11 05:04:44	[{"keyword":"@viatortravel","from":"2017-04-09","mode":"submitSocial","container":"all","username":"arwin"}]
2017-04-11 05:04:46	[{"keyword":"@alandakariza","from":"2017-04-09","mode":"submitSocial","container":"all","username":"arwin"}]
2017-04-11 05:04:49	[{"keyword":"@gagasmedia","from":"2017-04-09","mode":"submitSocial","container":"all","username":"arwin"}]
2017-04-11 05:04:52	[{"keyword":"@welovehonda","from":"2017-04-09","mode":"submitSocial","container":"all","username":"arwin"}]
2017-04-11 05:04:54	[{"keyword":"@suzukimotorid","from":"2017-04-09","mode":"submitSocial","container":"all","username":"arwin"}]
2017-04-11 05:04:56	[{"keyword":"@kawasakilovers","from":"2017-04-09","mode":"submitSocial","container":"all","username":"arwin"}]
2017-04-11 05:04:58	[{"keyword":"@yamahaindonesia","from":"2017-04-09","mode":"submitSocial","container":"all","username":"arwin"}]
2017-04-11 05:05:00	[{"keyword":"@tripanzee","from":"2017-04-09","mode":"submitSocial","container":"all","username":"arwin"}]
2017-04-11 05:05:03	[{"keyword":"@arnoldpoernomo","from":"2017-04-09","mode":"submitSocial","container":"all","username":"arwin"}]
2017-04-11 05:05:05	[{"keyword":"@nicsap","from":"2017-04-09","mode":"submitSocial","container":"all","username":"arwin"}]
2017-04-11 05:05:07	[{"keyword":"@tiket2","from":"2017-04-09","mode":"submitSocial","container":"all","username":"arwin"}]
2017-04-11 05:05:10	[{"keyword":"@traveloka","from":"2017-04-09","mode":"submitSocial","container":"all","username":"arwin"}]
2017-04-11 05:05:12	[{"keyword":"@wego","from":"2017-04-09","mode":"submitSocial","container":"all","username":"arwin"}]
2017-04-11 05:05:15	[{"keyword":"@agoda","from":"2017-04-09","mode":"submitSocial","container":"all","username":"arwin"}]
2017-04-11 05:05:17	[{"keyword":"#salahsambung","from":"2017-04-09","mode":"submitSocial","container":"all","username":"arwin"}]
2017-04-11 05:05:20	[{"keyword":"#tulalit","from":"2017-04-09","mode":"submitSocial","container":"all","username":"arwin"}]
2017-04-11 05:05:21	[{"keyword":"#pestageneraksi8","from":"2017-04-09","mode":"submitSocial","container":"all","username":"arwin"}]
2017-04-11 05:05:23	[{"keyword":"#ganaskustik","from":"2017-04-09","mode":"submitSocial","container":"all","username":"arwin"}]
2017-04-11 05:05:25	[{"keyword":"#lnhot20","from":"2017-04-09","mode":"submitSocial","container":"all","username":"arwin"}]
2017-04-11 05:05:28	[{"keyword":"@tripadvisor","from":"2017-04-09","mode":"submitSocial","container":"all","username":"arwin"}]
2017-04-11 05:05:33	[{"keyword":"@google","from":"2017-04-09","mode":"submitSocial","container":"all","username":"arwin"}]
2017-04-11 05:05:36	[{"keyword":"@telkomsel","from":"2017-04-09","mode":"submitSocial","container":"all","username":"arwin"}]
2017-04-11 05:05:39	[{"keyword":"@indosat","from":"2017-04-09","mode":"submitSocial","container":"all","username":"arwin"}]
2017-04-11 05:05:41	[{"keyword":"@bahanafmjkt","from":"2017-04-09","mode":"submitSocial","container":"all","username":""}]
2017-04-11 05:05:45	[{"keyword":"@sonorafm92","from":"2017-04-09","mode":"submitSocial","container":"all","username":"arwin"}]
2017-04-11 05:05:47	[{"keyword":"@litefm1058","from":"2017-04-09","mode":"submitSocial","container":"all","username":"arwin"}]
2017-04-11 05:05:49	[{"keyword":"@bravaradio","from":"2017-04-09","mode":"submitSocial","container":"all","username":"arwin"}]
2017-04-11 05:05:52	[{"keyword":"#dgitm","from":"2017-04-09","mode":"submitSocial","container":"all","username":"arwin"}]
2017-04-11 05:05:54	[{"keyword":"#hitsalaprambors","from":"2017-04-09","mode":"submitSocial","container":"all","username":"arwin"}]
2017-04-11 05:05:56	[{"keyword":"#reqprambors","from":"2017-04-09","mode":"submitSocial","container":"all","username":"arwin"}]
2017-04-11 05:05:58	[{"keyword":"#thedandees","from":"2017-04-09","mode":"submitSocial","container":"all","username":"arwin"}]
2017-04-11 05:06:00	[{"keyword":"#pramborsquiz","from":"2017-04-09","mode":"submitSocial","container":"all","username":"arwin"}]
2017-04-11 05:06:02	[{"keyword":"#jeliprambors","from":"2017-04-09","mode":"submitSocial","container":"all","username":"arwin"}]
2017-04-11 05:06:04	[{"keyword":"#jodohinprambors","from":"2017-04-09","mode":"submitSocial","container":"all","username":"arwin"}]
2017-04-11 05:06:06	[{"keyword":"#ubahdenganbicara","from":"2017-04-09","mode":"submitSocial","container":"all","username":"arwin"}]
2017-04-11 05:06:08	[{"keyword":"#pramborschat","from":"2017-04-09","mode":"submitSocial","container":"all","username":"arwin"}]
2017-04-11 05:06:10	[{"keyword":"#tweetforduit","from":"2017-04-09","mode":"submitSocial","container":"all","username":"arwin"}]
2017-04-11 05:06:12	[{"keyword":"#joki3in1","from":"2017-04-09","mode":"submitSocial","container":"all","username":"arwin"}]
2017-04-11 05:06:14	[{"keyword":"#sarapanseru","from":"2017-04-09","mode":"submitSocial","container":"all","username":"arwin"}]
2017-04-11 05:06:16	[{"keyword":"#rawonkaneloop","from":"2017-04-09","mode":"submitSocial","container":"all","username":"arwin"}]
2017-04-11 05:06:18	[{"keyword":"#gudegkendilkeraton","from":"2017-04-09","mode":"submitSocial","container":"all","username":"arwin"}]
2017-04-11 05:06:20	[{"keyword":"#gadogadobutika","from":"2017-04-09","mode":"submitSocial","container":"all","username":"arwin"}]
2017-04-11 05:06:22	[{"keyword":"#mtvhottest","from":"2017-04-09","mode":"submitSocial","container":"all","username":"arwin"}]
2017-04-11 05:06:24	[{"keyword":"#dimsumcjdw","from":"2017-04-09","mode":"submitSocial","container":"all","username":"arwin"}]
2017-04-11 05:06:26	[{"keyword":"#pecelmadiunmbakniek","from":"2017-04-09","mode":"submitSocial","container":"all","username":"arwin"}]
2017-04-11 05:06:28	[{"keyword":"#depotarema","from":"2017-04-09","mode":"submitSocial","container":"all","username":"arwin"}]
2017-04-11 05:06:31	[{"keyword":"@bni46","from":"2017-04-09","mode":"submitSocial","container":"all","username":"arwin"}]
2017-04-11 05:06:33	[{"keyword":"@bankbri_id","from":"2017-04-09","mode":"submitSocial","container":"all","username":"arwin"}]
2017-04-11 05:06:35	[{"keyword":"#bni46","from":"2017-04-09","mode":"submitSocial","container":"all","username":"arwin"}]
2017-04-11 05:06:39	[{"keyword":"macet","from":"2017-04-09","mode":"submitSocial","container":"all","username":"arwin"}]
2017-04-11 05:06:41	[{"keyword":"#selamatpagi","from":"2017-04-09","mode":"submitSocial","container":"all","username":"arwin"}]
2017-04-11 05:06:43	[{"keyword":"#selamatmalam","from":"2017-04-09","mode":"submitSocial","container":"all","username":"arwin"}]
2017-04-11 05:06:45	[{"keyword":"@884globalradio","from":"2017-04-09","mode":"submitSocial","container":"all","username":"arwin"}]
2017-04-11 05:06:47	[{"keyword":"@day_trans","from":"2017-04-09","mode":"submitSocial","container":"all","username":"arwin"}]
2017-04-11 05:06:49	[{"keyword":"@kencanavoyage","from":"2017-04-09","mode":"submitSocial","container":"all","username":"arwin"}]
2017-04-11 05:06:51	[{"keyword":"@jukebox5d","from":"2017-04-09","mode":"submitSocial","container":"all","username":"arwin"}]
2017-04-11 05:06:53	[{"keyword":"#mtvhottest","from":"2017-04-09","mode":"submitSocial","container":"all","username":"arwin"}]
2017-04-11 05:06:55	[{"keyword":"#semangatpagi","from":"2017-04-09","mode":"submitSocial","container":"all","username":"arwin"}]
2017-04-11 05:06:58	[{"keyword":"lifebuoy","from":"2017-04-09","mode":"submitSocial","container":"all","username":"arwin"}]
2017-04-11 05:07:03	[{"keyword":"jokowi","from":"2017-04-09","mode":"submitSocial","container":"all","username":"arwin"}]
2017-04-11 05:07:11	[{"keyword":"obama","from":"2017-04-09","mode":"submitSocial","container":"all","username":"arwin"}]
2017-04-11 05:07:14	[{"keyword":"starwars","from":"2017-04-09","mode":"submitSocial","container":"all","username":"arwin"}]
2017-04-11 05:07:17	[{"keyword":"jonan","from":"2017-04-09","mode":"submitSocial","container":"all","username":"arwin"}]
2017-04-11 05:07:26	[{"keyword":"pagi","from":"2017-04-09","mode":"submitSocial","container":"all","username":"arwin"}]
2017-04-11 05:07:28	[{"keyword":"sampoerna","from":"2017-04-09","mode":"submitSocial","container":"all","username":"arwin"}]
2017-04-11 05:07:31	[{"keyword":"djarum","from":"2017-04-09","mode":"submitSocial","container":"all","username":"arwin"}]
2017-04-11 05:07:33	[{"keyword":"#semangatpagi","from":"2017-04-09","mode":"submitSocial","container":"all","username":"arwin"}]
2017-04-11 05:07:35	[{"keyword":"#generaksi8","from":"2017-04-09","mode":"submitSocial","container":"all","username":"arwin"}]
2017-04-11 05:07:37	[{"keyword":"#365alasan","from":"2017-04-09","mode":"submitSocial","container":"all","username":"arwin"}]
2017-04-11 05:07:40	[{"keyword":"weew","from":"2017-04-09","mode":"submitSocial","container":"all","username":"arwin"}]
2017-04-11 05:07:49	[{"keyword":"testing","from":"2017-04-09","mode":"submitSocial","container":"all","username":"arwin"}]
2017-04-11 05:07:51	[{"keyword":"#kopaja","from":"2017-04-09","mode":"submitSocial","container":"all","username":"arwin"}]
2017-04-11 05:07:53	[{"keyword":"#genkuisinsideout","from":"2017-04-09","mode":"submitSocial","container":"all","username":"arwin"}]
2017-04-11 05:07:56	[{"keyword":"starwars","from":"2017-04-09","mode":"submitSocial","container":"all","username":"arwin"}]
2017-04-11 05:07:58	[{"keyword":"#kopaja","from":"2017-04-09","mode":"submitSocial","container":"all","username":"arwin"}]
2017-04-11 05:08:01	[{"keyword":"mldspot","from":"2017-04-09","mode":"submitSocial","container":"all","username":"arwin"}]
2017-04-11 05:08:03	[{"keyword":"pbdjarum","from":"2017-04-09","mode":"submitSocial","container":"all","username":"arwin"}]
2017-04-11 05:08:05	[{"keyword":"temannabati","from":"2017-04-09","mode":"submitSocial","container":"all","username":"arwin"}]
2017-04-11 05:08:08	[{"keyword":"nextar","from":"2017-04-09","mode":"submitSocial","container":"all","username":"arwin"}]
2017-04-11 05:08:11	[{"keyword":"jokowo","from":"2017-04-09","mode":"submitSocial","container":"all","username":"arwin"}]
2017-04-11 05:08:14	[{"keyword":"prabowo","from":"2017-04-09","mode":"submitSocial","container":"all","username":"arwin"}]
2017-04-11 05:08:16	[{"keyword":"sudirman said","from":"2017-04-09","mode":"submitSocial","container":"all","username":"arwin"}]
2017-04-11 05:08:24	[{"keyword":"ahok","from":"2017-04-09","mode":"submitSocial","container":"all","username":"arwin"}]
2017-04-11 05:08:26	[{"keyword":"setyanovanto","from":"2017-04-09","mode":"submitSocial","container":"all","username":"arwin"}]
2017-04-11 05:08:32	[{"keyword":"jokowi","from":"2017-04-09","mode":"submitSocial","container":"all","username":"arwin"}]
2017-04-11 05:08:39	[{"keyword":"ahok","from":"2017-04-09","mode":"submitSocial","container":"all","username":"arwin"}]
2017-04-11 05:08:42	[{"keyword":"prabowo","from":"2017-04-09","mode":"submitSocial","container":"all","username":"arwin"}]
2017-04-11 05:08:44	[{"keyword":"sudirman said","from":"2017-04-09","mode":"submitSocial","container":"all","username":"arwin"}]
2017-04-11 05:08:46	[{"keyword":"setyanovanto","from":"2017-04-09","mode":"submitSocial","container":"all","username":"arwin"}]
2017-04-11 05:08:50	[{"keyword":"galau","from":"2017-04-09","mode":"submitSocial","container":"all","username":"arwin"}]
2017-04-11 05:08:52	[{"keyword":"#prestasiindonesia","from":"2017-04-09","mode":"submitSocial","container":"all","username":"arwin"}]
2017-04-11 05:08:54	[{"keyword":"@tw_debi","from":"2017-04-09","mode":"submitSocial","container":"all","username":"arwin"}]
2017-04-11 05:08:56	[{"keyword":"@officialfastron","from":"2017-04-09","mode":"submitSocial","container":"all","username":"arwin"}]
2017-04-11 05:08:59	[{"keyword":"@citibankid","from":"2017-04-09","mode":"submitSocial","container":"all","username":"arwin"}]
2017-04-11 05:09:01	[{"keyword":"@jak101fm","from":"2017-04-09","mode":"submitSocial","container":"all","username":"arwin"}]
2017-04-11 05:09:03	[{"keyword":"@genfm","from":"2017-04-09","mode":"submitSocial","container":"all","username":"arwin"}]
