2017-02-06 05:00:17	[{"keyword":"@987genfm","from":"2017-02-04","mode":"submitSocial","container":"all","username":"arwin"}]
2017-02-06 05:00:33	[{"keyword":"@101jakfm","from":"2017-02-04","mode":"submitSocial","container":"all","username":"arwin"}]
2017-02-06 05:00:49	[{"keyword":"@prambors","from":"2017-02-04","mode":"submitSocial","container":"all","username":"arwin"}]
2017-02-06 05:01:04	[{"keyword":"@hardrockfm","from":"2017-02-04","mode":"submitSocial","container":"all","username":"arwin"}]
2017-02-06 05:01:19	[{"keyword":"@kisfmjakarta","from":"2017-02-04","mode":"submitSocial","container":"all","username":"arwin"}]
2017-02-06 05:01:35	[{"keyword":"@delta_fm","from":"2017-02-04","mode":"submitSocial","container":"all","username":"arwin"}]
2017-02-06 05:01:50	[{"keyword":"@traxfmjkt","from":"2017-02-04","mode":"submitSocial","container":"all","username":"arwin"}]
2017-02-06 05:02:05	[{"keyword":"@iradiojakarta","from":"2017-02-04","mode":"submitSocial","container":"all","username":"arwin"}]
2017-02-06 05:02:20	[{"keyword":"@indika9160fm","from":"2017-02-04","mode":"submitSocial","container":"all","username":"arwin"}]
2017-02-06 05:02:34	[{"keyword":"@shellindonesia","from":"2017-02-04","mode":"submitSocial","container":"all","username":"arwin"}]
2017-02-06 05:02:50	[{"keyword":"@vpowerfans","from":"2017-02-04","mode":"submitSocial","container":"all","username":"arwin"}]
2017-02-06 05:03:05	[{"keyword":"@pertamaxind","from":"2017-02-04","mode":"submitSocial","container":"all","username":"arwin"}]
2017-02-06 05:03:20	[{"keyword":"@ptpertamina","from":"2017-02-04","mode":"submitSocial","container":"all","username":"arwin"}]
2017-02-06 05:03:34	[{"keyword":"@ozradiojakarta","from":"2017-02-04","mode":"submitSocial","container":"all","username":"arwin"}]
2017-02-06 05:03:49	[{"keyword":"@cosmopolitanfm","from":"2017-02-04","mode":"submitSocial","container":"all","username":"arwin"}]
2017-02-06 05:04:04	[{"keyword":"@mustang88fm","from":"2017-02-04","mode":"submitSocial","container":"all","username":"arwin"}]
2017-02-06 05:04:18	[{"keyword":"@debabaz","from":"2017-02-04","mode":"submitSocial","container":"all","username":"arwin"}]
2017-02-06 05:04:34	[{"keyword":"@detikcom","from":"2017-02-04","mode":"submitSocial","container":"all","username":"arwin"}]
2017-02-06 05:04:49	[{"keyword":"@radioelshinta","from":"2017-02-04","mode":"submitSocial","container":"all","username":"arwin"}]
2017-02-06 05:05:05	[{"keyword":"@cinema21","from":"2017-02-04","mode":"submitSocial","container":"all","username":"arwin"}]
2017-02-06 05:05:21	[{"keyword":"@officialrcti","from":"2017-02-04","mode":"submitSocial","container":"all","username":"arwin"}]
2017-02-06 05:05:37	[{"keyword":"@transtv_corp","from":"2017-02-04","mode":"submitSocial","container":"all","username":"arwin"}]
2017-02-06 05:05:52	[{"keyword":"@trans7","from":"2017-02-04","mode":"submitSocial","container":"all","username":"arwin"}]
2017-02-06 05:06:08	[{"keyword":"@metro_tv","from":"2017-02-04","mode":"submitSocial","container":"all","username":"arwin"}]
2017-02-06 05:06:23	[{"keyword":"@tvonenews","from":"2017-02-04","mode":"submitSocial","container":"all","username":"arwin"}]
2017-02-06 05:06:37	[{"keyword":"@whatsonantv","from":"2017-02-04","mode":"submitSocial","container":"all","username":"arwin"}]
2017-02-06 05:06:54	[{"keyword":"@sctv_","from":"2017-02-04","mode":"submitSocial","container":"all","username":"arwin"}]
2017-02-06 05:07:08	[{"keyword":"@kompastv","from":"2017-02-04","mode":"submitSocial","container":"all","username":"arwin"}]
2017-02-06 05:07:24	[{"keyword":"@netmediatama","from":"2017-02-04","mode":"submitSocial","container":"all","username":"arwin"}]
2017-02-06 05:07:39	[{"keyword":"@globaltvseru","from":"2017-02-04","mode":"submitSocial","container":"all","username":"arwin"}]
2017-02-06 05:07:54	[{"keyword":"@jaktvcom","from":"2017-02-04","mode":"submitSocial","container":"all","username":"arwin"}]
2017-02-06 05:08:09	[{"keyword":"@tvrinasional","from":"2017-02-04","mode":"submitSocial","container":"all","username":"arwin"}]
2017-02-06 05:08:24	[{"keyword":"@ochannelupdates","from":"2017-02-04","mode":"submitSocial","container":"all","username":"arwin"}]
2017-02-06 05:08:39	[{"keyword":"@indosiarid","from":"2017-02-04","mode":"submitSocial","container":"all","username":"arwin"}]
2017-02-06 05:08:56	[{"keyword":"@kompascom","from":"2017-02-04","mode":"submitSocial","container":"all","username":"arwin"}]
2017-02-06 05:09:11	[{"keyword":"@merdekadotcom","from":"2017-02-04","mode":"submitSocial","container":"all","username":"arwin"}]
2017-02-06 05:09:26	[{"keyword":"@midotcom","from":"2017-02-04","mode":"submitSocial","container":"all","username":"arwin"}]
2017-02-06 05:09:41	[{"keyword":"@tempodotco","from":"2017-02-04","mode":"submitSocial","container":"all","username":"arwin"}]
2017-02-06 05:09:56	[{"keyword":"@motion975fm","from":"2017-02-04","mode":"submitSocial","container":"all","username":"arwin"}]
2017-02-06 05:10:12	[{"keyword":"@_radiotoday","from":"2017-02-04","mode":"submitSocial","container":"all","username":"arwin"}]
2017-02-06 05:10:28	[{"keyword":"@radioinfo","from":"2017-02-04","mode":"submitSocial","container":"all","username":"arwin"}]
2017-02-06 05:10:43	[{"keyword":"@979femaleradio","from":"2017-02-04","mode":"submitSocial","container":"all","username":"arwin"}]
2017-02-06 05:10:58	[{"keyword":"@womanradio943fm","from":"2017-02-04","mode":"submitSocial","container":"all","username":"arwin"}]
2017-02-06 05:11:14	[{"keyword":"@vradiofm","from":"2017-02-04","mode":"submitSocial","container":"all","username":"arwin"}]
2017-02-06 05:11:29	[{"keyword":"@ufm947","from":"2017-02-04","mode":"submitSocial","container":"all","username":"arwin"}]
2017-02-06 05:11:44	[{"keyword":"@vivanews","from":"2017-02-04","mode":"submitSocial","container":"all","username":"arwin"}]
2017-02-06 05:11:59	[{"keyword":"@antaranews","from":"2017-02-04","mode":"submitSocial","container":"all","username":"arwin"}]
2017-02-06 05:12:15	[{"keyword":"@tribunnews","from":"2017-02-04","mode":"submitSocial","container":"all","username":"arwin"}]
2017-02-06 05:12:31	[{"keyword":"@okezonenews","from":"2017-02-04","mode":"submitSocial","container":"all","username":"arwin"}]
2017-02-06 05:12:47	[{"keyword":"@beritasatu","from":"2017-02-04","mode":"submitSocial","container":"all","username":"arwin"}]
2017-02-06 05:13:02	[{"keyword":"@rollingstoneina","from":"2017-02-04","mode":"submitSocial","container":"all","username":"arwin"}]
2017-02-06 05:13:17	[{"keyword":"@fimeladotcom","from":"2017-02-04","mode":"submitSocial","container":"all","username":"arwin"}]
2017-02-06 05:13:31	[{"keyword":"@kapanlagicom","from":"2017-02-04","mode":"submitSocial","container":"all","username":"arwin"}]
2017-02-06 05:13:46	[{"keyword":"@kompasent","from":"2017-02-04","mode":"submitSocial","container":"all","username":"arwin"}]
2017-02-06 05:14:01	[{"keyword":"@haimagazine","from":"2017-02-04","mode":"submitSocial","container":"all","username":"arwin"}]
2017-02-06 05:14:15	[{"keyword":"@jakartavenue","from":"2017-02-04","mode":"submitSocial","container":"all","username":"arwin"}]
2017-02-06 05:14:30	[{"keyword":"@seputarevent","from":"2017-02-04","mode":"submitSocial","container":"all","username":"arwin"}]
2017-02-06 05:14:45	[{"keyword":"@ismayalive","from":"2017-02-04","mode":"submitSocial","container":"all","username":"arwin"}]
2017-02-06 05:15:00	[{"keyword":"@ecentertainment","from":"2017-02-04","mode":"submitSocial","container":"all","username":"arwin"}]
2017-02-06 05:15:15	[{"keyword":"@synergism_en","from":"2017-02-04","mode":"submitSocial","container":"all","username":"arwin"}]
2017-02-06 05:15:30	[{"keyword":"@urbanbandung","from":"2017-02-04","mode":"submitSocial","container":"all","username":"arwin"}]
2017-02-06 05:15:44	[{"keyword":"@urbanrkm995","from":"2017-02-04","mode":"submitSocial","container":"all","username":"arwin"}]
2017-02-06 05:15:59	[{"keyword":"@garuda_promo","from":"2017-02-04","mode":"submitSocial","container":"all","username":"arwin"}]
2017-02-06 05:16:14	[{"keyword":"@airasiaid","from":"2017-02-04","mode":"submitSocial","container":"all","username":"arwin"}]
2017-02-06 05:16:28	[{"keyword":"@kai121","from":"2017-02-04","mode":"submitSocial","container":"all","username":"arwin"}]
2017-02-06 05:16:43	[{"keyword":"@unilever","from":"2017-02-04","mode":"submitSocial","container":"all","username":"arwin"}]
2017-02-06 05:16:59	[{"keyword":"@nestle","from":"2017-02-04","mode":"submitSocial","container":"all","username":"arwin"}]
2017-02-06 05:17:15	[{"keyword":"@cocacola","from":"2017-02-04","mode":"submitSocial","container":"all","username":"arwin"}]
2017-02-06 05:17:33	[{"keyword":"@cnn","from":"2017-02-04","mode":"submitSocial","container":"all","username":"arwin"}]
2017-02-06 05:17:50	[{"keyword":"@mtv","from":"2017-02-04","mode":"submitSocial","container":"all","username":"arwin"}]
2017-02-06 05:18:04	[{"keyword":"@channelv","from":"2017-02-04","mode":"submitSocial","container":"all","username":"arwin"}]
2017-02-06 05:18:19	[{"keyword":"@itunesmusic","from":"2017-02-04","mode":"submitSocial","container":"all","username":"arwin"}]
2017-02-06 05:18:36	[{"keyword":"@mashable","from":"2017-02-04","mode":"submitSocial","container":"all","username":"arwin"}]
2017-02-06 05:18:51	[{"keyword":"@decacaz","from":"2017-02-04","mode":"submitSocial","container":"all","username":"arwin"}]
2017-02-06 05:19:06	[{"keyword":"@radiobaru967fm","from":"2017-02-04","mode":"submitSocial","container":"all","username":"arwin"}]
2017-02-06 05:19:20	[{"keyword":"@967hitzfm","from":"2017-02-04","mode":"submitSocial","container":"all","username":"arwin"}]
2017-02-06 05:19:35	[{"keyword":"@tvguide","from":"2017-02-04","mode":"submitSocial","container":"all","username":"arwin"}]
2017-02-06 05:19:50	[{"keyword":"@xl123","from":"2017-02-04","mode":"submitSocial","container":"all","username":"arwin"}]
2017-02-06 05:20:06	[{"keyword":"@triindonesia","from":"2017-02-04","mode":"submitSocial","container":"all","username":"arwin"}]
2017-02-06 05:20:22	[{"keyword":"@kaskus","from":"2017-02-04","mode":"submitSocial","container":"all","username":"arwin"}]
2017-02-06 05:20:36	[{"keyword":"@studio_xxi","from":"2017-02-04","mode":"submitSocial","container":"all","username":"arwin"}]
2017-02-06 05:20:51	[{"keyword":"@blitzmegaplex","from":"2017-02-04","mode":"submitSocial","container":"all","username":"arwin"}]
2017-02-06 05:21:06	[{"keyword":"@alfamartku","from":"2017-02-04","mode":"submitSocial","container":"all","username":"arwin"}]
2017-02-06 05:21:21	[{"keyword":"@carrefour_id","from":"2017-02-04","mode":"submitSocial","container":"all","username":"arwin"}]
2017-02-06 05:21:37	[{"keyword":"@bbcbreaking","from":"2017-02-04","mode":"submitSocial","container":"all","username":"arwin"}]
2017-02-06 05:21:57	[{"keyword":"@forbes","from":"2017-02-04","mode":"submitSocial","container":"all","username":"arwin"}]
2017-02-06 05:22:12	[{"keyword":"@bensradio","from":"2017-02-04","mode":"submitSocial","container":"all","username":"arwin"}]
2017-02-06 05:22:29	[{"keyword":"@instagram","from":"2017-02-04","mode":"submitSocial","container":"all","username":"arwin"}]
2017-02-06 05:22:45	[{"keyword":"@pinterest","from":"2017-02-04","mode":"submitSocial","container":"all","username":"arwin"}]
2017-02-06 05:23:04	[{"keyword":"@google","from":"2017-02-04","mode":"submitSocial","container":"all","username":"arwin"}]
2017-02-06 05:23:19	[{"keyword":"@pertaminalub","from":"2017-02-04","mode":"submitSocial","container":"all","username":"arwin"}]
2017-02-06 05:23:33	[{"keyword":"@infolalintol","from":"2017-02-04","mode":"submitSocial","container":"all","username":"arwin"}]
2017-02-06 05:23:48	[{"keyword":"@ptjasamarga","from":"2017-02-04","mode":"submitSocial","container":"all","username":"arwin"}]
2017-02-06 05:24:03	[{"keyword":"@cititransindo","from":"2017-02-04","mode":"submitSocial","container":"all","username":"arwin"}]
2017-02-06 05:24:17	[{"keyword":"#semangatpagisuperr","from":"2017-02-04","mode":"submitSocial","container":"all","username":"arwin"}]
2017-02-06 05:24:32	[{"keyword":"#genkuisinsideout","from":"2017-02-04","mode":"submitSocial","container":"all","username":"arwin"}]
2017-02-06 05:24:47	[{"keyword":"#semangatpagi","from":"2017-02-04","mode":"submitSocial","container":"all","username":"arwin"}]
2017-02-06 05:25:03	[{"keyword":"#dikamar","from":"2017-02-04","mode":"submitSocial","container":"all","username":"arwin"}]
2017-02-06 05:25:19	[{"keyword":"#kopaja","from":"2017-02-04","mode":"submitSocial","container":"all","username":"arwin"}]
2017-02-06 05:25:33	[{"keyword":"#generaksi8","from":"2017-02-04","mode":"submitSocial","container":"all","username":"arwin"}]
2017-02-06 05:25:48	[{"keyword":"#hitztsp","from":"2017-02-04","mode":"submitSocial","container":"all","username":"arwin"}]
2017-02-06 05:26:04	[{"keyword":"#np","from":"2017-02-04","mode":"submitSocial","container":"all","username":"arwin"}]
2017-02-06 05:26:19	[{"keyword":"#hitzlivestage","from":"2017-02-04","mode":"submitSocial","container":"all","username":"arwin"}]
2017-02-06 05:26:34	[{"keyword":"#thefreaks","from":"2017-02-04","mode":"submitSocial","container":"all","username":"arwin"}]
2017-02-06 05:26:49	[{"keyword":"#hitzsirkuspagi","from":"2017-02-04","mode":"submitSocial","container":"all","username":"arwin"}]
2017-02-06 05:27:03	[{"keyword":"#hitzathlon","from":"2017-02-04","mode":"submitSocial","container":"all","username":"arwin"}]
2017-02-06 05:27:18	[{"keyword":"#hitzzombie","from":"2017-02-04","mode":"submitSocial","container":"all","username":"arwin"}]
2017-02-06 05:27:33	[{"keyword":"#hitzkalong","from":"2017-02-04","mode":"submitSocial","container":"all","username":"arwin"}]
2017-02-06 05:27:48	[{"keyword":"#hitzbebas","from":"2017-02-04","mode":"submitSocial","container":"all","username":"arwin"}]
2017-02-06 05:28:03	[{"keyword":"#hitzhorehara","from":"2017-02-04","mode":"submitSocial","container":"all","username":"arwin"}]
2017-02-06 05:28:17	[{"keyword":"@zaloraid","from":"2017-02-04","mode":"submitSocial","container":"all","username":"arwin"}]
2017-02-06 05:28:32	[{"keyword":"@olx_indonesia","from":"2017-02-04","mode":"submitSocial","container":"all","username":"arwin"}]
2017-02-06 05:28:47	[{"keyword":"@lazadaid","from":"2017-02-04","mode":"submitSocial","container":"all","username":"arwin"}]
2017-02-06 05:29:02	[{"keyword":"@utrippers","from":"2017-02-04","mode":"submitSocial","container":"all","username":"arwin"}]
2017-02-06 05:29:17	[{"keyword":"@gogobot","from":"2017-02-04","mode":"submitSocial","container":"all","username":"arwin"}]
2017-02-06 05:29:32	[{"keyword":"@viatortravel","from":"2017-02-04","mode":"submitSocial","container":"all","username":"arwin"}]
2017-02-06 05:29:47	[{"keyword":"@alandakariza","from":"2017-02-04","mode":"submitSocial","container":"all","username":"arwin"}]
2017-02-06 05:30:02	[{"keyword":"@gagasmedia","from":"2017-02-04","mode":"submitSocial","container":"all","username":"arwin"}]
2017-02-06 05:30:17	[{"keyword":"@welovehonda","from":"2017-02-04","mode":"submitSocial","container":"all","username":"arwin"}]
2017-02-06 05:30:32	[{"keyword":"@suzukimotorid","from":"2017-02-04","mode":"submitSocial","container":"all","username":"arwin"}]
2017-02-06 05:30:48	[{"keyword":"@kawasakilovers","from":"2017-02-04","mode":"submitSocial","container":"all","username":"arwin"}]
2017-02-06 05:31:02	[{"keyword":"@yamahaindonesia","from":"2017-02-04","mode":"submitSocial","container":"all","username":"arwin"}]
2017-02-06 05:31:17	[{"keyword":"@tripanzee","from":"2017-02-04","mode":"submitSocial","container":"all","username":"arwin"}]
2017-02-06 05:31:32	[{"keyword":"@arnoldpoernomo","from":"2017-02-04","mode":"submitSocial","container":"all","username":"arwin"}]
2017-02-06 05:31:46	[{"keyword":"@nicsap","from":"2017-02-04","mode":"submitSocial","container":"all","username":"arwin"}]
2017-02-06 05:32:01	[{"keyword":"@tiket2","from":"2017-02-04","mode":"submitSocial","container":"all","username":"arwin"}]
2017-02-06 05:32:15	[{"keyword":"@traveloka","from":"2017-02-04","mode":"submitSocial","container":"all","username":"arwin"}]
2017-02-06 05:32:31	[{"keyword":"@wego","from":"2017-02-04","mode":"submitSocial","container":"all","username":"arwin"}]
2017-02-06 05:32:47	[{"keyword":"@agoda","from":"2017-02-04","mode":"submitSocial","container":"all","username":"arwin"}]
2017-02-06 05:33:02	[{"keyword":"#salahsambung","from":"2017-02-04","mode":"submitSocial","container":"all","username":"arwin"}]
2017-02-06 05:33:16	[{"keyword":"#tulalit","from":"2017-02-04","mode":"submitSocial","container":"all","username":"arwin"}]
2017-02-06 05:33:30	[{"keyword":"#pestageneraksi8","from":"2017-02-04","mode":"submitSocial","container":"all","username":"arwin"}]
2017-02-06 05:33:45	[{"keyword":"#ganaskustik","from":"2017-02-04","mode":"submitSocial","container":"all","username":"arwin"}]
2017-02-06 05:33:59	[{"keyword":"#lnhot20","from":"2017-02-04","mode":"submitSocial","container":"all","username":"arwin"}]
2017-02-06 05:34:14	[{"keyword":"@tripadvisor","from":"2017-02-04","mode":"submitSocial","container":"all","username":"arwin"}]
2017-02-06 05:34:32	[{"keyword":"@google","from":"2017-02-04","mode":"submitSocial","container":"all","username":"arwin"}]
2017-02-06 05:34:48	[{"keyword":"@telkomsel","from":"2017-02-04","mode":"submitSocial","container":"all","username":"arwin"}]
2017-02-06 05:35:03	[{"keyword":"@indosat","from":"2017-02-04","mode":"submitSocial","container":"all","username":"arwin"}]
2017-02-06 05:35:28	[{"keyword":"@bahanafmjkt","from":"2017-02-04","mode":"submitSocial","container":"all","username":""}]
2017-02-06 05:35:45	[{"keyword":"@sonorafm92","from":"2017-02-04","mode":"submitSocial","container":"all","username":"arwin"}]
2017-02-06 05:35:59	[{"keyword":"@litefm1058","from":"2017-02-04","mode":"submitSocial","container":"all","username":"arwin"}]
2017-02-06 05:36:13	[{"keyword":"@bravaradio","from":"2017-02-04","mode":"submitSocial","container":"all","username":"arwin"}]
2017-02-06 05:36:28	[{"keyword":"#dgitm","from":"2017-02-04","mode":"submitSocial","container":"all","username":"arwin"}]
2017-02-06 05:36:43	[{"keyword":"#hitsalaprambors","from":"2017-02-04","mode":"submitSocial","container":"all","username":"arwin"}]
2017-02-06 05:36:58	[{"keyword":"#reqprambors","from":"2017-02-04","mode":"submitSocial","container":"all","username":"arwin"}]
2017-02-06 05:37:12	[{"keyword":"#thedandees","from":"2017-02-04","mode":"submitSocial","container":"all","username":"arwin"}]
2017-02-06 05:37:27	[{"keyword":"#pramborsquiz","from":"2017-02-04","mode":"submitSocial","container":"all","username":"arwin"}]
2017-02-06 05:37:41	[{"keyword":"#jeliprambors","from":"2017-02-04","mode":"submitSocial","container":"all","username":"arwin"}]
2017-02-06 05:37:55	[{"keyword":"#jodohinprambors","from":"2017-02-04","mode":"submitSocial","container":"all","username":"arwin"}]
2017-02-06 05:38:10	[{"keyword":"#ubahdenganbicara","from":"2017-02-04","mode":"submitSocial","container":"all","username":"arwin"}]
2017-02-06 05:38:25	[{"keyword":"#pramborschat","from":"2017-02-04","mode":"submitSocial","container":"all","username":"arwin"}]
2017-02-06 05:38:40	[{"keyword":"#tweetforduit","from":"2017-02-04","mode":"submitSocial","container":"all","username":"arwin"}]
2017-02-06 05:38:55	[{"keyword":"#joki3in1","from":"2017-02-04","mode":"submitSocial","container":"all","username":"arwin"}]
2017-02-06 05:39:10	[{"keyword":"#sarapanseru","from":"2017-02-04","mode":"submitSocial","container":"all","username":"arwin"}]
2017-02-06 05:39:24	[{"keyword":"#rawonkaneloop","from":"2017-02-04","mode":"submitSocial","container":"all","username":"arwin"}]
2017-02-06 05:39:39	[{"keyword":"#gudegkendilkeraton","from":"2017-02-04","mode":"submitSocial","container":"all","username":"arwin"}]
2017-02-06 05:39:53	[{"keyword":"#gadogadobutika","from":"2017-02-04","mode":"submitSocial","container":"all","username":"arwin"}]
2017-02-06 05:40:09	[{"keyword":"#mtvhottest","from":"2017-02-04","mode":"submitSocial","container":"all","username":"arwin"}]
2017-02-06 05:40:24	[{"keyword":"#dimsumcjdw","from":"2017-02-04","mode":"submitSocial","container":"all","username":"arwin"}]
2017-02-06 05:40:38	[{"keyword":"#pecelmadiunmbakniek","from":"2017-02-04","mode":"submitSocial","container":"all","username":"arwin"}]
2017-02-06 05:40:54	[{"keyword":"#depotarema","from":"2017-02-04","mode":"submitSocial","container":"all","username":"arwin"}]
2017-02-06 05:41:09	[{"keyword":"@bni46","from":"2017-02-04","mode":"submitSocial","container":"all","username":"arwin"}]
2017-02-06 05:41:24	[{"keyword":"@bankbri_id","from":"2017-02-04","mode":"submitSocial","container":"all","username":"arwin"}]
2017-02-06 05:41:39	[{"keyword":"#bni46","from":"2017-02-04","mode":"submitSocial","container":"all","username":"arwin"}]
2017-02-06 05:41:56	[{"keyword":"macet","from":"2017-02-04","mode":"submitSocial","container":"all","username":"arwin"}]
2017-02-06 05:42:11	[{"keyword":"#selamatpagi","from":"2017-02-04","mode":"submitSocial","container":"all","username":"arwin"}]
2017-02-06 05:42:26	[{"keyword":"#selamatmalam","from":"2017-02-04","mode":"submitSocial","container":"all","username":"arwin"}]
2017-02-06 05:42:41	[{"keyword":"@884globalradio","from":"2017-02-04","mode":"submitSocial","container":"all","username":"arwin"}]
2017-02-06 05:42:56	[{"keyword":"@day_trans","from":"2017-02-04","mode":"submitSocial","container":"all","username":"arwin"}]
2017-02-06 05:43:11	[{"keyword":"@kencanavoyage","from":"2017-02-04","mode":"submitSocial","container":"all","username":"arwin"}]
2017-02-06 05:43:25	[{"keyword":"@jukebox5d","from":"2017-02-04","mode":"submitSocial","container":"all","username":"arwin"}]
2017-02-06 05:43:40	[{"keyword":"#mtvhottest","from":"2017-02-04","mode":"submitSocial","container":"all","username":"arwin"}]
2017-02-06 05:43:55	[{"keyword":"#semangatpagi","from":"2017-02-04","mode":"submitSocial","container":"all","username":"arwin"}]
2017-02-06 05:44:10	[{"keyword":"lifebuoy","from":"2017-02-04","mode":"submitSocial","container":"all","username":"arwin"}]
2017-02-06 05:44:30	[{"keyword":"jokowi","from":"2017-02-04","mode":"submitSocial","container":"all","username":"arwin"}]
2017-02-06 05:44:53	[{"keyword":"obama","from":"2017-02-04","mode":"submitSocial","container":"all","username":"arwin"}]
2017-02-06 05:45:09	[{"keyword":"starwars","from":"2017-02-04","mode":"submitSocial","container":"all","username":"arwin"}]
2017-02-06 05:45:26	[{"keyword":"jonan","from":"2017-02-04","mode":"submitSocial","container":"all","username":"arwin"}]
2017-02-06 05:45:47	[{"keyword":"pagi","from":"2017-02-04","mode":"submitSocial","container":"all","username":"arwin"}]
2017-02-06 05:46:02	[{"keyword":"sampoerna","from":"2017-02-04","mode":"submitSocial","container":"all","username":"arwin"}]
2017-02-06 05:46:18	[{"keyword":"djarum","from":"2017-02-04","mode":"submitSocial","container":"all","username":"arwin"}]
2017-02-06 05:46:33	[{"keyword":"#semangatpagi","from":"2017-02-04","mode":"submitSocial","container":"all","username":"arwin"}]
2017-02-06 05:46:47	[{"keyword":"#generaksi8","from":"2017-02-04","mode":"submitSocial","container":"all","username":"arwin"}]
2017-02-06 05:47:02	[{"keyword":"#365alasan","from":"2017-02-04","mode":"submitSocial","container":"all","username":"arwin"}]
2017-02-06 05:47:18	[{"keyword":"weew","from":"2017-02-04","mode":"submitSocial","container":"all","username":"arwin"}]
2017-02-06 05:47:39	[{"keyword":"testing","from":"2017-02-04","mode":"submitSocial","container":"all","username":"arwin"}]
2017-02-06 05:47:54	[{"keyword":"#kopaja","from":"2017-02-04","mode":"submitSocial","container":"all","username":"arwin"}]
2017-02-06 05:48:08	[{"keyword":"#genkuisinsideout","from":"2017-02-04","mode":"submitSocial","container":"all","username":"arwin"}]
2017-02-06 05:48:23	[{"keyword":"starwars","from":"2017-02-04","mode":"submitSocial","container":"all","username":"arwin"}]
2017-02-06 05:48:38	[{"keyword":"#kopaja","from":"2017-02-04","mode":"submitSocial","container":"all","username":"arwin"}]
2017-02-06 05:48:53	[{"keyword":"mldspot","from":"2017-02-04","mode":"submitSocial","container":"all","username":"arwin"}]
2017-02-06 05:49:08	[{"keyword":"pbdjarum","from":"2017-02-04","mode":"submitSocial","container":"all","username":"arwin"}]
2017-02-06 05:49:23	[{"keyword":"temannabati","from":"2017-02-04","mode":"submitSocial","container":"all","username":"arwin"}]
2017-02-06 05:49:43	[{"keyword":"nextar","from":"2017-02-04","mode":"submitSocial","container":"all","username":"arwin"}]
2017-02-06 05:49:59	[{"keyword":"jokowo","from":"2017-02-04","mode":"submitSocial","container":"all","username":"arwin"}]
2017-02-06 05:50:15	[{"keyword":"prabowo","from":"2017-02-04","mode":"submitSocial","container":"all","username":"arwin"}]
2017-02-06 05:50:30	[{"keyword":"sudirman said","from":"2017-02-04","mode":"submitSocial","container":"all","username":"arwin"}]
2017-02-06 05:50:52	[{"keyword":"ahok","from":"2017-02-04","mode":"submitSocial","container":"all","username":"arwin"}]
2017-02-06 05:51:07	[{"keyword":"setyanovanto","from":"2017-02-04","mode":"submitSocial","container":"all","username":"arwin"}]
2017-02-06 05:51:27	[{"keyword":"jokowi","from":"2017-02-04","mode":"submitSocial","container":"all","username":"arwin"}]
2017-02-06 05:51:49	[{"keyword":"ahok","from":"2017-02-04","mode":"submitSocial","container":"all","username":"arwin"}]
2017-02-06 05:52:05	[{"keyword":"prabowo","from":"2017-02-04","mode":"submitSocial","container":"all","username":"arwin"}]
2017-02-06 05:52:20	[{"keyword":"sudirman said","from":"2017-02-04","mode":"submitSocial","container":"all","username":"arwin"}]
2017-02-06 05:52:35	[{"keyword":"setyanovanto","from":"2017-02-04","mode":"submitSocial","container":"all","username":"arwin"}]
2017-02-06 05:52:52	[{"keyword":"galau","from":"2017-02-04","mode":"submitSocial","container":"all","username":"arwin"}]
2017-02-06 05:53:07	[{"keyword":"#prestasiindonesia","from":"2017-02-04","mode":"submitSocial","container":"all","username":"arwin"}]
2017-02-06 05:53:22	[{"keyword":"@tw_debi","from":"2017-02-04","mode":"submitSocial","container":"all","username":"arwin"}]
2017-02-06 05:53:36	[{"keyword":"@officialfastron","from":"2017-02-04","mode":"submitSocial","container":"all","username":"arwin"}]
2017-02-06 05:53:51	[{"keyword":"@citibankid","from":"2017-02-04","mode":"submitSocial","container":"all","username":"arwin"}]
