2018-01-12 05:00:03	worker	@987genfm;2018-01-10 - 2018-01-10;submitSocial;all;arwin
2018-01-12 05:00:06	worker	@101jakfm;2018-01-10 - 2018-01-10;submitSocial;all;arwin
2018-01-12 05:00:09	worker	@prambors;2018-01-10 - 2018-01-10;submitSocial;all;arwin
2018-01-12 05:00:13	worker	@hardrockfm;2018-01-10 - 2018-01-10;submitSocial;all;arwin
2018-01-12 05:00:16	worker	@kisfmjakarta;2018-01-10 - 2018-01-10;submitSocial;all;arwin
2018-01-12 05:00:19	worker	@delta_fm;2018-01-10 - 2018-01-10;submitSocial;all;arwin
2018-01-12 05:00:22	worker	@traxfmjkt;2018-01-10 - 2018-01-10;submitSocial;all;arwin
2018-01-12 05:00:24	worker	@iradiojakarta;2018-01-10 - 2018-01-10;submitSocial;all;arwin
2018-01-12 05:00:27	worker	@indika9160fm;2018-01-10 - 2018-01-10;submitSocial;all;arwin
2018-01-12 05:00:29	worker	@shellindonesia;2018-01-10 - 2018-01-10;submitSocial;all;arwin
2018-01-12 05:00:31	worker	@vpowerfans;2018-01-10 - 2018-01-10;submitSocial;all;arwin
2018-01-12 05:00:34	worker	@pertamaxind;2018-01-10 - 2018-01-10;submitSocial;all;arwin
2018-01-12 05:00:36	worker	@ptpertamina;2018-01-10 - 2018-01-10;submitSocial;all;arwin
2018-01-12 05:00:39	worker	@OZRadioJakarta;2018-01-10 - 2018-01-10;submitSocial;all;arwin
2018-01-12 05:00:41	worker	@CosmopolitanFM;2018-01-10 - 2018-01-10;submitSocial;all;arwin
2018-01-12 05:00:44	worker	@mustang88fm;2018-01-10 - 2018-01-10;submitSocial;all;arwin
2018-01-12 05:00:46	worker	@debabaz;2018-01-10 - 2018-01-10;submitSocial;all;arwin
2018-01-12 05:00:48	worker	@detikcom;2018-01-10 - 2018-01-10;submitSocial;all;arwin
2018-01-12 05:00:52	worker	@radioelshinta;2018-01-10 - 2018-01-10;submitSocial;all;arwin
2018-01-12 05:00:55	worker	@cinema21;2018-01-10 - 2018-01-10;submitSocial;all;arwin
2018-01-12 05:00:58	worker	@OfficialRCTI;2018-01-10 - 2018-01-10;submitSocial;all;arwin
2018-01-12 05:01:00	worker	@TRANSTV_CORP;2018-01-10 - 2018-01-10;submitSocial;all;arwin
2018-01-12 05:01:03	worker	@TRANS7;2018-01-10 - 2018-01-10;submitSocial;all;arwin
2018-01-12 05:01:06	worker	@Metro_TV;2018-01-10 - 2018-01-10;submitSocial;all;arwin
2018-01-12 05:01:09	worker	@tvOneNews;2018-01-10 - 2018-01-10;submitSocial;all;arwin
2018-01-12 05:01:12	worker	@whatsonANTV;2018-01-10 - 2018-01-10;submitSocial;all;arwin
2018-01-12 05:01:14	worker	@SCTV_;2018-01-10 - 2018-01-10;submitSocial;all;arwin
2018-01-12 05:01:17	worker	@KompasTV;2018-01-10 - 2018-01-10;submitSocial;all;arwin
2018-01-12 05:01:20	worker	@netmediatama;2018-01-10 - 2018-01-10;submitSocial;all;arwin
2018-01-12 05:01:23	worker	@Globaltvseru;2018-01-10 - 2018-01-10;submitSocial;all;arwin
2018-01-12 05:01:25	worker	@JaktvCom;2018-01-10 - 2018-01-10;submitSocial;all;arwin
2018-01-12 05:01:28	worker	@TVRINasional;2018-01-10 - 2018-01-10;submitSocial;all;arwin
2018-01-12 05:01:30	worker	@ochannelupdates;2018-01-10 - 2018-01-10;submitSocial;all;arwin
2018-01-12 05:01:32	worker	@IndosiarID;2018-01-10 - 2018-01-10;submitSocial;all;arwin
2018-01-12 05:01:36	worker	@kompascom;2018-01-10 - 2018-01-10;submitSocial;all;arwin
2018-01-12 05:01:40	worker	@merdekadotcom;2018-01-10 - 2018-01-10;submitSocial;all;arwin
2018-01-12 05:01:42	worker	@MIdotcom;2018-01-10 - 2018-01-10;submitSocial;all;arwin
2018-01-12 05:01:45	worker	@tempodotco;2018-01-10 - 2018-01-10;submitSocial;all;arwin
2018-01-12 05:01:48	worker	@motion975fm;2018-01-10 - 2018-01-10;submitSocial;all;arwin
2018-01-12 05:01:50	worker	@_radiotoday;2018-01-10 - 2018-01-10;submitSocial;all;arwin
2018-01-12 05:01:52	worker	@radioinfo;2018-01-10 - 2018-01-10;submitSocial;all;arwin
2018-01-12 05:01:55	worker	@979FeMaleRadio;2018-01-10 - 2018-01-10;submitSocial;all;arwin
2018-01-12 05:01:57	worker	@WomanRadio943FM;2018-01-10 - 2018-01-10;submitSocial;all;arwin
2018-01-12 05:02:00	worker	@VRadioFM;2018-01-10 - 2018-01-10;submitSocial;all;arwin
2018-01-12 05:02:03	worker	@UFM947;2018-01-10 - 2018-01-10;submitSocial;all;arwin
2018-01-12 05:02:05	worker	@VIVAnews;2018-01-10 - 2018-01-10;submitSocial;all;arwin
2018-01-12 05:02:08	worker	@antaranews;2018-01-10 - 2018-01-10;submitSocial;all;arwin
2018-01-12 05:02:10	worker	@tribunnews;2018-01-10 - 2018-01-10;submitSocial;all;arwin
2018-01-12 05:02:14	worker	@okezonenews;2018-01-10 - 2018-01-10;submitSocial;all;arwin
2018-01-12 05:02:16	worker	@Beritasatu;2018-01-10 - 2018-01-10;submitSocial;all;arwin
2018-01-12 05:02:19	worker	@rollingstoneina;2018-01-10 - 2018-01-10;submitSocial;all;arwin
2018-01-12 05:02:21	worker	@FIMELAdotcom;2018-01-10 - 2018-01-10;submitSocial;all;arwin
2018-01-12 05:02:24	worker	@KapanLagicom;2018-01-10 - 2018-01-10;submitSocial;all;arwin
2018-01-12 05:02:26	worker	@KompasEnt ;2018-01-10 - 2018-01-10;submitSocial;all;arwin
2018-01-12 05:02:29	worker	@HaiMagazine;2018-01-10 - 2018-01-10;submitSocial;all;arwin
2018-01-12 05:02:31	worker	@JakartaVenue;2018-01-10 - 2018-01-10;submitSocial;all;arwin
2018-01-12 05:02:34	worker	@SeputarEvent;2018-01-10 - 2018-01-10;submitSocial;all;arwin
2018-01-12 05:02:36	worker	@ismayaLive;2018-01-10 - 2018-01-10;submitSocial;all;arwin
2018-01-12 05:02:38	worker	@ECEntertainment;2018-01-10 - 2018-01-10;submitSocial;all;arwin
2018-01-12 05:02:41	worker	@synergism_En;2018-01-10 - 2018-01-10;submitSocial;all;arwin
2018-01-12 05:02:43	worker	@Urbanbandung;2018-01-10 - 2018-01-10;submitSocial;all;arwin
2018-01-12 05:02:45	worker	@Urbanrkm995;2018-01-10 - 2018-01-10;submitSocial;all;arwin
2018-01-12 05:02:47	worker	@Garuda_Promo;2018-01-10 - 2018-01-10;submitSocial;all;arwin
2018-01-12 05:02:49	worker	@AirAsiaID;2018-01-10 - 2018-01-10;submitSocial;all;arwin
2018-01-12 05:02:52	worker	@KAI121;2018-01-10 - 2018-01-10;submitSocial;all;arwin
2018-01-12 05:02:54	worker	@Unilever;2018-01-10 - 2018-01-10;submitSocial;all;arwin
2018-01-12 05:02:57	worker	@Nestle;2018-01-10 - 2018-01-10;submitSocial;all;arwin
2018-01-12 05:03:00	worker	@CocaCola;2018-01-10 - 2018-01-10;submitSocial;all;arwin
2018-01-12 05:03:03	worker	@CNN;2018-01-10 - 2018-01-10;submitSocial;all;arwin
2018-01-12 05:03:11	worker	@MTV;2018-01-10 - 2018-01-10;submitSocial;all;arwin
2018-01-12 05:03:15	worker	@channelv;2018-01-10 - 2018-01-10;submitSocial;all;arwin
2018-01-12 05:03:17	worker	@iTunesMusic;2018-01-10 - 2018-01-10;submitSocial;all;arwin
2018-01-12 05:03:20	worker	@mashable;2018-01-10 - 2018-01-10;submitSocial;all;arwin
2018-01-12 05:03:24	worker	@decacaz;2018-01-10 - 2018-01-10;submitSocial;all;arwin
2018-01-12 05:03:26	worker	@radiobaru967FM;2018-01-10 - 2018-01-10;submitSocial;all;arwin
2018-01-12 05:03:29	worker	@967HitzFM;2018-01-10 - 2018-01-10;submitSocial;all;arwin
2018-01-12 05:03:31	worker	@TVGuide;2018-01-10 - 2018-01-10;submitSocial;all;arwin
2018-01-12 05:03:34	worker	@XL123;2018-01-10 - 2018-01-10;submitSocial;all;arwin
2018-01-12 05:03:36	worker	@triindonesia;2018-01-10 - 2018-01-10;submitSocial;all;arwin
2018-01-12 05:03:39	worker	@kaskus;2018-01-10 - 2018-01-10;submitSocial;all;arwin
2018-01-12 05:03:42	worker	@Studio_XXI;2018-01-10 - 2018-01-10;submitSocial;all;arwin
2018-01-12 05:03:44	worker	@blitzmegaplex;2018-01-10 - 2018-01-10;submitSocial;all;arwin
2018-01-12 05:03:46	worker	@alfamartku;2018-01-10 - 2018-01-10;submitSocial;all;arwin
2018-01-12 05:03:49	worker	@Carrefour_ID;2018-01-10 - 2018-01-10;submitSocial;all;arwin
2018-01-12 05:03:51	worker	@BBCBreaking;2018-01-10 - 2018-01-10;submitSocial;all;arwin
2018-01-12 05:03:55	worker	@Forbes;2018-01-10 - 2018-01-10;submitSocial;all;arwin
2018-01-12 05:04:03	worker	@BensRadio;2018-01-10 - 2018-01-10;submitSocial;all;arwin
2018-01-12 05:04:06	worker	@instagram;2018-01-10 - 2018-01-10;submitSocial;all;arwin
2018-01-12 05:04:13	worker	@Pinterest;2018-01-10 - 2018-01-10;submitSocial;all;arwin
2018-01-12 05:04:16	worker	@google;2018-01-10 - 2018-01-10;submitSocial;all;arwin
2018-01-12 05:04:25	worker	@Pertaminalub;2018-01-10 - 2018-01-10;submitSocial;all;arwin
2018-01-12 05:04:27	worker	@InfoLalinTol;2018-01-10 - 2018-01-10;submitSocial;all;arwin
2018-01-12 05:04:30	worker	@PTJASAMARGA;2018-01-10 - 2018-01-10;submitSocial;all;arwin
2018-01-12 05:04:32	worker	@cititransindo;2018-01-10 - 2018-01-10;submitSocial;all;arwin
2018-01-12 05:04:34	worker	#semangatpagisuperr;2018-01-10 - 2018-01-10;submitSocial;all;arwin
2018-01-12 05:04:36	worker	#genkuisinsideout;2018-01-10 - 2018-01-10;submitSocial;all;arwin
2018-01-12 05:04:38	worker	#semangatpagi;2018-01-10 - 2018-01-10;submitSocial;all;arwin
2018-01-12 05:04:40	worker	#dikamar;2018-01-10 - 2018-01-10;submitSocial;all;arwin
2018-01-12 05:04:43	worker	#kopaja;2018-01-10 - 2018-01-10;submitSocial;all;arwin
2018-01-12 05:04:45	worker	#generaksi8;2018-01-10 - 2018-01-10;submitSocial;all;arwin
2018-01-12 05:04:47	worker	#hitztsp;2018-01-10 - 2018-01-10;submitSocial;all;arwin
2018-01-12 05:04:50	worker	#np;2018-01-10 - 2018-01-10;submitSocial;all;arwin
2018-01-12 05:04:53	worker	#hitzlivestage;2018-01-10 - 2018-01-10;submitSocial;all;arwin
2018-01-12 05:04:55	worker	#thefreaks;2018-01-10 - 2018-01-10;submitSocial;all;arwin
2018-01-12 05:04:57	worker	#hitzsirkuspagi;2018-01-10 - 2018-01-10;submitSocial;all;arwin
2018-01-12 05:05:00	worker	#hitzathlon;2018-01-10 - 2018-01-10;submitSocial;all;arwin
2018-01-12 05:05:02	worker	#hitzzombie;2018-01-10 - 2018-01-10;submitSocial;all;arwin
2018-01-12 05:05:05	worker	#hitzkalong;2018-01-10 - 2018-01-10;submitSocial;all;arwin
2018-01-12 05:05:07	worker	#hitzbebas;2018-01-10 - 2018-01-10;submitSocial;all;arwin
2018-01-12 05:05:10	worker	#hitzhorehara;2018-01-10 - 2018-01-10;submitSocial;all;arwin
2018-01-12 05:05:12	worker	@ZaloraID;2018-01-10 - 2018-01-10;submitSocial;all;arwin
2018-01-12 05:05:15	worker	@OLX_Indonesia;2018-01-10 - 2018-01-10;submitSocial;all;arwin
2018-01-12 05:05:17	worker	@LazadaID;2018-01-10 - 2018-01-10;submitSocial;all;arwin
2018-01-12 05:05:20	worker	@utrippers;2018-01-10 - 2018-01-10;submitSocial;all;arwin
2018-01-12 05:05:23	worker	@GoGobot;2018-01-10 - 2018-01-10;submitSocial;all;arwin
2018-01-12 05:05:25	worker	@viatortravel;2018-01-10 - 2018-01-10;submitSocial;all;arwin
2018-01-12 05:05:28	worker	@alandakariza;2018-01-10 - 2018-01-10;submitSocial;all;arwin
2018-01-12 05:05:30	worker	@gagasmedia;2018-01-10 - 2018-01-10;submitSocial;all;arwin
2018-01-12 05:05:32	worker	@welovehonda;2018-01-10 - 2018-01-10;submitSocial;all;arwin
2018-01-12 05:05:35	worker	@SuzukiMotorID;2018-01-10 - 2018-01-10;submitSocial;all;arwin
2018-01-12 05:05:37	worker	@kawasakilovers;2018-01-10 - 2018-01-10;submitSocial;all;arwin
2018-01-12 05:05:39	worker	@yamahaindonesia;2018-01-10 - 2018-01-10;submitSocial;all;arwin
2018-01-12 05:05:41	worker	@tripanzee;2018-01-10 - 2018-01-10;submitSocial;all;arwin
2018-01-12 05:05:44	worker	@arnoldpoernomo;2018-01-10 - 2018-01-10;submitSocial;all;arwin
2018-01-12 05:05:46	worker	@nicsap;2018-01-10 - 2018-01-10;submitSocial;all;arwin
2018-01-12 05:05:48	worker	@tiket2;2018-01-10 - 2018-01-10;submitSocial;all;arwin
2018-01-12 05:05:50	worker	@traveloka;2018-01-10 - 2018-01-10;submitSocial;all;arwin
2018-01-12 05:05:53	worker	@wego;2018-01-10 - 2018-01-10;submitSocial;all;arwin
2018-01-12 05:05:56	worker	@agoda;2018-01-10 - 2018-01-10;submitSocial;all;arwin
2018-01-12 05:05:59	worker	#salahsambung;2018-01-10 - 2018-01-10;submitSocial;all;arwin
2018-01-12 05:06:01	worker	#tulalit;2018-01-10 - 2018-01-10;submitSocial;all;arwin
2018-01-12 05:06:04	worker	#pestageneraksi8;2018-01-10 - 2018-01-10;submitSocial;all;arwin
2018-01-12 05:06:06	worker	#ganaskustik;2018-01-10 - 2018-01-10;submitSocial;all;arwin
2018-01-12 05:06:08	worker	#lnhot20;2018-01-10 - 2018-01-10;submitSocial;all;arwin
2018-01-12 05:06:10	worker	@TripAdvisor;2018-01-10 - 2018-01-10;submitSocial;all;arwin
2018-01-12 05:06:13	worker	@google;2018-01-10 - 2018-01-10;submitSocial;all;arwin
2018-01-12 05:06:23	worker	@Telkomsel;2018-01-10 - 2018-01-10;submitSocial;all;arwin
2018-01-12 05:06:26	worker	@indosat;2018-01-10 - 2018-01-10;submitSocial;all;arwin
2018-01-12 05:06:29	worker	@bahanafmjkt;2018-01-10 - 2018-01-10;submitSocial;all;2018-01-12 05:06:34	worker	@sonorafm92;2018-01-10 - 2018-01-10;submitSocial;all;arwin
2018-01-12 05:06:36	worker	@litefm1058;2018-01-10 - 2018-01-10;submitSocial;all;arwin
2018-01-12 05:06:38	worker	@Bravaradio;2018-01-10 - 2018-01-10;submitSocial;all;arwin
2018-01-12 05:06:41	worker	#dgitm;2018-01-10 - 2018-01-10;submitSocial;all;arwin
2018-01-12 05:06:43	worker	#hitsalaprambors;2018-01-10 - 2018-01-10;submitSocial;all;arwin
2018-01-12 05:06:46	worker	#reqprambors;2018-01-10 - 2018-01-10;submitSocial;all;arwin
2018-01-12 05:06:48	worker	#thedandees;2018-01-10 - 2018-01-10;submitSocial;all;arwin
2018-01-12 05:06:50	worker	#pramborsquiz;2018-01-10 - 2018-01-10;submitSocial;all;arwin
2018-01-12 05:06:52	worker	#jeliprambors;2018-01-10 - 2018-01-10;submitSocial;all;arwin
2018-01-12 05:06:54	worker	#jodohinprambors;2018-01-10 - 2018-01-10;submitSocial;all;arwin
2018-01-12 05:06:56	worker	#ubahdenganbicara;2018-01-10 - 2018-01-10;submitSocial;all;arwin
2018-01-12 05:06:58	worker	#pramborschat;2018-01-10 - 2018-01-10;submitSocial;all;arwin
2018-01-12 05:07:01	worker	#tweetforduit;2018-01-10 - 2018-01-10;submitSocial;all;arwin
2018-01-12 05:07:03	worker	#joki3in1;2018-01-10 - 2018-01-10;submitSocial;all;arwin
2018-01-12 05:07:05	worker	#sarapanseru;2018-01-10 - 2018-01-10;submitSocial;all;arwin
2018-01-12 05:07:08	worker	#rawonkaneloop;2018-01-10 - 2018-01-10;submitSocial;all;arwin
2018-01-12 05:07:10	worker	#gudegkendilkeraton;2018-01-10 - 2018-01-10;submitSocial;all;arwin
2018-01-12 05:07:12	worker	#gadogadobutika;2018-01-10 - 2018-01-10;submitSocial;all;arwin
2018-01-12 05:07:14	worker	#mtvhottest;2018-01-10 - 2018-01-10;submitSocial;all;arwin
2018-01-12 05:07:16	worker	#dimsumcjdw;2018-01-10 - 2018-01-10;submitSocial;all;arwin
2018-01-12 05:07:18	worker	#pecelmadiunmbakniek;2018-01-10 - 2018-01-10;submitSocial;all;arwin
2018-01-12 05:07:20	worker	#depotarema;2018-01-10 - 2018-01-10;submitSocial;all;arwin
2018-01-12 05:07:23	worker	@BNI46;2018-01-10 - 2018-01-10;submitSocial;all;arwin
2018-01-12 05:07:25	worker	@BANKBRI_ID;2018-01-10 - 2018-01-10;submitSocial;all;arwin
2018-01-12 05:07:27	worker	#bni46;2018-01-10 - 2018-01-10;submitSocial;all;arwin
2018-01-12 05:07:30	worker	macet;2018-01-10 - 2018-01-10;submitSocial;all;arwin
2018-01-12 05:07:33	worker	#selamatpagi;2018-01-10 - 2018-01-10;submitSocial;all;arwin
2018-01-12 05:07:36	worker	#selamatmalam;2018-01-10 - 2018-01-10;submitSocial;all;arwin
2018-01-12 05:07:38	worker	@884GlobalRadio;2018-01-10 - 2018-01-10;submitSocial;all;arwin
2018-01-12 05:07:40	worker	@day_trans;2018-01-10 - 2018-01-10;submitSocial;all;arwin
2018-01-12 05:07:42	worker	@kencanavoyage;2018-01-10 - 2018-01-10;submitSocial;all;arwin
2018-01-12 05:07:45	worker	@jukebox5d;2018-01-10 - 2018-01-10;submitSocial;all;arwin
2018-01-12 05:07:47	worker	#mtvhottest;2018-01-10 - 2018-01-10;submitSocial;all;arwin
2018-01-12 05:07:49	worker	#semangatpagi;2018-01-10 - 2018-01-10;submitSocial;all;arwin
2018-01-12 05:07:51	worker	lifebuoy;2018-01-10 - 2018-01-10;submitSocial;all;arwin
2018-01-12 05:07:54	worker	jokowi;2018-01-10 - 2018-01-10;submitSocial;all;arwin
2018-01-12 05:08:00	worker	obama;2018-01-10 - 2018-01-10;submitSocial;all;arwin
2018-01-12 05:08:09	worker	starwars;2018-01-10 - 2018-01-10;submitSocial;all;arwin
2018-01-12 05:08:12	worker	jonan;2018-01-10 - 2018-01-10;submitSocial;all;arwin
2018-01-12 05:08:15	worker	pagi;2018-01-10 - 2018-01-10;submitSocial;all;arwin
2018-01-12 05:08:23	worker	sampoerna;2018-01-10 - 2018-01-10;submitSocial;all;arwin
2018-01-12 05:08:26	worker	djarum;2018-01-10 - 2018-01-10;submitSocial;all;arwin
2018-01-12 05:08:29	worker	#semangatpagi;2018-01-10 - 2018-01-10;submitSocial;all;arwin
2018-01-12 05:08:31	worker	#generaksi8;2018-01-10 - 2018-01-10;submitSocial;all;arwin
2018-01-12 05:08:33	worker	#365alasan;2018-01-10 - 2018-01-10;submitSocial;all;arwin
2018-01-12 05:08:36	worker	weew;2018-01-10 - 2018-01-10;submitSocial;all;arwin
2018-01-12 05:08:39	worker	testing;2018-01-10 - 2018-01-10;submitSocial;all;arwin
2018-01-12 05:08:46	worker	#kopaja;2018-01-10 - 2018-01-10;submitSocial;all;arwin
2018-01-12 05:08:49	worker	#genkuisinsideout;2018-01-10 - 2018-01-10;submitSocial;all;arwin
2018-01-12 05:08:51	worker	starwars;2018-01-10 - 2018-01-10;submitSocial;all;arwin
2018-01-12 05:08:54	worker	#kopaja;2018-01-10 - 2018-01-10;submitSocial;all;arwin
2018-01-12 05:08:57	worker	mldspot;2018-01-10 - 2018-01-10;submitSoc