2017-05-18 05:00:07	[{"keyword":"@987genfm","from":"2017-05-16","mode":"submitSocial","container":"all","username":"arwin"}]
2017-05-18 05:00:09	[{"keyword":"@101jakfm","from":"2017-05-16","mode":"submitSocial","container":"all","username":"arwin"}]
2017-05-18 05:00:12	[{"keyword":"@prambors","from":"2017-05-16","mode":"submitSocial","container":"all","username":"arwin"}]
2017-05-18 05:00:15	[{"keyword":"@hardrockfm","from":"2017-05-16","mode":"submitSocial","container":"all","username":"arwin"}]
2017-05-18 05:00:17	[{"keyword":"@kisfmjakarta","from":"2017-05-16","mode":"submitSocial","container":"all","username":"arwin"}]
2017-05-18 05:00:20	[{"keyword":"@delta_fm","from":"2017-05-16","mode":"submitSocial","container":"all","username":"arwin"}]
2017-05-18 05:00:22	[{"keyword":"@traxfmjkt","from":"2017-05-16","mode":"submitSocial","container":"all","username":"arwin"}]
2017-05-18 05:00:25	[{"keyword":"@iradiojakarta","from":"2017-05-16","mode":"submitSocial","container":"all","username":"arwin"}]
2017-05-18 05:00:27	[{"keyword":"@indika9160fm","from":"2017-05-16","mode":"submitSocial","container":"all","username":"arwin"}]
2017-05-18 05:00:29	[{"keyword":"@shellindonesia","from":"2017-05-16","mode":"submitSocial","container":"all","username":"arwin"}]
2017-05-18 05:00:31	[{"keyword":"@vpowerfans","from":"2017-05-16","mode":"submitSocial","container":"all","username":"arwin"}]
2017-05-18 05:00:33	[{"keyword":"@pertamaxind","from":"2017-05-16","mode":"submitSocial","container":"all","username":"arwin"}]
2017-05-18 05:00:36	[{"keyword":"@ptpertamina","from":"2017-05-16","mode":"submitSocial","container":"all","username":"arwin"}]
2017-05-18 05:00:38	[{"keyword":"@ozradiojakarta","from":"2017-05-16","mode":"submitSocial","container":"all","username":"arwin"}]
2017-05-18 05:00:40	[{"keyword":"@cosmopolitanfm","from":"2017-05-16","mode":"submitSocial","container":"all","username":"arwin"}]
2017-05-18 05:00:43	[{"keyword":"@mustang88fm","from":"2017-05-16","mode":"submitSocial","container":"all","username":"arwin"}]
2017-05-18 05:00:45	[{"keyword":"@debabaz","from":"2017-05-16","mode":"submitSocial","container":"all","username":"arwin"}]
2017-05-18 05:00:49	[{"keyword":"@detikcom","from":"2017-05-16","mode":"submitSocial","container":"all","username":"arwin"}]
2017-05-18 05:00:52	[{"keyword":"@radioelshinta","from":"2017-05-16","mode":"submitSocial","container":"all","username":"arwin"}]
2017-05-18 05:00:54	[{"keyword":"@cinema21","from":"2017-05-16","mode":"submitSocial","container":"all","username":"arwin"}]
2017-05-18 05:00:56	[{"keyword":"@officialrcti","from":"2017-05-16","mode":"submitSocial","container":"all","username":"arwin"}]
2017-05-18 05:00:59	[{"keyword":"@transtv_corp","from":"2017-05-16","mode":"submitSocial","container":"all","username":"arwin"}]
2017-05-18 05:01:01	[{"keyword":"@trans7","from":"2017-05-16","mode":"submitSocial","container":"all","username":"arwin"}]
2017-05-18 05:01:05	[{"keyword":"@metro_tv","from":"2017-05-16","mode":"submitSocial","container":"all","username":"arwin"}]
2017-05-18 05:01:08	[{"keyword":"@tvonenews","from":"2017-05-16","mode":"submitSocial","container":"all","username":"arwin"}]
2017-05-18 05:01:11	[{"keyword":"@whatsonantv","from":"2017-05-16","mode":"submitSocial","container":"all","username":"arwin"}]
2017-05-18 05:01:14	[{"keyword":"@sctv_","from":"2017-05-16","mode":"submitSocial","container":"all","username":"arwin"}]
2017-05-18 05:01:17	[{"keyword":"@kompastv","from":"2017-05-16","mode":"submitSocial","container":"all","username":"arwin"}]
2017-05-18 05:01:21	[{"keyword":"@netmediatama","from":"2017-05-16","mode":"submitSocial","container":"all","username":"arwin"}]
2017-05-18 05:01:23	[{"keyword":"@globaltvseru","from":"2017-05-16","mode":"submitSocial","container":"all","username":"arwin"}]
2017-05-18 05:01:26	[{"keyword":"@jaktvcom","from":"2017-05-16","mode":"submitSocial","container":"all","username":"arwin"}]
2017-05-18 05:01:28	[{"keyword":"@tvrinasional","from":"2017-05-16","mode":"submitSocial","container":"all","username":"arwin"}]
2017-05-18 05:01:31	[{"keyword":"@ochannelupdates","from":"2017-05-16","mode":"submitSocial","container":"all","username":"arwin"}]
2017-05-18 05:01:34	[{"keyword":"@indosiarid","from":"2017-05-16","mode":"submitSocial","container":"all","username":"arwin"}]
2017-05-18 05:01:38	[{"keyword":"@kompascom","from":"2017-05-16","mode":"submitSocial","container":"all","username":"arwin"}]
2017-05-18 05:01:41	[{"keyword":"@merdekadotcom","from":"2017-05-16","mode":"submitSocial","container":"all","username":"arwin"}]
2017-05-18 05:01:43	[{"keyword":"@midotcom","from":"2017-05-16","mode":"submitSocial","container":"all","username":"arwin"}]
2017-05-18 05:01:46	[{"keyword":"@tempodotco","from":"2017-05-16","mode":"submitSocial","container":"all","username":"arwin"}]
2017-05-18 05:01:49	[{"keyword":"@motion975fm","from":"2017-05-16","mode":"submitSocial","container":"all","username":"arwin"}]
2017-05-18 05:01:51	[{"keyword":"@_radiotoday","from":"2017-05-16","mode":"submitSocial","container":"all","username":"arwin"}]
2017-05-18 05:01:54	[{"keyword":"@radioinfo","from":"2017-05-16","mode":"submitSocial","container":"all","username":"arwin"}]
2017-05-18 05:01:56	[{"keyword":"@979femaleradio","from":"2017-05-16","mode":"submitSocial","container":"all","username":"arwin"}]
2017-05-18 05:01:58	[{"keyword":"@womanradio943fm","from":"2017-05-16","mode":"submitSocial","container":"all","username":"arwin"}]
2017-05-18 05:02:01	[{"keyword":"@vradiofm","from":"2017-05-16","mode":"submitSocial","container":"all","username":"arwin"}]
2017-05-18 05:02:03	[{"keyword":"@ufm947","from":"2017-05-16","mode":"submitSocial","container":"all","username":"arwin"}]
2017-05-18 05:02:06	[{"keyword":"@vivanews","from":"2017-05-16","mode":"submitSocial","container":"all","username":"arwin"}]
2017-05-18 05:02:08	[{"keyword":"@antaranews","from":"2017-05-16","mode":"submitSocial","container":"all","username":"arwin"}]
2017-05-18 05:02:12	[{"keyword":"@tribunnews","from":"2017-05-16","mode":"submitSocial","container":"all","username":"arwin"}]
2017-05-18 05:02:15	[{"keyword":"@okezonenews","from":"2017-05-16","mode":"submitSocial","container":"all","username":"arwin"}]
2017-05-18 05:02:18	[{"keyword":"@beritasatu","from":"2017-05-16","mode":"submitSocial","container":"all","username":"arwin"}]
2017-05-18 05:02:20	[{"keyword":"@rollingstoneina","from":"2017-05-16","mode":"submitSocial","container":"all","username":"arwin"}]
2017-05-18 05:02:22	[{"keyword":"@fimeladotcom","from":"2017-05-16","mode":"submitSocial","container":"all","username":"arwin"}]
2017-05-18 05:02:25	[{"keyword":"@kapanlagicom","from":"2017-05-16","mode":"submitSocial","container":"all","username":"arwin"}]
2017-05-18 05:02:27	[{"keyword":"@kompasent","from":"2017-05-16","mode":"submitSocial","container":"all","username":"arwin"}]
2017-05-18 05:02:29	[{"keyword":"@haimagazine","from":"2017-05-16","mode":"submitSocial","container":"all","username":"arwin"}]
2017-05-18 05:02:31	[{"keyword":"@jakartavenue","from":"2017-05-16","mode":"submitSocial","container":"all","username":"arwin"}]
2017-05-18 05:02:34	[{"keyword":"@seputarevent","from":"2017-05-16","mode":"submitSocial","container":"all","username":"arwin"}]
2017-05-18 05:02:36	[{"keyword":"@ismayalive","from":"2017-05-16","mode":"submitSocial","container":"all","username":"arwin"}]
2017-05-18 05:02:38	[{"keyword":"@ecentertainment","from":"2017-05-16","mode":"submitSocial","container":"all","username":"arwin"}]
2017-05-18 05:02:41	[{"keyword":"@synergism_en","from":"2017-05-16","mode":"submitSocial","container":"all","username":"arwin"}]
2017-05-18 05:02:43	[{"keyword":"@urbanbandung","from":"2017-05-16","mode":"submitSocial","container":"all","username":"arwin"}]
2017-05-18 05:02:45	[{"keyword":"@urbanrkm995","from":"2017-05-16","mode":"submitSocial","container":"all","username":"arwin"}]
2017-05-18 05:02:47	[{"keyword":"@garuda_promo","from":"2017-05-16","mode":"submitSocial","container":"all","username":"arwin"}]
2017-05-18 05:02:49	[{"keyword":"@airasiaid","from":"2017-05-16","mode":"submitSocial","container":"all","username":"arwin"}]
2017-05-18 05:02:52	[{"keyword":"@kai121","from":"2017-05-16","mode":"submitSocial","container":"all","username":"arwin"}]
2017-05-18 05:02:54	[{"keyword":"@unilever","from":"2017-05-16","mode":"submitSocial","container":"all","username":"arwin"}]
2017-05-18 05:02:57	[{"keyword":"@nestle","from":"2017-05-16","mode":"submitSocial","container":"all","username":"arwin"}]
2017-05-18 05:03:02	[{"keyword":"@cocacola","from":"2017-05-16","mode":"submitSocial","container":"all","username":"arwin"}]
2017-05-18 05:03:10	[{"keyword":"@cnn","from":"2017-05-16","mode":"submitSocial","container":"all","username":"arwin"}]
2017-05-18 05:03:14	[{"keyword":"@mtv","from":"2017-05-16","mode":"submitSocial","container":"all","username":"arwin"}]
2017-05-18 05:03:16	[{"keyword":"@channelv","from":"2017-05-16","mode":"submitSocial","container":"all","username":"arwin"}]
2017-05-18 05:03:18	[{"keyword":"@itunesmusic","from":"2017-05-16","mode":"submitSocial","container":"all","username":"arwin"}]
2017-05-18 05:03:22	[{"keyword":"@mashable","from":"2017-05-16","mode":"submitSocial","container":"all","username":"arwin"}]
2017-05-18 05:03:24	[{"keyword":"@decacaz","from":"2017-05-16","mode":"submitSocial","container":"all","username":"arwin"}]
2017-05-18 05:03:27	[{"keyword":"@radiobaru967fm","from":"2017-05-16","mode":"submitSocial","container":"all","username":"arwin"}]
2017-05-18 05:03:29	[{"keyword":"@967hitzfm","from":"2017-05-16","mode":"submitSocial","container":"all","username":"arwin"}]
2017-05-18 05:03:32	[{"keyword":"@tvguide","from":"2017-05-16","mode":"submitSocial","container":"all","username":"arwin"}]
2017-05-18 05:03:34	[{"keyword":"@xl123","from":"2017-05-16","mode":"submitSocial","container":"all","username":"arwin"}]
2017-05-18 05:03:36	[{"keyword":"@triindonesia","from":"2017-05-16","mode":"submitSocial","container":"all","username":"arwin"}]
2017-05-18 05:03:39	[{"keyword":"@kaskus","from":"2017-05-16","mode":"submitSocial","container":"all","username":"arwin"}]
2017-05-18 05:03:41	[{"keyword":"@studio_xxi","from":"2017-05-16","mode":"submitSocial","container":"all","username":"arwin"}]
2017-05-18 05:03:43	[{"keyword":"@blitzmegaplex","from":"2017-05-16","mode":"submitSocial","container":"all","username":"arwin"}]
2017-05-18 05:03:46	[{"keyword":"@alfamartku","from":"2017-05-16","mode":"submitSocial","container":"all","username":"arwin"}]
2017-05-18 05:03:48	[{"keyword":"@carrefour_id","from":"2017-05-16","mode":"submitSocial","container":"all","username":"arwin"}]
2017-05-18 05:03:52	[{"keyword":"@bbcbreaking","from":"2017-05-16","mode":"submitSocial","container":"all","username":"arwin"}]
2017-05-18 05:04:01	[{"keyword":"@forbes","from":"2017-05-16","mode":"submitSocial","container":"all","username":"arwin"}]
2017-05-18 05:04:03	[{"keyword":"@bensradio","from":"2017-05-16","mode":"submitSocial","container":"all","username":"arwin"}]
2017-05-18 05:04:09	[{"keyword":"@instagram","from":"2017-05-16","mode":"submitSocial","container":"all","username":"arwin"}]
2017-05-18 05:04:12	[{"keyword":"@pinterest","from":"2017-05-16","mode":"submitSocial","container":"all","username":"arwin"}]
2017-05-18 05:04:19	[{"keyword":"@google","from":"2017-05-16","mode":"submitSocial","container":"all","username":"arwin"}]
2017-05-18 05:04:21	[{"keyword":"@pertaminalub","from":"2017-05-16","mode":"submitSocial","container":"all","username":"arwin"}]
2017-05-18 05:04:24	[{"keyword":"@infolalintol","from":"2017-05-16","mode":"submitSocial","container":"all","username":"arwin"}]
2017-05-18 05:04:26	[{"keyword":"@ptjasamarga","from":"2017-05-16","mode":"submitSocial","container":"all","username":"arwin"}]
2017-05-18 05:04:28	[{"keyword":"@cititransindo","from":"2017-05-16","mode":"submitSocial","container":"all","username":"arwin"}]
2017-05-18 05:04:30	[{"keyword":"#semangatpagisuperr","from":"2017-05-16","mode":"submitSocial","container":"all","username":"arwin"}]
2017-05-18 05:04:32	[{"keyword":"#genkuisinsideout","from":"2017-05-16","mode":"submitSocial","container":"all","username":"arwin"}]
2017-05-18 05:04:34	[{"keyword":"#semangatpagi","from":"2017-05-16","mode":"submitSocial","container":"all","username":"arwin"}]
2017-05-18 05:04:37	[{"keyword":"#dikamar","from":"2017-05-16","mode":"submitSocial","container":"all","username":"arwin"}]
2017-05-18 05:04:39	[{"keyword":"#kopaja","from":"2017-05-16","mode":"submitSocial","container":"all","username":"arwin"}]
2017-05-18 05:04:41	[{"keyword":"#generaksi8","from":"2017-05-16","mode":"submitSocial","container":"all","username":"arwin"}]
2017-05-18 05:04:43	[{"keyword":"#hitztsp","from":"2017-05-16","mode":"submitSocial","container":"all","username":"arwin"}]
2017-05-18 05:04:47	[{"keyword":"#np","from":"2017-05-16","mode":"submitSocial","container":"all","username":"arwin"}]
2017-05-18 05:04:49	[{"keyword":"#hitzlivestage","from":"2017-05-16","mode":"submitSocial","container":"all","username":"arwin"}]
2017-05-18 05:04:51	[{"keyword":"#thefreaks","from":"2017-05-16","mode":"submitSocial","container":"all","username":"arwin"}]
2017-05-18 05:04:53	[{"keyword":"#hitzsirkuspagi","from":"2017-05-16","mode":"submitSocial","container":"all","username":"arwin"}]
2017-05-18 05:04:55	[{"keyword":"#hitzathlon","from":"2017-05-16","mode":"submitSocial","container":"all","username":"arwin"}]
2017-05-18 05:04:57	[{"keyword":"#hitzzombie","from":"2017-05-16","mode":"submitSocial","container":"all","username":"arwin"}]
2017-05-18 05:05:00	[{"keyword":"#hitzkalong","from":"2017-05-16","mode":"submitSocial","container":"all","username":"arwin"}]
2017-05-18 05:05:03	[{"keyword":"#hitzbebas","from":"2017-05-16","mode":"submitSocial","container":"all","username":"arwin"}]
2017-05-18 05:05:05	[{"keyword":"#hitzhorehara","from":"2017-05-16","mode":"submitSocial","container":"all","username":"arwin"}]
2017-05-18 05:05:08	[{"keyword":"@zaloraid","from":"2017-05-16","mode":"submitSocial","container":"all","username":"arwin"}]
2017-05-18 05:05:10	[{"keyword":"@olx_indonesia","from":"2017-05-16","mode":"submitSocial","container":"all","username":"arwin"}]
2017-05-18 05:05:12	[{"keyword":"@lazadaid","from":"2017-05-16","mode":"submitSocial","container":"all","username":"arwin"}]
2017-05-18 05:05:15	[{"keyword":"@utrippers","from":"2017-05-16","mode":"submitSocial","container":"all","username":"arwin"}]
2017-05-18 05:05:17	[{"keyword":"@gogobot","from":"2017-05-16","mode":"submitSocial","container":"all","username":"arwin"}]
2017-05-18 05:05:19	[{"keyword":"@viatortravel","from":"2017-05-16","mode":"submitSocial","container":"all","username":"arwin"}]
2017-05-18 05:05:22	[{"keyword":"@alandakariza","from":"2017-05-16","mode":"submitSocial","container":"all","username":"arwin"}]
2017-05-18 05:05:24	[{"keyword":"@gagasmedia","from":"2017-05-16","mode":"submitSocial","container":"all","username":"arwin"}]
2017-05-18 05:05:26	[{"keyword":"@welovehonda","from":"2017-05-16","mode":"submitSocial","container":"all","username":"arwin"}]
2017-05-18 05:05:29	[{"keyword":"@suzukimotorid","from":"2017-05-16","mode":"submitSocial","container":"all","username":"arwin"}]
2017-05-18 05:05:31	[{"keyword":"@kawasakilovers","from":"2017-05-16","mode":"submitSocial","container":"all","username":"arwin"}]
2017-05-18 05:05:33	[{"keyword":"@yamahaindonesia","from":"2017-05-16","mode":"submitSocial","container":"all","username":"arwin"}]
2017-05-18 05:05:35	[{"keyword":"@tripanzee","from":"2017-05-16","mode":"submitSocial","container":"all","username":"arwin"}]
2017-05-18 05:05:38	[{"keyword":"@arnoldpoernomo","from":"2017-05-16","mode":"submitSocial","container":"all","username":"arwin"}]
2017-05-18 05:05:40	[{"keyword":"@nicsap","from":"2017-05-16","mode":"submitSocial","container":"all","username":"arwin"}]
2017-05-18 05:05:42	[{"keyword":"@tiket2","from":"2017-05-16","mode":"submitSocial","container":"all","username":"arwin"}]
2017-05-18 05:05:45	[{"keyword":"@traveloka","from":"2017-05-16","mode":"submitSocial","container":"all","username":"arwin"}]
2017-05-18 05:05:48	[{"keyword":"@wego","from":"2017-05-16","mode":"submitSocial","container":"all","username":"arwin"}]
2017-05-18 05:05:51	[{"keyword":"@agoda","from":"2017-05-16","mode":"submitSocial","container":"all","username":"arwin"}]
2017-05-18 05:05:53	[{"keyword":"#salahsambung","from":"2017-05-16","mode":"submitSocial","container":"all","username":"arwin"}]
2017-05-18 05:05:56	[{"keyword":"#tulalit","from":"2017-05-16","mode":"submitSocial","container":"all","username":"arwin"}]
2017-05-18 05:05:58	[{"keyword":"#pestageneraksi8","from":"2017-05-16","mode":"submitSocial","container":"all","username":"arwin"}]
2017-05-18 05:06:00	[{"keyword":"#ganaskustik","from":"2017-05-16","mode":"submitSocial","container":"all","username":"arwin"}]
2017-05-18 05:06:02	[{"keyword":"#lnhot20","from":"2017-05-16","mode":"submitSocial","container":"all","username":"arwin"}]
2017-05-18 05:06:05	[{"keyword":"@tripadvisor","from":"2017-05-16","mode":"submitSocial","container":"all","username":"arwin"}]
2017-05-18 05:06:12	[{"keyword":"@google","from":"2017-05-16","mode":"submitSocial","container":"all","username":"arwin"}]
2017-05-18 05:06:16	[{"keyword":"@telkomsel","from":"2017-05-16","mode":"submitSocial","container":"all","username":"arwin"}]
2017-05-18 05:06:18	[{"keyword":"@indosat","from":"2017-05-16","mode":"submitSocial","container":"all","username":"arwin"}]
2017-05-18 05:06:22	[{"keyword":"@bahanafmjkt","from":"2017-05-16","mode":"submitSocial","container":"all","username":""}]
2017-05-18 05:06:26	[{"keyword":"@sonorafm92","from":"2017-05-16","mode":"submitSocial","container":"all","username":"arwin"}]
2017-05-18 05:06:28	[{"keyword":"@litefm1058","from":"2017-05-16","mode":"submitSocial","container":"all","username":"arwin"}]
2017-05-18 05:06:30	[{"keyword":"@bravaradio","from":"2017-05-16","mode":"submitSocial","container":"all","username":"arwin"}]
2017-05-18 05:06:33	[{"keyword":"#dgitm","from":"2017-05-16","mode":"submitSocial","container":"all","username":"arwin"}]
2017-05-18 05:06:35	[{"keyword":"#hitsalaprambors","from":"2017-05-16","mode":"submitSocial","container":"all","username":"arwin"}]
2017-05-18 05:06:38	[{"keyword":"#reqprambors","from":"2017-05-16","mode":"submitSocial","container":"all","username":"arwin"}]
2017-05-18 05:06:40	[{"keyword":"#thedandees","from":"2017-05-16","mode":"submitSocial","container":"all","username":"arwin"}]
2017-05-18 05:06:42	[{"keyword":"#pramborsquiz","from":"2017-05-16","mode":"submitSocial","container":"all","username":"arwin"}]
2017-05-18 05:06:44	[{"keyword":"#jeliprambors","from":"2017-05-16","mode":"submitSocial","container":"all","username":"arwin"}]
2017-05-18 05:06:46	[{"keyword":"#jodohinprambors","from":"2017-05-16","mode":"submitSocial","container":"all","username":"arwin"}]
2017-05-18 05:06:48	[{"keyword":"#ubahdenganbicara","from":"2017-05-16","mode":"submitSocial","container":"all","username":"arwin"}]
2017-05-18 05:06:50	[{"keyword":"#pramborschat","from":"2017-05-16","mode":"submitSocial","container":"all","username":"arwin"}]
2017-05-18 05:06:52	[{"keyword":"#tweetforduit","from":"2017-05-16","mode":"submitSocial","container":"all","username":"arwin"}]
2017-05-18 05:06:54	[{"keyword":"#joki3in1","from":"2017-05-16","mode":"submitSocial","container":"all","username":"arwin"}]
2017-05-18 05:06:57	[{"keyword":"#sarapanseru","from":"2017-05-16","mode":"submitSocial","container":"all","username":"arwin"}]
2017-05-18 05:06:59	[{"keyword":"#rawonkaneloop","from":"2017-05-16","mode":"submitSocial","container":"all","username":"arwin"}]
2017-05-18 05:07:01	[{"keyword":"#gudegkendilkeraton","from":"2017-05-16","mode":"submitSocial","container":"all","username":"arwin"}]
2017-05-18 05:07:03	[{"keyword":"#gadogadobutika","from":"2017-05-16","mode":"submitSocial","container":"all","username":"arwin"}]
2017-05-18 05:07:05	[{"keyword":"#mtvhottest","from":"2017-05-16","mode":"submitSocial","container":"all","username":"arwin"}]
2017-05-18 05:07:08	[{"keyword":"#dimsumcjdw","from":"2017-05-16","mode":"submitSocial","container":"all","username":"arwin"}]
2017-05-18 05:07:10	[{"keyword":"#pecelmadiunmbakniek","from":"2017-05-16","mode":"submitSocial","container":"all","username":"arwin"}]
2017-05-18 05:07:12	[{"keyword":"#depotarema","from":"2017-05-16","mode":"submitSocial","container":"all","username":"arwin"}]
2017-05-18 05:07:14	[{"keyword":"@bni46","from":"2017-05-16","mode":"submitSocial","container":"all","username":"arwin"}]
2017-05-18 05:07:16	[{"keyword":"@bankbri_id","from":"2017-05-16","mode":"submitSocial","container":"all","username":"arwin"}]
2017-05-18 05:07:19	[{"keyword":"#bni46","from":"2017-05-16","mode":"submitSocial","container":"all","username":"arwin"}]
2017-05-18 05:07:23	[{"keyword":"macet","from":"2017-05-16","mode":"submitSocial","container":"all","username":"arwin"}]
2017-05-18 05:07:25	[{"keyword":"#selamatpagi","from":"2017-05-16","mode":"submitSocial","container":"all","username":"arwin"}]
2017-05-18 05:07:27	[{"keyword":"#selamatmalam","from":"2017-05-16","mode":"submitSocial","container":"all","username":"arwin"}]
2017-05-18 05:07:30	[{"keyword":"@884globalradio","from":"2017-05-16","mode":"submitSocial","container":"all","username":"arwin"}]
2017-05-18 05:07:32	[{"keyword":"@day_trans","from":"2017-05-16","mode":"submitSocial","container":"all","username":"arwin"}]
2017-05-18 05:07:34	[{"keyword":"@kencanavoyage","from":"2017-05-16","mode":"submitSocial","container":"all","username":"arwin"}]
2017-05-18 05:07:36	[{"keyword":"@jukebox5d","from":"2017-05-16","mode":"submitSocial","container":"all","username":"arwin"}]
2017-05-18 05:07:39	[{"keyword":"#mtvhottest","from":"2017-05-16","mode":"submitSocial","container":"all","username":"arwin"}]
2017-05-18 05:07:41	[{"keyword":"#semangatpagi","from":"2017-05-16","mode":"submitSocial","container":"all","username":"arwin"}]
2017-05-18 05:07:43	[{"keyword":"lifebuoy","from":"2017-05-16","mode":"submitSocial","container":"all","username":"arwin"}]
2017-05-18 05:07:49	[{"keyword":"jokowi","from":"2017-05-16","mode":"submitSocial","container":"all","username":"arwin"}]
2017-05-18 05:07:59	[{"keyword":"obama","from":"2017-05-16","mode":"submitSocial","container":"all","username":"arwin"}]
2017-05-18 05:08:02	[{"keyword":"starwars","from":"2017-05-16","mode":"submitSocial","container":"all","username":"arwin"}]
2017-05-18 05:08:06	[{"keyword":"jonan","from":"2017-05-16","mode":"submitSocial","container":"all","username":"arwin"}]
2017-05-18 05:08:15	[{"keyword":"pagi","from":"2017-05-16","mode":"submitSocial","container":"all","username":"arwin"}]
2017-05-18 05:08:17	[{"keyword":"sampoerna","from":"2017-05-16","mode":"submitSocial","container":"all","username":"arwin"}]
2017-05-18 05:08:20	[{"keyword":"djarum","from":"2017-05-16","mode":"submitSocial","container":"all","username":"arwin"}]
2017-05-18 05:08:23	[{"keyword":"#semangatpagi","from":"2017-05-16","mode":"submitSocial","container":"all","username":"arwin"}]
2017-05-18 05:08:24	[{"keyword":"#generaksi8","from":"2017-05-16","mode":"submitSocial","container":"all","username":"arwin"}]
2017-05-18 05:08:27	[{"keyword":"#365alasan","from":"2017-05-16","mode":"submitSocial","container":"all","username":"arwin"}]
2017-05-18 05:08:30	[{"keyword":"weew","from":"2017-05-16","mode":"submitSocial","container":"all","username":"arwin"}]
2017-05-18 05:08:38	[{"keyword":"testing","from":"2017-05-16","mode":"submitSocial","container":"all","username":"arwin"}]
2017-05-18 05:08:40	[{"keyword":"#kopaja","from":"2017-05-16","mode":"submitSocial","container":"all","username":"arwin"}]
2017-05-18 05:08:45	[{"keyword":"#genkuisinsideout","from":"2017-05-16","mode":"submitSocial","container":"all","username":"arwin"}]
2017-05-18 05:08:48	[{"keyword":"starwars","from":"2017-05-16","mode":"submitSocial","container":"all","username":"arwin"}]
2017-05-18 05:08:51	[{"keyword":"#kopaja","from":"2017-05-16","mode":"submitSocial","container":"all","username":"arwin"}]
2017-05-18 05:08:53	[{"keyword":"mldspot","from":"2017-05-16","mode":"submitSocial","container":"all","username":"arwin"}]
2017-05-18 05:08:55	[{"keyword":"pbdjarum","from":"2017-05-16","mode":"submitSocial","container":"all","username":"arwin"}]
2017-05-18 05:08:58	[{"keyword":"temannabati","from":"2017-05-16","mode":"submitSocial","container":"all","username":"arwin"}]
2017-05-18 05:09:01	[{"keyword":"nextar","from":"2017-05-16","mode":"submitSocial","container":"all","username":"arwin"}]
2017-05-18 05:09:04	[{"keyword":"jokowo","from":"2017-05-16","mode":"submitSocial","container":"all","username":"arwin"}]
2017-05-18 05:09:07	[{"keyword":"prabowo","from":"2017-05-16","mode":"submitSocial","container":"all","username":"arwin"}]
2017-05-18 05:09:09	[{"keyword":"sudirman said","from":"2017-05-16","mode":"submitSocial","container":"all","username":"arwin"}]
2017-05-18 05:09:19	[{"keyword":"ahok","from":"2017-05-16","mode":"submitSocial","container":"all","username":"arwin"}]
2017-05-18 05:09:21	[{"keyword":"setyanovanto","from":"2017-05-16","mode":"submitSocial","container":"all","username":"arwin"}]
2017-05-18 05:09:27	[{"keyword":"jokowi","from":"2017-05-16","mode":"submitSocial","container":"all","username":"arwin"}]
2017-05-18 05:09:36	[{"keyword":"ahok","from":"2017-05-16","mode":"submitSocial","container":"all","username":"arwin"}]
2017-05-18 05:09:39	[{"keyword":"prabowo","from":"2017-05-16","mode":"submitSocial","container":"all","username":"arwin"}]
2017-05-18 05:09:41	[{"keyword":"sudirman said","from":"2017-05-16","mode":"submitSocial","container":"all","username":"arwin"}]
2017-05-18 05:09:44	[{"keyword":"setyanovanto","from":"2017-05-16","mode":"submitSocial","container":"all","username":"arwin"}]
2017-05-18 05:09:48	[{"keyword":"galau","from":"2017-05-16","mode":"submitSocial","container":"all","username":"arwin"}]
2017-05-18 05:09:50	[{"keyword":"#prestasiindonesia","from":"2017-05-16","mode":"submitSocial","container":"all","username":"arwin"}]
2017-05-18 05:09:53	[{"keyword":"@tw_debi","from":"2017-05-16","mode":"submitSocial","container":"all","username":"arwin"}]
2017-05-18 05:09:55	[{"keyword":"@officialfastron","from":"2017-05-16","mode":"submitSocial","container":"all","username":"arwin"}]
2017-05-18 05:09:58	[{"keyword":"@citibankid","from":"2017-05-16","mode":"submitSocial","container":"all","username":"arwin"}]
2017-05-18 05:10:00	[{"keyword":"@jak101fm","from":"2017-05-16","mode":"submitSocial","container":"all","username":"arwin"}]
2017-05-18 05:10:04	[{"keyword":"@genfm","from":"2017-05-16","mode":"submitSocial","container":"all","username":"arwin"}]
