2017-02-18 05:00:02	worker	@987genfm;2017-02-16 - 2017-02-16;submitSocial;all;arwin
2017-02-18 05:00:06	worker	@101jakfm;2017-02-16 - 2017-02-16;submitSocial;all;arwin
2017-02-18 05:00:09	worker	@prambors;2017-02-16 - 2017-02-16;submitSocial;all;arwin
2017-02-18 05:00:12	worker	@hardrockfm;2017-02-16 - 2017-02-16;submitSocial;all;arwin
2017-02-18 05:00:15	worker	@kisfmjakarta;2017-02-16 - 2017-02-16;submitSocial;all;arwin
2017-02-18 05:00:18	worker	@delta_fm;2017-02-16 - 2017-02-16;submitSocial;all;arwin
2017-02-18 05:00:20	worker	@traxfmjkt;2017-02-16 - 2017-02-16;submitSocial;all;arwin
2017-02-18 05:00:23	worker	@iradiojakarta;2017-02-16 - 2017-02-16;submitSocial;all;arwin
2017-02-18 05:00:26	worker	@indika9160fm;2017-02-16 - 2017-02-16;submitSocial;all;arwin
2017-02-18 05:00:29	worker	@shellindonesia;2017-02-16 - 2017-02-16;submitSocial;all;arwin
2017-02-18 05:00:31	worker	@vpowerfans;2017-02-16 - 2017-02-16;submitSocial;all;arwin
2017-02-18 05:00:34	worker	@pertamaxind;2017-02-16 - 2017-02-16;submitSocial;all;arwin
2017-02-18 05:00:36	worker	@ptpertamina;2017-02-16 - 2017-02-16;submitSocial;all;arwin
2017-02-18 05:00:39	worker	@OZRadioJakarta;2017-02-16 - 2017-02-16;submitSocial;all;arwin
2017-02-18 05:00:41	worker	@CosmopolitanFM;2017-02-16 - 2017-02-16;submitSocial;all;arwin
2017-02-18 05:00:44	worker	@mustang88fm;2017-02-16 - 2017-02-16;submitSocial;all;arwin
2017-02-18 05:00:47	worker	@debabaz;2017-02-16 - 2017-02-16;submitSocial;all;arwin
2017-02-18 05:00:49	worker	@detikcom;2017-02-16 - 2017-02-16;submitSocial;all;arwin
2017-02-18 05:00:52	worker	@radioelshinta;2017-02-16 - 2017-02-16;submitSocial;all;arwin
2017-02-18 05:00:56	worker	@cinema21;2017-02-16 - 2017-02-16;submitSocial;all;arwin
2017-02-18 05:00:58	worker	@OfficialRCTI;2017-02-16 - 2017-02-16;submitSocial;all;arwin
2017-02-18 05:01:01	worker	@TRANSTV_CORP;2017-02-16 - 2017-02-16;submitSocial;all;arwin
2017-02-18 05:01:04	worker	@TRANS7;2017-02-16 - 2017-02-16;submitSocial;all;arwin
2017-02-18 05:01:07	worker	@Metro_TV;2017-02-16 - 2017-02-16;submitSocial;all;arwin
2017-02-18 05:01:11	worker	@tvOneNews;2017-02-16 - 2017-02-16;submitSocial;all;arwin
2017-02-18 05:01:15	worker	@whatsonANTV;2017-02-16 - 2017-02-16;submitSocial;all;arwin
2017-02-18 05:01:18	worker	@SCTV_;2017-02-16 - 2017-02-16;submitSocial;all;arwin
2017-02-18 05:01:21	worker	@KompasTV;2017-02-16 - 2017-02-16;submitSocial;all;arwin
2017-02-18 05:01:24	worker	@netmediatama;2017-02-16 - 2017-02-16;submitSocial;all;arwin
2017-02-18 05:01:28	worker	@Globaltvseru;2017-02-16 - 2017-02-16;submitSocial;all;arwin
2017-02-18 05:01:31	worker	@JaktvCom;2017-02-16 - 2017-02-16;submitSocial;all;arwin
2017-02-18 05:01:33	worker	@TVRINasional;2017-02-16 - 2017-02-16;submitSocial;all;arwin
2017-02-18 05:01:36	worker	@ochannelupdates;2017-02-16 - 2017-02-16;submitSocial;all;arwin
2017-02-18 05:01:38	worker	@IndosiarID;2017-02-16 - 2017-02-16;submitSocial;all;arwin
2017-02-18 05:01:42	worker	@kompascom;2017-02-16 - 2017-02-16;submitSocial;all;arwin
2017-02-18 05:01:46	worker	@merdekadotcom;2017-02-16 - 2017-02-16;submitSocial;all;arwin
2017-02-18 05:01:48	worker	@MIdotcom;2017-02-16 - 2017-02-16;submitSocial;all;arwin
2017-02-18 05:01:51	worker	@tempodotco;2017-02-16 - 2017-02-16;submitSocial;all;arwin
2017-02-18 05:01:54	worker	@motion975fm;2017-02-16 - 2017-02-16;submitSocial;all;arwin
2017-02-18 05:01:57	worker	@_radiotoday;2017-02-16 - 2017-02-16;submitSocial;all;arwin
2017-02-18 05:01:59	worker	@radioinfo;2017-02-16 - 2017-02-16;submitSocial;all;arwin
2017-02-18 05:02:02	worker	@979FeMaleRadio;2017-02-16 - 2017-02-16;submitSocial;all;arwin
2017-02-18 05:02:05	worker	@WomanRadio943FM;2017-02-16 - 2017-02-16;submitSocial;all;arwin
2017-02-18 05:02:07	worker	@VRadioFM;2017-02-16 - 2017-02-16;submitSocial;all;arwin
2017-02-18 05:02:10	worker	@UFM947;2017-02-16 - 2017-02-16;submitSocial;all;arwin
2017-02-18 05:02:12	worker	@VIVAnews;2017-02-16 - 2017-02-16;submitSocial;all;arwin
2017-02-18 05:02:15	worker	@antaranews;2017-02-16 - 2017-02-16;submitSocial;all;arwin
2017-02-18 05:02:17	worker	@tribunnews;2017-02-16 - 2017-02-16;submitSocial;all;arwin
2017-02-18 05:02:20	worker	@okezonenews;2017-02-16 - 2017-02-16;submitSocial;all;arwin
2017-02-18 05:02:23	worker	@Beritasatu;2017-02-16 - 2017-02-16;submitSocial;all;arwin
2017-02-18 05:02:26	worker	@rollingstoneina;2017-02-16 - 2017-02-16;submitSocial;all;arwin
2017-02-18 05:02:29	worker	@FIMELAdotcom;2017-02-16 - 2017-02-16;submitSocial;all;arwin
2017-02-18 05:02:31	worker	@KapanLagicom;2017-02-16 - 2017-02-16;submitSocial;all;arwin
2017-02-18 05:02:34	worker	@KompasEnt ;2017-02-16 - 2017-02-16;submitSocial;all;arwin
2017-02-18 05:02:36	worker	@HaiMagazine;2017-02-16 - 2017-02-16;submitSocial;all;arwin
2017-02-18 05:02:39	worker	@JakartaVenue;2017-02-16 - 2017-02-16;submitSocial;all;arwin
2017-02-18 05:02:41	worker	@SeputarEvent;2017-02-16 - 2017-02-16;submitSocial;all;arwin
2017-02-18 05:02:44	worker	@ismayaLive;2017-02-16 - 2017-02-16;submitSocial;all;arwin
2017-02-18 05:02:46	worker	@ECEntertainment;2017-02-16 - 2017-02-16;submitSocial;all;arwin
2017-02-18 05:02:49	worker	@synergism_En;2017-02-16 - 2017-02-16;submitSocial;all;arwin
2017-02-18 05:02:51	worker	@Urbanbandung;2017-02-16 - 2017-02-16;submitSocial;all;arwin
2017-02-18 05:02:54	worker	@Urbanrkm995;2017-02-16 - 2017-02-16;submitSocial;all;arwin
2017-02-18 05:02:56	worker	@Garuda_Promo;2017-02-16 - 2017-02-16;submitSocial;all;arwin
2017-02-18 05:02:58	worker	@AirAsiaID;2017-02-16 - 2017-02-16;submitSocial;all;arwin
2017-02-18 05:03:01	worker	@KAI121;2017-02-16 - 2017-02-16;submitSocial;all;arwin
2017-02-18 05:03:03	worker	@Unilever;2017-02-16 - 2017-02-16;submitSocial;all;arwin
2017-02-18 05:03:06	worker	@Nestle;2017-02-16 - 2017-02-16;submitSocial;all;arwin
2017-02-18 05:03:10	worker	@CocaCola;2017-02-16 - 2017-02-16;submitSocial;all;arwin
2017-02-18 05:03:13	worker	@CNN;2017-02-16 - 2017-02-16;submitSocial;all;arwin
2017-02-18 05:03:22	worker	@MTV;2017-02-16 - 2017-02-16;submitSocial;all;arwin
2017-02-18 05:03:26	worker	@channelv;2017-02-16 - 2017-02-16;submitSocial;all;arwin
2017-02-18 05:03:28	worker	@iTunesMusic;2017-02-16 - 2017-02-16;submitSocial;all;arwin
2017-02-18 05:03:31	worker	@mashable;2017-02-16 - 2017-02-16;submitSocial;all;arwin
2017-02-18 05:03:36	worker	@decacaz;2017-02-16 - 2017-02-16;submitSocial;all;arwin
2017-02-18 05:03:38	worker	@radiobaru967FM;2017-02-16 - 2017-02-16;submitSocial;all;arwin
2017-02-18 05:03:40	worker	@967HitzFM;2017-02-16 - 2017-02-16;submitSocial;all;arwin
2017-02-18 05:03:43	worker	@TVGuide;2017-02-16 - 2017-02-16;submitSocial;all;arwin
2017-02-18 05:03:46	worker	@XL123;2017-02-16 - 2017-02-16;submitSocial;all;arwin
2017-02-18 05:03:49	worker	@triindonesia;2017-02-16 - 2017-02-16;submitSocial;all;arwin
2017-02-18 05:03:51	worker	@kaskus;2017-02-16 - 2017-02-16;submitSocial;all;arwin
2017-02-18 05:03:54	worker	@Studio_XXI;2017-02-16 - 2017-02-16;submitSocial;all;arwin
2017-02-18 05:03:57	worker	@blitzmegaplex;2017-02-16 - 2017-02-16;submitSocial;all;arwin
2017-02-18 05:03:59	worker	@alfamartku;2017-02-16 - 2017-02-16;submitSocial;all;arwin
2017-02-18 05:04:02	worker	@Carrefour_ID;2017-02-16 - 2017-02-16;submitSocial;all;arwin
2017-02-18 05:04:04	worker	@BBCBreaking;2017-02-16 - 2017-02-16;submitSocial;all;arwin
2017-02-18 05:04:09	worker	@Forbes;2017-02-16 - 2017-02-16;submitSocial;all;arwin
2017-02-18 05:04:16	worker	@BensRadio;2017-02-16 - 2017-02-16;submitSocial;all;arwin
2017-02-18 05:04:19	worker	@instagram;2017-02-16 - 2017-02-16;submitSocial;all;arwin
2017-02-18 05:04:24	worker	@Pinterest;2017-02-16 - 2017-02-16;submitSocial;all;arwin
2017-02-18 05:04:28	worker	@google;2017-02-16 - 2017-02-16;submitSocial;all;arwin
2017-02-18 05:04:34	worker	@Pertaminalub;2017-02-16 - 2017-02-16;submitSocial;all;arwin
2017-02-18 05:04:37	worker	@InfoLalinTol;2017-02-16 - 2017-02-16;submitSocial;all;arwin
2017-02-18 05:04:39	worker	@PTJASAMARGA;2017-02-16 - 2017-02-16;submitSocial;all;arwin
2017-02-18 05:04:42	worker	@cititransindo;2017-02-16 - 2017-02-16;submitSocial;all;arwin
2017-02-18 05:04:44	worker	#semangatpagisuperr;2017-02-16 - 2017-02-16;submitSocial;all;arwin
2017-02-18 05:04:47	worker	#genkuisinsideout;2017-02-16 - 2017-02-16;submitSocial;all;arwin
2017-02-18 05:04:49	worker	#semangatpagi;2017-02-16 - 2017-02-16;submitSocial;all;arwin
2017-02-18 05:04:51	worker	#dikamar;2017-02-16 - 2017-02-16;submitSocial;all;arwin
2017-02-18 05:04:54	worker	#kopaja;2017-02-16 - 2017-02-16;submitSocial;all;arwin
2017-02-18 05:04:57	worker	#generaksi8;2017-02-16 - 2017-02-16;submitSocial;all;arwin
2017-02-18 05:04:59	worker	#hitztsp;2017-02-16 - 2017-02-16;submitSocial;all;arwin
2017-02-18 05:05:02	worker	#np;2017-02-16 - 2017-02-16;submitSocial;all;arwin
2017-02-18 05:05:06	worker	#hitzlivestage;2017-02-16 - 2017-02-16;submitSocial;all;arwin
2017-02-18 05:05:08	worker	#thefreaks;2017-02-16 - 2017-02-16;submitSocial;all;arwin
2017-02-18 05:05:11	worker	#hitzsirkuspagi;2017-02-16 - 2017-02-16;submitSocial;all;arwin
2017-02-18 05:05:13	worker	#hitzathlon;2017-02-16 - 2017-02-16;submitSocial;all;arwin
2017-02-18 05:05:16	worker	#hitzzombie;2017-02-16 - 2017-02-16;submitSocial;all;arwin
2017-02-18 05:05:19	worker	#hitzkalong;2017-02-16 - 2017-02-16;submitSocial;all;arwin
2017-02-18 05:05:21	worker	#hitzbebas;2017-02-16 - 2017-02-16;submitSocial;all;arwin
2017-02-18 05:05:24	worker	#hitzhorehara;2017-02-16 - 2017-02-16;submitSocial;all;arwin
2017-02-18 05:05:27	worker	@ZaloraID;2017-02-16 - 2017-02-16;submitSocial;all;arwin
2017-02-18 05:05:29	worker	@OLX_Indonesia;2017-02-16 - 2017-02-16;submitSocial;all;arwin
2017-02-18 05:05:32	worker	@LazadaID;2017-02-16 - 2017-02-16;submitSocial;all;arwin
2017-02-18 05:05:35	worker	@utrippers;2017-02-16 - 2017-02-16;submitSocial;all;arwin
2017-02-18 05:05:37	worker	@GoGobot;2017-02-16 - 2017-02-16;submitSocial;all;arwin
2017-02-18 05:05:40	worker	@viatortravel;2017-02-16 - 2017-02-16;submitSocial;all;arwin
2017-02-18 05:05:42	worker	@alandakariza;2017-02-16 - 2017-02-16;submitSocial;all;arwin
2017-02-18 05:05:45	worker	@gagasmedia;2017-02-16 - 2017-02-16;submitSocial;all;arwin
2017-02-18 05:05:48	worker	@welovehonda;2017-02-16 - 2017-02-16;submitSocial;all;arwin
2017-02-18 05:05:50	worker	@SuzukiMotorID;2017-02-16 - 2017-02-16;submitSocial;all;arwin
2017-02-18 05:05:53	worker	@kawasakilovers;2017-02-16 - 2017-02-16;submitSocial;all;arwin
2017-02-18 05:05:55	worker	@yamahaindonesia;2017-02-16 - 2017-02-16;submitSocial;all;arwin
2017-02-18 05:05:57	worker	@tripanzee;2017-02-16 - 2017-02-16;submitSocial;all;arwin
2017-02-18 05:06:00	worker	@arnoldpoernomo;2017-02-16 - 2017-02-16;submitSocial;all;arwin
2017-02-18 05:06:03	worker	@nicsap;2017-02-16 - 2017-02-16;submitSocial;all;arwin
2017-02-18 05:06:06	worker	@tiket2;2017-02-16 - 2017-02-16;submitSocial;all;arwin
2017-02-18 05:06:08	worker	@traveloka;2017-02-16 - 2017-02-16;submitSocial;all;arwin
2017-02-18 05:06:11	worker	@wego;2017-02-16 - 2017-02-16;submitSocial;all;arwin
2017-02-18 05:06:15	worker	@agoda;2017-02-16 - 2017-02-16;submitSocial;all;arwin
2017-02-18 05:06:18	worker	#salahsambung;2017-02-16 - 2017-02-16;submitSocial;all;arwin
2017-02-18 05:06:20	worker	#tulalit;2017-02-16 - 2017-02-16;submitSocial;all;arwin
2017-02-18 05:06:23	worker	#pestageneraksi8;2017-02-16 - 2017-02-16;submitSocial;all;arwin
2017-02-18 05:06:25	worker	#ganaskustik;2017-02-16 - 2017-02-16;submitSocial;all;arwin
2017-02-18 05:06:28	worker	#lnhot20;2017-02-16 - 2017-02-16;submitSocial;all;arwin
2017-02-18 05:06:30	worker	@TripAdvisor;2017-02-16 - 2017-02-16;submitSocial;all;arwin
2017-02-18 05:06:33	worker	@google;2017-02-16 - 2017-02-16;submitSocial;all;arwin
2017-02-18 05:06:40	worker	@Telkomsel;2017-02-16 - 2017-02-16;submitSocial;all;arwin
2017-02-18 05:06:43	worker	@indosat;2017-02-16 - 2017-02-16;submitSocial;all;arwin
2017-02-18 05:06:46	worker	@bahanafmjkt;2017-02-16 - 2017-02-16;submitSocial;all;2017-02-18 05:06:52	worker	@sonorafm92;2017-02-16 - 2017-02-16;submitSocial;all;arwin
2017-02-18 05:06:54	worker	@litefm1058;2017-02-16 - 2017-02-16;submitSocial;all;arwin
2017-02-18 05:06:56	worker	@Bravaradio;2017-02-16 - 2017-02-16;submitSocial;all;arwin
2017-02-18 05:06:59	worker	#dgitm;2017-02-16 - 2017-02-16;submitSocial;all;arwin
2017-02-18 05:07:02	worker	#hitsalaprambors;2017-02-16 - 2017-02-16;submitSocial;all;arwin
2017-02-18 05:07:04	worker	#reqprambors;2017-02-16 - 2017-02-16;submitSocial;all;arwin
2017-02-18 05:07:07	worker	#thedandees;2017-02-16 - 2017-02-16;submitSocial;all;arwin
2017-02-18 05:07:09	worker	#pramborsquiz;2017-02-16 - 2017-02-16;submitSocial;all;arwin
2017-02-18 05:07:11	worker	#jeliprambors;2017-02-16 - 2017-02-16;submitSocial;all;arwin
2017-02-18 05:07:14	worker	#jodohinprambors;2017-02-16 - 2017-02-16;submitSocial;all;arwin
2017-02-18 05:07:16	worker	#ubahdenganbicara;2017-02-16 - 2017-02-16;submitSocial;all;arwin
2017-02-18 05:07:19	worker	#pramborschat;2017-02-16 - 2017-02-16;submitSocial;all;arwin
2017-02-18 05:07:21	worker	#tweetforduit;2017-02-16 - 2017-02-16;submitSocial;all;arwin
2017-02-18 05:07:24	worker	#joki3in1;2017-02-16 - 2017-02-16;submitSocial;all;arwin
2017-02-18 05:07:26	worker	#sarapanseru;2017-02-16 - 2017-02-16;submitSocial;all;arwin
2017-02-18 05:07:29	worker	#rawonkaneloop;2017-02-16 - 2017-02-16;submitSocial;all;arwin
2017-02-18 05:07:31	worker	#gudegkendilkeraton;2017-02-16 - 2017-02-16;submitSocial;all;arwin
2017-02-18 05:07:33	worker	#gadogadobutika;2017-02-16 - 2017-02-16;submitSocial;all;arwin
2017-02-18 05:07:36	worker	#mtvhottest;2017-02-16 - 2017-02-16;submitSocial;all;arwin
2017-02-18 05:07:38	worker	#dimsumcjdw;2017-02-16 - 2017-02-16;submitSocial;all;arwin
2017-02-18 05:07:41	worker	#pecelmadiunmbakniek;2017-02-16 - 2017-02-16;submitSocial;all;arwin
2017-02-18 05:07:43	worker	#depotarema;2017-02-16 - 2017-02-16;submitSocial;all;arwin
2017-02-18 05:07:45	worker	@BNI46;2017-02-16 - 2017-02-16;submitSocial;all;arwin
2017-02-18 05:07:48	worker	@BANKBRI_ID;2017-02-16 - 2017-02-16;submitSocial;all;arwin
2017-02-18 05:07:51	worker	#bni46;2017-02-16 - 2017-02-16;submitSocial;all;arwin
2017-02-18 05:07:53	worker	macet;2017-02-16 - 2017-02-16;submitSocial;all;arwin
2017-02-18 05:07:59	worker	#selamatpagi;2017-02-16 - 2017-02-16;submitSocial;all;arwin
2017-02-18 05:08:01	worker	#selamatmalam;2017-02-16 - 2017-02-16;submitSocial;all;arwin
2017-02-18 05:08:04	worker	@884GlobalRadio;2017-02-16 - 2017-02-16;submitSocial;all;arwin
2017-02-18 05:08:06	worker	@day_trans;2017-02-16 - 2017-02-16;submitSocial;all;arwin
2017-02-18 05:08:09	worker	@kencanavoyage;2017-02-16 - 2017-02-16;submitSocial;all;arwin
2017-02-18 05:08:12	worker	@jukebox5d;2017-02-16 - 2017-02-16;submitSocial;all;arwin
2017-02-18 05:08:14	worker	#mtvhottest;2017-02-16 - 2017-02-16;submitSocial;all;arwin
2017-02-18 05:08:17	worker	#semangatpagi;2017-02-16 - 2017-02-16;submitSocial;all;arwin
2017-02-18 05:08:19	worker	lifebuoy;2017-02-16 - 2017-02-16;submitSocial;all;arwin
2017-02-18 05:08:22	worker	jokowi;2017-02-16 - 2017-02-16;submitSocial;all;arwin
2017-02-18 05:08:30	worker	obama;2017-02-16 - 2017-02-16;submitSocial;all;arwin
2017-02-18 05:08:40	worker	starwars;2017-02-16 - 2017-02-16;submitSocial;all;arwin
2017-02-18 05:08:43	worker	jonan;2017-02-16 - 2017-02-16;submitSocial;all;arwin
2017-02-18 05:08:47	worker	pagi;2017-02-16 - 2017-02-16;submitSocial;all;arwin
2017-02-18 05:08:56	worker	sampoerna;2017-02-16 - 2017-02-16;submitSocial;all;arwin
2017-02-18 05:08:59	worker	djarum;2017-02-16 - 2017-02-16;submitSocial;all;arwin
2017-02-18 05:09:03	worker	#semangatpagi;2017-02-16 - 2017-02-16;submitSocial;all;arwin
2017-02-18 05:09:05	worker	#generaksi8;2017-02-16 - 2017-02-16;submitSocial;all;arwin
2017-02-18 05:09:07	worker	#365alasan;2017-02-16 - 2017-02-16;submitSocial;all;arwin
2017-02-18 05:09:10	worker	weew;2017-02-16 - 2017-02-16;submitSocial;all;arwin
2017-02-18 05:09:14	worker	testing;2017-02-16 - 2017-02-16;submitSocial;all;arwin
2017-02-18 05:09:23	worker	#kopaja;2017-02-16 - 2017-02-16;submitSocial;all;arwin
2017-02-18 05:09:26	worker	#genkuisinsideout;2017-02-16 - 2017-02-16;submitSocial;all;arwin
2017-02-18 05:09:28	worker	starwars;2017-02-16 - 2017-02-16;submitSocial;all;arwin
2017-02-18 05:09:32	worker	#kopaja;2017-02-16 - 2017-02-16;submitSocial;all;arwin
2017-02-18 05:09:34	worker	mldspot;2017-02-16 - 2017-02-16;submitSocial;all;arwin
2017-02-18 05:09:37	worker	PBDjarum;2017-02-16 - 2017-02-16;submitSocial;all;arwin
2017-02-18 05:09:40	worker	TemanNabati;2017-02-16 - 2017-02-16;submitSocial;all;arwin
2017-02-18 05:09:43	worker	Nextar;2017-02-16 - 2017-02-16;submitSocial;all;arwin
2017-02-18 05:09:46	worker	jokowo;2017-02-16 - 2017-02-16;submitSocial;all;arwin
2017-02-18 05:09:50	worker	prabowo;2017-02-16 - 2017-02-16;submitSocial;all;arwin
2017-02-18 05:09:55	worker	sudirman said;2017-02-16 - 2017-02-16;submitSocial;all;arwin
2017-02-18 05:09:57	worker	ahok;2017-02-16 - 2017-02-16;submitSocial;all;arwin
2017-02-18 05:10:10	worker	setyanovanto;2017-02-16 - 2017-02-16;submitSocial;all;arwin
2017-02-18 05:10:13	worker	jokowi;2017-02-16 - 2017-02-16;submitSocial;all;arwin
2017-02-18 05:10:21	worker	ahok;2017-02-16 - 2017-02-16;submitSocial;all;arwin
2017-02-18 05:10:32	worker	prabowo;2017-02-16 - 2017-02-16;submitSocial;all;arwin
2017-02-18 05:10:37	worker	sudirman said;2017-02-16 - 2017-02-16;submitSocial;all;arwin
2017-02-18 05:10:40	worker	setyanovanto;2017-02-16 - 2017-02-16;submitSocial;all;arwin
2017-02-18 05:10:42	worker	galau;2017-02-16 - 2017-02-16;submitSocial;all;arwin
2017-02-18 05:10:48	worker	#prestasiindonesia;2017-02-16 - 2017-02-16;submitSocial;all;arwin
2017-02-18 05:10:50	worker	@Tw_Debi;2017-02-16 - 2017-02-16;submitSocial;all;arwin
2017-02-18 05:10:53	worker	@OfficialFastron;2017-02-16 - 2017-02-16;submitSocial;all;arwin
2017-02-18 05:10:56	worker	@CitibankID;2017-02-16 - 2017-02-16;submitSocial;all;arwin
2017-02-18 05:10:58	worker	@jak101fm;2017-02-16 - 2017-02-16;submitSocial;all;arwin
2017-02-18 05:11:01	worker	@genfm;2017-02-16 - 2017-02-16;submitSocial;all;arwin
