2017-12-02 05:00:06	[{"keyword":"@987genfm","from":"2017-11-30","mode":"submitSocial","container":"all","username":"arwin"}]
2017-12-02 05:00:09	[{"keyword":"@101jakfm","from":"2017-11-30","mode":"submitSocial","container":"all","username":"arwin"}]
2017-12-02 05:00:12	[{"keyword":"@prambors","from":"2017-11-30","mode":"submitSocial","container":"all","username":"arwin"}]
2017-12-02 05:00:15	[{"keyword":"@hardrockfm","from":"2017-11-30","mode":"submitSocial","container":"all","username":"arwin"}]
2017-12-02 05:00:17	[{"keyword":"@kisfmjakarta","from":"2017-11-30","mode":"submitSocial","container":"all","username":"arwin"}]
2017-12-02 05:00:20	[{"keyword":"@delta_fm","from":"2017-11-30","mode":"submitSocial","container":"all","username":"arwin"}]
2017-12-02 05:00:23	[{"keyword":"@traxfmjkt","from":"2017-11-30","mode":"submitSocial","container":"all","username":"arwin"}]
2017-12-02 05:00:26	[{"keyword":"@iradiojakarta","from":"2017-11-30","mode":"submitSocial","container":"all","username":"arwin"}]
2017-12-02 05:00:28	[{"keyword":"@indika9160fm","from":"2017-11-30","mode":"submitSocial","container":"all","username":"arwin"}]
2017-12-02 05:00:31	[{"keyword":"@shellindonesia","from":"2017-11-30","mode":"submitSocial","container":"all","username":"arwin"}]
2017-12-02 05:00:33	[{"keyword":"@vpowerfans","from":"2017-11-30","mode":"submitSocial","container":"all","username":"arwin"}]
2017-12-02 05:00:36	[{"keyword":"@pertamaxind","from":"2017-11-30","mode":"submitSocial","container":"all","username":"arwin"}]
2017-12-02 05:00:39	[{"keyword":"@ptpertamina","from":"2017-11-30","mode":"submitSocial","container":"all","username":"arwin"}]
2017-12-02 05:00:42	[{"keyword":"@ozradiojakarta","from":"2017-11-30","mode":"submitSocial","container":"all","username":"arwin"}]
2017-12-02 05:00:44	[{"keyword":"@cosmopolitanfm","from":"2017-11-30","mode":"submitSocial","container":"all","username":"arwin"}]
2017-12-02 05:00:47	[{"keyword":"@mustang88fm","from":"2017-11-30","mode":"submitSocial","container":"all","username":"arwin"}]
2017-12-02 05:00:49	[{"keyword":"@debabaz","from":"2017-11-30","mode":"submitSocial","container":"all","username":"arwin"}]
2017-12-02 05:00:53	[{"keyword":"@detikcom","from":"2017-11-30","mode":"submitSocial","container":"all","username":"arwin"}]
2017-12-02 05:00:56	[{"keyword":"@radioelshinta","from":"2017-11-30","mode":"submitSocial","container":"all","username":"arwin"}]
2017-12-02 05:00:59	[{"keyword":"@cinema21","from":"2017-11-30","mode":"submitSocial","container":"all","username":"arwin"}]
2017-12-02 05:01:02	[{"keyword":"@officialrcti","from":"2017-11-30","mode":"submitSocial","container":"all","username":"arwin"}]
2017-12-02 05:01:04	[{"keyword":"@transtv_corp","from":"2017-11-30","mode":"submitSocial","container":"all","username":"arwin"}]
2017-12-02 05:01:07	[{"keyword":"@trans7","from":"2017-11-30","mode":"submitSocial","container":"all","username":"arwin"}]
2017-12-02 05:01:09	[{"keyword":"@metro_tv","from":"2017-11-30","mode":"submitSocial","container":"all","username":"arwin"}]
2017-12-02 05:01:12	[{"keyword":"@tvonenews","from":"2017-11-30","mode":"submitSocial","container":"all","username":"arwin"}]
2017-12-02 05:01:15	[{"keyword":"@whatsonantv","from":"2017-11-30","mode":"submitSocial","container":"all","username":"arwin"}]
2017-12-02 05:01:19	[{"keyword":"@sctv_","from":"2017-11-30","mode":"submitSocial","container":"all","username":"arwin"}]
2017-12-02 05:01:22	[{"keyword":"@kompastv","from":"2017-11-30","mode":"submitSocial","container":"all","username":"arwin"}]
2017-12-02 05:01:25	[{"keyword":"@netmediatama","from":"2017-11-30","mode":"submitSocial","container":"all","username":"arwin"}]
2017-12-02 05:01:28	[{"keyword":"@globaltvseru","from":"2017-11-30","mode":"submitSocial","container":"all","username":"arwin"}]
2017-12-02 05:01:30	[{"keyword":"@jaktvcom","from":"2017-11-30","mode":"submitSocial","container":"all","username":"arwin"}]
2017-12-02 05:01:33	[{"keyword":"@tvrinasional","from":"2017-11-30","mode":"submitSocial","container":"all","username":"arwin"}]
2017-12-02 05:01:35	[{"keyword":"@ochannelupdates","from":"2017-11-30","mode":"submitSocial","container":"all","username":"arwin"}]
2017-12-02 05:01:39	[{"keyword":"@indosiarid","from":"2017-11-30","mode":"submitSocial","container":"all","username":"arwin"}]
2017-12-02 05:01:43	[{"keyword":"@kompascom","from":"2017-11-30","mode":"submitSocial","container":"all","username":"arwin"}]
2017-12-02 05:01:46	[{"keyword":"@merdekadotcom","from":"2017-11-30","mode":"submitSocial","container":"all","username":"arwin"}]
2017-12-02 05:01:48	[{"keyword":"@midotcom","from":"2017-11-30","mode":"submitSocial","container":"all","username":"arwin"}]
2017-12-02 05:01:51	[{"keyword":"@tempodotco","from":"2017-11-30","mode":"submitSocial","container":"all","username":"arwin"}]
2017-12-02 05:01:54	[{"keyword":"@motion975fm","from":"2017-11-30","mode":"submitSocial","container":"all","username":"arwin"}]
2017-12-02 05:01:57	[{"keyword":"@_radiotoday","from":"2017-11-30","mode":"submitSocial","container":"all","username":"arwin"}]
2017-12-02 05:02:00	[{"keyword":"@radioinfo","from":"2017-11-30","mode":"submitSocial","container":"all","username":"arwin"}]
2017-12-02 05:02:02	[{"keyword":"@979femaleradio","from":"2017-11-30","mode":"submitSocial","container":"all","username":"arwin"}]
2017-12-02 05:02:05	[{"keyword":"@womanradio943fm","from":"2017-11-30","mode":"submitSocial","container":"all","username":"arwin"}]
2017-12-02 05:02:07	[{"keyword":"@vradiofm","from":"2017-11-30","mode":"submitSocial","container":"all","username":"arwin"}]
2017-12-02 05:02:10	[{"keyword":"@ufm947","from":"2017-11-30","mode":"submitSocial","container":"all","username":"arwin"}]
2017-12-02 05:02:13	[{"keyword":"@vivanews","from":"2017-11-30","mode":"submitSocial","container":"all","username":"arwin"}]
2017-12-02 05:02:15	[{"keyword":"@antaranews","from":"2017-11-30","mode":"submitSocial","container":"all","username":"arwin"}]
2017-12-02 05:02:19	[{"keyword":"@tribunnews","from":"2017-11-30","mode":"submitSocial","container":"all","username":"arwin"}]
2017-12-02 05:02:21	[{"keyword":"@okezonenews","from":"2017-11-30","mode":"submitSocial","container":"all","username":"arwin"}]
2017-12-02 05:02:24	[{"keyword":"@beritasatu","from":"2017-11-30","mode":"submitSocial","container":"all","username":"arwin"}]
2017-12-02 05:02:26	[{"keyword":"@rollingstoneina","from":"2017-11-30","mode":"submitSocial","container":"all","username":"arwin"}]
2017-12-02 05:02:29	[{"keyword":"@fimeladotcom","from":"2017-11-30","mode":"submitSocial","container":"all","username":"arwin"}]
2017-12-02 05:02:31	[{"keyword":"@kapanlagicom","from":"2017-11-30","mode":"submitSocial","container":"all","username":"arwin"}]
2017-12-02 05:02:34	[{"keyword":"@kompasent","from":"2017-11-30","mode":"submitSocial","container":"all","username":"arwin"}]
2017-12-02 05:02:37	[{"keyword":"@haimagazine","from":"2017-11-30","mode":"submitSocial","container":"all","username":"arwin"}]
2017-12-02 05:02:39	[{"keyword":"@jakartavenue","from":"2017-11-30","mode":"submitSocial","container":"all","username":"arwin"}]
2017-12-02 05:02:42	[{"keyword":"@seputarevent","from":"2017-11-30","mode":"submitSocial","container":"all","username":"arwin"}]
2017-12-02 05:02:45	[{"keyword":"@ismayalive","from":"2017-11-30","mode":"submitSocial","container":"all","username":"arwin"}]
2017-12-02 05:02:47	[{"keyword":"@ecentertainment","from":"2017-11-30","mode":"submitSocial","container":"all","username":"arwin"}]
2017-12-02 05:02:50	[{"keyword":"@synergism_en","from":"2017-11-30","mode":"submitSocial","container":"all","username":"arwin"}]
2017-12-02 05:02:52	[{"keyword":"@urbanbandung","from":"2017-11-30","mode":"submitSocial","container":"all","username":"arwin"}]
2017-12-02 05:02:54	[{"keyword":"@urbanrkm995","from":"2017-11-30","mode":"submitSocial","container":"all","username":"arwin"}]
2017-12-02 05:02:57	[{"keyword":"@garuda_promo","from":"2017-11-30","mode":"submitSocial","container":"all","username":"arwin"}]
2017-12-02 05:02:59	[{"keyword":"@airasiaid","from":"2017-11-30","mode":"submitSocial","container":"all","username":"arwin"}]
2017-12-02 05:03:03	[{"keyword":"@kai121","from":"2017-11-30","mode":"submitSocial","container":"all","username":"arwin"}]
2017-12-02 05:03:05	[{"keyword":"@unilever","from":"2017-11-30","mode":"submitSocial","container":"all","username":"arwin"}]
2017-12-02 05:03:09	[{"keyword":"@nestle","from":"2017-11-30","mode":"submitSocial","container":"all","username":"arwin"}]
2017-12-02 05:03:13	[{"keyword":"@cocacola","from":"2017-11-30","mode":"submitSocial","container":"all","username":"arwin"}]
2017-12-02 05:03:21	[{"keyword":"@cnn","from":"2017-11-30","mode":"submitSocial","container":"all","username":"arwin"}]
2017-12-02 05:03:25	[{"keyword":"@mtv","from":"2017-11-30","mode":"submitSocial","container":"all","username":"arwin"}]
2017-12-02 05:03:27	[{"keyword":"@channelv","from":"2017-11-30","mode":"submitSocial","container":"all","username":"arwin"}]
2017-12-02 05:03:30	[{"keyword":"@itunesmusic","from":"2017-11-30","mode":"submitSocial","container":"all","username":"arwin"}]
2017-12-02 05:03:34	[{"keyword":"@mashable","from":"2017-11-30","mode":"submitSocial","container":"all","username":"arwin"}]
2017-12-02 05:03:36	[{"keyword":"@decacaz","from":"2017-11-30","mode":"submitSocial","container":"all","username":"arwin"}]
2017-12-02 05:03:38	[{"keyword":"@radiobaru967fm","from":"2017-11-30","mode":"submitSocial","container":"all","username":"arwin"}]
2017-12-02 05:03:41	[{"keyword":"@967hitzfm","from":"2017-11-30","mode":"submitSocial","container":"all","username":"arwin"}]
2017-12-02 05:03:44	[{"keyword":"@tvguide","from":"2017-11-30","mode":"submitSocial","container":"all","username":"arwin"}]
2017-12-02 05:03:47	[{"keyword":"@xl123","from":"2017-11-30","mode":"submitSocial","container":"all","username":"arwin"}]
2017-12-02 05:03:49	[{"keyword":"@triindonesia","from":"2017-11-30","mode":"submitSocial","container":"all","username":"arwin"}]
2017-12-02 05:03:53	[{"keyword":"@kaskus","from":"2017-11-30","mode":"submitSocial","container":"all","username":"arwin"}]
2017-12-02 05:03:55	[{"keyword":"@studio_xxi","from":"2017-11-30","mode":"submitSocial","container":"all","username":"arwin"}]
2017-12-02 05:03:58	[{"keyword":"@blitzmegaplex","from":"2017-11-30","mode":"submitSocial","container":"all","username":"arwin"}]
2017-12-02 05:04:00	[{"keyword":"@alfamartku","from":"2017-11-30","mode":"submitSocial","container":"all","username":"arwin"}]
2017-12-02 05:04:03	[{"keyword":"@carrefour_id","from":"2017-11-30","mode":"submitSocial","container":"all","username":"arwin"}]
2017-12-02 05:04:08	[{"keyword":"@bbcbreaking","from":"2017-11-30","mode":"submitSocial","container":"all","username":"arwin"}]
2017-12-02 05:04:16	[{"keyword":"@forbes","from":"2017-11-30","mode":"submitSocial","container":"all","username":"arwin"}]
2017-12-02 05:04:19	[{"keyword":"@bensradio","from":"2017-11-30","mode":"submitSocial","container":"all","username":"arwin"}]
2017-12-02 05:04:26	[{"keyword":"@instagram","from":"2017-11-30","mode":"submitSocial","container":"all","username":"arwin"}]
2017-12-02 05:04:30	[{"keyword":"@pinterest","from":"2017-11-30","mode":"submitSocial","container":"all","username":"arwin"}]
2017-12-02 05:04:38	[{"keyword":"@google","from":"2017-11-30","mode":"submitSocial","container":"all","username":"arwin"}]
2017-12-02 05:04:41	[{"keyword":"@pertaminalub","from":"2017-11-30","mode":"submitSocial","container":"all","username":"arwin"}]
2017-12-02 05:04:43	[{"keyword":"@infolalintol","from":"2017-11-30","mode":"submitSocial","container":"all","username":"arwin"}]
2017-12-02 05:04:46	[{"keyword":"@ptjasamarga","from":"2017-11-30","mode":"submitSocial","container":"all","username":"arwin"}]
2017-12-02 05:04:49	[{"keyword":"@cititransindo","from":"2017-11-30","mode":"submitSocial","container":"all","username":"arwin"}]
2017-12-02 05:04:51	[{"keyword":"#semangatpagisuperr","from":"2017-11-30","mode":"submitSocial","container":"all","username":"arwin"}]
2017-12-02 05:04:53	[{"keyword":"#genkuisinsideout","from":"2017-11-30","mode":"submitSocial","container":"all","username":"arwin"}]
2017-12-02 05:04:55	[{"keyword":"#semangatpagi","from":"2017-11-30","mode":"submitSocial","container":"all","username":"arwin"}]
2017-12-02 05:04:58	[{"keyword":"#dikamar","from":"2017-11-30","mode":"submitSocial","container":"all","username":"arwin"}]
2017-12-02 05:05:01	[{"keyword":"#kopaja","from":"2017-11-30","mode":"submitSocial","container":"all","username":"arwin"}]
2017-12-02 05:05:04	[{"keyword":"#generaksi8","from":"2017-11-30","mode":"submitSocial","container":"all","username":"arwin"}]
2017-12-02 05:05:06	[{"keyword":"#hitztsp","from":"2017-11-30","mode":"submitSocial","container":"all","username":"arwin"}]
2017-12-02 05:05:10	[{"keyword":"#np","from":"2017-11-30","mode":"submitSocial","container":"all","username":"arwin"}]
2017-12-02 05:05:13	[{"keyword":"#hitzlivestage","from":"2017-11-30","mode":"submitSocial","container":"all","username":"arwin"}]
2017-12-02 05:05:15	[{"keyword":"#thefreaks","from":"2017-11-30","mode":"submitSocial","container":"all","username":"arwin"}]
2017-12-02 05:05:18	[{"keyword":"#hitzsirkuspagi","from":"2017-11-30","mode":"submitSocial","container":"all","username":"arwin"}]
2017-12-02 05:05:20	[{"keyword":"#hitzathlon","from":"2017-11-30","mode":"submitSocial","container":"all","username":"arwin"}]
2017-12-02 05:05:23	[{"keyword":"#hitzzombie","from":"2017-11-30","mode":"submitSocial","container":"all","username":"arwin"}]
2017-12-02 05:05:25	[{"keyword":"#hitzkalong","from":"2017-11-30","mode":"submitSocial","container":"all","username":"arwin"}]
2017-12-02 05:05:28	[{"keyword":"#hitzbebas","from":"2017-11-30","mode":"submitSocial","container":"all","username":"arwin"}]
2017-12-02 05:05:31	[{"keyword":"#hitzhorehara","from":"2017-11-30","mode":"submitSocial","container":"all","username":"arwin"}]
2017-12-02 05:05:33	[{"keyword":"@zaloraid","from":"2017-11-30","mode":"submitSocial","container":"all","username":"arwin"}]
2017-12-02 05:05:36	[{"keyword":"@olx_indonesia","from":"2017-11-30","mode":"submitSocial","container":"all","username":"arwin"}]
2017-12-02 05:05:39	[{"keyword":"@lazadaid","from":"2017-11-30","mode":"submitSocial","container":"all","username":"arwin"}]
2017-12-02 05:05:41	[{"keyword":"@utrippers","from":"2017-11-30","mode":"submitSocial","container":"all","username":"arwin"}]
2017-12-02 05:05:44	[{"keyword":"@gogobot","from":"2017-11-30","mode":"submitSocial","container":"all","username":"arwin"}]
2017-12-02 05:05:46	[{"keyword":"@viatortravel","from":"2017-11-30","mode":"submitSocial","container":"all","username":"arwin"}]
2017-12-02 05:05:49	[{"keyword":"@alandakariza","from":"2017-11-30","mode":"submitSocial","container":"all","username":"arwin"}]
2017-12-02 05:05:52	[{"keyword":"@gagasmedia","from":"2017-11-30","mode":"submitSocial","container":"all","username":"arwin"}]
2017-12-02 05:05:54	[{"keyword":"@welovehonda","from":"2017-11-30","mode":"submitSocial","container":"all","username":"arwin"}]
2017-12-02 05:05:57	[{"keyword":"@suzukimotorid","from":"2017-11-30","mode":"submitSocial","container":"all","username":"arwin"}]
2017-12-02 05:05:59	[{"keyword":"@kawasakilovers","from":"2017-11-30","mode":"submitSocial","container":"all","username":"arwin"}]
2017-12-02 05:06:02	[{"keyword":"@yamahaindonesia","from":"2017-11-30","mode":"submitSocial","container":"all","username":"arwin"}]
2017-12-02 05:06:05	[{"keyword":"@tripanzee","from":"2017-11-30","mode":"submitSocial","container":"all","username":"arwin"}]
2017-12-02 05:06:08	[{"keyword":"@arnoldpoernomo","from":"2017-11-30","mode":"submitSocial","container":"all","username":"arwin"}]
2017-12-02 05:06:11	[{"keyword":"@nicsap","from":"2017-11-30","mode":"submitSocial","container":"all","username":"arwin"}]
2017-12-02 05:06:13	[{"keyword":"@tiket2","from":"2017-11-30","mode":"submitSocial","container":"all","username":"arwin"}]
2017-12-02 05:06:16	[{"keyword":"@traveloka","from":"2017-11-30","mode":"submitSocial","container":"all","username":"arwin"}]
2017-12-02 05:06:19	[{"keyword":"@wego","from":"2017-11-30","mode":"submitSocial","container":"all","username":"arwin"}]
2017-12-02 05:06:23	[{"keyword":"@agoda","from":"2017-11-30","mode":"submitSocial","container":"all","username":"arwin"}]
2017-12-02 05:06:25	[{"keyword":"#salahsambung","from":"2017-11-30","mode":"submitSocial","container":"all","username":"arwin"}]
2017-12-02 05:06:28	[{"keyword":"#tulalit","from":"2017-11-30","mode":"submitSocial","container":"all","username":"arwin"}]
2017-12-02 05:06:30	[{"keyword":"#pestageneraksi8","from":"2017-11-30","mode":"submitSocial","container":"all","username":"arwin"}]
2017-12-02 05:06:32	[{"keyword":"#ganaskustik","from":"2017-11-30","mode":"submitSocial","container":"all","username":"arwin"}]
2017-12-02 05:06:34	[{"keyword":"#lnhot20","from":"2017-11-30","mode":"submitSocial","container":"all","username":"arwin"}]
2017-12-02 05:06:37	[{"keyword":"@tripadvisor","from":"2017-11-30","mode":"submitSocial","container":"all","username":"arwin"}]
2017-12-02 05:06:46	[{"keyword":"@google","from":"2017-11-30","mode":"submitSocial","container":"all","username":"arwin"}]
2017-12-02 05:06:50	[{"keyword":"@telkomsel","from":"2017-11-30","mode":"submitSocial","container":"all","username":"arwin"}]
2017-12-02 05:06:53	[{"keyword":"@indosat","from":"2017-11-30","mode":"submitSocial","container":"all","username":"arwin"}]
2017-12-02 05:06:56	[{"keyword":"@bahanafmjkt","from":"2017-11-30","mode":"submitSocial","container":"all","username":""}]
2017-12-02 05:07:01	[{"keyword":"@sonorafm92","from":"2017-11-30","mode":"submitSocial","container":"all","username":"arwin"}]
2017-12-02 05:07:03	[{"keyword":"@litefm1058","from":"2017-11-30","mode":"submitSocial","container":"all","username":"arwin"}]
2017-12-02 05:07:05	[{"keyword":"@bravaradio","from":"2017-11-30","mode":"submitSocial","container":"all","username":"arwin"}]
2017-12-02 05:07:09	[{"keyword":"#dgitm","from":"2017-11-30","mode":"submitSocial","container":"all","username":"arwin"}]
2017-12-02 05:07:11	[{"keyword":"#hitsalaprambors","from":"2017-11-30","mode":"submitSocial","container":"all","username":"arwin"}]
2017-12-02 05:07:14	[{"keyword":"#reqprambors","from":"2017-11-30","mode":"submitSocial","container":"all","username":"arwin"}]
2017-12-02 05:07:16	[{"keyword":"#thedandees","from":"2017-11-30","mode":"submitSocial","container":"all","username":"arwin"}]
2017-12-02 05:07:19	[{"keyword":"#pramborsquiz","from":"2017-11-30","mode":"submitSocial","container":"all","username":"arwin"}]
2017-12-02 05:07:21	[{"keyword":"#jeliprambors","from":"2017-11-30","mode":"submitSocial","container":"all","username":"arwin"}]
2017-12-02 05:07:24	[{"keyword":"#jodohinprambors","from":"2017-11-30","mode":"submitSocial","container":"all","username":"arwin"}]
2017-12-02 05:07:26	[{"keyword":"#ubahdenganbicara","from":"2017-11-30","mode":"submitSocial","container":"all","username":"arwin"}]
2017-12-02 05:07:28	[{"keyword":"#pramborschat","from":"2017-11-30","mode":"submitSocial","container":"all","username":"arwin"}]
2017-12-02 05:07:31	[{"keyword":"#tweetforduit","from":"2017-11-30","mode":"submitSocial","container":"all","username":"arwin"}]
2017-12-02 05:07:33	[{"keyword":"#joki3in1","from":"2017-11-30","mode":"submitSocial","container":"all","username":"arwin"}]
2017-12-02 05:07:36	[{"keyword":"#sarapanseru","from":"2017-11-30","mode":"submitSocial","container":"all","username":"arwin"}]
2017-12-02 05:07:39	[{"keyword":"#rawonkaneloop","from":"2017-11-30","mode":"submitSocial","container":"all","username":"arwin"}]
2017-12-02 05:07:41	[{"keyword":"#gudegkendilkeraton","from":"2017-11-30","mode":"submitSocial","container":"all","username":"arwin"}]
2017-12-02 05:07:44	[{"keyword":"#gadogadobutika","from":"2017-11-30","mode":"submitSocial","container":"all","username":"arwin"}]
2017-12-02 05:07:46	[{"keyword":"#mtvhottest","from":"2017-11-30","mode":"submitSocial","container":"all","username":"arwin"}]
2017-12-02 05:07:49	[{"keyword":"#dimsumcjdw","from":"2017-11-30","mode":"submitSocial","container":"all","username":"arwin"}]
2017-12-02 05:07:51	[{"keyword":"#pecelmadiunmbakniek","from":"2017-11-30","mode":"submitSocial","container":"all","username":"arwin"}]
2017-12-02 05:07:54	[{"keyword":"#depotarema","from":"2017-11-30","mode":"submitSocial","container":"all","username":"arwin"}]
2017-12-02 05:07:57	[{"keyword":"@bni46","from":"2017-11-30","mode":"submitSocial","container":"all","username":"arwin"}]
2017-12-02 05:08:00	[{"keyword":"@bankbri_id","from":"2017-11-30","mode":"submitSocial","container":"all","username":"arwin"}]
2017-12-02 05:08:02	[{"keyword":"#bni46","from":"2017-11-30","mode":"submitSocial","container":"all","username":"arwin"}]
2017-12-02 05:08:08	[{"keyword":"macet","from":"2017-11-30","mode":"submitSocial","container":"all","username":"arwin"}]
2017-12-02 05:08:11	[{"keyword":"#selamatpagi","from":"2017-11-30","mode":"submitSocial","container":"all","username":"arwin"}]
2017-12-02 05:08:13	[{"keyword":"#selamatmalam","from":"2017-11-30","mode":"submitSocial","container":"all","username":"arwin"}]
2017-12-02 05:08:16	[{"keyword":"@884globalradio","from":"2017-11-30","mode":"submitSocial","container":"all","username":"arwin"}]
2017-12-02 05:08:19	[{"keyword":"@day_trans","from":"2017-11-30","mode":"submitSocial","container":"all","username":"arwin"}]
2017-12-02 05:08:21	[{"keyword":"@kencanavoyage","from":"2017-11-30","mode":"submitSocial","container":"all","username":"arwin"}]
2017-12-02 05:08:24	[{"keyword":"@jukebox5d","from":"2017-11-30","mode":"submitSocial","container":"all","username":"arwin"}]
2017-12-02 05:08:26	[{"keyword":"#mtvhottest","from":"2017-11-30","mode":"submitSocial","container":"all","username":"arwin"}]
2017-12-02 05:08:29	[{"keyword":"#semangatpagi","from":"2017-11-30","mode":"submitSocial","container":"all","username":"arwin"}]
2017-12-02 05:08:32	[{"keyword":"lifebuoy","from":"2017-11-30","mode":"submitSocial","container":"all","username":"arwin"}]
2017-12-02 05:08:38	[{"keyword":"jokowi","from":"2017-11-30","mode":"submitSocial","container":"all","username":"arwin"}]
2017-12-02 05:08:47	[{"keyword":"obama","from":"2017-11-30","mode":"submitSocial","container":"all","username":"arwin"}]
2017-12-02 05:08:50	[{"keyword":"starwars","from":"2017-11-30","mode":"submitSocial","container":"all","username":"arwin"}]
2017-12-02 05:08:54	[{"keyword":"jonan","from":"2017-11-30","mode":"submitSocial","container":"all","username":"arwin"}]
2017-12-02 05:09:04	[{"keyword":"pagi","from":"2017-11-30","mode":"submitSocial","container":"all","username":"arwin"}]
2017-12-02 05:09:07	[{"keyword":"sampoerna","from":"2017-11-30","mode":"submitSocial","container":"all","username":"arwin"}]
2017-12-02 05:09:10	[{"keyword":"djarum","from":"2017-11-30","mode":"submitSocial","container":"all","username":"arwin"}]
2017-12-02 05:09:13	[{"keyword":"#semangatpagi","from":"2017-11-30","mode":"submitSocial","container":"all","username":"arwin"}]
2017-12-02 05:09:15	[{"keyword":"#generaksi8","from":"2017-11-30","mode":"submitSocial","container":"all","username":"arwin"}]
2017-12-02 05:09:18	[{"keyword":"#365alasan","from":"2017-11-30","mode":"submitSocial","container":"all","username":"arwin"}]
2017-12-02 05:09:22	[{"keyword":"weew","from":"2017-11-30","mode":"submitSocial","container":"all","username":"arwin"}]
2017-12-02 05:09:31	[{"keyword":"testing","from":"2017-11-30","mode":"submitSocial","container":"all","username":"arwin"}]
2017-12-02 05:09:34	[{"keyword":"#kopaja","from":"2017-11-30","mode":"submitSocial","container":"all","username":"arwin"}]
2017-12-02 05:09:36	[{"keyword":"#genkuisinsideout","from":"2017-11-30","mode":"submitSocial","container":"all","username":"arwin"}]
2017-12-02 05:09:39	[{"keyword":"starwars","from":"2017-11-30","mode":"submitSocial","container":"all","username":"arwin"}]
2017-12-02 05:09:43	[{"keyword":"#kopaja","from":"2017-11-30","mode":"submitSocial","container":"all","username":"arwin"}]
2017-12-02 05:09:45	[{"keyword":"mldspot","from":"2017-11-30","mode":"submitSocial","container":"all","username":"arwin"}]
2017-12-02 05:09:48	[{"keyword":"pbdjarum","from":"2017-11-30","mode":"submitSocial","container":"all","username":"arwin"}]
2017-12-02 05:09:51	[{"keyword":"temannabati","from":"2017-11-30","mode":"submitSocial","container":"all","username":"arwin"}]
2017-12-02 05:09:55	[{"keyword":"nextar","from":"2017-11-30","mode":"submitSocial","container":"all","username":"arwin"}]
2017-12-02 05:09:58	[{"keyword":"jokowo","from":"2017-11-30","mode":"submitSocial","container":"all","username":"arwin"}]
2017-12-02 05:10:03	[{"keyword":"prabowo","from":"2017-11-30","mode":"submitSocial","container":"all","username":"arwin"}]
2017-12-02 05:10:06	[{"keyword":"sudirman said","from":"2017-11-30","mode":"submitSocial","container":"all","username":"arwin"}]
2017-12-02 05:10:15	[{"keyword":"ahok","from":"2017-11-30","mode":"submitSocial","container":"all","username":"arwin"}]
2017-12-02 05:10:18	[{"keyword":"setyanovanto","from":"2017-11-30","mode":"submitSocial","container":"all","username":"arwin"}]
2017-12-02 05:10:24	[{"keyword":"jokowi","from":"2017-11-30","mode":"submitSocial","container":"all","username":"arwin"}]
2017-12-02 05:10:32	[{"keyword":"ahok","from":"2017-11-30","mode":"submitSocial","container":"all","username":"arwin"}]
2017-12-02 05:10:35	[{"keyword":"prabowo","from":"2017-11-30","mode":"submitSocial","container":"all","username":"arwin"}]
2017-12-02 05:10:38	[{"keyword":"sudirman said","from":"2017-11-30","mode":"submitSocial","container":"all","username":"arwin"}]
2017-12-02 05:10:41	[{"keyword":"setyanovanto","from":"2017-11-30","mode":"submitSocial","container":"all","username":"arwin"}]
2017-12-02 05:10:46	[{"keyword":"galau","from":"2017-11-30","mode":"submitSocial","container":"all","username":"arwin"}]
2017-12-02 05:10:48	[{"keyword":"#prestasiindonesia","from":"2017-11-30","mode":"submitSocial","container":"all","username":"arwin"}]
2017-12-02 05:10:51	[{"keyword":"@tw_debi","from":"2017-11-30","mode":"submitSocial","container":"all","username":"arwin"}]
2017-12-02 05:10:54	[{"keyword":"@officialfastron","from":"2017-11-30","mode":"submitSocial","container":"all","username":"arwin"}]
2017-12-02 05:10:56	[{"keyword":"@citibankid","from":"2017-11-30","mode":"submitSocial","container":"all","username":"arwin"}]
2017-12-02 05:10:59	[{"keyword":"@jak101fm","from":"2017-11-30","mode":"submitSocial","container":"all","username":"arwin"}]
2017-12-02 05:11:03	[{"keyword":"@genfm","from":"2017-11-30","mode":"submitSocial","container":"all","username":"arwin"}]
