2017-10-05 05:00:03	worker	@987genfm;2017-10-03 - 2017-10-03;submitSocial;all;arwin
2017-10-05 05:00:08	worker	@101jakfm;2017-10-03 - 2017-10-03;submitSocial;all;arwin
2017-10-05 05:00:11	worker	@prambors;2017-10-03 - 2017-10-03;submitSocial;all;arwin
2017-10-05 05:00:14	worker	@hardrockfm;2017-10-03 - 2017-10-03;submitSocial;all;arwin
2017-10-05 05:00:17	worker	@kisfmjakarta;2017-10-03 - 2017-10-03;submitSocial;all;arwin
2017-10-05 05:00:19	worker	@delta_fm;2017-10-03 - 2017-10-03;submitSocial;all;arwin
2017-10-05 05:00:22	worker	@traxfmjkt;2017-10-03 - 2017-10-03;submitSocial;all;arwin
2017-10-05 05:00:24	worker	@iradiojakarta;2017-10-03 - 2017-10-03;submitSocial;all;arwin
2017-10-05 05:00:27	worker	@indika9160fm;2017-10-03 - 2017-10-03;submitSocial;all;arwin
2017-10-05 05:00:29	worker	@shellindonesia;2017-10-03 - 2017-10-03;submitSocial;all;arwin
2017-10-05 05:00:31	worker	@vpowerfans;2017-10-03 - 2017-10-03;submitSocial;all;arwin
2017-10-05 05:00:34	worker	@pertamaxind;2017-10-03 - 2017-10-03;submitSocial;all;arwin
2017-10-05 05:00:36	worker	@ptpertamina;2017-10-03 - 2017-10-03;submitSocial;all;arwin
2017-10-05 05:00:38	worker	@OZRadioJakarta;2017-10-03 - 2017-10-03;submitSocial;all;arwin
2017-10-05 05:00:41	worker	@CosmopolitanFM;2017-10-03 - 2017-10-03;submitSocial;all;arwin
2017-10-05 05:00:43	worker	@mustang88fm;2017-10-03 - 2017-10-03;submitSocial;all;arwin
2017-10-05 05:00:45	worker	@debabaz;2017-10-03 - 2017-10-03;submitSocial;all;arwin
2017-10-05 05:00:47	worker	@detikcom;2017-10-03 - 2017-10-03;submitSocial;all;arwin
2017-10-05 05:00:51	worker	@radioelshinta;2017-10-03 - 2017-10-03;submitSocial;all;arwin
2017-10-05 05:00:55	worker	@cinema21;2017-10-03 - 2017-10-03;submitSocial;all;arwin
2017-10-05 05:00:57	worker	@OfficialRCTI;2017-10-03 - 2017-10-03;submitSocial;all;arwin
2017-10-05 05:00:59	worker	@TRANSTV_CORP;2017-10-03 - 2017-10-03;submitSocial;all;arwin
2017-10-05 05:01:02	worker	@TRANS7;2017-10-03 - 2017-10-03;submitSocial;all;arwin
2017-10-05 05:01:05	worker	@Metro_TV;2017-10-03 - 2017-10-03;submitSocial;all;arwin
2017-10-05 05:01:09	worker	@tvOneNews;2017-10-03 - 2017-10-03;submitSocial;all;arwin
2017-10-05 05:01:12	worker	@whatsonANTV;2017-10-03 - 2017-10-03;submitSocial;all;arwin
2017-10-05 05:01:15	worker	@SCTV_;2017-10-03 - 2017-10-03;submitSocial;all;arwin
2017-10-05 05:01:17	worker	@KompasTV;2017-10-03 - 2017-10-03;submitSocial;all;arwin
2017-10-05 05:01:20	worker	@netmediatama;2017-10-03 - 2017-10-03;submitSocial;all;arwin
2017-10-05 05:01:23	worker	@Globaltvseru;2017-10-03 - 2017-10-03;submitSocial;all;arwin
2017-10-05 05:01:26	worker	@JaktvCom;2017-10-03 - 2017-10-03;submitSocial;all;arwin
2017-10-05 05:01:28	worker	@TVRINasional;2017-10-03 - 2017-10-03;submitSocial;all;arwin
2017-10-05 05:01:31	worker	@ochannelupdates;2017-10-03 - 2017-10-03;submitSocial;all;arwin
2017-10-05 05:01:33	worker	@IndosiarID;2017-10-03 - 2017-10-03;submitSocial;all;arwin
2017-10-05 05:01:36	worker	@kompascom;2017-10-03 - 2017-10-03;submitSocial;all;arwin
2017-10-05 05:01:42	worker	@merdekadotcom;2017-10-03 - 2017-10-03;submitSocial;all;arwin
2017-10-05 05:01:45	worker	@MIdotcom;2017-10-03 - 2017-10-03;submitSocial;all;arwin
2017-10-05 05:01:47	worker	@tempodotco;2017-10-03 - 2017-10-03;submitSocial;all;arwin
2017-10-05 05:01:50	worker	@motion975fm;2017-10-03 - 2017-10-03;submitSocial;all;arwin
2017-10-05 05:01:53	worker	@_radiotoday;2017-10-03 - 2017-10-03;submitSocial;all;arwin
2017-10-05 05:01:55	worker	@radioinfo;2017-10-03 - 2017-10-03;submitSocial;all;arwin
2017-10-05 05:01:57	worker	@979FeMaleRadio;2017-10-03 - 2017-10-03;submitSocial;all;arwin
2017-10-05 05:02:00	worker	@WomanRadio943FM;2017-10-03 - 2017-10-03;submitSocial;all;arwin
2017-10-05 05:02:02	worker	@VRadioFM;2017-10-03 - 2017-10-03;submitSocial;all;arwin
2017-10-05 05:02:04	worker	@UFM947;2017-10-03 - 2017-10-03;submitSocial;all;arwin
2017-10-05 05:02:06	worker	@VIVAnews;2017-10-03 - 2017-10-03;submitSocial;all;arwin
2017-10-05 05:02:09	worker	@antaranews;2017-10-03 - 2017-10-03;submitSocial;all;arwin
2017-10-05 05:02:12	worker	@tribunnews;2017-10-03 - 2017-10-03;submitSocial;all;arwin
2017-10-05 05:02:14	worker	@okezonenews;2017-10-03 - 2017-10-03;submitSocial;all;arwin
2017-10-05 05:02:17	worker	@Beritasatu;2017-10-03 - 2017-10-03;submitSocial;all;arwin
2017-10-05 05:02:20	worker	@rollingstoneina;2017-10-03 - 2017-10-03;submitSocial;all;arwin
2017-10-05 05:02:22	worker	@FIMELAdotcom;2017-10-03 - 2017-10-03;submitSocial;all;arwin
2017-10-05 05:02:24	worker	@KapanLagicom;2017-10-03 - 2017-10-03;submitSocial;all;arwin
2017-10-05 05:02:27	worker	@KompasEnt ;2017-10-03 - 2017-10-03;submitSocial;all;arwin
2017-10-05 05:02:29	worker	@HaiMagazine;2017-10-03 - 2017-10-03;submitSocial;all;arwin
2017-10-05 05:02:32	worker	@JakartaVenue;2017-10-03 - 2017-10-03;submitSocial;all;arwin
2017-10-05 05:02:34	worker	@SeputarEvent;2017-10-03 - 2017-10-03;submitSocial;all;arwin
2017-10-05 05:02:36	worker	@ismayaLive;2017-10-03 - 2017-10-03;submitSocial;all;arwin
2017-10-05 05:02:39	worker	@ECEntertainment;2017-10-03 - 2017-10-03;submitSocial;all;arwin
2017-10-05 05:02:41	worker	@synergism_En;2017-10-03 - 2017-10-03;submitSocial;all;arwin
2017-10-05 05:02:43	worker	@Urbanbandung;2017-10-03 - 2017-10-03;submitSocial;all;arwin
2017-10-05 05:02:45	worker	@Urbanrkm995;2017-10-03 - 2017-10-03;submitSocial;all;arwin
2017-10-05 05:02:47	worker	@Garuda_Promo;2017-10-03 - 2017-10-03;submitSocial;all;arwin
2017-10-05 05:02:49	worker	@AirAsiaID;2017-10-03 - 2017-10-03;submitSocial;all;arwin
2017-10-05 05:02:52	worker	@KAI121;2017-10-03 - 2017-10-03;submitSocial;all;arwin
2017-10-05 05:02:54	worker	@Unilever;2017-10-03 - 2017-10-03;submitSocial;all;arwin
2017-10-05 05:02:57	worker	@Nestle;2017-10-03 - 2017-10-03;submitSocial;all;arwin
2017-10-05 05:03:00	worker	@CocaCola;2017-10-03 - 2017-10-03;submitSocial;all;arwin
2017-10-05 05:03:06	worker	@CNN;2017-10-03 - 2017-10-03;submitSocial;all;arwin
2017-10-05 05:03:14	worker	@MTV;2017-10-03 - 2017-10-03;submitSocial;all;arwin
2017-10-05 05:03:19	worker	@channelv;2017-10-03 - 2017-10-03;submitSocial;all;arwin
2017-10-05 05:03:21	worker	@iTunesMusic;2017-10-03 - 2017-10-03;submitSocial;all;arwin
2017-10-05 05:03:24	worker	@mashable;2017-10-03 - 2017-10-03;submitSocial;all;arwin
2017-10-05 05:03:29	worker	@decacaz;2017-10-03 - 2017-10-03;submitSocial;all;arwin
2017-10-05 05:03:31	worker	@radiobaru967FM;2017-10-03 - 2017-10-03;submitSocial;all;arwin
2017-10-05 05:03:33	worker	@967HitzFM;2017-10-03 - 2017-10-03;submitSocial;all;arwin
2017-10-05 05:03:35	worker	@TVGuide;2017-10-03 - 2017-10-03;submitSocial;all;arwin
2017-10-05 05:03:38	worker	@XL123;2017-10-03 - 2017-10-03;submitSocial;all;arwin
2017-10-05 05:03:40	worker	@triindonesia;2017-10-03 - 2017-10-03;submitSocial;all;arwin
2017-10-05 05:03:42	worker	@kaskus;2017-10-03 - 2017-10-03;submitSocial;all;arwin
2017-10-05 05:03:45	worker	@Studio_XXI;2017-10-03 - 2017-10-03;submitSocial;all;arwin
2017-10-05 05:03:48	worker	@blitzmegaplex;2017-10-03 - 2017-10-03;submitSocial;all;arwin
2017-10-05 05:03:50	worker	@alfamartku;2017-10-03 - 2017-10-03;submitSocial;all;arwin
2017-10-05 05:03:52	worker	@Carrefour_ID;2017-10-03 - 2017-10-03;submitSocial;all;arwin
2017-10-05 05:03:54	worker	@BBCBreaking;2017-10-03 - 2017-10-03;submitSocial;all;arwin
2017-10-05 05:04:01	worker	@Forbes;2017-10-03 - 2017-10-03;submitSocial;all;arwin
2017-10-05 05:04:09	worker	@BensRadio;2017-10-03 - 2017-10-03;submitSocial;all;arwin
2017-10-05 05:04:12	worker	@instagram;2017-10-03 - 2017-10-03;submitSocial;all;arwin
2017-10-05 05:04:18	worker	@Pinterest;2017-10-03 - 2017-10-03;submitSocial;all;arwin
2017-10-05 05:04:21	worker	@google;2017-10-03 - 2017-10-03;submitSocial;all;arwin
2017-10-05 05:04:29	worker	@Pertaminalub;2017-10-03 - 2017-10-03;submitSocial;all;arwin
2017-10-05 05:04:31	worker	@InfoLalinTol;2017-10-03 - 2017-10-03;submitSocial;all;arwin
2017-10-05 05:04:34	worker	@PTJASAMARGA;2017-10-03 - 2017-10-03;submitSocial;all;arwin
2017-10-05 05:04:36	worker	@cititransindo;2017-10-03 - 2017-10-03;submitSocial;all;arwin
2017-10-05 05:04:38	worker	#semangatpagisuperr;2017-10-03 - 2017-10-03;submitSocial;all;arwin
2017-10-05 05:04:40	worker	#genkuisinsideout;2017-10-03 - 2017-10-03;submitSocial;all;arwin
2017-10-05 05:04:42	worker	#semangatpagi;2017-10-03 - 2017-10-03;submitSocial;all;arwin
2017-10-05 05:04:45	worker	#dikamar;2017-10-03 - 2017-10-03;submitSocial;all;arwin
2017-10-05 05:04:47	worker	#kopaja;2017-10-03 - 2017-10-03;submitSocial;all;arwin
2017-10-05 05:04:49	worker	#generaksi8;2017-10-03 - 2017-10-03;submitSocial;all;arwin
2017-10-05 05:04:51	worker	#hitztsp;2017-10-03 - 2017-10-03;submitSocial;all;arwin
2017-10-05 05:04:54	worker	#np;2017-10-03 - 2017-10-03;submitSocial;all;arwin
2017-10-05 05:04:57	worker	#hitzlivestage;2017-10-03 - 2017-10-03;submitSocial;all;arwin
2017-10-05 05:04:59	worker	#thefreaks;2017-10-03 - 2017-10-03;submitSocial;all;arwin
2017-10-05 05:05:02	worker	#hitzsirkuspagi;2017-10-03 - 2017-10-03;submitSocial;all;arwin
2017-10-05 05:05:05	worker	#hitzathlon;2017-10-03 - 2017-10-03;submitSocial;all;arwin
2017-10-05 05:05:08	worker	#hitzzombie;2017-10-03 - 2017-10-03;submitSocial;all;arwin
2017-10-05 05:05:10	worker	#hitzkalong;2017-10-03 - 2017-10-03;submitSocial;all;arwin
2017-10-05 05:05:13	worker	#hitzbebas;2017-10-03 - 2017-10-03;submitSocial;all;arwin
2017-10-05 05:05:15	worker	#hitzhorehara;2017-10-03 - 2017-10-03;submitSocial;all;arwin
2017-10-05 05:05:18	worker	@ZaloraID;2017-10-03 - 2017-10-03;submitSocial;all;arwin
2017-10-05 05:05:20	worker	@OLX_Indonesia;2017-10-03 - 2017-10-03;submitSocial;all;arwin
2017-10-05 05:05:23	worker	@LazadaID;2017-10-03 - 2017-10-03;submitSocial;all;arwin
2017-10-05 05:05:25	worker	@utrippers;2017-10-03 - 2017-10-03;submitSocial;all;arwin
2017-10-05 05:05:28	worker	@GoGobot;2017-10-03 - 2017-10-03;submitSocial;all;arwin
2017-10-05 05:05:30	worker	@viatortravel;2017-10-03 - 2017-10-03;submitSocial;all;arwin
2017-10-05 05:05:33	worker	@alandakariza;2017-10-03 - 2017-10-03;submitSocial;all;arwin
2017-10-05 05:05:35	worker	@gagasmedia;2017-10-03 - 2017-10-03;submitSocial;all;arwin
2017-10-05 05:05:38	worker	@welovehonda;2017-10-03 - 2017-10-03;submitSocial;all;arwin
2017-10-05 05:05:40	worker	@SuzukiMotorID;2017-10-03 - 2017-10-03;submitSocial;all;arwin
2017-10-05 05:05:42	worker	@kawasakilovers;2017-10-03 - 2017-10-03;submitSocial;all;arwin
2017-10-05 05:05:44	worker	@yamahaindonesia;2017-10-03 - 2017-10-03;submitSocial;all;arwin
2017-10-05 05:05:47	worker	@tripanzee;2017-10-03 - 2017-10-03;submitSocial;all;arwin
2017-10-05 05:05:49	worker	@arnoldpoernomo;2017-10-03 - 2017-10-03;submitSocial;all;arwin
2017-10-05 05:05:51	worker	@nicsap;2017-10-03 - 2017-10-03;submitSocial;all;arwin
2017-10-05 05:05:54	worker	@tiket2;2017-10-03 - 2017-10-03;submitSocial;all;arwin
2017-10-05 05:05:56	worker	@traveloka;2017-10-03 - 2017-10-03;submitSocial;all;arwin
2017-10-05 05:05:58	worker	@wego;2017-10-03 - 2017-10-03;submitSocial;all;arwin
2017-10-05 05:06:02	worker	@agoda;2017-10-03 - 2017-10-03;submitSocial;all;arwin
2017-10-05 05:06:05	worker	#salahsambung;2017-10-03 - 2017-10-03;submitSocial;all;arwin
2017-10-05 05:06:07	worker	#tulalit;2017-10-03 - 2017-10-03;submitSocial;all;arwin
2017-10-05 05:06:10	worker	#pestageneraksi8;2017-10-03 - 2017-10-03;submitSocial;all;arwin
2017-10-05 05:06:12	worker	#ganaskustik;2017-10-03 - 2017-10-03;submitSocial;all;arwin
2017-10-05 05:06:14	worker	#lnhot20;2017-10-03 - 2017-10-03;submitSocial;all;arwin
2017-10-05 05:06:16	worker	@TripAdvisor;2017-10-03 - 2017-10-03;submitSocial;all;arwin
2017-10-05 05:06:18	worker	@google;2017-10-03 - 2017-10-03;submitSocial;all;arwin
2017-10-05 05:06:27	worker	@Telkomsel;2017-10-03 - 2017-10-03;submitSocial;all;arwin
2017-10-05 05:06:30	worker	@indosat;2017-10-03 - 2017-10-03;submitSocial;all;arwin
2017-10-05 05:06:32	worker	@bahanafmjkt;2017-10-03 - 2017-10-03;submitSocial;all;2017-10-05 05:06:38	worker	@sonorafm92;2017-10-03 - 2017-10-03;submitSocial;all;arwin
2017-10-05 05:06:40	worker	@litefm1058;2017-10-03 - 2017-10-03;submitSocial;all;arwin
2017-10-05 05:06:42	worker	@Bravaradio;2017-10-03 - 2017-10-03;submitSocial;all;arwin
2017-10-05 05:06:44	worker	#dgitm;2017-10-03 - 2017-10-03;submitSocial;all;arwin
2017-10-05 05:06:47	worker	#hitsalaprambors;2017-10-03 - 2017-10-03;submitSocial;all;arwin
2017-10-05 05:06:49	worker	#reqprambors;2017-10-03 - 2017-10-03;submitSocial;all;arwin
2017-10-05 05:06:51	worker	#thedandees;2017-10-03 - 2017-10-03;submitSocial;all;arwin
2017-10-05 05:06:54	worker	#pramborsquiz;2017-10-03 - 2017-10-03;submitSocial;all;arwin
2017-10-05 05:06:56	worker	#jeliprambors;2017-10-03 - 2017-10-03;submitSocial;all;arwin
2017-10-05 05:06:58	worker	#jodohinprambors;2017-10-03 - 2017-10-03;submitSocial;all;arwin
2017-10-05 05:07:00	worker	#ubahdenganbicara;2017-10-03 - 2017-10-03;submitSocial;all;arwin
2017-10-05 05:07:03	worker	#pramborschat;2017-10-03 - 2017-10-03;submitSocial;all;arwin
2017-10-05 05:07:05	worker	#tweetforduit;2017-10-03 - 2017-10-03;submitSocial;all;arwin
2017-10-05 05:07:08	worker	#joki3in1;2017-10-03 - 2017-10-03;submitSocial;all;arwin
2017-10-05 05:07:10	worker	#sarapanseru;2017-10-03 - 2017-10-03;submitSocial;all;arwin
2017-10-05 05:07:12	worker	#rawonkaneloop;2017-10-03 - 2017-10-03;submitSocial;all;arwin
2017-10-05 05:07:14	worker	#gudegkendilkeraton;2017-10-03 - 2017-10-03;submitSocial;all;arwin
2017-10-05 05:07:16	worker	#gadogadobutika;2017-10-03 - 2017-10-03;submitSocial;all;arwin
2017-10-05 05:07:18	worker	#mtvhottest;2017-10-03 - 2017-10-03;submitSocial;all;arwin
2017-10-05 05:07:21	worker	#dimsumcjdw;2017-10-03 - 2017-10-03;submitSocial;all;arwin
2017-10-05 05:07:23	worker	#pecelmadiunmbakniek;2017-10-03 - 2017-10-03;submitSocial;all;arwin
2017-10-05 05:07:25	worker	#depotarema;2017-10-03 - 2017-10-03;submitSocial;all;arwin
2017-10-05 05:07:27	worker	@BNI46;2017-10-03 - 2017-10-03;submitSocial;all;arwin
2017-10-05 05:07:29	worker	@BANKBRI_ID;2017-10-03 - 2017-10-03;submitSocial;all;arwin
2017-10-05 05:07:32	worker	#bni46;2017-10-03 - 2017-10-03;submitSocial;all;arwin
2017-10-05 05:07:34	worker	macet;2017-10-03 - 2017-10-03;submitSocial;all;arwin
2017-10-05 05:07:39	worker	#selamatpagi;2017-10-03 - 2017-10-03;submitSocial;all;arwin
2017-10-05 05:07:41	worker	#selamatmalam;2017-10-03 - 2017-10-03;submitSocial;all;arwin
2017-10-05 05:07:44	worker	@884GlobalRadio;2017-10-03 - 2017-10-03;submitSocial;all;arwin
2017-10-05 05:07:46	worker	@day_trans;2017-10-03 - 2017-10-03;submitSocial;all;arwin
2017-10-05 05:07:48	worker	@kencanavoyage;2017-10-03 - 2017-10-03;submitSocial;all;arwin
2017-10-05 05:07:50	worker	@jukebox5d;2017-10-03 - 2017-10-03;submitSocial;all;arwin
2017-10-05 05:07:53	worker	#mtvhottest;2017-10-03 - 2017-10-03;submitSocial;all;arwin
2017-10-05 05:07:55	worker	#semangatpagi;2017-10-03 - 2017-10-03;submitSocial;all;arwin
2017-10-05 05:07:57	worker	lifebuoy;2017-10-03 - 2017-10-03;submitSocial;all;arwin
2017-10-05 05:08:00	worker	jokowi;2017-10-03 - 2017-10-03;submitSocial;all;arwin
2017-10-05 05:08:07	worker	obama;2017-10-03 - 2017-10-03;submitSocial;all;arwin
2017-10-05 05:08:15	worker	starwars;2017-10-03 - 2017-10-03;submitSocial;all;arwin
2017-10-05 05:08:19	worker	jonan;2017-10-03 - 2017-10-03;submitSocial;all;arwin
2017-10-05 05:08:22	worker	pagi;2017-10-03 - 2017-10-03;submitSocial;all;arwin
2017-10-05 05:08:31	worker	sampoerna;2017-10-03 - 2017-10-03;submitSocial;all;arwin
2017-10-05 05:08:34	worker	djarum;2017-10-03 - 2017-10-03;submitSocial;all;arwin
2017-10-05 05:08:36	worker	#semangatpagi;2017-10-03 - 2017-10-03;submitSocial;all;arwin
2017-10-05 05:08:39	worker	#generaksi8;2017-10-03 - 2017-10-03;submitSocial;all;arwin
2017-10-05 05:08:40	worker	#365alasan;2017-10-03 - 2017-10-03;submitSocial;all;arwin
2017-10-05 05:08:43	worker	weew;2017-10-03 - 2017-10-03;submitSocial;all;arwin
2017-10-05 05:08:45	worker	testing;2017-10-03 - 2017-10-03;submitSocial;all;arwin
2017-10-05 05:08:53	worker	#kopaja;2017-10-03 - 2017-10-03;submitSocial;all;arwin
2017-10-05 05:08:55	worker	#genkuisinsideout;2017-10-03 - 2017-10-03;submitSocial;all;arwin
2017-10-05 05:08:58	worker	starwars;2017-10-03 - 2017-10-03;submitSocial;all;arwin
2017-10-05 05:09:01	worker	#kopaja;2017-10-03 - 2017-10-03;submitSocial;all;arwin
2017-10-05 05:09:04	worker	mldspot;2017-10-03 - 2017-10-03;submitSocial;all;arwin
2017-10-05 05:09:07	worker	PBDjarum;2017-10-03 - 2017-10-03;submitSocial;all;arwin
2017-10-05 05:09:09	worker	TemanNabati;2017-10-03 - 2017-10-03;submitSocial;all;arwin
2017-10-05 05:09:11	worker	Nextar;2017-10-03 - 2017-10-03;submitSocial;all;arwin
2017-10-05 05:09:14	worker	jokowo;2017-10-03 - 2017-10-03;submitSocial;all;arwin
2017-10-05 05:09:17	worker	prabowo;2017-10-03 - 2017-10-03;submitSocial;all;arwin
2017-10-05 05:09:21	worker	sudirman said;2017-10-03 - 2017-10-03;submitSocial;all;arwin
2017-10-05 05:09:24	worker	ahok;2017-10-03 - 2017-10-03;submitSocial;all;arwin
2017-10-05 05:09:28	worker	setyanovanto;2017-10-03 - 2017-10-03;submitSocial;all;arwin
2017-10-05 05:09:31	worker	jokowi;2017-10-03 - 2017-10-03;submitSocial;all;arwin
2017-10-05 05:09:37	worker	ahok;2017-10-03 - 2017-10-03;submitSocial;all;arwin
2017-10-05 05:09:42	worker	prabowo;2017-10-03 - 2017-10-03;submitSocial;all;arwin
2017-10-05 05:09:45	worker	sudirman said;2017-10-03 - 2017-10-03;submitSocial;all;arwin
2017-10-05 05:09:48	worker	setyanovanto;2017-10-03 - 2017-10-03;submitSocial;all;arwin
2017-10-05 05:09:50	worker	galau;2017-10-03 - 2017-10-03;submitSocial;all;arwin
2017-10-05 05:09:54	worker	#prestasiindonesia;2017-10-03 - 2017-10-03;submitSocial;all;arwin
2017-10-05 05:09:56	worker	@Tw_Debi;2017-10-03 - 2017-10-03;submitSocial;all;arwin
2017-10-05 05:09:58	worker	@OfficialFastron;2017-10-03 - 2017-10-03;submitSocial;all;arwin
2017-10-05 05:10:00	worker	@CitibankID;2017-10-03 - 2017-10-03;submitSocial;all;arwin
2017-10-05 05:10:04	worker	@jak101fm;2017-10-03 - 2017-10-03;submitSocial;all;arwin
2017-10-05 05:10:06	worker	@genfm;2017-10-03 - 2017-10-03;submitSocial;all;arwin
