2017-03-28 05:00:03	worker	@987genfm;2017-03-26 - 2017-03-26;submitSocial;all;arwin
2017-03-28 05:00:06	worker	@101jakfm;2017-03-26 - 2017-03-26;submitSocial;all;arwin
2017-03-28 05:00:08	worker	@prambors;2017-03-26 - 2017-03-26;submitSocial;all;arwin
2017-03-28 05:00:10	worker	@hardrockfm;2017-03-26 - 2017-03-26;submitSocial;all;arwin
2017-03-28 05:00:13	worker	@kisfmjakarta;2017-03-26 - 2017-03-26;submitSocial;all;arwin
2017-03-28 05:00:15	worker	@delta_fm;2017-03-26 - 2017-03-26;submitSocial;all;arwin
2017-03-28 05:00:17	worker	@traxfmjkt;2017-03-26 - 2017-03-26;submitSocial;all;arwin
2017-03-28 05:00:19	worker	@iradiojakarta;2017-03-26 - 2017-03-26;submitSocial;all;arwin
2017-03-28 05:00:21	worker	@indika9160fm;2017-03-26 - 2017-03-26;submitSocial;all;arwin
2017-03-28 05:00:23	worker	@shellindonesia;2017-03-26 - 2017-03-26;submitSocial;all;arwin
2017-03-28 05:00:25	worker	@vpowerfans;2017-03-26 - 2017-03-26;submitSocial;all;arwin
2017-03-28 05:00:27	worker	@pertamaxind;2017-03-26 - 2017-03-26;submitSocial;all;arwin
2017-03-28 05:00:30	worker	@ptpertamina;2017-03-26 - 2017-03-26;submitSocial;all;arwin
2017-03-28 05:00:32	worker	@OZRadioJakarta;2017-03-26 - 2017-03-26;submitSocial;all;arwin
2017-03-28 05:00:34	worker	@CosmopolitanFM;2017-03-26 - 2017-03-26;submitSocial;all;arwin
2017-03-28 05:00:36	worker	@mustang88fm;2017-03-26 - 2017-03-26;submitSocial;all;arwin
2017-03-28 05:00:38	worker	@debabaz;2017-03-26 - 2017-03-26;submitSocial;all;arwin
2017-03-28 05:00:40	worker	@detikcom;2017-03-26 - 2017-03-26;submitSocial;all;arwin
2017-03-28 05:00:43	worker	@radioelshinta;2017-03-26 - 2017-03-26;submitSocial;all;arwin
2017-03-28 05:00:45	worker	@cinema21;2017-03-26 - 2017-03-26;submitSocial;all;arwin
2017-03-28 05:00:47	worker	@OfficialRCTI;2017-03-26 - 2017-03-26;submitSocial;all;arwin
2017-03-28 05:00:49	worker	@TRANSTV_CORP;2017-03-26 - 2017-03-26;submitSocial;all;arwin
2017-03-28 05:00:51	worker	@TRANS7;2017-03-26 - 2017-03-26;submitSocial;all;arwin
2017-03-28 05:00:54	worker	@Metro_TV;2017-03-26 - 2017-03-26;submitSocial;all;arwin
2017-03-28 05:00:57	worker	@tvOneNews;2017-03-26 - 2017-03-26;submitSocial;all;arwin
2017-03-28 05:00:59	worker	@whatsonANTV;2017-03-26 - 2017-03-26;submitSocial;all;arwin
2017-03-28 05:01:02	worker	@SCTV_;2017-03-26 - 2017-03-26;submitSocial;all;arwin
2017-03-28 05:01:05	worker	@KompasTV;2017-03-26 - 2017-03-26;submitSocial;all;arwin
2017-03-28 05:01:07	worker	@netmediatama;2017-03-26 - 2017-03-26;submitSocial;all;arwin
2017-03-28 05:01:10	worker	@Globaltvseru;2017-03-26 - 2017-03-26;submitSocial;all;arwin
2017-03-28 05:01:12	worker	@JaktvCom;2017-03-26 - 2017-03-26;submitSocial;all;arwin
2017-03-28 05:01:14	worker	@TVRINasional;2017-03-26 - 2017-03-26;submitSocial;all;arwin
2017-03-28 05:01:17	worker	@ochannelupdates;2017-03-26 - 2017-03-26;submitSocial;all;arwin
2017-03-28 05:01:19	worker	@IndosiarID;2017-03-26 - 2017-03-26;submitSocial;all;arwin
2017-03-28 05:01:24	worker	@kompascom;2017-03-26 - 2017-03-26;submitSocial;all;arwin
2017-03-28 05:01:27	worker	@merdekadotcom;2017-03-26 - 2017-03-26;submitSocial;all;arwin
2017-03-28 05:01:29	worker	@MIdotcom;2017-03-26 - 2017-03-26;submitSocial;all;arwin
2017-03-28 05:01:31	worker	@tempodotco;2017-03-26 - 2017-03-26;submitSocial;all;arwin
2017-03-28 05:01:34	worker	@motion975fm;2017-03-26 - 2017-03-26;submitSocial;all;arwin
2017-03-28 05:01:36	worker	@_radiotoday;2017-03-26 - 2017-03-26;submitSocial;all;arwin
2017-03-28 05:01:38	worker	@radioinfo;2017-03-26 - 2017-03-26;submitSocial;all;arwin
2017-03-28 05:01:40	worker	@979FeMaleRadio;2017-03-26 - 2017-03-26;submitSocial;all;arwin
2017-03-28 05:01:42	worker	@WomanRadio943FM;2017-03-26 - 2017-03-26;submitSocial;all;arwin
2017-03-28 05:01:44	worker	@VRadioFM;2017-03-26 - 2017-03-26;submitSocial;all;arwin
2017-03-28 05:01:46	worker	@UFM947;2017-03-26 - 2017-03-26;submitSocial;all;arwin
2017-03-28 05:01:48	worker	@VIVAnews;2017-03-26 - 2017-03-26;submitSocial;all;arwin
2017-03-28 05:01:50	worker	@antaranews;2017-03-26 - 2017-03-26;submitSocial;all;arwin
2017-03-28 05:01:52	worker	@tribunnews;2017-03-26 - 2017-03-26;submitSocial;all;arwin
2017-03-28 05:01:55	worker	@okezonenews;2017-03-26 - 2017-03-26;submitSocial;all;arwin
2017-03-28 05:01:57	worker	@Beritasatu;2017-03-26 - 2017-03-26;submitSocial;all;arwin
2017-03-28 05:02:00	worker	@rollingstoneina;2017-03-26 - 2017-03-26;submitSocial;all;arwin
2017-03-28 05:02:02	worker	@FIMELAdotcom;2017-03-26 - 2017-03-26;submitSocial;all;arwin
2017-03-28 05:02:04	worker	@KapanLagicom;2017-03-26 - 2017-03-26;submitSocial;all;arwin
2017-03-28 05:02:06	worker	@KompasEnt ;2017-03-26 - 2017-03-26;submitSocial;all;arwin
2017-03-28 05:02:08	worker	@HaiMagazine;2017-03-26 - 2017-03-26;submitSocial;all;arwin
2017-03-28 05:02:10	worker	@JakartaVenue;2017-03-26 - 2017-03-26;submitSocial;all;arwin
2017-03-28 05:02:12	worker	@SeputarEvent;2017-03-26 - 2017-03-26;submitSocial;all;arwin
2017-03-28 05:02:14	worker	@ismayaLive;2017-03-26 - 2017-03-26;submitSocial;all;arwin
2017-03-28 05:02:16	worker	@ECEntertainment;2017-03-26 - 2017-03-26;submitSocial;all;arwin
2017-03-28 05:02:18	worker	@synergism_En;2017-03-26 - 2017-03-26;submitSocial;all;arwin
2017-03-28 05:02:20	worker	@Urbanbandung;2017-03-26 - 2017-03-26;submitSocial;all;arwin
2017-03-28 05:02:22	worker	@Urbanrkm995;2017-03-26 - 2017-03-26;submitSocial;all;arwin
2017-03-28 05:02:24	worker	@Garuda_Promo;2017-03-26 - 2017-03-26;submitSocial;all;arwin
2017-03-28 05:02:26	worker	@AirAsiaID;2017-03-26 - 2017-03-26;submitSocial;all;arwin
2017-03-28 05:02:28	worker	@KAI121;2017-03-26 - 2017-03-26;submitSocial;all;arwin
2017-03-28 05:02:31	worker	@Unilever;2017-03-26 - 2017-03-26;submitSocial;all;arwin
2017-03-28 05:02:33	worker	@Nestle;2017-03-26 - 2017-03-26;submitSocial;all;arwin
2017-03-28 05:02:35	worker	@CocaCola;2017-03-26 - 2017-03-26;submitSocial;all;arwin
2017-03-28 05:02:38	worker	@CNN;2017-03-26 - 2017-03-26;submitSocial;all;arwin
2017-03-28 05:02:46	worker	@MTV;2017-03-26 - 2017-03-26;submitSocial;all;arwin
2017-03-28 05:02:49	worker	@channelv;2017-03-26 - 2017-03-26;submitSocial;all;arwin
2017-03-28 05:02:51	worker	@iTunesMusic;2017-03-26 - 2017-03-26;submitSocial;all;arwin
2017-03-28 05:02:53	worker	@mashable;2017-03-26 - 2017-03-26;submitSocial;all;arwin
2017-03-28 05:02:56	worker	@decacaz;2017-03-26 - 2017-03-26;submitSocial;all;arwin
2017-03-28 05:02:58	worker	@radiobaru967FM;2017-03-26 - 2017-03-26;submitSocial;all;arwin
2017-03-28 05:03:00	worker	@967HitzFM;2017-03-26 - 2017-03-26;submitSocial;all;arwin
2017-03-28 05:03:02	worker	@TVGuide;2017-03-26 - 2017-03-26;submitSocial;all;arwin
2017-03-28 05:03:04	worker	@XL123;2017-03-26 - 2017-03-26;submitSocial;all;arwin
2017-03-28 05:03:06	worker	@triindonesia;2017-03-26 - 2017-03-26;submitSocial;all;arwin
2017-03-28 05:03:09	worker	@kaskus;2017-03-26 - 2017-03-26;submitSocial;all;arwin
2017-03-28 05:03:11	worker	@Studio_XXI;2017-03-26 - 2017-03-26;submitSocial;all;arwin
2017-03-28 05:03:13	worker	@blitzmegaplex;2017-03-26 - 2017-03-26;submitSocial;all;arwin
2017-03-28 05:03:15	worker	@alfamartku;2017-03-26 - 2017-03-26;submitSocial;all;arwin
2017-03-28 05:03:17	worker	@Carrefour_ID;2017-03-26 - 2017-03-26;submitSocial;all;arwin
2017-03-28 05:03:19	worker	@BBCBreaking;2017-03-26 - 2017-03-26;submitSocial;all;arwin
2017-03-28 05:03:23	worker	@Forbes;2017-03-26 - 2017-03-26;submitSocial;all;arwin
2017-03-28 05:03:31	worker	@BensRadio;2017-03-26 - 2017-03-26;submitSocial;all;arwin
2017-03-28 05:03:33	worker	@instagram;2017-03-26 - 2017-03-26;submitSocial;all;arwin
2017-03-28 05:03:39	worker	@Pinterest;2017-03-26 - 2017-03-26;submitSocial;all;arwin
2017-03-28 05:03:41	worker	@google;2017-03-26 - 2017-03-26;submitSocial;all;arwin
2017-03-28 05:03:46	worker	@Pertaminalub;2017-03-26 - 2017-03-26;submitSocial;all;arwin
2017-03-28 05:03:48	worker	@InfoLalinTol;2017-03-26 - 2017-03-26;submitSocial;all;arwin
2017-03-28 05:03:50	worker	@PTJASAMARGA;2017-03-26 - 2017-03-26;submitSocial;all;arwin
2017-03-28 05:03:52	worker	@cititransindo;2017-03-26 - 2017-03-26;submitSocial;all;arwin
2017-03-28 05:03:54	worker	#semangatpagisuperr;2017-03-26 - 2017-03-26;submitSocial;all;arwin
2017-03-28 05:03:56	worker	#genkuisinsideout;2017-03-26 - 2017-03-26;submitSocial;all;arwin
2017-03-28 05:03:57	worker	#semangatpagi;2017-03-26 - 2017-03-26;submitSocial;all;arwin
2017-03-28 05:03:59	worker	#dikamar;2017-03-26 - 2017-03-26;submitSocial;all;arwin
2017-03-28 05:04:02	worker	#kopaja;2017-03-26 - 2017-03-26;submitSocial;all;arwin
2017-03-28 05:04:04	worker	#generaksi8;2017-03-26 - 2017-03-26;submitSocial;all;arwin
2017-03-28 05:04:05	worker	#hitztsp;2017-03-26 - 2017-03-26;submitSocial;all;arwin
2017-03-28 05:04:08	worker	#np;2017-03-26 - 2017-03-26;submitSocial;all;arwin
2017-03-28 05:04:10	worker	#hitzlivestage;2017-03-26 - 2017-03-26;submitSocial;all;arwin
2017-03-28 05:04:12	worker	#thefreaks;2017-03-26 - 2017-03-26;submitSocial;all;arwin
2017-03-28 05:04:14	worker	#hitzsirkuspagi;2017-03-26 - 2017-03-26;submitSocial;all;arwin
2017-03-28 05:04:16	worker	#hitzathlon;2017-03-26 - 2017-03-26;submitSocial;all;arwin
2017-03-28 05:04:18	worker	#hitzzombie;2017-03-26 - 2017-03-26;submitSocial;all;arwin
2017-03-28 05:04:20	worker	#hitzkalong;2017-03-26 - 2017-03-26;submitSocial;all;arwin
2017-03-28 05:04:22	worker	#hitzbebas;2017-03-26 - 2017-03-26;submitSocial;all;arwin
2017-03-28 05:04:24	worker	#hitzhorehara;2017-03-26 - 2017-03-26;submitSocial;all;arwin
2017-03-28 05:04:26	worker	@ZaloraID;2017-03-26 - 2017-03-26;submitSocial;all;arwin
2017-03-28 05:04:29	worker	@OLX_Indonesia;2017-03-26 - 2017-03-26;submitSocial;all;arwin
2017-03-28 05:04:30	worker	@LazadaID;2017-03-26 - 2017-03-26;submitSocial;all;arwin
2017-03-28 05:04:33	worker	@utrippers;2017-03-26 - 2017-03-26;submitSocial;all;arwin
2017-03-28 05:04:35	worker	@GoGobot;2017-03-26 - 2017-03-26;submitSocial;all;arwin
2017-03-28 05:04:37	worker	@viatortravel;2017-03-26 - 2017-03-26;submitSocial;all;arwin
2017-03-28 05:04:39	worker	@alandakariza;2017-03-26 - 2017-03-26;submitSocial;all;arwin
2017-03-28 05:04:41	worker	@gagasmedia;2017-03-26 - 2017-03-26;submitSocial;all;arwin
2017-03-28 05:04:43	worker	@welovehonda;2017-03-26 - 2017-03-26;submitSocial;all;arwin
2017-03-28 05:04:45	worker	@SuzukiMotorID;2017-03-26 - 2017-03-26;submitSocial;all;arwin
2017-03-28 05:04:47	worker	@kawasakilovers;2017-03-26 - 2017-03-26;submitSocial;all;arwin
2017-03-28 05:04:49	worker	@yamahaindonesia;2017-03-26 - 2017-03-26;submitSocial;all;arwin
2017-03-28 05:04:51	worker	@tripanzee;2017-03-26 - 2017-03-26;submitSocial;all;arwin
2017-03-28 05:04:53	worker	@arnoldpoernomo;2017-03-26 - 2017-03-26;submitSocial;all;arwin
2017-03-28 05:04:55	worker	@nicsap;2017-03-26 - 2017-03-26;submitSocial;all;arwin
2017-03-28 05:04:58	worker	@tiket2;2017-03-26 - 2017-03-26;submitSocial;all;arwin
2017-03-28 05:04:59	worker	@traveloka;2017-03-26 - 2017-03-26;submitSocial;all;arwin
2017-03-28 05:05:02	worker	@wego;2017-03-26 - 2017-03-26;submitSocial;all;arwin
2017-03-28 05:05:05	worker	@agoda;2017-03-26 - 2017-03-26;submitSocial;all;arwin
2017-03-28 05:05:07	worker	#salahsambung;2017-03-26 - 2017-03-26;submitSocial;all;arwin
2017-03-28 05:05:10	worker	#tulalit;2017-03-26 - 2017-03-26;submitSocial;all;arwin
2017-03-28 05:05:12	worker	#pestageneraksi8;2017-03-26 - 2017-03-26;submitSocial;all;arwin
2017-03-28 05:05:14	worker	#ganaskustik;2017-03-26 - 2017-03-26;submitSocial;all;arwin
2017-03-28 05:05:16	worker	#lnhot20;2017-03-26 - 2017-03-26;submitSocial;all;arwin
2017-03-28 05:05:18	worker	@TripAdvisor;2017-03-26 - 2017-03-26;submitSocial;all;arwin
2017-03-28 05:05:20	worker	@google;2017-03-26 - 2017-03-26;submitSocial;all;arwin
2017-03-28 05:05:24	worker	@Telkomsel;2017-03-26 - 2017-03-26;submitSocial;all;arwin
2017-03-28 05:05:28	worker	@indosat;2017-03-26 - 2017-03-26;submitSocial;all;arwin
2017-03-28 05:05:30	worker	@bahanafmjkt;2017-03-26 - 2017-03-26;submitSocial;all;2017-03-28 05:05:35	worker	@sonorafm92;2017-03-26 - 2017-03-26;submitSocial;all;arwin
2017-03-28 05:05:36	worker	@litefm1058;2017-03-26 - 2017-03-26;submitSocial;all;arwin
2017-03-28 05:05:38	worker	@Bravaradio;2017-03-26 - 2017-03-26;submitSocial;all;arwin
2017-03-28 05:05:40	worker	#dgitm;2017-03-26 - 2017-03-26;submitSocial;all;arwin
2017-03-28 05:05:43	worker	#hitsalaprambors;2017-03-26 - 2017-03-26;submitSocial;all;arwin
2017-03-28 05:05:44	worker	#reqprambors;2017-03-26 - 2017-03-26;submitSocial;all;arwin
2017-03-28 05:05:47	worker	#thedandees;2017-03-26 - 2017-03-26;submitSocial;all;arwin
2017-03-28 05:05:49	worker	#pramborsquiz;2017-03-26 - 2017-03-26;submitSocial;all;arwin
2017-03-28 05:05:50	worker	#jeliprambors;2017-03-26 - 2017-03-26;submitSocial;all;arwin
2017-03-28 05:05:52	worker	#jodohinprambors;2017-03-26 - 2017-03-26;submitSocial;all;arwin
2017-03-28 05:05:54	worker	#ubahdenganbicara;2017-03-26 - 2017-03-26;submitSocial;all;arwin
2017-03-28 05:05:56	worker	#pramborschat;2017-03-26 - 2017-03-26;submitSocial;all;arwin
2017-03-28 05:05:58	worker	#tweetforduit;2017-03-26 - 2017-03-26;submitSocial;all;arwin
2017-03-28 05:06:00	worker	#joki3in1;2017-03-26 - 2017-03-26;submitSocial;all;arwin
2017-03-28 05:06:02	worker	#sarapanseru;2017-03-26 - 2017-03-26;submitSocial;all;arwin
2017-03-28 05:06:04	worker	#rawonkaneloop;2017-03-26 - 2017-03-26;submitSocial;all;arwin
2017-03-28 05:06:06	worker	#gudegkendilkeraton;2017-03-26 - 2017-03-26;submitSocial;all;arwin
2017-03-28 05:06:08	worker	#gadogadobutika;2017-03-26 - 2017-03-26;submitSocial;all;arwin
2017-03-28 05:06:09	worker	#mtvhottest;2017-03-26 - 2017-03-26;submitSocial;all;arwin
2017-03-28 05:06:12	worker	#dimsumcjdw;2017-03-26 - 2017-03-26;submitSocial;all;arwin
2017-03-28 05:06:13	worker	#pecelmadiunmbakniek;2017-03-26 - 2017-03-26;submitSocial;all;arwin
2017-03-28 05:06:15	worker	#depotarema;2017-03-26 - 2017-03-26;submitSocial;all;arwin
2017-03-28 05:06:17	worker	@BNI46;2017-03-26 - 2017-03-26;submitSocial;all;arwin
2017-03-28 05:06:19	worker	@BANKBRI_ID;2017-03-26 - 2017-03-26;submitSocial;all;arwin
2017-03-28 05:06:22	worker	#bni46;2017-03-26 - 2017-03-26;submitSocial;all;arwin
2017-03-28 05:06:24	worker	macet;2017-03-26 - 2017-03-26;submitSocial;all;arwin
2017-03-28 05:06:27	worker	#selamatpagi;2017-03-26 - 2017-03-26;submitSocial;all;arwin
2017-03-28 05:06:29	worker	#selamatmalam;2017-03-26 - 2017-03-26;submitSocial;all;arwin
2017-03-28 05:06:31	worker	@884GlobalRadio;2017-03-26 - 2017-03-26;submitSocial;all;arwin
2017-03-28 05:06:33	worker	@day_trans;2017-03-26 - 2017-03-26;submitSocial;all;arwin
2017-03-28 05:06:35	worker	@kencanavoyage;2017-03-26 - 2017-03-26;submitSocial;all;arwin
2017-03-28 05:06:37	worker	@jukebox5d;2017-03-26 - 2017-03-26;submitSocial;all;arwin
2017-03-28 05:06:39	worker	#mtvhottest;2017-03-26 - 2017-03-26;submitSocial;all;arwin
2017-03-28 05:06:41	worker	#semangatpagi;2017-03-26 - 2017-03-26;submitSocial;all;arwin
2017-03-28 05:06:43	worker	lifebuoy;2017-03-26 - 2017-03-26;submitSocial;all;arwin
2017-03-28 05:06:45	worker	jokowi;2017-03-26 - 2017-03-26;submitSocial;all;arwin
2017-03-28 05:06:51	worker	obama;2017-03-26 - 2017-03-26;submitSocial;all;arwin
2017-03-28 05:07:00	worker	starwars;2017-03-26 - 2017-03-26;submitSocial;all;arwin
2017-03-28 05:07:03	worker	jonan;2017-03-26 - 2017-03-26;submitSocial;all;arwin
2017-03-28 05:07:06	worker	pagi;2017-03-26 - 2017-03-26;submitSocial;all;arwin
2017-03-28 05:07:14	worker	sampoerna;2017-03-26 - 2017-03-26;submitSocial;all;arwin
2017-03-28 05:07:16	worker	djarum;2017-03-26 - 2017-03-26;submitSocial;all;arwin
2017-03-28 05:07:19	worker	#semangatpagi;2017-03-26 - 2017-03-26;submitSocial;all;arwin
2017-03-28 05:07:21	worker	#generaksi8;2017-03-26 - 2017-03-26;submitSocial;all;arwin
2017-03-28 05:07:22	worker	#365alasan;2017-03-26 - 2017-03-26;submitSocial;all;arwin
2017-03-28 05:07:24	worker	weew;2017-03-26 - 2017-03-26;submitSocial;all;arwin
2017-03-28 05:07:27	worker	testing;2017-03-26 - 2017-03-26;submitSocial;all;arwin
2017-03-28 05:07:34	worker	#kopaja;2017-03-26 - 2017-03-26;submitSocial;all;arwin
2017-03-28 05:07:37	worker	#genkuisinsideout;2017-03-26 - 2017-03-26;submitSocial;all;arwin
2017-03-28 05:07:38	worker	starwars;2017-03-26 - 2017-03-26;submitSocial;all;arwin
2017-03-28 05:07:41	worker	#kopaja;2017-03-26 - 2017-03-26;submitSocial;all;arwin
2017-03-28 05:07:43	worker	mldspot;2017-03-26 - 2017-03-26;submitSocial;all;arwin
2017-03-28 05:07:45	worker	PBDjarum;2017-03-26 - 2017-03-26;submitSocial;all;arwin
2017-03-28 05:07:48	worker	TemanNabati;2017-03-26 - 2017-03-26;submitSocial;all;arwin
2017-03-28 05:07:50	worker	Nextar;2017-03-26 - 2017-03-26;submitSocial;all;arwin
2017-03-28 05:07:52	worker	jokowo;2017-03-26 - 2017-03-26;submitSocial;all;arwin
2017-03-28 05:07:55	worker	prabowo;2017-03-26 - 2017-03-26;submitSocial;all;arwin
2017-03-28 05:07:57	worker	sudirman said;2017-03-26 - 2017-03-26;submitSocial;all;arwin
2017-03-28 05:07:59	worker	ahok;2017-03-26 - 2017-03-26;submitSocial;all;arwin
2017-03-28 05:08:06	worker	setyanovanto;2017-03-26 - 2017-03-26;submitSocial;all;arwin
2017-03-28 05:08:09	worker	jokowi;2017-03-26 - 2017-03-26;submitSocial;all;arwin
2017-03-28 05:08:15	worker	ahok;2017-03-26 - 2017-03-26;submitSocial;all;arwin
2017-03-28 05:08:22	worker	prabowo;2017-03-26 - 2017-03-26;submitSocial;all;arwin
2017-03-28 05:08:25	worker	sudirman said;2017-03-26 - 2017-03-26;submitSocial;all;arwin
2017-03-28 05:08:27	worker	setyanovanto;2017-03-26 - 2017-03-26;submitSocial;all;arwin
2017-03-28 05:08:29	worker	galau;2017-03-26 - 2017-03-26;submitSocial;all;arwin
2017-03-28 05:08:32	worker	#prestasiindonesia;2017-03-26 - 2017-03-26;submitSocial;all;arwin
2017-03-28 05:08:34	worker	@Tw_Debi;2017-03-26 - 2017-03-26;submitSocial;all;arwin
2017-03-28 05:08:36	worker	@OfficialFastron;2017-03-26 - 2017-03-26;submitSocial;all;arwin
2017-03-28 05:08:38	worker	@CitibankID;2017-03-26 - 2017-03-26;submitSocial;all;arwin
2017-03-28 05:08:40	worker	@jak101fm;2017-03-26 - 2017-03-26;submitSocial;all;arwin
2017-03-28 05:08:42	worker	@genfm;2017-03-26 - 2017-03-26;submitSocial;all;arwin
