2017-10-17 05:00:03	worker	@987genfm;2017-10-15 - 2017-10-15;submitSocial;all;arwin
2017-10-17 05:00:08	worker	@101jakfm;2017-10-15 - 2017-10-15;submitSocial;all;arwin
2017-10-17 05:00:11	worker	@prambors;2017-10-15 - 2017-10-15;submitSocial;all;arwin
2017-10-17 05:00:14	worker	@hardrockfm;2017-10-15 - 2017-10-15;submitSocial;all;arwin
2017-10-17 05:00:17	worker	@kisfmjakarta;2017-10-15 - 2017-10-15;submitSocial;all;arwin
2017-10-17 05:00:19	worker	@delta_fm;2017-10-15 - 2017-10-15;submitSocial;all;arwin
2017-10-17 05:00:22	worker	@traxfmjkt;2017-10-15 - 2017-10-15;submitSocial;all;arwin
2017-10-17 05:00:25	worker	@iradiojakarta;2017-10-15 - 2017-10-15;submitSocial;all;arwin
2017-10-17 05:00:28	worker	@indika9160fm;2017-10-15 - 2017-10-15;submitSocial;all;arwin
2017-10-17 05:00:31	worker	@shellindonesia;2017-10-15 - 2017-10-15;submitSocial;all;arwin
2017-10-17 05:00:33	worker	@vpowerfans;2017-10-15 - 2017-10-15;submitSocial;all;arwin
2017-10-17 05:00:35	worker	@pertamaxind;2017-10-15 - 2017-10-15;submitSocial;all;arwin
2017-10-17 05:00:38	worker	@ptpertamina;2017-10-15 - 2017-10-15;submitSocial;all;arwin
2017-10-17 05:00:40	worker	@OZRadioJakarta;2017-10-15 - 2017-10-15;submitSocial;all;arwin
2017-10-17 05:00:43	worker	@CosmopolitanFM;2017-10-15 - 2017-10-15;submitSocial;all;arwin
2017-10-17 05:00:45	worker	@mustang88fm;2017-10-15 - 2017-10-15;submitSocial;all;arwin
2017-10-17 05:00:48	worker	@debabaz;2017-10-15 - 2017-10-15;submitSocial;all;arwin
2017-10-17 05:00:50	worker	@detikcom;2017-10-15 - 2017-10-15;submitSocial;all;arwin
2017-10-17 05:00:53	worker	@radioelshinta;2017-10-15 - 2017-10-15;submitSocial;all;arwin
2017-10-17 05:00:57	worker	@cinema21;2017-10-15 - 2017-10-15;submitSocial;all;arwin
2017-10-17 05:00:59	worker	@OfficialRCTI;2017-10-15 - 2017-10-15;submitSocial;all;arwin
2017-10-17 05:01:02	worker	@TRANSTV_CORP;2017-10-15 - 2017-10-15;submitSocial;all;arwin
2017-10-17 05:01:04	worker	@TRANS7;2017-10-15 - 2017-10-15;submitSocial;all;arwin
2017-10-17 05:01:07	worker	@Metro_TV;2017-10-15 - 2017-10-15;submitSocial;all;arwin
2017-10-17 05:01:10	worker	@tvOneNews;2017-10-15 - 2017-10-15;submitSocial;all;arwin
2017-10-17 05:01:13	worker	@whatsonANTV;2017-10-15 - 2017-10-15;submitSocial;all;arwin
2017-10-17 05:01:15	worker	@SCTV_;2017-10-15 - 2017-10-15;submitSocial;all;arwin
2017-10-17 05:01:19	worker	@KompasTV;2017-10-15 - 2017-10-15;submitSocial;all;arwin
2017-10-17 05:01:22	worker	@netmediatama;2017-10-15 - 2017-10-15;submitSocial;all;arwin
2017-10-17 05:01:24	worker	@Globaltvseru;2017-10-15 - 2017-10-15;submitSocial;all;arwin
2017-10-17 05:01:27	worker	@JaktvCom;2017-10-15 - 2017-10-15;submitSocial;all;arwin
2017-10-17 05:01:29	worker	@TVRINasional;2017-10-15 - 2017-10-15;submitSocial;all;arwin
2017-10-17 05:01:32	worker	@ochannelupdates;2017-10-15 - 2017-10-15;submitSocial;all;arwin
2017-10-17 05:01:34	worker	@IndosiarID;2017-10-15 - 2017-10-15;submitSocial;all;arwin
2017-10-17 05:01:38	worker	@kompascom;2017-10-15 - 2017-10-15;submitSocial;all;arwin
2017-10-17 05:01:42	worker	@merdekadotcom;2017-10-15 - 2017-10-15;submitSocial;all;arwin
2017-10-17 05:01:45	worker	@MIdotcom;2017-10-15 - 2017-10-15;submitSocial;all;arwin
2017-10-17 05:01:47	worker	@tempodotco;2017-10-15 - 2017-10-15;submitSocial;all;arwin
2017-10-17 05:01:50	worker	@motion975fm;2017-10-15 - 2017-10-15;submitSocial;all;arwin
2017-10-17 05:01:53	worker	@_radiotoday;2017-10-15 - 2017-10-15;submitSocial;all;arwin
2017-10-17 05:01:55	worker	@radioinfo;2017-10-15 - 2017-10-15;submitSocial;all;arwin
2017-10-17 05:01:58	worker	@979FeMaleRadio;2017-10-15 - 2017-10-15;submitSocial;all;arwin
2017-10-17 05:02:00	worker	@WomanRadio943FM;2017-10-15 - 2017-10-15;submitSocial;all;arwin
2017-10-17 05:02:02	worker	@VRadioFM;2017-10-15 - 2017-10-15;submitSocial;all;arwin
2017-10-17 05:02:05	worker	@UFM947;2017-10-15 - 2017-10-15;submitSocial;all;arwin
2017-10-17 05:02:07	worker	@VIVAnews;2017-10-15 - 2017-10-15;submitSocial;all;arwin
2017-10-17 05:02:10	worker	@antaranews;2017-10-15 - 2017-10-15;submitSocial;all;arwin
2017-10-17 05:02:12	worker	@tribunnews;2017-10-15 - 2017-10-15;submitSocial;all;arwin
2017-10-17 05:02:16	worker	@okezonenews;2017-10-15 - 2017-10-15;submitSocial;all;arwin
2017-10-17 05:02:18	worker	@Beritasatu;2017-10-15 - 2017-10-15;submitSocial;all;arwin
2017-10-17 05:02:21	worker	@rollingstoneina;2017-10-15 - 2017-10-15;submitSocial;all;arwin
2017-10-17 05:02:23	worker	@FIMELAdotcom;2017-10-15 - 2017-10-15;submitSocial;all;arwin
2017-10-17 05:02:26	worker	@KapanLagicom;2017-10-15 - 2017-10-15;submitSocial;all;arwin
2017-10-17 05:02:28	worker	@KompasEnt ;2017-10-15 - 2017-10-15;submitSocial;all;arwin
2017-10-17 05:02:31	worker	@HaiMagazine;2017-10-15 - 2017-10-15;submitSocial;all;arwin
2017-10-17 05:02:33	worker	@JakartaVenue;2017-10-15 - 2017-10-15;submitSocial;all;arwin
2017-10-17 05:02:36	worker	@SeputarEvent;2017-10-15 - 2017-10-15;submitSocial;all;arwin
2017-10-17 05:02:38	worker	@ismayaLive;2017-10-15 - 2017-10-15;submitSocial;all;arwin
2017-10-17 05:02:41	worker	@ECEntertainment;2017-10-15 - 2017-10-15;submitSocial;all;arwin
2017-10-17 05:02:43	worker	@synergism_En;2017-10-15 - 2017-10-15;submitSocial;all;arwin
2017-10-17 05:02:45	worker	@Urbanbandung;2017-10-15 - 2017-10-15;submitSocial;all;arwin
2017-10-17 05:02:48	worker	@Urbanrkm995;2017-10-15 - 2017-10-15;submitSocial;all;arwin
2017-10-17 05:02:50	worker	@Garuda_Promo;2017-10-15 - 2017-10-15;submitSocial;all;arwin
2017-10-17 05:02:52	worker	@AirAsiaID;2017-10-15 - 2017-10-15;submitSocial;all;arwin
2017-10-17 05:02:54	worker	@KAI121;2017-10-15 - 2017-10-15;submitSocial;all;arwin
2017-10-17 05:02:57	worker	@Unilever;2017-10-15 - 2017-10-15;submitSocial;all;arwin
2017-10-17 05:03:01	worker	@Nestle;2017-10-15 - 2017-10-15;submitSocial;all;arwin
2017-10-17 05:03:04	worker	@CocaCola;2017-10-15 - 2017-10-15;submitSocial;all;arwin
2017-10-17 05:03:10	worker	@CNN;2017-10-15 - 2017-10-15;submitSocial;all;arwin
2017-10-17 05:03:18	worker	@MTV;2017-10-15 - 2017-10-15;submitSocial;all;arwin
2017-10-17 05:03:22	worker	@channelv;2017-10-15 - 2017-10-15;submitSocial;all;arwin
2017-10-17 05:03:24	worker	@iTunesMusic;2017-10-15 - 2017-10-15;submitSocial;all;arwin
2017-10-17 05:03:27	worker	@mashable;2017-10-15 - 2017-10-15;submitSocial;all;arwin
2017-10-17 05:03:31	worker	@decacaz;2017-10-15 - 2017-10-15;submitSocial;all;arwin
2017-10-17 05:03:33	worker	@radiobaru967FM;2017-10-15 - 2017-10-15;submitSocial;all;arwin
2017-10-17 05:03:36	worker	@967HitzFM;2017-10-15 - 2017-10-15;submitSocial;all;arwin
2017-10-17 05:03:38	worker	@TVGuide;2017-10-15 - 2017-10-15;submitSocial;all;arwin
2017-10-17 05:03:41	worker	@XL123;2017-10-15 - 2017-10-15;submitSocial;all;arwin
2017-10-17 05:03:44	worker	@triindonesia;2017-10-15 - 2017-10-15;submitSocial;all;arwin
2017-10-17 05:03:46	worker	@kaskus;2017-10-15 - 2017-10-15;submitSocial;all;arwin
2017-10-17 05:03:49	worker	@Studio_XXI;2017-10-15 - 2017-10-15;submitSocial;all;arwin
2017-10-17 05:03:52	worker	@blitzmegaplex;2017-10-15 - 2017-10-15;submitSocial;all;arwin
2017-10-17 05:03:54	worker	@alfamartku;2017-10-15 - 2017-10-15;submitSocial;all;arwin
2017-10-17 05:03:57	worker	@Carrefour_ID;2017-10-15 - 2017-10-15;submitSocial;all;arwin
2017-10-17 05:03:59	worker	@BBCBreaking;2017-10-15 - 2017-10-15;submitSocial;all;arwin
2017-10-17 05:04:04	worker	@Forbes;2017-10-15 - 2017-10-15;submitSocial;all;arwin
2017-10-17 05:04:10	worker	@BensRadio;2017-10-15 - 2017-10-15;submitSocial;all;arwin
2017-10-17 05:04:12	worker	@instagram;2017-10-15 - 2017-10-15;submitSocial;all;arwin
2017-10-17 05:04:17	worker	@Pinterest;2017-10-15 - 2017-10-15;submitSocial;all;arwin
2017-10-17 05:04:20	worker	@google;2017-10-15 - 2017-10-15;submitSocial;all;arwin
2017-10-17 05:04:29	worker	@Pertaminalub;2017-10-15 - 2017-10-15;submitSocial;all;arwin
2017-10-17 05:04:32	worker	@InfoLalinTol;2017-10-15 - 2017-10-15;submitSocial;all;arwin
2017-10-17 05:04:34	worker	@PTJASAMARGA;2017-10-15 - 2017-10-15;submitSocial;all;arwin
2017-10-17 05:04:37	worker	@cititransindo;2017-10-15 - 2017-10-15;submitSocial;all;arwin
2017-10-17 05:04:39	worker	#semangatpagisuperr;2017-10-15 - 2017-10-15;submitSocial;all;arwin
2017-10-17 05:04:41	worker	#genkuisinsideout;2017-10-15 - 2017-10-15;submitSocial;all;arwin
2017-10-17 05:04:43	worker	#semangatpagi;2017-10-15 - 2017-10-15;submitSocial;all;arwin
2017-10-17 05:04:46	worker	#dikamar;2017-10-15 - 2017-10-15;submitSocial;all;arwin
2017-10-17 05:04:48	worker	#kopaja;2017-10-15 - 2017-10-15;submitSocial;all;arwin
2017-10-17 05:04:51	worker	#generaksi8;2017-10-15 - 2017-10-15;submitSocial;all;arwin
2017-10-17 05:04:53	worker	#hitztsp;2017-10-15 - 2017-10-15;submitSocial;all;arwin
2017-10-17 05:04:56	worker	#np;2017-10-15 - 2017-10-15;submitSocial;all;arwin
2017-10-17 05:04:59	worker	#hitzlivestage;2017-10-15 - 2017-10-15;submitSocial;all;arwin
2017-10-17 05:05:01	worker	#thefreaks;2017-10-15 - 2017-10-15;submitSocial;all;arwin
2017-10-17 05:05:05	worker	#hitzsirkuspagi;2017-10-15 - 2017-10-15;submitSocial;all;arwin
2017-10-17 05:05:07	worker	#hitzathlon;2017-10-15 - 2017-10-15;submitSocial;all;arwin
2017-10-17 05:05:10	worker	#hitzzombie;2017-10-15 - 2017-10-15;submitSocial;all;arwin
2017-10-17 05:05:13	worker	#hitzkalong;2017-10-15 - 2017-10-15;submitSocial;all;arwin
2017-10-17 05:05:15	worker	#hitzbebas;2017-10-15 - 2017-10-15;submitSocial;all;arwin
2017-10-17 05:05:18	worker	#hitzhorehara;2017-10-15 - 2017-10-15;submitSocial;all;arwin
2017-10-17 05:05:20	worker	@ZaloraID;2017-10-15 - 2017-10-15;submitSocial;all;arwin
2017-10-17 05:05:23	worker	@OLX_Indonesia;2017-10-15 - 2017-10-15;submitSocial;all;arwin
2017-10-17 05:05:25	worker	@LazadaID;2017-10-15 - 2017-10-15;submitSocial;all;arwin
2017-10-17 05:05:28	worker	@utrippers;2017-10-15 - 2017-10-15;submitSocial;all;arwin
2017-10-17 05:05:30	worker	@GoGobot;2017-10-15 - 2017-10-15;submitSocial;all;arwin
2017-10-17 05:05:33	worker	@viatortravel;2017-10-15 - 2017-10-15;submitSocial;all;arwin
2017-10-17 05:05:36	worker	@alandakariza;2017-10-15 - 2017-10-15;submitSocial;all;arwin
2017-10-17 05:05:38	worker	@gagasmedia;2017-10-15 - 2017-10-15;submitSocial;all;arwin
2017-10-17 05:05:41	worker	@welovehonda;2017-10-15 - 2017-10-15;submitSocial;all;arwin
2017-10-17 05:05:44	worker	@SuzukiMotorID;2017-10-15 - 2017-10-15;submitSocial;all;arwin
2017-10-17 05:05:46	worker	@kawasakilovers;2017-10-15 - 2017-10-15;submitSocial;all;arwin
2017-10-17 05:05:48	worker	@yamahaindonesia;2017-10-15 - 2017-10-15;submitSocial;all;arwin
2017-10-17 05:05:51	worker	@tripanzee;2017-10-15 - 2017-10-15;submitSocial;all;arwin
2017-10-17 05:05:53	worker	@arnoldpoernomo;2017-10-15 - 2017-10-15;submitSocial;all;arwin
2017-10-17 05:05:56	worker	@nicsap;2017-10-15 - 2017-10-15;submitSocial;all;arwin
2017-10-17 05:05:59	worker	@tiket2;2017-10-15 - 2017-10-15;submitSocial;all;arwin
2017-10-17 05:06:01	worker	@traveloka;2017-10-15 - 2017-10-15;submitSocial;all;arwin
2017-10-17 05:06:04	worker	@wego;2017-10-15 - 2017-10-15;submitSocial;all;arwin
2017-10-17 05:06:07	worker	@agoda;2017-10-15 - 2017-10-15;submitSocial;all;arwin
2017-10-17 05:06:10	worker	#salahsambung;2017-10-15 - 2017-10-15;submitSocial;all;arwin
2017-10-17 05:06:12	worker	#tulalit;2017-10-15 - 2017-10-15;submitSocial;all;arwin
2017-10-17 05:06:15	worker	#pestageneraksi8;2017-10-15 - 2017-10-15;submitSocial;all;arwin
2017-10-17 05:06:17	worker	#ganaskustik;2017-10-15 - 2017-10-15;submitSocial;all;arwin
2017-10-17 05:06:19	worker	#lnhot20;2017-10-15 - 2017-10-15;submitSocial;all;arwin
2017-10-17 05:06:21	worker	@TripAdvisor;2017-10-15 - 2017-10-15;submitSocial;all;arwin
2017-10-17 05:06:24	worker	@google;2017-10-15 - 2017-10-15;submitSocial;all;arwin
2017-10-17 05:06:33	worker	@Telkomsel;2017-10-15 - 2017-10-15;submitSocial;all;arwin
2017-10-17 05:06:37	worker	@indosat;2017-10-15 - 2017-10-15;submitSocial;all;arwin
2017-10-17 05:06:40	worker	@bahanafmjkt;2017-10-15 - 2017-10-15;submitSocial;all;2017-10-17 05:06:45	worker	@sonorafm92;2017-10-15 - 2017-10-15;submitSocial;all;arwin
2017-10-17 05:06:47	worker	@litefm1058;2017-10-15 - 2017-10-15;submitSocial;all;arwin
2017-10-17 05:06:49	worker	@Bravaradio;2017-10-15 - 2017-10-15;submitSocial;all;arwin
2017-10-17 05:06:51	worker	#dgitm;2017-10-15 - 2017-10-15;submitSocial;all;arwin
2017-10-17 05:06:54	worker	#hitsalaprambors;2017-10-15 - 2017-10-15;submitSocial;all;arwin
2017-10-17 05:06:57	worker	#reqprambors;2017-10-15 - 2017-10-15;submitSocial;all;arwin
2017-10-17 05:06:59	worker	#thedandees;2017-10-15 - 2017-10-15;submitSocial;all;arwin
2017-10-17 05:07:01	worker	#pramborsquiz;2017-10-15 - 2017-10-15;submitSocial;all;arwin
2017-10-17 05:07:04	worker	#jeliprambors;2017-10-15 - 2017-10-15;submitSocial;all;arwin
2017-10-17 05:07:06	worker	#jodohinprambors;2017-10-15 - 2017-10-15;submitSocial;all;arwin
2017-10-17 05:07:08	worker	#ubahdenganbicara;2017-10-15 - 2017-10-15;submitSocial;all;arwin
2017-10-17 05:07:11	worker	#pramborschat;2017-10-15 - 2017-10-15;submitSocial;all;arwin
2017-10-17 05:07:13	worker	#tweetforduit;2017-10-15 - 2017-10-15;submitSocial;all;arwin
2017-10-17 05:07:16	worker	#joki3in1;2017-10-15 - 2017-10-15;submitSocial;all;arwin
2017-10-17 05:07:18	worker	#sarapanseru;2017-10-15 - 2017-10-15;submitSocial;all;arwin
2017-10-17 05:07:20	worker	#rawonkaneloop;2017-10-15 - 2017-10-15;submitSocial;all;arwin
2017-10-17 05:07:22	worker	#gudegkendilkeraton;2017-10-15 - 2017-10-15;submitSocial;all;arwin
2017-10-17 05:07:25	worker	#gadogadobutika;2017-10-15 - 2017-10-15;submitSocial;all;arwin
2017-10-17 05:07:27	worker	#mtvhottest;2017-10-15 - 2017-10-15;submitSocial;all;arwin
2017-10-17 05:07:29	worker	#dimsumcjdw;2017-10-15 - 2017-10-15;submitSocial;all;arwin
2017-10-17 05:07:32	worker	#pecelmadiunmbakniek;2017-10-15 - 2017-10-15;submitSocial;all;arwin
2017-10-17 05:07:34	worker	#depotarema;2017-10-15 - 2017-10-15;submitSocial;all;arwin
2017-10-17 05:07:37	worker	@BNI46;2017-10-15 - 2017-10-15;submitSocial;all;arwin
2017-10-17 05:07:39	worker	@BANKBRI_ID;2017-10-15 - 2017-10-15;submitSocial;all;arwin
2017-10-17 05:07:42	worker	#bni46;2017-10-15 - 2017-10-15;submitSocial;all;arwin
2017-10-17 05:07:44	worker	macet;2017-10-15 - 2017-10-15;submitSocial;all;arwin
2017-10-17 05:07:48	worker	#selamatpagi;2017-10-15 - 2017-10-15;submitSocial;all;arwin
2017-10-17 05:07:50	worker	#selamatmalam;2017-10-15 - 2017-10-15;submitSocial;all;arwin
2017-10-17 05:07:53	worker	@884GlobalRadio;2017-10-15 - 2017-10-15;submitSocial;all;arwin
2017-10-17 05:07:55	worker	@day_trans;2017-10-15 - 2017-10-15;submitSocial;all;arwin
2017-10-17 05:07:57	worker	@kencanavoyage;2017-10-15 - 2017-10-15;submitSocial;all;arwin
2017-10-17 05:08:00	worker	@jukebox5d;2017-10-15 - 2017-10-15;submitSocial;all;arwin
2017-10-17 05:08:02	worker	#mtvhottest;2017-10-15 - 2017-10-15;submitSocial;all;arwin
2017-10-17 05:08:05	worker	#semangatpagi;2017-10-15 - 2017-10-15;submitSocial;all;arwin
2017-10-17 05:08:07	worker	lifebuoy;2017-10-15 - 2017-10-15;submitSocial;all;arwin
2017-10-17 05:08:10	worker	jokowi;2017-10-15 - 2017-10-15;submitSocial;all;arwin
2017-10-17 05:08:18	worker	obama;2017-10-15 - 2017-10-15;submitSocial;all;arwin
2017-10-17 05:08:27	worker	starwars;2017-10-15 - 2017-10-15;submitSocial;all;arwin
2017-10-17 05:08:30	worker	jonan;2017-10-15 - 2017-10-15;submitSocial;all;arwin
2017-10-17 05:08:34	worker	pagi;2017-10-15 - 2017-10-15;submitSocial;all;arwin
2017-10-17 05:08:43	worker	sampoerna;2017-10-15 - 2017-10-15;submitSocial;all;arwin
2017-10-17 05:08:45	worker	djarum;2017-10-15 - 2017-10-15;submitSocial;all;arwin
2017-10-17 05:08:48	worker	#semangatpagi;2017-10-15 - 2017-10-15;submitSocial;all;arwin
2017-10-17 05:08:51	worker	#generaksi8;2017-10-15 - 2017-10-15;submitSocial;all;arwin
2017-10-17 05:08:53	worker	#365alasan;2017-10-15 - 2017-10-15;submitSocial;all;arwin
2017-10-17 05:08:55	worker	weew;2017-10-15 - 2017-10-15;submitSocial;all;arwin
2017-10-17 05:08:58	worker	testing;2017-10-15 - 2017-10-15;submitSocial;all;arwin
2017-10-17 05:09:07	worker	#kopaja;2017-10-15 - 2017-10-15;submitSocial;all;arwin
2017-10-17 05:09:10	worker	#genkuisinsideout;2017-10-15 - 2017-10-15;submitSocial;all;arwin
2017-10-17 05:09:12	worker	starwars;2017-10-15 - 2017-10-15;submitSocial;all;arwin
2017-10-17 05:09:15	worker	#kopaja;2017-10-15 - 2017-10-15;submitSocial;all;arwin
2017-10-17 05:09:18	worker	mldspot;2017-10-15 - 2017-10-15;submitSocial;all;arwin
2017-10-17 05:09:21	worker	PBDjarum;2017-10-15 - 2017-10-15;submitSocial;all;arwin
2017-10-17 05:09:23	worker	TemanNabati;2017-10-15 - 2017-10-15;submitSocial;all;arwin
2017-10-17 05:09:26	worker	Nextar;2017-10-15 - 2017-10-15;submitSocial;all;arwin
2017-10-17 05:09:29	worker	jokowo;2017-10-15 - 2017-10-15;submitSocial;all;arwin
2017-10-17 05:09:32	worker	prabowo;2017-10-15 - 2017-10-15;submitSocial;all;arwin
2017-10-17 05:09:37	worker	sudirman said;2017-10-15 - 2017-10-15;submitSocial;all;arwin
2017-10-17 05:09:40	worker	ahok;2017-10-15 - 2017-10-15;submitSocial;all;arwin
2017-10-17 05:09:47	worker	setyanovanto;2017-10-15 - 2017-10-15;submitSocial;all;arwin
2017-10-17 05:09:49	worker	jokowi;2017-10-15 - 2017-10-15;submitSocial;all;arwin
2017-10-17 05:09:57	worker	ahok;2017-10-15 - 2017-10-15;submitSocial;all;arwin
2017-10-17 05:10:05	worker	prabowo;2017-10-15 - 2017-10-15;submitSocial;all;arwin
2017-10-17 05:10:10	worker	sudirman said;2017-10-15 - 2017-10-15;submitSocial;all;arwin
2017-10-17 05:10:13	worker	setyanovanto;2017-10-15 - 2017-10-15;submitSocial;all;arwin
2017-10-17 05:10:16	worker	galau;2017-10-15 - 2017-10-15;submitSocial;all;arwin
2017-10-17 05:10:21	worker	#prestasiindonesia;2017-10-15 - 2017-10-15;submitSocial;all;arwin
2017-10-17 05:10:23	worker	@Tw_Debi;2017-10-15 - 2017-10-15;submitSocial;all;arwin
2017-10-17 05:10:26	worker	@OfficialFastron;2017-10-15 - 2017-10-15;submitSocial;all;arwin
2017-10-17 05:10:28	worker	@CitibankID;2017-10-15 - 2017-10-15;submitSocial;all;arwin
2017-10-17 05:10:31	worker	@jak101fm;2017-10-15 - 2017-10-15;submitSocial;all;arwin
2017-10-17 05:10:33	worker	@genfm;2017-10-15 - 2017-10-15;submitSocial;all;arwin
