2017-03-19 05:00:05	[{"keyword":"@987genfm","from":"2017-03-17","mode":"submitSocial","container":"all","username":"arwin"}]
2017-03-19 05:00:08	[{"keyword":"@101jakfm","from":"2017-03-17","mode":"submitSocial","container":"all","username":"arwin"}]
2017-03-19 05:00:11	[{"keyword":"@prambors","from":"2017-03-17","mode":"submitSocial","container":"all","username":"arwin"}]
2017-03-19 05:00:14	[{"keyword":"@hardrockfm","from":"2017-03-17","mode":"submitSocial","container":"all","username":"arwin"}]
2017-03-19 05:00:17	[{"keyword":"@kisfmjakarta","from":"2017-03-17","mode":"submitSocial","container":"all","username":"arwin"}]
2017-03-19 05:00:20	[{"keyword":"@delta_fm","from":"2017-03-17","mode":"submitSocial","container":"all","username":"arwin"}]
2017-03-19 05:00:23	[{"keyword":"@traxfmjkt","from":"2017-03-17","mode":"submitSocial","container":"all","username":"arwin"}]
2017-03-19 05:00:25	[{"keyword":"@iradiojakarta","from":"2017-03-17","mode":"submitSocial","container":"all","username":"arwin"}]
2017-03-19 05:00:28	[{"keyword":"@indika9160fm","from":"2017-03-17","mode":"submitSocial","container":"all","username":"arwin"}]
2017-03-19 05:00:30	[{"keyword":"@shellindonesia","from":"2017-03-17","mode":"submitSocial","container":"all","username":"arwin"}]
2017-03-19 05:00:33	[{"keyword":"@vpowerfans","from":"2017-03-17","mode":"submitSocial","container":"all","username":"arwin"}]
2017-03-19 05:00:36	[{"keyword":"@pertamaxind","from":"2017-03-17","mode":"submitSocial","container":"all","username":"arwin"}]
2017-03-19 05:00:38	[{"keyword":"@ptpertamina","from":"2017-03-17","mode":"submitSocial","container":"all","username":"arwin"}]
2017-03-19 05:00:41	[{"keyword":"@ozradiojakarta","from":"2017-03-17","mode":"submitSocial","container":"all","username":"arwin"}]
2017-03-19 05:00:44	[{"keyword":"@cosmopolitanfm","from":"2017-03-17","mode":"submitSocial","container":"all","username":"arwin"}]
2017-03-19 05:00:47	[{"keyword":"@mustang88fm","from":"2017-03-17","mode":"submitSocial","container":"all","username":"arwin"}]
2017-03-19 05:00:49	[{"keyword":"@debabaz","from":"2017-03-17","mode":"submitSocial","container":"all","username":"arwin"}]
2017-03-19 05:00:53	[{"keyword":"@detikcom","from":"2017-03-17","mode":"submitSocial","container":"all","username":"arwin"}]
2017-03-19 05:00:56	[{"keyword":"@radioelshinta","from":"2017-03-17","mode":"submitSocial","container":"all","username":"arwin"}]
2017-03-19 05:00:59	[{"keyword":"@cinema21","from":"2017-03-17","mode":"submitSocial","container":"all","username":"arwin"}]
2017-03-19 05:01:02	[{"keyword":"@officialrcti","from":"2017-03-17","mode":"submitSocial","container":"all","username":"arwin"}]
2017-03-19 05:01:05	[{"keyword":"@transtv_corp","from":"2017-03-17","mode":"submitSocial","container":"all","username":"arwin"}]
2017-03-19 05:01:08	[{"keyword":"@trans7","from":"2017-03-17","mode":"submitSocial","container":"all","username":"arwin"}]
2017-03-19 05:01:11	[{"keyword":"@metro_tv","from":"2017-03-17","mode":"submitSocial","container":"all","username":"arwin"}]
2017-03-19 05:01:14	[{"keyword":"@tvonenews","from":"2017-03-17","mode":"submitSocial","container":"all","username":"arwin"}]
2017-03-19 05:01:17	[{"keyword":"@whatsonantv","from":"2017-03-17","mode":"submitSocial","container":"all","username":"arwin"}]
2017-03-19 05:01:20	[{"keyword":"@sctv_","from":"2017-03-17","mode":"submitSocial","container":"all","username":"arwin"}]
2017-03-19 05:01:23	[{"keyword":"@kompastv","from":"2017-03-17","mode":"submitSocial","container":"all","username":"arwin"}]
2017-03-19 05:01:26	[{"keyword":"@netmediatama","from":"2017-03-17","mode":"submitSocial","container":"all","username":"arwin"}]
2017-03-19 05:01:29	[{"keyword":"@globaltvseru","from":"2017-03-17","mode":"submitSocial","container":"all","username":"arwin"}]
2017-03-19 05:01:32	[{"keyword":"@jaktvcom","from":"2017-03-17","mode":"submitSocial","container":"all","username":"arwin"}]
2017-03-19 05:01:34	[{"keyword":"@tvrinasional","from":"2017-03-17","mode":"submitSocial","container":"all","username":"arwin"}]
2017-03-19 05:01:37	[{"keyword":"@ochannelupdates","from":"2017-03-17","mode":"submitSocial","container":"all","username":"arwin"}]
2017-03-19 05:01:41	[{"keyword":"@indosiarid","from":"2017-03-17","mode":"submitSocial","container":"all","username":"arwin"}]
2017-03-19 05:01:44	[{"keyword":"@kompascom","from":"2017-03-17","mode":"submitSocial","container":"all","username":"arwin"}]
2017-03-19 05:01:47	[{"keyword":"@merdekadotcom","from":"2017-03-17","mode":"submitSocial","container":"all","username":"arwin"}]
2017-03-19 05:01:49	[{"keyword":"@midotcom","from":"2017-03-17","mode":"submitSocial","container":"all","username":"arwin"}]
2017-03-19 05:01:52	[{"keyword":"@tempodotco","from":"2017-03-17","mode":"submitSocial","container":"all","username":"arwin"}]
2017-03-19 05:01:55	[{"keyword":"@motion975fm","from":"2017-03-17","mode":"submitSocial","container":"all","username":"arwin"}]
2017-03-19 05:01:57	[{"keyword":"@_radiotoday","from":"2017-03-17","mode":"submitSocial","container":"all","username":"arwin"}]
2017-03-19 05:02:00	[{"keyword":"@radioinfo","from":"2017-03-17","mode":"submitSocial","container":"all","username":"arwin"}]
2017-03-19 05:02:03	[{"keyword":"@979femaleradio","from":"2017-03-17","mode":"submitSocial","container":"all","username":"arwin"}]
2017-03-19 05:02:05	[{"keyword":"@womanradio943fm","from":"2017-03-17","mode":"submitSocial","container":"all","username":"arwin"}]
2017-03-19 05:02:08	[{"keyword":"@vradiofm","from":"2017-03-17","mode":"submitSocial","container":"all","username":"arwin"}]
2017-03-19 05:02:10	[{"keyword":"@ufm947","from":"2017-03-17","mode":"submitSocial","container":"all","username":"arwin"}]
2017-03-19 05:02:13	[{"keyword":"@vivanews","from":"2017-03-17","mode":"submitSocial","container":"all","username":"arwin"}]
2017-03-19 05:02:16	[{"keyword":"@antaranews","from":"2017-03-17","mode":"submitSocial","container":"all","username":"arwin"}]
2017-03-19 05:02:19	[{"keyword":"@tribunnews","from":"2017-03-17","mode":"submitSocial","container":"all","username":"arwin"}]
2017-03-19 05:02:22	[{"keyword":"@okezonenews","from":"2017-03-17","mode":"submitSocial","container":"all","username":"arwin"}]
2017-03-19 05:02:25	[{"keyword":"@beritasatu","from":"2017-03-17","mode":"submitSocial","container":"all","username":"arwin"}]
2017-03-19 05:02:27	[{"keyword":"@rollingstoneina","from":"2017-03-17","mode":"submitSocial","container":"all","username":"arwin"}]
2017-03-19 05:02:30	[{"keyword":"@fimeladotcom","from":"2017-03-17","mode":"submitSocial","container":"all","username":"arwin"}]
2017-03-19 05:02:32	[{"keyword":"@kapanlagicom","from":"2017-03-17","mode":"submitSocial","container":"all","username":"arwin"}]
2017-03-19 05:02:35	[{"keyword":"@kompasent","from":"2017-03-17","mode":"submitSocial","container":"all","username":"arwin"}]
2017-03-19 05:02:38	[{"keyword":"@haimagazine","from":"2017-03-17","mode":"submitSocial","container":"all","username":"arwin"}]
2017-03-19 05:02:40	[{"keyword":"@jakartavenue","from":"2017-03-17","mode":"submitSocial","container":"all","username":"arwin"}]
2017-03-19 05:02:43	[{"keyword":"@seputarevent","from":"2017-03-17","mode":"submitSocial","container":"all","username":"arwin"}]
2017-03-19 05:02:46	[{"keyword":"@ismayalive","from":"2017-03-17","mode":"submitSocial","container":"all","username":"arwin"}]
2017-03-19 05:02:48	[{"keyword":"@ecentertainment","from":"2017-03-17","mode":"submitSocial","container":"all","username":"arwin"}]
2017-03-19 05:02:51	[{"keyword":"@synergism_en","from":"2017-03-17","mode":"submitSocial","container":"all","username":"arwin"}]
2017-03-19 05:02:53	[{"keyword":"@urbanbandung","from":"2017-03-17","mode":"submitSocial","container":"all","username":"arwin"}]
2017-03-19 05:02:55	[{"keyword":"@urbanrkm995","from":"2017-03-17","mode":"submitSocial","container":"all","username":"arwin"}]
2017-03-19 05:02:58	[{"keyword":"@garuda_promo","from":"2017-03-17","mode":"submitSocial","container":"all","username":"arwin"}]
2017-03-19 05:03:00	[{"keyword":"@airasiaid","from":"2017-03-17","mode":"submitSocial","container":"all","username":"arwin"}]
2017-03-19 05:03:03	[{"keyword":"@kai121","from":"2017-03-17","mode":"submitSocial","container":"all","username":"arwin"}]
2017-03-19 05:03:06	[{"keyword":"@unilever","from":"2017-03-17","mode":"submitSocial","container":"all","username":"arwin"}]
2017-03-19 05:03:10	[{"keyword":"@nestle","from":"2017-03-17","mode":"submitSocial","container":"all","username":"arwin"}]
2017-03-19 05:03:15	[{"keyword":"@cocacola","from":"2017-03-17","mode":"submitSocial","container":"all","username":"arwin"}]
2017-03-19 05:03:21	[{"keyword":"@cnn","from":"2017-03-17","mode":"submitSocial","container":"all","username":"arwin"}]
2017-03-19 05:03:27	[{"keyword":"@mtv","from":"2017-03-17","mode":"submitSocial","container":"all","username":"arwin"}]
2017-03-19 05:03:29	[{"keyword":"@channelv","from":"2017-03-17","mode":"submitSocial","container":"all","username":"arwin"}]
2017-03-19 05:03:32	[{"keyword":"@itunesmusic","from":"2017-03-17","mode":"submitSocial","container":"all","username":"arwin"}]
2017-03-19 05:03:36	[{"keyword":"@mashable","from":"2017-03-17","mode":"submitSocial","container":"all","username":"arwin"}]
2017-03-19 05:03:38	[{"keyword":"@decacaz","from":"2017-03-17","mode":"submitSocial","container":"all","username":"arwin"}]
2017-03-19 05:03:40	[{"keyword":"@radiobaru967fm","from":"2017-03-17","mode":"submitSocial","container":"all","username":"arwin"}]
2017-03-19 05:03:43	[{"keyword":"@967hitzfm","from":"2017-03-17","mode":"submitSocial","container":"all","username":"arwin"}]
2017-03-19 05:03:46	[{"keyword":"@tvguide","from":"2017-03-17","mode":"submitSocial","container":"all","username":"arwin"}]
2017-03-19 05:03:49	[{"keyword":"@xl123","from":"2017-03-17","mode":"submitSocial","container":"all","username":"arwin"}]
2017-03-19 05:03:52	[{"keyword":"@triindonesia","from":"2017-03-17","mode":"submitSocial","container":"all","username":"arwin"}]
2017-03-19 05:03:55	[{"keyword":"@kaskus","from":"2017-03-17","mode":"submitSocial","container":"all","username":"arwin"}]
2017-03-19 05:03:57	[{"keyword":"@studio_xxi","from":"2017-03-17","mode":"submitSocial","container":"all","username":"arwin"}]
2017-03-19 05:03:59	[{"keyword":"@blitzmegaplex","from":"2017-03-17","mode":"submitSocial","container":"all","username":"arwin"}]
2017-03-19 05:04:02	[{"keyword":"@alfamartku","from":"2017-03-17","mode":"submitSocial","container":"all","username":"arwin"}]
2017-03-19 05:04:05	[{"keyword":"@carrefour_id","from":"2017-03-17","mode":"submitSocial","container":"all","username":"arwin"}]
2017-03-19 05:04:09	[{"keyword":"@bbcbreaking","from":"2017-03-17","mode":"submitSocial","container":"all","username":"arwin"}]
2017-03-19 05:04:15	[{"keyword":"@forbes","from":"2017-03-17","mode":"submitSocial","container":"all","username":"arwin"}]
2017-03-19 05:04:18	[{"keyword":"@bensradio","from":"2017-03-17","mode":"submitSocial","container":"all","username":"arwin"}]
2017-03-19 05:04:23	[{"keyword":"@instagram","from":"2017-03-17","mode":"submitSocial","container":"all","username":"arwin"}]
2017-03-19 05:04:26	[{"keyword":"@pinterest","from":"2017-03-17","mode":"submitSocial","container":"all","username":"arwin"}]
2017-03-19 05:04:33	[{"keyword":"@google","from":"2017-03-17","mode":"submitSocial","container":"all","username":"arwin"}]
2017-03-19 05:04:36	[{"keyword":"@pertaminalub","from":"2017-03-17","mode":"submitSocial","container":"all","username":"arwin"}]
2017-03-19 05:04:38	[{"keyword":"@infolalintol","from":"2017-03-17","mode":"submitSocial","container":"all","username":"arwin"}]
2017-03-19 05:04:41	[{"keyword":"@ptjasamarga","from":"2017-03-17","mode":"submitSocial","container":"all","username":"arwin"}]
2017-03-19 05:04:44	[{"keyword":"@cititransindo","from":"2017-03-17","mode":"submitSocial","container":"all","username":"arwin"}]
2017-03-19 05:04:46	[{"keyword":"#semangatpagisuperr","from":"2017-03-17","mode":"submitSocial","container":"all","username":"arwin"}]
2017-03-19 05:04:48	[{"keyword":"#genkuisinsideout","from":"2017-03-17","mode":"submitSocial","container":"all","username":"arwin"}]
2017-03-19 05:04:51	[{"keyword":"#semangatpagi","from":"2017-03-17","mode":"submitSocial","container":"all","username":"arwin"}]
2017-03-19 05:04:54	[{"keyword":"#dikamar","from":"2017-03-17","mode":"submitSocial","container":"all","username":"arwin"}]
2017-03-19 05:04:57	[{"keyword":"#kopaja","from":"2017-03-17","mode":"submitSocial","container":"all","username":"arwin"}]
2017-03-19 05:04:59	[{"keyword":"#generaksi8","from":"2017-03-17","mode":"submitSocial","container":"all","username":"arwin"}]
2017-03-19 05:05:02	[{"keyword":"#hitztsp","from":"2017-03-17","mode":"submitSocial","container":"all","username":"arwin"}]
2017-03-19 05:05:06	[{"keyword":"#np","from":"2017-03-17","mode":"submitSocial","container":"all","username":"arwin"}]
2017-03-19 05:05:08	[{"keyword":"#hitzlivestage","from":"2017-03-17","mode":"submitSocial","container":"all","username":"arwin"}]
2017-03-19 05:05:11	[{"keyword":"#thefreaks","from":"2017-03-17","mode":"submitSocial","container":"all","username":"arwin"}]
2017-03-19 05:05:14	[{"keyword":"#hitzsirkuspagi","from":"2017-03-17","mode":"submitSocial","container":"all","username":"arwin"}]
2017-03-19 05:05:16	[{"keyword":"#hitzathlon","from":"2017-03-17","mode":"submitSocial","container":"all","username":"arwin"}]
2017-03-19 05:05:19	[{"keyword":"#hitzzombie","from":"2017-03-17","mode":"submitSocial","container":"all","username":"arwin"}]
2017-03-19 05:05:21	[{"keyword":"#hitzkalong","from":"2017-03-17","mode":"submitSocial","container":"all","username":"arwin"}]
2017-03-19 05:05:24	[{"keyword":"#hitzbebas","from":"2017-03-17","mode":"submitSocial","container":"all","username":"arwin"}]
2017-03-19 05:05:27	[{"keyword":"#hitzhorehara","from":"2017-03-17","mode":"submitSocial","container":"all","username":"arwin"}]
2017-03-19 05:05:29	[{"keyword":"@zaloraid","from":"2017-03-17","mode":"submitSocial","container":"all","username":"arwin"}]
2017-03-19 05:05:32	[{"keyword":"@olx_indonesia","from":"2017-03-17","mode":"submitSocial","container":"all","username":"arwin"}]
2017-03-19 05:05:35	[{"keyword":"@lazadaid","from":"2017-03-17","mode":"submitSocial","container":"all","username":"arwin"}]
2017-03-19 05:05:38	[{"keyword":"@utrippers","from":"2017-03-17","mode":"submitSocial","container":"all","username":"arwin"}]
2017-03-19 05:05:40	[{"keyword":"@gogobot","from":"2017-03-17","mode":"submitSocial","container":"all","username":"arwin"}]
2017-03-19 05:05:43	[{"keyword":"@viatortravel","from":"2017-03-17","mode":"submitSocial","container":"all","username":"arwin"}]
2017-03-19 05:05:45	[{"keyword":"@alandakariza","from":"2017-03-17","mode":"submitSocial","container":"all","username":"arwin"}]
2017-03-19 05:05:48	[{"keyword":"@gagasmedia","from":"2017-03-17","mode":"submitSocial","container":"all","username":"arwin"}]
2017-03-19 05:05:51	[{"keyword":"@welovehonda","from":"2017-03-17","mode":"submitSocial","container":"all","username":"arwin"}]
2017-03-19 05:05:53	[{"keyword":"@suzukimotorid","from":"2017-03-17","mode":"submitSocial","container":"all","username":"arwin"}]
2017-03-19 05:05:56	[{"keyword":"@kawasakilovers","from":"2017-03-17","mode":"submitSocial","container":"all","username":"arwin"}]
2017-03-19 05:05:58	[{"keyword":"@yamahaindonesia","from":"2017-03-17","mode":"submitSocial","container":"all","username":"arwin"}]
2017-03-19 05:06:01	[{"keyword":"@tripanzee","from":"2017-03-17","mode":"submitSocial","container":"all","username":"arwin"}]
2017-03-19 05:06:04	[{"keyword":"@arnoldpoernomo","from":"2017-03-17","mode":"submitSocial","container":"all","username":"arwin"}]
2017-03-19 05:06:07	[{"keyword":"@nicsap","from":"2017-03-17","mode":"submitSocial","container":"all","username":"arwin"}]
2017-03-19 05:06:09	[{"keyword":"@tiket2","from":"2017-03-17","mode":"submitSocial","container":"all","username":"arwin"}]
2017-03-19 05:06:12	[{"keyword":"@traveloka","from":"2017-03-17","mode":"submitSocial","container":"all","username":"arwin"}]
2017-03-19 05:06:15	[{"keyword":"@wego","from":"2017-03-17","mode":"submitSocial","container":"all","username":"arwin"}]
2017-03-19 05:06:19	[{"keyword":"@agoda","from":"2017-03-17","mode":"submitSocial","container":"all","username":"arwin"}]
2017-03-19 05:06:21	[{"keyword":"#salahsambung","from":"2017-03-17","mode":"submitSocial","container":"all","username":"arwin"}]
2017-03-19 05:06:24	[{"keyword":"#tulalit","from":"2017-03-17","mode":"submitSocial","container":"all","username":"arwin"}]
2017-03-19 05:06:26	[{"keyword":"#pestageneraksi8","from":"2017-03-17","mode":"submitSocial","container":"all","username":"arwin"}]
2017-03-19 05:06:29	[{"keyword":"#ganaskustik","from":"2017-03-17","mode":"submitSocial","container":"all","username":"arwin"}]
2017-03-19 05:06:31	[{"keyword":"#lnhot20","from":"2017-03-17","mode":"submitSocial","container":"all","username":"arwin"}]
2017-03-19 05:06:34	[{"keyword":"@tripadvisor","from":"2017-03-17","mode":"submitSocial","container":"all","username":"arwin"}]
2017-03-19 05:06:41	[{"keyword":"@google","from":"2017-03-17","mode":"submitSocial","container":"all","username":"arwin"}]
2017-03-19 05:06:46	[{"keyword":"@telkomsel","from":"2017-03-17","mode":"submitSocial","container":"all","username":"arwin"}]
2017-03-19 05:06:49	[{"keyword":"@indosat","from":"2017-03-17","mode":"submitSocial","container":"all","username":"arwin"}]
2017-03-19 05:06:53	[{"keyword":"@bahanafmjkt","from":"2017-03-17","mode":"submitSocial","container":"all","username":""}]
2017-03-19 05:06:57	[{"keyword":"@sonorafm92","from":"2017-03-17","mode":"submitSocial","container":"all","username":"arwin"}]
2017-03-19 05:06:59	[{"keyword":"@litefm1058","from":"2017-03-17","mode":"submitSocial","container":"all","username":"arwin"}]
2017-03-19 05:07:02	[{"keyword":"@bravaradio","from":"2017-03-17","mode":"submitSocial","container":"all","username":"arwin"}]
2017-03-19 05:07:05	[{"keyword":"#dgitm","from":"2017-03-17","mode":"submitSocial","container":"all","username":"arwin"}]
2017-03-19 05:07:08	[{"keyword":"#hitsalaprambors","from":"2017-03-17","mode":"submitSocial","container":"all","username":"arwin"}]
2017-03-19 05:07:10	[{"keyword":"#reqprambors","from":"2017-03-17","mode":"submitSocial","container":"all","username":"arwin"}]
2017-03-19 05:07:13	[{"keyword":"#thedandees","from":"2017-03-17","mode":"submitSocial","container":"all","username":"arwin"}]
2017-03-19 05:07:15	[{"keyword":"#pramborsquiz","from":"2017-03-17","mode":"submitSocial","container":"all","username":"arwin"}]
2017-03-19 05:07:17	[{"keyword":"#jeliprambors","from":"2017-03-17","mode":"submitSocial","container":"all","username":"arwin"}]
2017-03-19 05:07:20	[{"keyword":"#jodohinprambors","from":"2017-03-17","mode":"submitSocial","container":"all","username":"arwin"}]
2017-03-19 05:07:22	[{"keyword":"#ubahdenganbicara","from":"2017-03-17","mode":"submitSocial","container":"all","username":"arwin"}]
2017-03-19 05:07:25	[{"keyword":"#pramborschat","from":"2017-03-17","mode":"submitSocial","container":"all","username":"arwin"}]
2017-03-19 05:07:27	[{"keyword":"#tweetforduit","from":"2017-03-17","mode":"submitSocial","container":"all","username":"arwin"}]
2017-03-19 05:07:29	[{"keyword":"#joki3in1","from":"2017-03-17","mode":"submitSocial","container":"all","username":"arwin"}]
2017-03-19 05:07:32	[{"keyword":"#sarapanseru","from":"2017-03-17","mode":"submitSocial","container":"all","username":"arwin"}]
2017-03-19 05:07:34	[{"keyword":"#rawonkaneloop","from":"2017-03-17","mode":"submitSocial","container":"all","username":"arwin"}]
2017-03-19 05:07:37	[{"keyword":"#gudegkendilkeraton","from":"2017-03-17","mode":"submitSocial","container":"all","username":"arwin"}]
2017-03-19 05:07:39	[{"keyword":"#gadogadobutika","from":"2017-03-17","mode":"submitSocial","container":"all","username":"arwin"}]
2017-03-19 05:07:42	[{"keyword":"#mtvhottest","from":"2017-03-17","mode":"submitSocial","container":"all","username":"arwin"}]
2017-03-19 05:07:44	[{"keyword":"#dimsumcjdw","from":"2017-03-17","mode":"submitSocial","container":"all","username":"arwin"}]
2017-03-19 05:07:46	[{"keyword":"#pecelmadiunmbakniek","from":"2017-03-17","mode":"submitSocial","container":"all","username":"arwin"}]
2017-03-19 05:07:49	[{"keyword":"#depotarema","from":"2017-03-17","mode":"submitSocial","container":"all","username":"arwin"}]
2017-03-19 05:07:52	[{"keyword":"@bni46","from":"2017-03-17","mode":"submitSocial","container":"all","username":"arwin"}]
2017-03-19 05:07:54	[{"keyword":"@bankbri_id","from":"2017-03-17","mode":"submitSocial","container":"all","username":"arwin"}]
2017-03-19 05:07:57	[{"keyword":"#bni46","from":"2017-03-17","mode":"submitSocial","container":"all","username":"arwin"}]
2017-03-19 05:08:02	[{"keyword":"macet","from":"2017-03-17","mode":"submitSocial","container":"all","username":"arwin"}]
2017-03-19 05:08:05	[{"keyword":"#selamatpagi","from":"2017-03-17","mode":"submitSocial","container":"all","username":"arwin"}]
2017-03-19 05:08:08	[{"keyword":"#selamatmalam","from":"2017-03-17","mode":"submitSocial","container":"all","username":"arwin"}]
2017-03-19 05:08:10	[{"keyword":"@884globalradio","from":"2017-03-17","mode":"submitSocial","container":"all","username":"arwin"}]
2017-03-19 05:08:13	[{"keyword":"@day_trans","from":"2017-03-17","mode":"submitSocial","container":"all","username":"arwin"}]
2017-03-19 05:08:15	[{"keyword":"@kencanavoyage","from":"2017-03-17","mode":"submitSocial","container":"all","username":"arwin"}]
2017-03-19 05:08:18	[{"keyword":"@jukebox5d","from":"2017-03-17","mode":"submitSocial","container":"all","username":"arwin"}]
2017-03-19 05:08:21	[{"keyword":"#mtvhottest","from":"2017-03-17","mode":"submitSocial","container":"all","username":"arwin"}]
2017-03-19 05:08:23	[{"keyword":"#semangatpagi","from":"2017-03-17","mode":"submitSocial","container":"all","username":"arwin"}]
2017-03-19 05:08:26	[{"keyword":"lifebuoy","from":"2017-03-17","mode":"submitSocial","container":"all","username":"arwin"}]
2017-03-19 05:08:32	[{"keyword":"jokowi","from":"2017-03-17","mode":"submitSocial","container":"all","username":"arwin"}]
2017-03-19 05:08:42	[{"keyword":"obama","from":"2017-03-17","mode":"submitSocial","container":"all","username":"arwin"}]
2017-03-19 05:08:45	[{"keyword":"starwars","from":"2017-03-17","mode":"submitSocial","container":"all","username":"arwin"}]
2017-03-19 05:08:49	[{"keyword":"jonan","from":"2017-03-17","mode":"submitSocial","container":"all","username":"arwin"}]
2017-03-19 05:08:59	[{"keyword":"pagi","from":"2017-03-17","mode":"submitSocial","container":"all","username":"arwin"}]
2017-03-19 05:09:02	[{"keyword":"sampoerna","from":"2017-03-17","mode":"submitSocial","container":"all","username":"arwin"}]
2017-03-19 05:09:05	[{"keyword":"djarum","from":"2017-03-17","mode":"submitSocial","container":"all","username":"arwin"}]
2017-03-19 05:09:08	[{"keyword":"#semangatpagi","from":"2017-03-17","mode":"submitSocial","container":"all","username":"arwin"}]
2017-03-19 05:09:10	[{"keyword":"#generaksi8","from":"2017-03-17","mode":"submitSocial","container":"all","username":"arwin"}]
2017-03-19 05:09:12	[{"keyword":"#365alasan","from":"2017-03-17","mode":"submitSocial","container":"all","username":"arwin"}]
2017-03-19 05:09:16	[{"keyword":"weew","from":"2017-03-17","mode":"submitSocial","container":"all","username":"arwin"}]
2017-03-19 05:09:25	[{"keyword":"testing","from":"2017-03-17","mode":"submitSocial","container":"all","username":"arwin"}]
2017-03-19 05:09:28	[{"keyword":"#kopaja","from":"2017-03-17","mode":"submitSocial","container":"all","username":"arwin"}]
2017-03-19 05:09:31	[{"keyword":"#genkuisinsideout","from":"2017-03-17","mode":"submitSocial","container":"all","username":"arwin"}]
2017-03-19 05:09:34	[{"keyword":"starwars","from":"2017-03-17","mode":"submitSocial","container":"all","username":"arwin"}]
2017-03-19 05:09:37	[{"keyword":"#kopaja","from":"2017-03-17","mode":"submitSocial","container":"all","username":"arwin"}]
2017-03-19 05:09:40	[{"keyword":"mldspot","from":"2017-03-17","mode":"submitSocial","container":"all","username":"arwin"}]
2017-03-19 05:09:43	[{"keyword":"pbdjarum","from":"2017-03-17","mode":"submitSocial","container":"all","username":"arwin"}]
2017-03-19 05:09:45	[{"keyword":"temannabati","from":"2017-03-17","mode":"submitSocial","container":"all","username":"arwin"}]
2017-03-19 05:09:49	[{"keyword":"nextar","from":"2017-03-17","mode":"submitSocial","container":"all","username":"arwin"}]
2017-03-19 05:09:52	[{"keyword":"jokowo","from":"2017-03-17","mode":"submitSocial","container":"all","username":"arwin"}]
2017-03-19 05:09:56	[{"keyword":"prabowo","from":"2017-03-17","mode":"submitSocial","container":"all","username":"arwin"}]
2017-03-19 05:09:58	[{"keyword":"sudirman said","from":"2017-03-17","mode":"submitSocial","container":"all","username":"arwin"}]
2017-03-19 05:10:08	[{"keyword":"ahok","from":"2017-03-17","mode":"submitSocial","container":"all","username":"arwin"}]
2017-03-19 05:10:11	[{"keyword":"setyanovanto","from":"2017-03-17","mode":"submitSocial","container":"all","username":"arwin"}]
2017-03-19 05:10:17	[{"keyword":"jokowi","from":"2017-03-17","mode":"submitSocial","container":"all","username":"arwin"}]
2017-03-19 05:10:25	[{"keyword":"ahok","from":"2017-03-17","mode":"submitSocial","container":"all","username":"arwin"}]
2017-03-19 05:10:28	[{"keyword":"prabowo","from":"2017-03-17","mode":"submitSocial","container":"all","username":"arwin"}]
2017-03-19 05:10:31	[{"keyword":"sudirman said","from":"2017-03-17","mode":"submitSocial","container":"all","username":"arwin"}]
2017-03-19 05:10:34	[{"keyword":"setyanovanto","from":"2017-03-17","mode":"submitSocial","container":"all","username":"arwin"}]
2017-03-19 05:10:39	[{"keyword":"galau","from":"2017-03-17","mode":"submitSocial","container":"all","username":"arwin"}]
2017-03-19 05:10:42	[{"keyword":"#prestasiindonesia","from":"2017-03-17","mode":"submitSocial","container":"all","username":"arwin"}]
2017-03-19 05:10:45	[{"keyword":"@tw_debi","from":"2017-03-17","mode":"submitSocial","container":"all","username":"arwin"}]
2017-03-19 05:10:47	[{"keyword":"@officialfastron","from":"2017-03-17","mode":"submitSocial","container":"all","username":"arwin"}]
2017-03-19 05:10:50	[{"keyword":"@citibankid","from":"2017-03-17","mode":"submitSocial","container":"all","username":"arwin"}]
2017-03-19 05:10:53	[{"keyword":"@jak101fm","from":"2017-03-17","mode":"submitSocial","container":"all","username":"arwin"}]
2017-03-19 05:10:57	[{"keyword":"@genfm","from":"2017-03-17","mode":"submitSocial","container":"all","username":"arwin"}]
