2017-07-23 05:00:01	worker	@987genfm;2017-07-21 - 2017-07-21;submitSocial;all;arwin
2017-07-23 05:00:06	worker	@101jakfm;2017-07-21 - 2017-07-21;submitSocial;all;arwin
2017-07-23 05:00:09	worker	@prambors;2017-07-21 - 2017-07-21;submitSocial;all;arwin
2017-07-23 05:00:11	worker	@hardrockfm;2017-07-21 - 2017-07-21;submitSocial;all;arwin
2017-07-23 05:00:14	worker	@kisfmjakarta;2017-07-21 - 2017-07-21;submitSocial;all;arwin
2017-07-23 05:00:16	worker	@delta_fm;2017-07-21 - 2017-07-21;submitSocial;all;arwin
2017-07-23 05:00:19	worker	@traxfmjkt;2017-07-21 - 2017-07-21;submitSocial;all;arwin
2017-07-23 05:00:21	worker	@iradiojakarta;2017-07-21 - 2017-07-21;submitSocial;all;arwin
2017-07-23 05:00:24	worker	@indika9160fm;2017-07-21 - 2017-07-21;submitSocial;all;arwin
2017-07-23 05:00:26	worker	@shellindonesia;2017-07-21 - 2017-07-21;submitSocial;all;arwin
2017-07-23 05:00:28	worker	@vpowerfans;2017-07-21 - 2017-07-21;submitSocial;all;arwin
2017-07-23 05:00:30	worker	@pertamaxind;2017-07-21 - 2017-07-21;submitSocial;all;arwin
2017-07-23 05:00:32	worker	@ptpertamina;2017-07-21 - 2017-07-21;submitSocial;all;arwin
2017-07-23 05:00:35	worker	@OZRadioJakarta;2017-07-21 - 2017-07-21;submitSocial;all;arwin
2017-07-23 05:00:37	worker	@CosmopolitanFM;2017-07-21 - 2017-07-21;submitSocial;all;arwin
2017-07-23 05:00:40	worker	@mustang88fm;2017-07-21 - 2017-07-21;submitSocial;all;arwin
2017-07-23 05:00:42	worker	@debabaz;2017-07-21 - 2017-07-21;submitSocial;all;arwin
2017-07-23 05:00:44	worker	@detikcom;2017-07-21 - 2017-07-21;submitSocial;all;arwin
2017-07-23 05:00:48	worker	@radioelshinta;2017-07-21 - 2017-07-21;submitSocial;all;arwin
2017-07-23 05:00:50	worker	@cinema21;2017-07-21 - 2017-07-21;submitSocial;all;arwin
2017-07-23 05:00:52	worker	@OfficialRCTI;2017-07-21 - 2017-07-21;submitSocial;all;arwin
2017-07-23 05:00:55	worker	@TRANSTV_CORP;2017-07-21 - 2017-07-21;submitSocial;all;arwin
2017-07-23 05:00:57	worker	@TRANS7;2017-07-21 - 2017-07-21;submitSocial;all;arwin
2017-07-23 05:01:00	worker	@Metro_TV;2017-07-21 - 2017-07-21;submitSocial;all;arwin
2017-07-23 05:01:02	worker	@tvOneNews;2017-07-21 - 2017-07-21;submitSocial;all;arwin
2017-07-23 05:01:05	worker	@whatsonANTV;2017-07-21 - 2017-07-21;submitSocial;all;arwin
2017-07-23 05:01:07	worker	@SCTV_;2017-07-21 - 2017-07-21;submitSocial;all;arwin
2017-07-23 05:01:10	worker	@KompasTV;2017-07-21 - 2017-07-21;submitSocial;all;arwin
2017-07-23 05:01:12	worker	@netmediatama;2017-07-21 - 2017-07-21;submitSocial;all;arwin
2017-07-23 05:01:15	worker	@Globaltvseru;2017-07-21 - 2017-07-21;submitSocial;all;arwin
2017-07-23 05:01:17	worker	@JaktvCom;2017-07-21 - 2017-07-21;submitSocial;all;arwin
2017-07-23 05:01:20	worker	@TVRINasional;2017-07-21 - 2017-07-21;submitSocial;all;arwin
2017-07-23 05:01:22	worker	@ochannelupdates;2017-07-21 - 2017-07-21;submitSocial;all;arwin
2017-07-23 05:01:24	worker	@IndosiarID;2017-07-21 - 2017-07-21;submitSocial;all;arwin
2017-07-23 05:01:27	worker	@kompascom;2017-07-21 - 2017-07-21;submitSocial;all;arwin
2017-07-23 05:01:31	worker	@merdekadotcom;2017-07-21 - 2017-07-21;submitSocial;all;arwin
2017-07-23 05:01:33	worker	@MIdotcom;2017-07-21 - 2017-07-21;submitSocial;all;arwin
2017-07-23 05:01:35	worker	@tempodotco;2017-07-21 - 2017-07-21;submitSocial;all;arwin
2017-07-23 05:01:38	worker	@motion975fm;2017-07-21 - 2017-07-21;submitSocial;all;arwin
2017-07-23 05:01:40	worker	@_radiotoday;2017-07-21 - 2017-07-21;submitSocial;all;arwin
2017-07-23 05:01:43	worker	@radioinfo;2017-07-21 - 2017-07-21;submitSocial;all;arwin
2017-07-23 05:01:45	worker	@979FeMaleRadio;2017-07-21 - 2017-07-21;submitSocial;all;arwin
2017-07-23 05:01:47	worker	@WomanRadio943FM;2017-07-21 - 2017-07-21;submitSocial;all;arwin
2017-07-23 05:01:49	worker	@VRadioFM;2017-07-21 - 2017-07-21;submitSocial;all;arwin
2017-07-23 05:01:51	worker	@UFM947;2017-07-21 - 2017-07-21;submitSocial;all;arwin
2017-07-23 05:01:53	worker	@VIVAnews;2017-07-21 - 2017-07-21;submitSocial;all;arwin
2017-07-23 05:01:56	worker	@antaranews;2017-07-21 - 2017-07-21;submitSocial;all;arwin
2017-07-23 05:01:58	worker	@tribunnews;2017-07-21 - 2017-07-21;submitSocial;all;arwin
2017-07-23 05:02:01	worker	@okezonenews;2017-07-21 - 2017-07-21;submitSocial;all;arwin
2017-07-23 05:02:03	worker	@Beritasatu;2017-07-21 - 2017-07-21;submitSocial;all;arwin
2017-07-23 05:02:06	worker	@rollingstoneina;2017-07-21 - 2017-07-21;submitSocial;all;arwin
2017-07-23 05:02:08	worker	@FIMELAdotcom;2017-07-21 - 2017-07-21;submitSocial;all;arwin
2017-07-23 05:02:10	worker	@KapanLagicom;2017-07-21 - 2017-07-21;submitSocial;all;arwin
2017-07-23 05:02:12	worker	@KompasEnt ;2017-07-21 - 2017-07-21;submitSocial;all;arwin
2017-07-23 05:02:15	worker	@HaiMagazine;2017-07-21 - 2017-07-21;submitSocial;all;arwin
2017-07-23 05:02:17	worker	@JakartaVenue;2017-07-21 - 2017-07-21;submitSocial;all;arwin
2017-07-23 05:02:19	worker	@SeputarEvent;2017-07-21 - 2017-07-21;submitSocial;all;arwin
2017-07-23 05:02:22	worker	@ismayaLive;2017-07-21 - 2017-07-21;submitSocial;all;arwin
2017-07-23 05:02:24	worker	@ECEntertainment;2017-07-21 - 2017-07-21;submitSocial;all;arwin
2017-07-23 05:02:26	worker	@synergism_En;2017-07-21 - 2017-07-21;submitSocial;all;arwin
2017-07-23 05:02:28	worker	@Urbanbandung;2017-07-21 - 2017-07-21;submitSocial;all;arwin
2017-07-23 05:02:30	worker	@Urbanrkm995;2017-07-21 - 2017-07-21;submitSocial;all;arwin
2017-07-23 05:02:32	worker	@Garuda_Promo;2017-07-21 - 2017-07-21;submitSocial;all;arwin
2017-07-23 05:02:35	worker	@AirAsiaID;2017-07-21 - 2017-07-21;submitSocial;all;arwin
2017-07-23 05:02:37	worker	@KAI121;2017-07-21 - 2017-07-21;submitSocial;all;arwin
2017-07-23 05:02:39	worker	@Unilever;2017-07-21 - 2017-07-21;submitSocial;all;arwin
2017-07-23 05:02:42	worker	@Nestle;2017-07-21 - 2017-07-21;submitSocial;all;arwin
2017-07-23 05:02:44	worker	@CocaCola;2017-07-21 - 2017-07-21;submitSocial;all;arwin
2017-07-23 05:02:47	worker	@CNN;2017-07-21 - 2017-07-21;submitSocial;all;arwin
2017-07-23 05:02:56	worker	@MTV;2017-07-21 - 2017-07-21;submitSocial;all;arwin
2017-07-23 05:03:01	worker	@channelv;2017-07-21 - 2017-07-21;submitSocial;all;arwin
2017-07-23 05:03:03	worker	@iTunesMusic;2017-07-21 - 2017-07-21;submitSocial;all;arwin
2017-07-23 05:03:05	worker	@mashable;2017-07-21 - 2017-07-21;submitSocial;all;arwin
2017-07-23 05:03:09	worker	@decacaz;2017-07-21 - 2017-07-21;submitSocial;all;arwin
2017-07-23 05:03:11	worker	@radiobaru967FM;2017-07-21 - 2017-07-21;submitSocial;all;arwin
2017-07-23 05:03:13	worker	@967HitzFM;2017-07-21 - 2017-07-21;submitSocial;all;arwin
2017-07-23 05:03:16	worker	@TVGuide;2017-07-21 - 2017-07-21;submitSocial;all;arwin
2017-07-23 05:03:19	worker	@XL123;2017-07-21 - 2017-07-21;submitSocial;all;arwin
2017-07-23 05:03:21	worker	@triindonesia;2017-07-21 - 2017-07-21;submitSocial;all;arwin
2017-07-23 05:03:23	worker	@kaskus;2017-07-21 - 2017-07-21;submitSocial;all;arwin
2017-07-23 05:03:26	worker	@Studio_XXI;2017-07-21 - 2017-07-21;submitSocial;all;arwin
2017-07-23 05:03:28	worker	@blitzmegaplex;2017-07-21 - 2017-07-21;submitSocial;all;arwin
2017-07-23 05:03:30	worker	@alfamartku;2017-07-21 - 2017-07-21;submitSocial;all;arwin
2017-07-23 05:03:32	worker	@Carrefour_ID;2017-07-21 - 2017-07-21;submitSocial;all;arwin
2017-07-23 05:03:35	worker	@BBCBreaking;2017-07-21 - 2017-07-21;submitSocial;all;arwin
2017-07-23 05:03:38	worker	@Forbes;2017-07-21 - 2017-07-21;submitSocial;all;arwin
2017-07-23 05:03:46	worker	@BensRadio;2017-07-21 - 2017-07-21;submitSocial;all;arwin
2017-07-23 05:03:49	worker	@instagram;2017-07-21 - 2017-07-21;submitSocial;all;arwin
2017-07-23 05:03:54	worker	@Pinterest;2017-07-21 - 2017-07-21;submitSocial;all;arwin
2017-07-23 05:03:57	worker	@google;2017-07-21 - 2017-07-21;submitSocial;all;arwin
2017-07-23 05:04:04	worker	@Pertaminalub;2017-07-21 - 2017-07-21;submitSocial;all;arwin
2017-07-23 05:04:06	worker	ll;arwin
2017-07-23 05:04:07	worker	#generaksi8;2017-07-21 - 2017-07-21;submitSocial;all;arwin
2017-07-23 05:04:09	worker	#365alasan;2017-07-21 - 2017-07-21;submitSocial;all;arwin
2017-07-23 05:04:11	worker	weew;2017-07-21 - 2017-07-21;submitSocial;all;arwin
2017-07-23 05:04:14	worker	testing;2017-07-21 - 2017-07-21;submitSocial;all;arwin
2017-07-23 05:04:22	worker	#kopaja;2017-07-21 - 2017-07-21;submitSocial;all;arwin
2017-07-23 05:04:24	worker	#genkuisinsideout;2017-07-21 - 2017-07-21;submitSocial;all;arwin
2017-07-23 05:04:26	worker	starwars;2017-07-21 - 2017-07-21;submitSocial;all;arwin
2017-07-23 05:04:29	worker	#kopaja;2017-07-21 - 2017-07-21;submitSocial;all;arwin
2017-07-23 05:04:31	worker	mldspot;2017-07-21 - 2017-07-21;submitSocial;all;arwin
2017-07-23 05:04:34	worker	PBDjarum;2017-07-21 - 2017-07-21;submitSocial;all;arwin
2017-07-23 05:04:36	worker	TemanNabati;2017-07-21 - 2017-07-21;submitSocial;all;arwin
2017-07-23 05:04:38	worker	Nextar;2017-07-21 - 2017-07-21;submitSocial;all;arwin
2017-07-23 05:04:41	worker	jokowo;2017-07-21 - 2017-07-21;submitSocial;all;arwin
2017-07-23 05:04:44	worker	prabowo;2017-07-21 - 2017-07-21;submitSocial;all;arwin
2017-07-23 05:04:48	worker	sudirman said;2017-07-21 - 2017-07-21;submitSocial;all;arwin
2017-07-23 05:04:50	worker	ahok;2017-07-21 - 2017-07-21;submitSocial;all;arwin
2017-07-23 05:04:55	worker	setyanovanto;2017-07-21 - 2017-07-21;submitSocial;all;arwin
2017-07-23 05:04:57	worker	jokowi;2017-07-21 - 2017-07-21;submitSocial;all;arwin
2017-07-23 05:05:06	worker	ahok;2017-07-21 - 2017-07-21;submitSocial;all;arwin
2017-07-23 05:05:12	worker	prabowo;2017-07-21 - 2017-07-21;submitSocial;all;arwin
2017-07-23 05:05:16	worker	sudirman said;2017-07-21 - 2017-07-21;submitSocial;all;arwin
2017-07-23 05:05:19	worker	setyanovanto;2017-07-21 - 2017-07-21;submitSocial;all;arwin
2017-07-23 05:05:21	worker	galau;2017-07-21 - 2017-07-21;submitSocial;all;arwin
2017-07-23 05:05:25	worker	#prestasiindonesia;2017-07-21 - 2017-07-21;submitSocial;all;arwin
2017-07-23 05:05:27	worker	@Tw_Debi;2017-07-21 - 2017-07-21;submitSocial;all;arwin
2017-07-23 05:05:30	worker	@OfficialFastron;2017-07-21 - 2017-07-21;submitSocial;all;arwin
2017-07-23 05:05:32	worker	@CitibankID;2017-07-21 - 2017-07-21;submitSocial;all;arwin
2017-07-23 05:05:34	worker	@jak101fm;2017-07-21 - 2017-07-21;submitSocial;all;arwin
2017-07-23 05:05:36	worker	@genfm;2017-07-21 - 2017-07-21;submitSocial;all;arwin
2017-07-23 05:05:41	worker	@yamahaindonesia;2017-07-21 - 2017-07-21;submitSocial;all;arwin
2017-07-23 05:05:43	worker	@tripanzee;2017-07-21 - 2017-07-21;submitSocial;all;arwin
2017-07-23 05:05:46	worker	@arnoldpoernomo;2017-07-21 - 2017-07-21;submitSocial;all;arwin
2017-07-23 05:05:48	worker	@nicsap;2017-07-21 - 2017-07-21;submitSocial;all;arwin
2017-07-23 05:05:50	worker	@tiket2;2017-07-21 - 2017-07-21;submitSocial;all;arwin
2017-07-23 05:05:52	worker	@traveloka;2017-07-21 - 2017-07-21;submitSocial;all;arwin
2017-07-23 05:05:55	worker	@wego;2017-07-21 - 2017-07-21;submitSocial;all;arwin
2017-07-23 05:05:58	worker	@agoda;2017-07-21 - 2017-07-21;submitSocial;all;arwin
2017-07-23 05:06:01	worker	#salahsambung;2017-07-21 - 2017-07-21;submitSocial;all;arwin
2017-07-23 05:06:03	worker	#tulalit;2017-07-21 - 2017-07-21;submitSocial;all;arwin
2017-07-23 05:06:06	worker	#pestageneraksi8;2017-07-21 - 2017-07-21;submitSocial;all;arwin
2017-07-23 05:06:07	worker	#ganaskustik;2017-07-21 - 2017-07-21;submitSocial;all;arwin
2017-07-23 05:06:09	worker	#lnhot20;2017-07-21 - 2017-07-21;submitSocial;all;arwin
2017-07-23 05:06:11	worker	@TripAdvisor;2017-07-21 - 2017-07-21;submitSocial;all;arwin
2017-07-23 05:06:14	worker	@google;2017-07-21 - 2017-07-21;submitSocial;all;arwin
2017-07-23 05:06:21	worker	@Telkomsel;2017-07-21 - 2017-07-21;submitSocial;all;arwin
2017-07-23 05:06:24	worker	@indosat;2017-07-21 - 2017-07-21;submitSocial;all;arwin
2017-07-23 05:06:26	worker	@bahanafmjkt;2017-07-21 - 2017-07-21;submitSocial;all;arwin
2017-07-23 05:06:28	worker	@sonorafm92;2017-07-21 - 2017-07-21;submitSocial;all;arwin
2017-07-23 05:06:30	worker	@litefm1058;2017-07-21 - 2017-07-21;submitSocial;all;arwin
2017-07-23 05:06:32	worker	@Bravaradio;2017-07-21 - 2017-07-21;submitSocial;all;arwin
2017-07-23 05:06:34	worker	#dgitm;2017-07-21 - 2017-07-21;submitSocial;all;arwin
2017-07-23 05:06:37	worker	#hitsalaprambors;2017-07-21 - 2017-07-21;submitSocial;all;arwin
2017-07-23 05:06:39	worker	#reqprambors;2017-07-21 - 2017-07-21;submitSocial;all;arwin
2017-07-23 05:06:41	worker	#thedandees;2017-07-21 - 2017-07-21;submitSocial;all;arwin
2017-07-23 05:06:43	worker	#pramborsquiz;2017-07-21 - 2017-07-21;submitSocial;all;arwin
2017-07-23 05:06:45	worker	#jeliprambors;2017-07-21 - 2017-07-21;submitSocial;all;arwin
2017-07-23 05:06:47	worker	#jodohinprambors;2017-07-21 - 2017-07-21;submitSocial;all;arwin
2017-07-23 05:06:49	worker	#ubahdenganbicara;2017-07-21 - 2017-07-21;submitSocial;all;arwin
2017-07-23 05:06:51	worker	#pramborschat;2017-07-21 - 2017-07-21;submitSocial;all;arwin
2017-07-23 05:06:53	worker	#tweetforduit;2017-07-21 - 2017-07-21;submitSocial;all;arwin
2017-07-23 05:06:56	worker	#joki3in1;2017-07-21 - 2017-07-21;submitSocial;all;arwin
2017-07-23 05:06:57	worker	#sarapanseru;2017-07-21 - 2017-07-21;submitSocial;all;arwin
2017-07-23 05:07:00	worker	#rawonkaneloop;2017-07-21 - 2017-07-21;submitSocial;all;arwin
2017-07-23 05:07:02	worker	#gudegkendilkeraton;2017-07-21 - 2017-07-21;submitSocial;all;arwin
2017-07-23 05:07:04	worker	#gadogadobutika;2017-07-21 - 2017-07-21;submitSocial;all;arwin
2017-07-23 05:07:06	worker	#mtvhottest;2017-07-21 - 2017-07-21;submitSocial;all;arwin
2017-07-23 05:07:08	worker	#dimsumcjdw;2017-07-21 - 2017-07-21;submitSocial;all;arwin
2017-07-23 05:07:10	worker	#pecelmadiunmbakniek;2017-07-21 - 2017-07-21;submitSocial;all;arwin
2017-07-23 05:07:12	worker	#depotarema;2017-07-21 - 2017-07-21;submitSocial;all;arwin
2017-07-23 05:07:14	worker	@BNI46;2017-07-21 - 2017-07-21;submitSocial;all;arwin
2017-07-23 05:07:17	worker	@BANKBRI_ID;2017-07-21 - 2017-07-21;submitSocial;all;arwin
2017-07-23 05:07:19	worker	#bni46;2017-07-21 - 2017-07-21;submitSocial;all;arwin
2017-07-23 05:07:21	worker	macet;2017-07-21 - 2017-07-21;submitSocial;all;arwin
2017-07-23 05:07:25	worker	#selamatpagi;2017-07-21 - 2017-07-21;submitSocial;all;arwin
2017-07-23 05:07:27	worker	#selamatmalam;2017-07-21 - 2017-07-21;submitSocial;all;arwin
2017-07-23 05:07:29	worker	@884GlobalRadio;2017-07-21 - 2017-07-21;submitSocial;all;arwin
2017-07-23 05:07:31	worker	@day_trans;2017-07-21 - 2017-07-21;submitSocial;all;arwin
2017-07-23 05:07:34	worker	@kencanavoyage;2017-07-21 - 2017-07-21;submitSocial;all;arwin
2017-07-23 05:07:36	worker	@jukebox5d;2017-07-21 - 2017-07-21;submitSocial;all;arwin
2017-07-23 05:07:38	worker	#mtvhottest;2017-07-21 - 2017-07-21;submitSocial;all;arwin
2017-07-23 05:07:40	worker	#semangatpagi;2017-07-21 - 2017-07-21;submitSocial;all;arwin
2017-07-23 05:07:42	worker	lifebuoy;2017-07-21 - 2017-07-21;submitSocial;all;arwin
2017-07-23 05:07:44	worker	jokowi;2017-07-21 - 2017-07-21;submitSocial;all;arwin
2017-07-23 05:07:53	worker	obama;2017-07-21 - 2017-07-21;submitSocial;all;arwin
2017-07-23 05:08:01	worker	starwars;2017-07-21 - 2017-07-21;submitSocial;all;arwin
2017-07-23 05:08:04	worker	jonan;2017-07-21 - 2017-07-21;submitSocial;all;arwin
2017-07-23 05:08:07	worker	pagi;2017-07-21 - 2017-07-21;submitSocial;all;arwin
2017-07-23 05:08:16	worker	sampoerna;2017-07-21 - 2017-07-21;submitSocial;all;arwin
2017-07-23 05:08:18	worker	djarum;2017-07-21 - 2017-07-21;submitSocial;all;arwin
2017-07-23 05:08:21	worker	#semangatpagi;2017-07-21 - 2017-07-21;submitSocial;all;arwin
2017-07-23 05:08:23	worker	#generaksi8;2017-07-21 - 2017-07-21;submitSocial;all;arwin
2017-07-23 05:08:24	worker	#365alasan;2017-07-21 - 2017-07-21;submitSocial;all;arwin
2017-07-23 05:08:27	worker	weew;2017-07-21 - 2017-07-21;submitSocial;all;arwin
2017-07-23 05:08:30	worker	testing;2017-07-21 - 2017-07-21;submitSocial;all;arwin
2017-07-23 05:08:37	worker	#kopaja;2017-07-21 - 2017-07-21;submitSocial;all;arwin
2017-07-23 05:08:40	worker	#genkuisinsideout;2017-07-21 - 2017-07-21;submitSocial;all;arwin
2017-07-23 05:08:42	worker	starwars;2017-07-21 - 2017-07-21;submitSocial;all;arwin
2017-07-23 05:08:44	worker	#kopaja;2017-07-21 - 2017-07-21;submitSocial;all;arwin
2017-07-23 05:08:47	worker	mldspot;2017-07-21 - 2017-07-21;submitSocial;all;arwin
2017-07-23 05:08:49	worker	PBDjarum;2017-07-21 - 2017-07-21;submitSocial;all;arwin
2017-07-23 05:08:52	worker	TemanNabati;2017-07-21 - 2017-07-21;submitSocial;all;arwin
2017-07-23 05:08:54	worker	Nextar;2017-07-21 - 2017-07-21;submitSocial;all;arwin
2017-07-23 05:08:56	worker	jokowo;2017-07-21 - 2017-07-21;submitSocial;all;arwin
2017-07-23 05:08:59	worker	prabowo;2017-07-21 - 2017-07-21;submitSocial;all;arwin
2017-07-23 05:09:04	worker	sudirman said;2017-07-21 - 2017-07-21;submitSocial;all;arwin
2017-07-23 05:09:06	worker	ahok;2017-07-21 - 2017-07-21;submitSocial;all;arwin
2017-07-23 05:09:11	worker	setyanovanto;2017-07-21 - 2017-07-21;submitSocial;all;arwin
2017-07-23 05:09:14	worker	jokowi;2017-07-21 - 2017-07-21;submitSocial;all;arwin
2017-07-23 05:09:22	worker	ahok;2017-07-21 - 2017-07-21;submitSocial;all;arwin
2017-07-23 05:09:27	worker	prabowo;2017-07-21 - 2017-07-21;submitSocial;all;arwin
2017-07-23 05:09:32	worker	sudirman said;2017-07-21 - 2017-07-21;submitSocial;all;arwin
2017-07-23 05:09:34	worker	setyanovanto;2017-07-21 - 2017-07-21;submitSocial;all;arwin
2017-07-23 05:09:36	worker	galau;2017-07-21 - 2017-07-21;submitSocial;all;arwin
2017-07-23 05:09:40	worker	#prestasiindonesia;2017-07-21 - 2017-07-21;submitSocial;all;arwin
2017-07-23 05:09:42	worker	@Tw_Debi;2017-07-21 - 2017-07-21;submitSocial;all;arwin
2017-07-23 05:09:45	worker	@OfficialFastron;2017-07-21 - 2017-07-21;submitSocial;all;arwin
2017-07-23 05:09:47	worker	@CitibankID;2017-07-21 - 2017-07-21;submitSocial;all;arwin
2017-07-23 05:09:49	worker	@jak101fm;2017-07-21 - 2017-07-21;submitSocial;all;arwin
2017-07-23 05:09:51	worker	@genfm;2017-07-21 - 2017-07-21;submitSocial;all;arwin
