2017-08-04 05:00:03	worker	@987genfm;2017-08-02 - 2017-08-02;submitSocial;all;arwin
2017-08-04 05:00:06	worker	@101jakfm;2017-08-02 - 2017-08-02;submitSocial;all;arwin
2017-08-04 05:00:08	worker	@prambors;2017-08-02 - 2017-08-02;submitSocial;all;arwin
2017-08-04 05:00:11	worker	@hardrockfm;2017-08-02 - 2017-08-02;submitSocial;all;arwin
2017-08-04 05:00:13	worker	@kisfmjakarta;2017-08-02 - 2017-08-02;submitSocial;all;arwin
2017-08-04 05:00:16	worker	@delta_fm;2017-08-02 - 2017-08-02;submitSocial;all;arwin
2017-08-04 05:00:18	worker	@traxfmjkt;2017-08-02 - 2017-08-02;submitSocial;all;arwin
2017-08-04 05:00:20	worker	@iradiojakarta;2017-08-02 - 2017-08-02;submitSocial;all;arwin
2017-08-04 05:00:23	worker	@indika9160fm;2017-08-02 - 2017-08-02;submitSocial;all;arwin
2017-08-04 05:00:25	worker	@shellindonesia;2017-08-02 - 2017-08-02;submitSocial;all;arwin
2017-08-04 05:00:27	worker	@vpowerfans;2017-08-02 - 2017-08-02;submitSocial;all;arwin
2017-08-04 05:00:29	worker	@pertamaxind;2017-08-02 - 2017-08-02;submitSocial;all;arwin
2017-08-04 05:00:31	worker	@ptpertamina;2017-08-02 - 2017-08-02;submitSocial;all;arwin
2017-08-04 05:00:34	worker	@OZRadioJakarta;2017-08-02 - 2017-08-02;submitSocial;all;arwin
2017-08-04 05:00:36	worker	@CosmopolitanFM;2017-08-02 - 2017-08-02;submitSocial;all;arwin
2017-08-04 05:00:38	worker	@mustang88fm;2017-08-02 - 2017-08-02;submitSocial;all;arwin
2017-08-04 05:00:40	worker	@debabaz;2017-08-02 - 2017-08-02;submitSocial;all;arwin
2017-08-04 05:00:42	worker	@detikcom;2017-08-02 - 2017-08-02;submitSocial;all;arwin
2017-08-04 05:00:47	worker	@radioelshinta;2017-08-02 - 2017-08-02;submitSocial;all;arwin
2017-08-04 05:00:49	worker	@cinema21;2017-08-02 - 2017-08-02;submitSocial;all;arwin
2017-08-04 05:00:51	worker	@OfficialRCTI;2017-08-02 - 2017-08-02;submitSocial;all;arwin
2017-08-04 05:00:54	worker	@TRANSTV_CORP;2017-08-02 - 2017-08-02;submitSocial;all;arwin
2017-08-04 05:00:56	worker	@TRANS7;2017-08-02 - 2017-08-02;submitSocial;all;arwin
2017-08-04 05:00:58	worker	@Metro_TV;2017-08-02 - 2017-08-02;submitSocial;all;arwin
2017-08-04 05:01:01	worker	@tvOneNews;2017-08-02 - 2017-08-02;submitSocial;all;arwin
2017-08-04 05:01:04	worker	@whatsonANTV;2017-08-02 - 2017-08-02;submitSocial;all;arwin
2017-08-04 05:01:07	worker	@SCTV_;2017-08-02 - 2017-08-02;submitSocial;all;arwin
2017-08-04 05:01:09	worker	@KompasTV;2017-08-02 - 2017-08-02;submitSocial;all;arwin
2017-08-04 05:01:12	worker	@netmediatama;2017-08-02 - 2017-08-02;submitSocial;all;arwin
2017-08-04 05:01:14	worker	@Globaltvseru;2017-08-02 - 2017-08-02;submitSocial;all;arwin
2017-08-04 05:01:16	worker	@JaktvCom;2017-08-02 - 2017-08-02;submitSocial;all;arwin
2017-08-04 05:01:19	worker	@TVRINasional;2017-08-02 - 2017-08-02;submitSocial;all;arwin
2017-08-04 05:01:21	worker	@ochannelupdates;2017-08-02 - 2017-08-02;submitSocial;all;arwin
2017-08-04 05:01:23	worker	@IndosiarID;2017-08-02 - 2017-08-02;submitSocial;all;arwin
2017-08-04 05:01:26	worker	@kompascom;2017-08-02 - 2017-08-02;submitSocial;all;arwin
2017-08-04 05:01:30	worker	@merdekadotcom;2017-08-02 - 2017-08-02;submitSocial;all;arwin
2017-08-04 05:01:32	worker	@MIdotcom;2017-08-02 - 2017-08-02;submitSocial;all;arwin
2017-08-04 05:01:35	worker	@tempodotco;2017-08-02 - 2017-08-02;submitSocial;all;arwin
2017-08-04 05:01:37	worker	@motion975fm;2017-08-02 - 2017-08-02;submitSocial;all;arwin
2017-08-04 05:01:40	worker	@_radiotoday;2017-08-02 - 2017-08-02;submitSocial;all;arwin
2017-08-04 05:01:42	worker	@radioinfo;2017-08-02 - 2017-08-02;submitSocial;all;arwin
2017-08-04 05:01:44	worker	@979FeMaleRadio;2017-08-02 - 2017-08-02;submitSocial;all;arwin
2017-08-04 05:01:46	worker	@WomanRadio943FM;2017-08-02 - 2017-08-02;submitSocial;all;arwin
2017-08-04 05:01:48	worker	@VRadioFM;2017-08-02 - 2017-08-02;submitSocial;all;arwin
2017-08-04 05:01:50	worker	@UFM947;2017-08-02 - 2017-08-02;submitSocial;all;arwin
2017-08-04 05:01:52	worker	@VIVAnews;2017-08-02 - 2017-08-02;submitSocial;all;arwin
2017-08-04 05:01:55	worker	@antaranews;2017-08-02 - 2017-08-02;submitSocial;all;arwin
2017-08-04 05:01:57	worker	@tribunnews;2017-08-02 - 2017-08-02;submitSocial;all;arwin
2017-08-04 05:02:00	worker	@okezonenews;2017-08-02 - 2017-08-02;submitSocial;all;arwin
2017-08-04 05:02:03	worker	@Beritasatu;2017-08-02 - 2017-08-02;submitSocial;all;arwin
2017-08-04 05:02:05	worker	@rollingstoneina;2017-08-02 - 2017-08-02;submitSocial;all;arwin
2017-08-04 05:02:07	worker	@FIMELAdotcom;2017-08-02 - 2017-08-02;submitSocial;all;arwin
2017-08-04 05:02:10	worker	@KapanLagicom;2017-08-02 - 2017-08-02;submitSocial;all;arwin
2017-08-04 05:02:12	worker	@KompasEnt ;2017-08-02 - 2017-08-02;submitSocial;all;arwin
2017-08-04 05:02:14	worker	@HaiMagazine;2017-08-02 - 2017-08-02;submitSocial;all;arwin
2017-08-04 05:02:16	worker	@JakartaVenue;2017-08-02 - 2017-08-02;submitSocial;all;arwin
2017-08-04 05:02:18	worker	@SeputarEvent;2017-08-02 - 2017-08-02;submitSocial;all;arwin
2017-08-04 05:02:20	worker	@ismayaLive;2017-08-02 - 2017-08-02;submitSocial;all;arwin
2017-08-04 05:02:23	worker	@ECEntertainment;2017-08-02 - 2017-08-02;submitSocial;all;arwin
2017-08-04 05:02:25	worker	@synergism_En;2017-08-02 - 2017-08-02;submitSocial;all;arwin
2017-08-04 05:02:27	worker	@Urbanbandung;2017-08-02 - 2017-08-02;submitSocial;all;arwin
2017-08-04 05:02:29	worker	@Urbanrkm995;2017-08-02 - 2017-08-02;submitSocial;all;arwin
2017-08-04 05:02:31	worker	@Garuda_Promo;2017-08-02 - 2017-08-02;submitSocial;all;arwin
2017-08-04 05:02:33	worker	@AirAsiaID;2017-08-02 - 2017-08-02;submitSocial;all;arwin
2017-08-04 05:02:35	worker	@KAI121;2017-08-02 - 2017-08-02;submitSocial;all;arwin
2017-08-04 05:02:37	worker	@Unilever;2017-08-02 - 2017-08-02;submitSocial;all;arwin
2017-08-04 05:02:40	worker	@Nestle;2017-08-02 - 2017-08-02;submitSocial;all;arwin
2017-08-04 05:02:42	worker	@CocaCola;2017-08-02 - 2017-08-02;submitSocial;all;arwin
2017-08-04 05:02:45	worker	@CNN;2017-08-02 - 2017-08-02;submitSocial;all;arwin
2017-08-04 05:02:52	worker	@MTV;2017-08-02 - 2017-08-02;submitSocial;all;arwin
2017-08-04 05:02:59	worker	@channelv;2017-08-02 - 2017-08-02;submitSocial;all;arwin
2017-08-04 05:03:01	worker	@iTunesMusic;2017-08-02 - 2017-08-02;submitSocial;all;arwin
2017-08-04 05:03:03	worker	@mashable;2017-08-02 - 2017-08-02;submitSocial;all;arwin
2017-08-04 05:03:07	worker	@decacaz;2017-08-02 - 2017-08-02;submitSocial;all;arwin
2017-08-04 05:03:09	worker	@radiobaru967FM;2017-08-02 - 2017-08-02;submitSocial;all;arwin
2017-08-04 05:03:11	worker	@967HitzFM;2017-08-02 - 2017-08-02;submitSocial;all;arwin
2017-08-04 05:03:13	worker	@TVGuide;2017-08-02 - 2017-08-02;submitSocial;all;arwin
2017-08-04 05:03:15	worker	@XL123;2017-08-02 - 2017-08-02;submitSocial;all;arwin
2017-08-04 05:03:18	worker	@triindonesia;2017-08-02 - 2017-08-02;submitSocial;all;arwin
2017-08-04 05:03:20	worker	@kaskus;2017-08-02 - 2017-08-02;submitSocial;all;arwin
2017-08-04 05:03:22	worker	@Studio_XXI;2017-08-02 - 2017-08-02;submitSocial;all;arwin
2017-08-04 05:03:25	worker	@blitzmegaplex;2017-08-02 - 2017-08-02;submitSocial;all;arwin
2017-08-04 05:03:26	worker	@alfamartku;2017-08-02 - 2017-08-02;submitSocial;all;arwin
2017-08-04 05:03:29	worker	@Carrefour_ID;2017-08-02 - 2017-08-02;submitSocial;all;arwin
2017-08-04 05:03:31	worker	@BBCBreaking;2017-08-02 - 2017-08-02;submitSocial;all;arwin
2017-08-04 05:03:34	worker	@Forbes;2017-08-02 - 2017-08-02;submitSocial;all;arwin
2017-08-04 05:03:41	worker	@BensRadio;2017-08-02 - 2017-08-02;submitSocial;all;arwin
2017-08-04 05:03:43	worker	@instagram;2017-08-02 - 2017-08-02;submitSocial;all;arwin
2017-08-04 05:03:49	worker	@Pinterest;2017-08-02 - 2017-08-02;submitSocial;all;arwin
2017-08-04 05:03:52	worker	@google;2017-08-02 - 2017-08-02;submitSocial;all;arwin
2017-08-04 05:04:00	worker	@Pertaminalub;2017-08-02 - 2017-08-02;submitSocial;all;arwin
2017-08-04 05:04:02	worker	@InfoLalinTol;2017-08-02 - 2017-08-02;submitSocial;all;arwin
2017-08-04 05:04:04	worker	@PTJASAMARGA;2017-08-02 - 2017-08-02;submitSocial;all;arwin
2017-08-04 05:04:06	worker	@cititransindo;2017-08-02 - 2017-08-02;submitSocial;all;arwin
2017-08-04 05:04:08	worker	#semangatpagisuperr;2017-08-02 - 2017-08-02;submitSocial;all;arwin
2017-08-04 05:04:10	worker	#genkuisinsideout;2017-08-02 - 2017-08-02;submitSocial;all;arwin
2017-08-04 05:04:12	worker	#semangatpagi;2017-08-02 - 2017-08-02;submitSocial;all;arwin
2017-08-04 05:04:14	worker	#dikamar;2017-08-02 - 2017-08-02;submitSocial;all;arwin
2017-08-04 05:04:16	worker	#kopaja;2017-08-02 - 2017-08-02;submitSocial;all;arwin
2017-08-04 05:04:19	worker	#generaksi8;2017-08-02 - 2017-08-02;submitSocial;all;arwin
2017-08-04 05:04:21	worker	#hitztsp;2017-08-02 - 2017-08-02;submitSocial;all;arwin
2017-08-04 05:04:23	worker	#np;2017-08-02 - 2017-08-02;submitSocial;all;arwin
2017-08-04 05:04:26	worker	#hitzlivestage;2017-08-02 - 2017-08-02;submitSocial;all;arwin
2017-08-04 05:04:28	worker	#thefreaks;2017-08-02 - 2017-08-02;submitSocial;all;arwin
2017-08-04 05:04:30	worker	#hitzsirkuspagi;2017-08-02 - 2017-08-02;submitSocial;all;arwin
2017-08-04 05:04:32	worker	#hitzathlon;2017-08-02 - 2017-08-02;submitSocial;all;arwin
2017-08-04 05:04:34	worker	#hitzzombie;2017-08-02 - 2017-08-02;submitSocial;all;arwin
2017-08-04 05:04:36	worker	#hitzkalong;2017-08-02 - 2017-08-02;submitSocial;all;arwin
2017-08-04 05:04:38	worker	#hitzbebas;2017-08-02 - 2017-08-02;submitSocial;all;arwin
2017-08-04 05:04:41	worker	#hitzhorehara;2017-08-02 - 2017-08-02;submitSocial;all;arwin
2017-08-04 05:04:43	worker	@ZaloraID;2017-08-02 - 2017-08-02;submitSocial;all;arwin
2017-08-04 05:04:45	worker	@OLX_Indonesia;2017-08-02 - 2017-08-02;submitSocial;all;arwin
2017-08-04 05:04:47	worker	@LazadaID;2017-08-02 - 2017-08-02;submitSocial;all;arwin
2017-08-04 05:04:50	worker	@utrippers;2017-08-02 - 2017-08-02;submitSocial;all;arwin
2017-08-04 05:04:52	worker	@GoGobot;2017-08-02 - 2017-08-02;submitSocial;all;arwin
2017-08-04 05:04:54	worker	@viatortravel;2017-08-02 - 2017-08-02;submitSocial;all;arwin
2017-08-04 05:04:56	worker	@alandakariza;2017-08-02 - 2017-08-02;submitSocial;all;arwin
2017-08-04 05:04:58	worker	@gagasmedia;2017-08-02 - 2017-08-02;submitSocial;all;arwin
2017-08-04 05:05:01	worker	@welovehonda;2017-08-02 - 2017-08-02;submitSocial;all;arwin
2017-08-04 05:05:04	worker	@SuzukiMotorID;2017-08-02 - 2017-08-02;submitSocial;all;arwin
2017-08-04 05:05:06	worker	@kawasakilovers;2017-08-02 - 2017-08-02;submitSocial;all;arwin
2017-08-04 05:05:08	worker	@yamahaindonesia;2017-08-02 - 2017-08-02;submitSocial;all;arwin
2017-08-04 05:05:11	worker	@tripanzee;2017-08-02 - 2017-08-02;submitSocial;all;arwin
2017-08-04 05:05:13	worker	@arnoldpoernomo;2017-08-02 - 2017-08-02;submitSocial;all;arwin
2017-08-04 05:05:15	worker	@nicsap;2017-08-02 - 2017-08-02;submitSocial;all;arwin
2017-08-04 05:05:18	worker	@tiket2;2017-08-02 - 2017-08-02;submitSocial;all;arwin
2017-08-04 05:05:20	worker	@traveloka;2017-08-02 - 2017-08-02;submitSocial;all;arwin
2017-08-04 05:05:22	worker	@wego;2017-08-02 - 2017-08-02;submitSocial;all;arwin
2017-08-04 05:05:25	worker	@agoda;2017-08-02 - 2017-08-02;submitSocial;all;arwin
2017-08-04 05:05:28	worker	#salahsambung;2017-08-02 - 2017-08-02;submitSocial;all;arwin
2017-08-04 05:05:30	worker	#tulalit;2017-08-02 - 2017-08-02;submitSocial;all;arwin
2017-08-04 05:05:32	worker	#pestageneraksi8;2017-08-02 - 2017-08-02;submitSocial;all;arwin
2017-08-04 05:05:34	worker	#ganaskustik;2017-08-02 - 2017-08-02;submitSocial;all;arwin
2017-08-04 05:05:36	worker	#lnhot20;2017-08-02 - 2017-08-02;submitSocial;all;arwin
2017-08-04 05:05:38	worker	@TripAdvisor;2017-08-02 - 2017-08-02;submitSocial;all;arwin
2017-08-04 05:05:40	worker	@google;2017-08-02 - 2017-08-02;submitSocial;all;arwin
2017-08-04 05:05:48	worker	@Telkomsel;2017-08-02 - 2017-08-02;submitSocial;all;arwin
2017-08-04 05:05:51	worker	@indosat;2017-08-02 - 2017-08-02;submitSocial;all;arwin
2017-08-04 05:05:53	worker	@bahanafmjkt;2017-08-02 - 2017-08-02;submitSocial;all;2017-08-04 05:05:59	worker	@sonorafm92;2017-08-02 - 2017-08-02;submitSocial;all;arwin
2017-08-04 05:06:01	worker	@litefm1058;2017-08-02 - 2017-08-02;submitSocial;all;arwin
2017-08-04 05:06:03	worker	@Bravaradio;2017-08-02 - 2017-08-02;submitSocial;all;arwin
2017-08-04 05:06:05	worker	#dgitm;2017-08-02 - 2017-08-02;submitSocial;all;arwin
2017-08-04 05:06:08	worker	#hitsalaprambors;2017-08-02 - 2017-08-02;submitSocial;all;arwin
2017-08-04 05:06:10	worker	#reqprambors;2017-08-02 - 2017-08-02;submitSocial;all;arwin
2017-08-04 05:06:12	worker	#thedandees;2017-08-02 - 2017-08-02;submitSocial;all;arwin
2017-08-04 05:06:14	worker	#pramborsquiz;2017-08-02 - 2017-08-02;submitSocial;all;arwin
2017-08-04 05:06:16	worker	#jeliprambors;2017-08-02 - 2017-08-02;submitSocial;all;arwin
2017-08-04 05:06:18	worker	#jodohinprambors;2017-08-02 - 2017-08-02;submitSocial;all;arwin
2017-08-04 05:06:20	worker	#ubahdenganbicara;2017-08-02 - 2017-08-02;submitSocial;all;arwin
2017-08-04 05:06:22	worker	#pramborschat;2017-08-02 - 2017-08-02;submitSocial;all;arwin
2017-08-04 05:06:24	worker	#tweetforduit;2017-08-02 - 2017-08-02;submitSocial;all;arwin
2017-08-04 05:06:26	worker	#joki3in1;2017-08-02 - 2017-08-02;submitSocial;all;arwin
2017-08-04 05:06:28	worker	#sarapanseru;2017-08-02 - 2017-08-02;submitSocial;all;arwin
2017-08-04 05:06:31	worker	#rawonkaneloop;2017-08-02 - 2017-08-02;submitSocial;all;arwin
2017-08-04 05:06:33	worker	#gudegkendilkeraton;2017-08-02 - 2017-08-02;submitSocial;all;arwin
2017-08-04 05:06:35	worker	#gadogadobutika;2017-08-02 - 2017-08-02;submitSocial;all;arwin
2017-08-04 05:06:36	worker	#mtvhottest;2017-08-02 - 2017-08-02;submitSocial;all;arwin
2017-08-04 05:06:39	worker	#dimsumcjdw;2017-08-02 - 2017-08-02;submitSocial;all;arwin
2017-08-04 05:06:41	worker	#pecelmadiunmbakniek;2017-08-02 - 2017-08-02;submitSocial;all;arwin
2017-08-04 05:06:43	worker	#depotarema;2017-08-02 - 2017-08-02;submitSocial;all;arwin
2017-08-04 05:06:45	worker	@BNI46;2017-08-02 - 2017-08-02;submitSocial;all;arwin
2017-08-04 05:06:47	worker	@BANKBRI_ID;2017-08-02 - 2017-08-02;submitSocial;all;arwin
2017-08-04 05:06:49	worker	#bni46;2017-08-02 - 2017-08-02;submitSocial;all;arwin
2017-08-04 05:06:52	worker	macet;2017-08-02 - 2017-08-02;submitSocial;all;arwin
2017-08-04 05:06:56	worker	#selamatpagi;2017-08-02 - 2017-08-02;submitSocial;all;arwin
2017-08-04 05:06:58	worker	#selamatmalam;2017-08-02 - 2017-08-02;submitSocial;all;arwin
2017-08-04 05:07:00	worker	@884GlobalRadio;2017-08-02 - 2017-08-02;submitSocial;all;arwin
2017-08-04 05:07:02	worker	@day_trans;2017-08-02 - 2017-08-02;submitSocial;all;arwin
2017-08-04 05:07:04	worker	@kencanavoyage;2017-08-02 - 2017-08-02;submitSocial;all;arwin
2017-08-04 05:07:06	worker	@jukebox5d;2017-08-02 - 2017-08-02;submitSocial;all;arwin
2017-08-04 05:07:08	worker	#mtvhottest;2017-08-02 - 2017-08-02;submitSocial;all;arwin
2017-08-04 05:07:11	worker	#semangatpagi;2017-08-02 - 2017-08-02;submitSocial;all;arwin
2017-08-04 05:07:13	worker	lifebuoy;2017-08-02 - 2017-08-02;submitSocial;all;arwin
2017-08-04 05:07:15	worker	jokowi;2017-08-02 - 2017-08-02;submitSocial;all;arwin
2017-08-04 05:07:22	worker	obama;2017-08-02 - 2017-08-02;submitSocial;all;arwin
2017-08-04 05:07:30	worker	starwars;2017-08-02 - 2017-08-02;submitSocial;all;arwin
2017-08-04 05:07:33	worker	jonan;2017-08-02 - 2017-08-02;submitSocial;all;arwin
2017-08-04 05:07:36	worker	pagi;2017-08-02 - 2017-08-02;submitSocial;all;arwin
2017-08-04 05:07:45	worker	sampoerna;2017-08-02 - 2017-08-02;submitSocial;all;arwin
2017-08-04 05:07:47	worker	djarum;2017-08-02 - 2017-08-02;submitSocial;all;arwin
2017-08-04 05:07:50	worker	#semangatpagi;2017-08-02 - 2017-08-02;submitSocial;all;arwin
2017-08-04 05:07:52	worker	#generaksi8;2017-08-02 - 2017-08-02;submitSocial;all;arwin
2017-08-04 05:07:53	worker	#365alasan;2017-08-02 - 2017-08-02;submitSocial;all;arwin
2017-08-04 05:07:56	worker	weew;2017-08-02 - 2017-08-02;submitSocial;all;arwin
2017-08-04 05:07:59	worker	testing;2017-08-02 - 2017-08-02;submitSocial;all;arwin
2017-08-04 05:08:06	worker	#kopaja;2017-08-02 - 2017-08-02;submitSocial;all;arwin
2017-08-04 05:08:09	worker	#genkuisinsideout;2017-08-02 - 2017-08-02;submitSocial;all;arwin
2017-08-04 05:08:11	worker	starwars;2017-08-02 - 2017-08-02;submitSocial;all;arwin
2017-08-04 05:08:13	worker	#kopaja;2017-08-02 - 2017-08-02;submitSocial;all;arwin
2017-08-04 05:08:16	worker	mldspot;2017-08-02 - 2017-08-02;submitSocial;all;arwin
2017-08-04 05:08:18	worker	PBDjarum;2017-08-02 - 2017-08-02;submitSocial;all;arwin
2017-08-04 05:08:21	worker	TemanNabati;2017-08-02 - 2017-08-02;submitSocial;all;arwin
2017-08-04 05:08:23	worker	Nextar;2017-08-02 - 2017-08-02;submitSocial;all;arwin
2017-08-04 05:08:26	worker	jokowo;2017-08-02 - 2017-08-02;submitSocial;all;arwin
2017-08-04 05:08:29	worker	prabowo;2017-08-02 - 2017-08-02;submitSocial;all;arwin
2017-08-04 05:08:32	worker	sudirman said;2017-08-02 - 2017-08-02;submitSocial;all;arwin
2017-08-04 05:08:34	worker	ahok;2017-08-02 - 2017-08-02;submitSocial;all;arwin
2017-08-04 05:08:39	worker	setyanovanto;2017-08-02 - 2017-08-02;submitSocial;all;arwin
2017-08-04 05:08:41	worker	jokowi;2017-08-02 - 2017-08-02;submitSocial;all;arwin
2017-08-04 05:08:48	worker	ahok;2017-08-02 - 2017-08-02;submitSocial;all;arwin
2017-08-04 05:08:52	worker	prabowo;2017-08-02 - 2017-08-02;submitSocial;all;arwin
2017-08-04 05:08:56	worker	sudirman said;2017-08-02 - 2017-08-02;submitSocial;all;arwin
2017-08-04 05:08:58	worker	setyanovanto;2017-08-02 - 2017-08-02;submitSocial;all;arwin
2017-08-04 05:09:00	worker	galau;2017-08-02 - 2017-08-02;submitSocial;all;arwin
2017-08-04 05:09:04	worker	#prestasiindonesia;2017-08-02 - 2017-08-02;submitSocial;all;arwin
2017-08-04 05:09:06	worker	@Tw_Debi;2017-08-02 - 2017-08-02;submitSocial;all;arwin
2017-08-04 05:09:08	worker	@OfficialFastron;2017-08-02 - 2017-08-02;submitSocial;all;arwin
2017-08-04 05:09:10	worker	@CitibankID;2017-08-02 - 2017-08-02;submitSocial;all;arwin
2017-08-04 05:09:12	worker	@jak101fm;2017-08-02 - 2017-08-02;submitSocial;all;arwin
2017-08-04 05:09:15	worker	@genfm;2017-08-02 - 2017-08-02;submitSocial;all;arwin
