2017-04-02 05:00:02	worker	@987genfm;2017-03-31 - 2017-03-31;submitSocial;all;arwin
2017-04-02 05:00:05	worker	@101jakfm;2017-03-31 - 2017-03-31;submitSocial;all;arwin
2017-04-02 05:00:07	worker	@prambors;2017-03-31 - 2017-03-31;submitSocial;all;arwin
2017-04-02 05:00:10	worker	@hardrockfm;2017-03-31 - 2017-03-31;submitSocial;all;arwin
2017-04-02 05:00:12	worker	@kisfmjakarta;2017-03-31 - 2017-03-31;submitSocial;all;arwin
2017-04-02 05:00:15	worker	@delta_fm;2017-03-31 - 2017-03-31;submitSocial;all;arwin
2017-04-02 05:00:17	worker	@traxfmjkt;2017-03-31 - 2017-03-31;submitSocial;all;arwin
2017-04-02 05:00:19	worker	@iradiojakarta;2017-03-31 - 2017-03-31;submitSocial;all;arwin
2017-04-02 05:00:22	worker	@indika9160fm;2017-03-31 - 2017-03-31;submitSocial;all;arwin
2017-04-02 05:00:24	worker	@shellindonesia;2017-03-31 - 2017-03-31;submitSocial;all;arwin
2017-04-02 05:00:26	worker	@vpowerfans;2017-03-31 - 2017-03-31;submitSocial;all;arwin
2017-04-02 05:00:28	worker	@pertamaxind;2017-03-31 - 2017-03-31;submitSocial;all;arwin
2017-04-02 05:00:30	worker	@ptpertamina;2017-03-31 - 2017-03-31;submitSocial;all;arwin
2017-04-02 05:00:33	worker	@OZRadioJakarta;2017-03-31 - 2017-03-31;submitSocial;all;arwin
2017-04-02 05:00:35	worker	@CosmopolitanFM;2017-03-31 - 2017-03-31;submitSocial;all;arwin
2017-04-02 05:00:37	worker	@mustang88fm;2017-03-31 - 2017-03-31;submitSocial;all;arwin
2017-04-02 05:00:39	worker	@debabaz;2017-03-31 - 2017-03-31;submitSocial;all;arwin
2017-04-02 05:00:41	worker	@detikcom;2017-03-31 - 2017-03-31;submitSocial;all;arwin
2017-04-02 05:00:45	worker	@radioelshinta;2017-03-31 - 2017-03-31;submitSocial;all;arwin
2017-04-02 05:00:48	worker	@cinema21;2017-03-31 - 2017-03-31;submitSocial;all;arwin
2017-04-02 05:00:50	worker	@OfficialRCTI;2017-03-31 - 2017-03-31;submitSocial;all;arwin
2017-04-02 05:00:52	worker	@TRANSTV_CORP;2017-03-31 - 2017-03-31;submitSocial;all;arwin
2017-04-02 05:00:55	worker	@TRANS7;2017-03-31 - 2017-03-31;submitSocial;all;arwin
2017-04-02 05:00:57	worker	@Metro_TV;2017-03-31 - 2017-03-31;submitSocial;all;arwin
2017-04-02 05:01:01	worker	@tvOneNews;2017-03-31 - 2017-03-31;submitSocial;all;arwin
2017-04-02 05:01:04	worker	@whatsonANTV;2017-03-31 - 2017-03-31;submitSocial;all;arwin
2017-04-02 05:01:07	worker	@SCTV_;2017-03-31 - 2017-03-31;submitSocial;all;arwin
2017-04-02 05:01:09	worker	@KompasTV;2017-03-31 - 2017-03-31;submitSocial;all;arwin
2017-04-02 05:01:12	worker	@netmediatama;2017-03-31 - 2017-03-31;submitSocial;all;arwin
2017-04-02 05:01:15	worker	@Globaltvseru;2017-03-31 - 2017-03-31;submitSocial;all;arwin
2017-04-02 05:01:17	worker	@JaktvCom;2017-03-31 - 2017-03-31;submitSocial;all;arwin
2017-04-02 05:01:19	worker	@TVRINasional;2017-03-31 - 2017-03-31;submitSocial;all;arwin
2017-04-02 05:01:21	worker	@ochannelupdates;2017-03-31 - 2017-03-31;submitSocial;all;arwin
2017-04-02 05:01:23	worker	@IndosiarID;2017-03-31 - 2017-03-31;submitSocial;all;arwin
2017-04-02 05:01:27	worker	@kompascom;2017-03-31 - 2017-03-31;submitSocial;all;arwin
2017-04-02 05:01:30	worker	@merdekadotcom;2017-03-31 - 2017-03-31;submitSocial;all;arwin
2017-04-02 05:01:33	worker	@MIdotcom;2017-03-31 - 2017-03-31;submitSocial;all;arwin
2017-04-02 05:01:35	worker	@tempodotco;2017-03-31 - 2017-03-31;submitSocial;all;arwin
2017-04-02 05:01:38	worker	@motion975fm;2017-03-31 - 2017-03-31;submitSocial;all;arwin
2017-04-02 05:01:40	worker	@_radiotoday;2017-03-31 - 2017-03-31;submitSocial;all;arwin
2017-04-02 05:01:42	worker	@radioinfo;2017-03-31 - 2017-03-31;submitSocial;all;arwin
2017-04-02 05:01:44	worker	@979FeMaleRadio;2017-03-31 - 2017-03-31;submitSocial;all;arwin
2017-04-02 05:01:46	worker	@WomanRadio943FM;2017-03-31 - 2017-03-31;submitSocial;all;arwin
2017-04-02 05:01:48	worker	@VRadioFM;2017-03-31 - 2017-03-31;submitSocial;all;arwin
2017-04-02 05:01:50	worker	@UFM947;2017-03-31 - 2017-03-31;submitSocial;all;arwin
2017-04-02 05:01:52	worker	@VIVAnews;2017-03-31 - 2017-03-31;submitSocial;all;arwin
2017-04-02 05:01:55	worker	@antaranews;2017-03-31 - 2017-03-31;submitSocial;all;arwin
2017-04-02 05:01:57	worker	@tribunnews;2017-03-31 - 2017-03-31;submitSocial;all;arwin
2017-04-02 05:02:00	worker	@okezonenews;2017-03-31 - 2017-03-31;submitSocial;all;arwin
2017-04-02 05:02:03	worker	@Beritasatu;2017-03-31 - 2017-03-31;submitSocial;all;arwin
2017-04-02 05:02:05	worker	@rollingstoneina;2017-03-31 - 2017-03-31;submitSocial;all;arwin
2017-04-02 05:02:07	worker	@FIMELAdotcom;2017-03-31 - 2017-03-31;submitSocial;all;arwin
2017-04-02 05:02:09	worker	@KapanLagicom;2017-03-31 - 2017-03-31;submitSocial;all;arwin
2017-04-02 05:02:12	worker	@KompasEnt ;2017-03-31 - 2017-03-31;submitSocial;all;arwin
2017-04-02 05:02:14	worker	@HaiMagazine;2017-03-31 - 2017-03-31;submitSocial;all;arwin
2017-04-02 05:02:16	worker	@JakartaVenue;2017-03-31 - 2017-03-31;submitSocial;all;arwin
2017-04-02 05:02:18	worker	@SeputarEvent;2017-03-31 - 2017-03-31;submitSocial;all;arwin
2017-04-02 05:02:20	worker	@ismayaLive;2017-03-31 - 2017-03-31;submitSocial;all;arwin
2017-04-02 05:02:23	worker	@ECEntertainment;2017-03-31 - 2017-03-31;submitSocial;all;arwin
2017-04-02 05:02:25	worker	@synergism_En;2017-03-31 - 2017-03-31;submitSocial;all;arwin
2017-04-02 05:02:27	worker	@Urbanbandung;2017-03-31 - 2017-03-31;submitSocial;all;arwin
2017-04-02 05:02:29	worker	@Urbanrkm995;2017-03-31 - 2017-03-31;submitSocial;all;arwin
2017-04-02 05:02:30	worker	@Garuda_Promo;2017-03-31 - 2017-03-31;submitSocial;all;arwin
2017-04-02 05:02:33	worker	@AirAsiaID;2017-03-31 - 2017-03-31;submitSocial;all;arwin
2017-04-02 05:02:35	worker	@KAI121;2017-03-31 - 2017-03-31;submitSocial;all;arwin
2017-04-02 05:02:37	worker	@Unilever;2017-03-31 - 2017-03-31;submitSocial;all;arwin
2017-04-02 05:02:40	worker	@Nestle;2017-03-31 - 2017-03-31;submitSocial;all;arwin
2017-04-02 05:02:42	worker	@CocaCola;2017-03-31 - 2017-03-31;submitSocial;all;arwin
2017-04-02 05:02:45	worker	@CNN;2017-03-31 - 2017-03-31;submitSocial;all;arwin
2017-04-02 05:02:52	worker	@MTV;2017-03-31 - 2017-03-31;submitSocial;all;arwin
2017-04-02 05:02:55	worker	@channelv;2017-03-31 - 2017-03-31;submitSocial;all;arwin
2017-04-02 05:02:57	worker	@iTunesMusic;2017-03-31 - 2017-03-31;submitSocial;all;arwin
2017-04-02 05:02:59	worker	@mashable;2017-03-31 - 2017-03-31;submitSocial;all;arwin
2017-04-02 05:03:04	worker	@decacaz;2017-03-31 - 2017-03-31;submitSocial;all;arwin
2017-04-02 05:03:06	worker	@radiobaru967FM;2017-03-31 - 2017-03-31;submitSocial;all;arwin
2017-04-02 05:03:08	worker	@967HitzFM;2017-03-31 - 2017-03-31;submitSocial;all;arwin
2017-04-02 05:03:10	worker	@TVGuide;2017-03-31 - 2017-03-31;submitSocial;all;arwin
2017-04-02 05:03:13	worker	@XL123;2017-03-31 - 2017-03-31;submitSocial;all;arwin
2017-04-02 05:03:15	worker	@triindonesia;2017-03-31 - 2017-03-31;submitSocial;all;arwin
2017-04-02 05:03:17	worker	@kaskus;2017-03-31 - 2017-03-31;submitSocial;all;arwin
2017-04-02 05:03:20	worker	@Studio_XXI;2017-03-31 - 2017-03-31;submitSocial;all;arwin
2017-04-02 05:03:22	worker	@blitzmegaplex;2017-03-31 - 2017-03-31;submitSocial;all;arwin
2017-04-02 05:03:24	worker	@alfamartku;2017-03-31 - 2017-03-31;submitSocial;all;arwin
2017-04-02 05:03:26	worker	@Carrefour_ID;2017-03-31 - 2017-03-31;submitSocial;all;arwin
2017-04-02 05:03:28	worker	@BBCBreaking;2017-03-31 - 2017-03-31;submitSocial;all;arwin
2017-04-02 05:03:32	worker	@Forbes;2017-03-31 - 2017-03-31;submitSocial;all;arwin
2017-04-02 05:03:39	worker	@BensRadio;2017-03-31 - 2017-03-31;submitSocial;all;arwin
2017-04-02 05:03:42	worker	@instagram;2017-03-31 - 2017-03-31;submitSocial;all;arwin
2017-04-02 05:03:47	worker	@Pinterest;2017-03-31 - 2017-03-31;submitSocial;all;arwin
2017-04-02 05:03:50	worker	@google;2017-03-31 - 2017-03-31;submitSocial;all;arwin
2017-04-02 05:03:55	worker	@Pertaminalub;2017-03-31 - 2017-03-31;submitSocial;all;arwin
2017-04-02 05:03:57	worker	@InfoLalinTol;2017-03-31 - 2017-03-31;submitSocial;all;arwin
2017-04-02 05:03:59	worker	@PTJASAMARGA;2017-03-31 - 2017-03-31;submitSocial;all;arwin
2017-04-02 05:04:02	worker	@cititransindo;2017-03-31 - 2017-03-31;submitSocial;all;arwin
2017-04-02 05:04:04	worker	#semangatpagisuperr;2017-03-31 - 2017-03-31;submitSocial;all;arwin
2017-04-02 05:04:06	worker	#genkuisinsideout;2017-03-31 - 2017-03-31;submitSocial;all;arwin
2017-04-02 05:04:08	worker	#semangatpagi;2017-03-31 - 2017-03-31;submitSocial;all;arwin
2017-04-02 05:04:10	worker	#dikamar;2017-03-31 - 2017-03-31;submitSocial;all;arwin
2017-04-02 05:04:12	worker	#kopaja;2017-03-31 - 2017-03-31;submitSocial;all;arwin
2017-04-02 05:04:14	worker	#generaksi8;2017-03-31 - 2017-03-31;submitSocial;all;arwin
2017-04-02 05:04:16	worker	#hitztsp;2017-03-31 - 2017-03-31;submitSocial;all;arwin
2017-04-02 05:04:18	worker	#np;2017-03-31 - 2017-03-31;submitSocial;all;arwin
2017-04-02 05:04:21	worker	#hitzlivestage;2017-03-31 - 2017-03-31;submitSocial;all;arwin
2017-04-02 05:04:23	worker	#thefreaks;2017-03-31 - 2017-03-31;submitSocial;all;arwin
2017-04-02 05:04:26	worker	#hitzsirkuspagi;2017-03-31 - 2017-03-31;submitSocial;all;arwin
2017-04-02 05:04:28	worker	#hitzathlon;2017-03-31 - 2017-03-31;submitSocial;all;arwin
2017-04-02 05:04:30	worker	#hitzzombie;2017-03-31 - 2017-03-31;submitSocial;all;arwin
2017-04-02 05:04:32	worker	#hitzkalong;2017-03-31 - 2017-03-31;submitSocial;all;arwin
2017-04-02 05:04:34	worker	#hitzbebas;2017-03-31 - 2017-03-31;submitSocial;all;arwin
2017-04-02 05:04:36	worker	#hitzhorehara;2017-03-31 - 2017-03-31;submitSocial;all;arwin
2017-04-02 05:04:38	worker	@ZaloraID;2017-03-31 - 2017-03-31;submitSocial;all;arwin
2017-04-02 05:04:40	worker	@OLX_Indonesia;2017-03-31 - 2017-03-31;submitSocial;all;arwin
2017-04-02 05:04:42	worker	@LazadaID;2017-03-31 - 2017-03-31;submitSocial;all;arwin
2017-04-02 05:04:45	worker	@utrippers;2017-03-31 - 2017-03-31;submitSocial;all;arwin
2017-04-02 05:04:47	worker	@GoGobot;2017-03-31 - 2017-03-31;submitSocial;all;arwin
2017-04-02 05:04:49	worker	@viatortravel;2017-03-31 - 2017-03-31;submitSocial;all;arwin
2017-04-02 05:04:51	worker	@alandakariza;2017-03-31 - 2017-03-31;submitSocial;all;arwin
2017-04-02 05:04:53	worker	@gagasmedia;2017-03-31 - 2017-03-31;submitSocial;all;arwin
2017-04-02 05:04:56	worker	@welovehonda;2017-03-31 - 2017-03-31;submitSocial;all;arwin
2017-04-02 05:04:58	worker	@SuzukiMotorID;2017-03-31 - 2017-03-31;submitSocial;all;arwin
2017-04-02 05:05:00	worker	@kawasakilovers;2017-03-31 - 2017-03-31;submitSocial;all;arwin
2017-04-02 05:05:02	worker	@yamahaindonesia;2017-03-31 - 2017-03-31;submitSocial;all;arwin
2017-04-02 05:05:04	worker	@tripanzee;2017-03-31 - 2017-03-31;submitSocial;all;arwin
2017-04-02 05:05:07	worker	@arnoldpoernomo;2017-03-31 - 2017-03-31;submitSocial;all;arwin
2017-04-02 05:05:09	worker	@nicsap;2017-03-31 - 2017-03-31;submitSocial;all;arwin
2017-04-02 05:05:11	worker	@tiket2;2017-03-31 - 2017-03-31;submitSocial;all;arwin
2017-04-02 05:05:13	worker	@traveloka;2017-03-31 - 2017-03-31;submitSocial;all;arwin
2017-04-02 05:05:16	worker	@wego;2017-03-31 - 2017-03-31;submitSocial;all;arwin
2017-04-02 05:05:19	worker	@agoda;2017-03-31 - 2017-03-31;submitSocial;all;arwin
2017-04-02 05:05:21	worker	#salahsambung;2017-03-31 - 2017-03-31;submitSocial;all;arwin
2017-04-02 05:05:23	worker	#tulalit;2017-03-31 - 2017-03-31;submitSocial;all;arwin
2017-04-02 05:05:26	worker	#pestageneraksi8;2017-03-31 - 2017-03-31;submitSocial;all;arwin
2017-04-02 05:05:28	worker	#ganaskustik;2017-03-31 - 2017-03-31;submitSocial;all;arwin
2017-04-02 05:05:30	worker	#lnhot20;2017-03-31 - 2017-03-31;submitSocial;all;arwin
2017-04-02 05:05:32	worker	@TripAdvisor;2017-03-31 - 2017-03-31;submitSocial;all;arwin
2017-04-02 05:05:34	worker	@google;2017-03-31 - 2017-03-31;submitSocial;all;arwin
2017-04-02 05:05:40	worker	@Telkomsel;2017-03-31 - 2017-03-31;submitSocial;all;arwin
2017-04-02 05:05:43	worker	@indosat;2017-03-31 - 2017-03-31;submitSocial;all;arwin
2017-04-02 05:05:45	worker	@bahanafmjkt;2017-03-31 - 2017-03-31;submitSocial;all;2017-04-02 05:05:50	worker	@sonorafm92;2017-03-31 - 2017-03-31;submitSocial;all;arwin
2017-04-02 05:05:52	worker	@litefm1058;2017-03-31 - 2017-03-31;submitSocial;all;arwin
2017-04-02 05:05:54	worker	@Bravaradio;2017-03-31 - 2017-03-31;submitSocial;all;arwin
2017-04-02 05:05:56	worker	#dgitm;2017-03-31 - 2017-03-31;submitSocial;all;arwin
2017-04-02 05:05:59	worker	#hitsalaprambors;2017-03-31 - 2017-03-31;submitSocial;all;arwin
2017-04-02 05:06:01	worker	#reqprambors;2017-03-31 - 2017-03-31;submitSocial;all;arwin
2017-04-02 05:06:03	worker	#thedandees;2017-03-31 - 2017-03-31;submitSocial;all;arwin
2017-04-02 05:06:05	worker	#pramborsquiz;2017-03-31 - 2017-03-31;submitSocial;all;arwin
2017-04-02 05:06:07	worker	#jeliprambors;2017-03-31 - 2017-03-31;submitSocial;all;arwin
2017-04-02 05:06:09	worker	#jodohinprambors;2017-03-31 - 2017-03-31;submitSocial;all;arwin
2017-04-02 05:06:11	worker	#ubahdenganbicara;2017-03-31 - 2017-03-31;submitSocial;all;arwin
2017-04-02 05:06:13	worker	#pramborschat;2017-03-31 - 2017-03-31;submitSocial;all;arwin
2017-04-02 05:06:15	worker	#tweetforduit;2017-03-31 - 2017-03-31;submitSocial;all;arwin
2017-04-02 05:06:17	worker	#joki3in1;2017-03-31 - 2017-03-31;submitSocial;all;arwin
2017-04-02 05:06:19	worker	#sarapanseru;2017-03-31 - 2017-03-31;submitSocial;all;arwin
2017-04-02 05:06:21	worker	#rawonkaneloop;2017-03-31 - 2017-03-31;submitSocial;all;arwin
2017-04-02 05:06:23	worker	#gudegkendilkeraton;2017-03-31 - 2017-03-31;submitSocial;all;arwin
2017-04-02 05:06:25	worker	#gadogadobutika;2017-03-31 - 2017-03-31;submitSocial;all;arwin
2017-04-02 05:06:27	worker	#mtvhottest;2017-03-31 - 2017-03-31;submitSocial;all;arwin
2017-04-02 05:06:29	worker	#dimsumcjdw;2017-03-31 - 2017-03-31;submitSocial;all;arwin
2017-04-02 05:06:32	worker	#pecelmadiunmbakniek;2017-03-31 - 2017-03-31;submitSocial;all;arwin
2017-04-02 05:06:33	worker	#depotarema;2017-03-31 - 2017-03-31;submitSocial;all;arwin
2017-04-02 05:06:36	worker	@BNI46;2017-03-31 - 2017-03-31;submitSocial;all;arwin
2017-04-02 05:06:38	worker	@BANKBRI_ID;2017-03-31 - 2017-03-31;submitSocial;all;arwin
2017-04-02 05:06:40	worker	#bni46;2017-03-31 - 2017-03-31;submitSocial;all;arwin
2017-04-02 05:06:42	worker	macet;2017-03-31 - 2017-03-31;submitSocial;all;arwin
2017-04-02 05:06:46	worker	#selamatpagi;2017-03-31 - 2017-03-31;submitSocial;all;arwin
2017-04-02 05:06:49	worker	#selamatmalam;2017-03-31 - 2017-03-31;submitSocial;all;arwin
2017-04-02 05:06:51	worker	@884GlobalRadio;2017-03-31 - 2017-03-31;submitSocial;all;arwin
2017-04-02 05:06:53	worker	@day_trans;2017-03-31 - 2017-03-31;submitSocial;all;arwin
2017-04-02 05:06:55	worker	@kencanavoyage;2017-03-31 - 2017-03-31;submitSocial;all;arwin
2017-04-02 05:06:57	worker	@jukebox5d;2017-03-31 - 2017-03-31;submitSocial;all;arwin
2017-04-02 05:06:59	worker	#mtvhottest;2017-03-31 - 2017-03-31;submitSocial;all;arwin
2017-04-02 05:07:01	worker	#semangatpagi;2017-03-31 - 2017-03-31;submitSocial;all;arwin
2017-04-02 05:07:03	worker	lifebuoy;2017-03-31 - 2017-03-31;submitSocial;all;arwin
2017-04-02 05:07:06	worker	jokowi;2017-03-31 - 2017-03-31;submitSocial;all;arwin
2017-04-02 05:07:11	worker	obama;2017-03-31 - 2017-03-31;submitSocial;all;arwin
2017-04-02 05:07:19	worker	starwars;2017-03-31 - 2017-03-31;submitSocial;all;arwin
2017-04-02 05:07:22	worker	jonan;2017-03-31 - 2017-03-31;submitSocial;all;arwin
2017-04-02 05:07:26	worker	pagi;2017-03-31 - 2017-03-31;submitSocial;all;arwin
2017-04-02 05:07:35	worker	sampoerna;2017-03-31 - 2017-03-31;submitSocial;all;arwin
2017-04-02 05:07:37	worker	djarum;2017-03-31 - 2017-03-31;submitSocial;all;arwin
2017-04-02 05:07:40	worker	#semangatpagi;2017-03-31 - 2017-03-31;submitSocial;all;arwin
2017-04-02 05:07:42	worker	#generaksi8;2017-03-31 - 2017-03-31;submitSocial;all;arwin
2017-04-02 05:07:43	worker	#365alasan;2017-03-31 - 2017-03-31;submitSocial;all;arwin
2017-04-02 05:07:46	worker	weew;2017-03-31 - 2017-03-31;submitSocial;all;arwin
2017-04-02 05:07:48	worker	testing;2017-03-31 - 2017-03-31;submitSocial;all;arwin
2017-04-02 05:07:56	worker	#kopaja;2017-03-31 - 2017-03-31;submitSocial;all;arwin
2017-04-02 05:07:58	worker	#genkuisinsideout;2017-03-31 - 2017-03-31;submitSocial;all;arwin
2017-04-02 05:08:00	worker	starwars;2017-03-31 - 2017-03-31;submitSocial;all;arwin
2017-04-02 05:08:03	worker	#kopaja;2017-03-31 - 2017-03-31;submitSocial;all;arwin
2017-04-02 05:08:05	worker	mldspot;2017-03-31 - 2017-03-31;submitSocial;all;arwin
2017-04-02 05:08:08	worker	PBDjarum;2017-03-31 - 2017-03-31;submitSocial;all;arwin
2017-04-02 05:08:10	worker	TemanNabati;2017-03-31 - 2017-03-31;submitSocial;all;arwin
2017-04-02 05:08:12	worker	Nextar;2017-03-31 - 2017-03-31;submitSocial;all;arwin
2017-04-02 05:08:15	worker	jokowo;2017-03-31 - 2017-03-31;submitSocial;all;arwin
2017-04-02 05:08:18	worker	prabowo;2017-03-31 - 2017-03-31;submitSocial;all;arwin
2017-04-02 05:08:21	worker	sudirman said;2017-03-31 - 2017-03-31;submitSocial;all;arwin
2017-04-02 05:08:23	worker	ahok;2017-03-31 - 2017-03-31;submitSocial;all;arwin
2017-04-02 05:08:30	worker	setyanovanto;2017-03-31 - 2017-03-31;submitSocial;all;arwin
2017-04-02 05:08:32	worker	jokowi;2017-03-31 - 2017-03-31;submitSocial;all;arwin
2017-04-02 05:08:37	worker	ahok;2017-03-31 - 2017-03-31;submitSocial;all;arwin
2017-04-02 05:08:44	worker	prabowo;2017-03-31 - 2017-03-31;submitSocial;all;arwin
2017-04-02 05:08:47	worker	sudirman said;2017-03-31 - 2017-03-31;submitSocial;all;arwin
2017-04-02 05:08:49	worker	setyanovanto;2017-03-31 - 2017-03-31;submitSocial;all;arwin
2017-04-02 05:08:51	worker	galau;2017-03-31 - 2017-03-31;submitSocial;all;arwin
2017-04-02 05:08:54	worker	#prestasiindonesia;2017-03-31 - 2017-03-31;submitSocial;all;arwin
2017-04-02 05:08:56	worker	@Tw_Debi;2017-03-31 - 2017-03-31;submitSocial;all;arwin
2017-04-02 05:08:59	worker	@OfficialFastron;2017-03-31 - 2017-03-31;submitSocial;all;arwin
2017-04-02 05:09:01	worker	@CitibankID;2017-03-31 - 2017-03-31;submitSocial;all;arwin
2017-04-02 05:09:03	worker	@jak101fm;2017-03-31 - 2017-03-31;submitSocial;all;arwin
2017-04-02 05:09:05	worker	@genfm;2017-03-31 - 2017-03-31;submitSocial;all;arwin
